<?xml version="1.0" encoding="UTF-8"?>
<testsuite name="es.udc.fi.dc.fd.web.SeleniumWebIT" time="208.539" tests="3" errors="1" skipped="0" failures="0">
  <properties>
    <property name="java.runtime.name" value="Java(TM) SE Runtime Environment"/>
    <property name="sun.boot.library.path" value="/opt/jdk1.8.0_92/jre/lib/amd64"/>
    <property name="java.vm.version" value="25.92-b14"/>
    <property name="java.vm.vendor" value="Oracle Corporation"/>
    <property name="maven.multiModuleProjectDirectory" value="/home/piot/fdworkspace/softfic"/>
    <property name="java.vendor.url" value="http://java.oracle.com/"/>
    <property name="path.separator" value=":"/>
    <property name="guice.disable.misplaced.annotation.check" value="true"/>
    <property name="java.vm.name" value="Java HotSpot(TM) 64-Bit Server VM"/>
    <property name="file.encoding.pkg" value="sun.io"/>
    <property name="user.country" value="US"/>
    <property name="sun.java.launcher" value="SUN_STANDARD"/>
    <property name="sun.os.patch.level" value="unknown"/>
    <property name="java.vm.specification.name" value="Java Virtual Machine Specification"/>
    <property name="user.dir" value="/home/piot/fdworkspace/softfic"/>
    <property name="java.runtime.version" value="1.8.0_92-b14"/>
    <property name="java.awt.graphicsenv" value="sun.awt.X11GraphicsEnvironment"/>
    <property name="java.endorsed.dirs" value="/opt/jdk1.8.0_92/jre/lib/endorsed"/>
    <property name="os.arch" value="amd64"/>
    <property name="java.io.tmpdir" value="/tmp"/>
    <property name="line.separator" value="&#10;"/>
    <property name="java.vm.specification.vendor" value="Oracle Corporation"/>
    <property name="os.name" value="Linux"/>
    <property name="classworlds.conf" value="/usr/share/maven/bin/m2.conf"/>
    <property name="sun.jnu.encoding" value="UTF-8"/>
    <property name="java.library.path" value="/usr/java/packages/lib/amd64:/usr/lib64:/lib64:/lib:/usr/lib"/>
    <property name="java.specification.name" value="Java Platform API Specification"/>
    <property name="java.class.version" value="52.0"/>
    <property name="sun.management.compiler" value="HotSpot 64-Bit Tiered Compilers"/>
    <property name="os.version" value="4.4.0-101-generic"/>
    <property name="user.home" value="/home/piot"/>
    <property name="user.timezone" value="Europe/Madrid"/>
    <property name="java.awt.printerjob" value="sun.print.PSPrinterJob"/>
    <property name="file.encoding" value="UTF-8"/>
    <property name="java.specification.version" value="1.8"/>
    <property name="user.name" value="piot"/>
    <property name="java.class.path" value="/usr/share/maven/boot/plexus-classworlds-2.x.jar"/>
    <property name="java.vm.specification.version" value="1.8"/>
    <property name="sun.arch.data.model" value="64"/>
    <property name="java.home" value="/opt/jdk1.8.0_92/jre"/>
    <property name="sun.java.command" value="org.codehaus.plexus.classworlds.launcher.Launcher install"/>
    <property name="java.specification.vendor" value="Oracle Corporation"/>
    <property name="user.language" value="en"/>
    <property name="awt.toolkit" value="sun.awt.X11.XToolkit"/>
    <property name="java.vm.info" value="mixed mode"/>
    <property name="java.version" value="1.8.0_92"/>
    <property name="java.ext.dirs" value="/opt/jdk1.8.0_92/jre/lib/ext:/usr/java/packages/lib/ext"/>
    <property name="securerandom.source" value="file:/dev/./urandom"/>
    <property name="sun.boot.class.path" value="/opt/jdk1.8.0_92/jre/lib/resources.jar:/opt/jdk1.8.0_92/jre/lib/rt.jar:/opt/jdk1.8.0_92/jre/lib/sunrsasign.jar:/opt/jdk1.8.0_92/jre/lib/jsse.jar:/opt/jdk1.8.0_92/jre/lib/jce.jar:/opt/jdk1.8.0_92/jre/lib/charsets.jar:/opt/jdk1.8.0_92/jre/lib/jfr.jar:/opt/jdk1.8.0_92/jre/classes"/>
    <property name="java.vendor" value="Oracle Corporation"/>
    <property name="maven.home" value="/usr/share/maven"/>
    <property name="file.separator" value="/"/>
    <property name="java.vendor.url.bug" value="http://bugreport.sun.com/bugreport/"/>
    <property name="sun.cpu.endian" value="little"/>
    <property name="sun.io.unicode.encoding" value="UnicodeLittle"/>
    <property name="sun.cpu.isalist" value=""/>
  </properties>
  <testcase name="carballinoTest" classname="es.udc.fi.dc.fd.web.SeleniumWebIT" time="123.394">
    <error message="Unable to locate element: //table[@id=&apos;races&apos;]/tbody/tr/td[2]&#10;For documentation on this error, please visit: http://seleniumhq.org/exceptions/no_such_element.html&#10;Build info: version: &apos;3.8.1&apos;, revision: &apos;6e95a6684b&apos;, time: &apos;2017-12-01T18:33:54.468Z&apos;&#10;System info: host: &apos;piot-X550LD&apos;, ip: &apos;127.0.1.1&apos;, os.name: &apos;Linux&apos;, os.arch: &apos;amd64&apos;, os.version: &apos;4.4.0-101-generic&apos;, java.version: &apos;1.8.0_92&apos;&#10;Driver info: org.openqa.selenium.firefox.FirefoxDriver&#10;Capabilities {acceptInsecureCerts: true, browserName: firefox, browserVersion: 57.0.1, javascriptEnabled: true, moz:accessibilityChecks: false, moz:headless: false, moz:processID: 5657, moz:profile: /tmp/rust_mozprofile.KThGA9..., moz:webdriverClick: false, pageLoadStrategy: normal, platform: LINUX, platformName: LINUX, platformVersion: 4.4.0-101-generic, rotatable: false, timeouts: {implicit: 0, pageLoad: 300000, script: 30000}}&#10;Session ID: 29a91ff7-d142-432c-8de2-784e939c24d9&#10;*** Element info: {Using=xpath, value=//table[@id=&apos;races&apos;]/tbody/tr/td[2]}" type="org.openqa.selenium.NoSuchElementException">org.openqa.selenium.NoSuchElementException: Unable to locate element: //table[@id='races']/tbody/tr/td[2]
For documentation on this error, please visit: http://seleniumhq.org/exceptions/no_such_element.html
Build info: version: '3.8.1', revision: '6e95a6684b', time: '2017-12-01T18:33:54.468Z'
System info: host: 'piot-X550LD', ip: '127.0.1.1', os.name: 'Linux', os.arch: 'amd64', os.version: '4.4.0-101-generic', java.version: '1.8.0_92'
Driver info: org.openqa.selenium.firefox.FirefoxDriver
Capabilities {acceptInsecureCerts: true, browserName: firefox, browserVersion: 57.0.1, javascriptEnabled: true, moz:accessibilityChecks: false, moz:headless: false, moz:processID: 5657, moz:profile: /tmp/rust_mozprofile.KThGA9..., moz:webdriverClick: false, pageLoadStrategy: normal, platform: LINUX, platformName: LINUX, platformVersion: 4.4.0-101-generic, rotatable: false, timeouts: {implicit: 0, pageLoad: 300000, script: 30000}}
Session ID: 29a91ff7-d142-432c-8de2-784e939c24d9
*** Element info: {Using=xpath, value=//table[@id='races']/tbody/tr/td[2]}
	at sun.reflect.NativeConstructorAccessorImpl.newInstance0(Native Method)
	at sun.reflect.NativeConstructorAccessorImpl.newInstance(NativeConstructorAccessorImpl.java:62)
	at sun.reflect.DelegatingConstructorAccessorImpl.newInstance(DelegatingConstructorAccessorImpl.java:45)
	at java.lang.reflect.Constructor.newInstance(Constructor.java:423)
	at org.openqa.selenium.remote.http.W3CHttpResponseCodec.createException(W3CHttpResponseCodec.java:187)
	at org.openqa.selenium.remote.http.W3CHttpResponseCodec.decode(W3CHttpResponseCodec.java:122)
	at org.openqa.selenium.remote.http.W3CHttpResponseCodec.decode(W3CHttpResponseCodec.java:49)
	at org.openqa.selenium.remote.HttpCommandExecutor.execute(HttpCommandExecutor.java:164)
	at org.openqa.selenium.remote.service.DriverCommandExecutor.execute(DriverCommandExecutor.java:83)
	at org.openqa.selenium.remote.RemoteWebDriver.execute(RemoteWebDriver.java:601)
	at org.openqa.selenium.remote.RemoteWebDriver.findElement(RemoteWebDriver.java:371)
	at org.openqa.selenium.remote.RemoteWebDriver.findElementByXPath(RemoteWebDriver.java:473)
	at org.openqa.selenium.By$ByXPath.findElement(By.java:361)
	at org.openqa.selenium.remote.RemoteWebDriver.findElement(RemoteWebDriver.java:363)
	at es.udc.fi.dc.fd.web.SeleniumWebIT.carballinoTest(SeleniumWebIT.java:121)
</error>
    <system-out><![CDATA[20:13:50,816 |-INFO in ch.qos.logback.classic.LoggerContext[softfic] - Could NOT find resource [logback.groovy]
20:13:50,817 |-INFO in ch.qos.logback.classic.LoggerContext[softfic] - Could NOT find resource [logback-test.xml]
20:13:50,817 |-INFO in ch.qos.logback.classic.LoggerContext[softfic] - Found resource [logback.xml] at [file:/home/piot/fdworkspace/softfic/softfic-controller/target/classes/logback.xml]
20:13:50,818 |-WARN in ch.qos.logback.classic.LoggerContext[softfic] - Resource [logback.xml] occurs multiple times on the classpath.
20:13:50,818 |-WARN in ch.qos.logback.classic.LoggerContext[softfic] - Resource [logback.xml] occurs at [file:/home/piot/fdworkspace/softfic/softfic-controller/target/classes/logback.xml]
20:13:50,818 |-WARN in ch.qos.logback.classic.LoggerContext[softfic] - Resource [logback.xml] occurs at [jar:file:/home/piot/fdworkspace/softfic/softfic-model/target/softfic-model-4.0.jar!/logback.xml]
20:13:51,129 |-INFO in ch.qos.logback.classic.joran.action.ConfigurationAction - debug attribute not set
20:13:51,177 |-INFO in ch.qos.logback.classic.joran.action.ConfigurationAction - Will scan for changes in [file:/home/piot/fdworkspace/softfic/softfic-controller/target/classes/logback.xml] 
20:13:51,177 |-INFO in ch.qos.logback.classic.joran.action.ConfigurationAction - Setting ReconfigureOnChangeTask scanning period to 3 seconds
20:13:51,182 |-INFO in ch.qos.logback.classic.joran.action.ContextNameAction - Setting logger context name as [softfic]
20:13:51,182 |-INFO in ch.qos.logback.core.joran.action.AppenderAction - About to instantiate appender of type [ch.qos.logback.core.ConsoleAppender]
20:13:51,189 |-INFO in ch.qos.logback.core.joran.action.AppenderAction - Naming appender as [STDOUT]
20:13:51,204 |-INFO in ch.qos.logback.core.joran.action.NestedComplexPropertyIA - Assuming default type [ch.qos.logback.classic.encoder.PatternLayoutEncoder] for [encoder] property
20:13:51,407 |-INFO in ch.qos.logback.classic.joran.action.JMXConfiguratorAction - begin
20:13:51,698 |-INFO in ch.qos.logback.classic.joran.action.RootLoggerAction - Setting level of ROOT logger to INFO
20:13:51,698 |-INFO in ch.qos.logback.core.joran.action.AppenderRefAction - Attaching appender named [STDOUT] to Logger[ROOT]
20:13:51,701 |-INFO in ch.qos.logback.classic.joran.action.LoggerAction - Setting level of logger [es.udc.fi.dc.fd] to ALL
20:13:51,701 |-INFO in ch.qos.logback.classic.joran.action.ConfigurationAction - End of configuration.
20:13:51,702 |-INFO in ch.qos.logback.classic.joran.JoranConfigurator@6d6bc158 - Registering current configuration as safe fallback point

2017-12-20 20:13:51.996 [main] INFO  o.s.t.c.w.WebTestContextBootstrapper -
				Loaded default TestExecutionListener class names from location [META-INF/spring.factories]: [org.springframework.test.context.web.ServletTestExecutionListener, org.springframework.test.context.support.DirtiesContextBeforeModesTestExecutionListener, org.springframework.test.context.support.DependencyInjectionTestExecutionListener, org.springframework.test.context.support.DirtiesContextTestExecutionListener, org.springframework.test.context.transaction.TransactionalTestExecutionListener, org.springframework.test.context.jdbc.SqlScriptsTestExecutionListener]
2017-12-20 20:13:52.021 [main] INFO  o.s.t.c.w.WebTestContextBootstrapper -
				Using TestExecutionListeners: [org.springframework.test.context.web.ServletTestExecutionListener@522bf64e, org.springframework.test.context.support.DirtiesContextBeforeModesTestExecutionListener@2aff9dff, org.springframework.test.context.support.DependencyInjectionTestExecutionListener@5f0f9947, org.springframework.test.context.support.DirtiesContextTestExecutionListener@1aad0b1, org.springframework.test.context.transaction.TransactionalTestExecutionListener@c3edf4c, org.springframework.test.context.jdbc.SqlScriptsTestExecutionListener@5af8bb51]
2017-12-20 20:13:52.035 [main] INFO  o.s.t.c.w.WebTestContextBootstrapper -
				Loaded default TestExecutionListener class names from location [META-INF/spring.factories]: [org.springframework.test.context.web.ServletTestExecutionListener, org.springframework.test.context.support.DirtiesContextBeforeModesTestExecutionListener, org.springframework.test.context.support.DependencyInjectionTestExecutionListener, org.springframework.test.context.support.DirtiesContextTestExecutionListener, org.springframework.test.context.transaction.TransactionalTestExecutionListener, org.springframework.test.context.jdbc.SqlScriptsTestExecutionListener]
2017-12-20 20:13:52.036 [main] INFO  o.s.t.c.w.WebTestContextBootstrapper -
				Using TestExecutionListeners: [org.springframework.test.context.web.ServletTestExecutionListener@6caf7803, org.springframework.test.context.support.DirtiesContextBeforeModesTestExecutionListener@709ed6f3, org.springframework.test.context.support.DependencyInjectionTestExecutionListener@698fee9a, org.springframework.test.context.support.DirtiesContextTestExecutionListener@102c577f, org.springframework.test.context.transaction.TransactionalTestExecutionListener@7d44a19, org.springframework.test.context.jdbc.SqlScriptsTestExecutionListener@1fb2d5e]
2017-12-20 20:13:52.337 [main] INFO  o.s.w.c.s.GenericWebApplicationContext -
				Refreshing org.springframework.web.context.support.GenericWebApplicationContext@3f736a16: startup date [Wed Dec 20 20:13:52 CET 2017]; root of context hierarchy
2017-12-20 20:13:52.938 [main] INFO  o.s.b.f.s.DefaultListableBeanFactory -
				Overriding bean definition for bean 'dataSource' with a different definition: replacing [Root bean: class [null]; scope=; abstract=false; lazyInit=false; autowireMode=3; dependencyCheck=0; autowireCandidate=true; primary=false; factoryBeanName=embeddedDataSourceConfig; factoryMethodName=dataSource; initMethodName=null; destroyMethodName=(inferred); defined in class path resource [es/udc/fi/dc/fd/config/EmbeddedDataSourceConfig.class]] with [Root bean: class [null]; scope=; abstract=false; lazyInit=false; autowireMode=3; dependencyCheck=0; autowireCandidate=true; primary=false; factoryBeanName=jpaConfig; factoryMethodName=dataSource; initMethodName=null; destroyMethodName=(inferred); defined in class path resource [es/udc/fi/dc/fd/config/JpaConfig.class]]
2017-12-20 20:13:53.026 [main] INFO  o.s.d.r.c.RepositoryConfigurationDelegate -
				Multiple Spring Data modules found, entering strict repository configuration mode!
2017-12-20 20:13:53.218 [main] INFO  o.s.b.f.s.DefaultListableBeanFactory -
				Overriding bean definition for bean 'rememberMeServices' with a different definition: replacing [Root bean: class [null]; scope=; abstract=false; lazyInit=false; autowireMode=3; dependencyCheck=0; autowireCandidate=true; primary=false; factoryBeanName=noCsrfSecurityConfig; factoryMethodName=rememberMeServices; initMethodName=null; destroyMethodName=(inferred); defined in class path resource [es/udc/fi/dc/fd/config/NoCsrfSecurityConfig.class]] with [Root bean: class [null]; scope=; abstract=false; lazyInit=false; autowireMode=3; dependencyCheck=0; autowireCandidate=true; primary=false; factoryBeanName=securityConfig; factoryMethodName=rememberMeServices; initMethodName=null; destroyMethodName=(inferred); defined in class path resource [es/udc/fi/dc/fd/config/SecurityConfig.class]]
2017-12-20 20:13:53.219 [main] INFO  o.s.b.f.s.DefaultListableBeanFactory -
				Overriding bean definition for bean 'passwordEncoder' with a different definition: replacing [Root bean: class [null]; scope=; abstract=false; lazyInit=false; autowireMode=3; dependencyCheck=0; autowireCandidate=true; primary=false; factoryBeanName=noCsrfSecurityConfig; factoryMethodName=passwordEncoder; initMethodName=null; destroyMethodName=(inferred); defined in class path resource [es/udc/fi/dc/fd/config/NoCsrfSecurityConfig.class]] with [Root bean: class [null]; scope=; abstract=false; lazyInit=false; autowireMode=3; dependencyCheck=0; autowireCandidate=true; primary=false; factoryBeanName=securityConfig; factoryMethodName=passwordEncoder; initMethodName=null; destroyMethodName=(inferred); defined in class path resource [es/udc/fi/dc/fd/config/SecurityConfig.class]]
2017-12-20 20:13:53.219 [main] INFO  o.s.b.f.s.DefaultListableBeanFactory -
				Overriding bean definition for bean 'authenticationManager' with a different definition: replacing [Root bean: class [null]; scope=; abstract=false; lazyInit=false; autowireMode=3; dependencyCheck=0; autowireCandidate=true; primary=false; factoryBeanName=noCsrfSecurityConfig; factoryMethodName=authenticationManagerBean; initMethodName=null; destroyMethodName=(inferred); defined in class path resource [es/udc/fi/dc/fd/config/NoCsrfSecurityConfig.class]] with [Root bean: class [null]; scope=; abstract=false; lazyInit=false; autowireMode=3; dependencyCheck=0; autowireCandidate=true; primary=false; factoryBeanName=securityConfig; factoryMethodName=authenticationManagerBean; initMethodName=null; destroyMethodName=(inferred); defined in class path resource [es/udc/fi/dc/fd/config/SecurityConfig.class]]
2017-12-20 20:13:53.220 [main] INFO  o.s.b.f.s.DefaultListableBeanFactory -
				Overriding bean definition for bean 'successHandler' with a different definition: replacing [Root bean: class [null]; scope=; abstract=false; lazyInit=false; autowireMode=3; dependencyCheck=0; autowireCandidate=true; primary=false; factoryBeanName=noCsrfSecurityConfig; factoryMethodName=successHandler; initMethodName=null; destroyMethodName=(inferred); defined in class path resource [es/udc/fi/dc/fd/config/NoCsrfSecurityConfig.class]] with [Root bean: class [null]; scope=; abstract=false; lazyInit=false; autowireMode=3; dependencyCheck=0; autowireCandidate=true; primary=false; factoryBeanName=securityConfig; factoryMethodName=successHandler; initMethodName=null; destroyMethodName=(inferred); defined in class path resource [es/udc/fi/dc/fd/config/SecurityConfig.class]]
2017-12-20 20:13:53.690 [main] INFO  o.s.b.f.a.AutowiredAnnotationBeanPostProcessor -
				JSR-330 'javax.inject.Inject' annotation found and supported for autowiring
2017-12-20 20:13:54.520 [main] INFO  c.zaxxer.hikari.HikariDataSource -
				HikariPool-1 - Started.
2017-12-20 20:13:55.609 [main] INFO  o.s.o.j.LocalContainerEntityManagerFactoryBean -
				Building JPA container EntityManagerFactory for persistence unit 'default'
2017-12-20 20:13:55.667 [main] INFO  o.h.jpa.internal.util.LogHelper -
				HHH000204: Processing PersistenceUnitInfo [
	name: default
	...]
2017-12-20 20:13:55.882 [main] INFO  org.hibernate.Version -
				HHH000412: Hibernate Core {5.0.11.Final}
2017-12-20 20:13:55.885 [main] INFO  org.hibernate.cfg.Environment -
				HHH000206: hibernate.properties not found
2017-12-20 20:13:55.890 [main] INFO  org.hibernate.cfg.Environment -
				HHH000021: Bytecode provider name : javassist
2017-12-20 20:13:55.996 [main] INFO  o.h.annotations.common.Version -
				HCANN000001: Hibernate Commons Annotations {5.0.1.Final}
2017-12-20 20:13:57.339 [main] INFO  org.hibernate.dialect.Dialect -
				HHH000400: Using dialect: org.hibernate.dialect.MySQLDialect
2017-12-20 20:13:58.503 [main] INFO  o.h.v.internal.util.Version -
				HV000001: Hibernate Validator 5.2.4.Final
2017-12-20 20:13:59.807 [main] INFO  o.h.tool.hbm2ddl.SchemaExport -
				HHH000227: Running hbm2ddl schema export
Hibernate: 
    alter table activity 
        drop 
        foreign key FKbssjg72ahki7i4j0oi9s257yu
Hibernate: 
    alter table activity 
        drop 
        foreign key FKf38ht2pj8sxn9ikuapeh7x52p
Hibernate: 
    alter table activity 
        drop 
        foreign key FK5j92s44gvbkfmtl0xetmnfuke
Hibernate: 
    alter table activity 
        drop 
        foreign key FKpbtsej6np61m26etlnpg3it1b
Hibernate: 
    alter table activity 
        drop 
        foreign key FKe04bj8g905d8s08ysdrdx16bk
Hibernate: 
    alter table attendance 
        drop 
        foreign key FKbqp4wvywxeapi29j6c34jr71m
Hibernate: 
    alter table attendance 
        drop 
        foreign key FKkbhfd6ofqq5b3qsrq5t3u7jk4
Hibernate: 
    alter table enrollment 
        drop 
        foreign key FK937g3y3q762utxigwkixru7vt
Hibernate: 
    alter table enrollment 
        drop 
        foreign key FKtcdi8iqk774ppgsa7515xgddg
Hibernate: 
    alter table enrollment 
        drop 
        foreign key FKtlwlha2syj27gxlyl7w9jngbp
Hibernate: 
    alter table follow 
        drop 
        foreign key FK725yyvnn21cjsf2a2uq4j4g1r
Hibernate: 
    alter table follow 
        drop 
        foreign key FKmh642yvykfr50y0suif7nhq9w
Hibernate: 
    alter table race 
        drop 
        foreign key FK9xrfniodi93nd57qund7ahtnf
Hibernate: 
    alter table race 
        drop 
        foreign key FK4xwf01xq1gs0xrsb8e73xfo06
2017-12-20 20:14:01.807 [main] ERROR o.h.tool.hbm2ddl.SchemaExport -
				HHH000389: Unsuccessful: alter table race drop foreign key FK4xwf01xq1gs0xrsb8e73xfo06
2017-12-20 20:14:01.808 [main] ERROR o.h.tool.hbm2ddl.SchemaExport -
				Can't DROP 'FK4xwf01xq1gs0xrsb8e73xfo06'; check that column/key exists
Hibernate: 
    alter table ranking 
        drop 
        foreign key FKsjlcdchuwgrck59oji2rn5a2i
Hibernate: 
    alter table ranking 
        drop 
        foreign key FKe20sfox57smappg12pgjns2vd
2017-12-20 20:14:02.073 [main] ERROR o.h.tool.hbm2ddl.SchemaExport -
				HHH000389: Unsuccessful: alter table ranking drop foreign key FKe20sfox57smappg12pgjns2vd
2017-12-20 20:14:02.073 [main] ERROR o.h.tool.hbm2ddl.SchemaExport -
				Can't DROP 'FKe20sfox57smappg12pgjns2vd'; check that column/key exists
Hibernate: 
    alter table tariff 
        drop 
        foreign key FKfo6brsnsn6i99tsn3rscodgap
Hibernate: 
    drop table if exists account
2017-12-20 20:14:03.096 [main] ERROR o.h.tool.hbm2ddl.SchemaExport -
				HHH000389: Unsuccessful: drop table if exists account
2017-12-20 20:14:03.096 [main] ERROR o.h.tool.hbm2ddl.SchemaExport -
				Cannot delete or update a parent row: a foreign key constraint fails
Hibernate: 
    drop table if exists activity
Hibernate: 
    drop table if exists attendance
Hibernate: 
    drop table if exists enrollment
Hibernate: 
    drop table if exists follow
Hibernate: 
    drop table if exists place
Hibernate: 
    drop table if exists race
2017-12-20 20:14:04.816 [main] ERROR o.h.tool.hbm2ddl.SchemaExport -
				HHH000389: Unsuccessful: drop table if exists race
2017-12-20 20:14:04.818 [main] ERROR o.h.tool.hbm2ddl.SchemaExport -
				Cannot delete or update a parent row: a foreign key constraint fails
Hibernate: 
    drop table if exists ranking
2017-12-20 20:14:04.905 [main] ERROR o.h.tool.hbm2ddl.SchemaExport -
				HHH000389: Unsuccessful: drop table if exists ranking
2017-12-20 20:14:04.905 [main] ERROR o.h.tool.hbm2ddl.SchemaExport -
				Cannot delete or update a parent row: a foreign key constraint fails
Hibernate: 
    drop table if exists tariff
Hibernate: 
    create table account (
        id bigint not null auto_increment,
        bio varchar(255),
        birthday datetime,
        city varchar(255),
        country varchar(255),
        created datetime,
        email varchar(255),
        image longtext,
        name varchar(255),
        password varchar(255),
        privateAccount bit not null,
        role varchar(255),
        surname varchar(255),
        username varchar(255),
        primary key (id)
    )
2017-12-20 20:14:05.341 [main] ERROR o.h.tool.hbm2ddl.SchemaExport -
				HHH000389: Unsuccessful: create table account (id bigint not null auto_increment, bio varchar(255), birthday datetime, city varchar(255), country varchar(255), created datetime, email varchar(255), image longtext, name varchar(255), password varchar(255), privateAccount bit not null, role varchar(255), surname varchar(255), username varchar(255), primary key (id))
2017-12-20 20:14:05.341 [main] ERROR o.h.tool.hbm2ddl.SchemaExport -
				Table 'account' already exists
Hibernate: 
    create table activity (
        activity_type varchar(31) not null,
        actId bigint not null auto_increment,
        timestamp datetime,
        isInternal bit,
        accountId bigint,
        rankingId bigint,
        hostRaceId bigint,
        goRaceId bigint,
        followedId bigint,
        primary key (actId)
    )
Hibernate: 
    create table attendance (
        attendanceId bigint not null auto_increment,
        accId bigint,
        raceId bigint,
        primary key (attendanceId)
    )
Hibernate: 
    create table enrollment (
        enrollmentId bigint not null auto_increment,
        chip bit not null,
        paid bit not null,
        accId bigint,
        raceId bigint,
        trfId bigint,
        primary key (enrollmentId)
    )
Hibernate: 
    create table follow (
        id bigint not null auto_increment,
        accepted bit not null,
        followedId bigint,
        followerId bigint,
        primary key (id)
    )
Hibernate: 
    create table place (
        placeId bigint not null auto_increment,
        lat float,
        lng float,
        placeName varchar(255),
        primary key (placeId)
    )
Hibernate: 
    create table race (
        id bigint not null auto_increment,
        chip bit,
        chipPrice decimal(19,2),
        date datetime,
        distance double precision,
        image varchar(255),
        isInternal bit not null,
        medicalTest bit,
        name varchar(255),
        raceType integer,
        website varchar(255),
        createdById bigint,
        placeId bigint,
        primary key (id)
    )
2017-12-20 20:14:07.858 [main] ERROR o.h.tool.hbm2ddl.SchemaExport -
				HHH000389: Unsuccessful: create table race (id bigint not null auto_increment, chip bit, chipPrice decimal(19,2), date datetime, distance double precision, image varchar(255), isInternal bit not null, medicalTest bit, name varchar(255), raceType integer, website varchar(255), createdById bigint, placeId bigint, primary key (id))
2017-12-20 20:14:07.859 [main] ERROR o.h.tool.hbm2ddl.SchemaExport -
				Table 'race' already exists
Hibernate: 
    create table ranking (
        rankingId bigint not null auto_increment,
        position integer,
        raceId bigint,
        userId bigint,
        primary key (rankingId)
    )
2017-12-20 20:14:07.969 [main] ERROR o.h.tool.hbm2ddl.SchemaExport -
				HHH000389: Unsuccessful: create table ranking (rankingId bigint not null auto_increment, position integer, raceId bigint, userId bigint, primary key (rankingId))
2017-12-20 20:14:07.970 [main] ERROR o.h.tool.hbm2ddl.SchemaExport -
				Table 'ranking' already exists
Hibernate: 
    create table tariff (
        idTariff bigint not null auto_increment,
        maxAge bigint,
        minAge bigint,
        price decimal(19,2),
        raceId bigint,
        primary key (idTariff)
    )
Hibernate: 
    alter table account 
        add constraint UK_q0uja26qgu1atulenwup9rxyr unique (email)
2017-12-20 20:14:08.520 [main] ERROR o.h.tool.hbm2ddl.SchemaExport -
				HHH000389: Unsuccessful: alter table account add constraint UK_q0uja26qgu1atulenwup9rxyr unique (email)
2017-12-20 20:14:08.520 [main] ERROR o.h.tool.hbm2ddl.SchemaExport -
				Duplicate key name 'UK_q0uja26qgu1atulenwup9rxyr'
Hibernate: 
    alter table account 
        add constraint UK_gex1lmaqpg0ir5g1f5eftyaa1 unique (username)
2017-12-20 20:14:08.521 [main] ERROR o.h.tool.hbm2ddl.SchemaExport -
				HHH000389: Unsuccessful: alter table account add constraint UK_gex1lmaqpg0ir5g1f5eftyaa1 unique (username)
2017-12-20 20:14:08.522 [main] ERROR o.h.tool.hbm2ddl.SchemaExport -
				Duplicate key name 'UK_gex1lmaqpg0ir5g1f5eftyaa1'
Hibernate: 
    alter table place 
        add constraint UK_6a3dyvnfililk1rgah2alijv1 unique (placeName)
Hibernate: 
    alter table activity 
        add constraint FKbssjg72ahki7i4j0oi9s257yu 
        foreign key (accountId) 
        references account (id)
Hibernate: 
    alter table activity 
        add constraint FKf38ht2pj8sxn9ikuapeh7x52p 
        foreign key (rankingId) 
        references ranking (rankingId)
Hibernate: 
    alter table activity 
        add constraint FK5j92s44gvbkfmtl0xetmnfuke 
        foreign key (hostRaceId) 
        references race (id)
Hibernate: 
    alter table activity 
        add constraint FKpbtsej6np61m26etlnpg3it1b 
        foreign key (goRaceId) 
        references race (id)
Hibernate: 
    alter table activity 
        add constraint FKe04bj8g905d8s08ysdrdx16bk 
        foreign key (followedId) 
        references account (id)
Hibernate: 
    alter table attendance 
        add constraint FKbqp4wvywxeapi29j6c34jr71m 
        foreign key (accId) 
        references account (id)
Hibernate: 
    alter table attendance 
        add constraint FKkbhfd6ofqq5b3qsrq5t3u7jk4 
        foreign key (raceId) 
        references race (id)
Hibernate: 
    alter table enrollment 
        add constraint FK937g3y3q762utxigwkixru7vt 
        foreign key (accId) 
        references account (id)
Hibernate: 
    alter table enrollment 
        add constraint FKtcdi8iqk774ppgsa7515xgddg 
        foreign key (raceId) 
        references race (id)
Hibernate: 
    alter table enrollment 
        add constraint FKtlwlha2syj27gxlyl7w9jngbp 
        foreign key (trfId) 
        references tariff (idTariff)
Hibernate: 
    alter table follow 
        add constraint FK725yyvnn21cjsf2a2uq4j4g1r 
        foreign key (followedId) 
        references account (id)
Hibernate: 
    alter table follow 
        add constraint FKmh642yvykfr50y0suif7nhq9w 
        foreign key (followerId) 
        references account (id)
Hibernate: 
    alter table race 
        add constraint FK9xrfniodi93nd57qund7ahtnf 
        foreign key (createdById) 
        references account (id)
Hibernate: 
    alter table race 
        add constraint FK4xwf01xq1gs0xrsb8e73xfo06 
        foreign key (placeId) 
        references place (placeId)
2017-12-20 20:14:26.874 [main] ERROR o.h.tool.hbm2ddl.SchemaExport -
				HHH000389: Unsuccessful: alter table race add constraint FK4xwf01xq1gs0xrsb8e73xfo06 foreign key (placeId) references place (placeId)
2017-12-20 20:14:26.874 [main] ERROR o.h.tool.hbm2ddl.SchemaExport -
				Cannot add or update a child row: a foreign key constraint fails (`running`.`#sql-1122_63`, CONSTRAINT `FK4xwf01xq1gs0xrsb8e73xfo06` FOREIGN KEY (`placeId`) REFERENCES `place` (`placeId`))
Hibernate: 
    alter table ranking 
        add constraint FKsjlcdchuwgrck59oji2rn5a2i 
        foreign key (raceId) 
        references race (id)
Hibernate: 
    alter table ranking 
        add constraint FKe20sfox57smappg12pgjns2vd 
        foreign key (userId) 
        references enrollment (enrollmentId)
2017-12-20 20:14:29.016 [main] ERROR o.h.tool.hbm2ddl.SchemaExport -
				HHH000389: Unsuccessful: alter table ranking add constraint FKe20sfox57smappg12pgjns2vd foreign key (userId) references enrollment (enrollmentId)
2017-12-20 20:14:29.016 [main] ERROR o.h.tool.hbm2ddl.SchemaExport -
				Cannot add or update a child row: a foreign key constraint fails (`running`.`#sql-1122_63`, CONSTRAINT `FKe20sfox57smappg12pgjns2vd` FOREIGN KEY (`userId`) REFERENCES `enrollment` (`enrollmentId`))
Hibernate: 
    alter table tariff 
        add constraint FKfo6brsnsn6i99tsn3rscodgap 
        foreign key (raceId) 
        references race (id)
2017-12-20 20:14:30.711 [main] INFO  o.h.tool.hbm2ddl.SchemaExport -
				HHH000476: Executing import script '/import.sql'
2017-12-20 20:14:30.851 [main] ERROR o.h.tool.hbm2ddl.SchemaExport -
				HHH000388: Unsuccessful: DELETE FROM race
2017-12-20 20:14:30.851 [main] ERROR o.h.tool.hbm2ddl.SchemaExport -
				Cannot delete or update a parent row: a foreign key constraint fails (`running`.`Activity`, CONSTRAINT `FKsqokuna1p3i9iamcifp6j32yn` FOREIGN KEY (`goRaceId`) REFERENCES `race` (`id`))
2017-12-20 20:14:30.852 [main] ERROR o.h.tool.hbm2ddl.SchemaExport -
				HHH000388: Unsuccessful: DELETE FROM account
2017-12-20 20:14:30.853 [main] ERROR o.h.tool.hbm2ddl.SchemaExport -
				Cannot delete or update a parent row: a foreign key constraint fails (`running`.`Activity`, CONSTRAINT `FK6nlf16m9jeauke2v1pg35u6kp` FOREIGN KEY (`accountId`) REFERENCES `account` (`id`))
2017-12-20 20:14:30.867 [main] ERROR o.h.tool.hbm2ddl.SchemaExport -
				HHH000388: Unsuccessful: insert into account (id, email, password, username, name, surname, image, birthday, city, country, bio, privateAccount, role) values (1, 'manu@festis.es', '$2a$10$mq8cryYfQLoDuXfoLNKHvuZBOa9BJyDD.iUb.MApLQWanY4cEk3Wq', 'pochimanu', 'Manu', 'Rey Escobar', '/9j/4AAQSkZJRgABAQAAAQABAAD/2wBDAAYEBQYFBAYGBQYHBwYIChAKCgkJChQODwwQFxQYGBcUFhYaHSUfGhsjHBYWICwgIyYnKSopGR8tMC0oMCUoKSj/2wBDAQcHBwoIChMKChMoGhYaKCgoKCgoKCgoKCgoKCgoKCgoKCgoKCgoKCgoKCgoKCgoKCgoKCgoKCgoKCgoKCgoKCj/wgARCAMmAuADASIAAhEBAxEB/8QAHAAAAgMBAQEBAAAAAAAAAAAAAAECAwQFBgcI/8QAFgEBAQEAAAAAAAAAAAAAAAAAAAEC/9oADAMBAAIQAxAAAAH1TZhEkLGTEBkJsVMEABMIE2JjWMlIQwTGJpiGxMATBDVAwTYDTAHAMsTE00xBpiGgAEpIIziRU0kSaVDFSkkBiqu2tMVN1ZAnCoKxEFJ2RjJqiQJTigpMhJoBi9EYgDli5CJSITalTZYiSExwmAmNUNANiGCYhsAUkJTQlh4desPC3ntHwuoaRghuEwoAAAGmIkhKSBMBMIgyKmoRJWoYiGCjZWYIWRqCnGFGTqttCUikwEKSJuIBIipJekNSDTAZKmAMBDYgYhpBpwmNUMFIABAMsHHOuuryHmK9p5PhupwixiKs2862PT+g+aM+zafkn0nLpOMgBLJAgAMASYomqAEQEJpwAUJoJJhXZXWKMokU0JSVKM4iYJEkyuTATYk2sFNHSAkTUiLGoDhMABiGAmoBsTAQwAYhhHgnzXU9NyeW6IyVIZDLI0h2FWipkJWVEvS+a6cv0u/5fKPqx8o7B745vSBihgCTFTBBNAADTEDEDACnVbUYoyKgpxhKQKMkQjYWRJMiNqlIIDBKaN7CAYDTEDVSTkEwTEAOAaAGCaGV1Vpq835yzHyJRpgElZGojmtlQyVj1JzoQkXPSzJqqmbeZVEvszSOx9C+Syl+1P5N6SPalNwASgCCYIAAATQNMBSoqtqjGmaJBCUgiNkSSEpFRG7EpKIEkELEbxkJMBjABWBCGlBiRkmCaGUTJGXjF3F6vk7FwnGgaJBKrI21xC2uVVW0zJdHmTiqVeyt0cDJ0OZQTkVS0szK2sAa9X6T8i1yfYjkdeVDUA0AhRpohgAAN0qbqTGpIQykNIAhpiiYkSQCaIkha3JJuYQmOhMhpigECkqSkgTULmLmV2+T5zz1ehh5tGnMNGiVRHIhKUTTSEQQUnKyKzVenMlpiueWnpHKs9LwzA466qn2KDjwvzEooJII6H1P4564+hIeagYgAUgQMTUqTTDPozmVMqI0gpIBqgGoNIAQ4TREYqhOJvaaAyENgNKAQIYk0PDu8wUdHoeR1OFydGYi0EhMZOFXxhoKYuAOMgtt7kc/uei6p5jZ6KZ5KHrGvm+l05px/B/SfFHjpXZjbDLbVauRSSZAYpfQH1XufM/peYKSlEwBxGAEoypMQZ9FFZFIIsERJCGxKSBjojNERqENCUlW0ZkAwQ6ABjUIaUQ4r872PPnoPnnp/nmoVtU03EWipuveYzrcwihj6c/bxzPRS1y2XU3FjTIEiyMpsyeY9bxjwHF9jyjztl9JO6i+q69GYcAVDRZ67x3ck+i7/IeoW8DIBiTBSTppqii/OZgZBgJpoAxJgSHUVJQRlEAKUbIG8ZCYCGA05UAqUooOEjm8Tr8ZPOcslWaDBSSoBBJM10QtKtlPaj1nSz2w9WWS7dOPRGkpdXOudk22U87p418l570/lUx06Gc+rsYaztgkKhpyqyBG36t8e+snWUlKDJCMkMChop576EyMAUkoNAMRAxoATiMAiNUKUTe0Q00A0rTITAE0Vk6Th+R6nnrKZV9w8zG6ipISACym7CWmvpQ+9TvNtuS2WdlGqL9FNpbONhOSnoSQkcm2uXyPmfceQriwaSahTSpcSUUxMStqZ3fpvy36hJcRnKJkAFDAFJUZtWVMrGJxkAmA0RYDBiJQGmiJJUJhtacCkKk2iGpQAQIOV1fGmHibuHZohZ6w8NX0eaAFEo2krqr4t6GToHW3YNojPbGroZN66LamuuWVSbJcrNXoHxNxthCwp5Hars8HxPovjjhY9eAUYyoTUrB1J21kvqXyj6FHqL898SQxMLGmSpip5deOzOxQDkRGCUkAwBMEAAERggK3A4BoTTgGERixBlXgPZYzj+b+n/P7LtOjgpzMNlVqkmK6rRI7qp26ury+nHe0ZNZiLKzpa8dkunPwuAey4vlaD0EOV0a6HpeL2supr5uk6BXZRz+k7Pmnnvr3zU8+tOaicLZdET39cL2OfnyZeR6HmS+7ty6xiYAUNNAAMmzGVIBSTUGkQAmIAYlJDQxMBJo2jQSiwaJWmgjJUmhOBsxdaWPkfSWHk+fZGzzcZwEBRqzaUloz6yV8FL1N/B3HTrxwOzycmY52fXqMF92Y3d7gbj1N/G2m3Tzb5e1p524ubdi816jHXzHz/s/PRyNebTb9J38W9PR34uoeKl0XLyPVfL/qGaxiAGjEiQnYZNeWM5KIwBiZFiBMAGJSQmACAUkbBgJtYkkiYSgAlLKcnp8/eZt00ef8Z9N8xZ4Wm2kYFLRntTTqwI6MeUl6t/HsO5DB0Yvt9F0zxGL1/lDj0WwKd2Ur6Zv5fp5eH0OnamDbKQSaFER5Pxv0r58ecJqul6nw10v0j1PzP1tmqnrcyXxP0Pm9KJoATKAaAAZdWQqTQAADIsABAwBACYIYCA2gAxKAI0wQ1KRkGe6UQEEed1Kq+NUb8Fk6yURaKaskVysgQZEn2+D0I+rdTkds53H9HkPmnN9b5Uv28vevrux5j0cdHRnvJzquskmipTrMniPd+KPImqos6ff6B4S/6N4Q9vowdMzacHQlixVJJoNFNxcGTXkKkwEwABAAMEAJiGpRAcQU4m1pgAoDhA6SkoQARYCUIsSp0+d+b9F52x9Pl9OOWBWh1yKq5xLd3M3GLZl7R9B7/m/Rw42Bh8j7yg+YbfZ4lzdPLDLr3cfYdLRh1Vaoqx1yrKvOej5h4DD2ece36PL9BWnj96mIhnKtsZSgKhggMExkcezItSkhA0GMSYIEA0CYACpMSKkjcwAGqBohkqEANABBVajPK808P4n6h8qse7D6k8v0Y3xyn6HgFdilRKytKfU+W9Gvtu/xO5DcWSRIx07q1w5OvVHKs01l2vn6V2uiVzKIEc+qo8Zw/S8s9H3uD6MmOkPnV/nZfrV0ZEkIAKaaGxkcmvGlYmKSlCAoSapSESZCAoAECAYbGAAANABKAAmQgBoATKp+QfYvlNnF9T5W5e9q4lie35nreIfOJES6LiQ7HG9CfQerz+hLKKrsunmsLIEBqU5aM/QVcu3VCQmy0EwhYjznP9RkS/p+D7B6LyOLxCv1HmPqx121A0xMKaGAnEcmzHZVKMgExpqVCdgCAAQ2JMIk4iHEr6fyP6cbhpUCRgwQStAAECAACr5f9V8DqeNs39SvL9m/18cz0e+g+WYPSebtnFwkj6ny/ZPpPU8P6iXpPn8k9ND57ee0WbYQvrgmyVF9ELEUxsrE0xgCzaMx4bqdTQvg/N+n8wmv7D82+nkkyUTBoQwBuLpY9mMgAiBgpRVNCMABSEpRGhDExAj5b6jxHQPr6z3jAlABphFgAEAAgKPFe28nXj/Qed9NZ5L6v8t+vSuEknk/AfWvl5niFsbqpRv9F460+h+fzbou3bunGi/HOtSzMvvxaauikjhKIhoYIWa7JLHTl1HhvJ+3Vei6ilAChtNQTsBgmnUce3ERARNkIcaBsiSiAME0JyCKkhRkj43Ktn0v0vy36gSGiSBRiEBDAACE0U+H0fM15TVwvZ2YV6/JLze9b1or8F9C49fKY9jkWRUkRUoy329ew6XsfFeny6U+QzoYoYDsX+L79ejlg3oRChOJKBVK8dmU0ac95xOvimdYCgCAGRYxOLsGmLHryLEAJJpFsWKahMLBoGhgmgTQk0fGyu2yX1D5b6ea+kpkNAgmlAagFgMEBGaneHh6/cePs1+l+cepl9BPLrEEjlfL/snn7Pl5ZUtbbt9Ds8rCTr5cUDcqvRHB1+67p4bo+uoMHZ5mrLTKqVSQkjlt5E1ZVw/Rp0JtVQStq8TQAlBpWJommjAqGbVkiIKgGJilaAIyVgDEwBMExBRLzS+BZOyN1BH2XZ5D2AhoCUZUxiaYmFCZESSAAUk6TCGACA8L4n7X8ts4rK7SNnYOX0+rrk2+i43Ul3zwROhXTIgSkSsjMImEr8teifref0yyucCu2mytIEikFqGpRoRidgwIZNWUi0xDBKQRAGJAwGpRG4g6rOEOOLrL8pnJpozJnoPp/wAf+uFyESTUoNWDTlEMBMGigCAAAYmMQAec9Eq+Iw9Z5SyXQ51sde3i1L6Hf5P0Eel14+vFls7KougocI4Lb/OkrIdO3Wi0QsWZEIuKTcJg0wBQA6GmNDK82jOJNK4tQJuxACGKJpAAGZTLxFI0dDJsr5rTTZFsZOo/Wfkvs49y0EkyVAwAAABSENWACiahuLAGo0rBNFPyz6zgPjz388npx7Tf6Xgd87uzma43PM4srrykOAYK6Heo7Nld16MjnAsQSxpvoOiJ2ANRMkBqgAbQQyas5FpyxQU0wJREcWCAE1Ij5fq+dWd0LDqaCs+Y201WaaFcmfp4LF+zWYd8JgACgmNSSJgDRK0yxASg0DQAIaCkBl4/5/8AT/mGj24dFdTZzSPT9DyW6PVx4Sjs8Ln5C/vV+k0t6NOuxRsjGWrVWtbZEc2mg1XcvpVNADRDEWNDBpkMunINqIxMYAApWBYRklVVvBTm56tFui/P1F6vN62CT5KrqbNNSvFGDPY+/wDin12NwMQEDTtAEGgGmqaAGkGKUYhxaBCpqUI5/wAh9x4elZVKtcs0pdVvPinTqw6ifar9Elvczb1tugJNRrLKSKuDjDpnAxSMsdvR5bj19BOL1qsGkBMYBXl05wQCAGwUBIxA04y5vI9PjWvXVbZs7PI7hu5HX40nyUjKpXVOLqpqo/Qvnm6Psqx7RDUrUlQAgxAwAErAkIstBEClAdHl/D17vynHpJSUqi2hiCTjIfU5eg9/1vP+rkq2ZZLfXnimyqqZZKq1SEowq511nhOcOqruny/0csR6fpec1HZKrbGhleXTlE0UwIbQompBp6PHr89HHjXc1dbRuTb2uP26n5z1HlZPl84SHKFhZZSUpqMeu+hfMvphZGSlTFZJAAMGmRBLIShoKYcmOh8953EqUE6SaJNMYNQYiYDlGR0Pe/NegfTI+U6EdWdOpLrIWEZpqRUUKb6VpnCxMPo/P+gXgcLqc42ac1sWbMQd2/z2yzoZLIEWmrlAGIGCRuEjP47s8CWVlOq3RqzdZKu95zunQ8t6vzCfKWmO2qdLTmtIyhOO99J+Ve8PRAxAAwEMABUNDRgN/O8l5Q9L5WpUIStNIAUmmTcZQTUyBZEiwLL8+k3dvjdaTt7+L2DZZVMshKJCNkRwsRQrqDB3eGpeVbRcaLYzLb8+1ISlGq2oy32cl11ni0k3BpIEFVnCOPnE1ZqWipd/HCS+3fyz0fmPT8CvkEp1sjCVzhKicWaPUed6MfT7Ob0xDQMABiT550cHjfMHqPKVC1k1UFJEQAQxDSg0OdciyyqwukamcNfRzS06c1ldjqcLoydzpeZ3Hcv4/TNjhMUJUmhzCnm9HiFOQzS2bqNaTvqrXfLBpNluC+pxjCQdUrSMZk7BxKVDqPkPR+aK5m8l0cuo1XZrqvtzWnQw6keB8b9v5SfIzv8AAJiCeii832xsj0Psvl/vTqgAwHVzvBnb8lKsqVqqKArjZWRjZFYiZEaVsJFGaVOLslOE10bObqToVW2y8yOymqtLtSW7HfJ1+r5veeh18vfLOiWM6hy+cdTi4qy3TbqKpzkUX22ldqSScGrhbCqZWVwnKmr1CRO6hmiipnOyerrPObrhMFu4XLn6WQzer+b+yOvFpOX8s+z/ADs8iBT15Np0NFd8U+k8/wBM946+MdXyPAykqyIokqgWBVHVUUxtCqNzMxcLQr0VEmRc0sKtiTJKUVnOpm/Xx5HXyU6JKpaZmFdXacDb0ZnU6Hl4R6HFyq615zaYuzq2RCN7iFVsR3QlVirCyFaLZ5rCSiiZB1dCESV2WRdSo27L8tszZi3RXidHidCutXTceayek8NL9UixleW9VxD5QTVG3Lsjo6aLiu2FCdjz11Cka7UJySosjTq1QXPOdSVubWBKlIxsqUakVx01jr0wK9WCZtpt0nIj11LyZ9FVlt1KTNN1mx45GiFdop6ugcvpbdhDS+cdSnl3mjoYtsUqdRfbkuLq4MjKuRbOiVMhBLoutbISkVTjYQLKyUlKnfVcmXjd/lLtuxbSrw3vvMR7RwkkuT1eWfKIWxSWvLqXfdTNFTGKypupFqybh020jnXcUV7K6qd10YI6YFcNitwU9PKmabaynXaTVrirB2aDDu5+wp0WYjqaONedufN6CVnSRx59dGG66I9XIqOrmy2lU7bxaQNjosliraTVLJJbmTQuy21ZZTQWFYWSqibFnmilCS3RUDS4QLpK0zV6Q5HQoup87rZYu3eY9OhzOniPkcL6C3Xl1mqFc0JK9aq7IFGnP0jPOvUV3Pec+OkKb815DJuyLGyqywx7KFyV30CvhM0Tp1RDRjtKoORsa1HDj081ZNE5Ro2c6xOlQ7imGmJg03IrulMrd7CWisndW5RxtVFtKX3U2EbaLyDi6We2JIdBIgF2nBfFjo0VbVZSWXVTqeeWCNFN3Jt6d3ju7HA+ifJfrCSzaabPkWfdzzTpx6I0SxbjTKEjDMiPr8jrnPlXSdfZyukTjblMmvJK3Zm35UwxkFuW+JilbYtFG+lY68O9GrlGaNtJrvw6i3PdJMz0yMquRZNWlcbEM0Nck9UkzaHMhOy4hHRCWpaEQtnMrlJ1CSRZGcjM51FkIzqqVlEQvzXl2jPqqnHpym+YScrJpqXrcPtYLfNyOWvL+vfG/osx6yE4nzHhep8rV0oIe/FWd3fy+9HDzdTlGrpczqJzud08Vuzped9AdbHonHMhu5a9HJpgmGGqCqwurHn3Z4rhqFwbaLUvtjYaMepGKx1mu7FpGpWJOpwJ1ypN5RUbrMFhsqjYRkBm1FgqrpLOjXmgtLDLbfKzHPVNrFDWkxx0WHOnpz1pq01xkhogX9LLtOXGNZ28VuQhnTXr8vqYE8/yPR+eXiek81tZ+wvNoPF+H+mfNRpOrqdFJZ6rx3ejseZ9X50Xf8/6M5mXdzawdzi3HuHHRHM5XoeKuizPEvKkmeyqVEZqKIamuOrVQX306yqdoU09KhMm2ma36I6EyF9ascEsjC0nECnXVoWI5lc6rYtUaLLnRpWc674jOyqkJlGhMrevKZqLstdCOjDFMaMx6i/BaUPNuI44StJ56zrcjeScDR5eS8sjO5+o93559DlwfJ/sXylObOM60U35i2jXlPU5qOrHE9V5b1Zj5PawHEr0c633O3m9qTJy+3zjEq0t9/N2jzdSlITqmoJpnovYXxatxsJRUim1SLrs2mwdblmqwnUpJDVmZfbgkbDBaXSqgu4ptC2qk1aMdhrpQKyFRfKq4ujlsK41Zzt4LMRhWLGvtlizHVnkzpl6fD1W1ac29NzUTxPL6/FazibPQ+qfHfoJ6z5f9N+TyYHGVbcnQwEwiHr/ABXoCj0nI0Rs4fSwGXkdnj16n0vlfVyxx7MJio10GPbRpN8KwovxzSUM8ySIGumSC2lFpOksZcuPROunZJyTKWTjnlbKmJJfZQza+el6Lx2Gx1NJ257FtnCs1Sy6C4rmLRRcRTRXj01G7Fu51cLn2Uy+gzQmvY4vSrueffflWvpYbTpypzFPmPpiPjMotJ9/z20+n/KPdeDGmJ1c03GSyi6qJxjJ6DTw+6vU5PT5pyuZ0eave9j4f2JdlMg81uVMVk7FusnnI2SSVWzkV5d3PrToyzhFTLZZtBeUTHCdgUa0VQlYVKwtyuyuLtGXSFOrIS18/aa1RAvTmjVqUuLCpWwUukkgy8yZ+jlNXJ7PIt83lcDdtws6Nma1HkvzG2iwXZZbA69r2J8ISkOcUdnk21IwRs1YO9HAFOq4zQuvzJyepoo1Lw+d0OZXS9v4T2p0MevOYKlXKQbNFc2KkuSvTnvqGeyZFkJYllVOc5pRfZojHDsaDg3eg0V5ePr5HkI+4tPDafZyPDy9sHkKfayPF2exceR0eoZwJd11wH3g5Vu8MD3hklqDLLSzKaIFDtmef5fq0vzXB2+IvQrqC6bsVSzbk3ZrUne6nI7Un5+kiiTib8mzOtQmkvQec6xnydfjxbTONbsemmOrt4PVMHP6XOrR7fwvtzolqjj0bEYDRYZ7et0zxdvutZ4S33hXj9HqA87Z30cvVrCouEgTaxJocZQGEiBIE1IjIkAwiNgSCEmIDaxGgY6IyAE5GmLByRRzOt5NfEIY50dlYRtpNmvJai259C7tvG6afFpwYrK9Zro6VCcmddhDXnivrfNegzScRBUehzdhm6OC0uxaM5L3nhvqS6LO+JwuhfGKiyknZTaSalUkwSmECcaUk4BA5RkAAAhQlEY0AMcoskDEDGCG4tG4tWkDaaDi1aiE1CRVdzVXS+e+5+by8yqvSvVdOEs1VaLJ66Lw11bIr2Z6j5TKVaPZl0L1nK6TzSuorRRqqXf6bw/r081n9L51YRcDVSnE59quzk+08b6I+ruFpmp01lddlMls6rLbCLHKMgcUTIBYRS2KATUGk3CQ4usVVtY1VYE6ZFqUTS6rRxkEkADYgiSIugTG4qJodRlEjNj3ZTL8s9t41ZdTKlvz6Nhmt2xsLtl8tV9c0fD9FwI+cShfRODO7dXrjgYe1xks14L6q0mRfZ87D6VPKZ+jiMrnWehnyuocrrcrpn1vVythfU4xRltxGu/n67b4kYsspaTEU5QCwiExBOIwGiKEQhJxRaqKsnGRJEYuvx6Km4lTIhNwlBGcBuLBxmELawnTbSUoxTVbx68ZhyaJdeSnWatmfrGTr11mmlWS6SIl3Ow+bt85ry6WahNe/qhtk5fG9LyTkWRS9TPPpp5/0HFgeq4PUZwqdFFLscPcWb+brX6N2PN99NEqWQzas5XrybSMALZRIscSpiiTcZBOEyNlcxtOFCUKrjKsnTfEjKi9Umod2eyy6dbLHUi11zJpoTQRZEsqnArvptScSK0fOvSfObq+Cgmvr4+iX2ZLii6GCO5XxsK+g4EMMiSjbmlFpGcLTu7M1Enb5ctx5Knqcol3eFdXU43YgczqczcV5ujy1iiJs0czUnu/VeO9YbEhVmvxpboz2FMq7DS6bYm4qrVFjnVMnOuwjZBk4kRwlErbgSdZFN+NrpUIlzpLNbgjRXKsnZRcWwlEUozIMkKM0VElZJLLL86891N9vLtMK9GmzTFnV5c0v43V6J5Tf6JnE4nsfMLxYuJmmDKkB6nphGLOBRwQSLC3q2gYsoS78gWZWCwsBPY+wA6FgLDngmgCM9oVZIBRAtuBUwklaAkFTQBACpgSmC5qQS4CWCCrgEtkBXaEX0hRYA4gTQVXIIXJCvl0QlruC3oRCXb6AGdyCFADL5wF8xAK/8QALxAAAgIBAwMDBAMBAAMAAwAAAAECAxEEEiEFEDETIDAiMkBBFCNQMyRCYAYVNP/aAAgBAQABBQL/AOHZL5se1/8AxEiXxY9z7v8A+IkS+PHwP/Du1lNRZ1muI+tyyutZKtVXaqp5/wACRLz+E/8AAlKMVqurVVmo6lfabsjfdSaKtXdW6usWRKOq02FdsZr8yXh/6GSdqiazqzgX6+65e/HHbSaudE9LerY/lz8fOvavym8LV6+FBPq8279bbd2fux2T4I4EsvQzsqnTdBxVsGLn8mfj8N/lM6lq1RXbN2S9zXZdn2a4Iv6neVKy+d8fSdWsvpdfWLDR6uGpj+NPx2x78fE/yrHth1K/1r/axeZeEY5a2jeTIhrkp4lqdUpm9mRPD0uqdWop1lNqWH+LPx+A+7/HyWXQqV3VDUdSvmn74LLkV/cvumv6xFcTGZNEniPbHdSK9bdUaTrBVbC2P4U/8r9X6w/i22S1mpM89/2+8OG/NZn6pP6WVrM7ZqMa3iBLn2ZM9s9tFrJ6V6PVQ1MPwZ/iP8Lg9as3Jll8a4ynZqSfp006nXymvavPkfsT4j5lLtU8EpZe7iLNrGRRg4OPbptRKmWh1Sur/An+I/wZS2qO6+TopL7q9KS6grLJ9Tk3fdO6XuRFkvdj2JFcSWWShgipmy1noTxsx7tHc6rNNcrofPZ+I/wdRdGI7rbDVTuiSlKXxfsffAomxnpZJwwKGSNTKdI5Feiw9Wtk8lU8OOp2lspslMz7uk6txcHlfNP8R/gau5U16eh2TvsSlr7fUvl7kIx7oxyVUORHRi0e4WjSLNGsx0JXpUpKhZnFQjrVumxPBCzBOW5v31T2WdPv3R+af+Jqf79VGKS6lbsnYsL2wJEGPx3wQr3Gm0rNPpcJVojA2jhk2owhIvjk18UiUH3SybGbH2z7elT+qPK+Wz8R/PPiOje/UTnsWp1ClqbJbp+2PAzAn3SKNO5Gn0hTTtERF3wbe0kautMui2TjhmRSZljyjJx7IycX07V6jGn1Mbvls/Efz6x4q6dPZPql6qqcs917aWmWVrDXZGl07nKinZGAhC980XVmop+q2CxKJtFAxCI3EePd0zU/xrLZw9WqW6Pxz/Efz6nmVf039V1Hq21Q3E/u92cCt4ZgojmekqUYsi+ciF75Fhq0T5JZMSY4tdl785WnscbKOa/jn/h3P+zWP0CT3zUuH8CMCiaKr6q+EIyRMmey7Lsyw1US3zli3Idial8MfPTs/wAf47PxH8rMmrlst6hqHc8YVdW8lxL2owJEYldOSitRI9twuSIhdl7bUassfMpGTdgckyWPg6PRG29fSvjs/wAJ8HU7Vbdcs22ra9LHbTb9/tQkRKolUBCZv7QEIXZe2XJqasmoq5ccSMol8DR0u309TF8L47Pmf4mvt2Uyo2U6fE79Y4+rH1bVODg/YhERcOsqlxnjcZ5RX2j7F7ZLJfRkv06RKKJxwNr3pdofd0+z1NOvjs/wuoW7tRq+oSnGEZWSv00qV0zb6evSWo9i7R7VIhE/T8xIEeOykbh2E79pLWpENVkjcKaY+zWS6nctVpmSJxw/bgxxjt0iyPpi+KzuvzrHtrjVLVWvpVddNMWrNc5ejpcRWtedR7EIRE05BcY4ksCKe24lbgnq4pXa7l6yTHfuNOnmqvJFYIyM97qty6hpXFvkxjulkW2tRy3o+n2WuNWlhDqHT4Th0efp6oXxT/wdfLGn6ZHZXd9UXDbdP/yKPUfp2cy9n6EIpZXPhPiwgQeB2I1Wt2lutkyVrZlshDJCooRU2biDF7L6VOOuo9K2yL7p4K63ZLp/T41x1Ctsb0c0USdVusp9DW1S3R+Kf+D1WX0adba75YhdU65Rk65ZVY/PsXhC7RZGwhYTkReD1eL72WvLxkUCMSuOSjTyIUSPsFJSIEGLvg6npVZF1fROOGUQ32aLQRpVksOrGHHJ1GGyWuh6ug6TqfUh8U/8G/8As1SLfqdtSnVH+u/q6jva9sXwkQRgwRZGROZvHJ5s5HFtxrwWcGSGp9NV9VsiQ6hqkodVgyXo3FfqRIMh7NQsx1Edk9XDkrliWl6h/VLNsqGoRXK6nH6NudB06fpa5ePhn+I/kbwtM9+pn9JVFykarSbzVKSlOWfbHxEUkb0eoj1CuwcskRQyKh49HaSLfPbSWqqzS6v+VB6SucY9PgnChxI18pexnU6y/wC1ieHVe81aqrbp82OvhdRjmrS86avSt6+Pj4Z/4F//AD0sPTHHe8cYGdUocifEvZEybjPZMUsEZlf1S01GU6UldXxqYtEkRXMkRWZdNr9KqHK7r266Oa7oEvOCKMuL0WuaNPqsk/7K9PHaVU7bPin/AIGMmznGO+Mmqh/VesWkvdj2JmieZaNLEkSrNVRFw1On2iqeVXAqSiaeRCRHuvbfzCxfXqY7ZwjlQi4yel9Unpp0uq2Sehs31Y+uPM/in/jXLdDWpxvP2013wY7Mx30ksT0HMBlsMrXVSRJvKbK5M08pMqiR7IXd9p+NbHbZqEmaV4np1WyiiHqWaeMoamj07emx20/uH/f4WS/Ef4fXIKOpIffrue6QzPapKUraYxP3pV9egf09sFtSmtV0/l0uLqr5qISExMQu7GSNdWaiJS9lmm9OdVCw/wBT0u+yOIRFB+p8LJf4cuD1Eb4k7YI6091wvu1fMe1bJ9mIT+l+em15lpfK8d5Isqix0o29lIhIixP2Ptq19OpgUcT0enXZeJiRbZGBHlfFL/EcUz0YCrij/wDIIfTXg/8Ab71JYKqo2USW1+TwPkURjOmfZpfPsaJI2koEq2bSJFkRMyZ73LMdTEnHEum37oNkfDLJqEdTqf5Wup4r+KX+P1Wr1NN4a86SlWrX1ejdoa5Y1GldqlB1yF2l26fI0kfc+7Q4mBEWL2zXGtWDZuNDptpGODwNnWNbl6DnWR8fCyX+PZHdDXVenqTp1q29X5t6LGMpW1OmWurrtqxhiH20C+vTfau2TPZ98GCUTAvdLxq4ZIQ50sjI2dU6gq4ylufRNPusXxMl/jyeF1Z/+SVzcJX3+saOz0bdPbDUVdQ0q2T4Yh9umxzLT+B90ZMme7Q4G33zryeikfy/QvjrFJdR104wlJylBfV06pQo+JkvxdHqFdX+DLx1KH/lY5UMra86HTTmaaFtFln9lWtr2XdmfvpvBTLiPPfgyiTF2i/Zj3smaulvU0VYXWOGihZuoWKfiZL8XSaydc9Ld61f4PU6v/Mori9ZOqNWo1ij/I6RXihIlE6vHbb3/emsUTT6nmu76d5qOo10k+tPNPVN7pe+ODHZP45jrUpKOF1tfWdG0/rXrhfEyX4jKralR0TUZ/C62mrdO8azq8HEcpXW6OHp6c/fXKs1+xcEJ4NJqy65utaTdOWhhI03Toxda2rPZi+OZDy0ddiUw9SzQaWOnq+NkvxGbMLRW+nbTPfX+B15P01xbrNRv0mj+jVRacO2vhvo1Ffpz75FLBGzmnWuMa7svTszgTMmTcZIv4WTZDydajmHSNBtF8jH5/Egz/26Pdvq/A6tDfp3JRnTbvs1milGOm12opjDql8zSWXWuyOYdRp5fD9sUxSaOnTlIiuEjBIlLBXLIpcp597Y2TK+3UF9OladPySH+Lkxx0q91XQluj81l9dZ1HqFcqpZ3afTquqMlfF6V0zonDvrKt612mdcvboqvUjdo9p09+kfzIJPXQP58T+bWX6mvENet1V6mqJe9skyTyR8I1kd1fT041fJIf4uzl5RGTjLpV/qU/NOmEz+JUdZ0WV0fUw9OM46e2ucbI7Y98Gq0sba9TS6LezF50epVUbdWpKcz1T15HryPWkU6e6+UOlOJDTyrKJYIvK9jJSLLCl75Y7W+NP4+SX4s5qKi2jc85Oi37LVyvnaUjX9K3Sqr1NVlUbUU27vb1TSLUVTi4S75NxuMldU7HpemORT0+uCppUE4kom3BBme7Jvi6zCndulo4bY9plfj5GP8OcsLUp2Enue7jPFE9tuknvpf4OO2F7utaPl989oVSkVaU0lUcVxwcIyNjGR9jLp8ai3c9JRlwWF2kVePkY/wpPCst3OEcmNo5ZbeWdDu3Qf5NsVOHUdN6FwyMeaa4m1JVJFPArEbxXJvPdGO99iirbXN1180xwIz2kVfLL8PU35Iop+1eFgocIk8OfR7Nt65/K6xp/WpawyJXM9Rn8jafzCjUtkZORXDmK9m4ciyeDUWuUqqyESHAu8in5Zfhaq3CIkBSTJbSWMLGNA8aivmH5LOs6P0p9lI3M5IrL00CpMrEvbZPBdqNzoqIwFEXsZX93yS/B1FmyG/c0VrJWvqpqjJ2RUZURjKdyip1y2WdPtVtH5V1Uba+o6SWmt7JkFkqrNPXxBCMj7Nlthfbk01fMYkIGOy7s/9/kl2XzSeFqbd8o9qV9MOJRyQScroxiVxjJI6JqOfy9Vp43w1umlp7e1ZWyizBGxCZk3DkTmaq8qTk9PAhEwYJexn7Xj43+Bq7cREhcuuP0ye0hbxKn+uir1Cf0y8HT57NRXzD8vr0PoEVmSqwjZghaepk9Qlbg1OpIrfKitlUSK7MkY7skV+PjY/mslsjdPdKPLZTHmC41q2wsgomWzmJGvMIQ3yr/ru0c99P5fWY503aDE+E8EZkLcCvJagu1GSPJpYxZXXxCIu79siNuxp5XxS+fW2j8wR5NLA8Gs5q/QoblyOMqzk6Nq8NPP5fUIbtNLhiEzIpHqHq4HZkXJRSaevBUR9jH7JE1koucSNsZfFL5tRZshZPdJckSKNPEwar7HzE3PCqntW6Q2yibrs0VnqUfkuShHqXVUSeX2ybjJntXDJTpimraVxIoXbPbPfPZki2HN+mbS192nnptfC1KyL98vm1luX5Io/cFzQM1b+heP0Kc2vqrEZ56JqFs/HttrrWp6vCBrOo3X/CjT/dp48KJHgQ2bjcSkLs+7JE45ho9uzV6SF0dstHfCzcU3e6Q/k1M9sLJ5lE8EPNaKSaNfxBeCKyL6JWWOb3ZRpLXXbpblZV+JJpLX9WUC6+d0s9l8NcsPp96aXj95HLvjsh9mMZ+tHZH1WjrNf0aaX08FcpIjPd7JfLrZ9oDKlxX5qJeOo/avAm0PJGf0UuKJYbjjHRdRiUfw7Zxrj1PqLueflRprnXLS6pTjuHIyLkS9zH2RS0tSdWWa6lhIhI3vdG9xI2Rl2n8l0tsJyzJeXw8bo18JcOjlSOo/YvHZyyqmlKbTm0u3SoL1Y/b+Dq9fVp1r9dPUy+dFFrrdesI3biHKSF7H3fZFU1K9eOoy3TrEIZFqRhorukOSfya60ZB8yjk0suXDBM0jyp+Nb9q8dk8Ly7FBLBg0P0TolmHz6jV1ULW9WlYTm5P8BEUVLmp4ITIyF3fsZgn9ujf9109lcpb3AZEjgUEhIlAw0b2hTT+G6WyFs90xRIM27XTJWRvrwtHLDfK16+leOyH5UMxisiTZRI6Zbuj8t+rqpNX1eUiyyU38i7YyNd0QIIqK39UOyfufa77NDJuWttyMiY4SIReUNDyKbJTQ/EbGiNpuRn2667svKiKJUspJ12f9IV5hcvt18foXj2RTkLh8xKs56fbtsi8r4r9VVSazrDmW2ym/mQu2029kQKyHisTwbxMT7Psh9tanKvTTcabJYK+RIXZNI9RZUsnGGOKZtMI2o24EmbjcZLpbIWz3SK1zGJGOVGODGVVLY7Ybih/TrFxOLg+7I5Gmm8sq5VT2z0dm6v4L9VXQtX1acydkpv8AAXZCHEa7RZXMVhG5EbclcskRdpeERH21qlIztX3OtduESkhNCimbMHCMZHwLJyZkb2KzA55E0+2qhOcZQlEiiKSEyDHMjIkyu3il86tZh1bRctNd0J4cm5EHxDwdNvw4vj22TjXHXdVZOcrG0YMdn8C96ER7SRtNoonJGJXwVSwQmQkZGfuLJMstLbDOSEBdnFSI1RNsURH5wYNuTZ2wbjePkXeUFJX6bBBMa4qj9NqacJPG/iTaKNXizPqVSipK7Q1WLqOjdDF2yRIdq57JaK1WQ9ms1sKI6jU2XyePc/wYyINGCS7LtkixTKrCp57NjnhvUKKnqckryH1EKxdlgSRgx25XdmBoSHHlRMc9m2QnzHDLKlIdZHgeGoxHUTgalbJ9Ou30dtdT6tWorddnesgYMHSp4l2uthUtZ1RslKUnLPbI2+zXfBj4mvZkTITFah8jyZkb5I9RnqTFbMqnZnT24T1Kw78llo7BshBuVVOCK4FHI6kiKwIzE4Jd9vbA2LkSJbjkQ0Y5SP1wy6HFVvMWZTHHJ1Go6de659msrrdO2fZFZAx20UttkXxrdfGk1GondIbM9sHPZIZnvtGjabTHfAjBsJL3RkJiYiMSOEkbjfwrD1MDnzBORCrLrgkRXZ18Lg3qQu20wMccmGja8DRgwZHI5MSHki2byEkzamOPF8XCyqXAjULMZ/RZ361H+rsiBWfplcsS1PUJbHubztPIjaY7ZGJswY9jyc+1YJYRGQuT08kqxxMMwIiIcsCmRmjehzPUE2zkhW269Plxq2m0wTngW6T5xgSRwJob7YMYOOzXbHbaOJt7IwYEjkjI1FSshXmMo9p+NfDbPv1Rf0S+4RWQ7MkzCJyGRXbkUcm3AsEjBj2ZH2wY7bRRRKA1ghPBGxnk28uB6Z6R6Q62hwNhtYos2sVTZXTzGoVZFYHZBKzVIjfKRjcV9uO20SH2289svGe365Ipj747YZyRGhmpjzRLK7dUr+heO3UP+Fn3ESJHwiT74GVwyOOBi7ZJMWTaxrtgawPul2RgwbMk47Soaym3EheepFkHFkcGzJ6PLqQ6yMCNRtFEwTt2jm2NZca0itR7QGzk5F3TYs9347oyMYu2RYxlGORlkcxhw14NXHdVD7e2v/4z+8iRIjG+2MDERfDYyPJgUUSikIwxxbNgoDgemiS7pke+CyGTa4uBKvcSqaIpi4KyBxj0lI9BDUYnqRHbEd560jmRs3EakhKKE4mURmbjcORuM5IjZuYnI5JTkKTG2LI5NEWzkZyZP3nghwZ7NZW3mJgtj9Ojlvo7a7/jZ/0IkELukYyPCP3FDEsiibMiikTwVsYyaF2/Uuz4EJEUbMEe00QiRRZVlOtowxJkdyI7yDaMsccm1IZlZjOKN2WkxxZGJgwRwcHAkYEJn6TMmTKG0bzchyR6hvIyN45ohgmhIUsdn4UubHhu1ELSb+nok80dtV/y1H/VMiQRnJ+o8mMHlzwQ5lteH5iJcqLw48+kYw48ksEjLOWbWyUB4GRYpCM8Ph54bYmQMZJ14NptQ8CybmQl2aybEekjYhLAmbWxLacbRGTKIyHysMTZnJ++zXCRhZcRowOOSP0tvJtIIkjIuRlstsYywWLcramOUq5U27o9Cue/tqFmvVL+5ETwodoE1lftx+nT+c/TOJCRGeBTk1hkmfuPabG8iyYZZA2Gwwsfa48iwbEbR47QYu0oZFUOpZ2owKSR6qHYhWod5vyZbNjPqykOIon62m02iyIaEhi7PtgY1k2n6IpmCESaP3AZfNsr4N39dtjTunuNO+emW+ndF5gW8x1623kWSf01S5IcE+e0uFRyY+m6RW+VIpZYnhJlnBVyRSLkjgUuXIfjaxIUCxIg8EUjgksko4ORNkFIw8uLFFjiekbCFZ6aPSQqln0kemkYMd0I474MGPZ4FIbQ2jcZQu0yLFIUiD4mzPNaWLeFMjyRX0WxNTE3OJRxPRy3Ukjq8cXIQzwVTyQ5bg9rjzM0rSMtqxD4dMliqRu+llhCSQnxLk2I2rO1GES47YHA24IYwsER/azwJvPk/SMNvaYP1FcqJtQhYGM4JeN0kKzJuMvOXhyIs3My88iUmbXjaxqRyLklnOWRWVMiclR4VkitkC1uU58EWsx+y4uLfCOiWZrGdbj/AGds8si8FEitrbasu7g0qLfDTZZAplh05aghowjb9cUSNuT0xQPB5GhRGhxK0YIvBuMIk0ZwRtjn1EKS7bzcZeFuzmQ2xJs2szg8mBcHAoowQjzPgxkwRMdojMkzDEicWbXmMSxYG+IvJBD+29FUWJ7YqfM25Srjyvtlhl9DxcsJeOj27bu3XIcdl5eO1U9squY2KKje8vSmPplw5E/ploriHKZYj/2iYRtHEm8OMljPLZmQ3IwxPBGZjtFZJVocBJIjtYkfox3yYy+ENcbckY9sdkJolI3G8U+ybQ2ZOTLT8r6htosseIzyRzicyTIS5qZZ4f1FcXnUvbCvlS4K2bjVblGjV4LVXdD9aSWy7Ty31nV47qX5I+WuzNJflNLbqjSEOVeknIuNF99K4wWR4mlmMsErOYzHJsa5x2fAjwSyzaRgJG0ikOKY1gYuCI+zUjDRjI0IxltCRHgwk+DcsqQ8EiLPJwLtIiN9ovlsZPxBc/qcubZkJ86WeS/lQyQyaqe+VK+mxorkipZlqo5hLifqSiv1Hz0mzfQayG6m+O2wj5fhDjxB7ZUy3LVQwaf7q1xfBEiZp57Z0zcltkyyL2yhgwTgiODBZGRGMspIe0iiSwZJctcKPgSMDQ4kYiMm5G83G4lI5Mzz+l3/AFtMo4ZsRhCwcEWjJJkWZRkUkbojwTwRwiMky7bm6dZVsKduJ5ZBEpbYwzKb+mtrLhFIqLDXxxa39K5WcHRb3GwtWYa5YvIeX4/afE1h6CZqYNwo4sr+20eEXkX9Wja27uJFo8j4UWVzFyWIUTaZwSw0ZRw0jk5GJGGJCFjCwfSzgyhsTNzFaOw38ZIyOTDFWyKGIwJDMCiOHMYnppnp4MPF2SGRJom551aKPug/Tqrvk3GbNRPhTwb5YKytlnnqL/ufj9YNPb6dmls9SqXK6rxqCPl+P2iXJTN12ffVt22af7dRNRJPJZH6XxLQvIlwWcjjzauIxIYI+J4PL24JxRwjejgzHHqLO7JGwm2KbN7MtnJBNrYz0xQRgZ4G2M/UWZicGTcKbMvsueylg3GSLJCEPtPxGPP/AKyyjUMp++6eK6cZwsX8umCzZy0sNeKS2SRb07+Q9XpZ0C8ZF56NdmNjxDXy36gj936msOPhjNDdlXrE42cSWU1gnnE+JaCX0wf0yeCXI0yUWIi1iLHyv28jyyEMjrwPgUdy9MXnjc8Y/eCI8Cbzhj5URtGcPcbu2XjnG5meVI8kRp9ovtgSYkxLsu7RNEPP6tNTnOma33y5o8ynh4Tb+k3mSPmuRdnOjX9WppU4LwNnR57b9dPbpZvMj91cxujyiXgpnsnZLdHTQyTikrGWMl56cyGMOUSW0lLBOfDkQyKMsKHGMNz4jLtPOG8kI8bThOW03Jm9IVhuGLOcZMbXEl5GskuGiKIjSHFCwRwbkk7DcJmeyyNyNzNzItnJlibLc4rby39N241MjTP+yx5tg9sYvImNn72cb/qqWR+dK2ozkz9GDTWenb1K/wD8TvRIu8ifD7Uy4omJ5V8ME2SOnv6q/Eo9rVwluTghcC5jz2+khgeD/wBXFkM48GOXHIkbTAkYIRRwiaTUGhrJtZtJxFFkfPA8dkRwMSNpFI4ExMybkZ5ixy53GVj7j7JcSWpk4l83J0cTxmUpMi+D9yeZeFFJuPCZo19Moi8doPEtTf6sX57UPm9cLs32X0ypZCWFZyWkmaJ/XVLjyWLBPlQiieMvxT4kuUbXnYyOEnPBORDlMYu6RhdkzJW0S+k9UeWbJ52TPRsx6Fh/FtYtJYfwrcrQ2C0Nh/BtIaGaP4bP4R/BYtCfw4n8WB/FgLSwFRA9CB6ED0YHpQQ6oMVMESprZboKJj6TAvpnQafntJ4EKPMir7pP6d2HommmLt4G8kfD7Mp4lOO6p/S/IyHm1FUykteFcM0f/WuRFlpLJntgrJ5MyOcNMhAsik8R2/avVHyLy4yxCuxi01za0dxDp8xdMZHpiFoK0fw62LR1IVEImyJtXbHbHvz8uRjXbrWp3yitqUhyUnnjOyMc2Ous4QopvR4TYvB5EhLifD7Lzp3mOpWJp4M5P2vqiuJ12DWVdwM0zxZp/GCXieDa8YfaM8G7JJvcq5M9Gwhpr2Lp1kj/APW8LpkBdPpI6WmJGitHpoUDHtbF7MmTP42OzRr5+np3L6uWSfFcWIktxXBLt+48Gmmk53ZF48ngXmHixC76WRqocd6WXL6qpCsLR+avu0y+mBZhDcR5Y4WMho75FfTWyvQ1xFpq04wijC9uDHw4/PZ1y3FUUSlhQ5K1HFzUSMsiksLsvFX1OKwIz2iQRb7NO8Skt1dsdshkfMlurg8NMmxkPOhpsshDSTLNDuK9DXEVcEYXvz+Bns/yd5nt1ue67fgT3ypqWJy2Dk5tcEee0fKRHiW4XeCILMb48CGiLw9LPdHWw9lUixbZRkSeRlP39Gt3VxH3ZkX+hb5hMc/p19sZXSe4qWDc0m+Yo4INdlwR5Uom7hLuvFK4tjlS4cR9tJZiU4qyu6vZIYmSW6KMiqyLh9Es/tiMaMezPbP4D7SExmTPdfiWoRrJ+np7JOU64kMYnI5Ip4WCuBtblGo3JDzJWtxl+hCKC3lWeSHKnHBW9stLapw1tY4sfZMxzTVFRuGdJljUVvh9mP4cmfjz2kRYzIu8X+JPt1y3EIIRJlMHIVJsWFDmEMG7B9xtEzqMMeyJR4kXLtGWDypLBRY4ShJXQvq2koIlHvpZ/TcM6b//AEVeOzJG7ncJ+/PzY7YF3j8D+Bexj4Op2erqIpDWF5dT2krOK65TK4KCkxLLS7LBrnH0F4iiRApXDRqFw+0GT5Xg0t2x7o2V3QW5kl20ssSsH56f/wB6J8ZEyRMkRF8a+KSylnsu6E+y9i+BmRD7M6ld6NGcyzgcnJxiVx3FdMUOSRuIm7BGWSUkjUa5Vl2olYokVxIh5ofGSzksjhkSMcq2IjSXcXVKasrce0iEsPOVLzoX/bpZ575JEiPZsXZe9fA+8he2Ps47L4H2iPtKWF1S/wBW7aSZSVwlIxtFPBObzCYpE7CWpjXG/VTm85H4ijPEiHmjDiolsC6BjtTMlBNWQw4S2uq5NW4krFhjK5cM0n/TSS5T7tEiPncNifZe1fA+zMiJci9seyH3XvRLsjI/HU7nXTnL3Ci5OmGCNu035a5dhuacrsKV0pCi2WcSJeOzIlPEVZy/qjbBlnDFw6LE1dHJJEPMfFgxkXgyad4s07+qHKGx+GRXZkWJ/Gvg4JeU8+xPsn7F8D9kvt6xqd13MirSSxlRlO4WSnk8KViiTlvfozZXp2eng1ccSJfb2ZHh1xzVhldjiZjKOphz2rI+Jx4ksOmZZHJLPfJRL+yl4dMvp3HkYyIzJj2ZM+1D+FkiMvavGRMfZfA++TWS26d1KU066o3Xuwy81VjRCSiSucirTSmLTRR6SNhKJ1Bdn4Xdmhl/W61IlThuBb9r8kXh1zJssRF4ecqfsr4nW8qj7F2kTKybGRkJmSQvZnvIXsY+yGho2mBiGRMER9o9mzJnuhmO/VXjSqbJzbM5IxIvBKeSnS7yrTxglHHdk0dSj9A/H//EABgRAQADAQAAAAAAAAAAAAAAAAEgQHCw/9oACAEDAQE/AeB6aQXif//EAB0RAQABBAMBAAAAAAAAAAAAABEAAVBwgCAwYKD/2gAIAQIBAT8B8AWs4EMAGjzaiENzDAR20+Gelu//xAAwEAABAwIGAgICAgICAgMAAAABABEhAhASIDAxQFADIjJBUWETYCNxBDNCgWKAkf/aAAgBAQAGPwL/AOm3tUF60uv+sKaWXr5JTf1RyWTeP2KZ2H6T1OckOFFZX+SlfgqD/UMPjXtVpiXpQ/pk7r1oC9jGqyHjXtUxUVj+kn8p6jwAad1NbBf4/KSorf8A2vcL1M/0UlH8ab5nOyagYRkFQgINVKj+gv5Cv8FJP7Ro2130vWtCnzhPQX72Vg8AxVLH/wAiqFg8YAH6U6+EI6cbJ6d+5k2cqfTxLcUrBSY48jO9JQc+3b+xalTSE9J/9J69vwvWkYU9R4/q62Kl84lAjtfYr/EGp/KeryFexJ4O2dhbdMA5T1nQwFP2ZP2v5fKhRsFHxHBBZbJlteESUTkc6AKHZin6FjSN1+9fbR/S21R7dkSqyyLqqsp9XZDgb6EQo9gF+Kvx2EKqlEfZ0Z4+6+Wh7/Eqny+E79gAqkw+lKjTCHMp/CpPXssaNTas68ZJpW2iGVOLr3KYfFMj+uftpe30mHXiilCgWc/aLcsxqh+vYblfyVfJYvIQAvQuFhpchMepD9c31Sv4wITBA1JmVTc0pjo/dsL9aSq2RqqmpeqpxqkhVcPdbplCD1Z3CY5f2oCFXkilYThKPk/4zf6WE9aV/tEKpvpf6WEfXBanWMZokrH5N1h8cUp1hP2qfIPiUD1lNI+1Tb+U/aIp2qVfElQvivipGg/2iLgFApripCr7CwHcdYKfwmWFYSmq2QNP3wpvAUBPV4iybyUEJ/FUxUyM8pxYFCkhfpB7kfpN++sqqTo1lSoTeX64G2bEaXTYWCmkL1cJnzvkCAG63ixTIkfRQ6ohHLjaNYaDBTvpnK16qVV2NSOqMmyhTaBqEKLbQnDBRkPYkKoXnSCGSL7aji8hQmZMLnsnFgqWzsSoL2CGSQnoTVDVezoVU73epMLO/YfIKJTsbBUcGdf22WKnZM2Sex2XxQKmwFo+XOcJshJQppMIDsj+bymCxUn/ANLFQmqzNy/4/GVT2ZBVQFmeUEQsQHr+FiG6bnmjxmUSftYz2hs4TlYxsgRKJojmmkqE1KerdB0G6EPvwzdkSzqKSBYjmPYWpCp6EH6QPDwkJgEFi1JK9aEzMn4QtiOw6JsPssD8KmoIFUeWlUqkXxNnYr0lP5JXqE/DdClBujBQPBpIVJ+0KTT7KnGECLkaDLfihfyeQdHKhYeCVSVG/wBIVDdMAagF/wBRT+QMLtoDiAqlulH4Ua/vUEaPHKlU+aiSgsVAen8L4scmIbZ3UrdRbdb65CY9GyZBNr+wUUBY/GNkfF5inoqekp6U7TkIRpq0Yv8AYCd+x9jZ7MeCxWPwFih/JS4WLxQPwvYMcrgewTHQgL3Xx1GHUOyZrUlUnlfy0Z5W2rCfqBaLYTyjSV/8csZW0WHT4acvuEWEJuXip3Cb7zRd9BqVPTME5vNotShy/wCSjY8DCE/TzkkpgvdeuyBQ5ZpqCMeuswTnrZXqVNsHMIqTHUYJ+nbNssbqSsINqWQ5gOm1Knp3T5oKZ7YnsFT00KVtqSnHKbMbumBTusSwHmVI8hiFB5LnMU98a/KZAhA8p6iwRo8PJBxMFi8NcrD5XtvzDkwg2m2E8h66k3iDpjA5UpqSi4lN/wCKCY8s5XKawKBHFc7I0eGSnrOq3AqpabCpDiRoHKzI4gothJ4mKossPjLU8DfXY0zYBDJ7KNYo6ByyouDw93K3anoMNQkWbNCarVYZMJynN673BQ4HtUjT44pTv0JFYlEonRnTORxlOZ3yNre9QdEeLZOS/RGVVjEhYRoyFso0cOkdF9X2qTeIMnqL9IcJlT8k51NtB9BxYpjl9VNwho+1SbxeoT1F+mfxm07X3yb33W99lstr+q9hoMb46ApGSE5TXbO9ZZYfD/8Aqeo9PGtut1vnleqnOxtK+IUCNAHNu5T1GPx/QJ1SEQdBrvWUafEnqLnoftbFQF7cPfVlQmOR031kxaTUSU9R6HZbL61d8++jBW+eFNyo1cHjU9XtzoTHI+Q6EZY6SckleqnmvkfIUczc+b759rtbe0jlRnKFyj2EKLydeApHEpuUeo3W6+S3tJybau2lHAY3KPEi2154G+nvz3WyhbrdYblVaj3hTwJyxobX2tF550qL7qlA2KOlClMONsts+/XUlU9NtaOBHD30pzsTpSotK9btaeJHFlQtuLKfJKcI2a75ps/Bm0XnLN54ccwkJqlFggdHCbRzo6Kc7KchRCi4sURnGjveVvaLz2UXOTbIb4bFVZ2T3m0Z50N+rhbLbJN5ytkBCFViBnfLHHjPvn2vHHFo0MYqZH7GTASiVUdDCU/PjowLNokEZajpDXk5ptv1jp8j5dsgVI/OlN30JvHDe23KlQoU3FIyydEOqRxoywp4D2i3xK+K+JXxXxXxW15vut8uy2Wy2Wy2CgKaQviiaSi9MIk5ZtHUbqbbKAV8V8VspXzXtVaQtlAW3N/ioyMMu3DjWZitiopK2Xsy+SklbL4BfALZbdNUftEmTd7b2i8r103yvpQFFJWzL3qX2V8V8AoHX4VNp6CVNSmVAW3asPrLPDdsjZsPcuVV0D2buSUdBgF7KLHVfN+bjuRQM8KcuLhtcIdx+hmna85Dxh3B/KfLKa05GpkoudZlHf4XjU3j+nlObRli8KdedIIdthGwUBYvJATUpqVOT1U6k64Q7Woo1VF1AX6s92oT1rbTbghU9qczAJ6jpf/EACgQAAMAAgICAwEAAwACAwAAAAABESExEEEgUTBhcYFAkaGx4cHR8P/aAAgBAQABPyFa8VxPjQ+F/iwXwz4H4zzvkeBEGvOE5TmiYFohOGhf4C8L8WBL44LxfjOIQnjPDQSkHozSDXhOC4hBIQREaHROHxOUXxnE+BcTleUEfnEH875Q1xCeU5TAmTfE4aIYJxPM/wA40OvCczifKiC4pfKTL0K9r0mby/SG8IFqS19mXH0ZPTrXo3ykvhhP8LTgg0QnDXM4bwUXjBMHXhfhXwr4XpNF7Lv80u1d+B0o37EP6PweRRkz6KJz9ZEVF7QsSbC2U/Of4kHxbD4fD4e+GZI+EQSYkNEHoQxeE8V8iHwj8RCFrbevY6aFfZIYC5yNkJysC3cLGnDMD9B5Xfivh7+L+CLyMfDIPho0hEvEJyvLWDQfD+WEF4rlAWk19DDCjFNX0P18tcJEXFKbI6jyI2z12kwVdMwGQNsj+jLVj8Fy/wDCHzCcwaL0LlH6j88NBD8p/gowX0SDfQ22N+xMZOVvieDI0xsjdUEDRJH6Hp6Qy1fsxrztpmWn+4QkX7iOpna465f+HPfwkJxSD4YuNBeC/wARFw0h2RgfvKJngmHFk4KJNpkXqpwtkTPoha6nRFhPQ3vIlbM4hCXsH0j2TGyMmv0ng/kviPfLnEITxSgxrHCCXGp0Lhi475nlsXixtZtEqV+lU19oQ+ER+mZPO/BLA8PkGxDIQnEWh03MdIV/ozYMULhfYjRWPTJ1J6Ep/wBBEt0+vjnihcacYIQSH4TicvQkNcvT8GLhebXM8W4zaIzv7QinauZ0ITazwKeSnZSEYSQnsmeBuFmWKl/TM/OD0IQAUw9lrY9b5zRclfQs7M33uhNYvZDJ5XwnDFzqNeUJzB8LlkojQWvKfG2iyxpcSQVPA7N/ggrQ69jNP/5DHWf3G3++VKHnFg3WaHA274UrbNiPUijO7oZWFdISompwMvZCGtiewieHmnivHQaJwh/I0QhoLmfKpjYjFPQIrY9ihowQO50hOoJoYXn64vE5xZK0pvh8IQ8iFiLWUQ24FdEM7jTwFmf9I85EGEMFLw27So4jryvGvgbH+A1zo1Oub8f6O9DqRMJH7FWJ1GZ9B9+UpBEFgJ55JcLPCEC0rUK9DNEVaOh4Rr0YQnb+zYMvwm/WMT4K9IW9DCIWcLYp6BC/Fjwvi/PBD8J5QaNBa5nlPFZGkf0M6W28ISFJO4KZVwDV+uFz0MJVgYo9jLw7QfrA5JAxbAowHwUhJqv8EME4wH9ILGKHWHUDJ858HEpStTXyPxMQ/FEFxCcPwawInwPxx+CNG7sPpCJnzEff34I6MkIRZDwGMVFTHtodaCqtCyglDjMENYJQlOiqIq5FGBR5WBxOF9cBu0NI010ypkvLGJWEehot+CGXwXinjOF5Ma8dPjhOW9Aj7BbEsTgTxUtF5tMZPBqKb0X0MTG6Ma2OVkJ2TogpFyMZkKBrBuo4bapRWEhmoSdP2LPAbx9mSe0VtDROLR6+hnJ2E9i6adt8i4Uc8ex8US4fnodfM1tZZRdvPGAZsbGN0NcpjiDQkHwlFbAlGBEnry7FzZFKZrsEn9mTA8ivRCUzbJ/Y16MXBS8pugaiNoTPc+a1w/JC84RCRHXnPJcGyWkK6oXdEKky0GLfghM9Q1y2ZMYzQcCI4O445RcIWeNS5kZW0U2WSeEPqG4RBpsw/Cn2PEYtLsPCymifChmvM5YvifL0LXxtYFxj9jJfN6OpzFphq3xPBcIXBjYlqzizQ+KyHFw3guDFETUY9WqVWBscG2LBIAmcB/hENeC4RvuUSFHhczynOn+C/B18pBNOI6sDDbsc8aC0Qh+CCGYc2WKkLA0GIKcORCE5fBSbF17P9oq7FDNGxwS0U68EQWyVdAjr/CUflB8Pl6OuOviZ3joO8lx6JiuULZNRsnvZ8ZkWFBa4UY2CzoSiBOs04pRBLkuEKkIm5SWYOD9Qlbpm8MfgyizogIcaJiGr6Y3F+NBeS5XJcQnHTFxCfC8oW70SK+3ms+5IYy37BjVXpfCFCg8d4S2GwqFiVCXBC8CQxiUFK8FFtIt6pv44OBrh8u2Ot5MUa6Pey4LxfxETmCXN8mPQvlnpkJ9JcG9NFj4fQ9JaOhF5XGgkYsWRDHYNFmHXYqfBccCKEJ2ZoGYcaKbh3BkhikLGBFwtCM3eE+LqpaDZKyPwV3oeRMuNeF8G3inxviUh15wnL4+skMhO9mhyp1O7BiUuKJovF75QtiY5aG+iiGYqNxKaeBskITJHJ5IbB76kVLY6tQbRrJ8MetmfEqEswMixWnYOg2UY0QlDy4+2P0f3R+N5mALaD2LjEqaeS56NzrhfA14dC0NcMevhfK0Y/wBiUtbCzexC7VtRU6JYCqX+xq+CEgtccRKSEFYkkUlFtsW1hjhj/bKstjvWCtjVMIU3oXAz0QSGqLZhrEtCG1wh+mxHStglJTKUyXo3h0QtOEHr8YesGvOczBHwTi8zyY9C+B8Xh/sB/MFNrcELInyhlWAaV9mbv78FvggVSnRMxGcsXEIsJpYKLbEDRCF+FHFsJiPbNQzDsQuC4yQ7xgXZ6LaNiXqJiqpN7olDOIVkaFpgnO6fpsQ2B15XyonFL8M8GPXjS8vlbHx1QlLAVpD7oSHxTy2IRVAxb8EUFDDnhi9kWZ8cGpUyMxhKFZIMtBXsViKYq7En+VP+akdch979hZlC5roY1Lgn7XG5KhtK37ITTgWjobMhDy4aczXQeo+EPyePnPy0OviYhzZ6PQ6txwe9C7XYuf8AaY9raejESMQ+TEWR9nFHXBCZsemhjIYrB3WmNdhtsd7ExJV0zSqvo2QfhfAVZGvsehISEimaILEyyNhoK5IuxqyjHYIooa4lRrt6NUQYL9Ll/Mx8HXDFw9M65XwW0NtG42zYaJUIzQjF8I+wlEscSb5cZqDNfLs2SYBam8mMoq0GrcMmSgg8jUbGSYyFWUQkTk9DKVx/8i6l9jaJRHkgyWqsRN+x2RgQ17FhfCzYvgvGeb5emdC4XiuWmw0eGBJoThyGNT1CJ+xbMuU4x0yxGJERiDExCzIoh6FO4GJbEnsKUw2s5ZLG6Ri2NReBjGLcXcJaPshObLB/iFmj/RadY9bbMHZKPYkMXmzbl/M+GPTOvBi+B+H2Ihp12aH6ZGEQ0QRUcJSCRldGRD5A9CGmLLSiLXYgx9qBklBkVFSLwTwM2jmBmeyIpRXjZkli9D8yMe5WByKh9hGn9cPmeOhm/OcT49ReSGZP0vhjhnYpdhB5+gyqiWBpEMRihhvIgxISWYakFJCEh7E+HQ8oG0m8NKkmDDqeAjmnF4QiYIYRmbITZQg0bQVeORXTiqh7Zf1CHxPLQvywQaJ5IfD4bwL4Z4tAu3Av/aG1V9DVQL7RX0Ylmvrh6yzoYwlRH2hMjcaKMlBIiRfBDXBoQi8IcrCE2mPvL4y8N8dlXMFSGU0rCkVkLa0EhLoaY1kiUv2IfwPQmRjEuZ8rOhfKhr2b9CWW1SGImZj6DbYdFzHp6BsO0PDZlhpEmCNjClvjWuUUXh2gpGPC2Oaw3eLpsGKVoUhijwNwNaiQxkJWI3XS+BcPXG8whR8P4G+enyv8BTMqDrF2XBbpIesBxtXYib9J4aEJBNTixSSGhi0LhcKQhYd6NjYkN4QoxNgxL7MR0SKhGt6HvxexXb7Ei/G38344ITh8IY9Pl+DXyL7YhWsUrWjO4C/wjaP+DRU2xiavQdYT4YnZZRXB0HwgT5zg+Ko4rQhcQTg8VPoQlOK+y+B9jNqGEdCReDF5Nxb5Qxi+F+HTF4IZRonnjmiIblwtdAplhaHIZ9icHsMab6EbU8sRgOdkiCRSjGRXgxh4KCTBkx4vPFdDmStApd7jdgpRVYorRskqX49DfxQ/GcJ+MGjp/wCHgI2xjRZ0xLo8jXRRkckuiw7ChrJ4qFKNUSNcEIYW0EgiEkNos8EhmxucC5YfloauDAiwyJgSRC5yfpBI/Xx6G3gkQYvGD8bw9MUNsIQj5fy9CofscrFRLVjMixgUz2ZfDSIvAtrfZfs2hi04lMKl0g2jbFLWb0h7YQxWQx6GQoHgJtPiWuGMfhRmhYQ6QYgQ1BawS8u+HwjQ2KThcTwhc+GfDs7FhT7MooP6+G/Cwva9sX4OCzVtsSn9cbGE5IS7OhnYwayaJxpHWz7M1tvTEmNCM2xKUsThUQzETKN8PxfHIYDQHq+2IbZrlfDqbczhD4nnBIng1PROnMkj7Q/C+S8vtAYrpkzbNoxEEmOxUg0aEvC8uhD40GiVEFNzsIcyKGB7MjHirYmDfL8GPgdxPRjirHdl0Ikjvhi+DTznzMeD4S4fL0WwwklT6JzPKHxfluRH0htNJDmqm2ELJN8vgYJhF/rfHDWlByaoRsYk4nHY0qhzsllopLRM+orgwLEPoK4PzJxS4FYljGt6caL5Xn+mngQxUhopfhfD0JOi8kLBuMIQ2t8ZyvNTUBSLdjS1z2fbtEkVux/BHnH9cQyvV/fEYZ2YWGoFvHhhpog+x7yuxnEVZQmvsr5N8xQYoZbMMFQfD34aeNiH8E5pCD0LRdEM4PQpVZXM8V5M0Cx4f+EwsvRIWml9n0yYSXJ0VMH8EINGozsyL0/OIbcUkzGxu0x/Z0aBUq+2xGTQH6e2OLke8fIUvD4PYRGY9CnhK4sYXyaD+Gee+WYsoY1YZWgt20KpYY2T3xS/J1gSNFpU7DBbN+vJhb7I1I0MC5ePUhpTGhkEOFsv2U9srohLmbeL0Y4t9mCJCBfodqh8ELw04yMzHVRy29vh74KtPkpqNyub5QnkhjbGDyzDIKWgNFI5Q+xax9eCfIhxiQSS0hsJF4bIsj9EzkRYOj8R1LSEYeQqkyFoUEpbQ3GxMTKOKTbGToWp0RFw2TBuSF8L45Q7IPxfK4XDE2bMYtcVJS0UjArAHN6MzaPT/Eb5fCUcND3qZcZ6LZGFVTqCElkZGLBCyyICsZKJkRkHgYcjCxwqraEKoOMM08C+LQfCGvNbJ5NxV6LAclnYsYd7Gz2VosZxINVWGNCfC+afCxrEUnOZQMwZAThLsPODsRYuUILDMJXlITLNqhu04EDcUbA2WPil5fE8T2P4ex+E4vsyJfoZtD5hmEwWShhdh9pfdUej6GL4F4ded8Uqa6ZVQ3s4TGIbB5ZHg5dC0wJwtJIaG+htJGdGUAcstvgSkIJeBpAuF8Z75QxeL8UxDM5Gz2w1/CYwiKwj+ymaIhgTiB9DTuZwmPyhrzn3wvCcPhCB07CNPwEYik0KC0iRBhucMKNpg1wUhFDBR4DXiKpBa+Jcaj4Twfwoa2PelpEYQ1pIhwKKsUgnIuceW4iTfoQqFovgfwMWB/Anr8Yxa+mMTybiFKI4a4sOKSKeTI2ZKsYFjhWAwgoudB6scL4majFw+INCGXxSFOV5N/pDJioghc2zR7cYReMS1CH9j7QY9D9DM+F8bzPifgrFrHsTJiYIzbExkfjIgbCUrZtYPoLlhQQkjByTguNeD3y3xhryvDYmNcPlrlbQ9/A4IurNEc1o7eEtbQbwJsaxg+VP5bFPXrzXjBk+Gj56KbXXFjMpUUH2Duxi2KS2PxYt6FqoQsESExyg0Th54rhoIQH8+LQYh+GeUPfLwjosa8Jphz2ND/VGcGJj6mbcTxJkG1cEl8l53yXD4vhDr0JF6YvsgkhmIoYyeVtFEnsk0JjJsLwZcPnJGKHjI1RTrfM4fhrwh/B3xSt7HMBaMMFoQg1gtRxGYLCTPpRXtwR0e8I9lTyXmxPyb8YOiyPY4spPDYxj7fCFwM2ZZSWaPW4JowGxpBsfJ8HEzRmR7BHm+jJhadiS8mrXyZr5Ifk8KlBDGOiQbAjUGJAzxN4CbSNAHocMrY1dHoG688PmeU5nwPiLS/o0dH2Jb/SjffE46FkvGxMCWsMQgdTkoZYffwMz4Id1Ed6vpiGX6Mzu0zOVoXh4mmPw1+A+UdlYc+ohs0EqMsQ1CA7iNAhrxFJfaJYGolEJe8DkK5yjr5b4PbUkP6QBgZf9G3Y3WMXxguI7FMSy/Qw4KW64LxDQyJn6I7A/2CsLN4GtGj8UUn34aj5Q+HzBMYtuMZNOChhBihBaLUIc1FssSqUzboZnVDI4/TBquJwvN83lPh7TRex4e+jseVb4b4681yQYxXW5Gy+hhxIZOH4ug9RN2Iz4fkhxiFo4HkyXszLLjQfKE1MnflvA5xsVMNAUkFwDR4GCMg0FE8mISME4OhUILB2Sx5NHLF4Tl+LMpXoYcPSj/XgdTxRfJcIUxF4HPDHDApJeHQxRZF4XAyegPhw94QmRIbITNGMLa8FhS4Y+LwxeHYsKm4mx98eeoQTeRhkmilVlNHKAUyYQg0FSMWkfWBLlL8cINHWdF5k9ITBKAzY36KN8zhMXMJyhBzO4zCMS4oFya4SFFlkV30OeCtMX6Ac07ES4fYpgzcyJuy2UekIDvC0XheOxLGOY6MMlko4J0qInsboMRyR1cQm5J0MgD2eRx+D1h9GSPzfl0In+ImalB4aZj8X8QgQVpsM6ZheFEE8cFpCD2LhClCGLz0DG5xKwYpGQbOARvBB4MApgHFkPuERTYmdj9OEPiygeTIYiKouYuNaGl/MWLoei0DV4MwSZUEX+hCgxS6ZPYvCeSlyq6KDqeyjDfY8kH8SFyJDZjZDT7JFyJRJgTikyPpwYOGgmJRDRjYUetxlNyzseTHTIUSN0LQEihDEnRGoYg3dFNwUyeUQKi4y2HrB6w63oVwGAwD0SI7QzYIaericMoNqPYBswfBC4EZheZ4fpaKb9IcMxzaY/hCEGiGTPM8UxhYHqFTXHMeCBEXBbFPaHNg6UfBeDY0NRwXKH2Y6eWO3BK6wL0i7g/wBj0NaKgcNkdh2gdhPcaGLsDxXtweehwQbOv6WOkFpHcI4MVQpkSsGXWPTAwrE+GRB1g+DfJCzQWzJRDx8pqIZCkkLsN/Y6i9iFoa4Xh+SD4T40NR+jEiaK9D9uDKKCuWJ7lRRcKQdQoxC0hCGVzsp9GDQi9CwbSinR1EN9YMxD2P0H7DDsK6DzoUCTuDUKroo5Nk0lRFVgnhZwkGuR0OSnBYaYxQtf0RJKn/B5wP8ABofNPeDJSC6NeGJBa98zhnw6UOzaBOw5RjGmNEQc4a5nK4a4ohCqZpo0h4ckiSooE9k+xD74SbnMDR7JnRzsYzfJJaFnQ0kOXOD+5HpE2CbehWZ4J2jIeziJYmQyZFDQwQ/2GmUJ4aMsFEp4hIdB19GKtYyCYGRaXCEbGhkbFB9cxJX0SxE+yrH2Dt+GFs+nAVfBGSiYYZOXOIJCRVDU4RXAhGg2OkwxbwT6PQY/Sx+qPwc/+gjVh6kaRj+w2jW9jW9mvYNmHpGmRnaCdBhdhthjJmEKvsiCTsjd4G7cSo8MSrInsTMkMRyivJMbT7DEzFn3IWmSCRTBFjfKwOQnH4bCRoSiw4mlVfQub0LAwzedfpDWWXprhBr0Eme0WM/BX6JRcNFwNScPAcyQ8BiOhHYhMYuz7RnYyewi2DaoQvQ5Q0HQOmyoaYQ/IjrTAPGClUbuG1ExUho93wi7GIFiU9gntl1hihZZC7MGOb2Zh7Bj2IMw2uNYHN0VQsiC+hvYlZlvrs65qzg98Lk2NRzghPQ4rp7Zmr/WSLdYudGTySioVqQpDD0NWskIgta4eihmINIQ0RiaBHY6XHAlGTCJCYQT2LwLIgyxseyC2NumNtkbBkiNwhaaCSYUEiNFEh0mFsa9ieoVN8LEPJDYk7CoWhIoMykPh2WTSMjbBcyTWBNdFNjB24rfB0LWRWC1zY0y4Q24/h/wMsCQs7GPHBEKHkMMMKnXB4j+wsGzoqi1ckiGk1g2GEI64DOMqWskVeuO5pwCH+lczfqFGuIRdHrEOqzGgQu406HZS6kPQ0w4mLtTBwWhsHjoWOj0BOO0XsN9OA7G3RZ4tZPsFgTRDGmhuExDG4YaLungLs9CEkSbLgf2WwLNDdQshfWSDOBYwGMFdDuhGRZDUTJmxY0G86MscSCJ7NcCoaJou1gZXInAx/jQjoJL0dsI/Qa6MaBPtURdmUTtoSLCEHo0QjAbdiWUdlRTAKWLBgh42EIh1sba0eiZdCWMiUfA98JswEhsbj/Q3jRHoboESRg72ihVeE9FJV+hk3exiO76P+0QnO8Rd4EjBRmbcJ7KErQ17IzQCt6Qo6GTqPsxD7F9kFRS0uLOBKLGkJCaaHro3yHb2NX1xeEJQ17Hn4Kyu+/9iT2bqH3iCwjPgN7lGZCZNwzBd0anfEjhHoz4QmE3YT7Ij6kOdDadCISd3Adhlob6LRTPwLGMr4KyZBlrIhxCDJDWYKOhbFuOU/0n/Zwl4HiG6/oa4n2GofQcYsiyITGyHeHqR0Q+wyMt64tVZGkshUmNUSC30P2V7yNsqPnLG6sF3xWcM6md0NS2OegnZFDbBtWGxzBKShp0FATYkdEaeWVexrKtiX2IEgwnoZhcCJ6GbQ/qMyWSIecgpfZHow0FjWLbMdodGZiJgYh7SFojVF54rRpk2XwGIZR6FoVfxI/ryIKnQYQR6krkoML1cRUs2KoXwHNeFEo2J+wvRkRp5XEqBDUnkKmhoYdDXiG5nHEbLBlRJiZovax1ZH7CFEEtPAuxscx5EqYssjmGTQnqZImPcCHyyZk0RIZJaJ9C9QgbQQ0KLIoGRKhrOEI2FLYnFHQ0SLfgo1kZBU2KCcuWrauyWw5lidbC5vIQpo6EfyJBH2QKhBDySsRLR3A7gQZ0aBo9DJwOgjEhV0yWB53FTQ4tLJHoekg1yC+0dtsV9jRiXAwftgRkVWRCwIvRhcdN5EuyozZZnKJKJTVZo0ewTYFHoT0EucHioIVoot4EcId2JDIeOBMuxULGsejYz7EmimNMR/R1ClsaaGW8HaLQ9qsfdjqKKbFiqELQzZF3YbqhTkMAqjslGmuP9FwtMlwNFjWKOkyUlGsjUEYIlQjkelUdNDFIYTol6GfsKLOzoDjsUKMW0h7UPazgVd8VDTiYjNBqVip9R3Q0TyGNcKrj0NE6hp7MGROWy3Z2gpi1DHo0FBUrsRdjSI/CDaiwFgYo8CyOPsX1xIBB9zI9mLstaeORqoMWxOsl6jga6FmRrNQRmi08CdcHTQTE7g0asosTi7aJSYlMj6hjQyKa4EN7HlBe0MLBZSHkZPAlWhBgvRNJnrEoL3klgZpEJu5Kej7TJsYG7IRt4RlpRLgLLKM02BN7M0HdO5MUOCD3DDkaBl7GTshoeCY7nKsjkG0OsSLe2MfY4Y4rbo0DG7JiWsMW7PuI2ETYTorwjFQpJjd4FbeWMcsYhsdQhFodcTpsmM2VTFholOeiVErEIQS0NcrIJZijAn9Cmk9BnISZJL7EkShD0sRM0N1TITx4IL6HV0j0Fp5MmxpKNroOfQxZZc+0UtsnpiUJawxxrY/hhK2RAtmkMGlROZseghkxQ5leTtBJ7MGSpRI1BFsOh3Q+hb0DLBCGyNcIX2SnoetCCJoVOJCOCYR6HhwDpsY2UIWhdIRkROyKMfK/YzGYwYwJZWBLpoKM2odUoY2SGexaqKUSeETuSWCMkoQp9HuQY19D5+hVUHqKnsmgt4Y2Q2N8IU6GCywOWzWPhEPBYHJC3EakKBzFaI0doJPDPsM8HRhC7o/BL0L6mhbI7EhQOoytmSRVYJKRUT0KbFoK8sfoiy0b0OOK3oqIWoM07JWEJM8B/SMgZMrnNh4MWxQJm9sQYCEOsJidIEW0ZuwsoLZvYmt1xUgkfhDio12JHSGDeYiVDZyK/oPYiqI2i3A7FskReUZFbF7C9DtO/E5NMSvpCmj6jIaot0N6MxxNZsUEgkqvQ6gdaRCN6GH2JTLKEdox0Ngxk98DsiitjYFaEDKYPYJIJp1xi4vkoyr0NehNYRmJkOeok0pKQnoYrRDlGRGIgyPRiGYQC4o3kzBAfQ7eey22YjctdCErlHYpX6P17wvNTjMXkfnEbHWL2Ocm8yeh8NGbFJpjc2O0GBSNljDExYKCDApkxbbI4Q3hC2o0uisQzTwX2UZfT42CZnLJTIeiWIR2KhQ9FOj6i/AZeR+ipbG0NJ7EC0MqoMEoeMDy4T4ObYmkp4LslOxJE9xGbQinAojLPDxxa6CGyqHadMz2OzOCvsxab5EvaNkLsMGC4vDE6jUuuFIwCCDUfCV2yMXQdZEO3VEbYzqKssSMN9i9Q16HfoRnxCOhg8ZPWe5jQSbMfCEzkadIoXfRkxShn/RjQ3jVtkezoiK62TsG0wh9AxjUskesGWQy4FQT0YMJ7JLRiHxk2PYcJiCwjEjtD2kBbbEREQrsQXY3NIpuB3hXDIrsaEs8NrLBdbkbrwE6yEsnpHYyBvLhBMzuYj8mMlDCFedobA0ZFPCMW67RUsjNp0KPY1w55KGISIaxlbIEB7Qpb0ZsIVBIF7SO3Bitn2iYWTBqwQnyR0MqoT2Nr4mxtjFfLHAQW6xImR7HA7joWMXYJfRk0NhRgMIYa2IkNcJZHuIfBciYMGdbM8h3fBIGQ6PbyM/UhYNNpbNoNfZmmtCr8B9Roc3keQps/glGn7DHYQX2FdIMkdH6yIaBJM6risSjFhMdjmiTHE9izpvgKj2UEWcjpascaWsSieGxsJZkWMWOyERsZuxZTua1jUdKBwFBB4kpZXB9AO2jdg1eyqUSUyx/UdsdZqiWghsvsP7KFiyIujpAabWS+homyhiY02I0+J7GzAyCQS7lK030NKmnaKdhDVCITcIlLBJnAr2aaxFLY5LJjJbEZBHqGJumdcYGOfsXBIkKXHIMYhl5aW16MBF59jRqFdjsVMMplDm+h2432UVo4Idk9wWoKdCxo30NWB/YUhhekxLC6IhrRPoS7IYaLxpTVcEcCSXXGgGpXshDQgxGYkCyCKqQ/Am4LZWLWxBCBuKyhsPRGQMaEsBmWiKjUFyK4QSt9jN0e0zOAt4SKGbD0NThOeOTxgmKnR8J+UDi5csMnIe6ikCRjRaGFJRFpCarJa4NhGBniYm2RpwcrNw4CxorOFDyRPY0Y9CNodpQyRHhsjbY3di02Z8C9hZYPYx32dxlZggAg8o6sDUsCd7Y16PRFe+hKiywNJN5IbHRbHTWDIa0ZHBkIehyhOJ6CF0uIluuI0k6pdbAncwrZnFNyIeXiDjCzASx0S7IxiLML0gUTeBBohMT9PwphAdJcmBA2pwjTvEkmP8AgVagmG2K82Mk2ZCVldSRooEwMSWToDLYaMPXsJjI34DJlwCGE7HypMRl9CjlwZaM2T7jE2QZHZpMnAkKsQ9mLpMz7BMwcTX3CayxJsNu47ZV6ETDJCbhtCdaY2CTyEvbZg7F6xHoSH0z6Z9UWogvjLVsFH/gliojQD0hU7Y7M7ZiYOwxXLkvUE6QSfQRCHeMJFwaGzZFghfPJkiibIpqE4FxklHtg5RIVt1sT9oyeRsmKFloZBXMDZUQS9jSGmBeomYY+hjLKLLN04CawBLphklTLez/AEJ/+CEOGNijX/uP7He/4Few6k/94G1R0SS0ok9L/RF/+RBGL6CXCJxeDZR+NFw0NQQyRmNJj4V9tEtDlwHKYrKVHRi2XA+MMAjQyQqSK0KCmVBCMUMQ2UOE0Q1iaJrMzpBtnszNM2GIhpbeRN7GW2R2eFkeQkNpMHqlt0Y4EoExZX8NbP6ZZk/pcpuKreE90IIg0QOOEELSCgjpkyLggZRPh+RcFwhIyQguJ5QXLVEGscHRkC1mgrL0N0EhgqzsYCrZcBpvNiwM7DceElQ+gz4Gbn2Z4ysDWBD2JWyXoJPA5qEt54nxRhui+yQq0S5jGPmWv9GVDf0KQab/AECVoRBpriL2QQJGi8QSIQZSg1w+MCQl4Llifivivocpdsa8oYhIWgwiyIJBXQUyMkJL+j5YFohS4Q6aUGi0PLMWYaJkW+GiIJ+4e28mgz6ehkTBRzRk8lpZkV2lEK7DV0/ziRbhGnp/owISQ1wmMZGKjpnjZCTwpR8qENMXiheD4fCXkmNxE2CRjRCYPaYaG7FLg9bCQjNlFUiQj0GdiZhYYIS5xpsTgEoyC0kMHEMzxwf4P2YKMgtDhvThYRV1wXHFREHkbcJCXE5o3xBiJ46KYvFKf0wJlExsU4pSl4fFLxSjeBFqMA4Um6EOJCGiLtGho95Vi8RH2ZoGEQlKXCBiyMQxbHDuxcFqNkSoag9a6P3I54nwYmZAfpj6jErHGhn2amXE8iYJGIWQyjIicTzviYzRdDH24UuRrwxfBOUy+CMQsZYvQ5Fmj4myQ9BGdNwyjlVMpCArbGiuBMAWjYscFNzBIZNwb4ZTE4BFYgJbKqBd6Ptwx4oklPsVGkmElihk6URRBh3g5ci4TKi8XkpSlYmNvwbGgmiWhCGRIxRvgpRcLll4viiDEOTJfmxK1svsZ0zakdiRDETGRi1houEqZcQkoPSBOoWTSN6Me5MvAqO4WncG6ZGJrBRsho0y0W7ZYtQkbhiP/MPjEfAoGxTlfohmvIhrhF4aGNDgSTQ8vA/NKioouC8m+TLgyFVN9CHJNBjGapQaHvAfVoPZGXQ+gihmAcq0mahz4bGOIgkJniIpZYwrOgLEEmOFoww9RuHjC68WcbGyNx6LkonxSlfLD3wlw+GV0ozASfiaPghgNUnDcNeC5YD1cOjYT7JFvbbFDJgjwSQ3BCirRFGBZ4NhDnREORU0Bqa9GiGBeDCG1qHSZXEI3EjFYQ8YvOUuwxGzYhsWeQFoaAmxPA8BxDYTfocW3wnhRPkxMRCDSHypSdQ1R+FHww2Iog4Rw+XsT8GnDJabcGuTALQ6qJ6VZEwdKWRqR8CyHuYro2DI/alv3GzMKEDZNBN4K6RgZgzKYqpMxfY55JbF1NnaGJRBMmsZMaKQkwCeCXiiEBJIJp6uNhi4fglXC4oxRkMfYwQxcoh8Pi+RMuOb5aENybAw7ombyzJdkV8TO12hHYeakK8yFzE4feMxWhlQvQfw2nXJa0PEnkdEYTEvxiMzAKSoi9DexTEXKMNGRQKlwKJOC0MHYzJPY4kNniwCtEYKMTKUTHvjs0VDaMMcJwwtEg3kpUQY3wPXjbKUvEE4QjFm9CHMoJNjmzJS+8WAf0wQz2MzoZxUdhabHthizlcEMteF2w6XLEGIaHXKMJofvC1SHCDO4Geyot6cFZSkgiPhoTIciTWYBoUamLFpihZCyELRUiSDfCEQSJl4wODgxGgzvG2NPhWjpiKIaGjLzfMFgzfCg/6gyujLJaYwmg3Qi2Qv8RtnDBF5IsvWShaRJp8bx8D0JGhZWRsEKdGQdTM2piwsjAstcFF4nL4ZsItGPVIgoINk1M0MHgwcazG4LIkMQTE/IQwELkRBZNNTQYY1GNBccNxJip8LwnNOMbFns2mhAqilmSrAMUOGZEJgarElReBMMhuP/9oADAMBAAIAAwAAABDO7UMS029uqevu5OJOwTX1/ESkg0P1TfDQf79eP/FhHf7M5krEeaGEu87bIaY5bNNfXHuQGgyBV02zcadOf0dmoIjuKnwc0KiDAjHPKaKYEQjyoGtbskZ37lIC2e8ke9kW/HT+vdlzxeviPO7YaKJNpLWnBtPH1WCs/Uetqe9UktNUE1MIJfM7DLCFICg9v9uYpMLf9PnQ4XPa5X15sSoNsutdv1s4rFf9nlutMD68AvZOjXG9sfaCoCvdnV1/FUiW2/c7uMfklKAtdJd9uLOKRcAEHCxlgTpWjmMg4Pd/cHt1W8Hfn1tvGtMjPcUgVtPpKyN8c9t91Ut8ZWUeW6m2hSeqM0+JxfNcfOWxi6ffv/FEOazoJl8OnmL+UoFhiRoI3+fJHu89dawOQstHUSxjitt9FdUXTS32qTU++poSTK2JW1l2/Ko0J4M2vrBTddXanexA8cdUeVURLRUgbrFpScxAJKiEU9Sub5KDE2WiHN9+5YfO0nfdMEdlF/5laDTpM4ZzjpLSfoCUEJI1obl4cXKln0KRUTv/ALTr/Lz5fH/PKqMQTs67OWstyHEK/wAxv55T7P2rWuD+R06lR5/e37mkKY1nbUoKhkNbdqsDvh44cRA9S+FWIGo2HiUV0UT+2b63y8VN9qoHYRQqLaSMwcNbsdAdT158AqELQ8kz4V+cax+ScWS35vcUuILfhWjUYhw4T3AkkjzQ/Z10rrrH7Ty2f37077Xbc72ouMCnW8UboCPREGU0fGx9rwdwRU1VZF4ybGPeVT9U+E98eMdnJu9/EcFpgAUXfAWARaD+Z2RlXtSdVc81e2SAWi25y5IZy2ez12S6n9tnn/kYUflJ8PsiZ2HhSqCBoaUVrT4e+4578PWTnW37+TH33C+bSnAax0/Yy9+K+9FXaiAAmxvRW1x678lYMkoQw/YLPHawMs/57edP/VjymQGh6n8rLvf3e/7h9006ltQBPdT/AJig7n0HE/NsPdVt9YY206gVnm/9ZyHA7eZ8fN/kbNPFgTAkK+5Gi+bSJboAQaJOaLpFX7J688sXHZ5WvNQw7gb1Gbs/h+cIzYVrt5BnxH6Dk0UxWDuCaBWH23Fn239cxib5403bUNnsw0/nGtjEdJ6McNTgvwy3/Ef31nlxZENaOW8GUJCKALtHqpHT23631yKPi0u+NMZVI9XhdVctEs5CFMykZM9xXDdPAzX24F6a78B/km930q4XKTnjRT79P8OfhEa9xdMBRhxSPmcq2OyiULZVxhMG4OC0YOViMotKFcv/ANKtkBvOYpA/wWIPxWQfF1EHbu2+3ggFBsLguXeGIquqeFTNldgX452vB/CmgeVCn/hDsqwSRZn3cV9x5MlBqdkM8gf3xJiEcVt6qvfT+gkCHB+TzS1fZEk3B9jldNN/lVjDJDBnq/1+YYpvLmgn68tqQwe5r1r1Pqmo6Z2GWAtjQnBt5VhdufFG4zMsiOoZrVA819Uwitf1n5rL9QJ8nabgIuYoNFuwGG3JpDOAb8ruva5K/O9mYkiYq87dFFhv45IgFME8dnwCvNhufbd/No0guJkfaZpWN8Euc/edqxgMocNhF1MZ6EJ7lWC6W4pRxRXElsIbXUJAVfEQzOpGaCS21Dv51CkeP3zmdvzTPzF2p1YBIgFdvpomXLN2kUWq9ga6Sa/HTxQEx+rfEQ8Ajfrz9jtoznGESEcHY6lVI62so6agq0qqaohBdpAJKKCnJlbPAnLtXt18py/hHhlofbQIrv00IAWf5NHuLqx/XO+Io+Vt55D3jh8Np7SQXljVazy+/CGX79k62ss1L+KFhLmKfwZyKqNXRgcKnUrspVZlDhRmlxfila/+SIe0Ps/h/Lro/wC/EbvDcKg4Zywk5JGl+TV1zrh8CXfNTS0tokOusRvqtDDz1x7+6JMI6O9fj4ysUWa2hqW7ibIvCyRFGpuN9pjjtl2yrulK511VUb/O5hirp03FL/mjCceb6IIWELUR3eH7aFFauEo9fb9AS3zcWBW/KwwETF+squN5dDgFa4UcDQO4bm6wTqlZ8tETZa/FZ3SSYeEqsUMhAHwhtB9mt0HfMaTfG7RaSFPZ/YnBG4T4oku35VUnVIO4is6jkJK0ehEJVJQd/WKcGAja9CY6bebhVimrBy2BUR0guxSAJKDO957hHME6DYl5YJPPfQ5DvbCp/I51y/Sx5GRzRGFvCOkpMBd3r2hk0VZLs+ny2hZQKJbQVRwRabubwVcaMmY6rb5Rrm99GYQc/q4ZOK/npXdfHUaNPTaR9XYeD2V5fyogQOLSUanmbzVEs24bJ333wg/YYg43fAPY3ffQP334XoXPQvHYP3QX4P4fXPPQwnn/AP/EAB0RAAMBAQEBAQEBAAAAAAAAAAABERAgMDEhQUD/2gAIAQMBAT8QQxeaGLpix9rweTViGJelFsJj8YTH4N6sXssovKE/yXUMnE259PhXty+17usWoYuXwh8p4sWP/Iii5mNjLtLR61xRPyvF8Zw+lrFiXcLj8L3R6uEMvikTxYv9CH4InqvecwS1+C1j18LzQ/BZCei4eLlY+nlL4oYj8FCl8UQWQhOVlxLZ6rENCRCeKKUpS9tlF2iedWo+jXD5pdRS8UaELH7ohNYmhk8rk6Q8WX3XLFyh8rF2uZ6TViyYhj5usTGLGTwQ3k193UMRPV+yHr5XaxPqZFxBD4o2XwvjR+Ey8tcsWzqlz+CITWIfC8UMXLxDydQfgun6rFr4RMuIfD4hNWvudo/vV4WQghky9fzt+DQl5wnbRCEL22Lp+Kfki9Q+bRPFy8SJ6Lbs5RMpcouWhLt8fna4S5SH86vDJ2unq9KXUQff3yWraXhDZb5TKfRIbGLpIfD5WrYTliL3OVr+C6pfCE183i8SCGTtIePhcryfs3xCE1C5hNvd6ZB/OHykLJ1+8Uv+Fa2PYJE6WImPil/xTid3xnhBDQ1w/nkmXaXudUpSl7omN4xDyEJ4MoikxDYubC9JDP5jxH5iYxDQkT1SPwpcSGhei4eQhNQ2I+kJ5sR+YkNMSGsfrfNDfrCH8ExlaE2fuTleF249W31mUQ2Mm3J5Ut4XE1ISJ2hkEXVqeXbk4nEyl2EEPhPh7OIXHx8L3BEH4pYmf0bFtLjxrE+KQQxDF4Up8KUosutiZT6JDWJjL3OVwmMXFLxer0hZ9HjIIj6Yh8vVj8L3cerKNlKN0Tx/6p6ITJxPwnpCathOni8VwhvWy+ay6vJi8VkJsJ+CGIYnwif4UNiJs5SJiGKDS1Dxi2CPo/8AH+9wWfSDIt/gh4xD5P6Lv+CHwx9fwXDEPT1Z/8QAHREAAwEBAQADAQAAAAAAAAAAAAERECAwITFAQf/aAAgBAgEBPxC/ifpRi7QxCHy8fpCMbH1k7o9XCLio8Qy4vaCEJwNdzXzBIaFkykF4XiYkQRBD1ohCDfU2CJlEthNf3yh9JaufgZCEIQYuryu189whMJC1eNxoaF0kTEQm3hLGPiCRCE7fCxiyDUybMXbFt8F73hn2NQT5XD7axEyal22Nl7Q1jEMg8Xq9eMQli6Y8TLytePHi8l0xDFxOXqEPhDExiHqxeK6+T5GLpriERRPC1D4cPgWT8FKMRcQ8fYiGsTxctC/NNWvIIpdfi9RCdvxZSkFzOJwsvTRCC2eqHlLi8GLWxPweX8DxjfC1Dy8tjExPWuaTKXFqy+D4QvBb9jJi1fneXaLKN62LGIeQpMvSY+IT0hOF0xYxYuYuP6N4hi9Gh0XKWIZRYxrGxPFy2LWLlvV+J4mXGQbRconrZ98MQvsmPaLwYuEPEUeJlyDRBERDz7QsWsWLFs9mIe0Q9QhvHkgywQkNCFiGLm+iEvkZdq1i1DPjaU+xbR6xZMpOV4fI2feSkXBankIPo8ZcYurBfPC6hBoS2l6/osY1iQlr2ZBLp/IuEPHxT6LcSGterFxCF1ohMRZ2/gXyP4LRfPixdMYlk7XUxi4eMQ/OYhl26kQnUnEPrbcRceUkyfghBInN82T3nKx6tu0vo8pX0sfCy9vUhrJrEP0fo2Ioh/ghPCDRMerbiZRbOkP1pfC8taspRMhP1wnMxiGQguEP895oh8XUPLq1i9UPwm3hi8kiE1i9GIfVy9vxZRPU/J8tfhnC5aEuJ5Pl9XJzeb1CEFxSl2cTzfc/Eh5Bed6mfWp93mdru9XtcPV4JbBoSIQmwnc6nUEPVwkTYQnd6fHwQfDYmXwWMWwReKUv4Vr80Qngi+q15dRS8vtFKMWsXmuaXiExD4fLFlyeDEvFEIQhCYy8wmI++FvwTzTL4LaUu/YkXKUpeH9H9jF+FZ/PH+Yhix/fDxZ//8QAJhABAQEBAQACAwEBAQADAQEBAQARITFBURBhcYGRoSCxwdHh8P/aAAgBAQABPxCnyzkCXbsubIsjIJILOyTKWQ/AOT/V/n4CD8dv8jfr8ZslkBbZyF+uR2yywkRgLD8CSCcsYJDJjJ82nzPn6gPmQz2OM9s38f0s5nkLPZPuA38MFvGZxYgc3J1+Hpe+k+y7fMFpuJPuwnG45eRiSNy9sNEwUkGSDlhsYMA2FyzbLbbLB/GQXjDke2dj3c8kRxt2xgZ6+XT4jZ/sBnfw5Qc/VmeXVyT8B9wd5Z2f5Y/Uwc9kYLJhbJ0ksLKcgxnREQfM8+rdewH7kL1sAW6+fjA3FkSgzs6XHBZ8Fr1uXLH5LBLm8jTwjXzDPmxfm2tsON90GeQw6xpZ2EHEftBn4ZsdyA2dsEDZIJOQb+AXFlmRGbZnzDnxfMuOyb5CPbIHYOyI3W7fMGxiHN+IPpY+qZHGsJ4QaQd9s/cH7nnzB+44efgviZsh5NkLp/8AAwsJ55eyfEYmCDbNt2ePbPjZH3YPFvobD6wY+5O6F8/UcMHNg5BHvZ68v/becgeaZDrIOJMgvYryCBthYs/AaWcggmHspuRmXNmCyixYT+AF6Q9n/wD7LQ+7FOas/QfJlW4/E2WR8gS/39ibR6N5HgnrQh/Yp1GL0LO4/wDl84Zl8B0kNs/V/kc+PyHzHZ4vUknbmykMtnb4luN8eWb8Xl83rZ2IgmPo+bz5kBIgDqWD8QaYSYzq/N90n6y8QQn4/B6cLXcyzOkKnGU/Ng4OJYvIU9i+fxllkQ/J2zL5t55ZvbPwBTsYTkhch3Lo9I8+i9YxKldh81GWreG2qRfsh63RTEKHpPu/cv6tt94eQT9KRs4C+C+JHYtjKv03E5wg7+EgLD8Ny3fLvzMT7clNtJby9ssJtk38B2IOWSPfwPbhjH2OP6/CJ3dPLScnHxCSO2/GV3JRL8w/F/V7x0javPwG+zixiB2d+rGdIPq8/DzJ55DzsRry78wFgSvHC5mpAfWR+B+9cy6tTkFTB+llxPg7NmD+AyNJ0r8toZmzh7A+J34tU6w+0znPz9zcH9BFGg4j4g6dH3CP6sy/279X9TuR52f1byZ9mDbJ25JrHzdg32Qnb48u/E/i+mQ/ZLqXZ85H3kN+J/TJPyX+Qt8F+06e8s+Bnv2/uTCAkoeXU7OfUW7EGkc8k3fmJ7+Ty29Y4z1g5JdeRBtmS6xbeJWw/wAkCv8AyF+j62PgSLsO/VS5Lrum/Nj42xTNjflJ9wNteuSri0/gmXspCIHfRjDjXjKA+vSJ4b3XLPo/QIrhkMhPqXkeWJ/Vlxe3SP3M8g7AY2Qcmyz92P3dg+c/GNcvfk++SNr7lSY288nVlGmDPizu5I/V/EIkIHiTfY5IbHv+R5cESc/GX6v6sjWHbbN/Gz+DE63nl77AWWXhy/aR8iIEZ4iZs3ety6cZby4IeyciZGIBgdFh8GALFtRpYmMIByesJE0dSWIef+SB6YtQJD0rowRM+kxsRjSEej7Bnx/2BNKfrLY/D38Ht8/hIH5v/uxh+7lyfbD5tIe/q9uFaY5k69vHLrOSHywZ2dXyD6nD83MtLyF82CfxFk8f8vEnImG2ZZtifMce2lyzY5OJJHPZB8svPL+3Ifx57Df5E65bIGl8CxHj23vmEnYaRRx5a0DFk4GR9sHgupwQl9goNib9WBfEdmbVfMicHM+V2TS6gyMjFH5+bRRpkeMSEvRkNrHmanjbZPmOsOwF8z+NCHXy39XGwnl8xi3fibML0264n2XPbY5CJkx4vFmfH4f5JpJ6yGsOLDLX8GQ6/k5P0IP1Y+pZ5bHOL1sdiYTZyfqfI47DJ9i8uMg98uA/pOiYaCxufe4qD/pIDy0SSitfVZO287HuQZ/BVfGVe9y7PqxA/l3Xyzv1Nn4PBjp72TvYfN9/AsGxfORgX4nm/uRV7NkPJIn7hyaJ8kIMvxvL3B89khLn3rU/svfL929m7GZYTjZf2dT0ufMZMO3C9j3y95HWzGt10njsB5CLds5MQyAyZAR38gTMh0iG0HPxv7uvmGfuxhjYL+M/dkF3YJIzC68jPvtj8kkv0xChnVmX/m9gtMe1tx+sb1EiGbPQG/M7rif2PtASGADcTc/UgeIIku1/Vt3sry5b4fYAJ0xI1+NbJSmzAm53Ic+yw0+9mxZiZevJfDZD4bD7oyuiSHwv8vhHX5gPXen1AnZ9+yMM88v/AFPlsfg5Iy5HeSZ5MDIb5Cf5D+7Spt9sTlgfNut0+LN9s2A4zZG2IWbD4swv1CcuQ7Y3z8C/q/UkGzt/UcbNm8I/CmRl/uSGfIfdozwPXlgifrYKG/o2U5PPtLns/ZuOinFx/wD0l1eDj2Qqqn1bu7tru7s7GhJzC1zcLR5b3YJ3bZYhwAEfm2Q4STpFF34mdrGjkyB8yXeTyHZF7MznX+z+AWDnzE4LP3H1ZQbCZC97y8BzM2RPPJezkE8/G5M+Y85+E+/wTv4O+3Ni7yTsY9bCBst4Ts78ya6M78QNjtne2B5B8/jTYGeON+lx3cB+M1/A5etl42kdZxOQWYbGNlvfGQ7oeSAdefaXmJ8p2tfa7yri0YhymNeWqs8bwtc6GwMzOxz0ID5J9bYh29LE/sOTTnlit9PY/nbt5B3z/k3o/wBlh92xI6Xy0u/9l7IxjIP7IGhf02xU/oj1x9RmO/syRoi58tj4n7M5eRs72Xrvn1AEUaE9xwbYJxs722/s3j2TYPh+PfbhYJ32NPqOrYbIPLV3ZgI9k7Z+2c87GHLzy3+xuRjxkLdsMgG5kFvwlsDiyONj8H4HPwPbeWbI57FgmcEF46eSshPRes+/Cx8Y8o+BjZl+inqS5zYyN2Q+IEf1GVv4lnEnV5mU/WXtr42Dp2NO52fFlfiIgL/SAlfxNhrPuH7tyl6/rlztZ8ucmXUwPiz2fJex39pC0P2ywP0A2ZM9tsmkels8gvr+AP8AU42/DjOzq52AHVN58Sa+9+5MjywzsH0sLAs+bEgvkHI2Pfw8M8W4kl0g2YMvUex7Jvk8R52+Y8n2yV+ARccj8av8jsHxZsFxaXPu5f8AkDh6XbFMMEXVO8yGjG4BkUbnGeWpgj6iX40LrrOQ7mxbjtkrfDnkR0Mnfb6rPv6vJ7di/wDLUM6aZeYf5goCn6sNkf5aDgf5Og4gNHj4Li657ka9d+5Hm+Tunkq0H+knS/rZ9Hn6jA/c6eFwdGOnYO8YMz+xm0B+7AX7qwQwm8t55F/k89iA/l8+w/H4Zy/y8uz1bQR+4Ebn4H9SbDnk9Qx9/Cc5+JgwPibskS7xkQMtjsZfMP1H4Ng2Yzu8NlX8FozejY8GgZlskig/qMvy6GTersvzbOdeCGgke8JiNn5O3WnzLP7aPbM5ZTXfJSEn8gRRiIJThGgTQobz2xA7I2nIkDh5ZPLfDJQ9lsI8gjkb05KfMjOGXpanzkvhKT8MnB5LmPsfkvExYm4edPhsks5C4I/SVzhdPi7vl48kh+I63XJwyGQdwgvI+Umwz2cyD9/ghsbB7+E/GRNxPIfv8cSD8HGyd20+wt9k5fohVOGxBaBAP7N9gbaYkn1k5ZOBB3nl32yxukwuqfUNQslPo2CdZFuZYXIgeyc4R9EEEAEZB5YfiGci5GD+sH72GAtz9FzWPCcyB5ySG39ytJkIAwQHJhTzX5jMZr6nPgSTggHlw8nfiKPPurLcmfiXFsb5PRsn+79WZ+Hcg5N2NX8aWdvVvNhL24Q47Pbc9jY5qQ/28+J44TvsGQbrdy/c27P9h32D4WfdhthkGMwXzF83x7Y/drD+ot5GZIEddL+227p5eY9lOnmXDl8yyu2uTDsfMmpAH2TvjOnjag9ZB3mxanQ+oAgl9GSH248jnzDp7GR8lh9QWpl6XsCjCEHH4S7BasXJkYT5u4voySyoWMP7cfRJ+rCcsfYVTPSXauKtiHuIU63j+UP3KR24TbERk3S0kesGWGXjkG+3SGZeeXry1+Et/UPs/V82GwtjIwGXLDdufj58jv4JBMtsvr2SI6HxBS5df+w7rw/t0SAQMcPt10uNfMqnsCfM7k+xni2n12O8bTpCDysHZ5svhPzkci68Z8gJ5ZfmT6ZZJmZ8W9Z7d2OSQLU4J4Rf6fqOdI/c/wB/7C1eweHJfJtzyXfxrI0cez/SzxfD5gRkDxuwawYyXxf2CzvtnfYEDOWx9hdt3y/a+eF/kuchN7Y7yOF3fw7AlkAiR32yrSHEEllmM/y8/CxJ27JZ7dTkIbIXTJ6ryi2+eQpufB+59BmsIs9S5LyfLxIJfrgNZcIXxHNgRwTPZA6FhtiezDzyNX9XXzeocg/NwcZmmNrYImoR9soN/d0dot2OYORacT+WFunxjKfjYL22K9ghaxmSTR9LD75LzkLL9fjIGzvZ6gm6jhHPwe+TsD+HL15Zhs3x+F7lj+ENvxBeXIgmWmTbb29ZE8s+4svOQR2DOm/qIkDr2ON0wtIjBHL0n4m8/HLP4Ntm2l87bDligtQOQHgwACXNsFMmGvIuLsvEPm0I5IJ3Ibt6qWkFyd44/Vu5z+JD6H6l5P7wWg/WCKt2euT2JN0t/F8vuSmYtBigAWGEY6sDy+OTofhgvm5aXZPYHbNfZ34Y2V2X8FabCfgNntg9sfE63EBl5dO+F/khCzJviHPS9sh5ZthMZaW4HW5GOESoeA2bVsJaPsY5ljXYMt/JrEOC0WIIA+7sHxNgYwfEbZC6Ed0cthMuS/VwyOR05D7vnjLHs10bwA+p2Bf5PnO78yg50lEQf5LwM/t1x+L45GnzD3thdJm8HEhPuIRjOtvrQ0sH9XA326PI87LETm2FgQfuPsHeyM9ljby1+b5nCekOwuz+GS7Hkm8kZceP4aTnfL2dFo/GQ2xb22HfnLHH35Z1M7k3f8MHAX6fVt8HweMwhj04WwHfk+SQOPtkQwd2yOsN4fMxb8wmC+ce3nFnQl4E2mPJgGMLIyPuz93DxtZxjX1/As5PnZcJNKf1yU/sstUEQxtRIUwnpx5JvI35/DOcj9+/gF3eE9xitGAy082aPWfIy+IIPyHJ7eEvb5t5GMieX7TE5K7n4BsheXBYO3kmyJDjYW6f8ly2Jt/GTyG5NpcO/Fjs6k3Jl0YcGKkpeDmyYFSPcY9uGxOHpzf3c3jKQ0j2zx82xZCIhzbN5EOOQP6YfJyUnynBmYg9HkQ+wjeuh/t1gyzccWHsN/ZATQ/2R4FsactHxyYCQCzme5Nih8ifuwnl0Rxg19hfxzIuZ1/V5B7JOmXer7CteNA9tFeOl4mN3+8chz8e/j2bOwGdlqnhdTyx8z+p4GeSs+x2ztwet75Z93Piz8FT8DidVFlm2ZGbJK2ZmWQgib9RlR44xEyivHkkUExDuiJ3/bDDrrC8010/v412WEoRtjvlsuWy83/cLFkqBki66WM3HvlvCOeSJWZIQzQDCZuv1bhvfDtsz/q8lrx8gL/xgAWkA8tnnTYxx2fAB3k4HiBztgxqHBtnINmfUqWR4CxxLp40hi4GJoyg+lEtZXEb3Px2WYjv4SfJZZPtzs8iJo4yQy4b45dJNkyMlNgGCDCSz9yfH2L6/GGENY4v5HDYdsPuck7G3c8t+yR+FsdXbsRnIeumq3iQCLLiVx/sebNnT6tPcWI+IU6v2/uFfZsgb7Ei44t73W5De4QiYD9yca6xIm9uvUYwHIPQLEjT52aHHz2WP/JjWZ/WW7j9rMe082GQX+SAaibzh+rVN3LMB/dl9xDwtqSn1YGCeEfuJ95IQ1zGB0xrB5z4m8w3ElIcWbNjNr+0nfzF82ealT/Jku6oDF8/BP4O/hkkikLy3PI1+YIbueX9GTsaLyUeXvYDLqQH2P7K51upxvrkJOt+pYbbse9g+pGNu/dn23EsQeZAD7gkwsz5RhhX2nU1OHhAk6HO/ENLu+JZC8U2J1t1tLsQJ9kIQNCXPjPkGZA27/LuPkr4m/UzMVwWRYCtk8yH6sUcfqHIx/YExB/Z7hB9Xjv88kIOCEwdW7I9k7gXgbjT0EnC/qszh4wCM0tpxycojCujEyz4f8syDf5fBF8LgqiB/l9fH2BRBhbeXI5+HWS+Ie2QLUaWydE6scOyc5Z+CdkGAG3Et5y+Dbex7/kDnkkfu6eSmFbptzcvpJyTcwuXv/kxKVrtw3QeRPXrsQZ/9mYRBkRzNtBTRB9geHp83U7J38cMGOXhLYk8YQtlZZfXCHD6u4r8R9pv9t1rH4uh8QvBIn0ROo/l7+L/AHwsLlbhk+Qu7r/+TO68e8hXtfoNyBl8HZAff7ae+Rxj3YO7KN1SwtNiHHIcTfiyjoE5YWkDl8mKSdcewRD8Yx8zpCUD35tch1cJRqHhZN49k/Dxb+HdjY2WOTY5sneQr+D92Tv6t+7vwcsd7Ywff4A3xkfqdg4bcsa/lrB/GqyXls+z+F8nzMzmG7FrCmH/AGEcBLAzxuzBnHY8vd6Pu4+j/VADdThIHjYYBDMeLC63ZTlp1bcXy5wvl7GuvboEV+L1wZXp/cnWlsTgZc06ig8tvPl8IujbNA7A4mW5epFOxu85C/6hdm8LJ5aQBP1sKJrk7jV9/wAsmSEOmnkCcnwfiVvD6p1imSftjqaBIRxKLxETLvStr6U2fI9tWQx3v5Qzs+v/AMSc+Y/a/lveyix7YMs+Sw8z8Ovm36v/ACW8QbIfEZMfxl1Ownz7KbfeWucwbYV02+Sl795AYgHxLVuxHAj5AfCEMYg3luM2B2zcYgTJLh5Pr1j7nLAtR23CuR0GRekcZ4H1KkGn6nwu/OSKfUSAdkzEWqphyMJYbBFdjmBmWx4T3yH3AZyGRZuSP+x5TeTMB8rRYx3JzHH6kcbv6mZAfGWhYQxdtB6/GwX7iNbC3BLhPpYYH1b+r45Zvv5F/Dp/Lo5N1A+SGVz/AODOwG+/j1Mv1ZpZ+5Ijy0Cz5lWccvE2p9hIu9yB82G/jmDctQAbGZ6kb+pzMPLmuEhj1wtYeClhM5IQW5+YSV3loYWx2SThH+lyHl9/MQzzIxBzIbQxsZOPZfLOYH3ARP8ACeyuPuWrdHPEnxs3EsAjsNyDI8h2XGQObyJwNXb4yLKTuic939Qnxni63IUeg9vP4/MQB5cgGMijw3Dvpa+4c6/hj2+Yey3jloru+QdhZl8H4fZw+JD25e/g4eQmWcs5L4htX/g/D6n8h9xmz7yx+IdceW4R3tl185DhLvkHmyjAqFmWRf8A3YgW04Cl5EMKyPSRv5uOxfCeHl9gLQx3fjJ5Fx/cB+kNetl8NSGfpGnkS47kUr/iGtEBLsRciLjCS3LYOyW6fYs9uZ7aJANnhdl9l4pL2VQhOWBvRgRz+ieSn/5pbaA+DySgb5LGSnl7A1+rpMWyB07v/ljPLeeQ6z+1mWu3zsdhl3HS9t5+4fuZd8nCdvffwSOefh8j2Qy7shlmJLeufV47KSRfEfuBeuRjy8dmEjlsmt4gN5Bkwa+2BB840Ovvlt3EBskSZ3DPiduLI07EjtjlL9yvytcf6/Ue4r2JNcmd8WU3xah9T75fGIunT3L9nrLXET9TIf8AmxnnH6uIMPO22d/McyS+SMngW3XkI679QBcTGWD3kjJo6b82Cid+bQ+Q/kCbA7jEAc4R8Pts/X4hzvOQsMuGOzBrfORgXVGuWPzeMsfhxO0fwCOy7+VJT4np+A3EuWzkpNuE7H7ufjYBkb+ELJG6HWwYX9mza/8AFG7qfHd/hcojTMf5MYHdmEGYPP5LrgwUekKvDI/C2+QvguJ3GDtxB0/Nv+Q2GOlyb9RgQBgYXROSah/y15ZFyLluZAGsSHe2j7G42ClueX23HZdZHwbyIXRrdTTmZbsCbloNiEZzJVFIr/ZkWLhrZo7jS69/lxd+oX6/DbBtnGPX5jVodgD4jPqNdC13vxKM7/kc9jGwJSMz9xJryRJdDYS9fyUsHLv1ZZEx7fMn7jPwLT4QiBl0ML+yPgv8uSB+rgg3PiU+o3l3kBnbwvR+Lsd2w9gac4MEOIRpY3O3As+W8mOsgLkKXL6/M3DbvxCZL9RNntqoyHjBjj2BoXL5vsFa7dvm00Nw6yD5tHd/EzG/zFhhMNb0ANgEzOZZRzfMe3SRchd25zXg8bqCgbFn3L9fj2fxqzkSe2FuSaeRu55Gj0lfdo87d+2B8yfiBfYJG/z8bDnX8WiXZH/CMSclL+NLTZRJYfw5PkbOxtr9SuPOXAQ6S8eVG2ZObDsAZpKmq/uDFnwPSGF78OYyRh+yHOnIFuSPFhOXKctGdfiwnOS9W/gHIH4n9Z76R/C3Rx1yWYIeFtDSO3+Wzo42AfEv3EYwWZQ4ewnetg6eQBWH1ucA4iYUv2sp7yPWfPbcljvk/u0gvi8SdRuxuR1viemQZ3Za8gkhly69bH3Y+7PwSyPfw/8AFZ5BfpEgpeOXTtw9uWWSXxH7tPi/t56z3g9hyEQbYL0OS0hsxXC9Rvy/4WQpzBfMhNlbgId+ROg7jcIbP5S7q04vGBw+LeamED5j4G3kN8ZOjs7+LfbNfu1QNzI5yTck/Ug3BaI+bq5cy+1kyOQUXbGqAPVjK8mHy05WV278zxyYD6n25B+CyUZDeW8tk5cr8CmQOXrtghp+oAcldjvthOQfRP8ALI8/BtB7OPk+X6hmOp+pF+bpKw+5m9LKZkm3on2GfxnLnyWr4nPqczhBoPiJ35nVtA9W3F4Zcrd4fiXlk4e3fSNfAyu4Pstli2l0ASuGYwHfcggZC+TryI92DmxpnzaXYDHTyDvkPokfEDLLnBBhDEuQIenLYvBy3KvhGdGdMHPJslm9i76CIOI7koeWD19/AyQQTHtmH4Fvi12DnbQtJCXmDGbJ21eSPxLseWC9kAyWtiXv8JQZz0nOfEn1ZvzLnvZds7rfO7Ls+3k/g7PLZ1tS+tskfQ9g2sS2Pz4Z7aPt4PzIIezXsX3vo6ToT0GQGel1g+Vn7gpDyyHSKN7liMm5uth5iybjZYwy26WBrMi1AZjyDkmw7sUeStuxwjtkjHJuH0t0ieR7vjYjQ/tyetsSNMxvmYeWGcL58s2y+L5mIO7aJkfveknNjzrc+ttPi0PLUH5/Cu8v/u3efhx5Gxj829l5EVW+h8R0HGl79J1k4fVuXzeuQzZ+N/CcifbLyXnfJBR8ZZA4B3/kBNoT4ux+IHj/ACBYcs/5BpEfu4hCB/q9hGsdBXY4+zOl762bZP2yOQ8tQc/dpgPnSxRP9qTiSPCP0Cfd6C21dv5aIzGNhLmcexHko5bRy0K0ELsfL4TVn8nmvz8xkO29PmDwQYW8viXkeT/Ycm6wh5Ysz2nxOiAL17OPzP0ZPts/d5cdv0WayS/Ua3bELW+YYufxPUMeBsCOweG3Uc+bOQH4O2NjbM3kWfgmdf1cTPdsrRw/9tNHhX/JywAY0c40jm5gtjmukGEfTCBHx/Yw9f8ALr2ExydGPJs3SVYJ+2cgHmPi3nh16ZED94EZanuMf2B8QNhvmJckLNszl5vhtMiWdsI08l521FBdjAfWwfitTBIcvImLHM+7XJfcm28v8gzyfbi9uQfVx1PJzD7lYUmQ17ceWQr5vJ73CB38ZjKXiy/LOLl83Q200P2LtEQMajcFlD+HkTZn38fH4b2bz8FkrM6f9veVCcLbmE5y36gOszh9Vx0YND8t5osxI3s2wsgJIZ4fSXZxhJjvNTZTAfk/UKEP7k4OfcZrDFr1Ae7FuMwG9vollP8A4DhMyTxaEZZxPVth2Vw/7Gdi7uIhukC6Y+oMufjewyWGQDHPJj3PUQ9TPwdJJeclBsvxI6+bW12PIRcI99l2zbDfY4rLoxOwX7CfgTl14TyIYk5DbPse2RZN89g24w8mD1YzV7kf+zc9Rnl8PxvxBOcM6w3e+/8A/CIrHwb4LfUeevnL0AJWO7smzg9lfq/rLtALHaIDa/tYytyH4cvOjkZZL9OfMN1xs/GGmT7Ln54S8iHyEPbtr5C98kCFd/kZYwa/7ZE5jhDoZy9bv4apfF8SKwJPeW7dHkez6GyKp2F67Zp7+Gg8tJqvhlSvn2HluwvzL+7T/ZXINsz8A7aVjY1GCQG7trvIOwfgBckLCPPybeXy/HxE+XzKEwwPxvbjAvTsgCt8XfQQU9zlyJDP1ifs9Ztvz8pMmYGYfH3J++RMF+sWUNfrG6/uxnd7E+4PrOy3+8m30sTx8QAH+XYd7fLdAQbL8Af7HZT9bCn02NjMJjyO9l7ZMjYEO2frIYfcnIQ+icPS9Ir3HOyEg+2Gcg5JfH4P3JAsdg/U4tZzI6cgCXPY/u/6l/U7+OJbkthAz9z7PJipRHqVIhnpMYFswIrZfDLJMA+o9jUmWqWOztj8fEeSWXjJXf7pNOkd8R4gHZEG7B9JUB3g8g8p3I3JD7MHRsP9lA6WZgQ5ydIAuvuMer1kerfJDRs3I2yxOyjh/jLqb/1MZpz9z7p4x+gSqT8tmAfjIEFPyRQOfNgI8yE38WFkoBdRHN5fXacG/EcPyhjk2+IeXxeH4yzsEOWv1d+YeyY3D4vYcZdfqXnJ77ZP4YZBYQctn4QZBtvzO2mwe5DNPoblWk26xaQC82AD5Ey18XXt5ar+APz8T5+Ht4d7HoIfuNWBjsCU79BsOGuPWpUYnXgWKb484sqNXdv45dfIPs2OHjqD2d8rEb/mx7kSDso+FSLEnfAP+2wWvvljfpDsW2n5Q7/BhbHhsoXGwZEYnxCvY1Dc1gnZM/8AtEtmuc/GEG/MITMfIHKB2fIdLYn2Js7HkJa+JrW23JVPYJ7ctA6XXkdsn3JMmOPZ+jHLdsySVOnxZMHLbmPjI8UH4CNN0tCMf1Z4gGxAHRtrV+Ib1jps7Bl8QXxfPLPv8JJ+Q9L5Zy+jI3c7YA+L+efgYwdOPE+7rCegPLZPg5BM7ICpMv1d+RsPPuMhrtHxFYg/UHABhJrO69IJ+DYuOMi9eWTNnWCObLmcbdUZ9THaeTVt3exjHhJhsC9n8Ntgib1y8Oz27O3x2El7y+bLJWVe2GnbFviFvIpG/F0jY97H6Yex28ZkmfMsIdIuaMxyZ7b/AHjbfq/5iT1nD6hqvPiWsdE4dP2lrjywj2yd2D8Z+f8AbLySC8ey/q3eJDhh2NLTmQ8yy47bz9w+XE7DtaqXAYK65MQuQORbcHB9ZbM9s5HJAH/tl10tKdnXLt26eXcZlgbsATOmQ/8Ay3TAe7Lrh87ZGP4EPIfBvGy1TEcfw2SPVln7nbHI9jdmEj8IGzh/br21dlzyElJN/Cc3bXq9Xnt8ey3xGjGng9tro+ctCumFHywMB8uej/U8+RztqQPIHdF+1OymyNlJxjDyNs/cGT+CRg+5ct18mEfnGx/Dmw5zlihXhZfj0bYBu3K3H7yUO8nAYhO6EIANMbbYaezbC+p+pFWNS+HZW8Mkeo8g/IbMAJQbNsPzL+fIhuTdLryOe/h1L+NRsQksvEx4gbZluky55ZtmT5YsGCW+Wd7PfLITZ+8vaZzls5KmJk5MEvJRIKYnL9zxDfDtxAbLsdCyLxgv4nyH9W6fjGeEdNui1G1Wb2ZlrBBs8gjqXlpPficTIWAwxIkANB8R53CydInQL5LP5NZ0x8zkqdMYtZKhplkjdR7GuhcIwVCFrwn2GvNlPeCw9jKGMJxuHEhTyVguj5M0W+R+7Hzc/C27el0h5bt3LxszxYPZfi8fkcy5fMHYdv5L9275G33cn1x8Mm6JvNlXcxdwmMM5ZWAOXJHivFtiENBxETeAn7tJR+M3yN3s9sZ2cHLn5Ak+rV/AifMtOty5APlotvX4yeDBTy1BLaRZp7CnzsvNkdHWKn1swM52JiF5oZl8BIkvysNbMNydwFc5FwJ+7MGP5ZaEJwWTdxhyTGXZY3jHhifzkE8l5+XxKn38CPG1YvUHjOMmTbPfwTJZhsgVNOEQf6ZS35I+vlpxkO5EFY+ra5E+5PdEs5xHkYT5vkJ98hvfj8EOPu2z2UMG/EmW/q0+23IxPIch/V/EH6vDha3z7LLpD3M58xIFR4dIVla8OZIO245FQky/UQdO2YN9s2jYjtrfeTNGDgGfuHIfwwEN1sZ4g5OTn3kJP5LfqF3pHpDskVaF/V1Ykfgss+5L9wH3fLGessG3ry7aI36hN+y1aLTBs8nye+XybbEnOJfl7GD6RTH5m1fVirztgkOPqwLIvQGU4IerDnC+k1mcM71mEvpkNy8hhv5RD2+JgjFux9WjzJgs7Zb2GG9vn8N5Gbr5eLj7/wC3Boe/q747BNIycrEAY16MBXRKN3CM88n2KRQNbK+q2zChVmMAMs5yCkKSiHn41NaP1J3by3S+Ih/Bdtl7kF4Y4p9h0nFvbhYWnY5+AaQY23llnWYjiGzEdmjvlnHbKe9uZfV9Y9m4gIAh8TZkA36YVT899kgAFrdun2GJUHJBfu5b+NfwCeH/AMCBPIWe2W5H9tyzO23Ty1zb120+Qc7LL6fbG2/Jsx/2HGI7EfSTXeSc6gOwUD4tT8IHi2Om3sAaMGoCL7F8J7Om2z2M5aPJ57fZAPCAkiujgw7zi5v3Zb2XL6ljPm+beT6l1uDlu/l2Fy6nmXs5jNb1mISI+T2bQWYRDs90iNEuMgfqqXHXz5suh24LZ2+eYuZEAGvwMSW77rFdWsNYBGYke+Wa+WTfH4vX8Ehf7GsocuyXPg/G6ZD4ky8cgPmesPJZnvJB25qRP3CROVzBmQ/t96zO8t3G6QuMuJschEmZDA7D5EuSAbto/MD2QuM5nssZeQ08hYBfi+meKx4D+qw6HH+SPxZdfj1+A5Pn401sG/i+fgXPLbLkZ+CwhgSvjl2SVujmS0QPb2yfSb19WTPMYBDPLB9Imln1IZQHf3LW/sPiU+QfEjj43Iw3YF7tvORvzezwlz8NsRjHD8E+p/GWg252azS2wf03d7OjuXtNZeMJXcGRuaayGyzxuZjIDpt9ZPw2sGzkbMzOSADBcg3L5Lswdut/Ruu6hGmDJndl7t+qVbA7cPjvsjSz4cGViRvwM6IrNfM3kb7FCDfBbdNMz9S5PY5D+Dj/AMtJPz+9+n4+Z/sZcyeieXQVC0tswm3OR8PIRJyHFieMY65l3BX70QpWpxs/4kX5rGc8gOU8xbB6dG9Xv46JMj8ZcyOp9/Gj87J23Cew/EO2aSMefHq+tMLp/wCyYH8GNWnXzsmhvsDZSHNEn1MOkuNvcfZnI7OAzyBdnas/mQPsKfFmQe3fY9ch4k9uIYuF+SC9ZPi4SHvRI8DHAx2cdXJsWAOaY2XSfjYgRHb1ZHL1jF3kP3bZ8/jcIfwC/sCA4gyPZM4TGTgbKR5az9RAzyMIWtOZJ4fU3PJGPZ52BCwPMInjc+iyaekpI12LamkuOKScsSkDkHLLkwzbl4x2+IMG8Qc2+bgamwwE1Vyxxjx+soSXfUDVa/hcrp/GdsgIF+kPYKFk95ZTr/yHyQz7dpLi3gQ0a+yThazsnbNt/wCQiyv/AMnG3ceW+ez8MGfauYsj4/cGqdztm4J4R3+oWaH1hNxO/cbvtnP/AIXQJbPsL97KzT2zObcHth8SMV4E62ZKjV2ADfYvN8lF+J5D5gBnrbLPq6T6vmfUHOWtOtqTe/MmJ9luAT4ZO46eTImJekDgLKf1en4PDt5vj/4H5HYc/LeM3yck+fI+db1kVd8VZHVo369nd5lvz5gzyIOFsd/Vke2svu2XTyVMQZxBx3shgdiEbd0yRBkeGHOR4jchJa6fF/1ebzWLrvUtOA5n2ImkeI3d/wDbMHw/7bPf8JLF5Dyn94adAT+Fb9HJTSsftnydoYhOgZN7t7YT1uhpbLhy28dsR3ISHkTun9WFNxuWRd7kVXeSyPeQ/wCUYLALKPJEkk+zTEhVds0d5fJyucfqzkXRcW/jPwONz8AkU/B7L66/qfgce7OT9lWR13w8/wCynTdkd8ufH54+fwHTyOmQZEhC4Nh/sG/uGqQMVf8AYYCCyloSY8st+V15f1LDtluT33l0PnLMU39Jh0/EIfYrxDz4ixvthbfIn5Qkj5l2kjztgjoc0vFiw0jj5t4h5dFj5tl+i6kLvZaLp9SKr2//AFIAjFByD9WbLltn0sodwnaoPONv/COyAGe3SnYkHo9tVXH1Z3ez0nGQNzR2JGtJhKWcgbmWW2/hIELffZSwE8fZkokfutUW5pKVZ11lVwd9tKb20+Jy+Y6ly2ly3I1YijvxGZJryG42H9lDXkf3C5GE6H1aYO3Iy8XhPfJM2BWyO303xGzMus5l1dP95C8xM36+ZgD48vh92Tqk7n2BeinbW/rLEKEg3/oYTjl9AYI0Rk/JDpP7gA2OJX4jwsq3FJYOp9vti/dMS8tl3yxVpn4Zo4z21NP1fNfiww8xl6fVnbr5sseb/wDAgfqPLCPE/wAYvp2CPWWD9R582f8Aw48j9ydvn8LhuH+yrrByVcv9y7A89bqbDra36/UzbH7vVvxAsGewnxDvkGmQ7GRhheKFnkPSTEA+LMMpiu2AE5s0XLmvulCdXTDOJchBDRgECGmsVgRPsJg/ugIXswCQTT2Z6gbGOEjOWJlGOyy7PvJqYf5F6Ri2jk2PEScQcOoVsZcsvN+IdPp7aWvxYLIkWIDy04PLRvu1rixRjGx7e8kyPiC8viT9fjfuQH7jXAFsN3yHv3D2CMSmCB+S/qXPi2P7ePZ5L8vk9NOxr2zTXhM3puvZLzlhJOofbbXyyEHXWHyvZ7JIRONhKn4wy/ufPOyx7eu3zBl2QvKhLPifbANoOhY2sl2GsCs5G8BsqGuXkyNsEa/cq4WZ5kJ05DRl0mVambZSt+WO7qzCxJJAELK7Cati42f7fIkdCiyZELY5AdAy8LRHMMcBbEI7+rJOfu4QD7hTfDy4Sivjd/8AoQdKZwxBhwjOjOGhv3KQqocEPswdkJjyMicR48jvzH7XB7YoHYb6L7B0Z6nk+CUVwXScxvfiED4uSbHH4YObv+WcXz/9TT40bW1v+35/9lG/vWXXTv8As99JEjIHk48n6W/S7Z9xH2DJsSYJFnwsQbAAvZJ08unTJ/lyFmtm62T6ykDZD9cvCUGMlWmbOmLljqkPfiDCt434lOfty5bvwJQDEfwcgIkSpm8+pAasBuifuskHe7BvNw82eNnPei4iwhpHd4hdwhEzIA+5cfjyLDZ9Il35gBNN3UOgeQkF7GhB8xJAoXDnb+TzMH5QJhGPshb/AKurTt3YMA4/y42t+Y8wQOu7YbmPOxJR3v4G79kZndkfJwA/bjM+IL8pC5vyuge/dvunsY8d+4v1YycE69v/AFazPvZSwyN5+QB2OkZ4bVjsOAZ4NjQO3Rk3XFjwI3CxwBX+2ATGLpTOG6Fi9gUJgclcXGm1D8W+XCITCWI6h8gLQOs97eYmN5rsmUN3UZnoQjwkSGThx/yDzQRcKjVwIg65/ZDpT+wccf7eAYuIBkTrGRl55J+QybVQK5e5kv53zZnRkce5HBWRtQI5jGAUk/M3JumpDks/DChR+TEjx+0G/GMNO28TR/BfUNuOiQ3cy2Y49lIeC5kYSH5tA+A+djQwcB+ZmI8Cha8WsBktLB+LR7BvsCoTDcL57XfJ36unpZ2DPCXfJNll70yxmWMiMBI2SIRPmF1ZjkHex1eBF6fLBqyBijCxeIsJ2ILMe5dhTIwMRPo4WE126tuzbHEHE6uckfJPaJB+HIYEaR9hBPygfKD6WjWxwXHNSmzcgTdsUeThvMrmbMbI6+H92iiv1b3ggbOFzAMFs/8AIdIWqZyA7UOxAsBljNnT7Z6uHGz54uR4uc+I80ljERpD5EEG31nJ/YOQagEdOHSTFT7d/wCQK3EfO+RkMXwcmh8mPlEfEfSb4uHfZQzO2h2w6ew3lk9kLi2L32O+eQt7B9Wr0tx8vr7G50tDpGHtk6th9xkB0XETEedtPosndP5ep3/lg5/E7ANT+7BB/cs9egg807z1aQPZvvqbikvRIwK0zxIZXr5jKacfW3/+0hzt3h7CN8LGIx0cP7JecSW+t/dlYcyL8kocxvkC6cS4kyTCB0TE4/7BGHCzCJB/EWd4fzduMNGZp/SFL2CxbaOY2Z0p83K5PkOjIb7AL7LEPH2+MfD8AI+/xDgMmV+oEfbrX1gXfHW8fB/kMYXgMGXWj+IB0/ttSCa8NjOh2d5M3nYXYLA7CFyCbN/DL7O2Px7M+kC8l9SQPPI7yQ3aOW2mdhrI5kCRQ6MvXt+9/t5URROrV4ZLhI0xtwCvkWUrrmf5dlVgzrCwc5m9llymRGgsQpeLMLqB9h0+oy+J+70CjsX2+M/EQd+LQHFkjH+wc4FGxlr4YuZpPRqCWLYUUj5h/WMv/wBojBB/NlDwJbF5Fae/F+ithRBet7wc9tuNQ/iJn0mlgkQxk5DvLPQ4R6P3ZhbDl5YQfVhxuwOBr+7YnQ7K8QYHslbF6psfAFkaeHwWqyb+ISrnxG+Yc+YkI/5B1C8oybKBunDbGaEx6j44F8IZdOuEt9beTZubsQdZVPU9hAUUV+kYnpLyk7NL1O3KE8QbyB4PYg2xNP8AtkBZ/Y+T/wC/in1kw/A7+oENkQ+UQDD+Rxgr4ztu0ywVZsoPgx3vZAwH+Rm0SQwGB4YA1Z6rkh9JejsN/S2b7FcbI0YfryDe9s/FjwLf7I/ZBbsEwuzo5SPYBOb0WbDj+7goMOpMfm3GeQfK3g3SfwRZGM9/B75CxNcv+xIYWGJEwsPvy1TMQcPiN9L8sqRqlgPD9QDN3WIF6TlAZJ5YR1AkkHS+9WF84wGxnIz2bCacniQJ5fiXUfI+lsL7Ma9uGdutfFrEsWx/hJ/qIjnGwMDfu14C3IB+LOEGG8DC6DkLqP8Aix8GWMNIhmK23qYm6JwJc+LqmCNR5z9TgBkM8H0zQPF0rH6lI3ZkByWLW9RuYLJotEhoeSczY+e7dLeSQGm0N6/Ul7Fld9b1bPca22Ju26wXMsBnnGwGmymxZyE1MYS27e/Uh5llohmNh8UgHJ9RZmeG2AO+kezqRHq2AEHy36Ia6WeBdDnxEesjGt7i78zJnsrtcu4YUvETj+31EY9Z9uEluuS81FtWPAvW9hvbPAvLqbZ4GDj1HhmSnskZ9RGQxAcJOYusKH4RAvwREKDIQbA7+5T4P7BuGMBa8gclxgbY4c/yQ9EmEyYMGQDTM+bcH+QnkXkA/u6HB8mHQ/DlnlmPK2YDYubHQq5LHvZE4qXyZqzTqZ8DYvEu+Qb5UCTT428DstakzOGwfGXCWcSeuG/d3eahzOWqNjyGOZyfoxgDh83XifGLVqrwNx5bzvzdn1+Aeey7sukuHzHvaAP9uWPrPSkbnk3vrDjF2I8vlfLkszfEm43Yj5WFu26jtQCQO4wgm7V3k4Ts5vSP5cN2RdSBd5DHoW7vkfnV6VCKmWaDJw7Fj6LlaYScf/LVn/3lYP8ArbC6QOoREzx8rKimkd8HPgmzozK15GxQ+/qdB+OrNN5XwhP3MeHfCH5L131LxWVBOSR9ZH1QDo7MeoB3pt3CWmrcVd+8WkMk/wAn7EYEDP5a7lnE/wDJM/8AzPtwknDX9QkMcnLjHk8k4EyPxctcOwrjnbPfEiJ5yc+5HxK0ttrPSEemJNsS8s1nAvIPfJFzhF9iwbLyZnYZ5CdexrrCyYNszjxvknJoGn4pkj2IjwlO0lMl/tu6JBPofqGIHWw7/wARTE3GzvlKBST5i2BjL9tjgwUBxobGpDFNiDJH0LV15jGGpGCZaOXW+riCU0FM7tPqBxX8aXcusHd1n8HLCaWwwd/ZMuRMMnmA/tyfBZQuPmL2MP3AOyXC0CLPqQDhrFw1tuPqAziU3MRP9jkpKTOROXEcYM7j1YXyWrHGMua3HByU87C9JOVkHx23CJyvNu68tz1ILuDGDAYuMp/Y1fVq4BOLZ3XYQpybHQsffP1EmltcuBDjWWzx+7oeiR9BAOdlkNG2A6BHOz+rDSUkK3UolFukq0O3EPN+Jnzz9zHIdoJ9QRxAfq7oG3rmSkEf22mJX7jGOsI+v+SPSYDd/pJI/wDYIa8iHlIqAB7IBb/kJTDkgOrP3bhF24IH9bPrAkjQ/wDuAtTt7oP5b4RbR0f8t8k2cB+28g1+o04n9ihoPt6m342XGdtdmWOg/Aa8y3CgvtGwGyrztg4gD92WUWVyxhnG3YHLFwSHAD+zhg2BvwRfLSwYCQPwhCGF3vc790injkBQP/JMF5kf6KkF4/kdqH6h4JvzDdWPljLd5bof1eZRftaZHrMnPJ7fUxZjs8hzWs6rhyx1efcHUsrKb27/ABvkAlGIPkGHtHwP+SWAECjnr+1gTNsHBESdO/yxAD/J2Tf5F5xv7tmhX9zLfH1fGeXIDbCh2Lv/AJWfOP3cLp8WLRz7ks1tjaGQhiF1AyXoytu5yAxOYxhZAdZxRl80YRwOF4XLZurlIIxiR2f7HxXGCCWXqyyenJAa8h4nL2wwu/jmprBheAxXvLia1GNOwPvLFgzmOwwiDrt8htqtk73ZGRFz8GBLIwG3u+rWbcgT7LxUHyYg+IIbLzvftjRbn7s68QbFAGYGO8gg2Lr+Vu2kyzJPHzOLzg4f8tgNfqeQIQPb2ES7MONmC85bH4PmxD/uBwgQvGxTVjDmVmYeP/FrSxauP7sF3Gl2hk6ef26w/wAkOCEwHNNT/Z37bGvL2bxsQgvrbUR2K+jcEZDb8/V4eR75McT/AHZNHI8V22fdabySbTYs8QD8f5JwYvzy8frD4wQDS2G4dt8zjbGY2cfG4A2czB7HJztiOhCeyzEHDTf7cc0IHtP+2qvM1OE/tj4m3ZMGIXcz+zvD+bDO8QaKMs26zrr6Se7mfFnfL7kOxX6QVsNa9+rIeKcs/esHE79So/SagmyDJ/k2NwmhwEkwx+0mghv7iywzWLsvqFG2t3peDckPPJAngsE2NgXqRDq+LYnBtSHb1HC5jFs8zk4o6SURhdB3cQBgNTfSSp0j9t7jlhPU4vqaBLQGCoknTW50dTyZqWP0YA8iHDKtiz/yL5oQeJ9JAdmw2+Za1YwdIs5RJlk7fU5Io1GmdHYvxkNRdQYs6cnhyCDqnZSkTHjcEuDr2A31m9X+R2qySBOEfKYg67aQhZV9in/3yeqy8dOSQ1t1rkciJdWafS2w7O9Mjjn+pYPtmuBaUBlFOJaR0XDWv1YuGMT6gSKqw17yGn5vsYn2Cngsp/smNng5toXtz83gW8lLAm5CB6/VovY8bccmwYCTNLD8SMHCVvqF1gperHBFtbsspHJGtAgd6IsNIXIn+Stfb6ncTn4w6prOODf2Wkg3fghz5JTxyz1fwIyNBsRpGEBN9P8ATO9mQzpP7AhGWzheCRmO6h8nZhKR6/jQjLz+QcJyP5khDSkYhEkCEsXJbEpNsQyC0YxHBsA49RZoJJ2O/EjnKMMJO6bjmo5rmDdQeX0Ik5M2xBCz77j9wD+SgECKA6y1hJ/LfGfu8sCQYl/lgDtk6JMPeRsC49icBrIHX3gSGuxubmEvtP7+ONBDrPmAS+rmoLywlN0tdP1MJqE3EsZ+4r6LYPUp+okjm3KtXzPR8PiAA9Tvf+IoNh4fUqvY2STMYEfyDQcsuDyQEYfD7sx/icdDZ/gyU1cgM7S8vWf+wJSDsiPqS4DJVTercpOMmx82Vxj+o2i7TZ8mxhVIK97uzUzBpuDriNHDyx0ht9ovCSDGDrCFHjdAdyXY9lYZHKcsGdfu7HuQA2aRgb6uvjLIppLusDyKQvs39Wa3Iew9sWLzTyZZ5NMbLBS7nxZgCwDkOmhyI/yLnnlsHI6ojz7s2b2aNTYn6klBT1avMOdmLJmSD9XBZR2AmnFqNqh0Nspu4wrDjYyFfHLO+ZGkxOdurHT4sIcSP68+LrPZIddMxx5aosEudgj4fzdOof2Ch/kxtBDPvFBEzqRQQH1I3n+QukD4Olh5p39R4y6ia3BMEXvllW8szNtNahx7cGg/clnr9yc0z2GP7s6sQ2Q9sj1YJQSl0hTm2k9PuGBgbTCbAMn2RxjmP3eAO/F3Iz6vjEt0Z+7Gu8i+W3cPEMZkiGJCnL9JAHgSa2PBPIA0K3YcXBA0i72zB7cSjsaB8Wx4RXB/t1glhmEkGTdPd/UUUZKAYXlqIycgQy2hL8OyChz7bMvn4WuxkBBEwJ85ApdWzK0QMDr6vlBqRz4VvztpE1ZnlhEwrN6Tto7BRrSRSmt8T6j4MMjK2pBbi2wWFh0bM/p8whP9GKz3+rpKrbBUlCE+bWXLVn6IH8sS3ZvSnyMW+6tsF3QS4XloEhSez1k8zgyHIX7Nm58Qy/yERaIS7A4Q3C2fidg+uQNCAg2VdOQhpDF4YO4wEakvHsk2Ouj0hp6kFBmnsPrB7dkAzAIh3bPvxCpeJ182coDH4hJziQnZXwIkiX2MQ1X2AFBtpBmPls53y16YvGc5JvAsHGjnk0W18Rh19kyMTPqGI6PqGXN7H0fEwfpCCFPphB365sXwGpN5grAx2Z4TOoQoFB2dHPY1vjK1ONhTo7Ch6OEv8EGwCA9A2W/uQd8+XOT7S7MxOnX+Q6//AHkO8ZOcxk4d2fOsh5Cej5P+Ee/+iweifyROsa2dhmVfB2xHOSz3JtPWSRchtsp7cWIX7kw59g/7JiclP2JzlnUbatYDTmTAzM47faTVMbnp82+WRpAXXsWj1ZOdsodTvBmQN0ncFtfYC0hs6mp9PG3Eef2JhZZg28dz+w0o5f8AAkerPNkNmdH4svkPvxKbZz2viFuDD8Mem6tgp0skMhG5PbwHc9iHxf5dAfj4sDvkRbENYdwVG5HR3EiLGi7/ANvsTf1JzD4fUjUho9v3OAzozrbXFPAuyPX1BCA+2bBr/U6QpvjaP/BDi3jfI+x1JPFDQ5Fxcj4YyOphjhI4MtvXsQAwWrutmdUsHL6Cllu5z9xod84fqKQSMz1skSyOP8jPOWFM7ex2ahpJ/wD3ykVETWmsizAbHLutghyYyOs0HU+0kjcwAPf3kR3F/GH7CyATOaGyKFbGEwned5HwYw9OT8GXwBAVzkny0g9e3ynZPQLPij7Pbye81cnPDs+FufcQczs2bROkBga7hJbl562AX+JW1v2Lgh+gRFakIc7LyofcQ3y8J7zEoXPmSCfpdNGVC4u7D4Ng8cJsWd6Pxw9smfJAvyZbh9iHvlzP15MB04Q8wbP8XcOsrAhiGCnddthvHxIHcchXE1hqcadhZdLJ3mfFmgTmLgw2DMXpJ0Uk3WkYne6h1iAFsFzPqIaJyYPyBRfmIEY7wKNwIMfmFnrnb3rHkyTeFyBBZkbp3+yr/wBET1RNgaWsdlsbtQa57b6MkRxsvGbJ7FYx1lsHuz8HW0EQe7C+W4cfSJLG++lqH7tMR05ey8lDvJfH4WHTlk1UnBKLK4ebFBgQZ9Pmd0W3QSQoGyP4MnRcPjZaBwl6f8SaEfKKXofiYHOZEM5CgeooTpYg4eH/ACVbuttjDup9HwWB0kD1gSTwYPKGxG4ZYyTwVwhv0TNTctZyepyl7fwj3Fs2kYwjFrCYOIYkGtvTJbHo+JG+ksENvi+5q0ZBH1LGB9Wc8n9sG5f1svb27zjZzXlyDa2Oe5bhhZlvG/u4CgfHM7wf6su72K7TkBvUCMMP7A4EnHxD8ERRSd37tKMQ1ywM7BMLxGCdeJXwMGxOSaYcslFcSaWHUduJ0ST5UkjWE+ZvPFncgYr2XEO5OcTkrrX3bPMd3Z0vxkWd6F2DrpepgiRdJwfCsxoPPu2G78ckCWDpJqcz7kxHYKSA+Rkh7J2SV9y0G9LYoB/I6cun9u2aMMPtEge07N43z7mTNtD4vO7Jqbtrn8JQCaFp7J+BkqFJ3Q25LcsB+IFYOudbPzBNJ1zyKxo2A+EA66y2QH9mftJE2wtZjC8E4GluiORZ+EBmYGoiHoG08NsXfEDu07vi9cv6kOrn6smoP5DtfhhTvpF3UxcaIMqwzvttEHSoRbNQ4ivMrKeTh+rPhJ5xP3AidnDILqb9WvBsaD+B/knCv+RhQNkeFD0Hv2zK/llDSdgzfmYHAfU+fH9WKHHuRzvOTcL/AN3U4Z9MQMiMb2g/uDnViRDDLRCAvuNOHYxH6g79JeZuy14kblMXYJ42D95ODrBI91uELMuuBaIMLl0uT3s/uinYssidZB1/kbBk2vGM0/5AHnkDsMhTAtlOSxTn1L3OSUzBYbivzJU3Uzk45I+J9sHxH8ucov7kvRIBoUfqPIv3atSBOOSPsRxRlPxneuQR8X9tpxN4df5JfS3PYtmge+SZwz9E88a+ryGH9QADb9F7p/yciX8XiH/LgmsiNx/V41/5JYZ/pPTUD+QhV/kRwP5dQxmNTdXjZG5/t5+v9sfrZDdbIeE/cp10/kJ//CMc4fyC0X+WjQ/ZO4T+JnqE+Y0lH6C7KWaDDW8xfNvNNeEfJnEcO4blWsDmSAjSbAFycG+QxfsUTn6yXQSaJA5AFTt/HD9WH4v3ylam5BAfN5MGiIQ9JnDglFdhfRLhxzEr9nWByWhNNswJwHy2GGQGUU1jNflajvI9B5ZtPZLw/cMMN/sC1/vYUf8A0hOzY81mCX8iqDP5bPP8JZj+urYo/wB3uX/Lgi/24rmBZhslXJfiN6x/kron/YwGpMHefufFSwww/wCSgnOB9AyddAH+Qy+f8lmD5AGuWl9z/IRE4eOwvn8JBrYx+4LMk7IttCdaXbGBOn6WnIDnFfISbrsstMQ72zV8gAloMD9w0o3IpMFgakA11ej726NufHl09DPZ4s+PZ6HscA5cnUsyvYMXyYnHLpyW5fmVdAnzEoDts47dEZKmp5PdAuTz4A2yffu3ruPwQ88cZVPr82EBxI6cxG6U6EF+p+hz9WYuAfDL6+Pq8+T+y5gv5L9F9FtBf8tm8/tbA+v2LD/jIZgfzLsd/BOdv7PYwsH2NkI3+XKOfQSPB/l9Y/5IftB8OQD1Z4YuweeWncGIHlweWHpGHycE38ITfLxLhlro/g65L+r+YP1JsYOz+rY1+IGTnskbzZEQhH8Bvj3ZwHRAwGad1+JM6+8gmZYXRi7GMiBIGREkwzftg/c2LX3llx/sAnp9kgL+psPi54yyJCM9tmsD5sx5K9bDh2DOduLR2GeT+RPYvbhDqM31dcip6YHE55u+z7vgQoQNcAt16f1ZQU+id1kyI79bGGJ8Gl3cj9wHF/oRxgP2IH/wo2c4/q+Dcg3ry2NdQ7uM/AX/ABnBH1vYSaySlt295rhJzuQAgJMeQbw/Ak5GS7+PZYWj2fwtuzJfwluQ7P5fLTn4CiIaGdcFhKc+rNv/AHHfaA4uWcPZ+WhcKGxzb4WwGNgwbAHxZGOy6diDpDnPLsTy0e749tnbrPu2QDixbjDgZ2+W2Eb0bIBsAD4bLB7aHLo+kmzrZ/2Fm8ITqPqZLtn3yFA8/Upw/wCR4wMJ7z6/HByPIQkbUcgwB5fqiG5B8uWTm7YVy5tuX6zqaeSn5gU9hwEIHzLsf2fYNsx8hdF5fEFxDyU9/A8iN+Zz6lTw5AlsN73GN4wDq4Xm96ld4QIPiLzxuT/Yv6gxBGLj8C5aJ+Et5jkIDn+zjZk59Wc1tSBgKETZ7Ojr2+dF4ibKHTLTxPnkeocvPNM8cHY3TxLZTqzHOQ3OJ9Z4/RLkx55DnFd+5sd2eLrYez8/bwElgMuX2WECEJReTgtI8tJxgnzB9hLu3Pi+b++WD5MSuM/FOHklZG+', DATE '1995-05-25', 'A Coruña', 'España', 'soy manu y me gusta ir a cenar niems', true, 'ROLE_USER')
2017-12-20 20:14:30.871 [main] ERROR o.h.tool.hbm2ddl.SchemaExport -
				Duplicate entry '1' for key 'PRIMARY'
2017-12-20 20:14:30.873 [main] ERROR o.h.tool.hbm2ddl.SchemaExport -
				HHH000388: Unsuccessful: insert into account (id, email, password, username, name, surname, image, birthday, city, country, bio, privateAccount, role) values (2, 'paloma@festis.es', '$2a$10$mq8cryYfQLoDuXfoLNKHvuZBOa9BJyDD.iUb.MApLQWanY4cEk3Wq', 'piot', 'Paloma', 'Piot', '/9j/4AAQSkZJRgABAQAAAQABAAD/2wBDAAYEBQYFBAYGBQYHBwYIChAKCgkJChQODwwQFxQYGBcUFhYaHSUfGhsjHBYWICwgIyYnKSopGR8tMC0oMCUoKSj/2wBDAQcHBwoIChMKChMoGhYaKCgoKCgoKCgoKCgoKCgoKCgoKCgoKCgoKCgoKCgoKCgoKCgoKCgoKCgoKCgoKCgoKCj/wgARCAMmAuADASIAAhEBAxEB/8QAHAAAAgMBAQEBAAAAAAAAAAAAAAECAwQFBgcI/8QAFgEBAQEAAAAAAAAAAAAAAAAAAAEC/9oADAMBAAIQAxAAAAH1TZhEkLGTEBkJsVMEABMIE2JjWMlIQwTGJpiGxMATBDVAwTYDTAHAMsTE00xBpiGgAEpIIziRU0kSaVDFSkkBiqu2tMVN1ZAnCoKxEFJ2RjJqiQJTigpMhJoBi9EYgDli5CJSITalTZYiSExwmAmNUNANiGCYhsAUkJTQlh4desPC3ntHwuoaRghuEwoAAAGmIkhKSBMBMIgyKmoRJWoYiGCjZWYIWRqCnGFGTqttCUikwEKSJuIBIipJekNSDTAZKmAMBDYgYhpBpwmNUMFIABAMsHHOuuryHmK9p5PhupwixiKs2862PT+g+aM+zafkn0nLpOMgBLJAgAMASYomqAEQEJpwAUJoJJhXZXWKMokU0JSVKM4iYJEkyuTATYk2sFNHSAkTUiLGoDhMABiGAmoBsTAQwAYhhHgnzXU9NyeW6IyVIZDLI0h2FWipkJWVEvS+a6cv0u/5fKPqx8o7B745vSBihgCTFTBBNAADTEDEDACnVbUYoyKgpxhKQKMkQjYWRJMiNqlIIDBKaN7CAYDTEDVSTkEwTEAOAaAGCaGV1Vpq835yzHyJRpgElZGojmtlQyVj1JzoQkXPSzJqqmbeZVEvszSOx9C+Syl+1P5N6SPalNwASgCCYIAAATQNMBSoqtqjGmaJBCUgiNkSSEpFRG7EpKIEkELEbxkJMBjABWBCGlBiRkmCaGUTJGXjF3F6vk7FwnGgaJBKrI21xC2uVVW0zJdHmTiqVeyt0cDJ0OZQTkVS0szK2sAa9X6T8i1yfYjkdeVDUA0AhRpohgAAN0qbqTGpIQykNIAhpiiYkSQCaIkha3JJuYQmOhMhpigECkqSkgTULmLmV2+T5zz1ehh5tGnMNGiVRHIhKUTTSEQQUnKyKzVenMlpiueWnpHKs9LwzA466qn2KDjwvzEooJII6H1P4564+hIeagYgAUgQMTUqTTDPozmVMqI0gpIBqgGoNIAQ4TREYqhOJvaaAyENgNKAQIYk0PDu8wUdHoeR1OFydGYi0EhMZOFXxhoKYuAOMgtt7kc/uei6p5jZ6KZ5KHrGvm+l05px/B/SfFHjpXZjbDLbVauRSSZAYpfQH1XufM/peYKSlEwBxGAEoypMQZ9FFZFIIsERJCGxKSBjojNERqENCUlW0ZkAwQ6ABjUIaUQ4r872PPnoPnnp/nmoVtU03EWipuveYzrcwihj6c/bxzPRS1y2XU3FjTIEiyMpsyeY9bxjwHF9jyjztl9JO6i+q69GYcAVDRZ67x3ck+i7/IeoW8DIBiTBSTppqii/OZgZBgJpoAxJgSHUVJQRlEAKUbIG8ZCYCGA05UAqUooOEjm8Tr8ZPOcslWaDBSSoBBJM10QtKtlPaj1nSz2w9WWS7dOPRGkpdXOudk22U87p418l570/lUx06Gc+rsYaztgkKhpyqyBG36t8e+snWUlKDJCMkMChop576EyMAUkoNAMRAxoATiMAiNUKUTe0Q00A0rTITAE0Vk6Th+R6nnrKZV9w8zG6ipISACym7CWmvpQ+9TvNtuS2WdlGqL9FNpbONhOSnoSQkcm2uXyPmfceQriwaSahTSpcSUUxMStqZ3fpvy36hJcRnKJkAFDAFJUZtWVMrGJxkAmA0RYDBiJQGmiJJUJhtacCkKk2iGpQAQIOV1fGmHibuHZohZ6w8NX0eaAFEo2krqr4t6GToHW3YNojPbGroZN66LamuuWVSbJcrNXoHxNxthCwp5Hars8HxPovjjhY9eAUYyoTUrB1J21kvqXyj6FHqL898SQxMLGmSpip5deOzOxQDkRGCUkAwBMEAAERggK3A4BoTTgGERixBlXgPZYzj+b+n/P7LtOjgpzMNlVqkmK6rRI7qp26ury+nHe0ZNZiLKzpa8dkunPwuAey4vlaD0EOV0a6HpeL2supr5uk6BXZRz+k7Pmnnvr3zU8+tOaicLZdET39cL2OfnyZeR6HmS+7ty6xiYAUNNAAMmzGVIBSTUGkQAmIAYlJDQxMBJo2jQSiwaJWmgjJUmhOBsxdaWPkfSWHk+fZGzzcZwEBRqzaUloz6yV8FL1N/B3HTrxwOzycmY52fXqMF92Y3d7gbj1N/G2m3Tzb5e1p524ubdi816jHXzHz/s/PRyNebTb9J38W9PR34uoeKl0XLyPVfL/qGaxiAGjEiQnYZNeWM5KIwBiZFiBMAGJSQmACAUkbBgJtYkkiYSgAlLKcnp8/eZt00ef8Z9N8xZ4Wm2kYFLRntTTqwI6MeUl6t/HsO5DB0Yvt9F0zxGL1/lDj0WwKd2Ur6Zv5fp5eH0OnamDbKQSaFER5Pxv0r58ecJqul6nw10v0j1PzP1tmqnrcyXxP0Pm9KJoATKAaAAZdWQqTQAADIsABAwBACYIYCA2gAxKAI0wQ1KRkGe6UQEEed1Kq+NUb8Fk6yURaKaskVysgQZEn2+D0I+rdTkds53H9HkPmnN9b5Uv28vevrux5j0cdHRnvJzquskmipTrMniPd+KPImqos6ff6B4S/6N4Q9vowdMzacHQlixVJJoNFNxcGTXkKkwEwABAAMEAJiGpRAcQU4m1pgAoDhA6SkoQARYCUIsSp0+d+b9F52x9Pl9OOWBWh1yKq5xLd3M3GLZl7R9B7/m/Rw42Bh8j7yg+YbfZ4lzdPLDLr3cfYdLRh1Vaoqx1yrKvOej5h4DD2ece36PL9BWnj96mIhnKtsZSgKhggMExkcezItSkhA0GMSYIEA0CYACpMSKkjcwAGqBohkqEANABBVajPK808P4n6h8qse7D6k8v0Y3xyn6HgFdilRKytKfU+W9Gvtu/xO5DcWSRIx07q1w5OvVHKs01l2vn6V2uiVzKIEc+qo8Zw/S8s9H3uD6MmOkPnV/nZfrV0ZEkIAKaaGxkcmvGlYmKSlCAoSapSESZCAoAECAYbGAAANABKAAmQgBoATKp+QfYvlNnF9T5W5e9q4lie35nreIfOJES6LiQ7HG9CfQerz+hLKKrsunmsLIEBqU5aM/QVcu3VCQmy0EwhYjznP9RkS/p+D7B6LyOLxCv1HmPqx121A0xMKaGAnEcmzHZVKMgExpqVCdgCAAQ2JMIk4iHEr6fyP6cbhpUCRgwQStAAECAACr5f9V8DqeNs39SvL9m/18cz0e+g+WYPSebtnFwkj6ny/ZPpPU8P6iXpPn8k9ND57ee0WbYQvrgmyVF9ELEUxsrE0xgCzaMx4bqdTQvg/N+n8wmv7D82+nkkyUTBoQwBuLpY9mMgAiBgpRVNCMABSEpRGhDExAj5b6jxHQPr6z3jAlABphFgAEAAgKPFe28nXj/Qed9NZ5L6v8t+vSuEknk/AfWvl5niFsbqpRv9F460+h+fzbou3bunGi/HOtSzMvvxaauikjhKIhoYIWa7JLHTl1HhvJ+3Vei6ilAChtNQTsBgmnUce3ERARNkIcaBsiSiAME0JyCKkhRkj43Ktn0v0vy36gSGiSBRiEBDAACE0U+H0fM15TVwvZ2YV6/JLze9b1or8F9C49fKY9jkWRUkRUoy329ew6XsfFeny6U+QzoYoYDsX+L79ejlg3oRChOJKBVK8dmU0ac95xOvimdYCgCAGRYxOLsGmLHryLEAJJpFsWKahMLBoGhgmgTQk0fGyu2yX1D5b6ea+kpkNAgmlAagFgMEBGaneHh6/cePs1+l+cepl9BPLrEEjlfL/snn7Pl5ZUtbbt9Ds8rCTr5cUDcqvRHB1+67p4bo+uoMHZ5mrLTKqVSQkjlt5E1ZVw/Rp0JtVQStq8TQAlBpWJommjAqGbVkiIKgGJilaAIyVgDEwBMExBRLzS+BZOyN1BH2XZ5D2AhoCUZUxiaYmFCZESSAAUk6TCGACA8L4n7X8ts4rK7SNnYOX0+rrk2+i43Ul3zwROhXTIgSkSsjMImEr8teifref0yyucCu2mytIEikFqGpRoRidgwIZNWUi0xDBKQRAGJAwGpRG4g6rOEOOLrL8pnJpozJnoPp/wAf+uFyESTUoNWDTlEMBMGigCAAAYmMQAec9Eq+Iw9Z5SyXQ51sde3i1L6Hf5P0Eel14+vFls7KougocI4Lb/OkrIdO3Wi0QsWZEIuKTcJg0wBQA6GmNDK82jOJNK4tQJuxACGKJpAAGZTLxFI0dDJsr5rTTZFsZOo/Wfkvs49y0EkyVAwAAABSENWACiahuLAGo0rBNFPyz6zgPjz388npx7Tf6Xgd87uzma43PM4srrykOAYK6Heo7Nld16MjnAsQSxpvoOiJ2ANRMkBqgAbQQyas5FpyxQU0wJREcWCAE1Ij5fq+dWd0LDqaCs+Y201WaaFcmfp4LF+zWYd8JgACgmNSSJgDRK0yxASg0DQAIaCkBl4/5/8AT/mGj24dFdTZzSPT9DyW6PVx4Sjs8Ln5C/vV+k0t6NOuxRsjGWrVWtbZEc2mg1XcvpVNADRDEWNDBpkMunINqIxMYAApWBYRklVVvBTm56tFui/P1F6vN62CT5KrqbNNSvFGDPY+/wDin12NwMQEDTtAEGgGmqaAGkGKUYhxaBCpqUI5/wAh9x4elZVKtcs0pdVvPinTqw6ifar9Elvczb1tugJNRrLKSKuDjDpnAxSMsdvR5bj19BOL1qsGkBMYBXl05wQCAGwUBIxA04y5vI9PjWvXVbZs7PI7hu5HX40nyUjKpXVOLqpqo/Qvnm6Psqx7RDUrUlQAgxAwAErAkIstBEClAdHl/D17vynHpJSUqi2hiCTjIfU5eg9/1vP+rkq2ZZLfXnimyqqZZKq1SEowq511nhOcOqruny/0csR6fpec1HZKrbGhleXTlE0UwIbQompBp6PHr89HHjXc1dbRuTb2uP26n5z1HlZPl84SHKFhZZSUpqMeu+hfMvphZGSlTFZJAAMGmRBLIShoKYcmOh8953EqUE6SaJNMYNQYiYDlGR0Pe/NegfTI+U6EdWdOpLrIWEZpqRUUKb6VpnCxMPo/P+gXgcLqc42ac1sWbMQd2/z2yzoZLIEWmrlAGIGCRuEjP47s8CWVlOq3RqzdZKu95zunQ8t6vzCfKWmO2qdLTmtIyhOO99J+Ve8PRAxAAwEMABUNDRgN/O8l5Q9L5WpUIStNIAUmmTcZQTUyBZEiwLL8+k3dvjdaTt7+L2DZZVMshKJCNkRwsRQrqDB3eGpeVbRcaLYzLb8+1ISlGq2oy32cl11ni0k3BpIEFVnCOPnE1ZqWipd/HCS+3fyz0fmPT8CvkEp1sjCVzhKicWaPUed6MfT7Ob0xDQMABiT550cHjfMHqPKVC1k1UFJEQAQxDSg0OdciyyqwukamcNfRzS06c1ldjqcLoydzpeZ3Hcv4/TNjhMUJUmhzCnm9HiFOQzS2bqNaTvqrXfLBpNluC+pxjCQdUrSMZk7BxKVDqPkPR+aK5m8l0cuo1XZrqvtzWnQw6keB8b9v5SfIzv8AAJiCeii832xsj0Psvl/vTqgAwHVzvBnb8lKsqVqqKArjZWRjZFYiZEaVsJFGaVOLslOE10bObqToVW2y8yOymqtLtSW7HfJ1+r5veeh18vfLOiWM6hy+cdTi4qy3TbqKpzkUX22ldqSScGrhbCqZWVwnKmr1CRO6hmiipnOyerrPObrhMFu4XLn6WQzer+b+yOvFpOX8s+z/ADs8iBT15Np0NFd8U+k8/wBM946+MdXyPAykqyIokqgWBVHVUUxtCqNzMxcLQr0VEmRc0sKtiTJKUVnOpm/Xx5HXyU6JKpaZmFdXacDb0ZnU6Hl4R6HFyq615zaYuzq2RCN7iFVsR3QlVirCyFaLZ5rCSiiZB1dCESV2WRdSo27L8tszZi3RXidHidCutXTceayek8NL9UixleW9VxD5QTVG3Lsjo6aLiu2FCdjz11Cka7UJySosjTq1QXPOdSVubWBKlIxsqUakVx01jr0wK9WCZtpt0nIj11LyZ9FVlt1KTNN1mx45GiFdop6ugcvpbdhDS+cdSnl3mjoYtsUqdRfbkuLq4MjKuRbOiVMhBLoutbISkVTjYQLKyUlKnfVcmXjd/lLtuxbSrw3vvMR7RwkkuT1eWfKIWxSWvLqXfdTNFTGKypupFqybh020jnXcUV7K6qd10YI6YFcNitwU9PKmabaynXaTVrirB2aDDu5+wp0WYjqaONedufN6CVnSRx59dGG66I9XIqOrmy2lU7bxaQNjosliraTVLJJbmTQuy21ZZTQWFYWSqibFnmilCS3RUDS4QLpK0zV6Q5HQoup87rZYu3eY9OhzOniPkcL6C3Xl1mqFc0JK9aq7IFGnP0jPOvUV3Pec+OkKb815DJuyLGyqywx7KFyV30CvhM0Tp1RDRjtKoORsa1HDj081ZNE5Ro2c6xOlQ7imGmJg03IrulMrd7CWisndW5RxtVFtKX3U2EbaLyDi6We2JIdBIgF2nBfFjo0VbVZSWXVTqeeWCNFN3Jt6d3ju7HA+ifJfrCSzaabPkWfdzzTpx6I0SxbjTKEjDMiPr8jrnPlXSdfZyukTjblMmvJK3Zm35UwxkFuW+JilbYtFG+lY68O9GrlGaNtJrvw6i3PdJMz0yMquRZNWlcbEM0Nck9UkzaHMhOy4hHRCWpaEQtnMrlJ1CSRZGcjM51FkIzqqVlEQvzXl2jPqqnHpym+YScrJpqXrcPtYLfNyOWvL+vfG/osx6yE4nzHhep8rV0oIe/FWd3fy+9HDzdTlGrpczqJzud08Vuzped9AdbHonHMhu5a9HJpgmGGqCqwurHn3Z4rhqFwbaLUvtjYaMepGKx1mu7FpGpWJOpwJ1ypN5RUbrMFhsqjYRkBm1FgqrpLOjXmgtLDLbfKzHPVNrFDWkxx0WHOnpz1pq01xkhogX9LLtOXGNZ28VuQhnTXr8vqYE8/yPR+eXiek81tZ+wvNoPF+H+mfNRpOrqdFJZ6rx3ejseZ9X50Xf8/6M5mXdzawdzi3HuHHRHM5XoeKuizPEvKkmeyqVEZqKIamuOrVQX306yqdoU09KhMm2ma36I6EyF9ascEsjC0nECnXVoWI5lc6rYtUaLLnRpWc674jOyqkJlGhMrevKZqLstdCOjDFMaMx6i/BaUPNuI44StJ56zrcjeScDR5eS8sjO5+o93559DlwfJ/sXylObOM60U35i2jXlPU5qOrHE9V5b1Zj5PawHEr0c633O3m9qTJy+3zjEq0t9/N2jzdSlITqmoJpnovYXxatxsJRUim1SLrs2mwdblmqwnUpJDVmZfbgkbDBaXSqgu4ptC2qk1aMdhrpQKyFRfKq4ujlsK41Zzt4LMRhWLGvtlizHVnkzpl6fD1W1ac29NzUTxPL6/FazibPQ+qfHfoJ6z5f9N+TyYHGVbcnQwEwiHr/ABXoCj0nI0Rs4fSwGXkdnj16n0vlfVyxx7MJio10GPbRpN8KwovxzSUM8ySIGumSC2lFpOksZcuPROunZJyTKWTjnlbKmJJfZQza+el6Lx2Gx1NJ257FtnCs1Sy6C4rmLRRcRTRXj01G7Fu51cLn2Uy+gzQmvY4vSrueffflWvpYbTpypzFPmPpiPjMotJ9/z20+n/KPdeDGmJ1c03GSyi6qJxjJ6DTw+6vU5PT5pyuZ0eave9j4f2JdlMg81uVMVk7FusnnI2SSVWzkV5d3PrToyzhFTLZZtBeUTHCdgUa0VQlYVKwtyuyuLtGXSFOrIS18/aa1RAvTmjVqUuLCpWwUukkgy8yZ+jlNXJ7PIt83lcDdtws6Nma1HkvzG2iwXZZbA69r2J8ISkOcUdnk21IwRs1YO9HAFOq4zQuvzJyepoo1Lw+d0OZXS9v4T2p0MevOYKlXKQbNFc2KkuSvTnvqGeyZFkJYllVOc5pRfZojHDsaDg3eg0V5ePr5HkI+4tPDafZyPDy9sHkKfayPF2exceR0eoZwJd11wH3g5Vu8MD3hklqDLLSzKaIFDtmef5fq0vzXB2+IvQrqC6bsVSzbk3ZrUne6nI7Un5+kiiTib8mzOtQmkvQec6xnydfjxbTONbsemmOrt4PVMHP6XOrR7fwvtzolqjj0bEYDRYZ7et0zxdvutZ4S33hXj9HqA87Z30cvVrCouEgTaxJocZQGEiBIE1IjIkAwiNgSCEmIDaxGgY6IyAE5GmLByRRzOt5NfEIY50dlYRtpNmvJai259C7tvG6afFpwYrK9Zro6VCcmddhDXnivrfNegzScRBUehzdhm6OC0uxaM5L3nhvqS6LO+JwuhfGKiyknZTaSalUkwSmECcaUk4BA5RkAAAhQlEY0AMcoskDEDGCG4tG4tWkDaaDi1aiE1CRVdzVXS+e+5+by8yqvSvVdOEs1VaLJ66Lw11bIr2Z6j5TKVaPZl0L1nK6TzSuorRRqqXf6bw/r081n9L51YRcDVSnE59quzk+08b6I+ruFpmp01lddlMls6rLbCLHKMgcUTIBYRS2KATUGk3CQ4usVVtY1VYE6ZFqUTS6rRxkEkADYgiSIugTG4qJodRlEjNj3ZTL8s9t41ZdTKlvz6Nhmt2xsLtl8tV9c0fD9FwI+cShfRODO7dXrjgYe1xks14L6q0mRfZ87D6VPKZ+jiMrnWehnyuocrrcrpn1vVythfU4xRltxGu/n67b4kYsspaTEU5QCwiExBOIwGiKEQhJxRaqKsnGRJEYuvx6Km4lTIhNwlBGcBuLBxmELawnTbSUoxTVbx68ZhyaJdeSnWatmfrGTr11mmlWS6SIl3Ow+bt85ry6WahNe/qhtk5fG9LyTkWRS9TPPpp5/0HFgeq4PUZwqdFFLscPcWb+brX6N2PN99NEqWQzas5XrybSMALZRIscSpiiTcZBOEyNlcxtOFCUKrjKsnTfEjKi9Umod2eyy6dbLHUi11zJpoTQRZEsqnArvptScSK0fOvSfObq+Cgmvr4+iX2ZLii6GCO5XxsK+g4EMMiSjbmlFpGcLTu7M1Enb5ctx5Knqcol3eFdXU43YgczqczcV5ujy1iiJs0czUnu/VeO9YbEhVmvxpboz2FMq7DS6bYm4qrVFjnVMnOuwjZBk4kRwlErbgSdZFN+NrpUIlzpLNbgjRXKsnZRcWwlEUozIMkKM0VElZJLLL86891N9vLtMK9GmzTFnV5c0v43V6J5Tf6JnE4nsfMLxYuJmmDKkB6nphGLOBRwQSLC3q2gYsoS78gWZWCwsBPY+wA6FgLDngmgCM9oVZIBRAtuBUwklaAkFTQBACpgSmC5qQS4CWCCrgEtkBXaEX0hRYA4gTQVXIIXJCvl0QlruC3oRCXb6AGdyCFADL5wF8xAK/8QALxAAAgIBAwMDBAMBAAMAAwAAAAECAxEEEiEFEDETIDAiMkBBFCNQMyRCYAYVNP/aAAgBAQABBQL/AOHZL5se1/8AxEiXxY9z7v8A+IkS+PHwP/Du1lNRZ1muI+tyyutZKtVXaqp5/wACRLz+E/8AAlKMVqurVVmo6lfabsjfdSaKtXdW6usWRKOq02FdsZr8yXh/6GSdqiazqzgX6+65e/HHbSaudE9LerY/lz8fOvavym8LV6+FBPq8279bbd2fux2T4I4EsvQzsqnTdBxVsGLn8mfj8N/lM6lq1RXbN2S9zXZdn2a4Iv6neVKy+d8fSdWsvpdfWLDR6uGpj+NPx2x78fE/yrHth1K/1r/axeZeEY5a2jeTIhrkp4lqdUpm9mRPD0uqdWop1lNqWH+LPx+A+7/HyWXQqV3VDUdSvmn74LLkV/cvumv6xFcTGZNEniPbHdSK9bdUaTrBVbC2P4U/8r9X6w/i22S1mpM89/2+8OG/NZn6pP6WVrM7ZqMa3iBLn2ZM9s9tFrJ6V6PVQ1MPwZ/iP8Lg9as3Jll8a4ynZqSfp006nXymvavPkfsT4j5lLtU8EpZe7iLNrGRRg4OPbptRKmWh1Sur/An+I/wZS2qO6+TopL7q9KS6grLJ9Tk3fdO6XuRFkvdj2JFcSWWShgipmy1noTxsx7tHc6rNNcrofPZ+I/wdRdGI7rbDVTuiSlKXxfsffAomxnpZJwwKGSNTKdI5Feiw9Wtk8lU8OOp2lspslMz7uk6txcHlfNP8R/gau5U16eh2TvsSlr7fUvl7kIx7oxyVUORHRi0e4WjSLNGsx0JXpUpKhZnFQjrVumxPBCzBOW5v31T2WdPv3R+af+Jqf79VGKS6lbsnYsL2wJEGPx3wQr3Gm0rNPpcJVojA2jhk2owhIvjk18UiUH3SybGbH2z7elT+qPK+Wz8R/PPiOje/UTnsWp1ClqbJbp+2PAzAn3SKNO5Gn0hTTtERF3wbe0kautMui2TjhmRSZljyjJx7IycX07V6jGn1Mbvls/Efz6x4q6dPZPql6qqcs917aWmWVrDXZGl07nKinZGAhC980XVmop+q2CxKJtFAxCI3EePd0zU/xrLZw9WqW6Pxz/Efz6nmVf039V1Hq21Q3E/u92cCt4ZgojmekqUYsi+ciF75Fhq0T5JZMSY4tdl785WnscbKOa/jn/h3P+zWP0CT3zUuH8CMCiaKr6q+EIyRMmey7Lsyw1US3zli3Idial8MfPTs/wAf47PxH8rMmrlst6hqHc8YVdW8lxL2owJEYldOSitRI9twuSIhdl7bUassfMpGTdgckyWPg6PRG29fSvjs/wAJ8HU7Vbdcs22ra9LHbTb9/tQkRKolUBCZv7QEIXZe2XJqasmoq5ccSMol8DR0u309TF8L47Pmf4mvt2Uyo2U6fE79Y4+rH1bVODg/YhERcOsqlxnjcZ5RX2j7F7ZLJfRkv06RKKJxwNr3pdofd0+z1NOvjs/wuoW7tRq+oSnGEZWSv00qV0zb6evSWo9i7R7VIhE/T8xIEeOykbh2E79pLWpENVkjcKaY+zWS6nctVpmSJxw/bgxxjt0iyPpi+KzuvzrHtrjVLVWvpVddNMWrNc5ejpcRWtedR7EIRE05BcY4ksCKe24lbgnq4pXa7l6yTHfuNOnmqvJFYIyM97qty6hpXFvkxjulkW2tRy3o+n2WuNWlhDqHT4Th0efp6oXxT/wdfLGn6ZHZXd9UXDbdP/yKPUfp2cy9n6EIpZXPhPiwgQeB2I1Wt2lutkyVrZlshDJCooRU2biDF7L6VOOuo9K2yL7p4K63ZLp/T41x1Ctsb0c0USdVusp9DW1S3R+Kf+D1WX0adba75YhdU65Rk65ZVY/PsXhC7RZGwhYTkReD1eL72WvLxkUCMSuOSjTyIUSPsFJSIEGLvg6npVZF1fROOGUQ32aLQRpVksOrGHHJ1GGyWuh6ug6TqfUh8U/8G/8As1SLfqdtSnVH+u/q6jva9sXwkQRgwRZGROZvHJ5s5HFtxrwWcGSGp9NV9VsiQ6hqkodVgyXo3FfqRIMh7NQsx1Edk9XDkrliWl6h/VLNsqGoRXK6nH6NudB06fpa5ePhn+I/kbwtM9+pn9JVFykarSbzVKSlOWfbHxEUkb0eoj1CuwcskRQyKh49HaSLfPbSWqqzS6v+VB6SucY9PgnChxI18pexnU6y/wC1ieHVe81aqrbp82OvhdRjmrS86avSt6+Pj4Z/4F//AD0sPTHHe8cYGdUocifEvZEybjPZMUsEZlf1S01GU6UldXxqYtEkRXMkRWZdNr9KqHK7r266Oa7oEvOCKMuL0WuaNPqsk/7K9PHaVU7bPin/AIGMmznGO+Mmqh/VesWkvdj2JmieZaNLEkSrNVRFw1On2iqeVXAqSiaeRCRHuvbfzCxfXqY7ZwjlQi4yel9Unpp0uq2Sehs31Y+uPM/in/jXLdDWpxvP2013wY7Mx30ksT0HMBlsMrXVSRJvKbK5M08pMqiR7IXd9p+NbHbZqEmaV4np1WyiiHqWaeMoamj07emx20/uH/f4WS/Ef4fXIKOpIffrue6QzPapKUraYxP3pV9egf09sFtSmtV0/l0uLqr5qISExMQu7GSNdWaiJS9lmm9OdVCw/wBT0u+yOIRFB+p8LJf4cuD1Eb4k7YI6091wvu1fMe1bJ9mIT+l+em15lpfK8d5Isqix0o29lIhIixP2Ptq19OpgUcT0enXZeJiRbZGBHlfFL/EcUz0YCrij/wDIIfTXg/8Ab71JYKqo2USW1+TwPkURjOmfZpfPsaJI2koEq2bSJFkRMyZ73LMdTEnHEum37oNkfDLJqEdTqf5Wup4r+KX+P1Wr1NN4a86SlWrX1ejdoa5Y1GldqlB1yF2l26fI0kfc+7Q4mBEWL2zXGtWDZuNDptpGODwNnWNbl6DnWR8fCyX+PZHdDXVenqTp1q29X5t6LGMpW1OmWurrtqxhiH20C+vTfau2TPZ98GCUTAvdLxq4ZIQ50sjI2dU6gq4ylufRNPusXxMl/jyeF1Z/+SVzcJX3+saOz0bdPbDUVdQ0q2T4Yh9umxzLT+B90ZMme7Q4G33zryeikfy/QvjrFJdR104wlJylBfV06pQo+JkvxdHqFdX+DLx1KH/lY5UMra86HTTmaaFtFln9lWtr2XdmfvpvBTLiPPfgyiTF2i/Zj3smaulvU0VYXWOGihZuoWKfiZL8XSaydc9Ld61f4PU6v/Mori9ZOqNWo1ij/I6RXihIlE6vHbb3/emsUTT6nmu76d5qOo10k+tPNPVN7pe+ODHZP45jrUpKOF1tfWdG0/rXrhfEyX4jKralR0TUZ/C62mrdO8azq8HEcpXW6OHp6c/fXKs1+xcEJ4NJqy65utaTdOWhhI03Toxda2rPZi+OZDy0ddiUw9SzQaWOnq+NkvxGbMLRW+nbTPfX+B15P01xbrNRv0mj+jVRacO2vhvo1Ffpz75FLBGzmnWuMa7svTszgTMmTcZIv4WTZDydajmHSNBtF8jH5/Egz/26Pdvq/A6tDfp3JRnTbvs1milGOm12opjDql8zSWXWuyOYdRp5fD9sUxSaOnTlIiuEjBIlLBXLIpcp597Y2TK+3UF9OladPySH+Lkxx0q91XQluj81l9dZ1HqFcqpZ3afTquqMlfF6V0zonDvrKt612mdcvboqvUjdo9p09+kfzIJPXQP58T+bWX6mvENet1V6mqJe9skyTyR8I1kd1fT041fJIf4uzl5RGTjLpV/qU/NOmEz+JUdZ0WV0fUw9OM46e2ucbI7Y98Gq0sba9TS6LezF50epVUbdWpKcz1T15HryPWkU6e6+UOlOJDTyrKJYIvK9jJSLLCl75Y7W+NP4+SX4s5qKi2jc85Oi37LVyvnaUjX9K3Sqr1NVlUbUU27vb1TSLUVTi4S75NxuMldU7HpemORT0+uCppUE4kom3BBme7Jvi6zCndulo4bY9plfj5GP8OcsLUp2Enue7jPFE9tuknvpf4OO2F7utaPl989oVSkVaU0lUcVxwcIyNjGR9jLp8ai3c9JRlwWF2kVePkY/wpPCst3OEcmNo5ZbeWdDu3Qf5NsVOHUdN6FwyMeaa4m1JVJFPArEbxXJvPdGO99iirbXN1180xwIz2kVfLL8PU35Iop+1eFgocIk8OfR7Nt65/K6xp/WpawyJXM9Rn8jafzCjUtkZORXDmK9m4ciyeDUWuUqqyESHAu8in5Zfhaq3CIkBSTJbSWMLGNA8aivmH5LOs6P0p9lI3M5IrL00CpMrEvbZPBdqNzoqIwFEXsZX93yS/B1FmyG/c0VrJWvqpqjJ2RUZURjKdyip1y2WdPtVtH5V1Uba+o6SWmt7JkFkqrNPXxBCMj7Nlthfbk01fMYkIGOy7s/9/kl2XzSeFqbd8o9qV9MOJRyQScroxiVxjJI6JqOfy9Vp43w1umlp7e1ZWyizBGxCZk3DkTmaq8qTk9PAhEwYJexn7Xj43+Bq7cREhcuuP0ye0hbxKn+uir1Cf0y8HT57NRXzD8vr0PoEVmSqwjZghaepk9Qlbg1OpIrfKitlUSK7MkY7skV+PjY/mslsjdPdKPLZTHmC41q2wsgomWzmJGvMIQ3yr/ru0c99P5fWY503aDE+E8EZkLcCvJagu1GSPJpYxZXXxCIu79siNuxp5XxS+fW2j8wR5NLA8Gs5q/QoblyOMqzk6Nq8NPP5fUIbtNLhiEzIpHqHq4HZkXJRSaevBUR9jH7JE1koucSNsZfFL5tRZshZPdJckSKNPEwar7HzE3PCqntW6Q2yibrs0VnqUfkuShHqXVUSeX2ybjJntXDJTpimraVxIoXbPbPfPZki2HN+mbS192nnptfC1KyL98vm1luX5Io/cFzQM1b+heP0Kc2vqrEZ56JqFs/HttrrWp6vCBrOo3X/CjT/dp48KJHgQ2bjcSkLs+7JE45ho9uzV6SF0dstHfCzcU3e6Q/k1M9sLJ5lE8EPNaKSaNfxBeCKyL6JWWOb3ZRpLXXbpblZV+JJpLX9WUC6+d0s9l8NcsPp96aXj95HLvjsh9mMZ+tHZH1WjrNf0aaX08FcpIjPd7JfLrZ9oDKlxX5qJeOo/avAm0PJGf0UuKJYbjjHRdRiUfw7Zxrj1PqLueflRprnXLS6pTjuHIyLkS9zH2RS0tSdWWa6lhIhI3vdG9xI2Rl2n8l0tsJyzJeXw8bo18JcOjlSOo/YvHZyyqmlKbTm0u3SoL1Y/b+Dq9fVp1r9dPUy+dFFrrdesI3biHKSF7H3fZFU1K9eOoy3TrEIZFqRhorukOSfya60ZB8yjk0suXDBM0jyp+Nb9q8dk8Ly7FBLBg0P0TolmHz6jV1ULW9WlYTm5P8BEUVLmp4ITIyF3fsZgn9ujf9109lcpb3AZEjgUEhIlAw0b2hTT+G6WyFs90xRIM27XTJWRvrwtHLDfK16+leOyH5UMxisiTZRI6Zbuj8t+rqpNX1eUiyyU38i7YyNd0QIIqK39UOyfufa77NDJuWttyMiY4SIReUNDyKbJTQ/EbGiNpuRn2667svKiKJUspJ12f9IV5hcvt18foXj2RTkLh8xKs56fbtsi8r4r9VVSazrDmW2ym/mQu2029kQKyHisTwbxMT7Psh9tanKvTTcabJYK+RIXZNI9RZUsnGGOKZtMI2o24EmbjcZLpbIWz3SK1zGJGOVGODGVVLY7Ybih/TrFxOLg+7I5Gmm8sq5VT2z0dm6v4L9VXQtX1acydkpv8AAXZCHEa7RZXMVhG5EbclcskRdpeERH21qlIztX3OtduESkhNCimbMHCMZHwLJyZkb2KzA55E0+2qhOcZQlEiiKSEyDHMjIkyu3il86tZh1bRctNd0J4cm5EHxDwdNvw4vj22TjXHXdVZOcrG0YMdn8C96ER7SRtNoonJGJXwVSwQmQkZGfuLJMstLbDOSEBdnFSI1RNsURH5wYNuTZ2wbjePkXeUFJX6bBBMa4qj9NqacJPG/iTaKNXizPqVSipK7Q1WLqOjdDF2yRIdq57JaK1WQ9ms1sKI6jU2XyePc/wYyINGCS7LtkixTKrCp57NjnhvUKKnqckryH1EKxdlgSRgx25XdmBoSHHlRMc9m2QnzHDLKlIdZHgeGoxHUTgalbJ9Ou30dtdT6tWorddnesgYMHSp4l2uthUtZ1RslKUnLPbI2+zXfBj4mvZkTITFah8jyZkb5I9RnqTFbMqnZnT24T1Kw78llo7BshBuVVOCK4FHI6kiKwIzE4Jd9vbA2LkSJbjkQ0Y5SP1wy6HFVvMWZTHHJ1Go6de659msrrdO2fZFZAx20UttkXxrdfGk1GondIbM9sHPZIZnvtGjabTHfAjBsJL3RkJiYiMSOEkbjfwrD1MDnzBORCrLrgkRXZ18Lg3qQu20wMccmGja8DRgwZHI5MSHki2byEkzamOPF8XCyqXAjULMZ/RZ361H+rsiBWfplcsS1PUJbHubztPIjaY7ZGJswY9jyc+1YJYRGQuT08kqxxMMwIiIcsCmRmjehzPUE2zkhW269Plxq2m0wTngW6T5xgSRwJob7YMYOOzXbHbaOJt7IwYEjkjI1FSshXmMo9p+NfDbPv1Rf0S+4RWQ7MkzCJyGRXbkUcm3AsEjBj2ZH2wY7bRRRKA1ghPBGxnk28uB6Z6R6Q62hwNhtYos2sVTZXTzGoVZFYHZBKzVIjfKRjcV9uO20SH2289svGe365Ipj747YZyRGhmpjzRLK7dUr+heO3UP+Fn3ESJHwiT74GVwyOOBi7ZJMWTaxrtgawPul2RgwbMk47Soaym3EheepFkHFkcGzJ6PLqQ6yMCNRtFEwTt2jm2NZca0itR7QGzk5F3TYs9347oyMYu2RYxlGORlkcxhw14NXHdVD7e2v/4z+8iRIjG+2MDERfDYyPJgUUSikIwxxbNgoDgemiS7pke+CyGTa4uBKvcSqaIpi4KyBxj0lI9BDUYnqRHbEd560jmRs3EakhKKE4mURmbjcORuM5IjZuYnI5JTkKTG2LI5NEWzkZyZP3nghwZ7NZW3mJgtj9Ojlvo7a7/jZ/0IkELukYyPCP3FDEsiibMiikTwVsYyaF2/Uuz4EJEUbMEe00QiRRZVlOtowxJkdyI7yDaMsccm1IZlZjOKN2WkxxZGJgwRwcHAkYEJn6TMmTKG0bzchyR6hvIyN45ohgmhIUsdn4UubHhu1ELSb+nok80dtV/y1H/VMiQRnJ+o8mMHlzwQ5lteH5iJcqLw48+kYw48ksEjLOWbWyUB4GRYpCM8Ph54bYmQMZJ14NptQ8CybmQl2aybEekjYhLAmbWxLacbRGTKIyHysMTZnJ++zXCRhZcRowOOSP0tvJtIIkjIuRlstsYywWLcramOUq5U27o9Cue/tqFmvVL+5ETwodoE1lftx+nT+c/TOJCRGeBTk1hkmfuPabG8iyYZZA2Gwwsfa48iwbEbR47QYu0oZFUOpZ2owKSR6qHYhWod5vyZbNjPqykOIon62m02iyIaEhi7PtgY1k2n6IpmCESaP3AZfNsr4N39dtjTunuNO+emW+ndF5gW8x1623kWSf01S5IcE+e0uFRyY+m6RW+VIpZYnhJlnBVyRSLkjgUuXIfjaxIUCxIg8EUjgksko4ORNkFIw8uLFFjiekbCFZ6aPSQqln0kemkYMd0I474MGPZ4FIbQ2jcZQu0yLFIUiD4mzPNaWLeFMjyRX0WxNTE3OJRxPRy3Ukjq8cXIQzwVTyQ5bg9rjzM0rSMtqxD4dMliqRu+llhCSQnxLk2I2rO1GES47YHA24IYwsER/azwJvPk/SMNvaYP1FcqJtQhYGM4JeN0kKzJuMvOXhyIs3My88iUmbXjaxqRyLklnOWRWVMiclR4VkitkC1uU58EWsx+y4uLfCOiWZrGdbj/AGds8si8FEitrbasu7g0qLfDTZZAplh05aghowjb9cUSNuT0xQPB5GhRGhxK0YIvBuMIk0ZwRtjn1EKS7bzcZeFuzmQ2xJs2szg8mBcHAoowQjzPgxkwRMdojMkzDEicWbXmMSxYG+IvJBD+29FUWJ7YqfM25Srjyvtlhl9DxcsJeOj27bu3XIcdl5eO1U9squY2KKje8vSmPplw5E/ploriHKZYj/2iYRtHEm8OMljPLZmQ3IwxPBGZjtFZJVocBJIjtYkfox3yYy+ENcbckY9sdkJolI3G8U+ybQ2ZOTLT8r6htosseIzyRzicyTIS5qZZ4f1FcXnUvbCvlS4K2bjVblGjV4LVXdD9aSWy7Ty31nV47qX5I+WuzNJflNLbqjSEOVeknIuNF99K4wWR4mlmMsErOYzHJsa5x2fAjwSyzaRgJG0ikOKY1gYuCI+zUjDRjI0IxltCRHgwk+DcsqQ8EiLPJwLtIiN9ovlsZPxBc/qcubZkJ86WeS/lQyQyaqe+VK+mxorkipZlqo5hLifqSiv1Hz0mzfQayG6m+O2wj5fhDjxB7ZUy3LVQwaf7q1xfBEiZp57Z0zcltkyyL2yhgwTgiODBZGRGMspIe0iiSwZJctcKPgSMDQ4kYiMm5G83G4lI5Mzz+l3/AFtMo4ZsRhCwcEWjJJkWZRkUkbojwTwRwiMky7bm6dZVsKduJ5ZBEpbYwzKb+mtrLhFIqLDXxxa39K5WcHRb3GwtWYa5YvIeX4/afE1h6CZqYNwo4sr+20eEXkX9Wja27uJFo8j4UWVzFyWIUTaZwSw0ZRw0jk5GJGGJCFjCwfSzgyhsTNzFaOw38ZIyOTDFWyKGIwJDMCiOHMYnppnp4MPF2SGRJom551aKPug/Tqrvk3GbNRPhTwb5YKytlnnqL/ufj9YNPb6dmls9SqXK6rxqCPl+P2iXJTN12ffVt22af7dRNRJPJZH6XxLQvIlwWcjjzauIxIYI+J4PL24JxRwjejgzHHqLO7JGwm2KbN7MtnJBNrYz0xQRgZ4G2M/UWZicGTcKbMvsueylg3GSLJCEPtPxGPP/AKyyjUMp++6eK6cZwsX8umCzZy0sNeKS2SRb07+Q9XpZ0C8ZF56NdmNjxDXy36gj936msOPhjNDdlXrE42cSWU1gnnE+JaCX0wf0yeCXI0yUWIi1iLHyv28jyyEMjrwPgUdy9MXnjc8Y/eCI8Cbzhj5URtGcPcbu2XjnG5meVI8kRp9ovtgSYkxLsu7RNEPP6tNTnOma33y5o8ynh4Tb+k3mSPmuRdnOjX9WppU4LwNnR57b9dPbpZvMj91cxujyiXgpnsnZLdHTQyTikrGWMl56cyGMOUSW0lLBOfDkQyKMsKHGMNz4jLtPOG8kI8bThOW03Jm9IVhuGLOcZMbXEl5GskuGiKIjSHFCwRwbkk7DcJmeyyNyNzNzItnJlibLc4rby39N241MjTP+yx5tg9sYvImNn72cb/qqWR+dK2ozkz9GDTWenb1K/wD8TvRIu8ifD7Uy4omJ5V8ME2SOnv6q/Eo9rVwluTghcC5jz2+khgeD/wBXFkM48GOXHIkbTAkYIRRwiaTUGhrJtZtJxFFkfPA8dkRwMSNpFI4ExMybkZ5ixy53GVj7j7JcSWpk4l83J0cTxmUpMi+D9yeZeFFJuPCZo19Moi8doPEtTf6sX57UPm9cLs32X0ypZCWFZyWkmaJ/XVLjyWLBPlQiieMvxT4kuUbXnYyOEnPBORDlMYu6RhdkzJW0S+k9UeWbJ52TPRsx6Fh/FtYtJYfwrcrQ2C0Nh/BtIaGaP4bP4R/BYtCfw4n8WB/FgLSwFRA9CB6ED0YHpQQ6oMVMESprZboKJj6TAvpnQafntJ4EKPMir7pP6d2HommmLt4G8kfD7Mp4lOO6p/S/IyHm1FUykteFcM0f/WuRFlpLJntgrJ5MyOcNMhAsik8R2/avVHyLy4yxCuxi01za0dxDp8xdMZHpiFoK0fw62LR1IVEImyJtXbHbHvz8uRjXbrWp3yitqUhyUnnjOyMc2Ous4QopvR4TYvB5EhLifD7Lzp3mOpWJp4M5P2vqiuJ12DWVdwM0zxZp/GCXieDa8YfaM8G7JJvcq5M9Gwhpr2Lp1kj/APW8LpkBdPpI6WmJGitHpoUDHtbF7MmTP42OzRr5+np3L6uWSfFcWIktxXBLt+48Gmmk53ZF48ngXmHixC76WRqocd6WXL6qpCsLR+avu0y+mBZhDcR5Y4WMho75FfTWyvQ1xFpq04wijC9uDHw4/PZ1y3FUUSlhQ5K1HFzUSMsiksLsvFX1OKwIz2iQRb7NO8Skt1dsdshkfMlurg8NMmxkPOhpsshDSTLNDuK9DXEVcEYXvz+Bns/yd5nt1ue67fgT3ypqWJy2Dk5tcEee0fKRHiW4XeCILMb48CGiLw9LPdHWw9lUixbZRkSeRlP39Gt3VxH3ZkX+hb5hMc/p19sZXSe4qWDc0m+Yo4INdlwR5Uom7hLuvFK4tjlS4cR9tJZiU4qyu6vZIYmSW6KMiqyLh9Es/tiMaMezPbP4D7SExmTPdfiWoRrJ+np7JOU64kMYnI5Ip4WCuBtblGo3JDzJWtxl+hCKC3lWeSHKnHBW9stLapw1tY4sfZMxzTVFRuGdJljUVvh9mP4cmfjz2kRYzIu8X+JPt1y3EIIRJlMHIVJsWFDmEMG7B9xtEzqMMeyJR4kXLtGWDypLBRY4ShJXQvq2koIlHvpZ/TcM6b//AEVeOzJG7ncJ+/PzY7YF3j8D+Bexj4Op2erqIpDWF5dT2krOK65TK4KCkxLLS7LBrnH0F4iiRApXDRqFw+0GT5Xg0t2x7o2V3QW5kl20ssSsH56f/wB6J8ZEyRMkRF8a+KSylnsu6E+y9i+BmRD7M6ld6NGcyzgcnJxiVx3FdMUOSRuIm7BGWSUkjUa5Vl2olYokVxIh5ofGSzksjhkSMcq2IjSXcXVKasrce0iEsPOVLzoX/bpZ575JEiPZsXZe9fA+8he2Ps47L4H2iPtKWF1S/wBW7aSZSVwlIxtFPBObzCYpE7CWpjXG/VTm85H4ijPEiHmjDiolsC6BjtTMlBNWQw4S2uq5NW4krFhjK5cM0n/TSS5T7tEiPncNifZe1fA+zMiJci9seyH3XvRLsjI/HU7nXTnL3Ci5OmGCNu035a5dhuacrsKV0pCi2WcSJeOzIlPEVZy/qjbBlnDFw6LE1dHJJEPMfFgxkXgyad4s07+qHKGx+GRXZkWJ/Gvg4JeU8+xPsn7F8D9kvt6xqd13MirSSxlRlO4WSnk8KViiTlvfozZXp2eng1ccSJfb2ZHh1xzVhldjiZjKOphz2rI+Jx4ksOmZZHJLPfJRL+yl4dMvp3HkYyIzJj2ZM+1D+FkiMvavGRMfZfA++TWS26d1KU066o3Xuwy81VjRCSiSucirTSmLTRR6SNhKJ1Bdn4Xdmhl/W61IlThuBb9r8kXh1zJssRF4ecqfsr4nW8qj7F2kTKybGRkJmSQvZnvIXsY+yGho2mBiGRMER9o9mzJnuhmO/VXjSqbJzbM5IxIvBKeSnS7yrTxglHHdk0dSj9A/H//EABgRAQADAQAAAAAAAAAAAAAAAAEgQHCw/9oACAEDAQE/AeB6aQXif//EAB0RAQABBAMBAAAAAAAAAAAAABEAAVBwgCAwYKD/2gAIAQIBAT8B8AWs4EMAGjzaiENzDAR20+Gelu//xAAwEAABAwIGAgICAgICAgMAAAABABEhAhASIDAxQFADIjJBUWETYCNxBDNCgWKAkf/aAAgBAQAGPwL/AOm3tUF60uv+sKaWXr5JTf1RyWTeP2KZ2H6T1OckOFFZX+SlfgqD/UMPjXtVpiXpQ/pk7r1oC9jGqyHjXtUxUVj+kn8p6jwAad1NbBf4/KSorf8A2vcL1M/0UlH8ab5nOyagYRkFQgINVKj+gv5Cv8FJP7Ro2130vWtCnzhPQX72Vg8AxVLH/wAiqFg8YAH6U6+EI6cbJ6d+5k2cqfTxLcUrBSY48jO9JQc+3b+xalTSE9J/9J69vwvWkYU9R4/q62Kl84lAjtfYr/EGp/KeryFexJ4O2dhbdMA5T1nQwFP2ZP2v5fKhRsFHxHBBZbJlteESUTkc6AKHZin6FjSN1+9fbR/S21R7dkSqyyLqqsp9XZDgb6EQo9gF+Kvx2EKqlEfZ0Z4+6+Wh7/Eqny+E79gAqkw+lKjTCHMp/CpPXssaNTas68ZJpW2iGVOLr3KYfFMj+uftpe30mHXiilCgWc/aLcsxqh+vYblfyVfJYvIQAvQuFhpchMepD9c31Sv4wITBA1JmVTc0pjo/dsL9aSq2RqqmpeqpxqkhVcPdbplCD1Z3CY5f2oCFXkilYThKPk/4zf6WE9aV/tEKpvpf6WEfXBanWMZokrH5N1h8cUp1hP2qfIPiUD1lNI+1Tb+U/aIp2qVfElQvivipGg/2iLgFApripCr7CwHcdYKfwmWFYSmq2QNP3wpvAUBPV4iybyUEJ/FUxUyM8pxYFCkhfpB7kfpN++sqqTo1lSoTeX64G2bEaXTYWCmkL1cJnzvkCAG63ixTIkfRQ6ohHLjaNYaDBTvpnK16qVV2NSOqMmyhTaBqEKLbQnDBRkPYkKoXnSCGSL7aji8hQmZMLnsnFgqWzsSoL2CGSQnoTVDVezoVU73epMLO/YfIKJTsbBUcGdf22WKnZM2Sex2XxQKmwFo+XOcJshJQppMIDsj+bymCxUn/ANLFQmqzNy/4/GVT2ZBVQFmeUEQsQHr+FiG6bnmjxmUSftYz2hs4TlYxsgRKJojmmkqE1KerdB0G6EPvwzdkSzqKSBYjmPYWpCp6EH6QPDwkJgEFi1JK9aEzMn4QtiOw6JsPssD8KmoIFUeWlUqkXxNnYr0lP5JXqE/DdClBujBQPBpIVJ+0KTT7KnGECLkaDLfihfyeQdHKhYeCVSVG/wBIVDdMAagF/wBRT+QMLtoDiAqlulH4Ua/vUEaPHKlU+aiSgsVAen8L4scmIbZ3UrdRbdb65CY9GyZBNr+wUUBY/GNkfF5inoqekp6U7TkIRpq0Yv8AYCd+x9jZ7MeCxWPwFih/JS4WLxQPwvYMcrgewTHQgL3Xx1GHUOyZrUlUnlfy0Z5W2rCfqBaLYTyjSV/8csZW0WHT4acvuEWEJuXip3Cb7zRd9BqVPTME5vNotShy/wCSjY8DCE/TzkkpgvdeuyBQ5ZpqCMeuswTnrZXqVNsHMIqTHUYJ+nbNssbqSsINqWQ5gOm1Knp3T5oKZ7YnsFT00KVtqSnHKbMbumBTusSwHmVI8hiFB5LnMU98a/KZAhA8p6iwRo8PJBxMFi8NcrD5XtvzDkwg2m2E8h66k3iDpjA5UpqSi4lN/wCKCY8s5XKawKBHFc7I0eGSnrOq3AqpabCpDiRoHKzI4gothJ4mKossPjLU8DfXY0zYBDJ7KNYo6ByyouDw93K3anoMNQkWbNCarVYZMJynN673BQ4HtUjT44pTv0JFYlEonRnTORxlOZ3yNre9QdEeLZOS/RGVVjEhYRoyFso0cOkdF9X2qTeIMnqL9IcJlT8k51NtB9BxYpjl9VNwho+1SbxeoT1F+mfxm07X3yb33W99lstr+q9hoMb46ApGSE5TXbO9ZZYfD/8Aqeo9PGtut1vnleqnOxtK+IUCNAHNu5T1GPx/QJ1SEQdBrvWUafEnqLnoftbFQF7cPfVlQmOR031kxaTUSU9R6HZbL61d8++jBW+eFNyo1cHjU9XtzoTHI+Q6EZY6SckleqnmvkfIUczc+b759rtbe0jlRnKFyj2EKLydeApHEpuUeo3W6+S3tJybau2lHAY3KPEi2154G+nvz3WyhbrdYblVaj3hTwJyxobX2tF550qL7qlA2KOlClMONsts+/XUlU9NtaOBHD30pzsTpSotK9btaeJHFlQtuLKfJKcI2a75ps/Bm0XnLN54ccwkJqlFggdHCbRzo6Kc7KchRCi4sURnGjveVvaLz2UXOTbIb4bFVZ2T3m0Z50N+rhbLbJN5ytkBCFViBnfLHHjPvn2vHHFo0MYqZH7GTASiVUdDCU/PjowLNokEZajpDXk5ptv1jp8j5dsgVI/OlN30JvHDe23KlQoU3FIyydEOqRxoywp4D2i3xK+K+JXxXxXxW15vut8uy2Wy2Wy2CgKaQviiaSi9MIk5ZtHUbqbbKAV8V8VspXzXtVaQtlAW3N/ioyMMu3DjWZitiopK2Xsy+SklbL4BfALZbdNUftEmTd7b2i8r103yvpQFFJWzL3qX2V8V8AoHX4VNp6CVNSmVAW3asPrLPDdsjZsPcuVV0D2buSUdBgF7KLHVfN+bjuRQM8KcuLhtcIdx+hmna85Dxh3B/KfLKa05GpkoudZlHf4XjU3j+nlObRli8KdedIIdthGwUBYvJATUpqVOT1U6k64Q7Woo1VF1AX6s92oT1rbTbghU9qczAJ6jpf/EACgQAAMAAgICAwEAAwACAwAAAAABESExEEEgUTBhcYFAkaGx4cHR8P/aAAgBAQABPyFa8VxPjQ+F/iwXwz4H4zzvkeBEGvOE5TmiYFohOGhf4C8L8WBL44LxfjOIQnjPDQSkHozSDXhOC4hBIQREaHROHxOUXxnE+BcTleUEfnEH875Q1xCeU5TAmTfE4aIYJxPM/wA40OvCczifKiC4pfKTL0K9r0mby/SG8IFqS19mXH0ZPTrXo3ykvhhP8LTgg0QnDXM4bwUXjBMHXhfhXwr4XpNF7Lv80u1d+B0o37EP6PweRRkz6KJz9ZEVF7QsSbC2U/Of4kHxbD4fD4e+GZI+EQSYkNEHoQxeE8V8iHwj8RCFrbevY6aFfZIYC5yNkJysC3cLGnDMD9B5Xfivh7+L+CLyMfDIPho0hEvEJyvLWDQfD+WEF4rlAWk19DDCjFNX0P18tcJEXFKbI6jyI2z12kwVdMwGQNsj+jLVj8Fy/wDCHzCcwaL0LlH6j88NBD8p/gowX0SDfQ22N+xMZOVvieDI0xsjdUEDRJH6Hp6Qy1fsxrztpmWn+4QkX7iOpna465f+HPfwkJxSD4YuNBeC/wARFw0h2RgfvKJngmHFk4KJNpkXqpwtkTPoha6nRFhPQ3vIlbM4hCXsH0j2TGyMmv0ng/kviPfLnEITxSgxrHCCXGp0Lhi475nlsXixtZtEqV+lU19oQ+ER+mZPO/BLA8PkGxDIQnEWh03MdIV/ozYMULhfYjRWPTJ1J6Ep/wBBEt0+vjnihcacYIQSH4TicvQkNcvT8GLhebXM8W4zaIzv7QinauZ0ITazwKeSnZSEYSQnsmeBuFmWKl/TM/OD0IQAUw9lrY9b5zRclfQs7M33uhNYvZDJ5XwnDFzqNeUJzB8LlkojQWvKfG2iyxpcSQVPA7N/ggrQ69jNP/5DHWf3G3++VKHnFg3WaHA274UrbNiPUijO7oZWFdISompwMvZCGtiewieHmnivHQaJwh/I0QhoLmfKpjYjFPQIrY9ihowQO50hOoJoYXn64vE5xZK0pvh8IQ8iFiLWUQ24FdEM7jTwFmf9I85EGEMFLw27So4jryvGvgbH+A1zo1Oub8f6O9DqRMJH7FWJ1GZ9B9+UpBEFgJ55JcLPCEC0rUK9DNEVaOh4Rr0YQnb+zYMvwm/WMT4K9IW9DCIWcLYp6BC/Fjwvi/PBD8J5QaNBa5nlPFZGkf0M6W28ISFJO4KZVwDV+uFz0MJVgYo9jLw7QfrA5JAxbAowHwUhJqv8EME4wH9ILGKHWHUDJ858HEpStTXyPxMQ/FEFxCcPwawInwPxx+CNG7sPpCJnzEff34I6MkIRZDwGMVFTHtodaCqtCyglDjMENYJQlOiqIq5FGBR5WBxOF9cBu0NI010ypkvLGJWEehot+CGXwXinjOF5Ma8dPjhOW9Aj7BbEsTgTxUtF5tMZPBqKb0X0MTG6Ma2OVkJ2TogpFyMZkKBrBuo4bapRWEhmoSdP2LPAbx9mSe0VtDROLR6+hnJ2E9i6adt8i4Uc8ex8US4fnodfM1tZZRdvPGAZsbGN0NcpjiDQkHwlFbAlGBEnry7FzZFKZrsEn9mTA8ivRCUzbJ/Y16MXBS8pugaiNoTPc+a1w/JC84RCRHXnPJcGyWkK6oXdEKky0GLfghM9Q1y2ZMYzQcCI4O445RcIWeNS5kZW0U2WSeEPqG4RBpsw/Cn2PEYtLsPCymifChmvM5YvifL0LXxtYFxj9jJfN6OpzFphq3xPBcIXBjYlqzizQ+KyHFw3guDFETUY9WqVWBscG2LBIAmcB/hENeC4RvuUSFHhczynOn+C/B18pBNOI6sDDbsc8aC0Qh+CCGYc2WKkLA0GIKcORCE5fBSbF17P9oq7FDNGxwS0U68EQWyVdAjr/CUflB8Pl6OuOviZ3joO8lx6JiuULZNRsnvZ8ZkWFBa4UY2CzoSiBOs04pRBLkuEKkIm5SWYOD9Qlbpm8MfgyizogIcaJiGr6Y3F+NBeS5XJcQnHTFxCfC8oW70SK+3ms+5IYy37BjVXpfCFCg8d4S2GwqFiVCXBC8CQxiUFK8FFtIt6pv44OBrh8u2Ot5MUa6Pey4LxfxETmCXN8mPQvlnpkJ9JcG9NFj4fQ9JaOhF5XGgkYsWRDHYNFmHXYqfBccCKEJ2ZoGYcaKbh3BkhikLGBFwtCM3eE+LqpaDZKyPwV3oeRMuNeF8G3inxviUh15wnL4+skMhO9mhyp1O7BiUuKJovF75QtiY5aG+iiGYqNxKaeBskITJHJ5IbB76kVLY6tQbRrJ8MetmfEqEswMixWnYOg2UY0QlDy4+2P0f3R+N5mALaD2LjEqaeS56NzrhfA14dC0NcMevhfK0Y/wBiUtbCzexC7VtRU6JYCqX+xq+CEgtccRKSEFYkkUlFtsW1hjhj/bKstjvWCtjVMIU3oXAz0QSGqLZhrEtCG1wh+mxHStglJTKUyXo3h0QtOEHr8YesGvOczBHwTi8zyY9C+B8Xh/sB/MFNrcELInyhlWAaV9mbv78FvggVSnRMxGcsXEIsJpYKLbEDRCF+FHFsJiPbNQzDsQuC4yQ7xgXZ6LaNiXqJiqpN7olDOIVkaFpgnO6fpsQ2B15XyonFL8M8GPXjS8vlbHx1QlLAVpD7oSHxTy2IRVAxb8EUFDDnhi9kWZ8cGpUyMxhKFZIMtBXsViKYq7En+VP+akdch979hZlC5roY1Lgn7XG5KhtK37ITTgWjobMhDy4aczXQeo+EPyePnPy0OviYhzZ6PQ6txwe9C7XYuf8AaY9raejESMQ+TEWR9nFHXBCZsemhjIYrB3WmNdhtsd7ExJV0zSqvo2QfhfAVZGvsehISEimaILEyyNhoK5IuxqyjHYIooa4lRrt6NUQYL9Ll/Mx8HXDFw9M65XwW0NtG42zYaJUIzQjF8I+wlEscSb5cZqDNfLs2SYBam8mMoq0GrcMmSgg8jUbGSYyFWUQkTk9DKVx/8i6l9jaJRHkgyWqsRN+x2RgQ17FhfCzYvgvGeb5emdC4XiuWmw0eGBJoThyGNT1CJ+xbMuU4x0yxGJERiDExCzIoh6FO4GJbEnsKUw2s5ZLG6Ri2NReBjGLcXcJaPshObLB/iFmj/RadY9bbMHZKPYkMXmzbl/M+GPTOvBi+B+H2Ihp12aH6ZGEQ0QRUcJSCRldGRD5A9CGmLLSiLXYgx9qBklBkVFSLwTwM2jmBmeyIpRXjZkli9D8yMe5WByKh9hGn9cPmeOhm/OcT49ReSGZP0vhjhnYpdhB5+gyqiWBpEMRihhvIgxISWYakFJCEh7E+HQ8oG0m8NKkmDDqeAjmnF4QiYIYRmbITZQg0bQVeORXTiqh7Zf1CHxPLQvywQaJ5IfD4bwL4Z4tAu3Av/aG1V9DVQL7RX0Ylmvrh6yzoYwlRH2hMjcaKMlBIiRfBDXBoQi8IcrCE2mPvL4y8N8dlXMFSGU0rCkVkLa0EhLoaY1kiUv2IfwPQmRjEuZ8rOhfKhr2b9CWW1SGImZj6DbYdFzHp6BsO0PDZlhpEmCNjClvjWuUUXh2gpGPC2Oaw3eLpsGKVoUhijwNwNaiQxkJWI3XS+BcPXG8whR8P4G+enyv8BTMqDrF2XBbpIesBxtXYib9J4aEJBNTixSSGhi0LhcKQhYd6NjYkN4QoxNgxL7MR0SKhGt6HvxexXb7Ei/G38344ITh8IY9Pl+DXyL7YhWsUrWjO4C/wjaP+DRU2xiavQdYT4YnZZRXB0HwgT5zg+Ko4rQhcQTg8VPoQlOK+y+B9jNqGEdCReDF5Nxb5Qxi+F+HTF4IZRonnjmiIblwtdAplhaHIZ9icHsMab6EbU8sRgOdkiCRSjGRXgxh4KCTBkx4vPFdDmStApd7jdgpRVYorRskqX49DfxQ/GcJ+MGjp/wCHgI2xjRZ0xLo8jXRRkckuiw7ChrJ4qFKNUSNcEIYW0EgiEkNos8EhmxucC5YfloauDAiwyJgSRC5yfpBI/Xx6G3gkQYvGD8bw9MUNsIQj5fy9CofscrFRLVjMixgUz2ZfDSIvAtrfZfs2hi04lMKl0g2jbFLWb0h7YQxWQx6GQoHgJtPiWuGMfhRmhYQ6QYgQ1BawS8u+HwjQ2KThcTwhc+GfDs7FhT7MooP6+G/Cwva9sX4OCzVtsSn9cbGE5IS7OhnYwayaJxpHWz7M1tvTEmNCM2xKUsThUQzETKN8PxfHIYDQHq+2IbZrlfDqbczhD4nnBIng1PROnMkj7Q/C+S8vtAYrpkzbNoxEEmOxUg0aEvC8uhD40GiVEFNzsIcyKGB7MjHirYmDfL8GPgdxPRjirHdl0Ikjvhi+DTznzMeD4S4fL0WwwklT6JzPKHxfluRH0htNJDmqm2ELJN8vgYJhF/rfHDWlByaoRsYk4nHY0qhzsllopLRM+orgwLEPoK4PzJxS4FYljGt6caL5Xn+mngQxUhopfhfD0JOi8kLBuMIQ2t8ZyvNTUBSLdjS1z2fbtEkVux/BHnH9cQyvV/fEYZ2YWGoFvHhhpog+x7yuxnEVZQmvsr5N8xQYoZbMMFQfD34aeNiH8E5pCD0LRdEM4PQpVZXM8V5M0Cx4f+EwsvRIWml9n0yYSXJ0VMH8EINGozsyL0/OIbcUkzGxu0x/Z0aBUq+2xGTQH6e2OLke8fIUvD4PYRGY9CnhK4sYXyaD+Gee+WYsoY1YZWgt20KpYY2T3xS/J1gSNFpU7DBbN+vJhb7I1I0MC5ePUhpTGhkEOFsv2U9srohLmbeL0Y4t9mCJCBfodqh8ELw04yMzHVRy29vh74KtPkpqNyub5QnkhjbGDyzDIKWgNFI5Q+xax9eCfIhxiQSS0hsJF4bIsj9EzkRYOj8R1LSEYeQqkyFoUEpbQ3GxMTKOKTbGToWp0RFw2TBuSF8L45Q7IPxfK4XDE2bMYtcVJS0UjArAHN6MzaPT/Eb5fCUcND3qZcZ6LZGFVTqCElkZGLBCyyICsZKJkRkHgYcjCxwqraEKoOMM08C+LQfCGvNbJ5NxV6LAclnYsYd7Gz2VosZxINVWGNCfC+afCxrEUnOZQMwZAThLsPODsRYuUILDMJXlITLNqhu04EDcUbA2WPil5fE8T2P4ex+E4vsyJfoZtD5hmEwWShhdh9pfdUej6GL4F4ded8Uqa6ZVQ3s4TGIbB5ZHg5dC0wJwtJIaG+htJGdGUAcstvgSkIJeBpAuF8Z75QxeL8UxDM5Gz2w1/CYwiKwj+ymaIhgTiB9DTuZwmPyhrzn3wvCcPhCB07CNPwEYik0KC0iRBhucMKNpg1wUhFDBR4DXiKpBa+Jcaj4Twfwoa2PelpEYQ1pIhwKKsUgnIuceW4iTfoQqFovgfwMWB/Anr8Yxa+mMTybiFKI4a4sOKSKeTI2ZKsYFjhWAwgoudB6scL4majFw+INCGXxSFOV5N/pDJioghc2zR7cYReMS1CH9j7QY9D9DM+F8bzPifgrFrHsTJiYIzbExkfjIgbCUrZtYPoLlhQQkjByTguNeD3y3xhryvDYmNcPlrlbQ9/A4IurNEc1o7eEtbQbwJsaxg+VP5bFPXrzXjBk+Gj56KbXXFjMpUUH2Duxi2KS2PxYt6FqoQsESExyg0Th54rhoIQH8+LQYh+GeUPfLwjosa8Jphz2ND/VGcGJj6mbcTxJkG1cEl8l53yXD4vhDr0JF6YvsgkhmIoYyeVtFEnsk0JjJsLwZcPnJGKHjI1RTrfM4fhrwh/B3xSt7HMBaMMFoQg1gtRxGYLCTPpRXtwR0e8I9lTyXmxPyb8YOiyPY4spPDYxj7fCFwM2ZZSWaPW4JowGxpBsfJ8HEzRmR7BHm+jJhadiS8mrXyZr5Ifk8KlBDGOiQbAjUGJAzxN4CbSNAHocMrY1dHoG688PmeU5nwPiLS/o0dH2Jb/SjffE46FkvGxMCWsMQgdTkoZYffwMz4Id1Ed6vpiGX6Mzu0zOVoXh4mmPw1+A+UdlYc+ohs0EqMsQ1CA7iNAhrxFJfaJYGolEJe8DkK5yjr5b4PbUkP6QBgZf9G3Y3WMXxguI7FMSy/Qw4KW64LxDQyJn6I7A/2CsLN4GtGj8UUn34aj5Q+HzBMYtuMZNOChhBihBaLUIc1FssSqUzboZnVDI4/TBquJwvN83lPh7TRex4e+jseVb4b4681yQYxXW5Gy+hhxIZOH4ug9RN2Iz4fkhxiFo4HkyXszLLjQfKE1MnflvA5xsVMNAUkFwDR4GCMg0FE8mISME4OhUILB2Sx5NHLF4Tl+LMpXoYcPSj/XgdTxRfJcIUxF4HPDHDApJeHQxRZF4XAyegPhw94QmRIbITNGMLa8FhS4Y+LwxeHYsKm4mx98eeoQTeRhkmilVlNHKAUyYQg0FSMWkfWBLlL8cINHWdF5k9ITBKAzY36KN8zhMXMJyhBzO4zCMS4oFya4SFFlkV30OeCtMX6Ac07ES4fYpgzcyJuy2UekIDvC0XheOxLGOY6MMlko4J0qInsboMRyR1cQm5J0MgD2eRx+D1h9GSPzfl0In+ImalB4aZj8X8QgQVpsM6ZheFEE8cFpCD2LhClCGLz0DG5xKwYpGQbOARvBB4MApgHFkPuERTYmdj9OEPiygeTIYiKouYuNaGl/MWLoei0DV4MwSZUEX+hCgxS6ZPYvCeSlyq6KDqeyjDfY8kH8SFyJDZjZDT7JFyJRJgTikyPpwYOGgmJRDRjYUetxlNyzseTHTIUSN0LQEihDEnRGoYg3dFNwUyeUQKi4y2HrB6w63oVwGAwD0SI7QzYIaericMoNqPYBswfBC4EZheZ4fpaKb9IcMxzaY/hCEGiGTPM8UxhYHqFTXHMeCBEXBbFPaHNg6UfBeDY0NRwXKH2Y6eWO3BK6wL0i7g/wBj0NaKgcNkdh2gdhPcaGLsDxXtweehwQbOv6WOkFpHcI4MVQpkSsGXWPTAwrE+GRB1g+DfJCzQWzJRDx8pqIZCkkLsN/Y6i9iFoa4Xh+SD4T40NR+jEiaK9D9uDKKCuWJ7lRRcKQdQoxC0hCGVzsp9GDQi9CwbSinR1EN9YMxD2P0H7DDsK6DzoUCTuDUKroo5Nk0lRFVgnhZwkGuR0OSnBYaYxQtf0RJKn/B5wP8ABofNPeDJSC6NeGJBa98zhnw6UOzaBOw5RjGmNEQc4a5nK4a4ohCqZpo0h4ckiSooE9k+xD74SbnMDR7JnRzsYzfJJaFnQ0kOXOD+5HpE2CbehWZ4J2jIeziJYmQyZFDQwQ/2GmUJ4aMsFEp4hIdB19GKtYyCYGRaXCEbGhkbFB9cxJX0SxE+yrH2Dt+GFs+nAVfBGSiYYZOXOIJCRVDU4RXAhGg2OkwxbwT6PQY/Sx+qPwc/+gjVh6kaRj+w2jW9jW9mvYNmHpGmRnaCdBhdhthjJmEKvsiCTsjd4G7cSo8MSrInsTMkMRyivJMbT7DEzFn3IWmSCRTBFjfKwOQnH4bCRoSiw4mlVfQub0LAwzedfpDWWXprhBr0Eme0WM/BX6JRcNFwNScPAcyQ8BiOhHYhMYuz7RnYyewi2DaoQvQ5Q0HQOmyoaYQ/IjrTAPGClUbuG1ExUho93wi7GIFiU9gntl1hihZZC7MGOb2Zh7Bj2IMw2uNYHN0VQsiC+hvYlZlvrs65qzg98Lk2NRzghPQ4rp7Zmr/WSLdYudGTySioVqQpDD0NWskIgta4eihmINIQ0RiaBHY6XHAlGTCJCYQT2LwLIgyxseyC2NumNtkbBkiNwhaaCSYUEiNFEh0mFsa9ieoVN8LEPJDYk7CoWhIoMykPh2WTSMjbBcyTWBNdFNjB24rfB0LWRWC1zY0y4Q24/h/wMsCQs7GPHBEKHkMMMKnXB4j+wsGzoqi1ckiGk1g2GEI64DOMqWskVeuO5pwCH+lczfqFGuIRdHrEOqzGgQu406HZS6kPQ0w4mLtTBwWhsHjoWOj0BOO0XsN9OA7G3RZ4tZPsFgTRDGmhuExDG4YaLungLs9CEkSbLgf2WwLNDdQshfWSDOBYwGMFdDuhGRZDUTJmxY0G86MscSCJ7NcCoaJou1gZXInAx/jQjoJL0dsI/Qa6MaBPtURdmUTtoSLCEHo0QjAbdiWUdlRTAKWLBgh42EIh1sba0eiZdCWMiUfA98JswEhsbj/Q3jRHoboESRg72ihVeE9FJV+hk3exiO76P+0QnO8Rd4EjBRmbcJ7KErQ17IzQCt6Qo6GTqPsxD7F9kFRS0uLOBKLGkJCaaHro3yHb2NX1xeEJQ17Hn4Kyu+/9iT2bqH3iCwjPgN7lGZCZNwzBd0anfEjhHoz4QmE3YT7Ij6kOdDadCISd3Adhlob6LRTPwLGMr4KyZBlrIhxCDJDWYKOhbFuOU/0n/Zwl4HiG6/oa4n2GofQcYsiyITGyHeHqR0Q+wyMt64tVZGkshUmNUSC30P2V7yNsqPnLG6sF3xWcM6md0NS2OegnZFDbBtWGxzBKShp0FATYkdEaeWVexrKtiX2IEgwnoZhcCJ6GbQ/qMyWSIecgpfZHow0FjWLbMdodGZiJgYh7SFojVF54rRpk2XwGIZR6FoVfxI/ryIKnQYQR6krkoML1cRUs2KoXwHNeFEo2J+wvRkRp5XEqBDUnkKmhoYdDXiG5nHEbLBlRJiZovax1ZH7CFEEtPAuxscx5EqYssjmGTQnqZImPcCHyyZk0RIZJaJ9C9QgbQQ0KLIoGRKhrOEI2FLYnFHQ0SLfgo1kZBU2KCcuWrauyWw5lidbC5vIQpo6EfyJBH2QKhBDySsRLR3A7gQZ0aBo9DJwOgjEhV0yWB53FTQ4tLJHoekg1yC+0dtsV9jRiXAwftgRkVWRCwIvRhcdN5EuyozZZnKJKJTVZo0ewTYFHoT0EucHioIVoot4EcId2JDIeOBMuxULGsejYz7EmimNMR/R1ClsaaGW8HaLQ9qsfdjqKKbFiqELQzZF3YbqhTkMAqjslGmuP9FwtMlwNFjWKOkyUlGsjUEYIlQjkelUdNDFIYTol6GfsKLOzoDjsUKMW0h7UPazgVd8VDTiYjNBqVip9R3Q0TyGNcKrj0NE6hp7MGROWy3Z2gpi1DHo0FBUrsRdjSI/CDaiwFgYo8CyOPsX1xIBB9zI9mLstaeORqoMWxOsl6jga6FmRrNQRmi08CdcHTQTE7g0asosTi7aJSYlMj6hjQyKa4EN7HlBe0MLBZSHkZPAlWhBgvRNJnrEoL3klgZpEJu5Kej7TJsYG7IRt4RlpRLgLLKM02BN7M0HdO5MUOCD3DDkaBl7GTshoeCY7nKsjkG0OsSLe2MfY4Y4rbo0DG7JiWsMW7PuI2ETYTorwjFQpJjd4FbeWMcsYhsdQhFodcTpsmM2VTFholOeiVErEIQS0NcrIJZijAn9Cmk9BnISZJL7EkShD0sRM0N1TITx4IL6HV0j0Fp5MmxpKNroOfQxZZc+0UtsnpiUJawxxrY/hhK2RAtmkMGlROZseghkxQ5leTtBJ7MGSpRI1BFsOh3Q+hb0DLBCGyNcIX2SnoetCCJoVOJCOCYR6HhwDpsY2UIWhdIRkROyKMfK/YzGYwYwJZWBLpoKM2odUoY2SGexaqKUSeETuSWCMkoQp9HuQY19D5+hVUHqKnsmgt4Y2Q2N8IU6GCywOWzWPhEPBYHJC3EakKBzFaI0doJPDPsM8HRhC7o/BL0L6mhbI7EhQOoytmSRVYJKRUT0KbFoK8sfoiy0b0OOK3oqIWoM07JWEJM8B/SMgZMrnNh4MWxQJm9sQYCEOsJidIEW0ZuwsoLZvYmt1xUgkfhDio12JHSGDeYiVDZyK/oPYiqI2i3A7FskReUZFbF7C9DtO/E5NMSvpCmj6jIaot0N6MxxNZsUEgkqvQ6gdaRCN6GH2JTLKEdox0Ngxk98DsiitjYFaEDKYPYJIJp1xi4vkoyr0NehNYRmJkOeok0pKQnoYrRDlGRGIgyPRiGYQC4o3kzBAfQ7eey22YjctdCErlHYpX6P17wvNTjMXkfnEbHWL2Ocm8yeh8NGbFJpjc2O0GBSNljDExYKCDApkxbbI4Q3hC2o0uisQzTwX2UZfT42CZnLJTIeiWIR2KhQ9FOj6i/AZeR+ipbG0NJ7EC0MqoMEoeMDy4T4ObYmkp4LslOxJE9xGbQinAojLPDxxa6CGyqHadMz2OzOCvsxab5EvaNkLsMGC4vDE6jUuuFIwCCDUfCV2yMXQdZEO3VEbYzqKssSMN9i9Q16HfoRnxCOhg8ZPWe5jQSbMfCEzkadIoXfRkxShn/RjQ3jVtkezoiK62TsG0wh9AxjUskesGWQy4FQT0YMJ7JLRiHxk2PYcJiCwjEjtD2kBbbEREQrsQXY3NIpuB3hXDIrsaEs8NrLBdbkbrwE6yEsnpHYyBvLhBMzuYj8mMlDCFedobA0ZFPCMW67RUsjNp0KPY1w55KGISIaxlbIEB7Qpb0ZsIVBIF7SO3Bitn2iYWTBqwQnyR0MqoT2Nr4mxtjFfLHAQW6xImR7HA7joWMXYJfRk0NhRgMIYa2IkNcJZHuIfBciYMGdbM8h3fBIGQ6PbyM/UhYNNpbNoNfZmmtCr8B9Roc3keQps/glGn7DHYQX2FdIMkdH6yIaBJM6risSjFhMdjmiTHE9izpvgKj2UEWcjpascaWsSieGxsJZkWMWOyERsZuxZTua1jUdKBwFBB4kpZXB9AO2jdg1eyqUSUyx/UdsdZqiWghsvsP7KFiyIujpAabWS+homyhiY02I0+J7GzAyCQS7lK030NKmnaKdhDVCITcIlLBJnAr2aaxFLY5LJjJbEZBHqGJumdcYGOfsXBIkKXHIMYhl5aW16MBF59jRqFdjsVMMplDm+h2432UVo4Idk9wWoKdCxo30NWB/YUhhekxLC6IhrRPoS7IYaLxpTVcEcCSXXGgGpXshDQgxGYkCyCKqQ/Am4LZWLWxBCBuKyhsPRGQMaEsBmWiKjUFyK4QSt9jN0e0zOAt4SKGbD0NThOeOTxgmKnR8J+UDi5csMnIe6ikCRjRaGFJRFpCarJa4NhGBniYm2RpwcrNw4CxorOFDyRPY0Y9CNodpQyRHhsjbY3di02Z8C9hZYPYx32dxlZggAg8o6sDUsCd7Y16PRFe+hKiywNJN5IbHRbHTWDIa0ZHBkIehyhOJ6CF0uIluuI0k6pdbAncwrZnFNyIeXiDjCzASx0S7IxiLML0gUTeBBohMT9PwphAdJcmBA2pwjTvEkmP8AgVagmG2K82Mk2ZCVldSRooEwMSWToDLYaMPXsJjI34DJlwCGE7HypMRl9CjlwZaM2T7jE2QZHZpMnAkKsQ9mLpMz7BMwcTX3CayxJsNu47ZV6ETDJCbhtCdaY2CTyEvbZg7F6xHoSH0z6Z9UWogvjLVsFH/gliojQD0hU7Y7M7ZiYOwxXLkvUE6QSfQRCHeMJFwaGzZFghfPJkiibIpqE4FxklHtg5RIVt1sT9oyeRsmKFloZBXMDZUQS9jSGmBeomYY+hjLKLLN04CawBLphklTLez/AEJ/+CEOGNijX/uP7He/4Few6k/94G1R0SS0ok9L/RF/+RBGL6CXCJxeDZR+NFw0NQQyRmNJj4V9tEtDlwHKYrKVHRi2XA+MMAjQyQqSK0KCmVBCMUMQ2UOE0Q1iaJrMzpBtnszNM2GIhpbeRN7GW2R2eFkeQkNpMHqlt0Y4EoExZX8NbP6ZZk/pcpuKreE90IIg0QOOEELSCgjpkyLggZRPh+RcFwhIyQguJ5QXLVEGscHRkC1mgrL0N0EhgqzsYCrZcBpvNiwM7DceElQ+gz4Gbn2Z4ysDWBD2JWyXoJPA5qEt54nxRhui+yQq0S5jGPmWv9GVDf0KQab/AECVoRBpriL2QQJGi8QSIQZSg1w+MCQl4Llifivivocpdsa8oYhIWgwiyIJBXQUyMkJL+j5YFohS4Q6aUGi0PLMWYaJkW+GiIJ+4e28mgz6ehkTBRzRk8lpZkV2lEK7DV0/ziRbhGnp/owISQ1wmMZGKjpnjZCTwpR8qENMXiheD4fCXkmNxE2CRjRCYPaYaG7FLg9bCQjNlFUiQj0GdiZhYYIS5xpsTgEoyC0kMHEMzxwf4P2YKMgtDhvThYRV1wXHFREHkbcJCXE5o3xBiJ46KYvFKf0wJlExsU4pSl4fFLxSjeBFqMA4Um6EOJCGiLtGho95Vi8RH2ZoGEQlKXCBiyMQxbHDuxcFqNkSoag9a6P3I54nwYmZAfpj6jErHGhn2amXE8iYJGIWQyjIicTzviYzRdDH24UuRrwxfBOUy+CMQsZYvQ5Fmj4myQ9BGdNwyjlVMpCArbGiuBMAWjYscFNzBIZNwb4ZTE4BFYgJbKqBd6Ptwx4oklPsVGkmElihk6URRBh3g5ci4TKi8XkpSlYmNvwbGgmiWhCGRIxRvgpRcLll4viiDEOTJfmxK1svsZ0zakdiRDETGRi1houEqZcQkoPSBOoWTSN6Me5MvAqO4WncG6ZGJrBRsho0y0W7ZYtQkbhiP/MPjEfAoGxTlfohmvIhrhF4aGNDgSTQ8vA/NKioouC8m+TLgyFVN9CHJNBjGapQaHvAfVoPZGXQ+gihmAcq0mahz4bGOIgkJniIpZYwrOgLEEmOFoww9RuHjC68WcbGyNx6LkonxSlfLD3wlw+GV0ozASfiaPghgNUnDcNeC5YD1cOjYT7JFvbbFDJgjwSQ3BCirRFGBZ4NhDnREORU0Bqa9GiGBeDCG1qHSZXEI3EjFYQ8YvOUuwxGzYhsWeQFoaAmxPA8BxDYTfocW3wnhRPkxMRCDSHypSdQ1R+FHww2Iog4Rw+XsT8GnDJabcGuTALQ6qJ6VZEwdKWRqR8CyHuYro2DI/alv3GzMKEDZNBN4K6RgZgzKYqpMxfY55JbF1NnaGJRBMmsZMaKQkwCeCXiiEBJIJp6uNhi4fglXC4oxRkMfYwQxcoh8Pi+RMuOb5aENybAw7ombyzJdkV8TO12hHYeakK8yFzE4feMxWhlQvQfw2nXJa0PEnkdEYTEvxiMzAKSoi9DexTEXKMNGRQKlwKJOC0MHYzJPY4kNniwCtEYKMTKUTHvjs0VDaMMcJwwtEg3kpUQY3wPXjbKUvEE4QjFm9CHMoJNjmzJS+8WAf0wQz2MzoZxUdhabHthizlcEMteF2w6XLEGIaHXKMJofvC1SHCDO4Geyot6cFZSkgiPhoTIciTWYBoUamLFpihZCyELRUiSDfCEQSJl4wODgxGgzvG2NPhWjpiKIaGjLzfMFgzfCg/6gyujLJaYwmg3Qi2Qv8RtnDBF5IsvWShaRJp8bx8D0JGhZWRsEKdGQdTM2piwsjAstcFF4nL4ZsItGPVIgoINk1M0MHgwcazG4LIkMQTE/IQwELkRBZNNTQYY1GNBccNxJip8LwnNOMbFns2mhAqilmSrAMUOGZEJgarElReBMMhuP/9oADAMBAAIAAwAAABDO7UMS029uqevu5OJOwTX1/ESkg0P1TfDQf79eP/FhHf7M5krEeaGEu87bIaY5bNNfXHuQGgyBV02zcadOf0dmoIjuKnwc0KiDAjHPKaKYEQjyoGtbskZ37lIC2e8ke9kW/HT+vdlzxeviPO7YaKJNpLWnBtPH1WCs/Uetqe9UktNUE1MIJfM7DLCFICg9v9uYpMLf9PnQ4XPa5X15sSoNsutdv1s4rFf9nlutMD68AvZOjXG9sfaCoCvdnV1/FUiW2/c7uMfklKAtdJd9uLOKRcAEHCxlgTpWjmMg4Pd/cHt1W8Hfn1tvGtMjPcUgVtPpKyN8c9t91Ut8ZWUeW6m2hSeqM0+JxfNcfOWxi6ffv/FEOazoJl8OnmL+UoFhiRoI3+fJHu89dawOQstHUSxjitt9FdUXTS32qTU++poSTK2JW1l2/Ko0J4M2vrBTddXanexA8cdUeVURLRUgbrFpScxAJKiEU9Sub5KDE2WiHN9+5YfO0nfdMEdlF/5laDTpM4ZzjpLSfoCUEJI1obl4cXKln0KRUTv/ALTr/Lz5fH/PKqMQTs67OWstyHEK/wAxv55T7P2rWuD+R06lR5/e37mkKY1nbUoKhkNbdqsDvh44cRA9S+FWIGo2HiUV0UT+2b63y8VN9qoHYRQqLaSMwcNbsdAdT158AqELQ8kz4V+cax+ScWS35vcUuILfhWjUYhw4T3AkkjzQ/Z10rrrH7Ty2f37077Xbc72ouMCnW8UboCPREGU0fGx9rwdwRU1VZF4ybGPeVT9U+E98eMdnJu9/EcFpgAUXfAWARaD+Z2RlXtSdVc81e2SAWi25y5IZy2ez12S6n9tnn/kYUflJ8PsiZ2HhSqCBoaUVrT4e+4578PWTnW37+TH33C+bSnAax0/Yy9+K+9FXaiAAmxvRW1x678lYMkoQw/YLPHawMs/57edP/VjymQGh6n8rLvf3e/7h9006ltQBPdT/AJig7n0HE/NsPdVt9YY206gVnm/9ZyHA7eZ8fN/kbNPFgTAkK+5Gi+bSJboAQaJOaLpFX7J688sXHZ5WvNQw7gb1Gbs/h+cIzYVrt5BnxH6Dk0UxWDuCaBWH23Fn239cxib5403bUNnsw0/nGtjEdJ6McNTgvwy3/Ef31nlxZENaOW8GUJCKALtHqpHT23631yKPi0u+NMZVI9XhdVctEs5CFMykZM9xXDdPAzX24F6a78B/km930q4XKTnjRT79P8OfhEa9xdMBRhxSPmcq2OyiULZVxhMG4OC0YOViMotKFcv/ANKtkBvOYpA/wWIPxWQfF1EHbu2+3ggFBsLguXeGIquqeFTNldgX452vB/CmgeVCn/hDsqwSRZn3cV9x5MlBqdkM8gf3xJiEcVt6qvfT+gkCHB+TzS1fZEk3B9jldNN/lVjDJDBnq/1+YYpvLmgn68tqQwe5r1r1Pqmo6Z2GWAtjQnBt5VhdufFG4zMsiOoZrVA819Uwitf1n5rL9QJ8nabgIuYoNFuwGG3JpDOAb8ruva5K/O9mYkiYq87dFFhv45IgFME8dnwCvNhufbd/No0guJkfaZpWN8Euc/edqxgMocNhF1MZ6EJ7lWC6W4pRxRXElsIbXUJAVfEQzOpGaCS21Dv51CkeP3zmdvzTPzF2p1YBIgFdvpomXLN2kUWq9ga6Sa/HTxQEx+rfEQ8Ajfrz9jtoznGESEcHY6lVI62so6agq0qqaohBdpAJKKCnJlbPAnLtXt18py/hHhlofbQIrv00IAWf5NHuLqx/XO+Io+Vt55D3jh8Np7SQXljVazy+/CGX79k62ss1L+KFhLmKfwZyKqNXRgcKnUrspVZlDhRmlxfila/+SIe0Ps/h/Lro/wC/EbvDcKg4Zywk5JGl+TV1zrh8CXfNTS0tokOusRvqtDDz1x7+6JMI6O9fj4ysUWa2hqW7ibIvCyRFGpuN9pjjtl2yrulK511VUb/O5hirp03FL/mjCceb6IIWELUR3eH7aFFauEo9fb9AS3zcWBW/KwwETF+squN5dDgFa4UcDQO4bm6wTqlZ8tETZa/FZ3SSYeEqsUMhAHwhtB9mt0HfMaTfG7RaSFPZ/YnBG4T4oku35VUnVIO4is6jkJK0ehEJVJQd/WKcGAja9CY6bebhVimrBy2BUR0guxSAJKDO957hHME6DYl5YJPPfQ5DvbCp/I51y/Sx5GRzRGFvCOkpMBd3r2hk0VZLs+ny2hZQKJbQVRwRabubwVcaMmY6rb5Rrm99GYQc/q4ZOK/npXdfHUaNPTaR9XYeD2V5fyogQOLSUanmbzVEs24bJ333wg/YYg43fAPY3ffQP334XoXPQvHYP3QX4P4fXPPQwnn/AP/EAB0RAAMBAQEBAQEBAAAAAAAAAAABERAgMDEhQUD/2gAIAQMBAT8QQxeaGLpix9rweTViGJelFsJj8YTH4N6sXssovKE/yXUMnE259PhXty+17usWoYuXwh8p4sWP/Iii5mNjLtLR61xRPyvF8Zw+lrFiXcLj8L3R6uEMvikTxYv9CH4InqvecwS1+C1j18LzQ/BZCei4eLlY+nlL4oYj8FCl8UQWQhOVlxLZ6rENCRCeKKUpS9tlF2iedWo+jXD5pdRS8UaELH7ohNYmhk8rk6Q8WX3XLFyh8rF2uZ6TViyYhj5usTGLGTwQ3k193UMRPV+yHr5XaxPqZFxBD4o2XwvjR+Ey8tcsWzqlz+CITWIfC8UMXLxDydQfgun6rFr4RMuIfD4hNWvudo/vV4WQghky9fzt+DQl5wnbRCEL22Lp+Kfki9Q+bRPFy8SJ6Lbs5RMpcouWhLt8fna4S5SH86vDJ2unq9KXUQff3yWraXhDZb5TKfRIbGLpIfD5WrYTliL3OVr+C6pfCE183i8SCGTtIePhcryfs3xCE1C5hNvd6ZB/OHykLJ1+8Uv+Fa2PYJE6WImPil/xTid3xnhBDQ1w/nkmXaXudUpSl7omN4xDyEJ4MoikxDYubC9JDP5jxH5iYxDQkT1SPwpcSGhei4eQhNQ2I+kJ5sR+YkNMSGsfrfNDfrCH8ExlaE2fuTleF249W31mUQ2Mm3J5Ut4XE1ISJ2hkEXVqeXbk4nEyl2EEPhPh7OIXHx8L3BEH4pYmf0bFtLjxrE+KQQxDF4Up8KUosutiZT6JDWJjL3OVwmMXFLxer0hZ9HjIIj6Yh8vVj8L3cerKNlKN0Tx/6p6ITJxPwnpCathOni8VwhvWy+ay6vJi8VkJsJ+CGIYnwif4UNiJs5SJiGKDS1Dxi2CPo/8AH+9wWfSDIt/gh4xD5P6Lv+CHwx9fwXDEPT1Z/8QAHREAAwEBAQADAQAAAAAAAAAAAAERECAwITFAQf/aAAgBAgEBPxC/ifpRi7QxCHy8fpCMbH1k7o9XCLio8Qy4vaCEJwNdzXzBIaFkykF4XiYkQRBD1ohCDfU2CJlEthNf3yh9JaufgZCEIQYuryu189whMJC1eNxoaF0kTEQm3hLGPiCRCE7fCxiyDUybMXbFt8F73hn2NQT5XD7axEyal22Nl7Q1jEMg8Xq9eMQli6Y8TLytePHi8l0xDFxOXqEPhDExiHqxeK6+T5GLpriERRPC1D4cPgWT8FKMRcQ8fYiGsTxctC/NNWvIIpdfi9RCdvxZSkFzOJwsvTRCC2eqHlLi8GLWxPweX8DxjfC1Dy8tjExPWuaTKXFqy+D4QvBb9jJi1fneXaLKN62LGIeQpMvSY+IT0hOF0xYxYuYuP6N4hi9Gh0XKWIZRYxrGxPFy2LWLlvV+J4mXGQbRconrZ98MQvsmPaLwYuEPEUeJlyDRBERDz7QsWsWLFs9mIe0Q9QhvHkgywQkNCFiGLm+iEvkZdq1i1DPjaU+xbR6xZMpOV4fI2feSkXBankIPo8ZcYurBfPC6hBoS2l6/osY1iQlr2ZBLp/IuEPHxT6LcSGterFxCF1ohMRZ2/gXyP4LRfPixdMYlk7XUxi4eMQ/OYhl26kQnUnEPrbcRceUkyfghBInN82T3nKx6tu0vo8pX0sfCy9vUhrJrEP0fo2Ioh/ghPCDRMerbiZRbOkP1pfC8taspRMhP1wnMxiGQguEP895oh8XUPLq1i9UPwm3hi8kiE1i9GIfVy9vxZRPU/J8tfhnC5aEuJ5Pl9XJzeb1CEFxSl2cTzfc/Eh5Bed6mfWp93mdru9XtcPV4JbBoSIQmwnc6nUEPVwkTYQnd6fHwQfDYmXwWMWwReKUv4Vr80Qngi+q15dRS8vtFKMWsXmuaXiExD4fLFlyeDEvFEIQhCYy8wmI++FvwTzTL4LaUu/YkXKUpeH9H9jF+FZ/PH+Yhix/fDxZ//8QAJhABAQEBAQACAwEBAQADAQEBAQARITFBURBhcYGRoSCxwdHh8P/aAAgBAQABPxCnyzkCXbsubIsjIJILOyTKWQ/AOT/V/n4CD8dv8jfr8ZslkBbZyF+uR2yywkRgLD8CSCcsYJDJjJ82nzPn6gPmQz2OM9s38f0s5nkLPZPuA38MFvGZxYgc3J1+Hpe+k+y7fMFpuJPuwnG45eRiSNy9sNEwUkGSDlhsYMA2FyzbLbbLB/GQXjDke2dj3c8kRxt2xgZ6+XT4jZ/sBnfw5Qc/VmeXVyT8B9wd5Z2f5Y/Uwc9kYLJhbJ0ksLKcgxnREQfM8+rdewH7kL1sAW6+fjA3FkSgzs6XHBZ8Fr1uXLH5LBLm8jTwjXzDPmxfm2tsON90GeQw6xpZ2EHEftBn4ZsdyA2dsEDZIJOQb+AXFlmRGbZnzDnxfMuOyb5CPbIHYOyI3W7fMGxiHN+IPpY+qZHGsJ4QaQd9s/cH7nnzB+44efgviZsh5NkLp/8AAwsJ55eyfEYmCDbNt2ePbPjZH3YPFvobD6wY+5O6F8/UcMHNg5BHvZ68v/becgeaZDrIOJMgvYryCBthYs/AaWcggmHspuRmXNmCyixYT+AF6Q9n/wD7LQ+7FOas/QfJlW4/E2WR8gS/39ibR6N5HgnrQh/Yp1GL0LO4/wDl84Zl8B0kNs/V/kc+PyHzHZ4vUknbmykMtnb4luN8eWb8Xl83rZ2IgmPo+bz5kBIgDqWD8QaYSYzq/N90n6y8QQn4/B6cLXcyzOkKnGU/Ng4OJYvIU9i+fxllkQ/J2zL5t55ZvbPwBTsYTkhch3Lo9I8+i9YxKldh81GWreG2qRfsh63RTEKHpPu/cv6tt94eQT9KRs4C+C+JHYtjKv03E5wg7+EgLD8Ny3fLvzMT7clNtJby9ssJtk38B2IOWSPfwPbhjH2OP6/CJ3dPLScnHxCSO2/GV3JRL8w/F/V7x0javPwG+zixiB2d+rGdIPq8/DzJ55DzsRry78wFgSvHC5mpAfWR+B+9cy6tTkFTB+llxPg7NmD+AyNJ0r8toZmzh7A+J34tU6w+0znPz9zcH9BFGg4j4g6dH3CP6sy/279X9TuR52f1byZ9mDbJ25JrHzdg32Qnb48u/E/i+mQ/ZLqXZ85H3kN+J/TJPyX+Qt8F+06e8s+Bnv2/uTCAkoeXU7OfUW7EGkc8k3fmJ7+Ty29Y4z1g5JdeRBtmS6xbeJWw/wAkCv8AyF+j62PgSLsO/VS5Lrum/Nj42xTNjflJ9wNteuSri0/gmXspCIHfRjDjXjKA+vSJ4b3XLPo/QIrhkMhPqXkeWJ/Vlxe3SP3M8g7AY2Qcmyz92P3dg+c/GNcvfk++SNr7lSY288nVlGmDPizu5I/V/EIkIHiTfY5IbHv+R5cESc/GX6v6sjWHbbN/Gz+DE63nl77AWWXhy/aR8iIEZ4iZs3ety6cZby4IeyciZGIBgdFh8GALFtRpYmMIByesJE0dSWIef+SB6YtQJD0rowRM+kxsRjSEej7Bnx/2BNKfrLY/D38Ht8/hIH5v/uxh+7lyfbD5tIe/q9uFaY5k69vHLrOSHywZ2dXyD6nD83MtLyF82CfxFk8f8vEnImG2ZZtifMce2lyzY5OJJHPZB8svPL+3Ifx57Df5E65bIGl8CxHj23vmEnYaRRx5a0DFk4GR9sHgupwQl9goNib9WBfEdmbVfMicHM+V2TS6gyMjFH5+bRRpkeMSEvRkNrHmanjbZPmOsOwF8z+NCHXy39XGwnl8xi3fibML0264n2XPbY5CJkx4vFmfH4f5JpJ6yGsOLDLX8GQ6/k5P0IP1Y+pZ5bHOL1sdiYTZyfqfI47DJ9i8uMg98uA/pOiYaCxufe4qD/pIDy0SSitfVZO287HuQZ/BVfGVe9y7PqxA/l3Xyzv1Nn4PBjp72TvYfN9/AsGxfORgX4nm/uRV7NkPJIn7hyaJ8kIMvxvL3B89khLn3rU/svfL929m7GZYTjZf2dT0ufMZMO3C9j3y95HWzGt10njsB5CLds5MQyAyZAR38gTMh0iG0HPxv7uvmGfuxhjYL+M/dkF3YJIzC68jPvtj8kkv0xChnVmX/m9gtMe1tx+sb1EiGbPQG/M7rif2PtASGADcTc/UgeIIku1/Vt3sry5b4fYAJ0xI1+NbJSmzAm53Ic+yw0+9mxZiZevJfDZD4bD7oyuiSHwv8vhHX5gPXen1AnZ9+yMM88v/AFPlsfg5Iy5HeSZ5MDIb5Cf5D+7Spt9sTlgfNut0+LN9s2A4zZG2IWbD4swv1CcuQ7Y3z8C/q/UkGzt/UcbNm8I/CmRl/uSGfIfdozwPXlgifrYKG/o2U5PPtLns/ZuOinFx/wD0l1eDj2Qqqn1bu7tru7s7GhJzC1zcLR5b3YJ3bZYhwAEfm2Q4STpFF34mdrGjkyB8yXeTyHZF7MznX+z+AWDnzE4LP3H1ZQbCZC97y8BzM2RPPJezkE8/G5M+Y85+E+/wTv4O+3Ni7yTsY9bCBst4Ts78ya6M78QNjtne2B5B8/jTYGeON+lx3cB+M1/A5etl42kdZxOQWYbGNlvfGQ7oeSAdefaXmJ8p2tfa7yri0YhymNeWqs8bwtc6GwMzOxz0ID5J9bYh29LE/sOTTnlit9PY/nbt5B3z/k3o/wBlh92xI6Xy0u/9l7IxjIP7IGhf02xU/oj1x9RmO/syRoi58tj4n7M5eRs72Xrvn1AEUaE9xwbYJxs722/s3j2TYPh+PfbhYJ32NPqOrYbIPLV3ZgI9k7Z+2c87GHLzy3+xuRjxkLdsMgG5kFvwlsDiyONj8H4HPwPbeWbI57FgmcEF46eSshPRes+/Cx8Y8o+BjZl+inqS5zYyN2Q+IEf1GVv4lnEnV5mU/WXtr42Dp2NO52fFlfiIgL/SAlfxNhrPuH7tyl6/rlztZ8ucmXUwPiz2fJex39pC0P2ywP0A2ZM9tsmkels8gvr+AP8AU42/DjOzq52AHVN58Sa+9+5MjywzsH0sLAs+bEgvkHI2Pfw8M8W4kl0g2YMvUex7Jvk8R52+Y8n2yV+ARccj8av8jsHxZsFxaXPu5f8AkDh6XbFMMEXVO8yGjG4BkUbnGeWpgj6iX40LrrOQ7mxbjtkrfDnkR0Mnfb6rPv6vJ7di/wDLUM6aZeYf5goCn6sNkf5aDgf5Og4gNHj4Li657ka9d+5Hm+Tunkq0H+knS/rZ9Hn6jA/c6eFwdGOnYO8YMz+xm0B+7AX7qwQwm8t55F/k89iA/l8+w/H4Zy/y8uz1bQR+4Ebn4H9SbDnk9Qx9/Cc5+JgwPibskS7xkQMtjsZfMP1H4Ng2Yzu8NlX8FozejY8GgZlskig/qMvy6GTersvzbOdeCGgke8JiNn5O3WnzLP7aPbM5ZTXfJSEn8gRRiIJThGgTQobz2xA7I2nIkDh5ZPLfDJQ9lsI8gjkb05KfMjOGXpanzkvhKT8MnB5LmPsfkvExYm4edPhsks5C4I/SVzhdPi7vl48kh+I63XJwyGQdwgvI+Umwz2cyD9/ghsbB7+E/GRNxPIfv8cSD8HGyd20+wt9k5fohVOGxBaBAP7N9gbaYkn1k5ZOBB3nl32yxukwuqfUNQslPo2CdZFuZYXIgeyc4R9EEEAEZB5YfiGci5GD+sH72GAtz9FzWPCcyB5ySG39ytJkIAwQHJhTzX5jMZr6nPgSTggHlw8nfiKPPurLcmfiXFsb5PRsn+79WZ+Hcg5N2NX8aWdvVvNhL24Q47Pbc9jY5qQ/28+J44TvsGQbrdy/c27P9h32D4WfdhthkGMwXzF83x7Y/drD+ot5GZIEddL+227p5eY9lOnmXDl8yyu2uTDsfMmpAH2TvjOnjag9ZB3mxanQ+oAgl9GSH248jnzDp7GR8lh9QWpl6XsCjCEHH4S7BasXJkYT5u4voySyoWMP7cfRJ+rCcsfYVTPSXauKtiHuIU63j+UP3KR24TbERk3S0kesGWGXjkG+3SGZeeXry1+Et/UPs/V82GwtjIwGXLDdufj58jv4JBMtsvr2SI6HxBS5df+w7rw/t0SAQMcPt10uNfMqnsCfM7k+xni2n12O8bTpCDysHZ5svhPzkci68Z8gJ5ZfmT6ZZJmZ8W9Z7d2OSQLU4J4Rf6fqOdI/c/wB/7C1eweHJfJtzyXfxrI0cez/SzxfD5gRkDxuwawYyXxf2CzvtnfYEDOWx9hdt3y/a+eF/kuchN7Y7yOF3fw7AlkAiR32yrSHEEllmM/y8/CxJ27JZ7dTkIbIXTJ6ryi2+eQpufB+59BmsIs9S5LyfLxIJfrgNZcIXxHNgRwTPZA6FhtiezDzyNX9XXzeocg/NwcZmmNrYImoR9soN/d0dot2OYORacT+WFunxjKfjYL22K9ghaxmSTR9LD75LzkLL9fjIGzvZ6gm6jhHPwe+TsD+HL15Zhs3x+F7lj+ENvxBeXIgmWmTbb29ZE8s+4svOQR2DOm/qIkDr2ON0wtIjBHL0n4m8/HLP4Ntm2l87bDligtQOQHgwACXNsFMmGvIuLsvEPm0I5IJ3Ibt6qWkFyd44/Vu5z+JD6H6l5P7wWg/WCKt2euT2JN0t/F8vuSmYtBigAWGEY6sDy+OTofhgvm5aXZPYHbNfZ34Y2V2X8FabCfgNntg9sfE63EBl5dO+F/khCzJviHPS9sh5ZthMZaW4HW5GOESoeA2bVsJaPsY5ljXYMt/JrEOC0WIIA+7sHxNgYwfEbZC6Ed0cthMuS/VwyOR05D7vnjLHs10bwA+p2Bf5PnO78yg50lEQf5LwM/t1x+L45GnzD3thdJm8HEhPuIRjOtvrQ0sH9XA326PI87LETm2FgQfuPsHeyM9ljby1+b5nCekOwuz+GS7Hkm8kZceP4aTnfL2dFo/GQ2xb22HfnLHH35Z1M7k3f8MHAX6fVt8HweMwhj04WwHfk+SQOPtkQwd2yOsN4fMxb8wmC+ce3nFnQl4E2mPJgGMLIyPuz93DxtZxjX1/As5PnZcJNKf1yU/sstUEQxtRIUwnpx5JvI35/DOcj9+/gF3eE9xitGAy082aPWfIy+IIPyHJ7eEvb5t5GMieX7TE5K7n4BsheXBYO3kmyJDjYW6f8ly2Jt/GTyG5NpcO/Fjs6k3Jl0YcGKkpeDmyYFSPcY9uGxOHpzf3c3jKQ0j2zx82xZCIhzbN5EOOQP6YfJyUnynBmYg9HkQ+wjeuh/t1gyzccWHsN/ZATQ/2R4FsactHxyYCQCzme5Nih8ifuwnl0Rxg19hfxzIuZ1/V5B7JOmXer7CteNA9tFeOl4mN3+8chz8e/j2bOwGdlqnhdTyx8z+p4GeSs+x2ztwet75Z93Piz8FT8DidVFlm2ZGbJK2ZmWQgib9RlR44xEyivHkkUExDuiJ3/bDDrrC8010/v412WEoRtjvlsuWy83/cLFkqBki66WM3HvlvCOeSJWZIQzQDCZuv1bhvfDtsz/q8lrx8gL/xgAWkA8tnnTYxx2fAB3k4HiBztgxqHBtnINmfUqWR4CxxLp40hi4GJoyg+lEtZXEb3Px2WYjv4SfJZZPtzs8iJo4yQy4b45dJNkyMlNgGCDCSz9yfH2L6/GGENY4v5HDYdsPuck7G3c8t+yR+FsdXbsRnIeumq3iQCLLiVx/sebNnT6tPcWI+IU6v2/uFfZsgb7Ei44t73W5De4QiYD9yca6xIm9uvUYwHIPQLEjT52aHHz2WP/JjWZ/WW7j9rMe082GQX+SAaibzh+rVN3LMB/dl9xDwtqSn1YGCeEfuJ95IQ1zGB0xrB5z4m8w3ElIcWbNjNr+0nfzF82ealT/Jku6oDF8/BP4O/hkkikLy3PI1+YIbueX9GTsaLyUeXvYDLqQH2P7K51upxvrkJOt+pYbbse9g+pGNu/dn23EsQeZAD7gkwsz5RhhX2nU1OHhAk6HO/ENLu+JZC8U2J1t1tLsQJ9kIQNCXPjPkGZA27/LuPkr4m/UzMVwWRYCtk8yH6sUcfqHIx/YExB/Z7hB9Xjv88kIOCEwdW7I9k7gXgbjT0EnC/qszh4wCM0tpxycojCujEyz4f8syDf5fBF8LgqiB/l9fH2BRBhbeXI5+HWS+Ie2QLUaWydE6scOyc5Z+CdkGAG3Et5y+Dbex7/kDnkkfu6eSmFbptzcvpJyTcwuXv/kxKVrtw3QeRPXrsQZ/9mYRBkRzNtBTRB9geHp83U7J38cMGOXhLYk8YQtlZZfXCHD6u4r8R9pv9t1rH4uh8QvBIn0ROo/l7+L/AHwsLlbhk+Qu7r/+TO68e8hXtfoNyBl8HZAff7ae+Rxj3YO7KN1SwtNiHHIcTfiyjoE5YWkDl8mKSdcewRD8Yx8zpCUD35tch1cJRqHhZN49k/Dxb+HdjY2WOTY5sneQr+D92Tv6t+7vwcsd7Ywff4A3xkfqdg4bcsa/lrB/GqyXls+z+F8nzMzmG7FrCmH/AGEcBLAzxuzBnHY8vd6Pu4+j/VADdThIHjYYBDMeLC63ZTlp1bcXy5wvl7GuvboEV+L1wZXp/cnWlsTgZc06ig8tvPl8IujbNA7A4mW5epFOxu85C/6hdm8LJ5aQBP1sKJrk7jV9/wAsmSEOmnkCcnwfiVvD6p1imSftjqaBIRxKLxETLvStr6U2fI9tWQx3v5Qzs+v/AMSc+Y/a/lveyix7YMs+Sw8z8Ovm36v/ACW8QbIfEZMfxl1Ownz7KbfeWucwbYV02+Sl795AYgHxLVuxHAj5AfCEMYg3luM2B2zcYgTJLh5Pr1j7nLAtR23CuR0GRekcZ4H1KkGn6nwu/OSKfUSAdkzEWqphyMJYbBFdjmBmWx4T3yH3AZyGRZuSP+x5TeTMB8rRYx3JzHH6kcbv6mZAfGWhYQxdtB6/GwX7iNbC3BLhPpYYH1b+r45Zvv5F/Dp/Lo5N1A+SGVz/AODOwG+/j1Mv1ZpZ+5Ijy0Cz5lWccvE2p9hIu9yB82G/jmDctQAbGZ6kb+pzMPLmuEhj1wtYeClhM5IQW5+YSV3loYWx2SThH+lyHl9/MQzzIxBzIbQxsZOPZfLOYH3ARP8ACeyuPuWrdHPEnxs3EsAjsNyDI8h2XGQObyJwNXb4yLKTuic939Qnxni63IUeg9vP4/MQB5cgGMijw3Dvpa+4c6/hj2+Yey3jloru+QdhZl8H4fZw+JD25e/g4eQmWcs5L4htX/g/D6n8h9xmz7yx+IdceW4R3tl185DhLvkHmyjAqFmWRf8A3YgW04Cl5EMKyPSRv5uOxfCeHl9gLQx3fjJ5Fx/cB+kNetl8NSGfpGnkS47kUr/iGtEBLsRciLjCS3LYOyW6fYs9uZ7aJANnhdl9l4pL2VQhOWBvRgRz+ieSn/5pbaA+DySgb5LGSnl7A1+rpMWyB07v/ljPLeeQ6z+1mWu3zsdhl3HS9t5+4fuZd8nCdvffwSOefh8j2Qy7shlmJLeufV47KSRfEfuBeuRjy8dmEjlsmt4gN5Bkwa+2BB840Ovvlt3EBskSZ3DPiduLI07EjtjlL9yvytcf6/Ue4r2JNcmd8WU3xah9T75fGIunT3L9nrLXET9TIf8AmxnnH6uIMPO22d/McyS+SMngW3XkI679QBcTGWD3kjJo6b82Cid+bQ+Q/kCbA7jEAc4R8Pts/X4hzvOQsMuGOzBrfORgXVGuWPzeMsfhxO0fwCOy7+VJT4np+A3EuWzkpNuE7H7ufjYBkb+ELJG6HWwYX9mza/8AFG7qfHd/hcojTMf5MYHdmEGYPP5LrgwUekKvDI/C2+QvguJ3GDtxB0/Nv+Q2GOlyb9RgQBgYXROSah/y15ZFyLluZAGsSHe2j7G42ClueX23HZdZHwbyIXRrdTTmZbsCbloNiEZzJVFIr/ZkWLhrZo7jS69/lxd+oX6/DbBtnGPX5jVodgD4jPqNdC13vxKM7/kc9jGwJSMz9xJryRJdDYS9fyUsHLv1ZZEx7fMn7jPwLT4QiBl0ML+yPgv8uSB+rgg3PiU+o3l3kBnbwvR+Lsd2w9gac4MEOIRpY3O3As+W8mOsgLkKXL6/M3DbvxCZL9RNntqoyHjBjj2BoXL5vsFa7dvm00Nw6yD5tHd/EzG/zFhhMNb0ANgEzOZZRzfMe3SRchd25zXg8bqCgbFn3L9fj2fxqzkSe2FuSaeRu55Gj0lfdo87d+2B8yfiBfYJG/z8bDnX8WiXZH/CMSclL+NLTZRJYfw5PkbOxtr9SuPOXAQ6S8eVG2ZObDsAZpKmq/uDFnwPSGF78OYyRh+yHOnIFuSPFhOXKctGdfiwnOS9W/gHIH4n9Z76R/C3Rx1yWYIeFtDSO3+Wzo42AfEv3EYwWZQ4ewnetg6eQBWH1ucA4iYUv2sp7yPWfPbcljvk/u0gvi8SdRuxuR1viemQZ3Za8gkhly69bH3Y+7PwSyPfw/8AFZ5BfpEgpeOXTtw9uWWSXxH7tPi/t56z3g9hyEQbYL0OS0hsxXC9Rvy/4WQpzBfMhNlbgId+ROg7jcIbP5S7q04vGBw+LeamED5j4G3kN8ZOjs7+LfbNfu1QNzI5yTck/Ug3BaI+bq5cy+1kyOQUXbGqAPVjK8mHy05WV278zxyYD6n25B+CyUZDeW8tk5cr8CmQOXrtghp+oAcldjvthOQfRP8ALI8/BtB7OPk+X6hmOp+pF+bpKw+5m9LKZkm3on2GfxnLnyWr4nPqczhBoPiJ35nVtA9W3F4Zcrd4fiXlk4e3fSNfAyu4Pstli2l0ASuGYwHfcggZC+TryI92DmxpnzaXYDHTyDvkPokfEDLLnBBhDEuQIenLYvBy3KvhGdGdMHPJslm9i76CIOI7koeWD19/AyQQTHtmH4Fvi12DnbQtJCXmDGbJ21eSPxLseWC9kAyWtiXv8JQZz0nOfEn1ZvzLnvZds7rfO7Ls+3k/g7PLZ1tS+tskfQ9g2sS2Pz4Z7aPt4PzIIezXsX3vo6ToT0GQGel1g+Vn7gpDyyHSKN7liMm5uth5iybjZYwy26WBrMi1AZjyDkmw7sUeStuxwjtkjHJuH0t0ieR7vjYjQ/tyetsSNMxvmYeWGcL58s2y+L5mIO7aJkfveknNjzrc+ttPi0PLUH5/Cu8v/u3efhx5Gxj829l5EVW+h8R0HGl79J1k4fVuXzeuQzZ+N/CcifbLyXnfJBR8ZZA4B3/kBNoT4ux+IHj/ACBYcs/5BpEfu4hCB/q9hGsdBXY4+zOl762bZP2yOQ8tQc/dpgPnSxRP9qTiSPCP0Cfd6C21dv5aIzGNhLmcexHko5bRy0K0ELsfL4TVn8nmvz8xkO29PmDwQYW8viXkeT/Ycm6wh5Ysz2nxOiAL17OPzP0ZPts/d5cdv0WayS/Ua3bELW+YYufxPUMeBsCOweG3Uc+bOQH4O2NjbM3kWfgmdf1cTPdsrRw/9tNHhX/JywAY0c40jm5gtjmukGEfTCBHx/Yw9f8ALr2ExydGPJs3SVYJ+2cgHmPi3nh16ZED94EZanuMf2B8QNhvmJckLNszl5vhtMiWdsI08l521FBdjAfWwfitTBIcvImLHM+7XJfcm28v8gzyfbi9uQfVx1PJzD7lYUmQ17ceWQr5vJ73CB38ZjKXiy/LOLl83Q200P2LtEQMajcFlD+HkTZn38fH4b2bz8FkrM6f9veVCcLbmE5y36gOszh9Vx0YND8t5osxI3s2wsgJIZ4fSXZxhJjvNTZTAfk/UKEP7k4OfcZrDFr1Ae7FuMwG9vollP8A4DhMyTxaEZZxPVth2Vw/7Gdi7uIhukC6Y+oMufjewyWGQDHPJj3PUQ9TPwdJJeclBsvxI6+bW12PIRcI99l2zbDfY4rLoxOwX7CfgTl14TyIYk5DbPse2RZN89g24w8mD1YzV7kf+zc9Rnl8PxvxBOcM6w3e+/8A/CIrHwb4LfUeevnL0AJWO7smzg9lfq/rLtALHaIDa/tYytyH4cvOjkZZL9OfMN1xs/GGmT7Ln54S8iHyEPbtr5C98kCFd/kZYwa/7ZE5jhDoZy9bv4apfF8SKwJPeW7dHkez6GyKp2F67Zp7+Gg8tJqvhlSvn2HluwvzL+7T/ZXINsz8A7aVjY1GCQG7trvIOwfgBckLCPPybeXy/HxE+XzKEwwPxvbjAvTsgCt8XfQQU9zlyJDP1ifs9Ztvz8pMmYGYfH3J++RMF+sWUNfrG6/uxnd7E+4PrOy3+8m30sTx8QAH+XYd7fLdAQbL8Af7HZT9bCn02NjMJjyO9l7ZMjYEO2frIYfcnIQ+icPS9Ir3HOyEg+2Gcg5JfH4P3JAsdg/U4tZzI6cgCXPY/u/6l/U7+OJbkthAz9z7PJipRHqVIhnpMYFswIrZfDLJMA+o9jUmWqWOztj8fEeSWXjJXf7pNOkd8R4gHZEG7B9JUB3g8g8p3I3JD7MHRsP9lA6WZgQ5ydIAuvuMer1kerfJDRs3I2yxOyjh/jLqb/1MZpz9z7p4x+gSqT8tmAfjIEFPyRQOfNgI8yE38WFkoBdRHN5fXacG/EcPyhjk2+IeXxeH4yzsEOWv1d+YeyY3D4vYcZdfqXnJ77ZP4YZBYQctn4QZBtvzO2mwe5DNPoblWk26xaQC82AD5Ey18XXt5ar+APz8T5+Ht4d7HoIfuNWBjsCU79BsOGuPWpUYnXgWKb484sqNXdv45dfIPs2OHjqD2d8rEb/mx7kSDso+FSLEnfAP+2wWvvljfpDsW2n5Q7/BhbHhsoXGwZEYnxCvY1Dc1gnZM/8AtEtmuc/GEG/MITMfIHKB2fIdLYn2Js7HkJa+JrW23JVPYJ7ctA6XXkdsn3JMmOPZ+jHLdsySVOnxZMHLbmPjI8UH4CNN0tCMf1Z4gGxAHRtrV+Ib1jps7Bl8QXxfPLPv8JJ+Q9L5Zy+jI3c7YA+L+efgYwdOPE+7rCegPLZPg5BM7ICpMv1d+RsPPuMhrtHxFYg/UHABhJrO69IJ+DYuOMi9eWTNnWCObLmcbdUZ9THaeTVt3exjHhJhsC9n8Ntgib1y8Oz27O3x2El7y+bLJWVe2GnbFviFvIpG/F0jY97H6Yex28ZkmfMsIdIuaMxyZ7b/AHjbfq/5iT1nD6hqvPiWsdE4dP2lrjywj2yd2D8Z+f8AbLySC8ey/q3eJDhh2NLTmQ8yy47bz9w+XE7DtaqXAYK65MQuQORbcHB9ZbM9s5HJAH/tl10tKdnXLt26eXcZlgbsATOmQ/8Ay3TAe7Lrh87ZGP4EPIfBvGy1TEcfw2SPVln7nbHI9jdmEj8IGzh/br21dlzyElJN/Cc3bXq9Xnt8ey3xGjGng9tro+ctCumFHywMB8uej/U8+RztqQPIHdF+1OymyNlJxjDyNs/cGT+CRg+5ct18mEfnGx/Dmw5zlihXhZfj0bYBu3K3H7yUO8nAYhO6EIANMbbYaezbC+p+pFWNS+HZW8Mkeo8g/IbMAJQbNsPzL+fIhuTdLryOe/h1L+NRsQksvEx4gbZluky55ZtmT5YsGCW+Wd7PfLITZ+8vaZzls5KmJk5MEvJRIKYnL9zxDfDtxAbLsdCyLxgv4nyH9W6fjGeEdNui1G1Wb2ZlrBBs8gjqXlpPficTIWAwxIkANB8R53CydInQL5LP5NZ0x8zkqdMYtZKhplkjdR7GuhcIwVCFrwn2GvNlPeCw9jKGMJxuHEhTyVguj5M0W+R+7Hzc/C27el0h5bt3LxszxYPZfi8fkcy5fMHYdv5L9275G33cn1x8Mm6JvNlXcxdwmMM5ZWAOXJHivFtiENBxETeAn7tJR+M3yN3s9sZ2cHLn5Ak+rV/AifMtOty5APlotvX4yeDBTy1BLaRZp7CnzsvNkdHWKn1swM52JiF5oZl8BIkvysNbMNydwFc5FwJ+7MGP5ZaEJwWTdxhyTGXZY3jHhifzkE8l5+XxKn38CPG1YvUHjOMmTbPfwTJZhsgVNOEQf6ZS35I+vlpxkO5EFY+ra5E+5PdEs5xHkYT5vkJ98hvfj8EOPu2z2UMG/EmW/q0+23IxPIch/V/EH6vDha3z7LLpD3M58xIFR4dIVla8OZIO245FQky/UQdO2YN9s2jYjtrfeTNGDgGfuHIfwwEN1sZ4g5OTn3kJP5LfqF3pHpDskVaF/V1Ykfgss+5L9wH3fLGessG3ry7aI36hN+y1aLTBs8nye+XybbEnOJfl7GD6RTH5m1fVirztgkOPqwLIvQGU4IerDnC+k1mcM71mEvpkNy8hhv5RD2+JgjFux9WjzJgs7Zb2GG9vn8N5Gbr5eLj7/wC3Boe/q747BNIycrEAY16MBXRKN3CM88n2KRQNbK+q2zChVmMAMs5yCkKSiHn41NaP1J3by3S+Ih/Bdtl7kF4Y4p9h0nFvbhYWnY5+AaQY23llnWYjiGzEdmjvlnHbKe9uZfV9Y9m4gIAh8TZkA36YVT899kgAFrdun2GJUHJBfu5b+NfwCeH/AMCBPIWe2W5H9tyzO23Ty1zb120+Qc7LL6fbG2/Jsx/2HGI7EfSTXeSc6gOwUD4tT8IHi2Om3sAaMGoCL7F8J7Om2z2M5aPJ57fZAPCAkiujgw7zi5v3Zb2XL6ljPm+beT6l1uDlu/l2Fy6nmXs5jNb1mISI+T2bQWYRDs90iNEuMgfqqXHXz5suh24LZ2+eYuZEAGvwMSW77rFdWsNYBGYke+Wa+WTfH4vX8Ehf7GsocuyXPg/G6ZD4ky8cgPmesPJZnvJB25qRP3CROVzBmQ/t96zO8t3G6QuMuJschEmZDA7D5EuSAbto/MD2QuM5nssZeQ08hYBfi+meKx4D+qw6HH+SPxZdfj1+A5Pn401sG/i+fgXPLbLkZ+CwhgSvjl2SVujmS0QPb2yfSb19WTPMYBDPLB9Imln1IZQHf3LW/sPiU+QfEjj43Iw3YF7tvORvzezwlz8NsRjHD8E+p/GWg252azS2wf03d7OjuXtNZeMJXcGRuaayGyzxuZjIDpt9ZPw2sGzkbMzOSADBcg3L5Lswdut/Ruu6hGmDJndl7t+qVbA7cPjvsjSz4cGViRvwM6IrNfM3kb7FCDfBbdNMz9S5PY5D+Dj/AMtJPz+9+n4+Z/sZcyeieXQVC0tswm3OR8PIRJyHFieMY65l3BX70QpWpxs/4kX5rGc8gOU8xbB6dG9Xv46JMj8ZcyOp9/Gj87J23Cew/EO2aSMefHq+tMLp/wCyYH8GNWnXzsmhvsDZSHNEn1MOkuNvcfZnI7OAzyBdnas/mQPsKfFmQe3fY9ch4k9uIYuF+SC9ZPi4SHvRI8DHAx2cdXJsWAOaY2XSfjYgRHb1ZHL1jF3kP3bZ8/jcIfwC/sCA4gyPZM4TGTgbKR5az9RAzyMIWtOZJ4fU3PJGPZ52BCwPMInjc+iyaekpI12LamkuOKScsSkDkHLLkwzbl4x2+IMG8Qc2+bgamwwE1Vyxxjx+soSXfUDVa/hcrp/GdsgIF+kPYKFk95ZTr/yHyQz7dpLi3gQ0a+yThazsnbNt/wCQiyv/AMnG3ceW+ez8MGfauYsj4/cGqdztm4J4R3+oWaH1hNxO/cbvtnP/AIXQJbPsL97KzT2zObcHth8SMV4E62ZKjV2ADfYvN8lF+J5D5gBnrbLPq6T6vmfUHOWtOtqTe/MmJ9luAT4ZO46eTImJekDgLKf1en4PDt5vj/4H5HYc/LeM3yck+fI+db1kVd8VZHVo369nd5lvz5gzyIOFsd/Vke2svu2XTyVMQZxBx3shgdiEbd0yRBkeGHOR4jchJa6fF/1ebzWLrvUtOA5n2ImkeI3d/wDbMHw/7bPf8JLF5Dyn94adAT+Fb9HJTSsftnydoYhOgZN7t7YT1uhpbLhy28dsR3ISHkTun9WFNxuWRd7kVXeSyPeQ/wCUYLALKPJEkk+zTEhVds0d5fJyucfqzkXRcW/jPwONz8AkU/B7L66/qfgce7OT9lWR13w8/wCynTdkd8ufH54+fwHTyOmQZEhC4Nh/sG/uGqQMVf8AYYCCyloSY8st+V15f1LDtluT33l0PnLMU39Jh0/EIfYrxDz4ixvthbfIn5Qkj5l2kjztgjoc0vFiw0jj5t4h5dFj5tl+i6kLvZaLp9SKr2//AFIAjFByD9WbLltn0sodwnaoPONv/COyAGe3SnYkHo9tVXH1Z3ez0nGQNzR2JGtJhKWcgbmWW2/hIELffZSwE8fZkokfutUW5pKVZ11lVwd9tKb20+Jy+Y6ly2ly3I1YijvxGZJryG42H9lDXkf3C5GE6H1aYO3Iy8XhPfJM2BWyO303xGzMus5l1dP95C8xM36+ZgD48vh92Tqk7n2BeinbW/rLEKEg3/oYTjl9AYI0Rk/JDpP7gA2OJX4jwsq3FJYOp9vti/dMS8tl3yxVpn4Zo4z21NP1fNfiww8xl6fVnbr5sseb/wDAgfqPLCPE/wAYvp2CPWWD9R582f8Aw48j9ydvn8LhuH+yrrByVcv9y7A89bqbDra36/UzbH7vVvxAsGewnxDvkGmQ7GRhheKFnkPSTEA+LMMpiu2AE5s0XLmvulCdXTDOJchBDRgECGmsVgRPsJg/ugIXswCQTT2Z6gbGOEjOWJlGOyy7PvJqYf5F6Ri2jk2PEScQcOoVsZcsvN+IdPp7aWvxYLIkWIDy04PLRvu1rixRjGx7e8kyPiC8viT9fjfuQH7jXAFsN3yHv3D2CMSmCB+S/qXPi2P7ePZ5L8vk9NOxr2zTXhM3puvZLzlhJOofbbXyyEHXWHyvZ7JIRONhKn4wy/ufPOyx7eu3zBl2QvKhLPifbANoOhY2sl2GsCs5G8BsqGuXkyNsEa/cq4WZ5kJ05DRl0mVambZSt+WO7qzCxJJAELK7Cati42f7fIkdCiyZELY5AdAy8LRHMMcBbEI7+rJOfu4QD7hTfDy4Sivjd/8AoQdKZwxBhwjOjOGhv3KQqocEPswdkJjyMicR48jvzH7XB7YoHYb6L7B0Z6nk+CUVwXScxvfiED4uSbHH4YObv+WcXz/9TT40bW1v+35/9lG/vWXXTv8As99JEjIHk48n6W/S7Z9xH2DJsSYJFnwsQbAAvZJ08unTJ/lyFmtm62T6ykDZD9cvCUGMlWmbOmLljqkPfiDCt434lOfty5bvwJQDEfwcgIkSpm8+pAasBuifuskHe7BvNw82eNnPei4iwhpHd4hdwhEzIA+5cfjyLDZ9Il35gBNN3UOgeQkF7GhB8xJAoXDnb+TzMH5QJhGPshb/AKurTt3YMA4/y42t+Y8wQOu7YbmPOxJR3v4G79kZndkfJwA/bjM+IL8pC5vyuge/dvunsY8d+4v1YycE69v/AFazPvZSwyN5+QB2OkZ4bVjsOAZ4NjQO3Rk3XFjwI3CxwBX+2ATGLpTOG6Fi9gUJgclcXGm1D8W+XCITCWI6h8gLQOs97eYmN5rsmUN3UZnoQjwkSGThx/yDzQRcKjVwIg65/ZDpT+wccf7eAYuIBkTrGRl55J+QybVQK5e5kv53zZnRkce5HBWRtQI5jGAUk/M3JumpDks/DChR+TEjx+0G/GMNO28TR/BfUNuOiQ3cy2Y49lIeC5kYSH5tA+A+djQwcB+ZmI8Cha8WsBktLB+LR7BvsCoTDcL57XfJ36unpZ2DPCXfJNll70yxmWMiMBI2SIRPmF1ZjkHex1eBF6fLBqyBijCxeIsJ2ILMe5dhTIwMRPo4WE126tuzbHEHE6uckfJPaJB+HIYEaR9hBPygfKD6WjWxwXHNSmzcgTdsUeThvMrmbMbI6+H92iiv1b3ggbOFzAMFs/8AIdIWqZyA7UOxAsBljNnT7Z6uHGz54uR4uc+I80ljERpD5EEG31nJ/YOQagEdOHSTFT7d/wCQK3EfO+RkMXwcmh8mPlEfEfSb4uHfZQzO2h2w6ew3lk9kLi2L32O+eQt7B9Wr0tx8vr7G50tDpGHtk6th9xkB0XETEedtPosndP5ep3/lg5/E7ANT+7BB/cs9egg807z1aQPZvvqbikvRIwK0zxIZXr5jKacfW3/+0hzt3h7CN8LGIx0cP7JecSW+t/dlYcyL8kocxvkC6cS4kyTCB0TE4/7BGHCzCJB/EWd4fzduMNGZp/SFL2CxbaOY2Z0p83K5PkOjIb7AL7LEPH2+MfD8AI+/xDgMmV+oEfbrX1gXfHW8fB/kMYXgMGXWj+IB0/ttSCa8NjOh2d5M3nYXYLA7CFyCbN/DL7O2Px7M+kC8l9SQPPI7yQ3aOW2mdhrI5kCRQ6MvXt+9/t5URROrV4ZLhI0xtwCvkWUrrmf5dlVgzrCwc5m9llymRGgsQpeLMLqB9h0+oy+J+70CjsX2+M/EQd+LQHFkjH+wc4FGxlr4YuZpPRqCWLYUUj5h/WMv/wBojBB/NlDwJbF5Fae/F+ithRBet7wc9tuNQ/iJn0mlgkQxk5DvLPQ4R6P3ZhbDl5YQfVhxuwOBr+7YnQ7K8QYHslbF6psfAFkaeHwWqyb+ISrnxG+Yc+YkI/5B1C8oybKBunDbGaEx6j44F8IZdOuEt9beTZubsQdZVPU9hAUUV+kYnpLyk7NL1O3KE8QbyB4PYg2xNP8AtkBZ/Y+T/wC/in1kw/A7+oENkQ+UQDD+Rxgr4ztu0ywVZsoPgx3vZAwH+Rm0SQwGB4YA1Z6rkh9JejsN/S2b7FcbI0YfryDe9s/FjwLf7I/ZBbsEwuzo5SPYBOb0WbDj+7goMOpMfm3GeQfK3g3SfwRZGM9/B75CxNcv+xIYWGJEwsPvy1TMQcPiN9L8sqRqlgPD9QDN3WIF6TlAZJ5YR1AkkHS+9WF84wGxnIz2bCacniQJ5fiXUfI+lsL7Ma9uGdutfFrEsWx/hJ/qIjnGwMDfu14C3IB+LOEGG8DC6DkLqP8Aix8GWMNIhmK23qYm6JwJc+LqmCNR5z9TgBkM8H0zQPF0rH6lI3ZkByWLW9RuYLJotEhoeSczY+e7dLeSQGm0N6/Ul7Fld9b1bPca22Ju26wXMsBnnGwGmymxZyE1MYS27e/Uh5llohmNh8UgHJ9RZmeG2AO+kezqRHq2AEHy36Ia6WeBdDnxEesjGt7i78zJnsrtcu4YUvETj+31EY9Z9uEluuS81FtWPAvW9hvbPAvLqbZ4GDj1HhmSnskZ9RGQxAcJOYusKH4RAvwREKDIQbA7+5T4P7BuGMBa8gclxgbY4c/yQ9EmEyYMGQDTM+bcH+QnkXkA/u6HB8mHQ/DlnlmPK2YDYubHQq5LHvZE4qXyZqzTqZ8DYvEu+Qb5UCTT428DstakzOGwfGXCWcSeuG/d3eahzOWqNjyGOZyfoxgDh83XifGLVqrwNx5bzvzdn1+Aeey7sukuHzHvaAP9uWPrPSkbnk3vrDjF2I8vlfLkszfEm43Yj5WFu26jtQCQO4wgm7V3k4Ts5vSP5cN2RdSBd5DHoW7vkfnV6VCKmWaDJw7Fj6LlaYScf/LVn/3lYP8ArbC6QOoREzx8rKimkd8HPgmzozK15GxQ+/qdB+OrNN5XwhP3MeHfCH5L131LxWVBOSR9ZH1QDo7MeoB3pt3CWmrcVd+8WkMk/wAn7EYEDP5a7lnE/wDJM/8AzPtwknDX9QkMcnLjHk8k4EyPxctcOwrjnbPfEiJ5yc+5HxK0ttrPSEemJNsS8s1nAvIPfJFzhF9iwbLyZnYZ5CdexrrCyYNszjxvknJoGn4pkj2IjwlO0lMl/tu6JBPofqGIHWw7/wARTE3GzvlKBST5i2BjL9tjgwUBxobGpDFNiDJH0LV15jGGpGCZaOXW+riCU0FM7tPqBxX8aXcusHd1n8HLCaWwwd/ZMuRMMnmA/tyfBZQuPmL2MP3AOyXC0CLPqQDhrFw1tuPqAziU3MRP9jkpKTOROXEcYM7j1YXyWrHGMua3HByU87C9JOVkHx23CJyvNu68tz1ILuDGDAYuMp/Y1fVq4BOLZ3XYQpybHQsffP1EmltcuBDjWWzx+7oeiR9BAOdlkNG2A6BHOz+rDSUkK3UolFukq0O3EPN+Jnzz9zHIdoJ9QRxAfq7oG3rmSkEf22mJX7jGOsI+v+SPSYDd/pJI/wDYIa8iHlIqAB7IBb/kJTDkgOrP3bhF24IH9bPrAkjQ/wDuAtTt7oP5b4RbR0f8t8k2cB+28g1+o04n9ihoPt6m342XGdtdmWOg/Aa8y3CgvtGwGyrztg4gD92WUWVyxhnG3YHLFwSHAD+zhg2BvwRfLSwYCQPwhCGF3vc790injkBQP/JMF5kf6KkF4/kdqH6h4JvzDdWPljLd5bof1eZRftaZHrMnPJ7fUxZjs8hzWs6rhyx1efcHUsrKb27/ABvkAlGIPkGHtHwP+SWAECjnr+1gTNsHBESdO/yxAD/J2Tf5F5xv7tmhX9zLfH1fGeXIDbCh2Lv/AJWfOP3cLp8WLRz7ks1tjaGQhiF1AyXoytu5yAxOYxhZAdZxRl80YRwOF4XLZurlIIxiR2f7HxXGCCWXqyyenJAa8h4nL2wwu/jmprBheAxXvLia1GNOwPvLFgzmOwwiDrt8htqtk73ZGRFz8GBLIwG3u+rWbcgT7LxUHyYg+IIbLzvftjRbn7s68QbFAGYGO8gg2Lr+Vu2kyzJPHzOLzg4f8tgNfqeQIQPb2ES7MONmC85bH4PmxD/uBwgQvGxTVjDmVmYeP/FrSxauP7sF3Gl2hk6ef26w/wAkOCEwHNNT/Z37bGvL2bxsQgvrbUR2K+jcEZDb8/V4eR75McT/AHZNHI8V22fdabySbTYs8QD8f5JwYvzy8frD4wQDS2G4dt8zjbGY2cfG4A2czB7HJztiOhCeyzEHDTf7cc0IHtP+2qvM1OE/tj4m3ZMGIXcz+zvD+bDO8QaKMs26zrr6Se7mfFnfL7kOxX6QVsNa9+rIeKcs/esHE79So/SagmyDJ/k2NwmhwEkwx+0mghv7iywzWLsvqFG2t3peDckPPJAngsE2NgXqRDq+LYnBtSHb1HC5jFs8zk4o6SURhdB3cQBgNTfSSp0j9t7jlhPU4vqaBLQGCoknTW50dTyZqWP0YA8iHDKtiz/yL5oQeJ9JAdmw2+Za1YwdIs5RJlk7fU5Io1GmdHYvxkNRdQYs6cnhyCDqnZSkTHjcEuDr2A31m9X+R2qySBOEfKYg67aQhZV9in/3yeqy8dOSQ1t1rkciJdWafS2w7O9Mjjn+pYPtmuBaUBlFOJaR0XDWv1YuGMT6gSKqw17yGn5vsYn2Cngsp/smNng5toXtz83gW8lLAm5CB6/VovY8bccmwYCTNLD8SMHCVvqF1gperHBFtbsspHJGtAgd6IsNIXIn+Stfb6ncTn4w6prOODf2Wkg3fghz5JTxyz1fwIyNBsRpGEBN9P8ATO9mQzpP7AhGWzheCRmO6h8nZhKR6/jQjLz+QcJyP5khDSkYhEkCEsXJbEpNsQyC0YxHBsA49RZoJJ2O/EjnKMMJO6bjmo5rmDdQeX0Ik5M2xBCz77j9wD+SgECKA6y1hJ/LfGfu8sCQYl/lgDtk6JMPeRsC49icBrIHX3gSGuxubmEvtP7+ONBDrPmAS+rmoLywlN0tdP1MJqE3EsZ+4r6LYPUp+okjm3KtXzPR8PiAA9Tvf+IoNh4fUqvY2STMYEfyDQcsuDyQEYfD7sx/icdDZ/gyU1cgM7S8vWf+wJSDsiPqS4DJVTercpOMmx82Vxj+o2i7TZ8mxhVIK97uzUzBpuDriNHDyx0ht9ovCSDGDrCFHjdAdyXY9lYZHKcsGdfu7HuQA2aRgb6uvjLIppLusDyKQvs39Wa3Iew9sWLzTyZZ5NMbLBS7nxZgCwDkOmhyI/yLnnlsHI6ojz7s2b2aNTYn6klBT1avMOdmLJmSD9XBZR2AmnFqNqh0Nspu4wrDjYyFfHLO+ZGkxOdurHT4sIcSP68+LrPZIddMxx5aosEudgj4fzdOof2Ch/kxtBDPvFBEzqRQQH1I3n+QukD4Olh5p39R4y6ia3BMEXvllW8szNtNahx7cGg/clnr9yc0z2GP7s6sQ2Q9sj1YJQSl0hTm2k9PuGBgbTCbAMn2RxjmP3eAO/F3Iz6vjEt0Z+7Gu8i+W3cPEMZkiGJCnL9JAHgSa2PBPIA0K3YcXBA0i72zB7cSjsaB8Wx4RXB/t1glhmEkGTdPd/UUUZKAYXlqIycgQy2hL8OyChz7bMvn4WuxkBBEwJ85ApdWzK0QMDr6vlBqRz4VvztpE1ZnlhEwrN6Tto7BRrSRSmt8T6j4MMjK2pBbi2wWFh0bM/p8whP9GKz3+rpKrbBUlCE+bWXLVn6IH8sS3ZvSnyMW+6tsF3QS4XloEhSez1k8zgyHIX7Nm58Qy/yERaIS7A4Q3C2fidg+uQNCAg2VdOQhpDF4YO4wEakvHsk2Ouj0hp6kFBmnsPrB7dkAzAIh3bPvxCpeJ182coDH4hJziQnZXwIkiX2MQ1X2AFBtpBmPls53y16YvGc5JvAsHGjnk0W18Rh19kyMTPqGI6PqGXN7H0fEwfpCCFPphB365sXwGpN5grAx2Z4TOoQoFB2dHPY1vjK1ONhTo7Ch6OEv8EGwCA9A2W/uQd8+XOT7S7MxOnX+Q6//AHkO8ZOcxk4d2fOsh5Cej5P+Ee/+iweifyROsa2dhmVfB2xHOSz3JtPWSRchtsp7cWIX7kw59g/7JiclP2JzlnUbatYDTmTAzM47faTVMbnp82+WRpAXXsWj1ZOdsodTvBmQN0ncFtfYC0hs6mp9PG3Eef2JhZZg28dz+w0o5f8AAkerPNkNmdH4svkPvxKbZz2viFuDD8Mem6tgp0skMhG5PbwHc9iHxf5dAfj4sDvkRbENYdwVG5HR3EiLGi7/ANvsTf1JzD4fUjUho9v3OAzozrbXFPAuyPX1BCA+2bBr/U6QpvjaP/BDi3jfI+x1JPFDQ5Fxcj4YyOphjhI4MtvXsQAwWrutmdUsHL6Cllu5z9xod84fqKQSMz1skSyOP8jPOWFM7ex2ahpJ/wD3ykVETWmsizAbHLutghyYyOs0HU+0kjcwAPf3kR3F/GH7CyATOaGyKFbGEwned5HwYw9OT8GXwBAVzkny0g9e3ynZPQLPij7Pbye81cnPDs+FufcQczs2bROkBga7hJbl562AX+JW1v2Lgh+gRFakIc7LyofcQ3y8J7zEoXPmSCfpdNGVC4u7D4Ng8cJsWd6Pxw9smfJAvyZbh9iHvlzP15MB04Q8wbP8XcOsrAhiGCnddthvHxIHcchXE1hqcadhZdLJ3mfFmgTmLgw2DMXpJ0Uk3WkYne6h1iAFsFzPqIaJyYPyBRfmIEY7wKNwIMfmFnrnb3rHkyTeFyBBZkbp3+yr/wBET1RNgaWsdlsbtQa57b6MkRxsvGbJ7FYx1lsHuz8HW0EQe7C+W4cfSJLG++lqH7tMR05ey8lDvJfH4WHTlk1UnBKLK4ebFBgQZ9Pmd0W3QSQoGyP4MnRcPjZaBwl6f8SaEfKKXofiYHOZEM5CgeooTpYg4eH/ACVbuttjDup9HwWB0kD1gSTwYPKGxG4ZYyTwVwhv0TNTctZyepyl7fwj3Fs2kYwjFrCYOIYkGtvTJbHo+JG+ksENvi+5q0ZBH1LGB9Wc8n9sG5f1svb27zjZzXlyDa2Oe5bhhZlvG/u4CgfHM7wf6su72K7TkBvUCMMP7A4EnHxD8ERRSd37tKMQ1ywM7BMLxGCdeJXwMGxOSaYcslFcSaWHUduJ0ST5UkjWE+ZvPFncgYr2XEO5OcTkrrX3bPMd3Z0vxkWd6F2DrpepgiRdJwfCsxoPPu2G78ckCWDpJqcz7kxHYKSA+Rkh7J2SV9y0G9LYoB/I6cun9u2aMMPtEge07N43z7mTNtD4vO7Jqbtrn8JQCaFp7J+BkqFJ3Q25LcsB+IFYOudbPzBNJ1zyKxo2A+EA66y2QH9mftJE2wtZjC8E4GluiORZ+EBmYGoiHoG08NsXfEDu07vi9cv6kOrn6smoP5DtfhhTvpF3UxcaIMqwzvttEHSoRbNQ4ivMrKeTh+rPhJ5xP3AidnDILqb9WvBsaD+B/knCv+RhQNkeFD0Hv2zK/llDSdgzfmYHAfU+fH9WKHHuRzvOTcL/AN3U4Z9MQMiMb2g/uDnViRDDLRCAvuNOHYxH6g79JeZuy14kblMXYJ42D95ODrBI91uELMuuBaIMLl0uT3s/uinYssidZB1/kbBk2vGM0/5AHnkDsMhTAtlOSxTn1L3OSUzBYbivzJU3Uzk45I+J9sHxH8ucov7kvRIBoUfqPIv3atSBOOSPsRxRlPxneuQR8X9tpxN4df5JfS3PYtmge+SZwz9E88a+ryGH9QADb9F7p/yciX8XiH/LgmsiNx/V41/5JYZ/pPTUD+QhV/kRwP5dQxmNTdXjZG5/t5+v9sfrZDdbIeE/cp10/kJ//CMc4fyC0X+WjQ/ZO4T+JnqE+Y0lH6C7KWaDDW8xfNvNNeEfJnEcO4blWsDmSAjSbAFycG+QxfsUTn6yXQSaJA5AFTt/HD9WH4v3ylam5BAfN5MGiIQ9JnDglFdhfRLhxzEr9nWByWhNNswJwHy2GGQGUU1jNflajvI9B5ZtPZLw/cMMN/sC1/vYUf8A0hOzY81mCX8iqDP5bPP8JZj+urYo/wB3uX/Lgi/24rmBZhslXJfiN6x/kron/YwGpMHefufFSwww/wCSgnOB9AyddAH+Qy+f8lmD5AGuWl9z/IRE4eOwvn8JBrYx+4LMk7IttCdaXbGBOn6WnIDnFfISbrsstMQ72zV8gAloMD9w0o3IpMFgakA11ej726NufHl09DPZ4s+PZ6HscA5cnUsyvYMXyYnHLpyW5fmVdAnzEoDts47dEZKmp5PdAuTz4A2yffu3ruPwQ88cZVPr82EBxI6cxG6U6EF+p+hz9WYuAfDL6+Pq8+T+y5gv5L9F9FtBf8tm8/tbA+v2LD/jIZgfzLsd/BOdv7PYwsH2NkI3+XKOfQSPB/l9Y/5IftB8OQD1Z4YuweeWncGIHlweWHpGHycE38ITfLxLhlro/g65L+r+YP1JsYOz+rY1+IGTnskbzZEQhH8Bvj3ZwHRAwGad1+JM6+8gmZYXRi7GMiBIGREkwzftg/c2LX3llx/sAnp9kgL+psPi54yyJCM9tmsD5sx5K9bDh2DOduLR2GeT+RPYvbhDqM31dcip6YHE55u+z7vgQoQNcAt16f1ZQU+id1kyI79bGGJ8Gl3cj9wHF/oRxgP2IH/wo2c4/q+Dcg3ry2NdQ7uM/AX/ABnBH1vYSaySlt295rhJzuQAgJMeQbw/Ak5GS7+PZYWj2fwtuzJfwluQ7P5fLTn4CiIaGdcFhKc+rNv/AHHfaA4uWcPZ+WhcKGxzb4WwGNgwbAHxZGOy6diDpDnPLsTy0e749tnbrPu2QDixbjDgZ2+W2Eb0bIBsAD4bLB7aHLo+kmzrZ/2Fm8ITqPqZLtn3yFA8/Upw/wCR4wMJ7z6/HByPIQkbUcgwB5fqiG5B8uWTm7YVy5tuX6zqaeSn5gU9hwEIHzLsf2fYNsx8hdF5fEFxDyU9/A8iN+Zz6lTw5AlsN73GN4wDq4Xm96ld4QIPiLzxuT/Yv6gxBGLj8C5aJ+Et5jkIDn+zjZk59Wc1tSBgKETZ7Ojr2+dF4ibKHTLTxPnkeocvPNM8cHY3TxLZTqzHOQ3OJ9Z4/RLkx55DnFd+5sd2eLrYez8/bwElgMuX2WECEJReTgtI8tJxgnzB9hLu3Pi+b++WD5MSuM/FOHklZG+', DATE '1996-06-28', 'A Coruña', 'España', 'festissssssss', true, 'ROLE_USER')
2017-12-20 20:14:30.878 [main] ERROR o.h.tool.hbm2ddl.SchemaExport -
				Duplicate entry '2' for key 'PRIMARY'
2017-12-20 20:14:30.880 [main] ERROR o.h.tool.hbm2ddl.SchemaExport -
				HHH000388: Unsuccessful: insert into account (id, email, password, username, name, surname, image, birthday, city, country, bio, privateAccount, role) values (3, 'matos@festis.es', '$2a$10$mq8cryYfQLoDuXfoLNKHvuZBOa9BJyDD.iUb.MApLQWanY4cEk3Wq', 'matosi', 'Alex', 'Matos', '/9j/4AAQSkZJRgABAQAAAQABAAD/2wBDAAYEBQYFBAYGBQYHBwYIChAKCgkJChQODwwQFxQYGBcUFhYaHSUfGhsjHBYWICwgIyYnKSopGR8tMC0oMCUoKSj/2wBDAQcHBwoIChMKChMoGhYaKCgoKCgoKCgoKCgoKCgoKCgoKCgoKCgoKCgoKCgoKCgoKCgoKCgoKCgoKCgoKCgoKCj/wgARCAMmAuADASIAAhEBAxEB/8QAHAAAAgMBAQEBAAAAAAAAAAAAAAECAwQFBgcI/8QAFgEBAQEAAAAAAAAAAAAAAAAAAAEC/9oADAMBAAIQAxAAAAH1TZhEkLGTEBkJsVMEABMIE2JjWMlIQwTGJpiGxMATBDVAwTYDTAHAMsTE00xBpiGgAEpIIziRU0kSaVDFSkkBiqu2tMVN1ZAnCoKxEFJ2RjJqiQJTigpMhJoBi9EYgDli5CJSITalTZYiSExwmAmNUNANiGCYhsAUkJTQlh4desPC3ntHwuoaRghuEwoAAAGmIkhKSBMBMIgyKmoRJWoYiGCjZWYIWRqCnGFGTqttCUikwEKSJuIBIipJekNSDTAZKmAMBDYgYhpBpwmNUMFIABAMsHHOuuryHmK9p5PhupwixiKs2862PT+g+aM+zafkn0nLpOMgBLJAgAMASYomqAEQEJpwAUJoJJhXZXWKMokU0JSVKM4iYJEkyuTATYk2sFNHSAkTUiLGoDhMABiGAmoBsTAQwAYhhHgnzXU9NyeW6IyVIZDLI0h2FWipkJWVEvS+a6cv0u/5fKPqx8o7B745vSBihgCTFTBBNAADTEDEDACnVbUYoyKgpxhKQKMkQjYWRJMiNqlIIDBKaN7CAYDTEDVSTkEwTEAOAaAGCaGV1Vpq835yzHyJRpgElZGojmtlQyVj1JzoQkXPSzJqqmbeZVEvszSOx9C+Syl+1P5N6SPalNwASgCCYIAAATQNMBSoqtqjGmaJBCUgiNkSSEpFRG7EpKIEkELEbxkJMBjABWBCGlBiRkmCaGUTJGXjF3F6vk7FwnGgaJBKrI21xC2uVVW0zJdHmTiqVeyt0cDJ0OZQTkVS0szK2sAa9X6T8i1yfYjkdeVDUA0AhRpohgAAN0qbqTGpIQykNIAhpiiYkSQCaIkha3JJuYQmOhMhpigECkqSkgTULmLmV2+T5zz1ehh5tGnMNGiVRHIhKUTTSEQQUnKyKzVenMlpiueWnpHKs9LwzA466qn2KDjwvzEooJII6H1P4564+hIeagYgAUgQMTUqTTDPozmVMqI0gpIBqgGoNIAQ4TREYqhOJvaaAyENgNKAQIYk0PDu8wUdHoeR1OFydGYi0EhMZOFXxhoKYuAOMgtt7kc/uei6p5jZ6KZ5KHrGvm+l05px/B/SfFHjpXZjbDLbVauRSSZAYpfQH1XufM/peYKSlEwBxGAEoypMQZ9FFZFIIsERJCGxKSBjojNERqENCUlW0ZkAwQ6ABjUIaUQ4r872PPnoPnnp/nmoVtU03EWipuveYzrcwihj6c/bxzPRS1y2XU3FjTIEiyMpsyeY9bxjwHF9jyjztl9JO6i+q69GYcAVDRZ67x3ck+i7/IeoW8DIBiTBSTppqii/OZgZBgJpoAxJgSHUVJQRlEAKUbIG8ZCYCGA05UAqUooOEjm8Tr8ZPOcslWaDBSSoBBJM10QtKtlPaj1nSz2w9WWS7dOPRGkpdXOudk22U87p418l570/lUx06Gc+rsYaztgkKhpyqyBG36t8e+snWUlKDJCMkMChop576EyMAUkoNAMRAxoATiMAiNUKUTe0Q00A0rTITAE0Vk6Th+R6nnrKZV9w8zG6ipISACym7CWmvpQ+9TvNtuS2WdlGqL9FNpbONhOSnoSQkcm2uXyPmfceQriwaSahTSpcSUUxMStqZ3fpvy36hJcRnKJkAFDAFJUZtWVMrGJxkAmA0RYDBiJQGmiJJUJhtacCkKk2iGpQAQIOV1fGmHibuHZohZ6w8NX0eaAFEo2krqr4t6GToHW3YNojPbGroZN66LamuuWVSbJcrNXoHxNxthCwp5Hars8HxPovjjhY9eAUYyoTUrB1J21kvqXyj6FHqL898SQxMLGmSpip5deOzOxQDkRGCUkAwBMEAAERggK3A4BoTTgGERixBlXgPZYzj+b+n/P7LtOjgpzMNlVqkmK6rRI7qp26ury+nHe0ZNZiLKzpa8dkunPwuAey4vlaD0EOV0a6HpeL2supr5uk6BXZRz+k7Pmnnvr3zU8+tOaicLZdET39cL2OfnyZeR6HmS+7ty6xiYAUNNAAMmzGVIBSTUGkQAmIAYlJDQxMBJo2jQSiwaJWmgjJUmhOBsxdaWPkfSWHk+fZGzzcZwEBRqzaUloz6yV8FL1N/B3HTrxwOzycmY52fXqMF92Y3d7gbj1N/G2m3Tzb5e1p524ubdi816jHXzHz/s/PRyNebTb9J38W9PR34uoeKl0XLyPVfL/qGaxiAGjEiQnYZNeWM5KIwBiZFiBMAGJSQmACAUkbBgJtYkkiYSgAlLKcnp8/eZt00ef8Z9N8xZ4Wm2kYFLRntTTqwI6MeUl6t/HsO5DB0Yvt9F0zxGL1/lDj0WwKd2Ur6Zv5fp5eH0OnamDbKQSaFER5Pxv0r58ecJqul6nw10v0j1PzP1tmqnrcyXxP0Pm9KJoATKAaAAZdWQqTQAADIsABAwBACYIYCA2gAxKAI0wQ1KRkGe6UQEEed1Kq+NUb8Fk6yURaKaskVysgQZEn2+D0I+rdTkds53H9HkPmnN9b5Uv28vevrux5j0cdHRnvJzquskmipTrMniPd+KPImqos6ff6B4S/6N4Q9vowdMzacHQlixVJJoNFNxcGTXkKkwEwABAAMEAJiGpRAcQU4m1pgAoDhA6SkoQARYCUIsSp0+d+b9F52x9Pl9OOWBWh1yKq5xLd3M3GLZl7R9B7/m/Rw42Bh8j7yg+YbfZ4lzdPLDLr3cfYdLRh1Vaoqx1yrKvOej5h4DD2ece36PL9BWnj96mIhnKtsZSgKhggMExkcezItSkhA0GMSYIEA0CYACpMSKkjcwAGqBohkqEANABBVajPK808P4n6h8qse7D6k8v0Y3xyn6HgFdilRKytKfU+W9Gvtu/xO5DcWSRIx07q1w5OvVHKs01l2vn6V2uiVzKIEc+qo8Zw/S8s9H3uD6MmOkPnV/nZfrV0ZEkIAKaaGxkcmvGlYmKSlCAoSapSESZCAoAECAYbGAAANABKAAmQgBoATKp+QfYvlNnF9T5W5e9q4lie35nreIfOJES6LiQ7HG9CfQerz+hLKKrsunmsLIEBqU5aM/QVcu3VCQmy0EwhYjznP9RkS/p+D7B6LyOLxCv1HmPqx121A0xMKaGAnEcmzHZVKMgExpqVCdgCAAQ2JMIk4iHEr6fyP6cbhpUCRgwQStAAECAACr5f9V8DqeNs39SvL9m/18cz0e+g+WYPSebtnFwkj6ny/ZPpPU8P6iXpPn8k9ND57ee0WbYQvrgmyVF9ELEUxsrE0xgCzaMx4bqdTQvg/N+n8wmv7D82+nkkyUTBoQwBuLpY9mMgAiBgpRVNCMABSEpRGhDExAj5b6jxHQPr6z3jAlABphFgAEAAgKPFe28nXj/Qed9NZ5L6v8t+vSuEknk/AfWvl5niFsbqpRv9F460+h+fzbou3bunGi/HOtSzMvvxaauikjhKIhoYIWa7JLHTl1HhvJ+3Vei6ilAChtNQTsBgmnUce3ERARNkIcaBsiSiAME0JyCKkhRkj43Ktn0v0vy36gSGiSBRiEBDAACE0U+H0fM15TVwvZ2YV6/JLze9b1or8F9C49fKY9jkWRUkRUoy329ew6XsfFeny6U+QzoYoYDsX+L79ejlg3oRChOJKBVK8dmU0ac95xOvimdYCgCAGRYxOLsGmLHryLEAJJpFsWKahMLBoGhgmgTQk0fGyu2yX1D5b6ea+kpkNAgmlAagFgMEBGaneHh6/cePs1+l+cepl9BPLrEEjlfL/snn7Pl5ZUtbbt9Ds8rCTr5cUDcqvRHB1+67p4bo+uoMHZ5mrLTKqVSQkjlt5E1ZVw/Rp0JtVQStq8TQAlBpWJommjAqGbVkiIKgGJilaAIyVgDEwBMExBRLzS+BZOyN1BH2XZ5D2AhoCUZUxiaYmFCZESSAAUk6TCGACA8L4n7X8ts4rK7SNnYOX0+rrk2+i43Ul3zwROhXTIgSkSsjMImEr8teifref0yyucCu2mytIEikFqGpRoRidgwIZNWUi0xDBKQRAGJAwGpRG4g6rOEOOLrL8pnJpozJnoPp/wAf+uFyESTUoNWDTlEMBMGigCAAAYmMQAec9Eq+Iw9Z5SyXQ51sde3i1L6Hf5P0Eel14+vFls7KougocI4Lb/OkrIdO3Wi0QsWZEIuKTcJg0wBQA6GmNDK82jOJNK4tQJuxACGKJpAAGZTLxFI0dDJsr5rTTZFsZOo/Wfkvs49y0EkyVAwAAABSENWACiahuLAGo0rBNFPyz6zgPjz388npx7Tf6Xgd87uzma43PM4srrykOAYK6Heo7Nld16MjnAsQSxpvoOiJ2ANRMkBqgAbQQyas5FpyxQU0wJREcWCAE1Ij5fq+dWd0LDqaCs+Y201WaaFcmfp4LF+zWYd8JgACgmNSSJgDRK0yxASg0DQAIaCkBl4/5/8AT/mGj24dFdTZzSPT9DyW6PVx4Sjs8Ln5C/vV+k0t6NOuxRsjGWrVWtbZEc2mg1XcvpVNADRDEWNDBpkMunINqIxMYAApWBYRklVVvBTm56tFui/P1F6vN62CT5KrqbNNSvFGDPY+/wDin12NwMQEDTtAEGgGmqaAGkGKUYhxaBCpqUI5/wAh9x4elZVKtcs0pdVvPinTqw6ifar9Elvczb1tugJNRrLKSKuDjDpnAxSMsdvR5bj19BOL1qsGkBMYBXl05wQCAGwUBIxA04y5vI9PjWvXVbZs7PI7hu5HX40nyUjKpXVOLqpqo/Qvnm6Psqx7RDUrUlQAgxAwAErAkIstBEClAdHl/D17vynHpJSUqi2hiCTjIfU5eg9/1vP+rkq2ZZLfXnimyqqZZKq1SEowq511nhOcOqruny/0csR6fpec1HZKrbGhleXTlE0UwIbQompBp6PHr89HHjXc1dbRuTb2uP26n5z1HlZPl84SHKFhZZSUpqMeu+hfMvphZGSlTFZJAAMGmRBLIShoKYcmOh8953EqUE6SaJNMYNQYiYDlGR0Pe/NegfTI+U6EdWdOpLrIWEZpqRUUKb6VpnCxMPo/P+gXgcLqc42ac1sWbMQd2/z2yzoZLIEWmrlAGIGCRuEjP47s8CWVlOq3RqzdZKu95zunQ8t6vzCfKWmO2qdLTmtIyhOO99J+Ve8PRAxAAwEMABUNDRgN/O8l5Q9L5WpUIStNIAUmmTcZQTUyBZEiwLL8+k3dvjdaTt7+L2DZZVMshKJCNkRwsRQrqDB3eGpeVbRcaLYzLb8+1ISlGq2oy32cl11ni0k3BpIEFVnCOPnE1ZqWipd/HCS+3fyz0fmPT8CvkEp1sjCVzhKicWaPUed6MfT7Ob0xDQMABiT550cHjfMHqPKVC1k1UFJEQAQxDSg0OdciyyqwukamcNfRzS06c1ldjqcLoydzpeZ3Hcv4/TNjhMUJUmhzCnm9HiFOQzS2bqNaTvqrXfLBpNluC+pxjCQdUrSMZk7BxKVDqPkPR+aK5m8l0cuo1XZrqvtzWnQw6keB8b9v5SfIzv8AAJiCeii832xsj0Psvl/vTqgAwHVzvBnb8lKsqVqqKArjZWRjZFYiZEaVsJFGaVOLslOE10bObqToVW2y8yOymqtLtSW7HfJ1+r5veeh18vfLOiWM6hy+cdTi4qy3TbqKpzkUX22ldqSScGrhbCqZWVwnKmr1CRO6hmiipnOyerrPObrhMFu4XLn6WQzer+b+yOvFpOX8s+z/ADs8iBT15Np0NFd8U+k8/wBM946+MdXyPAykqyIokqgWBVHVUUxtCqNzMxcLQr0VEmRc0sKtiTJKUVnOpm/Xx5HXyU6JKpaZmFdXacDb0ZnU6Hl4R6HFyq615zaYuzq2RCN7iFVsR3QlVirCyFaLZ5rCSiiZB1dCESV2WRdSo27L8tszZi3RXidHidCutXTceayek8NL9UixleW9VxD5QTVG3Lsjo6aLiu2FCdjz11Cka7UJySosjTq1QXPOdSVubWBKlIxsqUakVx01jr0wK9WCZtpt0nIj11LyZ9FVlt1KTNN1mx45GiFdop6ugcvpbdhDS+cdSnl3mjoYtsUqdRfbkuLq4MjKuRbOiVMhBLoutbISkVTjYQLKyUlKnfVcmXjd/lLtuxbSrw3vvMR7RwkkuT1eWfKIWxSWvLqXfdTNFTGKypupFqybh020jnXcUV7K6qd10YI6YFcNitwU9PKmabaynXaTVrirB2aDDu5+wp0WYjqaONedufN6CVnSRx59dGG66I9XIqOrmy2lU7bxaQNjosliraTVLJJbmTQuy21ZZTQWFYWSqibFnmilCS3RUDS4QLpK0zV6Q5HQoup87rZYu3eY9OhzOniPkcL6C3Xl1mqFc0JK9aq7IFGnP0jPOvUV3Pec+OkKb815DJuyLGyqywx7KFyV30CvhM0Tp1RDRjtKoORsa1HDj081ZNE5Ro2c6xOlQ7imGmJg03IrulMrd7CWisndW5RxtVFtKX3U2EbaLyDi6We2JIdBIgF2nBfFjo0VbVZSWXVTqeeWCNFN3Jt6d3ju7HA+ifJfrCSzaabPkWfdzzTpx6I0SxbjTKEjDMiPr8jrnPlXSdfZyukTjblMmvJK3Zm35UwxkFuW+JilbYtFG+lY68O9GrlGaNtJrvw6i3PdJMz0yMquRZNWlcbEM0Nck9UkzaHMhOy4hHRCWpaEQtnMrlJ1CSRZGcjM51FkIzqqVlEQvzXl2jPqqnHpym+YScrJpqXrcPtYLfNyOWvL+vfG/osx6yE4nzHhep8rV0oIe/FWd3fy+9HDzdTlGrpczqJzud08Vuzped9AdbHonHMhu5a9HJpgmGGqCqwurHn3Z4rhqFwbaLUvtjYaMepGKx1mu7FpGpWJOpwJ1ypN5RUbrMFhsqjYRkBm1FgqrpLOjXmgtLDLbfKzHPVNrFDWkxx0WHOnpz1pq01xkhogX9LLtOXGNZ28VuQhnTXr8vqYE8/yPR+eXiek81tZ+wvNoPF+H+mfNRpOrqdFJZ6rx3ejseZ9X50Xf8/6M5mXdzawdzi3HuHHRHM5XoeKuizPEvKkmeyqVEZqKIamuOrVQX306yqdoU09KhMm2ma36I6EyF9ascEsjC0nECnXVoWI5lc6rYtUaLLnRpWc674jOyqkJlGhMrevKZqLstdCOjDFMaMx6i/BaUPNuI44StJ56zrcjeScDR5eS8sjO5+o93559DlwfJ/sXylObOM60U35i2jXlPU5qOrHE9V5b1Zj5PawHEr0c633O3m9qTJy+3zjEq0t9/N2jzdSlITqmoJpnovYXxatxsJRUim1SLrs2mwdblmqwnUpJDVmZfbgkbDBaXSqgu4ptC2qk1aMdhrpQKyFRfKq4ujlsK41Zzt4LMRhWLGvtlizHVnkzpl6fD1W1ac29NzUTxPL6/FazibPQ+qfHfoJ6z5f9N+TyYHGVbcnQwEwiHr/ABXoCj0nI0Rs4fSwGXkdnj16n0vlfVyxx7MJio10GPbRpN8KwovxzSUM8ySIGumSC2lFpOksZcuPROunZJyTKWTjnlbKmJJfZQza+el6Lx2Gx1NJ257FtnCs1Sy6C4rmLRRcRTRXj01G7Fu51cLn2Uy+gzQmvY4vSrueffflWvpYbTpypzFPmPpiPjMotJ9/z20+n/KPdeDGmJ1c03GSyi6qJxjJ6DTw+6vU5PT5pyuZ0eave9j4f2JdlMg81uVMVk7FusnnI2SSVWzkV5d3PrToyzhFTLZZtBeUTHCdgUa0VQlYVKwtyuyuLtGXSFOrIS18/aa1RAvTmjVqUuLCpWwUukkgy8yZ+jlNXJ7PIt83lcDdtws6Nma1HkvzG2iwXZZbA69r2J8ISkOcUdnk21IwRs1YO9HAFOq4zQuvzJyepoo1Lw+d0OZXS9v4T2p0MevOYKlXKQbNFc2KkuSvTnvqGeyZFkJYllVOc5pRfZojHDsaDg3eg0V5ePr5HkI+4tPDafZyPDy9sHkKfayPF2exceR0eoZwJd11wH3g5Vu8MD3hklqDLLSzKaIFDtmef5fq0vzXB2+IvQrqC6bsVSzbk3ZrUne6nI7Un5+kiiTib8mzOtQmkvQec6xnydfjxbTONbsemmOrt4PVMHP6XOrR7fwvtzolqjj0bEYDRYZ7et0zxdvutZ4S33hXj9HqA87Z30cvVrCouEgTaxJocZQGEiBIE1IjIkAwiNgSCEmIDaxGgY6IyAE5GmLByRRzOt5NfEIY50dlYRtpNmvJai259C7tvG6afFpwYrK9Zro6VCcmddhDXnivrfNegzScRBUehzdhm6OC0uxaM5L3nhvqS6LO+JwuhfGKiyknZTaSalUkwSmECcaUk4BA5RkAAAhQlEY0AMcoskDEDGCG4tG4tWkDaaDi1aiE1CRVdzVXS+e+5+by8yqvSvVdOEs1VaLJ66Lw11bIr2Z6j5TKVaPZl0L1nK6TzSuorRRqqXf6bw/r081n9L51YRcDVSnE59quzk+08b6I+ruFpmp01lddlMls6rLbCLHKMgcUTIBYRS2KATUGk3CQ4usVVtY1VYE6ZFqUTS6rRxkEkADYgiSIugTG4qJodRlEjNj3ZTL8s9t41ZdTKlvz6Nhmt2xsLtl8tV9c0fD9FwI+cShfRODO7dXrjgYe1xks14L6q0mRfZ87D6VPKZ+jiMrnWehnyuocrrcrpn1vVythfU4xRltxGu/n67b4kYsspaTEU5QCwiExBOIwGiKEQhJxRaqKsnGRJEYuvx6Km4lTIhNwlBGcBuLBxmELawnTbSUoxTVbx68ZhyaJdeSnWatmfrGTr11mmlWS6SIl3Ow+bt85ry6WahNe/qhtk5fG9LyTkWRS9TPPpp5/0HFgeq4PUZwqdFFLscPcWb+brX6N2PN99NEqWQzas5XrybSMALZRIscSpiiTcZBOEyNlcxtOFCUKrjKsnTfEjKi9Umod2eyy6dbLHUi11zJpoTQRZEsqnArvptScSK0fOvSfObq+Cgmvr4+iX2ZLii6GCO5XxsK+g4EMMiSjbmlFpGcLTu7M1Enb5ctx5Knqcol3eFdXU43YgczqczcV5ujy1iiJs0czUnu/VeO9YbEhVmvxpboz2FMq7DS6bYm4qrVFjnVMnOuwjZBk4kRwlErbgSdZFN+NrpUIlzpLNbgjRXKsnZRcWwlEUozIMkKM0VElZJLLL86891N9vLtMK9GmzTFnV5c0v43V6J5Tf6JnE4nsfMLxYuJmmDKkB6nphGLOBRwQSLC3q2gYsoS78gWZWCwsBPY+wA6FgLDngmgCM9oVZIBRAtuBUwklaAkFTQBACpgSmC5qQS4CWCCrgEtkBXaEX0hRYA4gTQVXIIXJCvl0QlruC3oRCXb6AGdyCFADL5wF8xAK/8QALxAAAgIBAwMDBAMBAAMAAwAAAAECAxEEEiEFEDETIDAiMkBBFCNQMyRCYAYVNP/aAAgBAQABBQL/AOHZL5se1/8AxEiXxY9z7v8A+IkS+PHwP/Du1lNRZ1muI+tyyutZKtVXaqp5/wACRLz+E/8AAlKMVqurVVmo6lfabsjfdSaKtXdW6usWRKOq02FdsZr8yXh/6GSdqiazqzgX6+65e/HHbSaudE9LerY/lz8fOvavym8LV6+FBPq8279bbd2fux2T4I4EsvQzsqnTdBxVsGLn8mfj8N/lM6lq1RXbN2S9zXZdn2a4Iv6neVKy+d8fSdWsvpdfWLDR6uGpj+NPx2x78fE/yrHth1K/1r/axeZeEY5a2jeTIhrkp4lqdUpm9mRPD0uqdWop1lNqWH+LPx+A+7/HyWXQqV3VDUdSvmn74LLkV/cvumv6xFcTGZNEniPbHdSK9bdUaTrBVbC2P4U/8r9X6w/i22S1mpM89/2+8OG/NZn6pP6WVrM7ZqMa3iBLn2ZM9s9tFrJ6V6PVQ1MPwZ/iP8Lg9as3Jll8a4ynZqSfp006nXymvavPkfsT4j5lLtU8EpZe7iLNrGRRg4OPbptRKmWh1Sur/An+I/wZS2qO6+TopL7q9KS6grLJ9Tk3fdO6XuRFkvdj2JFcSWWShgipmy1noTxsx7tHc6rNNcrofPZ+I/wdRdGI7rbDVTuiSlKXxfsffAomxnpZJwwKGSNTKdI5Feiw9Wtk8lU8OOp2lspslMz7uk6txcHlfNP8R/gau5U16eh2TvsSlr7fUvl7kIx7oxyVUORHRi0e4WjSLNGsx0JXpUpKhZnFQjrVumxPBCzBOW5v31T2WdPv3R+af+Jqf79VGKS6lbsnYsL2wJEGPx3wQr3Gm0rNPpcJVojA2jhk2owhIvjk18UiUH3SybGbH2z7elT+qPK+Wz8R/PPiOje/UTnsWp1ClqbJbp+2PAzAn3SKNO5Gn0hTTtERF3wbe0kautMui2TjhmRSZljyjJx7IycX07V6jGn1Mbvls/Efz6x4q6dPZPql6qqcs917aWmWVrDXZGl07nKinZGAhC980XVmop+q2CxKJtFAxCI3EePd0zU/xrLZw9WqW6Pxz/Efz6nmVf039V1Hq21Q3E/u92cCt4ZgojmekqUYsi+ciF75Fhq0T5JZMSY4tdl785WnscbKOa/jn/h3P+zWP0CT3zUuH8CMCiaKr6q+EIyRMmey7Lsyw1US3zli3Idial8MfPTs/wAf47PxH8rMmrlst6hqHc8YVdW8lxL2owJEYldOSitRI9twuSIhdl7bUassfMpGTdgckyWPg6PRG29fSvjs/wAJ8HU7Vbdcs22ra9LHbTb9/tQkRKolUBCZv7QEIXZe2XJqasmoq5ccSMol8DR0u309TF8L47Pmf4mvt2Uyo2U6fE79Y4+rH1bVODg/YhERcOsqlxnjcZ5RX2j7F7ZLJfRkv06RKKJxwNr3pdofd0+z1NOvjs/wuoW7tRq+oSnGEZWSv00qV0zb6evSWo9i7R7VIhE/T8xIEeOykbh2E79pLWpENVkjcKaY+zWS6nctVpmSJxw/bgxxjt0iyPpi+KzuvzrHtrjVLVWvpVddNMWrNc5ejpcRWtedR7EIRE05BcY4ksCKe24lbgnq4pXa7l6yTHfuNOnmqvJFYIyM97qty6hpXFvkxjulkW2tRy3o+n2WuNWlhDqHT4Th0efp6oXxT/wdfLGn6ZHZXd9UXDbdP/yKPUfp2cy9n6EIpZXPhPiwgQeB2I1Wt2lutkyVrZlshDJCooRU2biDF7L6VOOuo9K2yL7p4K63ZLp/T41x1Ctsb0c0USdVusp9DW1S3R+Kf+D1WX0adba75YhdU65Rk65ZVY/PsXhC7RZGwhYTkReD1eL72WvLxkUCMSuOSjTyIUSPsFJSIEGLvg6npVZF1fROOGUQ32aLQRpVksOrGHHJ1GGyWuh6ug6TqfUh8U/8G/8As1SLfqdtSnVH+u/q6jva9sXwkQRgwRZGROZvHJ5s5HFtxrwWcGSGp9NV9VsiQ6hqkodVgyXo3FfqRIMh7NQsx1Edk9XDkrliWl6h/VLNsqGoRXK6nH6NudB06fpa5ePhn+I/kbwtM9+pn9JVFykarSbzVKSlOWfbHxEUkb0eoj1CuwcskRQyKh49HaSLfPbSWqqzS6v+VB6SucY9PgnChxI18pexnU6y/wC1ieHVe81aqrbp82OvhdRjmrS86avSt6+Pj4Z/4F//AD0sPTHHe8cYGdUocifEvZEybjPZMUsEZlf1S01GU6UldXxqYtEkRXMkRWZdNr9KqHK7r266Oa7oEvOCKMuL0WuaNPqsk/7K9PHaVU7bPin/AIGMmznGO+Mmqh/VesWkvdj2JmieZaNLEkSrNVRFw1On2iqeVXAqSiaeRCRHuvbfzCxfXqY7ZwjlQi4yel9Unpp0uq2Sehs31Y+uPM/in/jXLdDWpxvP2013wY7Mx30ksT0HMBlsMrXVSRJvKbK5M08pMqiR7IXd9p+NbHbZqEmaV4np1WyiiHqWaeMoamj07emx20/uH/f4WS/Ef4fXIKOpIffrue6QzPapKUraYxP3pV9egf09sFtSmtV0/l0uLqr5qISExMQu7GSNdWaiJS9lmm9OdVCw/wBT0u+yOIRFB+p8LJf4cuD1Eb4k7YI6091wvu1fMe1bJ9mIT+l+em15lpfK8d5Isqix0o29lIhIixP2Ptq19OpgUcT0enXZeJiRbZGBHlfFL/EcUz0YCrij/wDIIfTXg/8Ab71JYKqo2USW1+TwPkURjOmfZpfPsaJI2koEq2bSJFkRMyZ73LMdTEnHEum37oNkfDLJqEdTqf5Wup4r+KX+P1Wr1NN4a86SlWrX1ejdoa5Y1GldqlB1yF2l26fI0kfc+7Q4mBEWL2zXGtWDZuNDptpGODwNnWNbl6DnWR8fCyX+PZHdDXVenqTp1q29X5t6LGMpW1OmWurrtqxhiH20C+vTfau2TPZ98GCUTAvdLxq4ZIQ50sjI2dU6gq4ylufRNPusXxMl/jyeF1Z/+SVzcJX3+saOz0bdPbDUVdQ0q2T4Yh9umxzLT+B90ZMme7Q4G33zryeikfy/QvjrFJdR104wlJylBfV06pQo+JkvxdHqFdX+DLx1KH/lY5UMra86HTTmaaFtFln9lWtr2XdmfvpvBTLiPPfgyiTF2i/Zj3smaulvU0VYXWOGihZuoWKfiZL8XSaydc9Ld61f4PU6v/Mori9ZOqNWo1ij/I6RXihIlE6vHbb3/emsUTT6nmu76d5qOo10k+tPNPVN7pe+ODHZP45jrUpKOF1tfWdG0/rXrhfEyX4jKralR0TUZ/C62mrdO8azq8HEcpXW6OHp6c/fXKs1+xcEJ4NJqy65utaTdOWhhI03Toxda2rPZi+OZDy0ddiUw9SzQaWOnq+NkvxGbMLRW+nbTPfX+B15P01xbrNRv0mj+jVRacO2vhvo1Ffpz75FLBGzmnWuMa7svTszgTMmTcZIv4WTZDydajmHSNBtF8jH5/Egz/26Pdvq/A6tDfp3JRnTbvs1milGOm12opjDql8zSWXWuyOYdRp5fD9sUxSaOnTlIiuEjBIlLBXLIpcp597Y2TK+3UF9OladPySH+Lkxx0q91XQluj81l9dZ1HqFcqpZ3afTquqMlfF6V0zonDvrKt612mdcvboqvUjdo9p09+kfzIJPXQP58T+bWX6mvENet1V6mqJe9skyTyR8I1kd1fT041fJIf4uzl5RGTjLpV/qU/NOmEz+JUdZ0WV0fUw9OM46e2ucbI7Y98Gq0sba9TS6LezF50epVUbdWpKcz1T15HryPWkU6e6+UOlOJDTyrKJYIvK9jJSLLCl75Y7W+NP4+SX4s5qKi2jc85Oi37LVyvnaUjX9K3Sqr1NVlUbUU27vb1TSLUVTi4S75NxuMldU7HpemORT0+uCppUE4kom3BBme7Jvi6zCndulo4bY9plfj5GP8OcsLUp2Enue7jPFE9tuknvpf4OO2F7utaPl989oVSkVaU0lUcVxwcIyNjGR9jLp8ai3c9JRlwWF2kVePkY/wpPCst3OEcmNo5ZbeWdDu3Qf5NsVOHUdN6FwyMeaa4m1JVJFPArEbxXJvPdGO99iirbXN1180xwIz2kVfLL8PU35Iop+1eFgocIk8OfR7Nt65/K6xp/WpawyJXM9Rn8jafzCjUtkZORXDmK9m4ciyeDUWuUqqyESHAu8in5Zfhaq3CIkBSTJbSWMLGNA8aivmH5LOs6P0p9lI3M5IrL00CpMrEvbZPBdqNzoqIwFEXsZX93yS/B1FmyG/c0VrJWvqpqjJ2RUZURjKdyip1y2WdPtVtH5V1Uba+o6SWmt7JkFkqrNPXxBCMj7Nlthfbk01fMYkIGOy7s/9/kl2XzSeFqbd8o9qV9MOJRyQScroxiVxjJI6JqOfy9Vp43w1umlp7e1ZWyizBGxCZk3DkTmaq8qTk9PAhEwYJexn7Xj43+Bq7cREhcuuP0ye0hbxKn+uir1Cf0y8HT57NRXzD8vr0PoEVmSqwjZghaepk9Qlbg1OpIrfKitlUSK7MkY7skV+PjY/mslsjdPdKPLZTHmC41q2wsgomWzmJGvMIQ3yr/ru0c99P5fWY503aDE+E8EZkLcCvJagu1GSPJpYxZXXxCIu79siNuxp5XxS+fW2j8wR5NLA8Gs5q/QoblyOMqzk6Nq8NPP5fUIbtNLhiEzIpHqHq4HZkXJRSaevBUR9jH7JE1koucSNsZfFL5tRZshZPdJckSKNPEwar7HzE3PCqntW6Q2yibrs0VnqUfkuShHqXVUSeX2ybjJntXDJTpimraVxIoXbPbPfPZki2HN+mbS192nnptfC1KyL98vm1luX5Io/cFzQM1b+heP0Kc2vqrEZ56JqFs/HttrrWp6vCBrOo3X/CjT/dp48KJHgQ2bjcSkLs+7JE45ho9uzV6SF0dstHfCzcU3e6Q/k1M9sLJ5lE8EPNaKSaNfxBeCKyL6JWWOb3ZRpLXXbpblZV+JJpLX9WUC6+d0s9l8NcsPp96aXj95HLvjsh9mMZ+tHZH1WjrNf0aaX08FcpIjPd7JfLrZ9oDKlxX5qJeOo/avAm0PJGf0UuKJYbjjHRdRiUfw7Zxrj1PqLueflRprnXLS6pTjuHIyLkS9zH2RS0tSdWWa6lhIhI3vdG9xI2Rl2n8l0tsJyzJeXw8bo18JcOjlSOo/YvHZyyqmlKbTm0u3SoL1Y/b+Dq9fVp1r9dPUy+dFFrrdesI3biHKSF7H3fZFU1K9eOoy3TrEIZFqRhorukOSfya60ZB8yjk0suXDBM0jyp+Nb9q8dk8Ly7FBLBg0P0TolmHz6jV1ULW9WlYTm5P8BEUVLmp4ITIyF3fsZgn9ujf9109lcpb3AZEjgUEhIlAw0b2hTT+G6WyFs90xRIM27XTJWRvrwtHLDfK16+leOyH5UMxisiTZRI6Zbuj8t+rqpNX1eUiyyU38i7YyNd0QIIqK39UOyfufa77NDJuWttyMiY4SIReUNDyKbJTQ/EbGiNpuRn2667svKiKJUspJ12f9IV5hcvt18foXj2RTkLh8xKs56fbtsi8r4r9VVSazrDmW2ym/mQu2029kQKyHisTwbxMT7Psh9tanKvTTcabJYK+RIXZNI9RZUsnGGOKZtMI2o24EmbjcZLpbIWz3SK1zGJGOVGODGVVLY7Ybih/TrFxOLg+7I5Gmm8sq5VT2z0dm6v4L9VXQtX1acydkpv8AAXZCHEa7RZXMVhG5EbclcskRdpeERH21qlIztX3OtduESkhNCimbMHCMZHwLJyZkb2KzA55E0+2qhOcZQlEiiKSEyDHMjIkyu3il86tZh1bRctNd0J4cm5EHxDwdNvw4vj22TjXHXdVZOcrG0YMdn8C96ER7SRtNoonJGJXwVSwQmQkZGfuLJMstLbDOSEBdnFSI1RNsURH5wYNuTZ2wbjePkXeUFJX6bBBMa4qj9NqacJPG/iTaKNXizPqVSipK7Q1WLqOjdDF2yRIdq57JaK1WQ9ms1sKI6jU2XyePc/wYyINGCS7LtkixTKrCp57NjnhvUKKnqckryH1EKxdlgSRgx25XdmBoSHHlRMc9m2QnzHDLKlIdZHgeGoxHUTgalbJ9Ou30dtdT6tWorddnesgYMHSp4l2uthUtZ1RslKUnLPbI2+zXfBj4mvZkTITFah8jyZkb5I9RnqTFbMqnZnT24T1Kw78llo7BshBuVVOCK4FHI6kiKwIzE4Jd9vbA2LkSJbjkQ0Y5SP1wy6HFVvMWZTHHJ1Go6de659msrrdO2fZFZAx20UttkXxrdfGk1GondIbM9sHPZIZnvtGjabTHfAjBsJL3RkJiYiMSOEkbjfwrD1MDnzBORCrLrgkRXZ18Lg3qQu20wMccmGja8DRgwZHI5MSHki2byEkzamOPF8XCyqXAjULMZ/RZ361H+rsiBWfplcsS1PUJbHubztPIjaY7ZGJswY9jyc+1YJYRGQuT08kqxxMMwIiIcsCmRmjehzPUE2zkhW269Plxq2m0wTngW6T5xgSRwJob7YMYOOzXbHbaOJt7IwYEjkjI1FSshXmMo9p+NfDbPv1Rf0S+4RWQ7MkzCJyGRXbkUcm3AsEjBj2ZH2wY7bRRRKA1ghPBGxnk28uB6Z6R6Q62hwNhtYos2sVTZXTzGoVZFYHZBKzVIjfKRjcV9uO20SH2289svGe365Ipj747YZyRGhmpjzRLK7dUr+heO3UP+Fn3ESJHwiT74GVwyOOBi7ZJMWTaxrtgawPul2RgwbMk47Soaym3EheepFkHFkcGzJ6PLqQ6yMCNRtFEwTt2jm2NZca0itR7QGzk5F3TYs9347oyMYu2RYxlGORlkcxhw14NXHdVD7e2v/4z+8iRIjG+2MDERfDYyPJgUUSikIwxxbNgoDgemiS7pke+CyGTa4uBKvcSqaIpi4KyBxj0lI9BDUYnqRHbEd560jmRs3EakhKKE4mURmbjcORuM5IjZuYnI5JTkKTG2LI5NEWzkZyZP3nghwZ7NZW3mJgtj9Ojlvo7a7/jZ/0IkELukYyPCP3FDEsiibMiikTwVsYyaF2/Uuz4EJEUbMEe00QiRRZVlOtowxJkdyI7yDaMsccm1IZlZjOKN2WkxxZGJgwRwcHAkYEJn6TMmTKG0bzchyR6hvIyN45ohgmhIUsdn4UubHhu1ELSb+nok80dtV/y1H/VMiQRnJ+o8mMHlzwQ5lteH5iJcqLw48+kYw48ksEjLOWbWyUB4GRYpCM8Ph54bYmQMZJ14NptQ8CybmQl2aybEekjYhLAmbWxLacbRGTKIyHysMTZnJ++zXCRhZcRowOOSP0tvJtIIkjIuRlstsYywWLcramOUq5U27o9Cue/tqFmvVL+5ETwodoE1lftx+nT+c/TOJCRGeBTk1hkmfuPabG8iyYZZA2Gwwsfa48iwbEbR47QYu0oZFUOpZ2owKSR6qHYhWod5vyZbNjPqykOIon62m02iyIaEhi7PtgY1k2n6IpmCESaP3AZfNsr4N39dtjTunuNO+emW+ndF5gW8x1623kWSf01S5IcE+e0uFRyY+m6RW+VIpZYnhJlnBVyRSLkjgUuXIfjaxIUCxIg8EUjgksko4ORNkFIw8uLFFjiekbCFZ6aPSQqln0kemkYMd0I474MGPZ4FIbQ2jcZQu0yLFIUiD4mzPNaWLeFMjyRX0WxNTE3OJRxPRy3Ukjq8cXIQzwVTyQ5bg9rjzM0rSMtqxD4dMliqRu+llhCSQnxLk2I2rO1GES47YHA24IYwsER/azwJvPk/SMNvaYP1FcqJtQhYGM4JeN0kKzJuMvOXhyIs3My88iUmbXjaxqRyLklnOWRWVMiclR4VkitkC1uU58EWsx+y4uLfCOiWZrGdbj/AGds8si8FEitrbasu7g0qLfDTZZAplh05aghowjb9cUSNuT0xQPB5GhRGhxK0YIvBuMIk0ZwRtjn1EKS7bzcZeFuzmQ2xJs2szg8mBcHAoowQjzPgxkwRMdojMkzDEicWbXmMSxYG+IvJBD+29FUWJ7YqfM25Srjyvtlhl9DxcsJeOj27bu3XIcdl5eO1U9squY2KKje8vSmPplw5E/ploriHKZYj/2iYRtHEm8OMljPLZmQ3IwxPBGZjtFZJVocBJIjtYkfox3yYy+ENcbckY9sdkJolI3G8U+ybQ2ZOTLT8r6htosseIzyRzicyTIS5qZZ4f1FcXnUvbCvlS4K2bjVblGjV4LVXdD9aSWy7Ty31nV47qX5I+WuzNJflNLbqjSEOVeknIuNF99K4wWR4mlmMsErOYzHJsa5x2fAjwSyzaRgJG0ikOKY1gYuCI+zUjDRjI0IxltCRHgwk+DcsqQ8EiLPJwLtIiN9ovlsZPxBc/qcubZkJ86WeS/lQyQyaqe+VK+mxorkipZlqo5hLifqSiv1Hz0mzfQayG6m+O2wj5fhDjxB7ZUy3LVQwaf7q1xfBEiZp57Z0zcltkyyL2yhgwTgiODBZGRGMspIe0iiSwZJctcKPgSMDQ4kYiMm5G83G4lI5Mzz+l3/AFtMo4ZsRhCwcEWjJJkWZRkUkbojwTwRwiMky7bm6dZVsKduJ5ZBEpbYwzKb+mtrLhFIqLDXxxa39K5WcHRb3GwtWYa5YvIeX4/afE1h6CZqYNwo4sr+20eEXkX9Wja27uJFo8j4UWVzFyWIUTaZwSw0ZRw0jk5GJGGJCFjCwfSzgyhsTNzFaOw38ZIyOTDFWyKGIwJDMCiOHMYnppnp4MPF2SGRJom551aKPug/Tqrvk3GbNRPhTwb5YKytlnnqL/ufj9YNPb6dmls9SqXK6rxqCPl+P2iXJTN12ffVt22af7dRNRJPJZH6XxLQvIlwWcjjzauIxIYI+J4PL24JxRwjejgzHHqLO7JGwm2KbN7MtnJBNrYz0xQRgZ4G2M/UWZicGTcKbMvsueylg3GSLJCEPtPxGPP/AKyyjUMp++6eK6cZwsX8umCzZy0sNeKS2SRb07+Q9XpZ0C8ZF56NdmNjxDXy36gj936msOPhjNDdlXrE42cSWU1gnnE+JaCX0wf0yeCXI0yUWIi1iLHyv28jyyEMjrwPgUdy9MXnjc8Y/eCI8Cbzhj5URtGcPcbu2XjnG5meVI8kRp9ovtgSYkxLsu7RNEPP6tNTnOma33y5o8ynh4Tb+k3mSPmuRdnOjX9WppU4LwNnR57b9dPbpZvMj91cxujyiXgpnsnZLdHTQyTikrGWMl56cyGMOUSW0lLBOfDkQyKMsKHGMNz4jLtPOG8kI8bThOW03Jm9IVhuGLOcZMbXEl5GskuGiKIjSHFCwRwbkk7DcJmeyyNyNzNzItnJlibLc4rby39N241MjTP+yx5tg9sYvImNn72cb/qqWR+dK2ozkz9GDTWenb1K/wD8TvRIu8ifD7Uy4omJ5V8ME2SOnv6q/Eo9rVwluTghcC5jz2+khgeD/wBXFkM48GOXHIkbTAkYIRRwiaTUGhrJtZtJxFFkfPA8dkRwMSNpFI4ExMybkZ5ixy53GVj7j7JcSWpk4l83J0cTxmUpMi+D9yeZeFFJuPCZo19Moi8doPEtTf6sX57UPm9cLs32X0ypZCWFZyWkmaJ/XVLjyWLBPlQiieMvxT4kuUbXnYyOEnPBORDlMYu6RhdkzJW0S+k9UeWbJ52TPRsx6Fh/FtYtJYfwrcrQ2C0Nh/BtIaGaP4bP4R/BYtCfw4n8WB/FgLSwFRA9CB6ED0YHpQQ6oMVMESprZboKJj6TAvpnQafntJ4EKPMir7pP6d2HommmLt4G8kfD7Mp4lOO6p/S/IyHm1FUykteFcM0f/WuRFlpLJntgrJ5MyOcNMhAsik8R2/avVHyLy4yxCuxi01za0dxDp8xdMZHpiFoK0fw62LR1IVEImyJtXbHbHvz8uRjXbrWp3yitqUhyUnnjOyMc2Ous4QopvR4TYvB5EhLifD7Lzp3mOpWJp4M5P2vqiuJ12DWVdwM0zxZp/GCXieDa8YfaM8G7JJvcq5M9Gwhpr2Lp1kj/APW8LpkBdPpI6WmJGitHpoUDHtbF7MmTP42OzRr5+np3L6uWSfFcWIktxXBLt+48Gmmk53ZF48ngXmHixC76WRqocd6WXL6qpCsLR+avu0y+mBZhDcR5Y4WMho75FfTWyvQ1xFpq04wijC9uDHw4/PZ1y3FUUSlhQ5K1HFzUSMsiksLsvFX1OKwIz2iQRb7NO8Skt1dsdshkfMlurg8NMmxkPOhpsshDSTLNDuK9DXEVcEYXvz+Bns/yd5nt1ue67fgT3ypqWJy2Dk5tcEee0fKRHiW4XeCILMb48CGiLw9LPdHWw9lUixbZRkSeRlP39Gt3VxH3ZkX+hb5hMc/p19sZXSe4qWDc0m+Yo4INdlwR5Uom7hLuvFK4tjlS4cR9tJZiU4qyu6vZIYmSW6KMiqyLh9Es/tiMaMezPbP4D7SExmTPdfiWoRrJ+np7JOU64kMYnI5Ip4WCuBtblGo3JDzJWtxl+hCKC3lWeSHKnHBW9stLapw1tY4sfZMxzTVFRuGdJljUVvh9mP4cmfjz2kRYzIu8X+JPt1y3EIIRJlMHIVJsWFDmEMG7B9xtEzqMMeyJR4kXLtGWDypLBRY4ShJXQvq2koIlHvpZ/TcM6b//AEVeOzJG7ncJ+/PzY7YF3j8D+Bexj4Op2erqIpDWF5dT2krOK65TK4KCkxLLS7LBrnH0F4iiRApXDRqFw+0GT5Xg0t2x7o2V3QW5kl20ssSsH56f/wB6J8ZEyRMkRF8a+KSylnsu6E+y9i+BmRD7M6ld6NGcyzgcnJxiVx3FdMUOSRuIm7BGWSUkjUa5Vl2olYokVxIh5ofGSzksjhkSMcq2IjSXcXVKasrce0iEsPOVLzoX/bpZ575JEiPZsXZe9fA+8he2Ps47L4H2iPtKWF1S/wBW7aSZSVwlIxtFPBObzCYpE7CWpjXG/VTm85H4ijPEiHmjDiolsC6BjtTMlBNWQw4S2uq5NW4krFhjK5cM0n/TSS5T7tEiPncNifZe1fA+zMiJci9seyH3XvRLsjI/HU7nXTnL3Ci5OmGCNu035a5dhuacrsKV0pCi2WcSJeOzIlPEVZy/qjbBlnDFw6LE1dHJJEPMfFgxkXgyad4s07+qHKGx+GRXZkWJ/Gvg4JeU8+xPsn7F8D9kvt6xqd13MirSSxlRlO4WSnk8KViiTlvfozZXp2eng1ccSJfb2ZHh1xzVhldjiZjKOphz2rI+Jx4ksOmZZHJLPfJRL+yl4dMvp3HkYyIzJj2ZM+1D+FkiMvavGRMfZfA++TWS26d1KU066o3Xuwy81VjRCSiSucirTSmLTRR6SNhKJ1Bdn4Xdmhl/W61IlThuBb9r8kXh1zJssRF4ecqfsr4nW8qj7F2kTKybGRkJmSQvZnvIXsY+yGho2mBiGRMER9o9mzJnuhmO/VXjSqbJzbM5IxIvBKeSnS7yrTxglHHdk0dSj9A/H//EABgRAQADAQAAAAAAAAAAAAAAAAEgQHCw/9oACAEDAQE/AeB6aQXif//EAB0RAQABBAMBAAAAAAAAAAAAABEAAVBwgCAwYKD/2gAIAQIBAT8B8AWs4EMAGjzaiENzDAR20+Gelu//xAAwEAABAwIGAgICAgICAgMAAAABABEhAhASIDAxQFADIjJBUWETYCNxBDNCgWKAkf/aAAgBAQAGPwL/AOm3tUF60uv+sKaWXr5JTf1RyWTeP2KZ2H6T1OckOFFZX+SlfgqD/UMPjXtVpiXpQ/pk7r1oC9jGqyHjXtUxUVj+kn8p6jwAad1NbBf4/KSorf8A2vcL1M/0UlH8ab5nOyagYRkFQgINVKj+gv5Cv8FJP7Ro2130vWtCnzhPQX72Vg8AxVLH/wAiqFg8YAH6U6+EI6cbJ6d+5k2cqfTxLcUrBSY48jO9JQc+3b+xalTSE9J/9J69vwvWkYU9R4/q62Kl84lAjtfYr/EGp/KeryFexJ4O2dhbdMA5T1nQwFP2ZP2v5fKhRsFHxHBBZbJlteESUTkc6AKHZin6FjSN1+9fbR/S21R7dkSqyyLqqsp9XZDgb6EQo9gF+Kvx2EKqlEfZ0Z4+6+Wh7/Eqny+E79gAqkw+lKjTCHMp/CpPXssaNTas68ZJpW2iGVOLr3KYfFMj+uftpe30mHXiilCgWc/aLcsxqh+vYblfyVfJYvIQAvQuFhpchMepD9c31Sv4wITBA1JmVTc0pjo/dsL9aSq2RqqmpeqpxqkhVcPdbplCD1Z3CY5f2oCFXkilYThKPk/4zf6WE9aV/tEKpvpf6WEfXBanWMZokrH5N1h8cUp1hP2qfIPiUD1lNI+1Tb+U/aIp2qVfElQvivipGg/2iLgFApripCr7CwHcdYKfwmWFYSmq2QNP3wpvAUBPV4iybyUEJ/FUxUyM8pxYFCkhfpB7kfpN++sqqTo1lSoTeX64G2bEaXTYWCmkL1cJnzvkCAG63ixTIkfRQ6ohHLjaNYaDBTvpnK16qVV2NSOqMmyhTaBqEKLbQnDBRkPYkKoXnSCGSL7aji8hQmZMLnsnFgqWzsSoL2CGSQnoTVDVezoVU73epMLO/YfIKJTsbBUcGdf22WKnZM2Sex2XxQKmwFo+XOcJshJQppMIDsj+bymCxUn/ANLFQmqzNy/4/GVT2ZBVQFmeUEQsQHr+FiG6bnmjxmUSftYz2hs4TlYxsgRKJojmmkqE1KerdB0G6EPvwzdkSzqKSBYjmPYWpCp6EH6QPDwkJgEFi1JK9aEzMn4QtiOw6JsPssD8KmoIFUeWlUqkXxNnYr0lP5JXqE/DdClBujBQPBpIVJ+0KTT7KnGECLkaDLfihfyeQdHKhYeCVSVG/wBIVDdMAagF/wBRT+QMLtoDiAqlulH4Ua/vUEaPHKlU+aiSgsVAen8L4scmIbZ3UrdRbdb65CY9GyZBNr+wUUBY/GNkfF5inoqekp6U7TkIRpq0Yv8AYCd+x9jZ7MeCxWPwFih/JS4WLxQPwvYMcrgewTHQgL3Xx1GHUOyZrUlUnlfy0Z5W2rCfqBaLYTyjSV/8csZW0WHT4acvuEWEJuXip3Cb7zRd9BqVPTME5vNotShy/wCSjY8DCE/TzkkpgvdeuyBQ5ZpqCMeuswTnrZXqVNsHMIqTHUYJ+nbNssbqSsINqWQ5gOm1Knp3T5oKZ7YnsFT00KVtqSnHKbMbumBTusSwHmVI8hiFB5LnMU98a/KZAhA8p6iwRo8PJBxMFi8NcrD5XtvzDkwg2m2E8h66k3iDpjA5UpqSi4lN/wCKCY8s5XKawKBHFc7I0eGSnrOq3AqpabCpDiRoHKzI4gothJ4mKossPjLU8DfXY0zYBDJ7KNYo6ByyouDw93K3anoMNQkWbNCarVYZMJynN673BQ4HtUjT44pTv0JFYlEonRnTORxlOZ3yNre9QdEeLZOS/RGVVjEhYRoyFso0cOkdF9X2qTeIMnqL9IcJlT8k51NtB9BxYpjl9VNwho+1SbxeoT1F+mfxm07X3yb33W99lstr+q9hoMb46ApGSE5TXbO9ZZYfD/8Aqeo9PGtut1vnleqnOxtK+IUCNAHNu5T1GPx/QJ1SEQdBrvWUafEnqLnoftbFQF7cPfVlQmOR031kxaTUSU9R6HZbL61d8++jBW+eFNyo1cHjU9XtzoTHI+Q6EZY6SckleqnmvkfIUczc+b759rtbe0jlRnKFyj2EKLydeApHEpuUeo3W6+S3tJybau2lHAY3KPEi2154G+nvz3WyhbrdYblVaj3hTwJyxobX2tF550qL7qlA2KOlClMONsts+/XUlU9NtaOBHD30pzsTpSotK9btaeJHFlQtuLKfJKcI2a75ps/Bm0XnLN54ccwkJqlFggdHCbRzo6Kc7KchRCi4sURnGjveVvaLz2UXOTbIb4bFVZ2T3m0Z50N+rhbLbJN5ytkBCFViBnfLHHjPvn2vHHFo0MYqZH7GTASiVUdDCU/PjowLNokEZajpDXk5ptv1jp8j5dsgVI/OlN30JvHDe23KlQoU3FIyydEOqRxoywp4D2i3xK+K+JXxXxXxW15vut8uy2Wy2Wy2CgKaQviiaSi9MIk5ZtHUbqbbKAV8V8VspXzXtVaQtlAW3N/ioyMMu3DjWZitiopK2Xsy+SklbL4BfALZbdNUftEmTd7b2i8r103yvpQFFJWzL3qX2V8V8AoHX4VNp6CVNSmVAW3asPrLPDdsjZsPcuVV0D2buSUdBgF7KLHVfN+bjuRQM8KcuLhtcIdx+hmna85Dxh3B/KfLKa05GpkoudZlHf4XjU3j+nlObRli8KdedIIdthGwUBYvJATUpqVOT1U6k64Q7Woo1VF1AX6s92oT1rbTbghU9qczAJ6jpf/EACgQAAMAAgICAwEAAwACAwAAAAABESExEEEgUTBhcYFAkaGx4cHR8P/aAAgBAQABPyFa8VxPjQ+F/iwXwz4H4zzvkeBEGvOE5TmiYFohOGhf4C8L8WBL44LxfjOIQnjPDQSkHozSDXhOC4hBIQREaHROHxOUXxnE+BcTleUEfnEH875Q1xCeU5TAmTfE4aIYJxPM/wA40OvCczifKiC4pfKTL0K9r0mby/SG8IFqS19mXH0ZPTrXo3ykvhhP8LTgg0QnDXM4bwUXjBMHXhfhXwr4XpNF7Lv80u1d+B0o37EP6PweRRkz6KJz9ZEVF7QsSbC2U/Of4kHxbD4fD4e+GZI+EQSYkNEHoQxeE8V8iHwj8RCFrbevY6aFfZIYC5yNkJysC3cLGnDMD9B5Xfivh7+L+CLyMfDIPho0hEvEJyvLWDQfD+WEF4rlAWk19DDCjFNX0P18tcJEXFKbI6jyI2z12kwVdMwGQNsj+jLVj8Fy/wDCHzCcwaL0LlH6j88NBD8p/gowX0SDfQ22N+xMZOVvieDI0xsjdUEDRJH6Hp6Qy1fsxrztpmWn+4QkX7iOpna465f+HPfwkJxSD4YuNBeC/wARFw0h2RgfvKJngmHFk4KJNpkXqpwtkTPoha6nRFhPQ3vIlbM4hCXsH0j2TGyMmv0ng/kviPfLnEITxSgxrHCCXGp0Lhi475nlsXixtZtEqV+lU19oQ+ER+mZPO/BLA8PkGxDIQnEWh03MdIV/ozYMULhfYjRWPTJ1J6Ep/wBBEt0+vjnihcacYIQSH4TicvQkNcvT8GLhebXM8W4zaIzv7QinauZ0ITazwKeSnZSEYSQnsmeBuFmWKl/TM/OD0IQAUw9lrY9b5zRclfQs7M33uhNYvZDJ5XwnDFzqNeUJzB8LlkojQWvKfG2iyxpcSQVPA7N/ggrQ69jNP/5DHWf3G3++VKHnFg3WaHA274UrbNiPUijO7oZWFdISompwMvZCGtiewieHmnivHQaJwh/I0QhoLmfKpjYjFPQIrY9ihowQO50hOoJoYXn64vE5xZK0pvh8IQ8iFiLWUQ24FdEM7jTwFmf9I85EGEMFLw27So4jryvGvgbH+A1zo1Oub8f6O9DqRMJH7FWJ1GZ9B9+UpBEFgJ55JcLPCEC0rUK9DNEVaOh4Rr0YQnb+zYMvwm/WMT4K9IW9DCIWcLYp6BC/Fjwvi/PBD8J5QaNBa5nlPFZGkf0M6W28ISFJO4KZVwDV+uFz0MJVgYo9jLw7QfrA5JAxbAowHwUhJqv8EME4wH9ILGKHWHUDJ858HEpStTXyPxMQ/FEFxCcPwawInwPxx+CNG7sPpCJnzEff34I6MkIRZDwGMVFTHtodaCqtCyglDjMENYJQlOiqIq5FGBR5WBxOF9cBu0NI010ypkvLGJWEehot+CGXwXinjOF5Ma8dPjhOW9Aj7BbEsTgTxUtF5tMZPBqKb0X0MTG6Ma2OVkJ2TogpFyMZkKBrBuo4bapRWEhmoSdP2LPAbx9mSe0VtDROLR6+hnJ2E9i6adt8i4Uc8ex8US4fnodfM1tZZRdvPGAZsbGN0NcpjiDQkHwlFbAlGBEnry7FzZFKZrsEn9mTA8ivRCUzbJ/Y16MXBS8pugaiNoTPc+a1w/JC84RCRHXnPJcGyWkK6oXdEKky0GLfghM9Q1y2ZMYzQcCI4O445RcIWeNS5kZW0U2WSeEPqG4RBpsw/Cn2PEYtLsPCymifChmvM5YvifL0LXxtYFxj9jJfN6OpzFphq3xPBcIXBjYlqzizQ+KyHFw3guDFETUY9WqVWBscG2LBIAmcB/hENeC4RvuUSFHhczynOn+C/B18pBNOI6sDDbsc8aC0Qh+CCGYc2WKkLA0GIKcORCE5fBSbF17P9oq7FDNGxwS0U68EQWyVdAjr/CUflB8Pl6OuOviZ3joO8lx6JiuULZNRsnvZ8ZkWFBa4UY2CzoSiBOs04pRBLkuEKkIm5SWYOD9Qlbpm8MfgyizogIcaJiGr6Y3F+NBeS5XJcQnHTFxCfC8oW70SK+3ms+5IYy37BjVXpfCFCg8d4S2GwqFiVCXBC8CQxiUFK8FFtIt6pv44OBrh8u2Ot5MUa6Pey4LxfxETmCXN8mPQvlnpkJ9JcG9NFj4fQ9JaOhF5XGgkYsWRDHYNFmHXYqfBccCKEJ2ZoGYcaKbh3BkhikLGBFwtCM3eE+LqpaDZKyPwV3oeRMuNeF8G3inxviUh15wnL4+skMhO9mhyp1O7BiUuKJovF75QtiY5aG+iiGYqNxKaeBskITJHJ5IbB76kVLY6tQbRrJ8MetmfEqEswMixWnYOg2UY0QlDy4+2P0f3R+N5mALaD2LjEqaeS56NzrhfA14dC0NcMevhfK0Y/wBiUtbCzexC7VtRU6JYCqX+xq+CEgtccRKSEFYkkUlFtsW1hjhj/bKstjvWCtjVMIU3oXAz0QSGqLZhrEtCG1wh+mxHStglJTKUyXo3h0QtOEHr8YesGvOczBHwTi8zyY9C+B8Xh/sB/MFNrcELInyhlWAaV9mbv78FvggVSnRMxGcsXEIsJpYKLbEDRCF+FHFsJiPbNQzDsQuC4yQ7xgXZ6LaNiXqJiqpN7olDOIVkaFpgnO6fpsQ2B15XyonFL8M8GPXjS8vlbHx1QlLAVpD7oSHxTy2IRVAxb8EUFDDnhi9kWZ8cGpUyMxhKFZIMtBXsViKYq7En+VP+akdch979hZlC5roY1Lgn7XG5KhtK37ITTgWjobMhDy4aczXQeo+EPyePnPy0OviYhzZ6PQ6txwe9C7XYuf8AaY9raejESMQ+TEWR9nFHXBCZsemhjIYrB3WmNdhtsd7ExJV0zSqvo2QfhfAVZGvsehISEimaILEyyNhoK5IuxqyjHYIooa4lRrt6NUQYL9Ll/Mx8HXDFw9M65XwW0NtG42zYaJUIzQjF8I+wlEscSb5cZqDNfLs2SYBam8mMoq0GrcMmSgg8jUbGSYyFWUQkTk9DKVx/8i6l9jaJRHkgyWqsRN+x2RgQ17FhfCzYvgvGeb5emdC4XiuWmw0eGBJoThyGNT1CJ+xbMuU4x0yxGJERiDExCzIoh6FO4GJbEnsKUw2s5ZLG6Ri2NReBjGLcXcJaPshObLB/iFmj/RadY9bbMHZKPYkMXmzbl/M+GPTOvBi+B+H2Ihp12aH6ZGEQ0QRUcJSCRldGRD5A9CGmLLSiLXYgx9qBklBkVFSLwTwM2jmBmeyIpRXjZkli9D8yMe5WByKh9hGn9cPmeOhm/OcT49ReSGZP0vhjhnYpdhB5+gyqiWBpEMRihhvIgxISWYakFJCEh7E+HQ8oG0m8NKkmDDqeAjmnF4QiYIYRmbITZQg0bQVeORXTiqh7Zf1CHxPLQvywQaJ5IfD4bwL4Z4tAu3Av/aG1V9DVQL7RX0Ylmvrh6yzoYwlRH2hMjcaKMlBIiRfBDXBoQi8IcrCE2mPvL4y8N8dlXMFSGU0rCkVkLa0EhLoaY1kiUv2IfwPQmRjEuZ8rOhfKhr2b9CWW1SGImZj6DbYdFzHp6BsO0PDZlhpEmCNjClvjWuUUXh2gpGPC2Oaw3eLpsGKVoUhijwNwNaiQxkJWI3XS+BcPXG8whR8P4G+enyv8BTMqDrF2XBbpIesBxtXYib9J4aEJBNTixSSGhi0LhcKQhYd6NjYkN4QoxNgxL7MR0SKhGt6HvxexXb7Ei/G38344ITh8IY9Pl+DXyL7YhWsUrWjO4C/wjaP+DRU2xiavQdYT4YnZZRXB0HwgT5zg+Ko4rQhcQTg8VPoQlOK+y+B9jNqGEdCReDF5Nxb5Qxi+F+HTF4IZRonnjmiIblwtdAplhaHIZ9icHsMab6EbU8sRgOdkiCRSjGRXgxh4KCTBkx4vPFdDmStApd7jdgpRVYorRskqX49DfxQ/GcJ+MGjp/wCHgI2xjRZ0xLo8jXRRkckuiw7ChrJ4qFKNUSNcEIYW0EgiEkNos8EhmxucC5YfloauDAiwyJgSRC5yfpBI/Xx6G3gkQYvGD8bw9MUNsIQj5fy9CofscrFRLVjMixgUz2ZfDSIvAtrfZfs2hi04lMKl0g2jbFLWb0h7YQxWQx6GQoHgJtPiWuGMfhRmhYQ6QYgQ1BawS8u+HwjQ2KThcTwhc+GfDs7FhT7MooP6+G/Cwva9sX4OCzVtsSn9cbGE5IS7OhnYwayaJxpHWz7M1tvTEmNCM2xKUsThUQzETKN8PxfHIYDQHq+2IbZrlfDqbczhD4nnBIng1PROnMkj7Q/C+S8vtAYrpkzbNoxEEmOxUg0aEvC8uhD40GiVEFNzsIcyKGB7MjHirYmDfL8GPgdxPRjirHdl0Ikjvhi+DTznzMeD4S4fL0WwwklT6JzPKHxfluRH0htNJDmqm2ELJN8vgYJhF/rfHDWlByaoRsYk4nHY0qhzsllopLRM+orgwLEPoK4PzJxS4FYljGt6caL5Xn+mngQxUhopfhfD0JOi8kLBuMIQ2t8ZyvNTUBSLdjS1z2fbtEkVux/BHnH9cQyvV/fEYZ2YWGoFvHhhpog+x7yuxnEVZQmvsr5N8xQYoZbMMFQfD34aeNiH8E5pCD0LRdEM4PQpVZXM8V5M0Cx4f+EwsvRIWml9n0yYSXJ0VMH8EINGozsyL0/OIbcUkzGxu0x/Z0aBUq+2xGTQH6e2OLke8fIUvD4PYRGY9CnhK4sYXyaD+Gee+WYsoY1YZWgt20KpYY2T3xS/J1gSNFpU7DBbN+vJhb7I1I0MC5ePUhpTGhkEOFsv2U9srohLmbeL0Y4t9mCJCBfodqh8ELw04yMzHVRy29vh74KtPkpqNyub5QnkhjbGDyzDIKWgNFI5Q+xax9eCfIhxiQSS0hsJF4bIsj9EzkRYOj8R1LSEYeQqkyFoUEpbQ3GxMTKOKTbGToWp0RFw2TBuSF8L45Q7IPxfK4XDE2bMYtcVJS0UjArAHN6MzaPT/Eb5fCUcND3qZcZ6LZGFVTqCElkZGLBCyyICsZKJkRkHgYcjCxwqraEKoOMM08C+LQfCGvNbJ5NxV6LAclnYsYd7Gz2VosZxINVWGNCfC+afCxrEUnOZQMwZAThLsPODsRYuUILDMJXlITLNqhu04EDcUbA2WPil5fE8T2P4ex+E4vsyJfoZtD5hmEwWShhdh9pfdUej6GL4F4ded8Uqa6ZVQ3s4TGIbB5ZHg5dC0wJwtJIaG+htJGdGUAcstvgSkIJeBpAuF8Z75QxeL8UxDM5Gz2w1/CYwiKwj+ymaIhgTiB9DTuZwmPyhrzn3wvCcPhCB07CNPwEYik0KC0iRBhucMKNpg1wUhFDBR4DXiKpBa+Jcaj4Twfwoa2PelpEYQ1pIhwKKsUgnIuceW4iTfoQqFovgfwMWB/Anr8Yxa+mMTybiFKI4a4sOKSKeTI2ZKsYFjhWAwgoudB6scL4majFw+INCGXxSFOV5N/pDJioghc2zR7cYReMS1CH9j7QY9D9DM+F8bzPifgrFrHsTJiYIzbExkfjIgbCUrZtYPoLlhQQkjByTguNeD3y3xhryvDYmNcPlrlbQ9/A4IurNEc1o7eEtbQbwJsaxg+VP5bFPXrzXjBk+Gj56KbXXFjMpUUH2Duxi2KS2PxYt6FqoQsESExyg0Th54rhoIQH8+LQYh+GeUPfLwjosa8Jphz2ND/VGcGJj6mbcTxJkG1cEl8l53yXD4vhDr0JF6YvsgkhmIoYyeVtFEnsk0JjJsLwZcPnJGKHjI1RTrfM4fhrwh/B3xSt7HMBaMMFoQg1gtRxGYLCTPpRXtwR0e8I9lTyXmxPyb8YOiyPY4spPDYxj7fCFwM2ZZSWaPW4JowGxpBsfJ8HEzRmR7BHm+jJhadiS8mrXyZr5Ifk8KlBDGOiQbAjUGJAzxN4CbSNAHocMrY1dHoG688PmeU5nwPiLS/o0dH2Jb/SjffE46FkvGxMCWsMQgdTkoZYffwMz4Id1Ed6vpiGX6Mzu0zOVoXh4mmPw1+A+UdlYc+ohs0EqMsQ1CA7iNAhrxFJfaJYGolEJe8DkK5yjr5b4PbUkP6QBgZf9G3Y3WMXxguI7FMSy/Qw4KW64LxDQyJn6I7A/2CsLN4GtGj8UUn34aj5Q+HzBMYtuMZNOChhBihBaLUIc1FssSqUzboZnVDI4/TBquJwvN83lPh7TRex4e+jseVb4b4681yQYxXW5Gy+hhxIZOH4ug9RN2Iz4fkhxiFo4HkyXszLLjQfKE1MnflvA5xsVMNAUkFwDR4GCMg0FE8mISME4OhUILB2Sx5NHLF4Tl+LMpXoYcPSj/XgdTxRfJcIUxF4HPDHDApJeHQxRZF4XAyegPhw94QmRIbITNGMLa8FhS4Y+LwxeHYsKm4mx98eeoQTeRhkmilVlNHKAUyYQg0FSMWkfWBLlL8cINHWdF5k9ITBKAzY36KN8zhMXMJyhBzO4zCMS4oFya4SFFlkV30OeCtMX6Ac07ES4fYpgzcyJuy2UekIDvC0XheOxLGOY6MMlko4J0qInsboMRyR1cQm5J0MgD2eRx+D1h9GSPzfl0In+ImalB4aZj8X8QgQVpsM6ZheFEE8cFpCD2LhClCGLz0DG5xKwYpGQbOARvBB4MApgHFkPuERTYmdj9OEPiygeTIYiKouYuNaGl/MWLoei0DV4MwSZUEX+hCgxS6ZPYvCeSlyq6KDqeyjDfY8kH8SFyJDZjZDT7JFyJRJgTikyPpwYOGgmJRDRjYUetxlNyzseTHTIUSN0LQEihDEnRGoYg3dFNwUyeUQKi4y2HrB6w63oVwGAwD0SI7QzYIaericMoNqPYBswfBC4EZheZ4fpaKb9IcMxzaY/hCEGiGTPM8UxhYHqFTXHMeCBEXBbFPaHNg6UfBeDY0NRwXKH2Y6eWO3BK6wL0i7g/wBj0NaKgcNkdh2gdhPcaGLsDxXtweehwQbOv6WOkFpHcI4MVQpkSsGXWPTAwrE+GRB1g+DfJCzQWzJRDx8pqIZCkkLsN/Y6i9iFoa4Xh+SD4T40NR+jEiaK9D9uDKKCuWJ7lRRcKQdQoxC0hCGVzsp9GDQi9CwbSinR1EN9YMxD2P0H7DDsK6DzoUCTuDUKroo5Nk0lRFVgnhZwkGuR0OSnBYaYxQtf0RJKn/B5wP8ABofNPeDJSC6NeGJBa98zhnw6UOzaBOw5RjGmNEQc4a5nK4a4ohCqZpo0h4ckiSooE9k+xD74SbnMDR7JnRzsYzfJJaFnQ0kOXOD+5HpE2CbehWZ4J2jIeziJYmQyZFDQwQ/2GmUJ4aMsFEp4hIdB19GKtYyCYGRaXCEbGhkbFB9cxJX0SxE+yrH2Dt+GFs+nAVfBGSiYYZOXOIJCRVDU4RXAhGg2OkwxbwT6PQY/Sx+qPwc/+gjVh6kaRj+w2jW9jW9mvYNmHpGmRnaCdBhdhthjJmEKvsiCTsjd4G7cSo8MSrInsTMkMRyivJMbT7DEzFn3IWmSCRTBFjfKwOQnH4bCRoSiw4mlVfQub0LAwzedfpDWWXprhBr0Eme0WM/BX6JRcNFwNScPAcyQ8BiOhHYhMYuz7RnYyewi2DaoQvQ5Q0HQOmyoaYQ/IjrTAPGClUbuG1ExUho93wi7GIFiU9gntl1hihZZC7MGOb2Zh7Bj2IMw2uNYHN0VQsiC+hvYlZlvrs65qzg98Lk2NRzghPQ4rp7Zmr/WSLdYudGTySioVqQpDD0NWskIgta4eihmINIQ0RiaBHY6XHAlGTCJCYQT2LwLIgyxseyC2NumNtkbBkiNwhaaCSYUEiNFEh0mFsa9ieoVN8LEPJDYk7CoWhIoMykPh2WTSMjbBcyTWBNdFNjB24rfB0LWRWC1zY0y4Q24/h/wMsCQs7GPHBEKHkMMMKnXB4j+wsGzoqi1ckiGk1g2GEI64DOMqWskVeuO5pwCH+lczfqFGuIRdHrEOqzGgQu406HZS6kPQ0w4mLtTBwWhsHjoWOj0BOO0XsN9OA7G3RZ4tZPsFgTRDGmhuExDG4YaLungLs9CEkSbLgf2WwLNDdQshfWSDOBYwGMFdDuhGRZDUTJmxY0G86MscSCJ7NcCoaJou1gZXInAx/jQjoJL0dsI/Qa6MaBPtURdmUTtoSLCEHo0QjAbdiWUdlRTAKWLBgh42EIh1sba0eiZdCWMiUfA98JswEhsbj/Q3jRHoboESRg72ihVeE9FJV+hk3exiO76P+0QnO8Rd4EjBRmbcJ7KErQ17IzQCt6Qo6GTqPsxD7F9kFRS0uLOBKLGkJCaaHro3yHb2NX1xeEJQ17Hn4Kyu+/9iT2bqH3iCwjPgN7lGZCZNwzBd0anfEjhHoz4QmE3YT7Ij6kOdDadCISd3Adhlob6LRTPwLGMr4KyZBlrIhxCDJDWYKOhbFuOU/0n/Zwl4HiG6/oa4n2GofQcYsiyITGyHeHqR0Q+wyMt64tVZGkshUmNUSC30P2V7yNsqPnLG6sF3xWcM6md0NS2OegnZFDbBtWGxzBKShp0FATYkdEaeWVexrKtiX2IEgwnoZhcCJ6GbQ/qMyWSIecgpfZHow0FjWLbMdodGZiJgYh7SFojVF54rRpk2XwGIZR6FoVfxI/ryIKnQYQR6krkoML1cRUs2KoXwHNeFEo2J+wvRkRp5XEqBDUnkKmhoYdDXiG5nHEbLBlRJiZovax1ZH7CFEEtPAuxscx5EqYssjmGTQnqZImPcCHyyZk0RIZJaJ9C9QgbQQ0KLIoGRKhrOEI2FLYnFHQ0SLfgo1kZBU2KCcuWrauyWw5lidbC5vIQpo6EfyJBH2QKhBDySsRLR3A7gQZ0aBo9DJwOgjEhV0yWB53FTQ4tLJHoekg1yC+0dtsV9jRiXAwftgRkVWRCwIvRhcdN5EuyozZZnKJKJTVZo0ewTYFHoT0EucHioIVoot4EcId2JDIeOBMuxULGsejYz7EmimNMR/R1ClsaaGW8HaLQ9qsfdjqKKbFiqELQzZF3YbqhTkMAqjslGmuP9FwtMlwNFjWKOkyUlGsjUEYIlQjkelUdNDFIYTol6GfsKLOzoDjsUKMW0h7UPazgVd8VDTiYjNBqVip9R3Q0TyGNcKrj0NE6hp7MGROWy3Z2gpi1DHo0FBUrsRdjSI/CDaiwFgYo8CyOPsX1xIBB9zI9mLstaeORqoMWxOsl6jga6FmRrNQRmi08CdcHTQTE7g0asosTi7aJSYlMj6hjQyKa4EN7HlBe0MLBZSHkZPAlWhBgvRNJnrEoL3klgZpEJu5Kej7TJsYG7IRt4RlpRLgLLKM02BN7M0HdO5MUOCD3DDkaBl7GTshoeCY7nKsjkG0OsSLe2MfY4Y4rbo0DG7JiWsMW7PuI2ETYTorwjFQpJjd4FbeWMcsYhsdQhFodcTpsmM2VTFholOeiVErEIQS0NcrIJZijAn9Cmk9BnISZJL7EkShD0sRM0N1TITx4IL6HV0j0Fp5MmxpKNroOfQxZZc+0UtsnpiUJawxxrY/hhK2RAtmkMGlROZseghkxQ5leTtBJ7MGSpRI1BFsOh3Q+hb0DLBCGyNcIX2SnoetCCJoVOJCOCYR6HhwDpsY2UIWhdIRkROyKMfK/YzGYwYwJZWBLpoKM2odUoY2SGexaqKUSeETuSWCMkoQp9HuQY19D5+hVUHqKnsmgt4Y2Q2N8IU6GCywOWzWPhEPBYHJC3EakKBzFaI0doJPDPsM8HRhC7o/BL0L6mhbI7EhQOoytmSRVYJKRUT0KbFoK8sfoiy0b0OOK3oqIWoM07JWEJM8B/SMgZMrnNh4MWxQJm9sQYCEOsJidIEW0ZuwsoLZvYmt1xUgkfhDio12JHSGDeYiVDZyK/oPYiqI2i3A7FskReUZFbF7C9DtO/E5NMSvpCmj6jIaot0N6MxxNZsUEgkqvQ6gdaRCN6GH2JTLKEdox0Ngxk98DsiitjYFaEDKYPYJIJp1xi4vkoyr0NehNYRmJkOeok0pKQnoYrRDlGRGIgyPRiGYQC4o3kzBAfQ7eey22YjctdCErlHYpX6P17wvNTjMXkfnEbHWL2Ocm8yeh8NGbFJpjc2O0GBSNljDExYKCDApkxbbI4Q3hC2o0uisQzTwX2UZfT42CZnLJTIeiWIR2KhQ9FOj6i/AZeR+ipbG0NJ7EC0MqoMEoeMDy4T4ObYmkp4LslOxJE9xGbQinAojLPDxxa6CGyqHadMz2OzOCvsxab5EvaNkLsMGC4vDE6jUuuFIwCCDUfCV2yMXQdZEO3VEbYzqKssSMN9i9Q16HfoRnxCOhg8ZPWe5jQSbMfCEzkadIoXfRkxShn/RjQ3jVtkezoiK62TsG0wh9AxjUskesGWQy4FQT0YMJ7JLRiHxk2PYcJiCwjEjtD2kBbbEREQrsQXY3NIpuB3hXDIrsaEs8NrLBdbkbrwE6yEsnpHYyBvLhBMzuYj8mMlDCFedobA0ZFPCMW67RUsjNp0KPY1w55KGISIaxlbIEB7Qpb0ZsIVBIF7SO3Bitn2iYWTBqwQnyR0MqoT2Nr4mxtjFfLHAQW6xImR7HA7joWMXYJfRk0NhRgMIYa2IkNcJZHuIfBciYMGdbM8h3fBIGQ6PbyM/UhYNNpbNoNfZmmtCr8B9Roc3keQps/glGn7DHYQX2FdIMkdH6yIaBJM6risSjFhMdjmiTHE9izpvgKj2UEWcjpascaWsSieGxsJZkWMWOyERsZuxZTua1jUdKBwFBB4kpZXB9AO2jdg1eyqUSUyx/UdsdZqiWghsvsP7KFiyIujpAabWS+homyhiY02I0+J7GzAyCQS7lK030NKmnaKdhDVCITcIlLBJnAr2aaxFLY5LJjJbEZBHqGJumdcYGOfsXBIkKXHIMYhl5aW16MBF59jRqFdjsVMMplDm+h2432UVo4Idk9wWoKdCxo30NWB/YUhhekxLC6IhrRPoS7IYaLxpTVcEcCSXXGgGpXshDQgxGYkCyCKqQ/Am4LZWLWxBCBuKyhsPRGQMaEsBmWiKjUFyK4QSt9jN0e0zOAt4SKGbD0NThOeOTxgmKnR8J+UDi5csMnIe6ikCRjRaGFJRFpCarJa4NhGBniYm2RpwcrNw4CxorOFDyRPY0Y9CNodpQyRHhsjbY3di02Z8C9hZYPYx32dxlZggAg8o6sDUsCd7Y16PRFe+hKiywNJN5IbHRbHTWDIa0ZHBkIehyhOJ6CF0uIluuI0k6pdbAncwrZnFNyIeXiDjCzASx0S7IxiLML0gUTeBBohMT9PwphAdJcmBA2pwjTvEkmP8AgVagmG2K82Mk2ZCVldSRooEwMSWToDLYaMPXsJjI34DJlwCGE7HypMRl9CjlwZaM2T7jE2QZHZpMnAkKsQ9mLpMz7BMwcTX3CayxJsNu47ZV6ETDJCbhtCdaY2CTyEvbZg7F6xHoSH0z6Z9UWogvjLVsFH/gliojQD0hU7Y7M7ZiYOwxXLkvUE6QSfQRCHeMJFwaGzZFghfPJkiibIpqE4FxklHtg5RIVt1sT9oyeRsmKFloZBXMDZUQS9jSGmBeomYY+hjLKLLN04CawBLphklTLez/AEJ/+CEOGNijX/uP7He/4Few6k/94G1R0SS0ok9L/RF/+RBGL6CXCJxeDZR+NFw0NQQyRmNJj4V9tEtDlwHKYrKVHRi2XA+MMAjQyQqSK0KCmVBCMUMQ2UOE0Q1iaJrMzpBtnszNM2GIhpbeRN7GW2R2eFkeQkNpMHqlt0Y4EoExZX8NbP6ZZk/pcpuKreE90IIg0QOOEELSCgjpkyLggZRPh+RcFwhIyQguJ5QXLVEGscHRkC1mgrL0N0EhgqzsYCrZcBpvNiwM7DceElQ+gz4Gbn2Z4ysDWBD2JWyXoJPA5qEt54nxRhui+yQq0S5jGPmWv9GVDf0KQab/AECVoRBpriL2QQJGi8QSIQZSg1w+MCQl4Llifivivocpdsa8oYhIWgwiyIJBXQUyMkJL+j5YFohS4Q6aUGi0PLMWYaJkW+GiIJ+4e28mgz6ehkTBRzRk8lpZkV2lEK7DV0/ziRbhGnp/owISQ1wmMZGKjpnjZCTwpR8qENMXiheD4fCXkmNxE2CRjRCYPaYaG7FLg9bCQjNlFUiQj0GdiZhYYIS5xpsTgEoyC0kMHEMzxwf4P2YKMgtDhvThYRV1wXHFREHkbcJCXE5o3xBiJ46KYvFKf0wJlExsU4pSl4fFLxSjeBFqMA4Um6EOJCGiLtGho95Vi8RH2ZoGEQlKXCBiyMQxbHDuxcFqNkSoag9a6P3I54nwYmZAfpj6jErHGhn2amXE8iYJGIWQyjIicTzviYzRdDH24UuRrwxfBOUy+CMQsZYvQ5Fmj4myQ9BGdNwyjlVMpCArbGiuBMAWjYscFNzBIZNwb4ZTE4BFYgJbKqBd6Ptwx4oklPsVGkmElihk6URRBh3g5ci4TKi8XkpSlYmNvwbGgmiWhCGRIxRvgpRcLll4viiDEOTJfmxK1svsZ0zakdiRDETGRi1houEqZcQkoPSBOoWTSN6Me5MvAqO4WncG6ZGJrBRsho0y0W7ZYtQkbhiP/MPjEfAoGxTlfohmvIhrhF4aGNDgSTQ8vA/NKioouC8m+TLgyFVN9CHJNBjGapQaHvAfVoPZGXQ+gihmAcq0mahz4bGOIgkJniIpZYwrOgLEEmOFoww9RuHjC68WcbGyNx6LkonxSlfLD3wlw+GV0ozASfiaPghgNUnDcNeC5YD1cOjYT7JFvbbFDJgjwSQ3BCirRFGBZ4NhDnREORU0Bqa9GiGBeDCG1qHSZXEI3EjFYQ8YvOUuwxGzYhsWeQFoaAmxPA8BxDYTfocW3wnhRPkxMRCDSHypSdQ1R+FHww2Iog4Rw+XsT8GnDJabcGuTALQ6qJ6VZEwdKWRqR8CyHuYro2DI/alv3GzMKEDZNBN4K6RgZgzKYqpMxfY55JbF1NnaGJRBMmsZMaKQkwCeCXiiEBJIJp6uNhi4fglXC4oxRkMfYwQxcoh8Pi+RMuOb5aENybAw7ombyzJdkV8TO12hHYeakK8yFzE4feMxWhlQvQfw2nXJa0PEnkdEYTEvxiMzAKSoi9DexTEXKMNGRQKlwKJOC0MHYzJPY4kNniwCtEYKMTKUTHvjs0VDaMMcJwwtEg3kpUQY3wPXjbKUvEE4QjFm9CHMoJNjmzJS+8WAf0wQz2MzoZxUdhabHthizlcEMteF2w6XLEGIaHXKMJofvC1SHCDO4Geyot6cFZSkgiPhoTIciTWYBoUamLFpihZCyELRUiSDfCEQSJl4wODgxGgzvG2NPhWjpiKIaGjLzfMFgzfCg/6gyujLJaYwmg3Qi2Qv8RtnDBF5IsvWShaRJp8bx8D0JGhZWRsEKdGQdTM2piwsjAstcFF4nL4ZsItGPVIgoINk1M0MHgwcazG4LIkMQTE/IQwELkRBZNNTQYY1GNBccNxJip8LwnNOMbFns2mhAqilmSrAMUOGZEJgarElReBMMhuP/9oADAMBAAIAAwAAABDO7UMS029uqevu5OJOwTX1/ESkg0P1TfDQf79eP/FhHf7M5krEeaGEu87bIaY5bNNfXHuQGgyBV02zcadOf0dmoIjuKnwc0KiDAjHPKaKYEQjyoGtbskZ37lIC2e8ke9kW/HT+vdlzxeviPO7YaKJNpLWnBtPH1WCs/Uetqe9UktNUE1MIJfM7DLCFICg9v9uYpMLf9PnQ4XPa5X15sSoNsutdv1s4rFf9nlutMD68AvZOjXG9sfaCoCvdnV1/FUiW2/c7uMfklKAtdJd9uLOKRcAEHCxlgTpWjmMg4Pd/cHt1W8Hfn1tvGtMjPcUgVtPpKyN8c9t91Ut8ZWUeW6m2hSeqM0+JxfNcfOWxi6ffv/FEOazoJl8OnmL+UoFhiRoI3+fJHu89dawOQstHUSxjitt9FdUXTS32qTU++poSTK2JW1l2/Ko0J4M2vrBTddXanexA8cdUeVURLRUgbrFpScxAJKiEU9Sub5KDE2WiHN9+5YfO0nfdMEdlF/5laDTpM4ZzjpLSfoCUEJI1obl4cXKln0KRUTv/ALTr/Lz5fH/PKqMQTs67OWstyHEK/wAxv55T7P2rWuD+R06lR5/e37mkKY1nbUoKhkNbdqsDvh44cRA9S+FWIGo2HiUV0UT+2b63y8VN9qoHYRQqLaSMwcNbsdAdT158AqELQ8kz4V+cax+ScWS35vcUuILfhWjUYhw4T3AkkjzQ/Z10rrrH7Ty2f37077Xbc72ouMCnW8UboCPREGU0fGx9rwdwRU1VZF4ybGPeVT9U+E98eMdnJu9/EcFpgAUXfAWARaD+Z2RlXtSdVc81e2SAWi25y5IZy2ez12S6n9tnn/kYUflJ8PsiZ2HhSqCBoaUVrT4e+4578PWTnW37+TH33C+bSnAax0/Yy9+K+9FXaiAAmxvRW1x678lYMkoQw/YLPHawMs/57edP/VjymQGh6n8rLvf3e/7h9006ltQBPdT/AJig7n0HE/NsPdVt9YY206gVnm/9ZyHA7eZ8fN/kbNPFgTAkK+5Gi+bSJboAQaJOaLpFX7J688sXHZ5WvNQw7gb1Gbs/h+cIzYVrt5BnxH6Dk0UxWDuCaBWH23Fn239cxib5403bUNnsw0/nGtjEdJ6McNTgvwy3/Ef31nlxZENaOW8GUJCKALtHqpHT23631yKPi0u+NMZVI9XhdVctEs5CFMykZM9xXDdPAzX24F6a78B/km930q4XKTnjRT79P8OfhEa9xdMBRhxSPmcq2OyiULZVxhMG4OC0YOViMotKFcv/ANKtkBvOYpA/wWIPxWQfF1EHbu2+3ggFBsLguXeGIquqeFTNldgX452vB/CmgeVCn/hDsqwSRZn3cV9x5MlBqdkM8gf3xJiEcVt6qvfT+gkCHB+TzS1fZEk3B9jldNN/lVjDJDBnq/1+YYpvLmgn68tqQwe5r1r1Pqmo6Z2GWAtjQnBt5VhdufFG4zMsiOoZrVA819Uwitf1n5rL9QJ8nabgIuYoNFuwGG3JpDOAb8ruva5K/O9mYkiYq87dFFhv45IgFME8dnwCvNhufbd/No0guJkfaZpWN8Euc/edqxgMocNhF1MZ6EJ7lWC6W4pRxRXElsIbXUJAVfEQzOpGaCS21Dv51CkeP3zmdvzTPzF2p1YBIgFdvpomXLN2kUWq9ga6Sa/HTxQEx+rfEQ8Ajfrz9jtoznGESEcHY6lVI62so6agq0qqaohBdpAJKKCnJlbPAnLtXt18py/hHhlofbQIrv00IAWf5NHuLqx/XO+Io+Vt55D3jh8Np7SQXljVazy+/CGX79k62ss1L+KFhLmKfwZyKqNXRgcKnUrspVZlDhRmlxfila/+SIe0Ps/h/Lro/wC/EbvDcKg4Zywk5JGl+TV1zrh8CXfNTS0tokOusRvqtDDz1x7+6JMI6O9fj4ysUWa2hqW7ibIvCyRFGpuN9pjjtl2yrulK511VUb/O5hirp03FL/mjCceb6IIWELUR3eH7aFFauEo9fb9AS3zcWBW/KwwETF+squN5dDgFa4UcDQO4bm6wTqlZ8tETZa/FZ3SSYeEqsUMhAHwhtB9mt0HfMaTfG7RaSFPZ/YnBG4T4oku35VUnVIO4is6jkJK0ehEJVJQd/WKcGAja9CY6bebhVimrBy2BUR0guxSAJKDO957hHME6DYl5YJPPfQ5DvbCp/I51y/Sx5GRzRGFvCOkpMBd3r2hk0VZLs+ny2hZQKJbQVRwRabubwVcaMmY6rb5Rrm99GYQc/q4ZOK/npXdfHUaNPTaR9XYeD2V5fyogQOLSUanmbzVEs24bJ333wg/YYg43fAPY3ffQP334XoXPQvHYP3QX4P4fXPPQwnn/AP/EAB0RAAMBAQEBAQEBAAAAAAAAAAABERAgMDEhQUD/2gAIAQMBAT8QQxeaGLpix9rweTViGJelFsJj8YTH4N6sXssovKE/yXUMnE259PhXty+17usWoYuXwh8p4sWP/Iii5mNjLtLR61xRPyvF8Zw+lrFiXcLj8L3R6uEMvikTxYv9CH4InqvecwS1+C1j18LzQ/BZCei4eLlY+nlL4oYj8FCl8UQWQhOVlxLZ6rENCRCeKKUpS9tlF2iedWo+jXD5pdRS8UaELH7ohNYmhk8rk6Q8WX3XLFyh8rF2uZ6TViyYhj5usTGLGTwQ3k193UMRPV+yHr5XaxPqZFxBD4o2XwvjR+Ey8tcsWzqlz+CITWIfC8UMXLxDydQfgun6rFr4RMuIfD4hNWvudo/vV4WQghky9fzt+DQl5wnbRCEL22Lp+Kfki9Q+bRPFy8SJ6Lbs5RMpcouWhLt8fna4S5SH86vDJ2unq9KXUQff3yWraXhDZb5TKfRIbGLpIfD5WrYTliL3OVr+C6pfCE183i8SCGTtIePhcryfs3xCE1C5hNvd6ZB/OHykLJ1+8Uv+Fa2PYJE6WImPil/xTid3xnhBDQ1w/nkmXaXudUpSl7omN4xDyEJ4MoikxDYubC9JDP5jxH5iYxDQkT1SPwpcSGhei4eQhNQ2I+kJ5sR+YkNMSGsfrfNDfrCH8ExlaE2fuTleF249W31mUQ2Mm3J5Ut4XE1ISJ2hkEXVqeXbk4nEyl2EEPhPh7OIXHx8L3BEH4pYmf0bFtLjxrE+KQQxDF4Up8KUosutiZT6JDWJjL3OVwmMXFLxer0hZ9HjIIj6Yh8vVj8L3cerKNlKN0Tx/6p6ITJxPwnpCathOni8VwhvWy+ay6vJi8VkJsJ+CGIYnwif4UNiJs5SJiGKDS1Dxi2CPo/8AH+9wWfSDIt/gh4xD5P6Lv+CHwx9fwXDEPT1Z/8QAHREAAwEBAQADAQAAAAAAAAAAAAERECAwITFAQf/aAAgBAgEBPxC/ifpRi7QxCHy8fpCMbH1k7o9XCLio8Qy4vaCEJwNdzXzBIaFkykF4XiYkQRBD1ohCDfU2CJlEthNf3yh9JaufgZCEIQYuryu189whMJC1eNxoaF0kTEQm3hLGPiCRCE7fCxiyDUybMXbFt8F73hn2NQT5XD7axEyal22Nl7Q1jEMg8Xq9eMQli6Y8TLytePHi8l0xDFxOXqEPhDExiHqxeK6+T5GLpriERRPC1D4cPgWT8FKMRcQ8fYiGsTxctC/NNWvIIpdfi9RCdvxZSkFzOJwsvTRCC2eqHlLi8GLWxPweX8DxjfC1Dy8tjExPWuaTKXFqy+D4QvBb9jJi1fneXaLKN62LGIeQpMvSY+IT0hOF0xYxYuYuP6N4hi9Gh0XKWIZRYxrGxPFy2LWLlvV+J4mXGQbRconrZ98MQvsmPaLwYuEPEUeJlyDRBERDz7QsWsWLFs9mIe0Q9QhvHkgywQkNCFiGLm+iEvkZdq1i1DPjaU+xbR6xZMpOV4fI2feSkXBankIPo8ZcYurBfPC6hBoS2l6/osY1iQlr2ZBLp/IuEPHxT6LcSGterFxCF1ohMRZ2/gXyP4LRfPixdMYlk7XUxi4eMQ/OYhl26kQnUnEPrbcRceUkyfghBInN82T3nKx6tu0vo8pX0sfCy9vUhrJrEP0fo2Ioh/ghPCDRMerbiZRbOkP1pfC8taspRMhP1wnMxiGQguEP895oh8XUPLq1i9UPwm3hi8kiE1i9GIfVy9vxZRPU/J8tfhnC5aEuJ5Pl9XJzeb1CEFxSl2cTzfc/Eh5Bed6mfWp93mdru9XtcPV4JbBoSIQmwnc6nUEPVwkTYQnd6fHwQfDYmXwWMWwReKUv4Vr80Qngi+q15dRS8vtFKMWsXmuaXiExD4fLFlyeDEvFEIQhCYy8wmI++FvwTzTL4LaUu/YkXKUpeH9H9jF+FZ/PH+Yhix/fDxZ//8QAJhABAQEBAQACAwEBAQADAQEBAQARITFBURBhcYGRoSCxwdHh8P/aAAgBAQABPxCnyzkCXbsubIsjIJILOyTKWQ/AOT/V/n4CD8dv8jfr8ZslkBbZyF+uR2yywkRgLD8CSCcsYJDJjJ82nzPn6gPmQz2OM9s38f0s5nkLPZPuA38MFvGZxYgc3J1+Hpe+k+y7fMFpuJPuwnG45eRiSNy9sNEwUkGSDlhsYMA2FyzbLbbLB/GQXjDke2dj3c8kRxt2xgZ6+XT4jZ/sBnfw5Qc/VmeXVyT8B9wd5Z2f5Y/Uwc9kYLJhbJ0ksLKcgxnREQfM8+rdewH7kL1sAW6+fjA3FkSgzs6XHBZ8Fr1uXLH5LBLm8jTwjXzDPmxfm2tsON90GeQw6xpZ2EHEftBn4ZsdyA2dsEDZIJOQb+AXFlmRGbZnzDnxfMuOyb5CPbIHYOyI3W7fMGxiHN+IPpY+qZHGsJ4QaQd9s/cH7nnzB+44efgviZsh5NkLp/8AAwsJ55eyfEYmCDbNt2ePbPjZH3YPFvobD6wY+5O6F8/UcMHNg5BHvZ68v/becgeaZDrIOJMgvYryCBthYs/AaWcggmHspuRmXNmCyixYT+AF6Q9n/wD7LQ+7FOas/QfJlW4/E2WR8gS/39ibR6N5HgnrQh/Yp1GL0LO4/wDl84Zl8B0kNs/V/kc+PyHzHZ4vUknbmykMtnb4luN8eWb8Xl83rZ2IgmPo+bz5kBIgDqWD8QaYSYzq/N90n6y8QQn4/B6cLXcyzOkKnGU/Ng4OJYvIU9i+fxllkQ/J2zL5t55ZvbPwBTsYTkhch3Lo9I8+i9YxKldh81GWreG2qRfsh63RTEKHpPu/cv6tt94eQT9KRs4C+C+JHYtjKv03E5wg7+EgLD8Ny3fLvzMT7clNtJby9ssJtk38B2IOWSPfwPbhjH2OP6/CJ3dPLScnHxCSO2/GV3JRL8w/F/V7x0javPwG+zixiB2d+rGdIPq8/DzJ55DzsRry78wFgSvHC5mpAfWR+B+9cy6tTkFTB+llxPg7NmD+AyNJ0r8toZmzh7A+J34tU6w+0znPz9zcH9BFGg4j4g6dH3CP6sy/279X9TuR52f1byZ9mDbJ25JrHzdg32Qnb48u/E/i+mQ/ZLqXZ85H3kN+J/TJPyX+Qt8F+06e8s+Bnv2/uTCAkoeXU7OfUW7EGkc8k3fmJ7+Ty29Y4z1g5JdeRBtmS6xbeJWw/wAkCv8AyF+j62PgSLsO/VS5Lrum/Nj42xTNjflJ9wNteuSri0/gmXspCIHfRjDjXjKA+vSJ4b3XLPo/QIrhkMhPqXkeWJ/Vlxe3SP3M8g7AY2Qcmyz92P3dg+c/GNcvfk++SNr7lSY288nVlGmDPizu5I/V/EIkIHiTfY5IbHv+R5cESc/GX6v6sjWHbbN/Gz+DE63nl77AWWXhy/aR8iIEZ4iZs3ety6cZby4IeyciZGIBgdFh8GALFtRpYmMIByesJE0dSWIef+SB6YtQJD0rowRM+kxsRjSEej7Bnx/2BNKfrLY/D38Ht8/hIH5v/uxh+7lyfbD5tIe/q9uFaY5k69vHLrOSHywZ2dXyD6nD83MtLyF82CfxFk8f8vEnImG2ZZtifMce2lyzY5OJJHPZB8svPL+3Ifx57Df5E65bIGl8CxHj23vmEnYaRRx5a0DFk4GR9sHgupwQl9goNib9WBfEdmbVfMicHM+V2TS6gyMjFH5+bRRpkeMSEvRkNrHmanjbZPmOsOwF8z+NCHXy39XGwnl8xi3fibML0264n2XPbY5CJkx4vFmfH4f5JpJ6yGsOLDLX8GQ6/k5P0IP1Y+pZ5bHOL1sdiYTZyfqfI47DJ9i8uMg98uA/pOiYaCxufe4qD/pIDy0SSitfVZO287HuQZ/BVfGVe9y7PqxA/l3Xyzv1Nn4PBjp72TvYfN9/AsGxfORgX4nm/uRV7NkPJIn7hyaJ8kIMvxvL3B89khLn3rU/svfL929m7GZYTjZf2dT0ufMZMO3C9j3y95HWzGt10njsB5CLds5MQyAyZAR38gTMh0iG0HPxv7uvmGfuxhjYL+M/dkF3YJIzC68jPvtj8kkv0xChnVmX/m9gtMe1tx+sb1EiGbPQG/M7rif2PtASGADcTc/UgeIIku1/Vt3sry5b4fYAJ0xI1+NbJSmzAm53Ic+yw0+9mxZiZevJfDZD4bD7oyuiSHwv8vhHX5gPXen1AnZ9+yMM88v/AFPlsfg5Iy5HeSZ5MDIb5Cf5D+7Spt9sTlgfNut0+LN9s2A4zZG2IWbD4swv1CcuQ7Y3z8C/q/UkGzt/UcbNm8I/CmRl/uSGfIfdozwPXlgifrYKG/o2U5PPtLns/ZuOinFx/wD0l1eDj2Qqqn1bu7tru7s7GhJzC1zcLR5b3YJ3bZYhwAEfm2Q4STpFF34mdrGjkyB8yXeTyHZF7MznX+z+AWDnzE4LP3H1ZQbCZC97y8BzM2RPPJezkE8/G5M+Y85+E+/wTv4O+3Ni7yTsY9bCBst4Ts78ya6M78QNjtne2B5B8/jTYGeON+lx3cB+M1/A5etl42kdZxOQWYbGNlvfGQ7oeSAdefaXmJ8p2tfa7yri0YhymNeWqs8bwtc6GwMzOxz0ID5J9bYh29LE/sOTTnlit9PY/nbt5B3z/k3o/wBlh92xI6Xy0u/9l7IxjIP7IGhf02xU/oj1x9RmO/syRoi58tj4n7M5eRs72Xrvn1AEUaE9xwbYJxs722/s3j2TYPh+PfbhYJ32NPqOrYbIPLV3ZgI9k7Z+2c87GHLzy3+xuRjxkLdsMgG5kFvwlsDiyONj8H4HPwPbeWbI57FgmcEF46eSshPRes+/Cx8Y8o+BjZl+inqS5zYyN2Q+IEf1GVv4lnEnV5mU/WXtr42Dp2NO52fFlfiIgL/SAlfxNhrPuH7tyl6/rlztZ8ucmXUwPiz2fJex39pC0P2ywP0A2ZM9tsmkels8gvr+AP8AU42/DjOzq52AHVN58Sa+9+5MjywzsH0sLAs+bEgvkHI2Pfw8M8W4kl0g2YMvUex7Jvk8R52+Y8n2yV+ARccj8av8jsHxZsFxaXPu5f8AkDh6XbFMMEXVO8yGjG4BkUbnGeWpgj6iX40LrrOQ7mxbjtkrfDnkR0Mnfb6rPv6vJ7di/wDLUM6aZeYf5goCn6sNkf5aDgf5Og4gNHj4Li657ka9d+5Hm+Tunkq0H+knS/rZ9Hn6jA/c6eFwdGOnYO8YMz+xm0B+7AX7qwQwm8t55F/k89iA/l8+w/H4Zy/y8uz1bQR+4Ebn4H9SbDnk9Qx9/Cc5+JgwPibskS7xkQMtjsZfMP1H4Ng2Yzu8NlX8FozejY8GgZlskig/qMvy6GTersvzbOdeCGgke8JiNn5O3WnzLP7aPbM5ZTXfJSEn8gRRiIJThGgTQobz2xA7I2nIkDh5ZPLfDJQ9lsI8gjkb05KfMjOGXpanzkvhKT8MnB5LmPsfkvExYm4edPhsks5C4I/SVzhdPi7vl48kh+I63XJwyGQdwgvI+Umwz2cyD9/ghsbB7+E/GRNxPIfv8cSD8HGyd20+wt9k5fohVOGxBaBAP7N9gbaYkn1k5ZOBB3nl32yxukwuqfUNQslPo2CdZFuZYXIgeyc4R9EEEAEZB5YfiGci5GD+sH72GAtz9FzWPCcyB5ySG39ytJkIAwQHJhTzX5jMZr6nPgSTggHlw8nfiKPPurLcmfiXFsb5PRsn+79WZ+Hcg5N2NX8aWdvVvNhL24Q47Pbc9jY5qQ/28+J44TvsGQbrdy/c27P9h32D4WfdhthkGMwXzF83x7Y/drD+ot5GZIEddL+227p5eY9lOnmXDl8yyu2uTDsfMmpAH2TvjOnjag9ZB3mxanQ+oAgl9GSH248jnzDp7GR8lh9QWpl6XsCjCEHH4S7BasXJkYT5u4voySyoWMP7cfRJ+rCcsfYVTPSXauKtiHuIU63j+UP3KR24TbERk3S0kesGWGXjkG+3SGZeeXry1+Et/UPs/V82GwtjIwGXLDdufj58jv4JBMtsvr2SI6HxBS5df+w7rw/t0SAQMcPt10uNfMqnsCfM7k+xni2n12O8bTpCDysHZ5svhPzkci68Z8gJ5ZfmT6ZZJmZ8W9Z7d2OSQLU4J4Rf6fqOdI/c/wB/7C1eweHJfJtzyXfxrI0cez/SzxfD5gRkDxuwawYyXxf2CzvtnfYEDOWx9hdt3y/a+eF/kuchN7Y7yOF3fw7AlkAiR32yrSHEEllmM/y8/CxJ27JZ7dTkIbIXTJ6ryi2+eQpufB+59BmsIs9S5LyfLxIJfrgNZcIXxHNgRwTPZA6FhtiezDzyNX9XXzeocg/NwcZmmNrYImoR9soN/d0dot2OYORacT+WFunxjKfjYL22K9ghaxmSTR9LD75LzkLL9fjIGzvZ6gm6jhHPwe+TsD+HL15Zhs3x+F7lj+ENvxBeXIgmWmTbb29ZE8s+4svOQR2DOm/qIkDr2ON0wtIjBHL0n4m8/HLP4Ntm2l87bDligtQOQHgwACXNsFMmGvIuLsvEPm0I5IJ3Ibt6qWkFyd44/Vu5z+JD6H6l5P7wWg/WCKt2euT2JN0t/F8vuSmYtBigAWGEY6sDy+OTofhgvm5aXZPYHbNfZ34Y2V2X8FabCfgNntg9sfE63EBl5dO+F/khCzJviHPS9sh5ZthMZaW4HW5GOESoeA2bVsJaPsY5ljXYMt/JrEOC0WIIA+7sHxNgYwfEbZC6Ed0cthMuS/VwyOR05D7vnjLHs10bwA+p2Bf5PnO78yg50lEQf5LwM/t1x+L45GnzD3thdJm8HEhPuIRjOtvrQ0sH9XA326PI87LETm2FgQfuPsHeyM9ljby1+b5nCekOwuz+GS7Hkm8kZceP4aTnfL2dFo/GQ2xb22HfnLHH35Z1M7k3f8MHAX6fVt8HweMwhj04WwHfk+SQOPtkQwd2yOsN4fMxb8wmC+ce3nFnQl4E2mPJgGMLIyPuz93DxtZxjX1/As5PnZcJNKf1yU/sstUEQxtRIUwnpx5JvI35/DOcj9+/gF3eE9xitGAy082aPWfIy+IIPyHJ7eEvb5t5GMieX7TE5K7n4BsheXBYO3kmyJDjYW6f8ly2Jt/GTyG5NpcO/Fjs6k3Jl0YcGKkpeDmyYFSPcY9uGxOHpzf3c3jKQ0j2zx82xZCIhzbN5EOOQP6YfJyUnynBmYg9HkQ+wjeuh/t1gyzccWHsN/ZATQ/2R4FsactHxyYCQCzme5Nih8ifuwnl0Rxg19hfxzIuZ1/V5B7JOmXer7CteNA9tFeOl4mN3+8chz8e/j2bOwGdlqnhdTyx8z+p4GeSs+x2ztwet75Z93Piz8FT8DidVFlm2ZGbJK2ZmWQgib9RlR44xEyivHkkUExDuiJ3/bDDrrC8010/v412WEoRtjvlsuWy83/cLFkqBki66WM3HvlvCOeSJWZIQzQDCZuv1bhvfDtsz/q8lrx8gL/xgAWkA8tnnTYxx2fAB3k4HiBztgxqHBtnINmfUqWR4CxxLp40hi4GJoyg+lEtZXEb3Px2WYjv4SfJZZPtzs8iJo4yQy4b45dJNkyMlNgGCDCSz9yfH2L6/GGENY4v5HDYdsPuck7G3c8t+yR+FsdXbsRnIeumq3iQCLLiVx/sebNnT6tPcWI+IU6v2/uFfZsgb7Ei44t73W5De4QiYD9yca6xIm9uvUYwHIPQLEjT52aHHz2WP/JjWZ/WW7j9rMe082GQX+SAaibzh+rVN3LMB/dl9xDwtqSn1YGCeEfuJ95IQ1zGB0xrB5z4m8w3ElIcWbNjNr+0nfzF82ealT/Jku6oDF8/BP4O/hkkikLy3PI1+YIbueX9GTsaLyUeXvYDLqQH2P7K51upxvrkJOt+pYbbse9g+pGNu/dn23EsQeZAD7gkwsz5RhhX2nU1OHhAk6HO/ENLu+JZC8U2J1t1tLsQJ9kIQNCXPjPkGZA27/LuPkr4m/UzMVwWRYCtk8yH6sUcfqHIx/YExB/Z7hB9Xjv88kIOCEwdW7I9k7gXgbjT0EnC/qszh4wCM0tpxycojCujEyz4f8syDf5fBF8LgqiB/l9fH2BRBhbeXI5+HWS+Ie2QLUaWydE6scOyc5Z+CdkGAG3Et5y+Dbex7/kDnkkfu6eSmFbptzcvpJyTcwuXv/kxKVrtw3QeRPXrsQZ/9mYRBkRzNtBTRB9geHp83U7J38cMGOXhLYk8YQtlZZfXCHD6u4r8R9pv9t1rH4uh8QvBIn0ROo/l7+L/AHwsLlbhk+Qu7r/+TO68e8hXtfoNyBl8HZAff7ae+Rxj3YO7KN1SwtNiHHIcTfiyjoE5YWkDl8mKSdcewRD8Yx8zpCUD35tch1cJRqHhZN49k/Dxb+HdjY2WOTY5sneQr+D92Tv6t+7vwcsd7Ywff4A3xkfqdg4bcsa/lrB/GqyXls+z+F8nzMzmG7FrCmH/AGEcBLAzxuzBnHY8vd6Pu4+j/VADdThIHjYYBDMeLC63ZTlp1bcXy5wvl7GuvboEV+L1wZXp/cnWlsTgZc06ig8tvPl8IujbNA7A4mW5epFOxu85C/6hdm8LJ5aQBP1sKJrk7jV9/wAsmSEOmnkCcnwfiVvD6p1imSftjqaBIRxKLxETLvStr6U2fI9tWQx3v5Qzs+v/AMSc+Y/a/lveyix7YMs+Sw8z8Ovm36v/ACW8QbIfEZMfxl1Ownz7KbfeWucwbYV02+Sl795AYgHxLVuxHAj5AfCEMYg3luM2B2zcYgTJLh5Pr1j7nLAtR23CuR0GRekcZ4H1KkGn6nwu/OSKfUSAdkzEWqphyMJYbBFdjmBmWx4T3yH3AZyGRZuSP+x5TeTMB8rRYx3JzHH6kcbv6mZAfGWhYQxdtB6/GwX7iNbC3BLhPpYYH1b+r45Zvv5F/Dp/Lo5N1A+SGVz/AODOwG+/j1Mv1ZpZ+5Ijy0Cz5lWccvE2p9hIu9yB82G/jmDctQAbGZ6kb+pzMPLmuEhj1wtYeClhM5IQW5+YSV3loYWx2SThH+lyHl9/MQzzIxBzIbQxsZOPZfLOYH3ARP8ACeyuPuWrdHPEnxs3EsAjsNyDI8h2XGQObyJwNXb4yLKTuic939Qnxni63IUeg9vP4/MQB5cgGMijw3Dvpa+4c6/hj2+Yey3jloru+QdhZl8H4fZw+JD25e/g4eQmWcs5L4htX/g/D6n8h9xmz7yx+IdceW4R3tl185DhLvkHmyjAqFmWRf8A3YgW04Cl5EMKyPSRv5uOxfCeHl9gLQx3fjJ5Fx/cB+kNetl8NSGfpGnkS47kUr/iGtEBLsRciLjCS3LYOyW6fYs9uZ7aJANnhdl9l4pL2VQhOWBvRgRz+ieSn/5pbaA+DySgb5LGSnl7A1+rpMWyB07v/ljPLeeQ6z+1mWu3zsdhl3HS9t5+4fuZd8nCdvffwSOefh8j2Qy7shlmJLeufV47KSRfEfuBeuRjy8dmEjlsmt4gN5Bkwa+2BB840Ovvlt3EBskSZ3DPiduLI07EjtjlL9yvytcf6/Ue4r2JNcmd8WU3xah9T75fGIunT3L9nrLXET9TIf8AmxnnH6uIMPO22d/McyS+SMngW3XkI679QBcTGWD3kjJo6b82Cid+bQ+Q/kCbA7jEAc4R8Pts/X4hzvOQsMuGOzBrfORgXVGuWPzeMsfhxO0fwCOy7+VJT4np+A3EuWzkpNuE7H7ufjYBkb+ELJG6HWwYX9mza/8AFG7qfHd/hcojTMf5MYHdmEGYPP5LrgwUekKvDI/C2+QvguJ3GDtxB0/Nv+Q2GOlyb9RgQBgYXROSah/y15ZFyLluZAGsSHe2j7G42ClueX23HZdZHwbyIXRrdTTmZbsCbloNiEZzJVFIr/ZkWLhrZo7jS69/lxd+oX6/DbBtnGPX5jVodgD4jPqNdC13vxKM7/kc9jGwJSMz9xJryRJdDYS9fyUsHLv1ZZEx7fMn7jPwLT4QiBl0ML+yPgv8uSB+rgg3PiU+o3l3kBnbwvR+Lsd2w9gac4MEOIRpY3O3As+W8mOsgLkKXL6/M3DbvxCZL9RNntqoyHjBjj2BoXL5vsFa7dvm00Nw6yD5tHd/EzG/zFhhMNb0ANgEzOZZRzfMe3SRchd25zXg8bqCgbFn3L9fj2fxqzkSe2FuSaeRu55Gj0lfdo87d+2B8yfiBfYJG/z8bDnX8WiXZH/CMSclL+NLTZRJYfw5PkbOxtr9SuPOXAQ6S8eVG2ZObDsAZpKmq/uDFnwPSGF78OYyRh+yHOnIFuSPFhOXKctGdfiwnOS9W/gHIH4n9Z76R/C3Rx1yWYIeFtDSO3+Wzo42AfEv3EYwWZQ4ewnetg6eQBWH1ucA4iYUv2sp7yPWfPbcljvk/u0gvi8SdRuxuR1viemQZ3Za8gkhly69bH3Y+7PwSyPfw/8AFZ5BfpEgpeOXTtw9uWWSXxH7tPi/t56z3g9hyEQbYL0OS0hsxXC9Rvy/4WQpzBfMhNlbgId+ROg7jcIbP5S7q04vGBw+LeamED5j4G3kN8ZOjs7+LfbNfu1QNzI5yTck/Ug3BaI+bq5cy+1kyOQUXbGqAPVjK8mHy05WV278zxyYD6n25B+CyUZDeW8tk5cr8CmQOXrtghp+oAcldjvthOQfRP8ALI8/BtB7OPk+X6hmOp+pF+bpKw+5m9LKZkm3on2GfxnLnyWr4nPqczhBoPiJ35nVtA9W3F4Zcrd4fiXlk4e3fSNfAyu4Pstli2l0ASuGYwHfcggZC+TryI92DmxpnzaXYDHTyDvkPokfEDLLnBBhDEuQIenLYvBy3KvhGdGdMHPJslm9i76CIOI7koeWD19/AyQQTHtmH4Fvi12DnbQtJCXmDGbJ21eSPxLseWC9kAyWtiXv8JQZz0nOfEn1ZvzLnvZds7rfO7Ls+3k/g7PLZ1tS+tskfQ9g2sS2Pz4Z7aPt4PzIIezXsX3vo6ToT0GQGel1g+Vn7gpDyyHSKN7liMm5uth5iybjZYwy26WBrMi1AZjyDkmw7sUeStuxwjtkjHJuH0t0ieR7vjYjQ/tyetsSNMxvmYeWGcL58s2y+L5mIO7aJkfveknNjzrc+ttPi0PLUH5/Cu8v/u3efhx5Gxj829l5EVW+h8R0HGl79J1k4fVuXzeuQzZ+N/CcifbLyXnfJBR8ZZA4B3/kBNoT4ux+IHj/ACBYcs/5BpEfu4hCB/q9hGsdBXY4+zOl762bZP2yOQ8tQc/dpgPnSxRP9qTiSPCP0Cfd6C21dv5aIzGNhLmcexHko5bRy0K0ELsfL4TVn8nmvz8xkO29PmDwQYW8viXkeT/Ycm6wh5Ysz2nxOiAL17OPzP0ZPts/d5cdv0WayS/Ua3bELW+YYufxPUMeBsCOweG3Uc+bOQH4O2NjbM3kWfgmdf1cTPdsrRw/9tNHhX/JywAY0c40jm5gtjmukGEfTCBHx/Yw9f8ALr2ExydGPJs3SVYJ+2cgHmPi3nh16ZED94EZanuMf2B8QNhvmJckLNszl5vhtMiWdsI08l521FBdjAfWwfitTBIcvImLHM+7XJfcm28v8gzyfbi9uQfVx1PJzD7lYUmQ17ceWQr5vJ73CB38ZjKXiy/LOLl83Q200P2LtEQMajcFlD+HkTZn38fH4b2bz8FkrM6f9veVCcLbmE5y36gOszh9Vx0YND8t5osxI3s2wsgJIZ4fSXZxhJjvNTZTAfk/UKEP7k4OfcZrDFr1Ae7FuMwG9vollP8A4DhMyTxaEZZxPVth2Vw/7Gdi7uIhukC6Y+oMufjewyWGQDHPJj3PUQ9TPwdJJeclBsvxI6+bW12PIRcI99l2zbDfY4rLoxOwX7CfgTl14TyIYk5DbPse2RZN89g24w8mD1YzV7kf+zc9Rnl8PxvxBOcM6w3e+/8A/CIrHwb4LfUeevnL0AJWO7smzg9lfq/rLtALHaIDa/tYytyH4cvOjkZZL9OfMN1xs/GGmT7Ln54S8iHyEPbtr5C98kCFd/kZYwa/7ZE5jhDoZy9bv4apfF8SKwJPeW7dHkez6GyKp2F67Zp7+Gg8tJqvhlSvn2HluwvzL+7T/ZXINsz8A7aVjY1GCQG7trvIOwfgBckLCPPybeXy/HxE+XzKEwwPxvbjAvTsgCt8XfQQU9zlyJDP1ifs9Ztvz8pMmYGYfH3J++RMF+sWUNfrG6/uxnd7E+4PrOy3+8m30sTx8QAH+XYd7fLdAQbL8Af7HZT9bCn02NjMJjyO9l7ZMjYEO2frIYfcnIQ+icPS9Ir3HOyEg+2Gcg5JfH4P3JAsdg/U4tZzI6cgCXPY/u/6l/U7+OJbkthAz9z7PJipRHqVIhnpMYFswIrZfDLJMA+o9jUmWqWOztj8fEeSWXjJXf7pNOkd8R4gHZEG7B9JUB3g8g8p3I3JD7MHRsP9lA6WZgQ5ydIAuvuMer1kerfJDRs3I2yxOyjh/jLqb/1MZpz9z7p4x+gSqT8tmAfjIEFPyRQOfNgI8yE38WFkoBdRHN5fXacG/EcPyhjk2+IeXxeH4yzsEOWv1d+YeyY3D4vYcZdfqXnJ77ZP4YZBYQctn4QZBtvzO2mwe5DNPoblWk26xaQC82AD5Ey18XXt5ar+APz8T5+Ht4d7HoIfuNWBjsCU79BsOGuPWpUYnXgWKb484sqNXdv45dfIPs2OHjqD2d8rEb/mx7kSDso+FSLEnfAP+2wWvvljfpDsW2n5Q7/BhbHhsoXGwZEYnxCvY1Dc1gnZM/8AtEtmuc/GEG/MITMfIHKB2fIdLYn2Js7HkJa+JrW23JVPYJ7ctA6XXkdsn3JMmOPZ+jHLdsySVOnxZMHLbmPjI8UH4CNN0tCMf1Z4gGxAHRtrV+Ib1jps7Bl8QXxfPLPv8JJ+Q9L5Zy+jI3c7YA+L+efgYwdOPE+7rCegPLZPg5BM7ICpMv1d+RsPPuMhrtHxFYg/UHABhJrO69IJ+DYuOMi9eWTNnWCObLmcbdUZ9THaeTVt3exjHhJhsC9n8Ntgib1y8Oz27O3x2El7y+bLJWVe2GnbFviFvIpG/F0jY97H6Yex28ZkmfMsIdIuaMxyZ7b/AHjbfq/5iT1nD6hqvPiWsdE4dP2lrjywj2yd2D8Z+f8AbLySC8ey/q3eJDhh2NLTmQ8yy47bz9w+XE7DtaqXAYK65MQuQORbcHB9ZbM9s5HJAH/tl10tKdnXLt26eXcZlgbsATOmQ/8Ay3TAe7Lrh87ZGP4EPIfBvGy1TEcfw2SPVln7nbHI9jdmEj8IGzh/br21dlzyElJN/Cc3bXq9Xnt8ey3xGjGng9tro+ctCumFHywMB8uej/U8+RztqQPIHdF+1OymyNlJxjDyNs/cGT+CRg+5ct18mEfnGx/Dmw5zlihXhZfj0bYBu3K3H7yUO8nAYhO6EIANMbbYaezbC+p+pFWNS+HZW8Mkeo8g/IbMAJQbNsPzL+fIhuTdLryOe/h1L+NRsQksvEx4gbZluky55ZtmT5YsGCW+Wd7PfLITZ+8vaZzls5KmJk5MEvJRIKYnL9zxDfDtxAbLsdCyLxgv4nyH9W6fjGeEdNui1G1Wb2ZlrBBs8gjqXlpPficTIWAwxIkANB8R53CydInQL5LP5NZ0x8zkqdMYtZKhplkjdR7GuhcIwVCFrwn2GvNlPeCw9jKGMJxuHEhTyVguj5M0W+R+7Hzc/C27el0h5bt3LxszxYPZfi8fkcy5fMHYdv5L9275G33cn1x8Mm6JvNlXcxdwmMM5ZWAOXJHivFtiENBxETeAn7tJR+M3yN3s9sZ2cHLn5Ak+rV/AifMtOty5APlotvX4yeDBTy1BLaRZp7CnzsvNkdHWKn1swM52JiF5oZl8BIkvysNbMNydwFc5FwJ+7MGP5ZaEJwWTdxhyTGXZY3jHhifzkE8l5+XxKn38CPG1YvUHjOMmTbPfwTJZhsgVNOEQf6ZS35I+vlpxkO5EFY+ra5E+5PdEs5xHkYT5vkJ98hvfj8EOPu2z2UMG/EmW/q0+23IxPIch/V/EH6vDha3z7LLpD3M58xIFR4dIVla8OZIO245FQky/UQdO2YN9s2jYjtrfeTNGDgGfuHIfwwEN1sZ4g5OTn3kJP5LfqF3pHpDskVaF/V1Ykfgss+5L9wH3fLGessG3ry7aI36hN+y1aLTBs8nye+XybbEnOJfl7GD6RTH5m1fVirztgkOPqwLIvQGU4IerDnC+k1mcM71mEvpkNy8hhv5RD2+JgjFux9WjzJgs7Zb2GG9vn8N5Gbr5eLj7/wC3Boe/q747BNIycrEAY16MBXRKN3CM88n2KRQNbK+q2zChVmMAMs5yCkKSiHn41NaP1J3by3S+Ih/Bdtl7kF4Y4p9h0nFvbhYWnY5+AaQY23llnWYjiGzEdmjvlnHbKe9uZfV9Y9m4gIAh8TZkA36YVT899kgAFrdun2GJUHJBfu5b+NfwCeH/AMCBPIWe2W5H9tyzO23Ty1zb120+Qc7LL6fbG2/Jsx/2HGI7EfSTXeSc6gOwUD4tT8IHi2Om3sAaMGoCL7F8J7Om2z2M5aPJ57fZAPCAkiujgw7zi5v3Zb2XL6ljPm+beT6l1uDlu/l2Fy6nmXs5jNb1mISI+T2bQWYRDs90iNEuMgfqqXHXz5suh24LZ2+eYuZEAGvwMSW77rFdWsNYBGYke+Wa+WTfH4vX8Ehf7GsocuyXPg/G6ZD4ky8cgPmesPJZnvJB25qRP3CROVzBmQ/t96zO8t3G6QuMuJschEmZDA7D5EuSAbto/MD2QuM5nssZeQ08hYBfi+meKx4D+qw6HH+SPxZdfj1+A5Pn401sG/i+fgXPLbLkZ+CwhgSvjl2SVujmS0QPb2yfSb19WTPMYBDPLB9Imln1IZQHf3LW/sPiU+QfEjj43Iw3YF7tvORvzezwlz8NsRjHD8E+p/GWg252azS2wf03d7OjuXtNZeMJXcGRuaayGyzxuZjIDpt9ZPw2sGzkbMzOSADBcg3L5Lswdut/Ruu6hGmDJndl7t+qVbA7cPjvsjSz4cGViRvwM6IrNfM3kb7FCDfBbdNMz9S5PY5D+Dj/AMtJPz+9+n4+Z/sZcyeieXQVC0tswm3OR8PIRJyHFieMY65l3BX70QpWpxs/4kX5rGc8gOU8xbB6dG9Xv46JMj8ZcyOp9/Gj87J23Cew/EO2aSMefHq+tMLp/wCyYH8GNWnXzsmhvsDZSHNEn1MOkuNvcfZnI7OAzyBdnas/mQPsKfFmQe3fY9ch4k9uIYuF+SC9ZPi4SHvRI8DHAx2cdXJsWAOaY2XSfjYgRHb1ZHL1jF3kP3bZ8/jcIfwC/sCA4gyPZM4TGTgbKR5az9RAzyMIWtOZJ4fU3PJGPZ52BCwPMInjc+iyaekpI12LamkuOKScsSkDkHLLkwzbl4x2+IMG8Qc2+bgamwwE1Vyxxjx+soSXfUDVa/hcrp/GdsgIF+kPYKFk95ZTr/yHyQz7dpLi3gQ0a+yThazsnbNt/wCQiyv/AMnG3ceW+ez8MGfauYsj4/cGqdztm4J4R3+oWaH1hNxO/cbvtnP/AIXQJbPsL97KzT2zObcHth8SMV4E62ZKjV2ADfYvN8lF+J5D5gBnrbLPq6T6vmfUHOWtOtqTe/MmJ9luAT4ZO46eTImJekDgLKf1en4PDt5vj/4H5HYc/LeM3yck+fI+db1kVd8VZHVo369nd5lvz5gzyIOFsd/Vke2svu2XTyVMQZxBx3shgdiEbd0yRBkeGHOR4jchJa6fF/1ebzWLrvUtOA5n2ImkeI3d/wDbMHw/7bPf8JLF5Dyn94adAT+Fb9HJTSsftnydoYhOgZN7t7YT1uhpbLhy28dsR3ISHkTun9WFNxuWRd7kVXeSyPeQ/wCUYLALKPJEkk+zTEhVds0d5fJyucfqzkXRcW/jPwONz8AkU/B7L66/qfgce7OT9lWR13w8/wCynTdkd8ufH54+fwHTyOmQZEhC4Nh/sG/uGqQMVf8AYYCCyloSY8st+V15f1LDtluT33l0PnLMU39Jh0/EIfYrxDz4ixvthbfIn5Qkj5l2kjztgjoc0vFiw0jj5t4h5dFj5tl+i6kLvZaLp9SKr2//AFIAjFByD9WbLltn0sodwnaoPONv/COyAGe3SnYkHo9tVXH1Z3ez0nGQNzR2JGtJhKWcgbmWW2/hIELffZSwE8fZkokfutUW5pKVZ11lVwd9tKb20+Jy+Y6ly2ly3I1YijvxGZJryG42H9lDXkf3C5GE6H1aYO3Iy8XhPfJM2BWyO303xGzMus5l1dP95C8xM36+ZgD48vh92Tqk7n2BeinbW/rLEKEg3/oYTjl9AYI0Rk/JDpP7gA2OJX4jwsq3FJYOp9vti/dMS8tl3yxVpn4Zo4z21NP1fNfiww8xl6fVnbr5sseb/wDAgfqPLCPE/wAYvp2CPWWD9R582f8Aw48j9ydvn8LhuH+yrrByVcv9y7A89bqbDra36/UzbH7vVvxAsGewnxDvkGmQ7GRhheKFnkPSTEA+LMMpiu2AE5s0XLmvulCdXTDOJchBDRgECGmsVgRPsJg/ugIXswCQTT2Z6gbGOEjOWJlGOyy7PvJqYf5F6Ri2jk2PEScQcOoVsZcsvN+IdPp7aWvxYLIkWIDy04PLRvu1rixRjGx7e8kyPiC8viT9fjfuQH7jXAFsN3yHv3D2CMSmCB+S/qXPi2P7ePZ5L8vk9NOxr2zTXhM3puvZLzlhJOofbbXyyEHXWHyvZ7JIRONhKn4wy/ufPOyx7eu3zBl2QvKhLPifbANoOhY2sl2GsCs5G8BsqGuXkyNsEa/cq4WZ5kJ05DRl0mVambZSt+WO7qzCxJJAELK7Cati42f7fIkdCiyZELY5AdAy8LRHMMcBbEI7+rJOfu4QD7hTfDy4Sivjd/8AoQdKZwxBhwjOjOGhv3KQqocEPswdkJjyMicR48jvzH7XB7YoHYb6L7B0Z6nk+CUVwXScxvfiED4uSbHH4YObv+WcXz/9TT40bW1v+35/9lG/vWXXTv8As99JEjIHk48n6W/S7Z9xH2DJsSYJFnwsQbAAvZJ08unTJ/lyFmtm62T6ykDZD9cvCUGMlWmbOmLljqkPfiDCt434lOfty5bvwJQDEfwcgIkSpm8+pAasBuifuskHe7BvNw82eNnPei4iwhpHd4hdwhEzIA+5cfjyLDZ9Il35gBNN3UOgeQkF7GhB8xJAoXDnb+TzMH5QJhGPshb/AKurTt3YMA4/y42t+Y8wQOu7YbmPOxJR3v4G79kZndkfJwA/bjM+IL8pC5vyuge/dvunsY8d+4v1YycE69v/AFazPvZSwyN5+QB2OkZ4bVjsOAZ4NjQO3Rk3XFjwI3CxwBX+2ATGLpTOG6Fi9gUJgclcXGm1D8W+XCITCWI6h8gLQOs97eYmN5rsmUN3UZnoQjwkSGThx/yDzQRcKjVwIg65/ZDpT+wccf7eAYuIBkTrGRl55J+QybVQK5e5kv53zZnRkce5HBWRtQI5jGAUk/M3JumpDks/DChR+TEjx+0G/GMNO28TR/BfUNuOiQ3cy2Y49lIeC5kYSH5tA+A+djQwcB+ZmI8Cha8WsBktLB+LR7BvsCoTDcL57XfJ36unpZ2DPCXfJNll70yxmWMiMBI2SIRPmF1ZjkHex1eBF6fLBqyBijCxeIsJ2ILMe5dhTIwMRPo4WE126tuzbHEHE6uckfJPaJB+HIYEaR9hBPygfKD6WjWxwXHNSmzcgTdsUeThvMrmbMbI6+H92iiv1b3ggbOFzAMFs/8AIdIWqZyA7UOxAsBljNnT7Z6uHGz54uR4uc+I80ljERpD5EEG31nJ/YOQagEdOHSTFT7d/wCQK3EfO+RkMXwcmh8mPlEfEfSb4uHfZQzO2h2w6ew3lk9kLi2L32O+eQt7B9Wr0tx8vr7G50tDpGHtk6th9xkB0XETEedtPosndP5ep3/lg5/E7ANT+7BB/cs9egg807z1aQPZvvqbikvRIwK0zxIZXr5jKacfW3/+0hzt3h7CN8LGIx0cP7JecSW+t/dlYcyL8kocxvkC6cS4kyTCB0TE4/7BGHCzCJB/EWd4fzduMNGZp/SFL2CxbaOY2Z0p83K5PkOjIb7AL7LEPH2+MfD8AI+/xDgMmV+oEfbrX1gXfHW8fB/kMYXgMGXWj+IB0/ttSCa8NjOh2d5M3nYXYLA7CFyCbN/DL7O2Px7M+kC8l9SQPPI7yQ3aOW2mdhrI5kCRQ6MvXt+9/t5URROrV4ZLhI0xtwCvkWUrrmf5dlVgzrCwc5m9llymRGgsQpeLMLqB9h0+oy+J+70CjsX2+M/EQd+LQHFkjH+wc4FGxlr4YuZpPRqCWLYUUj5h/WMv/wBojBB/NlDwJbF5Fae/F+ithRBet7wc9tuNQ/iJn0mlgkQxk5DvLPQ4R6P3ZhbDl5YQfVhxuwOBr+7YnQ7K8QYHslbF6psfAFkaeHwWqyb+ISrnxG+Yc+YkI/5B1C8oybKBunDbGaEx6j44F8IZdOuEt9beTZubsQdZVPU9hAUUV+kYnpLyk7NL1O3KE8QbyB4PYg2xNP8AtkBZ/Y+T/wC/in1kw/A7+oENkQ+UQDD+Rxgr4ztu0ywVZsoPgx3vZAwH+Rm0SQwGB4YA1Z6rkh9JejsN/S2b7FcbI0YfryDe9s/FjwLf7I/ZBbsEwuzo5SPYBOb0WbDj+7goMOpMfm3GeQfK3g3SfwRZGM9/B75CxNcv+xIYWGJEwsPvy1TMQcPiN9L8sqRqlgPD9QDN3WIF6TlAZJ5YR1AkkHS+9WF84wGxnIz2bCacniQJ5fiXUfI+lsL7Ma9uGdutfFrEsWx/hJ/qIjnGwMDfu14C3IB+LOEGG8DC6DkLqP8Aix8GWMNIhmK23qYm6JwJc+LqmCNR5z9TgBkM8H0zQPF0rH6lI3ZkByWLW9RuYLJotEhoeSczY+e7dLeSQGm0N6/Ul7Fld9b1bPca22Ju26wXMsBnnGwGmymxZyE1MYS27e/Uh5llohmNh8UgHJ9RZmeG2AO+kezqRHq2AEHy36Ia6WeBdDnxEesjGt7i78zJnsrtcu4YUvETj+31EY9Z9uEluuS81FtWPAvW9hvbPAvLqbZ4GDj1HhmSnskZ9RGQxAcJOYusKH4RAvwREKDIQbA7+5T4P7BuGMBa8gclxgbY4c/yQ9EmEyYMGQDTM+bcH+QnkXkA/u6HB8mHQ/DlnlmPK2YDYubHQq5LHvZE4qXyZqzTqZ8DYvEu+Qb5UCTT428DstakzOGwfGXCWcSeuG/d3eahzOWqNjyGOZyfoxgDh83XifGLVqrwNx5bzvzdn1+Aeey7sukuHzHvaAP9uWPrPSkbnk3vrDjF2I8vlfLkszfEm43Yj5WFu26jtQCQO4wgm7V3k4Ts5vSP5cN2RdSBd5DHoW7vkfnV6VCKmWaDJw7Fj6LlaYScf/LVn/3lYP8ArbC6QOoREzx8rKimkd8HPgmzozK15GxQ+/qdB+OrNN5XwhP3MeHfCH5L131LxWVBOSR9ZH1QDo7MeoB3pt3CWmrcVd+8WkMk/wAn7EYEDP5a7lnE/wDJM/8AzPtwknDX9QkMcnLjHk8k4EyPxctcOwrjnbPfEiJ5yc+5HxK0ttrPSEemJNsS8s1nAvIPfJFzhF9iwbLyZnYZ5CdexrrCyYNszjxvknJoGn4pkj2IjwlO0lMl/tu6JBPofqGIHWw7/wARTE3GzvlKBST5i2BjL9tjgwUBxobGpDFNiDJH0LV15jGGpGCZaOXW+riCU0FM7tPqBxX8aXcusHd1n8HLCaWwwd/ZMuRMMnmA/tyfBZQuPmL2MP3AOyXC0CLPqQDhrFw1tuPqAziU3MRP9jkpKTOROXEcYM7j1YXyWrHGMua3HByU87C9JOVkHx23CJyvNu68tz1ILuDGDAYuMp/Y1fVq4BOLZ3XYQpybHQsffP1EmltcuBDjWWzx+7oeiR9BAOdlkNG2A6BHOz+rDSUkK3UolFukq0O3EPN+Jnzz9zHIdoJ9QRxAfq7oG3rmSkEf22mJX7jGOsI+v+SPSYDd/pJI/wDYIa8iHlIqAB7IBb/kJTDkgOrP3bhF24IH9bPrAkjQ/wDuAtTt7oP5b4RbR0f8t8k2cB+28g1+o04n9ihoPt6m342XGdtdmWOg/Aa8y3CgvtGwGyrztg4gD92WUWVyxhnG3YHLFwSHAD+zhg2BvwRfLSwYCQPwhCGF3vc790injkBQP/JMF5kf6KkF4/kdqH6h4JvzDdWPljLd5bof1eZRftaZHrMnPJ7fUxZjs8hzWs6rhyx1efcHUsrKb27/ABvkAlGIPkGHtHwP+SWAECjnr+1gTNsHBESdO/yxAD/J2Tf5F5xv7tmhX9zLfH1fGeXIDbCh2Lv/AJWfOP3cLp8WLRz7ks1tjaGQhiF1AyXoytu5yAxOYxhZAdZxRl80YRwOF4XLZurlIIxiR2f7HxXGCCWXqyyenJAa8h4nL2wwu/jmprBheAxXvLia1GNOwPvLFgzmOwwiDrt8htqtk73ZGRFz8GBLIwG3u+rWbcgT7LxUHyYg+IIbLzvftjRbn7s68QbFAGYGO8gg2Lr+Vu2kyzJPHzOLzg4f8tgNfqeQIQPb2ES7MONmC85bH4PmxD/uBwgQvGxTVjDmVmYeP/FrSxauP7sF3Gl2hk6ef26w/wAkOCEwHNNT/Z37bGvL2bxsQgvrbUR2K+jcEZDb8/V4eR75McT/AHZNHI8V22fdabySbTYs8QD8f5JwYvzy8frD4wQDS2G4dt8zjbGY2cfG4A2czB7HJztiOhCeyzEHDTf7cc0IHtP+2qvM1OE/tj4m3ZMGIXcz+zvD+bDO8QaKMs26zrr6Se7mfFnfL7kOxX6QVsNa9+rIeKcs/esHE79So/SagmyDJ/k2NwmhwEkwx+0mghv7iywzWLsvqFG2t3peDckPPJAngsE2NgXqRDq+LYnBtSHb1HC5jFs8zk4o6SURhdB3cQBgNTfSSp0j9t7jlhPU4vqaBLQGCoknTW50dTyZqWP0YA8iHDKtiz/yL5oQeJ9JAdmw2+Za1YwdIs5RJlk7fU5Io1GmdHYvxkNRdQYs6cnhyCDqnZSkTHjcEuDr2A31m9X+R2qySBOEfKYg67aQhZV9in/3yeqy8dOSQ1t1rkciJdWafS2w7O9Mjjn+pYPtmuBaUBlFOJaR0XDWv1YuGMT6gSKqw17yGn5vsYn2Cngsp/smNng5toXtz83gW8lLAm5CB6/VovY8bccmwYCTNLD8SMHCVvqF1gperHBFtbsspHJGtAgd6IsNIXIn+Stfb6ncTn4w6prOODf2Wkg3fghz5JTxyz1fwIyNBsRpGEBN9P8ATO9mQzpP7AhGWzheCRmO6h8nZhKR6/jQjLz+QcJyP5khDSkYhEkCEsXJbEpNsQyC0YxHBsA49RZoJJ2O/EjnKMMJO6bjmo5rmDdQeX0Ik5M2xBCz77j9wD+SgECKA6y1hJ/LfGfu8sCQYl/lgDtk6JMPeRsC49icBrIHX3gSGuxubmEvtP7+ONBDrPmAS+rmoLywlN0tdP1MJqE3EsZ+4r6LYPUp+okjm3KtXzPR8PiAA9Tvf+IoNh4fUqvY2STMYEfyDQcsuDyQEYfD7sx/icdDZ/gyU1cgM7S8vWf+wJSDsiPqS4DJVTercpOMmx82Vxj+o2i7TZ8mxhVIK97uzUzBpuDriNHDyx0ht9ovCSDGDrCFHjdAdyXY9lYZHKcsGdfu7HuQA2aRgb6uvjLIppLusDyKQvs39Wa3Iew9sWLzTyZZ5NMbLBS7nxZgCwDkOmhyI/yLnnlsHI6ojz7s2b2aNTYn6klBT1avMOdmLJmSD9XBZR2AmnFqNqh0Nspu4wrDjYyFfHLO+ZGkxOdurHT4sIcSP68+LrPZIddMxx5aosEudgj4fzdOof2Ch/kxtBDPvFBEzqRQQH1I3n+QukD4Olh5p39R4y6ia3BMEXvllW8szNtNahx7cGg/clnr9yc0z2GP7s6sQ2Q9sj1YJQSl0hTm2k9PuGBgbTCbAMn2RxjmP3eAO/F3Iz6vjEt0Z+7Gu8i+W3cPEMZkiGJCnL9JAHgSa2PBPIA0K3YcXBA0i72zB7cSjsaB8Wx4RXB/t1glhmEkGTdPd/UUUZKAYXlqIycgQy2hL8OyChz7bMvn4WuxkBBEwJ85ApdWzK0QMDr6vlBqRz4VvztpE1ZnlhEwrN6Tto7BRrSRSmt8T6j4MMjK2pBbi2wWFh0bM/p8whP9GKz3+rpKrbBUlCE+bWXLVn6IH8sS3ZvSnyMW+6tsF3QS4XloEhSez1k8zgyHIX7Nm58Qy/yERaIS7A4Q3C2fidg+uQNCAg2VdOQhpDF4YO4wEakvHsk2Ouj0hp6kFBmnsPrB7dkAzAIh3bPvxCpeJ182coDH4hJziQnZXwIkiX2MQ1X2AFBtpBmPls53y16YvGc5JvAsHGjnk0W18Rh19kyMTPqGI6PqGXN7H0fEwfpCCFPphB365sXwGpN5grAx2Z4TOoQoFB2dHPY1vjK1ONhTo7Ch6OEv8EGwCA9A2W/uQd8+XOT7S7MxOnX+Q6//AHkO8ZOcxk4d2fOsh5Cej5P+Ee/+iweifyROsa2dhmVfB2xHOSz3JtPWSRchtsp7cWIX7kw59g/7JiclP2JzlnUbatYDTmTAzM47faTVMbnp82+WRpAXXsWj1ZOdsodTvBmQN0ncFtfYC0hs6mp9PG3Eef2JhZZg28dz+w0o5f8AAkerPNkNmdH4svkPvxKbZz2viFuDD8Mem6tgp0skMhG5PbwHc9iHxf5dAfj4sDvkRbENYdwVG5HR3EiLGi7/ANvsTf1JzD4fUjUho9v3OAzozrbXFPAuyPX1BCA+2bBr/U6QpvjaP/BDi3jfI+x1JPFDQ5Fxcj4YyOphjhI4MtvXsQAwWrutmdUsHL6Cllu5z9xod84fqKQSMz1skSyOP8jPOWFM7ex2ahpJ/wD3ykVETWmsizAbHLutghyYyOs0HU+0kjcwAPf3kR3F/GH7CyATOaGyKFbGEwned5HwYw9OT8GXwBAVzkny0g9e3ynZPQLPij7Pbye81cnPDs+FufcQczs2bROkBga7hJbl562AX+JW1v2Lgh+gRFakIc7LyofcQ3y8J7zEoXPmSCfpdNGVC4u7D4Ng8cJsWd6Pxw9smfJAvyZbh9iHvlzP15MB04Q8wbP8XcOsrAhiGCnddthvHxIHcchXE1hqcadhZdLJ3mfFmgTmLgw2DMXpJ0Uk3WkYne6h1iAFsFzPqIaJyYPyBRfmIEY7wKNwIMfmFnrnb3rHkyTeFyBBZkbp3+yr/wBET1RNgaWsdlsbtQa57b6MkRxsvGbJ7FYx1lsHuz8HW0EQe7C+W4cfSJLG++lqH7tMR05ey8lDvJfH4WHTlk1UnBKLK4ebFBgQZ9Pmd0W3QSQoGyP4MnRcPjZaBwl6f8SaEfKKXofiYHOZEM5CgeooTpYg4eH/ACVbuttjDup9HwWB0kD1gSTwYPKGxG4ZYyTwVwhv0TNTctZyepyl7fwj3Fs2kYwjFrCYOIYkGtvTJbHo+JG+ksENvi+5q0ZBH1LGB9Wc8n9sG5f1svb27zjZzXlyDa2Oe5bhhZlvG/u4CgfHM7wf6su72K7TkBvUCMMP7A4EnHxD8ERRSd37tKMQ1ywM7BMLxGCdeJXwMGxOSaYcslFcSaWHUduJ0ST5UkjWE+ZvPFncgYr2XEO5OcTkrrX3bPMd3Z0vxkWd6F2DrpepgiRdJwfCsxoPPu2G78ckCWDpJqcz7kxHYKSA+Rkh7J2SV9y0G9LYoB/I6cun9u2aMMPtEge07N43z7mTNtD4vO7Jqbtrn8JQCaFp7J+BkqFJ3Q25LcsB+IFYOudbPzBNJ1zyKxo2A+EA66y2QH9mftJE2wtZjC8E4GluiORZ+EBmYGoiHoG08NsXfEDu07vi9cv6kOrn6smoP5DtfhhTvpF3UxcaIMqwzvttEHSoRbNQ4ivMrKeTh+rPhJ5xP3AidnDILqb9WvBsaD+B/knCv+RhQNkeFD0Hv2zK/llDSdgzfmYHAfU+fH9WKHHuRzvOTcL/AN3U4Z9MQMiMb2g/uDnViRDDLRCAvuNOHYxH6g79JeZuy14kblMXYJ42D95ODrBI91uELMuuBaIMLl0uT3s/uinYssidZB1/kbBk2vGM0/5AHnkDsMhTAtlOSxTn1L3OSUzBYbivzJU3Uzk45I+J9sHxH8ucov7kvRIBoUfqPIv3atSBOOSPsRxRlPxneuQR8X9tpxN4df5JfS3PYtmge+SZwz9E88a+ryGH9QADb9F7p/yciX8XiH/LgmsiNx/V41/5JYZ/pPTUD+QhV/kRwP5dQxmNTdXjZG5/t5+v9sfrZDdbIeE/cp10/kJ//CMc4fyC0X+WjQ/ZO4T+JnqE+Y0lH6C7KWaDDW8xfNvNNeEfJnEcO4blWsDmSAjSbAFycG+QxfsUTn6yXQSaJA5AFTt/HD9WH4v3ylam5BAfN5MGiIQ9JnDglFdhfRLhxzEr9nWByWhNNswJwHy2GGQGUU1jNflajvI9B5ZtPZLw/cMMN/sC1/vYUf8A0hOzY81mCX8iqDP5bPP8JZj+urYo/wB3uX/Lgi/24rmBZhslXJfiN6x/kron/YwGpMHefufFSwww/wCSgnOB9AyddAH+Qy+f8lmD5AGuWl9z/IRE4eOwvn8JBrYx+4LMk7IttCdaXbGBOn6WnIDnFfISbrsstMQ72zV8gAloMD9w0o3IpMFgakA11ej726NufHl09DPZ4s+PZ6HscA5cnUsyvYMXyYnHLpyW5fmVdAnzEoDts47dEZKmp5PdAuTz4A2yffu3ruPwQ88cZVPr82EBxI6cxG6U6EF+p+hz9WYuAfDL6+Pq8+T+y5gv5L9F9FtBf8tm8/tbA+v2LD/jIZgfzLsd/BOdv7PYwsH2NkI3+XKOfQSPB/l9Y/5IftB8OQD1Z4YuweeWncGIHlweWHpGHycE38ITfLxLhlro/g65L+r+YP1JsYOz+rY1+IGTnskbzZEQhH8Bvj3ZwHRAwGad1+JM6+8gmZYXRi7GMiBIGREkwzftg/c2LX3llx/sAnp9kgL+psPi54yyJCM9tmsD5sx5K9bDh2DOduLR2GeT+RPYvbhDqM31dcip6YHE55u+z7vgQoQNcAt16f1ZQU+id1kyI79bGGJ8Gl3cj9wHF/oRxgP2IH/wo2c4/q+Dcg3ry2NdQ7uM/AX/ABnBH1vYSaySlt295rhJzuQAgJMeQbw/Ak5GS7+PZYWj2fwtuzJfwluQ7P5fLTn4CiIaGdcFhKc+rNv/AHHfaA4uWcPZ+WhcKGxzb4WwGNgwbAHxZGOy6diDpDnPLsTy0e749tnbrPu2QDixbjDgZ2+W2Eb0bIBsAD4bLB7aHLo+kmzrZ/2Fm8ITqPqZLtn3yFA8/Upw/wCR4wMJ7z6/HByPIQkbUcgwB5fqiG5B8uWTm7YVy5tuX6zqaeSn5gU9hwEIHzLsf2fYNsx8hdF5fEFxDyU9/A8iN+Zz6lTw5AlsN73GN4wDq4Xm96ld4QIPiLzxuT/Yv6gxBGLj8C5aJ+Et5jkIDn+zjZk59Wc1tSBgKETZ7Ojr2+dF4ibKHTLTxPnkeocvPNM8cHY3TxLZTqzHOQ3OJ9Z4/RLkx55DnFd+5sd2eLrYez8/bwElgMuX2WECEJReTgtI8tJxgnzB9hLu3Pi+b++WD5MSuM/FOHklZG+', DATE '1996-03-07', 'A Coruña', 'España', '2x1 en cachimbas los jueves en el portofino + info por privi ;)', false, 'ROLE_USER')
2017-12-20 20:14:30.885 [main] ERROR o.h.tool.hbm2ddl.SchemaExport -
				Duplicate entry '3' for key 'PRIMARY'
2017-12-20 20:14:30.888 [main] ERROR o.h.tool.hbm2ddl.SchemaExport -
				HHH000388: Unsuccessful: insert into account (id, email, password, username, name, surname, image, birthday, city, country, bio, privateAccount, role) values (4, 'user@example.com', '$2a$10$yd1DPXuePlDay9wKQqdDcOeqT8ndGJ1eOEuaaHfi/Cr147Iufoe42', 'user', 'User', 'User', '/9j/4AAQSkZJRgABAQAAAQABAAD/2wBDAAYEBQYFBAYGBQYHBwYIChAKCgkJChQODwwQFxQYGBcUFhYaHSUfGhsjHBYWICwgIyYnKSopGR8tMC0oMCUoKSj/2wBDAQcHBwoIChMKChMoGhYaKCgoKCgoKCgoKCgoKCgoKCgoKCgoKCgoKCgoKCgoKCgoKCgoKCgoKCgoKCgoKCgoKCj/wgARCAMmAuADASIAAhEBAxEB/8QAHAAAAgMBAQEBAAAAAAAAAAAAAAECAwQFBgcI/8QAFgEBAQEAAAAAAAAAAAAAAAAAAAEC/9oADAMBAAIQAxAAAAH1TZhEkLGTEBkJsVMEABMIE2JjWMlIQwTGJpiGxMATBDVAwTYDTAHAMsTE00xBpiGgAEpIIziRU0kSaVDFSkkBiqu2tMVN1ZAnCoKxEFJ2RjJqiQJTigpMhJoBi9EYgDli5CJSITalTZYiSExwmAmNUNANiGCYhsAUkJTQlh4desPC3ntHwuoaRghuEwoAAAGmIkhKSBMBMIgyKmoRJWoYiGCjZWYIWRqCnGFGTqttCUikwEKSJuIBIipJekNSDTAZKmAMBDYgYhpBpwmNUMFIABAMsHHOuuryHmK9p5PhupwixiKs2862PT+g+aM+zafkn0nLpOMgBLJAgAMASYomqAEQEJpwAUJoJJhXZXWKMokU0JSVKM4iYJEkyuTATYk2sFNHSAkTUiLGoDhMABiGAmoBsTAQwAYhhHgnzXU9NyeW6IyVIZDLI0h2FWipkJWVEvS+a6cv0u/5fKPqx8o7B745vSBihgCTFTBBNAADTEDEDACnVbUYoyKgpxhKQKMkQjYWRJMiNqlIIDBKaN7CAYDTEDVSTkEwTEAOAaAGCaGV1Vpq835yzHyJRpgElZGojmtlQyVj1JzoQkXPSzJqqmbeZVEvszSOx9C+Syl+1P5N6SPalNwASgCCYIAAATQNMBSoqtqjGmaJBCUgiNkSSEpFRG7EpKIEkELEbxkJMBjABWBCGlBiRkmCaGUTJGXjF3F6vk7FwnGgaJBKrI21xC2uVVW0zJdHmTiqVeyt0cDJ0OZQTkVS0szK2sAa9X6T8i1yfYjkdeVDUA0AhRpohgAAN0qbqTGpIQykNIAhpiiYkSQCaIkha3JJuYQmOhMhpigECkqSkgTULmLmV2+T5zz1ehh5tGnMNGiVRHIhKUTTSEQQUnKyKzVenMlpiueWnpHKs9LwzA466qn2KDjwvzEooJII6H1P4564+hIeagYgAUgQMTUqTTDPozmVMqI0gpIBqgGoNIAQ4TREYqhOJvaaAyENgNKAQIYk0PDu8wUdHoeR1OFydGYi0EhMZOFXxhoKYuAOMgtt7kc/uei6p5jZ6KZ5KHrGvm+l05px/B/SfFHjpXZjbDLbVauRSSZAYpfQH1XufM/peYKSlEwBxGAEoypMQZ9FFZFIIsERJCGxKSBjojNERqENCUlW0ZkAwQ6ABjUIaUQ4r872PPnoPnnp/nmoVtU03EWipuveYzrcwihj6c/bxzPRS1y2XU3FjTIEiyMpsyeY9bxjwHF9jyjztl9JO6i+q69GYcAVDRZ67x3ck+i7/IeoW8DIBiTBSTppqii/OZgZBgJpoAxJgSHUVJQRlEAKUbIG8ZCYCGA05UAqUooOEjm8Tr8ZPOcslWaDBSSoBBJM10QtKtlPaj1nSz2w9WWS7dOPRGkpdXOudk22U87p418l570/lUx06Gc+rsYaztgkKhpyqyBG36t8e+snWUlKDJCMkMChop576EyMAUkoNAMRAxoATiMAiNUKUTe0Q00A0rTITAE0Vk6Th+R6nnrKZV9w8zG6ipISACym7CWmvpQ+9TvNtuS2WdlGqL9FNpbONhOSnoSQkcm2uXyPmfceQriwaSahTSpcSUUxMStqZ3fpvy36hJcRnKJkAFDAFJUZtWVMrGJxkAmA0RYDBiJQGmiJJUJhtacCkKk2iGpQAQIOV1fGmHibuHZohZ6w8NX0eaAFEo2krqr4t6GToHW3YNojPbGroZN66LamuuWVSbJcrNXoHxNxthCwp5Hars8HxPovjjhY9eAUYyoTUrB1J21kvqXyj6FHqL898SQxMLGmSpip5deOzOxQDkRGCUkAwBMEAAERggK3A4BoTTgGERixBlXgPZYzj+b+n/P7LtOjgpzMNlVqkmK6rRI7qp26ury+nHe0ZNZiLKzpa8dkunPwuAey4vlaD0EOV0a6HpeL2supr5uk6BXZRz+k7Pmnnvr3zU8+tOaicLZdET39cL2OfnyZeR6HmS+7ty6xiYAUNNAAMmzGVIBSTUGkQAmIAYlJDQxMBJo2jQSiwaJWmgjJUmhOBsxdaWPkfSWHk+fZGzzcZwEBRqzaUloz6yV8FL1N/B3HTrxwOzycmY52fXqMF92Y3d7gbj1N/G2m3Tzb5e1p524ubdi816jHXzHz/s/PRyNebTb9J38W9PR34uoeKl0XLyPVfL/qGaxiAGjEiQnYZNeWM5KIwBiZFiBMAGJSQmACAUkbBgJtYkkiYSgAlLKcnp8/eZt00ef8Z9N8xZ4Wm2kYFLRntTTqwI6MeUl6t/HsO5DB0Yvt9F0zxGL1/lDj0WwKd2Ur6Zv5fp5eH0OnamDbKQSaFER5Pxv0r58ecJqul6nw10v0j1PzP1tmqnrcyXxP0Pm9KJoATKAaAAZdWQqTQAADIsABAwBACYIYCA2gAxKAI0wQ1KRkGe6UQEEed1Kq+NUb8Fk6yURaKaskVysgQZEn2+D0I+rdTkds53H9HkPmnN9b5Uv28vevrux5j0cdHRnvJzquskmipTrMniPd+KPImqos6ff6B4S/6N4Q9vowdMzacHQlixVJJoNFNxcGTXkKkwEwABAAMEAJiGpRAcQU4m1pgAoDhA6SkoQARYCUIsSp0+d+b9F52x9Pl9OOWBWh1yKq5xLd3M3GLZl7R9B7/m/Rw42Bh8j7yg+YbfZ4lzdPLDLr3cfYdLRh1Vaoqx1yrKvOej5h4DD2ece36PL9BWnj96mIhnKtsZSgKhggMExkcezItSkhA0GMSYIEA0CYACpMSKkjcwAGqBohkqEANABBVajPK808P4n6h8qse7D6k8v0Y3xyn6HgFdilRKytKfU+W9Gvtu/xO5DcWSRIx07q1w5OvVHKs01l2vn6V2uiVzKIEc+qo8Zw/S8s9H3uD6MmOkPnV/nZfrV0ZEkIAKaaGxkcmvGlYmKSlCAoSapSESZCAoAECAYbGAAANABKAAmQgBoATKp+QfYvlNnF9T5W5e9q4lie35nreIfOJES6LiQ7HG9CfQerz+hLKKrsunmsLIEBqU5aM/QVcu3VCQmy0EwhYjznP9RkS/p+D7B6LyOLxCv1HmPqx121A0xMKaGAnEcmzHZVKMgExpqVCdgCAAQ2JMIk4iHEr6fyP6cbhpUCRgwQStAAECAACr5f9V8DqeNs39SvL9m/18cz0e+g+WYPSebtnFwkj6ny/ZPpPU8P6iXpPn8k9ND57ee0WbYQvrgmyVF9ELEUxsrE0xgCzaMx4bqdTQvg/N+n8wmv7D82+nkkyUTBoQwBuLpY9mMgAiBgpRVNCMABSEpRGhDExAj5b6jxHQPr6z3jAlABphFgAEAAgKPFe28nXj/Qed9NZ5L6v8t+vSuEknk/AfWvl5niFsbqpRv9F460+h+fzbou3bunGi/HOtSzMvvxaauikjhKIhoYIWa7JLHTl1HhvJ+3Vei6ilAChtNQTsBgmnUce3ERARNkIcaBsiSiAME0JyCKkhRkj43Ktn0v0vy36gSGiSBRiEBDAACE0U+H0fM15TVwvZ2YV6/JLze9b1or8F9C49fKY9jkWRUkRUoy329ew6XsfFeny6U+QzoYoYDsX+L79ejlg3oRChOJKBVK8dmU0ac95xOvimdYCgCAGRYxOLsGmLHryLEAJJpFsWKahMLBoGhgmgTQk0fGyu2yX1D5b6ea+kpkNAgmlAagFgMEBGaneHh6/cePs1+l+cepl9BPLrEEjlfL/snn7Pl5ZUtbbt9Ds8rCTr5cUDcqvRHB1+67p4bo+uoMHZ5mrLTKqVSQkjlt5E1ZVw/Rp0JtVQStq8TQAlBpWJommjAqGbVkiIKgGJilaAIyVgDEwBMExBRLzS+BZOyN1BH2XZ5D2AhoCUZUxiaYmFCZESSAAUk6TCGACA8L4n7X8ts4rK7SNnYOX0+rrk2+i43Ul3zwROhXTIgSkSsjMImEr8teifref0yyucCu2mytIEikFqGpRoRidgwIZNWUi0xDBKQRAGJAwGpRG4g6rOEOOLrL8pnJpozJnoPp/wAf+uFyESTUoNWDTlEMBMGigCAAAYmMQAec9Eq+Iw9Z5SyXQ51sde3i1L6Hf5P0Eel14+vFls7KougocI4Lb/OkrIdO3Wi0QsWZEIuKTcJg0wBQA6GmNDK82jOJNK4tQJuxACGKJpAAGZTLxFI0dDJsr5rTTZFsZOo/Wfkvs49y0EkyVAwAAABSENWACiahuLAGo0rBNFPyz6zgPjz388npx7Tf6Xgd87uzma43PM4srrykOAYK6Heo7Nld16MjnAsQSxpvoOiJ2ANRMkBqgAbQQyas5FpyxQU0wJREcWCAE1Ij5fq+dWd0LDqaCs+Y201WaaFcmfp4LF+zWYd8JgACgmNSSJgDRK0yxASg0DQAIaCkBl4/5/8AT/mGj24dFdTZzSPT9DyW6PVx4Sjs8Ln5C/vV+k0t6NOuxRsjGWrVWtbZEc2mg1XcvpVNADRDEWNDBpkMunINqIxMYAApWBYRklVVvBTm56tFui/P1F6vN62CT5KrqbNNSvFGDPY+/wDin12NwMQEDTtAEGgGmqaAGkGKUYhxaBCpqUI5/wAh9x4elZVKtcs0pdVvPinTqw6ifar9Elvczb1tugJNRrLKSKuDjDpnAxSMsdvR5bj19BOL1qsGkBMYBXl05wQCAGwUBIxA04y5vI9PjWvXVbZs7PI7hu5HX40nyUjKpXVOLqpqo/Qvnm6Psqx7RDUrUlQAgxAwAErAkIstBEClAdHl/D17vynHpJSUqi2hiCTjIfU5eg9/1vP+rkq2ZZLfXnimyqqZZKq1SEowq511nhOcOqruny/0csR6fpec1HZKrbGhleXTlE0UwIbQompBp6PHr89HHjXc1dbRuTb2uP26n5z1HlZPl84SHKFhZZSUpqMeu+hfMvphZGSlTFZJAAMGmRBLIShoKYcmOh8953EqUE6SaJNMYNQYiYDlGR0Pe/NegfTI+U6EdWdOpLrIWEZpqRUUKb6VpnCxMPo/P+gXgcLqc42ac1sWbMQd2/z2yzoZLIEWmrlAGIGCRuEjP47s8CWVlOq3RqzdZKu95zunQ8t6vzCfKWmO2qdLTmtIyhOO99J+Ve8PRAxAAwEMABUNDRgN/O8l5Q9L5WpUIStNIAUmmTcZQTUyBZEiwLL8+k3dvjdaTt7+L2DZZVMshKJCNkRwsRQrqDB3eGpeVbRcaLYzLb8+1ISlGq2oy32cl11ni0k3BpIEFVnCOPnE1ZqWipd/HCS+3fyz0fmPT8CvkEp1sjCVzhKicWaPUed6MfT7Ob0xDQMABiT550cHjfMHqPKVC1k1UFJEQAQxDSg0OdciyyqwukamcNfRzS06c1ldjqcLoydzpeZ3Hcv4/TNjhMUJUmhzCnm9HiFOQzS2bqNaTvqrXfLBpNluC+pxjCQdUrSMZk7BxKVDqPkPR+aK5m8l0cuo1XZrqvtzWnQw6keB8b9v5SfIzv8AAJiCeii832xsj0Psvl/vTqgAwHVzvBnb8lKsqVqqKArjZWRjZFYiZEaVsJFGaVOLslOE10bObqToVW2y8yOymqtLtSW7HfJ1+r5veeh18vfLOiWM6hy+cdTi4qy3TbqKpzkUX22ldqSScGrhbCqZWVwnKmr1CRO6hmiipnOyerrPObrhMFu4XLn6WQzer+b+yOvFpOX8s+z/ADs8iBT15Np0NFd8U+k8/wBM946+MdXyPAykqyIokqgWBVHVUUxtCqNzMxcLQr0VEmRc0sKtiTJKUVnOpm/Xx5HXyU6JKpaZmFdXacDb0ZnU6Hl4R6HFyq615zaYuzq2RCN7iFVsR3QlVirCyFaLZ5rCSiiZB1dCESV2WRdSo27L8tszZi3RXidHidCutXTceayek8NL9UixleW9VxD5QTVG3Lsjo6aLiu2FCdjz11Cka7UJySosjTq1QXPOdSVubWBKlIxsqUakVx01jr0wK9WCZtpt0nIj11LyZ9FVlt1KTNN1mx45GiFdop6ugcvpbdhDS+cdSnl3mjoYtsUqdRfbkuLq4MjKuRbOiVMhBLoutbISkVTjYQLKyUlKnfVcmXjd/lLtuxbSrw3vvMR7RwkkuT1eWfKIWxSWvLqXfdTNFTGKypupFqybh020jnXcUV7K6qd10YI6YFcNitwU9PKmabaynXaTVrirB2aDDu5+wp0WYjqaONedufN6CVnSRx59dGG66I9XIqOrmy2lU7bxaQNjosliraTVLJJbmTQuy21ZZTQWFYWSqibFnmilCS3RUDS4QLpK0zV6Q5HQoup87rZYu3eY9OhzOniPkcL6C3Xl1mqFc0JK9aq7IFGnP0jPOvUV3Pec+OkKb815DJuyLGyqywx7KFyV30CvhM0Tp1RDRjtKoORsa1HDj081ZNE5Ro2c6xOlQ7imGmJg03IrulMrd7CWisndW5RxtVFtKX3U2EbaLyDi6We2JIdBIgF2nBfFjo0VbVZSWXVTqeeWCNFN3Jt6d3ju7HA+ifJfrCSzaabPkWfdzzTpx6I0SxbjTKEjDMiPr8jrnPlXSdfZyukTjblMmvJK3Zm35UwxkFuW+JilbYtFG+lY68O9GrlGaNtJrvw6i3PdJMz0yMquRZNWlcbEM0Nck9UkzaHMhOy4hHRCWpaEQtnMrlJ1CSRZGcjM51FkIzqqVlEQvzXl2jPqqnHpym+YScrJpqXrcPtYLfNyOWvL+vfG/osx6yE4nzHhep8rV0oIe/FWd3fy+9HDzdTlGrpczqJzud08Vuzped9AdbHonHMhu5a9HJpgmGGqCqwurHn3Z4rhqFwbaLUvtjYaMepGKx1mu7FpGpWJOpwJ1ypN5RUbrMFhsqjYRkBm1FgqrpLOjXmgtLDLbfKzHPVNrFDWkxx0WHOnpz1pq01xkhogX9LLtOXGNZ28VuQhnTXr8vqYE8/yPR+eXiek81tZ+wvNoPF+H+mfNRpOrqdFJZ6rx3ejseZ9X50Xf8/6M5mXdzawdzi3HuHHRHM5XoeKuizPEvKkmeyqVEZqKIamuOrVQX306yqdoU09KhMm2ma36I6EyF9ascEsjC0nECnXVoWI5lc6rYtUaLLnRpWc674jOyqkJlGhMrevKZqLstdCOjDFMaMx6i/BaUPNuI44StJ56zrcjeScDR5eS8sjO5+o93559DlwfJ/sXylObOM60U35i2jXlPU5qOrHE9V5b1Zj5PawHEr0c633O3m9qTJy+3zjEq0t9/N2jzdSlITqmoJpnovYXxatxsJRUim1SLrs2mwdblmqwnUpJDVmZfbgkbDBaXSqgu4ptC2qk1aMdhrpQKyFRfKq4ujlsK41Zzt4LMRhWLGvtlizHVnkzpl6fD1W1ac29NzUTxPL6/FazibPQ+qfHfoJ6z5f9N+TyYHGVbcnQwEwiHr/ABXoCj0nI0Rs4fSwGXkdnj16n0vlfVyxx7MJio10GPbRpN8KwovxzSUM8ySIGumSC2lFpOksZcuPROunZJyTKWTjnlbKmJJfZQza+el6Lx2Gx1NJ257FtnCs1Sy6C4rmLRRcRTRXj01G7Fu51cLn2Uy+gzQmvY4vSrueffflWvpYbTpypzFPmPpiPjMotJ9/z20+n/KPdeDGmJ1c03GSyi6qJxjJ6DTw+6vU5PT5pyuZ0eave9j4f2JdlMg81uVMVk7FusnnI2SSVWzkV5d3PrToyzhFTLZZtBeUTHCdgUa0VQlYVKwtyuyuLtGXSFOrIS18/aa1RAvTmjVqUuLCpWwUukkgy8yZ+jlNXJ7PIt83lcDdtws6Nma1HkvzG2iwXZZbA69r2J8ISkOcUdnk21IwRs1YO9HAFOq4zQuvzJyepoo1Lw+d0OZXS9v4T2p0MevOYKlXKQbNFc2KkuSvTnvqGeyZFkJYllVOc5pRfZojHDsaDg3eg0V5ePr5HkI+4tPDafZyPDy9sHkKfayPF2exceR0eoZwJd11wH3g5Vu8MD3hklqDLLSzKaIFDtmef5fq0vzXB2+IvQrqC6bsVSzbk3ZrUne6nI7Un5+kiiTib8mzOtQmkvQec6xnydfjxbTONbsemmOrt4PVMHP6XOrR7fwvtzolqjj0bEYDRYZ7et0zxdvutZ4S33hXj9HqA87Z30cvVrCouEgTaxJocZQGEiBIE1IjIkAwiNgSCEmIDaxGgY6IyAE5GmLByRRzOt5NfEIY50dlYRtpNmvJai259C7tvG6afFpwYrK9Zro6VCcmddhDXnivrfNegzScRBUehzdhm6OC0uxaM5L3nhvqS6LO+JwuhfGKiyknZTaSalUkwSmECcaUk4BA5RkAAAhQlEY0AMcoskDEDGCG4tG4tWkDaaDi1aiE1CRVdzVXS+e+5+by8yqvSvVdOEs1VaLJ66Lw11bIr2Z6j5TKVaPZl0L1nK6TzSuorRRqqXf6bw/r081n9L51YRcDVSnE59quzk+08b6I+ruFpmp01lddlMls6rLbCLHKMgcUTIBYRS2KATUGk3CQ4usVVtY1VYE6ZFqUTS6rRxkEkADYgiSIugTG4qJodRlEjNj3ZTL8s9t41ZdTKlvz6Nhmt2xsLtl8tV9c0fD9FwI+cShfRODO7dXrjgYe1xks14L6q0mRfZ87D6VPKZ+jiMrnWehnyuocrrcrpn1vVythfU4xRltxGu/n67b4kYsspaTEU5QCwiExBOIwGiKEQhJxRaqKsnGRJEYuvx6Km4lTIhNwlBGcBuLBxmELawnTbSUoxTVbx68ZhyaJdeSnWatmfrGTr11mmlWS6SIl3Ow+bt85ry6WahNe/qhtk5fG9LyTkWRS9TPPpp5/0HFgeq4PUZwqdFFLscPcWb+brX6N2PN99NEqWQzas5XrybSMALZRIscSpiiTcZBOEyNlcxtOFCUKrjKsnTfEjKi9Umod2eyy6dbLHUi11zJpoTQRZEsqnArvptScSK0fOvSfObq+Cgmvr4+iX2ZLii6GCO5XxsK+g4EMMiSjbmlFpGcLTu7M1Enb5ctx5Knqcol3eFdXU43YgczqczcV5ujy1iiJs0czUnu/VeO9YbEhVmvxpboz2FMq7DS6bYm4qrVFjnVMnOuwjZBk4kRwlErbgSdZFN+NrpUIlzpLNbgjRXKsnZRcWwlEUozIMkKM0VElZJLLL86891N9vLtMK9GmzTFnV5c0v43V6J5Tf6JnE4nsfMLxYuJmmDKkB6nphGLOBRwQSLC3q2gYsoS78gWZWCwsBPY+wA6FgLDngmgCM9oVZIBRAtuBUwklaAkFTQBACpgSmC5qQS4CWCCrgEtkBXaEX0hRYA4gTQVXIIXJCvl0QlruC3oRCXb6AGdyCFADL5wF8xAK/8QALxAAAgIBAwMDBAMBAAMAAwAAAAECAxEEEiEFEDETIDAiMkBBFCNQMyRCYAYVNP/aAAgBAQABBQL/AOHZL5se1/8AxEiXxY9z7v8A+IkS+PHwP/Du1lNRZ1muI+tyyutZKtVXaqp5/wACRLz+E/8AAlKMVqurVVmo6lfabsjfdSaKtXdW6usWRKOq02FdsZr8yXh/6GSdqiazqzgX6+65e/HHbSaudE9LerY/lz8fOvavym8LV6+FBPq8279bbd2fux2T4I4EsvQzsqnTdBxVsGLn8mfj8N/lM6lq1RXbN2S9zXZdn2a4Iv6neVKy+d8fSdWsvpdfWLDR6uGpj+NPx2x78fE/yrHth1K/1r/axeZeEY5a2jeTIhrkp4lqdUpm9mRPD0uqdWop1lNqWH+LPx+A+7/HyWXQqV3VDUdSvmn74LLkV/cvumv6xFcTGZNEniPbHdSK9bdUaTrBVbC2P4U/8r9X6w/i22S1mpM89/2+8OG/NZn6pP6WVrM7ZqMa3iBLn2ZM9s9tFrJ6V6PVQ1MPwZ/iP8Lg9as3Jll8a4ynZqSfp006nXymvavPkfsT4j5lLtU8EpZe7iLNrGRRg4OPbptRKmWh1Sur/An+I/wZS2qO6+TopL7q9KS6grLJ9Tk3fdO6XuRFkvdj2JFcSWWShgipmy1noTxsx7tHc6rNNcrofPZ+I/wdRdGI7rbDVTuiSlKXxfsffAomxnpZJwwKGSNTKdI5Feiw9Wtk8lU8OOp2lspslMz7uk6txcHlfNP8R/gau5U16eh2TvsSlr7fUvl7kIx7oxyVUORHRi0e4WjSLNGsx0JXpUpKhZnFQjrVumxPBCzBOW5v31T2WdPv3R+af+Jqf79VGKS6lbsnYsL2wJEGPx3wQr3Gm0rNPpcJVojA2jhk2owhIvjk18UiUH3SybGbH2z7elT+qPK+Wz8R/PPiOje/UTnsWp1ClqbJbp+2PAzAn3SKNO5Gn0hTTtERF3wbe0kautMui2TjhmRSZljyjJx7IycX07V6jGn1Mbvls/Efz6x4q6dPZPql6qqcs917aWmWVrDXZGl07nKinZGAhC980XVmop+q2CxKJtFAxCI3EePd0zU/xrLZw9WqW6Pxz/Efz6nmVf039V1Hq21Q3E/u92cCt4ZgojmekqUYsi+ciF75Fhq0T5JZMSY4tdl785WnscbKOa/jn/h3P+zWP0CT3zUuH8CMCiaKr6q+EIyRMmey7Lsyw1US3zli3Idial8MfPTs/wAf47PxH8rMmrlst6hqHc8YVdW8lxL2owJEYldOSitRI9twuSIhdl7bUassfMpGTdgckyWPg6PRG29fSvjs/wAJ8HU7Vbdcs22ra9LHbTb9/tQkRKolUBCZv7QEIXZe2XJqasmoq5ccSMol8DR0u309TF8L47Pmf4mvt2Uyo2U6fE79Y4+rH1bVODg/YhERcOsqlxnjcZ5RX2j7F7ZLJfRkv06RKKJxwNr3pdofd0+z1NOvjs/wuoW7tRq+oSnGEZWSv00qV0zb6evSWo9i7R7VIhE/T8xIEeOykbh2E79pLWpENVkjcKaY+zWS6nctVpmSJxw/bgxxjt0iyPpi+KzuvzrHtrjVLVWvpVddNMWrNc5ejpcRWtedR7EIRE05BcY4ksCKe24lbgnq4pXa7l6yTHfuNOnmqvJFYIyM97qty6hpXFvkxjulkW2tRy3o+n2WuNWlhDqHT4Th0efp6oXxT/wdfLGn6ZHZXd9UXDbdP/yKPUfp2cy9n6EIpZXPhPiwgQeB2I1Wt2lutkyVrZlshDJCooRU2biDF7L6VOOuo9K2yL7p4K63ZLp/T41x1Ctsb0c0USdVusp9DW1S3R+Kf+D1WX0adba75YhdU65Rk65ZVY/PsXhC7RZGwhYTkReD1eL72WvLxkUCMSuOSjTyIUSPsFJSIEGLvg6npVZF1fROOGUQ32aLQRpVksOrGHHJ1GGyWuh6ug6TqfUh8U/8G/8As1SLfqdtSnVH+u/q6jva9sXwkQRgwRZGROZvHJ5s5HFtxrwWcGSGp9NV9VsiQ6hqkodVgyXo3FfqRIMh7NQsx1Edk9XDkrliWl6h/VLNsqGoRXK6nH6NudB06fpa5ePhn+I/kbwtM9+pn9JVFykarSbzVKSlOWfbHxEUkb0eoj1CuwcskRQyKh49HaSLfPbSWqqzS6v+VB6SucY9PgnChxI18pexnU6y/wC1ieHVe81aqrbp82OvhdRjmrS86avSt6+Pj4Z/4F//AD0sPTHHe8cYGdUocifEvZEybjPZMUsEZlf1S01GU6UldXxqYtEkRXMkRWZdNr9KqHK7r266Oa7oEvOCKMuL0WuaNPqsk/7K9PHaVU7bPin/AIGMmznGO+Mmqh/VesWkvdj2JmieZaNLEkSrNVRFw1On2iqeVXAqSiaeRCRHuvbfzCxfXqY7ZwjlQi4yel9Unpp0uq2Sehs31Y+uPM/in/jXLdDWpxvP2013wY7Mx30ksT0HMBlsMrXVSRJvKbK5M08pMqiR7IXd9p+NbHbZqEmaV4np1WyiiHqWaeMoamj07emx20/uH/f4WS/Ef4fXIKOpIffrue6QzPapKUraYxP3pV9egf09sFtSmtV0/l0uLqr5qISExMQu7GSNdWaiJS9lmm9OdVCw/wBT0u+yOIRFB+p8LJf4cuD1Eb4k7YI6091wvu1fMe1bJ9mIT+l+em15lpfK8d5Isqix0o29lIhIixP2Ptq19OpgUcT0enXZeJiRbZGBHlfFL/EcUz0YCrij/wDIIfTXg/8Ab71JYKqo2USW1+TwPkURjOmfZpfPsaJI2koEq2bSJFkRMyZ73LMdTEnHEum37oNkfDLJqEdTqf5Wup4r+KX+P1Wr1NN4a86SlWrX1ejdoa5Y1GldqlB1yF2l26fI0kfc+7Q4mBEWL2zXGtWDZuNDptpGODwNnWNbl6DnWR8fCyX+PZHdDXVenqTp1q29X5t6LGMpW1OmWurrtqxhiH20C+vTfau2TPZ98GCUTAvdLxq4ZIQ50sjI2dU6gq4ylufRNPusXxMl/jyeF1Z/+SVzcJX3+saOz0bdPbDUVdQ0q2T4Yh9umxzLT+B90ZMme7Q4G33zryeikfy/QvjrFJdR104wlJylBfV06pQo+JkvxdHqFdX+DLx1KH/lY5UMra86HTTmaaFtFln9lWtr2XdmfvpvBTLiPPfgyiTF2i/Zj3smaulvU0VYXWOGihZuoWKfiZL8XSaydc9Ld61f4PU6v/Mori9ZOqNWo1ij/I6RXihIlE6vHbb3/emsUTT6nmu76d5qOo10k+tPNPVN7pe+ODHZP45jrUpKOF1tfWdG0/rXrhfEyX4jKralR0TUZ/C62mrdO8azq8HEcpXW6OHp6c/fXKs1+xcEJ4NJqy65utaTdOWhhI03Toxda2rPZi+OZDy0ddiUw9SzQaWOnq+NkvxGbMLRW+nbTPfX+B15P01xbrNRv0mj+jVRacO2vhvo1Ffpz75FLBGzmnWuMa7svTszgTMmTcZIv4WTZDydajmHSNBtF8jH5/Egz/26Pdvq/A6tDfp3JRnTbvs1milGOm12opjDql8zSWXWuyOYdRp5fD9sUxSaOnTlIiuEjBIlLBXLIpcp597Y2TK+3UF9OladPySH+Lkxx0q91XQluj81l9dZ1HqFcqpZ3afTquqMlfF6V0zonDvrKt612mdcvboqvUjdo9p09+kfzIJPXQP58T+bWX6mvENet1V6mqJe9skyTyR8I1kd1fT041fJIf4uzl5RGTjLpV/qU/NOmEz+JUdZ0WV0fUw9OM46e2ucbI7Y98Gq0sba9TS6LezF50epVUbdWpKcz1T15HryPWkU6e6+UOlOJDTyrKJYIvK9jJSLLCl75Y7W+NP4+SX4s5qKi2jc85Oi37LVyvnaUjX9K3Sqr1NVlUbUU27vb1TSLUVTi4S75NxuMldU7HpemORT0+uCppUE4kom3BBme7Jvi6zCndulo4bY9plfj5GP8OcsLUp2Enue7jPFE9tuknvpf4OO2F7utaPl989oVSkVaU0lUcVxwcIyNjGR9jLp8ai3c9JRlwWF2kVePkY/wpPCst3OEcmNo5ZbeWdDu3Qf5NsVOHUdN6FwyMeaa4m1JVJFPArEbxXJvPdGO99iirbXN1180xwIz2kVfLL8PU35Iop+1eFgocIk8OfR7Nt65/K6xp/WpawyJXM9Rn8jafzCjUtkZORXDmK9m4ciyeDUWuUqqyESHAu8in5Zfhaq3CIkBSTJbSWMLGNA8aivmH5LOs6P0p9lI3M5IrL00CpMrEvbZPBdqNzoqIwFEXsZX93yS/B1FmyG/c0VrJWvqpqjJ2RUZURjKdyip1y2WdPtVtH5V1Uba+o6SWmt7JkFkqrNPXxBCMj7Nlthfbk01fMYkIGOy7s/9/kl2XzSeFqbd8o9qV9MOJRyQScroxiVxjJI6JqOfy9Vp43w1umlp7e1ZWyizBGxCZk3DkTmaq8qTk9PAhEwYJexn7Xj43+Bq7cREhcuuP0ye0hbxKn+uir1Cf0y8HT57NRXzD8vr0PoEVmSqwjZghaepk9Qlbg1OpIrfKitlUSK7MkY7skV+PjY/mslsjdPdKPLZTHmC41q2wsgomWzmJGvMIQ3yr/ru0c99P5fWY503aDE+E8EZkLcCvJagu1GSPJpYxZXXxCIu79siNuxp5XxS+fW2j8wR5NLA8Gs5q/QoblyOMqzk6Nq8NPP5fUIbtNLhiEzIpHqHq4HZkXJRSaevBUR9jH7JE1koucSNsZfFL5tRZshZPdJckSKNPEwar7HzE3PCqntW6Q2yibrs0VnqUfkuShHqXVUSeX2ybjJntXDJTpimraVxIoXbPbPfPZki2HN+mbS192nnptfC1KyL98vm1luX5Io/cFzQM1b+heP0Kc2vqrEZ56JqFs/HttrrWp6vCBrOo3X/CjT/dp48KJHgQ2bjcSkLs+7JE45ho9uzV6SF0dstHfCzcU3e6Q/k1M9sLJ5lE8EPNaKSaNfxBeCKyL6JWWOb3ZRpLXXbpblZV+JJpLX9WUC6+d0s9l8NcsPp96aXj95HLvjsh9mMZ+tHZH1WjrNf0aaX08FcpIjPd7JfLrZ9oDKlxX5qJeOo/avAm0PJGf0UuKJYbjjHRdRiUfw7Zxrj1PqLueflRprnXLS6pTjuHIyLkS9zH2RS0tSdWWa6lhIhI3vdG9xI2Rl2n8l0tsJyzJeXw8bo18JcOjlSOo/YvHZyyqmlKbTm0u3SoL1Y/b+Dq9fVp1r9dPUy+dFFrrdesI3biHKSF7H3fZFU1K9eOoy3TrEIZFqRhorukOSfya60ZB8yjk0suXDBM0jyp+Nb9q8dk8Ly7FBLBg0P0TolmHz6jV1ULW9WlYTm5P8BEUVLmp4ITIyF3fsZgn9ujf9109lcpb3AZEjgUEhIlAw0b2hTT+G6WyFs90xRIM27XTJWRvrwtHLDfK16+leOyH5UMxisiTZRI6Zbuj8t+rqpNX1eUiyyU38i7YyNd0QIIqK39UOyfufa77NDJuWttyMiY4SIReUNDyKbJTQ/EbGiNpuRn2667svKiKJUspJ12f9IV5hcvt18foXj2RTkLh8xKs56fbtsi8r4r9VVSazrDmW2ym/mQu2029kQKyHisTwbxMT7Psh9tanKvTTcabJYK+RIXZNI9RZUsnGGOKZtMI2o24EmbjcZLpbIWz3SK1zGJGOVGODGVVLY7Ybih/TrFxOLg+7I5Gmm8sq5VT2z0dm6v4L9VXQtX1acydkpv8AAXZCHEa7RZXMVhG5EbclcskRdpeERH21qlIztX3OtduESkhNCimbMHCMZHwLJyZkb2KzA55E0+2qhOcZQlEiiKSEyDHMjIkyu3il86tZh1bRctNd0J4cm5EHxDwdNvw4vj22TjXHXdVZOcrG0YMdn8C96ER7SRtNoonJGJXwVSwQmQkZGfuLJMstLbDOSEBdnFSI1RNsURH5wYNuTZ2wbjePkXeUFJX6bBBMa4qj9NqacJPG/iTaKNXizPqVSipK7Q1WLqOjdDF2yRIdq57JaK1WQ9ms1sKI6jU2XyePc/wYyINGCS7LtkixTKrCp57NjnhvUKKnqckryH1EKxdlgSRgx25XdmBoSHHlRMc9m2QnzHDLKlIdZHgeGoxHUTgalbJ9Ou30dtdT6tWorddnesgYMHSp4l2uthUtZ1RslKUnLPbI2+zXfBj4mvZkTITFah8jyZkb5I9RnqTFbMqnZnT24T1Kw78llo7BshBuVVOCK4FHI6kiKwIzE4Jd9vbA2LkSJbjkQ0Y5SP1wy6HFVvMWZTHHJ1Go6de659msrrdO2fZFZAx20UttkXxrdfGk1GondIbM9sHPZIZnvtGjabTHfAjBsJL3RkJiYiMSOEkbjfwrD1MDnzBORCrLrgkRXZ18Lg3qQu20wMccmGja8DRgwZHI5MSHki2byEkzamOPF8XCyqXAjULMZ/RZ361H+rsiBWfplcsS1PUJbHubztPIjaY7ZGJswY9jyc+1YJYRGQuT08kqxxMMwIiIcsCmRmjehzPUE2zkhW269Plxq2m0wTngW6T5xgSRwJob7YMYOOzXbHbaOJt7IwYEjkjI1FSshXmMo9p+NfDbPv1Rf0S+4RWQ7MkzCJyGRXbkUcm3AsEjBj2ZH2wY7bRRRKA1ghPBGxnk28uB6Z6R6Q62hwNhtYos2sVTZXTzGoVZFYHZBKzVIjfKRjcV9uO20SH2289svGe365Ipj747YZyRGhmpjzRLK7dUr+heO3UP+Fn3ESJHwiT74GVwyOOBi7ZJMWTaxrtgawPul2RgwbMk47Soaym3EheepFkHFkcGzJ6PLqQ6yMCNRtFEwTt2jm2NZca0itR7QGzk5F3TYs9347oyMYu2RYxlGORlkcxhw14NXHdVD7e2v/4z+8iRIjG+2MDERfDYyPJgUUSikIwxxbNgoDgemiS7pke+CyGTa4uBKvcSqaIpi4KyBxj0lI9BDUYnqRHbEd560jmRs3EakhKKE4mURmbjcORuM5IjZuYnI5JTkKTG2LI5NEWzkZyZP3nghwZ7NZW3mJgtj9Ojlvo7a7/jZ/0IkELukYyPCP3FDEsiibMiikTwVsYyaF2/Uuz4EJEUbMEe00QiRRZVlOtowxJkdyI7yDaMsccm1IZlZjOKN2WkxxZGJgwRwcHAkYEJn6TMmTKG0bzchyR6hvIyN45ohgmhIUsdn4UubHhu1ELSb+nok80dtV/y1H/VMiQRnJ+o8mMHlzwQ5lteH5iJcqLw48+kYw48ksEjLOWbWyUB4GRYpCM8Ph54bYmQMZJ14NptQ8CybmQl2aybEekjYhLAmbWxLacbRGTKIyHysMTZnJ++zXCRhZcRowOOSP0tvJtIIkjIuRlstsYywWLcramOUq5U27o9Cue/tqFmvVL+5ETwodoE1lftx+nT+c/TOJCRGeBTk1hkmfuPabG8iyYZZA2Gwwsfa48iwbEbR47QYu0oZFUOpZ2owKSR6qHYhWod5vyZbNjPqykOIon62m02iyIaEhi7PtgY1k2n6IpmCESaP3AZfNsr4N39dtjTunuNO+emW+ndF5gW8x1623kWSf01S5IcE+e0uFRyY+m6RW+VIpZYnhJlnBVyRSLkjgUuXIfjaxIUCxIg8EUjgksko4ORNkFIw8uLFFjiekbCFZ6aPSQqln0kemkYMd0I474MGPZ4FIbQ2jcZQu0yLFIUiD4mzPNaWLeFMjyRX0WxNTE3OJRxPRy3Ukjq8cXIQzwVTyQ5bg9rjzM0rSMtqxD4dMliqRu+llhCSQnxLk2I2rO1GES47YHA24IYwsER/azwJvPk/SMNvaYP1FcqJtQhYGM4JeN0kKzJuMvOXhyIs3My88iUmbXjaxqRyLklnOWRWVMiclR4VkitkC1uU58EWsx+y4uLfCOiWZrGdbj/AGds8si8FEitrbasu7g0qLfDTZZAplh05aghowjb9cUSNuT0xQPB5GhRGhxK0YIvBuMIk0ZwRtjn1EKS7bzcZeFuzmQ2xJs2szg8mBcHAoowQjzPgxkwRMdojMkzDEicWbXmMSxYG+IvJBD+29FUWJ7YqfM25Srjyvtlhl9DxcsJeOj27bu3XIcdl5eO1U9squY2KKje8vSmPplw5E/ploriHKZYj/2iYRtHEm8OMljPLZmQ3IwxPBGZjtFZJVocBJIjtYkfox3yYy+ENcbckY9sdkJolI3G8U+ybQ2ZOTLT8r6htosseIzyRzicyTIS5qZZ4f1FcXnUvbCvlS4K2bjVblGjV4LVXdD9aSWy7Ty31nV47qX5I+WuzNJflNLbqjSEOVeknIuNF99K4wWR4mlmMsErOYzHJsa5x2fAjwSyzaRgJG0ikOKY1gYuCI+zUjDRjI0IxltCRHgwk+DcsqQ8EiLPJwLtIiN9ovlsZPxBc/qcubZkJ86WeS/lQyQyaqe+VK+mxorkipZlqo5hLifqSiv1Hz0mzfQayG6m+O2wj5fhDjxB7ZUy3LVQwaf7q1xfBEiZp57Z0zcltkyyL2yhgwTgiODBZGRGMspIe0iiSwZJctcKPgSMDQ4kYiMm5G83G4lI5Mzz+l3/AFtMo4ZsRhCwcEWjJJkWZRkUkbojwTwRwiMky7bm6dZVsKduJ5ZBEpbYwzKb+mtrLhFIqLDXxxa39K5WcHRb3GwtWYa5YvIeX4/afE1h6CZqYNwo4sr+20eEXkX9Wja27uJFo8j4UWVzFyWIUTaZwSw0ZRw0jk5GJGGJCFjCwfSzgyhsTNzFaOw38ZIyOTDFWyKGIwJDMCiOHMYnppnp4MPF2SGRJom551aKPug/Tqrvk3GbNRPhTwb5YKytlnnqL/ufj9YNPb6dmls9SqXK6rxqCPl+P2iXJTN12ffVt22af7dRNRJPJZH6XxLQvIlwWcjjzauIxIYI+J4PL24JxRwjejgzHHqLO7JGwm2KbN7MtnJBNrYz0xQRgZ4G2M/UWZicGTcKbMvsueylg3GSLJCEPtPxGPP/AKyyjUMp++6eK6cZwsX8umCzZy0sNeKS2SRb07+Q9XpZ0C8ZF56NdmNjxDXy36gj936msOPhjNDdlXrE42cSWU1gnnE+JaCX0wf0yeCXI0yUWIi1iLHyv28jyyEMjrwPgUdy9MXnjc8Y/eCI8Cbzhj5URtGcPcbu2XjnG5meVI8kRp9ovtgSYkxLsu7RNEPP6tNTnOma33y5o8ynh4Tb+k3mSPmuRdnOjX9WppU4LwNnR57b9dPbpZvMj91cxujyiXgpnsnZLdHTQyTikrGWMl56cyGMOUSW0lLBOfDkQyKMsKHGMNz4jLtPOG8kI8bThOW03Jm9IVhuGLOcZMbXEl5GskuGiKIjSHFCwRwbkk7DcJmeyyNyNzNzItnJlibLc4rby39N241MjTP+yx5tg9sYvImNn72cb/qqWR+dK2ozkz9GDTWenb1K/wD8TvRIu8ifD7Uy4omJ5V8ME2SOnv6q/Eo9rVwluTghcC5jz2+khgeD/wBXFkM48GOXHIkbTAkYIRRwiaTUGhrJtZtJxFFkfPA8dkRwMSNpFI4ExMybkZ5ixy53GVj7j7JcSWpk4l83J0cTxmUpMi+D9yeZeFFJuPCZo19Moi8doPEtTf6sX57UPm9cLs32X0ypZCWFZyWkmaJ/XVLjyWLBPlQiieMvxT4kuUbXnYyOEnPBORDlMYu6RhdkzJW0S+k9UeWbJ52TPRsx6Fh/FtYtJYfwrcrQ2C0Nh/BtIaGaP4bP4R/BYtCfw4n8WB/FgLSwFRA9CB6ED0YHpQQ6oMVMESprZboKJj6TAvpnQafntJ4EKPMir7pP6d2HommmLt4G8kfD7Mp4lOO6p/S/IyHm1FUykteFcM0f/WuRFlpLJntgrJ5MyOcNMhAsik8R2/avVHyLy4yxCuxi01za0dxDp8xdMZHpiFoK0fw62LR1IVEImyJtXbHbHvz8uRjXbrWp3yitqUhyUnnjOyMc2Ous4QopvR4TYvB5EhLifD7Lzp3mOpWJp4M5P2vqiuJ12DWVdwM0zxZp/GCXieDa8YfaM8G7JJvcq5M9Gwhpr2Lp1kj/APW8LpkBdPpI6WmJGitHpoUDHtbF7MmTP42OzRr5+np3L6uWSfFcWIktxXBLt+48Gmmk53ZF48ngXmHixC76WRqocd6WXL6qpCsLR+avu0y+mBZhDcR5Y4WMho75FfTWyvQ1xFpq04wijC9uDHw4/PZ1y3FUUSlhQ5K1HFzUSMsiksLsvFX1OKwIz2iQRb7NO8Skt1dsdshkfMlurg8NMmxkPOhpsshDSTLNDuK9DXEVcEYXvz+Bns/yd5nt1ue67fgT3ypqWJy2Dk5tcEee0fKRHiW4XeCILMb48CGiLw9LPdHWw9lUixbZRkSeRlP39Gt3VxH3ZkX+hb5hMc/p19sZXSe4qWDc0m+Yo4INdlwR5Uom7hLuvFK4tjlS4cR9tJZiU4qyu6vZIYmSW6KMiqyLh9Es/tiMaMezPbP4D7SExmTPdfiWoRrJ+np7JOU64kMYnI5Ip4WCuBtblGo3JDzJWtxl+hCKC3lWeSHKnHBW9stLapw1tY4sfZMxzTVFRuGdJljUVvh9mP4cmfjz2kRYzIu8X+JPt1y3EIIRJlMHIVJsWFDmEMG7B9xtEzqMMeyJR4kXLtGWDypLBRY4ShJXQvq2koIlHvpZ/TcM6b//AEVeOzJG7ncJ+/PzY7YF3j8D+Bexj4Op2erqIpDWF5dT2krOK65TK4KCkxLLS7LBrnH0F4iiRApXDRqFw+0GT5Xg0t2x7o2V3QW5kl20ssSsH56f/wB6J8ZEyRMkRF8a+KSylnsu6E+y9i+BmRD7M6ld6NGcyzgcnJxiVx3FdMUOSRuIm7BGWSUkjUa5Vl2olYokVxIh5ofGSzksjhkSMcq2IjSXcXVKasrce0iEsPOVLzoX/bpZ575JEiPZsXZe9fA+8he2Ps47L4H2iPtKWF1S/wBW7aSZSVwlIxtFPBObzCYpE7CWpjXG/VTm85H4ijPEiHmjDiolsC6BjtTMlBNWQw4S2uq5NW4krFhjK5cM0n/TSS5T7tEiPncNifZe1fA+zMiJci9seyH3XvRLsjI/HU7nXTnL3Ci5OmGCNu035a5dhuacrsKV0pCi2WcSJeOzIlPEVZy/qjbBlnDFw6LE1dHJJEPMfFgxkXgyad4s07+qHKGx+GRXZkWJ/Gvg4JeU8+xPsn7F8D9kvt6xqd13MirSSxlRlO4WSnk8KViiTlvfozZXp2eng1ccSJfb2ZHh1xzVhldjiZjKOphz2rI+Jx4ksOmZZHJLPfJRL+yl4dMvp3HkYyIzJj2ZM+1D+FkiMvavGRMfZfA++TWS26d1KU066o3Xuwy81VjRCSiSucirTSmLTRR6SNhKJ1Bdn4Xdmhl/W61IlThuBb9r8kXh1zJssRF4ecqfsr4nW8qj7F2kTKybGRkJmSQvZnvIXsY+yGho2mBiGRMER9o9mzJnuhmO/VXjSqbJzbM5IxIvBKeSnS7yrTxglHHdk0dSj9A/H//EABgRAQADAQAAAAAAAAAAAAAAAAEgQHCw/9oACAEDAQE/AeB6aQXif//EAB0RAQABBAMBAAAAAAAAAAAAABEAAVBwgCAwYKD/2gAIAQIBAT8B8AWs4EMAGjzaiENzDAR20+Gelu//xAAwEAABAwIGAgICAgICAgMAAAABABEhAhASIDAxQFADIjJBUWETYCNxBDNCgWKAkf/aAAgBAQAGPwL/AOm3tUF60uv+sKaWXr5JTf1RyWTeP2KZ2H6T1OckOFFZX+SlfgqD/UMPjXtVpiXpQ/pk7r1oC9jGqyHjXtUxUVj+kn8p6jwAad1NbBf4/KSorf8A2vcL1M/0UlH8ab5nOyagYRkFQgINVKj+gv5Cv8FJP7Ro2130vWtCnzhPQX72Vg8AxVLH/wAiqFg8YAH6U6+EI6cbJ6d+5k2cqfTxLcUrBSY48jO9JQc+3b+xalTSE9J/9J69vwvWkYU9R4/q62Kl84lAjtfYr/EGp/KeryFexJ4O2dhbdMA5T1nQwFP2ZP2v5fKhRsFHxHBBZbJlteESUTkc6AKHZin6FjSN1+9fbR/S21R7dkSqyyLqqsp9XZDgb6EQo9gF+Kvx2EKqlEfZ0Z4+6+Wh7/Eqny+E79gAqkw+lKjTCHMp/CpPXssaNTas68ZJpW2iGVOLr3KYfFMj+uftpe30mHXiilCgWc/aLcsxqh+vYblfyVfJYvIQAvQuFhpchMepD9c31Sv4wITBA1JmVTc0pjo/dsL9aSq2RqqmpeqpxqkhVcPdbplCD1Z3CY5f2oCFXkilYThKPk/4zf6WE9aV/tEKpvpf6WEfXBanWMZokrH5N1h8cUp1hP2qfIPiUD1lNI+1Tb+U/aIp2qVfElQvivipGg/2iLgFApripCr7CwHcdYKfwmWFYSmq2QNP3wpvAUBPV4iybyUEJ/FUxUyM8pxYFCkhfpB7kfpN++sqqTo1lSoTeX64G2bEaXTYWCmkL1cJnzvkCAG63ixTIkfRQ6ohHLjaNYaDBTvpnK16qVV2NSOqMmyhTaBqEKLbQnDBRkPYkKoXnSCGSL7aji8hQmZMLnsnFgqWzsSoL2CGSQnoTVDVezoVU73epMLO/YfIKJTsbBUcGdf22WKnZM2Sex2XxQKmwFo+XOcJshJQppMIDsj+bymCxUn/ANLFQmqzNy/4/GVT2ZBVQFmeUEQsQHr+FiG6bnmjxmUSftYz2hs4TlYxsgRKJojmmkqE1KerdB0G6EPvwzdkSzqKSBYjmPYWpCp6EH6QPDwkJgEFi1JK9aEzMn4QtiOw6JsPssD8KmoIFUeWlUqkXxNnYr0lP5JXqE/DdClBujBQPBpIVJ+0KTT7KnGECLkaDLfihfyeQdHKhYeCVSVG/wBIVDdMAagF/wBRT+QMLtoDiAqlulH4Ua/vUEaPHKlU+aiSgsVAen8L4scmIbZ3UrdRbdb65CY9GyZBNr+wUUBY/GNkfF5inoqekp6U7TkIRpq0Yv8AYCd+x9jZ7MeCxWPwFih/JS4WLxQPwvYMcrgewTHQgL3Xx1GHUOyZrUlUnlfy0Z5W2rCfqBaLYTyjSV/8csZW0WHT4acvuEWEJuXip3Cb7zRd9BqVPTME5vNotShy/wCSjY8DCE/TzkkpgvdeuyBQ5ZpqCMeuswTnrZXqVNsHMIqTHUYJ+nbNssbqSsINqWQ5gOm1Knp3T5oKZ7YnsFT00KVtqSnHKbMbumBTusSwHmVI8hiFB5LnMU98a/KZAhA8p6iwRo8PJBxMFi8NcrD5XtvzDkwg2m2E8h66k3iDpjA5UpqSi4lN/wCKCY8s5XKawKBHFc7I0eGSnrOq3AqpabCpDiRoHKzI4gothJ4mKossPjLU8DfXY0zYBDJ7KNYo6ByyouDw93K3anoMNQkWbNCarVYZMJynN673BQ4HtUjT44pTv0JFYlEonRnTORxlOZ3yNre9QdEeLZOS/RGVVjEhYRoyFso0cOkdF9X2qTeIMnqL9IcJlT8k51NtB9BxYpjl9VNwho+1SbxeoT1F+mfxm07X3yb33W99lstr+q9hoMb46ApGSE5TXbO9ZZYfD/8Aqeo9PGtut1vnleqnOxtK+IUCNAHNu5T1GPx/QJ1SEQdBrvWUafEnqLnoftbFQF7cPfVlQmOR031kxaTUSU9R6HZbL61d8++jBW+eFNyo1cHjU9XtzoTHI+Q6EZY6SckleqnmvkfIUczc+b759rtbe0jlRnKFyj2EKLydeApHEpuUeo3W6+S3tJybau2lHAY3KPEi2154G+nvz3WyhbrdYblVaj3hTwJyxobX2tF550qL7qlA2KOlClMONsts+/XUlU9NtaOBHD30pzsTpSotK9btaeJHFlQtuLKfJKcI2a75ps/Bm0XnLN54ccwkJqlFggdHCbRzo6Kc7KchRCi4sURnGjveVvaLz2UXOTbIb4bFVZ2T3m0Z50N+rhbLbJN5ytkBCFViBnfLHHjPvn2vHHFo0MYqZH7GTASiVUdDCU/PjowLNokEZajpDXk5ptv1jp8j5dsgVI/OlN30JvHDe23KlQoU3FIyydEOqRxoywp4D2i3xK+K+JXxXxXxW15vut8uy2Wy2Wy2CgKaQviiaSi9MIk5ZtHUbqbbKAV8V8VspXzXtVaQtlAW3N/ioyMMu3DjWZitiopK2Xsy+SklbL4BfALZbdNUftEmTd7b2i8r103yvpQFFJWzL3qX2V8V8AoHX4VNp6CVNSmVAW3asPrLPDdsjZsPcuVV0D2buSUdBgF7KLHVfN+bjuRQM8KcuLhtcIdx+hmna85Dxh3B/KfLKa05GpkoudZlHf4XjU3j+nlObRli8KdedIIdthGwUBYvJATUpqVOT1U6k64Q7Woo1VF1AX6s92oT1rbTbghU9qczAJ6jpf/EACgQAAMAAgICAwEAAwACAwAAAAABESExEEEgUTBhcYFAkaGx4cHR8P/aAAgBAQABPyFa8VxPjQ+F/iwXwz4H4zzvkeBEGvOE5TmiYFohOGhf4C8L8WBL44LxfjOIQnjPDQSkHozSDXhOC4hBIQREaHROHxOUXxnE+BcTleUEfnEH875Q1xCeU5TAmTfE4aIYJxPM/wA40OvCczifKiC4pfKTL0K9r0mby/SG8IFqS19mXH0ZPTrXo3ykvhhP8LTgg0QnDXM4bwUXjBMHXhfhXwr4XpNF7Lv80u1d+B0o37EP6PweRRkz6KJz9ZEVF7QsSbC2U/Of4kHxbD4fD4e+GZI+EQSYkNEHoQxeE8V8iHwj8RCFrbevY6aFfZIYC5yNkJysC3cLGnDMD9B5Xfivh7+L+CLyMfDIPho0hEvEJyvLWDQfD+WEF4rlAWk19DDCjFNX0P18tcJEXFKbI6jyI2z12kwVdMwGQNsj+jLVj8Fy/wDCHzCcwaL0LlH6j88NBD8p/gowX0SDfQ22N+xMZOVvieDI0xsjdUEDRJH6Hp6Qy1fsxrztpmWn+4QkX7iOpna465f+HPfwkJxSD4YuNBeC/wARFw0h2RgfvKJngmHFk4KJNpkXqpwtkTPoha6nRFhPQ3vIlbM4hCXsH0j2TGyMmv0ng/kviPfLnEITxSgxrHCCXGp0Lhi475nlsXixtZtEqV+lU19oQ+ER+mZPO/BLA8PkGxDIQnEWh03MdIV/ozYMULhfYjRWPTJ1J6Ep/wBBEt0+vjnihcacYIQSH4TicvQkNcvT8GLhebXM8W4zaIzv7QinauZ0ITazwKeSnZSEYSQnsmeBuFmWKl/TM/OD0IQAUw9lrY9b5zRclfQs7M33uhNYvZDJ5XwnDFzqNeUJzB8LlkojQWvKfG2iyxpcSQVPA7N/ggrQ69jNP/5DHWf3G3++VKHnFg3WaHA274UrbNiPUijO7oZWFdISompwMvZCGtiewieHmnivHQaJwh/I0QhoLmfKpjYjFPQIrY9ihowQO50hOoJoYXn64vE5xZK0pvh8IQ8iFiLWUQ24FdEM7jTwFmf9I85EGEMFLw27So4jryvGvgbH+A1zo1Oub8f6O9DqRMJH7FWJ1GZ9B9+UpBEFgJ55JcLPCEC0rUK9DNEVaOh4Rr0YQnb+zYMvwm/WMT4K9IW9DCIWcLYp6BC/Fjwvi/PBD8J5QaNBa5nlPFZGkf0M6W28ISFJO4KZVwDV+uFz0MJVgYo9jLw7QfrA5JAxbAowHwUhJqv8EME4wH9ILGKHWHUDJ858HEpStTXyPxMQ/FEFxCcPwawInwPxx+CNG7sPpCJnzEff34I6MkIRZDwGMVFTHtodaCqtCyglDjMENYJQlOiqIq5FGBR5WBxOF9cBu0NI010ypkvLGJWEehot+CGXwXinjOF5Ma8dPjhOW9Aj7BbEsTgTxUtF5tMZPBqKb0X0MTG6Ma2OVkJ2TogpFyMZkKBrBuo4bapRWEhmoSdP2LPAbx9mSe0VtDROLR6+hnJ2E9i6adt8i4Uc8ex8US4fnodfM1tZZRdvPGAZsbGN0NcpjiDQkHwlFbAlGBEnry7FzZFKZrsEn9mTA8ivRCUzbJ/Y16MXBS8pugaiNoTPc+a1w/JC84RCRHXnPJcGyWkK6oXdEKky0GLfghM9Q1y2ZMYzQcCI4O445RcIWeNS5kZW0U2WSeEPqG4RBpsw/Cn2PEYtLsPCymifChmvM5YvifL0LXxtYFxj9jJfN6OpzFphq3xPBcIXBjYlqzizQ+KyHFw3guDFETUY9WqVWBscG2LBIAmcB/hENeC4RvuUSFHhczynOn+C/B18pBNOI6sDDbsc8aC0Qh+CCGYc2WKkLA0GIKcORCE5fBSbF17P9oq7FDNGxwS0U68EQWyVdAjr/CUflB8Pl6OuOviZ3joO8lx6JiuULZNRsnvZ8ZkWFBa4UY2CzoSiBOs04pRBLkuEKkIm5SWYOD9Qlbpm8MfgyizogIcaJiGr6Y3F+NBeS5XJcQnHTFxCfC8oW70SK+3ms+5IYy37BjVXpfCFCg8d4S2GwqFiVCXBC8CQxiUFK8FFtIt6pv44OBrh8u2Ot5MUa6Pey4LxfxETmCXN8mPQvlnpkJ9JcG9NFj4fQ9JaOhF5XGgkYsWRDHYNFmHXYqfBccCKEJ2ZoGYcaKbh3BkhikLGBFwtCM3eE+LqpaDZKyPwV3oeRMuNeF8G3inxviUh15wnL4+skMhO9mhyp1O7BiUuKJovF75QtiY5aG+iiGYqNxKaeBskITJHJ5IbB76kVLY6tQbRrJ8MetmfEqEswMixWnYOg2UY0QlDy4+2P0f3R+N5mALaD2LjEqaeS56NzrhfA14dC0NcMevhfK0Y/wBiUtbCzexC7VtRU6JYCqX+xq+CEgtccRKSEFYkkUlFtsW1hjhj/bKstjvWCtjVMIU3oXAz0QSGqLZhrEtCG1wh+mxHStglJTKUyXo3h0QtOEHr8YesGvOczBHwTi8zyY9C+B8Xh/sB/MFNrcELInyhlWAaV9mbv78FvggVSnRMxGcsXEIsJpYKLbEDRCF+FHFsJiPbNQzDsQuC4yQ7xgXZ6LaNiXqJiqpN7olDOIVkaFpgnO6fpsQ2B15XyonFL8M8GPXjS8vlbHx1QlLAVpD7oSHxTy2IRVAxb8EUFDDnhi9kWZ8cGpUyMxhKFZIMtBXsViKYq7En+VP+akdch979hZlC5roY1Lgn7XG5KhtK37ITTgWjobMhDy4aczXQeo+EPyePnPy0OviYhzZ6PQ6txwe9C7XYuf8AaY9raejESMQ+TEWR9nFHXBCZsemhjIYrB3WmNdhtsd7ExJV0zSqvo2QfhfAVZGvsehISEimaILEyyNhoK5IuxqyjHYIooa4lRrt6NUQYL9Ll/Mx8HXDFw9M65XwW0NtG42zYaJUIzQjF8I+wlEscSb5cZqDNfLs2SYBam8mMoq0GrcMmSgg8jUbGSYyFWUQkTk9DKVx/8i6l9jaJRHkgyWqsRN+x2RgQ17FhfCzYvgvGeb5emdC4XiuWmw0eGBJoThyGNT1CJ+xbMuU4x0yxGJERiDExCzIoh6FO4GJbEnsKUw2s5ZLG6Ri2NReBjGLcXcJaPshObLB/iFmj/RadY9bbMHZKPYkMXmzbl/M+GPTOvBi+B+H2Ihp12aH6ZGEQ0QRUcJSCRldGRD5A9CGmLLSiLXYgx9qBklBkVFSLwTwM2jmBmeyIpRXjZkli9D8yMe5WByKh9hGn9cPmeOhm/OcT49ReSGZP0vhjhnYpdhB5+gyqiWBpEMRihhvIgxISWYakFJCEh7E+HQ8oG0m8NKkmDDqeAjmnF4QiYIYRmbITZQg0bQVeORXTiqh7Zf1CHxPLQvywQaJ5IfD4bwL4Z4tAu3Av/aG1V9DVQL7RX0Ylmvrh6yzoYwlRH2hMjcaKMlBIiRfBDXBoQi8IcrCE2mPvL4y8N8dlXMFSGU0rCkVkLa0EhLoaY1kiUv2IfwPQmRjEuZ8rOhfKhr2b9CWW1SGImZj6DbYdFzHp6BsO0PDZlhpEmCNjClvjWuUUXh2gpGPC2Oaw3eLpsGKVoUhijwNwNaiQxkJWI3XS+BcPXG8whR8P4G+enyv8BTMqDrF2XBbpIesBxtXYib9J4aEJBNTixSSGhi0LhcKQhYd6NjYkN4QoxNgxL7MR0SKhGt6HvxexXb7Ei/G38344ITh8IY9Pl+DXyL7YhWsUrWjO4C/wjaP+DRU2xiavQdYT4YnZZRXB0HwgT5zg+Ko4rQhcQTg8VPoQlOK+y+B9jNqGEdCReDF5Nxb5Qxi+F+HTF4IZRonnjmiIblwtdAplhaHIZ9icHsMab6EbU8sRgOdkiCRSjGRXgxh4KCTBkx4vPFdDmStApd7jdgpRVYorRskqX49DfxQ/GcJ+MGjp/wCHgI2xjRZ0xLo8jXRRkckuiw7ChrJ4qFKNUSNcEIYW0EgiEkNos8EhmxucC5YfloauDAiwyJgSRC5yfpBI/Xx6G3gkQYvGD8bw9MUNsIQj5fy9CofscrFRLVjMixgUz2ZfDSIvAtrfZfs2hi04lMKl0g2jbFLWb0h7YQxWQx6GQoHgJtPiWuGMfhRmhYQ6QYgQ1BawS8u+HwjQ2KThcTwhc+GfDs7FhT7MooP6+G/Cwva9sX4OCzVtsSn9cbGE5IS7OhnYwayaJxpHWz7M1tvTEmNCM2xKUsThUQzETKN8PxfHIYDQHq+2IbZrlfDqbczhD4nnBIng1PROnMkj7Q/C+S8vtAYrpkzbNoxEEmOxUg0aEvC8uhD40GiVEFNzsIcyKGB7MjHirYmDfL8GPgdxPRjirHdl0Ikjvhi+DTznzMeD4S4fL0WwwklT6JzPKHxfluRH0htNJDmqm2ELJN8vgYJhF/rfHDWlByaoRsYk4nHY0qhzsllopLRM+orgwLEPoK4PzJxS4FYljGt6caL5Xn+mngQxUhopfhfD0JOi8kLBuMIQ2t8ZyvNTUBSLdjS1z2fbtEkVux/BHnH9cQyvV/fEYZ2YWGoFvHhhpog+x7yuxnEVZQmvsr5N8xQYoZbMMFQfD34aeNiH8E5pCD0LRdEM4PQpVZXM8V5M0Cx4f+EwsvRIWml9n0yYSXJ0VMH8EINGozsyL0/OIbcUkzGxu0x/Z0aBUq+2xGTQH6e2OLke8fIUvD4PYRGY9CnhK4sYXyaD+Gee+WYsoY1YZWgt20KpYY2T3xS/J1gSNFpU7DBbN+vJhb7I1I0MC5ePUhpTGhkEOFsv2U9srohLmbeL0Y4t9mCJCBfodqh8ELw04yMzHVRy29vh74KtPkpqNyub5QnkhjbGDyzDIKWgNFI5Q+xax9eCfIhxiQSS0hsJF4bIsj9EzkRYOj8R1LSEYeQqkyFoUEpbQ3GxMTKOKTbGToWp0RFw2TBuSF8L45Q7IPxfK4XDE2bMYtcVJS0UjArAHN6MzaPT/Eb5fCUcND3qZcZ6LZGFVTqCElkZGLBCyyICsZKJkRkHgYcjCxwqraEKoOMM08C+LQfCGvNbJ5NxV6LAclnYsYd7Gz2VosZxINVWGNCfC+afCxrEUnOZQMwZAThLsPODsRYuUILDMJXlITLNqhu04EDcUbA2WPil5fE8T2P4ex+E4vsyJfoZtD5hmEwWShhdh9pfdUej6GL4F4ded8Uqa6ZVQ3s4TGIbB5ZHg5dC0wJwtJIaG+htJGdGUAcstvgSkIJeBpAuF8Z75QxeL8UxDM5Gz2w1/CYwiKwj+ymaIhgTiB9DTuZwmPyhrzn3wvCcPhCB07CNPwEYik0KC0iRBhucMKNpg1wUhFDBR4DXiKpBa+Jcaj4Twfwoa2PelpEYQ1pIhwKKsUgnIuceW4iTfoQqFovgfwMWB/Anr8Yxa+mMTybiFKI4a4sOKSKeTI2ZKsYFjhWAwgoudB6scL4majFw+INCGXxSFOV5N/pDJioghc2zR7cYReMS1CH9j7QY9D9DM+F8bzPifgrFrHsTJiYIzbExkfjIgbCUrZtYPoLlhQQkjByTguNeD3y3xhryvDYmNcPlrlbQ9/A4IurNEc1o7eEtbQbwJsaxg+VP5bFPXrzXjBk+Gj56KbXXFjMpUUH2Duxi2KS2PxYt6FqoQsESExyg0Th54rhoIQH8+LQYh+GeUPfLwjosa8Jphz2ND/VGcGJj6mbcTxJkG1cEl8l53yXD4vhDr0JF6YvsgkhmIoYyeVtFEnsk0JjJsLwZcPnJGKHjI1RTrfM4fhrwh/B3xSt7HMBaMMFoQg1gtRxGYLCTPpRXtwR0e8I9lTyXmxPyb8YOiyPY4spPDYxj7fCFwM2ZZSWaPW4JowGxpBsfJ8HEzRmR7BHm+jJhadiS8mrXyZr5Ifk8KlBDGOiQbAjUGJAzxN4CbSNAHocMrY1dHoG688PmeU5nwPiLS/o0dH2Jb/SjffE46FkvGxMCWsMQgdTkoZYffwMz4Id1Ed6vpiGX6Mzu0zOVoXh4mmPw1+A+UdlYc+ohs0EqMsQ1CA7iNAhrxFJfaJYGolEJe8DkK5yjr5b4PbUkP6QBgZf9G3Y3WMXxguI7FMSy/Qw4KW64LxDQyJn6I7A/2CsLN4GtGj8UUn34aj5Q+HzBMYtuMZNOChhBihBaLUIc1FssSqUzboZnVDI4/TBquJwvN83lPh7TRex4e+jseVb4b4681yQYxXW5Gy+hhxIZOH4ug9RN2Iz4fkhxiFo4HkyXszLLjQfKE1MnflvA5xsVMNAUkFwDR4GCMg0FE8mISME4OhUILB2Sx5NHLF4Tl+LMpXoYcPSj/XgdTxRfJcIUxF4HPDHDApJeHQxRZF4XAyegPhw94QmRIbITNGMLa8FhS4Y+LwxeHYsKm4mx98eeoQTeRhkmilVlNHKAUyYQg0FSMWkfWBLlL8cINHWdF5k9ITBKAzY36KN8zhMXMJyhBzO4zCMS4oFya4SFFlkV30OeCtMX6Ac07ES4fYpgzcyJuy2UekIDvC0XheOxLGOY6MMlko4J0qInsboMRyR1cQm5J0MgD2eRx+D1h9GSPzfl0In+ImalB4aZj8X8QgQVpsM6ZheFEE8cFpCD2LhClCGLz0DG5xKwYpGQbOARvBB4MApgHFkPuERTYmdj9OEPiygeTIYiKouYuNaGl/MWLoei0DV4MwSZUEX+hCgxS6ZPYvCeSlyq6KDqeyjDfY8kH8SFyJDZjZDT7JFyJRJgTikyPpwYOGgmJRDRjYUetxlNyzseTHTIUSN0LQEihDEnRGoYg3dFNwUyeUQKi4y2HrB6w63oVwGAwD0SI7QzYIaericMoNqPYBswfBC4EZheZ4fpaKb9IcMxzaY/hCEGiGTPM8UxhYHqFTXHMeCBEXBbFPaHNg6UfBeDY0NRwXKH2Y6eWO3BK6wL0i7g/wBj0NaKgcNkdh2gdhPcaGLsDxXtweehwQbOv6WOkFpHcI4MVQpkSsGXWPTAwrE+GRB1g+DfJCzQWzJRDx8pqIZCkkLsN/Y6i9iFoa4Xh+SD4T40NR+jEiaK9D9uDKKCuWJ7lRRcKQdQoxC0hCGVzsp9GDQi9CwbSinR1EN9YMxD2P0H7DDsK6DzoUCTuDUKroo5Nk0lRFVgnhZwkGuR0OSnBYaYxQtf0RJKn/B5wP8ABofNPeDJSC6NeGJBa98zhnw6UOzaBOw5RjGmNEQc4a5nK4a4ohCqZpo0h4ckiSooE9k+xD74SbnMDR7JnRzsYzfJJaFnQ0kOXOD+5HpE2CbehWZ4J2jIeziJYmQyZFDQwQ/2GmUJ4aMsFEp4hIdB19GKtYyCYGRaXCEbGhkbFB9cxJX0SxE+yrH2Dt+GFs+nAVfBGSiYYZOXOIJCRVDU4RXAhGg2OkwxbwT6PQY/Sx+qPwc/+gjVh6kaRj+w2jW9jW9mvYNmHpGmRnaCdBhdhthjJmEKvsiCTsjd4G7cSo8MSrInsTMkMRyivJMbT7DEzFn3IWmSCRTBFjfKwOQnH4bCRoSiw4mlVfQub0LAwzedfpDWWXprhBr0Eme0WM/BX6JRcNFwNScPAcyQ8BiOhHYhMYuz7RnYyewi2DaoQvQ5Q0HQOmyoaYQ/IjrTAPGClUbuG1ExUho93wi7GIFiU9gntl1hihZZC7MGOb2Zh7Bj2IMw2uNYHN0VQsiC+hvYlZlvrs65qzg98Lk2NRzghPQ4rp7Zmr/WSLdYudGTySioVqQpDD0NWskIgta4eihmINIQ0RiaBHY6XHAlGTCJCYQT2LwLIgyxseyC2NumNtkbBkiNwhaaCSYUEiNFEh0mFsa9ieoVN8LEPJDYk7CoWhIoMykPh2WTSMjbBcyTWBNdFNjB24rfB0LWRWC1zY0y4Q24/h/wMsCQs7GPHBEKHkMMMKnXB4j+wsGzoqi1ckiGk1g2GEI64DOMqWskVeuO5pwCH+lczfqFGuIRdHrEOqzGgQu406HZS6kPQ0w4mLtTBwWhsHjoWOj0BOO0XsN9OA7G3RZ4tZPsFgTRDGmhuExDG4YaLungLs9CEkSbLgf2WwLNDdQshfWSDOBYwGMFdDuhGRZDUTJmxY0G86MscSCJ7NcCoaJou1gZXInAx/jQjoJL0dsI/Qa6MaBPtURdmUTtoSLCEHo0QjAbdiWUdlRTAKWLBgh42EIh1sba0eiZdCWMiUfA98JswEhsbj/Q3jRHoboESRg72ihVeE9FJV+hk3exiO76P+0QnO8Rd4EjBRmbcJ7KErQ17IzQCt6Qo6GTqPsxD7F9kFRS0uLOBKLGkJCaaHro3yHb2NX1xeEJQ17Hn4Kyu+/9iT2bqH3iCwjPgN7lGZCZNwzBd0anfEjhHoz4QmE3YT7Ij6kOdDadCISd3Adhlob6LRTPwLGMr4KyZBlrIhxCDJDWYKOhbFuOU/0n/Zwl4HiG6/oa4n2GofQcYsiyITGyHeHqR0Q+wyMt64tVZGkshUmNUSC30P2V7yNsqPnLG6sF3xWcM6md0NS2OegnZFDbBtWGxzBKShp0FATYkdEaeWVexrKtiX2IEgwnoZhcCJ6GbQ/qMyWSIecgpfZHow0FjWLbMdodGZiJgYh7SFojVF54rRpk2XwGIZR6FoVfxI/ryIKnQYQR6krkoML1cRUs2KoXwHNeFEo2J+wvRkRp5XEqBDUnkKmhoYdDXiG5nHEbLBlRJiZovax1ZH7CFEEtPAuxscx5EqYssjmGTQnqZImPcCHyyZk0RIZJaJ9C9QgbQQ0KLIoGRKhrOEI2FLYnFHQ0SLfgo1kZBU2KCcuWrauyWw5lidbC5vIQpo6EfyJBH2QKhBDySsRLR3A7gQZ0aBo9DJwOgjEhV0yWB53FTQ4tLJHoekg1yC+0dtsV9jRiXAwftgRkVWRCwIvRhcdN5EuyozZZnKJKJTVZo0ewTYFHoT0EucHioIVoot4EcId2JDIeOBMuxULGsejYz7EmimNMR/R1ClsaaGW8HaLQ9qsfdjqKKbFiqELQzZF3YbqhTkMAqjslGmuP9FwtMlwNFjWKOkyUlGsjUEYIlQjkelUdNDFIYTol6GfsKLOzoDjsUKMW0h7UPazgVd8VDTiYjNBqVip9R3Q0TyGNcKrj0NE6hp7MGROWy3Z2gpi1DHo0FBUrsRdjSI/CDaiwFgYo8CyOPsX1xIBB9zI9mLstaeORqoMWxOsl6jga6FmRrNQRmi08CdcHTQTE7g0asosTi7aJSYlMj6hjQyKa4EN7HlBe0MLBZSHkZPAlWhBgvRNJnrEoL3klgZpEJu5Kej7TJsYG7IRt4RlpRLgLLKM02BN7M0HdO5MUOCD3DDkaBl7GTshoeCY7nKsjkG0OsSLe2MfY4Y4rbo0DG7JiWsMW7PuI2ETYTorwjFQpJjd4FbeWMcsYhsdQhFodcTpsmM2VTFholOeiVErEIQS0NcrIJZijAn9Cmk9BnISZJL7EkShD0sRM0N1TITx4IL6HV0j0Fp5MmxpKNroOfQxZZc+0UtsnpiUJawxxrY/hhK2RAtmkMGlROZseghkxQ5leTtBJ7MGSpRI1BFsOh3Q+hb0DLBCGyNcIX2SnoetCCJoVOJCOCYR6HhwDpsY2UIWhdIRkROyKMfK/YzGYwYwJZWBLpoKM2odUoY2SGexaqKUSeETuSWCMkoQp9HuQY19D5+hVUHqKnsmgt4Y2Q2N8IU6GCywOWzWPhEPBYHJC3EakKBzFaI0doJPDPsM8HRhC7o/BL0L6mhbI7EhQOoytmSRVYJKRUT0KbFoK8sfoiy0b0OOK3oqIWoM07JWEJM8B/SMgZMrnNh4MWxQJm9sQYCEOsJidIEW0ZuwsoLZvYmt1xUgkfhDio12JHSGDeYiVDZyK/oPYiqI2i3A7FskReUZFbF7C9DtO/E5NMSvpCmj6jIaot0N6MxxNZsUEgkqvQ6gdaRCN6GH2JTLKEdox0Ngxk98DsiitjYFaEDKYPYJIJp1xi4vkoyr0NehNYRmJkOeok0pKQnoYrRDlGRGIgyPRiGYQC4o3kzBAfQ7eey22YjctdCErlHYpX6P17wvNTjMXkfnEbHWL2Ocm8yeh8NGbFJpjc2O0GBSNljDExYKCDApkxbbI4Q3hC2o0uisQzTwX2UZfT42CZnLJTIeiWIR2KhQ9FOj6i/AZeR+ipbG0NJ7EC0MqoMEoeMDy4T4ObYmkp4LslOxJE9xGbQinAojLPDxxa6CGyqHadMz2OzOCvsxab5EvaNkLsMGC4vDE6jUuuFIwCCDUfCV2yMXQdZEO3VEbYzqKssSMN9i9Q16HfoRnxCOhg8ZPWe5jQSbMfCEzkadIoXfRkxShn/RjQ3jVtkezoiK62TsG0wh9AxjUskesGWQy4FQT0YMJ7JLRiHxk2PYcJiCwjEjtD2kBbbEREQrsQXY3NIpuB3hXDIrsaEs8NrLBdbkbrwE6yEsnpHYyBvLhBMzuYj8mMlDCFedobA0ZFPCMW67RUsjNp0KPY1w55KGISIaxlbIEB7Qpb0ZsIVBIF7SO3Bitn2iYWTBqwQnyR0MqoT2Nr4mxtjFfLHAQW6xImR7HA7joWMXYJfRk0NhRgMIYa2IkNcJZHuIfBciYMGdbM8h3fBIGQ6PbyM/UhYNNpbNoNfZmmtCr8B9Roc3keQps/glGn7DHYQX2FdIMkdH6yIaBJM6risSjFhMdjmiTHE9izpvgKj2UEWcjpascaWsSieGxsJZkWMWOyERsZuxZTua1jUdKBwFBB4kpZXB9AO2jdg1eyqUSUyx/UdsdZqiWghsvsP7KFiyIujpAabWS+homyhiY02I0+J7GzAyCQS7lK030NKmnaKdhDVCITcIlLBJnAr2aaxFLY5LJjJbEZBHqGJumdcYGOfsXBIkKXHIMYhl5aW16MBF59jRqFdjsVMMplDm+h2432UVo4Idk9wWoKdCxo30NWB/YUhhekxLC6IhrRPoS7IYaLxpTVcEcCSXXGgGpXshDQgxGYkCyCKqQ/Am4LZWLWxBCBuKyhsPRGQMaEsBmWiKjUFyK4QSt9jN0e0zOAt4SKGbD0NThOeOTxgmKnR8J+UDi5csMnIe6ikCRjRaGFJRFpCarJa4NhGBniYm2RpwcrNw4CxorOFDyRPY0Y9CNodpQyRHhsjbY3di02Z8C9hZYPYx32dxlZggAg8o6sDUsCd7Y16PRFe+hKiywNJN5IbHRbHTWDIa0ZHBkIehyhOJ6CF0uIluuI0k6pdbAncwrZnFNyIeXiDjCzASx0S7IxiLML0gUTeBBohMT9PwphAdJcmBA2pwjTvEkmP8AgVagmG2K82Mk2ZCVldSRooEwMSWToDLYaMPXsJjI34DJlwCGE7HypMRl9CjlwZaM2T7jE2QZHZpMnAkKsQ9mLpMz7BMwcTX3CayxJsNu47ZV6ETDJCbhtCdaY2CTyEvbZg7F6xHoSH0z6Z9UWogvjLVsFH/gliojQD0hU7Y7M7ZiYOwxXLkvUE6QSfQRCHeMJFwaGzZFghfPJkiibIpqE4FxklHtg5RIVt1sT9oyeRsmKFloZBXMDZUQS9jSGmBeomYY+hjLKLLN04CawBLphklTLez/AEJ/+CEOGNijX/uP7He/4Few6k/94G1R0SS0ok9L/RF/+RBGL6CXCJxeDZR+NFw0NQQyRmNJj4V9tEtDlwHKYrKVHRi2XA+MMAjQyQqSK0KCmVBCMUMQ2UOE0Q1iaJrMzpBtnszNM2GIhpbeRN7GW2R2eFkeQkNpMHqlt0Y4EoExZX8NbP6ZZk/pcpuKreE90IIg0QOOEELSCgjpkyLggZRPh+RcFwhIyQguJ5QXLVEGscHRkC1mgrL0N0EhgqzsYCrZcBpvNiwM7DceElQ+gz4Gbn2Z4ysDWBD2JWyXoJPA5qEt54nxRhui+yQq0S5jGPmWv9GVDf0KQab/AECVoRBpriL2QQJGi8QSIQZSg1w+MCQl4Llifivivocpdsa8oYhIWgwiyIJBXQUyMkJL+j5YFohS4Q6aUGi0PLMWYaJkW+GiIJ+4e28mgz6ehkTBRzRk8lpZkV2lEK7DV0/ziRbhGnp/owISQ1wmMZGKjpnjZCTwpR8qENMXiheD4fCXkmNxE2CRjRCYPaYaG7FLg9bCQjNlFUiQj0GdiZhYYIS5xpsTgEoyC0kMHEMzxwf4P2YKMgtDhvThYRV1wXHFREHkbcJCXE5o3xBiJ46KYvFKf0wJlExsU4pSl4fFLxSjeBFqMA4Um6EOJCGiLtGho95Vi8RH2ZoGEQlKXCBiyMQxbHDuxcFqNkSoag9a6P3I54nwYmZAfpj6jErHGhn2amXE8iYJGIWQyjIicTzviYzRdDH24UuRrwxfBOUy+CMQsZYvQ5Fmj4myQ9BGdNwyjlVMpCArbGiuBMAWjYscFNzBIZNwb4ZTE4BFYgJbKqBd6Ptwx4oklPsVGkmElihk6URRBh3g5ci4TKi8XkpSlYmNvwbGgmiWhCGRIxRvgpRcLll4viiDEOTJfmxK1svsZ0zakdiRDETGRi1houEqZcQkoPSBOoWTSN6Me5MvAqO4WncG6ZGJrBRsho0y0W7ZYtQkbhiP/MPjEfAoGxTlfohmvIhrhF4aGNDgSTQ8vA/NKioouC8m+TLgyFVN9CHJNBjGapQaHvAfVoPZGXQ+gihmAcq0mahz4bGOIgkJniIpZYwrOgLEEmOFoww9RuHjC68WcbGyNx6LkonxSlfLD3wlw+GV0ozASfiaPghgNUnDcNeC5YD1cOjYT7JFvbbFDJgjwSQ3BCirRFGBZ4NhDnREORU0Bqa9GiGBeDCG1qHSZXEI3EjFYQ8YvOUuwxGzYhsWeQFoaAmxPA8BxDYTfocW3wnhRPkxMRCDSHypSdQ1R+FHww2Iog4Rw+XsT8GnDJabcGuTALQ6qJ6VZEwdKWRqR8CyHuYro2DI/alv3GzMKEDZNBN4K6RgZgzKYqpMxfY55JbF1NnaGJRBMmsZMaKQkwCeCXiiEBJIJp6uNhi4fglXC4oxRkMfYwQxcoh8Pi+RMuOb5aENybAw7ombyzJdkV8TO12hHYeakK8yFzE4feMxWhlQvQfw2nXJa0PEnkdEYTEvxiMzAKSoi9DexTEXKMNGRQKlwKJOC0MHYzJPY4kNniwCtEYKMTKUTHvjs0VDaMMcJwwtEg3kpUQY3wPXjbKUvEE4QjFm9CHMoJNjmzJS+8WAf0wQz2MzoZxUdhabHthizlcEMteF2w6XLEGIaHXKMJofvC1SHCDO4Geyot6cFZSkgiPhoTIciTWYBoUamLFpihZCyELRUiSDfCEQSJl4wODgxGgzvG2NPhWjpiKIaGjLzfMFgzfCg/6gyujLJaYwmg3Qi2Qv8RtnDBF5IsvWShaRJp8bx8D0JGhZWRsEKdGQdTM2piwsjAstcFF4nL4ZsItGPVIgoINk1M0MHgwcazG4LIkMQTE/IQwELkRBZNNTQYY1GNBccNxJip8LwnNOMbFns2mhAqilmSrAMUOGZEJgarElReBMMhuP/9oADAMBAAIAAwAAABDO7UMS029uqevu5OJOwTX1/ESkg0P1TfDQf79eP/FhHf7M5krEeaGEu87bIaY5bNNfXHuQGgyBV02zcadOf0dmoIjuKnwc0KiDAjHPKaKYEQjyoGtbskZ37lIC2e8ke9kW/HT+vdlzxeviPO7YaKJNpLWnBtPH1WCs/Uetqe9UktNUE1MIJfM7DLCFICg9v9uYpMLf9PnQ4XPa5X15sSoNsutdv1s4rFf9nlutMD68AvZOjXG9sfaCoCvdnV1/FUiW2/c7uMfklKAtdJd9uLOKRcAEHCxlgTpWjmMg4Pd/cHt1W8Hfn1tvGtMjPcUgVtPpKyN8c9t91Ut8ZWUeW6m2hSeqM0+JxfNcfOWxi6ffv/FEOazoJl8OnmL+UoFhiRoI3+fJHu89dawOQstHUSxjitt9FdUXTS32qTU++poSTK2JW1l2/Ko0J4M2vrBTddXanexA8cdUeVURLRUgbrFpScxAJKiEU9Sub5KDE2WiHN9+5YfO0nfdMEdlF/5laDTpM4ZzjpLSfoCUEJI1obl4cXKln0KRUTv/ALTr/Lz5fH/PKqMQTs67OWstyHEK/wAxv55T7P2rWuD+R06lR5/e37mkKY1nbUoKhkNbdqsDvh44cRA9S+FWIGo2HiUV0UT+2b63y8VN9qoHYRQqLaSMwcNbsdAdT158AqELQ8kz4V+cax+ScWS35vcUuILfhWjUYhw4T3AkkjzQ/Z10rrrH7Ty2f37077Xbc72ouMCnW8UboCPREGU0fGx9rwdwRU1VZF4ybGPeVT9U+E98eMdnJu9/EcFpgAUXfAWARaD+Z2RlXtSdVc81e2SAWi25y5IZy2ez12S6n9tnn/kYUflJ8PsiZ2HhSqCBoaUVrT4e+4578PWTnW37+TH33C+bSnAax0/Yy9+K+9FXaiAAmxvRW1x678lYMkoQw/YLPHawMs/57edP/VjymQGh6n8rLvf3e/7h9006ltQBPdT/AJig7n0HE/NsPdVt9YY206gVnm/9ZyHA7eZ8fN/kbNPFgTAkK+5Gi+bSJboAQaJOaLpFX7J688sXHZ5WvNQw7gb1Gbs/h+cIzYVrt5BnxH6Dk0UxWDuCaBWH23Fn239cxib5403bUNnsw0/nGtjEdJ6McNTgvwy3/Ef31nlxZENaOW8GUJCKALtHqpHT23631yKPi0u+NMZVI9XhdVctEs5CFMykZM9xXDdPAzX24F6a78B/km930q4XKTnjRT79P8OfhEa9xdMBRhxSPmcq2OyiULZVxhMG4OC0YOViMotKFcv/ANKtkBvOYpA/wWIPxWQfF1EHbu2+3ggFBsLguXeGIquqeFTNldgX452vB/CmgeVCn/hDsqwSRZn3cV9x5MlBqdkM8gf3xJiEcVt6qvfT+gkCHB+TzS1fZEk3B9jldNN/lVjDJDBnq/1+YYpvLmgn68tqQwe5r1r1Pqmo6Z2GWAtjQnBt5VhdufFG4zMsiOoZrVA819Uwitf1n5rL9QJ8nabgIuYoNFuwGG3JpDOAb8ruva5K/O9mYkiYq87dFFhv45IgFME8dnwCvNhufbd/No0guJkfaZpWN8Euc/edqxgMocNhF1MZ6EJ7lWC6W4pRxRXElsIbXUJAVfEQzOpGaCS21Dv51CkeP3zmdvzTPzF2p1YBIgFdvpomXLN2kUWq9ga6Sa/HTxQEx+rfEQ8Ajfrz9jtoznGESEcHY6lVI62so6agq0qqaohBdpAJKKCnJlbPAnLtXt18py/hHhlofbQIrv00IAWf5NHuLqx/XO+Io+Vt55D3jh8Np7SQXljVazy+/CGX79k62ss1L+KFhLmKfwZyKqNXRgcKnUrspVZlDhRmlxfila/+SIe0Ps/h/Lro/wC/EbvDcKg4Zywk5JGl+TV1zrh8CXfNTS0tokOusRvqtDDz1x7+6JMI6O9fj4ysUWa2hqW7ibIvCyRFGpuN9pjjtl2yrulK511VUb/O5hirp03FL/mjCceb6IIWELUR3eH7aFFauEo9fb9AS3zcWBW/KwwETF+squN5dDgFa4UcDQO4bm6wTqlZ8tETZa/FZ3SSYeEqsUMhAHwhtB9mt0HfMaTfG7RaSFPZ/YnBG4T4oku35VUnVIO4is6jkJK0ehEJVJQd/WKcGAja9CY6bebhVimrBy2BUR0guxSAJKDO957hHME6DYl5YJPPfQ5DvbCp/I51y/Sx5GRzRGFvCOkpMBd3r2hk0VZLs+ny2hZQKJbQVRwRabubwVcaMmY6rb5Rrm99GYQc/q4ZOK/npXdfHUaNPTaR9XYeD2V5fyogQOLSUanmbzVEs24bJ333wg/YYg43fAPY3ffQP334XoXPQvHYP3QX4P4fXPPQwnn/AP/EAB0RAAMBAQEBAQEBAAAAAAAAAAABERAgMDEhQUD/2gAIAQMBAT8QQxeaGLpix9rweTViGJelFsJj8YTH4N6sXssovKE/yXUMnE259PhXty+17usWoYuXwh8p4sWP/Iii5mNjLtLR61xRPyvF8Zw+lrFiXcLj8L3R6uEMvikTxYv9CH4InqvecwS1+C1j18LzQ/BZCei4eLlY+nlL4oYj8FCl8UQWQhOVlxLZ6rENCRCeKKUpS9tlF2iedWo+jXD5pdRS8UaELH7ohNYmhk8rk6Q8WX3XLFyh8rF2uZ6TViyYhj5usTGLGTwQ3k193UMRPV+yHr5XaxPqZFxBD4o2XwvjR+Ey8tcsWzqlz+CITWIfC8UMXLxDydQfgun6rFr4RMuIfD4hNWvudo/vV4WQghky9fzt+DQl5wnbRCEL22Lp+Kfki9Q+bRPFy8SJ6Lbs5RMpcouWhLt8fna4S5SH86vDJ2unq9KXUQff3yWraXhDZb5TKfRIbGLpIfD5WrYTliL3OVr+C6pfCE183i8SCGTtIePhcryfs3xCE1C5hNvd6ZB/OHykLJ1+8Uv+Fa2PYJE6WImPil/xTid3xnhBDQ1w/nkmXaXudUpSl7omN4xDyEJ4MoikxDYubC9JDP5jxH5iYxDQkT1SPwpcSGhei4eQhNQ2I+kJ5sR+YkNMSGsfrfNDfrCH8ExlaE2fuTleF249W31mUQ2Mm3J5Ut4XE1ISJ2hkEXVqeXbk4nEyl2EEPhPh7OIXHx8L3BEH4pYmf0bFtLjxrE+KQQxDF4Up8KUosutiZT6JDWJjL3OVwmMXFLxer0hZ9HjIIj6Yh8vVj8L3cerKNlKN0Tx/6p6ITJxPwnpCathOni8VwhvWy+ay6vJi8VkJsJ+CGIYnwif4UNiJs5SJiGKDS1Dxi2CPo/8AH+9wWfSDIt/gh4xD5P6Lv+CHwx9fwXDEPT1Z/8QAHREAAwEBAQADAQAAAAAAAAAAAAERECAwITFAQf/aAAgBAgEBPxC/ifpRi7QxCHy8fpCMbH1k7o9XCLio8Qy4vaCEJwNdzXzBIaFkykF4XiYkQRBD1ohCDfU2CJlEthNf3yh9JaufgZCEIQYuryu189whMJC1eNxoaF0kTEQm3hLGPiCRCE7fCxiyDUybMXbFt8F73hn2NQT5XD7axEyal22Nl7Q1jEMg8Xq9eMQli6Y8TLytePHi8l0xDFxOXqEPhDExiHqxeK6+T5GLpriERRPC1D4cPgWT8FKMRcQ8fYiGsTxctC/NNWvIIpdfi9RCdvxZSkFzOJwsvTRCC2eqHlLi8GLWxPweX8DxjfC1Dy8tjExPWuaTKXFqy+D4QvBb9jJi1fneXaLKN62LGIeQpMvSY+IT0hOF0xYxYuYuP6N4hi9Gh0XKWIZRYxrGxPFy2LWLlvV+J4mXGQbRconrZ98MQvsmPaLwYuEPEUeJlyDRBERDz7QsWsWLFs9mIe0Q9QhvHkgywQkNCFiGLm+iEvkZdq1i1DPjaU+xbR6xZMpOV4fI2feSkXBankIPo8ZcYurBfPC6hBoS2l6/osY1iQlr2ZBLp/IuEPHxT6LcSGterFxCF1ohMRZ2/gXyP4LRfPixdMYlk7XUxi4eMQ/OYhl26kQnUnEPrbcRceUkyfghBInN82T3nKx6tu0vo8pX0sfCy9vUhrJrEP0fo2Ioh/ghPCDRMerbiZRbOkP1pfC8taspRMhP1wnMxiGQguEP895oh8XUPLq1i9UPwm3hi8kiE1i9GIfVy9vxZRPU/J8tfhnC5aEuJ5Pl9XJzeb1CEFxSl2cTzfc/Eh5Bed6mfWp93mdru9XtcPV4JbBoSIQmwnc6nUEPVwkTYQnd6fHwQfDYmXwWMWwReKUv4Vr80Qngi+q15dRS8vtFKMWsXmuaXiExD4fLFlyeDEvFEIQhCYy8wmI++FvwTzTL4LaUu/YkXKUpeH9H9jF+FZ/PH+Yhix/fDxZ//8QAJhABAQEBAQACAwEBAQADAQEBAQARITFBURBhcYGRoSCxwdHh8P/aAAgBAQABPxCnyzkCXbsubIsjIJILOyTKWQ/AOT/V/n4CD8dv8jfr8ZslkBbZyF+uR2yywkRgLD8CSCcsYJDJjJ82nzPn6gPmQz2OM9s38f0s5nkLPZPuA38MFvGZxYgc3J1+Hpe+k+y7fMFpuJPuwnG45eRiSNy9sNEwUkGSDlhsYMA2FyzbLbbLB/GQXjDke2dj3c8kRxt2xgZ6+XT4jZ/sBnfw5Qc/VmeXVyT8B9wd5Z2f5Y/Uwc9kYLJhbJ0ksLKcgxnREQfM8+rdewH7kL1sAW6+fjA3FkSgzs6XHBZ8Fr1uXLH5LBLm8jTwjXzDPmxfm2tsON90GeQw6xpZ2EHEftBn4ZsdyA2dsEDZIJOQb+AXFlmRGbZnzDnxfMuOyb5CPbIHYOyI3W7fMGxiHN+IPpY+qZHGsJ4QaQd9s/cH7nnzB+44efgviZsh5NkLp/8AAwsJ55eyfEYmCDbNt2ePbPjZH3YPFvobD6wY+5O6F8/UcMHNg5BHvZ68v/becgeaZDrIOJMgvYryCBthYs/AaWcggmHspuRmXNmCyixYT+AF6Q9n/wD7LQ+7FOas/QfJlW4/E2WR8gS/39ibR6N5HgnrQh/Yp1GL0LO4/wDl84Zl8B0kNs/V/kc+PyHzHZ4vUknbmykMtnb4luN8eWb8Xl83rZ2IgmPo+bz5kBIgDqWD8QaYSYzq/N90n6y8QQn4/B6cLXcyzOkKnGU/Ng4OJYvIU9i+fxllkQ/J2zL5t55ZvbPwBTsYTkhch3Lo9I8+i9YxKldh81GWreG2qRfsh63RTEKHpPu/cv6tt94eQT9KRs4C+C+JHYtjKv03E5wg7+EgLD8Ny3fLvzMT7clNtJby9ssJtk38B2IOWSPfwPbhjH2OP6/CJ3dPLScnHxCSO2/GV3JRL8w/F/V7x0javPwG+zixiB2d+rGdIPq8/DzJ55DzsRry78wFgSvHC5mpAfWR+B+9cy6tTkFTB+llxPg7NmD+AyNJ0r8toZmzh7A+J34tU6w+0znPz9zcH9BFGg4j4g6dH3CP6sy/279X9TuR52f1byZ9mDbJ25JrHzdg32Qnb48u/E/i+mQ/ZLqXZ85H3kN+J/TJPyX+Qt8F+06e8s+Bnv2/uTCAkoeXU7OfUW7EGkc8k3fmJ7+Ty29Y4z1g5JdeRBtmS6xbeJWw/wAkCv8AyF+j62PgSLsO/VS5Lrum/Nj42xTNjflJ9wNteuSri0/gmXspCIHfRjDjXjKA+vSJ4b3XLPo/QIrhkMhPqXkeWJ/Vlxe3SP3M8g7AY2Qcmyz92P3dg+c/GNcvfk++SNr7lSY288nVlGmDPizu5I/V/EIkIHiTfY5IbHv+R5cESc/GX6v6sjWHbbN/Gz+DE63nl77AWWXhy/aR8iIEZ4iZs3ety6cZby4IeyciZGIBgdFh8GALFtRpYmMIByesJE0dSWIef+SB6YtQJD0rowRM+kxsRjSEej7Bnx/2BNKfrLY/D38Ht8/hIH5v/uxh+7lyfbD5tIe/q9uFaY5k69vHLrOSHywZ2dXyD6nD83MtLyF82CfxFk8f8vEnImG2ZZtifMce2lyzY5OJJHPZB8svPL+3Ifx57Df5E65bIGl8CxHj23vmEnYaRRx5a0DFk4GR9sHgupwQl9goNib9WBfEdmbVfMicHM+V2TS6gyMjFH5+bRRpkeMSEvRkNrHmanjbZPmOsOwF8z+NCHXy39XGwnl8xi3fibML0264n2XPbY5CJkx4vFmfH4f5JpJ6yGsOLDLX8GQ6/k5P0IP1Y+pZ5bHOL1sdiYTZyfqfI47DJ9i8uMg98uA/pOiYaCxufe4qD/pIDy0SSitfVZO287HuQZ/BVfGVe9y7PqxA/l3Xyzv1Nn4PBjp72TvYfN9/AsGxfORgX4nm/uRV7NkPJIn7hyaJ8kIMvxvL3B89khLn3rU/svfL929m7GZYTjZf2dT0ufMZMO3C9j3y95HWzGt10njsB5CLds5MQyAyZAR38gTMh0iG0HPxv7uvmGfuxhjYL+M/dkF3YJIzC68jPvtj8kkv0xChnVmX/m9gtMe1tx+sb1EiGbPQG/M7rif2PtASGADcTc/UgeIIku1/Vt3sry5b4fYAJ0xI1+NbJSmzAm53Ic+yw0+9mxZiZevJfDZD4bD7oyuiSHwv8vhHX5gPXen1AnZ9+yMM88v/AFPlsfg5Iy5HeSZ5MDIb5Cf5D+7Spt9sTlgfNut0+LN9s2A4zZG2IWbD4swv1CcuQ7Y3z8C/q/UkGzt/UcbNm8I/CmRl/uSGfIfdozwPXlgifrYKG/o2U5PPtLns/ZuOinFx/wD0l1eDj2Qqqn1bu7tru7s7GhJzC1zcLR5b3YJ3bZYhwAEfm2Q4STpFF34mdrGjkyB8yXeTyHZF7MznX+z+AWDnzE4LP3H1ZQbCZC97y8BzM2RPPJezkE8/G5M+Y85+E+/wTv4O+3Ni7yTsY9bCBst4Ts78ya6M78QNjtne2B5B8/jTYGeON+lx3cB+M1/A5etl42kdZxOQWYbGNlvfGQ7oeSAdefaXmJ8p2tfa7yri0YhymNeWqs8bwtc6GwMzOxz0ID5J9bYh29LE/sOTTnlit9PY/nbt5B3z/k3o/wBlh92xI6Xy0u/9l7IxjIP7IGhf02xU/oj1x9RmO/syRoi58tj4n7M5eRs72Xrvn1AEUaE9xwbYJxs722/s3j2TYPh+PfbhYJ32NPqOrYbIPLV3ZgI9k7Z+2c87GHLzy3+xuRjxkLdsMgG5kFvwlsDiyONj8H4HPwPbeWbI57FgmcEF46eSshPRes+/Cx8Y8o+BjZl+inqS5zYyN2Q+IEf1GVv4lnEnV5mU/WXtr42Dp2NO52fFlfiIgL/SAlfxNhrPuH7tyl6/rlztZ8ucmXUwPiz2fJex39pC0P2ywP0A2ZM9tsmkels8gvr+AP8AU42/DjOzq52AHVN58Sa+9+5MjywzsH0sLAs+bEgvkHI2Pfw8M8W4kl0g2YMvUex7Jvk8R52+Y8n2yV+ARccj8av8jsHxZsFxaXPu5f8AkDh6XbFMMEXVO8yGjG4BkUbnGeWpgj6iX40LrrOQ7mxbjtkrfDnkR0Mnfb6rPv6vJ7di/wDLUM6aZeYf5goCn6sNkf5aDgf5Og4gNHj4Li657ka9d+5Hm+Tunkq0H+knS/rZ9Hn6jA/c6eFwdGOnYO8YMz+xm0B+7AX7qwQwm8t55F/k89iA/l8+w/H4Zy/y8uz1bQR+4Ebn4H9SbDnk9Qx9/Cc5+JgwPibskS7xkQMtjsZfMP1H4Ng2Yzu8NlX8FozejY8GgZlskig/qMvy6GTersvzbOdeCGgke8JiNn5O3WnzLP7aPbM5ZTXfJSEn8gRRiIJThGgTQobz2xA7I2nIkDh5ZPLfDJQ9lsI8gjkb05KfMjOGXpanzkvhKT8MnB5LmPsfkvExYm4edPhsks5C4I/SVzhdPi7vl48kh+I63XJwyGQdwgvI+Umwz2cyD9/ghsbB7+E/GRNxPIfv8cSD8HGyd20+wt9k5fohVOGxBaBAP7N9gbaYkn1k5ZOBB3nl32yxukwuqfUNQslPo2CdZFuZYXIgeyc4R9EEEAEZB5YfiGci5GD+sH72GAtz9FzWPCcyB5ySG39ytJkIAwQHJhTzX5jMZr6nPgSTggHlw8nfiKPPurLcmfiXFsb5PRsn+79WZ+Hcg5N2NX8aWdvVvNhL24Q47Pbc9jY5qQ/28+J44TvsGQbrdy/c27P9h32D4WfdhthkGMwXzF83x7Y/drD+ot5GZIEddL+227p5eY9lOnmXDl8yyu2uTDsfMmpAH2TvjOnjag9ZB3mxanQ+oAgl9GSH248jnzDp7GR8lh9QWpl6XsCjCEHH4S7BasXJkYT5u4voySyoWMP7cfRJ+rCcsfYVTPSXauKtiHuIU63j+UP3KR24TbERk3S0kesGWGXjkG+3SGZeeXry1+Et/UPs/V82GwtjIwGXLDdufj58jv4JBMtsvr2SI6HxBS5df+w7rw/t0SAQMcPt10uNfMqnsCfM7k+xni2n12O8bTpCDysHZ5svhPzkci68Z8gJ5ZfmT6ZZJmZ8W9Z7d2OSQLU4J4Rf6fqOdI/c/wB/7C1eweHJfJtzyXfxrI0cez/SzxfD5gRkDxuwawYyXxf2CzvtnfYEDOWx9hdt3y/a+eF/kuchN7Y7yOF3fw7AlkAiR32yrSHEEllmM/y8/CxJ27JZ7dTkIbIXTJ6ryi2+eQpufB+59BmsIs9S5LyfLxIJfrgNZcIXxHNgRwTPZA6FhtiezDzyNX9XXzeocg/NwcZmmNrYImoR9soN/d0dot2OYORacT+WFunxjKfjYL22K9ghaxmSTR9LD75LzkLL9fjIGzvZ6gm6jhHPwe+TsD+HL15Zhs3x+F7lj+ENvxBeXIgmWmTbb29ZE8s+4svOQR2DOm/qIkDr2ON0wtIjBHL0n4m8/HLP4Ntm2l87bDligtQOQHgwACXNsFMmGvIuLsvEPm0I5IJ3Ibt6qWkFyd44/Vu5z+JD6H6l5P7wWg/WCKt2euT2JN0t/F8vuSmYtBigAWGEY6sDy+OTofhgvm5aXZPYHbNfZ34Y2V2X8FabCfgNntg9sfE63EBl5dO+F/khCzJviHPS9sh5ZthMZaW4HW5GOESoeA2bVsJaPsY5ljXYMt/JrEOC0WIIA+7sHxNgYwfEbZC6Ed0cthMuS/VwyOR05D7vnjLHs10bwA+p2Bf5PnO78yg50lEQf5LwM/t1x+L45GnzD3thdJm8HEhPuIRjOtvrQ0sH9XA326PI87LETm2FgQfuPsHeyM9ljby1+b5nCekOwuz+GS7Hkm8kZceP4aTnfL2dFo/GQ2xb22HfnLHH35Z1M7k3f8MHAX6fVt8HweMwhj04WwHfk+SQOPtkQwd2yOsN4fMxb8wmC+ce3nFnQl4E2mPJgGMLIyPuz93DxtZxjX1/As5PnZcJNKf1yU/sstUEQxtRIUwnpx5JvI35/DOcj9+/gF3eE9xitGAy082aPWfIy+IIPyHJ7eEvb5t5GMieX7TE5K7n4BsheXBYO3kmyJDjYW6f8ly2Jt/GTyG5NpcO/Fjs6k3Jl0YcGKkpeDmyYFSPcY9uGxOHpzf3c3jKQ0j2zx82xZCIhzbN5EOOQP6YfJyUnynBmYg9HkQ+wjeuh/t1gyzccWHsN/ZATQ/2R4FsactHxyYCQCzme5Nih8ifuwnl0Rxg19hfxzIuZ1/V5B7JOmXer7CteNA9tFeOl4mN3+8chz8e/j2bOwGdlqnhdTyx8z+p4GeSs+x2ztwet75Z93Piz8FT8DidVFlm2ZGbJK2ZmWQgib9RlR44xEyivHkkUExDuiJ3/bDDrrC8010/v412WEoRtjvlsuWy83/cLFkqBki66WM3HvlvCOeSJWZIQzQDCZuv1bhvfDtsz/q8lrx8gL/xgAWkA8tnnTYxx2fAB3k4HiBztgxqHBtnINmfUqWR4CxxLp40hi4GJoyg+lEtZXEb3Px2WYjv4SfJZZPtzs8iJo4yQy4b45dJNkyMlNgGCDCSz9yfH2L6/GGENY4v5HDYdsPuck7G3c8t+yR+FsdXbsRnIeumq3iQCLLiVx/sebNnT6tPcWI+IU6v2/uFfZsgb7Ei44t73W5De4QiYD9yca6xIm9uvUYwHIPQLEjT52aHHz2WP/JjWZ/WW7j9rMe082GQX+SAaibzh+rVN3LMB/dl9xDwtqSn1YGCeEfuJ95IQ1zGB0xrB5z4m8w3ElIcWbNjNr+0nfzF82ealT/Jku6oDF8/BP4O/hkkikLy3PI1+YIbueX9GTsaLyUeXvYDLqQH2P7K51upxvrkJOt+pYbbse9g+pGNu/dn23EsQeZAD7gkwsz5RhhX2nU1OHhAk6HO/ENLu+JZC8U2J1t1tLsQJ9kIQNCXPjPkGZA27/LuPkr4m/UzMVwWRYCtk8yH6sUcfqHIx/YExB/Z7hB9Xjv88kIOCEwdW7I9k7gXgbjT0EnC/qszh4wCM0tpxycojCujEyz4f8syDf5fBF8LgqiB/l9fH2BRBhbeXI5+HWS+Ie2QLUaWydE6scOyc5Z+CdkGAG3Et5y+Dbex7/kDnkkfu6eSmFbptzcvpJyTcwuXv/kxKVrtw3QeRPXrsQZ/9mYRBkRzNtBTRB9geHp83U7J38cMGOXhLYk8YQtlZZfXCHD6u4r8R9pv9t1rH4uh8QvBIn0ROo/l7+L/AHwsLlbhk+Qu7r/+TO68e8hXtfoNyBl8HZAff7ae+Rxj3YO7KN1SwtNiHHIcTfiyjoE5YWkDl8mKSdcewRD8Yx8zpCUD35tch1cJRqHhZN49k/Dxb+HdjY2WOTY5sneQr+D92Tv6t+7vwcsd7Ywff4A3xkfqdg4bcsa/lrB/GqyXls+z+F8nzMzmG7FrCmH/AGEcBLAzxuzBnHY8vd6Pu4+j/VADdThIHjYYBDMeLC63ZTlp1bcXy5wvl7GuvboEV+L1wZXp/cnWlsTgZc06ig8tvPl8IujbNA7A4mW5epFOxu85C/6hdm8LJ5aQBP1sKJrk7jV9/wAsmSEOmnkCcnwfiVvD6p1imSftjqaBIRxKLxETLvStr6U2fI9tWQx3v5Qzs+v/AMSc+Y/a/lveyix7YMs+Sw8z8Ovm36v/ACW8QbIfEZMfxl1Ownz7KbfeWucwbYV02+Sl795AYgHxLVuxHAj5AfCEMYg3luM2B2zcYgTJLh5Pr1j7nLAtR23CuR0GRekcZ4H1KkGn6nwu/OSKfUSAdkzEWqphyMJYbBFdjmBmWx4T3yH3AZyGRZuSP+x5TeTMB8rRYx3JzHH6kcbv6mZAfGWhYQxdtB6/GwX7iNbC3BLhPpYYH1b+r45Zvv5F/Dp/Lo5N1A+SGVz/AODOwG+/j1Mv1ZpZ+5Ijy0Cz5lWccvE2p9hIu9yB82G/jmDctQAbGZ6kb+pzMPLmuEhj1wtYeClhM5IQW5+YSV3loYWx2SThH+lyHl9/MQzzIxBzIbQxsZOPZfLOYH3ARP8ACeyuPuWrdHPEnxs3EsAjsNyDI8h2XGQObyJwNXb4yLKTuic939Qnxni63IUeg9vP4/MQB5cgGMijw3Dvpa+4c6/hj2+Yey3jloru+QdhZl8H4fZw+JD25e/g4eQmWcs5L4htX/g/D6n8h9xmz7yx+IdceW4R3tl185DhLvkHmyjAqFmWRf8A3YgW04Cl5EMKyPSRv5uOxfCeHl9gLQx3fjJ5Fx/cB+kNetl8NSGfpGnkS47kUr/iGtEBLsRciLjCS3LYOyW6fYs9uZ7aJANnhdl9l4pL2VQhOWBvRgRz+ieSn/5pbaA+DySgb5LGSnl7A1+rpMWyB07v/ljPLeeQ6z+1mWu3zsdhl3HS9t5+4fuZd8nCdvffwSOefh8j2Qy7shlmJLeufV47KSRfEfuBeuRjy8dmEjlsmt4gN5Bkwa+2BB840Ovvlt3EBskSZ3DPiduLI07EjtjlL9yvytcf6/Ue4r2JNcmd8WU3xah9T75fGIunT3L9nrLXET9TIf8AmxnnH6uIMPO22d/McyS+SMngW3XkI679QBcTGWD3kjJo6b82Cid+bQ+Q/kCbA7jEAc4R8Pts/X4hzvOQsMuGOzBrfORgXVGuWPzeMsfhxO0fwCOy7+VJT4np+A3EuWzkpNuE7H7ufjYBkb+ELJG6HWwYX9mza/8AFG7qfHd/hcojTMf5MYHdmEGYPP5LrgwUekKvDI/C2+QvguJ3GDtxB0/Nv+Q2GOlyb9RgQBgYXROSah/y15ZFyLluZAGsSHe2j7G42ClueX23HZdZHwbyIXRrdTTmZbsCbloNiEZzJVFIr/ZkWLhrZo7jS69/lxd+oX6/DbBtnGPX5jVodgD4jPqNdC13vxKM7/kc9jGwJSMz9xJryRJdDYS9fyUsHLv1ZZEx7fMn7jPwLT4QiBl0ML+yPgv8uSB+rgg3PiU+o3l3kBnbwvR+Lsd2w9gac4MEOIRpY3O3As+W8mOsgLkKXL6/M3DbvxCZL9RNntqoyHjBjj2BoXL5vsFa7dvm00Nw6yD5tHd/EzG/zFhhMNb0ANgEzOZZRzfMe3SRchd25zXg8bqCgbFn3L9fj2fxqzkSe2FuSaeRu55Gj0lfdo87d+2B8yfiBfYJG/z8bDnX8WiXZH/CMSclL+NLTZRJYfw5PkbOxtr9SuPOXAQ6S8eVG2ZObDsAZpKmq/uDFnwPSGF78OYyRh+yHOnIFuSPFhOXKctGdfiwnOS9W/gHIH4n9Z76R/C3Rx1yWYIeFtDSO3+Wzo42AfEv3EYwWZQ4ewnetg6eQBWH1ucA4iYUv2sp7yPWfPbcljvk/u0gvi8SdRuxuR1viemQZ3Za8gkhly69bH3Y+7PwSyPfw/8AFZ5BfpEgpeOXTtw9uWWSXxH7tPi/t56z3g9hyEQbYL0OS0hsxXC9Rvy/4WQpzBfMhNlbgId+ROg7jcIbP5S7q04vGBw+LeamED5j4G3kN8ZOjs7+LfbNfu1QNzI5yTck/Ug3BaI+bq5cy+1kyOQUXbGqAPVjK8mHy05WV278zxyYD6n25B+CyUZDeW8tk5cr8CmQOXrtghp+oAcldjvthOQfRP8ALI8/BtB7OPk+X6hmOp+pF+bpKw+5m9LKZkm3on2GfxnLnyWr4nPqczhBoPiJ35nVtA9W3F4Zcrd4fiXlk4e3fSNfAyu4Pstli2l0ASuGYwHfcggZC+TryI92DmxpnzaXYDHTyDvkPokfEDLLnBBhDEuQIenLYvBy3KvhGdGdMHPJslm9i76CIOI7koeWD19/AyQQTHtmH4Fvi12DnbQtJCXmDGbJ21eSPxLseWC9kAyWtiXv8JQZz0nOfEn1ZvzLnvZds7rfO7Ls+3k/g7PLZ1tS+tskfQ9g2sS2Pz4Z7aPt4PzIIezXsX3vo6ToT0GQGel1g+Vn7gpDyyHSKN7liMm5uth5iybjZYwy26WBrMi1AZjyDkmw7sUeStuxwjtkjHJuH0t0ieR7vjYjQ/tyetsSNMxvmYeWGcL58s2y+L5mIO7aJkfveknNjzrc+ttPi0PLUH5/Cu8v/u3efhx5Gxj829l5EVW+h8R0HGl79J1k4fVuXzeuQzZ+N/CcifbLyXnfJBR8ZZA4B3/kBNoT4ux+IHj/ACBYcs/5BpEfu4hCB/q9hGsdBXY4+zOl762bZP2yOQ8tQc/dpgPnSxRP9qTiSPCP0Cfd6C21dv5aIzGNhLmcexHko5bRy0K0ELsfL4TVn8nmvz8xkO29PmDwQYW8viXkeT/Ycm6wh5Ysz2nxOiAL17OPzP0ZPts/d5cdv0WayS/Ua3bELW+YYufxPUMeBsCOweG3Uc+bOQH4O2NjbM3kWfgmdf1cTPdsrRw/9tNHhX/JywAY0c40jm5gtjmukGEfTCBHx/Yw9f8ALr2ExydGPJs3SVYJ+2cgHmPi3nh16ZED94EZanuMf2B8QNhvmJckLNszl5vhtMiWdsI08l521FBdjAfWwfitTBIcvImLHM+7XJfcm28v8gzyfbi9uQfVx1PJzD7lYUmQ17ceWQr5vJ73CB38ZjKXiy/LOLl83Q200P2LtEQMajcFlD+HkTZn38fH4b2bz8FkrM6f9veVCcLbmE5y36gOszh9Vx0YND8t5osxI3s2wsgJIZ4fSXZxhJjvNTZTAfk/UKEP7k4OfcZrDFr1Ae7FuMwG9vollP8A4DhMyTxaEZZxPVth2Vw/7Gdi7uIhukC6Y+oMufjewyWGQDHPJj3PUQ9TPwdJJeclBsvxI6+bW12PIRcI99l2zbDfY4rLoxOwX7CfgTl14TyIYk5DbPse2RZN89g24w8mD1YzV7kf+zc9Rnl8PxvxBOcM6w3e+/8A/CIrHwb4LfUeevnL0AJWO7smzg9lfq/rLtALHaIDa/tYytyH4cvOjkZZL9OfMN1xs/GGmT7Ln54S8iHyEPbtr5C98kCFd/kZYwa/7ZE5jhDoZy9bv4apfF8SKwJPeW7dHkez6GyKp2F67Zp7+Gg8tJqvhlSvn2HluwvzL+7T/ZXINsz8A7aVjY1GCQG7trvIOwfgBckLCPPybeXy/HxE+XzKEwwPxvbjAvTsgCt8XfQQU9zlyJDP1ifs9Ztvz8pMmYGYfH3J++RMF+sWUNfrG6/uxnd7E+4PrOy3+8m30sTx8QAH+XYd7fLdAQbL8Af7HZT9bCn02NjMJjyO9l7ZMjYEO2frIYfcnIQ+icPS9Ir3HOyEg+2Gcg5JfH4P3JAsdg/U4tZzI6cgCXPY/u/6l/U7+OJbkthAz9z7PJipRHqVIhnpMYFswIrZfDLJMA+o9jUmWqWOztj8fEeSWXjJXf7pNOkd8R4gHZEG7B9JUB3g8g8p3I3JD7MHRsP9lA6WZgQ5ydIAuvuMer1kerfJDRs3I2yxOyjh/jLqb/1MZpz9z7p4x+gSqT8tmAfjIEFPyRQOfNgI8yE38WFkoBdRHN5fXacG/EcPyhjk2+IeXxeH4yzsEOWv1d+YeyY3D4vYcZdfqXnJ77ZP4YZBYQctn4QZBtvzO2mwe5DNPoblWk26xaQC82AD5Ey18XXt5ar+APz8T5+Ht4d7HoIfuNWBjsCU79BsOGuPWpUYnXgWKb484sqNXdv45dfIPs2OHjqD2d8rEb/mx7kSDso+FSLEnfAP+2wWvvljfpDsW2n5Q7/BhbHhsoXGwZEYnxCvY1Dc1gnZM/8AtEtmuc/GEG/MITMfIHKB2fIdLYn2Js7HkJa+JrW23JVPYJ7ctA6XXkdsn3JMmOPZ+jHLdsySVOnxZMHLbmPjI8UH4CNN0tCMf1Z4gGxAHRtrV+Ib1jps7Bl8QXxfPLPv8JJ+Q9L5Zy+jI3c7YA+L+efgYwdOPE+7rCegPLZPg5BM7ICpMv1d+RsPPuMhrtHxFYg/UHABhJrO69IJ+DYuOMi9eWTNnWCObLmcbdUZ9THaeTVt3exjHhJhsC9n8Ntgib1y8Oz27O3x2El7y+bLJWVe2GnbFviFvIpG/F0jY97H6Yex28ZkmfMsIdIuaMxyZ7b/AHjbfq/5iT1nD6hqvPiWsdE4dP2lrjywj2yd2D8Z+f8AbLySC8ey/q3eJDhh2NLTmQ8yy47bz9w+XE7DtaqXAYK65MQuQORbcHB9ZbM9s5HJAH/tl10tKdnXLt26eXcZlgbsATOmQ/8Ay3TAe7Lrh87ZGP4EPIfBvGy1TEcfw2SPVln7nbHI9jdmEj8IGzh/br21dlzyElJN/Cc3bXq9Xnt8ey3xGjGng9tro+ctCumFHywMB8uej/U8+RztqQPIHdF+1OymyNlJxjDyNs/cGT+CRg+5ct18mEfnGx/Dmw5zlihXhZfj0bYBu3K3H7yUO8nAYhO6EIANMbbYaezbC+p+pFWNS+HZW8Mkeo8g/IbMAJQbNsPzL+fIhuTdLryOe/h1L+NRsQksvEx4gbZluky55ZtmT5YsGCW+Wd7PfLITZ+8vaZzls5KmJk5MEvJRIKYnL9zxDfDtxAbLsdCyLxgv4nyH9W6fjGeEdNui1G1Wb2ZlrBBs8gjqXlpPficTIWAwxIkANB8R53CydInQL5LP5NZ0x8zkqdMYtZKhplkjdR7GuhcIwVCFrwn2GvNlPeCw9jKGMJxuHEhTyVguj5M0W+R+7Hzc/C27el0h5bt3LxszxYPZfi8fkcy5fMHYdv5L9275G33cn1x8Mm6JvNlXcxdwmMM5ZWAOXJHivFtiENBxETeAn7tJR+M3yN3s9sZ2cHLn5Ak+rV/AifMtOty5APlotvX4yeDBTy1BLaRZp7CnzsvNkdHWKn1swM52JiF5oZl8BIkvysNbMNydwFc5FwJ+7MGP5ZaEJwWTdxhyTGXZY3jHhifzkE8l5+XxKn38CPG1YvUHjOMmTbPfwTJZhsgVNOEQf6ZS35I+vlpxkO5EFY+ra5E+5PdEs5xHkYT5vkJ98hvfj8EOPu2z2UMG/EmW/q0+23IxPIch/V/EH6vDha3z7LLpD3M58xIFR4dIVla8OZIO245FQky/UQdO2YN9s2jYjtrfeTNGDgGfuHIfwwEN1sZ4g5OTn3kJP5LfqF3pHpDskVaF/V1Ykfgss+5L9wH3fLGessG3ry7aI36hN+y1aLTBs8nye+XybbEnOJfl7GD6RTH5m1fVirztgkOPqwLIvQGU4IerDnC+k1mcM71mEvpkNy8hhv5RD2+JgjFux9WjzJgs7Zb2GG9vn8N5Gbr5eLj7/wC3Boe/q747BNIycrEAY16MBXRKN3CM88n2KRQNbK+q2zChVmMAMs5yCkKSiHn41NaP1J3by3S+Ih/Bdtl7kF4Y4p9h0nFvbhYWnY5+AaQY23llnWYjiGzEdmjvlnHbKe9uZfV9Y9m4gIAh8TZkA36YVT899kgAFrdun2GJUHJBfu5b+NfwCeH/AMCBPIWe2W5H9tyzO23Ty1zb120+Qc7LL6fbG2/Jsx/2HGI7EfSTXeSc6gOwUD4tT8IHi2Om3sAaMGoCL7F8J7Om2z2M5aPJ57fZAPCAkiujgw7zi5v3Zb2XL6ljPm+beT6l1uDlu/l2Fy6nmXs5jNb1mISI+T2bQWYRDs90iNEuMgfqqXHXz5suh24LZ2+eYuZEAGvwMSW77rFdWsNYBGYke+Wa+WTfH4vX8Ehf7GsocuyXPg/G6ZD4ky8cgPmesPJZnvJB25qRP3CROVzBmQ/t96zO8t3G6QuMuJschEmZDA7D5EuSAbto/MD2QuM5nssZeQ08hYBfi+meKx4D+qw6HH+SPxZdfj1+A5Pn401sG/i+fgXPLbLkZ+CwhgSvjl2SVujmS0QPb2yfSb19WTPMYBDPLB9Imln1IZQHf3LW/sPiU+QfEjj43Iw3YF7tvORvzezwlz8NsRjHD8E+p/GWg252azS2wf03d7OjuXtNZeMJXcGRuaayGyzxuZjIDpt9ZPw2sGzkbMzOSADBcg3L5Lswdut/Ruu6hGmDJndl7t+qVbA7cPjvsjSz4cGViRvwM6IrNfM3kb7FCDfBbdNMz9S5PY5D+Dj/AMtJPz+9+n4+Z/sZcyeieXQVC0tswm3OR8PIRJyHFieMY65l3BX70QpWpxs/4kX5rGc8gOU8xbB6dG9Xv46JMj8ZcyOp9/Gj87J23Cew/EO2aSMefHq+tMLp/wCyYH8GNWnXzsmhvsDZSHNEn1MOkuNvcfZnI7OAzyBdnas/mQPsKfFmQe3fY9ch4k9uIYuF+SC9ZPi4SHvRI8DHAx2cdXJsWAOaY2XSfjYgRHb1ZHL1jF3kP3bZ8/jcIfwC/sCA4gyPZM4TGTgbKR5az9RAzyMIWtOZJ4fU3PJGPZ52BCwPMInjc+iyaekpI12LamkuOKScsSkDkHLLkwzbl4x2+IMG8Qc2+bgamwwE1Vyxxjx+soSXfUDVa/hcrp/GdsgIF+kPYKFk95ZTr/yHyQz7dpLi3gQ0a+yThazsnbNt/wCQiyv/AMnG3ceW+ez8MGfauYsj4/cGqdztm4J4R3+oWaH1hNxO/cbvtnP/AIXQJbPsL97KzT2zObcHth8SMV4E62ZKjV2ADfYvN8lF+J5D5gBnrbLPq6T6vmfUHOWtOtqTe/MmJ9luAT4ZO46eTImJekDgLKf1en4PDt5vj/4H5HYc/LeM3yck+fI+db1kVd8VZHVo369nd5lvz5gzyIOFsd/Vke2svu2XTyVMQZxBx3shgdiEbd0yRBkeGHOR4jchJa6fF/1ebzWLrvUtOA5n2ImkeI3d/wDbMHw/7bPf8JLF5Dyn94adAT+Fb9HJTSsftnydoYhOgZN7t7YT1uhpbLhy28dsR3ISHkTun9WFNxuWRd7kVXeSyPeQ/wCUYLALKPJEkk+zTEhVds0d5fJyucfqzkXRcW/jPwONz8AkU/B7L66/qfgce7OT9lWR13w8/wCynTdkd8ufH54+fwHTyOmQZEhC4Nh/sG/uGqQMVf8AYYCCyloSY8st+V15f1LDtluT33l0PnLMU39Jh0/EIfYrxDz4ixvthbfIn5Qkj5l2kjztgjoc0vFiw0jj5t4h5dFj5tl+i6kLvZaLp9SKr2//AFIAjFByD9WbLltn0sodwnaoPONv/COyAGe3SnYkHo9tVXH1Z3ez0nGQNzR2JGtJhKWcgbmWW2/hIELffZSwE8fZkokfutUW5pKVZ11lVwd9tKb20+Jy+Y6ly2ly3I1YijvxGZJryG42H9lDXkf3C5GE6H1aYO3Iy8XhPfJM2BWyO303xGzMus5l1dP95C8xM36+ZgD48vh92Tqk7n2BeinbW/rLEKEg3/oYTjl9AYI0Rk/JDpP7gA2OJX4jwsq3FJYOp9vti/dMS8tl3yxVpn4Zo4z21NP1fNfiww8xl6fVnbr5sseb/wDAgfqPLCPE/wAYvp2CPWWD9R582f8Aw48j9ydvn8LhuH+yrrByVcv9y7A89bqbDra36/UzbH7vVvxAsGewnxDvkGmQ7GRhheKFnkPSTEA+LMMpiu2AE5s0XLmvulCdXTDOJchBDRgECGmsVgRPsJg/ugIXswCQTT2Z6gbGOEjOWJlGOyy7PvJqYf5F6Ri2jk2PEScQcOoVsZcsvN+IdPp7aWvxYLIkWIDy04PLRvu1rixRjGx7e8kyPiC8viT9fjfuQH7jXAFsN3yHv3D2CMSmCB+S/qXPi2P7ePZ5L8vk9NOxr2zTXhM3puvZLzlhJOofbbXyyEHXWHyvZ7JIRONhKn4wy/ufPOyx7eu3zBl2QvKhLPifbANoOhY2sl2GsCs5G8BsqGuXkyNsEa/cq4WZ5kJ05DRl0mVambZSt+WO7qzCxJJAELK7Cati42f7fIkdCiyZELY5AdAy8LRHMMcBbEI7+rJOfu4QD7hTfDy4Sivjd/8AoQdKZwxBhwjOjOGhv3KQqocEPswdkJjyMicR48jvzH7XB7YoHYb6L7B0Z6nk+CUVwXScxvfiED4uSbHH4YObv+WcXz/9TT40bW1v+35/9lG/vWXXTv8As99JEjIHk48n6W/S7Z9xH2DJsSYJFnwsQbAAvZJ08unTJ/lyFmtm62T6ykDZD9cvCUGMlWmbOmLljqkPfiDCt434lOfty5bvwJQDEfwcgIkSpm8+pAasBuifuskHe7BvNw82eNnPei4iwhpHd4hdwhEzIA+5cfjyLDZ9Il35gBNN3UOgeQkF7GhB8xJAoXDnb+TzMH5QJhGPshb/AKurTt3YMA4/y42t+Y8wQOu7YbmPOxJR3v4G79kZndkfJwA/bjM+IL8pC5vyuge/dvunsY8d+4v1YycE69v/AFazPvZSwyN5+QB2OkZ4bVjsOAZ4NjQO3Rk3XFjwI3CxwBX+2ATGLpTOG6Fi9gUJgclcXGm1D8W+XCITCWI6h8gLQOs97eYmN5rsmUN3UZnoQjwkSGThx/yDzQRcKjVwIg65/ZDpT+wccf7eAYuIBkTrGRl55J+QybVQK5e5kv53zZnRkce5HBWRtQI5jGAUk/M3JumpDks/DChR+TEjx+0G/GMNO28TR/BfUNuOiQ3cy2Y49lIeC5kYSH5tA+A+djQwcB+ZmI8Cha8WsBktLB+LR7BvsCoTDcL57XfJ36unpZ2DPCXfJNll70yxmWMiMBI2SIRPmF1ZjkHex1eBF6fLBqyBijCxeIsJ2ILMe5dhTIwMRPo4WE126tuzbHEHE6uckfJPaJB+HIYEaR9hBPygfKD6WjWxwXHNSmzcgTdsUeThvMrmbMbI6+H92iiv1b3ggbOFzAMFs/8AIdIWqZyA7UOxAsBljNnT7Z6uHGz54uR4uc+I80ljERpD5EEG31nJ/YOQagEdOHSTFT7d/wCQK3EfO+RkMXwcmh8mPlEfEfSb4uHfZQzO2h2w6ew3lk9kLi2L32O+eQt7B9Wr0tx8vr7G50tDpGHtk6th9xkB0XETEedtPosndP5ep3/lg5/E7ANT+7BB/cs9egg807z1aQPZvvqbikvRIwK0zxIZXr5jKacfW3/+0hzt3h7CN8LGIx0cP7JecSW+t/dlYcyL8kocxvkC6cS4kyTCB0TE4/7BGHCzCJB/EWd4fzduMNGZp/SFL2CxbaOY2Z0p83K5PkOjIb7AL7LEPH2+MfD8AI+/xDgMmV+oEfbrX1gXfHW8fB/kMYXgMGXWj+IB0/ttSCa8NjOh2d5M3nYXYLA7CFyCbN/DL7O2Px7M+kC8l9SQPPI7yQ3aOW2mdhrI5kCRQ6MvXt+9/t5URROrV4ZLhI0xtwCvkWUrrmf5dlVgzrCwc5m9llymRGgsQpeLMLqB9h0+oy+J+70CjsX2+M/EQd+LQHFkjH+wc4FGxlr4YuZpPRqCWLYUUj5h/WMv/wBojBB/NlDwJbF5Fae/F+ithRBet7wc9tuNQ/iJn0mlgkQxk5DvLPQ4R6P3ZhbDl5YQfVhxuwOBr+7YnQ7K8QYHslbF6psfAFkaeHwWqyb+ISrnxG+Yc+YkI/5B1C8oybKBunDbGaEx6j44F8IZdOuEt9beTZubsQdZVPU9hAUUV+kYnpLyk7NL1O3KE8QbyB4PYg2xNP8AtkBZ/Y+T/wC/in1kw/A7+oENkQ+UQDD+Rxgr4ztu0ywVZsoPgx3vZAwH+Rm0SQwGB4YA1Z6rkh9JejsN/S2b7FcbI0YfryDe9s/FjwLf7I/ZBbsEwuzo5SPYBOb0WbDj+7goMOpMfm3GeQfK3g3SfwRZGM9/B75CxNcv+xIYWGJEwsPvy1TMQcPiN9L8sqRqlgPD9QDN3WIF6TlAZJ5YR1AkkHS+9WF84wGxnIz2bCacniQJ5fiXUfI+lsL7Ma9uGdutfFrEsWx/hJ/qIjnGwMDfu14C3IB+LOEGG8DC6DkLqP8Aix8GWMNIhmK23qYm6JwJc+LqmCNR5z9TgBkM8H0zQPF0rH6lI3ZkByWLW9RuYLJotEhoeSczY+e7dLeSQGm0N6/Ul7Fld9b1bPca22Ju26wXMsBnnGwGmymxZyE1MYS27e/Uh5llohmNh8UgHJ9RZmeG2AO+kezqRHq2AEHy36Ia6WeBdDnxEesjGt7i78zJnsrtcu4YUvETj+31EY9Z9uEluuS81FtWPAvW9hvbPAvLqbZ4GDj1HhmSnskZ9RGQxAcJOYusKH4RAvwREKDIQbA7+5T4P7BuGMBa8gclxgbY4c/yQ9EmEyYMGQDTM+bcH+QnkXkA/u6HB8mHQ/DlnlmPK2YDYubHQq5LHvZE4qXyZqzTqZ8DYvEu+Qb5UCTT428DstakzOGwfGXCWcSeuG/d3eahzOWqNjyGOZyfoxgDh83XifGLVqrwNx5bzvzdn1+Aeey7sukuHzHvaAP9uWPrPSkbnk3vrDjF2I8vlfLkszfEm43Yj5WFu26jtQCQO4wgm7V3k4Ts5vSP5cN2RdSBd5DHoW7vkfnV6VCKmWaDJw7Fj6LlaYScf/LVn/3lYP8ArbC6QOoREzx8rKimkd8HPgmzozK15GxQ+/qdB+OrNN5XwhP3MeHfCH5L131LxWVBOSR9ZH1QDo7MeoB3pt3CWmrcVd+8WkMk/wAn7EYEDP5a7lnE/wDJM/8AzPtwknDX9QkMcnLjHk8k4EyPxctcOwrjnbPfEiJ5yc+5HxK0ttrPSEemJNsS8s1nAvIPfJFzhF9iwbLyZnYZ5CdexrrCyYNszjxvknJoGn4pkj2IjwlO0lMl/tu6JBPofqGIHWw7/wARTE3GzvlKBST5i2BjL9tjgwUBxobGpDFNiDJH0LV15jGGpGCZaOXW+riCU0FM7tPqBxX8aXcusHd1n8HLCaWwwd/ZMuRMMnmA/tyfBZQuPmL2MP3AOyXC0CLPqQDhrFw1tuPqAziU3MRP9jkpKTOROXEcYM7j1YXyWrHGMua3HByU87C9JOVkHx23CJyvNu68tz1ILuDGDAYuMp/Y1fVq4BOLZ3XYQpybHQsffP1EmltcuBDjWWzx+7oeiR9BAOdlkNG2A6BHOz+rDSUkK3UolFukq0O3EPN+Jnzz9zHIdoJ9QRxAfq7oG3rmSkEf22mJX7jGOsI+v+SPSYDd/pJI/wDYIa8iHlIqAB7IBb/kJTDkgOrP3bhF24IH9bPrAkjQ/wDuAtTt7oP5b4RbR0f8t8k2cB+28g1+o04n9ihoPt6m342XGdtdmWOg/Aa8y3CgvtGwGyrztg4gD92WUWVyxhnG3YHLFwSHAD+zhg2BvwRfLSwYCQPwhCGF3vc790injkBQP/JMF5kf6KkF4/kdqH6h4JvzDdWPljLd5bof1eZRftaZHrMnPJ7fUxZjs8hzWs6rhyx1efcHUsrKb27/ABvkAlGIPkGHtHwP+SWAECjnr+1gTNsHBESdO/yxAD/J2Tf5F5xv7tmhX9zLfH1fGeXIDbCh2Lv/AJWfOP3cLp8WLRz7ks1tjaGQhiF1AyXoytu5yAxOYxhZAdZxRl80YRwOF4XLZurlIIxiR2f7HxXGCCWXqyyenJAa8h4nL2wwu/jmprBheAxXvLia1GNOwPvLFgzmOwwiDrt8htqtk73ZGRFz8GBLIwG3u+rWbcgT7LxUHyYg+IIbLzvftjRbn7s68QbFAGYGO8gg2Lr+Vu2kyzJPHzOLzg4f8tgNfqeQIQPb2ES7MONmC85bH4PmxD/uBwgQvGxTVjDmVmYeP/FrSxauP7sF3Gl2hk6ef26w/wAkOCEwHNNT/Z37bGvL2bxsQgvrbUR2K+jcEZDb8/V4eR75McT/AHZNHI8V22fdabySbTYs8QD8f5JwYvzy8frD4wQDS2G4dt8zjbGY2cfG4A2czB7HJztiOhCeyzEHDTf7cc0IHtP+2qvM1OE/tj4m3ZMGIXcz+zvD+bDO8QaKMs26zrr6Se7mfFnfL7kOxX6QVsNa9+rIeKcs/esHE79So/SagmyDJ/k2NwmhwEkwx+0mghv7iywzWLsvqFG2t3peDckPPJAngsE2NgXqRDq+LYnBtSHb1HC5jFs8zk4o6SURhdB3cQBgNTfSSp0j9t7jlhPU4vqaBLQGCoknTW50dTyZqWP0YA8iHDKtiz/yL5oQeJ9JAdmw2+Za1YwdIs5RJlk7fU5Io1GmdHYvxkNRdQYs6cnhyCDqnZSkTHjcEuDr2A31m9X+R2qySBOEfKYg67aQhZV9in/3yeqy8dOSQ1t1rkciJdWafS2w7O9Mjjn+pYPtmuBaUBlFOJaR0XDWv1YuGMT6gSKqw17yGn5vsYn2Cngsp/smNng5toXtz83gW8lLAm5CB6/VovY8bccmwYCTNLD8SMHCVvqF1gperHBFtbsspHJGtAgd6IsNIXIn+Stfb6ncTn4w6prOODf2Wkg3fghz5JTxyz1fwIyNBsRpGEBN9P8ATO9mQzpP7AhGWzheCRmO6h8nZhKR6/jQjLz+QcJyP5khDSkYhEkCEsXJbEpNsQyC0YxHBsA49RZoJJ2O/EjnKMMJO6bjmo5rmDdQeX0Ik5M2xBCz77j9wD+SgECKA6y1hJ/LfGfu8sCQYl/lgDtk6JMPeRsC49icBrIHX3gSGuxubmEvtP7+ONBDrPmAS+rmoLywlN0tdP1MJqE3EsZ+4r6LYPUp+okjm3KtXzPR8PiAA9Tvf+IoNh4fUqvY2STMYEfyDQcsuDyQEYfD7sx/icdDZ/gyU1cgM7S8vWf+wJSDsiPqS4DJVTercpOMmx82Vxj+o2i7TZ8mxhVIK97uzUzBpuDriNHDyx0ht9ovCSDGDrCFHjdAdyXY9lYZHKcsGdfu7HuQA2aRgb6uvjLIppLusDyKQvs39Wa3Iew9sWLzTyZZ5NMbLBS7nxZgCwDkOmhyI/yLnnlsHI6ojz7s2b2aNTYn6klBT1avMOdmLJmSD9XBZR2AmnFqNqh0Nspu4wrDjYyFfHLO+ZGkxOdurHT4sIcSP68+LrPZIddMxx5aosEudgj4fzdOof2Ch/kxtBDPvFBEzqRQQH1I3n+QukD4Olh5p39R4y6ia3BMEXvllW8szNtNahx7cGg/clnr9yc0z2GP7s6sQ2Q9sj1YJQSl0hTm2k9PuGBgbTCbAMn2RxjmP3eAO/F3Iz6vjEt0Z+7Gu8i+W3cPEMZkiGJCnL9JAHgSa2PBPIA0K3YcXBA0i72zB7cSjsaB8Wx4RXB/t1glhmEkGTdPd/UUUZKAYXlqIycgQy2hL8OyChz7bMvn4WuxkBBEwJ85ApdWzK0QMDr6vlBqRz4VvztpE1ZnlhEwrN6Tto7BRrSRSmt8T6j4MMjK2pBbi2wWFh0bM/p8whP9GKz3+rpKrbBUlCE+bWXLVn6IH8sS3ZvSnyMW+6tsF3QS4XloEhSez1k8zgyHIX7Nm58Qy/yERaIS7A4Q3C2fidg+uQNCAg2VdOQhpDF4YO4wEakvHsk2Ouj0hp6kFBmnsPrB7dkAzAIh3bPvxCpeJ182coDH4hJziQnZXwIkiX2MQ1X2AFBtpBmPls53y16YvGc5JvAsHGjnk0W18Rh19kyMTPqGI6PqGXN7H0fEwfpCCFPphB365sXwGpN5grAx2Z4TOoQoFB2dHPY1vjK1ONhTo7Ch6OEv8EGwCA9A2W/uQd8+XOT7S7MxOnX+Q6//AHkO8ZOcxk4d2fOsh5Cej5P+Ee/+iweifyROsa2dhmVfB2xHOSz3JtPWSRchtsp7cWIX7kw59g/7JiclP2JzlnUbatYDTmTAzM47faTVMbnp82+WRpAXXsWj1ZOdsodTvBmQN0ncFtfYC0hs6mp9PG3Eef2JhZZg28dz+w0o5f8AAkerPNkNmdH4svkPvxKbZz2viFuDD8Mem6tgp0skMhG5PbwHc9iHxf5dAfj4sDvkRbENYdwVG5HR3EiLGi7/ANvsTf1JzD4fUjUho9v3OAzozrbXFPAuyPX1BCA+2bBr/U6QpvjaP/BDi3jfI+x1JPFDQ5Fxcj4YyOphjhI4MtvXsQAwWrutmdUsHL6Cllu5z9xod84fqKQSMz1skSyOP8jPOWFM7ex2ahpJ/wD3ykVETWmsizAbHLutghyYyOs0HU+0kjcwAPf3kR3F/GH7CyATOaGyKFbGEwned5HwYw9OT8GXwBAVzkny0g9e3ynZPQLPij7Pbye81cnPDs+FufcQczs2bROkBga7hJbl562AX+JW1v2Lgh+gRFakIc7LyofcQ3y8J7zEoXPmSCfpdNGVC4u7D4Ng8cJsWd6Pxw9smfJAvyZbh9iHvlzP15MB04Q8wbP8XcOsrAhiGCnddthvHxIHcchXE1hqcadhZdLJ3mfFmgTmLgw2DMXpJ0Uk3WkYne6h1iAFsFzPqIaJyYPyBRfmIEY7wKNwIMfmFnrnb3rHkyTeFyBBZkbp3+yr/wBET1RNgaWsdlsbtQa57b6MkRxsvGbJ7FYx1lsHuz8HW0EQe7C+W4cfSJLG++lqH7tMR05ey8lDvJfH4WHTlk1UnBKLK4ebFBgQZ9Pmd0W3QSQoGyP4MnRcPjZaBwl6f8SaEfKKXofiYHOZEM5CgeooTpYg4eH/ACVbuttjDup9HwWB0kD1gSTwYPKGxG4ZYyTwVwhv0TNTctZyepyl7fwj3Fs2kYwjFrCYOIYkGtvTJbHo+JG+ksENvi+5q0ZBH1LGB9Wc8n9sG5f1svb27zjZzXlyDa2Oe5bhhZlvG/u4CgfHM7wf6su72K7TkBvUCMMP7A4EnHxD8ERRSd37tKMQ1ywM7BMLxGCdeJXwMGxOSaYcslFcSaWHUduJ0ST5UkjWE+ZvPFncgYr2XEO5OcTkrrX3bPMd3Z0vxkWd6F2DrpepgiRdJwfCsxoPPu2G78ckCWDpJqcz7kxHYKSA+Rkh7J2SV9y0G9LYoB/I6cun9u2aMMPtEge07N43z7mTNtD4vO7Jqbtrn8JQCaFp7J+BkqFJ3Q25LcsB+IFYOudbPzBNJ1zyKxo2A+EA66y2QH9mftJE2wtZjC8E4GluiORZ+EBmYGoiHoG08NsXfEDu07vi9cv6kOrn6smoP5DtfhhTvpF3UxcaIMqwzvttEHSoRbNQ4ivMrKeTh+rPhJ5xP3AidnDILqb9WvBsaD+B/knCv+RhQNkeFD0Hv2zK/llDSdgzfmYHAfU+fH9WKHHuRzvOTcL/AN3U4Z9MQMiMb2g/uDnViRDDLRCAvuNOHYxH6g79JeZuy14kblMXYJ42D95ODrBI91uELMuuBaIMLl0uT3s/uinYssidZB1/kbBk2vGM0/5AHnkDsMhTAtlOSxTn1L3OSUzBYbivzJU3Uzk45I+J9sHxH8ucov7kvRIBoUfqPIv3atSBOOSPsRxRlPxneuQR8X9tpxN4df5JfS3PYtmge+SZwz9E88a+ryGH9QADb9F7p/yciX8XiH/LgmsiNx/V41/5JYZ/pPTUD+QhV/kRwP5dQxmNTdXjZG5/t5+v9sfrZDdbIeE/cp10/kJ//CMc4fyC0X+WjQ/ZO4T+JnqE+Y0lH6C7KWaDDW8xfNvNNeEfJnEcO4blWsDmSAjSbAFycG+QxfsUTn6yXQSaJA5AFTt/HD9WH4v3ylam5BAfN5MGiIQ9JnDglFdhfRLhxzEr9nWByWhNNswJwHy2GGQGUU1jNflajvI9B5ZtPZLw/cMMN/sC1/vYUf8A0hOzY81mCX8iqDP5bPP8JZj+urYo/wB3uX/Lgi/24rmBZhslXJfiN6x/kron/YwGpMHefufFSwww/wCSgnOB9AyddAH+Qy+f8lmD5AGuWl9z/IRE4eOwvn8JBrYx+4LMk7IttCdaXbGBOn6WnIDnFfISbrsstMQ72zV8gAloMD9w0o3IpMFgakA11ej726NufHl09DPZ4s+PZ6HscA5cnUsyvYMXyYnHLpyW5fmVdAnzEoDts47dEZKmp5PdAuTz4A2yffu3ruPwQ88cZVPr82EBxI6cxG6U6EF+p+hz9WYuAfDL6+Pq8+T+y5gv5L9F9FtBf8tm8/tbA+v2LD/jIZgfzLsd/BOdv7PYwsH2NkI3+XKOfQSPB/l9Y/5IftB8OQD1Z4YuweeWncGIHlweWHpGHycE38ITfLxLhlro/g65L+r+YP1JsYOz+rY1+IGTnskbzZEQhH8Bvj3ZwHRAwGad1+JM6+8gmZYXRi7GMiBIGREkwzftg/c2LX3llx/sAnp9kgL+psPi54yyJCM9tmsD5sx5K9bDh2DOduLR2GeT+RPYvbhDqM31dcip6YHE55u+z7vgQoQNcAt16f1ZQU+id1kyI79bGGJ8Gl3cj9wHF/oRxgP2IH/wo2c4/q+Dcg3ry2NdQ7uM/AX/ABnBH1vYSaySlt295rhJzuQAgJMeQbw/Ak5GS7+PZYWj2fwtuzJfwluQ7P5fLTn4CiIaGdcFhKc+rNv/AHHfaA4uWcPZ+WhcKGxzb4WwGNgwbAHxZGOy6diDpDnPLsTy0e749tnbrPu2QDixbjDgZ2+W2Eb0bIBsAD4bLB7aHLo+kmzrZ/2Fm8ITqPqZLtn3yFA8/Upw/wCR4wMJ7z6/HByPIQkbUcgwB5fqiG5B8uWTm7YVy5tuX6zqaeSn5gU9hwEIHzLsf2fYNsx8hdF5fEFxDyU9/A8iN+Zz6lTw5AlsN73GN4wDq4Xm96ld4QIPiLzxuT/Yv6gxBGLj8C5aJ+Et5jkIDn+zjZk59Wc1tSBgKETZ7Ojr2+dF4ibKHTLTxPnkeocvPNM8cHY3TxLZTqzHOQ3OJ9Z4/RLkx55DnFd+5sd2eLrYez8/bwElgMuX2WECEJReTgtI8tJxgnzB9hLu3Pi+b++WD5MSuM/FOHklZG+', DATE '2000-01-01', 'A Coruña', 'España', 'user', true, 'ROLE_USER')
2017-12-20 20:14:30.891 [main] ERROR o.h.tool.hbm2ddl.SchemaExport -
				Duplicate entry '4' for key 'PRIMARY'
2017-12-20 20:14:30.893 [main] ERROR o.h.tool.hbm2ddl.SchemaExport -
				HHH000388: Unsuccessful: insert into account (id, email, password, username, name, surname, image, birthday, city, country, bio, privateAccount, role) values (5, 'dani@festis.es', '$2a$10$mq8cryYfQLoDuXfoLNKHvuZBOa9BJyDD.iUb.MApLQWanY4cEk3Wq', 'daniboy', 'Dani', 'Gabín', '/9j/4AAQSkZJRgABAQAAAQABAAD/2wBDAAYEBQYFBAYGBQYHBwYIChAKCgkJChQODwwQFxQYGBcUFhYaHSUfGhsjHBYWICwgIyYnKSopGR8tMC0oMCUoKSj/2wBDAQcHBwoIChMKChMoGhYaKCgoKCgoKCgoKCgoKCgoKCgoKCgoKCgoKCgoKCgoKCgoKCgoKCgoKCgoKCgoKCgoKCj/wgARCAMmAuADASIAAhEBAxEB/8QAHAAAAgMBAQEBAAAAAAAAAAAAAAECAwQFBgcI/8QAFgEBAQEAAAAAAAAAAAAAAAAAAAEC/9oADAMBAAIQAxAAAAH1TZhEkLGTEBkJsVMEABMIE2JjWMlIQwTGJpiGxMATBDVAwTYDTAHAMsTE00xBpiGgAEpIIziRU0kSaVDFSkkBiqu2tMVN1ZAnCoKxEFJ2RjJqiQJTigpMhJoBi9EYgDli5CJSITalTZYiSExwmAmNUNANiGCYhsAUkJTQlh4desPC3ntHwuoaRghuEwoAAAGmIkhKSBMBMIgyKmoRJWoYiGCjZWYIWRqCnGFGTqttCUikwEKSJuIBIipJekNSDTAZKmAMBDYgYhpBpwmNUMFIABAMsHHOuuryHmK9p5PhupwixiKs2862PT+g+aM+zafkn0nLpOMgBLJAgAMASYomqAEQEJpwAUJoJJhXZXWKMokU0JSVKM4iYJEkyuTATYk2sFNHSAkTUiLGoDhMABiGAmoBsTAQwAYhhHgnzXU9NyeW6IyVIZDLI0h2FWipkJWVEvS+a6cv0u/5fKPqx8o7B745vSBihgCTFTBBNAADTEDEDACnVbUYoyKgpxhKQKMkQjYWRJMiNqlIIDBKaN7CAYDTEDVSTkEwTEAOAaAGCaGV1Vpq835yzHyJRpgElZGojmtlQyVj1JzoQkXPSzJqqmbeZVEvszSOx9C+Syl+1P5N6SPalNwASgCCYIAAATQNMBSoqtqjGmaJBCUgiNkSSEpFRG7EpKIEkELEbxkJMBjABWBCGlBiRkmCaGUTJGXjF3F6vk7FwnGgaJBKrI21xC2uVVW0zJdHmTiqVeyt0cDJ0OZQTkVS0szK2sAa9X6T8i1yfYjkdeVDUA0AhRpohgAAN0qbqTGpIQykNIAhpiiYkSQCaIkha3JJuYQmOhMhpigECkqSkgTULmLmV2+T5zz1ehh5tGnMNGiVRHIhKUTTSEQQUnKyKzVenMlpiueWnpHKs9LwzA466qn2KDjwvzEooJII6H1P4564+hIeagYgAUgQMTUqTTDPozmVMqI0gpIBqgGoNIAQ4TREYqhOJvaaAyENgNKAQIYk0PDu8wUdHoeR1OFydGYi0EhMZOFXxhoKYuAOMgtt7kc/uei6p5jZ6KZ5KHrGvm+l05px/B/SfFHjpXZjbDLbVauRSSZAYpfQH1XufM/peYKSlEwBxGAEoypMQZ9FFZFIIsERJCGxKSBjojNERqENCUlW0ZkAwQ6ABjUIaUQ4r872PPnoPnnp/nmoVtU03EWipuveYzrcwihj6c/bxzPRS1y2XU3FjTIEiyMpsyeY9bxjwHF9jyjztl9JO6i+q69GYcAVDRZ67x3ck+i7/IeoW8DIBiTBSTppqii/OZgZBgJpoAxJgSHUVJQRlEAKUbIG8ZCYCGA05UAqUooOEjm8Tr8ZPOcslWaDBSSoBBJM10QtKtlPaj1nSz2w9WWS7dOPRGkpdXOudk22U87p418l570/lUx06Gc+rsYaztgkKhpyqyBG36t8e+snWUlKDJCMkMChop576EyMAUkoNAMRAxoATiMAiNUKUTe0Q00A0rTITAE0Vk6Th+R6nnrKZV9w8zG6ipISACym7CWmvpQ+9TvNtuS2WdlGqL9FNpbONhOSnoSQkcm2uXyPmfceQriwaSahTSpcSUUxMStqZ3fpvy36hJcRnKJkAFDAFJUZtWVMrGJxkAmA0RYDBiJQGmiJJUJhtacCkKk2iGpQAQIOV1fGmHibuHZohZ6w8NX0eaAFEo2krqr4t6GToHW3YNojPbGroZN66LamuuWVSbJcrNXoHxNxthCwp5Hars8HxPovjjhY9eAUYyoTUrB1J21kvqXyj6FHqL898SQxMLGmSpip5deOzOxQDkRGCUkAwBMEAAERggK3A4BoTTgGERixBlXgPZYzj+b+n/P7LtOjgpzMNlVqkmK6rRI7qp26ury+nHe0ZNZiLKzpa8dkunPwuAey4vlaD0EOV0a6HpeL2supr5uk6BXZRz+k7Pmnnvr3zU8+tOaicLZdET39cL2OfnyZeR6HmS+7ty6xiYAUNNAAMmzGVIBSTUGkQAmIAYlJDQxMBJo2jQSiwaJWmgjJUmhOBsxdaWPkfSWHk+fZGzzcZwEBRqzaUloz6yV8FL1N/B3HTrxwOzycmY52fXqMF92Y3d7gbj1N/G2m3Tzb5e1p524ubdi816jHXzHz/s/PRyNebTb9J38W9PR34uoeKl0XLyPVfL/qGaxiAGjEiQnYZNeWM5KIwBiZFiBMAGJSQmACAUkbBgJtYkkiYSgAlLKcnp8/eZt00ef8Z9N8xZ4Wm2kYFLRntTTqwI6MeUl6t/HsO5DB0Yvt9F0zxGL1/lDj0WwKd2Ur6Zv5fp5eH0OnamDbKQSaFER5Pxv0r58ecJqul6nw10v0j1PzP1tmqnrcyXxP0Pm9KJoATKAaAAZdWQqTQAADIsABAwBACYIYCA2gAxKAI0wQ1KRkGe6UQEEed1Kq+NUb8Fk6yURaKaskVysgQZEn2+D0I+rdTkds53H9HkPmnN9b5Uv28vevrux5j0cdHRnvJzquskmipTrMniPd+KPImqos6ff6B4S/6N4Q9vowdMzacHQlixVJJoNFNxcGTXkKkwEwABAAMEAJiGpRAcQU4m1pgAoDhA6SkoQARYCUIsSp0+d+b9F52x9Pl9OOWBWh1yKq5xLd3M3GLZl7R9B7/m/Rw42Bh8j7yg+YbfZ4lzdPLDLr3cfYdLRh1Vaoqx1yrKvOej5h4DD2ece36PL9BWnj96mIhnKtsZSgKhggMExkcezItSkhA0GMSYIEA0CYACpMSKkjcwAGqBohkqEANABBVajPK808P4n6h8qse7D6k8v0Y3xyn6HgFdilRKytKfU+W9Gvtu/xO5DcWSRIx07q1w5OvVHKs01l2vn6V2uiVzKIEc+qo8Zw/S8s9H3uD6MmOkPnV/nZfrV0ZEkIAKaaGxkcmvGlYmKSlCAoSapSESZCAoAECAYbGAAANABKAAmQgBoATKp+QfYvlNnF9T5W5e9q4lie35nreIfOJES6LiQ7HG9CfQerz+hLKKrsunmsLIEBqU5aM/QVcu3VCQmy0EwhYjznP9RkS/p+D7B6LyOLxCv1HmPqx121A0xMKaGAnEcmzHZVKMgExpqVCdgCAAQ2JMIk4iHEr6fyP6cbhpUCRgwQStAAECAACr5f9V8DqeNs39SvL9m/18cz0e+g+WYPSebtnFwkj6ny/ZPpPU8P6iXpPn8k9ND57ee0WbYQvrgmyVF9ELEUxsrE0xgCzaMx4bqdTQvg/N+n8wmv7D82+nkkyUTBoQwBuLpY9mMgAiBgpRVNCMABSEpRGhDExAj5b6jxHQPr6z3jAlABphFgAEAAgKPFe28nXj/Qed9NZ5L6v8t+vSuEknk/AfWvl5niFsbqpRv9F460+h+fzbou3bunGi/HOtSzMvvxaauikjhKIhoYIWa7JLHTl1HhvJ+3Vei6ilAChtNQTsBgmnUce3ERARNkIcaBsiSiAME0JyCKkhRkj43Ktn0v0vy36gSGiSBRiEBDAACE0U+H0fM15TVwvZ2YV6/JLze9b1or8F9C49fKY9jkWRUkRUoy329ew6XsfFeny6U+QzoYoYDsX+L79ejlg3oRChOJKBVK8dmU0ac95xOvimdYCgCAGRYxOLsGmLHryLEAJJpFsWKahMLBoGhgmgTQk0fGyu2yX1D5b6ea+kpkNAgmlAagFgMEBGaneHh6/cePs1+l+cepl9BPLrEEjlfL/snn7Pl5ZUtbbt9Ds8rCTr5cUDcqvRHB1+67p4bo+uoMHZ5mrLTKqVSQkjlt5E1ZVw/Rp0JtVQStq8TQAlBpWJommjAqGbVkiIKgGJilaAIyVgDEwBMExBRLzS+BZOyN1BH2XZ5D2AhoCUZUxiaYmFCZESSAAUk6TCGACA8L4n7X8ts4rK7SNnYOX0+rrk2+i43Ul3zwROhXTIgSkSsjMImEr8teifref0yyucCu2mytIEikFqGpRoRidgwIZNWUi0xDBKQRAGJAwGpRG4g6rOEOOLrL8pnJpozJnoPp/wAf+uFyESTUoNWDTlEMBMGigCAAAYmMQAec9Eq+Iw9Z5SyXQ51sde3i1L6Hf5P0Eel14+vFls7KougocI4Lb/OkrIdO3Wi0QsWZEIuKTcJg0wBQA6GmNDK82jOJNK4tQJuxACGKJpAAGZTLxFI0dDJsr5rTTZFsZOo/Wfkvs49y0EkyVAwAAABSENWACiahuLAGo0rBNFPyz6zgPjz388npx7Tf6Xgd87uzma43PM4srrykOAYK6Heo7Nld16MjnAsQSxpvoOiJ2ANRMkBqgAbQQyas5FpyxQU0wJREcWCAE1Ij5fq+dWd0LDqaCs+Y201WaaFcmfp4LF+zWYd8JgACgmNSSJgDRK0yxASg0DQAIaCkBl4/5/8AT/mGj24dFdTZzSPT9DyW6PVx4Sjs8Ln5C/vV+k0t6NOuxRsjGWrVWtbZEc2mg1XcvpVNADRDEWNDBpkMunINqIxMYAApWBYRklVVvBTm56tFui/P1F6vN62CT5KrqbNNSvFGDPY+/wDin12NwMQEDTtAEGgGmqaAGkGKUYhxaBCpqUI5/wAh9x4elZVKtcs0pdVvPinTqw6ifar9Elvczb1tugJNRrLKSKuDjDpnAxSMsdvR5bj19BOL1qsGkBMYBXl05wQCAGwUBIxA04y5vI9PjWvXVbZs7PI7hu5HX40nyUjKpXVOLqpqo/Qvnm6Psqx7RDUrUlQAgxAwAErAkIstBEClAdHl/D17vynHpJSUqi2hiCTjIfU5eg9/1vP+rkq2ZZLfXnimyqqZZKq1SEowq511nhOcOqruny/0csR6fpec1HZKrbGhleXTlE0UwIbQompBp6PHr89HHjXc1dbRuTb2uP26n5z1HlZPl84SHKFhZZSUpqMeu+hfMvphZGSlTFZJAAMGmRBLIShoKYcmOh8953EqUE6SaJNMYNQYiYDlGR0Pe/NegfTI+U6EdWdOpLrIWEZpqRUUKb6VpnCxMPo/P+gXgcLqc42ac1sWbMQd2/z2yzoZLIEWmrlAGIGCRuEjP47s8CWVlOq3RqzdZKu95zunQ8t6vzCfKWmO2qdLTmtIyhOO99J+Ve8PRAxAAwEMABUNDRgN/O8l5Q9L5WpUIStNIAUmmTcZQTUyBZEiwLL8+k3dvjdaTt7+L2DZZVMshKJCNkRwsRQrqDB3eGpeVbRcaLYzLb8+1ISlGq2oy32cl11ni0k3BpIEFVnCOPnE1ZqWipd/HCS+3fyz0fmPT8CvkEp1sjCVzhKicWaPUed6MfT7Ob0xDQMABiT550cHjfMHqPKVC1k1UFJEQAQxDSg0OdciyyqwukamcNfRzS06c1ldjqcLoydzpeZ3Hcv4/TNjhMUJUmhzCnm9HiFOQzS2bqNaTvqrXfLBpNluC+pxjCQdUrSMZk7BxKVDqPkPR+aK5m8l0cuo1XZrqvtzWnQw6keB8b9v5SfIzv8AAJiCeii832xsj0Psvl/vTqgAwHVzvBnb8lKsqVqqKArjZWRjZFYiZEaVsJFGaVOLslOE10bObqToVW2y8yOymqtLtSW7HfJ1+r5veeh18vfLOiWM6hy+cdTi4qy3TbqKpzkUX22ldqSScGrhbCqZWVwnKmr1CRO6hmiipnOyerrPObrhMFu4XLn6WQzer+b+yOvFpOX8s+z/ADs8iBT15Np0NFd8U+k8/wBM946+MdXyPAykqyIokqgWBVHVUUxtCqNzMxcLQr0VEmRc0sKtiTJKUVnOpm/Xx5HXyU6JKpaZmFdXacDb0ZnU6Hl4R6HFyq615zaYuzq2RCN7iFVsR3QlVirCyFaLZ5rCSiiZB1dCESV2WRdSo27L8tszZi3RXidHidCutXTceayek8NL9UixleW9VxD5QTVG3Lsjo6aLiu2FCdjz11Cka7UJySosjTq1QXPOdSVubWBKlIxsqUakVx01jr0wK9WCZtpt0nIj11LyZ9FVlt1KTNN1mx45GiFdop6ugcvpbdhDS+cdSnl3mjoYtsUqdRfbkuLq4MjKuRbOiVMhBLoutbISkVTjYQLKyUlKnfVcmXjd/lLtuxbSrw3vvMR7RwkkuT1eWfKIWxSWvLqXfdTNFTGKypupFqybh020jnXcUV7K6qd10YI6YFcNitwU9PKmabaynXaTVrirB2aDDu5+wp0WYjqaONedufN6CVnSRx59dGG66I9XIqOrmy2lU7bxaQNjosliraTVLJJbmTQuy21ZZTQWFYWSqibFnmilCS3RUDS4QLpK0zV6Q5HQoup87rZYu3eY9OhzOniPkcL6C3Xl1mqFc0JK9aq7IFGnP0jPOvUV3Pec+OkKb815DJuyLGyqywx7KFyV30CvhM0Tp1RDRjtKoORsa1HDj081ZNE5Ro2c6xOlQ7imGmJg03IrulMrd7CWisndW5RxtVFtKX3U2EbaLyDi6We2JIdBIgF2nBfFjo0VbVZSWXVTqeeWCNFN3Jt6d3ju7HA+ifJfrCSzaabPkWfdzzTpx6I0SxbjTKEjDMiPr8jrnPlXSdfZyukTjblMmvJK3Zm35UwxkFuW+JilbYtFG+lY68O9GrlGaNtJrvw6i3PdJMz0yMquRZNWlcbEM0Nck9UkzaHMhOy4hHRCWpaEQtnMrlJ1CSRZGcjM51FkIzqqVlEQvzXl2jPqqnHpym+YScrJpqXrcPtYLfNyOWvL+vfG/osx6yE4nzHhep8rV0oIe/FWd3fy+9HDzdTlGrpczqJzud08Vuzped9AdbHonHMhu5a9HJpgmGGqCqwurHn3Z4rhqFwbaLUvtjYaMepGKx1mu7FpGpWJOpwJ1ypN5RUbrMFhsqjYRkBm1FgqrpLOjXmgtLDLbfKzHPVNrFDWkxx0WHOnpz1pq01xkhogX9LLtOXGNZ28VuQhnTXr8vqYE8/yPR+eXiek81tZ+wvNoPF+H+mfNRpOrqdFJZ6rx3ejseZ9X50Xf8/6M5mXdzawdzi3HuHHRHM5XoeKuizPEvKkmeyqVEZqKIamuOrVQX306yqdoU09KhMm2ma36I6EyF9ascEsjC0nECnXVoWI5lc6rYtUaLLnRpWc674jOyqkJlGhMrevKZqLstdCOjDFMaMx6i/BaUPNuI44StJ56zrcjeScDR5eS8sjO5+o93559DlwfJ/sXylObOM60U35i2jXlPU5qOrHE9V5b1Zj5PawHEr0c633O3m9qTJy+3zjEq0t9/N2jzdSlITqmoJpnovYXxatxsJRUim1SLrs2mwdblmqwnUpJDVmZfbgkbDBaXSqgu4ptC2qk1aMdhrpQKyFRfKq4ujlsK41Zzt4LMRhWLGvtlizHVnkzpl6fD1W1ac29NzUTxPL6/FazibPQ+qfHfoJ6z5f9N+TyYHGVbcnQwEwiHr/ABXoCj0nI0Rs4fSwGXkdnj16n0vlfVyxx7MJio10GPbRpN8KwovxzSUM8ySIGumSC2lFpOksZcuPROunZJyTKWTjnlbKmJJfZQza+el6Lx2Gx1NJ257FtnCs1Sy6C4rmLRRcRTRXj01G7Fu51cLn2Uy+gzQmvY4vSrueffflWvpYbTpypzFPmPpiPjMotJ9/z20+n/KPdeDGmJ1c03GSyi6qJxjJ6DTw+6vU5PT5pyuZ0eave9j4f2JdlMg81uVMVk7FusnnI2SSVWzkV5d3PrToyzhFTLZZtBeUTHCdgUa0VQlYVKwtyuyuLtGXSFOrIS18/aa1RAvTmjVqUuLCpWwUukkgy8yZ+jlNXJ7PIt83lcDdtws6Nma1HkvzG2iwXZZbA69r2J8ISkOcUdnk21IwRs1YO9HAFOq4zQuvzJyepoo1Lw+d0OZXS9v4T2p0MevOYKlXKQbNFc2KkuSvTnvqGeyZFkJYllVOc5pRfZojHDsaDg3eg0V5ePr5HkI+4tPDafZyPDy9sHkKfayPF2exceR0eoZwJd11wH3g5Vu8MD3hklqDLLSzKaIFDtmef5fq0vzXB2+IvQrqC6bsVSzbk3ZrUne6nI7Un5+kiiTib8mzOtQmkvQec6xnydfjxbTONbsemmOrt4PVMHP6XOrR7fwvtzolqjj0bEYDRYZ7et0zxdvutZ4S33hXj9HqA87Z30cvVrCouEgTaxJocZQGEiBIE1IjIkAwiNgSCEmIDaxGgY6IyAE5GmLByRRzOt5NfEIY50dlYRtpNmvJai259C7tvG6afFpwYrK9Zro6VCcmddhDXnivrfNegzScRBUehzdhm6OC0uxaM5L3nhvqS6LO+JwuhfGKiyknZTaSalUkwSmECcaUk4BA5RkAAAhQlEY0AMcoskDEDGCG4tG4tWkDaaDi1aiE1CRVdzVXS+e+5+by8yqvSvVdOEs1VaLJ66Lw11bIr2Z6j5TKVaPZl0L1nK6TzSuorRRqqXf6bw/r081n9L51YRcDVSnE59quzk+08b6I+ruFpmp01lddlMls6rLbCLHKMgcUTIBYRS2KATUGk3CQ4usVVtY1VYE6ZFqUTS6rRxkEkADYgiSIugTG4qJodRlEjNj3ZTL8s9t41ZdTKlvz6Nhmt2xsLtl8tV9c0fD9FwI+cShfRODO7dXrjgYe1xks14L6q0mRfZ87D6VPKZ+jiMrnWehnyuocrrcrpn1vVythfU4xRltxGu/n67b4kYsspaTEU5QCwiExBOIwGiKEQhJxRaqKsnGRJEYuvx6Km4lTIhNwlBGcBuLBxmELawnTbSUoxTVbx68ZhyaJdeSnWatmfrGTr11mmlWS6SIl3Ow+bt85ry6WahNe/qhtk5fG9LyTkWRS9TPPpp5/0HFgeq4PUZwqdFFLscPcWb+brX6N2PN99NEqWQzas5XrybSMALZRIscSpiiTcZBOEyNlcxtOFCUKrjKsnTfEjKi9Umod2eyy6dbLHUi11zJpoTQRZEsqnArvptScSK0fOvSfObq+Cgmvr4+iX2ZLii6GCO5XxsK+g4EMMiSjbmlFpGcLTu7M1Enb5ctx5Knqcol3eFdXU43YgczqczcV5ujy1iiJs0czUnu/VeO9YbEhVmvxpboz2FMq7DS6bYm4qrVFjnVMnOuwjZBk4kRwlErbgSdZFN+NrpUIlzpLNbgjRXKsnZRcWwlEUozIMkKM0VElZJLLL86891N9vLtMK9GmzTFnV5c0v43V6J5Tf6JnE4nsfMLxYuJmmDKkB6nphGLOBRwQSLC3q2gYsoS78gWZWCwsBPY+wA6FgLDngmgCM9oVZIBRAtuBUwklaAkFTQBACpgSmC5qQS4CWCCrgEtkBXaEX0hRYA4gTQVXIIXJCvl0QlruC3oRCXb6AGdyCFADL5wF8xAK/8QALxAAAgIBAwMDBAMBAAMAAwAAAAECAxEEEiEFEDETIDAiMkBBFCNQMyRCYAYVNP/aAAgBAQABBQL/AOHZL5se1/8AxEiXxY9z7v8A+IkS+PHwP/Du1lNRZ1muI+tyyutZKtVXaqp5/wACRLz+E/8AAlKMVqurVVmo6lfabsjfdSaKtXdW6usWRKOq02FdsZr8yXh/6GSdqiazqzgX6+65e/HHbSaudE9LerY/lz8fOvavym8LV6+FBPq8279bbd2fux2T4I4EsvQzsqnTdBxVsGLn8mfj8N/lM6lq1RXbN2S9zXZdn2a4Iv6neVKy+d8fSdWsvpdfWLDR6uGpj+NPx2x78fE/yrHth1K/1r/axeZeEY5a2jeTIhrkp4lqdUpm9mRPD0uqdWop1lNqWH+LPx+A+7/HyWXQqV3VDUdSvmn74LLkV/cvumv6xFcTGZNEniPbHdSK9bdUaTrBVbC2P4U/8r9X6w/i22S1mpM89/2+8OG/NZn6pP6WVrM7ZqMa3iBLn2ZM9s9tFrJ6V6PVQ1MPwZ/iP8Lg9as3Jll8a4ynZqSfp006nXymvavPkfsT4j5lLtU8EpZe7iLNrGRRg4OPbptRKmWh1Sur/An+I/wZS2qO6+TopL7q9KS6grLJ9Tk3fdO6XuRFkvdj2JFcSWWShgipmy1noTxsx7tHc6rNNcrofPZ+I/wdRdGI7rbDVTuiSlKXxfsffAomxnpZJwwKGSNTKdI5Feiw9Wtk8lU8OOp2lspslMz7uk6txcHlfNP8R/gau5U16eh2TvsSlr7fUvl7kIx7oxyVUORHRi0e4WjSLNGsx0JXpUpKhZnFQjrVumxPBCzBOW5v31T2WdPv3R+af+Jqf79VGKS6lbsnYsL2wJEGPx3wQr3Gm0rNPpcJVojA2jhk2owhIvjk18UiUH3SybGbH2z7elT+qPK+Wz8R/PPiOje/UTnsWp1ClqbJbp+2PAzAn3SKNO5Gn0hTTtERF3wbe0kautMui2TjhmRSZljyjJx7IycX07V6jGn1Mbvls/Efz6x4q6dPZPql6qqcs917aWmWVrDXZGl07nKinZGAhC980XVmop+q2CxKJtFAxCI3EePd0zU/xrLZw9WqW6Pxz/Efz6nmVf039V1Hq21Q3E/u92cCt4ZgojmekqUYsi+ciF75Fhq0T5JZMSY4tdl785WnscbKOa/jn/h3P+zWP0CT3zUuH8CMCiaKr6q+EIyRMmey7Lsyw1US3zli3Idial8MfPTs/wAf47PxH8rMmrlst6hqHc8YVdW8lxL2owJEYldOSitRI9twuSIhdl7bUassfMpGTdgckyWPg6PRG29fSvjs/wAJ8HU7Vbdcs22ra9LHbTb9/tQkRKolUBCZv7QEIXZe2XJqasmoq5ccSMol8DR0u309TF8L47Pmf4mvt2Uyo2U6fE79Y4+rH1bVODg/YhERcOsqlxnjcZ5RX2j7F7ZLJfRkv06RKKJxwNr3pdofd0+z1NOvjs/wuoW7tRq+oSnGEZWSv00qV0zb6evSWo9i7R7VIhE/T8xIEeOykbh2E79pLWpENVkjcKaY+zWS6nctVpmSJxw/bgxxjt0iyPpi+KzuvzrHtrjVLVWvpVddNMWrNc5ejpcRWtedR7EIRE05BcY4ksCKe24lbgnq4pXa7l6yTHfuNOnmqvJFYIyM97qty6hpXFvkxjulkW2tRy3o+n2WuNWlhDqHT4Th0efp6oXxT/wdfLGn6ZHZXd9UXDbdP/yKPUfp2cy9n6EIpZXPhPiwgQeB2I1Wt2lutkyVrZlshDJCooRU2biDF7L6VOOuo9K2yL7p4K63ZLp/T41x1Ctsb0c0USdVusp9DW1S3R+Kf+D1WX0adba75YhdU65Rk65ZVY/PsXhC7RZGwhYTkReD1eL72WvLxkUCMSuOSjTyIUSPsFJSIEGLvg6npVZF1fROOGUQ32aLQRpVksOrGHHJ1GGyWuh6ug6TqfUh8U/8G/8As1SLfqdtSnVH+u/q6jva9sXwkQRgwRZGROZvHJ5s5HFtxrwWcGSGp9NV9VsiQ6hqkodVgyXo3FfqRIMh7NQsx1Edk9XDkrliWl6h/VLNsqGoRXK6nH6NudB06fpa5ePhn+I/kbwtM9+pn9JVFykarSbzVKSlOWfbHxEUkb0eoj1CuwcskRQyKh49HaSLfPbSWqqzS6v+VB6SucY9PgnChxI18pexnU6y/wC1ieHVe81aqrbp82OvhdRjmrS86avSt6+Pj4Z/4F//AD0sPTHHe8cYGdUocifEvZEybjPZMUsEZlf1S01GU6UldXxqYtEkRXMkRWZdNr9KqHK7r266Oa7oEvOCKMuL0WuaNPqsk/7K9PHaVU7bPin/AIGMmznGO+Mmqh/VesWkvdj2JmieZaNLEkSrNVRFw1On2iqeVXAqSiaeRCRHuvbfzCxfXqY7ZwjlQi4yel9Unpp0uq2Sehs31Y+uPM/in/jXLdDWpxvP2013wY7Mx30ksT0HMBlsMrXVSRJvKbK5M08pMqiR7IXd9p+NbHbZqEmaV4np1WyiiHqWaeMoamj07emx20/uH/f4WS/Ef4fXIKOpIffrue6QzPapKUraYxP3pV9egf09sFtSmtV0/l0uLqr5qISExMQu7GSNdWaiJS9lmm9OdVCw/wBT0u+yOIRFB+p8LJf4cuD1Eb4k7YI6091wvu1fMe1bJ9mIT+l+em15lpfK8d5Isqix0o29lIhIixP2Ptq19OpgUcT0enXZeJiRbZGBHlfFL/EcUz0YCrij/wDIIfTXg/8Ab71JYKqo2USW1+TwPkURjOmfZpfPsaJI2koEq2bSJFkRMyZ73LMdTEnHEum37oNkfDLJqEdTqf5Wup4r+KX+P1Wr1NN4a86SlWrX1ejdoa5Y1GldqlB1yF2l26fI0kfc+7Q4mBEWL2zXGtWDZuNDptpGODwNnWNbl6DnWR8fCyX+PZHdDXVenqTp1q29X5t6LGMpW1OmWurrtqxhiH20C+vTfau2TPZ98GCUTAvdLxq4ZIQ50sjI2dU6gq4ylufRNPusXxMl/jyeF1Z/+SVzcJX3+saOz0bdPbDUVdQ0q2T4Yh9umxzLT+B90ZMme7Q4G33zryeikfy/QvjrFJdR104wlJylBfV06pQo+JkvxdHqFdX+DLx1KH/lY5UMra86HTTmaaFtFln9lWtr2XdmfvpvBTLiPPfgyiTF2i/Zj3smaulvU0VYXWOGihZuoWKfiZL8XSaydc9Ld61f4PU6v/Mori9ZOqNWo1ij/I6RXihIlE6vHbb3/emsUTT6nmu76d5qOo10k+tPNPVN7pe+ODHZP45jrUpKOF1tfWdG0/rXrhfEyX4jKralR0TUZ/C62mrdO8azq8HEcpXW6OHp6c/fXKs1+xcEJ4NJqy65utaTdOWhhI03Toxda2rPZi+OZDy0ddiUw9SzQaWOnq+NkvxGbMLRW+nbTPfX+B15P01xbrNRv0mj+jVRacO2vhvo1Ffpz75FLBGzmnWuMa7svTszgTMmTcZIv4WTZDydajmHSNBtF8jH5/Egz/26Pdvq/A6tDfp3JRnTbvs1milGOm12opjDql8zSWXWuyOYdRp5fD9sUxSaOnTlIiuEjBIlLBXLIpcp597Y2TK+3UF9OladPySH+Lkxx0q91XQluj81l9dZ1HqFcqpZ3afTquqMlfF6V0zonDvrKt612mdcvboqvUjdo9p09+kfzIJPXQP58T+bWX6mvENet1V6mqJe9skyTyR8I1kd1fT041fJIf4uzl5RGTjLpV/qU/NOmEz+JUdZ0WV0fUw9OM46e2ucbI7Y98Gq0sba9TS6LezF50epVUbdWpKcz1T15HryPWkU6e6+UOlOJDTyrKJYIvK9jJSLLCl75Y7W+NP4+SX4s5qKi2jc85Oi37LVyvnaUjX9K3Sqr1NVlUbUU27vb1TSLUVTi4S75NxuMldU7HpemORT0+uCppUE4kom3BBme7Jvi6zCndulo4bY9plfj5GP8OcsLUp2Enue7jPFE9tuknvpf4OO2F7utaPl989oVSkVaU0lUcVxwcIyNjGR9jLp8ai3c9JRlwWF2kVePkY/wpPCst3OEcmNo5ZbeWdDu3Qf5NsVOHUdN6FwyMeaa4m1JVJFPArEbxXJvPdGO99iirbXN1180xwIz2kVfLL8PU35Iop+1eFgocIk8OfR7Nt65/K6xp/WpawyJXM9Rn8jafzCjUtkZORXDmK9m4ciyeDUWuUqqyESHAu8in5Zfhaq3CIkBSTJbSWMLGNA8aivmH5LOs6P0p9lI3M5IrL00CpMrEvbZPBdqNzoqIwFEXsZX93yS/B1FmyG/c0VrJWvqpqjJ2RUZURjKdyip1y2WdPtVtH5V1Uba+o6SWmt7JkFkqrNPXxBCMj7Nlthfbk01fMYkIGOy7s/9/kl2XzSeFqbd8o9qV9MOJRyQScroxiVxjJI6JqOfy9Vp43w1umlp7e1ZWyizBGxCZk3DkTmaq8qTk9PAhEwYJexn7Xj43+Bq7cREhcuuP0ye0hbxKn+uir1Cf0y8HT57NRXzD8vr0PoEVmSqwjZghaepk9Qlbg1OpIrfKitlUSK7MkY7skV+PjY/mslsjdPdKPLZTHmC41q2wsgomWzmJGvMIQ3yr/ru0c99P5fWY503aDE+E8EZkLcCvJagu1GSPJpYxZXXxCIu79siNuxp5XxS+fW2j8wR5NLA8Gs5q/QoblyOMqzk6Nq8NPP5fUIbtNLhiEzIpHqHq4HZkXJRSaevBUR9jH7JE1koucSNsZfFL5tRZshZPdJckSKNPEwar7HzE3PCqntW6Q2yibrs0VnqUfkuShHqXVUSeX2ybjJntXDJTpimraVxIoXbPbPfPZki2HN+mbS192nnptfC1KyL98vm1luX5Io/cFzQM1b+heP0Kc2vqrEZ56JqFs/HttrrWp6vCBrOo3X/CjT/dp48KJHgQ2bjcSkLs+7JE45ho9uzV6SF0dstHfCzcU3e6Q/k1M9sLJ5lE8EPNaKSaNfxBeCKyL6JWWOb3ZRpLXXbpblZV+JJpLX9WUC6+d0s9l8NcsPp96aXj95HLvjsh9mMZ+tHZH1WjrNf0aaX08FcpIjPd7JfLrZ9oDKlxX5qJeOo/avAm0PJGf0UuKJYbjjHRdRiUfw7Zxrj1PqLueflRprnXLS6pTjuHIyLkS9zH2RS0tSdWWa6lhIhI3vdG9xI2Rl2n8l0tsJyzJeXw8bo18JcOjlSOo/YvHZyyqmlKbTm0u3SoL1Y/b+Dq9fVp1r9dPUy+dFFrrdesI3biHKSF7H3fZFU1K9eOoy3TrEIZFqRhorukOSfya60ZB8yjk0suXDBM0jyp+Nb9q8dk8Ly7FBLBg0P0TolmHz6jV1ULW9WlYTm5P8BEUVLmp4ITIyF3fsZgn9ujf9109lcpb3AZEjgUEhIlAw0b2hTT+G6WyFs90xRIM27XTJWRvrwtHLDfK16+leOyH5UMxisiTZRI6Zbuj8t+rqpNX1eUiyyU38i7YyNd0QIIqK39UOyfufa77NDJuWttyMiY4SIReUNDyKbJTQ/EbGiNpuRn2667svKiKJUspJ12f9IV5hcvt18foXj2RTkLh8xKs56fbtsi8r4r9VVSazrDmW2ym/mQu2029kQKyHisTwbxMT7Psh9tanKvTTcabJYK+RIXZNI9RZUsnGGOKZtMI2o24EmbjcZLpbIWz3SK1zGJGOVGODGVVLY7Ybih/TrFxOLg+7I5Gmm8sq5VT2z0dm6v4L9VXQtX1acydkpv8AAXZCHEa7RZXMVhG5EbclcskRdpeERH21qlIztX3OtduESkhNCimbMHCMZHwLJyZkb2KzA55E0+2qhOcZQlEiiKSEyDHMjIkyu3il86tZh1bRctNd0J4cm5EHxDwdNvw4vj22TjXHXdVZOcrG0YMdn8C96ER7SRtNoonJGJXwVSwQmQkZGfuLJMstLbDOSEBdnFSI1RNsURH5wYNuTZ2wbjePkXeUFJX6bBBMa4qj9NqacJPG/iTaKNXizPqVSipK7Q1WLqOjdDF2yRIdq57JaK1WQ9ms1sKI6jU2XyePc/wYyINGCS7LtkixTKrCp57NjnhvUKKnqckryH1EKxdlgSRgx25XdmBoSHHlRMc9m2QnzHDLKlIdZHgeGoxHUTgalbJ9Ou30dtdT6tWorddnesgYMHSp4l2uthUtZ1RslKUnLPbI2+zXfBj4mvZkTITFah8jyZkb5I9RnqTFbMqnZnT24T1Kw78llo7BshBuVVOCK4FHI6kiKwIzE4Jd9vbA2LkSJbjkQ0Y5SP1wy6HFVvMWZTHHJ1Go6de659msrrdO2fZFZAx20UttkXxrdfGk1GondIbM9sHPZIZnvtGjabTHfAjBsJL3RkJiYiMSOEkbjfwrD1MDnzBORCrLrgkRXZ18Lg3qQu20wMccmGja8DRgwZHI5MSHki2byEkzamOPF8XCyqXAjULMZ/RZ361H+rsiBWfplcsS1PUJbHubztPIjaY7ZGJswY9jyc+1YJYRGQuT08kqxxMMwIiIcsCmRmjehzPUE2zkhW269Plxq2m0wTngW6T5xgSRwJob7YMYOOzXbHbaOJt7IwYEjkjI1FSshXmMo9p+NfDbPv1Rf0S+4RWQ7MkzCJyGRXbkUcm3AsEjBj2ZH2wY7bRRRKA1ghPBGxnk28uB6Z6R6Q62hwNhtYos2sVTZXTzGoVZFYHZBKzVIjfKRjcV9uO20SH2289svGe365Ipj747YZyRGhmpjzRLK7dUr+heO3UP+Fn3ESJHwiT74GVwyOOBi7ZJMWTaxrtgawPul2RgwbMk47Soaym3EheepFkHFkcGzJ6PLqQ6yMCNRtFEwTt2jm2NZca0itR7QGzk5F3TYs9347oyMYu2RYxlGORlkcxhw14NXHdVD7e2v/4z+8iRIjG+2MDERfDYyPJgUUSikIwxxbNgoDgemiS7pke+CyGTa4uBKvcSqaIpi4KyBxj0lI9BDUYnqRHbEd560jmRs3EakhKKE4mURmbjcORuM5IjZuYnI5JTkKTG2LI5NEWzkZyZP3nghwZ7NZW3mJgtj9Ojlvo7a7/jZ/0IkELukYyPCP3FDEsiibMiikTwVsYyaF2/Uuz4EJEUbMEe00QiRRZVlOtowxJkdyI7yDaMsccm1IZlZjOKN2WkxxZGJgwRwcHAkYEJn6TMmTKG0bzchyR6hvIyN45ohgmhIUsdn4UubHhu1ELSb+nok80dtV/y1H/VMiQRnJ+o8mMHlzwQ5lteH5iJcqLw48+kYw48ksEjLOWbWyUB4GRYpCM8Ph54bYmQMZJ14NptQ8CybmQl2aybEekjYhLAmbWxLacbRGTKIyHysMTZnJ++zXCRhZcRowOOSP0tvJtIIkjIuRlstsYywWLcramOUq5U27o9Cue/tqFmvVL+5ETwodoE1lftx+nT+c/TOJCRGeBTk1hkmfuPabG8iyYZZA2Gwwsfa48iwbEbR47QYu0oZFUOpZ2owKSR6qHYhWod5vyZbNjPqykOIon62m02iyIaEhi7PtgY1k2n6IpmCESaP3AZfNsr4N39dtjTunuNO+emW+ndF5gW8x1623kWSf01S5IcE+e0uFRyY+m6RW+VIpZYnhJlnBVyRSLkjgUuXIfjaxIUCxIg8EUjgksko4ORNkFIw8uLFFjiekbCFZ6aPSQqln0kemkYMd0I474MGPZ4FIbQ2jcZQu0yLFIUiD4mzPNaWLeFMjyRX0WxNTE3OJRxPRy3Ukjq8cXIQzwVTyQ5bg9rjzM0rSMtqxD4dMliqRu+llhCSQnxLk2I2rO1GES47YHA24IYwsER/azwJvPk/SMNvaYP1FcqJtQhYGM4JeN0kKzJuMvOXhyIs3My88iUmbXjaxqRyLklnOWRWVMiclR4VkitkC1uU58EWsx+y4uLfCOiWZrGdbj/AGds8si8FEitrbasu7g0qLfDTZZAplh05aghowjb9cUSNuT0xQPB5GhRGhxK0YIvBuMIk0ZwRtjn1EKS7bzcZeFuzmQ2xJs2szg8mBcHAoowQjzPgxkwRMdojMkzDEicWbXmMSxYG+IvJBD+29FUWJ7YqfM25Srjyvtlhl9DxcsJeOj27bu3XIcdl5eO1U9squY2KKje8vSmPplw5E/ploriHKZYj/2iYRtHEm8OMljPLZmQ3IwxPBGZjtFZJVocBJIjtYkfox3yYy+ENcbckY9sdkJolI3G8U+ybQ2ZOTLT8r6htosseIzyRzicyTIS5qZZ4f1FcXnUvbCvlS4K2bjVblGjV4LVXdD9aSWy7Ty31nV47qX5I+WuzNJflNLbqjSEOVeknIuNF99K4wWR4mlmMsErOYzHJsa5x2fAjwSyzaRgJG0ikOKY1gYuCI+zUjDRjI0IxltCRHgwk+DcsqQ8EiLPJwLtIiN9ovlsZPxBc/qcubZkJ86WeS/lQyQyaqe+VK+mxorkipZlqo5hLifqSiv1Hz0mzfQayG6m+O2wj5fhDjxB7ZUy3LVQwaf7q1xfBEiZp57Z0zcltkyyL2yhgwTgiODBZGRGMspIe0iiSwZJctcKPgSMDQ4kYiMm5G83G4lI5Mzz+l3/AFtMo4ZsRhCwcEWjJJkWZRkUkbojwTwRwiMky7bm6dZVsKduJ5ZBEpbYwzKb+mtrLhFIqLDXxxa39K5WcHRb3GwtWYa5YvIeX4/afE1h6CZqYNwo4sr+20eEXkX9Wja27uJFo8j4UWVzFyWIUTaZwSw0ZRw0jk5GJGGJCFjCwfSzgyhsTNzFaOw38ZIyOTDFWyKGIwJDMCiOHMYnppnp4MPF2SGRJom551aKPug/Tqrvk3GbNRPhTwb5YKytlnnqL/ufj9YNPb6dmls9SqXK6rxqCPl+P2iXJTN12ffVt22af7dRNRJPJZH6XxLQvIlwWcjjzauIxIYI+J4PL24JxRwjejgzHHqLO7JGwm2KbN7MtnJBNrYz0xQRgZ4G2M/UWZicGTcKbMvsueylg3GSLJCEPtPxGPP/AKyyjUMp++6eK6cZwsX8umCzZy0sNeKS2SRb07+Q9XpZ0C8ZF56NdmNjxDXy36gj936msOPhjNDdlXrE42cSWU1gnnE+JaCX0wf0yeCXI0yUWIi1iLHyv28jyyEMjrwPgUdy9MXnjc8Y/eCI8Cbzhj5URtGcPcbu2XjnG5meVI8kRp9ovtgSYkxLsu7RNEPP6tNTnOma33y5o8ynh4Tb+k3mSPmuRdnOjX9WppU4LwNnR57b9dPbpZvMj91cxujyiXgpnsnZLdHTQyTikrGWMl56cyGMOUSW0lLBOfDkQyKMsKHGMNz4jLtPOG8kI8bThOW03Jm9IVhuGLOcZMbXEl5GskuGiKIjSHFCwRwbkk7DcJmeyyNyNzNzItnJlibLc4rby39N241MjTP+yx5tg9sYvImNn72cb/qqWR+dK2ozkz9GDTWenb1K/wD8TvRIu8ifD7Uy4omJ5V8ME2SOnv6q/Eo9rVwluTghcC5jz2+khgeD/wBXFkM48GOXHIkbTAkYIRRwiaTUGhrJtZtJxFFkfPA8dkRwMSNpFI4ExMybkZ5ixy53GVj7j7JcSWpk4l83J0cTxmUpMi+D9yeZeFFJuPCZo19Moi8doPEtTf6sX57UPm9cLs32X0ypZCWFZyWkmaJ/XVLjyWLBPlQiieMvxT4kuUbXnYyOEnPBORDlMYu6RhdkzJW0S+k9UeWbJ52TPRsx6Fh/FtYtJYfwrcrQ2C0Nh/BtIaGaP4bP4R/BYtCfw4n8WB/FgLSwFRA9CB6ED0YHpQQ6oMVMESprZboKJj6TAvpnQafntJ4EKPMir7pP6d2HommmLt4G8kfD7Mp4lOO6p/S/IyHm1FUykteFcM0f/WuRFlpLJntgrJ5MyOcNMhAsik8R2/avVHyLy4yxCuxi01za0dxDp8xdMZHpiFoK0fw62LR1IVEImyJtXbHbHvz8uRjXbrWp3yitqUhyUnnjOyMc2Ous4QopvR4TYvB5EhLifD7Lzp3mOpWJp4M5P2vqiuJ12DWVdwM0zxZp/GCXieDa8YfaM8G7JJvcq5M9Gwhpr2Lp1kj/APW8LpkBdPpI6WmJGitHpoUDHtbF7MmTP42OzRr5+np3L6uWSfFcWIktxXBLt+48Gmmk53ZF48ngXmHixC76WRqocd6WXL6qpCsLR+avu0y+mBZhDcR5Y4WMho75FfTWyvQ1xFpq04wijC9uDHw4/PZ1y3FUUSlhQ5K1HFzUSMsiksLsvFX1OKwIz2iQRb7NO8Skt1dsdshkfMlurg8NMmxkPOhpsshDSTLNDuK9DXEVcEYXvz+Bns/yd5nt1ue67fgT3ypqWJy2Dk5tcEee0fKRHiW4XeCILMb48CGiLw9LPdHWw9lUixbZRkSeRlP39Gt3VxH3ZkX+hb5hMc/p19sZXSe4qWDc0m+Yo4INdlwR5Uom7hLuvFK4tjlS4cR9tJZiU4qyu6vZIYmSW6KMiqyLh9Es/tiMaMezPbP4D7SExmTPdfiWoRrJ+np7JOU64kMYnI5Ip4WCuBtblGo3JDzJWtxl+hCKC3lWeSHKnHBW9stLapw1tY4sfZMxzTVFRuGdJljUVvh9mP4cmfjz2kRYzIu8X+JPt1y3EIIRJlMHIVJsWFDmEMG7B9xtEzqMMeyJR4kXLtGWDypLBRY4ShJXQvq2koIlHvpZ/TcM6b//AEVeOzJG7ncJ+/PzY7YF3j8D+Bexj4Op2erqIpDWF5dT2krOK65TK4KCkxLLS7LBrnH0F4iiRApXDRqFw+0GT5Xg0t2x7o2V3QW5kl20ssSsH56f/wB6J8ZEyRMkRF8a+KSylnsu6E+y9i+BmRD7M6ld6NGcyzgcnJxiVx3FdMUOSRuIm7BGWSUkjUa5Vl2olYokVxIh5ofGSzksjhkSMcq2IjSXcXVKasrce0iEsPOVLzoX/bpZ575JEiPZsXZe9fA+8he2Ps47L4H2iPtKWF1S/wBW7aSZSVwlIxtFPBObzCYpE7CWpjXG/VTm85H4ijPEiHmjDiolsC6BjtTMlBNWQw4S2uq5NW4krFhjK5cM0n/TSS5T7tEiPncNifZe1fA+zMiJci9seyH3XvRLsjI/HU7nXTnL3Ci5OmGCNu035a5dhuacrsKV0pCi2WcSJeOzIlPEVZy/qjbBlnDFw6LE1dHJJEPMfFgxkXgyad4s07+qHKGx+GRXZkWJ/Gvg4JeU8+xPsn7F8D9kvt6xqd13MirSSxlRlO4WSnk8KViiTlvfozZXp2eng1ccSJfb2ZHh1xzVhldjiZjKOphz2rI+Jx4ksOmZZHJLPfJRL+yl4dMvp3HkYyIzJj2ZM+1D+FkiMvavGRMfZfA++TWS26d1KU066o3Xuwy81VjRCSiSucirTSmLTRR6SNhKJ1Bdn4Xdmhl/W61IlThuBb9r8kXh1zJssRF4ecqfsr4nW8qj7F2kTKybGRkJmSQvZnvIXsY+yGho2mBiGRMER9o9mzJnuhmO/VXjSqbJzbM5IxIvBKeSnS7yrTxglHHdk0dSj9A/H//EABgRAQADAQAAAAAAAAAAAAAAAAEgQHCw/9oACAEDAQE/AeB6aQXif//EAB0RAQABBAMBAAAAAAAAAAAAABEAAVBwgCAwYKD/2gAIAQIBAT8B8AWs4EMAGjzaiENzDAR20+Gelu//xAAwEAABAwIGAgICAgICAgMAAAABABEhAhASIDAxQFADIjJBUWETYCNxBDNCgWKAkf/aAAgBAQAGPwL/AOm3tUF60uv+sKaWXr5JTf1RyWTeP2KZ2H6T1OckOFFZX+SlfgqD/UMPjXtVpiXpQ/pk7r1oC9jGqyHjXtUxUVj+kn8p6jwAad1NbBf4/KSorf8A2vcL1M/0UlH8ab5nOyagYRkFQgINVKj+gv5Cv8FJP7Ro2130vWtCnzhPQX72Vg8AxVLH/wAiqFg8YAH6U6+EI6cbJ6d+5k2cqfTxLcUrBSY48jO9JQc+3b+xalTSE9J/9J69vwvWkYU9R4/q62Kl84lAjtfYr/EGp/KeryFexJ4O2dhbdMA5T1nQwFP2ZP2v5fKhRsFHxHBBZbJlteESUTkc6AKHZin6FjSN1+9fbR/S21R7dkSqyyLqqsp9XZDgb6EQo9gF+Kvx2EKqlEfZ0Z4+6+Wh7/Eqny+E79gAqkw+lKjTCHMp/CpPXssaNTas68ZJpW2iGVOLr3KYfFMj+uftpe30mHXiilCgWc/aLcsxqh+vYblfyVfJYvIQAvQuFhpchMepD9c31Sv4wITBA1JmVTc0pjo/dsL9aSq2RqqmpeqpxqkhVcPdbplCD1Z3CY5f2oCFXkilYThKPk/4zf6WE9aV/tEKpvpf6WEfXBanWMZokrH5N1h8cUp1hP2qfIPiUD1lNI+1Tb+U/aIp2qVfElQvivipGg/2iLgFApripCr7CwHcdYKfwmWFYSmq2QNP3wpvAUBPV4iybyUEJ/FUxUyM8pxYFCkhfpB7kfpN++sqqTo1lSoTeX64G2bEaXTYWCmkL1cJnzvkCAG63ixTIkfRQ6ohHLjaNYaDBTvpnK16qVV2NSOqMmyhTaBqEKLbQnDBRkPYkKoXnSCGSL7aji8hQmZMLnsnFgqWzsSoL2CGSQnoTVDVezoVU73epMLO/YfIKJTsbBUcGdf22WKnZM2Sex2XxQKmwFo+XOcJshJQppMIDsj+bymCxUn/ANLFQmqzNy/4/GVT2ZBVQFmeUEQsQHr+FiG6bnmjxmUSftYz2hs4TlYxsgRKJojmmkqE1KerdB0G6EPvwzdkSzqKSBYjmPYWpCp6EH6QPDwkJgEFi1JK9aEzMn4QtiOw6JsPssD8KmoIFUeWlUqkXxNnYr0lP5JXqE/DdClBujBQPBpIVJ+0KTT7KnGECLkaDLfihfyeQdHKhYeCVSVG/wBIVDdMAagF/wBRT+QMLtoDiAqlulH4Ua/vUEaPHKlU+aiSgsVAen8L4scmIbZ3UrdRbdb65CY9GyZBNr+wUUBY/GNkfF5inoqekp6U7TkIRpq0Yv8AYCd+x9jZ7MeCxWPwFih/JS4WLxQPwvYMcrgewTHQgL3Xx1GHUOyZrUlUnlfy0Z5W2rCfqBaLYTyjSV/8csZW0WHT4acvuEWEJuXip3Cb7zRd9BqVPTME5vNotShy/wCSjY8DCE/TzkkpgvdeuyBQ5ZpqCMeuswTnrZXqVNsHMIqTHUYJ+nbNssbqSsINqWQ5gOm1Knp3T5oKZ7YnsFT00KVtqSnHKbMbumBTusSwHmVI8hiFB5LnMU98a/KZAhA8p6iwRo8PJBxMFi8NcrD5XtvzDkwg2m2E8h66k3iDpjA5UpqSi4lN/wCKCY8s5XKawKBHFc7I0eGSnrOq3AqpabCpDiRoHKzI4gothJ4mKossPjLU8DfXY0zYBDJ7KNYo6ByyouDw93K3anoMNQkWbNCarVYZMJynN673BQ4HtUjT44pTv0JFYlEonRnTORxlOZ3yNre9QdEeLZOS/RGVVjEhYRoyFso0cOkdF9X2qTeIMnqL9IcJlT8k51NtB9BxYpjl9VNwho+1SbxeoT1F+mfxm07X3yb33W99lstr+q9hoMb46ApGSE5TXbO9ZZYfD/8Aqeo9PGtut1vnleqnOxtK+IUCNAHNu5T1GPx/QJ1SEQdBrvWUafEnqLnoftbFQF7cPfVlQmOR031kxaTUSU9R6HZbL61d8++jBW+eFNyo1cHjU9XtzoTHI+Q6EZY6SckleqnmvkfIUczc+b759rtbe0jlRnKFyj2EKLydeApHEpuUeo3W6+S3tJybau2lHAY3KPEi2154G+nvz3WyhbrdYblVaj3hTwJyxobX2tF550qL7qlA2KOlClMONsts+/XUlU9NtaOBHD30pzsTpSotK9btaeJHFlQtuLKfJKcI2a75ps/Bm0XnLN54ccwkJqlFggdHCbRzo6Kc7KchRCi4sURnGjveVvaLz2UXOTbIb4bFVZ2T3m0Z50N+rhbLbJN5ytkBCFViBnfLHHjPvn2vHHFo0MYqZH7GTASiVUdDCU/PjowLNokEZajpDXk5ptv1jp8j5dsgVI/OlN30JvHDe23KlQoU3FIyydEOqRxoywp4D2i3xK+K+JXxXxXxW15vut8uy2Wy2Wy2CgKaQviiaSi9MIk5ZtHUbqbbKAV8V8VspXzXtVaQtlAW3N/ioyMMu3DjWZitiopK2Xsy+SklbL4BfALZbdNUftEmTd7b2i8r103yvpQFFJWzL3qX2V8V8AoHX4VNp6CVNSmVAW3asPrLPDdsjZsPcuVV0D2buSUdBgF7KLHVfN+bjuRQM8KcuLhtcIdx+hmna85Dxh3B/KfLKa05GpkoudZlHf4XjU3j+nlObRli8KdedIIdthGwUBYvJATUpqVOT1U6k64Q7Woo1VF1AX6s92oT1rbTbghU9qczAJ6jpf/EACgQAAMAAgICAwEAAwACAwAAAAABESExEEEgUTBhcYFAkaGx4cHR8P/aAAgBAQABPyFa8VxPjQ+F/iwXwz4H4zzvkeBEGvOE5TmiYFohOGhf4C8L8WBL44LxfjOIQnjPDQSkHozSDXhOC4hBIQREaHROHxOUXxnE+BcTleUEfnEH875Q1xCeU5TAmTfE4aIYJxPM/wA40OvCczifKiC4pfKTL0K9r0mby/SG8IFqS19mXH0ZPTrXo3ykvhhP8LTgg0QnDXM4bwUXjBMHXhfhXwr4XpNF7Lv80u1d+B0o37EP6PweRRkz6KJz9ZEVF7QsSbC2U/Of4kHxbD4fD4e+GZI+EQSYkNEHoQxeE8V8iHwj8RCFrbevY6aFfZIYC5yNkJysC3cLGnDMD9B5Xfivh7+L+CLyMfDIPho0hEvEJyvLWDQfD+WEF4rlAWk19DDCjFNX0P18tcJEXFKbI6jyI2z12kwVdMwGQNsj+jLVj8Fy/wDCHzCcwaL0LlH6j88NBD8p/gowX0SDfQ22N+xMZOVvieDI0xsjdUEDRJH6Hp6Qy1fsxrztpmWn+4QkX7iOpna465f+HPfwkJxSD4YuNBeC/wARFw0h2RgfvKJngmHFk4KJNpkXqpwtkTPoha6nRFhPQ3vIlbM4hCXsH0j2TGyMmv0ng/kviPfLnEITxSgxrHCCXGp0Lhi475nlsXixtZtEqV+lU19oQ+ER+mZPO/BLA8PkGxDIQnEWh03MdIV/ozYMULhfYjRWPTJ1J6Ep/wBBEt0+vjnihcacYIQSH4TicvQkNcvT8GLhebXM8W4zaIzv7QinauZ0ITazwKeSnZSEYSQnsmeBuFmWKl/TM/OD0IQAUw9lrY9b5zRclfQs7M33uhNYvZDJ5XwnDFzqNeUJzB8LlkojQWvKfG2iyxpcSQVPA7N/ggrQ69jNP/5DHWf3G3++VKHnFg3WaHA274UrbNiPUijO7oZWFdISompwMvZCGtiewieHmnivHQaJwh/I0QhoLmfKpjYjFPQIrY9ihowQO50hOoJoYXn64vE5xZK0pvh8IQ8iFiLWUQ24FdEM7jTwFmf9I85EGEMFLw27So4jryvGvgbH+A1zo1Oub8f6O9DqRMJH7FWJ1GZ9B9+UpBEFgJ55JcLPCEC0rUK9DNEVaOh4Rr0YQnb+zYMvwm/WMT4K9IW9DCIWcLYp6BC/Fjwvi/PBD8J5QaNBa5nlPFZGkf0M6W28ISFJO4KZVwDV+uFz0MJVgYo9jLw7QfrA5JAxbAowHwUhJqv8EME4wH9ILGKHWHUDJ858HEpStTXyPxMQ/FEFxCcPwawInwPxx+CNG7sPpCJnzEff34I6MkIRZDwGMVFTHtodaCqtCyglDjMENYJQlOiqIq5FGBR5WBxOF9cBu0NI010ypkvLGJWEehot+CGXwXinjOF5Ma8dPjhOW9Aj7BbEsTgTxUtF5tMZPBqKb0X0MTG6Ma2OVkJ2TogpFyMZkKBrBuo4bapRWEhmoSdP2LPAbx9mSe0VtDROLR6+hnJ2E9i6adt8i4Uc8ex8US4fnodfM1tZZRdvPGAZsbGN0NcpjiDQkHwlFbAlGBEnry7FzZFKZrsEn9mTA8ivRCUzbJ/Y16MXBS8pugaiNoTPc+a1w/JC84RCRHXnPJcGyWkK6oXdEKky0GLfghM9Q1y2ZMYzQcCI4O445RcIWeNS5kZW0U2WSeEPqG4RBpsw/Cn2PEYtLsPCymifChmvM5YvifL0LXxtYFxj9jJfN6OpzFphq3xPBcIXBjYlqzizQ+KyHFw3guDFETUY9WqVWBscG2LBIAmcB/hENeC4RvuUSFHhczynOn+C/B18pBNOI6sDDbsc8aC0Qh+CCGYc2WKkLA0GIKcORCE5fBSbF17P9oq7FDNGxwS0U68EQWyVdAjr/CUflB8Pl6OuOviZ3joO8lx6JiuULZNRsnvZ8ZkWFBa4UY2CzoSiBOs04pRBLkuEKkIm5SWYOD9Qlbpm8MfgyizogIcaJiGr6Y3F+NBeS5XJcQnHTFxCfC8oW70SK+3ms+5IYy37BjVXpfCFCg8d4S2GwqFiVCXBC8CQxiUFK8FFtIt6pv44OBrh8u2Ot5MUa6Pey4LxfxETmCXN8mPQvlnpkJ9JcG9NFj4fQ9JaOhF5XGgkYsWRDHYNFmHXYqfBccCKEJ2ZoGYcaKbh3BkhikLGBFwtCM3eE+LqpaDZKyPwV3oeRMuNeF8G3inxviUh15wnL4+skMhO9mhyp1O7BiUuKJovF75QtiY5aG+iiGYqNxKaeBskITJHJ5IbB76kVLY6tQbRrJ8MetmfEqEswMixWnYOg2UY0QlDy4+2P0f3R+N5mALaD2LjEqaeS56NzrhfA14dC0NcMevhfK0Y/wBiUtbCzexC7VtRU6JYCqX+xq+CEgtccRKSEFYkkUlFtsW1hjhj/bKstjvWCtjVMIU3oXAz0QSGqLZhrEtCG1wh+mxHStglJTKUyXo3h0QtOEHr8YesGvOczBHwTi8zyY9C+B8Xh/sB/MFNrcELInyhlWAaV9mbv78FvggVSnRMxGcsXEIsJpYKLbEDRCF+FHFsJiPbNQzDsQuC4yQ7xgXZ6LaNiXqJiqpN7olDOIVkaFpgnO6fpsQ2B15XyonFL8M8GPXjS8vlbHx1QlLAVpD7oSHxTy2IRVAxb8EUFDDnhi9kWZ8cGpUyMxhKFZIMtBXsViKYq7En+VP+akdch979hZlC5roY1Lgn7XG5KhtK37ITTgWjobMhDy4aczXQeo+EPyePnPy0OviYhzZ6PQ6txwe9C7XYuf8AaY9raejESMQ+TEWR9nFHXBCZsemhjIYrB3WmNdhtsd7ExJV0zSqvo2QfhfAVZGvsehISEimaILEyyNhoK5IuxqyjHYIooa4lRrt6NUQYL9Ll/Mx8HXDFw9M65XwW0NtG42zYaJUIzQjF8I+wlEscSb5cZqDNfLs2SYBam8mMoq0GrcMmSgg8jUbGSYyFWUQkTk9DKVx/8i6l9jaJRHkgyWqsRN+x2RgQ17FhfCzYvgvGeb5emdC4XiuWmw0eGBJoThyGNT1CJ+xbMuU4x0yxGJERiDExCzIoh6FO4GJbEnsKUw2s5ZLG6Ri2NReBjGLcXcJaPshObLB/iFmj/RadY9bbMHZKPYkMXmzbl/M+GPTOvBi+B+H2Ihp12aH6ZGEQ0QRUcJSCRldGRD5A9CGmLLSiLXYgx9qBklBkVFSLwTwM2jmBmeyIpRXjZkli9D8yMe5WByKh9hGn9cPmeOhm/OcT49ReSGZP0vhjhnYpdhB5+gyqiWBpEMRihhvIgxISWYakFJCEh7E+HQ8oG0m8NKkmDDqeAjmnF4QiYIYRmbITZQg0bQVeORXTiqh7Zf1CHxPLQvywQaJ5IfD4bwL4Z4tAu3Av/aG1V9DVQL7RX0Ylmvrh6yzoYwlRH2hMjcaKMlBIiRfBDXBoQi8IcrCE2mPvL4y8N8dlXMFSGU0rCkVkLa0EhLoaY1kiUv2IfwPQmRjEuZ8rOhfKhr2b9CWW1SGImZj6DbYdFzHp6BsO0PDZlhpEmCNjClvjWuUUXh2gpGPC2Oaw3eLpsGKVoUhijwNwNaiQxkJWI3XS+BcPXG8whR8P4G+enyv8BTMqDrF2XBbpIesBxtXYib9J4aEJBNTixSSGhi0LhcKQhYd6NjYkN4QoxNgxL7MR0SKhGt6HvxexXb7Ei/G38344ITh8IY9Pl+DXyL7YhWsUrWjO4C/wjaP+DRU2xiavQdYT4YnZZRXB0HwgT5zg+Ko4rQhcQTg8VPoQlOK+y+B9jNqGEdCReDF5Nxb5Qxi+F+HTF4IZRonnjmiIblwtdAplhaHIZ9icHsMab6EbU8sRgOdkiCRSjGRXgxh4KCTBkx4vPFdDmStApd7jdgpRVYorRskqX49DfxQ/GcJ+MGjp/wCHgI2xjRZ0xLo8jXRRkckuiw7ChrJ4qFKNUSNcEIYW0EgiEkNos8EhmxucC5YfloauDAiwyJgSRC5yfpBI/Xx6G3gkQYvGD8bw9MUNsIQj5fy9CofscrFRLVjMixgUz2ZfDSIvAtrfZfs2hi04lMKl0g2jbFLWb0h7YQxWQx6GQoHgJtPiWuGMfhRmhYQ6QYgQ1BawS8u+HwjQ2KThcTwhc+GfDs7FhT7MooP6+G/Cwva9sX4OCzVtsSn9cbGE5IS7OhnYwayaJxpHWz7M1tvTEmNCM2xKUsThUQzETKN8PxfHIYDQHq+2IbZrlfDqbczhD4nnBIng1PROnMkj7Q/C+S8vtAYrpkzbNoxEEmOxUg0aEvC8uhD40GiVEFNzsIcyKGB7MjHirYmDfL8GPgdxPRjirHdl0Ikjvhi+DTznzMeD4S4fL0WwwklT6JzPKHxfluRH0htNJDmqm2ELJN8vgYJhF/rfHDWlByaoRsYk4nHY0qhzsllopLRM+orgwLEPoK4PzJxS4FYljGt6caL5Xn+mngQxUhopfhfD0JOi8kLBuMIQ2t8ZyvNTUBSLdjS1z2fbtEkVux/BHnH9cQyvV/fEYZ2YWGoFvHhhpog+x7yuxnEVZQmvsr5N8xQYoZbMMFQfD34aeNiH8E5pCD0LRdEM4PQpVZXM8V5M0Cx4f+EwsvRIWml9n0yYSXJ0VMH8EINGozsyL0/OIbcUkzGxu0x/Z0aBUq+2xGTQH6e2OLke8fIUvD4PYRGY9CnhK4sYXyaD+Gee+WYsoY1YZWgt20KpYY2T3xS/J1gSNFpU7DBbN+vJhb7I1I0MC5ePUhpTGhkEOFsv2U9srohLmbeL0Y4t9mCJCBfodqh8ELw04yMzHVRy29vh74KtPkpqNyub5QnkhjbGDyzDIKWgNFI5Q+xax9eCfIhxiQSS0hsJF4bIsj9EzkRYOj8R1LSEYeQqkyFoUEpbQ3GxMTKOKTbGToWp0RFw2TBuSF8L45Q7IPxfK4XDE2bMYtcVJS0UjArAHN6MzaPT/Eb5fCUcND3qZcZ6LZGFVTqCElkZGLBCyyICsZKJkRkHgYcjCxwqraEKoOMM08C+LQfCGvNbJ5NxV6LAclnYsYd7Gz2VosZxINVWGNCfC+afCxrEUnOZQMwZAThLsPODsRYuUILDMJXlITLNqhu04EDcUbA2WPil5fE8T2P4ex+E4vsyJfoZtD5hmEwWShhdh9pfdUej6GL4F4ded8Uqa6ZVQ3s4TGIbB5ZHg5dC0wJwtJIaG+htJGdGUAcstvgSkIJeBpAuF8Z75QxeL8UxDM5Gz2w1/CYwiKwj+ymaIhgTiB9DTuZwmPyhrzn3wvCcPhCB07CNPwEYik0KC0iRBhucMKNpg1wUhFDBR4DXiKpBa+Jcaj4Twfwoa2PelpEYQ1pIhwKKsUgnIuceW4iTfoQqFovgfwMWB/Anr8Yxa+mMTybiFKI4a4sOKSKeTI2ZKsYFjhWAwgoudB6scL4majFw+INCGXxSFOV5N/pDJioghc2zR7cYReMS1CH9j7QY9D9DM+F8bzPifgrFrHsTJiYIzbExkfjIgbCUrZtYPoLlhQQkjByTguNeD3y3xhryvDYmNcPlrlbQ9/A4IurNEc1o7eEtbQbwJsaxg+VP5bFPXrzXjBk+Gj56KbXXFjMpUUH2Duxi2KS2PxYt6FqoQsESExyg0Th54rhoIQH8+LQYh+GeUPfLwjosa8Jphz2ND/VGcGJj6mbcTxJkG1cEl8l53yXD4vhDr0JF6YvsgkhmIoYyeVtFEnsk0JjJsLwZcPnJGKHjI1RTrfM4fhrwh/B3xSt7HMBaMMFoQg1gtRxGYLCTPpRXtwR0e8I9lTyXmxPyb8YOiyPY4spPDYxj7fCFwM2ZZSWaPW4JowGxpBsfJ8HEzRmR7BHm+jJhadiS8mrXyZr5Ifk8KlBDGOiQbAjUGJAzxN4CbSNAHocMrY1dHoG688PmeU5nwPiLS/o0dH2Jb/SjffE46FkvGxMCWsMQgdTkoZYffwMz4Id1Ed6vpiGX6Mzu0zOVoXh4mmPw1+A+UdlYc+ohs0EqMsQ1CA7iNAhrxFJfaJYGolEJe8DkK5yjr5b4PbUkP6QBgZf9G3Y3WMXxguI7FMSy/Qw4KW64LxDQyJn6I7A/2CsLN4GtGj8UUn34aj5Q+HzBMYtuMZNOChhBihBaLUIc1FssSqUzboZnVDI4/TBquJwvN83lPh7TRex4e+jseVb4b4681yQYxXW5Gy+hhxIZOH4ug9RN2Iz4fkhxiFo4HkyXszLLjQfKE1MnflvA5xsVMNAUkFwDR4GCMg0FE8mISME4OhUILB2Sx5NHLF4Tl+LMpXoYcPSj/XgdTxRfJcIUxF4HPDHDApJeHQxRZF4XAyegPhw94QmRIbITNGMLa8FhS4Y+LwxeHYsKm4mx98eeoQTeRhkmilVlNHKAUyYQg0FSMWkfWBLlL8cINHWdF5k9ITBKAzY36KN8zhMXMJyhBzO4zCMS4oFya4SFFlkV30OeCtMX6Ac07ES4fYpgzcyJuy2UekIDvC0XheOxLGOY6MMlko4J0qInsboMRyR1cQm5J0MgD2eRx+D1h9GSPzfl0In+ImalB4aZj8X8QgQVpsM6ZheFEE8cFpCD2LhClCGLz0DG5xKwYpGQbOARvBB4MApgHFkPuERTYmdj9OEPiygeTIYiKouYuNaGl/MWLoei0DV4MwSZUEX+hCgxS6ZPYvCeSlyq6KDqeyjDfY8kH8SFyJDZjZDT7JFyJRJgTikyPpwYOGgmJRDRjYUetxlNyzseTHTIUSN0LQEihDEnRGoYg3dFNwUyeUQKi4y2HrB6w63oVwGAwD0SI7QzYIaericMoNqPYBswfBC4EZheZ4fpaKb9IcMxzaY/hCEGiGTPM8UxhYHqFTXHMeCBEXBbFPaHNg6UfBeDY0NRwXKH2Y6eWO3BK6wL0i7g/wBj0NaKgcNkdh2gdhPcaGLsDxXtweehwQbOv6WOkFpHcI4MVQpkSsGXWPTAwrE+GRB1g+DfJCzQWzJRDx8pqIZCkkLsN/Y6i9iFoa4Xh+SD4T40NR+jEiaK9D9uDKKCuWJ7lRRcKQdQoxC0hCGVzsp9GDQi9CwbSinR1EN9YMxD2P0H7DDsK6DzoUCTuDUKroo5Nk0lRFVgnhZwkGuR0OSnBYaYxQtf0RJKn/B5wP8ABofNPeDJSC6NeGJBa98zhnw6UOzaBOw5RjGmNEQc4a5nK4a4ohCqZpo0h4ckiSooE9k+xD74SbnMDR7JnRzsYzfJJaFnQ0kOXOD+5HpE2CbehWZ4J2jIeziJYmQyZFDQwQ/2GmUJ4aMsFEp4hIdB19GKtYyCYGRaXCEbGhkbFB9cxJX0SxE+yrH2Dt+GFs+nAVfBGSiYYZOXOIJCRVDU4RXAhGg2OkwxbwT6PQY/Sx+qPwc/+gjVh6kaRj+w2jW9jW9mvYNmHpGmRnaCdBhdhthjJmEKvsiCTsjd4G7cSo8MSrInsTMkMRyivJMbT7DEzFn3IWmSCRTBFjfKwOQnH4bCRoSiw4mlVfQub0LAwzedfpDWWXprhBr0Eme0WM/BX6JRcNFwNScPAcyQ8BiOhHYhMYuz7RnYyewi2DaoQvQ5Q0HQOmyoaYQ/IjrTAPGClUbuG1ExUho93wi7GIFiU9gntl1hihZZC7MGOb2Zh7Bj2IMw2uNYHN0VQsiC+hvYlZlvrs65qzg98Lk2NRzghPQ4rp7Zmr/WSLdYudGTySioVqQpDD0NWskIgta4eihmINIQ0RiaBHY6XHAlGTCJCYQT2LwLIgyxseyC2NumNtkbBkiNwhaaCSYUEiNFEh0mFsa9ieoVN8LEPJDYk7CoWhIoMykPh2WTSMjbBcyTWBNdFNjB24rfB0LWRWC1zY0y4Q24/h/wMsCQs7GPHBEKHkMMMKnXB4j+wsGzoqi1ckiGk1g2GEI64DOMqWskVeuO5pwCH+lczfqFGuIRdHrEOqzGgQu406HZS6kPQ0w4mLtTBwWhsHjoWOj0BOO0XsN9OA7G3RZ4tZPsFgTRDGmhuExDG4YaLungLs9CEkSbLgf2WwLNDdQshfWSDOBYwGMFdDuhGRZDUTJmxY0G86MscSCJ7NcCoaJou1gZXInAx/jQjoJL0dsI/Qa6MaBPtURdmUTtoSLCEHo0QjAbdiWUdlRTAKWLBgh42EIh1sba0eiZdCWMiUfA98JswEhsbj/Q3jRHoboESRg72ihVeE9FJV+hk3exiO76P+0QnO8Rd4EjBRmbcJ7KErQ17IzQCt6Qo6GTqPsxD7F9kFRS0uLOBKLGkJCaaHro3yHb2NX1xeEJQ17Hn4Kyu+/9iT2bqH3iCwjPgN7lGZCZNwzBd0anfEjhHoz4QmE3YT7Ij6kOdDadCISd3Adhlob6LRTPwLGMr4KyZBlrIhxCDJDWYKOhbFuOU/0n/Zwl4HiG6/oa4n2GofQcYsiyITGyHeHqR0Q+wyMt64tVZGkshUmNUSC30P2V7yNsqPnLG6sF3xWcM6md0NS2OegnZFDbBtWGxzBKShp0FATYkdEaeWVexrKtiX2IEgwnoZhcCJ6GbQ/qMyWSIecgpfZHow0FjWLbMdodGZiJgYh7SFojVF54rRpk2XwGIZR6FoVfxI/ryIKnQYQR6krkoML1cRUs2KoXwHNeFEo2J+wvRkRp5XEqBDUnkKmhoYdDXiG5nHEbLBlRJiZovax1ZH7CFEEtPAuxscx5EqYssjmGTQnqZImPcCHyyZk0RIZJaJ9C9QgbQQ0KLIoGRKhrOEI2FLYnFHQ0SLfgo1kZBU2KCcuWrauyWw5lidbC5vIQpo6EfyJBH2QKhBDySsRLR3A7gQZ0aBo9DJwOgjEhV0yWB53FTQ4tLJHoekg1yC+0dtsV9jRiXAwftgRkVWRCwIvRhcdN5EuyozZZnKJKJTVZo0ewTYFHoT0EucHioIVoot4EcId2JDIeOBMuxULGsejYz7EmimNMR/R1ClsaaGW8HaLQ9qsfdjqKKbFiqELQzZF3YbqhTkMAqjslGmuP9FwtMlwNFjWKOkyUlGsjUEYIlQjkelUdNDFIYTol6GfsKLOzoDjsUKMW0h7UPazgVd8VDTiYjNBqVip9R3Q0TyGNcKrj0NE6hp7MGROWy3Z2gpi1DHo0FBUrsRdjSI/CDaiwFgYo8CyOPsX1xIBB9zI9mLstaeORqoMWxOsl6jga6FmRrNQRmi08CdcHTQTE7g0asosTi7aJSYlMj6hjQyKa4EN7HlBe0MLBZSHkZPAlWhBgvRNJnrEoL3klgZpEJu5Kej7TJsYG7IRt4RlpRLgLLKM02BN7M0HdO5MUOCD3DDkaBl7GTshoeCY7nKsjkG0OsSLe2MfY4Y4rbo0DG7JiWsMW7PuI2ETYTorwjFQpJjd4FbeWMcsYhsdQhFodcTpsmM2VTFholOeiVErEIQS0NcrIJZijAn9Cmk9BnISZJL7EkShD0sRM0N1TITx4IL6HV0j0Fp5MmxpKNroOfQxZZc+0UtsnpiUJawxxrY/hhK2RAtmkMGlROZseghkxQ5leTtBJ7MGSpRI1BFsOh3Q+hb0DLBCGyNcIX2SnoetCCJoVOJCOCYR6HhwDpsY2UIWhdIRkROyKMfK/YzGYwYwJZWBLpoKM2odUoY2SGexaqKUSeETuSWCMkoQp9HuQY19D5+hVUHqKnsmgt4Y2Q2N8IU6GCywOWzWPhEPBYHJC3EakKBzFaI0doJPDPsM8HRhC7o/BL0L6mhbI7EhQOoytmSRVYJKRUT0KbFoK8sfoiy0b0OOK3oqIWoM07JWEJM8B/SMgZMrnNh4MWxQJm9sQYCEOsJidIEW0ZuwsoLZvYmt1xUgkfhDio12JHSGDeYiVDZyK/oPYiqI2i3A7FskReUZFbF7C9DtO/E5NMSvpCmj6jIaot0N6MxxNZsUEgkqvQ6gdaRCN6GH2JTLKEdox0Ngxk98DsiitjYFaEDKYPYJIJp1xi4vkoyr0NehNYRmJkOeok0pKQnoYrRDlGRGIgyPRiGYQC4o3kzBAfQ7eey22YjctdCErlHYpX6P17wvNTjMXkfnEbHWL2Ocm8yeh8NGbFJpjc2O0GBSNljDExYKCDApkxbbI4Q3hC2o0uisQzTwX2UZfT42CZnLJTIeiWIR2KhQ9FOj6i/AZeR+ipbG0NJ7EC0MqoMEoeMDy4T4ObYmkp4LslOxJE9xGbQinAojLPDxxa6CGyqHadMz2OzOCvsxab5EvaNkLsMGC4vDE6jUuuFIwCCDUfCV2yMXQdZEO3VEbYzqKssSMN9i9Q16HfoRnxCOhg8ZPWe5jQSbMfCEzkadIoXfRkxShn/RjQ3jVtkezoiK62TsG0wh9AxjUskesGWQy4FQT0YMJ7JLRiHxk2PYcJiCwjEjtD2kBbbEREQrsQXY3NIpuB3hXDIrsaEs8NrLBdbkbrwE6yEsnpHYyBvLhBMzuYj8mMlDCFedobA0ZFPCMW67RUsjNp0KPY1w55KGISIaxlbIEB7Qpb0ZsIVBIF7SO3Bitn2iYWTBqwQnyR0MqoT2Nr4mxtjFfLHAQW6xImR7HA7joWMXYJfRk0NhRgMIYa2IkNcJZHuIfBciYMGdbM8h3fBIGQ6PbyM/UhYNNpbNoNfZmmtCr8B9Roc3keQps/glGn7DHYQX2FdIMkdH6yIaBJM6risSjFhMdjmiTHE9izpvgKj2UEWcjpascaWsSieGxsJZkWMWOyERsZuxZTua1jUdKBwFBB4kpZXB9AO2jdg1eyqUSUyx/UdsdZqiWghsvsP7KFiyIujpAabWS+homyhiY02I0+J7GzAyCQS7lK030NKmnaKdhDVCITcIlLBJnAr2aaxFLY5LJjJbEZBHqGJumdcYGOfsXBIkKXHIMYhl5aW16MBF59jRqFdjsVMMplDm+h2432UVo4Idk9wWoKdCxo30NWB/YUhhekxLC6IhrRPoS7IYaLxpTVcEcCSXXGgGpXshDQgxGYkCyCKqQ/Am4LZWLWxBCBuKyhsPRGQMaEsBmWiKjUFyK4QSt9jN0e0zOAt4SKGbD0NThOeOTxgmKnR8J+UDi5csMnIe6ikCRjRaGFJRFpCarJa4NhGBniYm2RpwcrNw4CxorOFDyRPY0Y9CNodpQyRHhsjbY3di02Z8C9hZYPYx32dxlZggAg8o6sDUsCd7Y16PRFe+hKiywNJN5IbHRbHTWDIa0ZHBkIehyhOJ6CF0uIluuI0k6pdbAncwrZnFNyIeXiDjCzASx0S7IxiLML0gUTeBBohMT9PwphAdJcmBA2pwjTvEkmP8AgVagmG2K82Mk2ZCVldSRooEwMSWToDLYaMPXsJjI34DJlwCGE7HypMRl9CjlwZaM2T7jE2QZHZpMnAkKsQ9mLpMz7BMwcTX3CayxJsNu47ZV6ETDJCbhtCdaY2CTyEvbZg7F6xHoSH0z6Z9UWogvjLVsFH/gliojQD0hU7Y7M7ZiYOwxXLkvUE6QSfQRCHeMJFwaGzZFghfPJkiibIpqE4FxklHtg5RIVt1sT9oyeRsmKFloZBXMDZUQS9jSGmBeomYY+hjLKLLN04CawBLphklTLez/AEJ/+CEOGNijX/uP7He/4Few6k/94G1R0SS0ok9L/RF/+RBGL6CXCJxeDZR+NFw0NQQyRmNJj4V9tEtDlwHKYrKVHRi2XA+MMAjQyQqSK0KCmVBCMUMQ2UOE0Q1iaJrMzpBtnszNM2GIhpbeRN7GW2R2eFkeQkNpMHqlt0Y4EoExZX8NbP6ZZk/pcpuKreE90IIg0QOOEELSCgjpkyLggZRPh+RcFwhIyQguJ5QXLVEGscHRkC1mgrL0N0EhgqzsYCrZcBpvNiwM7DceElQ+gz4Gbn2Z4ysDWBD2JWyXoJPA5qEt54nxRhui+yQq0S5jGPmWv9GVDf0KQab/AECVoRBpriL2QQJGi8QSIQZSg1w+MCQl4Llifivivocpdsa8oYhIWgwiyIJBXQUyMkJL+j5YFohS4Q6aUGi0PLMWYaJkW+GiIJ+4e28mgz6ehkTBRzRk8lpZkV2lEK7DV0/ziRbhGnp/owISQ1wmMZGKjpnjZCTwpR8qENMXiheD4fCXkmNxE2CRjRCYPaYaG7FLg9bCQjNlFUiQj0GdiZhYYIS5xpsTgEoyC0kMHEMzxwf4P2YKMgtDhvThYRV1wXHFREHkbcJCXE5o3xBiJ46KYvFKf0wJlExsU4pSl4fFLxSjeBFqMA4Um6EOJCGiLtGho95Vi8RH2ZoGEQlKXCBiyMQxbHDuxcFqNkSoag9a6P3I54nwYmZAfpj6jErHGhn2amXE8iYJGIWQyjIicTzviYzRdDH24UuRrwxfBOUy+CMQsZYvQ5Fmj4myQ9BGdNwyjlVMpCArbGiuBMAWjYscFNzBIZNwb4ZTE4BFYgJbKqBd6Ptwx4oklPsVGkmElihk6URRBh3g5ci4TKi8XkpSlYmNvwbGgmiWhCGRIxRvgpRcLll4viiDEOTJfmxK1svsZ0zakdiRDETGRi1houEqZcQkoPSBOoWTSN6Me5MvAqO4WncG6ZGJrBRsho0y0W7ZYtQkbhiP/MPjEfAoGxTlfohmvIhrhF4aGNDgSTQ8vA/NKioouC8m+TLgyFVN9CHJNBjGapQaHvAfVoPZGXQ+gihmAcq0mahz4bGOIgkJniIpZYwrOgLEEmOFoww9RuHjC68WcbGyNx6LkonxSlfLD3wlw+GV0ozASfiaPghgNUnDcNeC5YD1cOjYT7JFvbbFDJgjwSQ3BCirRFGBZ4NhDnREORU0Bqa9GiGBeDCG1qHSZXEI3EjFYQ8YvOUuwxGzYhsWeQFoaAmxPA8BxDYTfocW3wnhRPkxMRCDSHypSdQ1R+FHww2Iog4Rw+XsT8GnDJabcGuTALQ6qJ6VZEwdKWRqR8CyHuYro2DI/alv3GzMKEDZNBN4K6RgZgzKYqpMxfY55JbF1NnaGJRBMmsZMaKQkwCeCXiiEBJIJp6uNhi4fglXC4oxRkMfYwQxcoh8Pi+RMuOb5aENybAw7ombyzJdkV8TO12hHYeakK8yFzE4feMxWhlQvQfw2nXJa0PEnkdEYTEvxiMzAKSoi9DexTEXKMNGRQKlwKJOC0MHYzJPY4kNniwCtEYKMTKUTHvjs0VDaMMcJwwtEg3kpUQY3wPXjbKUvEE4QjFm9CHMoJNjmzJS+8WAf0wQz2MzoZxUdhabHthizlcEMteF2w6XLEGIaHXKMJofvC1SHCDO4Geyot6cFZSkgiPhoTIciTWYBoUamLFpihZCyELRUiSDfCEQSJl4wODgxGgzvG2NPhWjpiKIaGjLzfMFgzfCg/6gyujLJaYwmg3Qi2Qv8RtnDBF5IsvWShaRJp8bx8D0JGhZWRsEKdGQdTM2piwsjAstcFF4nL4ZsItGPVIgoINk1M0MHgwcazG4LIkMQTE/IQwELkRBZNNTQYY1GNBccNxJip8LwnNOMbFns2mhAqilmSrAMUOGZEJgarElReBMMhuP/9oADAMBAAIAAwAAABDO7UMS029uqevu5OJOwTX1/ESkg0P1TfDQf79eP/FhHf7M5krEeaGEu87bIaY5bNNfXHuQGgyBV02zcadOf0dmoIjuKnwc0KiDAjHPKaKYEQjyoGtbskZ37lIC2e8ke9kW/HT+vdlzxeviPO7YaKJNpLWnBtPH1WCs/Uetqe9UktNUE1MIJfM7DLCFICg9v9uYpMLf9PnQ4XPa5X15sSoNsutdv1s4rFf9nlutMD68AvZOjXG9sfaCoCvdnV1/FUiW2/c7uMfklKAtdJd9uLOKRcAEHCxlgTpWjmMg4Pd/cHt1W8Hfn1tvGtMjPcUgVtPpKyN8c9t91Ut8ZWUeW6m2hSeqM0+JxfNcfOWxi6ffv/FEOazoJl8OnmL+UoFhiRoI3+fJHu89dawOQstHUSxjitt9FdUXTS32qTU++poSTK2JW1l2/Ko0J4M2vrBTddXanexA8cdUeVURLRUgbrFpScxAJKiEU9Sub5KDE2WiHN9+5YfO0nfdMEdlF/5laDTpM4ZzjpLSfoCUEJI1obl4cXKln0KRUTv/ALTr/Lz5fH/PKqMQTs67OWstyHEK/wAxv55T7P2rWuD+R06lR5/e37mkKY1nbUoKhkNbdqsDvh44cRA9S+FWIGo2HiUV0UT+2b63y8VN9qoHYRQqLaSMwcNbsdAdT158AqELQ8kz4V+cax+ScWS35vcUuILfhWjUYhw4T3AkkjzQ/Z10rrrH7Ty2f37077Xbc72ouMCnW8UboCPREGU0fGx9rwdwRU1VZF4ybGPeVT9U+E98eMdnJu9/EcFpgAUXfAWARaD+Z2RlXtSdVc81e2SAWi25y5IZy2ez12S6n9tnn/kYUflJ8PsiZ2HhSqCBoaUVrT4e+4578PWTnW37+TH33C+bSnAax0/Yy9+K+9FXaiAAmxvRW1x678lYMkoQw/YLPHawMs/57edP/VjymQGh6n8rLvf3e/7h9006ltQBPdT/AJig7n0HE/NsPdVt9YY206gVnm/9ZyHA7eZ8fN/kbNPFgTAkK+5Gi+bSJboAQaJOaLpFX7J688sXHZ5WvNQw7gb1Gbs/h+cIzYVrt5BnxH6Dk0UxWDuCaBWH23Fn239cxib5403bUNnsw0/nGtjEdJ6McNTgvwy3/Ef31nlxZENaOW8GUJCKALtHqpHT23631yKPi0u+NMZVI9XhdVctEs5CFMykZM9xXDdPAzX24F6a78B/km930q4XKTnjRT79P8OfhEa9xdMBRhxSPmcq2OyiULZVxhMG4OC0YOViMotKFcv/ANKtkBvOYpA/wWIPxWQfF1EHbu2+3ggFBsLguXeGIquqeFTNldgX452vB/CmgeVCn/hDsqwSRZn3cV9x5MlBqdkM8gf3xJiEcVt6qvfT+gkCHB+TzS1fZEk3B9jldNN/lVjDJDBnq/1+YYpvLmgn68tqQwe5r1r1Pqmo6Z2GWAtjQnBt5VhdufFG4zMsiOoZrVA819Uwitf1n5rL9QJ8nabgIuYoNFuwGG3JpDOAb8ruva5K/O9mYkiYq87dFFhv45IgFME8dnwCvNhufbd/No0guJkfaZpWN8Euc/edqxgMocNhF1MZ6EJ7lWC6W4pRxRXElsIbXUJAVfEQzOpGaCS21Dv51CkeP3zmdvzTPzF2p1YBIgFdvpomXLN2kUWq9ga6Sa/HTxQEx+rfEQ8Ajfrz9jtoznGESEcHY6lVI62so6agq0qqaohBdpAJKKCnJlbPAnLtXt18py/hHhlofbQIrv00IAWf5NHuLqx/XO+Io+Vt55D3jh8Np7SQXljVazy+/CGX79k62ss1L+KFhLmKfwZyKqNXRgcKnUrspVZlDhRmlxfila/+SIe0Ps/h/Lro/wC/EbvDcKg4Zywk5JGl+TV1zrh8CXfNTS0tokOusRvqtDDz1x7+6JMI6O9fj4ysUWa2hqW7ibIvCyRFGpuN9pjjtl2yrulK511VUb/O5hirp03FL/mjCceb6IIWELUR3eH7aFFauEo9fb9AS3zcWBW/KwwETF+squN5dDgFa4UcDQO4bm6wTqlZ8tETZa/FZ3SSYeEqsUMhAHwhtB9mt0HfMaTfG7RaSFPZ/YnBG4T4oku35VUnVIO4is6jkJK0ehEJVJQd/WKcGAja9CY6bebhVimrBy2BUR0guxSAJKDO957hHME6DYl5YJPPfQ5DvbCp/I51y/Sx5GRzRGFvCOkpMBd3r2hk0VZLs+ny2hZQKJbQVRwRabubwVcaMmY6rb5Rrm99GYQc/q4ZOK/npXdfHUaNPTaR9XYeD2V5fyogQOLSUanmbzVEs24bJ333wg/YYg43fAPY3ffQP334XoXPQvHYP3QX4P4fXPPQwnn/AP/EAB0RAAMBAQEBAQEBAAAAAAAAAAABERAgMDEhQUD/2gAIAQMBAT8QQxeaGLpix9rweTViGJelFsJj8YTH4N6sXssovKE/yXUMnE259PhXty+17usWoYuXwh8p4sWP/Iii5mNjLtLR61xRPyvF8Zw+lrFiXcLj8L3R6uEMvikTxYv9CH4InqvecwS1+C1j18LzQ/BZCei4eLlY+nlL4oYj8FCl8UQWQhOVlxLZ6rENCRCeKKUpS9tlF2iedWo+jXD5pdRS8UaELH7ohNYmhk8rk6Q8WX3XLFyh8rF2uZ6TViyYhj5usTGLGTwQ3k193UMRPV+yHr5XaxPqZFxBD4o2XwvjR+Ey8tcsWzqlz+CITWIfC8UMXLxDydQfgun6rFr4RMuIfD4hNWvudo/vV4WQghky9fzt+DQl5wnbRCEL22Lp+Kfki9Q+bRPFy8SJ6Lbs5RMpcouWhLt8fna4S5SH86vDJ2unq9KXUQff3yWraXhDZb5TKfRIbGLpIfD5WrYTliL3OVr+C6pfCE183i8SCGTtIePhcryfs3xCE1C5hNvd6ZB/OHykLJ1+8Uv+Fa2PYJE6WImPil/xTid3xnhBDQ1w/nkmXaXudUpSl7omN4xDyEJ4MoikxDYubC9JDP5jxH5iYxDQkT1SPwpcSGhei4eQhNQ2I+kJ5sR+YkNMSGsfrfNDfrCH8ExlaE2fuTleF249W31mUQ2Mm3J5Ut4XE1ISJ2hkEXVqeXbk4nEyl2EEPhPh7OIXHx8L3BEH4pYmf0bFtLjxrE+KQQxDF4Up8KUosutiZT6JDWJjL3OVwmMXFLxer0hZ9HjIIj6Yh8vVj8L3cerKNlKN0Tx/6p6ITJxPwnpCathOni8VwhvWy+ay6vJi8VkJsJ+CGIYnwif4UNiJs5SJiGKDS1Dxi2CPo/8AH+9wWfSDIt/gh4xD5P6Lv+CHwx9fwXDEPT1Z/8QAHREAAwEBAQADAQAAAAAAAAAAAAERECAwITFAQf/aAAgBAgEBPxC/ifpRi7QxCHy8fpCMbH1k7o9XCLio8Qy4vaCEJwNdzXzBIaFkykF4XiYkQRBD1ohCDfU2CJlEthNf3yh9JaufgZCEIQYuryu189whMJC1eNxoaF0kTEQm3hLGPiCRCE7fCxiyDUybMXbFt8F73hn2NQT5XD7axEyal22Nl7Q1jEMg8Xq9eMQli6Y8TLytePHi8l0xDFxOXqEPhDExiHqxeK6+T5GLpriERRPC1D4cPgWT8FKMRcQ8fYiGsTxctC/NNWvIIpdfi9RCdvxZSkFzOJwsvTRCC2eqHlLi8GLWxPweX8DxjfC1Dy8tjExPWuaTKXFqy+D4QvBb9jJi1fneXaLKN62LGIeQpMvSY+IT0hOF0xYxYuYuP6N4hi9Gh0XKWIZRYxrGxPFy2LWLlvV+J4mXGQbRconrZ98MQvsmPaLwYuEPEUeJlyDRBERDz7QsWsWLFs9mIe0Q9QhvHkgywQkNCFiGLm+iEvkZdq1i1DPjaU+xbR6xZMpOV4fI2feSkXBankIPo8ZcYurBfPC6hBoS2l6/osY1iQlr2ZBLp/IuEPHxT6LcSGterFxCF1ohMRZ2/gXyP4LRfPixdMYlk7XUxi4eMQ/OYhl26kQnUnEPrbcRceUkyfghBInN82T3nKx6tu0vo8pX0sfCy9vUhrJrEP0fo2Ioh/ghPCDRMerbiZRbOkP1pfC8taspRMhP1wnMxiGQguEP895oh8XUPLq1i9UPwm3hi8kiE1i9GIfVy9vxZRPU/J8tfhnC5aEuJ5Pl9XJzeb1CEFxSl2cTzfc/Eh5Bed6mfWp93mdru9XtcPV4JbBoSIQmwnc6nUEPVwkTYQnd6fHwQfDYmXwWMWwReKUv4Vr80Qngi+q15dRS8vtFKMWsXmuaXiExD4fLFlyeDEvFEIQhCYy8wmI++FvwTzTL4LaUu/YkXKUpeH9H9jF+FZ/PH+Yhix/fDxZ//8QAJhABAQEBAQACAwEBAQADAQEBAQARITFBURBhcYGRoSCxwdHh8P/aAAgBAQABPxCnyzkCXbsubIsjIJILOyTKWQ/AOT/V/n4CD8dv8jfr8ZslkBbZyF+uR2yywkRgLD8CSCcsYJDJjJ82nzPn6gPmQz2OM9s38f0s5nkLPZPuA38MFvGZxYgc3J1+Hpe+k+y7fMFpuJPuwnG45eRiSNy9sNEwUkGSDlhsYMA2FyzbLbbLB/GQXjDke2dj3c8kRxt2xgZ6+XT4jZ/sBnfw5Qc/VmeXVyT8B9wd5Z2f5Y/Uwc9kYLJhbJ0ksLKcgxnREQfM8+rdewH7kL1sAW6+fjA3FkSgzs6XHBZ8Fr1uXLH5LBLm8jTwjXzDPmxfm2tsON90GeQw6xpZ2EHEftBn4ZsdyA2dsEDZIJOQb+AXFlmRGbZnzDnxfMuOyb5CPbIHYOyI3W7fMGxiHN+IPpY+qZHGsJ4QaQd9s/cH7nnzB+44efgviZsh5NkLp/8AAwsJ55eyfEYmCDbNt2ePbPjZH3YPFvobD6wY+5O6F8/UcMHNg5BHvZ68v/becgeaZDrIOJMgvYryCBthYs/AaWcggmHspuRmXNmCyixYT+AF6Q9n/wD7LQ+7FOas/QfJlW4/E2WR8gS/39ibR6N5HgnrQh/Yp1GL0LO4/wDl84Zl8B0kNs/V/kc+PyHzHZ4vUknbmykMtnb4luN8eWb8Xl83rZ2IgmPo+bz5kBIgDqWD8QaYSYzq/N90n6y8QQn4/B6cLXcyzOkKnGU/Ng4OJYvIU9i+fxllkQ/J2zL5t55ZvbPwBTsYTkhch3Lo9I8+i9YxKldh81GWreG2qRfsh63RTEKHpPu/cv6tt94eQT9KRs4C+C+JHYtjKv03E5wg7+EgLD8Ny3fLvzMT7clNtJby9ssJtk38B2IOWSPfwPbhjH2OP6/CJ3dPLScnHxCSO2/GV3JRL8w/F/V7x0javPwG+zixiB2d+rGdIPq8/DzJ55DzsRry78wFgSvHC5mpAfWR+B+9cy6tTkFTB+llxPg7NmD+AyNJ0r8toZmzh7A+J34tU6w+0znPz9zcH9BFGg4j4g6dH3CP6sy/279X9TuR52f1byZ9mDbJ25JrHzdg32Qnb48u/E/i+mQ/ZLqXZ85H3kN+J/TJPyX+Qt8F+06e8s+Bnv2/uTCAkoeXU7OfUW7EGkc8k3fmJ7+Ty29Y4z1g5JdeRBtmS6xbeJWw/wAkCv8AyF+j62PgSLsO/VS5Lrum/Nj42xTNjflJ9wNteuSri0/gmXspCIHfRjDjXjKA+vSJ4b3XLPo/QIrhkMhPqXkeWJ/Vlxe3SP3M8g7AY2Qcmyz92P3dg+c/GNcvfk++SNr7lSY288nVlGmDPizu5I/V/EIkIHiTfY5IbHv+R5cESc/GX6v6sjWHbbN/Gz+DE63nl77AWWXhy/aR8iIEZ4iZs3ety6cZby4IeyciZGIBgdFh8GALFtRpYmMIByesJE0dSWIef+SB6YtQJD0rowRM+kxsRjSEej7Bnx/2BNKfrLY/D38Ht8/hIH5v/uxh+7lyfbD5tIe/q9uFaY5k69vHLrOSHywZ2dXyD6nD83MtLyF82CfxFk8f8vEnImG2ZZtifMce2lyzY5OJJHPZB8svPL+3Ifx57Df5E65bIGl8CxHj23vmEnYaRRx5a0DFk4GR9sHgupwQl9goNib9WBfEdmbVfMicHM+V2TS6gyMjFH5+bRRpkeMSEvRkNrHmanjbZPmOsOwF8z+NCHXy39XGwnl8xi3fibML0264n2XPbY5CJkx4vFmfH4f5JpJ6yGsOLDLX8GQ6/k5P0IP1Y+pZ5bHOL1sdiYTZyfqfI47DJ9i8uMg98uA/pOiYaCxufe4qD/pIDy0SSitfVZO287HuQZ/BVfGVe9y7PqxA/l3Xyzv1Nn4PBjp72TvYfN9/AsGxfORgX4nm/uRV7NkPJIn7hyaJ8kIMvxvL3B89khLn3rU/svfL929m7GZYTjZf2dT0ufMZMO3C9j3y95HWzGt10njsB5CLds5MQyAyZAR38gTMh0iG0HPxv7uvmGfuxhjYL+M/dkF3YJIzC68jPvtj8kkv0xChnVmX/m9gtMe1tx+sb1EiGbPQG/M7rif2PtASGADcTc/UgeIIku1/Vt3sry5b4fYAJ0xI1+NbJSmzAm53Ic+yw0+9mxZiZevJfDZD4bD7oyuiSHwv8vhHX5gPXen1AnZ9+yMM88v/AFPlsfg5Iy5HeSZ5MDIb5Cf5D+7Spt9sTlgfNut0+LN9s2A4zZG2IWbD4swv1CcuQ7Y3z8C/q/UkGzt/UcbNm8I/CmRl/uSGfIfdozwPXlgifrYKG/o2U5PPtLns/ZuOinFx/wD0l1eDj2Qqqn1bu7tru7s7GhJzC1zcLR5b3YJ3bZYhwAEfm2Q4STpFF34mdrGjkyB8yXeTyHZF7MznX+z+AWDnzE4LP3H1ZQbCZC97y8BzM2RPPJezkE8/G5M+Y85+E+/wTv4O+3Ni7yTsY9bCBst4Ts78ya6M78QNjtne2B5B8/jTYGeON+lx3cB+M1/A5etl42kdZxOQWYbGNlvfGQ7oeSAdefaXmJ8p2tfa7yri0YhymNeWqs8bwtc6GwMzOxz0ID5J9bYh29LE/sOTTnlit9PY/nbt5B3z/k3o/wBlh92xI6Xy0u/9l7IxjIP7IGhf02xU/oj1x9RmO/syRoi58tj4n7M5eRs72Xrvn1AEUaE9xwbYJxs722/s3j2TYPh+PfbhYJ32NPqOrYbIPLV3ZgI9k7Z+2c87GHLzy3+xuRjxkLdsMgG5kFvwlsDiyONj8H4HPwPbeWbI57FgmcEF46eSshPRes+/Cx8Y8o+BjZl+inqS5zYyN2Q+IEf1GVv4lnEnV5mU/WXtr42Dp2NO52fFlfiIgL/SAlfxNhrPuH7tyl6/rlztZ8ucmXUwPiz2fJex39pC0P2ywP0A2ZM9tsmkels8gvr+AP8AU42/DjOzq52AHVN58Sa+9+5MjywzsH0sLAs+bEgvkHI2Pfw8M8W4kl0g2YMvUex7Jvk8R52+Y8n2yV+ARccj8av8jsHxZsFxaXPu5f8AkDh6XbFMMEXVO8yGjG4BkUbnGeWpgj6iX40LrrOQ7mxbjtkrfDnkR0Mnfb6rPv6vJ7di/wDLUM6aZeYf5goCn6sNkf5aDgf5Og4gNHj4Li657ka9d+5Hm+Tunkq0H+knS/rZ9Hn6jA/c6eFwdGOnYO8YMz+xm0B+7AX7qwQwm8t55F/k89iA/l8+w/H4Zy/y8uz1bQR+4Ebn4H9SbDnk9Qx9/Cc5+JgwPibskS7xkQMtjsZfMP1H4Ng2Yzu8NlX8FozejY8GgZlskig/qMvy6GTersvzbOdeCGgke8JiNn5O3WnzLP7aPbM5ZTXfJSEn8gRRiIJThGgTQobz2xA7I2nIkDh5ZPLfDJQ9lsI8gjkb05KfMjOGXpanzkvhKT8MnB5LmPsfkvExYm4edPhsks5C4I/SVzhdPi7vl48kh+I63XJwyGQdwgvI+Umwz2cyD9/ghsbB7+E/GRNxPIfv8cSD8HGyd20+wt9k5fohVOGxBaBAP7N9gbaYkn1k5ZOBB3nl32yxukwuqfUNQslPo2CdZFuZYXIgeyc4R9EEEAEZB5YfiGci5GD+sH72GAtz9FzWPCcyB5ySG39ytJkIAwQHJhTzX5jMZr6nPgSTggHlw8nfiKPPurLcmfiXFsb5PRsn+79WZ+Hcg5N2NX8aWdvVvNhL24Q47Pbc9jY5qQ/28+J44TvsGQbrdy/c27P9h32D4WfdhthkGMwXzF83x7Y/drD+ot5GZIEddL+227p5eY9lOnmXDl8yyu2uTDsfMmpAH2TvjOnjag9ZB3mxanQ+oAgl9GSH248jnzDp7GR8lh9QWpl6XsCjCEHH4S7BasXJkYT5u4voySyoWMP7cfRJ+rCcsfYVTPSXauKtiHuIU63j+UP3KR24TbERk3S0kesGWGXjkG+3SGZeeXry1+Et/UPs/V82GwtjIwGXLDdufj58jv4JBMtsvr2SI6HxBS5df+w7rw/t0SAQMcPt10uNfMqnsCfM7k+xni2n12O8bTpCDysHZ5svhPzkci68Z8gJ5ZfmT6ZZJmZ8W9Z7d2OSQLU4J4Rf6fqOdI/c/wB/7C1eweHJfJtzyXfxrI0cez/SzxfD5gRkDxuwawYyXxf2CzvtnfYEDOWx9hdt3y/a+eF/kuchN7Y7yOF3fw7AlkAiR32yrSHEEllmM/y8/CxJ27JZ7dTkIbIXTJ6ryi2+eQpufB+59BmsIs9S5LyfLxIJfrgNZcIXxHNgRwTPZA6FhtiezDzyNX9XXzeocg/NwcZmmNrYImoR9soN/d0dot2OYORacT+WFunxjKfjYL22K9ghaxmSTR9LD75LzkLL9fjIGzvZ6gm6jhHPwe+TsD+HL15Zhs3x+F7lj+ENvxBeXIgmWmTbb29ZE8s+4svOQR2DOm/qIkDr2ON0wtIjBHL0n4m8/HLP4Ntm2l87bDligtQOQHgwACXNsFMmGvIuLsvEPm0I5IJ3Ibt6qWkFyd44/Vu5z+JD6H6l5P7wWg/WCKt2euT2JN0t/F8vuSmYtBigAWGEY6sDy+OTofhgvm5aXZPYHbNfZ34Y2V2X8FabCfgNntg9sfE63EBl5dO+F/khCzJviHPS9sh5ZthMZaW4HW5GOESoeA2bVsJaPsY5ljXYMt/JrEOC0WIIA+7sHxNgYwfEbZC6Ed0cthMuS/VwyOR05D7vnjLHs10bwA+p2Bf5PnO78yg50lEQf5LwM/t1x+L45GnzD3thdJm8HEhPuIRjOtvrQ0sH9XA326PI87LETm2FgQfuPsHeyM9ljby1+b5nCekOwuz+GS7Hkm8kZceP4aTnfL2dFo/GQ2xb22HfnLHH35Z1M7k3f8MHAX6fVt8HweMwhj04WwHfk+SQOPtkQwd2yOsN4fMxb8wmC+ce3nFnQl4E2mPJgGMLIyPuz93DxtZxjX1/As5PnZcJNKf1yU/sstUEQxtRIUwnpx5JvI35/DOcj9+/gF3eE9xitGAy082aPWfIy+IIPyHJ7eEvb5t5GMieX7TE5K7n4BsheXBYO3kmyJDjYW6f8ly2Jt/GTyG5NpcO/Fjs6k3Jl0YcGKkpeDmyYFSPcY9uGxOHpzf3c3jKQ0j2zx82xZCIhzbN5EOOQP6YfJyUnynBmYg9HkQ+wjeuh/t1gyzccWHsN/ZATQ/2R4FsactHxyYCQCzme5Nih8ifuwnl0Rxg19hfxzIuZ1/V5B7JOmXer7CteNA9tFeOl4mN3+8chz8e/j2bOwGdlqnhdTyx8z+p4GeSs+x2ztwet75Z93Piz8FT8DidVFlm2ZGbJK2ZmWQgib9RlR44xEyivHkkUExDuiJ3/bDDrrC8010/v412WEoRtjvlsuWy83/cLFkqBki66WM3HvlvCOeSJWZIQzQDCZuv1bhvfDtsz/q8lrx8gL/xgAWkA8tnnTYxx2fAB3k4HiBztgxqHBtnINmfUqWR4CxxLp40hi4GJoyg+lEtZXEb3Px2WYjv4SfJZZPtzs8iJo4yQy4b45dJNkyMlNgGCDCSz9yfH2L6/GGENY4v5HDYdsPuck7G3c8t+yR+FsdXbsRnIeumq3iQCLLiVx/sebNnT6tPcWI+IU6v2/uFfZsgb7Ei44t73W5De4QiYD9yca6xIm9uvUYwHIPQLEjT52aHHz2WP/JjWZ/WW7j9rMe082GQX+SAaibzh+rVN3LMB/dl9xDwtqSn1YGCeEfuJ95IQ1zGB0xrB5z4m8w3ElIcWbNjNr+0nfzF82ealT/Jku6oDF8/BP4O/hkkikLy3PI1+YIbueX9GTsaLyUeXvYDLqQH2P7K51upxvrkJOt+pYbbse9g+pGNu/dn23EsQeZAD7gkwsz5RhhX2nU1OHhAk6HO/ENLu+JZC8U2J1t1tLsQJ9kIQNCXPjPkGZA27/LuPkr4m/UzMVwWRYCtk8yH6sUcfqHIx/YExB/Z7hB9Xjv88kIOCEwdW7I9k7gXgbjT0EnC/qszh4wCM0tpxycojCujEyz4f8syDf5fBF8LgqiB/l9fH2BRBhbeXI5+HWS+Ie2QLUaWydE6scOyc5Z+CdkGAG3Et5y+Dbex7/kDnkkfu6eSmFbptzcvpJyTcwuXv/kxKVrtw3QeRPXrsQZ/9mYRBkRzNtBTRB9geHp83U7J38cMGOXhLYk8YQtlZZfXCHD6u4r8R9pv9t1rH4uh8QvBIn0ROo/l7+L/AHwsLlbhk+Qu7r/+TO68e8hXtfoNyBl8HZAff7ae+Rxj3YO7KN1SwtNiHHIcTfiyjoE5YWkDl8mKSdcewRD8Yx8zpCUD35tch1cJRqHhZN49k/Dxb+HdjY2WOTY5sneQr+D92Tv6t+7vwcsd7Ywff4A3xkfqdg4bcsa/lrB/GqyXls+z+F8nzMzmG7FrCmH/AGEcBLAzxuzBnHY8vd6Pu4+j/VADdThIHjYYBDMeLC63ZTlp1bcXy5wvl7GuvboEV+L1wZXp/cnWlsTgZc06ig8tvPl8IujbNA7A4mW5epFOxu85C/6hdm8LJ5aQBP1sKJrk7jV9/wAsmSEOmnkCcnwfiVvD6p1imSftjqaBIRxKLxETLvStr6U2fI9tWQx3v5Qzs+v/AMSc+Y/a/lveyix7YMs+Sw8z8Ovm36v/ACW8QbIfEZMfxl1Ownz7KbfeWucwbYV02+Sl795AYgHxLVuxHAj5AfCEMYg3luM2B2zcYgTJLh5Pr1j7nLAtR23CuR0GRekcZ4H1KkGn6nwu/OSKfUSAdkzEWqphyMJYbBFdjmBmWx4T3yH3AZyGRZuSP+x5TeTMB8rRYx3JzHH6kcbv6mZAfGWhYQxdtB6/GwX7iNbC3BLhPpYYH1b+r45Zvv5F/Dp/Lo5N1A+SGVz/AODOwG+/j1Mv1ZpZ+5Ijy0Cz5lWccvE2p9hIu9yB82G/jmDctQAbGZ6kb+pzMPLmuEhj1wtYeClhM5IQW5+YSV3loYWx2SThH+lyHl9/MQzzIxBzIbQxsZOPZfLOYH3ARP8ACeyuPuWrdHPEnxs3EsAjsNyDI8h2XGQObyJwNXb4yLKTuic939Qnxni63IUeg9vP4/MQB5cgGMijw3Dvpa+4c6/hj2+Yey3jloru+QdhZl8H4fZw+JD25e/g4eQmWcs5L4htX/g/D6n8h9xmz7yx+IdceW4R3tl185DhLvkHmyjAqFmWRf8A3YgW04Cl5EMKyPSRv5uOxfCeHl9gLQx3fjJ5Fx/cB+kNetl8NSGfpGnkS47kUr/iGtEBLsRciLjCS3LYOyW6fYs9uZ7aJANnhdl9l4pL2VQhOWBvRgRz+ieSn/5pbaA+DySgb5LGSnl7A1+rpMWyB07v/ljPLeeQ6z+1mWu3zsdhl3HS9t5+4fuZd8nCdvffwSOefh8j2Qy7shlmJLeufV47KSRfEfuBeuRjy8dmEjlsmt4gN5Bkwa+2BB840Ovvlt3EBskSZ3DPiduLI07EjtjlL9yvytcf6/Ue4r2JNcmd8WU3xah9T75fGIunT3L9nrLXET9TIf8AmxnnH6uIMPO22d/McyS+SMngW3XkI679QBcTGWD3kjJo6b82Cid+bQ+Q/kCbA7jEAc4R8Pts/X4hzvOQsMuGOzBrfORgXVGuWPzeMsfhxO0fwCOy7+VJT4np+A3EuWzkpNuE7H7ufjYBkb+ELJG6HWwYX9mza/8AFG7qfHd/hcojTMf5MYHdmEGYPP5LrgwUekKvDI/C2+QvguJ3GDtxB0/Nv+Q2GOlyb9RgQBgYXROSah/y15ZFyLluZAGsSHe2j7G42ClueX23HZdZHwbyIXRrdTTmZbsCbloNiEZzJVFIr/ZkWLhrZo7jS69/lxd+oX6/DbBtnGPX5jVodgD4jPqNdC13vxKM7/kc9jGwJSMz9xJryRJdDYS9fyUsHLv1ZZEx7fMn7jPwLT4QiBl0ML+yPgv8uSB+rgg3PiU+o3l3kBnbwvR+Lsd2w9gac4MEOIRpY3O3As+W8mOsgLkKXL6/M3DbvxCZL9RNntqoyHjBjj2BoXL5vsFa7dvm00Nw6yD5tHd/EzG/zFhhMNb0ANgEzOZZRzfMe3SRchd25zXg8bqCgbFn3L9fj2fxqzkSe2FuSaeRu55Gj0lfdo87d+2B8yfiBfYJG/z8bDnX8WiXZH/CMSclL+NLTZRJYfw5PkbOxtr9SuPOXAQ6S8eVG2ZObDsAZpKmq/uDFnwPSGF78OYyRh+yHOnIFuSPFhOXKctGdfiwnOS9W/gHIH4n9Z76R/C3Rx1yWYIeFtDSO3+Wzo42AfEv3EYwWZQ4ewnetg6eQBWH1ucA4iYUv2sp7yPWfPbcljvk/u0gvi8SdRuxuR1viemQZ3Za8gkhly69bH3Y+7PwSyPfw/8AFZ5BfpEgpeOXTtw9uWWSXxH7tPi/t56z3g9hyEQbYL0OS0hsxXC9Rvy/4WQpzBfMhNlbgId+ROg7jcIbP5S7q04vGBw+LeamED5j4G3kN8ZOjs7+LfbNfu1QNzI5yTck/Ug3BaI+bq5cy+1kyOQUXbGqAPVjK8mHy05WV278zxyYD6n25B+CyUZDeW8tk5cr8CmQOXrtghp+oAcldjvthOQfRP8ALI8/BtB7OPk+X6hmOp+pF+bpKw+5m9LKZkm3on2GfxnLnyWr4nPqczhBoPiJ35nVtA9W3F4Zcrd4fiXlk4e3fSNfAyu4Pstli2l0ASuGYwHfcggZC+TryI92DmxpnzaXYDHTyDvkPokfEDLLnBBhDEuQIenLYvBy3KvhGdGdMHPJslm9i76CIOI7koeWD19/AyQQTHtmH4Fvi12DnbQtJCXmDGbJ21eSPxLseWC9kAyWtiXv8JQZz0nOfEn1ZvzLnvZds7rfO7Ls+3k/g7PLZ1tS+tskfQ9g2sS2Pz4Z7aPt4PzIIezXsX3vo6ToT0GQGel1g+Vn7gpDyyHSKN7liMm5uth5iybjZYwy26WBrMi1AZjyDkmw7sUeStuxwjtkjHJuH0t0ieR7vjYjQ/tyetsSNMxvmYeWGcL58s2y+L5mIO7aJkfveknNjzrc+ttPi0PLUH5/Cu8v/u3efhx5Gxj829l5EVW+h8R0HGl79J1k4fVuXzeuQzZ+N/CcifbLyXnfJBR8ZZA4B3/kBNoT4ux+IHj/ACBYcs/5BpEfu4hCB/q9hGsdBXY4+zOl762bZP2yOQ8tQc/dpgPnSxRP9qTiSPCP0Cfd6C21dv5aIzGNhLmcexHko5bRy0K0ELsfL4TVn8nmvz8xkO29PmDwQYW8viXkeT/Ycm6wh5Ysz2nxOiAL17OPzP0ZPts/d5cdv0WayS/Ua3bELW+YYufxPUMeBsCOweG3Uc+bOQH4O2NjbM3kWfgmdf1cTPdsrRw/9tNHhX/JywAY0c40jm5gtjmukGEfTCBHx/Yw9f8ALr2ExydGPJs3SVYJ+2cgHmPi3nh16ZED94EZanuMf2B8QNhvmJckLNszl5vhtMiWdsI08l521FBdjAfWwfitTBIcvImLHM+7XJfcm28v8gzyfbi9uQfVx1PJzD7lYUmQ17ceWQr5vJ73CB38ZjKXiy/LOLl83Q200P2LtEQMajcFlD+HkTZn38fH4b2bz8FkrM6f9veVCcLbmE5y36gOszh9Vx0YND8t5osxI3s2wsgJIZ4fSXZxhJjvNTZTAfk/UKEP7k4OfcZrDFr1Ae7FuMwG9vollP8A4DhMyTxaEZZxPVth2Vw/7Gdi7uIhukC6Y+oMufjewyWGQDHPJj3PUQ9TPwdJJeclBsvxI6+bW12PIRcI99l2zbDfY4rLoxOwX7CfgTl14TyIYk5DbPse2RZN89g24w8mD1YzV7kf+zc9Rnl8PxvxBOcM6w3e+/8A/CIrHwb4LfUeevnL0AJWO7smzg9lfq/rLtALHaIDa/tYytyH4cvOjkZZL9OfMN1xs/GGmT7Ln54S8iHyEPbtr5C98kCFd/kZYwa/7ZE5jhDoZy9bv4apfF8SKwJPeW7dHkez6GyKp2F67Zp7+Gg8tJqvhlSvn2HluwvzL+7T/ZXINsz8A7aVjY1GCQG7trvIOwfgBckLCPPybeXy/HxE+XzKEwwPxvbjAvTsgCt8XfQQU9zlyJDP1ifs9Ztvz8pMmYGYfH3J++RMF+sWUNfrG6/uxnd7E+4PrOy3+8m30sTx8QAH+XYd7fLdAQbL8Af7HZT9bCn02NjMJjyO9l7ZMjYEO2frIYfcnIQ+icPS9Ir3HOyEg+2Gcg5JfH4P3JAsdg/U4tZzI6cgCXPY/u/6l/U7+OJbkthAz9z7PJipRHqVIhnpMYFswIrZfDLJMA+o9jUmWqWOztj8fEeSWXjJXf7pNOkd8R4gHZEG7B9JUB3g8g8p3I3JD7MHRsP9lA6WZgQ5ydIAuvuMer1kerfJDRs3I2yxOyjh/jLqb/1MZpz9z7p4x+gSqT8tmAfjIEFPyRQOfNgI8yE38WFkoBdRHN5fXacG/EcPyhjk2+IeXxeH4yzsEOWv1d+YeyY3D4vYcZdfqXnJ77ZP4YZBYQctn4QZBtvzO2mwe5DNPoblWk26xaQC82AD5Ey18XXt5ar+APz8T5+Ht4d7HoIfuNWBjsCU79BsOGuPWpUYnXgWKb484sqNXdv45dfIPs2OHjqD2d8rEb/mx7kSDso+FSLEnfAP+2wWvvljfpDsW2n5Q7/BhbHhsoXGwZEYnxCvY1Dc1gnZM/8AtEtmuc/GEG/MITMfIHKB2fIdLYn2Js7HkJa+JrW23JVPYJ7ctA6XXkdsn3JMmOPZ+jHLdsySVOnxZMHLbmPjI8UH4CNN0tCMf1Z4gGxAHRtrV+Ib1jps7Bl8QXxfPLPv8JJ+Q9L5Zy+jI3c7YA+L+efgYwdOPE+7rCegPLZPg5BM7ICpMv1d+RsPPuMhrtHxFYg/UHABhJrO69IJ+DYuOMi9eWTNnWCObLmcbdUZ9THaeTVt3exjHhJhsC9n8Ntgib1y8Oz27O3x2El7y+bLJWVe2GnbFviFvIpG/F0jY97H6Yex28ZkmfMsIdIuaMxyZ7b/AHjbfq/5iT1nD6hqvPiWsdE4dP2lrjywj2yd2D8Z+f8AbLySC8ey/q3eJDhh2NLTmQ8yy47bz9w+XE7DtaqXAYK65MQuQORbcHB9ZbM9s5HJAH/tl10tKdnXLt26eXcZlgbsATOmQ/8Ay3TAe7Lrh87ZGP4EPIfBvGy1TEcfw2SPVln7nbHI9jdmEj8IGzh/br21dlzyElJN/Cc3bXq9Xnt8ey3xGjGng9tro+ctCumFHywMB8uej/U8+RztqQPIHdF+1OymyNlJxjDyNs/cGT+CRg+5ct18mEfnGx/Dmw5zlihXhZfj0bYBu3K3H7yUO8nAYhO6EIANMbbYaezbC+p+pFWNS+HZW8Mkeo8g/IbMAJQbNsPzL+fIhuTdLryOe/h1L+NRsQksvEx4gbZluky55ZtmT5YsGCW+Wd7PfLITZ+8vaZzls5KmJk5MEvJRIKYnL9zxDfDtxAbLsdCyLxgv4nyH9W6fjGeEdNui1G1Wb2ZlrBBs8gjqXlpPficTIWAwxIkANB8R53CydInQL5LP5NZ0x8zkqdMYtZKhplkjdR7GuhcIwVCFrwn2GvNlPeCw9jKGMJxuHEhTyVguj5M0W+R+7Hzc/C27el0h5bt3LxszxYPZfi8fkcy5fMHYdv5L9275G33cn1x8Mm6JvNlXcxdwmMM5ZWAOXJHivFtiENBxETeAn7tJR+M3yN3s9sZ2cHLn5Ak+rV/AifMtOty5APlotvX4yeDBTy1BLaRZp7CnzsvNkdHWKn1swM52JiF5oZl8BIkvysNbMNydwFc5FwJ+7MGP5ZaEJwWTdxhyTGXZY3jHhifzkE8l5+XxKn38CPG1YvUHjOMmTbPfwTJZhsgVNOEQf6ZS35I+vlpxkO5EFY+ra5E+5PdEs5xHkYT5vkJ98hvfj8EOPu2z2UMG/EmW/q0+23IxPIch/V/EH6vDha3z7LLpD3M58xIFR4dIVla8OZIO245FQky/UQdO2YN9s2jYjtrfeTNGDgGfuHIfwwEN1sZ4g5OTn3kJP5LfqF3pHpDskVaF/V1Ykfgss+5L9wH3fLGessG3ry7aI36hN+y1aLTBs8nye+XybbEnOJfl7GD6RTH5m1fVirztgkOPqwLIvQGU4IerDnC+k1mcM71mEvpkNy8hhv5RD2+JgjFux9WjzJgs7Zb2GG9vn8N5Gbr5eLj7/wC3Boe/q747BNIycrEAY16MBXRKN3CM88n2KRQNbK+q2zChVmMAMs5yCkKSiHn41NaP1J3by3S+Ih/Bdtl7kF4Y4p9h0nFvbhYWnY5+AaQY23llnWYjiGzEdmjvlnHbKe9uZfV9Y9m4gIAh8TZkA36YVT899kgAFrdun2GJUHJBfu5b+NfwCeH/AMCBPIWe2W5H9tyzO23Ty1zb120+Qc7LL6fbG2/Jsx/2HGI7EfSTXeSc6gOwUD4tT8IHi2Om3sAaMGoCL7F8J7Om2z2M5aPJ57fZAPCAkiujgw7zi5v3Zb2XL6ljPm+beT6l1uDlu/l2Fy6nmXs5jNb1mISI+T2bQWYRDs90iNEuMgfqqXHXz5suh24LZ2+eYuZEAGvwMSW77rFdWsNYBGYke+Wa+WTfH4vX8Ehf7GsocuyXPg/G6ZD4ky8cgPmesPJZnvJB25qRP3CROVzBmQ/t96zO8t3G6QuMuJschEmZDA7D5EuSAbto/MD2QuM5nssZeQ08hYBfi+meKx4D+qw6HH+SPxZdfj1+A5Pn401sG/i+fgXPLbLkZ+CwhgSvjl2SVujmS0QPb2yfSb19WTPMYBDPLB9Imln1IZQHf3LW/sPiU+QfEjj43Iw3YF7tvORvzezwlz8NsRjHD8E+p/GWg252azS2wf03d7OjuXtNZeMJXcGRuaayGyzxuZjIDpt9ZPw2sGzkbMzOSADBcg3L5Lswdut/Ruu6hGmDJndl7t+qVbA7cPjvsjSz4cGViRvwM6IrNfM3kb7FCDfBbdNMz9S5PY5D+Dj/AMtJPz+9+n4+Z/sZcyeieXQVC0tswm3OR8PIRJyHFieMY65l3BX70QpWpxs/4kX5rGc8gOU8xbB6dG9Xv46JMj8ZcyOp9/Gj87J23Cew/EO2aSMefHq+tMLp/wCyYH8GNWnXzsmhvsDZSHNEn1MOkuNvcfZnI7OAzyBdnas/mQPsKfFmQe3fY9ch4k9uIYuF+SC9ZPi4SHvRI8DHAx2cdXJsWAOaY2XSfjYgRHb1ZHL1jF3kP3bZ8/jcIfwC/sCA4gyPZM4TGTgbKR5az9RAzyMIWtOZJ4fU3PJGPZ52BCwPMInjc+iyaekpI12LamkuOKScsSkDkHLLkwzbl4x2+IMG8Qc2+bgamwwE1Vyxxjx+soSXfUDVa/hcrp/GdsgIF+kPYKFk95ZTr/yHyQz7dpLi3gQ0a+yThazsnbNt/wCQiyv/AMnG3ceW+ez8MGfauYsj4/cGqdztm4J4R3+oWaH1hNxO/cbvtnP/AIXQJbPsL97KzT2zObcHth8SMV4E62ZKjV2ADfYvN8lF+J5D5gBnrbLPq6T6vmfUHOWtOtqTe/MmJ9luAT4ZO46eTImJekDgLKf1en4PDt5vj/4H5HYc/LeM3yck+fI+db1kVd8VZHVo369nd5lvz5gzyIOFsd/Vke2svu2XTyVMQZxBx3shgdiEbd0yRBkeGHOR4jchJa6fF/1ebzWLrvUtOA5n2ImkeI3d/wDbMHw/7bPf8JLF5Dyn94adAT+Fb9HJTSsftnydoYhOgZN7t7YT1uhpbLhy28dsR3ISHkTun9WFNxuWRd7kVXeSyPeQ/wCUYLALKPJEkk+zTEhVds0d5fJyucfqzkXRcW/jPwONz8AkU/B7L66/qfgce7OT9lWR13w8/wCynTdkd8ufH54+fwHTyOmQZEhC4Nh/sG/uGqQMVf8AYYCCyloSY8st+V15f1LDtluT33l0PnLMU39Jh0/EIfYrxDz4ixvthbfIn5Qkj5l2kjztgjoc0vFiw0jj5t4h5dFj5tl+i6kLvZaLp9SKr2//AFIAjFByD9WbLltn0sodwnaoPONv/COyAGe3SnYkHo9tVXH1Z3ez0nGQNzR2JGtJhKWcgbmWW2/hIELffZSwE8fZkokfutUW5pKVZ11lVwd9tKb20+Jy+Y6ly2ly3I1YijvxGZJryG42H9lDXkf3C5GE6H1aYO3Iy8XhPfJM2BWyO303xGzMus5l1dP95C8xM36+ZgD48vh92Tqk7n2BeinbW/rLEKEg3/oYTjl9AYI0Rk/JDpP7gA2OJX4jwsq3FJYOp9vti/dMS8tl3yxVpn4Zo4z21NP1fNfiww8xl6fVnbr5sseb/wDAgfqPLCPE/wAYvp2CPWWD9R582f8Aw48j9ydvn8LhuH+yrrByVcv9y7A89bqbDra36/UzbH7vVvxAsGewnxDvkGmQ7GRhheKFnkPSTEA+LMMpiu2AE5s0XLmvulCdXTDOJchBDRgECGmsVgRPsJg/ugIXswCQTT2Z6gbGOEjOWJlGOyy7PvJqYf5F6Ri2jk2PEScQcOoVsZcsvN+IdPp7aWvxYLIkWIDy04PLRvu1rixRjGx7e8kyPiC8viT9fjfuQH7jXAFsN3yHv3D2CMSmCB+S/qXPi2P7ePZ5L8vk9NOxr2zTXhM3puvZLzlhJOofbbXyyEHXWHyvZ7JIRONhKn4wy/ufPOyx7eu3zBl2QvKhLPifbANoOhY2sl2GsCs5G8BsqGuXkyNsEa/cq4WZ5kJ05DRl0mVambZSt+WO7qzCxJJAELK7Cati42f7fIkdCiyZELY5AdAy8LRHMMcBbEI7+rJOfu4QD7hTfDy4Sivjd/8AoQdKZwxBhwjOjOGhv3KQqocEPswdkJjyMicR48jvzH7XB7YoHYb6L7B0Z6nk+CUVwXScxvfiED4uSbHH4YObv+WcXz/9TT40bW1v+35/9lG/vWXXTv8As99JEjIHk48n6W/S7Z9xH2DJsSYJFnwsQbAAvZJ08unTJ/lyFmtm62T6ykDZD9cvCUGMlWmbOmLljqkPfiDCt434lOfty5bvwJQDEfwcgIkSpm8+pAasBuifuskHe7BvNw82eNnPei4iwhpHd4hdwhEzIA+5cfjyLDZ9Il35gBNN3UOgeQkF7GhB8xJAoXDnb+TzMH5QJhGPshb/AKurTt3YMA4/y42t+Y8wQOu7YbmPOxJR3v4G79kZndkfJwA/bjM+IL8pC5vyuge/dvunsY8d+4v1YycE69v/AFazPvZSwyN5+QB2OkZ4bVjsOAZ4NjQO3Rk3XFjwI3CxwBX+2ATGLpTOG6Fi9gUJgclcXGm1D8W+XCITCWI6h8gLQOs97eYmN5rsmUN3UZnoQjwkSGThx/yDzQRcKjVwIg65/ZDpT+wccf7eAYuIBkTrGRl55J+QybVQK5e5kv53zZnRkce5HBWRtQI5jGAUk/M3JumpDks/DChR+TEjx+0G/GMNO28TR/BfUNuOiQ3cy2Y49lIeC5kYSH5tA+A+djQwcB+ZmI8Cha8WsBktLB+LR7BvsCoTDcL57XfJ36unpZ2DPCXfJNll70yxmWMiMBI2SIRPmF1ZjkHex1eBF6fLBqyBijCxeIsJ2ILMe5dhTIwMRPo4WE126tuzbHEHE6uckfJPaJB+HIYEaR9hBPygfKD6WjWxwXHNSmzcgTdsUeThvMrmbMbI6+H92iiv1b3ggbOFzAMFs/8AIdIWqZyA7UOxAsBljNnT7Z6uHGz54uR4uc+I80ljERpD5EEG31nJ/YOQagEdOHSTFT7d/wCQK3EfO+RkMXwcmh8mPlEfEfSb4uHfZQzO2h2w6ew3lk9kLi2L32O+eQt7B9Wr0tx8vr7G50tDpGHtk6th9xkB0XETEedtPosndP5ep3/lg5/E7ANT+7BB/cs9egg807z1aQPZvvqbikvRIwK0zxIZXr5jKacfW3/+0hzt3h7CN8LGIx0cP7JecSW+t/dlYcyL8kocxvkC6cS4kyTCB0TE4/7BGHCzCJB/EWd4fzduMNGZp/SFL2CxbaOY2Z0p83K5PkOjIb7AL7LEPH2+MfD8AI+/xDgMmV+oEfbrX1gXfHW8fB/kMYXgMGXWj+IB0/ttSCa8NjOh2d5M3nYXYLA7CFyCbN/DL7O2Px7M+kC8l9SQPPI7yQ3aOW2mdhrI5kCRQ6MvXt+9/t5URROrV4ZLhI0xtwCvkWUrrmf5dlVgzrCwc5m9llymRGgsQpeLMLqB9h0+oy+J+70CjsX2+M/EQd+LQHFkjH+wc4FGxlr4YuZpPRqCWLYUUj5h/WMv/wBojBB/NlDwJbF5Fae/F+ithRBet7wc9tuNQ/iJn0mlgkQxk5DvLPQ4R6P3ZhbDl5YQfVhxuwOBr+7YnQ7K8QYHslbF6psfAFkaeHwWqyb+ISrnxG+Yc+YkI/5B1C8oybKBunDbGaEx6j44F8IZdOuEt9beTZubsQdZVPU9hAUUV+kYnpLyk7NL1O3KE8QbyB4PYg2xNP8AtkBZ/Y+T/wC/in1kw/A7+oENkQ+UQDD+Rxgr4ztu0ywVZsoPgx3vZAwH+Rm0SQwGB4YA1Z6rkh9JejsN/S2b7FcbI0YfryDe9s/FjwLf7I/ZBbsEwuzo5SPYBOb0WbDj+7goMOpMfm3GeQfK3g3SfwRZGM9/B75CxNcv+xIYWGJEwsPvy1TMQcPiN9L8sqRqlgPD9QDN3WIF6TlAZJ5YR1AkkHS+9WF84wGxnIz2bCacniQJ5fiXUfI+lsL7Ma9uGdutfFrEsWx/hJ/qIjnGwMDfu14C3IB+LOEGG8DC6DkLqP8Aix8GWMNIhmK23qYm6JwJc+LqmCNR5z9TgBkM8H0zQPF0rH6lI3ZkByWLW9RuYLJotEhoeSczY+e7dLeSQGm0N6/Ul7Fld9b1bPca22Ju26wXMsBnnGwGmymxZyE1MYS27e/Uh5llohmNh8UgHJ9RZmeG2AO+kezqRHq2AEHy36Ia6WeBdDnxEesjGt7i78zJnsrtcu4YUvETj+31EY9Z9uEluuS81FtWPAvW9hvbPAvLqbZ4GDj1HhmSnskZ9RGQxAcJOYusKH4RAvwREKDIQbA7+5T4P7BuGMBa8gclxgbY4c/yQ9EmEyYMGQDTM+bcH+QnkXkA/u6HB8mHQ/DlnlmPK2YDYubHQq5LHvZE4qXyZqzTqZ8DYvEu+Qb5UCTT428DstakzOGwfGXCWcSeuG/d3eahzOWqNjyGOZyfoxgDh83XifGLVqrwNx5bzvzdn1+Aeey7sukuHzHvaAP9uWPrPSkbnk3vrDjF2I8vlfLkszfEm43Yj5WFu26jtQCQO4wgm7V3k4Ts5vSP5cN2RdSBd5DHoW7vkfnV6VCKmWaDJw7Fj6LlaYScf/LVn/3lYP8ArbC6QOoREzx8rKimkd8HPgmzozK15GxQ+/qdB+OrNN5XwhP3MeHfCH5L131LxWVBOSR9ZH1QDo7MeoB3pt3CWmrcVd+8WkMk/wAn7EYEDP5a7lnE/wDJM/8AzPtwknDX9QkMcnLjHk8k4EyPxctcOwrjnbPfEiJ5yc+5HxK0ttrPSEemJNsS8s1nAvIPfJFzhF9iwbLyZnYZ5CdexrrCyYNszjxvknJoGn4pkj2IjwlO0lMl/tu6JBPofqGIHWw7/wARTE3GzvlKBST5i2BjL9tjgwUBxobGpDFNiDJH0LV15jGGpGCZaOXW+riCU0FM7tPqBxX8aXcusHd1n8HLCaWwwd/ZMuRMMnmA/tyfBZQuPmL2MP3AOyXC0CLPqQDhrFw1tuPqAziU3MRP9jkpKTOROXEcYM7j1YXyWrHGMua3HByU87C9JOVkHx23CJyvNu68tz1ILuDGDAYuMp/Y1fVq4BOLZ3XYQpybHQsffP1EmltcuBDjWWzx+7oeiR9BAOdlkNG2A6BHOz+rDSUkK3UolFukq0O3EPN+Jnzz9zHIdoJ9QRxAfq7oG3rmSkEf22mJX7jGOsI+v+SPSYDd/pJI/wDYIa8iHlIqAB7IBb/kJTDkgOrP3bhF24IH9bPrAkjQ/wDuAtTt7oP5b4RbR0f8t8k2cB+28g1+o04n9ihoPt6m342XGdtdmWOg/Aa8y3CgvtGwGyrztg4gD92WUWVyxhnG3YHLFwSHAD+zhg2BvwRfLSwYCQPwhCGF3vc790injkBQP/JMF5kf6KkF4/kdqH6h4JvzDdWPljLd5bof1eZRftaZHrMnPJ7fUxZjs8hzWs6rhyx1efcHUsrKb27/ABvkAlGIPkGHtHwP+SWAECjnr+1gTNsHBESdO/yxAD/J2Tf5F5xv7tmhX9zLfH1fGeXIDbCh2Lv/AJWfOP3cLp8WLRz7ks1tjaGQhiF1AyXoytu5yAxOYxhZAdZxRl80YRwOF4XLZurlIIxiR2f7HxXGCCWXqyyenJAa8h4nL2wwu/jmprBheAxXvLia1GNOwPvLFgzmOwwiDrt8htqtk73ZGRFz8GBLIwG3u+rWbcgT7LxUHyYg+IIbLzvftjRbn7s68QbFAGYGO8gg2Lr+Vu2kyzJPHzOLzg4f8tgNfqeQIQPb2ES7MONmC85bH4PmxD/uBwgQvGxTVjDmVmYeP/FrSxauP7sF3Gl2hk6ef26w/wAkOCEwHNNT/Z37bGvL2bxsQgvrbUR2K+jcEZDb8/V4eR75McT/AHZNHI8V22fdabySbTYs8QD8f5JwYvzy8frD4wQDS2G4dt8zjbGY2cfG4A2czB7HJztiOhCeyzEHDTf7cc0IHtP+2qvM1OE/tj4m3ZMGIXcz+zvD+bDO8QaKMs26zrr6Se7mfFnfL7kOxX6QVsNa9+rIeKcs/esHE79So/SagmyDJ/k2NwmhwEkwx+0mghv7iywzWLsvqFG2t3peDckPPJAngsE2NgXqRDq+LYnBtSHb1HC5jFs8zk4o6SURhdB3cQBgNTfSSp0j9t7jlhPU4vqaBLQGCoknTW50dTyZqWP0YA8iHDKtiz/yL5oQeJ9JAdmw2+Za1YwdIs5RJlk7fU5Io1GmdHYvxkNRdQYs6cnhyCDqnZSkTHjcEuDr2A31m9X+R2qySBOEfKYg67aQhZV9in/3yeqy8dOSQ1t1rkciJdWafS2w7O9Mjjn+pYPtmuBaUBlFOJaR0XDWv1YuGMT6gSKqw17yGn5vsYn2Cngsp/smNng5toXtz83gW8lLAm5CB6/VovY8bccmwYCTNLD8SMHCVvqF1gperHBFtbsspHJGtAgd6IsNIXIn+Stfb6ncTn4w6prOODf2Wkg3fghz5JTxyz1fwIyNBsRpGEBN9P8ATO9mQzpP7AhGWzheCRmO6h8nZhKR6/jQjLz+QcJyP5khDSkYhEkCEsXJbEpNsQyC0YxHBsA49RZoJJ2O/EjnKMMJO6bjmo5rmDdQeX0Ik5M2xBCz77j9wD+SgECKA6y1hJ/LfGfu8sCQYl/lgDtk6JMPeRsC49icBrIHX3gSGuxubmEvtP7+ONBDrPmAS+rmoLywlN0tdP1MJqE3EsZ+4r6LYPUp+okjm3KtXzPR8PiAA9Tvf+IoNh4fUqvY2STMYEfyDQcsuDyQEYfD7sx/icdDZ/gyU1cgM7S8vWf+wJSDsiPqS4DJVTercpOMmx82Vxj+o2i7TZ8mxhVIK97uzUzBpuDriNHDyx0ht9ovCSDGDrCFHjdAdyXY9lYZHKcsGdfu7HuQA2aRgb6uvjLIppLusDyKQvs39Wa3Iew9sWLzTyZZ5NMbLBS7nxZgCwDkOmhyI/yLnnlsHI6ojz7s2b2aNTYn6klBT1avMOdmLJmSD9XBZR2AmnFqNqh0Nspu4wrDjYyFfHLO+ZGkxOdurHT4sIcSP68+LrPZIddMxx5aosEudgj4fzdOof2Ch/kxtBDPvFBEzqRQQH1I3n+QukD4Olh5p39R4y6ia3BMEXvllW8szNtNahx7cGg/clnr9yc0z2GP7s6sQ2Q9sj1YJQSl0hTm2k9PuGBgbTCbAMn2RxjmP3eAO/F3Iz6vjEt0Z+7Gu8i+W3cPEMZkiGJCnL9JAHgSa2PBPIA0K3YcXBA0i72zB7cSjsaB8Wx4RXB/t1glhmEkGTdPd/UUUZKAYXlqIycgQy2hL8OyChz7bMvn4WuxkBBEwJ85ApdWzK0QMDr6vlBqRz4VvztpE1ZnlhEwrN6Tto7BRrSRSmt8T6j4MMjK2pBbi2wWFh0bM/p8whP9GKz3+rpKrbBUlCE+bWXLVn6IH8sS3ZvSnyMW+6tsF3QS4XloEhSez1k8zgyHIX7Nm58Qy/yERaIS7A4Q3C2fidg+uQNCAg2VdOQhpDF4YO4wEakvHsk2Ouj0hp6kFBmnsPrB7dkAzAIh3bPvxCpeJ182coDH4hJziQnZXwIkiX2MQ1X2AFBtpBmPls53y16YvGc5JvAsHGjnk0W18Rh19kyMTPqGI6PqGXN7H0fEwfpCCFPphB365sXwGpN5grAx2Z4TOoQoFB2dHPY1vjK1ONhTo7Ch6OEv8EGwCA9A2W/uQd8+XOT7S7MxOnX+Q6//AHkO8ZOcxk4d2fOsh5Cej5P+Ee/+iweifyROsa2dhmVfB2xHOSz3JtPWSRchtsp7cWIX7kw59g/7JiclP2JzlnUbatYDTmTAzM47faTVMbnp82+WRpAXXsWj1ZOdsodTvBmQN0ncFtfYC0hs6mp9PG3Eef2JhZZg28dz+w0o5f8AAkerPNkNmdH4svkPvxKbZz2viFuDD8Mem6tgp0skMhG5PbwHc9iHxf5dAfj4sDvkRbENYdwVG5HR3EiLGi7/ANvsTf1JzD4fUjUho9v3OAzozrbXFPAuyPX1BCA+2bBr/U6QpvjaP/BDi3jfI+x1JPFDQ5Fxcj4YyOphjhI4MtvXsQAwWrutmdUsHL6Cllu5z9xod84fqKQSMz1skSyOP8jPOWFM7ex2ahpJ/wD3ykVETWmsizAbHLutghyYyOs0HU+0kjcwAPf3kR3F/GH7CyATOaGyKFbGEwned5HwYw9OT8GXwBAVzkny0g9e3ynZPQLPij7Pbye81cnPDs+FufcQczs2bROkBga7hJbl562AX+JW1v2Lgh+gRFakIc7LyofcQ3y8J7zEoXPmSCfpdNGVC4u7D4Ng8cJsWd6Pxw9smfJAvyZbh9iHvlzP15MB04Q8wbP8XcOsrAhiGCnddthvHxIHcchXE1hqcadhZdLJ3mfFmgTmLgw2DMXpJ0Uk3WkYne6h1iAFsFzPqIaJyYPyBRfmIEY7wKNwIMfmFnrnb3rHkyTeFyBBZkbp3+yr/wBET1RNgaWsdlsbtQa57b6MkRxsvGbJ7FYx1lsHuz8HW0EQe7C+W4cfSJLG++lqH7tMR05ey8lDvJfH4WHTlk1UnBKLK4ebFBgQZ9Pmd0W3QSQoGyP4MnRcPjZaBwl6f8SaEfKKXofiYHOZEM5CgeooTpYg4eH/ACVbuttjDup9HwWB0kD1gSTwYPKGxG4ZYyTwVwhv0TNTctZyepyl7fwj3Fs2kYwjFrCYOIYkGtvTJbHo+JG+ksENvi+5q0ZBH1LGB9Wc8n9sG5f1svb27zjZzXlyDa2Oe5bhhZlvG/u4CgfHM7wf6su72K7TkBvUCMMP7A4EnHxD8ERRSd37tKMQ1ywM7BMLxGCdeJXwMGxOSaYcslFcSaWHUduJ0ST5UkjWE+ZvPFncgYr2XEO5OcTkrrX3bPMd3Z0vxkWd6F2DrpepgiRdJwfCsxoPPu2G78ckCWDpJqcz7kxHYKSA+Rkh7J2SV9y0G9LYoB/I6cun9u2aMMPtEge07N43z7mTNtD4vO7Jqbtrn8JQCaFp7J+BkqFJ3Q25LcsB+IFYOudbPzBNJ1zyKxo2A+EA66y2QH9mftJE2wtZjC8E4GluiORZ+EBmYGoiHoG08NsXfEDu07vi9cv6kOrn6smoP5DtfhhTvpF3UxcaIMqwzvttEHSoRbNQ4ivMrKeTh+rPhJ5xP3AidnDILqb9WvBsaD+B/knCv+RhQNkeFD0Hv2zK/llDSdgzfmYHAfU+fH9WKHHuRzvOTcL/AN3U4Z9MQMiMb2g/uDnViRDDLRCAvuNOHYxH6g79JeZuy14kblMXYJ42D95ODrBI91uELMuuBaIMLl0uT3s/uinYssidZB1/kbBk2vGM0/5AHnkDsMhTAtlOSxTn1L3OSUzBYbivzJU3Uzk45I+J9sHxH8ucov7kvRIBoUfqPIv3atSBOOSPsRxRlPxneuQR8X9tpxN4df5JfS3PYtmge+SZwz9E88a+ryGH9QADb9F7p/yciX8XiH/LgmsiNx/V41/5JYZ/pPTUD+QhV/kRwP5dQxmNTdXjZG5/t5+v9sfrZDdbIeE/cp10/kJ//CMc4fyC0X+WjQ/ZO4T+JnqE+Y0lH6C7KWaDDW8xfNvNNeEfJnEcO4blWsDmSAjSbAFycG+QxfsUTn6yXQSaJA5AFTt/HD9WH4v3ylam5BAfN5MGiIQ9JnDglFdhfRLhxzEr9nWByWhNNswJwHy2GGQGUU1jNflajvI9B5ZtPZLw/cMMN/sC1/vYUf8A0hOzY81mCX8iqDP5bPP8JZj+urYo/wB3uX/Lgi/24rmBZhslXJfiN6x/kron/YwGpMHefufFSwww/wCSgnOB9AyddAH+Qy+f8lmD5AGuWl9z/IRE4eOwvn8JBrYx+4LMk7IttCdaXbGBOn6WnIDnFfISbrsstMQ72zV8gAloMD9w0o3IpMFgakA11ej726NufHl09DPZ4s+PZ6HscA5cnUsyvYMXyYnHLpyW5fmVdAnzEoDts47dEZKmp5PdAuTz4A2yffu3ruPwQ88cZVPr82EBxI6cxG6U6EF+p+hz9WYuAfDL6+Pq8+T+y5gv5L9F9FtBf8tm8/tbA+v2LD/jIZgfzLsd/BOdv7PYwsH2NkI3+XKOfQSPB/l9Y/5IftB8OQD1Z4YuweeWncGIHlweWHpGHycE38ITfLxLhlro/g65L+r+YP1JsYOz+rY1+IGTnskbzZEQhH8Bvj3ZwHRAwGad1+JM6+8gmZYXRi7GMiBIGREkwzftg/c2LX3llx/sAnp9kgL+psPi54yyJCM9tmsD5sx5K9bDh2DOduLR2GeT+RPYvbhDqM31dcip6YHE55u+z7vgQoQNcAt16f1ZQU+id1kyI79bGGJ8Gl3cj9wHF/oRxgP2IH/wo2c4/q+Dcg3ry2NdQ7uM/AX/ABnBH1vYSaySlt295rhJzuQAgJMeQbw/Ak5GS7+PZYWj2fwtuzJfwluQ7P5fLTn4CiIaGdcFhKc+rNv/AHHfaA4uWcPZ+WhcKGxzb4WwGNgwbAHxZGOy6diDpDnPLsTy0e749tnbrPu2QDixbjDgZ2+W2Eb0bIBsAD4bLB7aHLo+kmzrZ/2Fm8ITqPqZLtn3yFA8/Upw/wCR4wMJ7z6/HByPIQkbUcgwB5fqiG5B8uWTm7YVy5tuX6zqaeSn5gU9hwEIHzLsf2fYNsx8hdF5fEFxDyU9/A8iN+Zz6lTw5AlsN73GN4wDq4Xm96ld4QIPiLzxuT/Yv6gxBGLj8C5aJ+Et5jkIDn+zjZk59Wc1tSBgKETZ7Ojr2+dF4ibKHTLTxPnkeocvPNM8cHY3TxLZTqzHOQ3OJ9Z4/RLkx55DnFd+5sd2eLrYez8/bwElgMuX2WECEJReTgtI8tJxgnzB9hLu3Pi+b++WD5MSuM/FOHklZG+', DATE '1996-05-15', 'A Coruña', 'España', 'soy bastante caprichoso',true, 'ROLE_USER')
2017-12-20 20:14:30.896 [main] ERROR o.h.tool.hbm2ddl.SchemaExport -
				Duplicate entry '5' for key 'PRIMARY'
2017-12-20 20:14:30.899 [main] ERROR o.h.tool.hbm2ddl.SchemaExport -
				HHH000388: Unsuccessful: insert into account (id, email, password, username, name, surname, image, birthday, city, country, bio, privateAccount, role) values (6, 'brais@festis.es', '$2a$10$mq8cryYfQLoDuXfoLNKHvuZBOa9BJyDD.iUb.MApLQWanY4cEk3Wq', 'braisallo', 'Brais', 'Muñiz', '/9j/4AAQSkZJRgABAQAAAQABAAD/2wBDAAYEBQYFBAYGBQYHBwYIChAKCgkJChQODwwQFxQYGBcUFhYaHSUfGhsjHBYWICwgIyYnKSopGR8tMC0oMCUoKSj/2wBDAQcHBwoIChMKChMoGhYaKCgoKCgoKCgoKCgoKCgoKCgoKCgoKCgoKCgoKCgoKCgoKCgoKCgoKCgoKCgoKCgoKCj/wgARCAMmAuADASIAAhEBAxEB/8QAHAAAAgMBAQEBAAAAAAAAAAAAAAECAwQFBgcI/8QAFgEBAQEAAAAAAAAAAAAAAAAAAAEC/9oADAMBAAIQAxAAAAH1TZhEkLGTEBkJsVMEABMIE2JjWMlIQwTGJpiGxMATBDVAwTYDTAHAMsTE00xBpiGgAEpIIziRU0kSaVDFSkkBiqu2tMVN1ZAnCoKxEFJ2RjJqiQJTigpMhJoBi9EYgDli5CJSITalTZYiSExwmAmNUNANiGCYhsAUkJTQlh4desPC3ntHwuoaRghuEwoAAAGmIkhKSBMBMIgyKmoRJWoYiGCjZWYIWRqCnGFGTqttCUikwEKSJuIBIipJekNSDTAZKmAMBDYgYhpBpwmNUMFIABAMsHHOuuryHmK9p5PhupwixiKs2862PT+g+aM+zafkn0nLpOMgBLJAgAMASYomqAEQEJpwAUJoJJhXZXWKMokU0JSVKM4iYJEkyuTATYk2sFNHSAkTUiLGoDhMABiGAmoBsTAQwAYhhHgnzXU9NyeW6IyVIZDLI0h2FWipkJWVEvS+a6cv0u/5fKPqx8o7B745vSBihgCTFTBBNAADTEDEDACnVbUYoyKgpxhKQKMkQjYWRJMiNqlIIDBKaN7CAYDTEDVSTkEwTEAOAaAGCaGV1Vpq835yzHyJRpgElZGojmtlQyVj1JzoQkXPSzJqqmbeZVEvszSOx9C+Syl+1P5N6SPalNwASgCCYIAAATQNMBSoqtqjGmaJBCUgiNkSSEpFRG7EpKIEkELEbxkJMBjABWBCGlBiRkmCaGUTJGXjF3F6vk7FwnGgaJBKrI21xC2uVVW0zJdHmTiqVeyt0cDJ0OZQTkVS0szK2sAa9X6T8i1yfYjkdeVDUA0AhRpohgAAN0qbqTGpIQykNIAhpiiYkSQCaIkha3JJuYQmOhMhpigECkqSkgTULmLmV2+T5zz1ehh5tGnMNGiVRHIhKUTTSEQQUnKyKzVenMlpiueWnpHKs9LwzA466qn2KDjwvzEooJII6H1P4564+hIeagYgAUgQMTUqTTDPozmVMqI0gpIBqgGoNIAQ4TREYqhOJvaaAyENgNKAQIYk0PDu8wUdHoeR1OFydGYi0EhMZOFXxhoKYuAOMgtt7kc/uei6p5jZ6KZ5KHrGvm+l05px/B/SfFHjpXZjbDLbVauRSSZAYpfQH1XufM/peYKSlEwBxGAEoypMQZ9FFZFIIsERJCGxKSBjojNERqENCUlW0ZkAwQ6ABjUIaUQ4r872PPnoPnnp/nmoVtU03EWipuveYzrcwihj6c/bxzPRS1y2XU3FjTIEiyMpsyeY9bxjwHF9jyjztl9JO6i+q69GYcAVDRZ67x3ck+i7/IeoW8DIBiTBSTppqii/OZgZBgJpoAxJgSHUVJQRlEAKUbIG8ZCYCGA05UAqUooOEjm8Tr8ZPOcslWaDBSSoBBJM10QtKtlPaj1nSz2w9WWS7dOPRGkpdXOudk22U87p418l570/lUx06Gc+rsYaztgkKhpyqyBG36t8e+snWUlKDJCMkMChop576EyMAUkoNAMRAxoATiMAiNUKUTe0Q00A0rTITAE0Vk6Th+R6nnrKZV9w8zG6ipISACym7CWmvpQ+9TvNtuS2WdlGqL9FNpbONhOSnoSQkcm2uXyPmfceQriwaSahTSpcSUUxMStqZ3fpvy36hJcRnKJkAFDAFJUZtWVMrGJxkAmA0RYDBiJQGmiJJUJhtacCkKk2iGpQAQIOV1fGmHibuHZohZ6w8NX0eaAFEo2krqr4t6GToHW3YNojPbGroZN66LamuuWVSbJcrNXoHxNxthCwp5Hars8HxPovjjhY9eAUYyoTUrB1J21kvqXyj6FHqL898SQxMLGmSpip5deOzOxQDkRGCUkAwBMEAAERggK3A4BoTTgGERixBlXgPZYzj+b+n/P7LtOjgpzMNlVqkmK6rRI7qp26ury+nHe0ZNZiLKzpa8dkunPwuAey4vlaD0EOV0a6HpeL2supr5uk6BXZRz+k7Pmnnvr3zU8+tOaicLZdET39cL2OfnyZeR6HmS+7ty6xiYAUNNAAMmzGVIBSTUGkQAmIAYlJDQxMBJo2jQSiwaJWmgjJUmhOBsxdaWPkfSWHk+fZGzzcZwEBRqzaUloz6yV8FL1N/B3HTrxwOzycmY52fXqMF92Y3d7gbj1N/G2m3Tzb5e1p524ubdi816jHXzHz/s/PRyNebTb9J38W9PR34uoeKl0XLyPVfL/qGaxiAGjEiQnYZNeWM5KIwBiZFiBMAGJSQmACAUkbBgJtYkkiYSgAlLKcnp8/eZt00ef8Z9N8xZ4Wm2kYFLRntTTqwI6MeUl6t/HsO5DB0Yvt9F0zxGL1/lDj0WwKd2Ur6Zv5fp5eH0OnamDbKQSaFER5Pxv0r58ecJqul6nw10v0j1PzP1tmqnrcyXxP0Pm9KJoATKAaAAZdWQqTQAADIsABAwBACYIYCA2gAxKAI0wQ1KRkGe6UQEEed1Kq+NUb8Fk6yURaKaskVysgQZEn2+D0I+rdTkds53H9HkPmnN9b5Uv28vevrux5j0cdHRnvJzquskmipTrMniPd+KPImqos6ff6B4S/6N4Q9vowdMzacHQlixVJJoNFNxcGTXkKkwEwABAAMEAJiGpRAcQU4m1pgAoDhA6SkoQARYCUIsSp0+d+b9F52x9Pl9OOWBWh1yKq5xLd3M3GLZl7R9B7/m/Rw42Bh8j7yg+YbfZ4lzdPLDLr3cfYdLRh1Vaoqx1yrKvOej5h4DD2ece36PL9BWnj96mIhnKtsZSgKhggMExkcezItSkhA0GMSYIEA0CYACpMSKkjcwAGqBohkqEANABBVajPK808P4n6h8qse7D6k8v0Y3xyn6HgFdilRKytKfU+W9Gvtu/xO5DcWSRIx07q1w5OvVHKs01l2vn6V2uiVzKIEc+qo8Zw/S8s9H3uD6MmOkPnV/nZfrV0ZEkIAKaaGxkcmvGlYmKSlCAoSapSESZCAoAECAYbGAAANABKAAmQgBoATKp+QfYvlNnF9T5W5e9q4lie35nreIfOJES6LiQ7HG9CfQerz+hLKKrsunmsLIEBqU5aM/QVcu3VCQmy0EwhYjznP9RkS/p+D7B6LyOLxCv1HmPqx121A0xMKaGAnEcmzHZVKMgExpqVCdgCAAQ2JMIk4iHEr6fyP6cbhpUCRgwQStAAECAACr5f9V8DqeNs39SvL9m/18cz0e+g+WYPSebtnFwkj6ny/ZPpPU8P6iXpPn8k9ND57ee0WbYQvrgmyVF9ELEUxsrE0xgCzaMx4bqdTQvg/N+n8wmv7D82+nkkyUTBoQwBuLpY9mMgAiBgpRVNCMABSEpRGhDExAj5b6jxHQPr6z3jAlABphFgAEAAgKPFe28nXj/Qed9NZ5L6v8t+vSuEknk/AfWvl5niFsbqpRv9F460+h+fzbou3bunGi/HOtSzMvvxaauikjhKIhoYIWa7JLHTl1HhvJ+3Vei6ilAChtNQTsBgmnUce3ERARNkIcaBsiSiAME0JyCKkhRkj43Ktn0v0vy36gSGiSBRiEBDAACE0U+H0fM15TVwvZ2YV6/JLze9b1or8F9C49fKY9jkWRUkRUoy329ew6XsfFeny6U+QzoYoYDsX+L79ejlg3oRChOJKBVK8dmU0ac95xOvimdYCgCAGRYxOLsGmLHryLEAJJpFsWKahMLBoGhgmgTQk0fGyu2yX1D5b6ea+kpkNAgmlAagFgMEBGaneHh6/cePs1+l+cepl9BPLrEEjlfL/snn7Pl5ZUtbbt9Ds8rCTr5cUDcqvRHB1+67p4bo+uoMHZ5mrLTKqVSQkjlt5E1ZVw/Rp0JtVQStq8TQAlBpWJommjAqGbVkiIKgGJilaAIyVgDEwBMExBRLzS+BZOyN1BH2XZ5D2AhoCUZUxiaYmFCZESSAAUk6TCGACA8L4n7X8ts4rK7SNnYOX0+rrk2+i43Ul3zwROhXTIgSkSsjMImEr8teifref0yyucCu2mytIEikFqGpRoRidgwIZNWUi0xDBKQRAGJAwGpRG4g6rOEOOLrL8pnJpozJnoPp/wAf+uFyESTUoNWDTlEMBMGigCAAAYmMQAec9Eq+Iw9Z5SyXQ51sde3i1L6Hf5P0Eel14+vFls7KougocI4Lb/OkrIdO3Wi0QsWZEIuKTcJg0wBQA6GmNDK82jOJNK4tQJuxACGKJpAAGZTLxFI0dDJsr5rTTZFsZOo/Wfkvs49y0EkyVAwAAABSENWACiahuLAGo0rBNFPyz6zgPjz388npx7Tf6Xgd87uzma43PM4srrykOAYK6Heo7Nld16MjnAsQSxpvoOiJ2ANRMkBqgAbQQyas5FpyxQU0wJREcWCAE1Ij5fq+dWd0LDqaCs+Y201WaaFcmfp4LF+zWYd8JgACgmNSSJgDRK0yxASg0DQAIaCkBl4/5/8AT/mGj24dFdTZzSPT9DyW6PVx4Sjs8Ln5C/vV+k0t6NOuxRsjGWrVWtbZEc2mg1XcvpVNADRDEWNDBpkMunINqIxMYAApWBYRklVVvBTm56tFui/P1F6vN62CT5KrqbNNSvFGDPY+/wDin12NwMQEDTtAEGgGmqaAGkGKUYhxaBCpqUI5/wAh9x4elZVKtcs0pdVvPinTqw6ifar9Elvczb1tugJNRrLKSKuDjDpnAxSMsdvR5bj19BOL1qsGkBMYBXl05wQCAGwUBIxA04y5vI9PjWvXVbZs7PI7hu5HX40nyUjKpXVOLqpqo/Qvnm6Psqx7RDUrUlQAgxAwAErAkIstBEClAdHl/D17vynHpJSUqi2hiCTjIfU5eg9/1vP+rkq2ZZLfXnimyqqZZKq1SEowq511nhOcOqruny/0csR6fpec1HZKrbGhleXTlE0UwIbQompBp6PHr89HHjXc1dbRuTb2uP26n5z1HlZPl84SHKFhZZSUpqMeu+hfMvphZGSlTFZJAAMGmRBLIShoKYcmOh8953EqUE6SaJNMYNQYiYDlGR0Pe/NegfTI+U6EdWdOpLrIWEZpqRUUKb6VpnCxMPo/P+gXgcLqc42ac1sWbMQd2/z2yzoZLIEWmrlAGIGCRuEjP47s8CWVlOq3RqzdZKu95zunQ8t6vzCfKWmO2qdLTmtIyhOO99J+Ve8PRAxAAwEMABUNDRgN/O8l5Q9L5WpUIStNIAUmmTcZQTUyBZEiwLL8+k3dvjdaTt7+L2DZZVMshKJCNkRwsRQrqDB3eGpeVbRcaLYzLb8+1ISlGq2oy32cl11ni0k3BpIEFVnCOPnE1ZqWipd/HCS+3fyz0fmPT8CvkEp1sjCVzhKicWaPUed6MfT7Ob0xDQMABiT550cHjfMHqPKVC1k1UFJEQAQxDSg0OdciyyqwukamcNfRzS06c1ldjqcLoydzpeZ3Hcv4/TNjhMUJUmhzCnm9HiFOQzS2bqNaTvqrXfLBpNluC+pxjCQdUrSMZk7BxKVDqPkPR+aK5m8l0cuo1XZrqvtzWnQw6keB8b9v5SfIzv8AAJiCeii832xsj0Psvl/vTqgAwHVzvBnb8lKsqVqqKArjZWRjZFYiZEaVsJFGaVOLslOE10bObqToVW2y8yOymqtLtSW7HfJ1+r5veeh18vfLOiWM6hy+cdTi4qy3TbqKpzkUX22ldqSScGrhbCqZWVwnKmr1CRO6hmiipnOyerrPObrhMFu4XLn6WQzer+b+yOvFpOX8s+z/ADs8iBT15Np0NFd8U+k8/wBM946+MdXyPAykqyIokqgWBVHVUUxtCqNzMxcLQr0VEmRc0sKtiTJKUVnOpm/Xx5HXyU6JKpaZmFdXacDb0ZnU6Hl4R6HFyq615zaYuzq2RCN7iFVsR3QlVirCyFaLZ5rCSiiZB1dCESV2WRdSo27L8tszZi3RXidHidCutXTceayek8NL9UixleW9VxD5QTVG3Lsjo6aLiu2FCdjz11Cka7UJySosjTq1QXPOdSVubWBKlIxsqUakVx01jr0wK9WCZtpt0nIj11LyZ9FVlt1KTNN1mx45GiFdop6ugcvpbdhDS+cdSnl3mjoYtsUqdRfbkuLq4MjKuRbOiVMhBLoutbISkVTjYQLKyUlKnfVcmXjd/lLtuxbSrw3vvMR7RwkkuT1eWfKIWxSWvLqXfdTNFTGKypupFqybh020jnXcUV7K6qd10YI6YFcNitwU9PKmabaynXaTVrirB2aDDu5+wp0WYjqaONedufN6CVnSRx59dGG66I9XIqOrmy2lU7bxaQNjosliraTVLJJbmTQuy21ZZTQWFYWSqibFnmilCS3RUDS4QLpK0zV6Q5HQoup87rZYu3eY9OhzOniPkcL6C3Xl1mqFc0JK9aq7IFGnP0jPOvUV3Pec+OkKb815DJuyLGyqywx7KFyV30CvhM0Tp1RDRjtKoORsa1HDj081ZNE5Ro2c6xOlQ7imGmJg03IrulMrd7CWisndW5RxtVFtKX3U2EbaLyDi6We2JIdBIgF2nBfFjo0VbVZSWXVTqeeWCNFN3Jt6d3ju7HA+ifJfrCSzaabPkWfdzzTpx6I0SxbjTKEjDMiPr8jrnPlXSdfZyukTjblMmvJK3Zm35UwxkFuW+JilbYtFG+lY68O9GrlGaNtJrvw6i3PdJMz0yMquRZNWlcbEM0Nck9UkzaHMhOy4hHRCWpaEQtnMrlJ1CSRZGcjM51FkIzqqVlEQvzXl2jPqqnHpym+YScrJpqXrcPtYLfNyOWvL+vfG/osx6yE4nzHhep8rV0oIe/FWd3fy+9HDzdTlGrpczqJzud08Vuzped9AdbHonHMhu5a9HJpgmGGqCqwurHn3Z4rhqFwbaLUvtjYaMepGKx1mu7FpGpWJOpwJ1ypN5RUbrMFhsqjYRkBm1FgqrpLOjXmgtLDLbfKzHPVNrFDWkxx0WHOnpz1pq01xkhogX9LLtOXGNZ28VuQhnTXr8vqYE8/yPR+eXiek81tZ+wvNoPF+H+mfNRpOrqdFJZ6rx3ejseZ9X50Xf8/6M5mXdzawdzi3HuHHRHM5XoeKuizPEvKkmeyqVEZqKIamuOrVQX306yqdoU09KhMm2ma36I6EyF9ascEsjC0nECnXVoWI5lc6rYtUaLLnRpWc674jOyqkJlGhMrevKZqLstdCOjDFMaMx6i/BaUPNuI44StJ56zrcjeScDR5eS8sjO5+o93559DlwfJ/sXylObOM60U35i2jXlPU5qOrHE9V5b1Zj5PawHEr0c633O3m9qTJy+3zjEq0t9/N2jzdSlITqmoJpnovYXxatxsJRUim1SLrs2mwdblmqwnUpJDVmZfbgkbDBaXSqgu4ptC2qk1aMdhrpQKyFRfKq4ujlsK41Zzt4LMRhWLGvtlizHVnkzpl6fD1W1ac29NzUTxPL6/FazibPQ+qfHfoJ6z5f9N+TyYHGVbcnQwEwiHr/ABXoCj0nI0Rs4fSwGXkdnj16n0vlfVyxx7MJio10GPbRpN8KwovxzSUM8ySIGumSC2lFpOksZcuPROunZJyTKWTjnlbKmJJfZQza+el6Lx2Gx1NJ257FtnCs1Sy6C4rmLRRcRTRXj01G7Fu51cLn2Uy+gzQmvY4vSrueffflWvpYbTpypzFPmPpiPjMotJ9/z20+n/KPdeDGmJ1c03GSyi6qJxjJ6DTw+6vU5PT5pyuZ0eave9j4f2JdlMg81uVMVk7FusnnI2SSVWzkV5d3PrToyzhFTLZZtBeUTHCdgUa0VQlYVKwtyuyuLtGXSFOrIS18/aa1RAvTmjVqUuLCpWwUukkgy8yZ+jlNXJ7PIt83lcDdtws6Nma1HkvzG2iwXZZbA69r2J8ISkOcUdnk21IwRs1YO9HAFOq4zQuvzJyepoo1Lw+d0OZXS9v4T2p0MevOYKlXKQbNFc2KkuSvTnvqGeyZFkJYllVOc5pRfZojHDsaDg3eg0V5ePr5HkI+4tPDafZyPDy9sHkKfayPF2exceR0eoZwJd11wH3g5Vu8MD3hklqDLLSzKaIFDtmef5fq0vzXB2+IvQrqC6bsVSzbk3ZrUne6nI7Un5+kiiTib8mzOtQmkvQec6xnydfjxbTONbsemmOrt4PVMHP6XOrR7fwvtzolqjj0bEYDRYZ7et0zxdvutZ4S33hXj9HqA87Z30cvVrCouEgTaxJocZQGEiBIE1IjIkAwiNgSCEmIDaxGgY6IyAE5GmLByRRzOt5NfEIY50dlYRtpNmvJai259C7tvG6afFpwYrK9Zro6VCcmddhDXnivrfNegzScRBUehzdhm6OC0uxaM5L3nhvqS6LO+JwuhfGKiyknZTaSalUkwSmECcaUk4BA5RkAAAhQlEY0AMcoskDEDGCG4tG4tWkDaaDi1aiE1CRVdzVXS+e+5+by8yqvSvVdOEs1VaLJ66Lw11bIr2Z6j5TKVaPZl0L1nK6TzSuorRRqqXf6bw/r081n9L51YRcDVSnE59quzk+08b6I+ruFpmp01lddlMls6rLbCLHKMgcUTIBYRS2KATUGk3CQ4usVVtY1VYE6ZFqUTS6rRxkEkADYgiSIugTG4qJodRlEjNj3ZTL8s9t41ZdTKlvz6Nhmt2xsLtl8tV9c0fD9FwI+cShfRODO7dXrjgYe1xks14L6q0mRfZ87D6VPKZ+jiMrnWehnyuocrrcrpn1vVythfU4xRltxGu/n67b4kYsspaTEU5QCwiExBOIwGiKEQhJxRaqKsnGRJEYuvx6Km4lTIhNwlBGcBuLBxmELawnTbSUoxTVbx68ZhyaJdeSnWatmfrGTr11mmlWS6SIl3Ow+bt85ry6WahNe/qhtk5fG9LyTkWRS9TPPpp5/0HFgeq4PUZwqdFFLscPcWb+brX6N2PN99NEqWQzas5XrybSMALZRIscSpiiTcZBOEyNlcxtOFCUKrjKsnTfEjKi9Umod2eyy6dbLHUi11zJpoTQRZEsqnArvptScSK0fOvSfObq+Cgmvr4+iX2ZLii6GCO5XxsK+g4EMMiSjbmlFpGcLTu7M1Enb5ctx5Knqcol3eFdXU43YgczqczcV5ujy1iiJs0czUnu/VeO9YbEhVmvxpboz2FMq7DS6bYm4qrVFjnVMnOuwjZBk4kRwlErbgSdZFN+NrpUIlzpLNbgjRXKsnZRcWwlEUozIMkKM0VElZJLLL86891N9vLtMK9GmzTFnV5c0v43V6J5Tf6JnE4nsfMLxYuJmmDKkB6nphGLOBRwQSLC3q2gYsoS78gWZWCwsBPY+wA6FgLDngmgCM9oVZIBRAtuBUwklaAkFTQBACpgSmC5qQS4CWCCrgEtkBXaEX0hRYA4gTQVXIIXJCvl0QlruC3oRCXb6AGdyCFADL5wF8xAK/8QALxAAAgIBAwMDBAMBAAMAAwAAAAECAxEEEiEFEDETIDAiMkBBFCNQMyRCYAYVNP/aAAgBAQABBQL/AOHZL5se1/8AxEiXxY9z7v8A+IkS+PHwP/Du1lNRZ1muI+tyyutZKtVXaqp5/wACRLz+E/8AAlKMVqurVVmo6lfabsjfdSaKtXdW6usWRKOq02FdsZr8yXh/6GSdqiazqzgX6+65e/HHbSaudE9LerY/lz8fOvavym8LV6+FBPq8279bbd2fux2T4I4EsvQzsqnTdBxVsGLn8mfj8N/lM6lq1RXbN2S9zXZdn2a4Iv6neVKy+d8fSdWsvpdfWLDR6uGpj+NPx2x78fE/yrHth1K/1r/axeZeEY5a2jeTIhrkp4lqdUpm9mRPD0uqdWop1lNqWH+LPx+A+7/HyWXQqV3VDUdSvmn74LLkV/cvumv6xFcTGZNEniPbHdSK9bdUaTrBVbC2P4U/8r9X6w/i22S1mpM89/2+8OG/NZn6pP6WVrM7ZqMa3iBLn2ZM9s9tFrJ6V6PVQ1MPwZ/iP8Lg9as3Jll8a4ynZqSfp006nXymvavPkfsT4j5lLtU8EpZe7iLNrGRRg4OPbptRKmWh1Sur/An+I/wZS2qO6+TopL7q9KS6grLJ9Tk3fdO6XuRFkvdj2JFcSWWShgipmy1noTxsx7tHc6rNNcrofPZ+I/wdRdGI7rbDVTuiSlKXxfsffAomxnpZJwwKGSNTKdI5Feiw9Wtk8lU8OOp2lspslMz7uk6txcHlfNP8R/gau5U16eh2TvsSlr7fUvl7kIx7oxyVUORHRi0e4WjSLNGsx0JXpUpKhZnFQjrVumxPBCzBOW5v31T2WdPv3R+af+Jqf79VGKS6lbsnYsL2wJEGPx3wQr3Gm0rNPpcJVojA2jhk2owhIvjk18UiUH3SybGbH2z7elT+qPK+Wz8R/PPiOje/UTnsWp1ClqbJbp+2PAzAn3SKNO5Gn0hTTtERF3wbe0kautMui2TjhmRSZljyjJx7IycX07V6jGn1Mbvls/Efz6x4q6dPZPql6qqcs917aWmWVrDXZGl07nKinZGAhC980XVmop+q2CxKJtFAxCI3EePd0zU/xrLZw9WqW6Pxz/Efz6nmVf039V1Hq21Q3E/u92cCt4ZgojmekqUYsi+ciF75Fhq0T5JZMSY4tdl785WnscbKOa/jn/h3P+zWP0CT3zUuH8CMCiaKr6q+EIyRMmey7Lsyw1US3zli3Idial8MfPTs/wAf47PxH8rMmrlst6hqHc8YVdW8lxL2owJEYldOSitRI9twuSIhdl7bUassfMpGTdgckyWPg6PRG29fSvjs/wAJ8HU7Vbdcs22ra9LHbTb9/tQkRKolUBCZv7QEIXZe2XJqasmoq5ccSMol8DR0u309TF8L47Pmf4mvt2Uyo2U6fE79Y4+rH1bVODg/YhERcOsqlxnjcZ5RX2j7F7ZLJfRkv06RKKJxwNr3pdofd0+z1NOvjs/wuoW7tRq+oSnGEZWSv00qV0zb6evSWo9i7R7VIhE/T8xIEeOykbh2E79pLWpENVkjcKaY+zWS6nctVpmSJxw/bgxxjt0iyPpi+KzuvzrHtrjVLVWvpVddNMWrNc5ejpcRWtedR7EIRE05BcY4ksCKe24lbgnq4pXa7l6yTHfuNOnmqvJFYIyM97qty6hpXFvkxjulkW2tRy3o+n2WuNWlhDqHT4Th0efp6oXxT/wdfLGn6ZHZXd9UXDbdP/yKPUfp2cy9n6EIpZXPhPiwgQeB2I1Wt2lutkyVrZlshDJCooRU2biDF7L6VOOuo9K2yL7p4K63ZLp/T41x1Ctsb0c0USdVusp9DW1S3R+Kf+D1WX0adba75YhdU65Rk65ZVY/PsXhC7RZGwhYTkReD1eL72WvLxkUCMSuOSjTyIUSPsFJSIEGLvg6npVZF1fROOGUQ32aLQRpVksOrGHHJ1GGyWuh6ug6TqfUh8U/8G/8As1SLfqdtSnVH+u/q6jva9sXwkQRgwRZGROZvHJ5s5HFtxrwWcGSGp9NV9VsiQ6hqkodVgyXo3FfqRIMh7NQsx1Edk9XDkrliWl6h/VLNsqGoRXK6nH6NudB06fpa5ePhn+I/kbwtM9+pn9JVFykarSbzVKSlOWfbHxEUkb0eoj1CuwcskRQyKh49HaSLfPbSWqqzS6v+VB6SucY9PgnChxI18pexnU6y/wC1ieHVe81aqrbp82OvhdRjmrS86avSt6+Pj4Z/4F//AD0sPTHHe8cYGdUocifEvZEybjPZMUsEZlf1S01GU6UldXxqYtEkRXMkRWZdNr9KqHK7r266Oa7oEvOCKMuL0WuaNPqsk/7K9PHaVU7bPin/AIGMmznGO+Mmqh/VesWkvdj2JmieZaNLEkSrNVRFw1On2iqeVXAqSiaeRCRHuvbfzCxfXqY7ZwjlQi4yel9Unpp0uq2Sehs31Y+uPM/in/jXLdDWpxvP2013wY7Mx30ksT0HMBlsMrXVSRJvKbK5M08pMqiR7IXd9p+NbHbZqEmaV4np1WyiiHqWaeMoamj07emx20/uH/f4WS/Ef4fXIKOpIffrue6QzPapKUraYxP3pV9egf09sFtSmtV0/l0uLqr5qISExMQu7GSNdWaiJS9lmm9OdVCw/wBT0u+yOIRFB+p8LJf4cuD1Eb4k7YI6091wvu1fMe1bJ9mIT+l+em15lpfK8d5Isqix0o29lIhIixP2Ptq19OpgUcT0enXZeJiRbZGBHlfFL/EcUz0YCrij/wDIIfTXg/8Ab71JYKqo2USW1+TwPkURjOmfZpfPsaJI2koEq2bSJFkRMyZ73LMdTEnHEum37oNkfDLJqEdTqf5Wup4r+KX+P1Wr1NN4a86SlWrX1ejdoa5Y1GldqlB1yF2l26fI0kfc+7Q4mBEWL2zXGtWDZuNDptpGODwNnWNbl6DnWR8fCyX+PZHdDXVenqTp1q29X5t6LGMpW1OmWurrtqxhiH20C+vTfau2TPZ98GCUTAvdLxq4ZIQ50sjI2dU6gq4ylufRNPusXxMl/jyeF1Z/+SVzcJX3+saOz0bdPbDUVdQ0q2T4Yh9umxzLT+B90ZMme7Q4G33zryeikfy/QvjrFJdR104wlJylBfV06pQo+JkvxdHqFdX+DLx1KH/lY5UMra86HTTmaaFtFln9lWtr2XdmfvpvBTLiPPfgyiTF2i/Zj3smaulvU0VYXWOGihZuoWKfiZL8XSaydc9Ld61f4PU6v/Mori9ZOqNWo1ij/I6RXihIlE6vHbb3/emsUTT6nmu76d5qOo10k+tPNPVN7pe+ODHZP45jrUpKOF1tfWdG0/rXrhfEyX4jKralR0TUZ/C62mrdO8azq8HEcpXW6OHp6c/fXKs1+xcEJ4NJqy65utaTdOWhhI03Toxda2rPZi+OZDy0ddiUw9SzQaWOnq+NkvxGbMLRW+nbTPfX+B15P01xbrNRv0mj+jVRacO2vhvo1Ffpz75FLBGzmnWuMa7svTszgTMmTcZIv4WTZDydajmHSNBtF8jH5/Egz/26Pdvq/A6tDfp3JRnTbvs1milGOm12opjDql8zSWXWuyOYdRp5fD9sUxSaOnTlIiuEjBIlLBXLIpcp597Y2TK+3UF9OladPySH+Lkxx0q91XQluj81l9dZ1HqFcqpZ3afTquqMlfF6V0zonDvrKt612mdcvboqvUjdo9p09+kfzIJPXQP58T+bWX6mvENet1V6mqJe9skyTyR8I1kd1fT041fJIf4uzl5RGTjLpV/qU/NOmEz+JUdZ0WV0fUw9OM46e2ucbI7Y98Gq0sba9TS6LezF50epVUbdWpKcz1T15HryPWkU6e6+UOlOJDTyrKJYIvK9jJSLLCl75Y7W+NP4+SX4s5qKi2jc85Oi37LVyvnaUjX9K3Sqr1NVlUbUU27vb1TSLUVTi4S75NxuMldU7HpemORT0+uCppUE4kom3BBme7Jvi6zCndulo4bY9plfj5GP8OcsLUp2Enue7jPFE9tuknvpf4OO2F7utaPl989oVSkVaU0lUcVxwcIyNjGR9jLp8ai3c9JRlwWF2kVePkY/wpPCst3OEcmNo5ZbeWdDu3Qf5NsVOHUdN6FwyMeaa4m1JVJFPArEbxXJvPdGO99iirbXN1180xwIz2kVfLL8PU35Iop+1eFgocIk8OfR7Nt65/K6xp/WpawyJXM9Rn8jafzCjUtkZORXDmK9m4ciyeDUWuUqqyESHAu8in5Zfhaq3CIkBSTJbSWMLGNA8aivmH5LOs6P0p9lI3M5IrL00CpMrEvbZPBdqNzoqIwFEXsZX93yS/B1FmyG/c0VrJWvqpqjJ2RUZURjKdyip1y2WdPtVtH5V1Uba+o6SWmt7JkFkqrNPXxBCMj7Nlthfbk01fMYkIGOy7s/9/kl2XzSeFqbd8o9qV9MOJRyQScroxiVxjJI6JqOfy9Vp43w1umlp7e1ZWyizBGxCZk3DkTmaq8qTk9PAhEwYJexn7Xj43+Bq7cREhcuuP0ye0hbxKn+uir1Cf0y8HT57NRXzD8vr0PoEVmSqwjZghaepk9Qlbg1OpIrfKitlUSK7MkY7skV+PjY/mslsjdPdKPLZTHmC41q2wsgomWzmJGvMIQ3yr/ru0c99P5fWY503aDE+E8EZkLcCvJagu1GSPJpYxZXXxCIu79siNuxp5XxS+fW2j8wR5NLA8Gs5q/QoblyOMqzk6Nq8NPP5fUIbtNLhiEzIpHqHq4HZkXJRSaevBUR9jH7JE1koucSNsZfFL5tRZshZPdJckSKNPEwar7HzE3PCqntW6Q2yibrs0VnqUfkuShHqXVUSeX2ybjJntXDJTpimraVxIoXbPbPfPZki2HN+mbS192nnptfC1KyL98vm1luX5Io/cFzQM1b+heP0Kc2vqrEZ56JqFs/HttrrWp6vCBrOo3X/CjT/dp48KJHgQ2bjcSkLs+7JE45ho9uzV6SF0dstHfCzcU3e6Q/k1M9sLJ5lE8EPNaKSaNfxBeCKyL6JWWOb3ZRpLXXbpblZV+JJpLX9WUC6+d0s9l8NcsPp96aXj95HLvjsh9mMZ+tHZH1WjrNf0aaX08FcpIjPd7JfLrZ9oDKlxX5qJeOo/avAm0PJGf0UuKJYbjjHRdRiUfw7Zxrj1PqLueflRprnXLS6pTjuHIyLkS9zH2RS0tSdWWa6lhIhI3vdG9xI2Rl2n8l0tsJyzJeXw8bo18JcOjlSOo/YvHZyyqmlKbTm0u3SoL1Y/b+Dq9fVp1r9dPUy+dFFrrdesI3biHKSF7H3fZFU1K9eOoy3TrEIZFqRhorukOSfya60ZB8yjk0suXDBM0jyp+Nb9q8dk8Ly7FBLBg0P0TolmHz6jV1ULW9WlYTm5P8BEUVLmp4ITIyF3fsZgn9ujf9109lcpb3AZEjgUEhIlAw0b2hTT+G6WyFs90xRIM27XTJWRvrwtHLDfK16+leOyH5UMxisiTZRI6Zbuj8t+rqpNX1eUiyyU38i7YyNd0QIIqK39UOyfufa77NDJuWttyMiY4SIReUNDyKbJTQ/EbGiNpuRn2667svKiKJUspJ12f9IV5hcvt18foXj2RTkLh8xKs56fbtsi8r4r9VVSazrDmW2ym/mQu2029kQKyHisTwbxMT7Psh9tanKvTTcabJYK+RIXZNI9RZUsnGGOKZtMI2o24EmbjcZLpbIWz3SK1zGJGOVGODGVVLY7Ybih/TrFxOLg+7I5Gmm8sq5VT2z0dm6v4L9VXQtX1acydkpv8AAXZCHEa7RZXMVhG5EbclcskRdpeERH21qlIztX3OtduESkhNCimbMHCMZHwLJyZkb2KzA55E0+2qhOcZQlEiiKSEyDHMjIkyu3il86tZh1bRctNd0J4cm5EHxDwdNvw4vj22TjXHXdVZOcrG0YMdn8C96ER7SRtNoonJGJXwVSwQmQkZGfuLJMstLbDOSEBdnFSI1RNsURH5wYNuTZ2wbjePkXeUFJX6bBBMa4qj9NqacJPG/iTaKNXizPqVSipK7Q1WLqOjdDF2yRIdq57JaK1WQ9ms1sKI6jU2XyePc/wYyINGCS7LtkixTKrCp57NjnhvUKKnqckryH1EKxdlgSRgx25XdmBoSHHlRMc9m2QnzHDLKlIdZHgeGoxHUTgalbJ9Ou30dtdT6tWorddnesgYMHSp4l2uthUtZ1RslKUnLPbI2+zXfBj4mvZkTITFah8jyZkb5I9RnqTFbMqnZnT24T1Kw78llo7BshBuVVOCK4FHI6kiKwIzE4Jd9vbA2LkSJbjkQ0Y5SP1wy6HFVvMWZTHHJ1Go6de659msrrdO2fZFZAx20UttkXxrdfGk1GondIbM9sHPZIZnvtGjabTHfAjBsJL3RkJiYiMSOEkbjfwrD1MDnzBORCrLrgkRXZ18Lg3qQu20wMccmGja8DRgwZHI5MSHki2byEkzamOPF8XCyqXAjULMZ/RZ361H+rsiBWfplcsS1PUJbHubztPIjaY7ZGJswY9jyc+1YJYRGQuT08kqxxMMwIiIcsCmRmjehzPUE2zkhW269Plxq2m0wTngW6T5xgSRwJob7YMYOOzXbHbaOJt7IwYEjkjI1FSshXmMo9p+NfDbPv1Rf0S+4RWQ7MkzCJyGRXbkUcm3AsEjBj2ZH2wY7bRRRKA1ghPBGxnk28uB6Z6R6Q62hwNhtYos2sVTZXTzGoVZFYHZBKzVIjfKRjcV9uO20SH2289svGe365Ipj747YZyRGhmpjzRLK7dUr+heO3UP+Fn3ESJHwiT74GVwyOOBi7ZJMWTaxrtgawPul2RgwbMk47Soaym3EheepFkHFkcGzJ6PLqQ6yMCNRtFEwTt2jm2NZca0itR7QGzk5F3TYs9347oyMYu2RYxlGORlkcxhw14NXHdVD7e2v/4z+8iRIjG+2MDERfDYyPJgUUSikIwxxbNgoDgemiS7pke+CyGTa4uBKvcSqaIpi4KyBxj0lI9BDUYnqRHbEd560jmRs3EakhKKE4mURmbjcORuM5IjZuYnI5JTkKTG2LI5NEWzkZyZP3nghwZ7NZW3mJgtj9Ojlvo7a7/jZ/0IkELukYyPCP3FDEsiibMiikTwVsYyaF2/Uuz4EJEUbMEe00QiRRZVlOtowxJkdyI7yDaMsccm1IZlZjOKN2WkxxZGJgwRwcHAkYEJn6TMmTKG0bzchyR6hvIyN45ohgmhIUsdn4UubHhu1ELSb+nok80dtV/y1H/VMiQRnJ+o8mMHlzwQ5lteH5iJcqLw48+kYw48ksEjLOWbWyUB4GRYpCM8Ph54bYmQMZJ14NptQ8CybmQl2aybEekjYhLAmbWxLacbRGTKIyHysMTZnJ++zXCRhZcRowOOSP0tvJtIIkjIuRlstsYywWLcramOUq5U27o9Cue/tqFmvVL+5ETwodoE1lftx+nT+c/TOJCRGeBTk1hkmfuPabG8iyYZZA2Gwwsfa48iwbEbR47QYu0oZFUOpZ2owKSR6qHYhWod5vyZbNjPqykOIon62m02iyIaEhi7PtgY1k2n6IpmCESaP3AZfNsr4N39dtjTunuNO+emW+ndF5gW8x1623kWSf01S5IcE+e0uFRyY+m6RW+VIpZYnhJlnBVyRSLkjgUuXIfjaxIUCxIg8EUjgksko4ORNkFIw8uLFFjiekbCFZ6aPSQqln0kemkYMd0I474MGPZ4FIbQ2jcZQu0yLFIUiD4mzPNaWLeFMjyRX0WxNTE3OJRxPRy3Ukjq8cXIQzwVTyQ5bg9rjzM0rSMtqxD4dMliqRu+llhCSQnxLk2I2rO1GES47YHA24IYwsER/azwJvPk/SMNvaYP1FcqJtQhYGM4JeN0kKzJuMvOXhyIs3My88iUmbXjaxqRyLklnOWRWVMiclR4VkitkC1uU58EWsx+y4uLfCOiWZrGdbj/AGds8si8FEitrbasu7g0qLfDTZZAplh05aghowjb9cUSNuT0xQPB5GhRGhxK0YIvBuMIk0ZwRtjn1EKS7bzcZeFuzmQ2xJs2szg8mBcHAoowQjzPgxkwRMdojMkzDEicWbXmMSxYG+IvJBD+29FUWJ7YqfM25Srjyvtlhl9DxcsJeOj27bu3XIcdl5eO1U9squY2KKje8vSmPplw5E/ploriHKZYj/2iYRtHEm8OMljPLZmQ3IwxPBGZjtFZJVocBJIjtYkfox3yYy+ENcbckY9sdkJolI3G8U+ybQ2ZOTLT8r6htosseIzyRzicyTIS5qZZ4f1FcXnUvbCvlS4K2bjVblGjV4LVXdD9aSWy7Ty31nV47qX5I+WuzNJflNLbqjSEOVeknIuNF99K4wWR4mlmMsErOYzHJsa5x2fAjwSyzaRgJG0ikOKY1gYuCI+zUjDRjI0IxltCRHgwk+DcsqQ8EiLPJwLtIiN9ovlsZPxBc/qcubZkJ86WeS/lQyQyaqe+VK+mxorkipZlqo5hLifqSiv1Hz0mzfQayG6m+O2wj5fhDjxB7ZUy3LVQwaf7q1xfBEiZp57Z0zcltkyyL2yhgwTgiODBZGRGMspIe0iiSwZJctcKPgSMDQ4kYiMm5G83G4lI5Mzz+l3/AFtMo4ZsRhCwcEWjJJkWZRkUkbojwTwRwiMky7bm6dZVsKduJ5ZBEpbYwzKb+mtrLhFIqLDXxxa39K5WcHRb3GwtWYa5YvIeX4/afE1h6CZqYNwo4sr+20eEXkX9Wja27uJFo8j4UWVzFyWIUTaZwSw0ZRw0jk5GJGGJCFjCwfSzgyhsTNzFaOw38ZIyOTDFWyKGIwJDMCiOHMYnppnp4MPF2SGRJom551aKPug/Tqrvk3GbNRPhTwb5YKytlnnqL/ufj9YNPb6dmls9SqXK6rxqCPl+P2iXJTN12ffVt22af7dRNRJPJZH6XxLQvIlwWcjjzauIxIYI+J4PL24JxRwjejgzHHqLO7JGwm2KbN7MtnJBNrYz0xQRgZ4G2M/UWZicGTcKbMvsueylg3GSLJCEPtPxGPP/AKyyjUMp++6eK6cZwsX8umCzZy0sNeKS2SRb07+Q9XpZ0C8ZF56NdmNjxDXy36gj936msOPhjNDdlXrE42cSWU1gnnE+JaCX0wf0yeCXI0yUWIi1iLHyv28jyyEMjrwPgUdy9MXnjc8Y/eCI8Cbzhj5URtGcPcbu2XjnG5meVI8kRp9ovtgSYkxLsu7RNEPP6tNTnOma33y5o8ynh4Tb+k3mSPmuRdnOjX9WppU4LwNnR57b9dPbpZvMj91cxujyiXgpnsnZLdHTQyTikrGWMl56cyGMOUSW0lLBOfDkQyKMsKHGMNz4jLtPOG8kI8bThOW03Jm9IVhuGLOcZMbXEl5GskuGiKIjSHFCwRwbkk7DcJmeyyNyNzNzItnJlibLc4rby39N241MjTP+yx5tg9sYvImNn72cb/qqWR+dK2ozkz9GDTWenb1K/wD8TvRIu8ifD7Uy4omJ5V8ME2SOnv6q/Eo9rVwluTghcC5jz2+khgeD/wBXFkM48GOXHIkbTAkYIRRwiaTUGhrJtZtJxFFkfPA8dkRwMSNpFI4ExMybkZ5ixy53GVj7j7JcSWpk4l83J0cTxmUpMi+D9yeZeFFJuPCZo19Moi8doPEtTf6sX57UPm9cLs32X0ypZCWFZyWkmaJ/XVLjyWLBPlQiieMvxT4kuUbXnYyOEnPBORDlMYu6RhdkzJW0S+k9UeWbJ52TPRsx6Fh/FtYtJYfwrcrQ2C0Nh/BtIaGaP4bP4R/BYtCfw4n8WB/FgLSwFRA9CB6ED0YHpQQ6oMVMESprZboKJj6TAvpnQafntJ4EKPMir7pP6d2HommmLt4G8kfD7Mp4lOO6p/S/IyHm1FUykteFcM0f/WuRFlpLJntgrJ5MyOcNMhAsik8R2/avVHyLy4yxCuxi01za0dxDp8xdMZHpiFoK0fw62LR1IVEImyJtXbHbHvz8uRjXbrWp3yitqUhyUnnjOyMc2Ous4QopvR4TYvB5EhLifD7Lzp3mOpWJp4M5P2vqiuJ12DWVdwM0zxZp/GCXieDa8YfaM8G7JJvcq5M9Gwhpr2Lp1kj/APW8LpkBdPpI6WmJGitHpoUDHtbF7MmTP42OzRr5+np3L6uWSfFcWIktxXBLt+48Gmmk53ZF48ngXmHixC76WRqocd6WXL6qpCsLR+avu0y+mBZhDcR5Y4WMho75FfTWyvQ1xFpq04wijC9uDHw4/PZ1y3FUUSlhQ5K1HFzUSMsiksLsvFX1OKwIz2iQRb7NO8Skt1dsdshkfMlurg8NMmxkPOhpsshDSTLNDuK9DXEVcEYXvz+Bns/yd5nt1ue67fgT3ypqWJy2Dk5tcEee0fKRHiW4XeCILMb48CGiLw9LPdHWw9lUixbZRkSeRlP39Gt3VxH3ZkX+hb5hMc/p19sZXSe4qWDc0m+Yo4INdlwR5Uom7hLuvFK4tjlS4cR9tJZiU4qyu6vZIYmSW6KMiqyLh9Es/tiMaMezPbP4D7SExmTPdfiWoRrJ+np7JOU64kMYnI5Ip4WCuBtblGo3JDzJWtxl+hCKC3lWeSHKnHBW9stLapw1tY4sfZMxzTVFRuGdJljUVvh9mP4cmfjz2kRYzIu8X+JPt1y3EIIRJlMHIVJsWFDmEMG7B9xtEzqMMeyJR4kXLtGWDypLBRY4ShJXQvq2koIlHvpZ/TcM6b//AEVeOzJG7ncJ+/PzY7YF3j8D+Bexj4Op2erqIpDWF5dT2krOK65TK4KCkxLLS7LBrnH0F4iiRApXDRqFw+0GT5Xg0t2x7o2V3QW5kl20ssSsH56f/wB6J8ZEyRMkRF8a+KSylnsu6E+y9i+BmRD7M6ld6NGcyzgcnJxiVx3FdMUOSRuIm7BGWSUkjUa5Vl2olYokVxIh5ofGSzksjhkSMcq2IjSXcXVKasrce0iEsPOVLzoX/bpZ575JEiPZsXZe9fA+8he2Ps47L4H2iPtKWF1S/wBW7aSZSVwlIxtFPBObzCYpE7CWpjXG/VTm85H4ijPEiHmjDiolsC6BjtTMlBNWQw4S2uq5NW4krFhjK5cM0n/TSS5T7tEiPncNifZe1fA+zMiJci9seyH3XvRLsjI/HU7nXTnL3Ci5OmGCNu035a5dhuacrsKV0pCi2WcSJeOzIlPEVZy/qjbBlnDFw6LE1dHJJEPMfFgxkXgyad4s07+qHKGx+GRXZkWJ/Gvg4JeU8+xPsn7F8D9kvt6xqd13MirSSxlRlO4WSnk8KViiTlvfozZXp2eng1ccSJfb2ZHh1xzVhldjiZjKOphz2rI+Jx4ksOmZZHJLPfJRL+yl4dMvp3HkYyIzJj2ZM+1D+FkiMvavGRMfZfA++TWS26d1KU066o3Xuwy81VjRCSiSucirTSmLTRR6SNhKJ1Bdn4Xdmhl/W61IlThuBb9r8kXh1zJssRF4ecqfsr4nW8qj7F2kTKybGRkJmSQvZnvIXsY+yGho2mBiGRMER9o9mzJnuhmO/VXjSqbJzbM5IxIvBKeSnS7yrTxglHHdk0dSj9A/H//EABgRAQADAQAAAAAAAAAAAAAAAAEgQHCw/9oACAEDAQE/AeB6aQXif//EAB0RAQABBAMBAAAAAAAAAAAAABEAAVBwgCAwYKD/2gAIAQIBAT8B8AWs4EMAGjzaiENzDAR20+Gelu//xAAwEAABAwIGAgICAgICAgMAAAABABEhAhASIDAxQFADIjJBUWETYCNxBDNCgWKAkf/aAAgBAQAGPwL/AOm3tUF60uv+sKaWXr5JTf1RyWTeP2KZ2H6T1OckOFFZX+SlfgqD/UMPjXtVpiXpQ/pk7r1oC9jGqyHjXtUxUVj+kn8p6jwAad1NbBf4/KSorf8A2vcL1M/0UlH8ab5nOyagYRkFQgINVKj+gv5Cv8FJP7Ro2130vWtCnzhPQX72Vg8AxVLH/wAiqFg8YAH6U6+EI6cbJ6d+5k2cqfTxLcUrBSY48jO9JQc+3b+xalTSE9J/9J69vwvWkYU9R4/q62Kl84lAjtfYr/EGp/KeryFexJ4O2dhbdMA5T1nQwFP2ZP2v5fKhRsFHxHBBZbJlteESUTkc6AKHZin6FjSN1+9fbR/S21R7dkSqyyLqqsp9XZDgb6EQo9gF+Kvx2EKqlEfZ0Z4+6+Wh7/Eqny+E79gAqkw+lKjTCHMp/CpPXssaNTas68ZJpW2iGVOLr3KYfFMj+uftpe30mHXiilCgWc/aLcsxqh+vYblfyVfJYvIQAvQuFhpchMepD9c31Sv4wITBA1JmVTc0pjo/dsL9aSq2RqqmpeqpxqkhVcPdbplCD1Z3CY5f2oCFXkilYThKPk/4zf6WE9aV/tEKpvpf6WEfXBanWMZokrH5N1h8cUp1hP2qfIPiUD1lNI+1Tb+U/aIp2qVfElQvivipGg/2iLgFApripCr7CwHcdYKfwmWFYSmq2QNP3wpvAUBPV4iybyUEJ/FUxUyM8pxYFCkhfpB7kfpN++sqqTo1lSoTeX64G2bEaXTYWCmkL1cJnzvkCAG63ixTIkfRQ6ohHLjaNYaDBTvpnK16qVV2NSOqMmyhTaBqEKLbQnDBRkPYkKoXnSCGSL7aji8hQmZMLnsnFgqWzsSoL2CGSQnoTVDVezoVU73epMLO/YfIKJTsbBUcGdf22WKnZM2Sex2XxQKmwFo+XOcJshJQppMIDsj+bymCxUn/ANLFQmqzNy/4/GVT2ZBVQFmeUEQsQHr+FiG6bnmjxmUSftYz2hs4TlYxsgRKJojmmkqE1KerdB0G6EPvwzdkSzqKSBYjmPYWpCp6EH6QPDwkJgEFi1JK9aEzMn4QtiOw6JsPssD8KmoIFUeWlUqkXxNnYr0lP5JXqE/DdClBujBQPBpIVJ+0KTT7KnGECLkaDLfihfyeQdHKhYeCVSVG/wBIVDdMAagF/wBRT+QMLtoDiAqlulH4Ua/vUEaPHKlU+aiSgsVAen8L4scmIbZ3UrdRbdb65CY9GyZBNr+wUUBY/GNkfF5inoqekp6U7TkIRpq0Yv8AYCd+x9jZ7MeCxWPwFih/JS4WLxQPwvYMcrgewTHQgL3Xx1GHUOyZrUlUnlfy0Z5W2rCfqBaLYTyjSV/8csZW0WHT4acvuEWEJuXip3Cb7zRd9BqVPTME5vNotShy/wCSjY8DCE/TzkkpgvdeuyBQ5ZpqCMeuswTnrZXqVNsHMIqTHUYJ+nbNssbqSsINqWQ5gOm1Knp3T5oKZ7YnsFT00KVtqSnHKbMbumBTusSwHmVI8hiFB5LnMU98a/KZAhA8p6iwRo8PJBxMFi8NcrD5XtvzDkwg2m2E8h66k3iDpjA5UpqSi4lN/wCKCY8s5XKawKBHFc7I0eGSnrOq3AqpabCpDiRoHKzI4gothJ4mKossPjLU8DfXY0zYBDJ7KNYo6ByyouDw93K3anoMNQkWbNCarVYZMJynN673BQ4HtUjT44pTv0JFYlEonRnTORxlOZ3yNre9QdEeLZOS/RGVVjEhYRoyFso0cOkdF9X2qTeIMnqL9IcJlT8k51NtB9BxYpjl9VNwho+1SbxeoT1F+mfxm07X3yb33W99lstr+q9hoMb46ApGSE5TXbO9ZZYfD/8Aqeo9PGtut1vnleqnOxtK+IUCNAHNu5T1GPx/QJ1SEQdBrvWUafEnqLnoftbFQF7cPfVlQmOR031kxaTUSU9R6HZbL61d8++jBW+eFNyo1cHjU9XtzoTHI+Q6EZY6SckleqnmvkfIUczc+b759rtbe0jlRnKFyj2EKLydeApHEpuUeo3W6+S3tJybau2lHAY3KPEi2154G+nvz3WyhbrdYblVaj3hTwJyxobX2tF550qL7qlA2KOlClMONsts+/XUlU9NtaOBHD30pzsTpSotK9btaeJHFlQtuLKfJKcI2a75ps/Bm0XnLN54ccwkJqlFggdHCbRzo6Kc7KchRCi4sURnGjveVvaLz2UXOTbIb4bFVZ2T3m0Z50N+rhbLbJN5ytkBCFViBnfLHHjPvn2vHHFo0MYqZH7GTASiVUdDCU/PjowLNokEZajpDXk5ptv1jp8j5dsgVI/OlN30JvHDe23KlQoU3FIyydEOqRxoywp4D2i3xK+K+JXxXxXxW15vut8uy2Wy2Wy2CgKaQviiaSi9MIk5ZtHUbqbbKAV8V8VspXzXtVaQtlAW3N/ioyMMu3DjWZitiopK2Xsy+SklbL4BfALZbdNUftEmTd7b2i8r103yvpQFFJWzL3qX2V8V8AoHX4VNp6CVNSmVAW3asPrLPDdsjZsPcuVV0D2buSUdBgF7KLHVfN+bjuRQM8KcuLhtcIdx+hmna85Dxh3B/KfLKa05GpkoudZlHf4XjU3j+nlObRli8KdedIIdthGwUBYvJATUpqVOT1U6k64Q7Woo1VF1AX6s92oT1rbTbghU9qczAJ6jpf/EACgQAAMAAgICAwEAAwACAwAAAAABESExEEEgUTBhcYFAkaGx4cHR8P/aAAgBAQABPyFa8VxPjQ+F/iwXwz4H4zzvkeBEGvOE5TmiYFohOGhf4C8L8WBL44LxfjOIQnjPDQSkHozSDXhOC4hBIQREaHROHxOUXxnE+BcTleUEfnEH875Q1xCeU5TAmTfE4aIYJxPM/wA40OvCczifKiC4pfKTL0K9r0mby/SG8IFqS19mXH0ZPTrXo3ykvhhP8LTgg0QnDXM4bwUXjBMHXhfhXwr4XpNF7Lv80u1d+B0o37EP6PweRRkz6KJz9ZEVF7QsSbC2U/Of4kHxbD4fD4e+GZI+EQSYkNEHoQxeE8V8iHwj8RCFrbevY6aFfZIYC5yNkJysC3cLGnDMD9B5Xfivh7+L+CLyMfDIPho0hEvEJyvLWDQfD+WEF4rlAWk19DDCjFNX0P18tcJEXFKbI6jyI2z12kwVdMwGQNsj+jLVj8Fy/wDCHzCcwaL0LlH6j88NBD8p/gowX0SDfQ22N+xMZOVvieDI0xsjdUEDRJH6Hp6Qy1fsxrztpmWn+4QkX7iOpna465f+HPfwkJxSD4YuNBeC/wARFw0h2RgfvKJngmHFk4KJNpkXqpwtkTPoha6nRFhPQ3vIlbM4hCXsH0j2TGyMmv0ng/kviPfLnEITxSgxrHCCXGp0Lhi475nlsXixtZtEqV+lU19oQ+ER+mZPO/BLA8PkGxDIQnEWh03MdIV/ozYMULhfYjRWPTJ1J6Ep/wBBEt0+vjnihcacYIQSH4TicvQkNcvT8GLhebXM8W4zaIzv7QinauZ0ITazwKeSnZSEYSQnsmeBuFmWKl/TM/OD0IQAUw9lrY9b5zRclfQs7M33uhNYvZDJ5XwnDFzqNeUJzB8LlkojQWvKfG2iyxpcSQVPA7N/ggrQ69jNP/5DHWf3G3++VKHnFg3WaHA274UrbNiPUijO7oZWFdISompwMvZCGtiewieHmnivHQaJwh/I0QhoLmfKpjYjFPQIrY9ihowQO50hOoJoYXn64vE5xZK0pvh8IQ8iFiLWUQ24FdEM7jTwFmf9I85EGEMFLw27So4jryvGvgbH+A1zo1Oub8f6O9DqRMJH7FWJ1GZ9B9+UpBEFgJ55JcLPCEC0rUK9DNEVaOh4Rr0YQnb+zYMvwm/WMT4K9IW9DCIWcLYp6BC/Fjwvi/PBD8J5QaNBa5nlPFZGkf0M6W28ISFJO4KZVwDV+uFz0MJVgYo9jLw7QfrA5JAxbAowHwUhJqv8EME4wH9ILGKHWHUDJ858HEpStTXyPxMQ/FEFxCcPwawInwPxx+CNG7sPpCJnzEff34I6MkIRZDwGMVFTHtodaCqtCyglDjMENYJQlOiqIq5FGBR5WBxOF9cBu0NI010ypkvLGJWEehot+CGXwXinjOF5Ma8dPjhOW9Aj7BbEsTgTxUtF5tMZPBqKb0X0MTG6Ma2OVkJ2TogpFyMZkKBrBuo4bapRWEhmoSdP2LPAbx9mSe0VtDROLR6+hnJ2E9i6adt8i4Uc8ex8US4fnodfM1tZZRdvPGAZsbGN0NcpjiDQkHwlFbAlGBEnry7FzZFKZrsEn9mTA8ivRCUzbJ/Y16MXBS8pugaiNoTPc+a1w/JC84RCRHXnPJcGyWkK6oXdEKky0GLfghM9Q1y2ZMYzQcCI4O445RcIWeNS5kZW0U2WSeEPqG4RBpsw/Cn2PEYtLsPCymifChmvM5YvifL0LXxtYFxj9jJfN6OpzFphq3xPBcIXBjYlqzizQ+KyHFw3guDFETUY9WqVWBscG2LBIAmcB/hENeC4RvuUSFHhczynOn+C/B18pBNOI6sDDbsc8aC0Qh+CCGYc2WKkLA0GIKcORCE5fBSbF17P9oq7FDNGxwS0U68EQWyVdAjr/CUflB8Pl6OuOviZ3joO8lx6JiuULZNRsnvZ8ZkWFBa4UY2CzoSiBOs04pRBLkuEKkIm5SWYOD9Qlbpm8MfgyizogIcaJiGr6Y3F+NBeS5XJcQnHTFxCfC8oW70SK+3ms+5IYy37BjVXpfCFCg8d4S2GwqFiVCXBC8CQxiUFK8FFtIt6pv44OBrh8u2Ot5MUa6Pey4LxfxETmCXN8mPQvlnpkJ9JcG9NFj4fQ9JaOhF5XGgkYsWRDHYNFmHXYqfBccCKEJ2ZoGYcaKbh3BkhikLGBFwtCM3eE+LqpaDZKyPwV3oeRMuNeF8G3inxviUh15wnL4+skMhO9mhyp1O7BiUuKJovF75QtiY5aG+iiGYqNxKaeBskITJHJ5IbB76kVLY6tQbRrJ8MetmfEqEswMixWnYOg2UY0QlDy4+2P0f3R+N5mALaD2LjEqaeS56NzrhfA14dC0NcMevhfK0Y/wBiUtbCzexC7VtRU6JYCqX+xq+CEgtccRKSEFYkkUlFtsW1hjhj/bKstjvWCtjVMIU3oXAz0QSGqLZhrEtCG1wh+mxHStglJTKUyXo3h0QtOEHr8YesGvOczBHwTi8zyY9C+B8Xh/sB/MFNrcELInyhlWAaV9mbv78FvggVSnRMxGcsXEIsJpYKLbEDRCF+FHFsJiPbNQzDsQuC4yQ7xgXZ6LaNiXqJiqpN7olDOIVkaFpgnO6fpsQ2B15XyonFL8M8GPXjS8vlbHx1QlLAVpD7oSHxTy2IRVAxb8EUFDDnhi9kWZ8cGpUyMxhKFZIMtBXsViKYq7En+VP+akdch979hZlC5roY1Lgn7XG5KhtK37ITTgWjobMhDy4aczXQeo+EPyePnPy0OviYhzZ6PQ6txwe9C7XYuf8AaY9raejESMQ+TEWR9nFHXBCZsemhjIYrB3WmNdhtsd7ExJV0zSqvo2QfhfAVZGvsehISEimaILEyyNhoK5IuxqyjHYIooa4lRrt6NUQYL9Ll/Mx8HXDFw9M65XwW0NtG42zYaJUIzQjF8I+wlEscSb5cZqDNfLs2SYBam8mMoq0GrcMmSgg8jUbGSYyFWUQkTk9DKVx/8i6l9jaJRHkgyWqsRN+x2RgQ17FhfCzYvgvGeb5emdC4XiuWmw0eGBJoThyGNT1CJ+xbMuU4x0yxGJERiDExCzIoh6FO4GJbEnsKUw2s5ZLG6Ri2NReBjGLcXcJaPshObLB/iFmj/RadY9bbMHZKPYkMXmzbl/M+GPTOvBi+B+H2Ihp12aH6ZGEQ0QRUcJSCRldGRD5A9CGmLLSiLXYgx9qBklBkVFSLwTwM2jmBmeyIpRXjZkli9D8yMe5WByKh9hGn9cPmeOhm/OcT49ReSGZP0vhjhnYpdhB5+gyqiWBpEMRihhvIgxISWYakFJCEh7E+HQ8oG0m8NKkmDDqeAjmnF4QiYIYRmbITZQg0bQVeORXTiqh7Zf1CHxPLQvywQaJ5IfD4bwL4Z4tAu3Av/aG1V9DVQL7RX0Ylmvrh6yzoYwlRH2hMjcaKMlBIiRfBDXBoQi8IcrCE2mPvL4y8N8dlXMFSGU0rCkVkLa0EhLoaY1kiUv2IfwPQmRjEuZ8rOhfKhr2b9CWW1SGImZj6DbYdFzHp6BsO0PDZlhpEmCNjClvjWuUUXh2gpGPC2Oaw3eLpsGKVoUhijwNwNaiQxkJWI3XS+BcPXG8whR8P4G+enyv8BTMqDrF2XBbpIesBxtXYib9J4aEJBNTixSSGhi0LhcKQhYd6NjYkN4QoxNgxL7MR0SKhGt6HvxexXb7Ei/G38344ITh8IY9Pl+DXyL7YhWsUrWjO4C/wjaP+DRU2xiavQdYT4YnZZRXB0HwgT5zg+Ko4rQhcQTg8VPoQlOK+y+B9jNqGEdCReDF5Nxb5Qxi+F+HTF4IZRonnjmiIblwtdAplhaHIZ9icHsMab6EbU8sRgOdkiCRSjGRXgxh4KCTBkx4vPFdDmStApd7jdgpRVYorRskqX49DfxQ/GcJ+MGjp/wCHgI2xjRZ0xLo8jXRRkckuiw7ChrJ4qFKNUSNcEIYW0EgiEkNos8EhmxucC5YfloauDAiwyJgSRC5yfpBI/Xx6G3gkQYvGD8bw9MUNsIQj5fy9CofscrFRLVjMixgUz2ZfDSIvAtrfZfs2hi04lMKl0g2jbFLWb0h7YQxWQx6GQoHgJtPiWuGMfhRmhYQ6QYgQ1BawS8u+HwjQ2KThcTwhc+GfDs7FhT7MooP6+G/Cwva9sX4OCzVtsSn9cbGE5IS7OhnYwayaJxpHWz7M1tvTEmNCM2xKUsThUQzETKN8PxfHIYDQHq+2IbZrlfDqbczhD4nnBIng1PROnMkj7Q/C+S8vtAYrpkzbNoxEEmOxUg0aEvC8uhD40GiVEFNzsIcyKGB7MjHirYmDfL8GPgdxPRjirHdl0Ikjvhi+DTznzMeD4S4fL0WwwklT6JzPKHxfluRH0htNJDmqm2ELJN8vgYJhF/rfHDWlByaoRsYk4nHY0qhzsllopLRM+orgwLEPoK4PzJxS4FYljGt6caL5Xn+mngQxUhopfhfD0JOi8kLBuMIQ2t8ZyvNTUBSLdjS1z2fbtEkVux/BHnH9cQyvV/fEYZ2YWGoFvHhhpog+x7yuxnEVZQmvsr5N8xQYoZbMMFQfD34aeNiH8E5pCD0LRdEM4PQpVZXM8V5M0Cx4f+EwsvRIWml9n0yYSXJ0VMH8EINGozsyL0/OIbcUkzGxu0x/Z0aBUq+2xGTQH6e2OLke8fIUvD4PYRGY9CnhK4sYXyaD+Gee+WYsoY1YZWgt20KpYY2T3xS/J1gSNFpU7DBbN+vJhb7I1I0MC5ePUhpTGhkEOFsv2U9srohLmbeL0Y4t9mCJCBfodqh8ELw04yMzHVRy29vh74KtPkpqNyub5QnkhjbGDyzDIKWgNFI5Q+xax9eCfIhxiQSS0hsJF4bIsj9EzkRYOj8R1LSEYeQqkyFoUEpbQ3GxMTKOKTbGToWp0RFw2TBuSF8L45Q7IPxfK4XDE2bMYtcVJS0UjArAHN6MzaPT/Eb5fCUcND3qZcZ6LZGFVTqCElkZGLBCyyICsZKJkRkHgYcjCxwqraEKoOMM08C+LQfCGvNbJ5NxV6LAclnYsYd7Gz2VosZxINVWGNCfC+afCxrEUnOZQMwZAThLsPODsRYuUILDMJXlITLNqhu04EDcUbA2WPil5fE8T2P4ex+E4vsyJfoZtD5hmEwWShhdh9pfdUej6GL4F4ded8Uqa6ZVQ3s4TGIbB5ZHg5dC0wJwtJIaG+htJGdGUAcstvgSkIJeBpAuF8Z75QxeL8UxDM5Gz2w1/CYwiKwj+ymaIhgTiB9DTuZwmPyhrzn3wvCcPhCB07CNPwEYik0KC0iRBhucMKNpg1wUhFDBR4DXiKpBa+Jcaj4Twfwoa2PelpEYQ1pIhwKKsUgnIuceW4iTfoQqFovgfwMWB/Anr8Yxa+mMTybiFKI4a4sOKSKeTI2ZKsYFjhWAwgoudB6scL4majFw+INCGXxSFOV5N/pDJioghc2zR7cYReMS1CH9j7QY9D9DM+F8bzPifgrFrHsTJiYIzbExkfjIgbCUrZtYPoLlhQQkjByTguNeD3y3xhryvDYmNcPlrlbQ9/A4IurNEc1o7eEtbQbwJsaxg+VP5bFPXrzXjBk+Gj56KbXXFjMpUUH2Duxi2KS2PxYt6FqoQsESExyg0Th54rhoIQH8+LQYh+GeUPfLwjosa8Jphz2ND/VGcGJj6mbcTxJkG1cEl8l53yXD4vhDr0JF6YvsgkhmIoYyeVtFEnsk0JjJsLwZcPnJGKHjI1RTrfM4fhrwh/B3xSt7HMBaMMFoQg1gtRxGYLCTPpRXtwR0e8I9lTyXmxPyb8YOiyPY4spPDYxj7fCFwM2ZZSWaPW4JowGxpBsfJ8HEzRmR7BHm+jJhadiS8mrXyZr5Ifk8KlBDGOiQbAjUGJAzxN4CbSNAHocMrY1dHoG688PmeU5nwPiLS/o0dH2Jb/SjffE46FkvGxMCWsMQgdTkoZYffwMz4Id1Ed6vpiGX6Mzu0zOVoXh4mmPw1+A+UdlYc+ohs0EqMsQ1CA7iNAhrxFJfaJYGolEJe8DkK5yjr5b4PbUkP6QBgZf9G3Y3WMXxguI7FMSy/Qw4KW64LxDQyJn6I7A/2CsLN4GtGj8UUn34aj5Q+HzBMYtuMZNOChhBihBaLUIc1FssSqUzboZnVDI4/TBquJwvN83lPh7TRex4e+jseVb4b4681yQYxXW5Gy+hhxIZOH4ug9RN2Iz4fkhxiFo4HkyXszLLjQfKE1MnflvA5xsVMNAUkFwDR4GCMg0FE8mISME4OhUILB2Sx5NHLF4Tl+LMpXoYcPSj/XgdTxRfJcIUxF4HPDHDApJeHQxRZF4XAyegPhw94QmRIbITNGMLa8FhS4Y+LwxeHYsKm4mx98eeoQTeRhkmilVlNHKAUyYQg0FSMWkfWBLlL8cINHWdF5k9ITBKAzY36KN8zhMXMJyhBzO4zCMS4oFya4SFFlkV30OeCtMX6Ac07ES4fYpgzcyJuy2UekIDvC0XheOxLGOY6MMlko4J0qInsboMRyR1cQm5J0MgD2eRx+D1h9GSPzfl0In+ImalB4aZj8X8QgQVpsM6ZheFEE8cFpCD2LhClCGLz0DG5xKwYpGQbOARvBB4MApgHFkPuERTYmdj9OEPiygeTIYiKouYuNaGl/MWLoei0DV4MwSZUEX+hCgxS6ZPYvCeSlyq6KDqeyjDfY8kH8SFyJDZjZDT7JFyJRJgTikyPpwYOGgmJRDRjYUetxlNyzseTHTIUSN0LQEihDEnRGoYg3dFNwUyeUQKi4y2HrB6w63oVwGAwD0SI7QzYIaericMoNqPYBswfBC4EZheZ4fpaKb9IcMxzaY/hCEGiGTPM8UxhYHqFTXHMeCBEXBbFPaHNg6UfBeDY0NRwXKH2Y6eWO3BK6wL0i7g/wBj0NaKgcNkdh2gdhPcaGLsDxXtweehwQbOv6WOkFpHcI4MVQpkSsGXWPTAwrE+GRB1g+DfJCzQWzJRDx8pqIZCkkLsN/Y6i9iFoa4Xh+SD4T40NR+jEiaK9D9uDKKCuWJ7lRRcKQdQoxC0hCGVzsp9GDQi9CwbSinR1EN9YMxD2P0H7DDsK6DzoUCTuDUKroo5Nk0lRFVgnhZwkGuR0OSnBYaYxQtf0RJKn/B5wP8ABofNPeDJSC6NeGJBa98zhnw6UOzaBOw5RjGmNEQc4a5nK4a4ohCqZpo0h4ckiSooE9k+xD74SbnMDR7JnRzsYzfJJaFnQ0kOXOD+5HpE2CbehWZ4J2jIeziJYmQyZFDQwQ/2GmUJ4aMsFEp4hIdB19GKtYyCYGRaXCEbGhkbFB9cxJX0SxE+yrH2Dt+GFs+nAVfBGSiYYZOXOIJCRVDU4RXAhGg2OkwxbwT6PQY/Sx+qPwc/+gjVh6kaRj+w2jW9jW9mvYNmHpGmRnaCdBhdhthjJmEKvsiCTsjd4G7cSo8MSrInsTMkMRyivJMbT7DEzFn3IWmSCRTBFjfKwOQnH4bCRoSiw4mlVfQub0LAwzedfpDWWXprhBr0Eme0WM/BX6JRcNFwNScPAcyQ8BiOhHYhMYuz7RnYyewi2DaoQvQ5Q0HQOmyoaYQ/IjrTAPGClUbuG1ExUho93wi7GIFiU9gntl1hihZZC7MGOb2Zh7Bj2IMw2uNYHN0VQsiC+hvYlZlvrs65qzg98Lk2NRzghPQ4rp7Zmr/WSLdYudGTySioVqQpDD0NWskIgta4eihmINIQ0RiaBHY6XHAlGTCJCYQT2LwLIgyxseyC2NumNtkbBkiNwhaaCSYUEiNFEh0mFsa9ieoVN8LEPJDYk7CoWhIoMykPh2WTSMjbBcyTWBNdFNjB24rfB0LWRWC1zY0y4Q24/h/wMsCQs7GPHBEKHkMMMKnXB4j+wsGzoqi1ckiGk1g2GEI64DOMqWskVeuO5pwCH+lczfqFGuIRdHrEOqzGgQu406HZS6kPQ0w4mLtTBwWhsHjoWOj0BOO0XsN9OA7G3RZ4tZPsFgTRDGmhuExDG4YaLungLs9CEkSbLgf2WwLNDdQshfWSDOBYwGMFdDuhGRZDUTJmxY0G86MscSCJ7NcCoaJou1gZXInAx/jQjoJL0dsI/Qa6MaBPtURdmUTtoSLCEHo0QjAbdiWUdlRTAKWLBgh42EIh1sba0eiZdCWMiUfA98JswEhsbj/Q3jRHoboESRg72ihVeE9FJV+hk3exiO76P+0QnO8Rd4EjBRmbcJ7KErQ17IzQCt6Qo6GTqPsxD7F9kFRS0uLOBKLGkJCaaHro3yHb2NX1xeEJQ17Hn4Kyu+/9iT2bqH3iCwjPgN7lGZCZNwzBd0anfEjhHoz4QmE3YT7Ij6kOdDadCISd3Adhlob6LRTPwLGMr4KyZBlrIhxCDJDWYKOhbFuOU/0n/Zwl4HiG6/oa4n2GofQcYsiyITGyHeHqR0Q+wyMt64tVZGkshUmNUSC30P2V7yNsqPnLG6sF3xWcM6md0NS2OegnZFDbBtWGxzBKShp0FATYkdEaeWVexrKtiX2IEgwnoZhcCJ6GbQ/qMyWSIecgpfZHow0FjWLbMdodGZiJgYh7SFojVF54rRpk2XwGIZR6FoVfxI/ryIKnQYQR6krkoML1cRUs2KoXwHNeFEo2J+wvRkRp5XEqBDUnkKmhoYdDXiG5nHEbLBlRJiZovax1ZH7CFEEtPAuxscx5EqYssjmGTQnqZImPcCHyyZk0RIZJaJ9C9QgbQQ0KLIoGRKhrOEI2FLYnFHQ0SLfgo1kZBU2KCcuWrauyWw5lidbC5vIQpo6EfyJBH2QKhBDySsRLR3A7gQZ0aBo9DJwOgjEhV0yWB53FTQ4tLJHoekg1yC+0dtsV9jRiXAwftgRkVWRCwIvRhcdN5EuyozZZnKJKJTVZo0ewTYFHoT0EucHioIVoot4EcId2JDIeOBMuxULGsejYz7EmimNMR/R1ClsaaGW8HaLQ9qsfdjqKKbFiqELQzZF3YbqhTkMAqjslGmuP9FwtMlwNFjWKOkyUlGsjUEYIlQjkelUdNDFIYTol6GfsKLOzoDjsUKMW0h7UPazgVd8VDTiYjNBqVip9R3Q0TyGNcKrj0NE6hp7MGROWy3Z2gpi1DHo0FBUrsRdjSI/CDaiwFgYo8CyOPsX1xIBB9zI9mLstaeORqoMWxOsl6jga6FmRrNQRmi08CdcHTQTE7g0asosTi7aJSYlMj6hjQyKa4EN7HlBe0MLBZSHkZPAlWhBgvRNJnrEoL3klgZpEJu5Kej7TJsYG7IRt4RlpRLgLLKM02BN7M0HdO5MUOCD3DDkaBl7GTshoeCY7nKsjkG0OsSLe2MfY4Y4rbo0DG7JiWsMW7PuI2ETYTorwjFQpJjd4FbeWMcsYhsdQhFodcTpsmM2VTFholOeiVErEIQS0NcrIJZijAn9Cmk9BnISZJL7EkShD0sRM0N1TITx4IL6HV0j0Fp5MmxpKNroOfQxZZc+0UtsnpiUJawxxrY/hhK2RAtmkMGlROZseghkxQ5leTtBJ7MGSpRI1BFsOh3Q+hb0DLBCGyNcIX2SnoetCCJoVOJCOCYR6HhwDpsY2UIWhdIRkROyKMfK/YzGYwYwJZWBLpoKM2odUoY2SGexaqKUSeETuSWCMkoQp9HuQY19D5+hVUHqKnsmgt4Y2Q2N8IU6GCywOWzWPhEPBYHJC3EakKBzFaI0doJPDPsM8HRhC7o/BL0L6mhbI7EhQOoytmSRVYJKRUT0KbFoK8sfoiy0b0OOK3oqIWoM07JWEJM8B/SMgZMrnNh4MWxQJm9sQYCEOsJidIEW0ZuwsoLZvYmt1xUgkfhDio12JHSGDeYiVDZyK/oPYiqI2i3A7FskReUZFbF7C9DtO/E5NMSvpCmj6jIaot0N6MxxNZsUEgkqvQ6gdaRCN6GH2JTLKEdox0Ngxk98DsiitjYFaEDKYPYJIJp1xi4vkoyr0NehNYRmJkOeok0pKQnoYrRDlGRGIgyPRiGYQC4o3kzBAfQ7eey22YjctdCErlHYpX6P17wvNTjMXkfnEbHWL2Ocm8yeh8NGbFJpjc2O0GBSNljDExYKCDApkxbbI4Q3hC2o0uisQzTwX2UZfT42CZnLJTIeiWIR2KhQ9FOj6i/AZeR+ipbG0NJ7EC0MqoMEoeMDy4T4ObYmkp4LslOxJE9xGbQinAojLPDxxa6CGyqHadMz2OzOCvsxab5EvaNkLsMGC4vDE6jUuuFIwCCDUfCV2yMXQdZEO3VEbYzqKssSMN9i9Q16HfoRnxCOhg8ZPWe5jQSbMfCEzkadIoXfRkxShn/RjQ3jVtkezoiK62TsG0wh9AxjUskesGWQy4FQT0YMJ7JLRiHxk2PYcJiCwjEjtD2kBbbEREQrsQXY3NIpuB3hXDIrsaEs8NrLBdbkbrwE6yEsnpHYyBvLhBMzuYj8mMlDCFedobA0ZFPCMW67RUsjNp0KPY1w55KGISIaxlbIEB7Qpb0ZsIVBIF7SO3Bitn2iYWTBqwQnyR0MqoT2Nr4mxtjFfLHAQW6xImR7HA7joWMXYJfRk0NhRgMIYa2IkNcJZHuIfBciYMGdbM8h3fBIGQ6PbyM/UhYNNpbNoNfZmmtCr8B9Roc3keQps/glGn7DHYQX2FdIMkdH6yIaBJM6risSjFhMdjmiTHE9izpvgKj2UEWcjpascaWsSieGxsJZkWMWOyERsZuxZTua1jUdKBwFBB4kpZXB9AO2jdg1eyqUSUyx/UdsdZqiWghsvsP7KFiyIujpAabWS+homyhiY02I0+J7GzAyCQS7lK030NKmnaKdhDVCITcIlLBJnAr2aaxFLY5LJjJbEZBHqGJumdcYGOfsXBIkKXHIMYhl5aW16MBF59jRqFdjsVMMplDm+h2432UVo4Idk9wWoKdCxo30NWB/YUhhekxLC6IhrRPoS7IYaLxpTVcEcCSXXGgGpXshDQgxGYkCyCKqQ/Am4LZWLWxBCBuKyhsPRGQMaEsBmWiKjUFyK4QSt9jN0e0zOAt4SKGbD0NThOeOTxgmKnR8J+UDi5csMnIe6ikCRjRaGFJRFpCarJa4NhGBniYm2RpwcrNw4CxorOFDyRPY0Y9CNodpQyRHhsjbY3di02Z8C9hZYPYx32dxlZggAg8o6sDUsCd7Y16PRFe+hKiywNJN5IbHRbHTWDIa0ZHBkIehyhOJ6CF0uIluuI0k6pdbAncwrZnFNyIeXiDjCzASx0S7IxiLML0gUTeBBohMT9PwphAdJcmBA2pwjTvEkmP8AgVagmG2K82Mk2ZCVldSRooEwMSWToDLYaMPXsJjI34DJlwCGE7HypMRl9CjlwZaM2T7jE2QZHZpMnAkKsQ9mLpMz7BMwcTX3CayxJsNu47ZV6ETDJCbhtCdaY2CTyEvbZg7F6xHoSH0z6Z9UWogvjLVsFH/gliojQD0hU7Y7M7ZiYOwxXLkvUE6QSfQRCHeMJFwaGzZFghfPJkiibIpqE4FxklHtg5RIVt1sT9oyeRsmKFloZBXMDZUQS9jSGmBeomYY+hjLKLLN04CawBLphklTLez/AEJ/+CEOGNijX/uP7He/4Few6k/94G1R0SS0ok9L/RF/+RBGL6CXCJxeDZR+NFw0NQQyRmNJj4V9tEtDlwHKYrKVHRi2XA+MMAjQyQqSK0KCmVBCMUMQ2UOE0Q1iaJrMzpBtnszNM2GIhpbeRN7GW2R2eFkeQkNpMHqlt0Y4EoExZX8NbP6ZZk/pcpuKreE90IIg0QOOEELSCgjpkyLggZRPh+RcFwhIyQguJ5QXLVEGscHRkC1mgrL0N0EhgqzsYCrZcBpvNiwM7DceElQ+gz4Gbn2Z4ysDWBD2JWyXoJPA5qEt54nxRhui+yQq0S5jGPmWv9GVDf0KQab/AECVoRBpriL2QQJGi8QSIQZSg1w+MCQl4Llifivivocpdsa8oYhIWgwiyIJBXQUyMkJL+j5YFohS4Q6aUGi0PLMWYaJkW+GiIJ+4e28mgz6ehkTBRzRk8lpZkV2lEK7DV0/ziRbhGnp/owISQ1wmMZGKjpnjZCTwpR8qENMXiheD4fCXkmNxE2CRjRCYPaYaG7FLg9bCQjNlFUiQj0GdiZhYYIS5xpsTgEoyC0kMHEMzxwf4P2YKMgtDhvThYRV1wXHFREHkbcJCXE5o3xBiJ46KYvFKf0wJlExsU4pSl4fFLxSjeBFqMA4Um6EOJCGiLtGho95Vi8RH2ZoGEQlKXCBiyMQxbHDuxcFqNkSoag9a6P3I54nwYmZAfpj6jErHGhn2amXE8iYJGIWQyjIicTzviYzRdDH24UuRrwxfBOUy+CMQsZYvQ5Fmj4myQ9BGdNwyjlVMpCArbGiuBMAWjYscFNzBIZNwb4ZTE4BFYgJbKqBd6Ptwx4oklPsVGkmElihk6URRBh3g5ci4TKi8XkpSlYmNvwbGgmiWhCGRIxRvgpRcLll4viiDEOTJfmxK1svsZ0zakdiRDETGRi1houEqZcQkoPSBOoWTSN6Me5MvAqO4WncG6ZGJrBRsho0y0W7ZYtQkbhiP/MPjEfAoGxTlfohmvIhrhF4aGNDgSTQ8vA/NKioouC8m+TLgyFVN9CHJNBjGapQaHvAfVoPZGXQ+gihmAcq0mahz4bGOIgkJniIpZYwrOgLEEmOFoww9RuHjC68WcbGyNx6LkonxSlfLD3wlw+GV0ozASfiaPghgNUnDcNeC5YD1cOjYT7JFvbbFDJgjwSQ3BCirRFGBZ4NhDnREORU0Bqa9GiGBeDCG1qHSZXEI3EjFYQ8YvOUuwxGzYhsWeQFoaAmxPA8BxDYTfocW3wnhRPkxMRCDSHypSdQ1R+FHww2Iog4Rw+XsT8GnDJabcGuTALQ6qJ6VZEwdKWRqR8CyHuYro2DI/alv3GzMKEDZNBN4K6RgZgzKYqpMxfY55JbF1NnaGJRBMmsZMaKQkwCeCXiiEBJIJp6uNhi4fglXC4oxRkMfYwQxcoh8Pi+RMuOb5aENybAw7ombyzJdkV8TO12hHYeakK8yFzE4feMxWhlQvQfw2nXJa0PEnkdEYTEvxiMzAKSoi9DexTEXKMNGRQKlwKJOC0MHYzJPY4kNniwCtEYKMTKUTHvjs0VDaMMcJwwtEg3kpUQY3wPXjbKUvEE4QjFm9CHMoJNjmzJS+8WAf0wQz2MzoZxUdhabHthizlcEMteF2w6XLEGIaHXKMJofvC1SHCDO4Geyot6cFZSkgiPhoTIciTWYBoUamLFpihZCyELRUiSDfCEQSJl4wODgxGgzvG2NPhWjpiKIaGjLzfMFgzfCg/6gyujLJaYwmg3Qi2Qv8RtnDBF5IsvWShaRJp8bx8D0JGhZWRsEKdGQdTM2piwsjAstcFF4nL4ZsItGPVIgoINk1M0MHgwcazG4LIkMQTE/IQwELkRBZNNTQYY1GNBccNxJip8LwnNOMbFns2mhAqilmSrAMUOGZEJgarElReBMMhuP/9oADAMBAAIAAwAAABDO7UMS029uqevu5OJOwTX1/ESkg0P1TfDQf79eP/FhHf7M5krEeaGEu87bIaY5bNNfXHuQGgyBV02zcadOf0dmoIjuKnwc0KiDAjHPKaKYEQjyoGtbskZ37lIC2e8ke9kW/HT+vdlzxeviPO7YaKJNpLWnBtPH1WCs/Uetqe9UktNUE1MIJfM7DLCFICg9v9uYpMLf9PnQ4XPa5X15sSoNsutdv1s4rFf9nlutMD68AvZOjXG9sfaCoCvdnV1/FUiW2/c7uMfklKAtdJd9uLOKRcAEHCxlgTpWjmMg4Pd/cHt1W8Hfn1tvGtMjPcUgVtPpKyN8c9t91Ut8ZWUeW6m2hSeqM0+JxfNcfOWxi6ffv/FEOazoJl8OnmL+UoFhiRoI3+fJHu89dawOQstHUSxjitt9FdUXTS32qTU++poSTK2JW1l2/Ko0J4M2vrBTddXanexA8cdUeVURLRUgbrFpScxAJKiEU9Sub5KDE2WiHN9+5YfO0nfdMEdlF/5laDTpM4ZzjpLSfoCUEJI1obl4cXKln0KRUTv/ALTr/Lz5fH/PKqMQTs67OWstyHEK/wAxv55T7P2rWuD+R06lR5/e37mkKY1nbUoKhkNbdqsDvh44cRA9S+FWIGo2HiUV0UT+2b63y8VN9qoHYRQqLaSMwcNbsdAdT158AqELQ8kz4V+cax+ScWS35vcUuILfhWjUYhw4T3AkkjzQ/Z10rrrH7Ty2f37077Xbc72ouMCnW8UboCPREGU0fGx9rwdwRU1VZF4ybGPeVT9U+E98eMdnJu9/EcFpgAUXfAWARaD+Z2RlXtSdVc81e2SAWi25y5IZy2ez12S6n9tnn/kYUflJ8PsiZ2HhSqCBoaUVrT4e+4578PWTnW37+TH33C+bSnAax0/Yy9+K+9FXaiAAmxvRW1x678lYMkoQw/YLPHawMs/57edP/VjymQGh6n8rLvf3e/7h9006ltQBPdT/AJig7n0HE/NsPdVt9YY206gVnm/9ZyHA7eZ8fN/kbNPFgTAkK+5Gi+bSJboAQaJOaLpFX7J688sXHZ5WvNQw7gb1Gbs/h+cIzYVrt5BnxH6Dk0UxWDuCaBWH23Fn239cxib5403bUNnsw0/nGtjEdJ6McNTgvwy3/Ef31nlxZENaOW8GUJCKALtHqpHT23631yKPi0u+NMZVI9XhdVctEs5CFMykZM9xXDdPAzX24F6a78B/km930q4XKTnjRT79P8OfhEa9xdMBRhxSPmcq2OyiULZVxhMG4OC0YOViMotKFcv/ANKtkBvOYpA/wWIPxWQfF1EHbu2+3ggFBsLguXeGIquqeFTNldgX452vB/CmgeVCn/hDsqwSRZn3cV9x5MlBqdkM8gf3xJiEcVt6qvfT+gkCHB+TzS1fZEk3B9jldNN/lVjDJDBnq/1+YYpvLmgn68tqQwe5r1r1Pqmo6Z2GWAtjQnBt5VhdufFG4zMsiOoZrVA819Uwitf1n5rL9QJ8nabgIuYoNFuwGG3JpDOAb8ruva5K/O9mYkiYq87dFFhv45IgFME8dnwCvNhufbd/No0guJkfaZpWN8Euc/edqxgMocNhF1MZ6EJ7lWC6W4pRxRXElsIbXUJAVfEQzOpGaCS21Dv51CkeP3zmdvzTPzF2p1YBIgFdvpomXLN2kUWq9ga6Sa/HTxQEx+rfEQ8Ajfrz9jtoznGESEcHY6lVI62so6agq0qqaohBdpAJKKCnJlbPAnLtXt18py/hHhlofbQIrv00IAWf5NHuLqx/XO+Io+Vt55D3jh8Np7SQXljVazy+/CGX79k62ss1L+KFhLmKfwZyKqNXRgcKnUrspVZlDhRmlxfila/+SIe0Ps/h/Lro/wC/EbvDcKg4Zywk5JGl+TV1zrh8CXfNTS0tokOusRvqtDDz1x7+6JMI6O9fj4ysUWa2hqW7ibIvCyRFGpuN9pjjtl2yrulK511VUb/O5hirp03FL/mjCceb6IIWELUR3eH7aFFauEo9fb9AS3zcWBW/KwwETF+squN5dDgFa4UcDQO4bm6wTqlZ8tETZa/FZ3SSYeEqsUMhAHwhtB9mt0HfMaTfG7RaSFPZ/YnBG4T4oku35VUnVIO4is6jkJK0ehEJVJQd/WKcGAja9CY6bebhVimrBy2BUR0guxSAJKDO957hHME6DYl5YJPPfQ5DvbCp/I51y/Sx5GRzRGFvCOkpMBd3r2hk0VZLs+ny2hZQKJbQVRwRabubwVcaMmY6rb5Rrm99GYQc/q4ZOK/npXdfHUaNPTaR9XYeD2V5fyogQOLSUanmbzVEs24bJ333wg/YYg43fAPY3ffQP334XoXPQvHYP3QX4P4fXPPQwnn/AP/EAB0RAAMBAQEBAQEBAAAAAAAAAAABERAgMDEhQUD/2gAIAQMBAT8QQxeaGLpix9rweTViGJelFsJj8YTH4N6sXssovKE/yXUMnE259PhXty+17usWoYuXwh8p4sWP/Iii5mNjLtLR61xRPyvF8Zw+lrFiXcLj8L3R6uEMvikTxYv9CH4InqvecwS1+C1j18LzQ/BZCei4eLlY+nlL4oYj8FCl8UQWQhOVlxLZ6rENCRCeKKUpS9tlF2iedWo+jXD5pdRS8UaELH7ohNYmhk8rk6Q8WX3XLFyh8rF2uZ6TViyYhj5usTGLGTwQ3k193UMRPV+yHr5XaxPqZFxBD4o2XwvjR+Ey8tcsWzqlz+CITWIfC8UMXLxDydQfgun6rFr4RMuIfD4hNWvudo/vV4WQghky9fzt+DQl5wnbRCEL22Lp+Kfki9Q+bRPFy8SJ6Lbs5RMpcouWhLt8fna4S5SH86vDJ2unq9KXUQff3yWraXhDZb5TKfRIbGLpIfD5WrYTliL3OVr+C6pfCE183i8SCGTtIePhcryfs3xCE1C5hNvd6ZB/OHykLJ1+8Uv+Fa2PYJE6WImPil/xTid3xnhBDQ1w/nkmXaXudUpSl7omN4xDyEJ4MoikxDYubC9JDP5jxH5iYxDQkT1SPwpcSGhei4eQhNQ2I+kJ5sR+YkNMSGsfrfNDfrCH8ExlaE2fuTleF249W31mUQ2Mm3J5Ut4XE1ISJ2hkEXVqeXbk4nEyl2EEPhPh7OIXHx8L3BEH4pYmf0bFtLjxrE+KQQxDF4Up8KUosutiZT6JDWJjL3OVwmMXFLxer0hZ9HjIIj6Yh8vVj8L3cerKNlKN0Tx/6p6ITJxPwnpCathOni8VwhvWy+ay6vJi8VkJsJ+CGIYnwif4UNiJs5SJiGKDS1Dxi2CPo/8AH+9wWfSDIt/gh4xD5P6Lv+CHwx9fwXDEPT1Z/8QAHREAAwEBAQADAQAAAAAAAAAAAAERECAwITFAQf/aAAgBAgEBPxC/ifpRi7QxCHy8fpCMbH1k7o9XCLio8Qy4vaCEJwNdzXzBIaFkykF4XiYkQRBD1ohCDfU2CJlEthNf3yh9JaufgZCEIQYuryu189whMJC1eNxoaF0kTEQm3hLGPiCRCE7fCxiyDUybMXbFt8F73hn2NQT5XD7axEyal22Nl7Q1jEMg8Xq9eMQli6Y8TLytePHi8l0xDFxOXqEPhDExiHqxeK6+T5GLpriERRPC1D4cPgWT8FKMRcQ8fYiGsTxctC/NNWvIIpdfi9RCdvxZSkFzOJwsvTRCC2eqHlLi8GLWxPweX8DxjfC1Dy8tjExPWuaTKXFqy+D4QvBb9jJi1fneXaLKN62LGIeQpMvSY+IT0hOF0xYxYuYuP6N4hi9Gh0XKWIZRYxrGxPFy2LWLlvV+J4mXGQbRconrZ98MQvsmPaLwYuEPEUeJlyDRBERDz7QsWsWLFs9mIe0Q9QhvHkgywQkNCFiGLm+iEvkZdq1i1DPjaU+xbR6xZMpOV4fI2feSkXBankIPo8ZcYurBfPC6hBoS2l6/osY1iQlr2ZBLp/IuEPHxT6LcSGterFxCF1ohMRZ2/gXyP4LRfPixdMYlk7XUxi4eMQ/OYhl26kQnUnEPrbcRceUkyfghBInN82T3nKx6tu0vo8pX0sfCy9vUhrJrEP0fo2Ioh/ghPCDRMerbiZRbOkP1pfC8taspRMhP1wnMxiGQguEP895oh8XUPLq1i9UPwm3hi8kiE1i9GIfVy9vxZRPU/J8tfhnC5aEuJ5Pl9XJzeb1CEFxSl2cTzfc/Eh5Bed6mfWp93mdru9XtcPV4JbBoSIQmwnc6nUEPVwkTYQnd6fHwQfDYmXwWMWwReKUv4Vr80Qngi+q15dRS8vtFKMWsXmuaXiExD4fLFlyeDEvFEIQhCYy8wmI++FvwTzTL4LaUu/YkXKUpeH9H9jF+FZ/PH+Yhix/fDxZ//8QAJhABAQEBAQACAwEBAQADAQEBAQARITFBURBhcYGRoSCxwdHh8P/aAAgBAQABPxCnyzkCXbsubIsjIJILOyTKWQ/AOT/V/n4CD8dv8jfr8ZslkBbZyF+uR2yywkRgLD8CSCcsYJDJjJ82nzPn6gPmQz2OM9s38f0s5nkLPZPuA38MFvGZxYgc3J1+Hpe+k+y7fMFpuJPuwnG45eRiSNy9sNEwUkGSDlhsYMA2FyzbLbbLB/GQXjDke2dj3c8kRxt2xgZ6+XT4jZ/sBnfw5Qc/VmeXVyT8B9wd5Z2f5Y/Uwc9kYLJhbJ0ksLKcgxnREQfM8+rdewH7kL1sAW6+fjA3FkSgzs6XHBZ8Fr1uXLH5LBLm8jTwjXzDPmxfm2tsON90GeQw6xpZ2EHEftBn4ZsdyA2dsEDZIJOQb+AXFlmRGbZnzDnxfMuOyb5CPbIHYOyI3W7fMGxiHN+IPpY+qZHGsJ4QaQd9s/cH7nnzB+44efgviZsh5NkLp/8AAwsJ55eyfEYmCDbNt2ePbPjZH3YPFvobD6wY+5O6F8/UcMHNg5BHvZ68v/becgeaZDrIOJMgvYryCBthYs/AaWcggmHspuRmXNmCyixYT+AF6Q9n/wD7LQ+7FOas/QfJlW4/E2WR8gS/39ibR6N5HgnrQh/Yp1GL0LO4/wDl84Zl8B0kNs/V/kc+PyHzHZ4vUknbmykMtnb4luN8eWb8Xl83rZ2IgmPo+bz5kBIgDqWD8QaYSYzq/N90n6y8QQn4/B6cLXcyzOkKnGU/Ng4OJYvIU9i+fxllkQ/J2zL5t55ZvbPwBTsYTkhch3Lo9I8+i9YxKldh81GWreG2qRfsh63RTEKHpPu/cv6tt94eQT9KRs4C+C+JHYtjKv03E5wg7+EgLD8Ny3fLvzMT7clNtJby9ssJtk38B2IOWSPfwPbhjH2OP6/CJ3dPLScnHxCSO2/GV3JRL8w/F/V7x0javPwG+zixiB2d+rGdIPq8/DzJ55DzsRry78wFgSvHC5mpAfWR+B+9cy6tTkFTB+llxPg7NmD+AyNJ0r8toZmzh7A+J34tU6w+0znPz9zcH9BFGg4j4g6dH3CP6sy/279X9TuR52f1byZ9mDbJ25JrHzdg32Qnb48u/E/i+mQ/ZLqXZ85H3kN+J/TJPyX+Qt8F+06e8s+Bnv2/uTCAkoeXU7OfUW7EGkc8k3fmJ7+Ty29Y4z1g5JdeRBtmS6xbeJWw/wAkCv8AyF+j62PgSLsO/VS5Lrum/Nj42xTNjflJ9wNteuSri0/gmXspCIHfRjDjXjKA+vSJ4b3XLPo/QIrhkMhPqXkeWJ/Vlxe3SP3M8g7AY2Qcmyz92P3dg+c/GNcvfk++SNr7lSY288nVlGmDPizu5I/V/EIkIHiTfY5IbHv+R5cESc/GX6v6sjWHbbN/Gz+DE63nl77AWWXhy/aR8iIEZ4iZs3ety6cZby4IeyciZGIBgdFh8GALFtRpYmMIByesJE0dSWIef+SB6YtQJD0rowRM+kxsRjSEej7Bnx/2BNKfrLY/D38Ht8/hIH5v/uxh+7lyfbD5tIe/q9uFaY5k69vHLrOSHywZ2dXyD6nD83MtLyF82CfxFk8f8vEnImG2ZZtifMce2lyzY5OJJHPZB8svPL+3Ifx57Df5E65bIGl8CxHj23vmEnYaRRx5a0DFk4GR9sHgupwQl9goNib9WBfEdmbVfMicHM+V2TS6gyMjFH5+bRRpkeMSEvRkNrHmanjbZPmOsOwF8z+NCHXy39XGwnl8xi3fibML0264n2XPbY5CJkx4vFmfH4f5JpJ6yGsOLDLX8GQ6/k5P0IP1Y+pZ5bHOL1sdiYTZyfqfI47DJ9i8uMg98uA/pOiYaCxufe4qD/pIDy0SSitfVZO287HuQZ/BVfGVe9y7PqxA/l3Xyzv1Nn4PBjp72TvYfN9/AsGxfORgX4nm/uRV7NkPJIn7hyaJ8kIMvxvL3B89khLn3rU/svfL929m7GZYTjZf2dT0ufMZMO3C9j3y95HWzGt10njsB5CLds5MQyAyZAR38gTMh0iG0HPxv7uvmGfuxhjYL+M/dkF3YJIzC68jPvtj8kkv0xChnVmX/m9gtMe1tx+sb1EiGbPQG/M7rif2PtASGADcTc/UgeIIku1/Vt3sry5b4fYAJ0xI1+NbJSmzAm53Ic+yw0+9mxZiZevJfDZD4bD7oyuiSHwv8vhHX5gPXen1AnZ9+yMM88v/AFPlsfg5Iy5HeSZ5MDIb5Cf5D+7Spt9sTlgfNut0+LN9s2A4zZG2IWbD4swv1CcuQ7Y3z8C/q/UkGzt/UcbNm8I/CmRl/uSGfIfdozwPXlgifrYKG/o2U5PPtLns/ZuOinFx/wD0l1eDj2Qqqn1bu7tru7s7GhJzC1zcLR5b3YJ3bZYhwAEfm2Q4STpFF34mdrGjkyB8yXeTyHZF7MznX+z+AWDnzE4LP3H1ZQbCZC97y8BzM2RPPJezkE8/G5M+Y85+E+/wTv4O+3Ni7yTsY9bCBst4Ts78ya6M78QNjtne2B5B8/jTYGeON+lx3cB+M1/A5etl42kdZxOQWYbGNlvfGQ7oeSAdefaXmJ8p2tfa7yri0YhymNeWqs8bwtc6GwMzOxz0ID5J9bYh29LE/sOTTnlit9PY/nbt5B3z/k3o/wBlh92xI6Xy0u/9l7IxjIP7IGhf02xU/oj1x9RmO/syRoi58tj4n7M5eRs72Xrvn1AEUaE9xwbYJxs722/s3j2TYPh+PfbhYJ32NPqOrYbIPLV3ZgI9k7Z+2c87GHLzy3+xuRjxkLdsMgG5kFvwlsDiyONj8H4HPwPbeWbI57FgmcEF46eSshPRes+/Cx8Y8o+BjZl+inqS5zYyN2Q+IEf1GVv4lnEnV5mU/WXtr42Dp2NO52fFlfiIgL/SAlfxNhrPuH7tyl6/rlztZ8ucmXUwPiz2fJex39pC0P2ywP0A2ZM9tsmkels8gvr+AP8AU42/DjOzq52AHVN58Sa+9+5MjywzsH0sLAs+bEgvkHI2Pfw8M8W4kl0g2YMvUex7Jvk8R52+Y8n2yV+ARccj8av8jsHxZsFxaXPu5f8AkDh6XbFMMEXVO8yGjG4BkUbnGeWpgj6iX40LrrOQ7mxbjtkrfDnkR0Mnfb6rPv6vJ7di/wDLUM6aZeYf5goCn6sNkf5aDgf5Og4gNHj4Li657ka9d+5Hm+Tunkq0H+knS/rZ9Hn6jA/c6eFwdGOnYO8YMz+xm0B+7AX7qwQwm8t55F/k89iA/l8+w/H4Zy/y8uz1bQR+4Ebn4H9SbDnk9Qx9/Cc5+JgwPibskS7xkQMtjsZfMP1H4Ng2Yzu8NlX8FozejY8GgZlskig/qMvy6GTersvzbOdeCGgke8JiNn5O3WnzLP7aPbM5ZTXfJSEn8gRRiIJThGgTQobz2xA7I2nIkDh5ZPLfDJQ9lsI8gjkb05KfMjOGXpanzkvhKT8MnB5LmPsfkvExYm4edPhsks5C4I/SVzhdPi7vl48kh+I63XJwyGQdwgvI+Umwz2cyD9/ghsbB7+E/GRNxPIfv8cSD8HGyd20+wt9k5fohVOGxBaBAP7N9gbaYkn1k5ZOBB3nl32yxukwuqfUNQslPo2CdZFuZYXIgeyc4R9EEEAEZB5YfiGci5GD+sH72GAtz9FzWPCcyB5ySG39ytJkIAwQHJhTzX5jMZr6nPgSTggHlw8nfiKPPurLcmfiXFsb5PRsn+79WZ+Hcg5N2NX8aWdvVvNhL24Q47Pbc9jY5qQ/28+J44TvsGQbrdy/c27P9h32D4WfdhthkGMwXzF83x7Y/drD+ot5GZIEddL+227p5eY9lOnmXDl8yyu2uTDsfMmpAH2TvjOnjag9ZB3mxanQ+oAgl9GSH248jnzDp7GR8lh9QWpl6XsCjCEHH4S7BasXJkYT5u4voySyoWMP7cfRJ+rCcsfYVTPSXauKtiHuIU63j+UP3KR24TbERk3S0kesGWGXjkG+3SGZeeXry1+Et/UPs/V82GwtjIwGXLDdufj58jv4JBMtsvr2SI6HxBS5df+w7rw/t0SAQMcPt10uNfMqnsCfM7k+xni2n12O8bTpCDysHZ5svhPzkci68Z8gJ5ZfmT6ZZJmZ8W9Z7d2OSQLU4J4Rf6fqOdI/c/wB/7C1eweHJfJtzyXfxrI0cez/SzxfD5gRkDxuwawYyXxf2CzvtnfYEDOWx9hdt3y/a+eF/kuchN7Y7yOF3fw7AlkAiR32yrSHEEllmM/y8/CxJ27JZ7dTkIbIXTJ6ryi2+eQpufB+59BmsIs9S5LyfLxIJfrgNZcIXxHNgRwTPZA6FhtiezDzyNX9XXzeocg/NwcZmmNrYImoR9soN/d0dot2OYORacT+WFunxjKfjYL22K9ghaxmSTR9LD75LzkLL9fjIGzvZ6gm6jhHPwe+TsD+HL15Zhs3x+F7lj+ENvxBeXIgmWmTbb29ZE8s+4svOQR2DOm/qIkDr2ON0wtIjBHL0n4m8/HLP4Ntm2l87bDligtQOQHgwACXNsFMmGvIuLsvEPm0I5IJ3Ibt6qWkFyd44/Vu5z+JD6H6l5P7wWg/WCKt2euT2JN0t/F8vuSmYtBigAWGEY6sDy+OTofhgvm5aXZPYHbNfZ34Y2V2X8FabCfgNntg9sfE63EBl5dO+F/khCzJviHPS9sh5ZthMZaW4HW5GOESoeA2bVsJaPsY5ljXYMt/JrEOC0WIIA+7sHxNgYwfEbZC6Ed0cthMuS/VwyOR05D7vnjLHs10bwA+p2Bf5PnO78yg50lEQf5LwM/t1x+L45GnzD3thdJm8HEhPuIRjOtvrQ0sH9XA326PI87LETm2FgQfuPsHeyM9ljby1+b5nCekOwuz+GS7Hkm8kZceP4aTnfL2dFo/GQ2xb22HfnLHH35Z1M7k3f8MHAX6fVt8HweMwhj04WwHfk+SQOPtkQwd2yOsN4fMxb8wmC+ce3nFnQl4E2mPJgGMLIyPuz93DxtZxjX1/As5PnZcJNKf1yU/sstUEQxtRIUwnpx5JvI35/DOcj9+/gF3eE9xitGAy082aPWfIy+IIPyHJ7eEvb5t5GMieX7TE5K7n4BsheXBYO3kmyJDjYW6f8ly2Jt/GTyG5NpcO/Fjs6k3Jl0YcGKkpeDmyYFSPcY9uGxOHpzf3c3jKQ0j2zx82xZCIhzbN5EOOQP6YfJyUnynBmYg9HkQ+wjeuh/t1gyzccWHsN/ZATQ/2R4FsactHxyYCQCzme5Nih8ifuwnl0Rxg19hfxzIuZ1/V5B7JOmXer7CteNA9tFeOl4mN3+8chz8e/j2bOwGdlqnhdTyx8z+p4GeSs+x2ztwet75Z93Piz8FT8DidVFlm2ZGbJK2ZmWQgib9RlR44xEyivHkkUExDuiJ3/bDDrrC8010/v412WEoRtjvlsuWy83/cLFkqBki66WM3HvlvCOeSJWZIQzQDCZuv1bhvfDtsz/q8lrx8gL/xgAWkA8tnnTYxx2fAB3k4HiBztgxqHBtnINmfUqWR4CxxLp40hi4GJoyg+lEtZXEb3Px2WYjv4SfJZZPtzs8iJo4yQy4b45dJNkyMlNgGCDCSz9yfH2L6/GGENY4v5HDYdsPuck7G3c8t+yR+FsdXbsRnIeumq3iQCLLiVx/sebNnT6tPcWI+IU6v2/uFfZsgb7Ei44t73W5De4QiYD9yca6xIm9uvUYwHIPQLEjT52aHHz2WP/JjWZ/WW7j9rMe082GQX+SAaibzh+rVN3LMB/dl9xDwtqSn1YGCeEfuJ95IQ1zGB0xrB5z4m8w3ElIcWbNjNr+0nfzF82ealT/Jku6oDF8/BP4O/hkkikLy3PI1+YIbueX9GTsaLyUeXvYDLqQH2P7K51upxvrkJOt+pYbbse9g+pGNu/dn23EsQeZAD7gkwsz5RhhX2nU1OHhAk6HO/ENLu+JZC8U2J1t1tLsQJ9kIQNCXPjPkGZA27/LuPkr4m/UzMVwWRYCtk8yH6sUcfqHIx/YExB/Z7hB9Xjv88kIOCEwdW7I9k7gXgbjT0EnC/qszh4wCM0tpxycojCujEyz4f8syDf5fBF8LgqiB/l9fH2BRBhbeXI5+HWS+Ie2QLUaWydE6scOyc5Z+CdkGAG3Et5y+Dbex7/kDnkkfu6eSmFbptzcvpJyTcwuXv/kxKVrtw3QeRPXrsQZ/9mYRBkRzNtBTRB9geHp83U7J38cMGOXhLYk8YQtlZZfXCHD6u4r8R9pv9t1rH4uh8QvBIn0ROo/l7+L/AHwsLlbhk+Qu7r/+TO68e8hXtfoNyBl8HZAff7ae+Rxj3YO7KN1SwtNiHHIcTfiyjoE5YWkDl8mKSdcewRD8Yx8zpCUD35tch1cJRqHhZN49k/Dxb+HdjY2WOTY5sneQr+D92Tv6t+7vwcsd7Ywff4A3xkfqdg4bcsa/lrB/GqyXls+z+F8nzMzmG7FrCmH/AGEcBLAzxuzBnHY8vd6Pu4+j/VADdThIHjYYBDMeLC63ZTlp1bcXy5wvl7GuvboEV+L1wZXp/cnWlsTgZc06ig8tvPl8IujbNA7A4mW5epFOxu85C/6hdm8LJ5aQBP1sKJrk7jV9/wAsmSEOmnkCcnwfiVvD6p1imSftjqaBIRxKLxETLvStr6U2fI9tWQx3v5Qzs+v/AMSc+Y/a/lveyix7YMs+Sw8z8Ovm36v/ACW8QbIfEZMfxl1Ownz7KbfeWucwbYV02+Sl795AYgHxLVuxHAj5AfCEMYg3luM2B2zcYgTJLh5Pr1j7nLAtR23CuR0GRekcZ4H1KkGn6nwu/OSKfUSAdkzEWqphyMJYbBFdjmBmWx4T3yH3AZyGRZuSP+x5TeTMB8rRYx3JzHH6kcbv6mZAfGWhYQxdtB6/GwX7iNbC3BLhPpYYH1b+r45Zvv5F/Dp/Lo5N1A+SGVz/AODOwG+/j1Mv1ZpZ+5Ijy0Cz5lWccvE2p9hIu9yB82G/jmDctQAbGZ6kb+pzMPLmuEhj1wtYeClhM5IQW5+YSV3loYWx2SThH+lyHl9/MQzzIxBzIbQxsZOPZfLOYH3ARP8ACeyuPuWrdHPEnxs3EsAjsNyDI8h2XGQObyJwNXb4yLKTuic939Qnxni63IUeg9vP4/MQB5cgGMijw3Dvpa+4c6/hj2+Yey3jloru+QdhZl8H4fZw+JD25e/g4eQmWcs5L4htX/g/D6n8h9xmz7yx+IdceW4R3tl185DhLvkHmyjAqFmWRf8A3YgW04Cl5EMKyPSRv5uOxfCeHl9gLQx3fjJ5Fx/cB+kNetl8NSGfpGnkS47kUr/iGtEBLsRciLjCS3LYOyW6fYs9uZ7aJANnhdl9l4pL2VQhOWBvRgRz+ieSn/5pbaA+DySgb5LGSnl7A1+rpMWyB07v/ljPLeeQ6z+1mWu3zsdhl3HS9t5+4fuZd8nCdvffwSOefh8j2Qy7shlmJLeufV47KSRfEfuBeuRjy8dmEjlsmt4gN5Bkwa+2BB840Ovvlt3EBskSZ3DPiduLI07EjtjlL9yvytcf6/Ue4r2JNcmd8WU3xah9T75fGIunT3L9nrLXET9TIf8AmxnnH6uIMPO22d/McyS+SMngW3XkI679QBcTGWD3kjJo6b82Cid+bQ+Q/kCbA7jEAc4R8Pts/X4hzvOQsMuGOzBrfORgXVGuWPzeMsfhxO0fwCOy7+VJT4np+A3EuWzkpNuE7H7ufjYBkb+ELJG6HWwYX9mza/8AFG7qfHd/hcojTMf5MYHdmEGYPP5LrgwUekKvDI/C2+QvguJ3GDtxB0/Nv+Q2GOlyb9RgQBgYXROSah/y15ZFyLluZAGsSHe2j7G42ClueX23HZdZHwbyIXRrdTTmZbsCbloNiEZzJVFIr/ZkWLhrZo7jS69/lxd+oX6/DbBtnGPX5jVodgD4jPqNdC13vxKM7/kc9jGwJSMz9xJryRJdDYS9fyUsHLv1ZZEx7fMn7jPwLT4QiBl0ML+yPgv8uSB+rgg3PiU+o3l3kBnbwvR+Lsd2w9gac4MEOIRpY3O3As+W8mOsgLkKXL6/M3DbvxCZL9RNntqoyHjBjj2BoXL5vsFa7dvm00Nw6yD5tHd/EzG/zFhhMNb0ANgEzOZZRzfMe3SRchd25zXg8bqCgbFn3L9fj2fxqzkSe2FuSaeRu55Gj0lfdo87d+2B8yfiBfYJG/z8bDnX8WiXZH/CMSclL+NLTZRJYfw5PkbOxtr9SuPOXAQ6S8eVG2ZObDsAZpKmq/uDFnwPSGF78OYyRh+yHOnIFuSPFhOXKctGdfiwnOS9W/gHIH4n9Z76R/C3Rx1yWYIeFtDSO3+Wzo42AfEv3EYwWZQ4ewnetg6eQBWH1ucA4iYUv2sp7yPWfPbcljvk/u0gvi8SdRuxuR1viemQZ3Za8gkhly69bH3Y+7PwSyPfw/8AFZ5BfpEgpeOXTtw9uWWSXxH7tPi/t56z3g9hyEQbYL0OS0hsxXC9Rvy/4WQpzBfMhNlbgId+ROg7jcIbP5S7q04vGBw+LeamED5j4G3kN8ZOjs7+LfbNfu1QNzI5yTck/Ug3BaI+bq5cy+1kyOQUXbGqAPVjK8mHy05WV278zxyYD6n25B+CyUZDeW8tk5cr8CmQOXrtghp+oAcldjvthOQfRP8ALI8/BtB7OPk+X6hmOp+pF+bpKw+5m9LKZkm3on2GfxnLnyWr4nPqczhBoPiJ35nVtA9W3F4Zcrd4fiXlk4e3fSNfAyu4Pstli2l0ASuGYwHfcggZC+TryI92DmxpnzaXYDHTyDvkPokfEDLLnBBhDEuQIenLYvBy3KvhGdGdMHPJslm9i76CIOI7koeWD19/AyQQTHtmH4Fvi12DnbQtJCXmDGbJ21eSPxLseWC9kAyWtiXv8JQZz0nOfEn1ZvzLnvZds7rfO7Ls+3k/g7PLZ1tS+tskfQ9g2sS2Pz4Z7aPt4PzIIezXsX3vo6ToT0GQGel1g+Vn7gpDyyHSKN7liMm5uth5iybjZYwy26WBrMi1AZjyDkmw7sUeStuxwjtkjHJuH0t0ieR7vjYjQ/tyetsSNMxvmYeWGcL58s2y+L5mIO7aJkfveknNjzrc+ttPi0PLUH5/Cu8v/u3efhx5Gxj829l5EVW+h8R0HGl79J1k4fVuXzeuQzZ+N/CcifbLyXnfJBR8ZZA4B3/kBNoT4ux+IHj/ACBYcs/5BpEfu4hCB/q9hGsdBXY4+zOl762bZP2yOQ8tQc/dpgPnSxRP9qTiSPCP0Cfd6C21dv5aIzGNhLmcexHko5bRy0K0ELsfL4TVn8nmvz8xkO29PmDwQYW8viXkeT/Ycm6wh5Ysz2nxOiAL17OPzP0ZPts/d5cdv0WayS/Ua3bELW+YYufxPUMeBsCOweG3Uc+bOQH4O2NjbM3kWfgmdf1cTPdsrRw/9tNHhX/JywAY0c40jm5gtjmukGEfTCBHx/Yw9f8ALr2ExydGPJs3SVYJ+2cgHmPi3nh16ZED94EZanuMf2B8QNhvmJckLNszl5vhtMiWdsI08l521FBdjAfWwfitTBIcvImLHM+7XJfcm28v8gzyfbi9uQfVx1PJzD7lYUmQ17ceWQr5vJ73CB38ZjKXiy/LOLl83Q200P2LtEQMajcFlD+HkTZn38fH4b2bz8FkrM6f9veVCcLbmE5y36gOszh9Vx0YND8t5osxI3s2wsgJIZ4fSXZxhJjvNTZTAfk/UKEP7k4OfcZrDFr1Ae7FuMwG9vollP8A4DhMyTxaEZZxPVth2Vw/7Gdi7uIhukC6Y+oMufjewyWGQDHPJj3PUQ9TPwdJJeclBsvxI6+bW12PIRcI99l2zbDfY4rLoxOwX7CfgTl14TyIYk5DbPse2RZN89g24w8mD1YzV7kf+zc9Rnl8PxvxBOcM6w3e+/8A/CIrHwb4LfUeevnL0AJWO7smzg9lfq/rLtALHaIDa/tYytyH4cvOjkZZL9OfMN1xs/GGmT7Ln54S8iHyEPbtr5C98kCFd/kZYwa/7ZE5jhDoZy9bv4apfF8SKwJPeW7dHkez6GyKp2F67Zp7+Gg8tJqvhlSvn2HluwvzL+7T/ZXINsz8A7aVjY1GCQG7trvIOwfgBckLCPPybeXy/HxE+XzKEwwPxvbjAvTsgCt8XfQQU9zlyJDP1ifs9Ztvz8pMmYGYfH3J++RMF+sWUNfrG6/uxnd7E+4PrOy3+8m30sTx8QAH+XYd7fLdAQbL8Af7HZT9bCn02NjMJjyO9l7ZMjYEO2frIYfcnIQ+icPS9Ir3HOyEg+2Gcg5JfH4P3JAsdg/U4tZzI6cgCXPY/u/6l/U7+OJbkthAz9z7PJipRHqVIhnpMYFswIrZfDLJMA+o9jUmWqWOztj8fEeSWXjJXf7pNOkd8R4gHZEG7B9JUB3g8g8p3I3JD7MHRsP9lA6WZgQ5ydIAuvuMer1kerfJDRs3I2yxOyjh/jLqb/1MZpz9z7p4x+gSqT8tmAfjIEFPyRQOfNgI8yE38WFkoBdRHN5fXacG/EcPyhjk2+IeXxeH4yzsEOWv1d+YeyY3D4vYcZdfqXnJ77ZP4YZBYQctn4QZBtvzO2mwe5DNPoblWk26xaQC82AD5Ey18XXt5ar+APz8T5+Ht4d7HoIfuNWBjsCU79BsOGuPWpUYnXgWKb484sqNXdv45dfIPs2OHjqD2d8rEb/mx7kSDso+FSLEnfAP+2wWvvljfpDsW2n5Q7/BhbHhsoXGwZEYnxCvY1Dc1gnZM/8AtEtmuc/GEG/MITMfIHKB2fIdLYn2Js7HkJa+JrW23JVPYJ7ctA6XXkdsn3JMmOPZ+jHLdsySVOnxZMHLbmPjI8UH4CNN0tCMf1Z4gGxAHRtrV+Ib1jps7Bl8QXxfPLPv8JJ+Q9L5Zy+jI3c7YA+L+efgYwdOPE+7rCegPLZPg5BM7ICpMv1d+RsPPuMhrtHxFYg/UHABhJrO69IJ+DYuOMi9eWTNnWCObLmcbdUZ9THaeTVt3exjHhJhsC9n8Ntgib1y8Oz27O3x2El7y+bLJWVe2GnbFviFvIpG/F0jY97H6Yex28ZkmfMsIdIuaMxyZ7b/AHjbfq/5iT1nD6hqvPiWsdE4dP2lrjywj2yd2D8Z+f8AbLySC8ey/q3eJDhh2NLTmQ8yy47bz9w+XE7DtaqXAYK65MQuQORbcHB9ZbM9s5HJAH/tl10tKdnXLt26eXcZlgbsATOmQ/8Ay3TAe7Lrh87ZGP4EPIfBvGy1TEcfw2SPVln7nbHI9jdmEj8IGzh/br21dlzyElJN/Cc3bXq9Xnt8ey3xGjGng9tro+ctCumFHywMB8uej/U8+RztqQPIHdF+1OymyNlJxjDyNs/cGT+CRg+5ct18mEfnGx/Dmw5zlihXhZfj0bYBu3K3H7yUO8nAYhO6EIANMbbYaezbC+p+pFWNS+HZW8Mkeo8g/IbMAJQbNsPzL+fIhuTdLryOe/h1L+NRsQksvEx4gbZluky55ZtmT5YsGCW+Wd7PfLITZ+8vaZzls5KmJk5MEvJRIKYnL9zxDfDtxAbLsdCyLxgv4nyH9W6fjGeEdNui1G1Wb2ZlrBBs8gjqXlpPficTIWAwxIkANB8R53CydInQL5LP5NZ0x8zkqdMYtZKhplkjdR7GuhcIwVCFrwn2GvNlPeCw9jKGMJxuHEhTyVguj5M0W+R+7Hzc/C27el0h5bt3LxszxYPZfi8fkcy5fMHYdv5L9275G33cn1x8Mm6JvNlXcxdwmMM5ZWAOXJHivFtiENBxETeAn7tJR+M3yN3s9sZ2cHLn5Ak+rV/AifMtOty5APlotvX4yeDBTy1BLaRZp7CnzsvNkdHWKn1swM52JiF5oZl8BIkvysNbMNydwFc5FwJ+7MGP5ZaEJwWTdxhyTGXZY3jHhifzkE8l5+XxKn38CPG1YvUHjOMmTbPfwTJZhsgVNOEQf6ZS35I+vlpxkO5EFY+ra5E+5PdEs5xHkYT5vkJ98hvfj8EOPu2z2UMG/EmW/q0+23IxPIch/V/EH6vDha3z7LLpD3M58xIFR4dIVla8OZIO245FQky/UQdO2YN9s2jYjtrfeTNGDgGfuHIfwwEN1sZ4g5OTn3kJP5LfqF3pHpDskVaF/V1Ykfgss+5L9wH3fLGessG3ry7aI36hN+y1aLTBs8nye+XybbEnOJfl7GD6RTH5m1fVirztgkOPqwLIvQGU4IerDnC+k1mcM71mEvpkNy8hhv5RD2+JgjFux9WjzJgs7Zb2GG9vn8N5Gbr5eLj7/wC3Boe/q747BNIycrEAY16MBXRKN3CM88n2KRQNbK+q2zChVmMAMs5yCkKSiHn41NaP1J3by3S+Ih/Bdtl7kF4Y4p9h0nFvbhYWnY5+AaQY23llnWYjiGzEdmjvlnHbKe9uZfV9Y9m4gIAh8TZkA36YVT899kgAFrdun2GJUHJBfu5b+NfwCeH/AMCBPIWe2W5H9tyzO23Ty1zb120+Qc7LL6fbG2/Jsx/2HGI7EfSTXeSc6gOwUD4tT8IHi2Om3sAaMGoCL7F8J7Om2z2M5aPJ57fZAPCAkiujgw7zi5v3Zb2XL6ljPm+beT6l1uDlu/l2Fy6nmXs5jNb1mISI+T2bQWYRDs90iNEuMgfqqXHXz5suh24LZ2+eYuZEAGvwMSW77rFdWsNYBGYke+Wa+WTfH4vX8Ehf7GsocuyXPg/G6ZD4ky8cgPmesPJZnvJB25qRP3CROVzBmQ/t96zO8t3G6QuMuJschEmZDA7D5EuSAbto/MD2QuM5nssZeQ08hYBfi+meKx4D+qw6HH+SPxZdfj1+A5Pn401sG/i+fgXPLbLkZ+CwhgSvjl2SVujmS0QPb2yfSb19WTPMYBDPLB9Imln1IZQHf3LW/sPiU+QfEjj43Iw3YF7tvORvzezwlz8NsRjHD8E+p/GWg252azS2wf03d7OjuXtNZeMJXcGRuaayGyzxuZjIDpt9ZPw2sGzkbMzOSADBcg3L5Lswdut/Ruu6hGmDJndl7t+qVbA7cPjvsjSz4cGViRvwM6IrNfM3kb7FCDfBbdNMz9S5PY5D+Dj/AMtJPz+9+n4+Z/sZcyeieXQVC0tswm3OR8PIRJyHFieMY65l3BX70QpWpxs/4kX5rGc8gOU8xbB6dG9Xv46JMj8ZcyOp9/Gj87J23Cew/EO2aSMefHq+tMLp/wCyYH8GNWnXzsmhvsDZSHNEn1MOkuNvcfZnI7OAzyBdnas/mQPsKfFmQe3fY9ch4k9uIYuF+SC9ZPi4SHvRI8DHAx2cdXJsWAOaY2XSfjYgRHb1ZHL1jF3kP3bZ8/jcIfwC/sCA4gyPZM4TGTgbKR5az9RAzyMIWtOZJ4fU3PJGPZ52BCwPMInjc+iyaekpI12LamkuOKScsSkDkHLLkwzbl4x2+IMG8Qc2+bgamwwE1Vyxxjx+soSXfUDVa/hcrp/GdsgIF+kPYKFk95ZTr/yHyQz7dpLi3gQ0a+yThazsnbNt/wCQiyv/AMnG3ceW+ez8MGfauYsj4/cGqdztm4J4R3+oWaH1hNxO/cbvtnP/AIXQJbPsL97KzT2zObcHth8SMV4E62ZKjV2ADfYvN8lF+J5D5gBnrbLPq6T6vmfUHOWtOtqTe/MmJ9luAT4ZO46eTImJekDgLKf1en4PDt5vj/4H5HYc/LeM3yck+fI+db1kVd8VZHVo369nd5lvz5gzyIOFsd/Vke2svu2XTyVMQZxBx3shgdiEbd0yRBkeGHOR4jchJa6fF/1ebzWLrvUtOA5n2ImkeI3d/wDbMHw/7bPf8JLF5Dyn94adAT+Fb9HJTSsftnydoYhOgZN7t7YT1uhpbLhy28dsR3ISHkTun9WFNxuWRd7kVXeSyPeQ/wCUYLALKPJEkk+zTEhVds0d5fJyucfqzkXRcW/jPwONz8AkU/B7L66/qfgce7OT9lWR13w8/wCynTdkd8ufH54+fwHTyOmQZEhC4Nh/sG/uGqQMVf8AYYCCyloSY8st+V15f1LDtluT33l0PnLMU39Jh0/EIfYrxDz4ixvthbfIn5Qkj5l2kjztgjoc0vFiw0jj5t4h5dFj5tl+i6kLvZaLp9SKr2//AFIAjFByD9WbLltn0sodwnaoPONv/COyAGe3SnYkHo9tVXH1Z3ez0nGQNzR2JGtJhKWcgbmWW2/hIELffZSwE8fZkokfutUW5pKVZ11lVwd9tKb20+Jy+Y6ly2ly3I1YijvxGZJryG42H9lDXkf3C5GE6H1aYO3Iy8XhPfJM2BWyO303xGzMus5l1dP95C8xM36+ZgD48vh92Tqk7n2BeinbW/rLEKEg3/oYTjl9AYI0Rk/JDpP7gA2OJX4jwsq3FJYOp9vti/dMS8tl3yxVpn4Zo4z21NP1fNfiww8xl6fVnbr5sseb/wDAgfqPLCPE/wAYvp2CPWWD9R582f8Aw48j9ydvn8LhuH+yrrByVcv9y7A89bqbDra36/UzbH7vVvxAsGewnxDvkGmQ7GRhheKFnkPSTEA+LMMpiu2AE5s0XLmvulCdXTDOJchBDRgECGmsVgRPsJg/ugIXswCQTT2Z6gbGOEjOWJlGOyy7PvJqYf5F6Ri2jk2PEScQcOoVsZcsvN+IdPp7aWvxYLIkWIDy04PLRvu1rixRjGx7e8kyPiC8viT9fjfuQH7jXAFsN3yHv3D2CMSmCB+S/qXPi2P7ePZ5L8vk9NOxr2zTXhM3puvZLzlhJOofbbXyyEHXWHyvZ7JIRONhKn4wy/ufPOyx7eu3zBl2QvKhLPifbANoOhY2sl2GsCs5G8BsqGuXkyNsEa/cq4WZ5kJ05DRl0mVambZSt+WO7qzCxJJAELK7Cati42f7fIkdCiyZELY5AdAy8LRHMMcBbEI7+rJOfu4QD7hTfDy4Sivjd/8AoQdKZwxBhwjOjOGhv3KQqocEPswdkJjyMicR48jvzH7XB7YoHYb6L7B0Z6nk+CUVwXScxvfiED4uSbHH4YObv+WcXz/9TT40bW1v+35/9lG/vWXXTv8As99JEjIHk48n6W/S7Z9xH2DJsSYJFnwsQbAAvZJ08unTJ/lyFmtm62T6ykDZD9cvCUGMlWmbOmLljqkPfiDCt434lOfty5bvwJQDEfwcgIkSpm8+pAasBuifuskHe7BvNw82eNnPei4iwhpHd4hdwhEzIA+5cfjyLDZ9Il35gBNN3UOgeQkF7GhB8xJAoXDnb+TzMH5QJhGPshb/AKurTt3YMA4/y42t+Y8wQOu7YbmPOxJR3v4G79kZndkfJwA/bjM+IL8pC5vyuge/dvunsY8d+4v1YycE69v/AFazPvZSwyN5+QB2OkZ4bVjsOAZ4NjQO3Rk3XFjwI3CxwBX+2ATGLpTOG6Fi9gUJgclcXGm1D8W+XCITCWI6h8gLQOs97eYmN5rsmUN3UZnoQjwkSGThx/yDzQRcKjVwIg65/ZDpT+wccf7eAYuIBkTrGRl55J+QybVQK5e5kv53zZnRkce5HBWRtQI5jGAUk/M3JumpDks/DChR+TEjx+0G/GMNO28TR/BfUNuOiQ3cy2Y49lIeC5kYSH5tA+A+djQwcB+ZmI8Cha8WsBktLB+LR7BvsCoTDcL57XfJ36unpZ2DPCXfJNll70yxmWMiMBI2SIRPmF1ZjkHex1eBF6fLBqyBijCxeIsJ2ILMe5dhTIwMRPo4WE126tuzbHEHE6uckfJPaJB+HIYEaR9hBPygfKD6WjWxwXHNSmzcgTdsUeThvMrmbMbI6+H92iiv1b3ggbOFzAMFs/8AIdIWqZyA7UOxAsBljNnT7Z6uHGz54uR4uc+I80ljERpD5EEG31nJ/YOQagEdOHSTFT7d/wCQK3EfO+RkMXwcmh8mPlEfEfSb4uHfZQzO2h2w6ew3lk9kLi2L32O+eQt7B9Wr0tx8vr7G50tDpGHtk6th9xkB0XETEedtPosndP5ep3/lg5/E7ANT+7BB/cs9egg807z1aQPZvvqbikvRIwK0zxIZXr5jKacfW3/+0hzt3h7CN8LGIx0cP7JecSW+t/dlYcyL8kocxvkC6cS4kyTCB0TE4/7BGHCzCJB/EWd4fzduMNGZp/SFL2CxbaOY2Z0p83K5PkOjIb7AL7LEPH2+MfD8AI+/xDgMmV+oEfbrX1gXfHW8fB/kMYXgMGXWj+IB0/ttSCa8NjOh2d5M3nYXYLA7CFyCbN/DL7O2Px7M+kC8l9SQPPI7yQ3aOW2mdhrI5kCRQ6MvXt+9/t5URROrV4ZLhI0xtwCvkWUrrmf5dlVgzrCwc5m9llymRGgsQpeLMLqB9h0+oy+J+70CjsX2+M/EQd+LQHFkjH+wc4FGxlr4YuZpPRqCWLYUUj5h/WMv/wBojBB/NlDwJbF5Fae/F+ithRBet7wc9tuNQ/iJn0mlgkQxk5DvLPQ4R6P3ZhbDl5YQfVhxuwOBr+7YnQ7K8QYHslbF6psfAFkaeHwWqyb+ISrnxG+Yc+YkI/5B1C8oybKBunDbGaEx6j44F8IZdOuEt9beTZubsQdZVPU9hAUUV+kYnpLyk7NL1O3KE8QbyB4PYg2xNP8AtkBZ/Y+T/wC/in1kw/A7+oENkQ+UQDD+Rxgr4ztu0ywVZsoPgx3vZAwH+Rm0SQwGB4YA1Z6rkh9JejsN/S2b7FcbI0YfryDe9s/FjwLf7I/ZBbsEwuzo5SPYBOb0WbDj+7goMOpMfm3GeQfK3g3SfwRZGM9/B75CxNcv+xIYWGJEwsPvy1TMQcPiN9L8sqRqlgPD9QDN3WIF6TlAZJ5YR1AkkHS+9WF84wGxnIz2bCacniQJ5fiXUfI+lsL7Ma9uGdutfFrEsWx/hJ/qIjnGwMDfu14C3IB+LOEGG8DC6DkLqP8Aix8GWMNIhmK23qYm6JwJc+LqmCNR5z9TgBkM8H0zQPF0rH6lI3ZkByWLW9RuYLJotEhoeSczY+e7dLeSQGm0N6/Ul7Fld9b1bPca22Ju26wXMsBnnGwGmymxZyE1MYS27e/Uh5llohmNh8UgHJ9RZmeG2AO+kezqRHq2AEHy36Ia6WeBdDnxEesjGt7i78zJnsrtcu4YUvETj+31EY9Z9uEluuS81FtWPAvW9hvbPAvLqbZ4GDj1HhmSnskZ9RGQxAcJOYusKH4RAvwREKDIQbA7+5T4P7BuGMBa8gclxgbY4c/yQ9EmEyYMGQDTM+bcH+QnkXkA/u6HB8mHQ/DlnlmPK2YDYubHQq5LHvZE4qXyZqzTqZ8DYvEu+Qb5UCTT428DstakzOGwfGXCWcSeuG/d3eahzOWqNjyGOZyfoxgDh83XifGLVqrwNx5bzvzdn1+Aeey7sukuHzHvaAP9uWPrPSkbnk3vrDjF2I8vlfLkszfEm43Yj5WFu26jtQCQO4wgm7V3k4Ts5vSP5cN2RdSBd5DHoW7vkfnV6VCKmWaDJw7Fj6LlaYScf/LVn/3lYP8ArbC6QOoREzx8rKimkd8HPgmzozK15GxQ+/qdB+OrNN5XwhP3MeHfCH5L131LxWVBOSR9ZH1QDo7MeoB3pt3CWmrcVd+8WkMk/wAn7EYEDP5a7lnE/wDJM/8AzPtwknDX9QkMcnLjHk8k4EyPxctcOwrjnbPfEiJ5yc+5HxK0ttrPSEemJNsS8s1nAvIPfJFzhF9iwbLyZnYZ5CdexrrCyYNszjxvknJoGn4pkj2IjwlO0lMl/tu6JBPofqGIHWw7/wARTE3GzvlKBST5i2BjL9tjgwUBxobGpDFNiDJH0LV15jGGpGCZaOXW+riCU0FM7tPqBxX8aXcusHd1n8HLCaWwwd/ZMuRMMnmA/tyfBZQuPmL2MP3AOyXC0CLPqQDhrFw1tuPqAziU3MRP9jkpKTOROXEcYM7j1YXyWrHGMua3HByU87C9JOVkHx23CJyvNu68tz1ILuDGDAYuMp/Y1fVq4BOLZ3XYQpybHQsffP1EmltcuBDjWWzx+7oeiR9BAOdlkNG2A6BHOz+rDSUkK3UolFukq0O3EPN+Jnzz9zHIdoJ9QRxAfq7oG3rmSkEf22mJX7jGOsI+v+SPSYDd/pJI/wDYIa8iHlIqAB7IBb/kJTDkgOrP3bhF24IH9bPrAkjQ/wDuAtTt7oP5b4RbR0f8t8k2cB+28g1+o04n9ihoPt6m342XGdtdmWOg/Aa8y3CgvtGwGyrztg4gD92WUWVyxhnG3YHLFwSHAD+zhg2BvwRfLSwYCQPwhCGF3vc790injkBQP/JMF5kf6KkF4/kdqH6h4JvzDdWPljLd5bof1eZRftaZHrMnPJ7fUxZjs8hzWs6rhyx1efcHUsrKb27/ABvkAlGIPkGHtHwP+SWAECjnr+1gTNsHBESdO/yxAD/J2Tf5F5xv7tmhX9zLfH1fGeXIDbCh2Lv/AJWfOP3cLp8WLRz7ks1tjaGQhiF1AyXoytu5yAxOYxhZAdZxRl80YRwOF4XLZurlIIxiR2f7HxXGCCWXqyyenJAa8h4nL2wwu/jmprBheAxXvLia1GNOwPvLFgzmOwwiDrt8htqtk73ZGRFz8GBLIwG3u+rWbcgT7LxUHyYg+IIbLzvftjRbn7s68QbFAGYGO8gg2Lr+Vu2kyzJPHzOLzg4f8tgNfqeQIQPb2ES7MONmC85bH4PmxD/uBwgQvGxTVjDmVmYeP/FrSxauP7sF3Gl2hk6ef26w/wAkOCEwHNNT/Z37bGvL2bxsQgvrbUR2K+jcEZDb8/V4eR75McT/AHZNHI8V22fdabySbTYs8QD8f5JwYvzy8frD4wQDS2G4dt8zjbGY2cfG4A2czB7HJztiOhCeyzEHDTf7cc0IHtP+2qvM1OE/tj4m3ZMGIXcz+zvD+bDO8QaKMs26zrr6Se7mfFnfL7kOxX6QVsNa9+rIeKcs/esHE79So/SagmyDJ/k2NwmhwEkwx+0mghv7iywzWLsvqFG2t3peDckPPJAngsE2NgXqRDq+LYnBtSHb1HC5jFs8zk4o6SURhdB3cQBgNTfSSp0j9t7jlhPU4vqaBLQGCoknTW50dTyZqWP0YA8iHDKtiz/yL5oQeJ9JAdmw2+Za1YwdIs5RJlk7fU5Io1GmdHYvxkNRdQYs6cnhyCDqnZSkTHjcEuDr2A31m9X+R2qySBOEfKYg67aQhZV9in/3yeqy8dOSQ1t1rkciJdWafS2w7O9Mjjn+pYPtmuBaUBlFOJaR0XDWv1YuGMT6gSKqw17yGn5vsYn2Cngsp/smNng5toXtz83gW8lLAm5CB6/VovY8bccmwYCTNLD8SMHCVvqF1gperHBFtbsspHJGtAgd6IsNIXIn+Stfb6ncTn4w6prOODf2Wkg3fghz5JTxyz1fwIyNBsRpGEBN9P8ATO9mQzpP7AhGWzheCRmO6h8nZhKR6/jQjLz+QcJyP5khDSkYhEkCEsXJbEpNsQyC0YxHBsA49RZoJJ2O/EjnKMMJO6bjmo5rmDdQeX0Ik5M2xBCz77j9wD+SgECKA6y1hJ/LfGfu8sCQYl/lgDtk6JMPeRsC49icBrIHX3gSGuxubmEvtP7+ONBDrPmAS+rmoLywlN0tdP1MJqE3EsZ+4r6LYPUp+okjm3KtXzPR8PiAA9Tvf+IoNh4fUqvY2STMYEfyDQcsuDyQEYfD7sx/icdDZ/gyU1cgM7S8vWf+wJSDsiPqS4DJVTercpOMmx82Vxj+o2i7TZ8mxhVIK97uzUzBpuDriNHDyx0ht9ovCSDGDrCFHjdAdyXY9lYZHKcsGdfu7HuQA2aRgb6uvjLIppLusDyKQvs39Wa3Iew9sWLzTyZZ5NMbLBS7nxZgCwDkOmhyI/yLnnlsHI6ojz7s2b2aNTYn6klBT1avMOdmLJmSD9XBZR2AmnFqNqh0Nspu4wrDjYyFfHLO+ZGkxOdurHT4sIcSP68+LrPZIddMxx5aosEudgj4fzdOof2Ch/kxtBDPvFBEzqRQQH1I3n+QukD4Olh5p39R4y6ia3BMEXvllW8szNtNahx7cGg/clnr9yc0z2GP7s6sQ2Q9sj1YJQSl0hTm2k9PuGBgbTCbAMn2RxjmP3eAO/F3Iz6vjEt0Z+7Gu8i+W3cPEMZkiGJCnL9JAHgSa2PBPIA0K3YcXBA0i72zB7cSjsaB8Wx4RXB/t1glhmEkGTdPd/UUUZKAYXlqIycgQy2hL8OyChz7bMvn4WuxkBBEwJ85ApdWzK0QMDr6vlBqRz4VvztpE1ZnlhEwrN6Tto7BRrSRSmt8T6j4MMjK2pBbi2wWFh0bM/p8whP9GKz3+rpKrbBUlCE+bWXLVn6IH8sS3ZvSnyMW+6tsF3QS4XloEhSez1k8zgyHIX7Nm58Qy/yERaIS7A4Q3C2fidg+uQNCAg2VdOQhpDF4YO4wEakvHsk2Ouj0hp6kFBmnsPrB7dkAzAIh3bPvxCpeJ182coDH4hJziQnZXwIkiX2MQ1X2AFBtpBmPls53y16YvGc5JvAsHGjnk0W18Rh19kyMTPqGI6PqGXN7H0fEwfpCCFPphB365sXwGpN5grAx2Z4TOoQoFB2dHPY1vjK1ONhTo7Ch6OEv8EGwCA9A2W/uQd8+XOT7S7MxOnX+Q6//AHkO8ZOcxk4d2fOsh5Cej5P+Ee/+iweifyROsa2dhmVfB2xHOSz3JtPWSRchtsp7cWIX7kw59g/7JiclP2JzlnUbatYDTmTAzM47faTVMbnp82+WRpAXXsWj1ZOdsodTvBmQN0ncFtfYC0hs6mp9PG3Eef2JhZZg28dz+w0o5f8AAkerPNkNmdH4svkPvxKbZz2viFuDD8Mem6tgp0skMhG5PbwHc9iHxf5dAfj4sDvkRbENYdwVG5HR3EiLGi7/ANvsTf1JzD4fUjUho9v3OAzozrbXFPAuyPX1BCA+2bBr/U6QpvjaP/BDi3jfI+x1JPFDQ5Fxcj4YyOphjhI4MtvXsQAwWrutmdUsHL6Cllu5z9xod84fqKQSMz1skSyOP8jPOWFM7ex2ahpJ/wD3ykVETWmsizAbHLutghyYyOs0HU+0kjcwAPf3kR3F/GH7CyATOaGyKFbGEwned5HwYw9OT8GXwBAVzkny0g9e3ynZPQLPij7Pbye81cnPDs+FufcQczs2bROkBga7hJbl562AX+JW1v2Lgh+gRFakIc7LyofcQ3y8J7zEoXPmSCfpdNGVC4u7D4Ng8cJsWd6Pxw9smfJAvyZbh9iHvlzP15MB04Q8wbP8XcOsrAhiGCnddthvHxIHcchXE1hqcadhZdLJ3mfFmgTmLgw2DMXpJ0Uk3WkYne6h1iAFsFzPqIaJyYPyBRfmIEY7wKNwIMfmFnrnb3rHkyTeFyBBZkbp3+yr/wBET1RNgaWsdlsbtQa57b6MkRxsvGbJ7FYx1lsHuz8HW0EQe7C+W4cfSJLG++lqH7tMR05ey8lDvJfH4WHTlk1UnBKLK4ebFBgQZ9Pmd0W3QSQoGyP4MnRcPjZaBwl6f8SaEfKKXofiYHOZEM5CgeooTpYg4eH/ACVbuttjDup9HwWB0kD1gSTwYPKGxG4ZYyTwVwhv0TNTctZyepyl7fwj3Fs2kYwjFrCYOIYkGtvTJbHo+JG+ksENvi+5q0ZBH1LGB9Wc8n9sG5f1svb27zjZzXlyDa2Oe5bhhZlvG/u4CgfHM7wf6su72K7TkBvUCMMP7A4EnHxD8ERRSd37tKMQ1ywM7BMLxGCdeJXwMGxOSaYcslFcSaWHUduJ0ST5UkjWE+ZvPFncgYr2XEO5OcTkrrX3bPMd3Z0vxkWd6F2DrpepgiRdJwfCsxoPPu2G78ckCWDpJqcz7kxHYKSA+Rkh7J2SV9y0G9LYoB/I6cun9u2aMMPtEge07N43z7mTNtD4vO7Jqbtrn8JQCaFp7J+BkqFJ3Q25LcsB+IFYOudbPzBNJ1zyKxo2A+EA66y2QH9mftJE2wtZjC8E4GluiORZ+EBmYGoiHoG08NsXfEDu07vi9cv6kOrn6smoP5DtfhhTvpF3UxcaIMqwzvttEHSoRbNQ4ivMrKeTh+rPhJ5xP3AidnDILqb9WvBsaD+B/knCv+RhQNkeFD0Hv2zK/llDSdgzfmYHAfU+fH9WKHHuRzvOTcL/AN3U4Z9MQMiMb2g/uDnViRDDLRCAvuNOHYxH6g79JeZuy14kblMXYJ42D95ODrBI91uELMuuBaIMLl0uT3s/uinYssidZB1/kbBk2vGM0/5AHnkDsMhTAtlOSxTn1L3OSUzBYbivzJU3Uzk45I+J9sHxH8ucov7kvRIBoUfqPIv3atSBOOSPsRxRlPxneuQR8X9tpxN4df5JfS3PYtmge+SZwz9E88a+ryGH9QADb9F7p/yciX8XiH/LgmsiNx/V41/5JYZ/pPTUD+QhV/kRwP5dQxmNTdXjZG5/t5+v9sfrZDdbIeE/cp10/kJ//CMc4fyC0X+WjQ/ZO4T+JnqE+Y0lH6C7KWaDDW8xfNvNNeEfJnEcO4blWsDmSAjSbAFycG+QxfsUTn6yXQSaJA5AFTt/HD9WH4v3ylam5BAfN5MGiIQ9JnDglFdhfRLhxzEr9nWByWhNNswJwHy2GGQGUU1jNflajvI9B5ZtPZLw/cMMN/sC1/vYUf8A0hOzY81mCX8iqDP5bPP8JZj+urYo/wB3uX/Lgi/24rmBZhslXJfiN6x/kron/YwGpMHefufFSwww/wCSgnOB9AyddAH+Qy+f8lmD5AGuWl9z/IRE4eOwvn8JBrYx+4LMk7IttCdaXbGBOn6WnIDnFfISbrsstMQ72zV8gAloMD9w0o3IpMFgakA11ej726NufHl09DPZ4s+PZ6HscA5cnUsyvYMXyYnHLpyW5fmVdAnzEoDts47dEZKmp5PdAuTz4A2yffu3ruPwQ88cZVPr82EBxI6cxG6U6EF+p+hz9WYuAfDL6+Pq8+T+y5gv5L9F9FtBf8tm8/tbA+v2LD/jIZgfzLsd/BOdv7PYwsH2NkI3+XKOfQSPB/l9Y/5IftB8OQD1Z4YuweeWncGIHlweWHpGHycE38ITfLxLhlro/g65L+r+YP1JsYOz+rY1+IGTnskbzZEQhH8Bvj3ZwHRAwGad1+JM6+8gmZYXRi7GMiBIGREkwzftg/c2LX3llx/sAnp9kgL+psPi54yyJCM9tmsD5sx5K9bDh2DOduLR2GeT+RPYvbhDqM31dcip6YHE55u+z7vgQoQNcAt16f1ZQU+id1kyI79bGGJ8Gl3cj9wHF/oRxgP2IH/wo2c4/q+Dcg3ry2NdQ7uM/AX/ABnBH1vYSaySlt295rhJzuQAgJMeQbw/Ak5GS7+PZYWj2fwtuzJfwluQ7P5fLTn4CiIaGdcFhKc+rNv/AHHfaA4uWcPZ+WhcKGxzb4WwGNgwbAHxZGOy6diDpDnPLsTy0e749tnbrPu2QDixbjDgZ2+W2Eb0bIBsAD4bLB7aHLo+kmzrZ/2Fm8ITqPqZLtn3yFA8/Upw/wCR4wMJ7z6/HByPIQkbUcgwB5fqiG5B8uWTm7YVy5tuX6zqaeSn5gU9hwEIHzLsf2fYNsx8hdF5fEFxDyU9/A8iN+Zz6lTw5AlsN73GN4wDq4Xm96ld4QIPiLzxuT/Yv6gxBGLj8C5aJ+Et5jkIDn+zjZk59Wc1tSBgKETZ7Ojr2+dF4ibKHTLTxPnkeocvPNM8cHY3TxLZTqzHOQ3OJ9Z4/RLkx55DnFd+5sd2eLrYez8/bwElgMuX2WECEJReTgtI8tJxgnzB9hLu3Pi+b++WD5MSuM/FOHklZG+', DATE '1996-06-03', 'A Coruña', 'España', 'experto en php', false, 'ROLE_USER')
2017-12-20 20:14:30.902 [main] ERROR o.h.tool.hbm2ddl.SchemaExport -
				Duplicate entry '6' for key 'PRIMARY'
2017-12-20 20:14:30.904 [main] ERROR o.h.tool.hbm2ddl.SchemaExport -
				HHH000388: Unsuccessful: insert into account (id, email, password, username, name, surname, image, birthday, city, country, bio, privateAccount, role) values (7, 'admin@example.com', '$2a$10$Tt.xX1i5lzepgcLs1wNH/O3EqLA4Nxy8pPuhtB36Z2lEg2TeOOY7.', 'admin', 'Admin', 'Admin', '/9j/4AAQSkZJRgABAQAAAQABAAD/2wBDAAYEBQYFBAYGBQYHBwYIChAKCgkJChQODwwQFxQYGBcUFhYaHSUfGhsjHBYWICwgIyYnKSopGR8tMC0oMCUoKSj/2wBDAQcHBwoIChMKChMoGhYaKCgoKCgoKCgoKCgoKCgoKCgoKCgoKCgoKCgoKCgoKCgoKCgoKCgoKCgoKCgoKCgoKCj/wgARCAMmAuADASIAAhEBAxEB/8QAHAAAAgMBAQEBAAAAAAAAAAAAAAECAwQFBgcI/8QAFgEBAQEAAAAAAAAAAAAAAAAAAAEC/9oADAMBAAIQAxAAAAH1TZhEkLGTEBkJsVMEABMIE2JjWMlIQwTGJpiGxMATBDVAwTYDTAHAMsTE00xBpiGgAEpIIziRU0kSaVDFSkkBiqu2tMVN1ZAnCoKxEFJ2RjJqiQJTigpMhJoBi9EYgDli5CJSITalTZYiSExwmAmNUNANiGCYhsAUkJTQlh4desPC3ntHwuoaRghuEwoAAAGmIkhKSBMBMIgyKmoRJWoYiGCjZWYIWRqCnGFGTqttCUikwEKSJuIBIipJekNSDTAZKmAMBDYgYhpBpwmNUMFIABAMsHHOuuryHmK9p5PhupwixiKs2862PT+g+aM+zafkn0nLpOMgBLJAgAMASYomqAEQEJpwAUJoJJhXZXWKMokU0JSVKM4iYJEkyuTATYk2sFNHSAkTUiLGoDhMABiGAmoBsTAQwAYhhHgnzXU9NyeW6IyVIZDLI0h2FWipkJWVEvS+a6cv0u/5fKPqx8o7B745vSBihgCTFTBBNAADTEDEDACnVbUYoyKgpxhKQKMkQjYWRJMiNqlIIDBKaN7CAYDTEDVSTkEwTEAOAaAGCaGV1Vpq835yzHyJRpgElZGojmtlQyVj1JzoQkXPSzJqqmbeZVEvszSOx9C+Syl+1P5N6SPalNwASgCCYIAAATQNMBSoqtqjGmaJBCUgiNkSSEpFRG7EpKIEkELEbxkJMBjABWBCGlBiRkmCaGUTJGXjF3F6vk7FwnGgaJBKrI21xC2uVVW0zJdHmTiqVeyt0cDJ0OZQTkVS0szK2sAa9X6T8i1yfYjkdeVDUA0AhRpohgAAN0qbqTGpIQykNIAhpiiYkSQCaIkha3JJuYQmOhMhpigECkqSkgTULmLmV2+T5zz1ehh5tGnMNGiVRHIhKUTTSEQQUnKyKzVenMlpiueWnpHKs9LwzA466qn2KDjwvzEooJII6H1P4564+hIeagYgAUgQMTUqTTDPozmVMqI0gpIBqgGoNIAQ4TREYqhOJvaaAyENgNKAQIYk0PDu8wUdHoeR1OFydGYi0EhMZOFXxhoKYuAOMgtt7kc/uei6p5jZ6KZ5KHrGvm+l05px/B/SfFHjpXZjbDLbVauRSSZAYpfQH1XufM/peYKSlEwBxGAEoypMQZ9FFZFIIsERJCGxKSBjojNERqENCUlW0ZkAwQ6ABjUIaUQ4r872PPnoPnnp/nmoVtU03EWipuveYzrcwihj6c/bxzPRS1y2XU3FjTIEiyMpsyeY9bxjwHF9jyjztl9JO6i+q69GYcAVDRZ67x3ck+i7/IeoW8DIBiTBSTppqii/OZgZBgJpoAxJgSHUVJQRlEAKUbIG8ZCYCGA05UAqUooOEjm8Tr8ZPOcslWaDBSSoBBJM10QtKtlPaj1nSz2w9WWS7dOPRGkpdXOudk22U87p418l570/lUx06Gc+rsYaztgkKhpyqyBG36t8e+snWUlKDJCMkMChop576EyMAUkoNAMRAxoATiMAiNUKUTe0Q00A0rTITAE0Vk6Th+R6nnrKZV9w8zG6ipISACym7CWmvpQ+9TvNtuS2WdlGqL9FNpbONhOSnoSQkcm2uXyPmfceQriwaSahTSpcSUUxMStqZ3fpvy36hJcRnKJkAFDAFJUZtWVMrGJxkAmA0RYDBiJQGmiJJUJhtacCkKk2iGpQAQIOV1fGmHibuHZohZ6w8NX0eaAFEo2krqr4t6GToHW3YNojPbGroZN66LamuuWVSbJcrNXoHxNxthCwp5Hars8HxPovjjhY9eAUYyoTUrB1J21kvqXyj6FHqL898SQxMLGmSpip5deOzOxQDkRGCUkAwBMEAAERggK3A4BoTTgGERixBlXgPZYzj+b+n/P7LtOjgpzMNlVqkmK6rRI7qp26ury+nHe0ZNZiLKzpa8dkunPwuAey4vlaD0EOV0a6HpeL2supr5uk6BXZRz+k7Pmnnvr3zU8+tOaicLZdET39cL2OfnyZeR6HmS+7ty6xiYAUNNAAMmzGVIBSTUGkQAmIAYlJDQxMBJo2jQSiwaJWmgjJUmhOBsxdaWPkfSWHk+fZGzzcZwEBRqzaUloz6yV8FL1N/B3HTrxwOzycmY52fXqMF92Y3d7gbj1N/G2m3Tzb5e1p524ubdi816jHXzHz/s/PRyNebTb9J38W9PR34uoeKl0XLyPVfL/qGaxiAGjEiQnYZNeWM5KIwBiZFiBMAGJSQmACAUkbBgJtYkkiYSgAlLKcnp8/eZt00ef8Z9N8xZ4Wm2kYFLRntTTqwI6MeUl6t/HsO5DB0Yvt9F0zxGL1/lDj0WwKd2Ur6Zv5fp5eH0OnamDbKQSaFER5Pxv0r58ecJqul6nw10v0j1PzP1tmqnrcyXxP0Pm9KJoATKAaAAZdWQqTQAADIsABAwBACYIYCA2gAxKAI0wQ1KRkGe6UQEEed1Kq+NUb8Fk6yURaKaskVysgQZEn2+D0I+rdTkds53H9HkPmnN9b5Uv28vevrux5j0cdHRnvJzquskmipTrMniPd+KPImqos6ff6B4S/6N4Q9vowdMzacHQlixVJJoNFNxcGTXkKkwEwABAAMEAJiGpRAcQU4m1pgAoDhA6SkoQARYCUIsSp0+d+b9F52x9Pl9OOWBWh1yKq5xLd3M3GLZl7R9B7/m/Rw42Bh8j7yg+YbfZ4lzdPLDLr3cfYdLRh1Vaoqx1yrKvOej5h4DD2ece36PL9BWnj96mIhnKtsZSgKhggMExkcezItSkhA0GMSYIEA0CYACpMSKkjcwAGqBohkqEANABBVajPK808P4n6h8qse7D6k8v0Y3xyn6HgFdilRKytKfU+W9Gvtu/xO5DcWSRIx07q1w5OvVHKs01l2vn6V2uiVzKIEc+qo8Zw/S8s9H3uD6MmOkPnV/nZfrV0ZEkIAKaaGxkcmvGlYmKSlCAoSapSESZCAoAECAYbGAAANABKAAmQgBoATKp+QfYvlNnF9T5W5e9q4lie35nreIfOJES6LiQ7HG9CfQerz+hLKKrsunmsLIEBqU5aM/QVcu3VCQmy0EwhYjznP9RkS/p+D7B6LyOLxCv1HmPqx121A0xMKaGAnEcmzHZVKMgExpqVCdgCAAQ2JMIk4iHEr6fyP6cbhpUCRgwQStAAECAACr5f9V8DqeNs39SvL9m/18cz0e+g+WYPSebtnFwkj6ny/ZPpPU8P6iXpPn8k9ND57ee0WbYQvrgmyVF9ELEUxsrE0xgCzaMx4bqdTQvg/N+n8wmv7D82+nkkyUTBoQwBuLpY9mMgAiBgpRVNCMABSEpRGhDExAj5b6jxHQPr6z3jAlABphFgAEAAgKPFe28nXj/Qed9NZ5L6v8t+vSuEknk/AfWvl5niFsbqpRv9F460+h+fzbou3bunGi/HOtSzMvvxaauikjhKIhoYIWa7JLHTl1HhvJ+3Vei6ilAChtNQTsBgmnUce3ERARNkIcaBsiSiAME0JyCKkhRkj43Ktn0v0vy36gSGiSBRiEBDAACE0U+H0fM15TVwvZ2YV6/JLze9b1or8F9C49fKY9jkWRUkRUoy329ew6XsfFeny6U+QzoYoYDsX+L79ejlg3oRChOJKBVK8dmU0ac95xOvimdYCgCAGRYxOLsGmLHryLEAJJpFsWKahMLBoGhgmgTQk0fGyu2yX1D5b6ea+kpkNAgmlAagFgMEBGaneHh6/cePs1+l+cepl9BPLrEEjlfL/snn7Pl5ZUtbbt9Ds8rCTr5cUDcqvRHB1+67p4bo+uoMHZ5mrLTKqVSQkjlt5E1ZVw/Rp0JtVQStq8TQAlBpWJommjAqGbVkiIKgGJilaAIyVgDEwBMExBRLzS+BZOyN1BH2XZ5D2AhoCUZUxiaYmFCZESSAAUk6TCGACA8L4n7X8ts4rK7SNnYOX0+rrk2+i43Ul3zwROhXTIgSkSsjMImEr8teifref0yyucCu2mytIEikFqGpRoRidgwIZNWUi0xDBKQRAGJAwGpRG4g6rOEOOLrL8pnJpozJnoPp/wAf+uFyESTUoNWDTlEMBMGigCAAAYmMQAec9Eq+Iw9Z5SyXQ51sde3i1L6Hf5P0Eel14+vFls7KougocI4Lb/OkrIdO3Wi0QsWZEIuKTcJg0wBQA6GmNDK82jOJNK4tQJuxACGKJpAAGZTLxFI0dDJsr5rTTZFsZOo/Wfkvs49y0EkyVAwAAABSENWACiahuLAGo0rBNFPyz6zgPjz388npx7Tf6Xgd87uzma43PM4srrykOAYK6Heo7Nld16MjnAsQSxpvoOiJ2ANRMkBqgAbQQyas5FpyxQU0wJREcWCAE1Ij5fq+dWd0LDqaCs+Y201WaaFcmfp4LF+zWYd8JgACgmNSSJgDRK0yxASg0DQAIaCkBl4/5/8AT/mGj24dFdTZzSPT9DyW6PVx4Sjs8Ln5C/vV+k0t6NOuxRsjGWrVWtbZEc2mg1XcvpVNADRDEWNDBpkMunINqIxMYAApWBYRklVVvBTm56tFui/P1F6vN62CT5KrqbNNSvFGDPY+/wDin12NwMQEDTtAEGgGmqaAGkGKUYhxaBCpqUI5/wAh9x4elZVKtcs0pdVvPinTqw6ifar9Elvczb1tugJNRrLKSKuDjDpnAxSMsdvR5bj19BOL1qsGkBMYBXl05wQCAGwUBIxA04y5vI9PjWvXVbZs7PI7hu5HX40nyUjKpXVOLqpqo/Qvnm6Psqx7RDUrUlQAgxAwAErAkIstBEClAdHl/D17vynHpJSUqi2hiCTjIfU5eg9/1vP+rkq2ZZLfXnimyqqZZKq1SEowq511nhOcOqruny/0csR6fpec1HZKrbGhleXTlE0UwIbQompBp6PHr89HHjXc1dbRuTb2uP26n5z1HlZPl84SHKFhZZSUpqMeu+hfMvphZGSlTFZJAAMGmRBLIShoKYcmOh8953EqUE6SaJNMYNQYiYDlGR0Pe/NegfTI+U6EdWdOpLrIWEZpqRUUKb6VpnCxMPo/P+gXgcLqc42ac1sWbMQd2/z2yzoZLIEWmrlAGIGCRuEjP47s8CWVlOq3RqzdZKu95zunQ8t6vzCfKWmO2qdLTmtIyhOO99J+Ve8PRAxAAwEMABUNDRgN/O8l5Q9L5WpUIStNIAUmmTcZQTUyBZEiwLL8+k3dvjdaTt7+L2DZZVMshKJCNkRwsRQrqDB3eGpeVbRcaLYzLb8+1ISlGq2oy32cl11ni0k3BpIEFVnCOPnE1ZqWipd/HCS+3fyz0fmPT8CvkEp1sjCVzhKicWaPUed6MfT7Ob0xDQMABiT550cHjfMHqPKVC1k1UFJEQAQxDSg0OdciyyqwukamcNfRzS06c1ldjqcLoydzpeZ3Hcv4/TNjhMUJUmhzCnm9HiFOQzS2bqNaTvqrXfLBpNluC+pxjCQdUrSMZk7BxKVDqPkPR+aK5m8l0cuo1XZrqvtzWnQw6keB8b9v5SfIzv8AAJiCeii832xsj0Psvl/vTqgAwHVzvBnb8lKsqVqqKArjZWRjZFYiZEaVsJFGaVOLslOE10bObqToVW2y8yOymqtLtSW7HfJ1+r5veeh18vfLOiWM6hy+cdTi4qy3TbqKpzkUX22ldqSScGrhbCqZWVwnKmr1CRO6hmiipnOyerrPObrhMFu4XLn6WQzer+b+yOvFpOX8s+z/ADs8iBT15Np0NFd8U+k8/wBM946+MdXyPAykqyIokqgWBVHVUUxtCqNzMxcLQr0VEmRc0sKtiTJKUVnOpm/Xx5HXyU6JKpaZmFdXacDb0ZnU6Hl4R6HFyq615zaYuzq2RCN7iFVsR3QlVirCyFaLZ5rCSiiZB1dCESV2WRdSo27L8tszZi3RXidHidCutXTceayek8NL9UixleW9VxD5QTVG3Lsjo6aLiu2FCdjz11Cka7UJySosjTq1QXPOdSVubWBKlIxsqUakVx01jr0wK9WCZtpt0nIj11LyZ9FVlt1KTNN1mx45GiFdop6ugcvpbdhDS+cdSnl3mjoYtsUqdRfbkuLq4MjKuRbOiVMhBLoutbISkVTjYQLKyUlKnfVcmXjd/lLtuxbSrw3vvMR7RwkkuT1eWfKIWxSWvLqXfdTNFTGKypupFqybh020jnXcUV7K6qd10YI6YFcNitwU9PKmabaynXaTVrirB2aDDu5+wp0WYjqaONedufN6CVnSRx59dGG66I9XIqOrmy2lU7bxaQNjosliraTVLJJbmTQuy21ZZTQWFYWSqibFnmilCS3RUDS4QLpK0zV6Q5HQoup87rZYu3eY9OhzOniPkcL6C3Xl1mqFc0JK9aq7IFGnP0jPOvUV3Pec+OkKb815DJuyLGyqywx7KFyV30CvhM0Tp1RDRjtKoORsa1HDj081ZNE5Ro2c6xOlQ7imGmJg03IrulMrd7CWisndW5RxtVFtKX3U2EbaLyDi6We2JIdBIgF2nBfFjo0VbVZSWXVTqeeWCNFN3Jt6d3ju7HA+ifJfrCSzaabPkWfdzzTpx6I0SxbjTKEjDMiPr8jrnPlXSdfZyukTjblMmvJK3Zm35UwxkFuW+JilbYtFG+lY68O9GrlGaNtJrvw6i3PdJMz0yMquRZNWlcbEM0Nck9UkzaHMhOy4hHRCWpaEQtnMrlJ1CSRZGcjM51FkIzqqVlEQvzXl2jPqqnHpym+YScrJpqXrcPtYLfNyOWvL+vfG/osx6yE4nzHhep8rV0oIe/FWd3fy+9HDzdTlGrpczqJzud08Vuzped9AdbHonHMhu5a9HJpgmGGqCqwurHn3Z4rhqFwbaLUvtjYaMepGKx1mu7FpGpWJOpwJ1ypN5RUbrMFhsqjYRkBm1FgqrpLOjXmgtLDLbfKzHPVNrFDWkxx0WHOnpz1pq01xkhogX9LLtOXGNZ28VuQhnTXr8vqYE8/yPR+eXiek81tZ+wvNoPF+H+mfNRpOrqdFJZ6rx3ejseZ9X50Xf8/6M5mXdzawdzi3HuHHRHM5XoeKuizPEvKkmeyqVEZqKIamuOrVQX306yqdoU09KhMm2ma36I6EyF9ascEsjC0nECnXVoWI5lc6rYtUaLLnRpWc674jOyqkJlGhMrevKZqLstdCOjDFMaMx6i/BaUPNuI44StJ56zrcjeScDR5eS8sjO5+o93559DlwfJ/sXylObOM60U35i2jXlPU5qOrHE9V5b1Zj5PawHEr0c633O3m9qTJy+3zjEq0t9/N2jzdSlITqmoJpnovYXxatxsJRUim1SLrs2mwdblmqwnUpJDVmZfbgkbDBaXSqgu4ptC2qk1aMdhrpQKyFRfKq4ujlsK41Zzt4LMRhWLGvtlizHVnkzpl6fD1W1ac29NzUTxPL6/FazibPQ+qfHfoJ6z5f9N+TyYHGVbcnQwEwiHr/ABXoCj0nI0Rs4fSwGXkdnj16n0vlfVyxx7MJio10GPbRpN8KwovxzSUM8ySIGumSC2lFpOksZcuPROunZJyTKWTjnlbKmJJfZQza+el6Lx2Gx1NJ257FtnCs1Sy6C4rmLRRcRTRXj01G7Fu51cLn2Uy+gzQmvY4vSrueffflWvpYbTpypzFPmPpiPjMotJ9/z20+n/KPdeDGmJ1c03GSyi6qJxjJ6DTw+6vU5PT5pyuZ0eave9j4f2JdlMg81uVMVk7FusnnI2SSVWzkV5d3PrToyzhFTLZZtBeUTHCdgUa0VQlYVKwtyuyuLtGXSFOrIS18/aa1RAvTmjVqUuLCpWwUukkgy8yZ+jlNXJ7PIt83lcDdtws6Nma1HkvzG2iwXZZbA69r2J8ISkOcUdnk21IwRs1YO9HAFOq4zQuvzJyepoo1Lw+d0OZXS9v4T2p0MevOYKlXKQbNFc2KkuSvTnvqGeyZFkJYllVOc5pRfZojHDsaDg3eg0V5ePr5HkI+4tPDafZyPDy9sHkKfayPF2exceR0eoZwJd11wH3g5Vu8MD3hklqDLLSzKaIFDtmef5fq0vzXB2+IvQrqC6bsVSzbk3ZrUne6nI7Un5+kiiTib8mzOtQmkvQec6xnydfjxbTONbsemmOrt4PVMHP6XOrR7fwvtzolqjj0bEYDRYZ7et0zxdvutZ4S33hXj9HqA87Z30cvVrCouEgTaxJocZQGEiBIE1IjIkAwiNgSCEmIDaxGgY6IyAE5GmLByRRzOt5NfEIY50dlYRtpNmvJai259C7tvG6afFpwYrK9Zro6VCcmddhDXnivrfNegzScRBUehzdhm6OC0uxaM5L3nhvqS6LO+JwuhfGKiyknZTaSalUkwSmECcaUk4BA5RkAAAhQlEY0AMcoskDEDGCG4tG4tWkDaaDi1aiE1CRVdzVXS+e+5+by8yqvSvVdOEs1VaLJ66Lw11bIr2Z6j5TKVaPZl0L1nK6TzSuorRRqqXf6bw/r081n9L51YRcDVSnE59quzk+08b6I+ruFpmp01lddlMls6rLbCLHKMgcUTIBYRS2KATUGk3CQ4usVVtY1VYE6ZFqUTS6rRxkEkADYgiSIugTG4qJodRlEjNj3ZTL8s9t41ZdTKlvz6Nhmt2xsLtl8tV9c0fD9FwI+cShfRODO7dXrjgYe1xks14L6q0mRfZ87D6VPKZ+jiMrnWehnyuocrrcrpn1vVythfU4xRltxGu/n67b4kYsspaTEU5QCwiExBOIwGiKEQhJxRaqKsnGRJEYuvx6Km4lTIhNwlBGcBuLBxmELawnTbSUoxTVbx68ZhyaJdeSnWatmfrGTr11mmlWS6SIl3Ow+bt85ry6WahNe/qhtk5fG9LyTkWRS9TPPpp5/0HFgeq4PUZwqdFFLscPcWb+brX6N2PN99NEqWQzas5XrybSMALZRIscSpiiTcZBOEyNlcxtOFCUKrjKsnTfEjKi9Umod2eyy6dbLHUi11zJpoTQRZEsqnArvptScSK0fOvSfObq+Cgmvr4+iX2ZLii6GCO5XxsK+g4EMMiSjbmlFpGcLTu7M1Enb5ctx5Knqcol3eFdXU43YgczqczcV5ujy1iiJs0czUnu/VeO9YbEhVmvxpboz2FMq7DS6bYm4qrVFjnVMnOuwjZBk4kRwlErbgSdZFN+NrpUIlzpLNbgjRXKsnZRcWwlEUozIMkKM0VElZJLLL86891N9vLtMK9GmzTFnV5c0v43V6J5Tf6JnE4nsfMLxYuJmmDKkB6nphGLOBRwQSLC3q2gYsoS78gWZWCwsBPY+wA6FgLDngmgCM9oVZIBRAtuBUwklaAkFTQBACpgSmC5qQS4CWCCrgEtkBXaEX0hRYA4gTQVXIIXJCvl0QlruC3oRCXb6AGdyCFADL5wF8xAK/8QALxAAAgIBAwMDBAMBAAMAAwAAAAECAxEEEiEFEDETIDAiMkBBFCNQMyRCYAYVNP/aAAgBAQABBQL/AOHZL5se1/8AxEiXxY9z7v8A+IkS+PHwP/Du1lNRZ1muI+tyyutZKtVXaqp5/wACRLz+E/8AAlKMVqurVVmo6lfabsjfdSaKtXdW6usWRKOq02FdsZr8yXh/6GSdqiazqzgX6+65e/HHbSaudE9LerY/lz8fOvavym8LV6+FBPq8279bbd2fux2T4I4EsvQzsqnTdBxVsGLn8mfj8N/lM6lq1RXbN2S9zXZdn2a4Iv6neVKy+d8fSdWsvpdfWLDR6uGpj+NPx2x78fE/yrHth1K/1r/axeZeEY5a2jeTIhrkp4lqdUpm9mRPD0uqdWop1lNqWH+LPx+A+7/HyWXQqV3VDUdSvmn74LLkV/cvumv6xFcTGZNEniPbHdSK9bdUaTrBVbC2P4U/8r9X6w/i22S1mpM89/2+8OG/NZn6pP6WVrM7ZqMa3iBLn2ZM9s9tFrJ6V6PVQ1MPwZ/iP8Lg9as3Jll8a4ynZqSfp006nXymvavPkfsT4j5lLtU8EpZe7iLNrGRRg4OPbptRKmWh1Sur/An+I/wZS2qO6+TopL7q9KS6grLJ9Tk3fdO6XuRFkvdj2JFcSWWShgipmy1noTxsx7tHc6rNNcrofPZ+I/wdRdGI7rbDVTuiSlKXxfsffAomxnpZJwwKGSNTKdI5Feiw9Wtk8lU8OOp2lspslMz7uk6txcHlfNP8R/gau5U16eh2TvsSlr7fUvl7kIx7oxyVUORHRi0e4WjSLNGsx0JXpUpKhZnFQjrVumxPBCzBOW5v31T2WdPv3R+af+Jqf79VGKS6lbsnYsL2wJEGPx3wQr3Gm0rNPpcJVojA2jhk2owhIvjk18UiUH3SybGbH2z7elT+qPK+Wz8R/PPiOje/UTnsWp1ClqbJbp+2PAzAn3SKNO5Gn0hTTtERF3wbe0kautMui2TjhmRSZljyjJx7IycX07V6jGn1Mbvls/Efz6x4q6dPZPql6qqcs917aWmWVrDXZGl07nKinZGAhC980XVmop+q2CxKJtFAxCI3EePd0zU/xrLZw9WqW6Pxz/Efz6nmVf039V1Hq21Q3E/u92cCt4ZgojmekqUYsi+ciF75Fhq0T5JZMSY4tdl785WnscbKOa/jn/h3P+zWP0CT3zUuH8CMCiaKr6q+EIyRMmey7Lsyw1US3zli3Idial8MfPTs/wAf47PxH8rMmrlst6hqHc8YVdW8lxL2owJEYldOSitRI9twuSIhdl7bUassfMpGTdgckyWPg6PRG29fSvjs/wAJ8HU7Vbdcs22ra9LHbTb9/tQkRKolUBCZv7QEIXZe2XJqasmoq5ccSMol8DR0u309TF8L47Pmf4mvt2Uyo2U6fE79Y4+rH1bVODg/YhERcOsqlxnjcZ5RX2j7F7ZLJfRkv06RKKJxwNr3pdofd0+z1NOvjs/wuoW7tRq+oSnGEZWSv00qV0zb6evSWo9i7R7VIhE/T8xIEeOykbh2E79pLWpENVkjcKaY+zWS6nctVpmSJxw/bgxxjt0iyPpi+KzuvzrHtrjVLVWvpVddNMWrNc5ejpcRWtedR7EIRE05BcY4ksCKe24lbgnq4pXa7l6yTHfuNOnmqvJFYIyM97qty6hpXFvkxjulkW2tRy3o+n2WuNWlhDqHT4Th0efp6oXxT/wdfLGn6ZHZXd9UXDbdP/yKPUfp2cy9n6EIpZXPhPiwgQeB2I1Wt2lutkyVrZlshDJCooRU2biDF7L6VOOuo9K2yL7p4K63ZLp/T41x1Ctsb0c0USdVusp9DW1S3R+Kf+D1WX0adba75YhdU65Rk65ZVY/PsXhC7RZGwhYTkReD1eL72WvLxkUCMSuOSjTyIUSPsFJSIEGLvg6npVZF1fROOGUQ32aLQRpVksOrGHHJ1GGyWuh6ug6TqfUh8U/8G/8As1SLfqdtSnVH+u/q6jva9sXwkQRgwRZGROZvHJ5s5HFtxrwWcGSGp9NV9VsiQ6hqkodVgyXo3FfqRIMh7NQsx1Edk9XDkrliWl6h/VLNsqGoRXK6nH6NudB06fpa5ePhn+I/kbwtM9+pn9JVFykarSbzVKSlOWfbHxEUkb0eoj1CuwcskRQyKh49HaSLfPbSWqqzS6v+VB6SucY9PgnChxI18pexnU6y/wC1ieHVe81aqrbp82OvhdRjmrS86avSt6+Pj4Z/4F//AD0sPTHHe8cYGdUocifEvZEybjPZMUsEZlf1S01GU6UldXxqYtEkRXMkRWZdNr9KqHK7r266Oa7oEvOCKMuL0WuaNPqsk/7K9PHaVU7bPin/AIGMmznGO+Mmqh/VesWkvdj2JmieZaNLEkSrNVRFw1On2iqeVXAqSiaeRCRHuvbfzCxfXqY7ZwjlQi4yel9Unpp0uq2Sehs31Y+uPM/in/jXLdDWpxvP2013wY7Mx30ksT0HMBlsMrXVSRJvKbK5M08pMqiR7IXd9p+NbHbZqEmaV4np1WyiiHqWaeMoamj07emx20/uH/f4WS/Ef4fXIKOpIffrue6QzPapKUraYxP3pV9egf09sFtSmtV0/l0uLqr5qISExMQu7GSNdWaiJS9lmm9OdVCw/wBT0u+yOIRFB+p8LJf4cuD1Eb4k7YI6091wvu1fMe1bJ9mIT+l+em15lpfK8d5Isqix0o29lIhIixP2Ptq19OpgUcT0enXZeJiRbZGBHlfFL/EcUz0YCrij/wDIIfTXg/8Ab71JYKqo2USW1+TwPkURjOmfZpfPsaJI2koEq2bSJFkRMyZ73LMdTEnHEum37oNkfDLJqEdTqf5Wup4r+KX+P1Wr1NN4a86SlWrX1ejdoa5Y1GldqlB1yF2l26fI0kfc+7Q4mBEWL2zXGtWDZuNDptpGODwNnWNbl6DnWR8fCyX+PZHdDXVenqTp1q29X5t6LGMpW1OmWurrtqxhiH20C+vTfau2TPZ98GCUTAvdLxq4ZIQ50sjI2dU6gq4ylufRNPusXxMl/jyeF1Z/+SVzcJX3+saOz0bdPbDUVdQ0q2T4Yh9umxzLT+B90ZMme7Q4G33zryeikfy/QvjrFJdR104wlJylBfV06pQo+JkvxdHqFdX+DLx1KH/lY5UMra86HTTmaaFtFln9lWtr2XdmfvpvBTLiPPfgyiTF2i/Zj3smaulvU0VYXWOGihZuoWKfiZL8XSaydc9Ld61f4PU6v/Mori9ZOqNWo1ij/I6RXihIlE6vHbb3/emsUTT6nmu76d5qOo10k+tPNPVN7pe+ODHZP45jrUpKOF1tfWdG0/rXrhfEyX4jKralR0TUZ/C62mrdO8azq8HEcpXW6OHp6c/fXKs1+xcEJ4NJqy65utaTdOWhhI03Toxda2rPZi+OZDy0ddiUw9SzQaWOnq+NkvxGbMLRW+nbTPfX+B15P01xbrNRv0mj+jVRacO2vhvo1Ffpz75FLBGzmnWuMa7svTszgTMmTcZIv4WTZDydajmHSNBtF8jH5/Egz/26Pdvq/A6tDfp3JRnTbvs1milGOm12opjDql8zSWXWuyOYdRp5fD9sUxSaOnTlIiuEjBIlLBXLIpcp597Y2TK+3UF9OladPySH+Lkxx0q91XQluj81l9dZ1HqFcqpZ3afTquqMlfF6V0zonDvrKt612mdcvboqvUjdo9p09+kfzIJPXQP58T+bWX6mvENet1V6mqJe9skyTyR8I1kd1fT041fJIf4uzl5RGTjLpV/qU/NOmEz+JUdZ0WV0fUw9OM46e2ucbI7Y98Gq0sba9TS6LezF50epVUbdWpKcz1T15HryPWkU6e6+UOlOJDTyrKJYIvK9jJSLLCl75Y7W+NP4+SX4s5qKi2jc85Oi37LVyvnaUjX9K3Sqr1NVlUbUU27vb1TSLUVTi4S75NxuMldU7HpemORT0+uCppUE4kom3BBme7Jvi6zCndulo4bY9plfj5GP8OcsLUp2Enue7jPFE9tuknvpf4OO2F7utaPl989oVSkVaU0lUcVxwcIyNjGR9jLp8ai3c9JRlwWF2kVePkY/wpPCst3OEcmNo5ZbeWdDu3Qf5NsVOHUdN6FwyMeaa4m1JVJFPArEbxXJvPdGO99iirbXN1180xwIz2kVfLL8PU35Iop+1eFgocIk8OfR7Nt65/K6xp/WpawyJXM9Rn8jafzCjUtkZORXDmK9m4ciyeDUWuUqqyESHAu8in5Zfhaq3CIkBSTJbSWMLGNA8aivmH5LOs6P0p9lI3M5IrL00CpMrEvbZPBdqNzoqIwFEXsZX93yS/B1FmyG/c0VrJWvqpqjJ2RUZURjKdyip1y2WdPtVtH5V1Uba+o6SWmt7JkFkqrNPXxBCMj7Nlthfbk01fMYkIGOy7s/9/kl2XzSeFqbd8o9qV9MOJRyQScroxiVxjJI6JqOfy9Vp43w1umlp7e1ZWyizBGxCZk3DkTmaq8qTk9PAhEwYJexn7Xj43+Bq7cREhcuuP0ye0hbxKn+uir1Cf0y8HT57NRXzD8vr0PoEVmSqwjZghaepk9Qlbg1OpIrfKitlUSK7MkY7skV+PjY/mslsjdPdKPLZTHmC41q2wsgomWzmJGvMIQ3yr/ru0c99P5fWY503aDE+E8EZkLcCvJagu1GSPJpYxZXXxCIu79siNuxp5XxS+fW2j8wR5NLA8Gs5q/QoblyOMqzk6Nq8NPP5fUIbtNLhiEzIpHqHq4HZkXJRSaevBUR9jH7JE1koucSNsZfFL5tRZshZPdJckSKNPEwar7HzE3PCqntW6Q2yibrs0VnqUfkuShHqXVUSeX2ybjJntXDJTpimraVxIoXbPbPfPZki2HN+mbS192nnptfC1KyL98vm1luX5Io/cFzQM1b+heP0Kc2vqrEZ56JqFs/HttrrWp6vCBrOo3X/CjT/dp48KJHgQ2bjcSkLs+7JE45ho9uzV6SF0dstHfCzcU3e6Q/k1M9sLJ5lE8EPNaKSaNfxBeCKyL6JWWOb3ZRpLXXbpblZV+JJpLX9WUC6+d0s9l8NcsPp96aXj95HLvjsh9mMZ+tHZH1WjrNf0aaX08FcpIjPd7JfLrZ9oDKlxX5qJeOo/avAm0PJGf0UuKJYbjjHRdRiUfw7Zxrj1PqLueflRprnXLS6pTjuHIyLkS9zH2RS0tSdWWa6lhIhI3vdG9xI2Rl2n8l0tsJyzJeXw8bo18JcOjlSOo/YvHZyyqmlKbTm0u3SoL1Y/b+Dq9fVp1r9dPUy+dFFrrdesI3biHKSF7H3fZFU1K9eOoy3TrEIZFqRhorukOSfya60ZB8yjk0suXDBM0jyp+Nb9q8dk8Ly7FBLBg0P0TolmHz6jV1ULW9WlYTm5P8BEUVLmp4ITIyF3fsZgn9ujf9109lcpb3AZEjgUEhIlAw0b2hTT+G6WyFs90xRIM27XTJWRvrwtHLDfK16+leOyH5UMxisiTZRI6Zbuj8t+rqpNX1eUiyyU38i7YyNd0QIIqK39UOyfufa77NDJuWttyMiY4SIReUNDyKbJTQ/EbGiNpuRn2667svKiKJUspJ12f9IV5hcvt18foXj2RTkLh8xKs56fbtsi8r4r9VVSazrDmW2ym/mQu2029kQKyHisTwbxMT7Psh9tanKvTTcabJYK+RIXZNI9RZUsnGGOKZtMI2o24EmbjcZLpbIWz3SK1zGJGOVGODGVVLY7Ybih/TrFxOLg+7I5Gmm8sq5VT2z0dm6v4L9VXQtX1acydkpv8AAXZCHEa7RZXMVhG5EbclcskRdpeERH21qlIztX3OtduESkhNCimbMHCMZHwLJyZkb2KzA55E0+2qhOcZQlEiiKSEyDHMjIkyu3il86tZh1bRctNd0J4cm5EHxDwdNvw4vj22TjXHXdVZOcrG0YMdn8C96ER7SRtNoonJGJXwVSwQmQkZGfuLJMstLbDOSEBdnFSI1RNsURH5wYNuTZ2wbjePkXeUFJX6bBBMa4qj9NqacJPG/iTaKNXizPqVSipK7Q1WLqOjdDF2yRIdq57JaK1WQ9ms1sKI6jU2XyePc/wYyINGCS7LtkixTKrCp57NjnhvUKKnqckryH1EKxdlgSRgx25XdmBoSHHlRMc9m2QnzHDLKlIdZHgeGoxHUTgalbJ9Ou30dtdT6tWorddnesgYMHSp4l2uthUtZ1RslKUnLPbI2+zXfBj4mvZkTITFah8jyZkb5I9RnqTFbMqnZnT24T1Kw78llo7BshBuVVOCK4FHI6kiKwIzE4Jd9vbA2LkSJbjkQ0Y5SP1wy6HFVvMWZTHHJ1Go6de659msrrdO2fZFZAx20UttkXxrdfGk1GondIbM9sHPZIZnvtGjabTHfAjBsJL3RkJiYiMSOEkbjfwrD1MDnzBORCrLrgkRXZ18Lg3qQu20wMccmGja8DRgwZHI5MSHki2byEkzamOPF8XCyqXAjULMZ/RZ361H+rsiBWfplcsS1PUJbHubztPIjaY7ZGJswY9jyc+1YJYRGQuT08kqxxMMwIiIcsCmRmjehzPUE2zkhW269Plxq2m0wTngW6T5xgSRwJob7YMYOOzXbHbaOJt7IwYEjkjI1FSshXmMo9p+NfDbPv1Rf0S+4RWQ7MkzCJyGRXbkUcm3AsEjBj2ZH2wY7bRRRKA1ghPBGxnk28uB6Z6R6Q62hwNhtYos2sVTZXTzGoVZFYHZBKzVIjfKRjcV9uO20SH2289svGe365Ipj747YZyRGhmpjzRLK7dUr+heO3UP+Fn3ESJHwiT74GVwyOOBi7ZJMWTaxrtgawPul2RgwbMk47Soaym3EheepFkHFkcGzJ6PLqQ6yMCNRtFEwTt2jm2NZca0itR7QGzk5F3TYs9347oyMYu2RYxlGORlkcxhw14NXHdVD7e2v/4z+8iRIjG+2MDERfDYyPJgUUSikIwxxbNgoDgemiS7pke+CyGTa4uBKvcSqaIpi4KyBxj0lI9BDUYnqRHbEd560jmRs3EakhKKE4mURmbjcORuM5IjZuYnI5JTkKTG2LI5NEWzkZyZP3nghwZ7NZW3mJgtj9Ojlvo7a7/jZ/0IkELukYyPCP3FDEsiibMiikTwVsYyaF2/Uuz4EJEUbMEe00QiRRZVlOtowxJkdyI7yDaMsccm1IZlZjOKN2WkxxZGJgwRwcHAkYEJn6TMmTKG0bzchyR6hvIyN45ohgmhIUsdn4UubHhu1ELSb+nok80dtV/y1H/VMiQRnJ+o8mMHlzwQ5lteH5iJcqLw48+kYw48ksEjLOWbWyUB4GRYpCM8Ph54bYmQMZJ14NptQ8CybmQl2aybEekjYhLAmbWxLacbRGTKIyHysMTZnJ++zXCRhZcRowOOSP0tvJtIIkjIuRlstsYywWLcramOUq5U27o9Cue/tqFmvVL+5ETwodoE1lftx+nT+c/TOJCRGeBTk1hkmfuPabG8iyYZZA2Gwwsfa48iwbEbR47QYu0oZFUOpZ2owKSR6qHYhWod5vyZbNjPqykOIon62m02iyIaEhi7PtgY1k2n6IpmCESaP3AZfNsr4N39dtjTunuNO+emW+ndF5gW8x1623kWSf01S5IcE+e0uFRyY+m6RW+VIpZYnhJlnBVyRSLkjgUuXIfjaxIUCxIg8EUjgksko4ORNkFIw8uLFFjiekbCFZ6aPSQqln0kemkYMd0I474MGPZ4FIbQ2jcZQu0yLFIUiD4mzPNaWLeFMjyRX0WxNTE3OJRxPRy3Ukjq8cXIQzwVTyQ5bg9rjzM0rSMtqxD4dMliqRu+llhCSQnxLk2I2rO1GES47YHA24IYwsER/azwJvPk/SMNvaYP1FcqJtQhYGM4JeN0kKzJuMvOXhyIs3My88iUmbXjaxqRyLklnOWRWVMiclR4VkitkC1uU58EWsx+y4uLfCOiWZrGdbj/AGds8si8FEitrbasu7g0qLfDTZZAplh05aghowjb9cUSNuT0xQPB5GhRGhxK0YIvBuMIk0ZwRtjn1EKS7bzcZeFuzmQ2xJs2szg8mBcHAoowQjzPgxkwRMdojMkzDEicWbXmMSxYG+IvJBD+29FUWJ7YqfM25Srjyvtlhl9DxcsJeOj27bu3XIcdl5eO1U9squY2KKje8vSmPplw5E/ploriHKZYj/2iYRtHEm8OMljPLZmQ3IwxPBGZjtFZJVocBJIjtYkfox3yYy+ENcbckY9sdkJolI3G8U+ybQ2ZOTLT8r6htosseIzyRzicyTIS5qZZ4f1FcXnUvbCvlS4K2bjVblGjV4LVXdD9aSWy7Ty31nV47qX5I+WuzNJflNLbqjSEOVeknIuNF99K4wWR4mlmMsErOYzHJsa5x2fAjwSyzaRgJG0ikOKY1gYuCI+zUjDRjI0IxltCRHgwk+DcsqQ8EiLPJwLtIiN9ovlsZPxBc/qcubZkJ86WeS/lQyQyaqe+VK+mxorkipZlqo5hLifqSiv1Hz0mzfQayG6m+O2wj5fhDjxB7ZUy3LVQwaf7q1xfBEiZp57Z0zcltkyyL2yhgwTgiODBZGRGMspIe0iiSwZJctcKPgSMDQ4kYiMm5G83G4lI5Mzz+l3/AFtMo4ZsRhCwcEWjJJkWZRkUkbojwTwRwiMky7bm6dZVsKduJ5ZBEpbYwzKb+mtrLhFIqLDXxxa39K5WcHRb3GwtWYa5YvIeX4/afE1h6CZqYNwo4sr+20eEXkX9Wja27uJFo8j4UWVzFyWIUTaZwSw0ZRw0jk5GJGGJCFjCwfSzgyhsTNzFaOw38ZIyOTDFWyKGIwJDMCiOHMYnppnp4MPF2SGRJom551aKPug/Tqrvk3GbNRPhTwb5YKytlnnqL/ufj9YNPb6dmls9SqXK6rxqCPl+P2iXJTN12ffVt22af7dRNRJPJZH6XxLQvIlwWcjjzauIxIYI+J4PL24JxRwjejgzHHqLO7JGwm2KbN7MtnJBNrYz0xQRgZ4G2M/UWZicGTcKbMvsueylg3GSLJCEPtPxGPP/AKyyjUMp++6eK6cZwsX8umCzZy0sNeKS2SRb07+Q9XpZ0C8ZF56NdmNjxDXy36gj936msOPhjNDdlXrE42cSWU1gnnE+JaCX0wf0yeCXI0yUWIi1iLHyv28jyyEMjrwPgUdy9MXnjc8Y/eCI8Cbzhj5URtGcPcbu2XjnG5meVI8kRp9ovtgSYkxLsu7RNEPP6tNTnOma33y5o8ynh4Tb+k3mSPmuRdnOjX9WppU4LwNnR57b9dPbpZvMj91cxujyiXgpnsnZLdHTQyTikrGWMl56cyGMOUSW0lLBOfDkQyKMsKHGMNz4jLtPOG8kI8bThOW03Jm9IVhuGLOcZMbXEl5GskuGiKIjSHFCwRwbkk7DcJmeyyNyNzNzItnJlibLc4rby39N241MjTP+yx5tg9sYvImNn72cb/qqWR+dK2ozkz9GDTWenb1K/wD8TvRIu8ifD7Uy4omJ5V8ME2SOnv6q/Eo9rVwluTghcC5jz2+khgeD/wBXFkM48GOXHIkbTAkYIRRwiaTUGhrJtZtJxFFkfPA8dkRwMSNpFI4ExMybkZ5ixy53GVj7j7JcSWpk4l83J0cTxmUpMi+D9yeZeFFJuPCZo19Moi8doPEtTf6sX57UPm9cLs32X0ypZCWFZyWkmaJ/XVLjyWLBPlQiieMvxT4kuUbXnYyOEnPBORDlMYu6RhdkzJW0S+k9UeWbJ52TPRsx6Fh/FtYtJYfwrcrQ2C0Nh/BtIaGaP4bP4R/BYtCfw4n8WB/FgLSwFRA9CB6ED0YHpQQ6oMVMESprZboKJj6TAvpnQafntJ4EKPMir7pP6d2HommmLt4G8kfD7Mp4lOO6p/S/IyHm1FUykteFcM0f/WuRFlpLJntgrJ5MyOcNMhAsik8R2/avVHyLy4yxCuxi01za0dxDp8xdMZHpiFoK0fw62LR1IVEImyJtXbHbHvz8uRjXbrWp3yitqUhyUnnjOyMc2Ous4QopvR4TYvB5EhLifD7Lzp3mOpWJp4M5P2vqiuJ12DWVdwM0zxZp/GCXieDa8YfaM8G7JJvcq5M9Gwhpr2Lp1kj/APW8LpkBdPpI6WmJGitHpoUDHtbF7MmTP42OzRr5+np3L6uWSfFcWIktxXBLt+48Gmmk53ZF48ngXmHixC76WRqocd6WXL6qpCsLR+avu0y+mBZhDcR5Y4WMho75FfTWyvQ1xFpq04wijC9uDHw4/PZ1y3FUUSlhQ5K1HFzUSMsiksLsvFX1OKwIz2iQRb7NO8Skt1dsdshkfMlurg8NMmxkPOhpsshDSTLNDuK9DXEVcEYXvz+Bns/yd5nt1ue67fgT3ypqWJy2Dk5tcEee0fKRHiW4XeCILMb48CGiLw9LPdHWw9lUixbZRkSeRlP39Gt3VxH3ZkX+hb5hMc/p19sZXSe4qWDc0m+Yo4INdlwR5Uom7hLuvFK4tjlS4cR9tJZiU4qyu6vZIYmSW6KMiqyLh9Es/tiMaMezPbP4D7SExmTPdfiWoRrJ+np7JOU64kMYnI5Ip4WCuBtblGo3JDzJWtxl+hCKC3lWeSHKnHBW9stLapw1tY4sfZMxzTVFRuGdJljUVvh9mP4cmfjz2kRYzIu8X+JPt1y3EIIRJlMHIVJsWFDmEMG7B9xtEzqMMeyJR4kXLtGWDypLBRY4ShJXQvq2koIlHvpZ/TcM6b//AEVeOzJG7ncJ+/PzY7YF3j8D+Bexj4Op2erqIpDWF5dT2krOK65TK4KCkxLLS7LBrnH0F4iiRApXDRqFw+0GT5Xg0t2x7o2V3QW5kl20ssSsH56f/wB6J8ZEyRMkRF8a+KSylnsu6E+y9i+BmRD7M6ld6NGcyzgcnJxiVx3FdMUOSRuIm7BGWSUkjUa5Vl2olYokVxIh5ofGSzksjhkSMcq2IjSXcXVKasrce0iEsPOVLzoX/bpZ575JEiPZsXZe9fA+8he2Ps47L4H2iPtKWF1S/wBW7aSZSVwlIxtFPBObzCYpE7CWpjXG/VTm85H4ijPEiHmjDiolsC6BjtTMlBNWQw4S2uq5NW4krFhjK5cM0n/TSS5T7tEiPncNifZe1fA+zMiJci9seyH3XvRLsjI/HU7nXTnL3Ci5OmGCNu035a5dhuacrsKV0pCi2WcSJeOzIlPEVZy/qjbBlnDFw6LE1dHJJEPMfFgxkXgyad4s07+qHKGx+GRXZkWJ/Gvg4JeU8+xPsn7F8D9kvt6xqd13MirSSxlRlO4WSnk8KViiTlvfozZXp2eng1ccSJfb2ZHh1xzVhldjiZjKOphz2rI+Jx4ksOmZZHJLPfJRL+yl4dMvp3HkYyIzJj2ZM+1D+FkiMvavGRMfZfA++TWS26d1KU066o3Xuwy81VjRCSiSucirTSmLTRR6SNhKJ1Bdn4Xdmhl/W61IlThuBb9r8kXh1zJssRF4ecqfsr4nW8qj7F2kTKybGRkJmSQvZnvIXsY+yGho2mBiGRMER9o9mzJnuhmO/VXjSqbJzbM5IxIvBKeSnS7yrTxglHHdk0dSj9A/H//EABgRAQADAQAAAAAAAAAAAAAAAAEgQHCw/9oACAEDAQE/AeB6aQXif//EAB0RAQABBAMBAAAAAAAAAAAAABEAAVBwgCAwYKD/2gAIAQIBAT8B8AWs4EMAGjzaiENzDAR20+Gelu//xAAwEAABAwIGAgICAgICAgMAAAABABEhAhASIDAxQFADIjJBUWETYCNxBDNCgWKAkf/aAAgBAQAGPwL/AOm3tUF60uv+sKaWXr5JTf1RyWTeP2KZ2H6T1OckOFFZX+SlfgqD/UMPjXtVpiXpQ/pk7r1oC9jGqyHjXtUxUVj+kn8p6jwAad1NbBf4/KSorf8A2vcL1M/0UlH8ab5nOyagYRkFQgINVKj+gv5Cv8FJP7Ro2130vWtCnzhPQX72Vg8AxVLH/wAiqFg8YAH6U6+EI6cbJ6d+5k2cqfTxLcUrBSY48jO9JQc+3b+xalTSE9J/9J69vwvWkYU9R4/q62Kl84lAjtfYr/EGp/KeryFexJ4O2dhbdMA5T1nQwFP2ZP2v5fKhRsFHxHBBZbJlteESUTkc6AKHZin6FjSN1+9fbR/S21R7dkSqyyLqqsp9XZDgb6EQo9gF+Kvx2EKqlEfZ0Z4+6+Wh7/Eqny+E79gAqkw+lKjTCHMp/CpPXssaNTas68ZJpW2iGVOLr3KYfFMj+uftpe30mHXiilCgWc/aLcsxqh+vYblfyVfJYvIQAvQuFhpchMepD9c31Sv4wITBA1JmVTc0pjo/dsL9aSq2RqqmpeqpxqkhVcPdbplCD1Z3CY5f2oCFXkilYThKPk/4zf6WE9aV/tEKpvpf6WEfXBanWMZokrH5N1h8cUp1hP2qfIPiUD1lNI+1Tb+U/aIp2qVfElQvivipGg/2iLgFApripCr7CwHcdYKfwmWFYSmq2QNP3wpvAUBPV4iybyUEJ/FUxUyM8pxYFCkhfpB7kfpN++sqqTo1lSoTeX64G2bEaXTYWCmkL1cJnzvkCAG63ixTIkfRQ6ohHLjaNYaDBTvpnK16qVV2NSOqMmyhTaBqEKLbQnDBRkPYkKoXnSCGSL7aji8hQmZMLnsnFgqWzsSoL2CGSQnoTVDVezoVU73epMLO/YfIKJTsbBUcGdf22WKnZM2Sex2XxQKmwFo+XOcJshJQppMIDsj+bymCxUn/ANLFQmqzNy/4/GVT2ZBVQFmeUEQsQHr+FiG6bnmjxmUSftYz2hs4TlYxsgRKJojmmkqE1KerdB0G6EPvwzdkSzqKSBYjmPYWpCp6EH6QPDwkJgEFi1JK9aEzMn4QtiOw6JsPssD8KmoIFUeWlUqkXxNnYr0lP5JXqE/DdClBujBQPBpIVJ+0KTT7KnGECLkaDLfihfyeQdHKhYeCVSVG/wBIVDdMAagF/wBRT+QMLtoDiAqlulH4Ua/vUEaPHKlU+aiSgsVAen8L4scmIbZ3UrdRbdb65CY9GyZBNr+wUUBY/GNkfF5inoqekp6U7TkIRpq0Yv8AYCd+x9jZ7MeCxWPwFih/JS4WLxQPwvYMcrgewTHQgL3Xx1GHUOyZrUlUnlfy0Z5W2rCfqBaLYTyjSV/8csZW0WHT4acvuEWEJuXip3Cb7zRd9BqVPTME5vNotShy/wCSjY8DCE/TzkkpgvdeuyBQ5ZpqCMeuswTnrZXqVNsHMIqTHUYJ+nbNssbqSsINqWQ5gOm1Knp3T5oKZ7YnsFT00KVtqSnHKbMbumBTusSwHmVI8hiFB5LnMU98a/KZAhA8p6iwRo8PJBxMFi8NcrD5XtvzDkwg2m2E8h66k3iDpjA5UpqSi4lN/wCKCY8s5XKawKBHFc7I0eGSnrOq3AqpabCpDiRoHKzI4gothJ4mKossPjLU8DfXY0zYBDJ7KNYo6ByyouDw93K3anoMNQkWbNCarVYZMJynN673BQ4HtUjT44pTv0JFYlEonRnTORxlOZ3yNre9QdEeLZOS/RGVVjEhYRoyFso0cOkdF9X2qTeIMnqL9IcJlT8k51NtB9BxYpjl9VNwho+1SbxeoT1F+mfxm07X3yb33W99lstr+q9hoMb46ApGSE5TXbO9ZZYfD/8Aqeo9PGtut1vnleqnOxtK+IUCNAHNu5T1GPx/QJ1SEQdBrvWUafEnqLnoftbFQF7cPfVlQmOR031kxaTUSU9R6HZbL61d8++jBW+eFNyo1cHjU9XtzoTHI+Q6EZY6SckleqnmvkfIUczc+b759rtbe0jlRnKFyj2EKLydeApHEpuUeo3W6+S3tJybau2lHAY3KPEi2154G+nvz3WyhbrdYblVaj3hTwJyxobX2tF550qL7qlA2KOlClMONsts+/XUlU9NtaOBHD30pzsTpSotK9btaeJHFlQtuLKfJKcI2a75ps/Bm0XnLN54ccwkJqlFggdHCbRzo6Kc7KchRCi4sURnGjveVvaLz2UXOTbIb4bFVZ2T3m0Z50N+rhbLbJN5ytkBCFViBnfLHHjPvn2vHHFo0MYqZH7GTASiVUdDCU/PjowLNokEZajpDXk5ptv1jp8j5dsgVI/OlN30JvHDe23KlQoU3FIyydEOqRxoywp4D2i3xK+K+JXxXxXxW15vut8uy2Wy2Wy2CgKaQviiaSi9MIk5ZtHUbqbbKAV8V8VspXzXtVaQtlAW3N/ioyMMu3DjWZitiopK2Xsy+SklbL4BfALZbdNUftEmTd7b2i8r103yvpQFFJWzL3qX2V8V8AoHX4VNp6CVNSmVAW3asPrLPDdsjZsPcuVV0D2buSUdBgF7KLHVfN+bjuRQM8KcuLhtcIdx+hmna85Dxh3B/KfLKa05GpkoudZlHf4XjU3j+nlObRli8KdedIIdthGwUBYvJATUpqVOT1U6k64Q7Woo1VF1AX6s92oT1rbTbghU9qczAJ6jpf/EACgQAAMAAgICAwEAAwACAwAAAAABESExEEEgUTBhcYFAkaGx4cHR8P/aAAgBAQABPyFa8VxPjQ+F/iwXwz4H4zzvkeBEGvOE5TmiYFohOGhf4C8L8WBL44LxfjOIQnjPDQSkHozSDXhOC4hBIQREaHROHxOUXxnE+BcTleUEfnEH875Q1xCeU5TAmTfE4aIYJxPM/wA40OvCczifKiC4pfKTL0K9r0mby/SG8IFqS19mXH0ZPTrXo3ykvhhP8LTgg0QnDXM4bwUXjBMHXhfhXwr4XpNF7Lv80u1d+B0o37EP6PweRRkz6KJz9ZEVF7QsSbC2U/Of4kHxbD4fD4e+GZI+EQSYkNEHoQxeE8V8iHwj8RCFrbevY6aFfZIYC5yNkJysC3cLGnDMD9B5Xfivh7+L+CLyMfDIPho0hEvEJyvLWDQfD+WEF4rlAWk19DDCjFNX0P18tcJEXFKbI6jyI2z12kwVdMwGQNsj+jLVj8Fy/wDCHzCcwaL0LlH6j88NBD8p/gowX0SDfQ22N+xMZOVvieDI0xsjdUEDRJH6Hp6Qy1fsxrztpmWn+4QkX7iOpna465f+HPfwkJxSD4YuNBeC/wARFw0h2RgfvKJngmHFk4KJNpkXqpwtkTPoha6nRFhPQ3vIlbM4hCXsH0j2TGyMmv0ng/kviPfLnEITxSgxrHCCXGp0Lhi475nlsXixtZtEqV+lU19oQ+ER+mZPO/BLA8PkGxDIQnEWh03MdIV/ozYMULhfYjRWPTJ1J6Ep/wBBEt0+vjnihcacYIQSH4TicvQkNcvT8GLhebXM8W4zaIzv7QinauZ0ITazwKeSnZSEYSQnsmeBuFmWKl/TM/OD0IQAUw9lrY9b5zRclfQs7M33uhNYvZDJ5XwnDFzqNeUJzB8LlkojQWvKfG2iyxpcSQVPA7N/ggrQ69jNP/5DHWf3G3++VKHnFg3WaHA274UrbNiPUijO7oZWFdISompwMvZCGtiewieHmnivHQaJwh/I0QhoLmfKpjYjFPQIrY9ihowQO50hOoJoYXn64vE5xZK0pvh8IQ8iFiLWUQ24FdEM7jTwFmf9I85EGEMFLw27So4jryvGvgbH+A1zo1Oub8f6O9DqRMJH7FWJ1GZ9B9+UpBEFgJ55JcLPCEC0rUK9DNEVaOh4Rr0YQnb+zYMvwm/WMT4K9IW9DCIWcLYp6BC/Fjwvi/PBD8J5QaNBa5nlPFZGkf0M6W28ISFJO4KZVwDV+uFz0MJVgYo9jLw7QfrA5JAxbAowHwUhJqv8EME4wH9ILGKHWHUDJ858HEpStTXyPxMQ/FEFxCcPwawInwPxx+CNG7sPpCJnzEff34I6MkIRZDwGMVFTHtodaCqtCyglDjMENYJQlOiqIq5FGBR5WBxOF9cBu0NI010ypkvLGJWEehot+CGXwXinjOF5Ma8dPjhOW9Aj7BbEsTgTxUtF5tMZPBqKb0X0MTG6Ma2OVkJ2TogpFyMZkKBrBuo4bapRWEhmoSdP2LPAbx9mSe0VtDROLR6+hnJ2E9i6adt8i4Uc8ex8US4fnodfM1tZZRdvPGAZsbGN0NcpjiDQkHwlFbAlGBEnry7FzZFKZrsEn9mTA8ivRCUzbJ/Y16MXBS8pugaiNoTPc+a1w/JC84RCRHXnPJcGyWkK6oXdEKky0GLfghM9Q1y2ZMYzQcCI4O445RcIWeNS5kZW0U2WSeEPqG4RBpsw/Cn2PEYtLsPCymifChmvM5YvifL0LXxtYFxj9jJfN6OpzFphq3xPBcIXBjYlqzizQ+KyHFw3guDFETUY9WqVWBscG2LBIAmcB/hENeC4RvuUSFHhczynOn+C/B18pBNOI6sDDbsc8aC0Qh+CCGYc2WKkLA0GIKcORCE5fBSbF17P9oq7FDNGxwS0U68EQWyVdAjr/CUflB8Pl6OuOviZ3joO8lx6JiuULZNRsnvZ8ZkWFBa4UY2CzoSiBOs04pRBLkuEKkIm5SWYOD9Qlbpm8MfgyizogIcaJiGr6Y3F+NBeS5XJcQnHTFxCfC8oW70SK+3ms+5IYy37BjVXpfCFCg8d4S2GwqFiVCXBC8CQxiUFK8FFtIt6pv44OBrh8u2Ot5MUa6Pey4LxfxETmCXN8mPQvlnpkJ9JcG9NFj4fQ9JaOhF5XGgkYsWRDHYNFmHXYqfBccCKEJ2ZoGYcaKbh3BkhikLGBFwtCM3eE+LqpaDZKyPwV3oeRMuNeF8G3inxviUh15wnL4+skMhO9mhyp1O7BiUuKJovF75QtiY5aG+iiGYqNxKaeBskITJHJ5IbB76kVLY6tQbRrJ8MetmfEqEswMixWnYOg2UY0QlDy4+2P0f3R+N5mALaD2LjEqaeS56NzrhfA14dC0NcMevhfK0Y/wBiUtbCzexC7VtRU6JYCqX+xq+CEgtccRKSEFYkkUlFtsW1hjhj/bKstjvWCtjVMIU3oXAz0QSGqLZhrEtCG1wh+mxHStglJTKUyXo3h0QtOEHr8YesGvOczBHwTi8zyY9C+B8Xh/sB/MFNrcELInyhlWAaV9mbv78FvggVSnRMxGcsXEIsJpYKLbEDRCF+FHFsJiPbNQzDsQuC4yQ7xgXZ6LaNiXqJiqpN7olDOIVkaFpgnO6fpsQ2B15XyonFL8M8GPXjS8vlbHx1QlLAVpD7oSHxTy2IRVAxb8EUFDDnhi9kWZ8cGpUyMxhKFZIMtBXsViKYq7En+VP+akdch979hZlC5roY1Lgn7XG5KhtK37ITTgWjobMhDy4aczXQeo+EPyePnPy0OviYhzZ6PQ6txwe9C7XYuf8AaY9raejESMQ+TEWR9nFHXBCZsemhjIYrB3WmNdhtsd7ExJV0zSqvo2QfhfAVZGvsehISEimaILEyyNhoK5IuxqyjHYIooa4lRrt6NUQYL9Ll/Mx8HXDFw9M65XwW0NtG42zYaJUIzQjF8I+wlEscSb5cZqDNfLs2SYBam8mMoq0GrcMmSgg8jUbGSYyFWUQkTk9DKVx/8i6l9jaJRHkgyWqsRN+x2RgQ17FhfCzYvgvGeb5emdC4XiuWmw0eGBJoThyGNT1CJ+xbMuU4x0yxGJERiDExCzIoh6FO4GJbEnsKUw2s5ZLG6Ri2NReBjGLcXcJaPshObLB/iFmj/RadY9bbMHZKPYkMXmzbl/M+GPTOvBi+B+H2Ihp12aH6ZGEQ0QRUcJSCRldGRD5A9CGmLLSiLXYgx9qBklBkVFSLwTwM2jmBmeyIpRXjZkli9D8yMe5WByKh9hGn9cPmeOhm/OcT49ReSGZP0vhjhnYpdhB5+gyqiWBpEMRihhvIgxISWYakFJCEh7E+HQ8oG0m8NKkmDDqeAjmnF4QiYIYRmbITZQg0bQVeORXTiqh7Zf1CHxPLQvywQaJ5IfD4bwL4Z4tAu3Av/aG1V9DVQL7RX0Ylmvrh6yzoYwlRH2hMjcaKMlBIiRfBDXBoQi8IcrCE2mPvL4y8N8dlXMFSGU0rCkVkLa0EhLoaY1kiUv2IfwPQmRjEuZ8rOhfKhr2b9CWW1SGImZj6DbYdFzHp6BsO0PDZlhpEmCNjClvjWuUUXh2gpGPC2Oaw3eLpsGKVoUhijwNwNaiQxkJWI3XS+BcPXG8whR8P4G+enyv8BTMqDrF2XBbpIesBxtXYib9J4aEJBNTixSSGhi0LhcKQhYd6NjYkN4QoxNgxL7MR0SKhGt6HvxexXb7Ei/G38344ITh8IY9Pl+DXyL7YhWsUrWjO4C/wjaP+DRU2xiavQdYT4YnZZRXB0HwgT5zg+Ko4rQhcQTg8VPoQlOK+y+B9jNqGEdCReDF5Nxb5Qxi+F+HTF4IZRonnjmiIblwtdAplhaHIZ9icHsMab6EbU8sRgOdkiCRSjGRXgxh4KCTBkx4vPFdDmStApd7jdgpRVYorRskqX49DfxQ/GcJ+MGjp/wCHgI2xjRZ0xLo8jXRRkckuiw7ChrJ4qFKNUSNcEIYW0EgiEkNos8EhmxucC5YfloauDAiwyJgSRC5yfpBI/Xx6G3gkQYvGD8bw9MUNsIQj5fy9CofscrFRLVjMixgUz2ZfDSIvAtrfZfs2hi04lMKl0g2jbFLWb0h7YQxWQx6GQoHgJtPiWuGMfhRmhYQ6QYgQ1BawS8u+HwjQ2KThcTwhc+GfDs7FhT7MooP6+G/Cwva9sX4OCzVtsSn9cbGE5IS7OhnYwayaJxpHWz7M1tvTEmNCM2xKUsThUQzETKN8PxfHIYDQHq+2IbZrlfDqbczhD4nnBIng1PROnMkj7Q/C+S8vtAYrpkzbNoxEEmOxUg0aEvC8uhD40GiVEFNzsIcyKGB7MjHirYmDfL8GPgdxPRjirHdl0Ikjvhi+DTznzMeD4S4fL0WwwklT6JzPKHxfluRH0htNJDmqm2ELJN8vgYJhF/rfHDWlByaoRsYk4nHY0qhzsllopLRM+orgwLEPoK4PzJxS4FYljGt6caL5Xn+mngQxUhopfhfD0JOi8kLBuMIQ2t8ZyvNTUBSLdjS1z2fbtEkVux/BHnH9cQyvV/fEYZ2YWGoFvHhhpog+x7yuxnEVZQmvsr5N8xQYoZbMMFQfD34aeNiH8E5pCD0LRdEM4PQpVZXM8V5M0Cx4f+EwsvRIWml9n0yYSXJ0VMH8EINGozsyL0/OIbcUkzGxu0x/Z0aBUq+2xGTQH6e2OLke8fIUvD4PYRGY9CnhK4sYXyaD+Gee+WYsoY1YZWgt20KpYY2T3xS/J1gSNFpU7DBbN+vJhb7I1I0MC5ePUhpTGhkEOFsv2U9srohLmbeL0Y4t9mCJCBfodqh8ELw04yMzHVRy29vh74KtPkpqNyub5QnkhjbGDyzDIKWgNFI5Q+xax9eCfIhxiQSS0hsJF4bIsj9EzkRYOj8R1LSEYeQqkyFoUEpbQ3GxMTKOKTbGToWp0RFw2TBuSF8L45Q7IPxfK4XDE2bMYtcVJS0UjArAHN6MzaPT/Eb5fCUcND3qZcZ6LZGFVTqCElkZGLBCyyICsZKJkRkHgYcjCxwqraEKoOMM08C+LQfCGvNbJ5NxV6LAclnYsYd7Gz2VosZxINVWGNCfC+afCxrEUnOZQMwZAThLsPODsRYuUILDMJXlITLNqhu04EDcUbA2WPil5fE8T2P4ex+E4vsyJfoZtD5hmEwWShhdh9pfdUej6GL4F4ded8Uqa6ZVQ3s4TGIbB5ZHg5dC0wJwtJIaG+htJGdGUAcstvgSkIJeBpAuF8Z75QxeL8UxDM5Gz2w1/CYwiKwj+ymaIhgTiB9DTuZwmPyhrzn3wvCcPhCB07CNPwEYik0KC0iRBhucMKNpg1wUhFDBR4DXiKpBa+Jcaj4Twfwoa2PelpEYQ1pIhwKKsUgnIuceW4iTfoQqFovgfwMWB/Anr8Yxa+mMTybiFKI4a4sOKSKeTI2ZKsYFjhWAwgoudB6scL4majFw+INCGXxSFOV5N/pDJioghc2zR7cYReMS1CH9j7QY9D9DM+F8bzPifgrFrHsTJiYIzbExkfjIgbCUrZtYPoLlhQQkjByTguNeD3y3xhryvDYmNcPlrlbQ9/A4IurNEc1o7eEtbQbwJsaxg+VP5bFPXrzXjBk+Gj56KbXXFjMpUUH2Duxi2KS2PxYt6FqoQsESExyg0Th54rhoIQH8+LQYh+GeUPfLwjosa8Jphz2ND/VGcGJj6mbcTxJkG1cEl8l53yXD4vhDr0JF6YvsgkhmIoYyeVtFEnsk0JjJsLwZcPnJGKHjI1RTrfM4fhrwh/B3xSt7HMBaMMFoQg1gtRxGYLCTPpRXtwR0e8I9lTyXmxPyb8YOiyPY4spPDYxj7fCFwM2ZZSWaPW4JowGxpBsfJ8HEzRmR7BHm+jJhadiS8mrXyZr5Ifk8KlBDGOiQbAjUGJAzxN4CbSNAHocMrY1dHoG688PmeU5nwPiLS/o0dH2Jb/SjffE46FkvGxMCWsMQgdTkoZYffwMz4Id1Ed6vpiGX6Mzu0zOVoXh4mmPw1+A+UdlYc+ohs0EqMsQ1CA7iNAhrxFJfaJYGolEJe8DkK5yjr5b4PbUkP6QBgZf9G3Y3WMXxguI7FMSy/Qw4KW64LxDQyJn6I7A/2CsLN4GtGj8UUn34aj5Q+HzBMYtuMZNOChhBihBaLUIc1FssSqUzboZnVDI4/TBquJwvN83lPh7TRex4e+jseVb4b4681yQYxXW5Gy+hhxIZOH4ug9RN2Iz4fkhxiFo4HkyXszLLjQfKE1MnflvA5xsVMNAUkFwDR4GCMg0FE8mISME4OhUILB2Sx5NHLF4Tl+LMpXoYcPSj/XgdTxRfJcIUxF4HPDHDApJeHQxRZF4XAyegPhw94QmRIbITNGMLa8FhS4Y+LwxeHYsKm4mx98eeoQTeRhkmilVlNHKAUyYQg0FSMWkfWBLlL8cINHWdF5k9ITBKAzY36KN8zhMXMJyhBzO4zCMS4oFya4SFFlkV30OeCtMX6Ac07ES4fYpgzcyJuy2UekIDvC0XheOxLGOY6MMlko4J0qInsboMRyR1cQm5J0MgD2eRx+D1h9GSPzfl0In+ImalB4aZj8X8QgQVpsM6ZheFEE8cFpCD2LhClCGLz0DG5xKwYpGQbOARvBB4MApgHFkPuERTYmdj9OEPiygeTIYiKouYuNaGl/MWLoei0DV4MwSZUEX+hCgxS6ZPYvCeSlyq6KDqeyjDfY8kH8SFyJDZjZDT7JFyJRJgTikyPpwYOGgmJRDRjYUetxlNyzseTHTIUSN0LQEihDEnRGoYg3dFNwUyeUQKi4y2HrB6w63oVwGAwD0SI7QzYIaericMoNqPYBswfBC4EZheZ4fpaKb9IcMxzaY/hCEGiGTPM8UxhYHqFTXHMeCBEXBbFPaHNg6UfBeDY0NRwXKH2Y6eWO3BK6wL0i7g/wBj0NaKgcNkdh2gdhPcaGLsDxXtweehwQbOv6WOkFpHcI4MVQpkSsGXWPTAwrE+GRB1g+DfJCzQWzJRDx8pqIZCkkLsN/Y6i9iFoa4Xh+SD4T40NR+jEiaK9D9uDKKCuWJ7lRRcKQdQoxC0hCGVzsp9GDQi9CwbSinR1EN9YMxD2P0H7DDsK6DzoUCTuDUKroo5Nk0lRFVgnhZwkGuR0OSnBYaYxQtf0RJKn/B5wP8ABofNPeDJSC6NeGJBa98zhnw6UOzaBOw5RjGmNEQc4a5nK4a4ohCqZpo0h4ckiSooE9k+xD74SbnMDR7JnRzsYzfJJaFnQ0kOXOD+5HpE2CbehWZ4J2jIeziJYmQyZFDQwQ/2GmUJ4aMsFEp4hIdB19GKtYyCYGRaXCEbGhkbFB9cxJX0SxE+yrH2Dt+GFs+nAVfBGSiYYZOXOIJCRVDU4RXAhGg2OkwxbwT6PQY/Sx+qPwc/+gjVh6kaRj+w2jW9jW9mvYNmHpGmRnaCdBhdhthjJmEKvsiCTsjd4G7cSo8MSrInsTMkMRyivJMbT7DEzFn3IWmSCRTBFjfKwOQnH4bCRoSiw4mlVfQub0LAwzedfpDWWXprhBr0Eme0WM/BX6JRcNFwNScPAcyQ8BiOhHYhMYuz7RnYyewi2DaoQvQ5Q0HQOmyoaYQ/IjrTAPGClUbuG1ExUho93wi7GIFiU9gntl1hihZZC7MGOb2Zh7Bj2IMw2uNYHN0VQsiC+hvYlZlvrs65qzg98Lk2NRzghPQ4rp7Zmr/WSLdYudGTySioVqQpDD0NWskIgta4eihmINIQ0RiaBHY6XHAlGTCJCYQT2LwLIgyxseyC2NumNtkbBkiNwhaaCSYUEiNFEh0mFsa9ieoVN8LEPJDYk7CoWhIoMykPh2WTSMjbBcyTWBNdFNjB24rfB0LWRWC1zY0y4Q24/h/wMsCQs7GPHBEKHkMMMKnXB4j+wsGzoqi1ckiGk1g2GEI64DOMqWskVeuO5pwCH+lczfqFGuIRdHrEOqzGgQu406HZS6kPQ0w4mLtTBwWhsHjoWOj0BOO0XsN9OA7G3RZ4tZPsFgTRDGmhuExDG4YaLungLs9CEkSbLgf2WwLNDdQshfWSDOBYwGMFdDuhGRZDUTJmxY0G86MscSCJ7NcCoaJou1gZXInAx/jQjoJL0dsI/Qa6MaBPtURdmUTtoSLCEHo0QjAbdiWUdlRTAKWLBgh42EIh1sba0eiZdCWMiUfA98JswEhsbj/Q3jRHoboESRg72ihVeE9FJV+hk3exiO76P+0QnO8Rd4EjBRmbcJ7KErQ17IzQCt6Qo6GTqPsxD7F9kFRS0uLOBKLGkJCaaHro3yHb2NX1xeEJQ17Hn4Kyu+/9iT2bqH3iCwjPgN7lGZCZNwzBd0anfEjhHoz4QmE3YT7Ij6kOdDadCISd3Adhlob6LRTPwLGMr4KyZBlrIhxCDJDWYKOhbFuOU/0n/Zwl4HiG6/oa4n2GofQcYsiyITGyHeHqR0Q+wyMt64tVZGkshUmNUSC30P2V7yNsqPnLG6sF3xWcM6md0NS2OegnZFDbBtWGxzBKShp0FATYkdEaeWVexrKtiX2IEgwnoZhcCJ6GbQ/qMyWSIecgpfZHow0FjWLbMdodGZiJgYh7SFojVF54rRpk2XwGIZR6FoVfxI/ryIKnQYQR6krkoML1cRUs2KoXwHNeFEo2J+wvRkRp5XEqBDUnkKmhoYdDXiG5nHEbLBlRJiZovax1ZH7CFEEtPAuxscx5EqYssjmGTQnqZImPcCHyyZk0RIZJaJ9C9QgbQQ0KLIoGRKhrOEI2FLYnFHQ0SLfgo1kZBU2KCcuWrauyWw5lidbC5vIQpo6EfyJBH2QKhBDySsRLR3A7gQZ0aBo9DJwOgjEhV0yWB53FTQ4tLJHoekg1yC+0dtsV9jRiXAwftgRkVWRCwIvRhcdN5EuyozZZnKJKJTVZo0ewTYFHoT0EucHioIVoot4EcId2JDIeOBMuxULGsejYz7EmimNMR/R1ClsaaGW8HaLQ9qsfdjqKKbFiqELQzZF3YbqhTkMAqjslGmuP9FwtMlwNFjWKOkyUlGsjUEYIlQjkelUdNDFIYTol6GfsKLOzoDjsUKMW0h7UPazgVd8VDTiYjNBqVip9R3Q0TyGNcKrj0NE6hp7MGROWy3Z2gpi1DHo0FBUrsRdjSI/CDaiwFgYo8CyOPsX1xIBB9zI9mLstaeORqoMWxOsl6jga6FmRrNQRmi08CdcHTQTE7g0asosTi7aJSYlMj6hjQyKa4EN7HlBe0MLBZSHkZPAlWhBgvRNJnrEoL3klgZpEJu5Kej7TJsYG7IRt4RlpRLgLLKM02BN7M0HdO5MUOCD3DDkaBl7GTshoeCY7nKsjkG0OsSLe2MfY4Y4rbo0DG7JiWsMW7PuI2ETYTorwjFQpJjd4FbeWMcsYhsdQhFodcTpsmM2VTFholOeiVErEIQS0NcrIJZijAn9Cmk9BnISZJL7EkShD0sRM0N1TITx4IL6HV0j0Fp5MmxpKNroOfQxZZc+0UtsnpiUJawxxrY/hhK2RAtmkMGlROZseghkxQ5leTtBJ7MGSpRI1BFsOh3Q+hb0DLBCGyNcIX2SnoetCCJoVOJCOCYR6HhwDpsY2UIWhdIRkROyKMfK/YzGYwYwJZWBLpoKM2odUoY2SGexaqKUSeETuSWCMkoQp9HuQY19D5+hVUHqKnsmgt4Y2Q2N8IU6GCywOWzWPhEPBYHJC3EakKBzFaI0doJPDPsM8HRhC7o/BL0L6mhbI7EhQOoytmSRVYJKRUT0KbFoK8sfoiy0b0OOK3oqIWoM07JWEJM8B/SMgZMrnNh4MWxQJm9sQYCEOsJidIEW0ZuwsoLZvYmt1xUgkfhDio12JHSGDeYiVDZyK/oPYiqI2i3A7FskReUZFbF7C9DtO/E5NMSvpCmj6jIaot0N6MxxNZsUEgkqvQ6gdaRCN6GH2JTLKEdox0Ngxk98DsiitjYFaEDKYPYJIJp1xi4vkoyr0NehNYRmJkOeok0pKQnoYrRDlGRGIgyPRiGYQC4o3kzBAfQ7eey22YjctdCErlHYpX6P17wvNTjMXkfnEbHWL2Ocm8yeh8NGbFJpjc2O0GBSNljDExYKCDApkxbbI4Q3hC2o0uisQzTwX2UZfT42CZnLJTIeiWIR2KhQ9FOj6i/AZeR+ipbG0NJ7EC0MqoMEoeMDy4T4ObYmkp4LslOxJE9xGbQinAojLPDxxa6CGyqHadMz2OzOCvsxab5EvaNkLsMGC4vDE6jUuuFIwCCDUfCV2yMXQdZEO3VEbYzqKssSMN9i9Q16HfoRnxCOhg8ZPWe5jQSbMfCEzkadIoXfRkxShn/RjQ3jVtkezoiK62TsG0wh9AxjUskesGWQy4FQT0YMJ7JLRiHxk2PYcJiCwjEjtD2kBbbEREQrsQXY3NIpuB3hXDIrsaEs8NrLBdbkbrwE6yEsnpHYyBvLhBMzuYj8mMlDCFedobA0ZFPCMW67RUsjNp0KPY1w55KGISIaxlbIEB7Qpb0ZsIVBIF7SO3Bitn2iYWTBqwQnyR0MqoT2Nr4mxtjFfLHAQW6xImR7HA7joWMXYJfRk0NhRgMIYa2IkNcJZHuIfBciYMGdbM8h3fBIGQ6PbyM/UhYNNpbNoNfZmmtCr8B9Roc3keQps/glGn7DHYQX2FdIMkdH6yIaBJM6risSjFhMdjmiTHE9izpvgKj2UEWcjpascaWsSieGxsJZkWMWOyERsZuxZTua1jUdKBwFBB4kpZXB9AO2jdg1eyqUSUyx/UdsdZqiWghsvsP7KFiyIujpAabWS+homyhiY02I0+J7GzAyCQS7lK030NKmnaKdhDVCITcIlLBJnAr2aaxFLY5LJjJbEZBHqGJumdcYGOfsXBIkKXHIMYhl5aW16MBF59jRqFdjsVMMplDm+h2432UVo4Idk9wWoKdCxo30NWB/YUhhekxLC6IhrRPoS7IYaLxpTVcEcCSXXGgGpXshDQgxGYkCyCKqQ/Am4LZWLWxBCBuKyhsPRGQMaEsBmWiKjUFyK4QSt9jN0e0zOAt4SKGbD0NThOeOTxgmKnR8J+UDi5csMnIe6ikCRjRaGFJRFpCarJa4NhGBniYm2RpwcrNw4CxorOFDyRPY0Y9CNodpQyRHhsjbY3di02Z8C9hZYPYx32dxlZggAg8o6sDUsCd7Y16PRFe+hKiywNJN5IbHRbHTWDIa0ZHBkIehyhOJ6CF0uIluuI0k6pdbAncwrZnFNyIeXiDjCzASx0S7IxiLML0gUTeBBohMT9PwphAdJcmBA2pwjTvEkmP8AgVagmG2K82Mk2ZCVldSRooEwMSWToDLYaMPXsJjI34DJlwCGE7HypMRl9CjlwZaM2T7jE2QZHZpMnAkKsQ9mLpMz7BMwcTX3CayxJsNu47ZV6ETDJCbhtCdaY2CTyEvbZg7F6xHoSH0z6Z9UWogvjLVsFH/gliojQD0hU7Y7M7ZiYOwxXLkvUE6QSfQRCHeMJFwaGzZFghfPJkiibIpqE4FxklHtg5RIVt1sT9oyeRsmKFloZBXMDZUQS9jSGmBeomYY+hjLKLLN04CawBLphklTLez/AEJ/+CEOGNijX/uP7He/4Few6k/94G1R0SS0ok9L/RF/+RBGL6CXCJxeDZR+NFw0NQQyRmNJj4V9tEtDlwHKYrKVHRi2XA+MMAjQyQqSK0KCmVBCMUMQ2UOE0Q1iaJrMzpBtnszNM2GIhpbeRN7GW2R2eFkeQkNpMHqlt0Y4EoExZX8NbP6ZZk/pcpuKreE90IIg0QOOEELSCgjpkyLggZRPh+RcFwhIyQguJ5QXLVEGscHRkC1mgrL0N0EhgqzsYCrZcBpvNiwM7DceElQ+gz4Gbn2Z4ysDWBD2JWyXoJPA5qEt54nxRhui+yQq0S5jGPmWv9GVDf0KQab/AECVoRBpriL2QQJGi8QSIQZSg1w+MCQl4Llifivivocpdsa8oYhIWgwiyIJBXQUyMkJL+j5YFohS4Q6aUGi0PLMWYaJkW+GiIJ+4e28mgz6ehkTBRzRk8lpZkV2lEK7DV0/ziRbhGnp/owISQ1wmMZGKjpnjZCTwpR8qENMXiheD4fCXkmNxE2CRjRCYPaYaG7FLg9bCQjNlFUiQj0GdiZhYYIS5xpsTgEoyC0kMHEMzxwf4P2YKMgtDhvThYRV1wXHFREHkbcJCXE5o3xBiJ46KYvFKf0wJlExsU4pSl4fFLxSjeBFqMA4Um6EOJCGiLtGho95Vi8RH2ZoGEQlKXCBiyMQxbHDuxcFqNkSoag9a6P3I54nwYmZAfpj6jErHGhn2amXE8iYJGIWQyjIicTzviYzRdDH24UuRrwxfBOUy+CMQsZYvQ5Fmj4myQ9BGdNwyjlVMpCArbGiuBMAWjYscFNzBIZNwb4ZTE4BFYgJbKqBd6Ptwx4oklPsVGkmElihk6URRBh3g5ci4TKi8XkpSlYmNvwbGgmiWhCGRIxRvgpRcLll4viiDEOTJfmxK1svsZ0zakdiRDETGRi1houEqZcQkoPSBOoWTSN6Me5MvAqO4WncG6ZGJrBRsho0y0W7ZYtQkbhiP/MPjEfAoGxTlfohmvIhrhF4aGNDgSTQ8vA/NKioouC8m+TLgyFVN9CHJNBjGapQaHvAfVoPZGXQ+gihmAcq0mahz4bGOIgkJniIpZYwrOgLEEmOFoww9RuHjC68WcbGyNx6LkonxSlfLD3wlw+GV0ozASfiaPghgNUnDcNeC5YD1cOjYT7JFvbbFDJgjwSQ3BCirRFGBZ4NhDnREORU0Bqa9GiGBeDCG1qHSZXEI3EjFYQ8YvOUuwxGzYhsWeQFoaAmxPA8BxDYTfocW3wnhRPkxMRCDSHypSdQ1R+FHww2Iog4Rw+XsT8GnDJabcGuTALQ6qJ6VZEwdKWRqR8CyHuYro2DI/alv3GzMKEDZNBN4K6RgZgzKYqpMxfY55JbF1NnaGJRBMmsZMaKQkwCeCXiiEBJIJp6uNhi4fglXC4oxRkMfYwQxcoh8Pi+RMuOb5aENybAw7ombyzJdkV8TO12hHYeakK8yFzE4feMxWhlQvQfw2nXJa0PEnkdEYTEvxiMzAKSoi9DexTEXKMNGRQKlwKJOC0MHYzJPY4kNniwCtEYKMTKUTHvjs0VDaMMcJwwtEg3kpUQY3wPXjbKUvEE4QjFm9CHMoJNjmzJS+8WAf0wQz2MzoZxUdhabHthizlcEMteF2w6XLEGIaHXKMJofvC1SHCDO4Geyot6cFZSkgiPhoTIciTWYBoUamLFpihZCyELRUiSDfCEQSJl4wODgxGgzvG2NPhWjpiKIaGjLzfMFgzfCg/6gyujLJaYwmg3Qi2Qv8RtnDBF5IsvWShaRJp8bx8D0JGhZWRsEKdGQdTM2piwsjAstcFF4nL4ZsItGPVIgoINk1M0MHgwcazG4LIkMQTE/IQwELkRBZNNTQYY1GNBccNxJip8LwnNOMbFns2mhAqilmSrAMUOGZEJgarElReBMMhuP/9oADAMBAAIAAwAAABDO7UMS029uqevu5OJOwTX1/ESkg0P1TfDQf79eP/FhHf7M5krEeaGEu87bIaY5bNNfXHuQGgyBV02zcadOf0dmoIjuKnwc0KiDAjHPKaKYEQjyoGtbskZ37lIC2e8ke9kW/HT+vdlzxeviPO7YaKJNpLWnBtPH1WCs/Uetqe9UktNUE1MIJfM7DLCFICg9v9uYpMLf9PnQ4XPa5X15sSoNsutdv1s4rFf9nlutMD68AvZOjXG9sfaCoCvdnV1/FUiW2/c7uMfklKAtdJd9uLOKRcAEHCxlgTpWjmMg4Pd/cHt1W8Hfn1tvGtMjPcUgVtPpKyN8c9t91Ut8ZWUeW6m2hSeqM0+JxfNcfOWxi6ffv/FEOazoJl8OnmL+UoFhiRoI3+fJHu89dawOQstHUSxjitt9FdUXTS32qTU++poSTK2JW1l2/Ko0J4M2vrBTddXanexA8cdUeVURLRUgbrFpScxAJKiEU9Sub5KDE2WiHN9+5YfO0nfdMEdlF/5laDTpM4ZzjpLSfoCUEJI1obl4cXKln0KRUTv/ALTr/Lz5fH/PKqMQTs67OWstyHEK/wAxv55T7P2rWuD+R06lR5/e37mkKY1nbUoKhkNbdqsDvh44cRA9S+FWIGo2HiUV0UT+2b63y8VN9qoHYRQqLaSMwcNbsdAdT158AqELQ8kz4V+cax+ScWS35vcUuILfhWjUYhw4T3AkkjzQ/Z10rrrH7Ty2f37077Xbc72ouMCnW8UboCPREGU0fGx9rwdwRU1VZF4ybGPeVT9U+E98eMdnJu9/EcFpgAUXfAWARaD+Z2RlXtSdVc81e2SAWi25y5IZy2ez12S6n9tnn/kYUflJ8PsiZ2HhSqCBoaUVrT4e+4578PWTnW37+TH33C+bSnAax0/Yy9+K+9FXaiAAmxvRW1x678lYMkoQw/YLPHawMs/57edP/VjymQGh6n8rLvf3e/7h9006ltQBPdT/AJig7n0HE/NsPdVt9YY206gVnm/9ZyHA7eZ8fN/kbNPFgTAkK+5Gi+bSJboAQaJOaLpFX7J688sXHZ5WvNQw7gb1Gbs/h+cIzYVrt5BnxH6Dk0UxWDuCaBWH23Fn239cxib5403bUNnsw0/nGtjEdJ6McNTgvwy3/Ef31nlxZENaOW8GUJCKALtHqpHT23631yKPi0u+NMZVI9XhdVctEs5CFMykZM9xXDdPAzX24F6a78B/km930q4XKTnjRT79P8OfhEa9xdMBRhxSPmcq2OyiULZVxhMG4OC0YOViMotKFcv/ANKtkBvOYpA/wWIPxWQfF1EHbu2+3ggFBsLguXeGIquqeFTNldgX452vB/CmgeVCn/hDsqwSRZn3cV9x5MlBqdkM8gf3xJiEcVt6qvfT+gkCHB+TzS1fZEk3B9jldNN/lVjDJDBnq/1+YYpvLmgn68tqQwe5r1r1Pqmo6Z2GWAtjQnBt5VhdufFG4zMsiOoZrVA819Uwitf1n5rL9QJ8nabgIuYoNFuwGG3JpDOAb8ruva5K/O9mYkiYq87dFFhv45IgFME8dnwCvNhufbd/No0guJkfaZpWN8Euc/edqxgMocNhF1MZ6EJ7lWC6W4pRxRXElsIbXUJAVfEQzOpGaCS21Dv51CkeP3zmdvzTPzF2p1YBIgFdvpomXLN2kUWq9ga6Sa/HTxQEx+rfEQ8Ajfrz9jtoznGESEcHY6lVI62so6agq0qqaohBdpAJKKCnJlbPAnLtXt18py/hHhlofbQIrv00IAWf5NHuLqx/XO+Io+Vt55D3jh8Np7SQXljVazy+/CGX79k62ss1L+KFhLmKfwZyKqNXRgcKnUrspVZlDhRmlxfila/+SIe0Ps/h/Lro/wC/EbvDcKg4Zywk5JGl+TV1zrh8CXfNTS0tokOusRvqtDDz1x7+6JMI6O9fj4ysUWa2hqW7ibIvCyRFGpuN9pjjtl2yrulK511VUb/O5hirp03FL/mjCceb6IIWELUR3eH7aFFauEo9fb9AS3zcWBW/KwwETF+squN5dDgFa4UcDQO4bm6wTqlZ8tETZa/FZ3SSYeEqsUMhAHwhtB9mt0HfMaTfG7RaSFPZ/YnBG4T4oku35VUnVIO4is6jkJK0ehEJVJQd/WKcGAja9CY6bebhVimrBy2BUR0guxSAJKDO957hHME6DYl5YJPPfQ5DvbCp/I51y/Sx5GRzRGFvCOkpMBd3r2hk0VZLs+ny2hZQKJbQVRwRabubwVcaMmY6rb5Rrm99GYQc/q4ZOK/npXdfHUaNPTaR9XYeD2V5fyogQOLSUanmbzVEs24bJ333wg/YYg43fAPY3ffQP334XoXPQvHYP3QX4P4fXPPQwnn/AP/EAB0RAAMBAQEBAQEBAAAAAAAAAAABERAgMDEhQUD/2gAIAQMBAT8QQxeaGLpix9rweTViGJelFsJj8YTH4N6sXssovKE/yXUMnE259PhXty+17usWoYuXwh8p4sWP/Iii5mNjLtLR61xRPyvF8Zw+lrFiXcLj8L3R6uEMvikTxYv9CH4InqvecwS1+C1j18LzQ/BZCei4eLlY+nlL4oYj8FCl8UQWQhOVlxLZ6rENCRCeKKUpS9tlF2iedWo+jXD5pdRS8UaELH7ohNYmhk8rk6Q8WX3XLFyh8rF2uZ6TViyYhj5usTGLGTwQ3k193UMRPV+yHr5XaxPqZFxBD4o2XwvjR+Ey8tcsWzqlz+CITWIfC8UMXLxDydQfgun6rFr4RMuIfD4hNWvudo/vV4WQghky9fzt+DQl5wnbRCEL22Lp+Kfki9Q+bRPFy8SJ6Lbs5RMpcouWhLt8fna4S5SH86vDJ2unq9KXUQff3yWraXhDZb5TKfRIbGLpIfD5WrYTliL3OVr+C6pfCE183i8SCGTtIePhcryfs3xCE1C5hNvd6ZB/OHykLJ1+8Uv+Fa2PYJE6WImPil/xTid3xnhBDQ1w/nkmXaXudUpSl7omN4xDyEJ4MoikxDYubC9JDP5jxH5iYxDQkT1SPwpcSGhei4eQhNQ2I+kJ5sR+YkNMSGsfrfNDfrCH8ExlaE2fuTleF249W31mUQ2Mm3J5Ut4XE1ISJ2hkEXVqeXbk4nEyl2EEPhPh7OIXHx8L3BEH4pYmf0bFtLjxrE+KQQxDF4Up8KUosutiZT6JDWJjL3OVwmMXFLxer0hZ9HjIIj6Yh8vVj8L3cerKNlKN0Tx/6p6ITJxPwnpCathOni8VwhvWy+ay6vJi8VkJsJ+CGIYnwif4UNiJs5SJiGKDS1Dxi2CPo/8AH+9wWfSDIt/gh4xD5P6Lv+CHwx9fwXDEPT1Z/8QAHREAAwEBAQADAQAAAAAAAAAAAAERECAwITFAQf/aAAgBAgEBPxC/ifpRi7QxCHy8fpCMbH1k7o9XCLio8Qy4vaCEJwNdzXzBIaFkykF4XiYkQRBD1ohCDfU2CJlEthNf3yh9JaufgZCEIQYuryu189whMJC1eNxoaF0kTEQm3hLGPiCRCE7fCxiyDUybMXbFt8F73hn2NQT5XD7axEyal22Nl7Q1jEMg8Xq9eMQli6Y8TLytePHi8l0xDFxOXqEPhDExiHqxeK6+T5GLpriERRPC1D4cPgWT8FKMRcQ8fYiGsTxctC/NNWvIIpdfi9RCdvxZSkFzOJwsvTRCC2eqHlLi8GLWxPweX8DxjfC1Dy8tjExPWuaTKXFqy+D4QvBb9jJi1fneXaLKN62LGIeQpMvSY+IT0hOF0xYxYuYuP6N4hi9Gh0XKWIZRYxrGxPFy2LWLlvV+J4mXGQbRconrZ98MQvsmPaLwYuEPEUeJlyDRBERDz7QsWsWLFs9mIe0Q9QhvHkgywQkNCFiGLm+iEvkZdq1i1DPjaU+xbR6xZMpOV4fI2feSkXBankIPo8ZcYurBfPC6hBoS2l6/osY1iQlr2ZBLp/IuEPHxT6LcSGterFxCF1ohMRZ2/gXyP4LRfPixdMYlk7XUxi4eMQ/OYhl26kQnUnEPrbcRceUkyfghBInN82T3nKx6tu0vo8pX0sfCy9vUhrJrEP0fo2Ioh/ghPCDRMerbiZRbOkP1pfC8taspRMhP1wnMxiGQguEP895oh8XUPLq1i9UPwm3hi8kiE1i9GIfVy9vxZRPU/J8tfhnC5aEuJ5Pl9XJzeb1CEFxSl2cTzfc/Eh5Bed6mfWp93mdru9XtcPV4JbBoSIQmwnc6nUEPVwkTYQnd6fHwQfDYmXwWMWwReKUv4Vr80Qngi+q15dRS8vtFKMWsXmuaXiExD4fLFlyeDEvFEIQhCYy8wmI++FvwTzTL4LaUu/YkXKUpeH9H9jF+FZ/PH+Yhix/fDxZ//8QAJhABAQEBAQACAwEBAQADAQEBAQARITFBURBhcYGRoSCxwdHh8P/aAAgBAQABPxCnyzkCXbsubIsjIJILOyTKWQ/AOT/V/n4CD8dv8jfr8ZslkBbZyF+uR2yywkRgLD8CSCcsYJDJjJ82nzPn6gPmQz2OM9s38f0s5nkLPZPuA38MFvGZxYgc3J1+Hpe+k+y7fMFpuJPuwnG45eRiSNy9sNEwUkGSDlhsYMA2FyzbLbbLB/GQXjDke2dj3c8kRxt2xgZ6+XT4jZ/sBnfw5Qc/VmeXVyT8B9wd5Z2f5Y/Uwc9kYLJhbJ0ksLKcgxnREQfM8+rdewH7kL1sAW6+fjA3FkSgzs6XHBZ8Fr1uXLH5LBLm8jTwjXzDPmxfm2tsON90GeQw6xpZ2EHEftBn4ZsdyA2dsEDZIJOQb+AXFlmRGbZnzDnxfMuOyb5CPbIHYOyI3W7fMGxiHN+IPpY+qZHGsJ4QaQd9s/cH7nnzB+44efgviZsh5NkLp/8AAwsJ55eyfEYmCDbNt2ePbPjZH3YPFvobD6wY+5O6F8/UcMHNg5BHvZ68v/becgeaZDrIOJMgvYryCBthYs/AaWcggmHspuRmXNmCyixYT+AF6Q9n/wD7LQ+7FOas/QfJlW4/E2WR8gS/39ibR6N5HgnrQh/Yp1GL0LO4/wDl84Zl8B0kNs/V/kc+PyHzHZ4vUknbmykMtnb4luN8eWb8Xl83rZ2IgmPo+bz5kBIgDqWD8QaYSYzq/N90n6y8QQn4/B6cLXcyzOkKnGU/Ng4OJYvIU9i+fxllkQ/J2zL5t55ZvbPwBTsYTkhch3Lo9I8+i9YxKldh81GWreG2qRfsh63RTEKHpPu/cv6tt94eQT9KRs4C+C+JHYtjKv03E5wg7+EgLD8Ny3fLvzMT7clNtJby9ssJtk38B2IOWSPfwPbhjH2OP6/CJ3dPLScnHxCSO2/GV3JRL8w/F/V7x0javPwG+zixiB2d+rGdIPq8/DzJ55DzsRry78wFgSvHC5mpAfWR+B+9cy6tTkFTB+llxPg7NmD+AyNJ0r8toZmzh7A+J34tU6w+0znPz9zcH9BFGg4j4g6dH3CP6sy/279X9TuR52f1byZ9mDbJ25JrHzdg32Qnb48u/E/i+mQ/ZLqXZ85H3kN+J/TJPyX+Qt8F+06e8s+Bnv2/uTCAkoeXU7OfUW7EGkc8k3fmJ7+Ty29Y4z1g5JdeRBtmS6xbeJWw/wAkCv8AyF+j62PgSLsO/VS5Lrum/Nj42xTNjflJ9wNteuSri0/gmXspCIHfRjDjXjKA+vSJ4b3XLPo/QIrhkMhPqXkeWJ/Vlxe3SP3M8g7AY2Qcmyz92P3dg+c/GNcvfk++SNr7lSY288nVlGmDPizu5I/V/EIkIHiTfY5IbHv+R5cESc/GX6v6sjWHbbN/Gz+DE63nl77AWWXhy/aR8iIEZ4iZs3ety6cZby4IeyciZGIBgdFh8GALFtRpYmMIByesJE0dSWIef+SB6YtQJD0rowRM+kxsRjSEej7Bnx/2BNKfrLY/D38Ht8/hIH5v/uxh+7lyfbD5tIe/q9uFaY5k69vHLrOSHywZ2dXyD6nD83MtLyF82CfxFk8f8vEnImG2ZZtifMce2lyzY5OJJHPZB8svPL+3Ifx57Df5E65bIGl8CxHj23vmEnYaRRx5a0DFk4GR9sHgupwQl9goNib9WBfEdmbVfMicHM+V2TS6gyMjFH5+bRRpkeMSEvRkNrHmanjbZPmOsOwF8z+NCHXy39XGwnl8xi3fibML0264n2XPbY5CJkx4vFmfH4f5JpJ6yGsOLDLX8GQ6/k5P0IP1Y+pZ5bHOL1sdiYTZyfqfI47DJ9i8uMg98uA/pOiYaCxufe4qD/pIDy0SSitfVZO287HuQZ/BVfGVe9y7PqxA/l3Xyzv1Nn4PBjp72TvYfN9/AsGxfORgX4nm/uRV7NkPJIn7hyaJ8kIMvxvL3B89khLn3rU/svfL929m7GZYTjZf2dT0ufMZMO3C9j3y95HWzGt10njsB5CLds5MQyAyZAR38gTMh0iG0HPxv7uvmGfuxhjYL+M/dkF3YJIzC68jPvtj8kkv0xChnVmX/m9gtMe1tx+sb1EiGbPQG/M7rif2PtASGADcTc/UgeIIku1/Vt3sry5b4fYAJ0xI1+NbJSmzAm53Ic+yw0+9mxZiZevJfDZD4bD7oyuiSHwv8vhHX5gPXen1AnZ9+yMM88v/AFPlsfg5Iy5HeSZ5MDIb5Cf5D+7Spt9sTlgfNut0+LN9s2A4zZG2IWbD4swv1CcuQ7Y3z8C/q/UkGzt/UcbNm8I/CmRl/uSGfIfdozwPXlgifrYKG/o2U5PPtLns/ZuOinFx/wD0l1eDj2Qqqn1bu7tru7s7GhJzC1zcLR5b3YJ3bZYhwAEfm2Q4STpFF34mdrGjkyB8yXeTyHZF7MznX+z+AWDnzE4LP3H1ZQbCZC97y8BzM2RPPJezkE8/G5M+Y85+E+/wTv4O+3Ni7yTsY9bCBst4Ts78ya6M78QNjtne2B5B8/jTYGeON+lx3cB+M1/A5etl42kdZxOQWYbGNlvfGQ7oeSAdefaXmJ8p2tfa7yri0YhymNeWqs8bwtc6GwMzOxz0ID5J9bYh29LE/sOTTnlit9PY/nbt5B3z/k3o/wBlh92xI6Xy0u/9l7IxjIP7IGhf02xU/oj1x9RmO/syRoi58tj4n7M5eRs72Xrvn1AEUaE9xwbYJxs722/s3j2TYPh+PfbhYJ32NPqOrYbIPLV3ZgI9k7Z+2c87GHLzy3+xuRjxkLdsMgG5kFvwlsDiyONj8H4HPwPbeWbI57FgmcEF46eSshPRes+/Cx8Y8o+BjZl+inqS5zYyN2Q+IEf1GVv4lnEnV5mU/WXtr42Dp2NO52fFlfiIgL/SAlfxNhrPuH7tyl6/rlztZ8ucmXUwPiz2fJex39pC0P2ywP0A2ZM9tsmkels8gvr+AP8AU42/DjOzq52AHVN58Sa+9+5MjywzsH0sLAs+bEgvkHI2Pfw8M8W4kl0g2YMvUex7Jvk8R52+Y8n2yV+ARccj8av8jsHxZsFxaXPu5f8AkDh6XbFMMEXVO8yGjG4BkUbnGeWpgj6iX40LrrOQ7mxbjtkrfDnkR0Mnfb6rPv6vJ7di/wDLUM6aZeYf5goCn6sNkf5aDgf5Og4gNHj4Li657ka9d+5Hm+Tunkq0H+knS/rZ9Hn6jA/c6eFwdGOnYO8YMz+xm0B+7AX7qwQwm8t55F/k89iA/l8+w/H4Zy/y8uz1bQR+4Ebn4H9SbDnk9Qx9/Cc5+JgwPibskS7xkQMtjsZfMP1H4Ng2Yzu8NlX8FozejY8GgZlskig/qMvy6GTersvzbOdeCGgke8JiNn5O3WnzLP7aPbM5ZTXfJSEn8gRRiIJThGgTQobz2xA7I2nIkDh5ZPLfDJQ9lsI8gjkb05KfMjOGXpanzkvhKT8MnB5LmPsfkvExYm4edPhsks5C4I/SVzhdPi7vl48kh+I63XJwyGQdwgvI+Umwz2cyD9/ghsbB7+E/GRNxPIfv8cSD8HGyd20+wt9k5fohVOGxBaBAP7N9gbaYkn1k5ZOBB3nl32yxukwuqfUNQslPo2CdZFuZYXIgeyc4R9EEEAEZB5YfiGci5GD+sH72GAtz9FzWPCcyB5ySG39ytJkIAwQHJhTzX5jMZr6nPgSTggHlw8nfiKPPurLcmfiXFsb5PRsn+79WZ+Hcg5N2NX8aWdvVvNhL24Q47Pbc9jY5qQ/28+J44TvsGQbrdy/c27P9h32D4WfdhthkGMwXzF83x7Y/drD+ot5GZIEddL+227p5eY9lOnmXDl8yyu2uTDsfMmpAH2TvjOnjag9ZB3mxanQ+oAgl9GSH248jnzDp7GR8lh9QWpl6XsCjCEHH4S7BasXJkYT5u4voySyoWMP7cfRJ+rCcsfYVTPSXauKtiHuIU63j+UP3KR24TbERk3S0kesGWGXjkG+3SGZeeXry1+Et/UPs/V82GwtjIwGXLDdufj58jv4JBMtsvr2SI6HxBS5df+w7rw/t0SAQMcPt10uNfMqnsCfM7k+xni2n12O8bTpCDysHZ5svhPzkci68Z8gJ5ZfmT6ZZJmZ8W9Z7d2OSQLU4J4Rf6fqOdI/c/wB/7C1eweHJfJtzyXfxrI0cez/SzxfD5gRkDxuwawYyXxf2CzvtnfYEDOWx9hdt3y/a+eF/kuchN7Y7yOF3fw7AlkAiR32yrSHEEllmM/y8/CxJ27JZ7dTkIbIXTJ6ryi2+eQpufB+59BmsIs9S5LyfLxIJfrgNZcIXxHNgRwTPZA6FhtiezDzyNX9XXzeocg/NwcZmmNrYImoR9soN/d0dot2OYORacT+WFunxjKfjYL22K9ghaxmSTR9LD75LzkLL9fjIGzvZ6gm6jhHPwe+TsD+HL15Zhs3x+F7lj+ENvxBeXIgmWmTbb29ZE8s+4svOQR2DOm/qIkDr2ON0wtIjBHL0n4m8/HLP4Ntm2l87bDligtQOQHgwACXNsFMmGvIuLsvEPm0I5IJ3Ibt6qWkFyd44/Vu5z+JD6H6l5P7wWg/WCKt2euT2JN0t/F8vuSmYtBigAWGEY6sDy+OTofhgvm5aXZPYHbNfZ34Y2V2X8FabCfgNntg9sfE63EBl5dO+F/khCzJviHPS9sh5ZthMZaW4HW5GOESoeA2bVsJaPsY5ljXYMt/JrEOC0WIIA+7sHxNgYwfEbZC6Ed0cthMuS/VwyOR05D7vnjLHs10bwA+p2Bf5PnO78yg50lEQf5LwM/t1x+L45GnzD3thdJm8HEhPuIRjOtvrQ0sH9XA326PI87LETm2FgQfuPsHeyM9ljby1+b5nCekOwuz+GS7Hkm8kZceP4aTnfL2dFo/GQ2xb22HfnLHH35Z1M7k3f8MHAX6fVt8HweMwhj04WwHfk+SQOPtkQwd2yOsN4fMxb8wmC+ce3nFnQl4E2mPJgGMLIyPuz93DxtZxjX1/As5PnZcJNKf1yU/sstUEQxtRIUwnpx5JvI35/DOcj9+/gF3eE9xitGAy082aPWfIy+IIPyHJ7eEvb5t5GMieX7TE5K7n4BsheXBYO3kmyJDjYW6f8ly2Jt/GTyG5NpcO/Fjs6k3Jl0YcGKkpeDmyYFSPcY9uGxOHpzf3c3jKQ0j2zx82xZCIhzbN5EOOQP6YfJyUnynBmYg9HkQ+wjeuh/t1gyzccWHsN/ZATQ/2R4FsactHxyYCQCzme5Nih8ifuwnl0Rxg19hfxzIuZ1/V5B7JOmXer7CteNA9tFeOl4mN3+8chz8e/j2bOwGdlqnhdTyx8z+p4GeSs+x2ztwet75Z93Piz8FT8DidVFlm2ZGbJK2ZmWQgib9RlR44xEyivHkkUExDuiJ3/bDDrrC8010/v412WEoRtjvlsuWy83/cLFkqBki66WM3HvlvCOeSJWZIQzQDCZuv1bhvfDtsz/q8lrx8gL/xgAWkA8tnnTYxx2fAB3k4HiBztgxqHBtnINmfUqWR4CxxLp40hi4GJoyg+lEtZXEb3Px2WYjv4SfJZZPtzs8iJo4yQy4b45dJNkyMlNgGCDCSz9yfH2L6/GGENY4v5HDYdsPuck7G3c8t+yR+FsdXbsRnIeumq3iQCLLiVx/sebNnT6tPcWI+IU6v2/uFfZsgb7Ei44t73W5De4QiYD9yca6xIm9uvUYwHIPQLEjT52aHHz2WP/JjWZ/WW7j9rMe082GQX+SAaibzh+rVN3LMB/dl9xDwtqSn1YGCeEfuJ95IQ1zGB0xrB5z4m8w3ElIcWbNjNr+0nfzF82ealT/Jku6oDF8/BP4O/hkkikLy3PI1+YIbueX9GTsaLyUeXvYDLqQH2P7K51upxvrkJOt+pYbbse9g+pGNu/dn23EsQeZAD7gkwsz5RhhX2nU1OHhAk6HO/ENLu+JZC8U2J1t1tLsQJ9kIQNCXPjPkGZA27/LuPkr4m/UzMVwWRYCtk8yH6sUcfqHIx/YExB/Z7hB9Xjv88kIOCEwdW7I9k7gXgbjT0EnC/qszh4wCM0tpxycojCujEyz4f8syDf5fBF8LgqiB/l9fH2BRBhbeXI5+HWS+Ie2QLUaWydE6scOyc5Z+CdkGAG3Et5y+Dbex7/kDnkkfu6eSmFbptzcvpJyTcwuXv/kxKVrtw3QeRPXrsQZ/9mYRBkRzNtBTRB9geHp83U7J38cMGOXhLYk8YQtlZZfXCHD6u4r8R9pv9t1rH4uh8QvBIn0ROo/l7+L/AHwsLlbhk+Qu7r/+TO68e8hXtfoNyBl8HZAff7ae+Rxj3YO7KN1SwtNiHHIcTfiyjoE5YWkDl8mKSdcewRD8Yx8zpCUD35tch1cJRqHhZN49k/Dxb+HdjY2WOTY5sneQr+D92Tv6t+7vwcsd7Ywff4A3xkfqdg4bcsa/lrB/GqyXls+z+F8nzMzmG7FrCmH/AGEcBLAzxuzBnHY8vd6Pu4+j/VADdThIHjYYBDMeLC63ZTlp1bcXy5wvl7GuvboEV+L1wZXp/cnWlsTgZc06ig8tvPl8IujbNA7A4mW5epFOxu85C/6hdm8LJ5aQBP1sKJrk7jV9/wAsmSEOmnkCcnwfiVvD6p1imSftjqaBIRxKLxETLvStr6U2fI9tWQx3v5Qzs+v/AMSc+Y/a/lveyix7YMs+Sw8z8Ovm36v/ACW8QbIfEZMfxl1Ownz7KbfeWucwbYV02+Sl795AYgHxLVuxHAj5AfCEMYg3luM2B2zcYgTJLh5Pr1j7nLAtR23CuR0GRekcZ4H1KkGn6nwu/OSKfUSAdkzEWqphyMJYbBFdjmBmWx4T3yH3AZyGRZuSP+x5TeTMB8rRYx3JzHH6kcbv6mZAfGWhYQxdtB6/GwX7iNbC3BLhPpYYH1b+r45Zvv5F/Dp/Lo5N1A+SGVz/AODOwG+/j1Mv1ZpZ+5Ijy0Cz5lWccvE2p9hIu9yB82G/jmDctQAbGZ6kb+pzMPLmuEhj1wtYeClhM5IQW5+YSV3loYWx2SThH+lyHl9/MQzzIxBzIbQxsZOPZfLOYH3ARP8ACeyuPuWrdHPEnxs3EsAjsNyDI8h2XGQObyJwNXb4yLKTuic939Qnxni63IUeg9vP4/MQB5cgGMijw3Dvpa+4c6/hj2+Yey3jloru+QdhZl8H4fZw+JD25e/g4eQmWcs5L4htX/g/D6n8h9xmz7yx+IdceW4R3tl185DhLvkHmyjAqFmWRf8A3YgW04Cl5EMKyPSRv5uOxfCeHl9gLQx3fjJ5Fx/cB+kNetl8NSGfpGnkS47kUr/iGtEBLsRciLjCS3LYOyW6fYs9uZ7aJANnhdl9l4pL2VQhOWBvRgRz+ieSn/5pbaA+DySgb5LGSnl7A1+rpMWyB07v/ljPLeeQ6z+1mWu3zsdhl3HS9t5+4fuZd8nCdvffwSOefh8j2Qy7shlmJLeufV47KSRfEfuBeuRjy8dmEjlsmt4gN5Bkwa+2BB840Ovvlt3EBskSZ3DPiduLI07EjtjlL9yvytcf6/Ue4r2JNcmd8WU3xah9T75fGIunT3L9nrLXET9TIf8AmxnnH6uIMPO22d/McyS+SMngW3XkI679QBcTGWD3kjJo6b82Cid+bQ+Q/kCbA7jEAc4R8Pts/X4hzvOQsMuGOzBrfORgXVGuWPzeMsfhxO0fwCOy7+VJT4np+A3EuWzkpNuE7H7ufjYBkb+ELJG6HWwYX9mza/8AFG7qfHd/hcojTMf5MYHdmEGYPP5LrgwUekKvDI/C2+QvguJ3GDtxB0/Nv+Q2GOlyb9RgQBgYXROSah/y15ZFyLluZAGsSHe2j7G42ClueX23HZdZHwbyIXRrdTTmZbsCbloNiEZzJVFIr/ZkWLhrZo7jS69/lxd+oX6/DbBtnGPX5jVodgD4jPqNdC13vxKM7/kc9jGwJSMz9xJryRJdDYS9fyUsHLv1ZZEx7fMn7jPwLT4QiBl0ML+yPgv8uSB+rgg3PiU+o3l3kBnbwvR+Lsd2w9gac4MEOIRpY3O3As+W8mOsgLkKXL6/M3DbvxCZL9RNntqoyHjBjj2BoXL5vsFa7dvm00Nw6yD5tHd/EzG/zFhhMNb0ANgEzOZZRzfMe3SRchd25zXg8bqCgbFn3L9fj2fxqzkSe2FuSaeRu55Gj0lfdo87d+2B8yfiBfYJG/z8bDnX8WiXZH/CMSclL+NLTZRJYfw5PkbOxtr9SuPOXAQ6S8eVG2ZObDsAZpKmq/uDFnwPSGF78OYyRh+yHOnIFuSPFhOXKctGdfiwnOS9W/gHIH4n9Z76R/C3Rx1yWYIeFtDSO3+Wzo42AfEv3EYwWZQ4ewnetg6eQBWH1ucA4iYUv2sp7yPWfPbcljvk/u0gvi8SdRuxuR1viemQZ3Za8gkhly69bH3Y+7PwSyPfw/8AFZ5BfpEgpeOXTtw9uWWSXxH7tPi/t56z3g9hyEQbYL0OS0hsxXC9Rvy/4WQpzBfMhNlbgId+ROg7jcIbP5S7q04vGBw+LeamED5j4G3kN8ZOjs7+LfbNfu1QNzI5yTck/Ug3BaI+bq5cy+1kyOQUXbGqAPVjK8mHy05WV278zxyYD6n25B+CyUZDeW8tk5cr8CmQOXrtghp+oAcldjvthOQfRP8ALI8/BtB7OPk+X6hmOp+pF+bpKw+5m9LKZkm3on2GfxnLnyWr4nPqczhBoPiJ35nVtA9W3F4Zcrd4fiXlk4e3fSNfAyu4Pstli2l0ASuGYwHfcggZC+TryI92DmxpnzaXYDHTyDvkPokfEDLLnBBhDEuQIenLYvBy3KvhGdGdMHPJslm9i76CIOI7koeWD19/AyQQTHtmH4Fvi12DnbQtJCXmDGbJ21eSPxLseWC9kAyWtiXv8JQZz0nOfEn1ZvzLnvZds7rfO7Ls+3k/g7PLZ1tS+tskfQ9g2sS2Pz4Z7aPt4PzIIezXsX3vo6ToT0GQGel1g+Vn7gpDyyHSKN7liMm5uth5iybjZYwy26WBrMi1AZjyDkmw7sUeStuxwjtkjHJuH0t0ieR7vjYjQ/tyetsSNMxvmYeWGcL58s2y+L5mIO7aJkfveknNjzrc+ttPi0PLUH5/Cu8v/u3efhx5Gxj829l5EVW+h8R0HGl79J1k4fVuXzeuQzZ+N/CcifbLyXnfJBR8ZZA4B3/kBNoT4ux+IHj/ACBYcs/5BpEfu4hCB/q9hGsdBXY4+zOl762bZP2yOQ8tQc/dpgPnSxRP9qTiSPCP0Cfd6C21dv5aIzGNhLmcexHko5bRy0K0ELsfL4TVn8nmvz8xkO29PmDwQYW8viXkeT/Ycm6wh5Ysz2nxOiAL17OPzP0ZPts/d5cdv0WayS/Ua3bELW+YYufxPUMeBsCOweG3Uc+bOQH4O2NjbM3kWfgmdf1cTPdsrRw/9tNHhX/JywAY0c40jm5gtjmukGEfTCBHx/Yw9f8ALr2ExydGPJs3SVYJ+2cgHmPi3nh16ZED94EZanuMf2B8QNhvmJckLNszl5vhtMiWdsI08l521FBdjAfWwfitTBIcvImLHM+7XJfcm28v8gzyfbi9uQfVx1PJzD7lYUmQ17ceWQr5vJ73CB38ZjKXiy/LOLl83Q200P2LtEQMajcFlD+HkTZn38fH4b2bz8FkrM6f9veVCcLbmE5y36gOszh9Vx0YND8t5osxI3s2wsgJIZ4fSXZxhJjvNTZTAfk/UKEP7k4OfcZrDFr1Ae7FuMwG9vollP8A4DhMyTxaEZZxPVth2Vw/7Gdi7uIhukC6Y+oMufjewyWGQDHPJj3PUQ9TPwdJJeclBsvxI6+bW12PIRcI99l2zbDfY4rLoxOwX7CfgTl14TyIYk5DbPse2RZN89g24w8mD1YzV7kf+zc9Rnl8PxvxBOcM6w3e+/8A/CIrHwb4LfUeevnL0AJWO7smzg9lfq/rLtALHaIDa/tYytyH4cvOjkZZL9OfMN1xs/GGmT7Ln54S8iHyEPbtr5C98kCFd/kZYwa/7ZE5jhDoZy9bv4apfF8SKwJPeW7dHkez6GyKp2F67Zp7+Gg8tJqvhlSvn2HluwvzL+7T/ZXINsz8A7aVjY1GCQG7trvIOwfgBckLCPPybeXy/HxE+XzKEwwPxvbjAvTsgCt8XfQQU9zlyJDP1ifs9Ztvz8pMmYGYfH3J++RMF+sWUNfrG6/uxnd7E+4PrOy3+8m30sTx8QAH+XYd7fLdAQbL8Af7HZT9bCn02NjMJjyO9l7ZMjYEO2frIYfcnIQ+icPS9Ir3HOyEg+2Gcg5JfH4P3JAsdg/U4tZzI6cgCXPY/u/6l/U7+OJbkthAz9z7PJipRHqVIhnpMYFswIrZfDLJMA+o9jUmWqWOztj8fEeSWXjJXf7pNOkd8R4gHZEG7B9JUB3g8g8p3I3JD7MHRsP9lA6WZgQ5ydIAuvuMer1kerfJDRs3I2yxOyjh/jLqb/1MZpz9z7p4x+gSqT8tmAfjIEFPyRQOfNgI8yE38WFkoBdRHN5fXacG/EcPyhjk2+IeXxeH4yzsEOWv1d+YeyY3D4vYcZdfqXnJ77ZP4YZBYQctn4QZBtvzO2mwe5DNPoblWk26xaQC82AD5Ey18XXt5ar+APz8T5+Ht4d7HoIfuNWBjsCU79BsOGuPWpUYnXgWKb484sqNXdv45dfIPs2OHjqD2d8rEb/mx7kSDso+FSLEnfAP+2wWvvljfpDsW2n5Q7/BhbHhsoXGwZEYnxCvY1Dc1gnZM/8AtEtmuc/GEG/MITMfIHKB2fIdLYn2Js7HkJa+JrW23JVPYJ7ctA6XXkdsn3JMmOPZ+jHLdsySVOnxZMHLbmPjI8UH4CNN0tCMf1Z4gGxAHRtrV+Ib1jps7Bl8QXxfPLPv8JJ+Q9L5Zy+jI3c7YA+L+efgYwdOPE+7rCegPLZPg5BM7ICpMv1d+RsPPuMhrtHxFYg/UHABhJrO69IJ+DYuOMi9eWTNnWCObLmcbdUZ9THaeTVt3exjHhJhsC9n8Ntgib1y8Oz27O3x2El7y+bLJWVe2GnbFviFvIpG/F0jY97H6Yex28ZkmfMsIdIuaMxyZ7b/AHjbfq/5iT1nD6hqvPiWsdE4dP2lrjywj2yd2D8Z+f8AbLySC8ey/q3eJDhh2NLTmQ8yy47bz9w+XE7DtaqXAYK65MQuQORbcHB9ZbM9s5HJAH/tl10tKdnXLt26eXcZlgbsATOmQ/8Ay3TAe7Lrh87ZGP4EPIfBvGy1TEcfw2SPVln7nbHI9jdmEj8IGzh/br21dlzyElJN/Cc3bXq9Xnt8ey3xGjGng9tro+ctCumFHywMB8uej/U8+RztqQPIHdF+1OymyNlJxjDyNs/cGT+CRg+5ct18mEfnGx/Dmw5zlihXhZfj0bYBu3K3H7yUO8nAYhO6EIANMbbYaezbC+p+pFWNS+HZW8Mkeo8g/IbMAJQbNsPzL+fIhuTdLryOe/h1L+NRsQksvEx4gbZluky55ZtmT5YsGCW+Wd7PfLITZ+8vaZzls5KmJk5MEvJRIKYnL9zxDfDtxAbLsdCyLxgv4nyH9W6fjGeEdNui1G1Wb2ZlrBBs8gjqXlpPficTIWAwxIkANB8R53CydInQL5LP5NZ0x8zkqdMYtZKhplkjdR7GuhcIwVCFrwn2GvNlPeCw9jKGMJxuHEhTyVguj5M0W+R+7Hzc/C27el0h5bt3LxszxYPZfi8fkcy5fMHYdv5L9275G33cn1x8Mm6JvNlXcxdwmMM5ZWAOXJHivFtiENBxETeAn7tJR+M3yN3s9sZ2cHLn5Ak+rV/AifMtOty5APlotvX4yeDBTy1BLaRZp7CnzsvNkdHWKn1swM52JiF5oZl8BIkvysNbMNydwFc5FwJ+7MGP5ZaEJwWTdxhyTGXZY3jHhifzkE8l5+XxKn38CPG1YvUHjOMmTbPfwTJZhsgVNOEQf6ZS35I+vlpxkO5EFY+ra5E+5PdEs5xHkYT5vkJ98hvfj8EOPu2z2UMG/EmW/q0+23IxPIch/V/EH6vDha3z7LLpD3M58xIFR4dIVla8OZIO245FQky/UQdO2YN9s2jYjtrfeTNGDgGfuHIfwwEN1sZ4g5OTn3kJP5LfqF3pHpDskVaF/V1Ykfgss+5L9wH3fLGessG3ry7aI36hN+y1aLTBs8nye+XybbEnOJfl7GD6RTH5m1fVirztgkOPqwLIvQGU4IerDnC+k1mcM71mEvpkNy8hhv5RD2+JgjFux9WjzJgs7Zb2GG9vn8N5Gbr5eLj7/wC3Boe/q747BNIycrEAY16MBXRKN3CM88n2KRQNbK+q2zChVmMAMs5yCkKSiHn41NaP1J3by3S+Ih/Bdtl7kF4Y4p9h0nFvbhYWnY5+AaQY23llnWYjiGzEdmjvlnHbKe9uZfV9Y9m4gIAh8TZkA36YVT899kgAFrdun2GJUHJBfu5b+NfwCeH/AMCBPIWe2W5H9tyzO23Ty1zb120+Qc7LL6fbG2/Jsx/2HGI7EfSTXeSc6gOwUD4tT8IHi2Om3sAaMGoCL7F8J7Om2z2M5aPJ57fZAPCAkiujgw7zi5v3Zb2XL6ljPm+beT6l1uDlu/l2Fy6nmXs5jNb1mISI+T2bQWYRDs90iNEuMgfqqXHXz5suh24LZ2+eYuZEAGvwMSW77rFdWsNYBGYke+Wa+WTfH4vX8Ehf7GsocuyXPg/G6ZD4ky8cgPmesPJZnvJB25qRP3CROVzBmQ/t96zO8t3G6QuMuJschEmZDA7D5EuSAbto/MD2QuM5nssZeQ08hYBfi+meKx4D+qw6HH+SPxZdfj1+A5Pn401sG/i+fgXPLbLkZ+CwhgSvjl2SVujmS0QPb2yfSb19WTPMYBDPLB9Imln1IZQHf3LW/sPiU+QfEjj43Iw3YF7tvORvzezwlz8NsRjHD8E+p/GWg252azS2wf03d7OjuXtNZeMJXcGRuaayGyzxuZjIDpt9ZPw2sGzkbMzOSADBcg3L5Lswdut/Ruu6hGmDJndl7t+qVbA7cPjvsjSz4cGViRvwM6IrNfM3kb7FCDfBbdNMz9S5PY5D+Dj/AMtJPz+9+n4+Z/sZcyeieXQVC0tswm3OR8PIRJyHFieMY65l3BX70QpWpxs/4kX5rGc8gOU8xbB6dG9Xv46JMj8ZcyOp9/Gj87J23Cew/EO2aSMefHq+tMLp/wCyYH8GNWnXzsmhvsDZSHNEn1MOkuNvcfZnI7OAzyBdnas/mQPsKfFmQe3fY9ch4k9uIYuF+SC9ZPi4SHvRI8DHAx2cdXJsWAOaY2XSfjYgRHb1ZHL1jF3kP3bZ8/jcIfwC/sCA4gyPZM4TGTgbKR5az9RAzyMIWtOZJ4fU3PJGPZ52BCwPMInjc+iyaekpI12LamkuOKScsSkDkHLLkwzbl4x2+IMG8Qc2+bgamwwE1Vyxxjx+soSXfUDVa/hcrp/GdsgIF+kPYKFk95ZTr/yHyQz7dpLi3gQ0a+yThazsnbNt/wCQiyv/AMnG3ceW+ez8MGfauYsj4/cGqdztm4J4R3+oWaH1hNxO/cbvtnP/AIXQJbPsL97KzT2zObcHth8SMV4E62ZKjV2ADfYvN8lF+J5D5gBnrbLPq6T6vmfUHOWtOtqTe/MmJ9luAT4ZO46eTImJekDgLKf1en4PDt5vj/4H5HYc/LeM3yck+fI+db1kVd8VZHVo369nd5lvz5gzyIOFsd/Vke2svu2XTyVMQZxBx3shgdiEbd0yRBkeGHOR4jchJa6fF/1ebzWLrvUtOA5n2ImkeI3d/wDbMHw/7bPf8JLF5Dyn94adAT+Fb9HJTSsftnydoYhOgZN7t7YT1uhpbLhy28dsR3ISHkTun9WFNxuWRd7kVXeSyPeQ/wCUYLALKPJEkk+zTEhVds0d5fJyucfqzkXRcW/jPwONz8AkU/B7L66/qfgce7OT9lWR13w8/wCynTdkd8ufH54+fwHTyOmQZEhC4Nh/sG/uGqQMVf8AYYCCyloSY8st+V15f1LDtluT33l0PnLMU39Jh0/EIfYrxDz4ixvthbfIn5Qkj5l2kjztgjoc0vFiw0jj5t4h5dFj5tl+i6kLvZaLp9SKr2//AFIAjFByD9WbLltn0sodwnaoPONv/COyAGe3SnYkHo9tVXH1Z3ez0nGQNzR2JGtJhKWcgbmWW2/hIELffZSwE8fZkokfutUW5pKVZ11lVwd9tKb20+Jy+Y6ly2ly3I1YijvxGZJryG42H9lDXkf3C5GE6H1aYO3Iy8XhPfJM2BWyO303xGzMus5l1dP95C8xM36+ZgD48vh92Tqk7n2BeinbW/rLEKEg3/oYTjl9AYI0Rk/JDpP7gA2OJX4jwsq3FJYOp9vti/dMS8tl3yxVpn4Zo4z21NP1fNfiww8xl6fVnbr5sseb/wDAgfqPLCPE/wAYvp2CPWWD9R582f8Aw48j9ydvn8LhuH+yrrByVcv9y7A89bqbDra36/UzbH7vVvxAsGewnxDvkGmQ7GRhheKFnkPSTEA+LMMpiu2AE5s0XLmvulCdXTDOJchBDRgECGmsVgRPsJg/ugIXswCQTT2Z6gbGOEjOWJlGOyy7PvJqYf5F6Ri2jk2PEScQcOoVsZcsvN+IdPp7aWvxYLIkWIDy04PLRvu1rixRjGx7e8kyPiC8viT9fjfuQH7jXAFsN3yHv3D2CMSmCB+S/qXPi2P7ePZ5L8vk9NOxr2zTXhM3puvZLzlhJOofbbXyyEHXWHyvZ7JIRONhKn4wy/ufPOyx7eu3zBl2QvKhLPifbANoOhY2sl2GsCs5G8BsqGuXkyNsEa/cq4WZ5kJ05DRl0mVambZSt+WO7qzCxJJAELK7Cati42f7fIkdCiyZELY5AdAy8LRHMMcBbEI7+rJOfu4QD7hTfDy4Sivjd/8AoQdKZwxBhwjOjOGhv3KQqocEPswdkJjyMicR48jvzH7XB7YoHYb6L7B0Z6nk+CUVwXScxvfiED4uSbHH4YObv+WcXz/9TT40bW1v+35/9lG/vWXXTv8As99JEjIHk48n6W/S7Z9xH2DJsSYJFnwsQbAAvZJ08unTJ/lyFmtm62T6ykDZD9cvCUGMlWmbOmLljqkPfiDCt434lOfty5bvwJQDEfwcgIkSpm8+pAasBuifuskHe7BvNw82eNnPei4iwhpHd4hdwhEzIA+5cfjyLDZ9Il35gBNN3UOgeQkF7GhB8xJAoXDnb+TzMH5QJhGPshb/AKurTt3YMA4/y42t+Y8wQOu7YbmPOxJR3v4G79kZndkfJwA/bjM+IL8pC5vyuge/dvunsY8d+4v1YycE69v/AFazPvZSwyN5+QB2OkZ4bVjsOAZ4NjQO3Rk3XFjwI3CxwBX+2ATGLpTOG6Fi9gUJgclcXGm1D8W+XCITCWI6h8gLQOs97eYmN5rsmUN3UZnoQjwkSGThx/yDzQRcKjVwIg65/ZDpT+wccf7eAYuIBkTrGRl55J+QybVQK5e5kv53zZnRkce5HBWRtQI5jGAUk/M3JumpDks/DChR+TEjx+0G/GMNO28TR/BfUNuOiQ3cy2Y49lIeC5kYSH5tA+A+djQwcB+ZmI8Cha8WsBktLB+LR7BvsCoTDcL57XfJ36unpZ2DPCXfJNll70yxmWMiMBI2SIRPmF1ZjkHex1eBF6fLBqyBijCxeIsJ2ILMe5dhTIwMRPo4WE126tuzbHEHE6uckfJPaJB+HIYEaR9hBPygfKD6WjWxwXHNSmzcgTdsUeThvMrmbMbI6+H92iiv1b3ggbOFzAMFs/8AIdIWqZyA7UOxAsBljNnT7Z6uHGz54uR4uc+I80ljERpD5EEG31nJ/YOQagEdOHSTFT7d/wCQK3EfO+RkMXwcmh8mPlEfEfSb4uHfZQzO2h2w6ew3lk9kLi2L32O+eQt7B9Wr0tx8vr7G50tDpGHtk6th9xkB0XETEedtPosndP5ep3/lg5/E7ANT+7BB/cs9egg807z1aQPZvvqbikvRIwK0zxIZXr5jKacfW3/+0hzt3h7CN8LGIx0cP7JecSW+t/dlYcyL8kocxvkC6cS4kyTCB0TE4/7BGHCzCJB/EWd4fzduMNGZp/SFL2CxbaOY2Z0p83K5PkOjIb7AL7LEPH2+MfD8AI+/xDgMmV+oEfbrX1gXfHW8fB/kMYXgMGXWj+IB0/ttSCa8NjOh2d5M3nYXYLA7CFyCbN/DL7O2Px7M+kC8l9SQPPI7yQ3aOW2mdhrI5kCRQ6MvXt+9/t5URROrV4ZLhI0xtwCvkWUrrmf5dlVgzrCwc5m9llymRGgsQpeLMLqB9h0+oy+J+70CjsX2+M/EQd+LQHFkjH+wc4FGxlr4YuZpPRqCWLYUUj5h/WMv/wBojBB/NlDwJbF5Fae/F+ithRBet7wc9tuNQ/iJn0mlgkQxk5DvLPQ4R6P3ZhbDl5YQfVhxuwOBr+7YnQ7K8QYHslbF6psfAFkaeHwWqyb+ISrnxG+Yc+YkI/5B1C8oybKBunDbGaEx6j44F8IZdOuEt9beTZubsQdZVPU9hAUUV+kYnpLyk7NL1O3KE8QbyB4PYg2xNP8AtkBZ/Y+T/wC/in1kw/A7+oENkQ+UQDD+Rxgr4ztu0ywVZsoPgx3vZAwH+Rm0SQwGB4YA1Z6rkh9JejsN/S2b7FcbI0YfryDe9s/FjwLf7I/ZBbsEwuzo5SPYBOb0WbDj+7goMOpMfm3GeQfK3g3SfwRZGM9/B75CxNcv+xIYWGJEwsPvy1TMQcPiN9L8sqRqlgPD9QDN3WIF6TlAZJ5YR1AkkHS+9WF84wGxnIz2bCacniQJ5fiXUfI+lsL7Ma9uGdutfFrEsWx/hJ/qIjnGwMDfu14C3IB+LOEGG8DC6DkLqP8Aix8GWMNIhmK23qYm6JwJc+LqmCNR5z9TgBkM8H0zQPF0rH6lI3ZkByWLW9RuYLJotEhoeSczY+e7dLeSQGm0N6/Ul7Fld9b1bPca22Ju26wXMsBnnGwGmymxZyE1MYS27e/Uh5llohmNh8UgHJ9RZmeG2AO+kezqRHq2AEHy36Ia6WeBdDnxEesjGt7i78zJnsrtcu4YUvETj+31EY9Z9uEluuS81FtWPAvW9hvbPAvLqbZ4GDj1HhmSnskZ9RGQxAcJOYusKH4RAvwREKDIQbA7+5T4P7BuGMBa8gclxgbY4c/yQ9EmEyYMGQDTM+bcH+QnkXkA/u6HB8mHQ/DlnlmPK2YDYubHQq5LHvZE4qXyZqzTqZ8DYvEu+Qb5UCTT428DstakzOGwfGXCWcSeuG/d3eahzOWqNjyGOZyfoxgDh83XifGLVqrwNx5bzvzdn1+Aeey7sukuHzHvaAP9uWPrPSkbnk3vrDjF2I8vlfLkszfEm43Yj5WFu26jtQCQO4wgm7V3k4Ts5vSP5cN2RdSBd5DHoW7vkfnV6VCKmWaDJw7Fj6LlaYScf/LVn/3lYP8ArbC6QOoREzx8rKimkd8HPgmzozK15GxQ+/qdB+OrNN5XwhP3MeHfCH5L131LxWVBOSR9ZH1QDo7MeoB3pt3CWmrcVd+8WkMk/wAn7EYEDP5a7lnE/wDJM/8AzPtwknDX9QkMcnLjHk8k4EyPxctcOwrjnbPfEiJ5yc+5HxK0ttrPSEemJNsS8s1nAvIPfJFzhF9iwbLyZnYZ5CdexrrCyYNszjxvknJoGn4pkj2IjwlO0lMl/tu6JBPofqGIHWw7/wARTE3GzvlKBST5i2BjL9tjgwUBxobGpDFNiDJH0LV15jGGpGCZaOXW+riCU0FM7tPqBxX8aXcusHd1n8HLCaWwwd/ZMuRMMnmA/tyfBZQuPmL2MP3AOyXC0CLPqQDhrFw1tuPqAziU3MRP9jkpKTOROXEcYM7j1YXyWrHGMua3HByU87C9JOVkHx23CJyvNu68tz1ILuDGDAYuMp/Y1fVq4BOLZ3XYQpybHQsffP1EmltcuBDjWWzx+7oeiR9BAOdlkNG2A6BHOz+rDSUkK3UolFukq0O3EPN+Jnzz9zHIdoJ9QRxAfq7oG3rmSkEf22mJX7jGOsI+v+SPSYDd/pJI/wDYIa8iHlIqAB7IBb/kJTDkgOrP3bhF24IH9bPrAkjQ/wDuAtTt7oP5b4RbR0f8t8k2cB+28g1+o04n9ihoPt6m342XGdtdmWOg/Aa8y3CgvtGwGyrztg4gD92WUWVyxhnG3YHLFwSHAD+zhg2BvwRfLSwYCQPwhCGF3vc790injkBQP/JMF5kf6KkF4/kdqH6h4JvzDdWPljLd5bof1eZRftaZHrMnPJ7fUxZjs8hzWs6rhyx1efcHUsrKb27/ABvkAlGIPkGHtHwP+SWAECjnr+1gTNsHBESdO/yxAD/J2Tf5F5xv7tmhX9zLfH1fGeXIDbCh2Lv/AJWfOP3cLp8WLRz7ks1tjaGQhiF1AyXoytu5yAxOYxhZAdZxRl80YRwOF4XLZurlIIxiR2f7HxXGCCWXqyyenJAa8h4nL2wwu/jmprBheAxXvLia1GNOwPvLFgzmOwwiDrt8htqtk73ZGRFz8GBLIwG3u+rWbcgT7LxUHyYg+IIbLzvftjRbn7s68QbFAGYGO8gg2Lr+Vu2kyzJPHzOLzg4f8tgNfqeQIQPb2ES7MONmC85bH4PmxD/uBwgQvGxTVjDmVmYeP/FrSxauP7sF3Gl2hk6ef26w/wAkOCEwHNNT/Z37bGvL2bxsQgvrbUR2K+jcEZDb8/V4eR75McT/AHZNHI8V22fdabySbTYs8QD8f5JwYvzy8frD4wQDS2G4dt8zjbGY2cfG4A2czB7HJztiOhCeyzEHDTf7cc0IHtP+2qvM1OE/tj4m3ZMGIXcz+zvD+bDO8QaKMs26zrr6Se7mfFnfL7kOxX6QVsNa9+rIeKcs/esHE79So/SagmyDJ/k2NwmhwEkwx+0mghv7iywzWLsvqFG2t3peDckPPJAngsE2NgXqRDq+LYnBtSHb1HC5jFs8zk4o6SURhdB3cQBgNTfSSp0j9t7jlhPU4vqaBLQGCoknTW50dTyZqWP0YA8iHDKtiz/yL5oQeJ9JAdmw2+Za1YwdIs5RJlk7fU5Io1GmdHYvxkNRdQYs6cnhyCDqnZSkTHjcEuDr2A31m9X+R2qySBOEfKYg67aQhZV9in/3yeqy8dOSQ1t1rkciJdWafS2w7O9Mjjn+pYPtmuBaUBlFOJaR0XDWv1YuGMT6gSKqw17yGn5vsYn2Cngsp/smNng5toXtz83gW8lLAm5CB6/VovY8bccmwYCTNLD8SMHCVvqF1gperHBFtbsspHJGtAgd6IsNIXIn+Stfb6ncTn4w6prOODf2Wkg3fghz5JTxyz1fwIyNBsRpGEBN9P8ATO9mQzpP7AhGWzheCRmO6h8nZhKR6/jQjLz+QcJyP5khDSkYhEkCEsXJbEpNsQyC0YxHBsA49RZoJJ2O/EjnKMMJO6bjmo5rmDdQeX0Ik5M2xBCz77j9wD+SgECKA6y1hJ/LfGfu8sCQYl/lgDtk6JMPeRsC49icBrIHX3gSGuxubmEvtP7+ONBDrPmAS+rmoLywlN0tdP1MJqE3EsZ+4r6LYPUp+okjm3KtXzPR8PiAA9Tvf+IoNh4fUqvY2STMYEfyDQcsuDyQEYfD7sx/icdDZ/gyU1cgM7S8vWf+wJSDsiPqS4DJVTercpOMmx82Vxj+o2i7TZ8mxhVIK97uzUzBpuDriNHDyx0ht9ovCSDGDrCFHjdAdyXY9lYZHKcsGdfu7HuQA2aRgb6uvjLIppLusDyKQvs39Wa3Iew9sWLzTyZZ5NMbLBS7nxZgCwDkOmhyI/yLnnlsHI6ojz7s2b2aNTYn6klBT1avMOdmLJmSD9XBZR2AmnFqNqh0Nspu4wrDjYyFfHLO+ZGkxOdurHT4sIcSP68+LrPZIddMxx5aosEudgj4fzdOof2Ch/kxtBDPvFBEzqRQQH1I3n+QukD4Olh5p39R4y6ia3BMEXvllW8szNtNahx7cGg/clnr9yc0z2GP7s6sQ2Q9sj1YJQSl0hTm2k9PuGBgbTCbAMn2RxjmP3eAO/F3Iz6vjEt0Z+7Gu8i+W3cPEMZkiGJCnL9JAHgSa2PBPIA0K3YcXBA0i72zB7cSjsaB8Wx4RXB/t1glhmEkGTdPd/UUUZKAYXlqIycgQy2hL8OyChz7bMvn4WuxkBBEwJ85ApdWzK0QMDr6vlBqRz4VvztpE1ZnlhEwrN6Tto7BRrSRSmt8T6j4MMjK2pBbi2wWFh0bM/p8whP9GKz3+rpKrbBUlCE+bWXLVn6IH8sS3ZvSnyMW+6tsF3QS4XloEhSez1k8zgyHIX7Nm58Qy/yERaIS7A4Q3C2fidg+uQNCAg2VdOQhpDF4YO4wEakvHsk2Ouj0hp6kFBmnsPrB7dkAzAIh3bPvxCpeJ182coDH4hJziQnZXwIkiX2MQ1X2AFBtpBmPls53y16YvGc5JvAsHGjnk0W18Rh19kyMTPqGI6PqGXN7H0fEwfpCCFPphB365sXwGpN5grAx2Z4TOoQoFB2dHPY1vjK1ONhTo7Ch6OEv8EGwCA9A2W/uQd8+XOT7S7MxOnX+Q6//AHkO8ZOcxk4d2fOsh5Cej5P+Ee/+iweifyROsa2dhmVfB2xHOSz3JtPWSRchtsp7cWIX7kw59g/7JiclP2JzlnUbatYDTmTAzM47faTVMbnp82+WRpAXXsWj1ZOdsodTvBmQN0ncFtfYC0hs6mp9PG3Eef2JhZZg28dz+w0o5f8AAkerPNkNmdH4svkPvxKbZz2viFuDD8Mem6tgp0skMhG5PbwHc9iHxf5dAfj4sDvkRbENYdwVG5HR3EiLGi7/ANvsTf1JzD4fUjUho9v3OAzozrbXFPAuyPX1BCA+2bBr/U6QpvjaP/BDi3jfI+x1JPFDQ5Fxcj4YyOphjhI4MtvXsQAwWrutmdUsHL6Cllu5z9xod84fqKQSMz1skSyOP8jPOWFM7ex2ahpJ/wD3ykVETWmsizAbHLutghyYyOs0HU+0kjcwAPf3kR3F/GH7CyATOaGyKFbGEwned5HwYw9OT8GXwBAVzkny0g9e3ynZPQLPij7Pbye81cnPDs+FufcQczs2bROkBga7hJbl562AX+JW1v2Lgh+gRFakIc7LyofcQ3y8J7zEoXPmSCfpdNGVC4u7D4Ng8cJsWd6Pxw9smfJAvyZbh9iHvlzP15MB04Q8wbP8XcOsrAhiGCnddthvHxIHcchXE1hqcadhZdLJ3mfFmgTmLgw2DMXpJ0Uk3WkYne6h1iAFsFzPqIaJyYPyBRfmIEY7wKNwIMfmFnrnb3rHkyTeFyBBZkbp3+yr/wBET1RNgaWsdlsbtQa57b6MkRxsvGbJ7FYx1lsHuz8HW0EQe7C+W4cfSJLG++lqH7tMR05ey8lDvJfH4WHTlk1UnBKLK4ebFBgQZ9Pmd0W3QSQoGyP4MnRcPjZaBwl6f8SaEfKKXofiYHOZEM5CgeooTpYg4eH/ACVbuttjDup9HwWB0kD1gSTwYPKGxG4ZYyTwVwhv0TNTctZyepyl7fwj3Fs2kYwjFrCYOIYkGtvTJbHo+JG+ksENvi+5q0ZBH1LGB9Wc8n9sG5f1svb27zjZzXlyDa2Oe5bhhZlvG/u4CgfHM7wf6su72K7TkBvUCMMP7A4EnHxD8ERRSd37tKMQ1ywM7BMLxGCdeJXwMGxOSaYcslFcSaWHUduJ0ST5UkjWE+ZvPFncgYr2XEO5OcTkrrX3bPMd3Z0vxkWd6F2DrpepgiRdJwfCsxoPPu2G78ckCWDpJqcz7kxHYKSA+Rkh7J2SV9y0G9LYoB/I6cun9u2aMMPtEge07N43z7mTNtD4vO7Jqbtrn8JQCaFp7J+BkqFJ3Q25LcsB+IFYOudbPzBNJ1zyKxo2A+EA66y2QH9mftJE2wtZjC8E4GluiORZ+EBmYGoiHoG08NsXfEDu07vi9cv6kOrn6smoP5DtfhhTvpF3UxcaIMqwzvttEHSoRbNQ4ivMrKeTh+rPhJ5xP3AidnDILqb9WvBsaD+B/knCv+RhQNkeFD0Hv2zK/llDSdgzfmYHAfU+fH9WKHHuRzvOTcL/AN3U4Z9MQMiMb2g/uDnViRDDLRCAvuNOHYxH6g79JeZuy14kblMXYJ42D95ODrBI91uELMuuBaIMLl0uT3s/uinYssidZB1/kbBk2vGM0/5AHnkDsMhTAtlOSxTn1L3OSUzBYbivzJU3Uzk45I+J9sHxH8ucov7kvRIBoUfqPIv3atSBOOSPsRxRlPxneuQR8X9tpxN4df5JfS3PYtmge+SZwz9E88a+ryGH9QADb9F7p/yciX8XiH/LgmsiNx/V41/5JYZ/pPTUD+QhV/kRwP5dQxmNTdXjZG5/t5+v9sfrZDdbIeE/cp10/kJ//CMc4fyC0X+WjQ/ZO4T+JnqE+Y0lH6C7KWaDDW8xfNvNNeEfJnEcO4blWsDmSAjSbAFycG+QxfsUTn6yXQSaJA5AFTt/HD9WH4v3ylam5BAfN5MGiIQ9JnDglFdhfRLhxzEr9nWByWhNNswJwHy2GGQGUU1jNflajvI9B5ZtPZLw/cMMN/sC1/vYUf8A0hOzY81mCX8iqDP5bPP8JZj+urYo/wB3uX/Lgi/24rmBZhslXJfiN6x/kron/YwGpMHefufFSwww/wCSgnOB9AyddAH+Qy+f8lmD5AGuWl9z/IRE4eOwvn8JBrYx+4LMk7IttCdaXbGBOn6WnIDnFfISbrsstMQ72zV8gAloMD9w0o3IpMFgakA11ej726NufHl09DPZ4s+PZ6HscA5cnUsyvYMXyYnHLpyW5fmVdAnzEoDts47dEZKmp5PdAuTz4A2yffu3ruPwQ88cZVPr82EBxI6cxG6U6EF+p+hz9WYuAfDL6+Pq8+T+y5gv5L9F9FtBf8tm8/tbA+v2LD/jIZgfzLsd/BOdv7PYwsH2NkI3+XKOfQSPB/l9Y/5IftB8OQD1Z4YuweeWncGIHlweWHpGHycE38ITfLxLhlro/g65L+r+YP1JsYOz+rY1+IGTnskbzZEQhH8Bvj3ZwHRAwGad1+JM6+8gmZYXRi7GMiBIGREkwzftg/c2LX3llx/sAnp9kgL+psPi54yyJCM9tmsD5sx5K9bDh2DOduLR2GeT+RPYvbhDqM31dcip6YHE55u+z7vgQoQNcAt16f1ZQU+id1kyI79bGGJ8Gl3cj9wHF/oRxgP2IH/wo2c4/q+Dcg3ry2NdQ7uM/AX/ABnBH1vYSaySlt295rhJzuQAgJMeQbw/Ak5GS7+PZYWj2fwtuzJfwluQ7P5fLTn4CiIaGdcFhKc+rNv/AHHfaA4uWcPZ+WhcKGxzb4WwGNgwbAHxZGOy6diDpDnPLsTy0e749tnbrPu2QDixbjDgZ2+W2Eb0bIBsAD4bLB7aHLo+kmzrZ/2Fm8ITqPqZLtn3yFA8/Upw/wCR4wMJ7z6/HByPIQkbUcgwB5fqiG5B8uWTm7YVy5tuX6zqaeSn5gU9hwEIHzLsf2fYNsx8hdF5fEFxDyU9/A8iN+Zz6lTw5AlsN73GN4wDq4Xm96ld4QIPiLzxuT/Yv6gxBGLj8C5aJ+Et5jkIDn+zjZk59Wc1tSBgKETZ7Ojr2+dF4ibKHTLTxPnkeocvPNM8cHY3TxLZTqzHOQ3OJ9Z4/RLkx55DnFd+5sd2eLrYez8/bwElgMuX2WECEJReTgtI8tJxgnzB9hLu3Pi+b++WD5MSuM/FOHklZG+', DATE '1996-02-20', 'A Coruña', 'España', 'admin', true,'ROLE_ADMIN')
2017-12-20 20:14:30.905 [main] ERROR o.h.tool.hbm2ddl.SchemaExport -
				Duplicate entry '7' for key 'PRIMARY'
2017-12-20 20:14:30.907 [main] ERROR o.h.tool.hbm2ddl.SchemaExport -
				HHH000388: Unsuccessful: insert into account (id, email, password, username, name, surname, image, birthday, city, country, bio, privateAccount, role) values (8, 'luis@example.com', '$2a$10$Tt.xX1i5lzepgcLs1wNH/O3EqLA4Nxy8pPuhtB36Z2lEg2TeOOY7.', 'luis', 'Luis', 'García', '/9j/4AAQSkZJRgABAQAAAQABAAD/2wBDAAYEBQYFBAYGBQYHBwYIChAKCgkJChQODwwQFxQYGBcUFhYaHSUfGhsjHBYWICwgIyYnKSopGR8tMC0oMCUoKSj/2wBDAQcHBwoIChMKChMoGhYaKCgoKCgoKCgoKCgoKCgoKCgoKCgoKCgoKCgoKCgoKCgoKCgoKCgoKCgoKCgoKCgoKCj/wgARCAMmAuADASIAAhEBAxEB/8QAHAAAAgMBAQEBAAAAAAAAAAAAAAECAwQFBgcI/8QAFgEBAQEAAAAAAAAAAAAAAAAAAAEC/9oADAMBAAIQAxAAAAH1TZhEkLGTEBkJsVMEABMIE2JjWMlIQwTGJpiGxMATBDVAwTYDTAHAMsTE00xBpiGgAEpIIziRU0kSaVDFSkkBiqu2tMVN1ZAnCoKxEFJ2RjJqiQJTigpMhJoBi9EYgDli5CJSITalTZYiSExwmAmNUNANiGCYhsAUkJTQlh4desPC3ntHwuoaRghuEwoAAAGmIkhKSBMBMIgyKmoRJWoYiGCjZWYIWRqCnGFGTqttCUikwEKSJuIBIipJekNSDTAZKmAMBDYgYhpBpwmNUMFIABAMsHHOuuryHmK9p5PhupwixiKs2862PT+g+aM+zafkn0nLpOMgBLJAgAMASYomqAEQEJpwAUJoJJhXZXWKMokU0JSVKM4iYJEkyuTATYk2sFNHSAkTUiLGoDhMABiGAmoBsTAQwAYhhHgnzXU9NyeW6IyVIZDLI0h2FWipkJWVEvS+a6cv0u/5fKPqx8o7B745vSBihgCTFTBBNAADTEDEDACnVbUYoyKgpxhKQKMkQjYWRJMiNqlIIDBKaN7CAYDTEDVSTkEwTEAOAaAGCaGV1Vpq835yzHyJRpgElZGojmtlQyVj1JzoQkXPSzJqqmbeZVEvszSOx9C+Syl+1P5N6SPalNwASgCCYIAAATQNMBSoqtqjGmaJBCUgiNkSSEpFRG7EpKIEkELEbxkJMBjABWBCGlBiRkmCaGUTJGXjF3F6vk7FwnGgaJBKrI21xC2uVVW0zJdHmTiqVeyt0cDJ0OZQTkVS0szK2sAa9X6T8i1yfYjkdeVDUA0AhRpohgAAN0qbqTGpIQykNIAhpiiYkSQCaIkha3JJuYQmOhMhpigECkqSkgTULmLmV2+T5zz1ehh5tGnMNGiVRHIhKUTTSEQQUnKyKzVenMlpiueWnpHKs9LwzA466qn2KDjwvzEooJII6H1P4564+hIeagYgAUgQMTUqTTDPozmVMqI0gpIBqgGoNIAQ4TREYqhOJvaaAyENgNKAQIYk0PDu8wUdHoeR1OFydGYi0EhMZOFXxhoKYuAOMgtt7kc/uei6p5jZ6KZ5KHrGvm+l05px/B/SfFHjpXZjbDLbVauRSSZAYpfQH1XufM/peYKSlEwBxGAEoypMQZ9FFZFIIsERJCGxKSBjojNERqENCUlW0ZkAwQ6ABjUIaUQ4r872PPnoPnnp/nmoVtU03EWipuveYzrcwihj6c/bxzPRS1y2XU3FjTIEiyMpsyeY9bxjwHF9jyjztl9JO6i+q69GYcAVDRZ67x3ck+i7/IeoW8DIBiTBSTppqii/OZgZBgJpoAxJgSHUVJQRlEAKUbIG8ZCYCGA05UAqUooOEjm8Tr8ZPOcslWaDBSSoBBJM10QtKtlPaj1nSz2w9WWS7dOPRGkpdXOudk22U87p418l570/lUx06Gc+rsYaztgkKhpyqyBG36t8e+snWUlKDJCMkMChop576EyMAUkoNAMRAxoATiMAiNUKUTe0Q00A0rTITAE0Vk6Th+R6nnrKZV9w8zG6ipISACym7CWmvpQ+9TvNtuS2WdlGqL9FNpbONhOSnoSQkcm2uXyPmfceQriwaSahTSpcSUUxMStqZ3fpvy36hJcRnKJkAFDAFJUZtWVMrGJxkAmA0RYDBiJQGmiJJUJhtacCkKk2iGpQAQIOV1fGmHibuHZohZ6w8NX0eaAFEo2krqr4t6GToHW3YNojPbGroZN66LamuuWVSbJcrNXoHxNxthCwp5Hars8HxPovjjhY9eAUYyoTUrB1J21kvqXyj6FHqL898SQxMLGmSpip5deOzOxQDkRGCUkAwBMEAAERggK3A4BoTTgGERixBlXgPZYzj+b+n/P7LtOjgpzMNlVqkmK6rRI7qp26ury+nHe0ZNZiLKzpa8dkunPwuAey4vlaD0EOV0a6HpeL2supr5uk6BXZRz+k7Pmnnvr3zU8+tOaicLZdET39cL2OfnyZeR6HmS+7ty6xiYAUNNAAMmzGVIBSTUGkQAmIAYlJDQxMBJo2jQSiwaJWmgjJUmhOBsxdaWPkfSWHk+fZGzzcZwEBRqzaUloz6yV8FL1N/B3HTrxwOzycmY52fXqMF92Y3d7gbj1N/G2m3Tzb5e1p524ubdi816jHXzHz/s/PRyNebTb9J38W9PR34uoeKl0XLyPVfL/qGaxiAGjEiQnYZNeWM5KIwBiZFiBMAGJSQmACAUkbBgJtYkkiYSgAlLKcnp8/eZt00ef8Z9N8xZ4Wm2kYFLRntTTqwI6MeUl6t/HsO5DB0Yvt9F0zxGL1/lDj0WwKd2Ur6Zv5fp5eH0OnamDbKQSaFER5Pxv0r58ecJqul6nw10v0j1PzP1tmqnrcyXxP0Pm9KJoATKAaAAZdWQqTQAADIsABAwBACYIYCA2gAxKAI0wQ1KRkGe6UQEEed1Kq+NUb8Fk6yURaKaskVysgQZEn2+D0I+rdTkds53H9HkPmnN9b5Uv28vevrux5j0cdHRnvJzquskmipTrMniPd+KPImqos6ff6B4S/6N4Q9vowdMzacHQlixVJJoNFNxcGTXkKkwEwABAAMEAJiGpRAcQU4m1pgAoDhA6SkoQARYCUIsSp0+d+b9F52x9Pl9OOWBWh1yKq5xLd3M3GLZl7R9B7/m/Rw42Bh8j7yg+YbfZ4lzdPLDLr3cfYdLRh1Vaoqx1yrKvOej5h4DD2ece36PL9BWnj96mIhnKtsZSgKhggMExkcezItSkhA0GMSYIEA0CYACpMSKkjcwAGqBohkqEANABBVajPK808P4n6h8qse7D6k8v0Y3xyn6HgFdilRKytKfU+W9Gvtu/xO5DcWSRIx07q1w5OvVHKs01l2vn6V2uiVzKIEc+qo8Zw/S8s9H3uD6MmOkPnV/nZfrV0ZEkIAKaaGxkcmvGlYmKSlCAoSapSESZCAoAECAYbGAAANABKAAmQgBoATKp+QfYvlNnF9T5W5e9q4lie35nreIfOJES6LiQ7HG9CfQerz+hLKKrsunmsLIEBqU5aM/QVcu3VCQmy0EwhYjznP9RkS/p+D7B6LyOLxCv1HmPqx121A0xMKaGAnEcmzHZVKMgExpqVCdgCAAQ2JMIk4iHEr6fyP6cbhpUCRgwQStAAECAACr5f9V8DqeNs39SvL9m/18cz0e+g+WYPSebtnFwkj6ny/ZPpPU8P6iXpPn8k9ND57ee0WbYQvrgmyVF9ELEUxsrE0xgCzaMx4bqdTQvg/N+n8wmv7D82+nkkyUTBoQwBuLpY9mMgAiBgpRVNCMABSEpRGhDExAj5b6jxHQPr6z3jAlABphFgAEAAgKPFe28nXj/Qed9NZ5L6v8t+vSuEknk/AfWvl5niFsbqpRv9F460+h+fzbou3bunGi/HOtSzMvvxaauikjhKIhoYIWa7JLHTl1HhvJ+3Vei6ilAChtNQTsBgmnUce3ERARNkIcaBsiSiAME0JyCKkhRkj43Ktn0v0vy36gSGiSBRiEBDAACE0U+H0fM15TVwvZ2YV6/JLze9b1or8F9C49fKY9jkWRUkRUoy329ew6XsfFeny6U+QzoYoYDsX+L79ejlg3oRChOJKBVK8dmU0ac95xOvimdYCgCAGRYxOLsGmLHryLEAJJpFsWKahMLBoGhgmgTQk0fGyu2yX1D5b6ea+kpkNAgmlAagFgMEBGaneHh6/cePs1+l+cepl9BPLrEEjlfL/snn7Pl5ZUtbbt9Ds8rCTr5cUDcqvRHB1+67p4bo+uoMHZ5mrLTKqVSQkjlt5E1ZVw/Rp0JtVQStq8TQAlBpWJommjAqGbVkiIKgGJilaAIyVgDEwBMExBRLzS+BZOyN1BH2XZ5D2AhoCUZUxiaYmFCZESSAAUk6TCGACA8L4n7X8ts4rK7SNnYOX0+rrk2+i43Ul3zwROhXTIgSkSsjMImEr8teifref0yyucCu2mytIEikFqGpRoRidgwIZNWUi0xDBKQRAGJAwGpRG4g6rOEOOLrL8pnJpozJnoPp/wAf+uFyESTUoNWDTlEMBMGigCAAAYmMQAec9Eq+Iw9Z5SyXQ51sde3i1L6Hf5P0Eel14+vFls7KougocI4Lb/OkrIdO3Wi0QsWZEIuKTcJg0wBQA6GmNDK82jOJNK4tQJuxACGKJpAAGZTLxFI0dDJsr5rTTZFsZOo/Wfkvs49y0EkyVAwAAABSENWACiahuLAGo0rBNFPyz6zgPjz388npx7Tf6Xgd87uzma43PM4srrykOAYK6Heo7Nld16MjnAsQSxpvoOiJ2ANRMkBqgAbQQyas5FpyxQU0wJREcWCAE1Ij5fq+dWd0LDqaCs+Y201WaaFcmfp4LF+zWYd8JgACgmNSSJgDRK0yxASg0DQAIaCkBl4/5/8AT/mGj24dFdTZzSPT9DyW6PVx4Sjs8Ln5C/vV+k0t6NOuxRsjGWrVWtbZEc2mg1XcvpVNADRDEWNDBpkMunINqIxMYAApWBYRklVVvBTm56tFui/P1F6vN62CT5KrqbNNSvFGDPY+/wDin12NwMQEDTtAEGgGmqaAGkGKUYhxaBCpqUI5/wAh9x4elZVKtcs0pdVvPinTqw6ifar9Elvczb1tugJNRrLKSKuDjDpnAxSMsdvR5bj19BOL1qsGkBMYBXl05wQCAGwUBIxA04y5vI9PjWvXVbZs7PI7hu5HX40nyUjKpXVOLqpqo/Qvnm6Psqx7RDUrUlQAgxAwAErAkIstBEClAdHl/D17vynHpJSUqi2hiCTjIfU5eg9/1vP+rkq2ZZLfXnimyqqZZKq1SEowq511nhOcOqruny/0csR6fpec1HZKrbGhleXTlE0UwIbQompBp6PHr89HHjXc1dbRuTb2uP26n5z1HlZPl84SHKFhZZSUpqMeu+hfMvphZGSlTFZJAAMGmRBLIShoKYcmOh8953EqUE6SaJNMYNQYiYDlGR0Pe/NegfTI+U6EdWdOpLrIWEZpqRUUKb6VpnCxMPo/P+gXgcLqc42ac1sWbMQd2/z2yzoZLIEWmrlAGIGCRuEjP47s8CWVlOq3RqzdZKu95zunQ8t6vzCfKWmO2qdLTmtIyhOO99J+Ve8PRAxAAwEMABUNDRgN/O8l5Q9L5WpUIStNIAUmmTcZQTUyBZEiwLL8+k3dvjdaTt7+L2DZZVMshKJCNkRwsRQrqDB3eGpeVbRcaLYzLb8+1ISlGq2oy32cl11ni0k3BpIEFVnCOPnE1ZqWipd/HCS+3fyz0fmPT8CvkEp1sjCVzhKicWaPUed6MfT7Ob0xDQMABiT550cHjfMHqPKVC1k1UFJEQAQxDSg0OdciyyqwukamcNfRzS06c1ldjqcLoydzpeZ3Hcv4/TNjhMUJUmhzCnm9HiFOQzS2bqNaTvqrXfLBpNluC+pxjCQdUrSMZk7BxKVDqPkPR+aK5m8l0cuo1XZrqvtzWnQw6keB8b9v5SfIzv8AAJiCeii832xsj0Psvl/vTqgAwHVzvBnb8lKsqVqqKArjZWRjZFYiZEaVsJFGaVOLslOE10bObqToVW2y8yOymqtLtSW7HfJ1+r5veeh18vfLOiWM6hy+cdTi4qy3TbqKpzkUX22ldqSScGrhbCqZWVwnKmr1CRO6hmiipnOyerrPObrhMFu4XLn6WQzer+b+yOvFpOX8s+z/ADs8iBT15Np0NFd8U+k8/wBM946+MdXyPAykqyIokqgWBVHVUUxtCqNzMxcLQr0VEmRc0sKtiTJKUVnOpm/Xx5HXyU6JKpaZmFdXacDb0ZnU6Hl4R6HFyq615zaYuzq2RCN7iFVsR3QlVirCyFaLZ5rCSiiZB1dCESV2WRdSo27L8tszZi3RXidHidCutXTceayek8NL9UixleW9VxD5QTVG3Lsjo6aLiu2FCdjz11Cka7UJySosjTq1QXPOdSVubWBKlIxsqUakVx01jr0wK9WCZtpt0nIj11LyZ9FVlt1KTNN1mx45GiFdop6ugcvpbdhDS+cdSnl3mjoYtsUqdRfbkuLq4MjKuRbOiVMhBLoutbISkVTjYQLKyUlKnfVcmXjd/lLtuxbSrw3vvMR7RwkkuT1eWfKIWxSWvLqXfdTNFTGKypupFqybh020jnXcUV7K6qd10YI6YFcNitwU9PKmabaynXaTVrirB2aDDu5+wp0WYjqaONedufN6CVnSRx59dGG66I9XIqOrmy2lU7bxaQNjosliraTVLJJbmTQuy21ZZTQWFYWSqibFnmilCS3RUDS4QLpK0zV6Q5HQoup87rZYu3eY9OhzOniPkcL6C3Xl1mqFc0JK9aq7IFGnP0jPOvUV3Pec+OkKb815DJuyLGyqywx7KFyV30CvhM0Tp1RDRjtKoORsa1HDj081ZNE5Ro2c6xOlQ7imGmJg03IrulMrd7CWisndW5RxtVFtKX3U2EbaLyDi6We2JIdBIgF2nBfFjo0VbVZSWXVTqeeWCNFN3Jt6d3ju7HA+ifJfrCSzaabPkWfdzzTpx6I0SxbjTKEjDMiPr8jrnPlXSdfZyukTjblMmvJK3Zm35UwxkFuW+JilbYtFG+lY68O9GrlGaNtJrvw6i3PdJMz0yMquRZNWlcbEM0Nck9UkzaHMhOy4hHRCWpaEQtnMrlJ1CSRZGcjM51FkIzqqVlEQvzXl2jPqqnHpym+YScrJpqXrcPtYLfNyOWvL+vfG/osx6yE4nzHhep8rV0oIe/FWd3fy+9HDzdTlGrpczqJzud08Vuzped9AdbHonHMhu5a9HJpgmGGqCqwurHn3Z4rhqFwbaLUvtjYaMepGKx1mu7FpGpWJOpwJ1ypN5RUbrMFhsqjYRkBm1FgqrpLOjXmgtLDLbfKzHPVNrFDWkxx0WHOnpz1pq01xkhogX9LLtOXGNZ28VuQhnTXr8vqYE8/yPR+eXiek81tZ+wvNoPF+H+mfNRpOrqdFJZ6rx3ejseZ9X50Xf8/6M5mXdzawdzi3HuHHRHM5XoeKuizPEvKkmeyqVEZqKIamuOrVQX306yqdoU09KhMm2ma36I6EyF9ascEsjC0nECnXVoWI5lc6rYtUaLLnRpWc674jOyqkJlGhMrevKZqLstdCOjDFMaMx6i/BaUPNuI44StJ56zrcjeScDR5eS8sjO5+o93559DlwfJ/sXylObOM60U35i2jXlPU5qOrHE9V5b1Zj5PawHEr0c633O3m9qTJy+3zjEq0t9/N2jzdSlITqmoJpnovYXxatxsJRUim1SLrs2mwdblmqwnUpJDVmZfbgkbDBaXSqgu4ptC2qk1aMdhrpQKyFRfKq4ujlsK41Zzt4LMRhWLGvtlizHVnkzpl6fD1W1ac29NzUTxPL6/FazibPQ+qfHfoJ6z5f9N+TyYHGVbcnQwEwiHr/ABXoCj0nI0Rs4fSwGXkdnj16n0vlfVyxx7MJio10GPbRpN8KwovxzSUM8ySIGumSC2lFpOksZcuPROunZJyTKWTjnlbKmJJfZQza+el6Lx2Gx1NJ257FtnCs1Sy6C4rmLRRcRTRXj01G7Fu51cLn2Uy+gzQmvY4vSrueffflWvpYbTpypzFPmPpiPjMotJ9/z20+n/KPdeDGmJ1c03GSyi6qJxjJ6DTw+6vU5PT5pyuZ0eave9j4f2JdlMg81uVMVk7FusnnI2SSVWzkV5d3PrToyzhFTLZZtBeUTHCdgUa0VQlYVKwtyuyuLtGXSFOrIS18/aa1RAvTmjVqUuLCpWwUukkgy8yZ+jlNXJ7PIt83lcDdtws6Nma1HkvzG2iwXZZbA69r2J8ISkOcUdnk21IwRs1YO9HAFOq4zQuvzJyepoo1Lw+d0OZXS9v4T2p0MevOYKlXKQbNFc2KkuSvTnvqGeyZFkJYllVOc5pRfZojHDsaDg3eg0V5ePr5HkI+4tPDafZyPDy9sHkKfayPF2exceR0eoZwJd11wH3g5Vu8MD3hklqDLLSzKaIFDtmef5fq0vzXB2+IvQrqC6bsVSzbk3ZrUne6nI7Un5+kiiTib8mzOtQmkvQec6xnydfjxbTONbsemmOrt4PVMHP6XOrR7fwvtzolqjj0bEYDRYZ7et0zxdvutZ4S33hXj9HqA87Z30cvVrCouEgTaxJocZQGEiBIE1IjIkAwiNgSCEmIDaxGgY6IyAE5GmLByRRzOt5NfEIY50dlYRtpNmvJai259C7tvG6afFpwYrK9Zro6VCcmddhDXnivrfNegzScRBUehzdhm6OC0uxaM5L3nhvqS6LO+JwuhfGKiyknZTaSalUkwSmECcaUk4BA5RkAAAhQlEY0AMcoskDEDGCG4tG4tWkDaaDi1aiE1CRVdzVXS+e+5+by8yqvSvVdOEs1VaLJ66Lw11bIr2Z6j5TKVaPZl0L1nK6TzSuorRRqqXf6bw/r081n9L51YRcDVSnE59quzk+08b6I+ruFpmp01lddlMls6rLbCLHKMgcUTIBYRS2KATUGk3CQ4usVVtY1VYE6ZFqUTS6rRxkEkADYgiSIugTG4qJodRlEjNj3ZTL8s9t41ZdTKlvz6Nhmt2xsLtl8tV9c0fD9FwI+cShfRODO7dXrjgYe1xks14L6q0mRfZ87D6VPKZ+jiMrnWehnyuocrrcrpn1vVythfU4xRltxGu/n67b4kYsspaTEU5QCwiExBOIwGiKEQhJxRaqKsnGRJEYuvx6Km4lTIhNwlBGcBuLBxmELawnTbSUoxTVbx68ZhyaJdeSnWatmfrGTr11mmlWS6SIl3Ow+bt85ry6WahNe/qhtk5fG9LyTkWRS9TPPpp5/0HFgeq4PUZwqdFFLscPcWb+brX6N2PN99NEqWQzas5XrybSMALZRIscSpiiTcZBOEyNlcxtOFCUKrjKsnTfEjKi9Umod2eyy6dbLHUi11zJpoTQRZEsqnArvptScSK0fOvSfObq+Cgmvr4+iX2ZLii6GCO5XxsK+g4EMMiSjbmlFpGcLTu7M1Enb5ctx5Knqcol3eFdXU43YgczqczcV5ujy1iiJs0czUnu/VeO9YbEhVmvxpboz2FMq7DS6bYm4qrVFjnVMnOuwjZBk4kRwlErbgSdZFN+NrpUIlzpLNbgjRXKsnZRcWwlEUozIMkKM0VElZJLLL86891N9vLtMK9GmzTFnV5c0v43V6J5Tf6JnE4nsfMLxYuJmmDKkB6nphGLOBRwQSLC3q2gYsoS78gWZWCwsBPY+wA6FgLDngmgCM9oVZIBRAtuBUwklaAkFTQBACpgSmC5qQS4CWCCrgEtkBXaEX0hRYA4gTQVXIIXJCvl0QlruC3oRCXb6AGdyCFADL5wF8xAK/8QALxAAAgIBAwMDBAMBAAMAAwAAAAECAxEEEiEFEDETIDAiMkBBFCNQMyRCYAYVNP/aAAgBAQABBQL/AOHZL5se1/8AxEiXxY9z7v8A+IkS+PHwP/Du1lNRZ1muI+tyyutZKtVXaqp5/wACRLz+E/8AAlKMVqurVVmo6lfabsjfdSaKtXdW6usWRKOq02FdsZr8yXh/6GSdqiazqzgX6+65e/HHbSaudE9LerY/lz8fOvavym8LV6+FBPq8279bbd2fux2T4I4EsvQzsqnTdBxVsGLn8mfj8N/lM6lq1RXbN2S9zXZdn2a4Iv6neVKy+d8fSdWsvpdfWLDR6uGpj+NPx2x78fE/yrHth1K/1r/axeZeEY5a2jeTIhrkp4lqdUpm9mRPD0uqdWop1lNqWH+LPx+A+7/HyWXQqV3VDUdSvmn74LLkV/cvumv6xFcTGZNEniPbHdSK9bdUaTrBVbC2P4U/8r9X6w/i22S1mpM89/2+8OG/NZn6pP6WVrM7ZqMa3iBLn2ZM9s9tFrJ6V6PVQ1MPwZ/iP8Lg9as3Jll8a4ynZqSfp006nXymvavPkfsT4j5lLtU8EpZe7iLNrGRRg4OPbptRKmWh1Sur/An+I/wZS2qO6+TopL7q9KS6grLJ9Tk3fdO6XuRFkvdj2JFcSWWShgipmy1noTxsx7tHc6rNNcrofPZ+I/wdRdGI7rbDVTuiSlKXxfsffAomxnpZJwwKGSNTKdI5Feiw9Wtk8lU8OOp2lspslMz7uk6txcHlfNP8R/gau5U16eh2TvsSlr7fUvl7kIx7oxyVUORHRi0e4WjSLNGsx0JXpUpKhZnFQjrVumxPBCzBOW5v31T2WdPv3R+af+Jqf79VGKS6lbsnYsL2wJEGPx3wQr3Gm0rNPpcJVojA2jhk2owhIvjk18UiUH3SybGbH2z7elT+qPK+Wz8R/PPiOje/UTnsWp1ClqbJbp+2PAzAn3SKNO5Gn0hTTtERF3wbe0kautMui2TjhmRSZljyjJx7IycX07V6jGn1Mbvls/Efz6x4q6dPZPql6qqcs917aWmWVrDXZGl07nKinZGAhC980XVmop+q2CxKJtFAxCI3EePd0zU/xrLZw9WqW6Pxz/Efz6nmVf039V1Hq21Q3E/u92cCt4ZgojmekqUYsi+ciF75Fhq0T5JZMSY4tdl785WnscbKOa/jn/h3P+zWP0CT3zUuH8CMCiaKr6q+EIyRMmey7Lsyw1US3zli3Idial8MfPTs/wAf47PxH8rMmrlst6hqHc8YVdW8lxL2owJEYldOSitRI9twuSIhdl7bUassfMpGTdgckyWPg6PRG29fSvjs/wAJ8HU7Vbdcs22ra9LHbTb9/tQkRKolUBCZv7QEIXZe2XJqasmoq5ccSMol8DR0u309TF8L47Pmf4mvt2Uyo2U6fE79Y4+rH1bVODg/YhERcOsqlxnjcZ5RX2j7F7ZLJfRkv06RKKJxwNr3pdofd0+z1NOvjs/wuoW7tRq+oSnGEZWSv00qV0zb6evSWo9i7R7VIhE/T8xIEeOykbh2E79pLWpENVkjcKaY+zWS6nctVpmSJxw/bgxxjt0iyPpi+KzuvzrHtrjVLVWvpVddNMWrNc5ejpcRWtedR7EIRE05BcY4ksCKe24lbgnq4pXa7l6yTHfuNOnmqvJFYIyM97qty6hpXFvkxjulkW2tRy3o+n2WuNWlhDqHT4Th0efp6oXxT/wdfLGn6ZHZXd9UXDbdP/yKPUfp2cy9n6EIpZXPhPiwgQeB2I1Wt2lutkyVrZlshDJCooRU2biDF7L6VOOuo9K2yL7p4K63ZLp/T41x1Ctsb0c0USdVusp9DW1S3R+Kf+D1WX0adba75YhdU65Rk65ZVY/PsXhC7RZGwhYTkReD1eL72WvLxkUCMSuOSjTyIUSPsFJSIEGLvg6npVZF1fROOGUQ32aLQRpVksOrGHHJ1GGyWuh6ug6TqfUh8U/8G/8As1SLfqdtSnVH+u/q6jva9sXwkQRgwRZGROZvHJ5s5HFtxrwWcGSGp9NV9VsiQ6hqkodVgyXo3FfqRIMh7NQsx1Edk9XDkrliWl6h/VLNsqGoRXK6nH6NudB06fpa5ePhn+I/kbwtM9+pn9JVFykarSbzVKSlOWfbHxEUkb0eoj1CuwcskRQyKh49HaSLfPbSWqqzS6v+VB6SucY9PgnChxI18pexnU6y/wC1ieHVe81aqrbp82OvhdRjmrS86avSt6+Pj4Z/4F//AD0sPTHHe8cYGdUocifEvZEybjPZMUsEZlf1S01GU6UldXxqYtEkRXMkRWZdNr9KqHK7r266Oa7oEvOCKMuL0WuaNPqsk/7K9PHaVU7bPin/AIGMmznGO+Mmqh/VesWkvdj2JmieZaNLEkSrNVRFw1On2iqeVXAqSiaeRCRHuvbfzCxfXqY7ZwjlQi4yel9Unpp0uq2Sehs31Y+uPM/in/jXLdDWpxvP2013wY7Mx30ksT0HMBlsMrXVSRJvKbK5M08pMqiR7IXd9p+NbHbZqEmaV4np1WyiiHqWaeMoamj07emx20/uH/f4WS/Ef4fXIKOpIffrue6QzPapKUraYxP3pV9egf09sFtSmtV0/l0uLqr5qISExMQu7GSNdWaiJS9lmm9OdVCw/wBT0u+yOIRFB+p8LJf4cuD1Eb4k7YI6091wvu1fMe1bJ9mIT+l+em15lpfK8d5Isqix0o29lIhIixP2Ptq19OpgUcT0enXZeJiRbZGBHlfFL/EcUz0YCrij/wDIIfTXg/8Ab71JYKqo2USW1+TwPkURjOmfZpfPsaJI2koEq2bSJFkRMyZ73LMdTEnHEum37oNkfDLJqEdTqf5Wup4r+KX+P1Wr1NN4a86SlWrX1ejdoa5Y1GldqlB1yF2l26fI0kfc+7Q4mBEWL2zXGtWDZuNDptpGODwNnWNbl6DnWR8fCyX+PZHdDXVenqTp1q29X5t6LGMpW1OmWurrtqxhiH20C+vTfau2TPZ98GCUTAvdLxq4ZIQ50sjI2dU6gq4ylufRNPusXxMl/jyeF1Z/+SVzcJX3+saOz0bdPbDUVdQ0q2T4Yh9umxzLT+B90ZMme7Q4G33zryeikfy/QvjrFJdR104wlJylBfV06pQo+JkvxdHqFdX+DLx1KH/lY5UMra86HTTmaaFtFln9lWtr2XdmfvpvBTLiPPfgyiTF2i/Zj3smaulvU0VYXWOGihZuoWKfiZL8XSaydc9Ld61f4PU6v/Mori9ZOqNWo1ij/I6RXihIlE6vHbb3/emsUTT6nmu76d5qOo10k+tPNPVN7pe+ODHZP45jrUpKOF1tfWdG0/rXrhfEyX4jKralR0TUZ/C62mrdO8azq8HEcpXW6OHp6c/fXKs1+xcEJ4NJqy65utaTdOWhhI03Toxda2rPZi+OZDy0ddiUw9SzQaWOnq+NkvxGbMLRW+nbTPfX+B15P01xbrNRv0mj+jVRacO2vhvo1Ffpz75FLBGzmnWuMa7svTszgTMmTcZIv4WTZDydajmHSNBtF8jH5/Egz/26Pdvq/A6tDfp3JRnTbvs1milGOm12opjDql8zSWXWuyOYdRp5fD9sUxSaOnTlIiuEjBIlLBXLIpcp597Y2TK+3UF9OladPySH+Lkxx0q91XQluj81l9dZ1HqFcqpZ3afTquqMlfF6V0zonDvrKt612mdcvboqvUjdo9p09+kfzIJPXQP58T+bWX6mvENet1V6mqJe9skyTyR8I1kd1fT041fJIf4uzl5RGTjLpV/qU/NOmEz+JUdZ0WV0fUw9OM46e2ucbI7Y98Gq0sba9TS6LezF50epVUbdWpKcz1T15HryPWkU6e6+UOlOJDTyrKJYIvK9jJSLLCl75Y7W+NP4+SX4s5qKi2jc85Oi37LVyvnaUjX9K3Sqr1NVlUbUU27vb1TSLUVTi4S75NxuMldU7HpemORT0+uCppUE4kom3BBme7Jvi6zCndulo4bY9plfj5GP8OcsLUp2Enue7jPFE9tuknvpf4OO2F7utaPl989oVSkVaU0lUcVxwcIyNjGR9jLp8ai3c9JRlwWF2kVePkY/wpPCst3OEcmNo5ZbeWdDu3Qf5NsVOHUdN6FwyMeaa4m1JVJFPArEbxXJvPdGO99iirbXN1180xwIz2kVfLL8PU35Iop+1eFgocIk8OfR7Nt65/K6xp/WpawyJXM9Rn8jafzCjUtkZORXDmK9m4ciyeDUWuUqqyESHAu8in5Zfhaq3CIkBSTJbSWMLGNA8aivmH5LOs6P0p9lI3M5IrL00CpMrEvbZPBdqNzoqIwFEXsZX93yS/B1FmyG/c0VrJWvqpqjJ2RUZURjKdyip1y2WdPtVtH5V1Uba+o6SWmt7JkFkqrNPXxBCMj7Nlthfbk01fMYkIGOy7s/9/kl2XzSeFqbd8o9qV9MOJRyQScroxiVxjJI6JqOfy9Vp43w1umlp7e1ZWyizBGxCZk3DkTmaq8qTk9PAhEwYJexn7Xj43+Bq7cREhcuuP0ye0hbxKn+uir1Cf0y8HT57NRXzD8vr0PoEVmSqwjZghaepk9Qlbg1OpIrfKitlUSK7MkY7skV+PjY/mslsjdPdKPLZTHmC41q2wsgomWzmJGvMIQ3yr/ru0c99P5fWY503aDE+E8EZkLcCvJagu1GSPJpYxZXXxCIu79siNuxp5XxS+fW2j8wR5NLA8Gs5q/QoblyOMqzk6Nq8NPP5fUIbtNLhiEzIpHqHq4HZkXJRSaevBUR9jH7JE1koucSNsZfFL5tRZshZPdJckSKNPEwar7HzE3PCqntW6Q2yibrs0VnqUfkuShHqXVUSeX2ybjJntXDJTpimraVxIoXbPbPfPZki2HN+mbS192nnptfC1KyL98vm1luX5Io/cFzQM1b+heP0Kc2vqrEZ56JqFs/HttrrWp6vCBrOo3X/CjT/dp48KJHgQ2bjcSkLs+7JE45ho9uzV6SF0dstHfCzcU3e6Q/k1M9sLJ5lE8EPNaKSaNfxBeCKyL6JWWOb3ZRpLXXbpblZV+JJpLX9WUC6+d0s9l8NcsPp96aXj95HLvjsh9mMZ+tHZH1WjrNf0aaX08FcpIjPd7JfLrZ9oDKlxX5qJeOo/avAm0PJGf0UuKJYbjjHRdRiUfw7Zxrj1PqLueflRprnXLS6pTjuHIyLkS9zH2RS0tSdWWa6lhIhI3vdG9xI2Rl2n8l0tsJyzJeXw8bo18JcOjlSOo/YvHZyyqmlKbTm0u3SoL1Y/b+Dq9fVp1r9dPUy+dFFrrdesI3biHKSF7H3fZFU1K9eOoy3TrEIZFqRhorukOSfya60ZB8yjk0suXDBM0jyp+Nb9q8dk8Ly7FBLBg0P0TolmHz6jV1ULW9WlYTm5P8BEUVLmp4ITIyF3fsZgn9ujf9109lcpb3AZEjgUEhIlAw0b2hTT+G6WyFs90xRIM27XTJWRvrwtHLDfK16+leOyH5UMxisiTZRI6Zbuj8t+rqpNX1eUiyyU38i7YyNd0QIIqK39UOyfufa77NDJuWttyMiY4SIReUNDyKbJTQ/EbGiNpuRn2667svKiKJUspJ12f9IV5hcvt18foXj2RTkLh8xKs56fbtsi8r4r9VVSazrDmW2ym/mQu2029kQKyHisTwbxMT7Psh9tanKvTTcabJYK+RIXZNI9RZUsnGGOKZtMI2o24EmbjcZLpbIWz3SK1zGJGOVGODGVVLY7Ybih/TrFxOLg+7I5Gmm8sq5VT2z0dm6v4L9VXQtX1acydkpv8AAXZCHEa7RZXMVhG5EbclcskRdpeERH21qlIztX3OtduESkhNCimbMHCMZHwLJyZkb2KzA55E0+2qhOcZQlEiiKSEyDHMjIkyu3il86tZh1bRctNd0J4cm5EHxDwdNvw4vj22TjXHXdVZOcrG0YMdn8C96ER7SRtNoonJGJXwVSwQmQkZGfuLJMstLbDOSEBdnFSI1RNsURH5wYNuTZ2wbjePkXeUFJX6bBBMa4qj9NqacJPG/iTaKNXizPqVSipK7Q1WLqOjdDF2yRIdq57JaK1WQ9ms1sKI6jU2XyePc/wYyINGCS7LtkixTKrCp57NjnhvUKKnqckryH1EKxdlgSRgx25XdmBoSHHlRMc9m2QnzHDLKlIdZHgeGoxHUTgalbJ9Ou30dtdT6tWorddnesgYMHSp4l2uthUtZ1RslKUnLPbI2+zXfBj4mvZkTITFah8jyZkb5I9RnqTFbMqnZnT24T1Kw78llo7BshBuVVOCK4FHI6kiKwIzE4Jd9vbA2LkSJbjkQ0Y5SP1wy6HFVvMWZTHHJ1Go6de659msrrdO2fZFZAx20UttkXxrdfGk1GondIbM9sHPZIZnvtGjabTHfAjBsJL3RkJiYiMSOEkbjfwrD1MDnzBORCrLrgkRXZ18Lg3qQu20wMccmGja8DRgwZHI5MSHki2byEkzamOPF8XCyqXAjULMZ/RZ361H+rsiBWfplcsS1PUJbHubztPIjaY7ZGJswY9jyc+1YJYRGQuT08kqxxMMwIiIcsCmRmjehzPUE2zkhW269Plxq2m0wTngW6T5xgSRwJob7YMYOOzXbHbaOJt7IwYEjkjI1FSshXmMo9p+NfDbPv1Rf0S+4RWQ7MkzCJyGRXbkUcm3AsEjBj2ZH2wY7bRRRKA1ghPBGxnk28uB6Z6R6Q62hwNhtYos2sVTZXTzGoVZFYHZBKzVIjfKRjcV9uO20SH2289svGe365Ipj747YZyRGhmpjzRLK7dUr+heO3UP+Fn3ESJHwiT74GVwyOOBi7ZJMWTaxrtgawPul2RgwbMk47Soaym3EheepFkHFkcGzJ6PLqQ6yMCNRtFEwTt2jm2NZca0itR7QGzk5F3TYs9347oyMYu2RYxlGORlkcxhw14NXHdVD7e2v/4z+8iRIjG+2MDERfDYyPJgUUSikIwxxbNgoDgemiS7pke+CyGTa4uBKvcSqaIpi4KyBxj0lI9BDUYnqRHbEd560jmRs3EakhKKE4mURmbjcORuM5IjZuYnI5JTkKTG2LI5NEWzkZyZP3nghwZ7NZW3mJgtj9Ojlvo7a7/jZ/0IkELukYyPCP3FDEsiibMiikTwVsYyaF2/Uuz4EJEUbMEe00QiRRZVlOtowxJkdyI7yDaMsccm1IZlZjOKN2WkxxZGJgwRwcHAkYEJn6TMmTKG0bzchyR6hvIyN45ohgmhIUsdn4UubHhu1ELSb+nok80dtV/y1H/VMiQRnJ+o8mMHlzwQ5lteH5iJcqLw48+kYw48ksEjLOWbWyUB4GRYpCM8Ph54bYmQMZJ14NptQ8CybmQl2aybEekjYhLAmbWxLacbRGTKIyHysMTZnJ++zXCRhZcRowOOSP0tvJtIIkjIuRlstsYywWLcramOUq5U27o9Cue/tqFmvVL+5ETwodoE1lftx+nT+c/TOJCRGeBTk1hkmfuPabG8iyYZZA2Gwwsfa48iwbEbR47QYu0oZFUOpZ2owKSR6qHYhWod5vyZbNjPqykOIon62m02iyIaEhi7PtgY1k2n6IpmCESaP3AZfNsr4N39dtjTunuNO+emW+ndF5gW8x1623kWSf01S5IcE+e0uFRyY+m6RW+VIpZYnhJlnBVyRSLkjgUuXIfjaxIUCxIg8EUjgksko4ORNkFIw8uLFFjiekbCFZ6aPSQqln0kemkYMd0I474MGPZ4FIbQ2jcZQu0yLFIUiD4mzPNaWLeFMjyRX0WxNTE3OJRxPRy3Ukjq8cXIQzwVTyQ5bg9rjzM0rSMtqxD4dMliqRu+llhCSQnxLk2I2rO1GES47YHA24IYwsER/azwJvPk/SMNvaYP1FcqJtQhYGM4JeN0kKzJuMvOXhyIs3My88iUmbXjaxqRyLklnOWRWVMiclR4VkitkC1uU58EWsx+y4uLfCOiWZrGdbj/AGds8si8FEitrbasu7g0qLfDTZZAplh05aghowjb9cUSNuT0xQPB5GhRGhxK0YIvBuMIk0ZwRtjn1EKS7bzcZeFuzmQ2xJs2szg8mBcHAoowQjzPgxkwRMdojMkzDEicWbXmMSxYG+IvJBD+29FUWJ7YqfM25Srjyvtlhl9DxcsJeOj27bu3XIcdl5eO1U9squY2KKje8vSmPplw5E/ploriHKZYj/2iYRtHEm8OMljPLZmQ3IwxPBGZjtFZJVocBJIjtYkfox3yYy+ENcbckY9sdkJolI3G8U+ybQ2ZOTLT8r6htosseIzyRzicyTIS5qZZ4f1FcXnUvbCvlS4K2bjVblGjV4LVXdD9aSWy7Ty31nV47qX5I+WuzNJflNLbqjSEOVeknIuNF99K4wWR4mlmMsErOYzHJsa5x2fAjwSyzaRgJG0ikOKY1gYuCI+zUjDRjI0IxltCRHgwk+DcsqQ8EiLPJwLtIiN9ovlsZPxBc/qcubZkJ86WeS/lQyQyaqe+VK+mxorkipZlqo5hLifqSiv1Hz0mzfQayG6m+O2wj5fhDjxB7ZUy3LVQwaf7q1xfBEiZp57Z0zcltkyyL2yhgwTgiODBZGRGMspIe0iiSwZJctcKPgSMDQ4kYiMm5G83G4lI5Mzz+l3/AFtMo4ZsRhCwcEWjJJkWZRkUkbojwTwRwiMky7bm6dZVsKduJ5ZBEpbYwzKb+mtrLhFIqLDXxxa39K5WcHRb3GwtWYa5YvIeX4/afE1h6CZqYNwo4sr+20eEXkX9Wja27uJFo8j4UWVzFyWIUTaZwSw0ZRw0jk5GJGGJCFjCwfSzgyhsTNzFaOw38ZIyOTDFWyKGIwJDMCiOHMYnppnp4MPF2SGRJom551aKPug/Tqrvk3GbNRPhTwb5YKytlnnqL/ufj9YNPb6dmls9SqXK6rxqCPl+P2iXJTN12ffVt22af7dRNRJPJZH6XxLQvIlwWcjjzauIxIYI+J4PL24JxRwjejgzHHqLO7JGwm2KbN7MtnJBNrYz0xQRgZ4G2M/UWZicGTcKbMvsueylg3GSLJCEPtPxGPP/AKyyjUMp++6eK6cZwsX8umCzZy0sNeKS2SRb07+Q9XpZ0C8ZF56NdmNjxDXy36gj936msOPhjNDdlXrE42cSWU1gnnE+JaCX0wf0yeCXI0yUWIi1iLHyv28jyyEMjrwPgUdy9MXnjc8Y/eCI8Cbzhj5URtGcPcbu2XjnG5meVI8kRp9ovtgSYkxLsu7RNEPP6tNTnOma33y5o8ynh4Tb+k3mSPmuRdnOjX9WppU4LwNnR57b9dPbpZvMj91cxujyiXgpnsnZLdHTQyTikrGWMl56cyGMOUSW0lLBOfDkQyKMsKHGMNz4jLtPOG8kI8bThOW03Jm9IVhuGLOcZMbXEl5GskuGiKIjSHFCwRwbkk7DcJmeyyNyNzNzItnJlibLc4rby39N241MjTP+yx5tg9sYvImNn72cb/qqWR+dK2ozkz9GDTWenb1K/wD8TvRIu8ifD7Uy4omJ5V8ME2SOnv6q/Eo9rVwluTghcC5jz2+khgeD/wBXFkM48GOXHIkbTAkYIRRwiaTUGhrJtZtJxFFkfPA8dkRwMSNpFI4ExMybkZ5ixy53GVj7j7JcSWpk4l83J0cTxmUpMi+D9yeZeFFJuPCZo19Moi8doPEtTf6sX57UPm9cLs32X0ypZCWFZyWkmaJ/XVLjyWLBPlQiieMvxT4kuUbXnYyOEnPBORDlMYu6RhdkzJW0S+k9UeWbJ52TPRsx6Fh/FtYtJYfwrcrQ2C0Nh/BtIaGaP4bP4R/BYtCfw4n8WB/FgLSwFRA9CB6ED0YHpQQ6oMVMESprZboKJj6TAvpnQafntJ4EKPMir7pP6d2HommmLt4G8kfD7Mp4lOO6p/S/IyHm1FUykteFcM0f/WuRFlpLJntgrJ5MyOcNMhAsik8R2/avVHyLy4yxCuxi01za0dxDp8xdMZHpiFoK0fw62LR1IVEImyJtXbHbHvz8uRjXbrWp3yitqUhyUnnjOyMc2Ous4QopvR4TYvB5EhLifD7Lzp3mOpWJp4M5P2vqiuJ12DWVdwM0zxZp/GCXieDa8YfaM8G7JJvcq5M9Gwhpr2Lp1kj/APW8LpkBdPpI6WmJGitHpoUDHtbF7MmTP42OzRr5+np3L6uWSfFcWIktxXBLt+48Gmmk53ZF48ngXmHixC76WRqocd6WXL6qpCsLR+avu0y+mBZhDcR5Y4WMho75FfTWyvQ1xFpq04wijC9uDHw4/PZ1y3FUUSlhQ5K1HFzUSMsiksLsvFX1OKwIz2iQRb7NO8Skt1dsdshkfMlurg8NMmxkPOhpsshDSTLNDuK9DXEVcEYXvz+Bns/yd5nt1ue67fgT3ypqWJy2Dk5tcEee0fKRHiW4XeCILMb48CGiLw9LPdHWw9lUixbZRkSeRlP39Gt3VxH3ZkX+hb5hMc/p19sZXSe4qWDc0m+Yo4INdlwR5Uom7hLuvFK4tjlS4cR9tJZiU4qyu6vZIYmSW6KMiqyLh9Es/tiMaMezPbP4D7SExmTPdfiWoRrJ+np7JOU64kMYnI5Ip4WCuBtblGo3JDzJWtxl+hCKC3lWeSHKnHBW9stLapw1tY4sfZMxzTVFRuGdJljUVvh9mP4cmfjz2kRYzIu8X+JPt1y3EIIRJlMHIVJsWFDmEMG7B9xtEzqMMeyJR4kXLtGWDypLBRY4ShJXQvq2koIlHvpZ/TcM6b//AEVeOzJG7ncJ+/PzY7YF3j8D+Bexj4Op2erqIpDWF5dT2krOK65TK4KCkxLLS7LBrnH0F4iiRApXDRqFw+0GT5Xg0t2x7o2V3QW5kl20ssSsH56f/wB6J8ZEyRMkRF8a+KSylnsu6E+y9i+BmRD7M6ld6NGcyzgcnJxiVx3FdMUOSRuIm7BGWSUkjUa5Vl2olYokVxIh5ofGSzksjhkSMcq2IjSXcXVKasrce0iEsPOVLzoX/bpZ575JEiPZsXZe9fA+8he2Ps47L4H2iPtKWF1S/wBW7aSZSVwlIxtFPBObzCYpE7CWpjXG/VTm85H4ijPEiHmjDiolsC6BjtTMlBNWQw4S2uq5NW4krFhjK5cM0n/TSS5T7tEiPncNifZe1fA+zMiJci9seyH3XvRLsjI/HU7nXTnL3Ci5OmGCNu035a5dhuacrsKV0pCi2WcSJeOzIlPEVZy/qjbBlnDFw6LE1dHJJEPMfFgxkXgyad4s07+qHKGx+GRXZkWJ/Gvg4JeU8+xPsn7F8D9kvt6xqd13MirSSxlRlO4WSnk8KViiTlvfozZXp2eng1ccSJfb2ZHh1xzVhldjiZjKOphz2rI+Jx4ksOmZZHJLPfJRL+yl4dMvp3HkYyIzJj2ZM+1D+FkiMvavGRMfZfA++TWS26d1KU066o3Xuwy81VjRCSiSucirTSmLTRR6SNhKJ1Bdn4Xdmhl/W61IlThuBb9r8kXh1zJssRF4ecqfsr4nW8qj7F2kTKybGRkJmSQvZnvIXsY+yGho2mBiGRMER9o9mzJnuhmO/VXjSqbJzbM5IxIvBKeSnS7yrTxglHHdk0dSj9A/H//EABgRAQADAQAAAAAAAAAAAAAAAAEgQHCw/9oACAEDAQE/AeB6aQXif//EAB0RAQABBAMBAAAAAAAAAAAAABEAAVBwgCAwYKD/2gAIAQIBAT8B8AWs4EMAGjzaiENzDAR20+Gelu//xAAwEAABAwIGAgICAgICAgMAAAABABEhAhASIDAxQFADIjJBUWETYCNxBDNCgWKAkf/aAAgBAQAGPwL/AOm3tUF60uv+sKaWXr5JTf1RyWTeP2KZ2H6T1OckOFFZX+SlfgqD/UMPjXtVpiXpQ/pk7r1oC9jGqyHjXtUxUVj+kn8p6jwAad1NbBf4/KSorf8A2vcL1M/0UlH8ab5nOyagYRkFQgINVKj+gv5Cv8FJP7Ro2130vWtCnzhPQX72Vg8AxVLH/wAiqFg8YAH6U6+EI6cbJ6d+5k2cqfTxLcUrBSY48jO9JQc+3b+xalTSE9J/9J69vwvWkYU9R4/q62Kl84lAjtfYr/EGp/KeryFexJ4O2dhbdMA5T1nQwFP2ZP2v5fKhRsFHxHBBZbJlteESUTkc6AKHZin6FjSN1+9fbR/S21R7dkSqyyLqqsp9XZDgb6EQo9gF+Kvx2EKqlEfZ0Z4+6+Wh7/Eqny+E79gAqkw+lKjTCHMp/CpPXssaNTas68ZJpW2iGVOLr3KYfFMj+uftpe30mHXiilCgWc/aLcsxqh+vYblfyVfJYvIQAvQuFhpchMepD9c31Sv4wITBA1JmVTc0pjo/dsL9aSq2RqqmpeqpxqkhVcPdbplCD1Z3CY5f2oCFXkilYThKPk/4zf6WE9aV/tEKpvpf6WEfXBanWMZokrH5N1h8cUp1hP2qfIPiUD1lNI+1Tb+U/aIp2qVfElQvivipGg/2iLgFApripCr7CwHcdYKfwmWFYSmq2QNP3wpvAUBPV4iybyUEJ/FUxUyM8pxYFCkhfpB7kfpN++sqqTo1lSoTeX64G2bEaXTYWCmkL1cJnzvkCAG63ixTIkfRQ6ohHLjaNYaDBTvpnK16qVV2NSOqMmyhTaBqEKLbQnDBRkPYkKoXnSCGSL7aji8hQmZMLnsnFgqWzsSoL2CGSQnoTVDVezoVU73epMLO/YfIKJTsbBUcGdf22WKnZM2Sex2XxQKmwFo+XOcJshJQppMIDsj+bymCxUn/ANLFQmqzNy/4/GVT2ZBVQFmeUEQsQHr+FiG6bnmjxmUSftYz2hs4TlYxsgRKJojmmkqE1KerdB0G6EPvwzdkSzqKSBYjmPYWpCp6EH6QPDwkJgEFi1JK9aEzMn4QtiOw6JsPssD8KmoIFUeWlUqkXxNnYr0lP5JXqE/DdClBujBQPBpIVJ+0KTT7KnGECLkaDLfihfyeQdHKhYeCVSVG/wBIVDdMAagF/wBRT+QMLtoDiAqlulH4Ua/vUEaPHKlU+aiSgsVAen8L4scmIbZ3UrdRbdb65CY9GyZBNr+wUUBY/GNkfF5inoqekp6U7TkIRpq0Yv8AYCd+x9jZ7MeCxWPwFih/JS4WLxQPwvYMcrgewTHQgL3Xx1GHUOyZrUlUnlfy0Z5W2rCfqBaLYTyjSV/8csZW0WHT4acvuEWEJuXip3Cb7zRd9BqVPTME5vNotShy/wCSjY8DCE/TzkkpgvdeuyBQ5ZpqCMeuswTnrZXqVNsHMIqTHUYJ+nbNssbqSsINqWQ5gOm1Knp3T5oKZ7YnsFT00KVtqSnHKbMbumBTusSwHmVI8hiFB5LnMU98a/KZAhA8p6iwRo8PJBxMFi8NcrD5XtvzDkwg2m2E8h66k3iDpjA5UpqSi4lN/wCKCY8s5XKawKBHFc7I0eGSnrOq3AqpabCpDiRoHKzI4gothJ4mKossPjLU8DfXY0zYBDJ7KNYo6ByyouDw93K3anoMNQkWbNCarVYZMJynN673BQ4HtUjT44pTv0JFYlEonRnTORxlOZ3yNre9QdEeLZOS/RGVVjEhYRoyFso0cOkdF9X2qTeIMnqL9IcJlT8k51NtB9BxYpjl9VNwho+1SbxeoT1F+mfxm07X3yb33W99lstr+q9hoMb46ApGSE5TXbO9ZZYfD/8Aqeo9PGtut1vnleqnOxtK+IUCNAHNu5T1GPx/QJ1SEQdBrvWUafEnqLnoftbFQF7cPfVlQmOR031kxaTUSU9R6HZbL61d8++jBW+eFNyo1cHjU9XtzoTHI+Q6EZY6SckleqnmvkfIUczc+b759rtbe0jlRnKFyj2EKLydeApHEpuUeo3W6+S3tJybau2lHAY3KPEi2154G+nvz3WyhbrdYblVaj3hTwJyxobX2tF550qL7qlA2KOlClMONsts+/XUlU9NtaOBHD30pzsTpSotK9btaeJHFlQtuLKfJKcI2a75ps/Bm0XnLN54ccwkJqlFggdHCbRzo6Kc7KchRCi4sURnGjveVvaLz2UXOTbIb4bFVZ2T3m0Z50N+rhbLbJN5ytkBCFViBnfLHHjPvn2vHHFo0MYqZH7GTASiVUdDCU/PjowLNokEZajpDXk5ptv1jp8j5dsgVI/OlN30JvHDe23KlQoU3FIyydEOqRxoywp4D2i3xK+K+JXxXxXxW15vut8uy2Wy2Wy2CgKaQviiaSi9MIk5ZtHUbqbbKAV8V8VspXzXtVaQtlAW3N/ioyMMu3DjWZitiopK2Xsy+SklbL4BfALZbdNUftEmTd7b2i8r103yvpQFFJWzL3qX2V8V8AoHX4VNp6CVNSmVAW3asPrLPDdsjZsPcuVV0D2buSUdBgF7KLHVfN+bjuRQM8KcuLhtcIdx+hmna85Dxh3B/KfLKa05GpkoudZlHf4XjU3j+nlObRli8KdedIIdthGwUBYvJATUpqVOT1U6k64Q7Woo1VF1AX6s92oT1rbTbghU9qczAJ6jpf/EACgQAAMAAgICAwEAAwACAwAAAAABESExEEEgUTBhcYFAkaGx4cHR8P/aAAgBAQABPyFa8VxPjQ+F/iwXwz4H4zzvkeBEGvOE5TmiYFohOGhf4C8L8WBL44LxfjOIQnjPDQSkHozSDXhOC4hBIQREaHROHxOUXxnE+BcTleUEfnEH875Q1xCeU5TAmTfE4aIYJxPM/wA40OvCczifKiC4pfKTL0K9r0mby/SG8IFqS19mXH0ZPTrXo3ykvhhP8LTgg0QnDXM4bwUXjBMHXhfhXwr4XpNF7Lv80u1d+B0o37EP6PweRRkz6KJz9ZEVF7QsSbC2U/Of4kHxbD4fD4e+GZI+EQSYkNEHoQxeE8V8iHwj8RCFrbevY6aFfZIYC5yNkJysC3cLGnDMD9B5Xfivh7+L+CLyMfDIPho0hEvEJyvLWDQfD+WEF4rlAWk19DDCjFNX0P18tcJEXFKbI6jyI2z12kwVdMwGQNsj+jLVj8Fy/wDCHzCcwaL0LlH6j88NBD8p/gowX0SDfQ22N+xMZOVvieDI0xsjdUEDRJH6Hp6Qy1fsxrztpmWn+4QkX7iOpna465f+HPfwkJxSD4YuNBeC/wARFw0h2RgfvKJngmHFk4KJNpkXqpwtkTPoha6nRFhPQ3vIlbM4hCXsH0j2TGyMmv0ng/kviPfLnEITxSgxrHCCXGp0Lhi475nlsXixtZtEqV+lU19oQ+ER+mZPO/BLA8PkGxDIQnEWh03MdIV/ozYMULhfYjRWPTJ1J6Ep/wBBEt0+vjnihcacYIQSH4TicvQkNcvT8GLhebXM8W4zaIzv7QinauZ0ITazwKeSnZSEYSQnsmeBuFmWKl/TM/OD0IQAUw9lrY9b5zRclfQs7M33uhNYvZDJ5XwnDFzqNeUJzB8LlkojQWvKfG2iyxpcSQVPA7N/ggrQ69jNP/5DHWf3G3++VKHnFg3WaHA274UrbNiPUijO7oZWFdISompwMvZCGtiewieHmnivHQaJwh/I0QhoLmfKpjYjFPQIrY9ihowQO50hOoJoYXn64vE5xZK0pvh8IQ8iFiLWUQ24FdEM7jTwFmf9I85EGEMFLw27So4jryvGvgbH+A1zo1Oub8f6O9DqRMJH7FWJ1GZ9B9+UpBEFgJ55JcLPCEC0rUK9DNEVaOh4Rr0YQnb+zYMvwm/WMT4K9IW9DCIWcLYp6BC/Fjwvi/PBD8J5QaNBa5nlPFZGkf0M6W28ISFJO4KZVwDV+uFz0MJVgYo9jLw7QfrA5JAxbAowHwUhJqv8EME4wH9ILGKHWHUDJ858HEpStTXyPxMQ/FEFxCcPwawInwPxx+CNG7sPpCJnzEff34I6MkIRZDwGMVFTHtodaCqtCyglDjMENYJQlOiqIq5FGBR5WBxOF9cBu0NI010ypkvLGJWEehot+CGXwXinjOF5Ma8dPjhOW9Aj7BbEsTgTxUtF5tMZPBqKb0X0MTG6Ma2OVkJ2TogpFyMZkKBrBuo4bapRWEhmoSdP2LPAbx9mSe0VtDROLR6+hnJ2E9i6adt8i4Uc8ex8US4fnodfM1tZZRdvPGAZsbGN0NcpjiDQkHwlFbAlGBEnry7FzZFKZrsEn9mTA8ivRCUzbJ/Y16MXBS8pugaiNoTPc+a1w/JC84RCRHXnPJcGyWkK6oXdEKky0GLfghM9Q1y2ZMYzQcCI4O445RcIWeNS5kZW0U2WSeEPqG4RBpsw/Cn2PEYtLsPCymifChmvM5YvifL0LXxtYFxj9jJfN6OpzFphq3xPBcIXBjYlqzizQ+KyHFw3guDFETUY9WqVWBscG2LBIAmcB/hENeC4RvuUSFHhczynOn+C/B18pBNOI6sDDbsc8aC0Qh+CCGYc2WKkLA0GIKcORCE5fBSbF17P9oq7FDNGxwS0U68EQWyVdAjr/CUflB8Pl6OuOviZ3joO8lx6JiuULZNRsnvZ8ZkWFBa4UY2CzoSiBOs04pRBLkuEKkIm5SWYOD9Qlbpm8MfgyizogIcaJiGr6Y3F+NBeS5XJcQnHTFxCfC8oW70SK+3ms+5IYy37BjVXpfCFCg8d4S2GwqFiVCXBC8CQxiUFK8FFtIt6pv44OBrh8u2Ot5MUa6Pey4LxfxETmCXN8mPQvlnpkJ9JcG9NFj4fQ9JaOhF5XGgkYsWRDHYNFmHXYqfBccCKEJ2ZoGYcaKbh3BkhikLGBFwtCM3eE+LqpaDZKyPwV3oeRMuNeF8G3inxviUh15wnL4+skMhO9mhyp1O7BiUuKJovF75QtiY5aG+iiGYqNxKaeBskITJHJ5IbB76kVLY6tQbRrJ8MetmfEqEswMixWnYOg2UY0QlDy4+2P0f3R+N5mALaD2LjEqaeS56NzrhfA14dC0NcMevhfK0Y/wBiUtbCzexC7VtRU6JYCqX+xq+CEgtccRKSEFYkkUlFtsW1hjhj/bKstjvWCtjVMIU3oXAz0QSGqLZhrEtCG1wh+mxHStglJTKUyXo3h0QtOEHr8YesGvOczBHwTi8zyY9C+B8Xh/sB/MFNrcELInyhlWAaV9mbv78FvggVSnRMxGcsXEIsJpYKLbEDRCF+FHFsJiPbNQzDsQuC4yQ7xgXZ6LaNiXqJiqpN7olDOIVkaFpgnO6fpsQ2B15XyonFL8M8GPXjS8vlbHx1QlLAVpD7oSHxTy2IRVAxb8EUFDDnhi9kWZ8cGpUyMxhKFZIMtBXsViKYq7En+VP+akdch979hZlC5roY1Lgn7XG5KhtK37ITTgWjobMhDy4aczXQeo+EPyePnPy0OviYhzZ6PQ6txwe9C7XYuf8AaY9raejESMQ+TEWR9nFHXBCZsemhjIYrB3WmNdhtsd7ExJV0zSqvo2QfhfAVZGvsehISEimaILEyyNhoK5IuxqyjHYIooa4lRrt6NUQYL9Ll/Mx8HXDFw9M65XwW0NtG42zYaJUIzQjF8I+wlEscSb5cZqDNfLs2SYBam8mMoq0GrcMmSgg8jUbGSYyFWUQkTk9DKVx/8i6l9jaJRHkgyWqsRN+x2RgQ17FhfCzYvgvGeb5emdC4XiuWmw0eGBJoThyGNT1CJ+xbMuU4x0yxGJERiDExCzIoh6FO4GJbEnsKUw2s5ZLG6Ri2NReBjGLcXcJaPshObLB/iFmj/RadY9bbMHZKPYkMXmzbl/M+GPTOvBi+B+H2Ihp12aH6ZGEQ0QRUcJSCRldGRD5A9CGmLLSiLXYgx9qBklBkVFSLwTwM2jmBmeyIpRXjZkli9D8yMe5WByKh9hGn9cPmeOhm/OcT49ReSGZP0vhjhnYpdhB5+gyqiWBpEMRihhvIgxISWYakFJCEh7E+HQ8oG0m8NKkmDDqeAjmnF4QiYIYRmbITZQg0bQVeORXTiqh7Zf1CHxPLQvywQaJ5IfD4bwL4Z4tAu3Av/aG1V9DVQL7RX0Ylmvrh6yzoYwlRH2hMjcaKMlBIiRfBDXBoQi8IcrCE2mPvL4y8N8dlXMFSGU0rCkVkLa0EhLoaY1kiUv2IfwPQmRjEuZ8rOhfKhr2b9CWW1SGImZj6DbYdFzHp6BsO0PDZlhpEmCNjClvjWuUUXh2gpGPC2Oaw3eLpsGKVoUhijwNwNaiQxkJWI3XS+BcPXG8whR8P4G+enyv8BTMqDrF2XBbpIesBxtXYib9J4aEJBNTixSSGhi0LhcKQhYd6NjYkN4QoxNgxL7MR0SKhGt6HvxexXb7Ei/G38344ITh8IY9Pl+DXyL7YhWsUrWjO4C/wjaP+DRU2xiavQdYT4YnZZRXB0HwgT5zg+Ko4rQhcQTg8VPoQlOK+y+B9jNqGEdCReDF5Nxb5Qxi+F+HTF4IZRonnjmiIblwtdAplhaHIZ9icHsMab6EbU8sRgOdkiCRSjGRXgxh4KCTBkx4vPFdDmStApd7jdgpRVYorRskqX49DfxQ/GcJ+MGjp/wCHgI2xjRZ0xLo8jXRRkckuiw7ChrJ4qFKNUSNcEIYW0EgiEkNos8EhmxucC5YfloauDAiwyJgSRC5yfpBI/Xx6G3gkQYvGD8bw9MUNsIQj5fy9CofscrFRLVjMixgUz2ZfDSIvAtrfZfs2hi04lMKl0g2jbFLWb0h7YQxWQx6GQoHgJtPiWuGMfhRmhYQ6QYgQ1BawS8u+HwjQ2KThcTwhc+GfDs7FhT7MooP6+G/Cwva9sX4OCzVtsSn9cbGE5IS7OhnYwayaJxpHWz7M1tvTEmNCM2xKUsThUQzETKN8PxfHIYDQHq+2IbZrlfDqbczhD4nnBIng1PROnMkj7Q/C+S8vtAYrpkzbNoxEEmOxUg0aEvC8uhD40GiVEFNzsIcyKGB7MjHirYmDfL8GPgdxPRjirHdl0Ikjvhi+DTznzMeD4S4fL0WwwklT6JzPKHxfluRH0htNJDmqm2ELJN8vgYJhF/rfHDWlByaoRsYk4nHY0qhzsllopLRM+orgwLEPoK4PzJxS4FYljGt6caL5Xn+mngQxUhopfhfD0JOi8kLBuMIQ2t8ZyvNTUBSLdjS1z2fbtEkVux/BHnH9cQyvV/fEYZ2YWGoFvHhhpog+x7yuxnEVZQmvsr5N8xQYoZbMMFQfD34aeNiH8E5pCD0LRdEM4PQpVZXM8V5M0Cx4f+EwsvRIWml9n0yYSXJ0VMH8EINGozsyL0/OIbcUkzGxu0x/Z0aBUq+2xGTQH6e2OLke8fIUvD4PYRGY9CnhK4sYXyaD+Gee+WYsoY1YZWgt20KpYY2T3xS/J1gSNFpU7DBbN+vJhb7I1I0MC5ePUhpTGhkEOFsv2U9srohLmbeL0Y4t9mCJCBfodqh8ELw04yMzHVRy29vh74KtPkpqNyub5QnkhjbGDyzDIKWgNFI5Q+xax9eCfIhxiQSS0hsJF4bIsj9EzkRYOj8R1LSEYeQqkyFoUEpbQ3GxMTKOKTbGToWp0RFw2TBuSF8L45Q7IPxfK4XDE2bMYtcVJS0UjArAHN6MzaPT/Eb5fCUcND3qZcZ6LZGFVTqCElkZGLBCyyICsZKJkRkHgYcjCxwqraEKoOMM08C+LQfCGvNbJ5NxV6LAclnYsYd7Gz2VosZxINVWGNCfC+afCxrEUnOZQMwZAThLsPODsRYuUILDMJXlITLNqhu04EDcUbA2WPil5fE8T2P4ex+E4vsyJfoZtD5hmEwWShhdh9pfdUej6GL4F4ded8Uqa6ZVQ3s4TGIbB5ZHg5dC0wJwtJIaG+htJGdGUAcstvgSkIJeBpAuF8Z75QxeL8UxDM5Gz2w1/CYwiKwj+ymaIhgTiB9DTuZwmPyhrzn3wvCcPhCB07CNPwEYik0KC0iRBhucMKNpg1wUhFDBR4DXiKpBa+Jcaj4Twfwoa2PelpEYQ1pIhwKKsUgnIuceW4iTfoQqFovgfwMWB/Anr8Yxa+mMTybiFKI4a4sOKSKeTI2ZKsYFjhWAwgoudB6scL4majFw+INCGXxSFOV5N/pDJioghc2zR7cYReMS1CH9j7QY9D9DM+F8bzPifgrFrHsTJiYIzbExkfjIgbCUrZtYPoLlhQQkjByTguNeD3y3xhryvDYmNcPlrlbQ9/A4IurNEc1o7eEtbQbwJsaxg+VP5bFPXrzXjBk+Gj56KbXXFjMpUUH2Duxi2KS2PxYt6FqoQsESExyg0Th54rhoIQH8+LQYh+GeUPfLwjosa8Jphz2ND/VGcGJj6mbcTxJkG1cEl8l53yXD4vhDr0JF6YvsgkhmIoYyeVtFEnsk0JjJsLwZcPnJGKHjI1RTrfM4fhrwh/B3xSt7HMBaMMFoQg1gtRxGYLCTPpRXtwR0e8I9lTyXmxPyb8YOiyPY4spPDYxj7fCFwM2ZZSWaPW4JowGxpBsfJ8HEzRmR7BHm+jJhadiS8mrXyZr5Ifk8KlBDGOiQbAjUGJAzxN4CbSNAHocMrY1dHoG688PmeU5nwPiLS/o0dH2Jb/SjffE46FkvGxMCWsMQgdTkoZYffwMz4Id1Ed6vpiGX6Mzu0zOVoXh4mmPw1+A+UdlYc+ohs0EqMsQ1CA7iNAhrxFJfaJYGolEJe8DkK5yjr5b4PbUkP6QBgZf9G3Y3WMXxguI7FMSy/Qw4KW64LxDQyJn6I7A/2CsLN4GtGj8UUn34aj5Q+HzBMYtuMZNOChhBihBaLUIc1FssSqUzboZnVDI4/TBquJwvN83lPh7TRex4e+jseVb4b4681yQYxXW5Gy+hhxIZOH4ug9RN2Iz4fkhxiFo4HkyXszLLjQfKE1MnflvA5xsVMNAUkFwDR4GCMg0FE8mISME4OhUILB2Sx5NHLF4Tl+LMpXoYcPSj/XgdTxRfJcIUxF4HPDHDApJeHQxRZF4XAyegPhw94QmRIbITNGMLa8FhS4Y+LwxeHYsKm4mx98eeoQTeRhkmilVlNHKAUyYQg0FSMWkfWBLlL8cINHWdF5k9ITBKAzY36KN8zhMXMJyhBzO4zCMS4oFya4SFFlkV30OeCtMX6Ac07ES4fYpgzcyJuy2UekIDvC0XheOxLGOY6MMlko4J0qInsboMRyR1cQm5J0MgD2eRx+D1h9GSPzfl0In+ImalB4aZj8X8QgQVpsM6ZheFEE8cFpCD2LhClCGLz0DG5xKwYpGQbOARvBB4MApgHFkPuERTYmdj9OEPiygeTIYiKouYuNaGl/MWLoei0DV4MwSZUEX+hCgxS6ZPYvCeSlyq6KDqeyjDfY8kH8SFyJDZjZDT7JFyJRJgTikyPpwYOGgmJRDRjYUetxlNyzseTHTIUSN0LQEihDEnRGoYg3dFNwUyeUQKi4y2HrB6w63oVwGAwD0SI7QzYIaericMoNqPYBswfBC4EZheZ4fpaKb9IcMxzaY/hCEGiGTPM8UxhYHqFTXHMeCBEXBbFPaHNg6UfBeDY0NRwXKH2Y6eWO3BK6wL0i7g/wBj0NaKgcNkdh2gdhPcaGLsDxXtweehwQbOv6WOkFpHcI4MVQpkSsGXWPTAwrE+GRB1g+DfJCzQWzJRDx8pqIZCkkLsN/Y6i9iFoa4Xh+SD4T40NR+jEiaK9D9uDKKCuWJ7lRRcKQdQoxC0hCGVzsp9GDQi9CwbSinR1EN9YMxD2P0H7DDsK6DzoUCTuDUKroo5Nk0lRFVgnhZwkGuR0OSnBYaYxQtf0RJKn/B5wP8ABofNPeDJSC6NeGJBa98zhnw6UOzaBOw5RjGmNEQc4a5nK4a4ohCqZpo0h4ckiSooE9k+xD74SbnMDR7JnRzsYzfJJaFnQ0kOXOD+5HpE2CbehWZ4J2jIeziJYmQyZFDQwQ/2GmUJ4aMsFEp4hIdB19GKtYyCYGRaXCEbGhkbFB9cxJX0SxE+yrH2Dt+GFs+nAVfBGSiYYZOXOIJCRVDU4RXAhGg2OkwxbwT6PQY/Sx+qPwc/+gjVh6kaRj+w2jW9jW9mvYNmHpGmRnaCdBhdhthjJmEKvsiCTsjd4G7cSo8MSrInsTMkMRyivJMbT7DEzFn3IWmSCRTBFjfKwOQnH4bCRoSiw4mlVfQub0LAwzedfpDWWXprhBr0Eme0WM/BX6JRcNFwNScPAcyQ8BiOhHYhMYuz7RnYyewi2DaoQvQ5Q0HQOmyoaYQ/IjrTAPGClUbuG1ExUho93wi7GIFiU9gntl1hihZZC7MGOb2Zh7Bj2IMw2uNYHN0VQsiC+hvYlZlvrs65qzg98Lk2NRzghPQ4rp7Zmr/WSLdYudGTySioVqQpDD0NWskIgta4eihmINIQ0RiaBHY6XHAlGTCJCYQT2LwLIgyxseyC2NumNtkbBkiNwhaaCSYUEiNFEh0mFsa9ieoVN8LEPJDYk7CoWhIoMykPh2WTSMjbBcyTWBNdFNjB24rfB0LWRWC1zY0y4Q24/h/wMsCQs7GPHBEKHkMMMKnXB4j+wsGzoqi1ckiGk1g2GEI64DOMqWskVeuO5pwCH+lczfqFGuIRdHrEOqzGgQu406HZS6kPQ0w4mLtTBwWhsHjoWOj0BOO0XsN9OA7G3RZ4tZPsFgTRDGmhuExDG4YaLungLs9CEkSbLgf2WwLNDdQshfWSDOBYwGMFdDuhGRZDUTJmxY0G86MscSCJ7NcCoaJou1gZXInAx/jQjoJL0dsI/Qa6MaBPtURdmUTtoSLCEHo0QjAbdiWUdlRTAKWLBgh42EIh1sba0eiZdCWMiUfA98JswEhsbj/Q3jRHoboESRg72ihVeE9FJV+hk3exiO76P+0QnO8Rd4EjBRmbcJ7KErQ17IzQCt6Qo6GTqPsxD7F9kFRS0uLOBKLGkJCaaHro3yHb2NX1xeEJQ17Hn4Kyu+/9iT2bqH3iCwjPgN7lGZCZNwzBd0anfEjhHoz4QmE3YT7Ij6kOdDadCISd3Adhlob6LRTPwLGMr4KyZBlrIhxCDJDWYKOhbFuOU/0n/Zwl4HiG6/oa4n2GofQcYsiyITGyHeHqR0Q+wyMt64tVZGkshUmNUSC30P2V7yNsqPnLG6sF3xWcM6md0NS2OegnZFDbBtWGxzBKShp0FATYkdEaeWVexrKtiX2IEgwnoZhcCJ6GbQ/qMyWSIecgpfZHow0FjWLbMdodGZiJgYh7SFojVF54rRpk2XwGIZR6FoVfxI/ryIKnQYQR6krkoML1cRUs2KoXwHNeFEo2J+wvRkRp5XEqBDUnkKmhoYdDXiG5nHEbLBlRJiZovax1ZH7CFEEtPAuxscx5EqYssjmGTQnqZImPcCHyyZk0RIZJaJ9C9QgbQQ0KLIoGRKhrOEI2FLYnFHQ0SLfgo1kZBU2KCcuWrauyWw5lidbC5vIQpo6EfyJBH2QKhBDySsRLR3A7gQZ0aBo9DJwOgjEhV0yWB53FTQ4tLJHoekg1yC+0dtsV9jRiXAwftgRkVWRCwIvRhcdN5EuyozZZnKJKJTVZo0ewTYFHoT0EucHioIVoot4EcId2JDIeOBMuxULGsejYz7EmimNMR/R1ClsaaGW8HaLQ9qsfdjqKKbFiqELQzZF3YbqhTkMAqjslGmuP9FwtMlwNFjWKOkyUlGsjUEYIlQjkelUdNDFIYTol6GfsKLOzoDjsUKMW0h7UPazgVd8VDTiYjNBqVip9R3Q0TyGNcKrj0NE6hp7MGROWy3Z2gpi1DHo0FBUrsRdjSI/CDaiwFgYo8CyOPsX1xIBB9zI9mLstaeORqoMWxOsl6jga6FmRrNQRmi08CdcHTQTE7g0asosTi7aJSYlMj6hjQyKa4EN7HlBe0MLBZSHkZPAlWhBgvRNJnrEoL3klgZpEJu5Kej7TJsYG7IRt4RlpRLgLLKM02BN7M0HdO5MUOCD3DDkaBl7GTshoeCY7nKsjkG0OsSLe2MfY4Y4rbo0DG7JiWsMW7PuI2ETYTorwjFQpJjd4FbeWMcsYhsdQhFodcTpsmM2VTFholOeiVErEIQS0NcrIJZijAn9Cmk9BnISZJL7EkShD0sRM0N1TITx4IL6HV0j0Fp5MmxpKNroOfQxZZc+0UtsnpiUJawxxrY/hhK2RAtmkMGlROZseghkxQ5leTtBJ7MGSpRI1BFsOh3Q+hb0DLBCGyNcIX2SnoetCCJoVOJCOCYR6HhwDpsY2UIWhdIRkROyKMfK/YzGYwYwJZWBLpoKM2odUoY2SGexaqKUSeETuSWCMkoQp9HuQY19D5+hVUHqKnsmgt4Y2Q2N8IU6GCywOWzWPhEPBYHJC3EakKBzFaI0doJPDPsM8HRhC7o/BL0L6mhbI7EhQOoytmSRVYJKRUT0KbFoK8sfoiy0b0OOK3oqIWoM07JWEJM8B/SMgZMrnNh4MWxQJm9sQYCEOsJidIEW0ZuwsoLZvYmt1xUgkfhDio12JHSGDeYiVDZyK/oPYiqI2i3A7FskReUZFbF7C9DtO/E5NMSvpCmj6jIaot0N6MxxNZsUEgkqvQ6gdaRCN6GH2JTLKEdox0Ngxk98DsiitjYFaEDKYPYJIJp1xi4vkoyr0NehNYRmJkOeok0pKQnoYrRDlGRGIgyPRiGYQC4o3kzBAfQ7eey22YjctdCErlHYpX6P17wvNTjMXkfnEbHWL2Ocm8yeh8NGbFJpjc2O0GBSNljDExYKCDApkxbbI4Q3hC2o0uisQzTwX2UZfT42CZnLJTIeiWIR2KhQ9FOj6i/AZeR+ipbG0NJ7EC0MqoMEoeMDy4T4ObYmkp4LslOxJE9xGbQinAojLPDxxa6CGyqHadMz2OzOCvsxab5EvaNkLsMGC4vDE6jUuuFIwCCDUfCV2yMXQdZEO3VEbYzqKssSMN9i9Q16HfoRnxCOhg8ZPWe5jQSbMfCEzkadIoXfRkxShn/RjQ3jVtkezoiK62TsG0wh9AxjUskesGWQy4FQT0YMJ7JLRiHxk2PYcJiCwjEjtD2kBbbEREQrsQXY3NIpuB3hXDIrsaEs8NrLBdbkbrwE6yEsnpHYyBvLhBMzuYj8mMlDCFedobA0ZFPCMW67RUsjNp0KPY1w55KGISIaxlbIEB7Qpb0ZsIVBIF7SO3Bitn2iYWTBqwQnyR0MqoT2Nr4mxtjFfLHAQW6xImR7HA7joWMXYJfRk0NhRgMIYa2IkNcJZHuIfBciYMGdbM8h3fBIGQ6PbyM/UhYNNpbNoNfZmmtCr8B9Roc3keQps/glGn7DHYQX2FdIMkdH6yIaBJM6risSjFhMdjmiTHE9izpvgKj2UEWcjpascaWsSieGxsJZkWMWOyERsZuxZTua1jUdKBwFBB4kpZXB9AO2jdg1eyqUSUyx/UdsdZqiWghsvsP7KFiyIujpAabWS+homyhiY02I0+J7GzAyCQS7lK030NKmnaKdhDVCITcIlLBJnAr2aaxFLY5LJjJbEZBHqGJumdcYGOfsXBIkKXHIMYhl5aW16MBF59jRqFdjsVMMplDm+h2432UVo4Idk9wWoKdCxo30NWB/YUhhekxLC6IhrRPoS7IYaLxpTVcEcCSXXGgGpXshDQgxGYkCyCKqQ/Am4LZWLWxBCBuKyhsPRGQMaEsBmWiKjUFyK4QSt9jN0e0zOAt4SKGbD0NThOeOTxgmKnR8J+UDi5csMnIe6ikCRjRaGFJRFpCarJa4NhGBniYm2RpwcrNw4CxorOFDyRPY0Y9CNodpQyRHhsjbY3di02Z8C9hZYPYx32dxlZggAg8o6sDUsCd7Y16PRFe+hKiywNJN5IbHRbHTWDIa0ZHBkIehyhOJ6CF0uIluuI0k6pdbAncwrZnFNyIeXiDjCzASx0S7IxiLML0gUTeBBohMT9PwphAdJcmBA2pwjTvEkmP8AgVagmG2K82Mk2ZCVldSRooEwMSWToDLYaMPXsJjI34DJlwCGE7HypMRl9CjlwZaM2T7jE2QZHZpMnAkKsQ9mLpMz7BMwcTX3CayxJsNu47ZV6ETDJCbhtCdaY2CTyEvbZg7F6xHoSH0z6Z9UWogvjLVsFH/gliojQD0hU7Y7M7ZiYOwxXLkvUE6QSfQRCHeMJFwaGzZFghfPJkiibIpqE4FxklHtg5RIVt1sT9oyeRsmKFloZBXMDZUQS9jSGmBeomYY+hjLKLLN04CawBLphklTLez/AEJ/+CEOGNijX/uP7He/4Few6k/94G1R0SS0ok9L/RF/+RBGL6CXCJxeDZR+NFw0NQQyRmNJj4V9tEtDlwHKYrKVHRi2XA+MMAjQyQqSK0KCmVBCMUMQ2UOE0Q1iaJrMzpBtnszNM2GIhpbeRN7GW2R2eFkeQkNpMHqlt0Y4EoExZX8NbP6ZZk/pcpuKreE90IIg0QOOEELSCgjpkyLggZRPh+RcFwhIyQguJ5QXLVEGscHRkC1mgrL0N0EhgqzsYCrZcBpvNiwM7DceElQ+gz4Gbn2Z4ysDWBD2JWyXoJPA5qEt54nxRhui+yQq0S5jGPmWv9GVDf0KQab/AECVoRBpriL2QQJGi8QSIQZSg1w+MCQl4Llifivivocpdsa8oYhIWgwiyIJBXQUyMkJL+j5YFohS4Q6aUGi0PLMWYaJkW+GiIJ+4e28mgz6ehkTBRzRk8lpZkV2lEK7DV0/ziRbhGnp/owISQ1wmMZGKjpnjZCTwpR8qENMXiheD4fCXkmNxE2CRjRCYPaYaG7FLg9bCQjNlFUiQj0GdiZhYYIS5xpsTgEoyC0kMHEMzxwf4P2YKMgtDhvThYRV1wXHFREHkbcJCXE5o3xBiJ46KYvFKf0wJlExsU4pSl4fFLxSjeBFqMA4Um6EOJCGiLtGho95Vi8RH2ZoGEQlKXCBiyMQxbHDuxcFqNkSoag9a6P3I54nwYmZAfpj6jErHGhn2amXE8iYJGIWQyjIicTzviYzRdDH24UuRrwxfBOUy+CMQsZYvQ5Fmj4myQ9BGdNwyjlVMpCArbGiuBMAWjYscFNzBIZNwb4ZTE4BFYgJbKqBd6Ptwx4oklPsVGkmElihk6URRBh3g5ci4TKi8XkpSlYmNvwbGgmiWhCGRIxRvgpRcLll4viiDEOTJfmxK1svsZ0zakdiRDETGRi1houEqZcQkoPSBOoWTSN6Me5MvAqO4WncG6ZGJrBRsho0y0W7ZYtQkbhiP/MPjEfAoGxTlfohmvIhrhF4aGNDgSTQ8vA/NKioouC8m+TLgyFVN9CHJNBjGapQaHvAfVoPZGXQ+gihmAcq0mahz4bGOIgkJniIpZYwrOgLEEmOFoww9RuHjC68WcbGyNx6LkonxSlfLD3wlw+GV0ozASfiaPghgNUnDcNeC5YD1cOjYT7JFvbbFDJgjwSQ3BCirRFGBZ4NhDnREORU0Bqa9GiGBeDCG1qHSZXEI3EjFYQ8YvOUuwxGzYhsWeQFoaAmxPA8BxDYTfocW3wnhRPkxMRCDSHypSdQ1R+FHww2Iog4Rw+XsT8GnDJabcGuTALQ6qJ6VZEwdKWRqR8CyHuYro2DI/alv3GzMKEDZNBN4K6RgZgzKYqpMxfY55JbF1NnaGJRBMmsZMaKQkwCeCXiiEBJIJp6uNhi4fglXC4oxRkMfYwQxcoh8Pi+RMuOb5aENybAw7ombyzJdkV8TO12hHYeakK8yFzE4feMxWhlQvQfw2nXJa0PEnkdEYTEvxiMzAKSoi9DexTEXKMNGRQKlwKJOC0MHYzJPY4kNniwCtEYKMTKUTHvjs0VDaMMcJwwtEg3kpUQY3wPXjbKUvEE4QjFm9CHMoJNjmzJS+8WAf0wQz2MzoZxUdhabHthizlcEMteF2w6XLEGIaHXKMJofvC1SHCDO4Geyot6cFZSkgiPhoTIciTWYBoUamLFpihZCyELRUiSDfCEQSJl4wODgxGgzvG2NPhWjpiKIaGjLzfMFgzfCg/6gyujLJaYwmg3Qi2Qv8RtnDBF5IsvWShaRJp8bx8D0JGhZWRsEKdGQdTM2piwsjAstcFF4nL4ZsItGPVIgoINk1M0MHgwcazG4LIkMQTE/IQwELkRBZNNTQYY1GNBccNxJip8LwnNOMbFns2mhAqilmSrAMUOGZEJgarElReBMMhuP/9oADAMBAAIAAwAAABDO7UMS029uqevu5OJOwTX1/ESkg0P1TfDQf79eP/FhHf7M5krEeaGEu87bIaY5bNNfXHuQGgyBV02zcadOf0dmoIjuKnwc0KiDAjHPKaKYEQjyoGtbskZ37lIC2e8ke9kW/HT+vdlzxeviPO7YaKJNpLWnBtPH1WCs/Uetqe9UktNUE1MIJfM7DLCFICg9v9uYpMLf9PnQ4XPa5X15sSoNsutdv1s4rFf9nlutMD68AvZOjXG9sfaCoCvdnV1/FUiW2/c7uMfklKAtdJd9uLOKRcAEHCxlgTpWjmMg4Pd/cHt1W8Hfn1tvGtMjPcUgVtPpKyN8c9t91Ut8ZWUeW6m2hSeqM0+JxfNcfOWxi6ffv/FEOazoJl8OnmL+UoFhiRoI3+fJHu89dawOQstHUSxjitt9FdUXTS32qTU++poSTK2JW1l2/Ko0J4M2vrBTddXanexA8cdUeVURLRUgbrFpScxAJKiEU9Sub5KDE2WiHN9+5YfO0nfdMEdlF/5laDTpM4ZzjpLSfoCUEJI1obl4cXKln0KRUTv/ALTr/Lz5fH/PKqMQTs67OWstyHEK/wAxv55T7P2rWuD+R06lR5/e37mkKY1nbUoKhkNbdqsDvh44cRA9S+FWIGo2HiUV0UT+2b63y8VN9qoHYRQqLaSMwcNbsdAdT158AqELQ8kz4V+cax+ScWS35vcUuILfhWjUYhw4T3AkkjzQ/Z10rrrH7Ty2f37077Xbc72ouMCnW8UboCPREGU0fGx9rwdwRU1VZF4ybGPeVT9U+E98eMdnJu9/EcFpgAUXfAWARaD+Z2RlXtSdVc81e2SAWi25y5IZy2ez12S6n9tnn/kYUflJ8PsiZ2HhSqCBoaUVrT4e+4578PWTnW37+TH33C+bSnAax0/Yy9+K+9FXaiAAmxvRW1x678lYMkoQw/YLPHawMs/57edP/VjymQGh6n8rLvf3e/7h9006ltQBPdT/AJig7n0HE/NsPdVt9YY206gVnm/9ZyHA7eZ8fN/kbNPFgTAkK+5Gi+bSJboAQaJOaLpFX7J688sXHZ5WvNQw7gb1Gbs/h+cIzYVrt5BnxH6Dk0UxWDuCaBWH23Fn239cxib5403bUNnsw0/nGtjEdJ6McNTgvwy3/Ef31nlxZENaOW8GUJCKALtHqpHT23631yKPi0u+NMZVI9XhdVctEs5CFMykZM9xXDdPAzX24F6a78B/km930q4XKTnjRT79P8OfhEa9xdMBRhxSPmcq2OyiULZVxhMG4OC0YOViMotKFcv/ANKtkBvOYpA/wWIPxWQfF1EHbu2+3ggFBsLguXeGIquqeFTNldgX452vB/CmgeVCn/hDsqwSRZn3cV9x5MlBqdkM8gf3xJiEcVt6qvfT+gkCHB+TzS1fZEk3B9jldNN/lVjDJDBnq/1+YYpvLmgn68tqQwe5r1r1Pqmo6Z2GWAtjQnBt5VhdufFG4zMsiOoZrVA819Uwitf1n5rL9QJ8nabgIuYoNFuwGG3JpDOAb8ruva5K/O9mYkiYq87dFFhv45IgFME8dnwCvNhufbd/No0guJkfaZpWN8Euc/edqxgMocNhF1MZ6EJ7lWC6W4pRxRXElsIbXUJAVfEQzOpGaCS21Dv51CkeP3zmdvzTPzF2p1YBIgFdvpomXLN2kUWq9ga6Sa/HTxQEx+rfEQ8Ajfrz9jtoznGESEcHY6lVI62so6agq0qqaohBdpAJKKCnJlbPAnLtXt18py/hHhlofbQIrv00IAWf5NHuLqx/XO+Io+Vt55D3jh8Np7SQXljVazy+/CGX79k62ss1L+KFhLmKfwZyKqNXRgcKnUrspVZlDhRmlxfila/+SIe0Ps/h/Lro/wC/EbvDcKg4Zywk5JGl+TV1zrh8CXfNTS0tokOusRvqtDDz1x7+6JMI6O9fj4ysUWa2hqW7ibIvCyRFGpuN9pjjtl2yrulK511VUb/O5hirp03FL/mjCceb6IIWELUR3eH7aFFauEo9fb9AS3zcWBW/KwwETF+squN5dDgFa4UcDQO4bm6wTqlZ8tETZa/FZ3SSYeEqsUMhAHwhtB9mt0HfMaTfG7RaSFPZ/YnBG4T4oku35VUnVIO4is6jkJK0ehEJVJQd/WKcGAja9CY6bebhVimrBy2BUR0guxSAJKDO957hHME6DYl5YJPPfQ5DvbCp/I51y/Sx5GRzRGFvCOkpMBd3r2hk0VZLs+ny2hZQKJbQVRwRabubwVcaMmY6rb5Rrm99GYQc/q4ZOK/npXdfHUaNPTaR9XYeD2V5fyogQOLSUanmbzVEs24bJ333wg/YYg43fAPY3ffQP334XoXPQvHYP3QX4P4fXPPQwnn/AP/EAB0RAAMBAQEBAQEBAAAAAAAAAAABERAgMDEhQUD/2gAIAQMBAT8QQxeaGLpix9rweTViGJelFsJj8YTH4N6sXssovKE/yXUMnE259PhXty+17usWoYuXwh8p4sWP/Iii5mNjLtLR61xRPyvF8Zw+lrFiXcLj8L3R6uEMvikTxYv9CH4InqvecwS1+C1j18LzQ/BZCei4eLlY+nlL4oYj8FCl8UQWQhOVlxLZ6rENCRCeKKUpS9tlF2iedWo+jXD5pdRS8UaELH7ohNYmhk8rk6Q8WX3XLFyh8rF2uZ6TViyYhj5usTGLGTwQ3k193UMRPV+yHr5XaxPqZFxBD4o2XwvjR+Ey8tcsWzqlz+CITWIfC8UMXLxDydQfgun6rFr4RMuIfD4hNWvudo/vV4WQghky9fzt+DQl5wnbRCEL22Lp+Kfki9Q+bRPFy8SJ6Lbs5RMpcouWhLt8fna4S5SH86vDJ2unq9KXUQff3yWraXhDZb5TKfRIbGLpIfD5WrYTliL3OVr+C6pfCE183i8SCGTtIePhcryfs3xCE1C5hNvd6ZB/OHykLJ1+8Uv+Fa2PYJE6WImPil/xTid3xnhBDQ1w/nkmXaXudUpSl7omN4xDyEJ4MoikxDYubC9JDP5jxH5iYxDQkT1SPwpcSGhei4eQhNQ2I+kJ5sR+YkNMSGsfrfNDfrCH8ExlaE2fuTleF249W31mUQ2Mm3J5Ut4XE1ISJ2hkEXVqeXbk4nEyl2EEPhPh7OIXHx8L3BEH4pYmf0bFtLjxrE+KQQxDF4Up8KUosutiZT6JDWJjL3OVwmMXFLxer0hZ9HjIIj6Yh8vVj8L3cerKNlKN0Tx/6p6ITJxPwnpCathOni8VwhvWy+ay6vJi8VkJsJ+CGIYnwif4UNiJs5SJiGKDS1Dxi2CPo/8AH+9wWfSDIt/gh4xD5P6Lv+CHwx9fwXDEPT1Z/8QAHREAAwEBAQADAQAAAAAAAAAAAAERECAwITFAQf/aAAgBAgEBPxC/ifpRi7QxCHy8fpCMbH1k7o9XCLio8Qy4vaCEJwNdzXzBIaFkykF4XiYkQRBD1ohCDfU2CJlEthNf3yh9JaufgZCEIQYuryu189whMJC1eNxoaF0kTEQm3hLGPiCRCE7fCxiyDUybMXbFt8F73hn2NQT5XD7axEyal22Nl7Q1jEMg8Xq9eMQli6Y8TLytePHi8l0xDFxOXqEPhDExiHqxeK6+T5GLpriERRPC1D4cPgWT8FKMRcQ8fYiGsTxctC/NNWvIIpdfi9RCdvxZSkFzOJwsvTRCC2eqHlLi8GLWxPweX8DxjfC1Dy8tjExPWuaTKXFqy+D4QvBb9jJi1fneXaLKN62LGIeQpMvSY+IT0hOF0xYxYuYuP6N4hi9Gh0XKWIZRYxrGxPFy2LWLlvV+J4mXGQbRconrZ98MQvsmPaLwYuEPEUeJlyDRBERDz7QsWsWLFs9mIe0Q9QhvHkgywQkNCFiGLm+iEvkZdq1i1DPjaU+xbR6xZMpOV4fI2feSkXBankIPo8ZcYurBfPC6hBoS2l6/osY1iQlr2ZBLp/IuEPHxT6LcSGterFxCF1ohMRZ2/gXyP4LRfPixdMYlk7XUxi4eMQ/OYhl26kQnUnEPrbcRceUkyfghBInN82T3nKx6tu0vo8pX0sfCy9vUhrJrEP0fo2Ioh/ghPCDRMerbiZRbOkP1pfC8taspRMhP1wnMxiGQguEP895oh8XUPLq1i9UPwm3hi8kiE1i9GIfVy9vxZRPU/J8tfhnC5aEuJ5Pl9XJzeb1CEFxSl2cTzfc/Eh5Bed6mfWp93mdru9XtcPV4JbBoSIQmwnc6nUEPVwkTYQnd6fHwQfDYmXwWMWwReKUv4Vr80Qngi+q15dRS8vtFKMWsXmuaXiExD4fLFlyeDEvFEIQhCYy8wmI++FvwTzTL4LaUu/YkXKUpeH9H9jF+FZ/PH+Yhix/fDxZ//8QAJhABAQEBAQACAwEBAQADAQEBAQARITFBURBhcYGRoSCxwdHh8P/aAAgBAQABPxCnyzkCXbsubIsjIJILOyTKWQ/AOT/V/n4CD8dv8jfr8ZslkBbZyF+uR2yywkRgLD8CSCcsYJDJjJ82nzPn6gPmQz2OM9s38f0s5nkLPZPuA38MFvGZxYgc3J1+Hpe+k+y7fMFpuJPuwnG45eRiSNy9sNEwUkGSDlhsYMA2FyzbLbbLB/GQXjDke2dj3c8kRxt2xgZ6+XT4jZ/sBnfw5Qc/VmeXVyT8B9wd5Z2f5Y/Uwc9kYLJhbJ0ksLKcgxnREQfM8+rdewH7kL1sAW6+fjA3FkSgzs6XHBZ8Fr1uXLH5LBLm8jTwjXzDPmxfm2tsON90GeQw6xpZ2EHEftBn4ZsdyA2dsEDZIJOQb+AXFlmRGbZnzDnxfMuOyb5CPbIHYOyI3W7fMGxiHN+IPpY+qZHGsJ4QaQd9s/cH7nnzB+44efgviZsh5NkLp/8AAwsJ55eyfEYmCDbNt2ePbPjZH3YPFvobD6wY+5O6F8/UcMHNg5BHvZ68v/becgeaZDrIOJMgvYryCBthYs/AaWcggmHspuRmXNmCyixYT+AF6Q9n/wD7LQ+7FOas/QfJlW4/E2WR8gS/39ibR6N5HgnrQh/Yp1GL0LO4/wDl84Zl8B0kNs/V/kc+PyHzHZ4vUknbmykMtnb4luN8eWb8Xl83rZ2IgmPo+bz5kBIgDqWD8QaYSYzq/N90n6y8QQn4/B6cLXcyzOkKnGU/Ng4OJYvIU9i+fxllkQ/J2zL5t55ZvbPwBTsYTkhch3Lo9I8+i9YxKldh81GWreG2qRfsh63RTEKHpPu/cv6tt94eQT9KRs4C+C+JHYtjKv03E5wg7+EgLD8Ny3fLvzMT7clNtJby9ssJtk38B2IOWSPfwPbhjH2OP6/CJ3dPLScnHxCSO2/GV3JRL8w/F/V7x0javPwG+zixiB2d+rGdIPq8/DzJ55DzsRry78wFgSvHC5mpAfWR+B+9cy6tTkFTB+llxPg7NmD+AyNJ0r8toZmzh7A+J34tU6w+0znPz9zcH9BFGg4j4g6dH3CP6sy/279X9TuR52f1byZ9mDbJ25JrHzdg32Qnb48u/E/i+mQ/ZLqXZ85H3kN+J/TJPyX+Qt8F+06e8s+Bnv2/uTCAkoeXU7OfUW7EGkc8k3fmJ7+Ty29Y4z1g5JdeRBtmS6xbeJWw/wAkCv8AyF+j62PgSLsO/VS5Lrum/Nj42xTNjflJ9wNteuSri0/gmXspCIHfRjDjXjKA+vSJ4b3XLPo/QIrhkMhPqXkeWJ/Vlxe3SP3M8g7AY2Qcmyz92P3dg+c/GNcvfk++SNr7lSY288nVlGmDPizu5I/V/EIkIHiTfY5IbHv+R5cESc/GX6v6sjWHbbN/Gz+DE63nl77AWWXhy/aR8iIEZ4iZs3ety6cZby4IeyciZGIBgdFh8GALFtRpYmMIByesJE0dSWIef+SB6YtQJD0rowRM+kxsRjSEej7Bnx/2BNKfrLY/D38Ht8/hIH5v/uxh+7lyfbD5tIe/q9uFaY5k69vHLrOSHywZ2dXyD6nD83MtLyF82CfxFk8f8vEnImG2ZZtifMce2lyzY5OJJHPZB8svPL+3Ifx57Df5E65bIGl8CxHj23vmEnYaRRx5a0DFk4GR9sHgupwQl9goNib9WBfEdmbVfMicHM+V2TS6gyMjFH5+bRRpkeMSEvRkNrHmanjbZPmOsOwF8z+NCHXy39XGwnl8xi3fibML0264n2XPbY5CJkx4vFmfH4f5JpJ6yGsOLDLX8GQ6/k5P0IP1Y+pZ5bHOL1sdiYTZyfqfI47DJ9i8uMg98uA/pOiYaCxufe4qD/pIDy0SSitfVZO287HuQZ/BVfGVe9y7PqxA/l3Xyzv1Nn4PBjp72TvYfN9/AsGxfORgX4nm/uRV7NkPJIn7hyaJ8kIMvxvL3B89khLn3rU/svfL929m7GZYTjZf2dT0ufMZMO3C9j3y95HWzGt10njsB5CLds5MQyAyZAR38gTMh0iG0HPxv7uvmGfuxhjYL+M/dkF3YJIzC68jPvtj8kkv0xChnVmX/m9gtMe1tx+sb1EiGbPQG/M7rif2PtASGADcTc/UgeIIku1/Vt3sry5b4fYAJ0xI1+NbJSmzAm53Ic+yw0+9mxZiZevJfDZD4bD7oyuiSHwv8vhHX5gPXen1AnZ9+yMM88v/AFPlsfg5Iy5HeSZ5MDIb5Cf5D+7Spt9sTlgfNut0+LN9s2A4zZG2IWbD4swv1CcuQ7Y3z8C/q/UkGzt/UcbNm8I/CmRl/uSGfIfdozwPXlgifrYKG/o2U5PPtLns/ZuOinFx/wD0l1eDj2Qqqn1bu7tru7s7GhJzC1zcLR5b3YJ3bZYhwAEfm2Q4STpFF34mdrGjkyB8yXeTyHZF7MznX+z+AWDnzE4LP3H1ZQbCZC97y8BzM2RPPJezkE8/G5M+Y85+E+/wTv4O+3Ni7yTsY9bCBst4Ts78ya6M78QNjtne2B5B8/jTYGeON+lx3cB+M1/A5etl42kdZxOQWYbGNlvfGQ7oeSAdefaXmJ8p2tfa7yri0YhymNeWqs8bwtc6GwMzOxz0ID5J9bYh29LE/sOTTnlit9PY/nbt5B3z/k3o/wBlh92xI6Xy0u/9l7IxjIP7IGhf02xU/oj1x9RmO/syRoi58tj4n7M5eRs72Xrvn1AEUaE9xwbYJxs722/s3j2TYPh+PfbhYJ32NPqOrYbIPLV3ZgI9k7Z+2c87GHLzy3+xuRjxkLdsMgG5kFvwlsDiyONj8H4HPwPbeWbI57FgmcEF46eSshPRes+/Cx8Y8o+BjZl+inqS5zYyN2Q+IEf1GVv4lnEnV5mU/WXtr42Dp2NO52fFlfiIgL/SAlfxNhrPuH7tyl6/rlztZ8ucmXUwPiz2fJex39pC0P2ywP0A2ZM9tsmkels8gvr+AP8AU42/DjOzq52AHVN58Sa+9+5MjywzsH0sLAs+bEgvkHI2Pfw8M8W4kl0g2YMvUex7Jvk8R52+Y8n2yV+ARccj8av8jsHxZsFxaXPu5f8AkDh6XbFMMEXVO8yGjG4BkUbnGeWpgj6iX40LrrOQ7mxbjtkrfDnkR0Mnfb6rPv6vJ7di/wDLUM6aZeYf5goCn6sNkf5aDgf5Og4gNHj4Li657ka9d+5Hm+Tunkq0H+knS/rZ9Hn6jA/c6eFwdGOnYO8YMz+xm0B+7AX7qwQwm8t55F/k89iA/l8+w/H4Zy/y8uz1bQR+4Ebn4H9SbDnk9Qx9/Cc5+JgwPibskS7xkQMtjsZfMP1H4Ng2Yzu8NlX8FozejY8GgZlskig/qMvy6GTersvzbOdeCGgke8JiNn5O3WnzLP7aPbM5ZTXfJSEn8gRRiIJThGgTQobz2xA7I2nIkDh5ZPLfDJQ9lsI8gjkb05KfMjOGXpanzkvhKT8MnB5LmPsfkvExYm4edPhsks5C4I/SVzhdPi7vl48kh+I63XJwyGQdwgvI+Umwz2cyD9/ghsbB7+E/GRNxPIfv8cSD8HGyd20+wt9k5fohVOGxBaBAP7N9gbaYkn1k5ZOBB3nl32yxukwuqfUNQslPo2CdZFuZYXIgeyc4R9EEEAEZB5YfiGci5GD+sH72GAtz9FzWPCcyB5ySG39ytJkIAwQHJhTzX5jMZr6nPgSTggHlw8nfiKPPurLcmfiXFsb5PRsn+79WZ+Hcg5N2NX8aWdvVvNhL24Q47Pbc9jY5qQ/28+J44TvsGQbrdy/c27P9h32D4WfdhthkGMwXzF83x7Y/drD+ot5GZIEddL+227p5eY9lOnmXDl8yyu2uTDsfMmpAH2TvjOnjag9ZB3mxanQ+oAgl9GSH248jnzDp7GR8lh9QWpl6XsCjCEHH4S7BasXJkYT5u4voySyoWMP7cfRJ+rCcsfYVTPSXauKtiHuIU63j+UP3KR24TbERk3S0kesGWGXjkG+3SGZeeXry1+Et/UPs/V82GwtjIwGXLDdufj58jv4JBMtsvr2SI6HxBS5df+w7rw/t0SAQMcPt10uNfMqnsCfM7k+xni2n12O8bTpCDysHZ5svhPzkci68Z8gJ5ZfmT6ZZJmZ8W9Z7d2OSQLU4J4Rf6fqOdI/c/wB/7C1eweHJfJtzyXfxrI0cez/SzxfD5gRkDxuwawYyXxf2CzvtnfYEDOWx9hdt3y/a+eF/kuchN7Y7yOF3fw7AlkAiR32yrSHEEllmM/y8/CxJ27JZ7dTkIbIXTJ6ryi2+eQpufB+59BmsIs9S5LyfLxIJfrgNZcIXxHNgRwTPZA6FhtiezDzyNX9XXzeocg/NwcZmmNrYImoR9soN/d0dot2OYORacT+WFunxjKfjYL22K9ghaxmSTR9LD75LzkLL9fjIGzvZ6gm6jhHPwe+TsD+HL15Zhs3x+F7lj+ENvxBeXIgmWmTbb29ZE8s+4svOQR2DOm/qIkDr2ON0wtIjBHL0n4m8/HLP4Ntm2l87bDligtQOQHgwACXNsFMmGvIuLsvEPm0I5IJ3Ibt6qWkFyd44/Vu5z+JD6H6l5P7wWg/WCKt2euT2JN0t/F8vuSmYtBigAWGEY6sDy+OTofhgvm5aXZPYHbNfZ34Y2V2X8FabCfgNntg9sfE63EBl5dO+F/khCzJviHPS9sh5ZthMZaW4HW5GOESoeA2bVsJaPsY5ljXYMt/JrEOC0WIIA+7sHxNgYwfEbZC6Ed0cthMuS/VwyOR05D7vnjLHs10bwA+p2Bf5PnO78yg50lEQf5LwM/t1x+L45GnzD3thdJm8HEhPuIRjOtvrQ0sH9XA326PI87LETm2FgQfuPsHeyM9ljby1+b5nCekOwuz+GS7Hkm8kZceP4aTnfL2dFo/GQ2xb22HfnLHH35Z1M7k3f8MHAX6fVt8HweMwhj04WwHfk+SQOPtkQwd2yOsN4fMxb8wmC+ce3nFnQl4E2mPJgGMLIyPuz93DxtZxjX1/As5PnZcJNKf1yU/sstUEQxtRIUwnpx5JvI35/DOcj9+/gF3eE9xitGAy082aPWfIy+IIPyHJ7eEvb5t5GMieX7TE5K7n4BsheXBYO3kmyJDjYW6f8ly2Jt/GTyG5NpcO/Fjs6k3Jl0YcGKkpeDmyYFSPcY9uGxOHpzf3c3jKQ0j2zx82xZCIhzbN5EOOQP6YfJyUnynBmYg9HkQ+wjeuh/t1gyzccWHsN/ZATQ/2R4FsactHxyYCQCzme5Nih8ifuwnl0Rxg19hfxzIuZ1/V5B7JOmXer7CteNA9tFeOl4mN3+8chz8e/j2bOwGdlqnhdTyx8z+p4GeSs+x2ztwet75Z93Piz8FT8DidVFlm2ZGbJK2ZmWQgib9RlR44xEyivHkkUExDuiJ3/bDDrrC8010/v412WEoRtjvlsuWy83/cLFkqBki66WM3HvlvCOeSJWZIQzQDCZuv1bhvfDtsz/q8lrx8gL/xgAWkA8tnnTYxx2fAB3k4HiBztgxqHBtnINmfUqWR4CxxLp40hi4GJoyg+lEtZXEb3Px2WYjv4SfJZZPtzs8iJo4yQy4b45dJNkyMlNgGCDCSz9yfH2L6/GGENY4v5HDYdsPuck7G3c8t+yR+FsdXbsRnIeumq3iQCLLiVx/sebNnT6tPcWI+IU6v2/uFfZsgb7Ei44t73W5De4QiYD9yca6xIm9uvUYwHIPQLEjT52aHHz2WP/JjWZ/WW7j9rMe082GQX+SAaibzh+rVN3LMB/dl9xDwtqSn1YGCeEfuJ95IQ1zGB0xrB5z4m8w3ElIcWbNjNr+0nfzF82ealT/Jku6oDF8/BP4O/hkkikLy3PI1+YIbueX9GTsaLyUeXvYDLqQH2P7K51upxvrkJOt+pYbbse9g+pGNu/dn23EsQeZAD7gkwsz5RhhX2nU1OHhAk6HO/ENLu+JZC8U2J1t1tLsQJ9kIQNCXPjPkGZA27/LuPkr4m/UzMVwWRYCtk8yH6sUcfqHIx/YExB/Z7hB9Xjv88kIOCEwdW7I9k7gXgbjT0EnC/qszh4wCM0tpxycojCujEyz4f8syDf5fBF8LgqiB/l9fH2BRBhbeXI5+HWS+Ie2QLUaWydE6scOyc5Z+CdkGAG3Et5y+Dbex7/kDnkkfu6eSmFbptzcvpJyTcwuXv/kxKVrtw3QeRPXrsQZ/9mYRBkRzNtBTRB9geHp83U7J38cMGOXhLYk8YQtlZZfXCHD6u4r8R9pv9t1rH4uh8QvBIn0ROo/l7+L/AHwsLlbhk+Qu7r/+TO68e8hXtfoNyBl8HZAff7ae+Rxj3YO7KN1SwtNiHHIcTfiyjoE5YWkDl8mKSdcewRD8Yx8zpCUD35tch1cJRqHhZN49k/Dxb+HdjY2WOTY5sneQr+D92Tv6t+7vwcsd7Ywff4A3xkfqdg4bcsa/lrB/GqyXls+z+F8nzMzmG7FrCmH/AGEcBLAzxuzBnHY8vd6Pu4+j/VADdThIHjYYBDMeLC63ZTlp1bcXy5wvl7GuvboEV+L1wZXp/cnWlsTgZc06ig8tvPl8IujbNA7A4mW5epFOxu85C/6hdm8LJ5aQBP1sKJrk7jV9/wAsmSEOmnkCcnwfiVvD6p1imSftjqaBIRxKLxETLvStr6U2fI9tWQx3v5Qzs+v/AMSc+Y/a/lveyix7YMs+Sw8z8Ovm36v/ACW8QbIfEZMfxl1Ownz7KbfeWucwbYV02+Sl795AYgHxLVuxHAj5AfCEMYg3luM2B2zcYgTJLh5Pr1j7nLAtR23CuR0GRekcZ4H1KkGn6nwu/OSKfUSAdkzEWqphyMJYbBFdjmBmWx4T3yH3AZyGRZuSP+x5TeTMB8rRYx3JzHH6kcbv6mZAfGWhYQxdtB6/GwX7iNbC3BLhPpYYH1b+r45Zvv5F/Dp/Lo5N1A+SGVz/AODOwG+/j1Mv1ZpZ+5Ijy0Cz5lWccvE2p9hIu9yB82G/jmDctQAbGZ6kb+pzMPLmuEhj1wtYeClhM5IQW5+YSV3loYWx2SThH+lyHl9/MQzzIxBzIbQxsZOPZfLOYH3ARP8ACeyuPuWrdHPEnxs3EsAjsNyDI8h2XGQObyJwNXb4yLKTuic939Qnxni63IUeg9vP4/MQB5cgGMijw3Dvpa+4c6/hj2+Yey3jloru+QdhZl8H4fZw+JD25e/g4eQmWcs5L4htX/g/D6n8h9xmz7yx+IdceW4R3tl185DhLvkHmyjAqFmWRf8A3YgW04Cl5EMKyPSRv5uOxfCeHl9gLQx3fjJ5Fx/cB+kNetl8NSGfpGnkS47kUr/iGtEBLsRciLjCS3LYOyW6fYs9uZ7aJANnhdl9l4pL2VQhOWBvRgRz+ieSn/5pbaA+DySgb5LGSnl7A1+rpMWyB07v/ljPLeeQ6z+1mWu3zsdhl3HS9t5+4fuZd8nCdvffwSOefh8j2Qy7shlmJLeufV47KSRfEfuBeuRjy8dmEjlsmt4gN5Bkwa+2BB840Ovvlt3EBskSZ3DPiduLI07EjtjlL9yvytcf6/Ue4r2JNcmd8WU3xah9T75fGIunT3L9nrLXET9TIf8AmxnnH6uIMPO22d/McyS+SMngW3XkI679QBcTGWD3kjJo6b82Cid+bQ+Q/kCbA7jEAc4R8Pts/X4hzvOQsMuGOzBrfORgXVGuWPzeMsfhxO0fwCOy7+VJT4np+A3EuWzkpNuE7H7ufjYBkb+ELJG6HWwYX9mza/8AFG7qfHd/hcojTMf5MYHdmEGYPP5LrgwUekKvDI/C2+QvguJ3GDtxB0/Nv+Q2GOlyb9RgQBgYXROSah/y15ZFyLluZAGsSHe2j7G42ClueX23HZdZHwbyIXRrdTTmZbsCbloNiEZzJVFIr/ZkWLhrZo7jS69/lxd+oX6/DbBtnGPX5jVodgD4jPqNdC13vxKM7/kc9jGwJSMz9xJryRJdDYS9fyUsHLv1ZZEx7fMn7jPwLT4QiBl0ML+yPgv8uSB+rgg3PiU+o3l3kBnbwvR+Lsd2w9gac4MEOIRpY3O3As+W8mOsgLkKXL6/M3DbvxCZL9RNntqoyHjBjj2BoXL5vsFa7dvm00Nw6yD5tHd/EzG/zFhhMNb0ANgEzOZZRzfMe3SRchd25zXg8bqCgbFn3L9fj2fxqzkSe2FuSaeRu55Gj0lfdo87d+2B8yfiBfYJG/z8bDnX8WiXZH/CMSclL+NLTZRJYfw5PkbOxtr9SuPOXAQ6S8eVG2ZObDsAZpKmq/uDFnwPSGF78OYyRh+yHOnIFuSPFhOXKctGdfiwnOS9W/gHIH4n9Z76R/C3Rx1yWYIeFtDSO3+Wzo42AfEv3EYwWZQ4ewnetg6eQBWH1ucA4iYUv2sp7yPWfPbcljvk/u0gvi8SdRuxuR1viemQZ3Za8gkhly69bH3Y+7PwSyPfw/8AFZ5BfpEgpeOXTtw9uWWSXxH7tPi/t56z3g9hyEQbYL0OS0hsxXC9Rvy/4WQpzBfMhNlbgId+ROg7jcIbP5S7q04vGBw+LeamED5j4G3kN8ZOjs7+LfbNfu1QNzI5yTck/Ug3BaI+bq5cy+1kyOQUXbGqAPVjK8mHy05WV278zxyYD6n25B+CyUZDeW8tk5cr8CmQOXrtghp+oAcldjvthOQfRP8ALI8/BtB7OPk+X6hmOp+pF+bpKw+5m9LKZkm3on2GfxnLnyWr4nPqczhBoPiJ35nVtA9W3F4Zcrd4fiXlk4e3fSNfAyu4Pstli2l0ASuGYwHfcggZC+TryI92DmxpnzaXYDHTyDvkPokfEDLLnBBhDEuQIenLYvBy3KvhGdGdMHPJslm9i76CIOI7koeWD19/AyQQTHtmH4Fvi12DnbQtJCXmDGbJ21eSPxLseWC9kAyWtiXv8JQZz0nOfEn1ZvzLnvZds7rfO7Ls+3k/g7PLZ1tS+tskfQ9g2sS2Pz4Z7aPt4PzIIezXsX3vo6ToT0GQGel1g+Vn7gpDyyHSKN7liMm5uth5iybjZYwy26WBrMi1AZjyDkmw7sUeStuxwjtkjHJuH0t0ieR7vjYjQ/tyetsSNMxvmYeWGcL58s2y+L5mIO7aJkfveknNjzrc+ttPi0PLUH5/Cu8v/u3efhx5Gxj829l5EVW+h8R0HGl79J1k4fVuXzeuQzZ+N/CcifbLyXnfJBR8ZZA4B3/kBNoT4ux+IHj/ACBYcs/5BpEfu4hCB/q9hGsdBXY4+zOl762bZP2yOQ8tQc/dpgPnSxRP9qTiSPCP0Cfd6C21dv5aIzGNhLmcexHko5bRy0K0ELsfL4TVn8nmvz8xkO29PmDwQYW8viXkeT/Ycm6wh5Ysz2nxOiAL17OPzP0ZPts/d5cdv0WayS/Ua3bELW+YYufxPUMeBsCOweG3Uc+bOQH4O2NjbM3kWfgmdf1cTPdsrRw/9tNHhX/JywAY0c40jm5gtjmukGEfTCBHx/Yw9f8ALr2ExydGPJs3SVYJ+2cgHmPi3nh16ZED94EZanuMf2B8QNhvmJckLNszl5vhtMiWdsI08l521FBdjAfWwfitTBIcvImLHM+7XJfcm28v8gzyfbi9uQfVx1PJzD7lYUmQ17ceWQr5vJ73CB38ZjKXiy/LOLl83Q200P2LtEQMajcFlD+HkTZn38fH4b2bz8FkrM6f9veVCcLbmE5y36gOszh9Vx0YND8t5osxI3s2wsgJIZ4fSXZxhJjvNTZTAfk/UKEP7k4OfcZrDFr1Ae7FuMwG9vollP8A4DhMyTxaEZZxPVth2Vw/7Gdi7uIhukC6Y+oMufjewyWGQDHPJj3PUQ9TPwdJJeclBsvxI6+bW12PIRcI99l2zbDfY4rLoxOwX7CfgTl14TyIYk5DbPse2RZN89g24w8mD1YzV7kf+zc9Rnl8PxvxBOcM6w3e+/8A/CIrHwb4LfUeevnL0AJWO7smzg9lfq/rLtALHaIDa/tYytyH4cvOjkZZL9OfMN1xs/GGmT7Ln54S8iHyEPbtr5C98kCFd/kZYwa/7ZE5jhDoZy9bv4apfF8SKwJPeW7dHkez6GyKp2F67Zp7+Gg8tJqvhlSvn2HluwvzL+7T/ZXINsz8A7aVjY1GCQG7trvIOwfgBckLCPPybeXy/HxE+XzKEwwPxvbjAvTsgCt8XfQQU9zlyJDP1ifs9Ztvz8pMmYGYfH3J++RMF+sWUNfrG6/uxnd7E+4PrOy3+8m30sTx8QAH+XYd7fLdAQbL8Af7HZT9bCn02NjMJjyO9l7ZMjYEO2frIYfcnIQ+icPS9Ir3HOyEg+2Gcg5JfH4P3JAsdg/U4tZzI6cgCXPY/u/6l/U7+OJbkthAz9z7PJipRHqVIhnpMYFswIrZfDLJMA+o9jUmWqWOztj8fEeSWXjJXf7pNOkd8R4gHZEG7B9JUB3g8g8p3I3JD7MHRsP9lA6WZgQ5ydIAuvuMer1kerfJDRs3I2yxOyjh/jLqb/1MZpz9z7p4x+gSqT8tmAfjIEFPyRQOfNgI8yE38WFkoBdRHN5fXacG/EcPyhjk2+IeXxeH4yzsEOWv1d+YeyY3D4vYcZdfqXnJ77ZP4YZBYQctn4QZBtvzO2mwe5DNPoblWk26xaQC82AD5Ey18XXt5ar+APz8T5+Ht4d7HoIfuNWBjsCU79BsOGuPWpUYnXgWKb484sqNXdv45dfIPs2OHjqD2d8rEb/mx7kSDso+FSLEnfAP+2wWvvljfpDsW2n5Q7/BhbHhsoXGwZEYnxCvY1Dc1gnZM/8AtEtmuc/GEG/MITMfIHKB2fIdLYn2Js7HkJa+JrW23JVPYJ7ctA6XXkdsn3JMmOPZ+jHLdsySVOnxZMHLbmPjI8UH4CNN0tCMf1Z4gGxAHRtrV+Ib1jps7Bl8QXxfPLPv8JJ+Q9L5Zy+jI3c7YA+L+efgYwdOPE+7rCegPLZPg5BM7ICpMv1d+RsPPuMhrtHxFYg/UHABhJrO69IJ+DYuOMi9eWTNnWCObLmcbdUZ9THaeTVt3exjHhJhsC9n8Ntgib1y8Oz27O3x2El7y+bLJWVe2GnbFviFvIpG/F0jY97H6Yex28ZkmfMsIdIuaMxyZ7b/AHjbfq/5iT1nD6hqvPiWsdE4dP2lrjywj2yd2D8Z+f8AbLySC8ey/q3eJDhh2NLTmQ8yy47bz9w+XE7DtaqXAYK65MQuQORbcHB9ZbM9s5HJAH/tl10tKdnXLt26eXcZlgbsATOmQ/8Ay3TAe7Lrh87ZGP4EPIfBvGy1TEcfw2SPVln7nbHI9jdmEj8IGzh/br21dlzyElJN/Cc3bXq9Xnt8ey3xGjGng9tro+ctCumFHywMB8uej/U8+RztqQPIHdF+1OymyNlJxjDyNs/cGT+CRg+5ct18mEfnGx/Dmw5zlihXhZfj0bYBu3K3H7yUO8nAYhO6EIANMbbYaezbC+p+pFWNS+HZW8Mkeo8g/IbMAJQbNsPzL+fIhuTdLryOe/h1L+NRsQksvEx4gbZluky55ZtmT5YsGCW+Wd7PfLITZ+8vaZzls5KmJk5MEvJRIKYnL9zxDfDtxAbLsdCyLxgv4nyH9W6fjGeEdNui1G1Wb2ZlrBBs8gjqXlpPficTIWAwxIkANB8R53CydInQL5LP5NZ0x8zkqdMYtZKhplkjdR7GuhcIwVCFrwn2GvNlPeCw9jKGMJxuHEhTyVguj5M0W+R+7Hzc/C27el0h5bt3LxszxYPZfi8fkcy5fMHYdv5L9275G33cn1x8Mm6JvNlXcxdwmMM5ZWAOXJHivFtiENBxETeAn7tJR+M3yN3s9sZ2cHLn5Ak+rV/AifMtOty5APlotvX4yeDBTy1BLaRZp7CnzsvNkdHWKn1swM52JiF5oZl8BIkvysNbMNydwFc5FwJ+7MGP5ZaEJwWTdxhyTGXZY3jHhifzkE8l5+XxKn38CPG1YvUHjOMmTbPfwTJZhsgVNOEQf6ZS35I+vlpxkO5EFY+ra5E+5PdEs5xHkYT5vkJ98hvfj8EOPu2z2UMG/EmW/q0+23IxPIch/V/EH6vDha3z7LLpD3M58xIFR4dIVla8OZIO245FQky/UQdO2YN9s2jYjtrfeTNGDgGfuHIfwwEN1sZ4g5OTn3kJP5LfqF3pHpDskVaF/V1Ykfgss+5L9wH3fLGessG3ry7aI36hN+y1aLTBs8nye+XybbEnOJfl7GD6RTH5m1fVirztgkOPqwLIvQGU4IerDnC+k1mcM71mEvpkNy8hhv5RD2+JgjFux9WjzJgs7Zb2GG9vn8N5Gbr5eLj7/wC3Boe/q747BNIycrEAY16MBXRKN3CM88n2KRQNbK+q2zChVmMAMs5yCkKSiHn41NaP1J3by3S+Ih/Bdtl7kF4Y4p9h0nFvbhYWnY5+AaQY23llnWYjiGzEdmjvlnHbKe9uZfV9Y9m4gIAh8TZkA36YVT899kgAFrdun2GJUHJBfu5b+NfwCeH/AMCBPIWe2W5H9tyzO23Ty1zb120+Qc7LL6fbG2/Jsx/2HGI7EfSTXeSc6gOwUD4tT8IHi2Om3sAaMGoCL7F8J7Om2z2M5aPJ57fZAPCAkiujgw7zi5v3Zb2XL6ljPm+beT6l1uDlu/l2Fy6nmXs5jNb1mISI+T2bQWYRDs90iNEuMgfqqXHXz5suh24LZ2+eYuZEAGvwMSW77rFdWsNYBGYke+Wa+WTfH4vX8Ehf7GsocuyXPg/G6ZD4ky8cgPmesPJZnvJB25qRP3CROVzBmQ/t96zO8t3G6QuMuJschEmZDA7D5EuSAbto/MD2QuM5nssZeQ08hYBfi+meKx4D+qw6HH+SPxZdfj1+A5Pn401sG/i+fgXPLbLkZ+CwhgSvjl2SVujmS0QPb2yfSb19WTPMYBDPLB9Imln1IZQHf3LW/sPiU+QfEjj43Iw3YF7tvORvzezwlz8NsRjHD8E+p/GWg252azS2wf03d7OjuXtNZeMJXcGRuaayGyzxuZjIDpt9ZPw2sGzkbMzOSADBcg3L5Lswdut/Ruu6hGmDJndl7t+qVbA7cPjvsjSz4cGViRvwM6IrNfM3kb7FCDfBbdNMz9S5PY5D+Dj/AMtJPz+9+n4+Z/sZcyeieXQVC0tswm3OR8PIRJyHFieMY65l3BX70QpWpxs/4kX5rGc8gOU8xbB6dG9Xv46JMj8ZcyOp9/Gj87J23Cew/EO2aSMefHq+tMLp/wCyYH8GNWnXzsmhvsDZSHNEn1MOkuNvcfZnI7OAzyBdnas/mQPsKfFmQe3fY9ch4k9uIYuF+SC9ZPi4SHvRI8DHAx2cdXJsWAOaY2XSfjYgRHb1ZHL1jF3kP3bZ8/jcIfwC/sCA4gyPZM4TGTgbKR5az9RAzyMIWtOZJ4fU3PJGPZ52BCwPMInjc+iyaekpI12LamkuOKScsSkDkHLLkwzbl4x2+IMG8Qc2+bgamwwE1Vyxxjx+soSXfUDVa/hcrp/GdsgIF+kPYKFk95ZTr/yHyQz7dpLi3gQ0a+yThazsnbNt/wCQiyv/AMnG3ceW+ez8MGfauYsj4/cGqdztm4J4R3+oWaH1hNxO/cbvtnP/AIXQJbPsL97KzT2zObcHth8SMV4E62ZKjV2ADfYvN8lF+J5D5gBnrbLPq6T6vmfUHOWtOtqTe/MmJ9luAT4ZO46eTImJekDgLKf1en4PDt5vj/4H5HYc/LeM3yck+fI+db1kVd8VZHVo369nd5lvz5gzyIOFsd/Vke2svu2XTyVMQZxBx3shgdiEbd0yRBkeGHOR4jchJa6fF/1ebzWLrvUtOA5n2ImkeI3d/wDbMHw/7bPf8JLF5Dyn94adAT+Fb9HJTSsftnydoYhOgZN7t7YT1uhpbLhy28dsR3ISHkTun9WFNxuWRd7kVXeSyPeQ/wCUYLALKPJEkk+zTEhVds0d5fJyucfqzkXRcW/jPwONz8AkU/B7L66/qfgce7OT9lWR13w8/wCynTdkd8ufH54+fwHTyOmQZEhC4Nh/sG/uGqQMVf8AYYCCyloSY8st+V15f1LDtluT33l0PnLMU39Jh0/EIfYrxDz4ixvthbfIn5Qkj5l2kjztgjoc0vFiw0jj5t4h5dFj5tl+i6kLvZaLp9SKr2//AFIAjFByD9WbLltn0sodwnaoPONv/COyAGe3SnYkHo9tVXH1Z3ez0nGQNzR2JGtJhKWcgbmWW2/hIELffZSwE8fZkokfutUW5pKVZ11lVwd9tKb20+Jy+Y6ly2ly3I1YijvxGZJryG42H9lDXkf3C5GE6H1aYO3Iy8XhPfJM2BWyO303xGzMus5l1dP95C8xM36+ZgD48vh92Tqk7n2BeinbW/rLEKEg3/oYTjl9AYI0Rk/JDpP7gA2OJX4jwsq3FJYOp9vti/dMS8tl3yxVpn4Zo4z21NP1fNfiww8xl6fVnbr5sseb/wDAgfqPLCPE/wAYvp2CPWWD9R582f8Aw48j9ydvn8LhuH+yrrByVcv9y7A89bqbDra36/UzbH7vVvxAsGewnxDvkGmQ7GRhheKFnkPSTEA+LMMpiu2AE5s0XLmvulCdXTDOJchBDRgECGmsVgRPsJg/ugIXswCQTT2Z6gbGOEjOWJlGOyy7PvJqYf5F6Ri2jk2PEScQcOoVsZcsvN+IdPp7aWvxYLIkWIDy04PLRvu1rixRjGx7e8kyPiC8viT9fjfuQH7jXAFsN3yHv3D2CMSmCB+S/qXPi2P7ePZ5L8vk9NOxr2zTXhM3puvZLzlhJOofbbXyyEHXWHyvZ7JIRONhKn4wy/ufPOyx7eu3zBl2QvKhLPifbANoOhY2sl2GsCs5G8BsqGuXkyNsEa/cq4WZ5kJ05DRl0mVambZSt+WO7qzCxJJAELK7Cati42f7fIkdCiyZELY5AdAy8LRHMMcBbEI7+rJOfu4QD7hTfDy4Sivjd/8AoQdKZwxBhwjOjOGhv3KQqocEPswdkJjyMicR48jvzH7XB7YoHYb6L7B0Z6nk+CUVwXScxvfiED4uSbHH4YObv+WcXz/9TT40bW1v+35/9lG/vWXXTv8As99JEjIHk48n6W/S7Z9xH2DJsSYJFnwsQbAAvZJ08unTJ/lyFmtm62T6ykDZD9cvCUGMlWmbOmLljqkPfiDCt434lOfty5bvwJQDEfwcgIkSpm8+pAasBuifuskHe7BvNw82eNnPei4iwhpHd4hdwhEzIA+5cfjyLDZ9Il35gBNN3UOgeQkF7GhB8xJAoXDnb+TzMH5QJhGPshb/AKurTt3YMA4/y42t+Y8wQOu7YbmPOxJR3v4G79kZndkfJwA/bjM+IL8pC5vyuge/dvunsY8d+4v1YycE69v/AFazPvZSwyN5+QB2OkZ4bVjsOAZ4NjQO3Rk3XFjwI3CxwBX+2ATGLpTOG6Fi9gUJgclcXGm1D8W+XCITCWI6h8gLQOs97eYmN5rsmUN3UZnoQjwkSGThx/yDzQRcKjVwIg65/ZDpT+wccf7eAYuIBkTrGRl55J+QybVQK5e5kv53zZnRkce5HBWRtQI5jGAUk/M3JumpDks/DChR+TEjx+0G/GMNO28TR/BfUNuOiQ3cy2Y49lIeC5kYSH5tA+A+djQwcB+ZmI8Cha8WsBktLB+LR7BvsCoTDcL57XfJ36unpZ2DPCXfJNll70yxmWMiMBI2SIRPmF1ZjkHex1eBF6fLBqyBijCxeIsJ2ILMe5dhTIwMRPo4WE126tuzbHEHE6uckfJPaJB+HIYEaR9hBPygfKD6WjWxwXHNSmzcgTdsUeThvMrmbMbI6+H92iiv1b3ggbOFzAMFs/8AIdIWqZyA7UOxAsBljNnT7Z6uHGz54uR4uc+I80ljERpD5EEG31nJ/YOQagEdOHSTFT7d/wCQK3EfO+RkMXwcmh8mPlEfEfSb4uHfZQzO2h2w6ew3lk9kLi2L32O+eQt7B9Wr0tx8vr7G50tDpGHtk6th9xkB0XETEedtPosndP5ep3/lg5/E7ANT+7BB/cs9egg807z1aQPZvvqbikvRIwK0zxIZXr5jKacfW3/+0hzt3h7CN8LGIx0cP7JecSW+t/dlYcyL8kocxvkC6cS4kyTCB0TE4/7BGHCzCJB/EWd4fzduMNGZp/SFL2CxbaOY2Z0p83K5PkOjIb7AL7LEPH2+MfD8AI+/xDgMmV+oEfbrX1gXfHW8fB/kMYXgMGXWj+IB0/ttSCa8NjOh2d5M3nYXYLA7CFyCbN/DL7O2Px7M+kC8l9SQPPI7yQ3aOW2mdhrI5kCRQ6MvXt+9/t5URROrV4ZLhI0xtwCvkWUrrmf5dlVgzrCwc5m9llymRGgsQpeLMLqB9h0+oy+J+70CjsX2+M/EQd+LQHFkjH+wc4FGxlr4YuZpPRqCWLYUUj5h/WMv/wBojBB/NlDwJbF5Fae/F+ithRBet7wc9tuNQ/iJn0mlgkQxk5DvLPQ4R6P3ZhbDl5YQfVhxuwOBr+7YnQ7K8QYHslbF6psfAFkaeHwWqyb+ISrnxG+Yc+YkI/5B1C8oybKBunDbGaEx6j44F8IZdOuEt9beTZubsQdZVPU9hAUUV+kYnpLyk7NL1O3KE8QbyB4PYg2xNP8AtkBZ/Y+T/wC/in1kw/A7+oENkQ+UQDD+Rxgr4ztu0ywVZsoPgx3vZAwH+Rm0SQwGB4YA1Z6rkh9JejsN/S2b7FcbI0YfryDe9s/FjwLf7I/ZBbsEwuzo5SPYBOb0WbDj+7goMOpMfm3GeQfK3g3SfwRZGM9/B75CxNcv+xIYWGJEwsPvy1TMQcPiN9L8sqRqlgPD9QDN3WIF6TlAZJ5YR1AkkHS+9WF84wGxnIz2bCacniQJ5fiXUfI+lsL7Ma9uGdutfFrEsWx/hJ/qIjnGwMDfu14C3IB+LOEGG8DC6DkLqP8Aix8GWMNIhmK23qYm6JwJc+LqmCNR5z9TgBkM8H0zQPF0rH6lI3ZkByWLW9RuYLJotEhoeSczY+e7dLeSQGm0N6/Ul7Fld9b1bPca22Ju26wXMsBnnGwGmymxZyE1MYS27e/Uh5llohmNh8UgHJ9RZmeG2AO+kezqRHq2AEHy36Ia6WeBdDnxEesjGt7i78zJnsrtcu4YUvETj+31EY9Z9uEluuS81FtWPAvW9hvbPAvLqbZ4GDj1HhmSnskZ9RGQxAcJOYusKH4RAvwREKDIQbA7+5T4P7BuGMBa8gclxgbY4c/yQ9EmEyYMGQDTM+bcH+QnkXkA/u6HB8mHQ/DlnlmPK2YDYubHQq5LHvZE4qXyZqzTqZ8DYvEu+Qb5UCTT428DstakzOGwfGXCWcSeuG/d3eahzOWqNjyGOZyfoxgDh83XifGLVqrwNx5bzvzdn1+Aeey7sukuHzHvaAP9uWPrPSkbnk3vrDjF2I8vlfLkszfEm43Yj5WFu26jtQCQO4wgm7V3k4Ts5vSP5cN2RdSBd5DHoW7vkfnV6VCKmWaDJw7Fj6LlaYScf/LVn/3lYP8ArbC6QOoREzx8rKimkd8HPgmzozK15GxQ+/qdB+OrNN5XwhP3MeHfCH5L131LxWVBOSR9ZH1QDo7MeoB3pt3CWmrcVd+8WkMk/wAn7EYEDP5a7lnE/wDJM/8AzPtwknDX9QkMcnLjHk8k4EyPxctcOwrjnbPfEiJ5yc+5HxK0ttrPSEemJNsS8s1nAvIPfJFzhF9iwbLyZnYZ5CdexrrCyYNszjxvknJoGn4pkj2IjwlO0lMl/tu6JBPofqGIHWw7/wARTE3GzvlKBST5i2BjL9tjgwUBxobGpDFNiDJH0LV15jGGpGCZaOXW+riCU0FM7tPqBxX8aXcusHd1n8HLCaWwwd/ZMuRMMnmA/tyfBZQuPmL2MP3AOyXC0CLPqQDhrFw1tuPqAziU3MRP9jkpKTOROXEcYM7j1YXyWrHGMua3HByU87C9JOVkHx23CJyvNu68tz1ILuDGDAYuMp/Y1fVq4BOLZ3XYQpybHQsffP1EmltcuBDjWWzx+7oeiR9BAOdlkNG2A6BHOz+rDSUkK3UolFukq0O3EPN+Jnzz9zHIdoJ9QRxAfq7oG3rmSkEf22mJX7jGOsI+v+SPSYDd/pJI/wDYIa8iHlIqAB7IBb/kJTDkgOrP3bhF24IH9bPrAkjQ/wDuAtTt7oP5b4RbR0f8t8k2cB+28g1+o04n9ihoPt6m342XGdtdmWOg/Aa8y3CgvtGwGyrztg4gD92WUWVyxhnG3YHLFwSHAD+zhg2BvwRfLSwYCQPwhCGF3vc790injkBQP/JMF5kf6KkF4/kdqH6h4JvzDdWPljLd5bof1eZRftaZHrMnPJ7fUxZjs8hzWs6rhyx1efcHUsrKb27/ABvkAlGIPkGHtHwP+SWAECjnr+1gTNsHBESdO/yxAD/J2Tf5F5xv7tmhX9zLfH1fGeXIDbCh2Lv/AJWfOP3cLp8WLRz7ks1tjaGQhiF1AyXoytu5yAxOYxhZAdZxRl80YRwOF4XLZurlIIxiR2f7HxXGCCWXqyyenJAa8h4nL2wwu/jmprBheAxXvLia1GNOwPvLFgzmOwwiDrt8htqtk73ZGRFz8GBLIwG3u+rWbcgT7LxUHyYg+IIbLzvftjRbn7s68QbFAGYGO8gg2Lr+Vu2kyzJPHzOLzg4f8tgNfqeQIQPb2ES7MONmC85bH4PmxD/uBwgQvGxTVjDmVmYeP/FrSxauP7sF3Gl2hk6ef26w/wAkOCEwHNNT/Z37bGvL2bxsQgvrbUR2K+jcEZDb8/V4eR75McT/AHZNHI8V22fdabySbTYs8QD8f5JwYvzy8frD4wQDS2G4dt8zjbGY2cfG4A2czB7HJztiOhCeyzEHDTf7cc0IHtP+2qvM1OE/tj4m3ZMGIXcz+zvD+bDO8QaKMs26zrr6Se7mfFnfL7kOxX6QVsNa9+rIeKcs/esHE79So/SagmyDJ/k2NwmhwEkwx+0mghv7iywzWLsvqFG2t3peDckPPJAngsE2NgXqRDq+LYnBtSHb1HC5jFs8zk4o6SURhdB3cQBgNTfSSp0j9t7jlhPU4vqaBLQGCoknTW50dTyZqWP0YA8iHDKtiz/yL5oQeJ9JAdmw2+Za1YwdIs5RJlk7fU5Io1GmdHYvxkNRdQYs6cnhyCDqnZSkTHjcEuDr2A31m9X+R2qySBOEfKYg67aQhZV9in/3yeqy8dOSQ1t1rkciJdWafS2w7O9Mjjn+pYPtmuBaUBlFOJaR0XDWv1YuGMT6gSKqw17yGn5vsYn2Cngsp/smNng5toXtz83gW8lLAm5CB6/VovY8bccmwYCTNLD8SMHCVvqF1gperHBFtbsspHJGtAgd6IsNIXIn+Stfb6ncTn4w6prOODf2Wkg3fghz5JTxyz1fwIyNBsRpGEBN9P8ATO9mQzpP7AhGWzheCRmO6h8nZhKR6/jQjLz+QcJyP5khDSkYhEkCEsXJbEpNsQyC0YxHBsA49RZoJJ2O/EjnKMMJO6bjmo5rmDdQeX0Ik5M2xBCz77j9wD+SgECKA6y1hJ/LfGfu8sCQYl/lgDtk6JMPeRsC49icBrIHX3gSGuxubmEvtP7+ONBDrPmAS+rmoLywlN0tdP1MJqE3EsZ+4r6LYPUp+okjm3KtXzPR8PiAA9Tvf+IoNh4fUqvY2STMYEfyDQcsuDyQEYfD7sx/icdDZ/gyU1cgM7S8vWf+wJSDsiPqS4DJVTercpOMmx82Vxj+o2i7TZ8mxhVIK97uzUzBpuDriNHDyx0ht9ovCSDGDrCFHjdAdyXY9lYZHKcsGdfu7HuQA2aRgb6uvjLIppLusDyKQvs39Wa3Iew9sWLzTyZZ5NMbLBS7nxZgCwDkOmhyI/yLnnlsHI6ojz7s2b2aNTYn6klBT1avMOdmLJmSD9XBZR2AmnFqNqh0Nspu4wrDjYyFfHLO+ZGkxOdurHT4sIcSP68+LrPZIddMxx5aosEudgj4fzdOof2Ch/kxtBDPvFBEzqRQQH1I3n+QukD4Olh5p39R4y6ia3BMEXvllW8szNtNahx7cGg/clnr9yc0z2GP7s6sQ2Q9sj1YJQSl0hTm2k9PuGBgbTCbAMn2RxjmP3eAO/F3Iz6vjEt0Z+7Gu8i+W3cPEMZkiGJCnL9JAHgSa2PBPIA0K3YcXBA0i72zB7cSjsaB8Wx4RXB/t1glhmEkGTdPd/UUUZKAYXlqIycgQy2hL8OyChz7bMvn4WuxkBBEwJ85ApdWzK0QMDr6vlBqRz4VvztpE1ZnlhEwrN6Tto7BRrSRSmt8T6j4MMjK2pBbi2wWFh0bM/p8whP9GKz3+rpKrbBUlCE+bWXLVn6IH8sS3ZvSnyMW+6tsF3QS4XloEhSez1k8zgyHIX7Nm58Qy/yERaIS7A4Q3C2fidg+uQNCAg2VdOQhpDF4YO4wEakvHsk2Ouj0hp6kFBmnsPrB7dkAzAIh3bPvxCpeJ182coDH4hJziQnZXwIkiX2MQ1X2AFBtpBmPls53y16YvGc5JvAsHGjnk0W18Rh19kyMTPqGI6PqGXN7H0fEwfpCCFPphB365sXwGpN5grAx2Z4TOoQoFB2dHPY1vjK1ONhTo7Ch6OEv8EGwCA9A2W/uQd8+XOT7S7MxOnX+Q6//AHkO8ZOcxk4d2fOsh5Cej5P+Ee/+iweifyROsa2dhmVfB2xHOSz3JtPWSRchtsp7cWIX7kw59g/7JiclP2JzlnUbatYDTmTAzM47faTVMbnp82+WRpAXXsWj1ZOdsodTvBmQN0ncFtfYC0hs6mp9PG3Eef2JhZZg28dz+w0o5f8AAkerPNkNmdH4svkPvxKbZz2viFuDD8Mem6tgp0skMhG5PbwHc9iHxf5dAfj4sDvkRbENYdwVG5HR3EiLGi7/ANvsTf1JzD4fUjUho9v3OAzozrbXFPAuyPX1BCA+2bBr/U6QpvjaP/BDi3jfI+x1JPFDQ5Fxcj4YyOphjhI4MtvXsQAwWrutmdUsHL6Cllu5z9xod84fqKQSMz1skSyOP8jPOWFM7ex2ahpJ/wD3ykVETWmsizAbHLutghyYyOs0HU+0kjcwAPf3kR3F/GH7CyATOaGyKFbGEwned5HwYw9OT8GXwBAVzkny0g9e3ynZPQLPij7Pbye81cnPDs+FufcQczs2bROkBga7hJbl562AX+JW1v2Lgh+gRFakIc7LyofcQ3y8J7zEoXPmSCfpdNGVC4u7D4Ng8cJsWd6Pxw9smfJAvyZbh9iHvlzP15MB04Q8wbP8XcOsrAhiGCnddthvHxIHcchXE1hqcadhZdLJ3mfFmgTmLgw2DMXpJ0Uk3WkYne6h1iAFsFzPqIaJyYPyBRfmIEY7wKNwIMfmFnrnb3rHkyTeFyBBZkbp3+yr/wBET1RNgaWsdlsbtQa57b6MkRxsvGbJ7FYx1lsHuz8HW0EQe7C+W4cfSJLG++lqH7tMR05ey8lDvJfH4WHTlk1UnBKLK4ebFBgQZ9Pmd0W3QSQoGyP4MnRcPjZaBwl6f8SaEfKKXofiYHOZEM5CgeooTpYg4eH/ACVbuttjDup9HwWB0kD1gSTwYPKGxG4ZYyTwVwhv0TNTctZyepyl7fwj3Fs2kYwjFrCYOIYkGtvTJbHo+JG+ksENvi+5q0ZBH1LGB9Wc8n9sG5f1svb27zjZzXlyDa2Oe5bhhZlvG/u4CgfHM7wf6su72K7TkBvUCMMP7A4EnHxD8ERRSd37tKMQ1ywM7BMLxGCdeJXwMGxOSaYcslFcSaWHUduJ0ST5UkjWE+ZvPFncgYr2XEO5OcTkrrX3bPMd3Z0vxkWd6F2DrpepgiRdJwfCsxoPPu2G78ckCWDpJqcz7kxHYKSA+Rkh7J2SV9y0G9LYoB/I6cun9u2aMMPtEge07N43z7mTNtD4vO7Jqbtrn8JQCaFp7J+BkqFJ3Q25LcsB+IFYOudbPzBNJ1zyKxo2A+EA66y2QH9mftJE2wtZjC8E4GluiORZ+EBmYGoiHoG08NsXfEDu07vi9cv6kOrn6smoP5DtfhhTvpF3UxcaIMqwzvttEHSoRbNQ4ivMrKeTh+rPhJ5xP3AidnDILqb9WvBsaD+B/knCv+RhQNkeFD0Hv2zK/llDSdgzfmYHAfU+fH9WKHHuRzvOTcL/AN3U4Z9MQMiMb2g/uDnViRDDLRCAvuNOHYxH6g79JeZuy14kblMXYJ42D95ODrBI91uELMuuBaIMLl0uT3s/uinYssidZB1/kbBk2vGM0/5AHnkDsMhTAtlOSxTn1L3OSUzBYbivzJU3Uzk45I+J9sHxH8ucov7kvRIBoUfqPIv3atSBOOSPsRxRlPxneuQR8X9tpxN4df5JfS3PYtmge+SZwz9E88a+ryGH9QADb9F7p/yciX8XiH/LgmsiNx/V41/5JYZ/pPTUD+QhV/kRwP5dQxmNTdXjZG5/t5+v9sfrZDdbIeE/cp10/kJ//CMc4fyC0X+WjQ/ZO4T+JnqE+Y0lH6C7KWaDDW8xfNvNNeEfJnEcO4blWsDmSAjSbAFycG+QxfsUTn6yXQSaJA5AFTt/HD9WH4v3ylam5BAfN5MGiIQ9JnDglFdhfRLhxzEr9nWByWhNNswJwHy2GGQGUU1jNflajvI9B5ZtPZLw/cMMN/sC1/vYUf8A0hOzY81mCX8iqDP5bPP8JZj+urYo/wB3uX/Lgi/24rmBZhslXJfiN6x/kron/YwGpMHefufFSwww/wCSgnOB9AyddAH+Qy+f8lmD5AGuWl9z/IRE4eOwvn8JBrYx+4LMk7IttCdaXbGBOn6WnIDnFfISbrsstMQ72zV8gAloMD9w0o3IpMFgakA11ej726NufHl09DPZ4s+PZ6HscA5cnUsyvYMXyYnHLpyW5fmVdAnzEoDts47dEZKmp5PdAuTz4A2yffu3ruPwQ88cZVPr82EBxI6cxG6U6EF+p+hz9WYuAfDL6+Pq8+T+y5gv5L9F9FtBf8tm8/tbA+v2LD/jIZgfzLsd/BOdv7PYwsH2NkI3+XKOfQSPB/l9Y/5IftB8OQD1Z4YuweeWncGIHlweWHpGHycE38ITfLxLhlro/g65L+r+YP1JsYOz+rY1+IGTnskbzZEQhH8Bvj3ZwHRAwGad1+JM6+8gmZYXRi7GMiBIGREkwzftg/c2LX3llx/sAnp9kgL+psPi54yyJCM9tmsD5sx5K9bDh2DOduLR2GeT+RPYvbhDqM31dcip6YHE55u+z7vgQoQNcAt16f1ZQU+id1kyI79bGGJ8Gl3cj9wHF/oRxgP2IH/wo2c4/q+Dcg3ry2NdQ7uM/AX/ABnBH1vYSaySlt295rhJzuQAgJMeQbw/Ak5GS7+PZYWj2fwtuzJfwluQ7P5fLTn4CiIaGdcFhKc+rNv/AHHfaA4uWcPZ+WhcKGxzb4WwGNgwbAHxZGOy6diDpDnPLsTy0e749tnbrPu2QDixbjDgZ2+W2Eb0bIBsAD4bLB7aHLo+kmzrZ/2Fm8ITqPqZLtn3yFA8/Upw/wCR4wMJ7z6/HByPIQkbUcgwB5fqiG5B8uWTm7YVy5tuX6zqaeSn5gU9hwEIHzLsf2fYNsx8hdF5fEFxDyU9/A8iN+Zz6lTw5AlsN73GN4wDq4Xm96ld4QIPiLzxuT/Yv6gxBGLj8C5aJ+Et5jkIDn+zjZk59Wc1tSBgKETZ7Ojr2+dF4ibKHTLTxPnkeocvPNM8cHY3TxLZTqzHOQ3OJ9Z4/RLkx55DnFd+5sd2eLrYez8/bwElgMuX2WECEJReTgtI8tJxgnzB9hLu3Pi+b++WD5MSuM/FOHklZG+', DATE '1994-07-20', 'A Coruña', 'España', 'bio', false, 'ROLE_USER')
2017-12-20 20:14:30.909 [main] ERROR o.h.tool.hbm2ddl.SchemaExport -
				Duplicate entry '8' for key 'PRIMARY'
2017-12-20 20:14:30.911 [main] ERROR o.h.tool.hbm2ddl.SchemaExport -
				HHH000388: Unsuccessful: insert into account (id, email, password, username, name, surname, image, birthday, city, country, bio, privateAccount, role) values (9, 'ines@example.com', '$2a$10$Tt.xX1i5lzepgcLs1wNH/O3EqLA4Nxy8pPuhtB36Z2lEg2TeOOY7.', 'ines', 'Inés', 'Pérez', '/9j/4AAQSkZJRgABAQAAAQABAAD/2wBDAAYEBQYFBAYGBQYHBwYIChAKCgkJChQODwwQFxQYGBcUFhYaHSUfGhsjHBYWICwgIyYnKSopGR8tMC0oMCUoKSj/2wBDAQcHBwoIChMKChMoGhYaKCgoKCgoKCgoKCgoKCgoKCgoKCgoKCgoKCgoKCgoKCgoKCgoKCgoKCgoKCgoKCgoKCj/wgARCAMmAuADASIAAhEBAxEB/8QAHAAAAgMBAQEBAAAAAAAAAAAAAAECAwQFBgcI/8QAFgEBAQEAAAAAAAAAAAAAAAAAAAEC/9oADAMBAAIQAxAAAAH1TZhEkLGTEBkJsVMEABMIE2JjWMlIQwTGJpiGxMATBDVAwTYDTAHAMsTE00xBpiGgAEpIIziRU0kSaVDFSkkBiqu2tMVN1ZAnCoKxEFJ2RjJqiQJTigpMhJoBi9EYgDli5CJSITalTZYiSExwmAmNUNANiGCYhsAUkJTQlh4desPC3ntHwuoaRghuEwoAAAGmIkhKSBMBMIgyKmoRJWoYiGCjZWYIWRqCnGFGTqttCUikwEKSJuIBIipJekNSDTAZKmAMBDYgYhpBpwmNUMFIABAMsHHOuuryHmK9p5PhupwixiKs2862PT+g+aM+zafkn0nLpOMgBLJAgAMASYomqAEQEJpwAUJoJJhXZXWKMokU0JSVKM4iYJEkyuTATYk2sFNHSAkTUiLGoDhMABiGAmoBsTAQwAYhhHgnzXU9NyeW6IyVIZDLI0h2FWipkJWVEvS+a6cv0u/5fKPqx8o7B745vSBihgCTFTBBNAADTEDEDACnVbUYoyKgpxhKQKMkQjYWRJMiNqlIIDBKaN7CAYDTEDVSTkEwTEAOAaAGCaGV1Vpq835yzHyJRpgElZGojmtlQyVj1JzoQkXPSzJqqmbeZVEvszSOx9C+Syl+1P5N6SPalNwASgCCYIAAATQNMBSoqtqjGmaJBCUgiNkSSEpFRG7EpKIEkELEbxkJMBjABWBCGlBiRkmCaGUTJGXjF3F6vk7FwnGgaJBKrI21xC2uVVW0zJdHmTiqVeyt0cDJ0OZQTkVS0szK2sAa9X6T8i1yfYjkdeVDUA0AhRpohgAAN0qbqTGpIQykNIAhpiiYkSQCaIkha3JJuYQmOhMhpigECkqSkgTULmLmV2+T5zz1ehh5tGnMNGiVRHIhKUTTSEQQUnKyKzVenMlpiueWnpHKs9LwzA466qn2KDjwvzEooJII6H1P4564+hIeagYgAUgQMTUqTTDPozmVMqI0gpIBqgGoNIAQ4TREYqhOJvaaAyENgNKAQIYk0PDu8wUdHoeR1OFydGYi0EhMZOFXxhoKYuAOMgtt7kc/uei6p5jZ6KZ5KHrGvm+l05px/B/SfFHjpXZjbDLbVauRSSZAYpfQH1XufM/peYKSlEwBxGAEoypMQZ9FFZFIIsERJCGxKSBjojNERqENCUlW0ZkAwQ6ABjUIaUQ4r872PPnoPnnp/nmoVtU03EWipuveYzrcwihj6c/bxzPRS1y2XU3FjTIEiyMpsyeY9bxjwHF9jyjztl9JO6i+q69GYcAVDRZ67x3ck+i7/IeoW8DIBiTBSTppqii/OZgZBgJpoAxJgSHUVJQRlEAKUbIG8ZCYCGA05UAqUooOEjm8Tr8ZPOcslWaDBSSoBBJM10QtKtlPaj1nSz2w9WWS7dOPRGkpdXOudk22U87p418l570/lUx06Gc+rsYaztgkKhpyqyBG36t8e+snWUlKDJCMkMChop576EyMAUkoNAMRAxoATiMAiNUKUTe0Q00A0rTITAE0Vk6Th+R6nnrKZV9w8zG6ipISACym7CWmvpQ+9TvNtuS2WdlGqL9FNpbONhOSnoSQkcm2uXyPmfceQriwaSahTSpcSUUxMStqZ3fpvy36hJcRnKJkAFDAFJUZtWVMrGJxkAmA0RYDBiJQGmiJJUJhtacCkKk2iGpQAQIOV1fGmHibuHZohZ6w8NX0eaAFEo2krqr4t6GToHW3YNojPbGroZN66LamuuWVSbJcrNXoHxNxthCwp5Hars8HxPovjjhY9eAUYyoTUrB1J21kvqXyj6FHqL898SQxMLGmSpip5deOzOxQDkRGCUkAwBMEAAERggK3A4BoTTgGERixBlXgPZYzj+b+n/P7LtOjgpzMNlVqkmK6rRI7qp26ury+nHe0ZNZiLKzpa8dkunPwuAey4vlaD0EOV0a6HpeL2supr5uk6BXZRz+k7Pmnnvr3zU8+tOaicLZdET39cL2OfnyZeR6HmS+7ty6xiYAUNNAAMmzGVIBSTUGkQAmIAYlJDQxMBJo2jQSiwaJWmgjJUmhOBsxdaWPkfSWHk+fZGzzcZwEBRqzaUloz6yV8FL1N/B3HTrxwOzycmY52fXqMF92Y3d7gbj1N/G2m3Tzb5e1p524ubdi816jHXzHz/s/PRyNebTb9J38W9PR34uoeKl0XLyPVfL/qGaxiAGjEiQnYZNeWM5KIwBiZFiBMAGJSQmACAUkbBgJtYkkiYSgAlLKcnp8/eZt00ef8Z9N8xZ4Wm2kYFLRntTTqwI6MeUl6t/HsO5DB0Yvt9F0zxGL1/lDj0WwKd2Ur6Zv5fp5eH0OnamDbKQSaFER5Pxv0r58ecJqul6nw10v0j1PzP1tmqnrcyXxP0Pm9KJoATKAaAAZdWQqTQAADIsABAwBACYIYCA2gAxKAI0wQ1KRkGe6UQEEed1Kq+NUb8Fk6yURaKaskVysgQZEn2+D0I+rdTkds53H9HkPmnN9b5Uv28vevrux5j0cdHRnvJzquskmipTrMniPd+KPImqos6ff6B4S/6N4Q9vowdMzacHQlixVJJoNFNxcGTXkKkwEwABAAMEAJiGpRAcQU4m1pgAoDhA6SkoQARYCUIsSp0+d+b9F52x9Pl9OOWBWh1yKq5xLd3M3GLZl7R9B7/m/Rw42Bh8j7yg+YbfZ4lzdPLDLr3cfYdLRh1Vaoqx1yrKvOej5h4DD2ece36PL9BWnj96mIhnKtsZSgKhggMExkcezItSkhA0GMSYIEA0CYACpMSKkjcwAGqBohkqEANABBVajPK808P4n6h8qse7D6k8v0Y3xyn6HgFdilRKytKfU+W9Gvtu/xO5DcWSRIx07q1w5OvVHKs01l2vn6V2uiVzKIEc+qo8Zw/S8s9H3uD6MmOkPnV/nZfrV0ZEkIAKaaGxkcmvGlYmKSlCAoSapSESZCAoAECAYbGAAANABKAAmQgBoATKp+QfYvlNnF9T5W5e9q4lie35nreIfOJES6LiQ7HG9CfQerz+hLKKrsunmsLIEBqU5aM/QVcu3VCQmy0EwhYjznP9RkS/p+D7B6LyOLxCv1HmPqx121A0xMKaGAnEcmzHZVKMgExpqVCdgCAAQ2JMIk4iHEr6fyP6cbhpUCRgwQStAAECAACr5f9V8DqeNs39SvL9m/18cz0e+g+WYPSebtnFwkj6ny/ZPpPU8P6iXpPn8k9ND57ee0WbYQvrgmyVF9ELEUxsrE0xgCzaMx4bqdTQvg/N+n8wmv7D82+nkkyUTBoQwBuLpY9mMgAiBgpRVNCMABSEpRGhDExAj5b6jxHQPr6z3jAlABphFgAEAAgKPFe28nXj/Qed9NZ5L6v8t+vSuEknk/AfWvl5niFsbqpRv9F460+h+fzbou3bunGi/HOtSzMvvxaauikjhKIhoYIWa7JLHTl1HhvJ+3Vei6ilAChtNQTsBgmnUce3ERARNkIcaBsiSiAME0JyCKkhRkj43Ktn0v0vy36gSGiSBRiEBDAACE0U+H0fM15TVwvZ2YV6/JLze9b1or8F9C49fKY9jkWRUkRUoy329ew6XsfFeny6U+QzoYoYDsX+L79ejlg3oRChOJKBVK8dmU0ac95xOvimdYCgCAGRYxOLsGmLHryLEAJJpFsWKahMLBoGhgmgTQk0fGyu2yX1D5b6ea+kpkNAgmlAagFgMEBGaneHh6/cePs1+l+cepl9BPLrEEjlfL/snn7Pl5ZUtbbt9Ds8rCTr5cUDcqvRHB1+67p4bo+uoMHZ5mrLTKqVSQkjlt5E1ZVw/Rp0JtVQStq8TQAlBpWJommjAqGbVkiIKgGJilaAIyVgDEwBMExBRLzS+BZOyN1BH2XZ5D2AhoCUZUxiaYmFCZESSAAUk6TCGACA8L4n7X8ts4rK7SNnYOX0+rrk2+i43Ul3zwROhXTIgSkSsjMImEr8teifref0yyucCu2mytIEikFqGpRoRidgwIZNWUi0xDBKQRAGJAwGpRG4g6rOEOOLrL8pnJpozJnoPp/wAf+uFyESTUoNWDTlEMBMGigCAAAYmMQAec9Eq+Iw9Z5SyXQ51sde3i1L6Hf5P0Eel14+vFls7KougocI4Lb/OkrIdO3Wi0QsWZEIuKTcJg0wBQA6GmNDK82jOJNK4tQJuxACGKJpAAGZTLxFI0dDJsr5rTTZFsZOo/Wfkvs49y0EkyVAwAAABSENWACiahuLAGo0rBNFPyz6zgPjz388npx7Tf6Xgd87uzma43PM4srrykOAYK6Heo7Nld16MjnAsQSxpvoOiJ2ANRMkBqgAbQQyas5FpyxQU0wJREcWCAE1Ij5fq+dWd0LDqaCs+Y201WaaFcmfp4LF+zWYd8JgACgmNSSJgDRK0yxASg0DQAIaCkBl4/5/8AT/mGj24dFdTZzSPT9DyW6PVx4Sjs8Ln5C/vV+k0t6NOuxRsjGWrVWtbZEc2mg1XcvpVNADRDEWNDBpkMunINqIxMYAApWBYRklVVvBTm56tFui/P1F6vN62CT5KrqbNNSvFGDPY+/wDin12NwMQEDTtAEGgGmqaAGkGKUYhxaBCpqUI5/wAh9x4elZVKtcs0pdVvPinTqw6ifar9Elvczb1tugJNRrLKSKuDjDpnAxSMsdvR5bj19BOL1qsGkBMYBXl05wQCAGwUBIxA04y5vI9PjWvXVbZs7PI7hu5HX40nyUjKpXVOLqpqo/Qvnm6Psqx7RDUrUlQAgxAwAErAkIstBEClAdHl/D17vynHpJSUqi2hiCTjIfU5eg9/1vP+rkq2ZZLfXnimyqqZZKq1SEowq511nhOcOqruny/0csR6fpec1HZKrbGhleXTlE0UwIbQompBp6PHr89HHjXc1dbRuTb2uP26n5z1HlZPl84SHKFhZZSUpqMeu+hfMvphZGSlTFZJAAMGmRBLIShoKYcmOh8953EqUE6SaJNMYNQYiYDlGR0Pe/NegfTI+U6EdWdOpLrIWEZpqRUUKb6VpnCxMPo/P+gXgcLqc42ac1sWbMQd2/z2yzoZLIEWmrlAGIGCRuEjP47s8CWVlOq3RqzdZKu95zunQ8t6vzCfKWmO2qdLTmtIyhOO99J+Ve8PRAxAAwEMABUNDRgN/O8l5Q9L5WpUIStNIAUmmTcZQTUyBZEiwLL8+k3dvjdaTt7+L2DZZVMshKJCNkRwsRQrqDB3eGpeVbRcaLYzLb8+1ISlGq2oy32cl11ni0k3BpIEFVnCOPnE1ZqWipd/HCS+3fyz0fmPT8CvkEp1sjCVzhKicWaPUed6MfT7Ob0xDQMABiT550cHjfMHqPKVC1k1UFJEQAQxDSg0OdciyyqwukamcNfRzS06c1ldjqcLoydzpeZ3Hcv4/TNjhMUJUmhzCnm9HiFOQzS2bqNaTvqrXfLBpNluC+pxjCQdUrSMZk7BxKVDqPkPR+aK5m8l0cuo1XZrqvtzWnQw6keB8b9v5SfIzv8AAJiCeii832xsj0Psvl/vTqgAwHVzvBnb8lKsqVqqKArjZWRjZFYiZEaVsJFGaVOLslOE10bObqToVW2y8yOymqtLtSW7HfJ1+r5veeh18vfLOiWM6hy+cdTi4qy3TbqKpzkUX22ldqSScGrhbCqZWVwnKmr1CRO6hmiipnOyerrPObrhMFu4XLn6WQzer+b+yOvFpOX8s+z/ADs8iBT15Np0NFd8U+k8/wBM946+MdXyPAykqyIokqgWBVHVUUxtCqNzMxcLQr0VEmRc0sKtiTJKUVnOpm/Xx5HXyU6JKpaZmFdXacDb0ZnU6Hl4R6HFyq615zaYuzq2RCN7iFVsR3QlVirCyFaLZ5rCSiiZB1dCESV2WRdSo27L8tszZi3RXidHidCutXTceayek8NL9UixleW9VxD5QTVG3Lsjo6aLiu2FCdjz11Cka7UJySosjTq1QXPOdSVubWBKlIxsqUakVx01jr0wK9WCZtpt0nIj11LyZ9FVlt1KTNN1mx45GiFdop6ugcvpbdhDS+cdSnl3mjoYtsUqdRfbkuLq4MjKuRbOiVMhBLoutbISkVTjYQLKyUlKnfVcmXjd/lLtuxbSrw3vvMR7RwkkuT1eWfKIWxSWvLqXfdTNFTGKypupFqybh020jnXcUV7K6qd10YI6YFcNitwU9PKmabaynXaTVrirB2aDDu5+wp0WYjqaONedufN6CVnSRx59dGG66I9XIqOrmy2lU7bxaQNjosliraTVLJJbmTQuy21ZZTQWFYWSqibFnmilCS3RUDS4QLpK0zV6Q5HQoup87rZYu3eY9OhzOniPkcL6C3Xl1mqFc0JK9aq7IFGnP0jPOvUV3Pec+OkKb815DJuyLGyqywx7KFyV30CvhM0Tp1RDRjtKoORsa1HDj081ZNE5Ro2c6xOlQ7imGmJg03IrulMrd7CWisndW5RxtVFtKX3U2EbaLyDi6We2JIdBIgF2nBfFjo0VbVZSWXVTqeeWCNFN3Jt6d3ju7HA+ifJfrCSzaabPkWfdzzTpx6I0SxbjTKEjDMiPr8jrnPlXSdfZyukTjblMmvJK3Zm35UwxkFuW+JilbYtFG+lY68O9GrlGaNtJrvw6i3PdJMz0yMquRZNWlcbEM0Nck9UkzaHMhOy4hHRCWpaEQtnMrlJ1CSRZGcjM51FkIzqqVlEQvzXl2jPqqnHpym+YScrJpqXrcPtYLfNyOWvL+vfG/osx6yE4nzHhep8rV0oIe/FWd3fy+9HDzdTlGrpczqJzud08Vuzped9AdbHonHMhu5a9HJpgmGGqCqwurHn3Z4rhqFwbaLUvtjYaMepGKx1mu7FpGpWJOpwJ1ypN5RUbrMFhsqjYRkBm1FgqrpLOjXmgtLDLbfKzHPVNrFDWkxx0WHOnpz1pq01xkhogX9LLtOXGNZ28VuQhnTXr8vqYE8/yPR+eXiek81tZ+wvNoPF+H+mfNRpOrqdFJZ6rx3ejseZ9X50Xf8/6M5mXdzawdzi3HuHHRHM5XoeKuizPEvKkmeyqVEZqKIamuOrVQX306yqdoU09KhMm2ma36I6EyF9ascEsjC0nECnXVoWI5lc6rYtUaLLnRpWc674jOyqkJlGhMrevKZqLstdCOjDFMaMx6i/BaUPNuI44StJ56zrcjeScDR5eS8sjO5+o93559DlwfJ/sXylObOM60U35i2jXlPU5qOrHE9V5b1Zj5PawHEr0c633O3m9qTJy+3zjEq0t9/N2jzdSlITqmoJpnovYXxatxsJRUim1SLrs2mwdblmqwnUpJDVmZfbgkbDBaXSqgu4ptC2qk1aMdhrpQKyFRfKq4ujlsK41Zzt4LMRhWLGvtlizHVnkzpl6fD1W1ac29NzUTxPL6/FazibPQ+qfHfoJ6z5f9N+TyYHGVbcnQwEwiHr/ABXoCj0nI0Rs4fSwGXkdnj16n0vlfVyxx7MJio10GPbRpN8KwovxzSUM8ySIGumSC2lFpOksZcuPROunZJyTKWTjnlbKmJJfZQza+el6Lx2Gx1NJ257FtnCs1Sy6C4rmLRRcRTRXj01G7Fu51cLn2Uy+gzQmvY4vSrueffflWvpYbTpypzFPmPpiPjMotJ9/z20+n/KPdeDGmJ1c03GSyi6qJxjJ6DTw+6vU5PT5pyuZ0eave9j4f2JdlMg81uVMVk7FusnnI2SSVWzkV5d3PrToyzhFTLZZtBeUTHCdgUa0VQlYVKwtyuyuLtGXSFOrIS18/aa1RAvTmjVqUuLCpWwUukkgy8yZ+jlNXJ7PIt83lcDdtws6Nma1HkvzG2iwXZZbA69r2J8ISkOcUdnk21IwRs1YO9HAFOq4zQuvzJyepoo1Lw+d0OZXS9v4T2p0MevOYKlXKQbNFc2KkuSvTnvqGeyZFkJYllVOc5pRfZojHDsaDg3eg0V5ePr5HkI+4tPDafZyPDy9sHkKfayPF2exceR0eoZwJd11wH3g5Vu8MD3hklqDLLSzKaIFDtmef5fq0vzXB2+IvQrqC6bsVSzbk3ZrUne6nI7Un5+kiiTib8mzOtQmkvQec6xnydfjxbTONbsemmOrt4PVMHP6XOrR7fwvtzolqjj0bEYDRYZ7et0zxdvutZ4S33hXj9HqA87Z30cvVrCouEgTaxJocZQGEiBIE1IjIkAwiNgSCEmIDaxGgY6IyAE5GmLByRRzOt5NfEIY50dlYRtpNmvJai259C7tvG6afFpwYrK9Zro6VCcmddhDXnivrfNegzScRBUehzdhm6OC0uxaM5L3nhvqS6LO+JwuhfGKiyknZTaSalUkwSmECcaUk4BA5RkAAAhQlEY0AMcoskDEDGCG4tG4tWkDaaDi1aiE1CRVdzVXS+e+5+by8yqvSvVdOEs1VaLJ66Lw11bIr2Z6j5TKVaPZl0L1nK6TzSuorRRqqXf6bw/r081n9L51YRcDVSnE59quzk+08b6I+ruFpmp01lddlMls6rLbCLHKMgcUTIBYRS2KATUGk3CQ4usVVtY1VYE6ZFqUTS6rRxkEkADYgiSIugTG4qJodRlEjNj3ZTL8s9t41ZdTKlvz6Nhmt2xsLtl8tV9c0fD9FwI+cShfRODO7dXrjgYe1xks14L6q0mRfZ87D6VPKZ+jiMrnWehnyuocrrcrpn1vVythfU4xRltxGu/n67b4kYsspaTEU5QCwiExBOIwGiKEQhJxRaqKsnGRJEYuvx6Km4lTIhNwlBGcBuLBxmELawnTbSUoxTVbx68ZhyaJdeSnWatmfrGTr11mmlWS6SIl3Ow+bt85ry6WahNe/qhtk5fG9LyTkWRS9TPPpp5/0HFgeq4PUZwqdFFLscPcWb+brX6N2PN99NEqWQzas5XrybSMALZRIscSpiiTcZBOEyNlcxtOFCUKrjKsnTfEjKi9Umod2eyy6dbLHUi11zJpoTQRZEsqnArvptScSK0fOvSfObq+Cgmvr4+iX2ZLii6GCO5XxsK+g4EMMiSjbmlFpGcLTu7M1Enb5ctx5Knqcol3eFdXU43YgczqczcV5ujy1iiJs0czUnu/VeO9YbEhVmvxpboz2FMq7DS6bYm4qrVFjnVMnOuwjZBk4kRwlErbgSdZFN+NrpUIlzpLNbgjRXKsnZRcWwlEUozIMkKM0VElZJLLL86891N9vLtMK9GmzTFnV5c0v43V6J5Tf6JnE4nsfMLxYuJmmDKkB6nphGLOBRwQSLC3q2gYsoS78gWZWCwsBPY+wA6FgLDngmgCM9oVZIBRAtuBUwklaAkFTQBACpgSmC5qQS4CWCCrgEtkBXaEX0hRYA4gTQVXIIXJCvl0QlruC3oRCXb6AGdyCFADL5wF8xAK/8QALxAAAgIBAwMDBAMBAAMAAwAAAAECAxEEEiEFEDETIDAiMkBBFCNQMyRCYAYVNP/aAAgBAQABBQL/AOHZL5se1/8AxEiXxY9z7v8A+IkS+PHwP/Du1lNRZ1muI+tyyutZKtVXaqp5/wACRLz+E/8AAlKMVqurVVmo6lfabsjfdSaKtXdW6usWRKOq02FdsZr8yXh/6GSdqiazqzgX6+65e/HHbSaudE9LerY/lz8fOvavym8LV6+FBPq8279bbd2fux2T4I4EsvQzsqnTdBxVsGLn8mfj8N/lM6lq1RXbN2S9zXZdn2a4Iv6neVKy+d8fSdWsvpdfWLDR6uGpj+NPx2x78fE/yrHth1K/1r/axeZeEY5a2jeTIhrkp4lqdUpm9mRPD0uqdWop1lNqWH+LPx+A+7/HyWXQqV3VDUdSvmn74LLkV/cvumv6xFcTGZNEniPbHdSK9bdUaTrBVbC2P4U/8r9X6w/i22S1mpM89/2+8OG/NZn6pP6WVrM7ZqMa3iBLn2ZM9s9tFrJ6V6PVQ1MPwZ/iP8Lg9as3Jll8a4ynZqSfp006nXymvavPkfsT4j5lLtU8EpZe7iLNrGRRg4OPbptRKmWh1Sur/An+I/wZS2qO6+TopL7q9KS6grLJ9Tk3fdO6XuRFkvdj2JFcSWWShgipmy1noTxsx7tHc6rNNcrofPZ+I/wdRdGI7rbDVTuiSlKXxfsffAomxnpZJwwKGSNTKdI5Feiw9Wtk8lU8OOp2lspslMz7uk6txcHlfNP8R/gau5U16eh2TvsSlr7fUvl7kIx7oxyVUORHRi0e4WjSLNGsx0JXpUpKhZnFQjrVumxPBCzBOW5v31T2WdPv3R+af+Jqf79VGKS6lbsnYsL2wJEGPx3wQr3Gm0rNPpcJVojA2jhk2owhIvjk18UiUH3SybGbH2z7elT+qPK+Wz8R/PPiOje/UTnsWp1ClqbJbp+2PAzAn3SKNO5Gn0hTTtERF3wbe0kautMui2TjhmRSZljyjJx7IycX07V6jGn1Mbvls/Efz6x4q6dPZPql6qqcs917aWmWVrDXZGl07nKinZGAhC980XVmop+q2CxKJtFAxCI3EePd0zU/xrLZw9WqW6Pxz/Efz6nmVf039V1Hq21Q3E/u92cCt4ZgojmekqUYsi+ciF75Fhq0T5JZMSY4tdl785WnscbKOa/jn/h3P+zWP0CT3zUuH8CMCiaKr6q+EIyRMmey7Lsyw1US3zli3Idial8MfPTs/wAf47PxH8rMmrlst6hqHc8YVdW8lxL2owJEYldOSitRI9twuSIhdl7bUassfMpGTdgckyWPg6PRG29fSvjs/wAJ8HU7Vbdcs22ra9LHbTb9/tQkRKolUBCZv7QEIXZe2XJqasmoq5ccSMol8DR0u309TF8L47Pmf4mvt2Uyo2U6fE79Y4+rH1bVODg/YhERcOsqlxnjcZ5RX2j7F7ZLJfRkv06RKKJxwNr3pdofd0+z1NOvjs/wuoW7tRq+oSnGEZWSv00qV0zb6evSWo9i7R7VIhE/T8xIEeOykbh2E79pLWpENVkjcKaY+zWS6nctVpmSJxw/bgxxjt0iyPpi+KzuvzrHtrjVLVWvpVddNMWrNc5ejpcRWtedR7EIRE05BcY4ksCKe24lbgnq4pXa7l6yTHfuNOnmqvJFYIyM97qty6hpXFvkxjulkW2tRy3o+n2WuNWlhDqHT4Th0efp6oXxT/wdfLGn6ZHZXd9UXDbdP/yKPUfp2cy9n6EIpZXPhPiwgQeB2I1Wt2lutkyVrZlshDJCooRU2biDF7L6VOOuo9K2yL7p4K63ZLp/T41x1Ctsb0c0USdVusp9DW1S3R+Kf+D1WX0adba75YhdU65Rk65ZVY/PsXhC7RZGwhYTkReD1eL72WvLxkUCMSuOSjTyIUSPsFJSIEGLvg6npVZF1fROOGUQ32aLQRpVksOrGHHJ1GGyWuh6ug6TqfUh8U/8G/8As1SLfqdtSnVH+u/q6jva9sXwkQRgwRZGROZvHJ5s5HFtxrwWcGSGp9NV9VsiQ6hqkodVgyXo3FfqRIMh7NQsx1Edk9XDkrliWl6h/VLNsqGoRXK6nH6NudB06fpa5ePhn+I/kbwtM9+pn9JVFykarSbzVKSlOWfbHxEUkb0eoj1CuwcskRQyKh49HaSLfPbSWqqzS6v+VB6SucY9PgnChxI18pexnU6y/wC1ieHVe81aqrbp82OvhdRjmrS86avSt6+Pj4Z/4F//AD0sPTHHe8cYGdUocifEvZEybjPZMUsEZlf1S01GU6UldXxqYtEkRXMkRWZdNr9KqHK7r266Oa7oEvOCKMuL0WuaNPqsk/7K9PHaVU7bPin/AIGMmznGO+Mmqh/VesWkvdj2JmieZaNLEkSrNVRFw1On2iqeVXAqSiaeRCRHuvbfzCxfXqY7ZwjlQi4yel9Unpp0uq2Sehs31Y+uPM/in/jXLdDWpxvP2013wY7Mx30ksT0HMBlsMrXVSRJvKbK5M08pMqiR7IXd9p+NbHbZqEmaV4np1WyiiHqWaeMoamj07emx20/uH/f4WS/Ef4fXIKOpIffrue6QzPapKUraYxP3pV9egf09sFtSmtV0/l0uLqr5qISExMQu7GSNdWaiJS9lmm9OdVCw/wBT0u+yOIRFB+p8LJf4cuD1Eb4k7YI6091wvu1fMe1bJ9mIT+l+em15lpfK8d5Isqix0o29lIhIixP2Ptq19OpgUcT0enXZeJiRbZGBHlfFL/EcUz0YCrij/wDIIfTXg/8Ab71JYKqo2USW1+TwPkURjOmfZpfPsaJI2koEq2bSJFkRMyZ73LMdTEnHEum37oNkfDLJqEdTqf5Wup4r+KX+P1Wr1NN4a86SlWrX1ejdoa5Y1GldqlB1yF2l26fI0kfc+7Q4mBEWL2zXGtWDZuNDptpGODwNnWNbl6DnWR8fCyX+PZHdDXVenqTp1q29X5t6LGMpW1OmWurrtqxhiH20C+vTfau2TPZ98GCUTAvdLxq4ZIQ50sjI2dU6gq4ylufRNPusXxMl/jyeF1Z/+SVzcJX3+saOz0bdPbDUVdQ0q2T4Yh9umxzLT+B90ZMme7Q4G33zryeikfy/QvjrFJdR104wlJylBfV06pQo+JkvxdHqFdX+DLx1KH/lY5UMra86HTTmaaFtFln9lWtr2XdmfvpvBTLiPPfgyiTF2i/Zj3smaulvU0VYXWOGihZuoWKfiZL8XSaydc9Ld61f4PU6v/Mori9ZOqNWo1ij/I6RXihIlE6vHbb3/emsUTT6nmu76d5qOo10k+tPNPVN7pe+ODHZP45jrUpKOF1tfWdG0/rXrhfEyX4jKralR0TUZ/C62mrdO8azq8HEcpXW6OHp6c/fXKs1+xcEJ4NJqy65utaTdOWhhI03Toxda2rPZi+OZDy0ddiUw9SzQaWOnq+NkvxGbMLRW+nbTPfX+B15P01xbrNRv0mj+jVRacO2vhvo1Ffpz75FLBGzmnWuMa7svTszgTMmTcZIv4WTZDydajmHSNBtF8jH5/Egz/26Pdvq/A6tDfp3JRnTbvs1milGOm12opjDql8zSWXWuyOYdRp5fD9sUxSaOnTlIiuEjBIlLBXLIpcp597Y2TK+3UF9OladPySH+Lkxx0q91XQluj81l9dZ1HqFcqpZ3afTquqMlfF6V0zonDvrKt612mdcvboqvUjdo9p09+kfzIJPXQP58T+bWX6mvENet1V6mqJe9skyTyR8I1kd1fT041fJIf4uzl5RGTjLpV/qU/NOmEz+JUdZ0WV0fUw9OM46e2ucbI7Y98Gq0sba9TS6LezF50epVUbdWpKcz1T15HryPWkU6e6+UOlOJDTyrKJYIvK9jJSLLCl75Y7W+NP4+SX4s5qKi2jc85Oi37LVyvnaUjX9K3Sqr1NVlUbUU27vb1TSLUVTi4S75NxuMldU7HpemORT0+uCppUE4kom3BBme7Jvi6zCndulo4bY9plfj5GP8OcsLUp2Enue7jPFE9tuknvpf4OO2F7utaPl989oVSkVaU0lUcVxwcIyNjGR9jLp8ai3c9JRlwWF2kVePkY/wpPCst3OEcmNo5ZbeWdDu3Qf5NsVOHUdN6FwyMeaa4m1JVJFPArEbxXJvPdGO99iirbXN1180xwIz2kVfLL8PU35Iop+1eFgocIk8OfR7Nt65/K6xp/WpawyJXM9Rn8jafzCjUtkZORXDmK9m4ciyeDUWuUqqyESHAu8in5Zfhaq3CIkBSTJbSWMLGNA8aivmH5LOs6P0p9lI3M5IrL00CpMrEvbZPBdqNzoqIwFEXsZX93yS/B1FmyG/c0VrJWvqpqjJ2RUZURjKdyip1y2WdPtVtH5V1Uba+o6SWmt7JkFkqrNPXxBCMj7Nlthfbk01fMYkIGOy7s/9/kl2XzSeFqbd8o9qV9MOJRyQScroxiVxjJI6JqOfy9Vp43w1umlp7e1ZWyizBGxCZk3DkTmaq8qTk9PAhEwYJexn7Xj43+Bq7cREhcuuP0ye0hbxKn+uir1Cf0y8HT57NRXzD8vr0PoEVmSqwjZghaepk9Qlbg1OpIrfKitlUSK7MkY7skV+PjY/mslsjdPdKPLZTHmC41q2wsgomWzmJGvMIQ3yr/ru0c99P5fWY503aDE+E8EZkLcCvJagu1GSPJpYxZXXxCIu79siNuxp5XxS+fW2j8wR5NLA8Gs5q/QoblyOMqzk6Nq8NPP5fUIbtNLhiEzIpHqHq4HZkXJRSaevBUR9jH7JE1koucSNsZfFL5tRZshZPdJckSKNPEwar7HzE3PCqntW6Q2yibrs0VnqUfkuShHqXVUSeX2ybjJntXDJTpimraVxIoXbPbPfPZki2HN+mbS192nnptfC1KyL98vm1luX5Io/cFzQM1b+heP0Kc2vqrEZ56JqFs/HttrrWp6vCBrOo3X/CjT/dp48KJHgQ2bjcSkLs+7JE45ho9uzV6SF0dstHfCzcU3e6Q/k1M9sLJ5lE8EPNaKSaNfxBeCKyL6JWWOb3ZRpLXXbpblZV+JJpLX9WUC6+d0s9l8NcsPp96aXj95HLvjsh9mMZ+tHZH1WjrNf0aaX08FcpIjPd7JfLrZ9oDKlxX5qJeOo/avAm0PJGf0UuKJYbjjHRdRiUfw7Zxrj1PqLueflRprnXLS6pTjuHIyLkS9zH2RS0tSdWWa6lhIhI3vdG9xI2Rl2n8l0tsJyzJeXw8bo18JcOjlSOo/YvHZyyqmlKbTm0u3SoL1Y/b+Dq9fVp1r9dPUy+dFFrrdesI3biHKSF7H3fZFU1K9eOoy3TrEIZFqRhorukOSfya60ZB8yjk0suXDBM0jyp+Nb9q8dk8Ly7FBLBg0P0TolmHz6jV1ULW9WlYTm5P8BEUVLmp4ITIyF3fsZgn9ujf9109lcpb3AZEjgUEhIlAw0b2hTT+G6WyFs90xRIM27XTJWRvrwtHLDfK16+leOyH5UMxisiTZRI6Zbuj8t+rqpNX1eUiyyU38i7YyNd0QIIqK39UOyfufa77NDJuWttyMiY4SIReUNDyKbJTQ/EbGiNpuRn2667svKiKJUspJ12f9IV5hcvt18foXj2RTkLh8xKs56fbtsi8r4r9VVSazrDmW2ym/mQu2029kQKyHisTwbxMT7Psh9tanKvTTcabJYK+RIXZNI9RZUsnGGOKZtMI2o24EmbjcZLpbIWz3SK1zGJGOVGODGVVLY7Ybih/TrFxOLg+7I5Gmm8sq5VT2z0dm6v4L9VXQtX1acydkpv8AAXZCHEa7RZXMVhG5EbclcskRdpeERH21qlIztX3OtduESkhNCimbMHCMZHwLJyZkb2KzA55E0+2qhOcZQlEiiKSEyDHMjIkyu3il86tZh1bRctNd0J4cm5EHxDwdNvw4vj22TjXHXdVZOcrG0YMdn8C96ER7SRtNoonJGJXwVSwQmQkZGfuLJMstLbDOSEBdnFSI1RNsURH5wYNuTZ2wbjePkXeUFJX6bBBMa4qj9NqacJPG/iTaKNXizPqVSipK7Q1WLqOjdDF2yRIdq57JaK1WQ9ms1sKI6jU2XyePc/wYyINGCS7LtkixTKrCp57NjnhvUKKnqckryH1EKxdlgSRgx25XdmBoSHHlRMc9m2QnzHDLKlIdZHgeGoxHUTgalbJ9Ou30dtdT6tWorddnesgYMHSp4l2uthUtZ1RslKUnLPbI2+zXfBj4mvZkTITFah8jyZkb5I9RnqTFbMqnZnT24T1Kw78llo7BshBuVVOCK4FHI6kiKwIzE4Jd9vbA2LkSJbjkQ0Y5SP1wy6HFVvMWZTHHJ1Go6de659msrrdO2fZFZAx20UttkXxrdfGk1GondIbM9sHPZIZnvtGjabTHfAjBsJL3RkJiYiMSOEkbjfwrD1MDnzBORCrLrgkRXZ18Lg3qQu20wMccmGja8DRgwZHI5MSHki2byEkzamOPF8XCyqXAjULMZ/RZ361H+rsiBWfplcsS1PUJbHubztPIjaY7ZGJswY9jyc+1YJYRGQuT08kqxxMMwIiIcsCmRmjehzPUE2zkhW269Plxq2m0wTngW6T5xgSRwJob7YMYOOzXbHbaOJt7IwYEjkjI1FSshXmMo9p+NfDbPv1Rf0S+4RWQ7MkzCJyGRXbkUcm3AsEjBj2ZH2wY7bRRRKA1ghPBGxnk28uB6Z6R6Q62hwNhtYos2sVTZXTzGoVZFYHZBKzVIjfKRjcV9uO20SH2289svGe365Ipj747YZyRGhmpjzRLK7dUr+heO3UP+Fn3ESJHwiT74GVwyOOBi7ZJMWTaxrtgawPul2RgwbMk47Soaym3EheepFkHFkcGzJ6PLqQ6yMCNRtFEwTt2jm2NZca0itR7QGzk5F3TYs9347oyMYu2RYxlGORlkcxhw14NXHdVD7e2v/4z+8iRIjG+2MDERfDYyPJgUUSikIwxxbNgoDgemiS7pke+CyGTa4uBKvcSqaIpi4KyBxj0lI9BDUYnqRHbEd560jmRs3EakhKKE4mURmbjcORuM5IjZuYnI5JTkKTG2LI5NEWzkZyZP3nghwZ7NZW3mJgtj9Ojlvo7a7/jZ/0IkELukYyPCP3FDEsiibMiikTwVsYyaF2/Uuz4EJEUbMEe00QiRRZVlOtowxJkdyI7yDaMsccm1IZlZjOKN2WkxxZGJgwRwcHAkYEJn6TMmTKG0bzchyR6hvIyN45ohgmhIUsdn4UubHhu1ELSb+nok80dtV/y1H/VMiQRnJ+o8mMHlzwQ5lteH5iJcqLw48+kYw48ksEjLOWbWyUB4GRYpCM8Ph54bYmQMZJ14NptQ8CybmQl2aybEekjYhLAmbWxLacbRGTKIyHysMTZnJ++zXCRhZcRowOOSP0tvJtIIkjIuRlstsYywWLcramOUq5U27o9Cue/tqFmvVL+5ETwodoE1lftx+nT+c/TOJCRGeBTk1hkmfuPabG8iyYZZA2Gwwsfa48iwbEbR47QYu0oZFUOpZ2owKSR6qHYhWod5vyZbNjPqykOIon62m02iyIaEhi7PtgY1k2n6IpmCESaP3AZfNsr4N39dtjTunuNO+emW+ndF5gW8x1623kWSf01S5IcE+e0uFRyY+m6RW+VIpZYnhJlnBVyRSLkjgUuXIfjaxIUCxIg8EUjgksko4ORNkFIw8uLFFjiekbCFZ6aPSQqln0kemkYMd0I474MGPZ4FIbQ2jcZQu0yLFIUiD4mzPNaWLeFMjyRX0WxNTE3OJRxPRy3Ukjq8cXIQzwVTyQ5bg9rjzM0rSMtqxD4dMliqRu+llhCSQnxLk2I2rO1GES47YHA24IYwsER/azwJvPk/SMNvaYP1FcqJtQhYGM4JeN0kKzJuMvOXhyIs3My88iUmbXjaxqRyLklnOWRWVMiclR4VkitkC1uU58EWsx+y4uLfCOiWZrGdbj/AGds8si8FEitrbasu7g0qLfDTZZAplh05aghowjb9cUSNuT0xQPB5GhRGhxK0YIvBuMIk0ZwRtjn1EKS7bzcZeFuzmQ2xJs2szg8mBcHAoowQjzPgxkwRMdojMkzDEicWbXmMSxYG+IvJBD+29FUWJ7YqfM25Srjyvtlhl9DxcsJeOj27bu3XIcdl5eO1U9squY2KKje8vSmPplw5E/ploriHKZYj/2iYRtHEm8OMljPLZmQ3IwxPBGZjtFZJVocBJIjtYkfox3yYy+ENcbckY9sdkJolI3G8U+ybQ2ZOTLT8r6htosseIzyRzicyTIS5qZZ4f1FcXnUvbCvlS4K2bjVblGjV4LVXdD9aSWy7Ty31nV47qX5I+WuzNJflNLbqjSEOVeknIuNF99K4wWR4mlmMsErOYzHJsa5x2fAjwSyzaRgJG0ikOKY1gYuCI+zUjDRjI0IxltCRHgwk+DcsqQ8EiLPJwLtIiN9ovlsZPxBc/qcubZkJ86WeS/lQyQyaqe+VK+mxorkipZlqo5hLifqSiv1Hz0mzfQayG6m+O2wj5fhDjxB7ZUy3LVQwaf7q1xfBEiZp57Z0zcltkyyL2yhgwTgiODBZGRGMspIe0iiSwZJctcKPgSMDQ4kYiMm5G83G4lI5Mzz+l3/AFtMo4ZsRhCwcEWjJJkWZRkUkbojwTwRwiMky7bm6dZVsKduJ5ZBEpbYwzKb+mtrLhFIqLDXxxa39K5WcHRb3GwtWYa5YvIeX4/afE1h6CZqYNwo4sr+20eEXkX9Wja27uJFo8j4UWVzFyWIUTaZwSw0ZRw0jk5GJGGJCFjCwfSzgyhsTNzFaOw38ZIyOTDFWyKGIwJDMCiOHMYnppnp4MPF2SGRJom551aKPug/Tqrvk3GbNRPhTwb5YKytlnnqL/ufj9YNPb6dmls9SqXK6rxqCPl+P2iXJTN12ffVt22af7dRNRJPJZH6XxLQvIlwWcjjzauIxIYI+J4PL24JxRwjejgzHHqLO7JGwm2KbN7MtnJBNrYz0xQRgZ4G2M/UWZicGTcKbMvsueylg3GSLJCEPtPxGPP/AKyyjUMp++6eK6cZwsX8umCzZy0sNeKS2SRb07+Q9XpZ0C8ZF56NdmNjxDXy36gj936msOPhjNDdlXrE42cSWU1gnnE+JaCX0wf0yeCXI0yUWIi1iLHyv28jyyEMjrwPgUdy9MXnjc8Y/eCI8Cbzhj5URtGcPcbu2XjnG5meVI8kRp9ovtgSYkxLsu7RNEPP6tNTnOma33y5o8ynh4Tb+k3mSPmuRdnOjX9WppU4LwNnR57b9dPbpZvMj91cxujyiXgpnsnZLdHTQyTikrGWMl56cyGMOUSW0lLBOfDkQyKMsKHGMNz4jLtPOG8kI8bThOW03Jm9IVhuGLOcZMbXEl5GskuGiKIjSHFCwRwbkk7DcJmeyyNyNzNzItnJlibLc4rby39N241MjTP+yx5tg9sYvImNn72cb/qqWR+dK2ozkz9GDTWenb1K/wD8TvRIu8ifD7Uy4omJ5V8ME2SOnv6q/Eo9rVwluTghcC5jz2+khgeD/wBXFkM48GOXHIkbTAkYIRRwiaTUGhrJtZtJxFFkfPA8dkRwMSNpFI4ExMybkZ5ixy53GVj7j7JcSWpk4l83J0cTxmUpMi+D9yeZeFFJuPCZo19Moi8doPEtTf6sX57UPm9cLs32X0ypZCWFZyWkmaJ/XVLjyWLBPlQiieMvxT4kuUbXnYyOEnPBORDlMYu6RhdkzJW0S+k9UeWbJ52TPRsx6Fh/FtYtJYfwrcrQ2C0Nh/BtIaGaP4bP4R/BYtCfw4n8WB/FgLSwFRA9CB6ED0YHpQQ6oMVMESprZboKJj6TAvpnQafntJ4EKPMir7pP6d2HommmLt4G8kfD7Mp4lOO6p/S/IyHm1FUykteFcM0f/WuRFlpLJntgrJ5MyOcNMhAsik8R2/avVHyLy4yxCuxi01za0dxDp8xdMZHpiFoK0fw62LR1IVEImyJtXbHbHvz8uRjXbrWp3yitqUhyUnnjOyMc2Ous4QopvR4TYvB5EhLifD7Lzp3mOpWJp4M5P2vqiuJ12DWVdwM0zxZp/GCXieDa8YfaM8G7JJvcq5M9Gwhpr2Lp1kj/APW8LpkBdPpI6WmJGitHpoUDHtbF7MmTP42OzRr5+np3L6uWSfFcWIktxXBLt+48Gmmk53ZF48ngXmHixC76WRqocd6WXL6qpCsLR+avu0y+mBZhDcR5Y4WMho75FfTWyvQ1xFpq04wijC9uDHw4/PZ1y3FUUSlhQ5K1HFzUSMsiksLsvFX1OKwIz2iQRb7NO8Skt1dsdshkfMlurg8NMmxkPOhpsshDSTLNDuK9DXEVcEYXvz+Bns/yd5nt1ue67fgT3ypqWJy2Dk5tcEee0fKRHiW4XeCILMb48CGiLw9LPdHWw9lUixbZRkSeRlP39Gt3VxH3ZkX+hb5hMc/p19sZXSe4qWDc0m+Yo4INdlwR5Uom7hLuvFK4tjlS4cR9tJZiU4qyu6vZIYmSW6KMiqyLh9Es/tiMaMezPbP4D7SExmTPdfiWoRrJ+np7JOU64kMYnI5Ip4WCuBtblGo3JDzJWtxl+hCKC3lWeSHKnHBW9stLapw1tY4sfZMxzTVFRuGdJljUVvh9mP4cmfjz2kRYzIu8X+JPt1y3EIIRJlMHIVJsWFDmEMG7B9xtEzqMMeyJR4kXLtGWDypLBRY4ShJXQvq2koIlHvpZ/TcM6b//AEVeOzJG7ncJ+/PzY7YF3j8D+Bexj4Op2erqIpDWF5dT2krOK65TK4KCkxLLS7LBrnH0F4iiRApXDRqFw+0GT5Xg0t2x7o2V3QW5kl20ssSsH56f/wB6J8ZEyRMkRF8a+KSylnsu6E+y9i+BmRD7M6ld6NGcyzgcnJxiVx3FdMUOSRuIm7BGWSUkjUa5Vl2olYokVxIh5ofGSzksjhkSMcq2IjSXcXVKasrce0iEsPOVLzoX/bpZ575JEiPZsXZe9fA+8he2Ps47L4H2iPtKWF1S/wBW7aSZSVwlIxtFPBObzCYpE7CWpjXG/VTm85H4ijPEiHmjDiolsC6BjtTMlBNWQw4S2uq5NW4krFhjK5cM0n/TSS5T7tEiPncNifZe1fA+zMiJci9seyH3XvRLsjI/HU7nXTnL3Ci5OmGCNu035a5dhuacrsKV0pCi2WcSJeOzIlPEVZy/qjbBlnDFw6LE1dHJJEPMfFgxkXgyad4s07+qHKGx+GRXZkWJ/Gvg4JeU8+xPsn7F8D9kvt6xqd13MirSSxlRlO4WSnk8KViiTlvfozZXp2eng1ccSJfb2ZHh1xzVhldjiZjKOphz2rI+Jx4ksOmZZHJLPfJRL+yl4dMvp3HkYyIzJj2ZM+1D+FkiMvavGRMfZfA++TWS26d1KU066o3Xuwy81VjRCSiSucirTSmLTRR6SNhKJ1Bdn4Xdmhl/W61IlThuBb9r8kXh1zJssRF4ecqfsr4nW8qj7F2kTKybGRkJmSQvZnvIXsY+yGho2mBiGRMER9o9mzJnuhmO/VXjSqbJzbM5IxIvBKeSnS7yrTxglHHdk0dSj9A/H//EABgRAQADAQAAAAAAAAAAAAAAAAEgQHCw/9oACAEDAQE/AeB6aQXif//EAB0RAQABBAMBAAAAAAAAAAAAABEAAVBwgCAwYKD/2gAIAQIBAT8B8AWs4EMAGjzaiENzDAR20+Gelu//xAAwEAABAwIGAgICAgICAgMAAAABABEhAhASIDAxQFADIjJBUWETYCNxBDNCgWKAkf/aAAgBAQAGPwL/AOm3tUF60uv+sKaWXr5JTf1RyWTeP2KZ2H6T1OckOFFZX+SlfgqD/UMPjXtVpiXpQ/pk7r1oC9jGqyHjXtUxUVj+kn8p6jwAad1NbBf4/KSorf8A2vcL1M/0UlH8ab5nOyagYRkFQgINVKj+gv5Cv8FJP7Ro2130vWtCnzhPQX72Vg8AxVLH/wAiqFg8YAH6U6+EI6cbJ6d+5k2cqfTxLcUrBSY48jO9JQc+3b+xalTSE9J/9J69vwvWkYU9R4/q62Kl84lAjtfYr/EGp/KeryFexJ4O2dhbdMA5T1nQwFP2ZP2v5fKhRsFHxHBBZbJlteESUTkc6AKHZin6FjSN1+9fbR/S21R7dkSqyyLqqsp9XZDgb6EQo9gF+Kvx2EKqlEfZ0Z4+6+Wh7/Eqny+E79gAqkw+lKjTCHMp/CpPXssaNTas68ZJpW2iGVOLr3KYfFMj+uftpe30mHXiilCgWc/aLcsxqh+vYblfyVfJYvIQAvQuFhpchMepD9c31Sv4wITBA1JmVTc0pjo/dsL9aSq2RqqmpeqpxqkhVcPdbplCD1Z3CY5f2oCFXkilYThKPk/4zf6WE9aV/tEKpvpf6WEfXBanWMZokrH5N1h8cUp1hP2qfIPiUD1lNI+1Tb+U/aIp2qVfElQvivipGg/2iLgFApripCr7CwHcdYKfwmWFYSmq2QNP3wpvAUBPV4iybyUEJ/FUxUyM8pxYFCkhfpB7kfpN++sqqTo1lSoTeX64G2bEaXTYWCmkL1cJnzvkCAG63ixTIkfRQ6ohHLjaNYaDBTvpnK16qVV2NSOqMmyhTaBqEKLbQnDBRkPYkKoXnSCGSL7aji8hQmZMLnsnFgqWzsSoL2CGSQnoTVDVezoVU73epMLO/YfIKJTsbBUcGdf22WKnZM2Sex2XxQKmwFo+XOcJshJQppMIDsj+bymCxUn/ANLFQmqzNy/4/GVT2ZBVQFmeUEQsQHr+FiG6bnmjxmUSftYz2hs4TlYxsgRKJojmmkqE1KerdB0G6EPvwzdkSzqKSBYjmPYWpCp6EH6QPDwkJgEFi1JK9aEzMn4QtiOw6JsPssD8KmoIFUeWlUqkXxNnYr0lP5JXqE/DdClBujBQPBpIVJ+0KTT7KnGECLkaDLfihfyeQdHKhYeCVSVG/wBIVDdMAagF/wBRT+QMLtoDiAqlulH4Ua/vUEaPHKlU+aiSgsVAen8L4scmIbZ3UrdRbdb65CY9GyZBNr+wUUBY/GNkfF5inoqekp6U7TkIRpq0Yv8AYCd+x9jZ7MeCxWPwFih/JS4WLxQPwvYMcrgewTHQgL3Xx1GHUOyZrUlUnlfy0Z5W2rCfqBaLYTyjSV/8csZW0WHT4acvuEWEJuXip3Cb7zRd9BqVPTME5vNotShy/wCSjY8DCE/TzkkpgvdeuyBQ5ZpqCMeuswTnrZXqVNsHMIqTHUYJ+nbNssbqSsINqWQ5gOm1Knp3T5oKZ7YnsFT00KVtqSnHKbMbumBTusSwHmVI8hiFB5LnMU98a/KZAhA8p6iwRo8PJBxMFi8NcrD5XtvzDkwg2m2E8h66k3iDpjA5UpqSi4lN/wCKCY8s5XKawKBHFc7I0eGSnrOq3AqpabCpDiRoHKzI4gothJ4mKossPjLU8DfXY0zYBDJ7KNYo6ByyouDw93K3anoMNQkWbNCarVYZMJynN673BQ4HtUjT44pTv0JFYlEonRnTORxlOZ3yNre9QdEeLZOS/RGVVjEhYRoyFso0cOkdF9X2qTeIMnqL9IcJlT8k51NtB9BxYpjl9VNwho+1SbxeoT1F+mfxm07X3yb33W99lstr+q9hoMb46ApGSE5TXbO9ZZYfD/8Aqeo9PGtut1vnleqnOxtK+IUCNAHNu5T1GPx/QJ1SEQdBrvWUafEnqLnoftbFQF7cPfVlQmOR031kxaTUSU9R6HZbL61d8++jBW+eFNyo1cHjU9XtzoTHI+Q6EZY6SckleqnmvkfIUczc+b759rtbe0jlRnKFyj2EKLydeApHEpuUeo3W6+S3tJybau2lHAY3KPEi2154G+nvz3WyhbrdYblVaj3hTwJyxobX2tF550qL7qlA2KOlClMONsts+/XUlU9NtaOBHD30pzsTpSotK9btaeJHFlQtuLKfJKcI2a75ps/Bm0XnLN54ccwkJqlFggdHCbRzo6Kc7KchRCi4sURnGjveVvaLz2UXOTbIb4bFVZ2T3m0Z50N+rhbLbJN5ytkBCFViBnfLHHjPvn2vHHFo0MYqZH7GTASiVUdDCU/PjowLNokEZajpDXk5ptv1jp8j5dsgVI/OlN30JvHDe23KlQoU3FIyydEOqRxoywp4D2i3xK+K+JXxXxXxW15vut8uy2Wy2Wy2CgKaQviiaSi9MIk5ZtHUbqbbKAV8V8VspXzXtVaQtlAW3N/ioyMMu3DjWZitiopK2Xsy+SklbL4BfALZbdNUftEmTd7b2i8r103yvpQFFJWzL3qX2V8V8AoHX4VNp6CVNSmVAW3asPrLPDdsjZsPcuVV0D2buSUdBgF7KLHVfN+bjuRQM8KcuLhtcIdx+hmna85Dxh3B/KfLKa05GpkoudZlHf4XjU3j+nlObRli8KdedIIdthGwUBYvJATUpqVOT1U6k64Q7Woo1VF1AX6s92oT1rbTbghU9qczAJ6jpf/EACgQAAMAAgICAwEAAwACAwAAAAABESExEEEgUTBhcYFAkaGx4cHR8P/aAAgBAQABPyFa8VxPjQ+F/iwXwz4H4zzvkeBEGvOE5TmiYFohOGhf4C8L8WBL44LxfjOIQnjPDQSkHozSDXhOC4hBIQREaHROHxOUXxnE+BcTleUEfnEH875Q1xCeU5TAmTfE4aIYJxPM/wA40OvCczifKiC4pfKTL0K9r0mby/SG8IFqS19mXH0ZPTrXo3ykvhhP8LTgg0QnDXM4bwUXjBMHXhfhXwr4XpNF7Lv80u1d+B0o37EP6PweRRkz6KJz9ZEVF7QsSbC2U/Of4kHxbD4fD4e+GZI+EQSYkNEHoQxeE8V8iHwj8RCFrbevY6aFfZIYC5yNkJysC3cLGnDMD9B5Xfivh7+L+CLyMfDIPho0hEvEJyvLWDQfD+WEF4rlAWk19DDCjFNX0P18tcJEXFKbI6jyI2z12kwVdMwGQNsj+jLVj8Fy/wDCHzCcwaL0LlH6j88NBD8p/gowX0SDfQ22N+xMZOVvieDI0xsjdUEDRJH6Hp6Qy1fsxrztpmWn+4QkX7iOpna465f+HPfwkJxSD4YuNBeC/wARFw0h2RgfvKJngmHFk4KJNpkXqpwtkTPoha6nRFhPQ3vIlbM4hCXsH0j2TGyMmv0ng/kviPfLnEITxSgxrHCCXGp0Lhi475nlsXixtZtEqV+lU19oQ+ER+mZPO/BLA8PkGxDIQnEWh03MdIV/ozYMULhfYjRWPTJ1J6Ep/wBBEt0+vjnihcacYIQSH4TicvQkNcvT8GLhebXM8W4zaIzv7QinauZ0ITazwKeSnZSEYSQnsmeBuFmWKl/TM/OD0IQAUw9lrY9b5zRclfQs7M33uhNYvZDJ5XwnDFzqNeUJzB8LlkojQWvKfG2iyxpcSQVPA7N/ggrQ69jNP/5DHWf3G3++VKHnFg3WaHA274UrbNiPUijO7oZWFdISompwMvZCGtiewieHmnivHQaJwh/I0QhoLmfKpjYjFPQIrY9ihowQO50hOoJoYXn64vE5xZK0pvh8IQ8iFiLWUQ24FdEM7jTwFmf9I85EGEMFLw27So4jryvGvgbH+A1zo1Oub8f6O9DqRMJH7FWJ1GZ9B9+UpBEFgJ55JcLPCEC0rUK9DNEVaOh4Rr0YQnb+zYMvwm/WMT4K9IW9DCIWcLYp6BC/Fjwvi/PBD8J5QaNBa5nlPFZGkf0M6W28ISFJO4KZVwDV+uFz0MJVgYo9jLw7QfrA5JAxbAowHwUhJqv8EME4wH9ILGKHWHUDJ858HEpStTXyPxMQ/FEFxCcPwawInwPxx+CNG7sPpCJnzEff34I6MkIRZDwGMVFTHtodaCqtCyglDjMENYJQlOiqIq5FGBR5WBxOF9cBu0NI010ypkvLGJWEehot+CGXwXinjOF5Ma8dPjhOW9Aj7BbEsTgTxUtF5tMZPBqKb0X0MTG6Ma2OVkJ2TogpFyMZkKBrBuo4bapRWEhmoSdP2LPAbx9mSe0VtDROLR6+hnJ2E9i6adt8i4Uc8ex8US4fnodfM1tZZRdvPGAZsbGN0NcpjiDQkHwlFbAlGBEnry7FzZFKZrsEn9mTA8ivRCUzbJ/Y16MXBS8pugaiNoTPc+a1w/JC84RCRHXnPJcGyWkK6oXdEKky0GLfghM9Q1y2ZMYzQcCI4O445RcIWeNS5kZW0U2WSeEPqG4RBpsw/Cn2PEYtLsPCymifChmvM5YvifL0LXxtYFxj9jJfN6OpzFphq3xPBcIXBjYlqzizQ+KyHFw3guDFETUY9WqVWBscG2LBIAmcB/hENeC4RvuUSFHhczynOn+C/B18pBNOI6sDDbsc8aC0Qh+CCGYc2WKkLA0GIKcORCE5fBSbF17P9oq7FDNGxwS0U68EQWyVdAjr/CUflB8Pl6OuOviZ3joO8lx6JiuULZNRsnvZ8ZkWFBa4UY2CzoSiBOs04pRBLkuEKkIm5SWYOD9Qlbpm8MfgyizogIcaJiGr6Y3F+NBeS5XJcQnHTFxCfC8oW70SK+3ms+5IYy37BjVXpfCFCg8d4S2GwqFiVCXBC8CQxiUFK8FFtIt6pv44OBrh8u2Ot5MUa6Pey4LxfxETmCXN8mPQvlnpkJ9JcG9NFj4fQ9JaOhF5XGgkYsWRDHYNFmHXYqfBccCKEJ2ZoGYcaKbh3BkhikLGBFwtCM3eE+LqpaDZKyPwV3oeRMuNeF8G3inxviUh15wnL4+skMhO9mhyp1O7BiUuKJovF75QtiY5aG+iiGYqNxKaeBskITJHJ5IbB76kVLY6tQbRrJ8MetmfEqEswMixWnYOg2UY0QlDy4+2P0f3R+N5mALaD2LjEqaeS56NzrhfA14dC0NcMevhfK0Y/wBiUtbCzexC7VtRU6JYCqX+xq+CEgtccRKSEFYkkUlFtsW1hjhj/bKstjvWCtjVMIU3oXAz0QSGqLZhrEtCG1wh+mxHStglJTKUyXo3h0QtOEHr8YesGvOczBHwTi8zyY9C+B8Xh/sB/MFNrcELInyhlWAaV9mbv78FvggVSnRMxGcsXEIsJpYKLbEDRCF+FHFsJiPbNQzDsQuC4yQ7xgXZ6LaNiXqJiqpN7olDOIVkaFpgnO6fpsQ2B15XyonFL8M8GPXjS8vlbHx1QlLAVpD7oSHxTy2IRVAxb8EUFDDnhi9kWZ8cGpUyMxhKFZIMtBXsViKYq7En+VP+akdch979hZlC5roY1Lgn7XG5KhtK37ITTgWjobMhDy4aczXQeo+EPyePnPy0OviYhzZ6PQ6txwe9C7XYuf8AaY9raejESMQ+TEWR9nFHXBCZsemhjIYrB3WmNdhtsd7ExJV0zSqvo2QfhfAVZGvsehISEimaILEyyNhoK5IuxqyjHYIooa4lRrt6NUQYL9Ll/Mx8HXDFw9M65XwW0NtG42zYaJUIzQjF8I+wlEscSb5cZqDNfLs2SYBam8mMoq0GrcMmSgg8jUbGSYyFWUQkTk9DKVx/8i6l9jaJRHkgyWqsRN+x2RgQ17FhfCzYvgvGeb5emdC4XiuWmw0eGBJoThyGNT1CJ+xbMuU4x0yxGJERiDExCzIoh6FO4GJbEnsKUw2s5ZLG6Ri2NReBjGLcXcJaPshObLB/iFmj/RadY9bbMHZKPYkMXmzbl/M+GPTOvBi+B+H2Ihp12aH6ZGEQ0QRUcJSCRldGRD5A9CGmLLSiLXYgx9qBklBkVFSLwTwM2jmBmeyIpRXjZkli9D8yMe5WByKh9hGn9cPmeOhm/OcT49ReSGZP0vhjhnYpdhB5+gyqiWBpEMRihhvIgxISWYakFJCEh7E+HQ8oG0m8NKkmDDqeAjmnF4QiYIYRmbITZQg0bQVeORXTiqh7Zf1CHxPLQvywQaJ5IfD4bwL4Z4tAu3Av/aG1V9DVQL7RX0Ylmvrh6yzoYwlRH2hMjcaKMlBIiRfBDXBoQi8IcrCE2mPvL4y8N8dlXMFSGU0rCkVkLa0EhLoaY1kiUv2IfwPQmRjEuZ8rOhfKhr2b9CWW1SGImZj6DbYdFzHp6BsO0PDZlhpEmCNjClvjWuUUXh2gpGPC2Oaw3eLpsGKVoUhijwNwNaiQxkJWI3XS+BcPXG8whR8P4G+enyv8BTMqDrF2XBbpIesBxtXYib9J4aEJBNTixSSGhi0LhcKQhYd6NjYkN4QoxNgxL7MR0SKhGt6HvxexXb7Ei/G38344ITh8IY9Pl+DXyL7YhWsUrWjO4C/wjaP+DRU2xiavQdYT4YnZZRXB0HwgT5zg+Ko4rQhcQTg8VPoQlOK+y+B9jNqGEdCReDF5Nxb5Qxi+F+HTF4IZRonnjmiIblwtdAplhaHIZ9icHsMab6EbU8sRgOdkiCRSjGRXgxh4KCTBkx4vPFdDmStApd7jdgpRVYorRskqX49DfxQ/GcJ+MGjp/wCHgI2xjRZ0xLo8jXRRkckuiw7ChrJ4qFKNUSNcEIYW0EgiEkNos8EhmxucC5YfloauDAiwyJgSRC5yfpBI/Xx6G3gkQYvGD8bw9MUNsIQj5fy9CofscrFRLVjMixgUz2ZfDSIvAtrfZfs2hi04lMKl0g2jbFLWb0h7YQxWQx6GQoHgJtPiWuGMfhRmhYQ6QYgQ1BawS8u+HwjQ2KThcTwhc+GfDs7FhT7MooP6+G/Cwva9sX4OCzVtsSn9cbGE5IS7OhnYwayaJxpHWz7M1tvTEmNCM2xKUsThUQzETKN8PxfHIYDQHq+2IbZrlfDqbczhD4nnBIng1PROnMkj7Q/C+S8vtAYrpkzbNoxEEmOxUg0aEvC8uhD40GiVEFNzsIcyKGB7MjHirYmDfL8GPgdxPRjirHdl0Ikjvhi+DTznzMeD4S4fL0WwwklT6JzPKHxfluRH0htNJDmqm2ELJN8vgYJhF/rfHDWlByaoRsYk4nHY0qhzsllopLRM+orgwLEPoK4PzJxS4FYljGt6caL5Xn+mngQxUhopfhfD0JOi8kLBuMIQ2t8ZyvNTUBSLdjS1z2fbtEkVux/BHnH9cQyvV/fEYZ2YWGoFvHhhpog+x7yuxnEVZQmvsr5N8xQYoZbMMFQfD34aeNiH8E5pCD0LRdEM4PQpVZXM8V5M0Cx4f+EwsvRIWml9n0yYSXJ0VMH8EINGozsyL0/OIbcUkzGxu0x/Z0aBUq+2xGTQH6e2OLke8fIUvD4PYRGY9CnhK4sYXyaD+Gee+WYsoY1YZWgt20KpYY2T3xS/J1gSNFpU7DBbN+vJhb7I1I0MC5ePUhpTGhkEOFsv2U9srohLmbeL0Y4t9mCJCBfodqh8ELw04yMzHVRy29vh74KtPkpqNyub5QnkhjbGDyzDIKWgNFI5Q+xax9eCfIhxiQSS0hsJF4bIsj9EzkRYOj8R1LSEYeQqkyFoUEpbQ3GxMTKOKTbGToWp0RFw2TBuSF8L45Q7IPxfK4XDE2bMYtcVJS0UjArAHN6MzaPT/Eb5fCUcND3qZcZ6LZGFVTqCElkZGLBCyyICsZKJkRkHgYcjCxwqraEKoOMM08C+LQfCGvNbJ5NxV6LAclnYsYd7Gz2VosZxINVWGNCfC+afCxrEUnOZQMwZAThLsPODsRYuUILDMJXlITLNqhu04EDcUbA2WPil5fE8T2P4ex+E4vsyJfoZtD5hmEwWShhdh9pfdUej6GL4F4ded8Uqa6ZVQ3s4TGIbB5ZHg5dC0wJwtJIaG+htJGdGUAcstvgSkIJeBpAuF8Z75QxeL8UxDM5Gz2w1/CYwiKwj+ymaIhgTiB9DTuZwmPyhrzn3wvCcPhCB07CNPwEYik0KC0iRBhucMKNpg1wUhFDBR4DXiKpBa+Jcaj4Twfwoa2PelpEYQ1pIhwKKsUgnIuceW4iTfoQqFovgfwMWB/Anr8Yxa+mMTybiFKI4a4sOKSKeTI2ZKsYFjhWAwgoudB6scL4majFw+INCGXxSFOV5N/pDJioghc2zR7cYReMS1CH9j7QY9D9DM+F8bzPifgrFrHsTJiYIzbExkfjIgbCUrZtYPoLlhQQkjByTguNeD3y3xhryvDYmNcPlrlbQ9/A4IurNEc1o7eEtbQbwJsaxg+VP5bFPXrzXjBk+Gj56KbXXFjMpUUH2Duxi2KS2PxYt6FqoQsESExyg0Th54rhoIQH8+LQYh+GeUPfLwjosa8Jphz2ND/VGcGJj6mbcTxJkG1cEl8l53yXD4vhDr0JF6YvsgkhmIoYyeVtFEnsk0JjJsLwZcPnJGKHjI1RTrfM4fhrwh/B3xSt7HMBaMMFoQg1gtRxGYLCTPpRXtwR0e8I9lTyXmxPyb8YOiyPY4spPDYxj7fCFwM2ZZSWaPW4JowGxpBsfJ8HEzRmR7BHm+jJhadiS8mrXyZr5Ifk8KlBDGOiQbAjUGJAzxN4CbSNAHocMrY1dHoG688PmeU5nwPiLS/o0dH2Jb/SjffE46FkvGxMCWsMQgdTkoZYffwMz4Id1Ed6vpiGX6Mzu0zOVoXh4mmPw1+A+UdlYc+ohs0EqMsQ1CA7iNAhrxFJfaJYGolEJe8DkK5yjr5b4PbUkP6QBgZf9G3Y3WMXxguI7FMSy/Qw4KW64LxDQyJn6I7A/2CsLN4GtGj8UUn34aj5Q+HzBMYtuMZNOChhBihBaLUIc1FssSqUzboZnVDI4/TBquJwvN83lPh7TRex4e+jseVb4b4681yQYxXW5Gy+hhxIZOH4ug9RN2Iz4fkhxiFo4HkyXszLLjQfKE1MnflvA5xsVMNAUkFwDR4GCMg0FE8mISME4OhUILB2Sx5NHLF4Tl+LMpXoYcPSj/XgdTxRfJcIUxF4HPDHDApJeHQxRZF4XAyegPhw94QmRIbITNGMLa8FhS4Y+LwxeHYsKm4mx98eeoQTeRhkmilVlNHKAUyYQg0FSMWkfWBLlL8cINHWdF5k9ITBKAzY36KN8zhMXMJyhBzO4zCMS4oFya4SFFlkV30OeCtMX6Ac07ES4fYpgzcyJuy2UekIDvC0XheOxLGOY6MMlko4J0qInsboMRyR1cQm5J0MgD2eRx+D1h9GSPzfl0In+ImalB4aZj8X8QgQVpsM6ZheFEE8cFpCD2LhClCGLz0DG5xKwYpGQbOARvBB4MApgHFkPuERTYmdj9OEPiygeTIYiKouYuNaGl/MWLoei0DV4MwSZUEX+hCgxS6ZPYvCeSlyq6KDqeyjDfY8kH8SFyJDZjZDT7JFyJRJgTikyPpwYOGgmJRDRjYUetxlNyzseTHTIUSN0LQEihDEnRGoYg3dFNwUyeUQKi4y2HrB6w63oVwGAwD0SI7QzYIaericMoNqPYBswfBC4EZheZ4fpaKb9IcMxzaY/hCEGiGTPM8UxhYHqFTXHMeCBEXBbFPaHNg6UfBeDY0NRwXKH2Y6eWO3BK6wL0i7g/wBj0NaKgcNkdh2gdhPcaGLsDxXtweehwQbOv6WOkFpHcI4MVQpkSsGXWPTAwrE+GRB1g+DfJCzQWzJRDx8pqIZCkkLsN/Y6i9iFoa4Xh+SD4T40NR+jEiaK9D9uDKKCuWJ7lRRcKQdQoxC0hCGVzsp9GDQi9CwbSinR1EN9YMxD2P0H7DDsK6DzoUCTuDUKroo5Nk0lRFVgnhZwkGuR0OSnBYaYxQtf0RJKn/B5wP8ABofNPeDJSC6NeGJBa98zhnw6UOzaBOw5RjGmNEQc4a5nK4a4ohCqZpo0h4ckiSooE9k+xD74SbnMDR7JnRzsYzfJJaFnQ0kOXOD+5HpE2CbehWZ4J2jIeziJYmQyZFDQwQ/2GmUJ4aMsFEp4hIdB19GKtYyCYGRaXCEbGhkbFB9cxJX0SxE+yrH2Dt+GFs+nAVfBGSiYYZOXOIJCRVDU4RXAhGg2OkwxbwT6PQY/Sx+qPwc/+gjVh6kaRj+w2jW9jW9mvYNmHpGmRnaCdBhdhthjJmEKvsiCTsjd4G7cSo8MSrInsTMkMRyivJMbT7DEzFn3IWmSCRTBFjfKwOQnH4bCRoSiw4mlVfQub0LAwzedfpDWWXprhBr0Eme0WM/BX6JRcNFwNScPAcyQ8BiOhHYhMYuz7RnYyewi2DaoQvQ5Q0HQOmyoaYQ/IjrTAPGClUbuG1ExUho93wi7GIFiU9gntl1hihZZC7MGOb2Zh7Bj2IMw2uNYHN0VQsiC+hvYlZlvrs65qzg98Lk2NRzghPQ4rp7Zmr/WSLdYudGTySioVqQpDD0NWskIgta4eihmINIQ0RiaBHY6XHAlGTCJCYQT2LwLIgyxseyC2NumNtkbBkiNwhaaCSYUEiNFEh0mFsa9ieoVN8LEPJDYk7CoWhIoMykPh2WTSMjbBcyTWBNdFNjB24rfB0LWRWC1zY0y4Q24/h/wMsCQs7GPHBEKHkMMMKnXB4j+wsGzoqi1ckiGk1g2GEI64DOMqWskVeuO5pwCH+lczfqFGuIRdHrEOqzGgQu406HZS6kPQ0w4mLtTBwWhsHjoWOj0BOO0XsN9OA7G3RZ4tZPsFgTRDGmhuExDG4YaLungLs9CEkSbLgf2WwLNDdQshfWSDOBYwGMFdDuhGRZDUTJmxY0G86MscSCJ7NcCoaJou1gZXInAx/jQjoJL0dsI/Qa6MaBPtURdmUTtoSLCEHo0QjAbdiWUdlRTAKWLBgh42EIh1sba0eiZdCWMiUfA98JswEhsbj/Q3jRHoboESRg72ihVeE9FJV+hk3exiO76P+0QnO8Rd4EjBRmbcJ7KErQ17IzQCt6Qo6GTqPsxD7F9kFRS0uLOBKLGkJCaaHro3yHb2NX1xeEJQ17Hn4Kyu+/9iT2bqH3iCwjPgN7lGZCZNwzBd0anfEjhHoz4QmE3YT7Ij6kOdDadCISd3Adhlob6LRTPwLGMr4KyZBlrIhxCDJDWYKOhbFuOU/0n/Zwl4HiG6/oa4n2GofQcYsiyITGyHeHqR0Q+wyMt64tVZGkshUmNUSC30P2V7yNsqPnLG6sF3xWcM6md0NS2OegnZFDbBtWGxzBKShp0FATYkdEaeWVexrKtiX2IEgwnoZhcCJ6GbQ/qMyWSIecgpfZHow0FjWLbMdodGZiJgYh7SFojVF54rRpk2XwGIZR6FoVfxI/ryIKnQYQR6krkoML1cRUs2KoXwHNeFEo2J+wvRkRp5XEqBDUnkKmhoYdDXiG5nHEbLBlRJiZovax1ZH7CFEEtPAuxscx5EqYssjmGTQnqZImPcCHyyZk0RIZJaJ9C9QgbQQ0KLIoGRKhrOEI2FLYnFHQ0SLfgo1kZBU2KCcuWrauyWw5lidbC5vIQpo6EfyJBH2QKhBDySsRLR3A7gQZ0aBo9DJwOgjEhV0yWB53FTQ4tLJHoekg1yC+0dtsV9jRiXAwftgRkVWRCwIvRhcdN5EuyozZZnKJKJTVZo0ewTYFHoT0EucHioIVoot4EcId2JDIeOBMuxULGsejYz7EmimNMR/R1ClsaaGW8HaLQ9qsfdjqKKbFiqELQzZF3YbqhTkMAqjslGmuP9FwtMlwNFjWKOkyUlGsjUEYIlQjkelUdNDFIYTol6GfsKLOzoDjsUKMW0h7UPazgVd8VDTiYjNBqVip9R3Q0TyGNcKrj0NE6hp7MGROWy3Z2gpi1DHo0FBUrsRdjSI/CDaiwFgYo8CyOPsX1xIBB9zI9mLstaeORqoMWxOsl6jga6FmRrNQRmi08CdcHTQTE7g0asosTi7aJSYlMj6hjQyKa4EN7HlBe0MLBZSHkZPAlWhBgvRNJnrEoL3klgZpEJu5Kej7TJsYG7IRt4RlpRLgLLKM02BN7M0HdO5MUOCD3DDkaBl7GTshoeCY7nKsjkG0OsSLe2MfY4Y4rbo0DG7JiWsMW7PuI2ETYTorwjFQpJjd4FbeWMcsYhsdQhFodcTpsmM2VTFholOeiVErEIQS0NcrIJZijAn9Cmk9BnISZJL7EkShD0sRM0N1TITx4IL6HV0j0Fp5MmxpKNroOfQxZZc+0UtsnpiUJawxxrY/hhK2RAtmkMGlROZseghkxQ5leTtBJ7MGSpRI1BFsOh3Q+hb0DLBCGyNcIX2SnoetCCJoVOJCOCYR6HhwDpsY2UIWhdIRkROyKMfK/YzGYwYwJZWBLpoKM2odUoY2SGexaqKUSeETuSWCMkoQp9HuQY19D5+hVUHqKnsmgt4Y2Q2N8IU6GCywOWzWPhEPBYHJC3EakKBzFaI0doJPDPsM8HRhC7o/BL0L6mhbI7EhQOoytmSRVYJKRUT0KbFoK8sfoiy0b0OOK3oqIWoM07JWEJM8B/SMgZMrnNh4MWxQJm9sQYCEOsJidIEW0ZuwsoLZvYmt1xUgkfhDio12JHSGDeYiVDZyK/oPYiqI2i3A7FskReUZFbF7C9DtO/E5NMSvpCmj6jIaot0N6MxxNZsUEgkqvQ6gdaRCN6GH2JTLKEdox0Ngxk98DsiitjYFaEDKYPYJIJp1xi4vkoyr0NehNYRmJkOeok0pKQnoYrRDlGRGIgyPRiGYQC4o3kzBAfQ7eey22YjctdCErlHYpX6P17wvNTjMXkfnEbHWL2Ocm8yeh8NGbFJpjc2O0GBSNljDExYKCDApkxbbI4Q3hC2o0uisQzTwX2UZfT42CZnLJTIeiWIR2KhQ9FOj6i/AZeR+ipbG0NJ7EC0MqoMEoeMDy4T4ObYmkp4LslOxJE9xGbQinAojLPDxxa6CGyqHadMz2OzOCvsxab5EvaNkLsMGC4vDE6jUuuFIwCCDUfCV2yMXQdZEO3VEbYzqKssSMN9i9Q16HfoRnxCOhg8ZPWe5jQSbMfCEzkadIoXfRkxShn/RjQ3jVtkezoiK62TsG0wh9AxjUskesGWQy4FQT0YMJ7JLRiHxk2PYcJiCwjEjtD2kBbbEREQrsQXY3NIpuB3hXDIrsaEs8NrLBdbkbrwE6yEsnpHYyBvLhBMzuYj8mMlDCFedobA0ZFPCMW67RUsjNp0KPY1w55KGISIaxlbIEB7Qpb0ZsIVBIF7SO3Bitn2iYWTBqwQnyR0MqoT2Nr4mxtjFfLHAQW6xImR7HA7joWMXYJfRk0NhRgMIYa2IkNcJZHuIfBciYMGdbM8h3fBIGQ6PbyM/UhYNNpbNoNfZmmtCr8B9Roc3keQps/glGn7DHYQX2FdIMkdH6yIaBJM6risSjFhMdjmiTHE9izpvgKj2UEWcjpascaWsSieGxsJZkWMWOyERsZuxZTua1jUdKBwFBB4kpZXB9AO2jdg1eyqUSUyx/UdsdZqiWghsvsP7KFiyIujpAabWS+homyhiY02I0+J7GzAyCQS7lK030NKmnaKdhDVCITcIlLBJnAr2aaxFLY5LJjJbEZBHqGJumdcYGOfsXBIkKXHIMYhl5aW16MBF59jRqFdjsVMMplDm+h2432UVo4Idk9wWoKdCxo30NWB/YUhhekxLC6IhrRPoS7IYaLxpTVcEcCSXXGgGpXshDQgxGYkCyCKqQ/Am4LZWLWxBCBuKyhsPRGQMaEsBmWiKjUFyK4QSt9jN0e0zOAt4SKGbD0NThOeOTxgmKnR8J+UDi5csMnIe6ikCRjRaGFJRFpCarJa4NhGBniYm2RpwcrNw4CxorOFDyRPY0Y9CNodpQyRHhsjbY3di02Z8C9hZYPYx32dxlZggAg8o6sDUsCd7Y16PRFe+hKiywNJN5IbHRbHTWDIa0ZHBkIehyhOJ6CF0uIluuI0k6pdbAncwrZnFNyIeXiDjCzASx0S7IxiLML0gUTeBBohMT9PwphAdJcmBA2pwjTvEkmP8AgVagmG2K82Mk2ZCVldSRooEwMSWToDLYaMPXsJjI34DJlwCGE7HypMRl9CjlwZaM2T7jE2QZHZpMnAkKsQ9mLpMz7BMwcTX3CayxJsNu47ZV6ETDJCbhtCdaY2CTyEvbZg7F6xHoSH0z6Z9UWogvjLVsFH/gliojQD0hU7Y7M7ZiYOwxXLkvUE6QSfQRCHeMJFwaGzZFghfPJkiibIpqE4FxklHtg5RIVt1sT9oyeRsmKFloZBXMDZUQS9jSGmBeomYY+hjLKLLN04CawBLphklTLez/AEJ/+CEOGNijX/uP7He/4Few6k/94G1R0SS0ok9L/RF/+RBGL6CXCJxeDZR+NFw0NQQyRmNJj4V9tEtDlwHKYrKVHRi2XA+MMAjQyQqSK0KCmVBCMUMQ2UOE0Q1iaJrMzpBtnszNM2GIhpbeRN7GW2R2eFkeQkNpMHqlt0Y4EoExZX8NbP6ZZk/pcpuKreE90IIg0QOOEELSCgjpkyLggZRPh+RcFwhIyQguJ5QXLVEGscHRkC1mgrL0N0EhgqzsYCrZcBpvNiwM7DceElQ+gz4Gbn2Z4ysDWBD2JWyXoJPA5qEt54nxRhui+yQq0S5jGPmWv9GVDf0KQab/AECVoRBpriL2QQJGi8QSIQZSg1w+MCQl4Llifivivocpdsa8oYhIWgwiyIJBXQUyMkJL+j5YFohS4Q6aUGi0PLMWYaJkW+GiIJ+4e28mgz6ehkTBRzRk8lpZkV2lEK7DV0/ziRbhGnp/owISQ1wmMZGKjpnjZCTwpR8qENMXiheD4fCXkmNxE2CRjRCYPaYaG7FLg9bCQjNlFUiQj0GdiZhYYIS5xpsTgEoyC0kMHEMzxwf4P2YKMgtDhvThYRV1wXHFREHkbcJCXE5o3xBiJ46KYvFKf0wJlExsU4pSl4fFLxSjeBFqMA4Um6EOJCGiLtGho95Vi8RH2ZoGEQlKXCBiyMQxbHDuxcFqNkSoag9a6P3I54nwYmZAfpj6jErHGhn2amXE8iYJGIWQyjIicTzviYzRdDH24UuRrwxfBOUy+CMQsZYvQ5Fmj4myQ9BGdNwyjlVMpCArbGiuBMAWjYscFNzBIZNwb4ZTE4BFYgJbKqBd6Ptwx4oklPsVGkmElihk6URRBh3g5ci4TKi8XkpSlYmNvwbGgmiWhCGRIxRvgpRcLll4viiDEOTJfmxK1svsZ0zakdiRDETGRi1houEqZcQkoPSBOoWTSN6Me5MvAqO4WncG6ZGJrBRsho0y0W7ZYtQkbhiP/MPjEfAoGxTlfohmvIhrhF4aGNDgSTQ8vA/NKioouC8m+TLgyFVN9CHJNBjGapQaHvAfVoPZGXQ+gihmAcq0mahz4bGOIgkJniIpZYwrOgLEEmOFoww9RuHjC68WcbGyNx6LkonxSlfLD3wlw+GV0ozASfiaPghgNUnDcNeC5YD1cOjYT7JFvbbFDJgjwSQ3BCirRFGBZ4NhDnREORU0Bqa9GiGBeDCG1qHSZXEI3EjFYQ8YvOUuwxGzYhsWeQFoaAmxPA8BxDYTfocW3wnhRPkxMRCDSHypSdQ1R+FHww2Iog4Rw+XsT8GnDJabcGuTALQ6qJ6VZEwdKWRqR8CyHuYro2DI/alv3GzMKEDZNBN4K6RgZgzKYqpMxfY55JbF1NnaGJRBMmsZMaKQkwCeCXiiEBJIJp6uNhi4fglXC4oxRkMfYwQxcoh8Pi+RMuOb5aENybAw7ombyzJdkV8TO12hHYeakK8yFzE4feMxWhlQvQfw2nXJa0PEnkdEYTEvxiMzAKSoi9DexTEXKMNGRQKlwKJOC0MHYzJPY4kNniwCtEYKMTKUTHvjs0VDaMMcJwwtEg3kpUQY3wPXjbKUvEE4QjFm9CHMoJNjmzJS+8WAf0wQz2MzoZxUdhabHthizlcEMteF2w6XLEGIaHXKMJofvC1SHCDO4Geyot6cFZSkgiPhoTIciTWYBoUamLFpihZCyELRUiSDfCEQSJl4wODgxGgzvG2NPhWjpiKIaGjLzfMFgzfCg/6gyujLJaYwmg3Qi2Qv8RtnDBF5IsvWShaRJp8bx8D0JGhZWRsEKdGQdTM2piwsjAstcFF4nL4ZsItGPVIgoINk1M0MHgwcazG4LIkMQTE/IQwELkRBZNNTQYY1GNBccNxJip8LwnNOMbFns2mhAqilmSrAMUOGZEJgarElReBMMhuP/9oADAMBAAIAAwAAABDO7UMS029uqevu5OJOwTX1/ESkg0P1TfDQf79eP/FhHf7M5krEeaGEu87bIaY5bNNfXHuQGgyBV02zcadOf0dmoIjuKnwc0KiDAjHPKaKYEQjyoGtbskZ37lIC2e8ke9kW/HT+vdlzxeviPO7YaKJNpLWnBtPH1WCs/Uetqe9UktNUE1MIJfM7DLCFICg9v9uYpMLf9PnQ4XPa5X15sSoNsutdv1s4rFf9nlutMD68AvZOjXG9sfaCoCvdnV1/FUiW2/c7uMfklKAtdJd9uLOKRcAEHCxlgTpWjmMg4Pd/cHt1W8Hfn1tvGtMjPcUgVtPpKyN8c9t91Ut8ZWUeW6m2hSeqM0+JxfNcfOWxi6ffv/FEOazoJl8OnmL+UoFhiRoI3+fJHu89dawOQstHUSxjitt9FdUXTS32qTU++poSTK2JW1l2/Ko0J4M2vrBTddXanexA8cdUeVURLRUgbrFpScxAJKiEU9Sub5KDE2WiHN9+5YfO0nfdMEdlF/5laDTpM4ZzjpLSfoCUEJI1obl4cXKln0KRUTv/ALTr/Lz5fH/PKqMQTs67OWstyHEK/wAxv55T7P2rWuD+R06lR5/e37mkKY1nbUoKhkNbdqsDvh44cRA9S+FWIGo2HiUV0UT+2b63y8VN9qoHYRQqLaSMwcNbsdAdT158AqELQ8kz4V+cax+ScWS35vcUuILfhWjUYhw4T3AkkjzQ/Z10rrrH7Ty2f37077Xbc72ouMCnW8UboCPREGU0fGx9rwdwRU1VZF4ybGPeVT9U+E98eMdnJu9/EcFpgAUXfAWARaD+Z2RlXtSdVc81e2SAWi25y5IZy2ez12S6n9tnn/kYUflJ8PsiZ2HhSqCBoaUVrT4e+4578PWTnW37+TH33C+bSnAax0/Yy9+K+9FXaiAAmxvRW1x678lYMkoQw/YLPHawMs/57edP/VjymQGh6n8rLvf3e/7h9006ltQBPdT/AJig7n0HE/NsPdVt9YY206gVnm/9ZyHA7eZ8fN/kbNPFgTAkK+5Gi+bSJboAQaJOaLpFX7J688sXHZ5WvNQw7gb1Gbs/h+cIzYVrt5BnxH6Dk0UxWDuCaBWH23Fn239cxib5403bUNnsw0/nGtjEdJ6McNTgvwy3/Ef31nlxZENaOW8GUJCKALtHqpHT23631yKPi0u+NMZVI9XhdVctEs5CFMykZM9xXDdPAzX24F6a78B/km930q4XKTnjRT79P8OfhEa9xdMBRhxSPmcq2OyiULZVxhMG4OC0YOViMotKFcv/ANKtkBvOYpA/wWIPxWQfF1EHbu2+3ggFBsLguXeGIquqeFTNldgX452vB/CmgeVCn/hDsqwSRZn3cV9x5MlBqdkM8gf3xJiEcVt6qvfT+gkCHB+TzS1fZEk3B9jldNN/lVjDJDBnq/1+YYpvLmgn68tqQwe5r1r1Pqmo6Z2GWAtjQnBt5VhdufFG4zMsiOoZrVA819Uwitf1n5rL9QJ8nabgIuYoNFuwGG3JpDOAb8ruva5K/O9mYkiYq87dFFhv45IgFME8dnwCvNhufbd/No0guJkfaZpWN8Euc/edqxgMocNhF1MZ6EJ7lWC6W4pRxRXElsIbXUJAVfEQzOpGaCS21Dv51CkeP3zmdvzTPzF2p1YBIgFdvpomXLN2kUWq9ga6Sa/HTxQEx+rfEQ8Ajfrz9jtoznGESEcHY6lVI62so6agq0qqaohBdpAJKKCnJlbPAnLtXt18py/hHhlofbQIrv00IAWf5NHuLqx/XO+Io+Vt55D3jh8Np7SQXljVazy+/CGX79k62ss1L+KFhLmKfwZyKqNXRgcKnUrspVZlDhRmlxfila/+SIe0Ps/h/Lro/wC/EbvDcKg4Zywk5JGl+TV1zrh8CXfNTS0tokOusRvqtDDz1x7+6JMI6O9fj4ysUWa2hqW7ibIvCyRFGpuN9pjjtl2yrulK511VUb/O5hirp03FL/mjCceb6IIWELUR3eH7aFFauEo9fb9AS3zcWBW/KwwETF+squN5dDgFa4UcDQO4bm6wTqlZ8tETZa/FZ3SSYeEqsUMhAHwhtB9mt0HfMaTfG7RaSFPZ/YnBG4T4oku35VUnVIO4is6jkJK0ehEJVJQd/WKcGAja9CY6bebhVimrBy2BUR0guxSAJKDO957hHME6DYl5YJPPfQ5DvbCp/I51y/Sx5GRzRGFvCOkpMBd3r2hk0VZLs+ny2hZQKJbQVRwRabubwVcaMmY6rb5Rrm99GYQc/q4ZOK/npXdfHUaNPTaR9XYeD2V5fyogQOLSUanmbzVEs24bJ333wg/YYg43fAPY3ffQP334XoXPQvHYP3QX4P4fXPPQwnn/AP/EAB0RAAMBAQEBAQEBAAAAAAAAAAABERAgMDEhQUD/2gAIAQMBAT8QQxeaGLpix9rweTViGJelFsJj8YTH4N6sXssovKE/yXUMnE259PhXty+17usWoYuXwh8p4sWP/Iii5mNjLtLR61xRPyvF8Zw+lrFiXcLj8L3R6uEMvikTxYv9CH4InqvecwS1+C1j18LzQ/BZCei4eLlY+nlL4oYj8FCl8UQWQhOVlxLZ6rENCRCeKKUpS9tlF2iedWo+jXD5pdRS8UaELH7ohNYmhk8rk6Q8WX3XLFyh8rF2uZ6TViyYhj5usTGLGTwQ3k193UMRPV+yHr5XaxPqZFxBD4o2XwvjR+Ey8tcsWzqlz+CITWIfC8UMXLxDydQfgun6rFr4RMuIfD4hNWvudo/vV4WQghky9fzt+DQl5wnbRCEL22Lp+Kfki9Q+bRPFy8SJ6Lbs5RMpcouWhLt8fna4S5SH86vDJ2unq9KXUQff3yWraXhDZb5TKfRIbGLpIfD5WrYTliL3OVr+C6pfCE183i8SCGTtIePhcryfs3xCE1C5hNvd6ZB/OHykLJ1+8Uv+Fa2PYJE6WImPil/xTid3xnhBDQ1w/nkmXaXudUpSl7omN4xDyEJ4MoikxDYubC9JDP5jxH5iYxDQkT1SPwpcSGhei4eQhNQ2I+kJ5sR+YkNMSGsfrfNDfrCH8ExlaE2fuTleF249W31mUQ2Mm3J5Ut4XE1ISJ2hkEXVqeXbk4nEyl2EEPhPh7OIXHx8L3BEH4pYmf0bFtLjxrE+KQQxDF4Up8KUosutiZT6JDWJjL3OVwmMXFLxer0hZ9HjIIj6Yh8vVj8L3cerKNlKN0Tx/6p6ITJxPwnpCathOni8VwhvWy+ay6vJi8VkJsJ+CGIYnwif4UNiJs5SJiGKDS1Dxi2CPo/8AH+9wWfSDIt/gh4xD5P6Lv+CHwx9fwXDEPT1Z/8QAHREAAwEBAQADAQAAAAAAAAAAAAERECAwITFAQf/aAAgBAgEBPxC/ifpRi7QxCHy8fpCMbH1k7o9XCLio8Qy4vaCEJwNdzXzBIaFkykF4XiYkQRBD1ohCDfU2CJlEthNf3yh9JaufgZCEIQYuryu189whMJC1eNxoaF0kTEQm3hLGPiCRCE7fCxiyDUybMXbFt8F73hn2NQT5XD7axEyal22Nl7Q1jEMg8Xq9eMQli6Y8TLytePHi8l0xDFxOXqEPhDExiHqxeK6+T5GLpriERRPC1D4cPgWT8FKMRcQ8fYiGsTxctC/NNWvIIpdfi9RCdvxZSkFzOJwsvTRCC2eqHlLi8GLWxPweX8DxjfC1Dy8tjExPWuaTKXFqy+D4QvBb9jJi1fneXaLKN62LGIeQpMvSY+IT0hOF0xYxYuYuP6N4hi9Gh0XKWIZRYxrGxPFy2LWLlvV+J4mXGQbRconrZ98MQvsmPaLwYuEPEUeJlyDRBERDz7QsWsWLFs9mIe0Q9QhvHkgywQkNCFiGLm+iEvkZdq1i1DPjaU+xbR6xZMpOV4fI2feSkXBankIPo8ZcYurBfPC6hBoS2l6/osY1iQlr2ZBLp/IuEPHxT6LcSGterFxCF1ohMRZ2/gXyP4LRfPixdMYlk7XUxi4eMQ/OYhl26kQnUnEPrbcRceUkyfghBInN82T3nKx6tu0vo8pX0sfCy9vUhrJrEP0fo2Ioh/ghPCDRMerbiZRbOkP1pfC8taspRMhP1wnMxiGQguEP895oh8XUPLq1i9UPwm3hi8kiE1i9GIfVy9vxZRPU/J8tfhnC5aEuJ5Pl9XJzeb1CEFxSl2cTzfc/Eh5Bed6mfWp93mdru9XtcPV4JbBoSIQmwnc6nUEPVwkTYQnd6fHwQfDYmXwWMWwReKUv4Vr80Qngi+q15dRS8vtFKMWsXmuaXiExD4fLFlyeDEvFEIQhCYy8wmI++FvwTzTL4LaUu/YkXKUpeH9H9jF+FZ/PH+Yhix/fDxZ//8QAJhABAQEBAQACAwEBAQADAQEBAQARITFBURBhcYGRoSCxwdHh8P/aAAgBAQABPxCnyzkCXbsubIsjIJILOyTKWQ/AOT/V/n4CD8dv8jfr8ZslkBbZyF+uR2yywkRgLD8CSCcsYJDJjJ82nzPn6gPmQz2OM9s38f0s5nkLPZPuA38MFvGZxYgc3J1+Hpe+k+y7fMFpuJPuwnG45eRiSNy9sNEwUkGSDlhsYMA2FyzbLbbLB/GQXjDke2dj3c8kRxt2xgZ6+XT4jZ/sBnfw5Qc/VmeXVyT8B9wd5Z2f5Y/Uwc9kYLJhbJ0ksLKcgxnREQfM8+rdewH7kL1sAW6+fjA3FkSgzs6XHBZ8Fr1uXLH5LBLm8jTwjXzDPmxfm2tsON90GeQw6xpZ2EHEftBn4ZsdyA2dsEDZIJOQb+AXFlmRGbZnzDnxfMuOyb5CPbIHYOyI3W7fMGxiHN+IPpY+qZHGsJ4QaQd9s/cH7nnzB+44efgviZsh5NkLp/8AAwsJ55eyfEYmCDbNt2ePbPjZH3YPFvobD6wY+5O6F8/UcMHNg5BHvZ68v/becgeaZDrIOJMgvYryCBthYs/AaWcggmHspuRmXNmCyixYT+AF6Q9n/wD7LQ+7FOas/QfJlW4/E2WR8gS/39ibR6N5HgnrQh/Yp1GL0LO4/wDl84Zl8B0kNs/V/kc+PyHzHZ4vUknbmykMtnb4luN8eWb8Xl83rZ2IgmPo+bz5kBIgDqWD8QaYSYzq/N90n6y8QQn4/B6cLXcyzOkKnGU/Ng4OJYvIU9i+fxllkQ/J2zL5t55ZvbPwBTsYTkhch3Lo9I8+i9YxKldh81GWreG2qRfsh63RTEKHpPu/cv6tt94eQT9KRs4C+C+JHYtjKv03E5wg7+EgLD8Ny3fLvzMT7clNtJby9ssJtk38B2IOWSPfwPbhjH2OP6/CJ3dPLScnHxCSO2/GV3JRL8w/F/V7x0javPwG+zixiB2d+rGdIPq8/DzJ55DzsRry78wFgSvHC5mpAfWR+B+9cy6tTkFTB+llxPg7NmD+AyNJ0r8toZmzh7A+J34tU6w+0znPz9zcH9BFGg4j4g6dH3CP6sy/279X9TuR52f1byZ9mDbJ25JrHzdg32Qnb48u/E/i+mQ/ZLqXZ85H3kN+J/TJPyX+Qt8F+06e8s+Bnv2/uTCAkoeXU7OfUW7EGkc8k3fmJ7+Ty29Y4z1g5JdeRBtmS6xbeJWw/wAkCv8AyF+j62PgSLsO/VS5Lrum/Nj42xTNjflJ9wNteuSri0/gmXspCIHfRjDjXjKA+vSJ4b3XLPo/QIrhkMhPqXkeWJ/Vlxe3SP3M8g7AY2Qcmyz92P3dg+c/GNcvfk++SNr7lSY288nVlGmDPizu5I/V/EIkIHiTfY5IbHv+R5cESc/GX6v6sjWHbbN/Gz+DE63nl77AWWXhy/aR8iIEZ4iZs3ety6cZby4IeyciZGIBgdFh8GALFtRpYmMIByesJE0dSWIef+SB6YtQJD0rowRM+kxsRjSEej7Bnx/2BNKfrLY/D38Ht8/hIH5v/uxh+7lyfbD5tIe/q9uFaY5k69vHLrOSHywZ2dXyD6nD83MtLyF82CfxFk8f8vEnImG2ZZtifMce2lyzY5OJJHPZB8svPL+3Ifx57Df5E65bIGl8CxHj23vmEnYaRRx5a0DFk4GR9sHgupwQl9goNib9WBfEdmbVfMicHM+V2TS6gyMjFH5+bRRpkeMSEvRkNrHmanjbZPmOsOwF8z+NCHXy39XGwnl8xi3fibML0264n2XPbY5CJkx4vFmfH4f5JpJ6yGsOLDLX8GQ6/k5P0IP1Y+pZ5bHOL1sdiYTZyfqfI47DJ9i8uMg98uA/pOiYaCxufe4qD/pIDy0SSitfVZO287HuQZ/BVfGVe9y7PqxA/l3Xyzv1Nn4PBjp72TvYfN9/AsGxfORgX4nm/uRV7NkPJIn7hyaJ8kIMvxvL3B89khLn3rU/svfL929m7GZYTjZf2dT0ufMZMO3C9j3y95HWzGt10njsB5CLds5MQyAyZAR38gTMh0iG0HPxv7uvmGfuxhjYL+M/dkF3YJIzC68jPvtj8kkv0xChnVmX/m9gtMe1tx+sb1EiGbPQG/M7rif2PtASGADcTc/UgeIIku1/Vt3sry5b4fYAJ0xI1+NbJSmzAm53Ic+yw0+9mxZiZevJfDZD4bD7oyuiSHwv8vhHX5gPXen1AnZ9+yMM88v/AFPlsfg5Iy5HeSZ5MDIb5Cf5D+7Spt9sTlgfNut0+LN9s2A4zZG2IWbD4swv1CcuQ7Y3z8C/q/UkGzt/UcbNm8I/CmRl/uSGfIfdozwPXlgifrYKG/o2U5PPtLns/ZuOinFx/wD0l1eDj2Qqqn1bu7tru7s7GhJzC1zcLR5b3YJ3bZYhwAEfm2Q4STpFF34mdrGjkyB8yXeTyHZF7MznX+z+AWDnzE4LP3H1ZQbCZC97y8BzM2RPPJezkE8/G5M+Y85+E+/wTv4O+3Ni7yTsY9bCBst4Ts78ya6M78QNjtne2B5B8/jTYGeON+lx3cB+M1/A5etl42kdZxOQWYbGNlvfGQ7oeSAdefaXmJ8p2tfa7yri0YhymNeWqs8bwtc6GwMzOxz0ID5J9bYh29LE/sOTTnlit9PY/nbt5B3z/k3o/wBlh92xI6Xy0u/9l7IxjIP7IGhf02xU/oj1x9RmO/syRoi58tj4n7M5eRs72Xrvn1AEUaE9xwbYJxs722/s3j2TYPh+PfbhYJ32NPqOrYbIPLV3ZgI9k7Z+2c87GHLzy3+xuRjxkLdsMgG5kFvwlsDiyONj8H4HPwPbeWbI57FgmcEF46eSshPRes+/Cx8Y8o+BjZl+inqS5zYyN2Q+IEf1GVv4lnEnV5mU/WXtr42Dp2NO52fFlfiIgL/SAlfxNhrPuH7tyl6/rlztZ8ucmXUwPiz2fJex39pC0P2ywP0A2ZM9tsmkels8gvr+AP8AU42/DjOzq52AHVN58Sa+9+5MjywzsH0sLAs+bEgvkHI2Pfw8M8W4kl0g2YMvUex7Jvk8R52+Y8n2yV+ARccj8av8jsHxZsFxaXPu5f8AkDh6XbFMMEXVO8yGjG4BkUbnGeWpgj6iX40LrrOQ7mxbjtkrfDnkR0Mnfb6rPv6vJ7di/wDLUM6aZeYf5goCn6sNkf5aDgf5Og4gNHj4Li657ka9d+5Hm+Tunkq0H+knS/rZ9Hn6jA/c6eFwdGOnYO8YMz+xm0B+7AX7qwQwm8t55F/k89iA/l8+w/H4Zy/y8uz1bQR+4Ebn4H9SbDnk9Qx9/Cc5+JgwPibskS7xkQMtjsZfMP1H4Ng2Yzu8NlX8FozejY8GgZlskig/qMvy6GTersvzbOdeCGgke8JiNn5O3WnzLP7aPbM5ZTXfJSEn8gRRiIJThGgTQobz2xA7I2nIkDh5ZPLfDJQ9lsI8gjkb05KfMjOGXpanzkvhKT8MnB5LmPsfkvExYm4edPhsks5C4I/SVzhdPi7vl48kh+I63XJwyGQdwgvI+Umwz2cyD9/ghsbB7+E/GRNxPIfv8cSD8HGyd20+wt9k5fohVOGxBaBAP7N9gbaYkn1k5ZOBB3nl32yxukwuqfUNQslPo2CdZFuZYXIgeyc4R9EEEAEZB5YfiGci5GD+sH72GAtz9FzWPCcyB5ySG39ytJkIAwQHJhTzX5jMZr6nPgSTggHlw8nfiKPPurLcmfiXFsb5PRsn+79WZ+Hcg5N2NX8aWdvVvNhL24Q47Pbc9jY5qQ/28+J44TvsGQbrdy/c27P9h32D4WfdhthkGMwXzF83x7Y/drD+ot5GZIEddL+227p5eY9lOnmXDl8yyu2uTDsfMmpAH2TvjOnjag9ZB3mxanQ+oAgl9GSH248jnzDp7GR8lh9QWpl6XsCjCEHH4S7BasXJkYT5u4voySyoWMP7cfRJ+rCcsfYVTPSXauKtiHuIU63j+UP3KR24TbERk3S0kesGWGXjkG+3SGZeeXry1+Et/UPs/V82GwtjIwGXLDdufj58jv4JBMtsvr2SI6HxBS5df+w7rw/t0SAQMcPt10uNfMqnsCfM7k+xni2n12O8bTpCDysHZ5svhPzkci68Z8gJ5ZfmT6ZZJmZ8W9Z7d2OSQLU4J4Rf6fqOdI/c/wB/7C1eweHJfJtzyXfxrI0cez/SzxfD5gRkDxuwawYyXxf2CzvtnfYEDOWx9hdt3y/a+eF/kuchN7Y7yOF3fw7AlkAiR32yrSHEEllmM/y8/CxJ27JZ7dTkIbIXTJ6ryi2+eQpufB+59BmsIs9S5LyfLxIJfrgNZcIXxHNgRwTPZA6FhtiezDzyNX9XXzeocg/NwcZmmNrYImoR9soN/d0dot2OYORacT+WFunxjKfjYL22K9ghaxmSTR9LD75LzkLL9fjIGzvZ6gm6jhHPwe+TsD+HL15Zhs3x+F7lj+ENvxBeXIgmWmTbb29ZE8s+4svOQR2DOm/qIkDr2ON0wtIjBHL0n4m8/HLP4Ntm2l87bDligtQOQHgwACXNsFMmGvIuLsvEPm0I5IJ3Ibt6qWkFyd44/Vu5z+JD6H6l5P7wWg/WCKt2euT2JN0t/F8vuSmYtBigAWGEY6sDy+OTofhgvm5aXZPYHbNfZ34Y2V2X8FabCfgNntg9sfE63EBl5dO+F/khCzJviHPS9sh5ZthMZaW4HW5GOESoeA2bVsJaPsY5ljXYMt/JrEOC0WIIA+7sHxNgYwfEbZC6Ed0cthMuS/VwyOR05D7vnjLHs10bwA+p2Bf5PnO78yg50lEQf5LwM/t1x+L45GnzD3thdJm8HEhPuIRjOtvrQ0sH9XA326PI87LETm2FgQfuPsHeyM9ljby1+b5nCekOwuz+GS7Hkm8kZceP4aTnfL2dFo/GQ2xb22HfnLHH35Z1M7k3f8MHAX6fVt8HweMwhj04WwHfk+SQOPtkQwd2yOsN4fMxb8wmC+ce3nFnQl4E2mPJgGMLIyPuz93DxtZxjX1/As5PnZcJNKf1yU/sstUEQxtRIUwnpx5JvI35/DOcj9+/gF3eE9xitGAy082aPWfIy+IIPyHJ7eEvb5t5GMieX7TE5K7n4BsheXBYO3kmyJDjYW6f8ly2Jt/GTyG5NpcO/Fjs6k3Jl0YcGKkpeDmyYFSPcY9uGxOHpzf3c3jKQ0j2zx82xZCIhzbN5EOOQP6YfJyUnynBmYg9HkQ+wjeuh/t1gyzccWHsN/ZATQ/2R4FsactHxyYCQCzme5Nih8ifuwnl0Rxg19hfxzIuZ1/V5B7JOmXer7CteNA9tFeOl4mN3+8chz8e/j2bOwGdlqnhdTyx8z+p4GeSs+x2ztwet75Z93Piz8FT8DidVFlm2ZGbJK2ZmWQgib9RlR44xEyivHkkUExDuiJ3/bDDrrC8010/v412WEoRtjvlsuWy83/cLFkqBki66WM3HvlvCOeSJWZIQzQDCZuv1bhvfDtsz/q8lrx8gL/xgAWkA8tnnTYxx2fAB3k4HiBztgxqHBtnINmfUqWR4CxxLp40hi4GJoyg+lEtZXEb3Px2WYjv4SfJZZPtzs8iJo4yQy4b45dJNkyMlNgGCDCSz9yfH2L6/GGENY4v5HDYdsPuck7G3c8t+yR+FsdXbsRnIeumq3iQCLLiVx/sebNnT6tPcWI+IU6v2/uFfZsgb7Ei44t73W5De4QiYD9yca6xIm9uvUYwHIPQLEjT52aHHz2WP/JjWZ/WW7j9rMe082GQX+SAaibzh+rVN3LMB/dl9xDwtqSn1YGCeEfuJ95IQ1zGB0xrB5z4m8w3ElIcWbNjNr+0nfzF82ealT/Jku6oDF8/BP4O/hkkikLy3PI1+YIbueX9GTsaLyUeXvYDLqQH2P7K51upxvrkJOt+pYbbse9g+pGNu/dn23EsQeZAD7gkwsz5RhhX2nU1OHhAk6HO/ENLu+JZC8U2J1t1tLsQJ9kIQNCXPjPkGZA27/LuPkr4m/UzMVwWRYCtk8yH6sUcfqHIx/YExB/Z7hB9Xjv88kIOCEwdW7I9k7gXgbjT0EnC/qszh4wCM0tpxycojCujEyz4f8syDf5fBF8LgqiB/l9fH2BRBhbeXI5+HWS+Ie2QLUaWydE6scOyc5Z+CdkGAG3Et5y+Dbex7/kDnkkfu6eSmFbptzcvpJyTcwuXv/kxKVrtw3QeRPXrsQZ/9mYRBkRzNtBTRB9geHp83U7J38cMGOXhLYk8YQtlZZfXCHD6u4r8R9pv9t1rH4uh8QvBIn0ROo/l7+L/AHwsLlbhk+Qu7r/+TO68e8hXtfoNyBl8HZAff7ae+Rxj3YO7KN1SwtNiHHIcTfiyjoE5YWkDl8mKSdcewRD8Yx8zpCUD35tch1cJRqHhZN49k/Dxb+HdjY2WOTY5sneQr+D92Tv6t+7vwcsd7Ywff4A3xkfqdg4bcsa/lrB/GqyXls+z+F8nzMzmG7FrCmH/AGEcBLAzxuzBnHY8vd6Pu4+j/VADdThIHjYYBDMeLC63ZTlp1bcXy5wvl7GuvboEV+L1wZXp/cnWlsTgZc06ig8tvPl8IujbNA7A4mW5epFOxu85C/6hdm8LJ5aQBP1sKJrk7jV9/wAsmSEOmnkCcnwfiVvD6p1imSftjqaBIRxKLxETLvStr6U2fI9tWQx3v5Qzs+v/AMSc+Y/a/lveyix7YMs+Sw8z8Ovm36v/ACW8QbIfEZMfxl1Ownz7KbfeWucwbYV02+Sl795AYgHxLVuxHAj5AfCEMYg3luM2B2zcYgTJLh5Pr1j7nLAtR23CuR0GRekcZ4H1KkGn6nwu/OSKfUSAdkzEWqphyMJYbBFdjmBmWx4T3yH3AZyGRZuSP+x5TeTMB8rRYx3JzHH6kcbv6mZAfGWhYQxdtB6/GwX7iNbC3BLhPpYYH1b+r45Zvv5F/Dp/Lo5N1A+SGVz/AODOwG+/j1Mv1ZpZ+5Ijy0Cz5lWccvE2p9hIu9yB82G/jmDctQAbGZ6kb+pzMPLmuEhj1wtYeClhM5IQW5+YSV3loYWx2SThH+lyHl9/MQzzIxBzIbQxsZOPZfLOYH3ARP8ACeyuPuWrdHPEnxs3EsAjsNyDI8h2XGQObyJwNXb4yLKTuic939Qnxni63IUeg9vP4/MQB5cgGMijw3Dvpa+4c6/hj2+Yey3jloru+QdhZl8H4fZw+JD25e/g4eQmWcs5L4htX/g/D6n8h9xmz7yx+IdceW4R3tl185DhLvkHmyjAqFmWRf8A3YgW04Cl5EMKyPSRv5uOxfCeHl9gLQx3fjJ5Fx/cB+kNetl8NSGfpGnkS47kUr/iGtEBLsRciLjCS3LYOyW6fYs9uZ7aJANnhdl9l4pL2VQhOWBvRgRz+ieSn/5pbaA+DySgb5LGSnl7A1+rpMWyB07v/ljPLeeQ6z+1mWu3zsdhl3HS9t5+4fuZd8nCdvffwSOefh8j2Qy7shlmJLeufV47KSRfEfuBeuRjy8dmEjlsmt4gN5Bkwa+2BB840Ovvlt3EBskSZ3DPiduLI07EjtjlL9yvytcf6/Ue4r2JNcmd8WU3xah9T75fGIunT3L9nrLXET9TIf8AmxnnH6uIMPO22d/McyS+SMngW3XkI679QBcTGWD3kjJo6b82Cid+bQ+Q/kCbA7jEAc4R8Pts/X4hzvOQsMuGOzBrfORgXVGuWPzeMsfhxO0fwCOy7+VJT4np+A3EuWzkpNuE7H7ufjYBkb+ELJG6HWwYX9mza/8AFG7qfHd/hcojTMf5MYHdmEGYPP5LrgwUekKvDI/C2+QvguJ3GDtxB0/Nv+Q2GOlyb9RgQBgYXROSah/y15ZFyLluZAGsSHe2j7G42ClueX23HZdZHwbyIXRrdTTmZbsCbloNiEZzJVFIr/ZkWLhrZo7jS69/lxd+oX6/DbBtnGPX5jVodgD4jPqNdC13vxKM7/kc9jGwJSMz9xJryRJdDYS9fyUsHLv1ZZEx7fMn7jPwLT4QiBl0ML+yPgv8uSB+rgg3PiU+o3l3kBnbwvR+Lsd2w9gac4MEOIRpY3O3As+W8mOsgLkKXL6/M3DbvxCZL9RNntqoyHjBjj2BoXL5vsFa7dvm00Nw6yD5tHd/EzG/zFhhMNb0ANgEzOZZRzfMe3SRchd25zXg8bqCgbFn3L9fj2fxqzkSe2FuSaeRu55Gj0lfdo87d+2B8yfiBfYJG/z8bDnX8WiXZH/CMSclL+NLTZRJYfw5PkbOxtr9SuPOXAQ6S8eVG2ZObDsAZpKmq/uDFnwPSGF78OYyRh+yHOnIFuSPFhOXKctGdfiwnOS9W/gHIH4n9Z76R/C3Rx1yWYIeFtDSO3+Wzo42AfEv3EYwWZQ4ewnetg6eQBWH1ucA4iYUv2sp7yPWfPbcljvk/u0gvi8SdRuxuR1viemQZ3Za8gkhly69bH3Y+7PwSyPfw/8AFZ5BfpEgpeOXTtw9uWWSXxH7tPi/t56z3g9hyEQbYL0OS0hsxXC9Rvy/4WQpzBfMhNlbgId+ROg7jcIbP5S7q04vGBw+LeamED5j4G3kN8ZOjs7+LfbNfu1QNzI5yTck/Ug3BaI+bq5cy+1kyOQUXbGqAPVjK8mHy05WV278zxyYD6n25B+CyUZDeW8tk5cr8CmQOXrtghp+oAcldjvthOQfRP8ALI8/BtB7OPk+X6hmOp+pF+bpKw+5m9LKZkm3on2GfxnLnyWr4nPqczhBoPiJ35nVtA9W3F4Zcrd4fiXlk4e3fSNfAyu4Pstli2l0ASuGYwHfcggZC+TryI92DmxpnzaXYDHTyDvkPokfEDLLnBBhDEuQIenLYvBy3KvhGdGdMHPJslm9i76CIOI7koeWD19/AyQQTHtmH4Fvi12DnbQtJCXmDGbJ21eSPxLseWC9kAyWtiXv8JQZz0nOfEn1ZvzLnvZds7rfO7Ls+3k/g7PLZ1tS+tskfQ9g2sS2Pz4Z7aPt4PzIIezXsX3vo6ToT0GQGel1g+Vn7gpDyyHSKN7liMm5uth5iybjZYwy26WBrMi1AZjyDkmw7sUeStuxwjtkjHJuH0t0ieR7vjYjQ/tyetsSNMxvmYeWGcL58s2y+L5mIO7aJkfveknNjzrc+ttPi0PLUH5/Cu8v/u3efhx5Gxj829l5EVW+h8R0HGl79J1k4fVuXzeuQzZ+N/CcifbLyXnfJBR8ZZA4B3/kBNoT4ux+IHj/ACBYcs/5BpEfu4hCB/q9hGsdBXY4+zOl762bZP2yOQ8tQc/dpgPnSxRP9qTiSPCP0Cfd6C21dv5aIzGNhLmcexHko5bRy0K0ELsfL4TVn8nmvz8xkO29PmDwQYW8viXkeT/Ycm6wh5Ysz2nxOiAL17OPzP0ZPts/d5cdv0WayS/Ua3bELW+YYufxPUMeBsCOweG3Uc+bOQH4O2NjbM3kWfgmdf1cTPdsrRw/9tNHhX/JywAY0c40jm5gtjmukGEfTCBHx/Yw9f8ALr2ExydGPJs3SVYJ+2cgHmPi3nh16ZED94EZanuMf2B8QNhvmJckLNszl5vhtMiWdsI08l521FBdjAfWwfitTBIcvImLHM+7XJfcm28v8gzyfbi9uQfVx1PJzD7lYUmQ17ceWQr5vJ73CB38ZjKXiy/LOLl83Q200P2LtEQMajcFlD+HkTZn38fH4b2bz8FkrM6f9veVCcLbmE5y36gOszh9Vx0YND8t5osxI3s2wsgJIZ4fSXZxhJjvNTZTAfk/UKEP7k4OfcZrDFr1Ae7FuMwG9vollP8A4DhMyTxaEZZxPVth2Vw/7Gdi7uIhukC6Y+oMufjewyWGQDHPJj3PUQ9TPwdJJeclBsvxI6+bW12PIRcI99l2zbDfY4rLoxOwX7CfgTl14TyIYk5DbPse2RZN89g24w8mD1YzV7kf+zc9Rnl8PxvxBOcM6w3e+/8A/CIrHwb4LfUeevnL0AJWO7smzg9lfq/rLtALHaIDa/tYytyH4cvOjkZZL9OfMN1xs/GGmT7Ln54S8iHyEPbtr5C98kCFd/kZYwa/7ZE5jhDoZy9bv4apfF8SKwJPeW7dHkez6GyKp2F67Zp7+Gg8tJqvhlSvn2HluwvzL+7T/ZXINsz8A7aVjY1GCQG7trvIOwfgBckLCPPybeXy/HxE+XzKEwwPxvbjAvTsgCt8XfQQU9zlyJDP1ifs9Ztvz8pMmYGYfH3J++RMF+sWUNfrG6/uxnd7E+4PrOy3+8m30sTx8QAH+XYd7fLdAQbL8Af7HZT9bCn02NjMJjyO9l7ZMjYEO2frIYfcnIQ+icPS9Ir3HOyEg+2Gcg5JfH4P3JAsdg/U4tZzI6cgCXPY/u/6l/U7+OJbkthAz9z7PJipRHqVIhnpMYFswIrZfDLJMA+o9jUmWqWOztj8fEeSWXjJXf7pNOkd8R4gHZEG7B9JUB3g8g8p3I3JD7MHRsP9lA6WZgQ5ydIAuvuMer1kerfJDRs3I2yxOyjh/jLqb/1MZpz9z7p4x+gSqT8tmAfjIEFPyRQOfNgI8yE38WFkoBdRHN5fXacG/EcPyhjk2+IeXxeH4yzsEOWv1d+YeyY3D4vYcZdfqXnJ77ZP4YZBYQctn4QZBtvzO2mwe5DNPoblWk26xaQC82AD5Ey18XXt5ar+APz8T5+Ht4d7HoIfuNWBjsCU79BsOGuPWpUYnXgWKb484sqNXdv45dfIPs2OHjqD2d8rEb/mx7kSDso+FSLEnfAP+2wWvvljfpDsW2n5Q7/BhbHhsoXGwZEYnxCvY1Dc1gnZM/8AtEtmuc/GEG/MITMfIHKB2fIdLYn2Js7HkJa+JrW23JVPYJ7ctA6XXkdsn3JMmOPZ+jHLdsySVOnxZMHLbmPjI8UH4CNN0tCMf1Z4gGxAHRtrV+Ib1jps7Bl8QXxfPLPv8JJ+Q9L5Zy+jI3c7YA+L+efgYwdOPE+7rCegPLZPg5BM7ICpMv1d+RsPPuMhrtHxFYg/UHABhJrO69IJ+DYuOMi9eWTNnWCObLmcbdUZ9THaeTVt3exjHhJhsC9n8Ntgib1y8Oz27O3x2El7y+bLJWVe2GnbFviFvIpG/F0jY97H6Yex28ZkmfMsIdIuaMxyZ7b/AHjbfq/5iT1nD6hqvPiWsdE4dP2lrjywj2yd2D8Z+f8AbLySC8ey/q3eJDhh2NLTmQ8yy47bz9w+XE7DtaqXAYK65MQuQORbcHB9ZbM9s5HJAH/tl10tKdnXLt26eXcZlgbsATOmQ/8Ay3TAe7Lrh87ZGP4EPIfBvGy1TEcfw2SPVln7nbHI9jdmEj8IGzh/br21dlzyElJN/Cc3bXq9Xnt8ey3xGjGng9tro+ctCumFHywMB8uej/U8+RztqQPIHdF+1OymyNlJxjDyNs/cGT+CRg+5ct18mEfnGx/Dmw5zlihXhZfj0bYBu3K3H7yUO8nAYhO6EIANMbbYaezbC+p+pFWNS+HZW8Mkeo8g/IbMAJQbNsPzL+fIhuTdLryOe/h1L+NRsQksvEx4gbZluky55ZtmT5YsGCW+Wd7PfLITZ+8vaZzls5KmJk5MEvJRIKYnL9zxDfDtxAbLsdCyLxgv4nyH9W6fjGeEdNui1G1Wb2ZlrBBs8gjqXlpPficTIWAwxIkANB8R53CydInQL5LP5NZ0x8zkqdMYtZKhplkjdR7GuhcIwVCFrwn2GvNlPeCw9jKGMJxuHEhTyVguj5M0W+R+7Hzc/C27el0h5bt3LxszxYPZfi8fkcy5fMHYdv5L9275G33cn1x8Mm6JvNlXcxdwmMM5ZWAOXJHivFtiENBxETeAn7tJR+M3yN3s9sZ2cHLn5Ak+rV/AifMtOty5APlotvX4yeDBTy1BLaRZp7CnzsvNkdHWKn1swM52JiF5oZl8BIkvysNbMNydwFc5FwJ+7MGP5ZaEJwWTdxhyTGXZY3jHhifzkE8l5+XxKn38CPG1YvUHjOMmTbPfwTJZhsgVNOEQf6ZS35I+vlpxkO5EFY+ra5E+5PdEs5xHkYT5vkJ98hvfj8EOPu2z2UMG/EmW/q0+23IxPIch/V/EH6vDha3z7LLpD3M58xIFR4dIVla8OZIO245FQky/UQdO2YN9s2jYjtrfeTNGDgGfuHIfwwEN1sZ4g5OTn3kJP5LfqF3pHpDskVaF/V1Ykfgss+5L9wH3fLGessG3ry7aI36hN+y1aLTBs8nye+XybbEnOJfl7GD6RTH5m1fVirztgkOPqwLIvQGU4IerDnC+k1mcM71mEvpkNy8hhv5RD2+JgjFux9WjzJgs7Zb2GG9vn8N5Gbr5eLj7/wC3Boe/q747BNIycrEAY16MBXRKN3CM88n2KRQNbK+q2zChVmMAMs5yCkKSiHn41NaP1J3by3S+Ih/Bdtl7kF4Y4p9h0nFvbhYWnY5+AaQY23llnWYjiGzEdmjvlnHbKe9uZfV9Y9m4gIAh8TZkA36YVT899kgAFrdun2GJUHJBfu5b+NfwCeH/AMCBPIWe2W5H9tyzO23Ty1zb120+Qc7LL6fbG2/Jsx/2HGI7EfSTXeSc6gOwUD4tT8IHi2Om3sAaMGoCL7F8J7Om2z2M5aPJ57fZAPCAkiujgw7zi5v3Zb2XL6ljPm+beT6l1uDlu/l2Fy6nmXs5jNb1mISI+T2bQWYRDs90iNEuMgfqqXHXz5suh24LZ2+eYuZEAGvwMSW77rFdWsNYBGYke+Wa+WTfH4vX8Ehf7GsocuyXPg/G6ZD4ky8cgPmesPJZnvJB25qRP3CROVzBmQ/t96zO8t3G6QuMuJschEmZDA7D5EuSAbto/MD2QuM5nssZeQ08hYBfi+meKx4D+qw6HH+SPxZdfj1+A5Pn401sG/i+fgXPLbLkZ+CwhgSvjl2SVujmS0QPb2yfSb19WTPMYBDPLB9Imln1IZQHf3LW/sPiU+QfEjj43Iw3YF7tvORvzezwlz8NsRjHD8E+p/GWg252azS2wf03d7OjuXtNZeMJXcGRuaayGyzxuZjIDpt9ZPw2sGzkbMzOSADBcg3L5Lswdut/Ruu6hGmDJndl7t+qVbA7cPjvsjSz4cGViRvwM6IrNfM3kb7FCDfBbdNMz9S5PY5D+Dj/AMtJPz+9+n4+Z/sZcyeieXQVC0tswm3OR8PIRJyHFieMY65l3BX70QpWpxs/4kX5rGc8gOU8xbB6dG9Xv46JMj8ZcyOp9/Gj87J23Cew/EO2aSMefHq+tMLp/wCyYH8GNWnXzsmhvsDZSHNEn1MOkuNvcfZnI7OAzyBdnas/mQPsKfFmQe3fY9ch4k9uIYuF+SC9ZPi4SHvRI8DHAx2cdXJsWAOaY2XSfjYgRHb1ZHL1jF3kP3bZ8/jcIfwC/sCA4gyPZM4TGTgbKR5az9RAzyMIWtOZJ4fU3PJGPZ52BCwPMInjc+iyaekpI12LamkuOKScsSkDkHLLkwzbl4x2+IMG8Qc2+bgamwwE1Vyxxjx+soSXfUDVa/hcrp/GdsgIF+kPYKFk95ZTr/yHyQz7dpLi3gQ0a+yThazsnbNt/wCQiyv/AMnG3ceW+ez8MGfauYsj4/cGqdztm4J4R3+oWaH1hNxO/cbvtnP/AIXQJbPsL97KzT2zObcHth8SMV4E62ZKjV2ADfYvN8lF+J5D5gBnrbLPq6T6vmfUHOWtOtqTe/MmJ9luAT4ZO46eTImJekDgLKf1en4PDt5vj/4H5HYc/LeM3yck+fI+db1kVd8VZHVo369nd5lvz5gzyIOFsd/Vke2svu2XTyVMQZxBx3shgdiEbd0yRBkeGHOR4jchJa6fF/1ebzWLrvUtOA5n2ImkeI3d/wDbMHw/7bPf8JLF5Dyn94adAT+Fb9HJTSsftnydoYhOgZN7t7YT1uhpbLhy28dsR3ISHkTun9WFNxuWRd7kVXeSyPeQ/wCUYLALKPJEkk+zTEhVds0d5fJyucfqzkXRcW/jPwONz8AkU/B7L66/qfgce7OT9lWR13w8/wCynTdkd8ufH54+fwHTyOmQZEhC4Nh/sG/uGqQMVf8AYYCCyloSY8st+V15f1LDtluT33l0PnLMU39Jh0/EIfYrxDz4ixvthbfIn5Qkj5l2kjztgjoc0vFiw0jj5t4h5dFj5tl+i6kLvZaLp9SKr2//AFIAjFByD9WbLltn0sodwnaoPONv/COyAGe3SnYkHo9tVXH1Z3ez0nGQNzR2JGtJhKWcgbmWW2/hIELffZSwE8fZkokfutUW5pKVZ11lVwd9tKb20+Jy+Y6ly2ly3I1YijvxGZJryG42H9lDXkf3C5GE6H1aYO3Iy8XhPfJM2BWyO303xGzMus5l1dP95C8xM36+ZgD48vh92Tqk7n2BeinbW/rLEKEg3/oYTjl9AYI0Rk/JDpP7gA2OJX4jwsq3FJYOp9vti/dMS8tl3yxVpn4Zo4z21NP1fNfiww8xl6fVnbr5sseb/wDAgfqPLCPE/wAYvp2CPWWD9R582f8Aw48j9ydvn8LhuH+yrrByVcv9y7A89bqbDra36/UzbH7vVvxAsGewnxDvkGmQ7GRhheKFnkPSTEA+LMMpiu2AE5s0XLmvulCdXTDOJchBDRgECGmsVgRPsJg/ugIXswCQTT2Z6gbGOEjOWJlGOyy7PvJqYf5F6Ri2jk2PEScQcOoVsZcsvN+IdPp7aWvxYLIkWIDy04PLRvu1rixRjGx7e8kyPiC8viT9fjfuQH7jXAFsN3yHv3D2CMSmCB+S/qXPi2P7ePZ5L8vk9NOxr2zTXhM3puvZLzlhJOofbbXyyEHXWHyvZ7JIRONhKn4wy/ufPOyx7eu3zBl2QvKhLPifbANoOhY2sl2GsCs5G8BsqGuXkyNsEa/cq4WZ5kJ05DRl0mVambZSt+WO7qzCxJJAELK7Cati42f7fIkdCiyZELY5AdAy8LRHMMcBbEI7+rJOfu4QD7hTfDy4Sivjd/8AoQdKZwxBhwjOjOGhv3KQqocEPswdkJjyMicR48jvzH7XB7YoHYb6L7B0Z6nk+CUVwXScxvfiED4uSbHH4YObv+WcXz/9TT40bW1v+35/9lG/vWXXTv8As99JEjIHk48n6W/S7Z9xH2DJsSYJFnwsQbAAvZJ08unTJ/lyFmtm62T6ykDZD9cvCUGMlWmbOmLljqkPfiDCt434lOfty5bvwJQDEfwcgIkSpm8+pAasBuifuskHe7BvNw82eNnPei4iwhpHd4hdwhEzIA+5cfjyLDZ9Il35gBNN3UOgeQkF7GhB8xJAoXDnb+TzMH5QJhGPshb/AKurTt3YMA4/y42t+Y8wQOu7YbmPOxJR3v4G79kZndkfJwA/bjM+IL8pC5vyuge/dvunsY8d+4v1YycE69v/AFazPvZSwyN5+QB2OkZ4bVjsOAZ4NjQO3Rk3XFjwI3CxwBX+2ATGLpTOG6Fi9gUJgclcXGm1D8W+XCITCWI6h8gLQOs97eYmN5rsmUN3UZnoQjwkSGThx/yDzQRcKjVwIg65/ZDpT+wccf7eAYuIBkTrGRl55J+QybVQK5e5kv53zZnRkce5HBWRtQI5jGAUk/M3JumpDks/DChR+TEjx+0G/GMNO28TR/BfUNuOiQ3cy2Y49lIeC5kYSH5tA+A+djQwcB+ZmI8Cha8WsBktLB+LR7BvsCoTDcL57XfJ36unpZ2DPCXfJNll70yxmWMiMBI2SIRPmF1ZjkHex1eBF6fLBqyBijCxeIsJ2ILMe5dhTIwMRPo4WE126tuzbHEHE6uckfJPaJB+HIYEaR9hBPygfKD6WjWxwXHNSmzcgTdsUeThvMrmbMbI6+H92iiv1b3ggbOFzAMFs/8AIdIWqZyA7UOxAsBljNnT7Z6uHGz54uR4uc+I80ljERpD5EEG31nJ/YOQagEdOHSTFT7d/wCQK3EfO+RkMXwcmh8mPlEfEfSb4uHfZQzO2h2w6ew3lk9kLi2L32O+eQt7B9Wr0tx8vr7G50tDpGHtk6th9xkB0XETEedtPosndP5ep3/lg5/E7ANT+7BB/cs9egg807z1aQPZvvqbikvRIwK0zxIZXr5jKacfW3/+0hzt3h7CN8LGIx0cP7JecSW+t/dlYcyL8kocxvkC6cS4kyTCB0TE4/7BGHCzCJB/EWd4fzduMNGZp/SFL2CxbaOY2Z0p83K5PkOjIb7AL7LEPH2+MfD8AI+/xDgMmV+oEfbrX1gXfHW8fB/kMYXgMGXWj+IB0/ttSCa8NjOh2d5M3nYXYLA7CFyCbN/DL7O2Px7M+kC8l9SQPPI7yQ3aOW2mdhrI5kCRQ6MvXt+9/t5URROrV4ZLhI0xtwCvkWUrrmf5dlVgzrCwc5m9llymRGgsQpeLMLqB9h0+oy+J+70CjsX2+M/EQd+LQHFkjH+wc4FGxlr4YuZpPRqCWLYUUj5h/WMv/wBojBB/NlDwJbF5Fae/F+ithRBet7wc9tuNQ/iJn0mlgkQxk5DvLPQ4R6P3ZhbDl5YQfVhxuwOBr+7YnQ7K8QYHslbF6psfAFkaeHwWqyb+ISrnxG+Yc+YkI/5B1C8oybKBunDbGaEx6j44F8IZdOuEt9beTZubsQdZVPU9hAUUV+kYnpLyk7NL1O3KE8QbyB4PYg2xNP8AtkBZ/Y+T/wC/in1kw/A7+oENkQ+UQDD+Rxgr4ztu0ywVZsoPgx3vZAwH+Rm0SQwGB4YA1Z6rkh9JejsN/S2b7FcbI0YfryDe9s/FjwLf7I/ZBbsEwuzo5SPYBOb0WbDj+7goMOpMfm3GeQfK3g3SfwRZGM9/B75CxNcv+xIYWGJEwsPvy1TMQcPiN9L8sqRqlgPD9QDN3WIF6TlAZJ5YR1AkkHS+9WF84wGxnIz2bCacniQJ5fiXUfI+lsL7Ma9uGdutfFrEsWx/hJ/qIjnGwMDfu14C3IB+LOEGG8DC6DkLqP8Aix8GWMNIhmK23qYm6JwJc+LqmCNR5z9TgBkM8H0zQPF0rH6lI3ZkByWLW9RuYLJotEhoeSczY+e7dLeSQGm0N6/Ul7Fld9b1bPca22Ju26wXMsBnnGwGmymxZyE1MYS27e/Uh5llohmNh8UgHJ9RZmeG2AO+kezqRHq2AEHy36Ia6WeBdDnxEesjGt7i78zJnsrtcu4YUvETj+31EY9Z9uEluuS81FtWPAvW9hvbPAvLqbZ4GDj1HhmSnskZ9RGQxAcJOYusKH4RAvwREKDIQbA7+5T4P7BuGMBa8gclxgbY4c/yQ9EmEyYMGQDTM+bcH+QnkXkA/u6HB8mHQ/DlnlmPK2YDYubHQq5LHvZE4qXyZqzTqZ8DYvEu+Qb5UCTT428DstakzOGwfGXCWcSeuG/d3eahzOWqNjyGOZyfoxgDh83XifGLVqrwNx5bzvzdn1+Aeey7sukuHzHvaAP9uWPrPSkbnk3vrDjF2I8vlfLkszfEm43Yj5WFu26jtQCQO4wgm7V3k4Ts5vSP5cN2RdSBd5DHoW7vkfnV6VCKmWaDJw7Fj6LlaYScf/LVn/3lYP8ArbC6QOoREzx8rKimkd8HPgmzozK15GxQ+/qdB+OrNN5XwhP3MeHfCH5L131LxWVBOSR9ZH1QDo7MeoB3pt3CWmrcVd+8WkMk/wAn7EYEDP5a7lnE/wDJM/8AzPtwknDX9QkMcnLjHk8k4EyPxctcOwrjnbPfEiJ5yc+5HxK0ttrPSEemJNsS8s1nAvIPfJFzhF9iwbLyZnYZ5CdexrrCyYNszjxvknJoGn4pkj2IjwlO0lMl/tu6JBPofqGIHWw7/wARTE3GzvlKBST5i2BjL9tjgwUBxobGpDFNiDJH0LV15jGGpGCZaOXW+riCU0FM7tPqBxX8aXcusHd1n8HLCaWwwd/ZMuRMMnmA/tyfBZQuPmL2MP3AOyXC0CLPqQDhrFw1tuPqAziU3MRP9jkpKTOROXEcYM7j1YXyWrHGMua3HByU87C9JOVkHx23CJyvNu68tz1ILuDGDAYuMp/Y1fVq4BOLZ3XYQpybHQsffP1EmltcuBDjWWzx+7oeiR9BAOdlkNG2A6BHOz+rDSUkK3UolFukq0O3EPN+Jnzz9zHIdoJ9QRxAfq7oG3rmSkEf22mJX7jGOsI+v+SPSYDd/pJI/wDYIa8iHlIqAB7IBb/kJTDkgOrP3bhF24IH9bPrAkjQ/wDuAtTt7oP5b4RbR0f8t8k2cB+28g1+o04n9ihoPt6m342XGdtdmWOg/Aa8y3CgvtGwGyrztg4gD92WUWVyxhnG3YHLFwSHAD+zhg2BvwRfLSwYCQPwhCGF3vc790injkBQP/JMF5kf6KkF4/kdqH6h4JvzDdWPljLd5bof1eZRftaZHrMnPJ7fUxZjs8hzWs6rhyx1efcHUsrKb27/ABvkAlGIPkGHtHwP+SWAECjnr+1gTNsHBESdO/yxAD/J2Tf5F5xv7tmhX9zLfH1fGeXIDbCh2Lv/AJWfOP3cLp8WLRz7ks1tjaGQhiF1AyXoytu5yAxOYxhZAdZxRl80YRwOF4XLZurlIIxiR2f7HxXGCCWXqyyenJAa8h4nL2wwu/jmprBheAxXvLia1GNOwPvLFgzmOwwiDrt8htqtk73ZGRFz8GBLIwG3u+rWbcgT7LxUHyYg+IIbLzvftjRbn7s68QbFAGYGO8gg2Lr+Vu2kyzJPHzOLzg4f8tgNfqeQIQPb2ES7MONmC85bH4PmxD/uBwgQvGxTVjDmVmYeP/FrSxauP7sF3Gl2hk6ef26w/wAkOCEwHNNT/Z37bGvL2bxsQgvrbUR2K+jcEZDb8/V4eR75McT/AHZNHI8V22fdabySbTYs8QD8f5JwYvzy8frD4wQDS2G4dt8zjbGY2cfG4A2czB7HJztiOhCeyzEHDTf7cc0IHtP+2qvM1OE/tj4m3ZMGIXcz+zvD+bDO8QaKMs26zrr6Se7mfFnfL7kOxX6QVsNa9+rIeKcs/esHE79So/SagmyDJ/k2NwmhwEkwx+0mghv7iywzWLsvqFG2t3peDckPPJAngsE2NgXqRDq+LYnBtSHb1HC5jFs8zk4o6SURhdB3cQBgNTfSSp0j9t7jlhPU4vqaBLQGCoknTW50dTyZqWP0YA8iHDKtiz/yL5oQeJ9JAdmw2+Za1YwdIs5RJlk7fU5Io1GmdHYvxkNRdQYs6cnhyCDqnZSkTHjcEuDr2A31m9X+R2qySBOEfKYg67aQhZV9in/3yeqy8dOSQ1t1rkciJdWafS2w7O9Mjjn+pYPtmuBaUBlFOJaR0XDWv1YuGMT6gSKqw17yGn5vsYn2Cngsp/smNng5toXtz83gW8lLAm5CB6/VovY8bccmwYCTNLD8SMHCVvqF1gperHBFtbsspHJGtAgd6IsNIXIn+Stfb6ncTn4w6prOODf2Wkg3fghz5JTxyz1fwIyNBsRpGEBN9P8ATO9mQzpP7AhGWzheCRmO6h8nZhKR6/jQjLz+QcJyP5khDSkYhEkCEsXJbEpNsQyC0YxHBsA49RZoJJ2O/EjnKMMJO6bjmo5rmDdQeX0Ik5M2xBCz77j9wD+SgECKA6y1hJ/LfGfu8sCQYl/lgDtk6JMPeRsC49icBrIHX3gSGuxubmEvtP7+ONBDrPmAS+rmoLywlN0tdP1MJqE3EsZ+4r6LYPUp+okjm3KtXzPR8PiAA9Tvf+IoNh4fUqvY2STMYEfyDQcsuDyQEYfD7sx/icdDZ/gyU1cgM7S8vWf+wJSDsiPqS4DJVTercpOMmx82Vxj+o2i7TZ8mxhVIK97uzUzBpuDriNHDyx0ht9ovCSDGDrCFHjdAdyXY9lYZHKcsGdfu7HuQA2aRgb6uvjLIppLusDyKQvs39Wa3Iew9sWLzTyZZ5NMbLBS7nxZgCwDkOmhyI/yLnnlsHI6ojz7s2b2aNTYn6klBT1avMOdmLJmSD9XBZR2AmnFqNqh0Nspu4wrDjYyFfHLO+ZGkxOdurHT4sIcSP68+LrPZIddMxx5aosEudgj4fzdOof2Ch/kxtBDPvFBEzqRQQH1I3n+QukD4Olh5p39R4y6ia3BMEXvllW8szNtNahx7cGg/clnr9yc0z2GP7s6sQ2Q9sj1YJQSl0hTm2k9PuGBgbTCbAMn2RxjmP3eAO/F3Iz6vjEt0Z+7Gu8i+W3cPEMZkiGJCnL9JAHgSa2PBPIA0K3YcXBA0i72zB7cSjsaB8Wx4RXB/t1glhmEkGTdPd/UUUZKAYXlqIycgQy2hL8OyChz7bMvn4WuxkBBEwJ85ApdWzK0QMDr6vlBqRz4VvztpE1ZnlhEwrN6Tto7BRrSRSmt8T6j4MMjK2pBbi2wWFh0bM/p8whP9GKz3+rpKrbBUlCE+bWXLVn6IH8sS3ZvSnyMW+6tsF3QS4XloEhSez1k8zgyHIX7Nm58Qy/yERaIS7A4Q3C2fidg+uQNCAg2VdOQhpDF4YO4wEakvHsk2Ouj0hp6kFBmnsPrB7dkAzAIh3bPvxCpeJ182coDH4hJziQnZXwIkiX2MQ1X2AFBtpBmPls53y16YvGc5JvAsHGjnk0W18Rh19kyMTPqGI6PqGXN7H0fEwfpCCFPphB365sXwGpN5grAx2Z4TOoQoFB2dHPY1vjK1ONhTo7Ch6OEv8EGwCA9A2W/uQd8+XOT7S7MxOnX+Q6//AHkO8ZOcxk4d2fOsh5Cej5P+Ee/+iweifyROsa2dhmVfB2xHOSz3JtPWSRchtsp7cWIX7kw59g/7JiclP2JzlnUbatYDTmTAzM47faTVMbnp82+WRpAXXsWj1ZOdsodTvBmQN0ncFtfYC0hs6mp9PG3Eef2JhZZg28dz+w0o5f8AAkerPNkNmdH4svkPvxKbZz2viFuDD8Mem6tgp0skMhG5PbwHc9iHxf5dAfj4sDvkRbENYdwVG5HR3EiLGi7/ANvsTf1JzD4fUjUho9v3OAzozrbXFPAuyPX1BCA+2bBr/U6QpvjaP/BDi3jfI+x1JPFDQ5Fxcj4YyOphjhI4MtvXsQAwWrutmdUsHL6Cllu5z9xod84fqKQSMz1skSyOP8jPOWFM7ex2ahpJ/wD3ykVETWmsizAbHLutghyYyOs0HU+0kjcwAPf3kR3F/GH7CyATOaGyKFbGEwned5HwYw9OT8GXwBAVzkny0g9e3ynZPQLPij7Pbye81cnPDs+FufcQczs2bROkBga7hJbl562AX+JW1v2Lgh+gRFakIc7LyofcQ3y8J7zEoXPmSCfpdNGVC4u7D4Ng8cJsWd6Pxw9smfJAvyZbh9iHvlzP15MB04Q8wbP8XcOsrAhiGCnddthvHxIHcchXE1hqcadhZdLJ3mfFmgTmLgw2DMXpJ0Uk3WkYne6h1iAFsFzPqIaJyYPyBRfmIEY7wKNwIMfmFnrnb3rHkyTeFyBBZkbp3+yr/wBET1RNgaWsdlsbtQa57b6MkRxsvGbJ7FYx1lsHuz8HW0EQe7C+W4cfSJLG++lqH7tMR05ey8lDvJfH4WHTlk1UnBKLK4ebFBgQZ9Pmd0W3QSQoGyP4MnRcPjZaBwl6f8SaEfKKXofiYHOZEM5CgeooTpYg4eH/ACVbuttjDup9HwWB0kD1gSTwYPKGxG4ZYyTwVwhv0TNTctZyepyl7fwj3Fs2kYwjFrCYOIYkGtvTJbHo+JG+ksENvi+5q0ZBH1LGB9Wc8n9sG5f1svb27zjZzXlyDa2Oe5bhhZlvG/u4CgfHM7wf6su72K7TkBvUCMMP7A4EnHxD8ERRSd37tKMQ1ywM7BMLxGCdeJXwMGxOSaYcslFcSaWHUduJ0ST5UkjWE+ZvPFncgYr2XEO5OcTkrrX3bPMd3Z0vxkWd6F2DrpepgiRdJwfCsxoPPu2G78ckCWDpJqcz7kxHYKSA+Rkh7J2SV9y0G9LYoB/I6cun9u2aMMPtEge07N43z7mTNtD4vO7Jqbtrn8JQCaFp7J+BkqFJ3Q25LcsB+IFYOudbPzBNJ1zyKxo2A+EA66y2QH9mftJE2wtZjC8E4GluiORZ+EBmYGoiHoG08NsXfEDu07vi9cv6kOrn6smoP5DtfhhTvpF3UxcaIMqwzvttEHSoRbNQ4ivMrKeTh+rPhJ5xP3AidnDILqb9WvBsaD+B/knCv+RhQNkeFD0Hv2zK/llDSdgzfmYHAfU+fH9WKHHuRzvOTcL/AN3U4Z9MQMiMb2g/uDnViRDDLRCAvuNOHYxH6g79JeZuy14kblMXYJ42D95ODrBI91uELMuuBaIMLl0uT3s/uinYssidZB1/kbBk2vGM0/5AHnkDsMhTAtlOSxTn1L3OSUzBYbivzJU3Uzk45I+J9sHxH8ucov7kvRIBoUfqPIv3atSBOOSPsRxRlPxneuQR8X9tpxN4df5JfS3PYtmge+SZwz9E88a+ryGH9QADb9F7p/yciX8XiH/LgmsiNx/V41/5JYZ/pPTUD+QhV/kRwP5dQxmNTdXjZG5/t5+v9sfrZDdbIeE/cp10/kJ//CMc4fyC0X+WjQ/ZO4T+JnqE+Y0lH6C7KWaDDW8xfNvNNeEfJnEcO4blWsDmSAjSbAFycG+QxfsUTn6yXQSaJA5AFTt/HD9WH4v3ylam5BAfN5MGiIQ9JnDglFdhfRLhxzEr9nWByWhNNswJwHy2GGQGUU1jNflajvI9B5ZtPZLw/cMMN/sC1/vYUf8A0hOzY81mCX8iqDP5bPP8JZj+urYo/wB3uX/Lgi/24rmBZhslXJfiN6x/kron/YwGpMHefufFSwww/wCSgnOB9AyddAH+Qy+f8lmD5AGuWl9z/IRE4eOwvn8JBrYx+4LMk7IttCdaXbGBOn6WnIDnFfISbrsstMQ72zV8gAloMD9w0o3IpMFgakA11ej726NufHl09DPZ4s+PZ6HscA5cnUsyvYMXyYnHLpyW5fmVdAnzEoDts47dEZKmp5PdAuTz4A2yffu3ruPwQ88cZVPr82EBxI6cxG6U6EF+p+hz9WYuAfDL6+Pq8+T+y5gv5L9F9FtBf8tm8/tbA+v2LD/jIZgfzLsd/BOdv7PYwsH2NkI3+XKOfQSPB/l9Y/5IftB8OQD1Z4YuweeWncGIHlweWHpGHycE38ITfLxLhlro/g65L+r+YP1JsYOz+rY1+IGTnskbzZEQhH8Bvj3ZwHRAwGad1+JM6+8gmZYXRi7GMiBIGREkwzftg/c2LX3llx/sAnp9kgL+psPi54yyJCM9tmsD5sx5K9bDh2DOduLR2GeT+RPYvbhDqM31dcip6YHE55u+z7vgQoQNcAt16f1ZQU+id1kyI79bGGJ8Gl3cj9wHF/oRxgP2IH/wo2c4/q+Dcg3ry2NdQ7uM/AX/ABnBH1vYSaySlt295rhJzuQAgJMeQbw/Ak5GS7+PZYWj2fwtuzJfwluQ7P5fLTn4CiIaGdcFhKc+rNv/AHHfaA4uWcPZ+WhcKGxzb4WwGNgwbAHxZGOy6diDpDnPLsTy0e749tnbrPu2QDixbjDgZ2+W2Eb0bIBsAD4bLB7aHLo+kmzrZ/2Fm8ITqPqZLtn3yFA8/Upw/wCR4wMJ7z6/HByPIQkbUcgwB5fqiG5B8uWTm7YVy5tuX6zqaeSn5gU9hwEIHzLsf2fYNsx8hdF5fEFxDyU9/A8iN+Zz6lTw5AlsN73GN4wDq4Xm96ld4QIPiLzxuT/Yv6gxBGLj8C5aJ+Et5jkIDn+zjZk59Wc1tSBgKETZ7Ojr2+dF4ibKHTLTxPnkeocvPNM8cHY3TxLZTqzHOQ3OJ9Z4/RLkx55DnFd+5sd2eLrYez8/bwElgMuX2WECEJReTgtI8tJxgnzB9hLu3Pi+b++WD5MSuM/FOHklZG+', DATE '1989-07-20', 'Ourense', 'España', 'bio', false, 'ROLE_USER')
2017-12-20 20:14:30.913 [main] ERROR o.h.tool.hbm2ddl.SchemaExport -
				Duplicate entry '9' for key 'PRIMARY'
2017-12-20 20:14:30.914 [main] ERROR o.h.tool.hbm2ddl.SchemaExport -
				HHH000388: Unsuccessful: insert into account (id, email, password, username, name, surname, image, birthday, city, country, bio, privateAccount, role) values (10, 'andrea@example.com', '$2a$10$Tt.xX1i5lzepgcLs1wNH/O3EqLA4Nxy8pPuhtB36Z2lEg2TeOOY7.', 'andrea', 'Andrea', 'Rey', '/9j/4AAQSkZJRgABAQAAAQABAAD/2wBDAAYEBQYFBAYGBQYHBwYIChAKCgkJChQODwwQFxQYGBcUFhYaHSUfGhsjHBYWICwgIyYnKSopGR8tMC0oMCUoKSj/2wBDAQcHBwoIChMKChMoGhYaKCgoKCgoKCgoKCgoKCgoKCgoKCgoKCgoKCgoKCgoKCgoKCgoKCgoKCgoKCgoKCgoKCj/wgARCAMmAuADASIAAhEBAxEB/8QAHAAAAgMBAQEBAAAAAAAAAAAAAAECAwQFBgcI/8QAFgEBAQEAAAAAAAAAAAAAAAAAAAEC/9oADAMBAAIQAxAAAAH1TZhEkLGTEBkJsVMEABMIE2JjWMlIQwTGJpiGxMATBDVAwTYDTAHAMsTE00xBpiGgAEpIIziRU0kSaVDFSkkBiqu2tMVN1ZAnCoKxEFJ2RjJqiQJTigpMhJoBi9EYgDli5CJSITalTZYiSExwmAmNUNANiGCYhsAUkJTQlh4desPC3ntHwuoaRghuEwoAAAGmIkhKSBMBMIgyKmoRJWoYiGCjZWYIWRqCnGFGTqttCUikwEKSJuIBIipJekNSDTAZKmAMBDYgYhpBpwmNUMFIABAMsHHOuuryHmK9p5PhupwixiKs2862PT+g+aM+zafkn0nLpOMgBLJAgAMASYomqAEQEJpwAUJoJJhXZXWKMokU0JSVKM4iYJEkyuTATYk2sFNHSAkTUiLGoDhMABiGAmoBsTAQwAYhhHgnzXU9NyeW6IyVIZDLI0h2FWipkJWVEvS+a6cv0u/5fKPqx8o7B745vSBihgCTFTBBNAADTEDEDACnVbUYoyKgpxhKQKMkQjYWRJMiNqlIIDBKaN7CAYDTEDVSTkEwTEAOAaAGCaGV1Vpq835yzHyJRpgElZGojmtlQyVj1JzoQkXPSzJqqmbeZVEvszSOx9C+Syl+1P5N6SPalNwASgCCYIAAATQNMBSoqtqjGmaJBCUgiNkSSEpFRG7EpKIEkELEbxkJMBjABWBCGlBiRkmCaGUTJGXjF3F6vk7FwnGgaJBKrI21xC2uVVW0zJdHmTiqVeyt0cDJ0OZQTkVS0szK2sAa9X6T8i1yfYjkdeVDUA0AhRpohgAAN0qbqTGpIQykNIAhpiiYkSQCaIkha3JJuYQmOhMhpigECkqSkgTULmLmV2+T5zz1ehh5tGnMNGiVRHIhKUTTSEQQUnKyKzVenMlpiueWnpHKs9LwzA466qn2KDjwvzEooJII6H1P4564+hIeagYgAUgQMTUqTTDPozmVMqI0gpIBqgGoNIAQ4TREYqhOJvaaAyENgNKAQIYk0PDu8wUdHoeR1OFydGYi0EhMZOFXxhoKYuAOMgtt7kc/uei6p5jZ6KZ5KHrGvm+l05px/B/SfFHjpXZjbDLbVauRSSZAYpfQH1XufM/peYKSlEwBxGAEoypMQZ9FFZFIIsERJCGxKSBjojNERqENCUlW0ZkAwQ6ABjUIaUQ4r872PPnoPnnp/nmoVtU03EWipuveYzrcwihj6c/bxzPRS1y2XU3FjTIEiyMpsyeY9bxjwHF9jyjztl9JO6i+q69GYcAVDRZ67x3ck+i7/IeoW8DIBiTBSTppqii/OZgZBgJpoAxJgSHUVJQRlEAKUbIG8ZCYCGA05UAqUooOEjm8Tr8ZPOcslWaDBSSoBBJM10QtKtlPaj1nSz2w9WWS7dOPRGkpdXOudk22U87p418l570/lUx06Gc+rsYaztgkKhpyqyBG36t8e+snWUlKDJCMkMChop576EyMAUkoNAMRAxoATiMAiNUKUTe0Q00A0rTITAE0Vk6Th+R6nnrKZV9w8zG6ipISACym7CWmvpQ+9TvNtuS2WdlGqL9FNpbONhOSnoSQkcm2uXyPmfceQriwaSahTSpcSUUxMStqZ3fpvy36hJcRnKJkAFDAFJUZtWVMrGJxkAmA0RYDBiJQGmiJJUJhtacCkKk2iGpQAQIOV1fGmHibuHZohZ6w8NX0eaAFEo2krqr4t6GToHW3YNojPbGroZN66LamuuWVSbJcrNXoHxNxthCwp5Hars8HxPovjjhY9eAUYyoTUrB1J21kvqXyj6FHqL898SQxMLGmSpip5deOzOxQDkRGCUkAwBMEAAERggK3A4BoTTgGERixBlXgPZYzj+b+n/P7LtOjgpzMNlVqkmK6rRI7qp26ury+nHe0ZNZiLKzpa8dkunPwuAey4vlaD0EOV0a6HpeL2supr5uk6BXZRz+k7Pmnnvr3zU8+tOaicLZdET39cL2OfnyZeR6HmS+7ty6xiYAUNNAAMmzGVIBSTUGkQAmIAYlJDQxMBJo2jQSiwaJWmgjJUmhOBsxdaWPkfSWHk+fZGzzcZwEBRqzaUloz6yV8FL1N/B3HTrxwOzycmY52fXqMF92Y3d7gbj1N/G2m3Tzb5e1p524ubdi816jHXzHz/s/PRyNebTb9J38W9PR34uoeKl0XLyPVfL/qGaxiAGjEiQnYZNeWM5KIwBiZFiBMAGJSQmACAUkbBgJtYkkiYSgAlLKcnp8/eZt00ef8Z9N8xZ4Wm2kYFLRntTTqwI6MeUl6t/HsO5DB0Yvt9F0zxGL1/lDj0WwKd2Ur6Zv5fp5eH0OnamDbKQSaFER5Pxv0r58ecJqul6nw10v0j1PzP1tmqnrcyXxP0Pm9KJoATKAaAAZdWQqTQAADIsABAwBACYIYCA2gAxKAI0wQ1KRkGe6UQEEed1Kq+NUb8Fk6yURaKaskVysgQZEn2+D0I+rdTkds53H9HkPmnN9b5Uv28vevrux5j0cdHRnvJzquskmipTrMniPd+KPImqos6ff6B4S/6N4Q9vowdMzacHQlixVJJoNFNxcGTXkKkwEwABAAMEAJiGpRAcQU4m1pgAoDhA6SkoQARYCUIsSp0+d+b9F52x9Pl9OOWBWh1yKq5xLd3M3GLZl7R9B7/m/Rw42Bh8j7yg+YbfZ4lzdPLDLr3cfYdLRh1Vaoqx1yrKvOej5h4DD2ece36PL9BWnj96mIhnKtsZSgKhggMExkcezItSkhA0GMSYIEA0CYACpMSKkjcwAGqBohkqEANABBVajPK808P4n6h8qse7D6k8v0Y3xyn6HgFdilRKytKfU+W9Gvtu/xO5DcWSRIx07q1w5OvVHKs01l2vn6V2uiVzKIEc+qo8Zw/S8s9H3uD6MmOkPnV/nZfrV0ZEkIAKaaGxkcmvGlYmKSlCAoSapSESZCAoAECAYbGAAANABKAAmQgBoATKp+QfYvlNnF9T5W5e9q4lie35nreIfOJES6LiQ7HG9CfQerz+hLKKrsunmsLIEBqU5aM/QVcu3VCQmy0EwhYjznP9RkS/p+D7B6LyOLxCv1HmPqx121A0xMKaGAnEcmzHZVKMgExpqVCdgCAAQ2JMIk4iHEr6fyP6cbhpUCRgwQStAAECAACr5f9V8DqeNs39SvL9m/18cz0e+g+WYPSebtnFwkj6ny/ZPpPU8P6iXpPn8k9ND57ee0WbYQvrgmyVF9ELEUxsrE0xgCzaMx4bqdTQvg/N+n8wmv7D82+nkkyUTBoQwBuLpY9mMgAiBgpRVNCMABSEpRGhDExAj5b6jxHQPr6z3jAlABphFgAEAAgKPFe28nXj/Qed9NZ5L6v8t+vSuEknk/AfWvl5niFsbqpRv9F460+h+fzbou3bunGi/HOtSzMvvxaauikjhKIhoYIWa7JLHTl1HhvJ+3Vei6ilAChtNQTsBgmnUce3ERARNkIcaBsiSiAME0JyCKkhRkj43Ktn0v0vy36gSGiSBRiEBDAACE0U+H0fM15TVwvZ2YV6/JLze9b1or8F9C49fKY9jkWRUkRUoy329ew6XsfFeny6U+QzoYoYDsX+L79ejlg3oRChOJKBVK8dmU0ac95xOvimdYCgCAGRYxOLsGmLHryLEAJJpFsWKahMLBoGhgmgTQk0fGyu2yX1D5b6ea+kpkNAgmlAagFgMEBGaneHh6/cePs1+l+cepl9BPLrEEjlfL/snn7Pl5ZUtbbt9Ds8rCTr5cUDcqvRHB1+67p4bo+uoMHZ5mrLTKqVSQkjlt5E1ZVw/Rp0JtVQStq8TQAlBpWJommjAqGbVkiIKgGJilaAIyVgDEwBMExBRLzS+BZOyN1BH2XZ5D2AhoCUZUxiaYmFCZESSAAUk6TCGACA8L4n7X8ts4rK7SNnYOX0+rrk2+i43Ul3zwROhXTIgSkSsjMImEr8teifref0yyucCu2mytIEikFqGpRoRidgwIZNWUi0xDBKQRAGJAwGpRG4g6rOEOOLrL8pnJpozJnoPp/wAf+uFyESTUoNWDTlEMBMGigCAAAYmMQAec9Eq+Iw9Z5SyXQ51sde3i1L6Hf5P0Eel14+vFls7KougocI4Lb/OkrIdO3Wi0QsWZEIuKTcJg0wBQA6GmNDK82jOJNK4tQJuxACGKJpAAGZTLxFI0dDJsr5rTTZFsZOo/Wfkvs49y0EkyVAwAAABSENWACiahuLAGo0rBNFPyz6zgPjz388npx7Tf6Xgd87uzma43PM4srrykOAYK6Heo7Nld16MjnAsQSxpvoOiJ2ANRMkBqgAbQQyas5FpyxQU0wJREcWCAE1Ij5fq+dWd0LDqaCs+Y201WaaFcmfp4LF+zWYd8JgACgmNSSJgDRK0yxASg0DQAIaCkBl4/5/8AT/mGj24dFdTZzSPT9DyW6PVx4Sjs8Ln5C/vV+k0t6NOuxRsjGWrVWtbZEc2mg1XcvpVNADRDEWNDBpkMunINqIxMYAApWBYRklVVvBTm56tFui/P1F6vN62CT5KrqbNNSvFGDPY+/wDin12NwMQEDTtAEGgGmqaAGkGKUYhxaBCpqUI5/wAh9x4elZVKtcs0pdVvPinTqw6ifar9Elvczb1tugJNRrLKSKuDjDpnAxSMsdvR5bj19BOL1qsGkBMYBXl05wQCAGwUBIxA04y5vI9PjWvXVbZs7PI7hu5HX40nyUjKpXVOLqpqo/Qvnm6Psqx7RDUrUlQAgxAwAErAkIstBEClAdHl/D17vynHpJSUqi2hiCTjIfU5eg9/1vP+rkq2ZZLfXnimyqqZZKq1SEowq511nhOcOqruny/0csR6fpec1HZKrbGhleXTlE0UwIbQompBp6PHr89HHjXc1dbRuTb2uP26n5z1HlZPl84SHKFhZZSUpqMeu+hfMvphZGSlTFZJAAMGmRBLIShoKYcmOh8953EqUE6SaJNMYNQYiYDlGR0Pe/NegfTI+U6EdWdOpLrIWEZpqRUUKb6VpnCxMPo/P+gXgcLqc42ac1sWbMQd2/z2yzoZLIEWmrlAGIGCRuEjP47s8CWVlOq3RqzdZKu95zunQ8t6vzCfKWmO2qdLTmtIyhOO99J+Ve8PRAxAAwEMABUNDRgN/O8l5Q9L5WpUIStNIAUmmTcZQTUyBZEiwLL8+k3dvjdaTt7+L2DZZVMshKJCNkRwsRQrqDB3eGpeVbRcaLYzLb8+1ISlGq2oy32cl11ni0k3BpIEFVnCOPnE1ZqWipd/HCS+3fyz0fmPT8CvkEp1sjCVzhKicWaPUed6MfT7Ob0xDQMABiT550cHjfMHqPKVC1k1UFJEQAQxDSg0OdciyyqwukamcNfRzS06c1ldjqcLoydzpeZ3Hcv4/TNjhMUJUmhzCnm9HiFOQzS2bqNaTvqrXfLBpNluC+pxjCQdUrSMZk7BxKVDqPkPR+aK5m8l0cuo1XZrqvtzWnQw6keB8b9v5SfIzv8AAJiCeii832xsj0Psvl/vTqgAwHVzvBnb8lKsqVqqKArjZWRjZFYiZEaVsJFGaVOLslOE10bObqToVW2y8yOymqtLtSW7HfJ1+r5veeh18vfLOiWM6hy+cdTi4qy3TbqKpzkUX22ldqSScGrhbCqZWVwnKmr1CRO6hmiipnOyerrPObrhMFu4XLn6WQzer+b+yOvFpOX8s+z/ADs8iBT15Np0NFd8U+k8/wBM946+MdXyPAykqyIokqgWBVHVUUxtCqNzMxcLQr0VEmRc0sKtiTJKUVnOpm/Xx5HXyU6JKpaZmFdXacDb0ZnU6Hl4R6HFyq615zaYuzq2RCN7iFVsR3QlVirCyFaLZ5rCSiiZB1dCESV2WRdSo27L8tszZi3RXidHidCutXTceayek8NL9UixleW9VxD5QTVG3Lsjo6aLiu2FCdjz11Cka7UJySosjTq1QXPOdSVubWBKlIxsqUakVx01jr0wK9WCZtpt0nIj11LyZ9FVlt1KTNN1mx45GiFdop6ugcvpbdhDS+cdSnl3mjoYtsUqdRfbkuLq4MjKuRbOiVMhBLoutbISkVTjYQLKyUlKnfVcmXjd/lLtuxbSrw3vvMR7RwkkuT1eWfKIWxSWvLqXfdTNFTGKypupFqybh020jnXcUV7K6qd10YI6YFcNitwU9PKmabaynXaTVrirB2aDDu5+wp0WYjqaONedufN6CVnSRx59dGG66I9XIqOrmy2lU7bxaQNjosliraTVLJJbmTQuy21ZZTQWFYWSqibFnmilCS3RUDS4QLpK0zV6Q5HQoup87rZYu3eY9OhzOniPkcL6C3Xl1mqFc0JK9aq7IFGnP0jPOvUV3Pec+OkKb815DJuyLGyqywx7KFyV30CvhM0Tp1RDRjtKoORsa1HDj081ZNE5Ro2c6xOlQ7imGmJg03IrulMrd7CWisndW5RxtVFtKX3U2EbaLyDi6We2JIdBIgF2nBfFjo0VbVZSWXVTqeeWCNFN3Jt6d3ju7HA+ifJfrCSzaabPkWfdzzTpx6I0SxbjTKEjDMiPr8jrnPlXSdfZyukTjblMmvJK3Zm35UwxkFuW+JilbYtFG+lY68O9GrlGaNtJrvw6i3PdJMz0yMquRZNWlcbEM0Nck9UkzaHMhOy4hHRCWpaEQtnMrlJ1CSRZGcjM51FkIzqqVlEQvzXl2jPqqnHpym+YScrJpqXrcPtYLfNyOWvL+vfG/osx6yE4nzHhep8rV0oIe/FWd3fy+9HDzdTlGrpczqJzud08Vuzped9AdbHonHMhu5a9HJpgmGGqCqwurHn3Z4rhqFwbaLUvtjYaMepGKx1mu7FpGpWJOpwJ1ypN5RUbrMFhsqjYRkBm1FgqrpLOjXmgtLDLbfKzHPVNrFDWkxx0WHOnpz1pq01xkhogX9LLtOXGNZ28VuQhnTXr8vqYE8/yPR+eXiek81tZ+wvNoPF+H+mfNRpOrqdFJZ6rx3ejseZ9X50Xf8/6M5mXdzawdzi3HuHHRHM5XoeKuizPEvKkmeyqVEZqKIamuOrVQX306yqdoU09KhMm2ma36I6EyF9ascEsjC0nECnXVoWI5lc6rYtUaLLnRpWc674jOyqkJlGhMrevKZqLstdCOjDFMaMx6i/BaUPNuI44StJ56zrcjeScDR5eS8sjO5+o93559DlwfJ/sXylObOM60U35i2jXlPU5qOrHE9V5b1Zj5PawHEr0c633O3m9qTJy+3zjEq0t9/N2jzdSlITqmoJpnovYXxatxsJRUim1SLrs2mwdblmqwnUpJDVmZfbgkbDBaXSqgu4ptC2qk1aMdhrpQKyFRfKq4ujlsK41Zzt4LMRhWLGvtlizHVnkzpl6fD1W1ac29NzUTxPL6/FazibPQ+qfHfoJ6z5f9N+TyYHGVbcnQwEwiHr/ABXoCj0nI0Rs4fSwGXkdnj16n0vlfVyxx7MJio10GPbRpN8KwovxzSUM8ySIGumSC2lFpOksZcuPROunZJyTKWTjnlbKmJJfZQza+el6Lx2Gx1NJ257FtnCs1Sy6C4rmLRRcRTRXj01G7Fu51cLn2Uy+gzQmvY4vSrueffflWvpYbTpypzFPmPpiPjMotJ9/z20+n/KPdeDGmJ1c03GSyi6qJxjJ6DTw+6vU5PT5pyuZ0eave9j4f2JdlMg81uVMVk7FusnnI2SSVWzkV5d3PrToyzhFTLZZtBeUTHCdgUa0VQlYVKwtyuyuLtGXSFOrIS18/aa1RAvTmjVqUuLCpWwUukkgy8yZ+jlNXJ7PIt83lcDdtws6Nma1HkvzG2iwXZZbA69r2J8ISkOcUdnk21IwRs1YO9HAFOq4zQuvzJyepoo1Lw+d0OZXS9v4T2p0MevOYKlXKQbNFc2KkuSvTnvqGeyZFkJYllVOc5pRfZojHDsaDg3eg0V5ePr5HkI+4tPDafZyPDy9sHkKfayPF2exceR0eoZwJd11wH3g5Vu8MD3hklqDLLSzKaIFDtmef5fq0vzXB2+IvQrqC6bsVSzbk3ZrUne6nI7Un5+kiiTib8mzOtQmkvQec6xnydfjxbTONbsemmOrt4PVMHP6XOrR7fwvtzolqjj0bEYDRYZ7et0zxdvutZ4S33hXj9HqA87Z30cvVrCouEgTaxJocZQGEiBIE1IjIkAwiNgSCEmIDaxGgY6IyAE5GmLByRRzOt5NfEIY50dlYRtpNmvJai259C7tvG6afFpwYrK9Zro6VCcmddhDXnivrfNegzScRBUehzdhm6OC0uxaM5L3nhvqS6LO+JwuhfGKiyknZTaSalUkwSmECcaUk4BA5RkAAAhQlEY0AMcoskDEDGCG4tG4tWkDaaDi1aiE1CRVdzVXS+e+5+by8yqvSvVdOEs1VaLJ66Lw11bIr2Z6j5TKVaPZl0L1nK6TzSuorRRqqXf6bw/r081n9L51YRcDVSnE59quzk+08b6I+ruFpmp01lddlMls6rLbCLHKMgcUTIBYRS2KATUGk3CQ4usVVtY1VYE6ZFqUTS6rRxkEkADYgiSIugTG4qJodRlEjNj3ZTL8s9t41ZdTKlvz6Nhmt2xsLtl8tV9c0fD9FwI+cShfRODO7dXrjgYe1xks14L6q0mRfZ87D6VPKZ+jiMrnWehnyuocrrcrpn1vVythfU4xRltxGu/n67b4kYsspaTEU5QCwiExBOIwGiKEQhJxRaqKsnGRJEYuvx6Km4lTIhNwlBGcBuLBxmELawnTbSUoxTVbx68ZhyaJdeSnWatmfrGTr11mmlWS6SIl3Ow+bt85ry6WahNe/qhtk5fG9LyTkWRS9TPPpp5/0HFgeq4PUZwqdFFLscPcWb+brX6N2PN99NEqWQzas5XrybSMALZRIscSpiiTcZBOEyNlcxtOFCUKrjKsnTfEjKi9Umod2eyy6dbLHUi11zJpoTQRZEsqnArvptScSK0fOvSfObq+Cgmvr4+iX2ZLii6GCO5XxsK+g4EMMiSjbmlFpGcLTu7M1Enb5ctx5Knqcol3eFdXU43YgczqczcV5ujy1iiJs0czUnu/VeO9YbEhVmvxpboz2FMq7DS6bYm4qrVFjnVMnOuwjZBk4kRwlErbgSdZFN+NrpUIlzpLNbgjRXKsnZRcWwlEUozIMkKM0VElZJLLL86891N9vLtMK9GmzTFnV5c0v43V6J5Tf6JnE4nsfMLxYuJmmDKkB6nphGLOBRwQSLC3q2gYsoS78gWZWCwsBPY+wA6FgLDngmgCM9oVZIBRAtuBUwklaAkFTQBACpgSmC5qQS4CWCCrgEtkBXaEX0hRYA4gTQVXIIXJCvl0QlruC3oRCXb6AGdyCFADL5wF8xAK/8QALxAAAgIBAwMDBAMBAAMAAwAAAAECAxEEEiEFEDETIDAiMkBBFCNQMyRCYAYVNP/aAAgBAQABBQL/AOHZL5se1/8AxEiXxY9z7v8A+IkS+PHwP/Du1lNRZ1muI+tyyutZKtVXaqp5/wACRLz+E/8AAlKMVqurVVmo6lfabsjfdSaKtXdW6usWRKOq02FdsZr8yXh/6GSdqiazqzgX6+65e/HHbSaudE9LerY/lz8fOvavym8LV6+FBPq8279bbd2fux2T4I4EsvQzsqnTdBxVsGLn8mfj8N/lM6lq1RXbN2S9zXZdn2a4Iv6neVKy+d8fSdWsvpdfWLDR6uGpj+NPx2x78fE/yrHth1K/1r/axeZeEY5a2jeTIhrkp4lqdUpm9mRPD0uqdWop1lNqWH+LPx+A+7/HyWXQqV3VDUdSvmn74LLkV/cvumv6xFcTGZNEniPbHdSK9bdUaTrBVbC2P4U/8r9X6w/i22S1mpM89/2+8OG/NZn6pP6WVrM7ZqMa3iBLn2ZM9s9tFrJ6V6PVQ1MPwZ/iP8Lg9as3Jll8a4ynZqSfp006nXymvavPkfsT4j5lLtU8EpZe7iLNrGRRg4OPbptRKmWh1Sur/An+I/wZS2qO6+TopL7q9KS6grLJ9Tk3fdO6XuRFkvdj2JFcSWWShgipmy1noTxsx7tHc6rNNcrofPZ+I/wdRdGI7rbDVTuiSlKXxfsffAomxnpZJwwKGSNTKdI5Feiw9Wtk8lU8OOp2lspslMz7uk6txcHlfNP8R/gau5U16eh2TvsSlr7fUvl7kIx7oxyVUORHRi0e4WjSLNGsx0JXpUpKhZnFQjrVumxPBCzBOW5v31T2WdPv3R+af+Jqf79VGKS6lbsnYsL2wJEGPx3wQr3Gm0rNPpcJVojA2jhk2owhIvjk18UiUH3SybGbH2z7elT+qPK+Wz8R/PPiOje/UTnsWp1ClqbJbp+2PAzAn3SKNO5Gn0hTTtERF3wbe0kautMui2TjhmRSZljyjJx7IycX07V6jGn1Mbvls/Efz6x4q6dPZPql6qqcs917aWmWVrDXZGl07nKinZGAhC980XVmop+q2CxKJtFAxCI3EePd0zU/xrLZw9WqW6Pxz/Efz6nmVf039V1Hq21Q3E/u92cCt4ZgojmekqUYsi+ciF75Fhq0T5JZMSY4tdl785WnscbKOa/jn/h3P+zWP0CT3zUuH8CMCiaKr6q+EIyRMmey7Lsyw1US3zli3Idial8MfPTs/wAf47PxH8rMmrlst6hqHc8YVdW8lxL2owJEYldOSitRI9twuSIhdl7bUassfMpGTdgckyWPg6PRG29fSvjs/wAJ8HU7Vbdcs22ra9LHbTb9/tQkRKolUBCZv7QEIXZe2XJqasmoq5ccSMol8DR0u309TF8L47Pmf4mvt2Uyo2U6fE79Y4+rH1bVODg/YhERcOsqlxnjcZ5RX2j7F7ZLJfRkv06RKKJxwNr3pdofd0+z1NOvjs/wuoW7tRq+oSnGEZWSv00qV0zb6evSWo9i7R7VIhE/T8xIEeOykbh2E79pLWpENVkjcKaY+zWS6nctVpmSJxw/bgxxjt0iyPpi+KzuvzrHtrjVLVWvpVddNMWrNc5ejpcRWtedR7EIRE05BcY4ksCKe24lbgnq4pXa7l6yTHfuNOnmqvJFYIyM97qty6hpXFvkxjulkW2tRy3o+n2WuNWlhDqHT4Th0efp6oXxT/wdfLGn6ZHZXd9UXDbdP/yKPUfp2cy9n6EIpZXPhPiwgQeB2I1Wt2lutkyVrZlshDJCooRU2biDF7L6VOOuo9K2yL7p4K63ZLp/T41x1Ctsb0c0USdVusp9DW1S3R+Kf+D1WX0adba75YhdU65Rk65ZVY/PsXhC7RZGwhYTkReD1eL72WvLxkUCMSuOSjTyIUSPsFJSIEGLvg6npVZF1fROOGUQ32aLQRpVksOrGHHJ1GGyWuh6ug6TqfUh8U/8G/8As1SLfqdtSnVH+u/q6jva9sXwkQRgwRZGROZvHJ5s5HFtxrwWcGSGp9NV9VsiQ6hqkodVgyXo3FfqRIMh7NQsx1Edk9XDkrliWl6h/VLNsqGoRXK6nH6NudB06fpa5ePhn+I/kbwtM9+pn9JVFykarSbzVKSlOWfbHxEUkb0eoj1CuwcskRQyKh49HaSLfPbSWqqzS6v+VB6SucY9PgnChxI18pexnU6y/wC1ieHVe81aqrbp82OvhdRjmrS86avSt6+Pj4Z/4F//AD0sPTHHe8cYGdUocifEvZEybjPZMUsEZlf1S01GU6UldXxqYtEkRXMkRWZdNr9KqHK7r266Oa7oEvOCKMuL0WuaNPqsk/7K9PHaVU7bPin/AIGMmznGO+Mmqh/VesWkvdj2JmieZaNLEkSrNVRFw1On2iqeVXAqSiaeRCRHuvbfzCxfXqY7ZwjlQi4yel9Unpp0uq2Sehs31Y+uPM/in/jXLdDWpxvP2013wY7Mx30ksT0HMBlsMrXVSRJvKbK5M08pMqiR7IXd9p+NbHbZqEmaV4np1WyiiHqWaeMoamj07emx20/uH/f4WS/Ef4fXIKOpIffrue6QzPapKUraYxP3pV9egf09sFtSmtV0/l0uLqr5qISExMQu7GSNdWaiJS9lmm9OdVCw/wBT0u+yOIRFB+p8LJf4cuD1Eb4k7YI6091wvu1fMe1bJ9mIT+l+em15lpfK8d5Isqix0o29lIhIixP2Ptq19OpgUcT0enXZeJiRbZGBHlfFL/EcUz0YCrij/wDIIfTXg/8Ab71JYKqo2USW1+TwPkURjOmfZpfPsaJI2koEq2bSJFkRMyZ73LMdTEnHEum37oNkfDLJqEdTqf5Wup4r+KX+P1Wr1NN4a86SlWrX1ejdoa5Y1GldqlB1yF2l26fI0kfc+7Q4mBEWL2zXGtWDZuNDptpGODwNnWNbl6DnWR8fCyX+PZHdDXVenqTp1q29X5t6LGMpW1OmWurrtqxhiH20C+vTfau2TPZ98GCUTAvdLxq4ZIQ50sjI2dU6gq4ylufRNPusXxMl/jyeF1Z/+SVzcJX3+saOz0bdPbDUVdQ0q2T4Yh9umxzLT+B90ZMme7Q4G33zryeikfy/QvjrFJdR104wlJylBfV06pQo+JkvxdHqFdX+DLx1KH/lY5UMra86HTTmaaFtFln9lWtr2XdmfvpvBTLiPPfgyiTF2i/Zj3smaulvU0VYXWOGihZuoWKfiZL8XSaydc9Ld61f4PU6v/Mori9ZOqNWo1ij/I6RXihIlE6vHbb3/emsUTT6nmu76d5qOo10k+tPNPVN7pe+ODHZP45jrUpKOF1tfWdG0/rXrhfEyX4jKralR0TUZ/C62mrdO8azq8HEcpXW6OHp6c/fXKs1+xcEJ4NJqy65utaTdOWhhI03Toxda2rPZi+OZDy0ddiUw9SzQaWOnq+NkvxGbMLRW+nbTPfX+B15P01xbrNRv0mj+jVRacO2vhvo1Ffpz75FLBGzmnWuMa7svTszgTMmTcZIv4WTZDydajmHSNBtF8jH5/Egz/26Pdvq/A6tDfp3JRnTbvs1milGOm12opjDql8zSWXWuyOYdRp5fD9sUxSaOnTlIiuEjBIlLBXLIpcp597Y2TK+3UF9OladPySH+Lkxx0q91XQluj81l9dZ1HqFcqpZ3afTquqMlfF6V0zonDvrKt612mdcvboqvUjdo9p09+kfzIJPXQP58T+bWX6mvENet1V6mqJe9skyTyR8I1kd1fT041fJIf4uzl5RGTjLpV/qU/NOmEz+JUdZ0WV0fUw9OM46e2ucbI7Y98Gq0sba9TS6LezF50epVUbdWpKcz1T15HryPWkU6e6+UOlOJDTyrKJYIvK9jJSLLCl75Y7W+NP4+SX4s5qKi2jc85Oi37LVyvnaUjX9K3Sqr1NVlUbUU27vb1TSLUVTi4S75NxuMldU7HpemORT0+uCppUE4kom3BBme7Jvi6zCndulo4bY9plfj5GP8OcsLUp2Enue7jPFE9tuknvpf4OO2F7utaPl989oVSkVaU0lUcVxwcIyNjGR9jLp8ai3c9JRlwWF2kVePkY/wpPCst3OEcmNo5ZbeWdDu3Qf5NsVOHUdN6FwyMeaa4m1JVJFPArEbxXJvPdGO99iirbXN1180xwIz2kVfLL8PU35Iop+1eFgocIk8OfR7Nt65/K6xp/WpawyJXM9Rn8jafzCjUtkZORXDmK9m4ciyeDUWuUqqyESHAu8in5Zfhaq3CIkBSTJbSWMLGNA8aivmH5LOs6P0p9lI3M5IrL00CpMrEvbZPBdqNzoqIwFEXsZX93yS/B1FmyG/c0VrJWvqpqjJ2RUZURjKdyip1y2WdPtVtH5V1Uba+o6SWmt7JkFkqrNPXxBCMj7Nlthfbk01fMYkIGOy7s/9/kl2XzSeFqbd8o9qV9MOJRyQScroxiVxjJI6JqOfy9Vp43w1umlp7e1ZWyizBGxCZk3DkTmaq8qTk9PAhEwYJexn7Xj43+Bq7cREhcuuP0ye0hbxKn+uir1Cf0y8HT57NRXzD8vr0PoEVmSqwjZghaepk9Qlbg1OpIrfKitlUSK7MkY7skV+PjY/mslsjdPdKPLZTHmC41q2wsgomWzmJGvMIQ3yr/ru0c99P5fWY503aDE+E8EZkLcCvJagu1GSPJpYxZXXxCIu79siNuxp5XxS+fW2j8wR5NLA8Gs5q/QoblyOMqzk6Nq8NPP5fUIbtNLhiEzIpHqHq4HZkXJRSaevBUR9jH7JE1koucSNsZfFL5tRZshZPdJckSKNPEwar7HzE3PCqntW6Q2yibrs0VnqUfkuShHqXVUSeX2ybjJntXDJTpimraVxIoXbPbPfPZki2HN+mbS192nnptfC1KyL98vm1luX5Io/cFzQM1b+heP0Kc2vqrEZ56JqFs/HttrrWp6vCBrOo3X/CjT/dp48KJHgQ2bjcSkLs+7JE45ho9uzV6SF0dstHfCzcU3e6Q/k1M9sLJ5lE8EPNaKSaNfxBeCKyL6JWWOb3ZRpLXXbpblZV+JJpLX9WUC6+d0s9l8NcsPp96aXj95HLvjsh9mMZ+tHZH1WjrNf0aaX08FcpIjPd7JfLrZ9oDKlxX5qJeOo/avAm0PJGf0UuKJYbjjHRdRiUfw7Zxrj1PqLueflRprnXLS6pTjuHIyLkS9zH2RS0tSdWWa6lhIhI3vdG9xI2Rl2n8l0tsJyzJeXw8bo18JcOjlSOo/YvHZyyqmlKbTm0u3SoL1Y/b+Dq9fVp1r9dPUy+dFFrrdesI3biHKSF7H3fZFU1K9eOoy3TrEIZFqRhorukOSfya60ZB8yjk0suXDBM0jyp+Nb9q8dk8Ly7FBLBg0P0TolmHz6jV1ULW9WlYTm5P8BEUVLmp4ITIyF3fsZgn9ujf9109lcpb3AZEjgUEhIlAw0b2hTT+G6WyFs90xRIM27XTJWRvrwtHLDfK16+leOyH5UMxisiTZRI6Zbuj8t+rqpNX1eUiyyU38i7YyNd0QIIqK39UOyfufa77NDJuWttyMiY4SIReUNDyKbJTQ/EbGiNpuRn2667svKiKJUspJ12f9IV5hcvt18foXj2RTkLh8xKs56fbtsi8r4r9VVSazrDmW2ym/mQu2029kQKyHisTwbxMT7Psh9tanKvTTcabJYK+RIXZNI9RZUsnGGOKZtMI2o24EmbjcZLpbIWz3SK1zGJGOVGODGVVLY7Ybih/TrFxOLg+7I5Gmm8sq5VT2z0dm6v4L9VXQtX1acydkpv8AAXZCHEa7RZXMVhG5EbclcskRdpeERH21qlIztX3OtduESkhNCimbMHCMZHwLJyZkb2KzA55E0+2qhOcZQlEiiKSEyDHMjIkyu3il86tZh1bRctNd0J4cm5EHxDwdNvw4vj22TjXHXdVZOcrG0YMdn8C96ER7SRtNoonJGJXwVSwQmQkZGfuLJMstLbDOSEBdnFSI1RNsURH5wYNuTZ2wbjePkXeUFJX6bBBMa4qj9NqacJPG/iTaKNXizPqVSipK7Q1WLqOjdDF2yRIdq57JaK1WQ9ms1sKI6jU2XyePc/wYyINGCS7LtkixTKrCp57NjnhvUKKnqckryH1EKxdlgSRgx25XdmBoSHHlRMc9m2QnzHDLKlIdZHgeGoxHUTgalbJ9Ou30dtdT6tWorddnesgYMHSp4l2uthUtZ1RslKUnLPbI2+zXfBj4mvZkTITFah8jyZkb5I9RnqTFbMqnZnT24T1Kw78llo7BshBuVVOCK4FHI6kiKwIzE4Jd9vbA2LkSJbjkQ0Y5SP1wy6HFVvMWZTHHJ1Go6de659msrrdO2fZFZAx20UttkXxrdfGk1GondIbM9sHPZIZnvtGjabTHfAjBsJL3RkJiYiMSOEkbjfwrD1MDnzBORCrLrgkRXZ18Lg3qQu20wMccmGja8DRgwZHI5MSHki2byEkzamOPF8XCyqXAjULMZ/RZ361H+rsiBWfplcsS1PUJbHubztPIjaY7ZGJswY9jyc+1YJYRGQuT08kqxxMMwIiIcsCmRmjehzPUE2zkhW269Plxq2m0wTngW6T5xgSRwJob7YMYOOzXbHbaOJt7IwYEjkjI1FSshXmMo9p+NfDbPv1Rf0S+4RWQ7MkzCJyGRXbkUcm3AsEjBj2ZH2wY7bRRRKA1ghPBGxnk28uB6Z6R6Q62hwNhtYos2sVTZXTzGoVZFYHZBKzVIjfKRjcV9uO20SH2289svGe365Ipj747YZyRGhmpjzRLK7dUr+heO3UP+Fn3ESJHwiT74GVwyOOBi7ZJMWTaxrtgawPul2RgwbMk47Soaym3EheepFkHFkcGzJ6PLqQ6yMCNRtFEwTt2jm2NZca0itR7QGzk5F3TYs9347oyMYu2RYxlGORlkcxhw14NXHdVD7e2v/4z+8iRIjG+2MDERfDYyPJgUUSikIwxxbNgoDgemiS7pke+CyGTa4uBKvcSqaIpi4KyBxj0lI9BDUYnqRHbEd560jmRs3EakhKKE4mURmbjcORuM5IjZuYnI5JTkKTG2LI5NEWzkZyZP3nghwZ7NZW3mJgtj9Ojlvo7a7/jZ/0IkELukYyPCP3FDEsiibMiikTwVsYyaF2/Uuz4EJEUbMEe00QiRRZVlOtowxJkdyI7yDaMsccm1IZlZjOKN2WkxxZGJgwRwcHAkYEJn6TMmTKG0bzchyR6hvIyN45ohgmhIUsdn4UubHhu1ELSb+nok80dtV/y1H/VMiQRnJ+o8mMHlzwQ5lteH5iJcqLw48+kYw48ksEjLOWbWyUB4GRYpCM8Ph54bYmQMZJ14NptQ8CybmQl2aybEekjYhLAmbWxLacbRGTKIyHysMTZnJ++zXCRhZcRowOOSP0tvJtIIkjIuRlstsYywWLcramOUq5U27o9Cue/tqFmvVL+5ETwodoE1lftx+nT+c/TOJCRGeBTk1hkmfuPabG8iyYZZA2Gwwsfa48iwbEbR47QYu0oZFUOpZ2owKSR6qHYhWod5vyZbNjPqykOIon62m02iyIaEhi7PtgY1k2n6IpmCESaP3AZfNsr4N39dtjTunuNO+emW+ndF5gW8x1623kWSf01S5IcE+e0uFRyY+m6RW+VIpZYnhJlnBVyRSLkjgUuXIfjaxIUCxIg8EUjgksko4ORNkFIw8uLFFjiekbCFZ6aPSQqln0kemkYMd0I474MGPZ4FIbQ2jcZQu0yLFIUiD4mzPNaWLeFMjyRX0WxNTE3OJRxPRy3Ukjq8cXIQzwVTyQ5bg9rjzM0rSMtqxD4dMliqRu+llhCSQnxLk2I2rO1GES47YHA24IYwsER/azwJvPk/SMNvaYP1FcqJtQhYGM4JeN0kKzJuMvOXhyIs3My88iUmbXjaxqRyLklnOWRWVMiclR4VkitkC1uU58EWsx+y4uLfCOiWZrGdbj/AGds8si8FEitrbasu7g0qLfDTZZAplh05aghowjb9cUSNuT0xQPB5GhRGhxK0YIvBuMIk0ZwRtjn1EKS7bzcZeFuzmQ2xJs2szg8mBcHAoowQjzPgxkwRMdojMkzDEicWbXmMSxYG+IvJBD+29FUWJ7YqfM25Srjyvtlhl9DxcsJeOj27bu3XIcdl5eO1U9squY2KKje8vSmPplw5E/ploriHKZYj/2iYRtHEm8OMljPLZmQ3IwxPBGZjtFZJVocBJIjtYkfox3yYy+ENcbckY9sdkJolI3G8U+ybQ2ZOTLT8r6htosseIzyRzicyTIS5qZZ4f1FcXnUvbCvlS4K2bjVblGjV4LVXdD9aSWy7Ty31nV47qX5I+WuzNJflNLbqjSEOVeknIuNF99K4wWR4mlmMsErOYzHJsa5x2fAjwSyzaRgJG0ikOKY1gYuCI+zUjDRjI0IxltCRHgwk+DcsqQ8EiLPJwLtIiN9ovlsZPxBc/qcubZkJ86WeS/lQyQyaqe+VK+mxorkipZlqo5hLifqSiv1Hz0mzfQayG6m+O2wj5fhDjxB7ZUy3LVQwaf7q1xfBEiZp57Z0zcltkyyL2yhgwTgiODBZGRGMspIe0iiSwZJctcKPgSMDQ4kYiMm5G83G4lI5Mzz+l3/AFtMo4ZsRhCwcEWjJJkWZRkUkbojwTwRwiMky7bm6dZVsKduJ5ZBEpbYwzKb+mtrLhFIqLDXxxa39K5WcHRb3GwtWYa5YvIeX4/afE1h6CZqYNwo4sr+20eEXkX9Wja27uJFo8j4UWVzFyWIUTaZwSw0ZRw0jk5GJGGJCFjCwfSzgyhsTNzFaOw38ZIyOTDFWyKGIwJDMCiOHMYnppnp4MPF2SGRJom551aKPug/Tqrvk3GbNRPhTwb5YKytlnnqL/ufj9YNPb6dmls9SqXK6rxqCPl+P2iXJTN12ffVt22af7dRNRJPJZH6XxLQvIlwWcjjzauIxIYI+J4PL24JxRwjejgzHHqLO7JGwm2KbN7MtnJBNrYz0xQRgZ4G2M/UWZicGTcKbMvsueylg3GSLJCEPtPxGPP/AKyyjUMp++6eK6cZwsX8umCzZy0sNeKS2SRb07+Q9XpZ0C8ZF56NdmNjxDXy36gj936msOPhjNDdlXrE42cSWU1gnnE+JaCX0wf0yeCXI0yUWIi1iLHyv28jyyEMjrwPgUdy9MXnjc8Y/eCI8Cbzhj5URtGcPcbu2XjnG5meVI8kRp9ovtgSYkxLsu7RNEPP6tNTnOma33y5o8ynh4Tb+k3mSPmuRdnOjX9WppU4LwNnR57b9dPbpZvMj91cxujyiXgpnsnZLdHTQyTikrGWMl56cyGMOUSW0lLBOfDkQyKMsKHGMNz4jLtPOG8kI8bThOW03Jm9IVhuGLOcZMbXEl5GskuGiKIjSHFCwRwbkk7DcJmeyyNyNzNzItnJlibLc4rby39N241MjTP+yx5tg9sYvImNn72cb/qqWR+dK2ozkz9GDTWenb1K/wD8TvRIu8ifD7Uy4omJ5V8ME2SOnv6q/Eo9rVwluTghcC5jz2+khgeD/wBXFkM48GOXHIkbTAkYIRRwiaTUGhrJtZtJxFFkfPA8dkRwMSNpFI4ExMybkZ5ixy53GVj7j7JcSWpk4l83J0cTxmUpMi+D9yeZeFFJuPCZo19Moi8doPEtTf6sX57UPm9cLs32X0ypZCWFZyWkmaJ/XVLjyWLBPlQiieMvxT4kuUbXnYyOEnPBORDlMYu6RhdkzJW0S+k9UeWbJ52TPRsx6Fh/FtYtJYfwrcrQ2C0Nh/BtIaGaP4bP4R/BYtCfw4n8WB/FgLSwFRA9CB6ED0YHpQQ6oMVMESprZboKJj6TAvpnQafntJ4EKPMir7pP6d2HommmLt4G8kfD7Mp4lOO6p/S/IyHm1FUykteFcM0f/WuRFlpLJntgrJ5MyOcNMhAsik8R2/avVHyLy4yxCuxi01za0dxDp8xdMZHpiFoK0fw62LR1IVEImyJtXbHbHvz8uRjXbrWp3yitqUhyUnnjOyMc2Ous4QopvR4TYvB5EhLifD7Lzp3mOpWJp4M5P2vqiuJ12DWVdwM0zxZp/GCXieDa8YfaM8G7JJvcq5M9Gwhpr2Lp1kj/APW8LpkBdPpI6WmJGitHpoUDHtbF7MmTP42OzRr5+np3L6uWSfFcWIktxXBLt+48Gmmk53ZF48ngXmHixC76WRqocd6WXL6qpCsLR+avu0y+mBZhDcR5Y4WMho75FfTWyvQ1xFpq04wijC9uDHw4/PZ1y3FUUSlhQ5K1HFzUSMsiksLsvFX1OKwIz2iQRb7NO8Skt1dsdshkfMlurg8NMmxkPOhpsshDSTLNDuK9DXEVcEYXvz+Bns/yd5nt1ue67fgT3ypqWJy2Dk5tcEee0fKRHiW4XeCILMb48CGiLw9LPdHWw9lUixbZRkSeRlP39Gt3VxH3ZkX+hb5hMc/p19sZXSe4qWDc0m+Yo4INdlwR5Uom7hLuvFK4tjlS4cR9tJZiU4qyu6vZIYmSW6KMiqyLh9Es/tiMaMezPbP4D7SExmTPdfiWoRrJ+np7JOU64kMYnI5Ip4WCuBtblGo3JDzJWtxl+hCKC3lWeSHKnHBW9stLapw1tY4sfZMxzTVFRuGdJljUVvh9mP4cmfjz2kRYzIu8X+JPt1y3EIIRJlMHIVJsWFDmEMG7B9xtEzqMMeyJR4kXLtGWDypLBRY4ShJXQvq2koIlHvpZ/TcM6b//AEVeOzJG7ncJ+/PzY7YF3j8D+Bexj4Op2erqIpDWF5dT2krOK65TK4KCkxLLS7LBrnH0F4iiRApXDRqFw+0GT5Xg0t2x7o2V3QW5kl20ssSsH56f/wB6J8ZEyRMkRF8a+KSylnsu6E+y9i+BmRD7M6ld6NGcyzgcnJxiVx3FdMUOSRuIm7BGWSUkjUa5Vl2olYokVxIh5ofGSzksjhkSMcq2IjSXcXVKasrce0iEsPOVLzoX/bpZ575JEiPZsXZe9fA+8he2Ps47L4H2iPtKWF1S/wBW7aSZSVwlIxtFPBObzCYpE7CWpjXG/VTm85H4ijPEiHmjDiolsC6BjtTMlBNWQw4S2uq5NW4krFhjK5cM0n/TSS5T7tEiPncNifZe1fA+zMiJci9seyH3XvRLsjI/HU7nXTnL3Ci5OmGCNu035a5dhuacrsKV0pCi2WcSJeOzIlPEVZy/qjbBlnDFw6LE1dHJJEPMfFgxkXgyad4s07+qHKGx+GRXZkWJ/Gvg4JeU8+xPsn7F8D9kvt6xqd13MirSSxlRlO4WSnk8KViiTlvfozZXp2eng1ccSJfb2ZHh1xzVhldjiZjKOphz2rI+Jx4ksOmZZHJLPfJRL+yl4dMvp3HkYyIzJj2ZM+1D+FkiMvavGRMfZfA++TWS26d1KU066o3Xuwy81VjRCSiSucirTSmLTRR6SNhKJ1Bdn4Xdmhl/W61IlThuBb9r8kXh1zJssRF4ecqfsr4nW8qj7F2kTKybGRkJmSQvZnvIXsY+yGho2mBiGRMER9o9mzJnuhmO/VXjSqbJzbM5IxIvBKeSnS7yrTxglHHdk0dSj9A/H//EABgRAQADAQAAAAAAAAAAAAAAAAEgQHCw/9oACAEDAQE/AeB6aQXif//EAB0RAQABBAMBAAAAAAAAAAAAABEAAVBwgCAwYKD/2gAIAQIBAT8B8AWs4EMAGjzaiENzDAR20+Gelu//xAAwEAABAwIGAgICAgICAgMAAAABABEhAhASIDAxQFADIjJBUWETYCNxBDNCgWKAkf/aAAgBAQAGPwL/AOm3tUF60uv+sKaWXr5JTf1RyWTeP2KZ2H6T1OckOFFZX+SlfgqD/UMPjXtVpiXpQ/pk7r1oC9jGqyHjXtUxUVj+kn8p6jwAad1NbBf4/KSorf8A2vcL1M/0UlH8ab5nOyagYRkFQgINVKj+gv5Cv8FJP7Ro2130vWtCnzhPQX72Vg8AxVLH/wAiqFg8YAH6U6+EI6cbJ6d+5k2cqfTxLcUrBSY48jO9JQc+3b+xalTSE9J/9J69vwvWkYU9R4/q62Kl84lAjtfYr/EGp/KeryFexJ4O2dhbdMA5T1nQwFP2ZP2v5fKhRsFHxHBBZbJlteESUTkc6AKHZin6FjSN1+9fbR/S21R7dkSqyyLqqsp9XZDgb6EQo9gF+Kvx2EKqlEfZ0Z4+6+Wh7/Eqny+E79gAqkw+lKjTCHMp/CpPXssaNTas68ZJpW2iGVOLr3KYfFMj+uftpe30mHXiilCgWc/aLcsxqh+vYblfyVfJYvIQAvQuFhpchMepD9c31Sv4wITBA1JmVTc0pjo/dsL9aSq2RqqmpeqpxqkhVcPdbplCD1Z3CY5f2oCFXkilYThKPk/4zf6WE9aV/tEKpvpf6WEfXBanWMZokrH5N1h8cUp1hP2qfIPiUD1lNI+1Tb+U/aIp2qVfElQvivipGg/2iLgFApripCr7CwHcdYKfwmWFYSmq2QNP3wpvAUBPV4iybyUEJ/FUxUyM8pxYFCkhfpB7kfpN++sqqTo1lSoTeX64G2bEaXTYWCmkL1cJnzvkCAG63ixTIkfRQ6ohHLjaNYaDBTvpnK16qVV2NSOqMmyhTaBqEKLbQnDBRkPYkKoXnSCGSL7aji8hQmZMLnsnFgqWzsSoL2CGSQnoTVDVezoVU73epMLO/YfIKJTsbBUcGdf22WKnZM2Sex2XxQKmwFo+XOcJshJQppMIDsj+bymCxUn/ANLFQmqzNy/4/GVT2ZBVQFmeUEQsQHr+FiG6bnmjxmUSftYz2hs4TlYxsgRKJojmmkqE1KerdB0G6EPvwzdkSzqKSBYjmPYWpCp6EH6QPDwkJgEFi1JK9aEzMn4QtiOw6JsPssD8KmoIFUeWlUqkXxNnYr0lP5JXqE/DdClBujBQPBpIVJ+0KTT7KnGECLkaDLfihfyeQdHKhYeCVSVG/wBIVDdMAagF/wBRT+QMLtoDiAqlulH4Ua/vUEaPHKlU+aiSgsVAen8L4scmIbZ3UrdRbdb65CY9GyZBNr+wUUBY/GNkfF5inoqekp6U7TkIRpq0Yv8AYCd+x9jZ7MeCxWPwFih/JS4WLxQPwvYMcrgewTHQgL3Xx1GHUOyZrUlUnlfy0Z5W2rCfqBaLYTyjSV/8csZW0WHT4acvuEWEJuXip3Cb7zRd9BqVPTME5vNotShy/wCSjY8DCE/TzkkpgvdeuyBQ5ZpqCMeuswTnrZXqVNsHMIqTHUYJ+nbNssbqSsINqWQ5gOm1Knp3T5oKZ7YnsFT00KVtqSnHKbMbumBTusSwHmVI8hiFB5LnMU98a/KZAhA8p6iwRo8PJBxMFi8NcrD5XtvzDkwg2m2E8h66k3iDpjA5UpqSi4lN/wCKCY8s5XKawKBHFc7I0eGSnrOq3AqpabCpDiRoHKzI4gothJ4mKossPjLU8DfXY0zYBDJ7KNYo6ByyouDw93K3anoMNQkWbNCarVYZMJynN673BQ4HtUjT44pTv0JFYlEonRnTORxlOZ3yNre9QdEeLZOS/RGVVjEhYRoyFso0cOkdF9X2qTeIMnqL9IcJlT8k51NtB9BxYpjl9VNwho+1SbxeoT1F+mfxm07X3yb33W99lstr+q9hoMb46ApGSE5TXbO9ZZYfD/8Aqeo9PGtut1vnleqnOxtK+IUCNAHNu5T1GPx/QJ1SEQdBrvWUafEnqLnoftbFQF7cPfVlQmOR031kxaTUSU9R6HZbL61d8++jBW+eFNyo1cHjU9XtzoTHI+Q6EZY6SckleqnmvkfIUczc+b759rtbe0jlRnKFyj2EKLydeApHEpuUeo3W6+S3tJybau2lHAY3KPEi2154G+nvz3WyhbrdYblVaj3hTwJyxobX2tF550qL7qlA2KOlClMONsts+/XUlU9NtaOBHD30pzsTpSotK9btaeJHFlQtuLKfJKcI2a75ps/Bm0XnLN54ccwkJqlFggdHCbRzo6Kc7KchRCi4sURnGjveVvaLz2UXOTbIb4bFVZ2T3m0Z50N+rhbLbJN5ytkBCFViBnfLHHjPvn2vHHFo0MYqZH7GTASiVUdDCU/PjowLNokEZajpDXk5ptv1jp8j5dsgVI/OlN30JvHDe23KlQoU3FIyydEOqRxoywp4D2i3xK+K+JXxXxXxW15vut8uy2Wy2Wy2CgKaQviiaSi9MIk5ZtHUbqbbKAV8V8VspXzXtVaQtlAW3N/ioyMMu3DjWZitiopK2Xsy+SklbL4BfALZbdNUftEmTd7b2i8r103yvpQFFJWzL3qX2V8V8AoHX4VNp6CVNSmVAW3asPrLPDdsjZsPcuVV0D2buSUdBgF7KLHVfN+bjuRQM8KcuLhtcIdx+hmna85Dxh3B/KfLKa05GpkoudZlHf4XjU3j+nlObRli8KdedIIdthGwUBYvJATUpqVOT1U6k64Q7Woo1VF1AX6s92oT1rbTbghU9qczAJ6jpf/EACgQAAMAAgICAwEAAwACAwAAAAABESExEEEgUTBhcYFAkaGx4cHR8P/aAAgBAQABPyFa8VxPjQ+F/iwXwz4H4zzvkeBEGvOE5TmiYFohOGhf4C8L8WBL44LxfjOIQnjPDQSkHozSDXhOC4hBIQREaHROHxOUXxnE+BcTleUEfnEH875Q1xCeU5TAmTfE4aIYJxPM/wA40OvCczifKiC4pfKTL0K9r0mby/SG8IFqS19mXH0ZPTrXo3ykvhhP8LTgg0QnDXM4bwUXjBMHXhfhXwr4XpNF7Lv80u1d+B0o37EP6PweRRkz6KJz9ZEVF7QsSbC2U/Of4kHxbD4fD4e+GZI+EQSYkNEHoQxeE8V8iHwj8RCFrbevY6aFfZIYC5yNkJysC3cLGnDMD9B5Xfivh7+L+CLyMfDIPho0hEvEJyvLWDQfD+WEF4rlAWk19DDCjFNX0P18tcJEXFKbI6jyI2z12kwVdMwGQNsj+jLVj8Fy/wDCHzCcwaL0LlH6j88NBD8p/gowX0SDfQ22N+xMZOVvieDI0xsjdUEDRJH6Hp6Qy1fsxrztpmWn+4QkX7iOpna465f+HPfwkJxSD4YuNBeC/wARFw0h2RgfvKJngmHFk4KJNpkXqpwtkTPoha6nRFhPQ3vIlbM4hCXsH0j2TGyMmv0ng/kviPfLnEITxSgxrHCCXGp0Lhi475nlsXixtZtEqV+lU19oQ+ER+mZPO/BLA8PkGxDIQnEWh03MdIV/ozYMULhfYjRWPTJ1J6Ep/wBBEt0+vjnihcacYIQSH4TicvQkNcvT8GLhebXM8W4zaIzv7QinauZ0ITazwKeSnZSEYSQnsmeBuFmWKl/TM/OD0IQAUw9lrY9b5zRclfQs7M33uhNYvZDJ5XwnDFzqNeUJzB8LlkojQWvKfG2iyxpcSQVPA7N/ggrQ69jNP/5DHWf3G3++VKHnFg3WaHA274UrbNiPUijO7oZWFdISompwMvZCGtiewieHmnivHQaJwh/I0QhoLmfKpjYjFPQIrY9ihowQO50hOoJoYXn64vE5xZK0pvh8IQ8iFiLWUQ24FdEM7jTwFmf9I85EGEMFLw27So4jryvGvgbH+A1zo1Oub8f6O9DqRMJH7FWJ1GZ9B9+UpBEFgJ55JcLPCEC0rUK9DNEVaOh4Rr0YQnb+zYMvwm/WMT4K9IW9DCIWcLYp6BC/Fjwvi/PBD8J5QaNBa5nlPFZGkf0M6W28ISFJO4KZVwDV+uFz0MJVgYo9jLw7QfrA5JAxbAowHwUhJqv8EME4wH9ILGKHWHUDJ858HEpStTXyPxMQ/FEFxCcPwawInwPxx+CNG7sPpCJnzEff34I6MkIRZDwGMVFTHtodaCqtCyglDjMENYJQlOiqIq5FGBR5WBxOF9cBu0NI010ypkvLGJWEehot+CGXwXinjOF5Ma8dPjhOW9Aj7BbEsTgTxUtF5tMZPBqKb0X0MTG6Ma2OVkJ2TogpFyMZkKBrBuo4bapRWEhmoSdP2LPAbx9mSe0VtDROLR6+hnJ2E9i6adt8i4Uc8ex8US4fnodfM1tZZRdvPGAZsbGN0NcpjiDQkHwlFbAlGBEnry7FzZFKZrsEn9mTA8ivRCUzbJ/Y16MXBS8pugaiNoTPc+a1w/JC84RCRHXnPJcGyWkK6oXdEKky0GLfghM9Q1y2ZMYzQcCI4O445RcIWeNS5kZW0U2WSeEPqG4RBpsw/Cn2PEYtLsPCymifChmvM5YvifL0LXxtYFxj9jJfN6OpzFphq3xPBcIXBjYlqzizQ+KyHFw3guDFETUY9WqVWBscG2LBIAmcB/hENeC4RvuUSFHhczynOn+C/B18pBNOI6sDDbsc8aC0Qh+CCGYc2WKkLA0GIKcORCE5fBSbF17P9oq7FDNGxwS0U68EQWyVdAjr/CUflB8Pl6OuOviZ3joO8lx6JiuULZNRsnvZ8ZkWFBa4UY2CzoSiBOs04pRBLkuEKkIm5SWYOD9Qlbpm8MfgyizogIcaJiGr6Y3F+NBeS5XJcQnHTFxCfC8oW70SK+3ms+5IYy37BjVXpfCFCg8d4S2GwqFiVCXBC8CQxiUFK8FFtIt6pv44OBrh8u2Ot5MUa6Pey4LxfxETmCXN8mPQvlnpkJ9JcG9NFj4fQ9JaOhF5XGgkYsWRDHYNFmHXYqfBccCKEJ2ZoGYcaKbh3BkhikLGBFwtCM3eE+LqpaDZKyPwV3oeRMuNeF8G3inxviUh15wnL4+skMhO9mhyp1O7BiUuKJovF75QtiY5aG+iiGYqNxKaeBskITJHJ5IbB76kVLY6tQbRrJ8MetmfEqEswMixWnYOg2UY0QlDy4+2P0f3R+N5mALaD2LjEqaeS56NzrhfA14dC0NcMevhfK0Y/wBiUtbCzexC7VtRU6JYCqX+xq+CEgtccRKSEFYkkUlFtsW1hjhj/bKstjvWCtjVMIU3oXAz0QSGqLZhrEtCG1wh+mxHStglJTKUyXo3h0QtOEHr8YesGvOczBHwTi8zyY9C+B8Xh/sB/MFNrcELInyhlWAaV9mbv78FvggVSnRMxGcsXEIsJpYKLbEDRCF+FHFsJiPbNQzDsQuC4yQ7xgXZ6LaNiXqJiqpN7olDOIVkaFpgnO6fpsQ2B15XyonFL8M8GPXjS8vlbHx1QlLAVpD7oSHxTy2IRVAxb8EUFDDnhi9kWZ8cGpUyMxhKFZIMtBXsViKYq7En+VP+akdch979hZlC5roY1Lgn7XG5KhtK37ITTgWjobMhDy4aczXQeo+EPyePnPy0OviYhzZ6PQ6txwe9C7XYuf8AaY9raejESMQ+TEWR9nFHXBCZsemhjIYrB3WmNdhtsd7ExJV0zSqvo2QfhfAVZGvsehISEimaILEyyNhoK5IuxqyjHYIooa4lRrt6NUQYL9Ll/Mx8HXDFw9M65XwW0NtG42zYaJUIzQjF8I+wlEscSb5cZqDNfLs2SYBam8mMoq0GrcMmSgg8jUbGSYyFWUQkTk9DKVx/8i6l9jaJRHkgyWqsRN+x2RgQ17FhfCzYvgvGeb5emdC4XiuWmw0eGBJoThyGNT1CJ+xbMuU4x0yxGJERiDExCzIoh6FO4GJbEnsKUw2s5ZLG6Ri2NReBjGLcXcJaPshObLB/iFmj/RadY9bbMHZKPYkMXmzbl/M+GPTOvBi+B+H2Ihp12aH6ZGEQ0QRUcJSCRldGRD5A9CGmLLSiLXYgx9qBklBkVFSLwTwM2jmBmeyIpRXjZkli9D8yMe5WByKh9hGn9cPmeOhm/OcT49ReSGZP0vhjhnYpdhB5+gyqiWBpEMRihhvIgxISWYakFJCEh7E+HQ8oG0m8NKkmDDqeAjmnF4QiYIYRmbITZQg0bQVeORXTiqh7Zf1CHxPLQvywQaJ5IfD4bwL4Z4tAu3Av/aG1V9DVQL7RX0Ylmvrh6yzoYwlRH2hMjcaKMlBIiRfBDXBoQi8IcrCE2mPvL4y8N8dlXMFSGU0rCkVkLa0EhLoaY1kiUv2IfwPQmRjEuZ8rOhfKhr2b9CWW1SGImZj6DbYdFzHp6BsO0PDZlhpEmCNjClvjWuUUXh2gpGPC2Oaw3eLpsGKVoUhijwNwNaiQxkJWI3XS+BcPXG8whR8P4G+enyv8BTMqDrF2XBbpIesBxtXYib9J4aEJBNTixSSGhi0LhcKQhYd6NjYkN4QoxNgxL7MR0SKhGt6HvxexXb7Ei/G38344ITh8IY9Pl+DXyL7YhWsUrWjO4C/wjaP+DRU2xiavQdYT4YnZZRXB0HwgT5zg+Ko4rQhcQTg8VPoQlOK+y+B9jNqGEdCReDF5Nxb5Qxi+F+HTF4IZRonnjmiIblwtdAplhaHIZ9icHsMab6EbU8sRgOdkiCRSjGRXgxh4KCTBkx4vPFdDmStApd7jdgpRVYorRskqX49DfxQ/GcJ+MGjp/wCHgI2xjRZ0xLo8jXRRkckuiw7ChrJ4qFKNUSNcEIYW0EgiEkNos8EhmxucC5YfloauDAiwyJgSRC5yfpBI/Xx6G3gkQYvGD8bw9MUNsIQj5fy9CofscrFRLVjMixgUz2ZfDSIvAtrfZfs2hi04lMKl0g2jbFLWb0h7YQxWQx6GQoHgJtPiWuGMfhRmhYQ6QYgQ1BawS8u+HwjQ2KThcTwhc+GfDs7FhT7MooP6+G/Cwva9sX4OCzVtsSn9cbGE5IS7OhnYwayaJxpHWz7M1tvTEmNCM2xKUsThUQzETKN8PxfHIYDQHq+2IbZrlfDqbczhD4nnBIng1PROnMkj7Q/C+S8vtAYrpkzbNoxEEmOxUg0aEvC8uhD40GiVEFNzsIcyKGB7MjHirYmDfL8GPgdxPRjirHdl0Ikjvhi+DTznzMeD4S4fL0WwwklT6JzPKHxfluRH0htNJDmqm2ELJN8vgYJhF/rfHDWlByaoRsYk4nHY0qhzsllopLRM+orgwLEPoK4PzJxS4FYljGt6caL5Xn+mngQxUhopfhfD0JOi8kLBuMIQ2t8ZyvNTUBSLdjS1z2fbtEkVux/BHnH9cQyvV/fEYZ2YWGoFvHhhpog+x7yuxnEVZQmvsr5N8xQYoZbMMFQfD34aeNiH8E5pCD0LRdEM4PQpVZXM8V5M0Cx4f+EwsvRIWml9n0yYSXJ0VMH8EINGozsyL0/OIbcUkzGxu0x/Z0aBUq+2xGTQH6e2OLke8fIUvD4PYRGY9CnhK4sYXyaD+Gee+WYsoY1YZWgt20KpYY2T3xS/J1gSNFpU7DBbN+vJhb7I1I0MC5ePUhpTGhkEOFsv2U9srohLmbeL0Y4t9mCJCBfodqh8ELw04yMzHVRy29vh74KtPkpqNyub5QnkhjbGDyzDIKWgNFI5Q+xax9eCfIhxiQSS0hsJF4bIsj9EzkRYOj8R1LSEYeQqkyFoUEpbQ3GxMTKOKTbGToWp0RFw2TBuSF8L45Q7IPxfK4XDE2bMYtcVJS0UjArAHN6MzaPT/Eb5fCUcND3qZcZ6LZGFVTqCElkZGLBCyyICsZKJkRkHgYcjCxwqraEKoOMM08C+LQfCGvNbJ5NxV6LAclnYsYd7Gz2VosZxINVWGNCfC+afCxrEUnOZQMwZAThLsPODsRYuUILDMJXlITLNqhu04EDcUbA2WPil5fE8T2P4ex+E4vsyJfoZtD5hmEwWShhdh9pfdUej6GL4F4ded8Uqa6ZVQ3s4TGIbB5ZHg5dC0wJwtJIaG+htJGdGUAcstvgSkIJeBpAuF8Z75QxeL8UxDM5Gz2w1/CYwiKwj+ymaIhgTiB9DTuZwmPyhrzn3wvCcPhCB07CNPwEYik0KC0iRBhucMKNpg1wUhFDBR4DXiKpBa+Jcaj4Twfwoa2PelpEYQ1pIhwKKsUgnIuceW4iTfoQqFovgfwMWB/Anr8Yxa+mMTybiFKI4a4sOKSKeTI2ZKsYFjhWAwgoudB6scL4majFw+INCGXxSFOV5N/pDJioghc2zR7cYReMS1CH9j7QY9D9DM+F8bzPifgrFrHsTJiYIzbExkfjIgbCUrZtYPoLlhQQkjByTguNeD3y3xhryvDYmNcPlrlbQ9/A4IurNEc1o7eEtbQbwJsaxg+VP5bFPXrzXjBk+Gj56KbXXFjMpUUH2Duxi2KS2PxYt6FqoQsESExyg0Th54rhoIQH8+LQYh+GeUPfLwjosa8Jphz2ND/VGcGJj6mbcTxJkG1cEl8l53yXD4vhDr0JF6YvsgkhmIoYyeVtFEnsk0JjJsLwZcPnJGKHjI1RTrfM4fhrwh/B3xSt7HMBaMMFoQg1gtRxGYLCTPpRXtwR0e8I9lTyXmxPyb8YOiyPY4spPDYxj7fCFwM2ZZSWaPW4JowGxpBsfJ8HEzRmR7BHm+jJhadiS8mrXyZr5Ifk8KlBDGOiQbAjUGJAzxN4CbSNAHocMrY1dHoG688PmeU5nwPiLS/o0dH2Jb/SjffE46FkvGxMCWsMQgdTkoZYffwMz4Id1Ed6vpiGX6Mzu0zOVoXh4mmPw1+A+UdlYc+ohs0EqMsQ1CA7iNAhrxFJfaJYGolEJe8DkK5yjr5b4PbUkP6QBgZf9G3Y3WMXxguI7FMSy/Qw4KW64LxDQyJn6I7A/2CsLN4GtGj8UUn34aj5Q+HzBMYtuMZNOChhBihBaLUIc1FssSqUzboZnVDI4/TBquJwvN83lPh7TRex4e+jseVb4b4681yQYxXW5Gy+hhxIZOH4ug9RN2Iz4fkhxiFo4HkyXszLLjQfKE1MnflvA5xsVMNAUkFwDR4GCMg0FE8mISME4OhUILB2Sx5NHLF4Tl+LMpXoYcPSj/XgdTxRfJcIUxF4HPDHDApJeHQxRZF4XAyegPhw94QmRIbITNGMLa8FhS4Y+LwxeHYsKm4mx98eeoQTeRhkmilVlNHKAUyYQg0FSMWkfWBLlL8cINHWdF5k9ITBKAzY36KN8zhMXMJyhBzO4zCMS4oFya4SFFlkV30OeCtMX6Ac07ES4fYpgzcyJuy2UekIDvC0XheOxLGOY6MMlko4J0qInsboMRyR1cQm5J0MgD2eRx+D1h9GSPzfl0In+ImalB4aZj8X8QgQVpsM6ZheFEE8cFpCD2LhClCGLz0DG5xKwYpGQbOARvBB4MApgHFkPuERTYmdj9OEPiygeTIYiKouYuNaGl/MWLoei0DV4MwSZUEX+hCgxS6ZPYvCeSlyq6KDqeyjDfY8kH8SFyJDZjZDT7JFyJRJgTikyPpwYOGgmJRDRjYUetxlNyzseTHTIUSN0LQEihDEnRGoYg3dFNwUyeUQKi4y2HrB6w63oVwGAwD0SI7QzYIaericMoNqPYBswfBC4EZheZ4fpaKb9IcMxzaY/hCEGiGTPM8UxhYHqFTXHMeCBEXBbFPaHNg6UfBeDY0NRwXKH2Y6eWO3BK6wL0i7g/wBj0NaKgcNkdh2gdhPcaGLsDxXtweehwQbOv6WOkFpHcI4MVQpkSsGXWPTAwrE+GRB1g+DfJCzQWzJRDx8pqIZCkkLsN/Y6i9iFoa4Xh+SD4T40NR+jEiaK9D9uDKKCuWJ7lRRcKQdQoxC0hCGVzsp9GDQi9CwbSinR1EN9YMxD2P0H7DDsK6DzoUCTuDUKroo5Nk0lRFVgnhZwkGuR0OSnBYaYxQtf0RJKn/B5wP8ABofNPeDJSC6NeGJBa98zhnw6UOzaBOw5RjGmNEQc4a5nK4a4ohCqZpo0h4ckiSooE9k+xD74SbnMDR7JnRzsYzfJJaFnQ0kOXOD+5HpE2CbehWZ4J2jIeziJYmQyZFDQwQ/2GmUJ4aMsFEp4hIdB19GKtYyCYGRaXCEbGhkbFB9cxJX0SxE+yrH2Dt+GFs+nAVfBGSiYYZOXOIJCRVDU4RXAhGg2OkwxbwT6PQY/Sx+qPwc/+gjVh6kaRj+w2jW9jW9mvYNmHpGmRnaCdBhdhthjJmEKvsiCTsjd4G7cSo8MSrInsTMkMRyivJMbT7DEzFn3IWmSCRTBFjfKwOQnH4bCRoSiw4mlVfQub0LAwzedfpDWWXprhBr0Eme0WM/BX6JRcNFwNScPAcyQ8BiOhHYhMYuz7RnYyewi2DaoQvQ5Q0HQOmyoaYQ/IjrTAPGClUbuG1ExUho93wi7GIFiU9gntl1hihZZC7MGOb2Zh7Bj2IMw2uNYHN0VQsiC+hvYlZlvrs65qzg98Lk2NRzghPQ4rp7Zmr/WSLdYudGTySioVqQpDD0NWskIgta4eihmINIQ0RiaBHY6XHAlGTCJCYQT2LwLIgyxseyC2NumNtkbBkiNwhaaCSYUEiNFEh0mFsa9ieoVN8LEPJDYk7CoWhIoMykPh2WTSMjbBcyTWBNdFNjB24rfB0LWRWC1zY0y4Q24/h/wMsCQs7GPHBEKHkMMMKnXB4j+wsGzoqi1ckiGk1g2GEI64DOMqWskVeuO5pwCH+lczfqFGuIRdHrEOqzGgQu406HZS6kPQ0w4mLtTBwWhsHjoWOj0BOO0XsN9OA7G3RZ4tZPsFgTRDGmhuExDG4YaLungLs9CEkSbLgf2WwLNDdQshfWSDOBYwGMFdDuhGRZDUTJmxY0G86MscSCJ7NcCoaJou1gZXInAx/jQjoJL0dsI/Qa6MaBPtURdmUTtoSLCEHo0QjAbdiWUdlRTAKWLBgh42EIh1sba0eiZdCWMiUfA98JswEhsbj/Q3jRHoboESRg72ihVeE9FJV+hk3exiO76P+0QnO8Rd4EjBRmbcJ7KErQ17IzQCt6Qo6GTqPsxD7F9kFRS0uLOBKLGkJCaaHro3yHb2NX1xeEJQ17Hn4Kyu+/9iT2bqH3iCwjPgN7lGZCZNwzBd0anfEjhHoz4QmE3YT7Ij6kOdDadCISd3Adhlob6LRTPwLGMr4KyZBlrIhxCDJDWYKOhbFuOU/0n/Zwl4HiG6/oa4n2GofQcYsiyITGyHeHqR0Q+wyMt64tVZGkshUmNUSC30P2V7yNsqPnLG6sF3xWcM6md0NS2OegnZFDbBtWGxzBKShp0FATYkdEaeWVexrKtiX2IEgwnoZhcCJ6GbQ/qMyWSIecgpfZHow0FjWLbMdodGZiJgYh7SFojVF54rRpk2XwGIZR6FoVfxI/ryIKnQYQR6krkoML1cRUs2KoXwHNeFEo2J+wvRkRp5XEqBDUnkKmhoYdDXiG5nHEbLBlRJiZovax1ZH7CFEEtPAuxscx5EqYssjmGTQnqZImPcCHyyZk0RIZJaJ9C9QgbQQ0KLIoGRKhrOEI2FLYnFHQ0SLfgo1kZBU2KCcuWrauyWw5lidbC5vIQpo6EfyJBH2QKhBDySsRLR3A7gQZ0aBo9DJwOgjEhV0yWB53FTQ4tLJHoekg1yC+0dtsV9jRiXAwftgRkVWRCwIvRhcdN5EuyozZZnKJKJTVZo0ewTYFHoT0EucHioIVoot4EcId2JDIeOBMuxULGsejYz7EmimNMR/R1ClsaaGW8HaLQ9qsfdjqKKbFiqELQzZF3YbqhTkMAqjslGmuP9FwtMlwNFjWKOkyUlGsjUEYIlQjkelUdNDFIYTol6GfsKLOzoDjsUKMW0h7UPazgVd8VDTiYjNBqVip9R3Q0TyGNcKrj0NE6hp7MGROWy3Z2gpi1DHo0FBUrsRdjSI/CDaiwFgYo8CyOPsX1xIBB9zI9mLstaeORqoMWxOsl6jga6FmRrNQRmi08CdcHTQTE7g0asosTi7aJSYlMj6hjQyKa4EN7HlBe0MLBZSHkZPAlWhBgvRNJnrEoL3klgZpEJu5Kej7TJsYG7IRt4RlpRLgLLKM02BN7M0HdO5MUOCD3DDkaBl7GTshoeCY7nKsjkG0OsSLe2MfY4Y4rbo0DG7JiWsMW7PuI2ETYTorwjFQpJjd4FbeWMcsYhsdQhFodcTpsmM2VTFholOeiVErEIQS0NcrIJZijAn9Cmk9BnISZJL7EkShD0sRM0N1TITx4IL6HV0j0Fp5MmxpKNroOfQxZZc+0UtsnpiUJawxxrY/hhK2RAtmkMGlROZseghkxQ5leTtBJ7MGSpRI1BFsOh3Q+hb0DLBCGyNcIX2SnoetCCJoVOJCOCYR6HhwDpsY2UIWhdIRkROyKMfK/YzGYwYwJZWBLpoKM2odUoY2SGexaqKUSeETuSWCMkoQp9HuQY19D5+hVUHqKnsmgt4Y2Q2N8IU6GCywOWzWPhEPBYHJC3EakKBzFaI0doJPDPsM8HRhC7o/BL0L6mhbI7EhQOoytmSRVYJKRUT0KbFoK8sfoiy0b0OOK3oqIWoM07JWEJM8B/SMgZMrnNh4MWxQJm9sQYCEOsJidIEW0ZuwsoLZvYmt1xUgkfhDio12JHSGDeYiVDZyK/oPYiqI2i3A7FskReUZFbF7C9DtO/E5NMSvpCmj6jIaot0N6MxxNZsUEgkqvQ6gdaRCN6GH2JTLKEdox0Ngxk98DsiitjYFaEDKYPYJIJp1xi4vkoyr0NehNYRmJkOeok0pKQnoYrRDlGRGIgyPRiGYQC4o3kzBAfQ7eey22YjctdCErlHYpX6P17wvNTjMXkfnEbHWL2Ocm8yeh8NGbFJpjc2O0GBSNljDExYKCDApkxbbI4Q3hC2o0uisQzTwX2UZfT42CZnLJTIeiWIR2KhQ9FOj6i/AZeR+ipbG0NJ7EC0MqoMEoeMDy4T4ObYmkp4LslOxJE9xGbQinAojLPDxxa6CGyqHadMz2OzOCvsxab5EvaNkLsMGC4vDE6jUuuFIwCCDUfCV2yMXQdZEO3VEbYzqKssSMN9i9Q16HfoRnxCOhg8ZPWe5jQSbMfCEzkadIoXfRkxShn/RjQ3jVtkezoiK62TsG0wh9AxjUskesGWQy4FQT0YMJ7JLRiHxk2PYcJiCwjEjtD2kBbbEREQrsQXY3NIpuB3hXDIrsaEs8NrLBdbkbrwE6yEsnpHYyBvLhBMzuYj8mMlDCFedobA0ZFPCMW67RUsjNp0KPY1w55KGISIaxlbIEB7Qpb0ZsIVBIF7SO3Bitn2iYWTBqwQnyR0MqoT2Nr4mxtjFfLHAQW6xImR7HA7joWMXYJfRk0NhRgMIYa2IkNcJZHuIfBciYMGdbM8h3fBIGQ6PbyM/UhYNNpbNoNfZmmtCr8B9Roc3keQps/glGn7DHYQX2FdIMkdH6yIaBJM6risSjFhMdjmiTHE9izpvgKj2UEWcjpascaWsSieGxsJZkWMWOyERsZuxZTua1jUdKBwFBB4kpZXB9AO2jdg1eyqUSUyx/UdsdZqiWghsvsP7KFiyIujpAabWS+homyhiY02I0+J7GzAyCQS7lK030NKmnaKdhDVCITcIlLBJnAr2aaxFLY5LJjJbEZBHqGJumdcYGOfsXBIkKXHIMYhl5aW16MBF59jRqFdjsVMMplDm+h2432UVo4Idk9wWoKdCxo30NWB/YUhhekxLC6IhrRPoS7IYaLxpTVcEcCSXXGgGpXshDQgxGYkCyCKqQ/Am4LZWLWxBCBuKyhsPRGQMaEsBmWiKjUFyK4QSt9jN0e0zOAt4SKGbD0NThOeOTxgmKnR8J+UDi5csMnIe6ikCRjRaGFJRFpCarJa4NhGBniYm2RpwcrNw4CxorOFDyRPY0Y9CNodpQyRHhsjbY3di02Z8C9hZYPYx32dxlZggAg8o6sDUsCd7Y16PRFe+hKiywNJN5IbHRbHTWDIa0ZHBkIehyhOJ6CF0uIluuI0k6pdbAncwrZnFNyIeXiDjCzASx0S7IxiLML0gUTeBBohMT9PwphAdJcmBA2pwjTvEkmP8AgVagmG2K82Mk2ZCVldSRooEwMSWToDLYaMPXsJjI34DJlwCGE7HypMRl9CjlwZaM2T7jE2QZHZpMnAkKsQ9mLpMz7BMwcTX3CayxJsNu47ZV6ETDJCbhtCdaY2CTyEvbZg7F6xHoSH0z6Z9UWogvjLVsFH/gliojQD0hU7Y7M7ZiYOwxXLkvUE6QSfQRCHeMJFwaGzZFghfPJkiibIpqE4FxklHtg5RIVt1sT9oyeRsmKFloZBXMDZUQS9jSGmBeomYY+hjLKLLN04CawBLphklTLez/AEJ/+CEOGNijX/uP7He/4Few6k/94G1R0SS0ok9L/RF/+RBGL6CXCJxeDZR+NFw0NQQyRmNJj4V9tEtDlwHKYrKVHRi2XA+MMAjQyQqSK0KCmVBCMUMQ2UOE0Q1iaJrMzpBtnszNM2GIhpbeRN7GW2R2eFkeQkNpMHqlt0Y4EoExZX8NbP6ZZk/pcpuKreE90IIg0QOOEELSCgjpkyLggZRPh+RcFwhIyQguJ5QXLVEGscHRkC1mgrL0N0EhgqzsYCrZcBpvNiwM7DceElQ+gz4Gbn2Z4ysDWBD2JWyXoJPA5qEt54nxRhui+yQq0S5jGPmWv9GVDf0KQab/AECVoRBpriL2QQJGi8QSIQZSg1w+MCQl4Llifivivocpdsa8oYhIWgwiyIJBXQUyMkJL+j5YFohS4Q6aUGi0PLMWYaJkW+GiIJ+4e28mgz6ehkTBRzRk8lpZkV2lEK7DV0/ziRbhGnp/owISQ1wmMZGKjpnjZCTwpR8qENMXiheD4fCXkmNxE2CRjRCYPaYaG7FLg9bCQjNlFUiQj0GdiZhYYIS5xpsTgEoyC0kMHEMzxwf4P2YKMgtDhvThYRV1wXHFREHkbcJCXE5o3xBiJ46KYvFKf0wJlExsU4pSl4fFLxSjeBFqMA4Um6EOJCGiLtGho95Vi8RH2ZoGEQlKXCBiyMQxbHDuxcFqNkSoag9a6P3I54nwYmZAfpj6jErHGhn2amXE8iYJGIWQyjIicTzviYzRdDH24UuRrwxfBOUy+CMQsZYvQ5Fmj4myQ9BGdNwyjlVMpCArbGiuBMAWjYscFNzBIZNwb4ZTE4BFYgJbKqBd6Ptwx4oklPsVGkmElihk6URRBh3g5ci4TKi8XkpSlYmNvwbGgmiWhCGRIxRvgpRcLll4viiDEOTJfmxK1svsZ0zakdiRDETGRi1houEqZcQkoPSBOoWTSN6Me5MvAqO4WncG6ZGJrBRsho0y0W7ZYtQkbhiP/MPjEfAoGxTlfohmvIhrhF4aGNDgSTQ8vA/NKioouC8m+TLgyFVN9CHJNBjGapQaHvAfVoPZGXQ+gihmAcq0mahz4bGOIgkJniIpZYwrOgLEEmOFoww9RuHjC68WcbGyNx6LkonxSlfLD3wlw+GV0ozASfiaPghgNUnDcNeC5YD1cOjYT7JFvbbFDJgjwSQ3BCirRFGBZ4NhDnREORU0Bqa9GiGBeDCG1qHSZXEI3EjFYQ8YvOUuwxGzYhsWeQFoaAmxPA8BxDYTfocW3wnhRPkxMRCDSHypSdQ1R+FHww2Iog4Rw+XsT8GnDJabcGuTALQ6qJ6VZEwdKWRqR8CyHuYro2DI/alv3GzMKEDZNBN4K6RgZgzKYqpMxfY55JbF1NnaGJRBMmsZMaKQkwCeCXiiEBJIJp6uNhi4fglXC4oxRkMfYwQxcoh8Pi+RMuOb5aENybAw7ombyzJdkV8TO12hHYeakK8yFzE4feMxWhlQvQfw2nXJa0PEnkdEYTEvxiMzAKSoi9DexTEXKMNGRQKlwKJOC0MHYzJPY4kNniwCtEYKMTKUTHvjs0VDaMMcJwwtEg3kpUQY3wPXjbKUvEE4QjFm9CHMoJNjmzJS+8WAf0wQz2MzoZxUdhabHthizlcEMteF2w6XLEGIaHXKMJofvC1SHCDO4Geyot6cFZSkgiPhoTIciTWYBoUamLFpihZCyELRUiSDfCEQSJl4wODgxGgzvG2NPhWjpiKIaGjLzfMFgzfCg/6gyujLJaYwmg3Qi2Qv8RtnDBF5IsvWShaRJp8bx8D0JGhZWRsEKdGQdTM2piwsjAstcFF4nL4ZsItGPVIgoINk1M0MHgwcazG4LIkMQTE/IQwELkRBZNNTQYY1GNBccNxJip8LwnNOMbFns2mhAqilmSrAMUOGZEJgarElReBMMhuP/9oADAMBAAIAAwAAABDO7UMS029uqevu5OJOwTX1/ESkg0P1TfDQf79eP/FhHf7M5krEeaGEu87bIaY5bNNfXHuQGgyBV02zcadOf0dmoIjuKnwc0KiDAjHPKaKYEQjyoGtbskZ37lIC2e8ke9kW/HT+vdlzxeviPO7YaKJNpLWnBtPH1WCs/Uetqe9UktNUE1MIJfM7DLCFICg9v9uYpMLf9PnQ4XPa5X15sSoNsutdv1s4rFf9nlutMD68AvZOjXG9sfaCoCvdnV1/FUiW2/c7uMfklKAtdJd9uLOKRcAEHCxlgTpWjmMg4Pd/cHt1W8Hfn1tvGtMjPcUgVtPpKyN8c9t91Ut8ZWUeW6m2hSeqM0+JxfNcfOWxi6ffv/FEOazoJl8OnmL+UoFhiRoI3+fJHu89dawOQstHUSxjitt9FdUXTS32qTU++poSTK2JW1l2/Ko0J4M2vrBTddXanexA8cdUeVURLRUgbrFpScxAJKiEU9Sub5KDE2WiHN9+5YfO0nfdMEdlF/5laDTpM4ZzjpLSfoCUEJI1obl4cXKln0KRUTv/ALTr/Lz5fH/PKqMQTs67OWstyHEK/wAxv55T7P2rWuD+R06lR5/e37mkKY1nbUoKhkNbdqsDvh44cRA9S+FWIGo2HiUV0UT+2b63y8VN9qoHYRQqLaSMwcNbsdAdT158AqELQ8kz4V+cax+ScWS35vcUuILfhWjUYhw4T3AkkjzQ/Z10rrrH7Ty2f37077Xbc72ouMCnW8UboCPREGU0fGx9rwdwRU1VZF4ybGPeVT9U+E98eMdnJu9/EcFpgAUXfAWARaD+Z2RlXtSdVc81e2SAWi25y5IZy2ez12S6n9tnn/kYUflJ8PsiZ2HhSqCBoaUVrT4e+4578PWTnW37+TH33C+bSnAax0/Yy9+K+9FXaiAAmxvRW1x678lYMkoQw/YLPHawMs/57edP/VjymQGh6n8rLvf3e/7h9006ltQBPdT/AJig7n0HE/NsPdVt9YY206gVnm/9ZyHA7eZ8fN/kbNPFgTAkK+5Gi+bSJboAQaJOaLpFX7J688sXHZ5WvNQw7gb1Gbs/h+cIzYVrt5BnxH6Dk0UxWDuCaBWH23Fn239cxib5403bUNnsw0/nGtjEdJ6McNTgvwy3/Ef31nlxZENaOW8GUJCKALtHqpHT23631yKPi0u+NMZVI9XhdVctEs5CFMykZM9xXDdPAzX24F6a78B/km930q4XKTnjRT79P8OfhEa9xdMBRhxSPmcq2OyiULZVxhMG4OC0YOViMotKFcv/ANKtkBvOYpA/wWIPxWQfF1EHbu2+3ggFBsLguXeGIquqeFTNldgX452vB/CmgeVCn/hDsqwSRZn3cV9x5MlBqdkM8gf3xJiEcVt6qvfT+gkCHB+TzS1fZEk3B9jldNN/lVjDJDBnq/1+YYpvLmgn68tqQwe5r1r1Pqmo6Z2GWAtjQnBt5VhdufFG4zMsiOoZrVA819Uwitf1n5rL9QJ8nabgIuYoNFuwGG3JpDOAb8ruva5K/O9mYkiYq87dFFhv45IgFME8dnwCvNhufbd/No0guJkfaZpWN8Euc/edqxgMocNhF1MZ6EJ7lWC6W4pRxRXElsIbXUJAVfEQzOpGaCS21Dv51CkeP3zmdvzTPzF2p1YBIgFdvpomXLN2kUWq9ga6Sa/HTxQEx+rfEQ8Ajfrz9jtoznGESEcHY6lVI62so6agq0qqaohBdpAJKKCnJlbPAnLtXt18py/hHhlofbQIrv00IAWf5NHuLqx/XO+Io+Vt55D3jh8Np7SQXljVazy+/CGX79k62ss1L+KFhLmKfwZyKqNXRgcKnUrspVZlDhRmlxfila/+SIe0Ps/h/Lro/wC/EbvDcKg4Zywk5JGl+TV1zrh8CXfNTS0tokOusRvqtDDz1x7+6JMI6O9fj4ysUWa2hqW7ibIvCyRFGpuN9pjjtl2yrulK511VUb/O5hirp03FL/mjCceb6IIWELUR3eH7aFFauEo9fb9AS3zcWBW/KwwETF+squN5dDgFa4UcDQO4bm6wTqlZ8tETZa/FZ3SSYeEqsUMhAHwhtB9mt0HfMaTfG7RaSFPZ/YnBG4T4oku35VUnVIO4is6jkJK0ehEJVJQd/WKcGAja9CY6bebhVimrBy2BUR0guxSAJKDO957hHME6DYl5YJPPfQ5DvbCp/I51y/Sx5GRzRGFvCOkpMBd3r2hk0VZLs+ny2hZQKJbQVRwRabubwVcaMmY6rb5Rrm99GYQc/q4ZOK/npXdfHUaNPTaR9XYeD2V5fyogQOLSUanmbzVEs24bJ333wg/YYg43fAPY3ffQP334XoXPQvHYP3QX4P4fXPPQwnn/AP/EAB0RAAMBAQEBAQEBAAAAAAAAAAABERAgMDEhQUD/2gAIAQMBAT8QQxeaGLpix9rweTViGJelFsJj8YTH4N6sXssovKE/yXUMnE259PhXty+17usWoYuXwh8p4sWP/Iii5mNjLtLR61xRPyvF8Zw+lrFiXcLj8L3R6uEMvikTxYv9CH4InqvecwS1+C1j18LzQ/BZCei4eLlY+nlL4oYj8FCl8UQWQhOVlxLZ6rENCRCeKKUpS9tlF2iedWo+jXD5pdRS8UaELH7ohNYmhk8rk6Q8WX3XLFyh8rF2uZ6TViyYhj5usTGLGTwQ3k193UMRPV+yHr5XaxPqZFxBD4o2XwvjR+Ey8tcsWzqlz+CITWIfC8UMXLxDydQfgun6rFr4RMuIfD4hNWvudo/vV4WQghky9fzt+DQl5wnbRCEL22Lp+Kfki9Q+bRPFy8SJ6Lbs5RMpcouWhLt8fna4S5SH86vDJ2unq9KXUQff3yWraXhDZb5TKfRIbGLpIfD5WrYTliL3OVr+C6pfCE183i8SCGTtIePhcryfs3xCE1C5hNvd6ZB/OHykLJ1+8Uv+Fa2PYJE6WImPil/xTid3xnhBDQ1w/nkmXaXudUpSl7omN4xDyEJ4MoikxDYubC9JDP5jxH5iYxDQkT1SPwpcSGhei4eQhNQ2I+kJ5sR+YkNMSGsfrfNDfrCH8ExlaE2fuTleF249W31mUQ2Mm3J5Ut4XE1ISJ2hkEXVqeXbk4nEyl2EEPhPh7OIXHx8L3BEH4pYmf0bFtLjxrE+KQQxDF4Up8KUosutiZT6JDWJjL3OVwmMXFLxer0hZ9HjIIj6Yh8vVj8L3cerKNlKN0Tx/6p6ITJxPwnpCathOni8VwhvWy+ay6vJi8VkJsJ+CGIYnwif4UNiJs5SJiGKDS1Dxi2CPo/8AH+9wWfSDIt/gh4xD5P6Lv+CHwx9fwXDEPT1Z/8QAHREAAwEBAQADAQAAAAAAAAAAAAERECAwITFAQf/aAAgBAgEBPxC/ifpRi7QxCHy8fpCMbH1k7o9XCLio8Qy4vaCEJwNdzXzBIaFkykF4XiYkQRBD1ohCDfU2CJlEthNf3yh9JaufgZCEIQYuryu189whMJC1eNxoaF0kTEQm3hLGPiCRCE7fCxiyDUybMXbFt8F73hn2NQT5XD7axEyal22Nl7Q1jEMg8Xq9eMQli6Y8TLytePHi8l0xDFxOXqEPhDExiHqxeK6+T5GLpriERRPC1D4cPgWT8FKMRcQ8fYiGsTxctC/NNWvIIpdfi9RCdvxZSkFzOJwsvTRCC2eqHlLi8GLWxPweX8DxjfC1Dy8tjExPWuaTKXFqy+D4QvBb9jJi1fneXaLKN62LGIeQpMvSY+IT0hOF0xYxYuYuP6N4hi9Gh0XKWIZRYxrGxPFy2LWLlvV+J4mXGQbRconrZ98MQvsmPaLwYuEPEUeJlyDRBERDz7QsWsWLFs9mIe0Q9QhvHkgywQkNCFiGLm+iEvkZdq1i1DPjaU+xbR6xZMpOV4fI2feSkXBankIPo8ZcYurBfPC6hBoS2l6/osY1iQlr2ZBLp/IuEPHxT6LcSGterFxCF1ohMRZ2/gXyP4LRfPixdMYlk7XUxi4eMQ/OYhl26kQnUnEPrbcRceUkyfghBInN82T3nKx6tu0vo8pX0sfCy9vUhrJrEP0fo2Ioh/ghPCDRMerbiZRbOkP1pfC8taspRMhP1wnMxiGQguEP895oh8XUPLq1i9UPwm3hi8kiE1i9GIfVy9vxZRPU/J8tfhnC5aEuJ5Pl9XJzeb1CEFxSl2cTzfc/Eh5Bed6mfWp93mdru9XtcPV4JbBoSIQmwnc6nUEPVwkTYQnd6fHwQfDYmXwWMWwReKUv4Vr80Qngi+q15dRS8vtFKMWsXmuaXiExD4fLFlyeDEvFEIQhCYy8wmI++FvwTzTL4LaUu/YkXKUpeH9H9jF+FZ/PH+Yhix/fDxZ//8QAJhABAQEBAQACAwEBAQADAQEBAQARITFBURBhcYGRoSCxwdHh8P/aAAgBAQABPxCnyzkCXbsubIsjIJILOyTKWQ/AOT/V/n4CD8dv8jfr8ZslkBbZyF+uR2yywkRgLD8CSCcsYJDJjJ82nzPn6gPmQz2OM9s38f0s5nkLPZPuA38MFvGZxYgc3J1+Hpe+k+y7fMFpuJPuwnG45eRiSNy9sNEwUkGSDlhsYMA2FyzbLbbLB/GQXjDke2dj3c8kRxt2xgZ6+XT4jZ/sBnfw5Qc/VmeXVyT8B9wd5Z2f5Y/Uwc9kYLJhbJ0ksLKcgxnREQfM8+rdewH7kL1sAW6+fjA3FkSgzs6XHBZ8Fr1uXLH5LBLm8jTwjXzDPmxfm2tsON90GeQw6xpZ2EHEftBn4ZsdyA2dsEDZIJOQb+AXFlmRGbZnzDnxfMuOyb5CPbIHYOyI3W7fMGxiHN+IPpY+qZHGsJ4QaQd9s/cH7nnzB+44efgviZsh5NkLp/8AAwsJ55eyfEYmCDbNt2ePbPjZH3YPFvobD6wY+5O6F8/UcMHNg5BHvZ68v/becgeaZDrIOJMgvYryCBthYs/AaWcggmHspuRmXNmCyixYT+AF6Q9n/wD7LQ+7FOas/QfJlW4/E2WR8gS/39ibR6N5HgnrQh/Yp1GL0LO4/wDl84Zl8B0kNs/V/kc+PyHzHZ4vUknbmykMtnb4luN8eWb8Xl83rZ2IgmPo+bz5kBIgDqWD8QaYSYzq/N90n6y8QQn4/B6cLXcyzOkKnGU/Ng4OJYvIU9i+fxllkQ/J2zL5t55ZvbPwBTsYTkhch3Lo9I8+i9YxKldh81GWreG2qRfsh63RTEKHpPu/cv6tt94eQT9KRs4C+C+JHYtjKv03E5wg7+EgLD8Ny3fLvzMT7clNtJby9ssJtk38B2IOWSPfwPbhjH2OP6/CJ3dPLScnHxCSO2/GV3JRL8w/F/V7x0javPwG+zixiB2d+rGdIPq8/DzJ55DzsRry78wFgSvHC5mpAfWR+B+9cy6tTkFTB+llxPg7NmD+AyNJ0r8toZmzh7A+J34tU6w+0znPz9zcH9BFGg4j4g6dH3CP6sy/279X9TuR52f1byZ9mDbJ25JrHzdg32Qnb48u/E/i+mQ/ZLqXZ85H3kN+J/TJPyX+Qt8F+06e8s+Bnv2/uTCAkoeXU7OfUW7EGkc8k3fmJ7+Ty29Y4z1g5JdeRBtmS6xbeJWw/wAkCv8AyF+j62PgSLsO/VS5Lrum/Nj42xTNjflJ9wNteuSri0/gmXspCIHfRjDjXjKA+vSJ4b3XLPo/QIrhkMhPqXkeWJ/Vlxe3SP3M8g7AY2Qcmyz92P3dg+c/GNcvfk++SNr7lSY288nVlGmDPizu5I/V/EIkIHiTfY5IbHv+R5cESc/GX6v6sjWHbbN/Gz+DE63nl77AWWXhy/aR8iIEZ4iZs3ety6cZby4IeyciZGIBgdFh8GALFtRpYmMIByesJE0dSWIef+SB6YtQJD0rowRM+kxsRjSEej7Bnx/2BNKfrLY/D38Ht8/hIH5v/uxh+7lyfbD5tIe/q9uFaY5k69vHLrOSHywZ2dXyD6nD83MtLyF82CfxFk8f8vEnImG2ZZtifMce2lyzY5OJJHPZB8svPL+3Ifx57Df5E65bIGl8CxHj23vmEnYaRRx5a0DFk4GR9sHgupwQl9goNib9WBfEdmbVfMicHM+V2TS6gyMjFH5+bRRpkeMSEvRkNrHmanjbZPmOsOwF8z+NCHXy39XGwnl8xi3fibML0264n2XPbY5CJkx4vFmfH4f5JpJ6yGsOLDLX8GQ6/k5P0IP1Y+pZ5bHOL1sdiYTZyfqfI47DJ9i8uMg98uA/pOiYaCxufe4qD/pIDy0SSitfVZO287HuQZ/BVfGVe9y7PqxA/l3Xyzv1Nn4PBjp72TvYfN9/AsGxfORgX4nm/uRV7NkPJIn7hyaJ8kIMvxvL3B89khLn3rU/svfL929m7GZYTjZf2dT0ufMZMO3C9j3y95HWzGt10njsB5CLds5MQyAyZAR38gTMh0iG0HPxv7uvmGfuxhjYL+M/dkF3YJIzC68jPvtj8kkv0xChnVmX/m9gtMe1tx+sb1EiGbPQG/M7rif2PtASGADcTc/UgeIIku1/Vt3sry5b4fYAJ0xI1+NbJSmzAm53Ic+yw0+9mxZiZevJfDZD4bD7oyuiSHwv8vhHX5gPXen1AnZ9+yMM88v/AFPlsfg5Iy5HeSZ5MDIb5Cf5D+7Spt9sTlgfNut0+LN9s2A4zZG2IWbD4swv1CcuQ7Y3z8C/q/UkGzt/UcbNm8I/CmRl/uSGfIfdozwPXlgifrYKG/o2U5PPtLns/ZuOinFx/wD0l1eDj2Qqqn1bu7tru7s7GhJzC1zcLR5b3YJ3bZYhwAEfm2Q4STpFF34mdrGjkyB8yXeTyHZF7MznX+z+AWDnzE4LP3H1ZQbCZC97y8BzM2RPPJezkE8/G5M+Y85+E+/wTv4O+3Ni7yTsY9bCBst4Ts78ya6M78QNjtne2B5B8/jTYGeON+lx3cB+M1/A5etl42kdZxOQWYbGNlvfGQ7oeSAdefaXmJ8p2tfa7yri0YhymNeWqs8bwtc6GwMzOxz0ID5J9bYh29LE/sOTTnlit9PY/nbt5B3z/k3o/wBlh92xI6Xy0u/9l7IxjIP7IGhf02xU/oj1x9RmO/syRoi58tj4n7M5eRs72Xrvn1AEUaE9xwbYJxs722/s3j2TYPh+PfbhYJ32NPqOrYbIPLV3ZgI9k7Z+2c87GHLzy3+xuRjxkLdsMgG5kFvwlsDiyONj8H4HPwPbeWbI57FgmcEF46eSshPRes+/Cx8Y8o+BjZl+inqS5zYyN2Q+IEf1GVv4lnEnV5mU/WXtr42Dp2NO52fFlfiIgL/SAlfxNhrPuH7tyl6/rlztZ8ucmXUwPiz2fJex39pC0P2ywP0A2ZM9tsmkels8gvr+AP8AU42/DjOzq52AHVN58Sa+9+5MjywzsH0sLAs+bEgvkHI2Pfw8M8W4kl0g2YMvUex7Jvk8R52+Y8n2yV+ARccj8av8jsHxZsFxaXPu5f8AkDh6XbFMMEXVO8yGjG4BkUbnGeWpgj6iX40LrrOQ7mxbjtkrfDnkR0Mnfb6rPv6vJ7di/wDLUM6aZeYf5goCn6sNkf5aDgf5Og4gNHj4Li657ka9d+5Hm+Tunkq0H+knS/rZ9Hn6jA/c6eFwdGOnYO8YMz+xm0B+7AX7qwQwm8t55F/k89iA/l8+w/H4Zy/y8uz1bQR+4Ebn4H9SbDnk9Qx9/Cc5+JgwPibskS7xkQMtjsZfMP1H4Ng2Yzu8NlX8FozejY8GgZlskig/qMvy6GTersvzbOdeCGgke8JiNn5O3WnzLP7aPbM5ZTXfJSEn8gRRiIJThGgTQobz2xA7I2nIkDh5ZPLfDJQ9lsI8gjkb05KfMjOGXpanzkvhKT8MnB5LmPsfkvExYm4edPhsks5C4I/SVzhdPi7vl48kh+I63XJwyGQdwgvI+Umwz2cyD9/ghsbB7+E/GRNxPIfv8cSD8HGyd20+wt9k5fohVOGxBaBAP7N9gbaYkn1k5ZOBB3nl32yxukwuqfUNQslPo2CdZFuZYXIgeyc4R9EEEAEZB5YfiGci5GD+sH72GAtz9FzWPCcyB5ySG39ytJkIAwQHJhTzX5jMZr6nPgSTggHlw8nfiKPPurLcmfiXFsb5PRsn+79WZ+Hcg5N2NX8aWdvVvNhL24Q47Pbc9jY5qQ/28+J44TvsGQbrdy/c27P9h32D4WfdhthkGMwXzF83x7Y/drD+ot5GZIEddL+227p5eY9lOnmXDl8yyu2uTDsfMmpAH2TvjOnjag9ZB3mxanQ+oAgl9GSH248jnzDp7GR8lh9QWpl6XsCjCEHH4S7BasXJkYT5u4voySyoWMP7cfRJ+rCcsfYVTPSXauKtiHuIU63j+UP3KR24TbERk3S0kesGWGXjkG+3SGZeeXry1+Et/UPs/V82GwtjIwGXLDdufj58jv4JBMtsvr2SI6HxBS5df+w7rw/t0SAQMcPt10uNfMqnsCfM7k+xni2n12O8bTpCDysHZ5svhPzkci68Z8gJ5ZfmT6ZZJmZ8W9Z7d2OSQLU4J4Rf6fqOdI/c/wB/7C1eweHJfJtzyXfxrI0cez/SzxfD5gRkDxuwawYyXxf2CzvtnfYEDOWx9hdt3y/a+eF/kuchN7Y7yOF3fw7AlkAiR32yrSHEEllmM/y8/CxJ27JZ7dTkIbIXTJ6ryi2+eQpufB+59BmsIs9S5LyfLxIJfrgNZcIXxHNgRwTPZA6FhtiezDzyNX9XXzeocg/NwcZmmNrYImoR9soN/d0dot2OYORacT+WFunxjKfjYL22K9ghaxmSTR9LD75LzkLL9fjIGzvZ6gm6jhHPwe+TsD+HL15Zhs3x+F7lj+ENvxBeXIgmWmTbb29ZE8s+4svOQR2DOm/qIkDr2ON0wtIjBHL0n4m8/HLP4Ntm2l87bDligtQOQHgwACXNsFMmGvIuLsvEPm0I5IJ3Ibt6qWkFyd44/Vu5z+JD6H6l5P7wWg/WCKt2euT2JN0t/F8vuSmYtBigAWGEY6sDy+OTofhgvm5aXZPYHbNfZ34Y2V2X8FabCfgNntg9sfE63EBl5dO+F/khCzJviHPS9sh5ZthMZaW4HW5GOESoeA2bVsJaPsY5ljXYMt/JrEOC0WIIA+7sHxNgYwfEbZC6Ed0cthMuS/VwyOR05D7vnjLHs10bwA+p2Bf5PnO78yg50lEQf5LwM/t1x+L45GnzD3thdJm8HEhPuIRjOtvrQ0sH9XA326PI87LETm2FgQfuPsHeyM9ljby1+b5nCekOwuz+GS7Hkm8kZceP4aTnfL2dFo/GQ2xb22HfnLHH35Z1M7k3f8MHAX6fVt8HweMwhj04WwHfk+SQOPtkQwd2yOsN4fMxb8wmC+ce3nFnQl4E2mPJgGMLIyPuz93DxtZxjX1/As5PnZcJNKf1yU/sstUEQxtRIUwnpx5JvI35/DOcj9+/gF3eE9xitGAy082aPWfIy+IIPyHJ7eEvb5t5GMieX7TE5K7n4BsheXBYO3kmyJDjYW6f8ly2Jt/GTyG5NpcO/Fjs6k3Jl0YcGKkpeDmyYFSPcY9uGxOHpzf3c3jKQ0j2zx82xZCIhzbN5EOOQP6YfJyUnynBmYg9HkQ+wjeuh/t1gyzccWHsN/ZATQ/2R4FsactHxyYCQCzme5Nih8ifuwnl0Rxg19hfxzIuZ1/V5B7JOmXer7CteNA9tFeOl4mN3+8chz8e/j2bOwGdlqnhdTyx8z+p4GeSs+x2ztwet75Z93Piz8FT8DidVFlm2ZGbJK2ZmWQgib9RlR44xEyivHkkUExDuiJ3/bDDrrC8010/v412WEoRtjvlsuWy83/cLFkqBki66WM3HvlvCOeSJWZIQzQDCZuv1bhvfDtsz/q8lrx8gL/xgAWkA8tnnTYxx2fAB3k4HiBztgxqHBtnINmfUqWR4CxxLp40hi4GJoyg+lEtZXEb3Px2WYjv4SfJZZPtzs8iJo4yQy4b45dJNkyMlNgGCDCSz9yfH2L6/GGENY4v5HDYdsPuck7G3c8t+yR+FsdXbsRnIeumq3iQCLLiVx/sebNnT6tPcWI+IU6v2/uFfZsgb7Ei44t73W5De4QiYD9yca6xIm9uvUYwHIPQLEjT52aHHz2WP/JjWZ/WW7j9rMe082GQX+SAaibzh+rVN3LMB/dl9xDwtqSn1YGCeEfuJ95IQ1zGB0xrB5z4m8w3ElIcWbNjNr+0nfzF82ealT/Jku6oDF8/BP4O/hkkikLy3PI1+YIbueX9GTsaLyUeXvYDLqQH2P7K51upxvrkJOt+pYbbse9g+pGNu/dn23EsQeZAD7gkwsz5RhhX2nU1OHhAk6HO/ENLu+JZC8U2J1t1tLsQJ9kIQNCXPjPkGZA27/LuPkr4m/UzMVwWRYCtk8yH6sUcfqHIx/YExB/Z7hB9Xjv88kIOCEwdW7I9k7gXgbjT0EnC/qszh4wCM0tpxycojCujEyz4f8syDf5fBF8LgqiB/l9fH2BRBhbeXI5+HWS+Ie2QLUaWydE6scOyc5Z+CdkGAG3Et5y+Dbex7/kDnkkfu6eSmFbptzcvpJyTcwuXv/kxKVrtw3QeRPXrsQZ/9mYRBkRzNtBTRB9geHp83U7J38cMGOXhLYk8YQtlZZfXCHD6u4r8R9pv9t1rH4uh8QvBIn0ROo/l7+L/AHwsLlbhk+Qu7r/+TO68e8hXtfoNyBl8HZAff7ae+Rxj3YO7KN1SwtNiHHIcTfiyjoE5YWkDl8mKSdcewRD8Yx8zpCUD35tch1cJRqHhZN49k/Dxb+HdjY2WOTY5sneQr+D92Tv6t+7vwcsd7Ywff4A3xkfqdg4bcsa/lrB/GqyXls+z+F8nzMzmG7FrCmH/AGEcBLAzxuzBnHY8vd6Pu4+j/VADdThIHjYYBDMeLC63ZTlp1bcXy5wvl7GuvboEV+L1wZXp/cnWlsTgZc06ig8tvPl8IujbNA7A4mW5epFOxu85C/6hdm8LJ5aQBP1sKJrk7jV9/wAsmSEOmnkCcnwfiVvD6p1imSftjqaBIRxKLxETLvStr6U2fI9tWQx3v5Qzs+v/AMSc+Y/a/lveyix7YMs+Sw8z8Ovm36v/ACW8QbIfEZMfxl1Ownz7KbfeWucwbYV02+Sl795AYgHxLVuxHAj5AfCEMYg3luM2B2zcYgTJLh5Pr1j7nLAtR23CuR0GRekcZ4H1KkGn6nwu/OSKfUSAdkzEWqphyMJYbBFdjmBmWx4T3yH3AZyGRZuSP+x5TeTMB8rRYx3JzHH6kcbv6mZAfGWhYQxdtB6/GwX7iNbC3BLhPpYYH1b+r45Zvv5F/Dp/Lo5N1A+SGVz/AODOwG+/j1Mv1ZpZ+5Ijy0Cz5lWccvE2p9hIu9yB82G/jmDctQAbGZ6kb+pzMPLmuEhj1wtYeClhM5IQW5+YSV3loYWx2SThH+lyHl9/MQzzIxBzIbQxsZOPZfLOYH3ARP8ACeyuPuWrdHPEnxs3EsAjsNyDI8h2XGQObyJwNXb4yLKTuic939Qnxni63IUeg9vP4/MQB5cgGMijw3Dvpa+4c6/hj2+Yey3jloru+QdhZl8H4fZw+JD25e/g4eQmWcs5L4htX/g/D6n8h9xmz7yx+IdceW4R3tl185DhLvkHmyjAqFmWRf8A3YgW04Cl5EMKyPSRv5uOxfCeHl9gLQx3fjJ5Fx/cB+kNetl8NSGfpGnkS47kUr/iGtEBLsRciLjCS3LYOyW6fYs9uZ7aJANnhdl9l4pL2VQhOWBvRgRz+ieSn/5pbaA+DySgb5LGSnl7A1+rpMWyB07v/ljPLeeQ6z+1mWu3zsdhl3HS9t5+4fuZd8nCdvffwSOefh8j2Qy7shlmJLeufV47KSRfEfuBeuRjy8dmEjlsmt4gN5Bkwa+2BB840Ovvlt3EBskSZ3DPiduLI07EjtjlL9yvytcf6/Ue4r2JNcmd8WU3xah9T75fGIunT3L9nrLXET9TIf8AmxnnH6uIMPO22d/McyS+SMngW3XkI679QBcTGWD3kjJo6b82Cid+bQ+Q/kCbA7jEAc4R8Pts/X4hzvOQsMuGOzBrfORgXVGuWPzeMsfhxO0fwCOy7+VJT4np+A3EuWzkpNuE7H7ufjYBkb+ELJG6HWwYX9mza/8AFG7qfHd/hcojTMf5MYHdmEGYPP5LrgwUekKvDI/C2+QvguJ3GDtxB0/Nv+Q2GOlyb9RgQBgYXROSah/y15ZFyLluZAGsSHe2j7G42ClueX23HZdZHwbyIXRrdTTmZbsCbloNiEZzJVFIr/ZkWLhrZo7jS69/lxd+oX6/DbBtnGPX5jVodgD4jPqNdC13vxKM7/kc9jGwJSMz9xJryRJdDYS9fyUsHLv1ZZEx7fMn7jPwLT4QiBl0ML+yPgv8uSB+rgg3PiU+o3l3kBnbwvR+Lsd2w9gac4MEOIRpY3O3As+W8mOsgLkKXL6/M3DbvxCZL9RNntqoyHjBjj2BoXL5vsFa7dvm00Nw6yD5tHd/EzG/zFhhMNb0ANgEzOZZRzfMe3SRchd25zXg8bqCgbFn3L9fj2fxqzkSe2FuSaeRu55Gj0lfdo87d+2B8yfiBfYJG/z8bDnX8WiXZH/CMSclL+NLTZRJYfw5PkbOxtr9SuPOXAQ6S8eVG2ZObDsAZpKmq/uDFnwPSGF78OYyRh+yHOnIFuSPFhOXKctGdfiwnOS9W/gHIH4n9Z76R/C3Rx1yWYIeFtDSO3+Wzo42AfEv3EYwWZQ4ewnetg6eQBWH1ucA4iYUv2sp7yPWfPbcljvk/u0gvi8SdRuxuR1viemQZ3Za8gkhly69bH3Y+7PwSyPfw/8AFZ5BfpEgpeOXTtw9uWWSXxH7tPi/t56z3g9hyEQbYL0OS0hsxXC9Rvy/4WQpzBfMhNlbgId+ROg7jcIbP5S7q04vGBw+LeamED5j4G3kN8ZOjs7+LfbNfu1QNzI5yTck/Ug3BaI+bq5cy+1kyOQUXbGqAPVjK8mHy05WV278zxyYD6n25B+CyUZDeW8tk5cr8CmQOXrtghp+oAcldjvthOQfRP8ALI8/BtB7OPk+X6hmOp+pF+bpKw+5m9LKZkm3on2GfxnLnyWr4nPqczhBoPiJ35nVtA9W3F4Zcrd4fiXlk4e3fSNfAyu4Pstli2l0ASuGYwHfcggZC+TryI92DmxpnzaXYDHTyDvkPokfEDLLnBBhDEuQIenLYvBy3KvhGdGdMHPJslm9i76CIOI7koeWD19/AyQQTHtmH4Fvi12DnbQtJCXmDGbJ21eSPxLseWC9kAyWtiXv8JQZz0nOfEn1ZvzLnvZds7rfO7Ls+3k/g7PLZ1tS+tskfQ9g2sS2Pz4Z7aPt4PzIIezXsX3vo6ToT0GQGel1g+Vn7gpDyyHSKN7liMm5uth5iybjZYwy26WBrMi1AZjyDkmw7sUeStuxwjtkjHJuH0t0ieR7vjYjQ/tyetsSNMxvmYeWGcL58s2y+L5mIO7aJkfveknNjzrc+ttPi0PLUH5/Cu8v/u3efhx5Gxj829l5EVW+h8R0HGl79J1k4fVuXzeuQzZ+N/CcifbLyXnfJBR8ZZA4B3/kBNoT4ux+IHj/ACBYcs/5BpEfu4hCB/q9hGsdBXY4+zOl762bZP2yOQ8tQc/dpgPnSxRP9qTiSPCP0Cfd6C21dv5aIzGNhLmcexHko5bRy0K0ELsfL4TVn8nmvz8xkO29PmDwQYW8viXkeT/Ycm6wh5Ysz2nxOiAL17OPzP0ZPts/d5cdv0WayS/Ua3bELW+YYufxPUMeBsCOweG3Uc+bOQH4O2NjbM3kWfgmdf1cTPdsrRw/9tNHhX/JywAY0c40jm5gtjmukGEfTCBHx/Yw9f8ALr2ExydGPJs3SVYJ+2cgHmPi3nh16ZED94EZanuMf2B8QNhvmJckLNszl5vhtMiWdsI08l521FBdjAfWwfitTBIcvImLHM+7XJfcm28v8gzyfbi9uQfVx1PJzD7lYUmQ17ceWQr5vJ73CB38ZjKXiy/LOLl83Q200P2LtEQMajcFlD+HkTZn38fH4b2bz8FkrM6f9veVCcLbmE5y36gOszh9Vx0YND8t5osxI3s2wsgJIZ4fSXZxhJjvNTZTAfk/UKEP7k4OfcZrDFr1Ae7FuMwG9vollP8A4DhMyTxaEZZxPVth2Vw/7Gdi7uIhukC6Y+oMufjewyWGQDHPJj3PUQ9TPwdJJeclBsvxI6+bW12PIRcI99l2zbDfY4rLoxOwX7CfgTl14TyIYk5DbPse2RZN89g24w8mD1YzV7kf+zc9Rnl8PxvxBOcM6w3e+/8A/CIrHwb4LfUeevnL0AJWO7smzg9lfq/rLtALHaIDa/tYytyH4cvOjkZZL9OfMN1xs/GGmT7Ln54S8iHyEPbtr5C98kCFd/kZYwa/7ZE5jhDoZy9bv4apfF8SKwJPeW7dHkez6GyKp2F67Zp7+Gg8tJqvhlSvn2HluwvzL+7T/ZXINsz8A7aVjY1GCQG7trvIOwfgBckLCPPybeXy/HxE+XzKEwwPxvbjAvTsgCt8XfQQU9zlyJDP1ifs9Ztvz8pMmYGYfH3J++RMF+sWUNfrG6/uxnd7E+4PrOy3+8m30sTx8QAH+XYd7fLdAQbL8Af7HZT9bCn02NjMJjyO9l7ZMjYEO2frIYfcnIQ+icPS9Ir3HOyEg+2Gcg5JfH4P3JAsdg/U4tZzI6cgCXPY/u/6l/U7+OJbkthAz9z7PJipRHqVIhnpMYFswIrZfDLJMA+o9jUmWqWOztj8fEeSWXjJXf7pNOkd8R4gHZEG7B9JUB3g8g8p3I3JD7MHRsP9lA6WZgQ5ydIAuvuMer1kerfJDRs3I2yxOyjh/jLqb/1MZpz9z7p4x+gSqT8tmAfjIEFPyRQOfNgI8yE38WFkoBdRHN5fXacG/EcPyhjk2+IeXxeH4yzsEOWv1d+YeyY3D4vYcZdfqXnJ77ZP4YZBYQctn4QZBtvzO2mwe5DNPoblWk26xaQC82AD5Ey18XXt5ar+APz8T5+Ht4d7HoIfuNWBjsCU79BsOGuPWpUYnXgWKb484sqNXdv45dfIPs2OHjqD2d8rEb/mx7kSDso+FSLEnfAP+2wWvvljfpDsW2n5Q7/BhbHhsoXGwZEYnxCvY1Dc1gnZM/8AtEtmuc/GEG/MITMfIHKB2fIdLYn2Js7HkJa+JrW23JVPYJ7ctA6XXkdsn3JMmOPZ+jHLdsySVOnxZMHLbmPjI8UH4CNN0tCMf1Z4gGxAHRtrV+Ib1jps7Bl8QXxfPLPv8JJ+Q9L5Zy+jI3c7YA+L+efgYwdOPE+7rCegPLZPg5BM7ICpMv1d+RsPPuMhrtHxFYg/UHABhJrO69IJ+DYuOMi9eWTNnWCObLmcbdUZ9THaeTVt3exjHhJhsC9n8Ntgib1y8Oz27O3x2El7y+bLJWVe2GnbFviFvIpG/F0jY97H6Yex28ZkmfMsIdIuaMxyZ7b/AHjbfq/5iT1nD6hqvPiWsdE4dP2lrjywj2yd2D8Z+f8AbLySC8ey/q3eJDhh2NLTmQ8yy47bz9w+XE7DtaqXAYK65MQuQORbcHB9ZbM9s5HJAH/tl10tKdnXLt26eXcZlgbsATOmQ/8Ay3TAe7Lrh87ZGP4EPIfBvGy1TEcfw2SPVln7nbHI9jdmEj8IGzh/br21dlzyElJN/Cc3bXq9Xnt8ey3xGjGng9tro+ctCumFHywMB8uej/U8+RztqQPIHdF+1OymyNlJxjDyNs/cGT+CRg+5ct18mEfnGx/Dmw5zlihXhZfj0bYBu3K3H7yUO8nAYhO6EIANMbbYaezbC+p+pFWNS+HZW8Mkeo8g/IbMAJQbNsPzL+fIhuTdLryOe/h1L+NRsQksvEx4gbZluky55ZtmT5YsGCW+Wd7PfLITZ+8vaZzls5KmJk5MEvJRIKYnL9zxDfDtxAbLsdCyLxgv4nyH9W6fjGeEdNui1G1Wb2ZlrBBs8gjqXlpPficTIWAwxIkANB8R53CydInQL5LP5NZ0x8zkqdMYtZKhplkjdR7GuhcIwVCFrwn2GvNlPeCw9jKGMJxuHEhTyVguj5M0W+R+7Hzc/C27el0h5bt3LxszxYPZfi8fkcy5fMHYdv5L9275G33cn1x8Mm6JvNlXcxdwmMM5ZWAOXJHivFtiENBxETeAn7tJR+M3yN3s9sZ2cHLn5Ak+rV/AifMtOty5APlotvX4yeDBTy1BLaRZp7CnzsvNkdHWKn1swM52JiF5oZl8BIkvysNbMNydwFc5FwJ+7MGP5ZaEJwWTdxhyTGXZY3jHhifzkE8l5+XxKn38CPG1YvUHjOMmTbPfwTJZhsgVNOEQf6ZS35I+vlpxkO5EFY+ra5E+5PdEs5xHkYT5vkJ98hvfj8EOPu2z2UMG/EmW/q0+23IxPIch/V/EH6vDha3z7LLpD3M58xIFR4dIVla8OZIO245FQky/UQdO2YN9s2jYjtrfeTNGDgGfuHIfwwEN1sZ4g5OTn3kJP5LfqF3pHpDskVaF/V1Ykfgss+5L9wH3fLGessG3ry7aI36hN+y1aLTBs8nye+XybbEnOJfl7GD6RTH5m1fVirztgkOPqwLIvQGU4IerDnC+k1mcM71mEvpkNy8hhv5RD2+JgjFux9WjzJgs7Zb2GG9vn8N5Gbr5eLj7/wC3Boe/q747BNIycrEAY16MBXRKN3CM88n2KRQNbK+q2zChVmMAMs5yCkKSiHn41NaP1J3by3S+Ih/Bdtl7kF4Y4p9h0nFvbhYWnY5+AaQY23llnWYjiGzEdmjvlnHbKe9uZfV9Y9m4gIAh8TZkA36YVT899kgAFrdun2GJUHJBfu5b+NfwCeH/AMCBPIWe2W5H9tyzO23Ty1zb120+Qc7LL6fbG2/Jsx/2HGI7EfSTXeSc6gOwUD4tT8IHi2Om3sAaMGoCL7F8J7Om2z2M5aPJ57fZAPCAkiujgw7zi5v3Zb2XL6ljPm+beT6l1uDlu/l2Fy6nmXs5jNb1mISI+T2bQWYRDs90iNEuMgfqqXHXz5suh24LZ2+eYuZEAGvwMSW77rFdWsNYBGYke+Wa+WTfH4vX8Ehf7GsocuyXPg/G6ZD4ky8cgPmesPJZnvJB25qRP3CROVzBmQ/t96zO8t3G6QuMuJschEmZDA7D5EuSAbto/MD2QuM5nssZeQ08hYBfi+meKx4D+qw6HH+SPxZdfj1+A5Pn401sG/i+fgXPLbLkZ+CwhgSvjl2SVujmS0QPb2yfSb19WTPMYBDPLB9Imln1IZQHf3LW/sPiU+QfEjj43Iw3YF7tvORvzezwlz8NsRjHD8E+p/GWg252azS2wf03d7OjuXtNZeMJXcGRuaayGyzxuZjIDpt9ZPw2sGzkbMzOSADBcg3L5Lswdut/Ruu6hGmDJndl7t+qVbA7cPjvsjSz4cGViRvwM6IrNfM3kb7FCDfBbdNMz9S5PY5D+Dj/AMtJPz+9+n4+Z/sZcyeieXQVC0tswm3OR8PIRJyHFieMY65l3BX70QpWpxs/4kX5rGc8gOU8xbB6dG9Xv46JMj8ZcyOp9/Gj87J23Cew/EO2aSMefHq+tMLp/wCyYH8GNWnXzsmhvsDZSHNEn1MOkuNvcfZnI7OAzyBdnas/mQPsKfFmQe3fY9ch4k9uIYuF+SC9ZPi4SHvRI8DHAx2cdXJsWAOaY2XSfjYgRHb1ZHL1jF3kP3bZ8/jcIfwC/sCA4gyPZM4TGTgbKR5az9RAzyMIWtOZJ4fU3PJGPZ52BCwPMInjc+iyaekpI12LamkuOKScsSkDkHLLkwzbl4x2+IMG8Qc2+bgamwwE1Vyxxjx+soSXfUDVa/hcrp/GdsgIF+kPYKFk95ZTr/yHyQz7dpLi3gQ0a+yThazsnbNt/wCQiyv/AMnG3ceW+ez8MGfauYsj4/cGqdztm4J4R3+oWaH1hNxO/cbvtnP/AIXQJbPsL97KzT2zObcHth8SMV4E62ZKjV2ADfYvN8lF+J5D5gBnrbLPq6T6vmfUHOWtOtqTe/MmJ9luAT4ZO46eTImJekDgLKf1en4PDt5vj/4H5HYc/LeM3yck+fI+db1kVd8VZHVo369nd5lvz5gzyIOFsd/Vke2svu2XTyVMQZxBx3shgdiEbd0yRBkeGHOR4jchJa6fF/1ebzWLrvUtOA5n2ImkeI3d/wDbMHw/7bPf8JLF5Dyn94adAT+Fb9HJTSsftnydoYhOgZN7t7YT1uhpbLhy28dsR3ISHkTun9WFNxuWRd7kVXeSyPeQ/wCUYLALKPJEkk+zTEhVds0d5fJyucfqzkXRcW/jPwONz8AkU/B7L66/qfgce7OT9lWR13w8/wCynTdkd8ufH54+fwHTyOmQZEhC4Nh/sG/uGqQMVf8AYYCCyloSY8st+V15f1LDtluT33l0PnLMU39Jh0/EIfYrxDz4ixvthbfIn5Qkj5l2kjztgjoc0vFiw0jj5t4h5dFj5tl+i6kLvZaLp9SKr2//AFIAjFByD9WbLltn0sodwnaoPONv/COyAGe3SnYkHo9tVXH1Z3ez0nGQNzR2JGtJhKWcgbmWW2/hIELffZSwE8fZkokfutUW5pKVZ11lVwd9tKb20+Jy+Y6ly2ly3I1YijvxGZJryG42H9lDXkf3C5GE6H1aYO3Iy8XhPfJM2BWyO303xGzMus5l1dP95C8xM36+ZgD48vh92Tqk7n2BeinbW/rLEKEg3/oYTjl9AYI0Rk/JDpP7gA2OJX4jwsq3FJYOp9vti/dMS8tl3yxVpn4Zo4z21NP1fNfiww8xl6fVnbr5sseb/wDAgfqPLCPE/wAYvp2CPWWD9R582f8Aw48j9ydvn8LhuH+yrrByVcv9y7A89bqbDra36/UzbH7vVvxAsGewnxDvkGmQ7GRhheKFnkPSTEA+LMMpiu2AE5s0XLmvulCdXTDOJchBDRgECGmsVgRPsJg/ugIXswCQTT2Z6gbGOEjOWJlGOyy7PvJqYf5F6Ri2jk2PEScQcOoVsZcsvN+IdPp7aWvxYLIkWIDy04PLRvu1rixRjGx7e8kyPiC8viT9fjfuQH7jXAFsN3yHv3D2CMSmCB+S/qXPi2P7ePZ5L8vk9NOxr2zTXhM3puvZLzlhJOofbbXyyEHXWHyvZ7JIRONhKn4wy/ufPOyx7eu3zBl2QvKhLPifbANoOhY2sl2GsCs5G8BsqGuXkyNsEa/cq4WZ5kJ05DRl0mVambZSt+WO7qzCxJJAELK7Cati42f7fIkdCiyZELY5AdAy8LRHMMcBbEI7+rJOfu4QD7hTfDy4Sivjd/8AoQdKZwxBhwjOjOGhv3KQqocEPswdkJjyMicR48jvzH7XB7YoHYb6L7B0Z6nk+CUVwXScxvfiED4uSbHH4YObv+WcXz/9TT40bW1v+35/9lG/vWXXTv8As99JEjIHk48n6W/S7Z9xH2DJsSYJFnwsQbAAvZJ08unTJ/lyFmtm62T6ykDZD9cvCUGMlWmbOmLljqkPfiDCt434lOfty5bvwJQDEfwcgIkSpm8+pAasBuifuskHe7BvNw82eNnPei4iwhpHd4hdwhEzIA+5cfjyLDZ9Il35gBNN3UOgeQkF7GhB8xJAoXDnb+TzMH5QJhGPshb/AKurTt3YMA4/y42t+Y8wQOu7YbmPOxJR3v4G79kZndkfJwA/bjM+IL8pC5vyuge/dvunsY8d+4v1YycE69v/AFazPvZSwyN5+QB2OkZ4bVjsOAZ4NjQO3Rk3XFjwI3CxwBX+2ATGLpTOG6Fi9gUJgclcXGm1D8W+XCITCWI6h8gLQOs97eYmN5rsmUN3UZnoQjwkSGThx/yDzQRcKjVwIg65/ZDpT+wccf7eAYuIBkTrGRl55J+QybVQK5e5kv53zZnRkce5HBWRtQI5jGAUk/M3JumpDks/DChR+TEjx+0G/GMNO28TR/BfUNuOiQ3cy2Y49lIeC5kYSH5tA+A+djQwcB+ZmI8Cha8WsBktLB+LR7BvsCoTDcL57XfJ36unpZ2DPCXfJNll70yxmWMiMBI2SIRPmF1ZjkHex1eBF6fLBqyBijCxeIsJ2ILMe5dhTIwMRPo4WE126tuzbHEHE6uckfJPaJB+HIYEaR9hBPygfKD6WjWxwXHNSmzcgTdsUeThvMrmbMbI6+H92iiv1b3ggbOFzAMFs/8AIdIWqZyA7UOxAsBljNnT7Z6uHGz54uR4uc+I80ljERpD5EEG31nJ/YOQagEdOHSTFT7d/wCQK3EfO+RkMXwcmh8mPlEfEfSb4uHfZQzO2h2w6ew3lk9kLi2L32O+eQt7B9Wr0tx8vr7G50tDpGHtk6th9xkB0XETEedtPosndP5ep3/lg5/E7ANT+7BB/cs9egg807z1aQPZvvqbikvRIwK0zxIZXr5jKacfW3/+0hzt3h7CN8LGIx0cP7JecSW+t/dlYcyL8kocxvkC6cS4kyTCB0TE4/7BGHCzCJB/EWd4fzduMNGZp/SFL2CxbaOY2Z0p83K5PkOjIb7AL7LEPH2+MfD8AI+/xDgMmV+oEfbrX1gXfHW8fB/kMYXgMGXWj+IB0/ttSCa8NjOh2d5M3nYXYLA7CFyCbN/DL7O2Px7M+kC8l9SQPPI7yQ3aOW2mdhrI5kCRQ6MvXt+9/t5URROrV4ZLhI0xtwCvkWUrrmf5dlVgzrCwc5m9llymRGgsQpeLMLqB9h0+oy+J+70CjsX2+M/EQd+LQHFkjH+wc4FGxlr4YuZpPRqCWLYUUj5h/WMv/wBojBB/NlDwJbF5Fae/F+ithRBet7wc9tuNQ/iJn0mlgkQxk5DvLPQ4R6P3ZhbDl5YQfVhxuwOBr+7YnQ7K8QYHslbF6psfAFkaeHwWqyb+ISrnxG+Yc+YkI/5B1C8oybKBunDbGaEx6j44F8IZdOuEt9beTZubsQdZVPU9hAUUV+kYnpLyk7NL1O3KE8QbyB4PYg2xNP8AtkBZ/Y+T/wC/in1kw/A7+oENkQ+UQDD+Rxgr4ztu0ywVZsoPgx3vZAwH+Rm0SQwGB4YA1Z6rkh9JejsN/S2b7FcbI0YfryDe9s/FjwLf7I/ZBbsEwuzo5SPYBOb0WbDj+7goMOpMfm3GeQfK3g3SfwRZGM9/B75CxNcv+xIYWGJEwsPvy1TMQcPiN9L8sqRqlgPD9QDN3WIF6TlAZJ5YR1AkkHS+9WF84wGxnIz2bCacniQJ5fiXUfI+lsL7Ma9uGdutfFrEsWx/hJ/qIjnGwMDfu14C3IB+LOEGG8DC6DkLqP8Aix8GWMNIhmK23qYm6JwJc+LqmCNR5z9TgBkM8H0zQPF0rH6lI3ZkByWLW9RuYLJotEhoeSczY+e7dLeSQGm0N6/Ul7Fld9b1bPca22Ju26wXMsBnnGwGmymxZyE1MYS27e/Uh5llohmNh8UgHJ9RZmeG2AO+kezqRHq2AEHy36Ia6WeBdDnxEesjGt7i78zJnsrtcu4YUvETj+31EY9Z9uEluuS81FtWPAvW9hvbPAvLqbZ4GDj1HhmSnskZ9RGQxAcJOYusKH4RAvwREKDIQbA7+5T4P7BuGMBa8gclxgbY4c/yQ9EmEyYMGQDTM+bcH+QnkXkA/u6HB8mHQ/DlnlmPK2YDYubHQq5LHvZE4qXyZqzTqZ8DYvEu+Qb5UCTT428DstakzOGwfGXCWcSeuG/d3eahzOWqNjyGOZyfoxgDh83XifGLVqrwNx5bzvzdn1+Aeey7sukuHzHvaAP9uWPrPSkbnk3vrDjF2I8vlfLkszfEm43Yj5WFu26jtQCQO4wgm7V3k4Ts5vSP5cN2RdSBd5DHoW7vkfnV6VCKmWaDJw7Fj6LlaYScf/LVn/3lYP8ArbC6QOoREzx8rKimkd8HPgmzozK15GxQ+/qdB+OrNN5XwhP3MeHfCH5L131LxWVBOSR9ZH1QDo7MeoB3pt3CWmrcVd+8WkMk/wAn7EYEDP5a7lnE/wDJM/8AzPtwknDX9QkMcnLjHk8k4EyPxctcOwrjnbPfEiJ5yc+5HxK0ttrPSEemJNsS8s1nAvIPfJFzhF9iwbLyZnYZ5CdexrrCyYNszjxvknJoGn4pkj2IjwlO0lMl/tu6JBPofqGIHWw7/wARTE3GzvlKBST5i2BjL9tjgwUBxobGpDFNiDJH0LV15jGGpGCZaOXW+riCU0FM7tPqBxX8aXcusHd1n8HLCaWwwd/ZMuRMMnmA/tyfBZQuPmL2MP3AOyXC0CLPqQDhrFw1tuPqAziU3MRP9jkpKTOROXEcYM7j1YXyWrHGMua3HByU87C9JOVkHx23CJyvNu68tz1ILuDGDAYuMp/Y1fVq4BOLZ3XYQpybHQsffP1EmltcuBDjWWzx+7oeiR9BAOdlkNG2A6BHOz+rDSUkK3UolFukq0O3EPN+Jnzz9zHIdoJ9QRxAfq7oG3rmSkEf22mJX7jGOsI+v+SPSYDd/pJI/wDYIa8iHlIqAB7IBb/kJTDkgOrP3bhF24IH9bPrAkjQ/wDuAtTt7oP5b4RbR0f8t8k2cB+28g1+o04n9ihoPt6m342XGdtdmWOg/Aa8y3CgvtGwGyrztg4gD92WUWVyxhnG3YHLFwSHAD+zhg2BvwRfLSwYCQPwhCGF3vc790injkBQP/JMF5kf6KkF4/kdqH6h4JvzDdWPljLd5bof1eZRftaZHrMnPJ7fUxZjs8hzWs6rhyx1efcHUsrKb27/ABvkAlGIPkGHtHwP+SWAECjnr+1gTNsHBESdO/yxAD/J2Tf5F5xv7tmhX9zLfH1fGeXIDbCh2Lv/AJWfOP3cLp8WLRz7ks1tjaGQhiF1AyXoytu5yAxOYxhZAdZxRl80YRwOF4XLZurlIIxiR2f7HxXGCCWXqyyenJAa8h4nL2wwu/jmprBheAxXvLia1GNOwPvLFgzmOwwiDrt8htqtk73ZGRFz8GBLIwG3u+rWbcgT7LxUHyYg+IIbLzvftjRbn7s68QbFAGYGO8gg2Lr+Vu2kyzJPHzOLzg4f8tgNfqeQIQPb2ES7MONmC85bH4PmxD/uBwgQvGxTVjDmVmYeP/FrSxauP7sF3Gl2hk6ef26w/wAkOCEwHNNT/Z37bGvL2bxsQgvrbUR2K+jcEZDb8/V4eR75McT/AHZNHI8V22fdabySbTYs8QD8f5JwYvzy8frD4wQDS2G4dt8zjbGY2cfG4A2czB7HJztiOhCeyzEHDTf7cc0IHtP+2qvM1OE/tj4m3ZMGIXcz+zvD+bDO8QaKMs26zrr6Se7mfFnfL7kOxX6QVsNa9+rIeKcs/esHE79So/SagmyDJ/k2NwmhwEkwx+0mghv7iywzWLsvqFG2t3peDckPPJAngsE2NgXqRDq+LYnBtSHb1HC5jFs8zk4o6SURhdB3cQBgNTfSSp0j9t7jlhPU4vqaBLQGCoknTW50dTyZqWP0YA8iHDKtiz/yL5oQeJ9JAdmw2+Za1YwdIs5RJlk7fU5Io1GmdHYvxkNRdQYs6cnhyCDqnZSkTHjcEuDr2A31m9X+R2qySBOEfKYg67aQhZV9in/3yeqy8dOSQ1t1rkciJdWafS2w7O9Mjjn+pYPtmuBaUBlFOJaR0XDWv1YuGMT6gSKqw17yGn5vsYn2Cngsp/smNng5toXtz83gW8lLAm5CB6/VovY8bccmwYCTNLD8SMHCVvqF1gperHBFtbsspHJGtAgd6IsNIXIn+Stfb6ncTn4w6prOODf2Wkg3fghz5JTxyz1fwIyNBsRpGEBN9P8ATO9mQzpP7AhGWzheCRmO6h8nZhKR6/jQjLz+QcJyP5khDSkYhEkCEsXJbEpNsQyC0YxHBsA49RZoJJ2O/EjnKMMJO6bjmo5rmDdQeX0Ik5M2xBCz77j9wD+SgECKA6y1hJ/LfGfu8sCQYl/lgDtk6JMPeRsC49icBrIHX3gSGuxubmEvtP7+ONBDrPmAS+rmoLywlN0tdP1MJqE3EsZ+4r6LYPUp+okjm3KtXzPR8PiAA9Tvf+IoNh4fUqvY2STMYEfyDQcsuDyQEYfD7sx/icdDZ/gyU1cgM7S8vWf+wJSDsiPqS4DJVTercpOMmx82Vxj+o2i7TZ8mxhVIK97uzUzBpuDriNHDyx0ht9ovCSDGDrCFHjdAdyXY9lYZHKcsGdfu7HuQA2aRgb6uvjLIppLusDyKQvs39Wa3Iew9sWLzTyZZ5NMbLBS7nxZgCwDkOmhyI/yLnnlsHI6ojz7s2b2aNTYn6klBT1avMOdmLJmSD9XBZR2AmnFqNqh0Nspu4wrDjYyFfHLO+ZGkxOdurHT4sIcSP68+LrPZIddMxx5aosEudgj4fzdOof2Ch/kxtBDPvFBEzqRQQH1I3n+QukD4Olh5p39R4y6ia3BMEXvllW8szNtNahx7cGg/clnr9yc0z2GP7s6sQ2Q9sj1YJQSl0hTm2k9PuGBgbTCbAMn2RxjmP3eAO/F3Iz6vjEt0Z+7Gu8i+W3cPEMZkiGJCnL9JAHgSa2PBPIA0K3YcXBA0i72zB7cSjsaB8Wx4RXB/t1glhmEkGTdPd/UUUZKAYXlqIycgQy2hL8OyChz7bMvn4WuxkBBEwJ85ApdWzK0QMDr6vlBqRz4VvztpE1ZnlhEwrN6Tto7BRrSRSmt8T6j4MMjK2pBbi2wWFh0bM/p8whP9GKz3+rpKrbBUlCE+bWXLVn6IH8sS3ZvSnyMW+6tsF3QS4XloEhSez1k8zgyHIX7Nm58Qy/yERaIS7A4Q3C2fidg+uQNCAg2VdOQhpDF4YO4wEakvHsk2Ouj0hp6kFBmnsPrB7dkAzAIh3bPvxCpeJ182coDH4hJziQnZXwIkiX2MQ1X2AFBtpBmPls53y16YvGc5JvAsHGjnk0W18Rh19kyMTPqGI6PqGXN7H0fEwfpCCFPphB365sXwGpN5grAx2Z4TOoQoFB2dHPY1vjK1ONhTo7Ch6OEv8EGwCA9A2W/uQd8+XOT7S7MxOnX+Q6//AHkO8ZOcxk4d2fOsh5Cej5P+Ee/+iweifyROsa2dhmVfB2xHOSz3JtPWSRchtsp7cWIX7kw59g/7JiclP2JzlnUbatYDTmTAzM47faTVMbnp82+WRpAXXsWj1ZOdsodTvBmQN0ncFtfYC0hs6mp9PG3Eef2JhZZg28dz+w0o5f8AAkerPNkNmdH4svkPvxKbZz2viFuDD8Mem6tgp0skMhG5PbwHc9iHxf5dAfj4sDvkRbENYdwVG5HR3EiLGi7/ANvsTf1JzD4fUjUho9v3OAzozrbXFPAuyPX1BCA+2bBr/U6QpvjaP/BDi3jfI+x1JPFDQ5Fxcj4YyOphjhI4MtvXsQAwWrutmdUsHL6Cllu5z9xod84fqKQSMz1skSyOP8jPOWFM7ex2ahpJ/wD3ykVETWmsizAbHLutghyYyOs0HU+0kjcwAPf3kR3F/GH7CyATOaGyKFbGEwned5HwYw9OT8GXwBAVzkny0g9e3ynZPQLPij7Pbye81cnPDs+FufcQczs2bROkBga7hJbl562AX+JW1v2Lgh+gRFakIc7LyofcQ3y8J7zEoXPmSCfpdNGVC4u7D4Ng8cJsWd6Pxw9smfJAvyZbh9iHvlzP15MB04Q8wbP8XcOsrAhiGCnddthvHxIHcchXE1hqcadhZdLJ3mfFmgTmLgw2DMXpJ0Uk3WkYne6h1iAFsFzPqIaJyYPyBRfmIEY7wKNwIMfmFnrnb3rHkyTeFyBBZkbp3+yr/wBET1RNgaWsdlsbtQa57b6MkRxsvGbJ7FYx1lsHuz8HW0EQe7C+W4cfSJLG++lqH7tMR05ey8lDvJfH4WHTlk1UnBKLK4ebFBgQZ9Pmd0W3QSQoGyP4MnRcPjZaBwl6f8SaEfKKXofiYHOZEM5CgeooTpYg4eH/ACVbuttjDup9HwWB0kD1gSTwYPKGxG4ZYyTwVwhv0TNTctZyepyl7fwj3Fs2kYwjFrCYOIYkGtvTJbHo+JG+ksENvi+5q0ZBH1LGB9Wc8n9sG5f1svb27zjZzXlyDa2Oe5bhhZlvG/u4CgfHM7wf6su72K7TkBvUCMMP7A4EnHxD8ERRSd37tKMQ1ywM7BMLxGCdeJXwMGxOSaYcslFcSaWHUduJ0ST5UkjWE+ZvPFncgYr2XEO5OcTkrrX3bPMd3Z0vxkWd6F2DrpepgiRdJwfCsxoPPu2G78ckCWDpJqcz7kxHYKSA+Rkh7J2SV9y0G9LYoB/I6cun9u2aMMPtEge07N43z7mTNtD4vO7Jqbtrn8JQCaFp7J+BkqFJ3Q25LcsB+IFYOudbPzBNJ1zyKxo2A+EA66y2QH9mftJE2wtZjC8E4GluiORZ+EBmYGoiHoG08NsXfEDu07vi9cv6kOrn6smoP5DtfhhTvpF3UxcaIMqwzvttEHSoRbNQ4ivMrKeTh+rPhJ5xP3AidnDILqb9WvBsaD+B/knCv+RhQNkeFD0Hv2zK/llDSdgzfmYHAfU+fH9WKHHuRzvOTcL/AN3U4Z9MQMiMb2g/uDnViRDDLRCAvuNOHYxH6g79JeZuy14kblMXYJ42D95ODrBI91uELMuuBaIMLl0uT3s/uinYssidZB1/kbBk2vGM0/5AHnkDsMhTAtlOSxTn1L3OSUzBYbivzJU3Uzk45I+J9sHxH8ucov7kvRIBoUfqPIv3atSBOOSPsRxRlPxneuQR8X9tpxN4df5JfS3PYtmge+SZwz9E88a+ryGH9QADb9F7p/yciX8XiH/LgmsiNx/V41/5JYZ/pPTUD+QhV/kRwP5dQxmNTdXjZG5/t5+v9sfrZDdbIeE/cp10/kJ//CMc4fyC0X+WjQ/ZO4T+JnqE+Y0lH6C7KWaDDW8xfNvNNeEfJnEcO4blWsDmSAjSbAFycG+QxfsUTn6yXQSaJA5AFTt/HD9WH4v3ylam5BAfN5MGiIQ9JnDglFdhfRLhxzEr9nWByWhNNswJwHy2GGQGUU1jNflajvI9B5ZtPZLw/cMMN/sC1/vYUf8A0hOzY81mCX8iqDP5bPP8JZj+urYo/wB3uX/Lgi/24rmBZhslXJfiN6x/kron/YwGpMHefufFSwww/wCSgnOB9AyddAH+Qy+f8lmD5AGuWl9z/IRE4eOwvn8JBrYx+4LMk7IttCdaXbGBOn6WnIDnFfISbrsstMQ72zV8gAloMD9w0o3IpMFgakA11ej726NufHl09DPZ4s+PZ6HscA5cnUsyvYMXyYnHLpyW5fmVdAnzEoDts47dEZKmp5PdAuTz4A2yffu3ruPwQ88cZVPr82EBxI6cxG6U6EF+p+hz9WYuAfDL6+Pq8+T+y5gv5L9F9FtBf8tm8/tbA+v2LD/jIZgfzLsd/BOdv7PYwsH2NkI3+XKOfQSPB/l9Y/5IftB8OQD1Z4YuweeWncGIHlweWHpGHycE38ITfLxLhlro/g65L+r+YP1JsYOz+rY1+IGTnskbzZEQhH8Bvj3ZwHRAwGad1+JM6+8gmZYXRi7GMiBIGREkwzftg/c2LX3llx/sAnp9kgL+psPi54yyJCM9tmsD5sx5K9bDh2DOduLR2GeT+RPYvbhDqM31dcip6YHE55u+z7vgQoQNcAt16f1ZQU+id1kyI79bGGJ8Gl3cj9wHF/oRxgP2IH/wo2c4/q+Dcg3ry2NdQ7uM/AX/ABnBH1vYSaySlt295rhJzuQAgJMeQbw/Ak5GS7+PZYWj2fwtuzJfwluQ7P5fLTn4CiIaGdcFhKc+rNv/AHHfaA4uWcPZ+WhcKGxzb4WwGNgwbAHxZGOy6diDpDnPLsTy0e749tnbrPu2QDixbjDgZ2+W2Eb0bIBsAD4bLB7aHLo+kmzrZ/2Fm8ITqPqZLtn3yFA8/Upw/wCR4wMJ7z6/HByPIQkbUcgwB5fqiG5B8uWTm7YVy5tuX6zqaeSn5gU9hwEIHzLsf2fYNsx8hdF5fEFxDyU9/A8iN+Zz6lTw5AlsN73GN4wDq4Xm96ld4QIPiLzxuT/Yv6gxBGLj8C5aJ+Et5jkIDn+zjZk59Wc1tSBgKETZ7Ojr2+dF4ibKHTLTxPnkeocvPNM8cHY3TxLZTqzHOQ3OJ9Z4/RLkx55DnFd+5sd2eLrYez8/bwElgMuX2WECEJReTgtI8tJxgnzB9hLu3Pi+b++WD5MSuM/FOHklZG+', DATE '1982-07-20', 'Toledo', 'España', 'bio', false, 'ROLE_USER')
2017-12-20 20:14:30.915 [main] ERROR o.h.tool.hbm2ddl.SchemaExport -
				Duplicate entry '10' for key 'PRIMARY'
2017-12-20 20:14:30.916 [main] ERROR o.h.tool.hbm2ddl.SchemaExport -
				HHH000388: Unsuccessful: insert into account (id, email, password, username, name, surname, image, birthday, city, country, bio, privateAccount, role) values (11, 'maria@example.com', '$2a$10$Tt.xX1i5lzepgcLs1wNH/O3EqLA4Nxy8pPuhtB36Z2lEg2TeOOY7.', 'maria', 'María', 'González', '/9j/4AAQSkZJRgABAQAAAQABAAD/2wBDAAYEBQYFBAYGBQYHBwYIChAKCgkJChQODwwQFxQYGBcUFhYaHSUfGhsjHBYWICwgIyYnKSopGR8tMC0oMCUoKSj/2wBDAQcHBwoIChMKChMoGhYaKCgoKCgoKCgoKCgoKCgoKCgoKCgoKCgoKCgoKCgoKCgoKCgoKCgoKCgoKCgoKCgoKCj/wgARCAMmAuADASIAAhEBAxEB/8QAHAAAAgMBAQEBAAAAAAAAAAAAAAECAwQFBgcI/8QAFgEBAQEAAAAAAAAAAAAAAAAAAAEC/9oADAMBAAIQAxAAAAH1TZhEkLGTEBkJsVMEABMIE2JjWMlIQwTGJpiGxMATBDVAwTYDTAHAMsTE00xBpiGgAEpIIziRU0kSaVDFSkkBiqu2tMVN1ZAnCoKxEFJ2RjJqiQJTigpMhJoBi9EYgDli5CJSITalTZYiSExwmAmNUNANiGCYhsAUkJTQlh4desPC3ntHwuoaRghuEwoAAAGmIkhKSBMBMIgyKmoRJWoYiGCjZWYIWRqCnGFGTqttCUikwEKSJuIBIipJekNSDTAZKmAMBDYgYhpBpwmNUMFIABAMsHHOuuryHmK9p5PhupwixiKs2862PT+g+aM+zafkn0nLpOMgBLJAgAMASYomqAEQEJpwAUJoJJhXZXWKMokU0JSVKM4iYJEkyuTATYk2sFNHSAkTUiLGoDhMABiGAmoBsTAQwAYhhHgnzXU9NyeW6IyVIZDLI0h2FWipkJWVEvS+a6cv0u/5fKPqx8o7B745vSBihgCTFTBBNAADTEDEDACnVbUYoyKgpxhKQKMkQjYWRJMiNqlIIDBKaN7CAYDTEDVSTkEwTEAOAaAGCaGV1Vpq835yzHyJRpgElZGojmtlQyVj1JzoQkXPSzJqqmbeZVEvszSOx9C+Syl+1P5N6SPalNwASgCCYIAAATQNMBSoqtqjGmaJBCUgiNkSSEpFRG7EpKIEkELEbxkJMBjABWBCGlBiRkmCaGUTJGXjF3F6vk7FwnGgaJBKrI21xC2uVVW0zJdHmTiqVeyt0cDJ0OZQTkVS0szK2sAa9X6T8i1yfYjkdeVDUA0AhRpohgAAN0qbqTGpIQykNIAhpiiYkSQCaIkha3JJuYQmOhMhpigECkqSkgTULmLmV2+T5zz1ehh5tGnMNGiVRHIhKUTTSEQQUnKyKzVenMlpiueWnpHKs9LwzA466qn2KDjwvzEooJII6H1P4564+hIeagYgAUgQMTUqTTDPozmVMqI0gpIBqgGoNIAQ4TREYqhOJvaaAyENgNKAQIYk0PDu8wUdHoeR1OFydGYi0EhMZOFXxhoKYuAOMgtt7kc/uei6p5jZ6KZ5KHrGvm+l05px/B/SfFHjpXZjbDLbVauRSSZAYpfQH1XufM/peYKSlEwBxGAEoypMQZ9FFZFIIsERJCGxKSBjojNERqENCUlW0ZkAwQ6ABjUIaUQ4r872PPnoPnnp/nmoVtU03EWipuveYzrcwihj6c/bxzPRS1y2XU3FjTIEiyMpsyeY9bxjwHF9jyjztl9JO6i+q69GYcAVDRZ67x3ck+i7/IeoW8DIBiTBSTppqii/OZgZBgJpoAxJgSHUVJQRlEAKUbIG8ZCYCGA05UAqUooOEjm8Tr8ZPOcslWaDBSSoBBJM10QtKtlPaj1nSz2w9WWS7dOPRGkpdXOudk22U87p418l570/lUx06Gc+rsYaztgkKhpyqyBG36t8e+snWUlKDJCMkMChop576EyMAUkoNAMRAxoATiMAiNUKUTe0Q00A0rTITAE0Vk6Th+R6nnrKZV9w8zG6ipISACym7CWmvpQ+9TvNtuS2WdlGqL9FNpbONhOSnoSQkcm2uXyPmfceQriwaSahTSpcSUUxMStqZ3fpvy36hJcRnKJkAFDAFJUZtWVMrGJxkAmA0RYDBiJQGmiJJUJhtacCkKk2iGpQAQIOV1fGmHibuHZohZ6w8NX0eaAFEo2krqr4t6GToHW3YNojPbGroZN66LamuuWVSbJcrNXoHxNxthCwp5Hars8HxPovjjhY9eAUYyoTUrB1J21kvqXyj6FHqL898SQxMLGmSpip5deOzOxQDkRGCUkAwBMEAAERggK3A4BoTTgGERixBlXgPZYzj+b+n/P7LtOjgpzMNlVqkmK6rRI7qp26ury+nHe0ZNZiLKzpa8dkunPwuAey4vlaD0EOV0a6HpeL2supr5uk6BXZRz+k7Pmnnvr3zU8+tOaicLZdET39cL2OfnyZeR6HmS+7ty6xiYAUNNAAMmzGVIBSTUGkQAmIAYlJDQxMBJo2jQSiwaJWmgjJUmhOBsxdaWPkfSWHk+fZGzzcZwEBRqzaUloz6yV8FL1N/B3HTrxwOzycmY52fXqMF92Y3d7gbj1N/G2m3Tzb5e1p524ubdi816jHXzHz/s/PRyNebTb9J38W9PR34uoeKl0XLyPVfL/qGaxiAGjEiQnYZNeWM5KIwBiZFiBMAGJSQmACAUkbBgJtYkkiYSgAlLKcnp8/eZt00ef8Z9N8xZ4Wm2kYFLRntTTqwI6MeUl6t/HsO5DB0Yvt9F0zxGL1/lDj0WwKd2Ur6Zv5fp5eH0OnamDbKQSaFER5Pxv0r58ecJqul6nw10v0j1PzP1tmqnrcyXxP0Pm9KJoATKAaAAZdWQqTQAADIsABAwBACYIYCA2gAxKAI0wQ1KRkGe6UQEEed1Kq+NUb8Fk6yURaKaskVysgQZEn2+D0I+rdTkds53H9HkPmnN9b5Uv28vevrux5j0cdHRnvJzquskmipTrMniPd+KPImqos6ff6B4S/6N4Q9vowdMzacHQlixVJJoNFNxcGTXkKkwEwABAAMEAJiGpRAcQU4m1pgAoDhA6SkoQARYCUIsSp0+d+b9F52x9Pl9OOWBWh1yKq5xLd3M3GLZl7R9B7/m/Rw42Bh8j7yg+YbfZ4lzdPLDLr3cfYdLRh1Vaoqx1yrKvOej5h4DD2ece36PL9BWnj96mIhnKtsZSgKhggMExkcezItSkhA0GMSYIEA0CYACpMSKkjcwAGqBohkqEANABBVajPK808P4n6h8qse7D6k8v0Y3xyn6HgFdilRKytKfU+W9Gvtu/xO5DcWSRIx07q1w5OvVHKs01l2vn6V2uiVzKIEc+qo8Zw/S8s9H3uD6MmOkPnV/nZfrV0ZEkIAKaaGxkcmvGlYmKSlCAoSapSESZCAoAECAYbGAAANABKAAmQgBoATKp+QfYvlNnF9T5W5e9q4lie35nreIfOJES6LiQ7HG9CfQerz+hLKKrsunmsLIEBqU5aM/QVcu3VCQmy0EwhYjznP9RkS/p+D7B6LyOLxCv1HmPqx121A0xMKaGAnEcmzHZVKMgExpqVCdgCAAQ2JMIk4iHEr6fyP6cbhpUCRgwQStAAECAACr5f9V8DqeNs39SvL9m/18cz0e+g+WYPSebtnFwkj6ny/ZPpPU8P6iXpPn8k9ND57ee0WbYQvrgmyVF9ELEUxsrE0xgCzaMx4bqdTQvg/N+n8wmv7D82+nkkyUTBoQwBuLpY9mMgAiBgpRVNCMABSEpRGhDExAj5b6jxHQPr6z3jAlABphFgAEAAgKPFe28nXj/Qed9NZ5L6v8t+vSuEknk/AfWvl5niFsbqpRv9F460+h+fzbou3bunGi/HOtSzMvvxaauikjhKIhoYIWa7JLHTl1HhvJ+3Vei6ilAChtNQTsBgmnUce3ERARNkIcaBsiSiAME0JyCKkhRkj43Ktn0v0vy36gSGiSBRiEBDAACE0U+H0fM15TVwvZ2YV6/JLze9b1or8F9C49fKY9jkWRUkRUoy329ew6XsfFeny6U+QzoYoYDsX+L79ejlg3oRChOJKBVK8dmU0ac95xOvimdYCgCAGRYxOLsGmLHryLEAJJpFsWKahMLBoGhgmgTQk0fGyu2yX1D5b6ea+kpkNAgmlAagFgMEBGaneHh6/cePs1+l+cepl9BPLrEEjlfL/snn7Pl5ZUtbbt9Ds8rCTr5cUDcqvRHB1+67p4bo+uoMHZ5mrLTKqVSQkjlt5E1ZVw/Rp0JtVQStq8TQAlBpWJommjAqGbVkiIKgGJilaAIyVgDEwBMExBRLzS+BZOyN1BH2XZ5D2AhoCUZUxiaYmFCZESSAAUk6TCGACA8L4n7X8ts4rK7SNnYOX0+rrk2+i43Ul3zwROhXTIgSkSsjMImEr8teifref0yyucCu2mytIEikFqGpRoRidgwIZNWUi0xDBKQRAGJAwGpRG4g6rOEOOLrL8pnJpozJnoPp/wAf+uFyESTUoNWDTlEMBMGigCAAAYmMQAec9Eq+Iw9Z5SyXQ51sde3i1L6Hf5P0Eel14+vFls7KougocI4Lb/OkrIdO3Wi0QsWZEIuKTcJg0wBQA6GmNDK82jOJNK4tQJuxACGKJpAAGZTLxFI0dDJsr5rTTZFsZOo/Wfkvs49y0EkyVAwAAABSENWACiahuLAGo0rBNFPyz6zgPjz388npx7Tf6Xgd87uzma43PM4srrykOAYK6Heo7Nld16MjnAsQSxpvoOiJ2ANRMkBqgAbQQyas5FpyxQU0wJREcWCAE1Ij5fq+dWd0LDqaCs+Y201WaaFcmfp4LF+zWYd8JgACgmNSSJgDRK0yxASg0DQAIaCkBl4/5/8AT/mGj24dFdTZzSPT9DyW6PVx4Sjs8Ln5C/vV+k0t6NOuxRsjGWrVWtbZEc2mg1XcvpVNADRDEWNDBpkMunINqIxMYAApWBYRklVVvBTm56tFui/P1F6vN62CT5KrqbNNSvFGDPY+/wDin12NwMQEDTtAEGgGmqaAGkGKUYhxaBCpqUI5/wAh9x4elZVKtcs0pdVvPinTqw6ifar9Elvczb1tugJNRrLKSKuDjDpnAxSMsdvR5bj19BOL1qsGkBMYBXl05wQCAGwUBIxA04y5vI9PjWvXVbZs7PI7hu5HX40nyUjKpXVOLqpqo/Qvnm6Psqx7RDUrUlQAgxAwAErAkIstBEClAdHl/D17vynHpJSUqi2hiCTjIfU5eg9/1vP+rkq2ZZLfXnimyqqZZKq1SEowq511nhOcOqruny/0csR6fpec1HZKrbGhleXTlE0UwIbQompBp6PHr89HHjXc1dbRuTb2uP26n5z1HlZPl84SHKFhZZSUpqMeu+hfMvphZGSlTFZJAAMGmRBLIShoKYcmOh8953EqUE6SaJNMYNQYiYDlGR0Pe/NegfTI+U6EdWdOpLrIWEZpqRUUKb6VpnCxMPo/P+gXgcLqc42ac1sWbMQd2/z2yzoZLIEWmrlAGIGCRuEjP47s8CWVlOq3RqzdZKu95zunQ8t6vzCfKWmO2qdLTmtIyhOO99J+Ve8PRAxAAwEMABUNDRgN/O8l5Q9L5WpUIStNIAUmmTcZQTUyBZEiwLL8+k3dvjdaTt7+L2DZZVMshKJCNkRwsRQrqDB3eGpeVbRcaLYzLb8+1ISlGq2oy32cl11ni0k3BpIEFVnCOPnE1ZqWipd/HCS+3fyz0fmPT8CvkEp1sjCVzhKicWaPUed6MfT7Ob0xDQMABiT550cHjfMHqPKVC1k1UFJEQAQxDSg0OdciyyqwukamcNfRzS06c1ldjqcLoydzpeZ3Hcv4/TNjhMUJUmhzCnm9HiFOQzS2bqNaTvqrXfLBpNluC+pxjCQdUrSMZk7BxKVDqPkPR+aK5m8l0cuo1XZrqvtzWnQw6keB8b9v5SfIzv8AAJiCeii832xsj0Psvl/vTqgAwHVzvBnb8lKsqVqqKArjZWRjZFYiZEaVsJFGaVOLslOE10bObqToVW2y8yOymqtLtSW7HfJ1+r5veeh18vfLOiWM6hy+cdTi4qy3TbqKpzkUX22ldqSScGrhbCqZWVwnKmr1CRO6hmiipnOyerrPObrhMFu4XLn6WQzer+b+yOvFpOX8s+z/ADs8iBT15Np0NFd8U+k8/wBM946+MdXyPAykqyIokqgWBVHVUUxtCqNzMxcLQr0VEmRc0sKtiTJKUVnOpm/Xx5HXyU6JKpaZmFdXacDb0ZnU6Hl4R6HFyq615zaYuzq2RCN7iFVsR3QlVirCyFaLZ5rCSiiZB1dCESV2WRdSo27L8tszZi3RXidHidCutXTceayek8NL9UixleW9VxD5QTVG3Lsjo6aLiu2FCdjz11Cka7UJySosjTq1QXPOdSVubWBKlIxsqUakVx01jr0wK9WCZtpt0nIj11LyZ9FVlt1KTNN1mx45GiFdop6ugcvpbdhDS+cdSnl3mjoYtsUqdRfbkuLq4MjKuRbOiVMhBLoutbISkVTjYQLKyUlKnfVcmXjd/lLtuxbSrw3vvMR7RwkkuT1eWfKIWxSWvLqXfdTNFTGKypupFqybh020jnXcUV7K6qd10YI6YFcNitwU9PKmabaynXaTVrirB2aDDu5+wp0WYjqaONedufN6CVnSRx59dGG66I9XIqOrmy2lU7bxaQNjosliraTVLJJbmTQuy21ZZTQWFYWSqibFnmilCS3RUDS4QLpK0zV6Q5HQoup87rZYu3eY9OhzOniPkcL6C3Xl1mqFc0JK9aq7IFGnP0jPOvUV3Pec+OkKb815DJuyLGyqywx7KFyV30CvhM0Tp1RDRjtKoORsa1HDj081ZNE5Ro2c6xOlQ7imGmJg03IrulMrd7CWisndW5RxtVFtKX3U2EbaLyDi6We2JIdBIgF2nBfFjo0VbVZSWXVTqeeWCNFN3Jt6d3ju7HA+ifJfrCSzaabPkWfdzzTpx6I0SxbjTKEjDMiPr8jrnPlXSdfZyukTjblMmvJK3Zm35UwxkFuW+JilbYtFG+lY68O9GrlGaNtJrvw6i3PdJMz0yMquRZNWlcbEM0Nck9UkzaHMhOy4hHRCWpaEQtnMrlJ1CSRZGcjM51FkIzqqVlEQvzXl2jPqqnHpym+YScrJpqXrcPtYLfNyOWvL+vfG/osx6yE4nzHhep8rV0oIe/FWd3fy+9HDzdTlGrpczqJzud08Vuzped9AdbHonHMhu5a9HJpgmGGqCqwurHn3Z4rhqFwbaLUvtjYaMepGKx1mu7FpGpWJOpwJ1ypN5RUbrMFhsqjYRkBm1FgqrpLOjXmgtLDLbfKzHPVNrFDWkxx0WHOnpz1pq01xkhogX9LLtOXGNZ28VuQhnTXr8vqYE8/yPR+eXiek81tZ+wvNoPF+H+mfNRpOrqdFJZ6rx3ejseZ9X50Xf8/6M5mXdzawdzi3HuHHRHM5XoeKuizPEvKkmeyqVEZqKIamuOrVQX306yqdoU09KhMm2ma36I6EyF9ascEsjC0nECnXVoWI5lc6rYtUaLLnRpWc674jOyqkJlGhMrevKZqLstdCOjDFMaMx6i/BaUPNuI44StJ56zrcjeScDR5eS8sjO5+o93559DlwfJ/sXylObOM60U35i2jXlPU5qOrHE9V5b1Zj5PawHEr0c633O3m9qTJy+3zjEq0t9/N2jzdSlITqmoJpnovYXxatxsJRUim1SLrs2mwdblmqwnUpJDVmZfbgkbDBaXSqgu4ptC2qk1aMdhrpQKyFRfKq4ujlsK41Zzt4LMRhWLGvtlizHVnkzpl6fD1W1ac29NzUTxPL6/FazibPQ+qfHfoJ6z5f9N+TyYHGVbcnQwEwiHr/ABXoCj0nI0Rs4fSwGXkdnj16n0vlfVyxx7MJio10GPbRpN8KwovxzSUM8ySIGumSC2lFpOksZcuPROunZJyTKWTjnlbKmJJfZQza+el6Lx2Gx1NJ257FtnCs1Sy6C4rmLRRcRTRXj01G7Fu51cLn2Uy+gzQmvY4vSrueffflWvpYbTpypzFPmPpiPjMotJ9/z20+n/KPdeDGmJ1c03GSyi6qJxjJ6DTw+6vU5PT5pyuZ0eave9j4f2JdlMg81uVMVk7FusnnI2SSVWzkV5d3PrToyzhFTLZZtBeUTHCdgUa0VQlYVKwtyuyuLtGXSFOrIS18/aa1RAvTmjVqUuLCpWwUukkgy8yZ+jlNXJ7PIt83lcDdtws6Nma1HkvzG2iwXZZbA69r2J8ISkOcUdnk21IwRs1YO9HAFOq4zQuvzJyepoo1Lw+d0OZXS9v4T2p0MevOYKlXKQbNFc2KkuSvTnvqGeyZFkJYllVOc5pRfZojHDsaDg3eg0V5ePr5HkI+4tPDafZyPDy9sHkKfayPF2exceR0eoZwJd11wH3g5Vu8MD3hklqDLLSzKaIFDtmef5fq0vzXB2+IvQrqC6bsVSzbk3ZrUne6nI7Un5+kiiTib8mzOtQmkvQec6xnydfjxbTONbsemmOrt4PVMHP6XOrR7fwvtzolqjj0bEYDRYZ7et0zxdvutZ4S33hXj9HqA87Z30cvVrCouEgTaxJocZQGEiBIE1IjIkAwiNgSCEmIDaxGgY6IyAE5GmLByRRzOt5NfEIY50dlYRtpNmvJai259C7tvG6afFpwYrK9Zro6VCcmddhDXnivrfNegzScRBUehzdhm6OC0uxaM5L3nhvqS6LO+JwuhfGKiyknZTaSalUkwSmECcaUk4BA5RkAAAhQlEY0AMcoskDEDGCG4tG4tWkDaaDi1aiE1CRVdzVXS+e+5+by8yqvSvVdOEs1VaLJ66Lw11bIr2Z6j5TKVaPZl0L1nK6TzSuorRRqqXf6bw/r081n9L51YRcDVSnE59quzk+08b6I+ruFpmp01lddlMls6rLbCLHKMgcUTIBYRS2KATUGk3CQ4usVVtY1VYE6ZFqUTS6rRxkEkADYgiSIugTG4qJodRlEjNj3ZTL8s9t41ZdTKlvz6Nhmt2xsLtl8tV9c0fD9FwI+cShfRODO7dXrjgYe1xks14L6q0mRfZ87D6VPKZ+jiMrnWehnyuocrrcrpn1vVythfU4xRltxGu/n67b4kYsspaTEU5QCwiExBOIwGiKEQhJxRaqKsnGRJEYuvx6Km4lTIhNwlBGcBuLBxmELawnTbSUoxTVbx68ZhyaJdeSnWatmfrGTr11mmlWS6SIl3Ow+bt85ry6WahNe/qhtk5fG9LyTkWRS9TPPpp5/0HFgeq4PUZwqdFFLscPcWb+brX6N2PN99NEqWQzas5XrybSMALZRIscSpiiTcZBOEyNlcxtOFCUKrjKsnTfEjKi9Umod2eyy6dbLHUi11zJpoTQRZEsqnArvptScSK0fOvSfObq+Cgmvr4+iX2ZLii6GCO5XxsK+g4EMMiSjbmlFpGcLTu7M1Enb5ctx5Knqcol3eFdXU43YgczqczcV5ujy1iiJs0czUnu/VeO9YbEhVmvxpboz2FMq7DS6bYm4qrVFjnVMnOuwjZBk4kRwlErbgSdZFN+NrpUIlzpLNbgjRXKsnZRcWwlEUozIMkKM0VElZJLLL86891N9vLtMK9GmzTFnV5c0v43V6J5Tf6JnE4nsfMLxYuJmmDKkB6nphGLOBRwQSLC3q2gYsoS78gWZWCwsBPY+wA6FgLDngmgCM9oVZIBRAtuBUwklaAkFTQBACpgSmC5qQS4CWCCrgEtkBXaEX0hRYA4gTQVXIIXJCvl0QlruC3oRCXb6AGdyCFADL5wF8xAK/8QALxAAAgIBAwMDBAMBAAMAAwAAAAECAxEEEiEFEDETIDAiMkBBFCNQMyRCYAYVNP/aAAgBAQABBQL/AOHZL5se1/8AxEiXxY9z7v8A+IkS+PHwP/Du1lNRZ1muI+tyyutZKtVXaqp5/wACRLz+E/8AAlKMVqurVVmo6lfabsjfdSaKtXdW6usWRKOq02FdsZr8yXh/6GSdqiazqzgX6+65e/HHbSaudE9LerY/lz8fOvavym8LV6+FBPq8279bbd2fux2T4I4EsvQzsqnTdBxVsGLn8mfj8N/lM6lq1RXbN2S9zXZdn2a4Iv6neVKy+d8fSdWsvpdfWLDR6uGpj+NPx2x78fE/yrHth1K/1r/axeZeEY5a2jeTIhrkp4lqdUpm9mRPD0uqdWop1lNqWH+LPx+A+7/HyWXQqV3VDUdSvmn74LLkV/cvumv6xFcTGZNEniPbHdSK9bdUaTrBVbC2P4U/8r9X6w/i22S1mpM89/2+8OG/NZn6pP6WVrM7ZqMa3iBLn2ZM9s9tFrJ6V6PVQ1MPwZ/iP8Lg9as3Jll8a4ynZqSfp006nXymvavPkfsT4j5lLtU8EpZe7iLNrGRRg4OPbptRKmWh1Sur/An+I/wZS2qO6+TopL7q9KS6grLJ9Tk3fdO6XuRFkvdj2JFcSWWShgipmy1noTxsx7tHc6rNNcrofPZ+I/wdRdGI7rbDVTuiSlKXxfsffAomxnpZJwwKGSNTKdI5Feiw9Wtk8lU8OOp2lspslMz7uk6txcHlfNP8R/gau5U16eh2TvsSlr7fUvl7kIx7oxyVUORHRi0e4WjSLNGsx0JXpUpKhZnFQjrVumxPBCzBOW5v31T2WdPv3R+af+Jqf79VGKS6lbsnYsL2wJEGPx3wQr3Gm0rNPpcJVojA2jhk2owhIvjk18UiUH3SybGbH2z7elT+qPK+Wz8R/PPiOje/UTnsWp1ClqbJbp+2PAzAn3SKNO5Gn0hTTtERF3wbe0kautMui2TjhmRSZljyjJx7IycX07V6jGn1Mbvls/Efz6x4q6dPZPql6qqcs917aWmWVrDXZGl07nKinZGAhC980XVmop+q2CxKJtFAxCI3EePd0zU/xrLZw9WqW6Pxz/Efz6nmVf039V1Hq21Q3E/u92cCt4ZgojmekqUYsi+ciF75Fhq0T5JZMSY4tdl785WnscbKOa/jn/h3P+zWP0CT3zUuH8CMCiaKr6q+EIyRMmey7Lsyw1US3zli3Idial8MfPTs/wAf47PxH8rMmrlst6hqHc8YVdW8lxL2owJEYldOSitRI9twuSIhdl7bUassfMpGTdgckyWPg6PRG29fSvjs/wAJ8HU7Vbdcs22ra9LHbTb9/tQkRKolUBCZv7QEIXZe2XJqasmoq5ccSMol8DR0u309TF8L47Pmf4mvt2Uyo2U6fE79Y4+rH1bVODg/YhERcOsqlxnjcZ5RX2j7F7ZLJfRkv06RKKJxwNr3pdofd0+z1NOvjs/wuoW7tRq+oSnGEZWSv00qV0zb6evSWo9i7R7VIhE/T8xIEeOykbh2E79pLWpENVkjcKaY+zWS6nctVpmSJxw/bgxxjt0iyPpi+KzuvzrHtrjVLVWvpVddNMWrNc5ejpcRWtedR7EIRE05BcY4ksCKe24lbgnq4pXa7l6yTHfuNOnmqvJFYIyM97qty6hpXFvkxjulkW2tRy3o+n2WuNWlhDqHT4Th0efp6oXxT/wdfLGn6ZHZXd9UXDbdP/yKPUfp2cy9n6EIpZXPhPiwgQeB2I1Wt2lutkyVrZlshDJCooRU2biDF7L6VOOuo9K2yL7p4K63ZLp/T41x1Ctsb0c0USdVusp9DW1S3R+Kf+D1WX0adba75YhdU65Rk65ZVY/PsXhC7RZGwhYTkReD1eL72WvLxkUCMSuOSjTyIUSPsFJSIEGLvg6npVZF1fROOGUQ32aLQRpVksOrGHHJ1GGyWuh6ug6TqfUh8U/8G/8As1SLfqdtSnVH+u/q6jva9sXwkQRgwRZGROZvHJ5s5HFtxrwWcGSGp9NV9VsiQ6hqkodVgyXo3FfqRIMh7NQsx1Edk9XDkrliWl6h/VLNsqGoRXK6nH6NudB06fpa5ePhn+I/kbwtM9+pn9JVFykarSbzVKSlOWfbHxEUkb0eoj1CuwcskRQyKh49HaSLfPbSWqqzS6v+VB6SucY9PgnChxI18pexnU6y/wC1ieHVe81aqrbp82OvhdRjmrS86avSt6+Pj4Z/4F//AD0sPTHHe8cYGdUocifEvZEybjPZMUsEZlf1S01GU6UldXxqYtEkRXMkRWZdNr9KqHK7r266Oa7oEvOCKMuL0WuaNPqsk/7K9PHaVU7bPin/AIGMmznGO+Mmqh/VesWkvdj2JmieZaNLEkSrNVRFw1On2iqeVXAqSiaeRCRHuvbfzCxfXqY7ZwjlQi4yel9Unpp0uq2Sehs31Y+uPM/in/jXLdDWpxvP2013wY7Mx30ksT0HMBlsMrXVSRJvKbK5M08pMqiR7IXd9p+NbHbZqEmaV4np1WyiiHqWaeMoamj07emx20/uH/f4WS/Ef4fXIKOpIffrue6QzPapKUraYxP3pV9egf09sFtSmtV0/l0uLqr5qISExMQu7GSNdWaiJS9lmm9OdVCw/wBT0u+yOIRFB+p8LJf4cuD1Eb4k7YI6091wvu1fMe1bJ9mIT+l+em15lpfK8d5Isqix0o29lIhIixP2Ptq19OpgUcT0enXZeJiRbZGBHlfFL/EcUz0YCrij/wDIIfTXg/8Ab71JYKqo2USW1+TwPkURjOmfZpfPsaJI2koEq2bSJFkRMyZ73LMdTEnHEum37oNkfDLJqEdTqf5Wup4r+KX+P1Wr1NN4a86SlWrX1ejdoa5Y1GldqlB1yF2l26fI0kfc+7Q4mBEWL2zXGtWDZuNDptpGODwNnWNbl6DnWR8fCyX+PZHdDXVenqTp1q29X5t6LGMpW1OmWurrtqxhiH20C+vTfau2TPZ98GCUTAvdLxq4ZIQ50sjI2dU6gq4ylufRNPusXxMl/jyeF1Z/+SVzcJX3+saOz0bdPbDUVdQ0q2T4Yh9umxzLT+B90ZMme7Q4G33zryeikfy/QvjrFJdR104wlJylBfV06pQo+JkvxdHqFdX+DLx1KH/lY5UMra86HTTmaaFtFln9lWtr2XdmfvpvBTLiPPfgyiTF2i/Zj3smaulvU0VYXWOGihZuoWKfiZL8XSaydc9Ld61f4PU6v/Mori9ZOqNWo1ij/I6RXihIlE6vHbb3/emsUTT6nmu76d5qOo10k+tPNPVN7pe+ODHZP45jrUpKOF1tfWdG0/rXrhfEyX4jKralR0TUZ/C62mrdO8azq8HEcpXW6OHp6c/fXKs1+xcEJ4NJqy65utaTdOWhhI03Toxda2rPZi+OZDy0ddiUw9SzQaWOnq+NkvxGbMLRW+nbTPfX+B15P01xbrNRv0mj+jVRacO2vhvo1Ffpz75FLBGzmnWuMa7svTszgTMmTcZIv4WTZDydajmHSNBtF8jH5/Egz/26Pdvq/A6tDfp3JRnTbvs1milGOm12opjDql8zSWXWuyOYdRp5fD9sUxSaOnTlIiuEjBIlLBXLIpcp597Y2TK+3UF9OladPySH+Lkxx0q91XQluj81l9dZ1HqFcqpZ3afTquqMlfF6V0zonDvrKt612mdcvboqvUjdo9p09+kfzIJPXQP58T+bWX6mvENet1V6mqJe9skyTyR8I1kd1fT041fJIf4uzl5RGTjLpV/qU/NOmEz+JUdZ0WV0fUw9OM46e2ucbI7Y98Gq0sba9TS6LezF50epVUbdWpKcz1T15HryPWkU6e6+UOlOJDTyrKJYIvK9jJSLLCl75Y7W+NP4+SX4s5qKi2jc85Oi37LVyvnaUjX9K3Sqr1NVlUbUU27vb1TSLUVTi4S75NxuMldU7HpemORT0+uCppUE4kom3BBme7Jvi6zCndulo4bY9plfj5GP8OcsLUp2Enue7jPFE9tuknvpf4OO2F7utaPl989oVSkVaU0lUcVxwcIyNjGR9jLp8ai3c9JRlwWF2kVePkY/wpPCst3OEcmNo5ZbeWdDu3Qf5NsVOHUdN6FwyMeaa4m1JVJFPArEbxXJvPdGO99iirbXN1180xwIz2kVfLL8PU35Iop+1eFgocIk8OfR7Nt65/K6xp/WpawyJXM9Rn8jafzCjUtkZORXDmK9m4ciyeDUWuUqqyESHAu8in5Zfhaq3CIkBSTJbSWMLGNA8aivmH5LOs6P0p9lI3M5IrL00CpMrEvbZPBdqNzoqIwFEXsZX93yS/B1FmyG/c0VrJWvqpqjJ2RUZURjKdyip1y2WdPtVtH5V1Uba+o6SWmt7JkFkqrNPXxBCMj7Nlthfbk01fMYkIGOy7s/9/kl2XzSeFqbd8o9qV9MOJRyQScroxiVxjJI6JqOfy9Vp43w1umlp7e1ZWyizBGxCZk3DkTmaq8qTk9PAhEwYJexn7Xj43+Bq7cREhcuuP0ye0hbxKn+uir1Cf0y8HT57NRXzD8vr0PoEVmSqwjZghaepk9Qlbg1OpIrfKitlUSK7MkY7skV+PjY/mslsjdPdKPLZTHmC41q2wsgomWzmJGvMIQ3yr/ru0c99P5fWY503aDE+E8EZkLcCvJagu1GSPJpYxZXXxCIu79siNuxp5XxS+fW2j8wR5NLA8Gs5q/QoblyOMqzk6Nq8NPP5fUIbtNLhiEzIpHqHq4HZkXJRSaevBUR9jH7JE1koucSNsZfFL5tRZshZPdJckSKNPEwar7HzE3PCqntW6Q2yibrs0VnqUfkuShHqXVUSeX2ybjJntXDJTpimraVxIoXbPbPfPZki2HN+mbS192nnptfC1KyL98vm1luX5Io/cFzQM1b+heP0Kc2vqrEZ56JqFs/HttrrWp6vCBrOo3X/CjT/dp48KJHgQ2bjcSkLs+7JE45ho9uzV6SF0dstHfCzcU3e6Q/k1M9sLJ5lE8EPNaKSaNfxBeCKyL6JWWOb3ZRpLXXbpblZV+JJpLX9WUC6+d0s9l8NcsPp96aXj95HLvjsh9mMZ+tHZH1WjrNf0aaX08FcpIjPd7JfLrZ9oDKlxX5qJeOo/avAm0PJGf0UuKJYbjjHRdRiUfw7Zxrj1PqLueflRprnXLS6pTjuHIyLkS9zH2RS0tSdWWa6lhIhI3vdG9xI2Rl2n8l0tsJyzJeXw8bo18JcOjlSOo/YvHZyyqmlKbTm0u3SoL1Y/b+Dq9fVp1r9dPUy+dFFrrdesI3biHKSF7H3fZFU1K9eOoy3TrEIZFqRhorukOSfya60ZB8yjk0suXDBM0jyp+Nb9q8dk8Ly7FBLBg0P0TolmHz6jV1ULW9WlYTm5P8BEUVLmp4ITIyF3fsZgn9ujf9109lcpb3AZEjgUEhIlAw0b2hTT+G6WyFs90xRIM27XTJWRvrwtHLDfK16+leOyH5UMxisiTZRI6Zbuj8t+rqpNX1eUiyyU38i7YyNd0QIIqK39UOyfufa77NDJuWttyMiY4SIReUNDyKbJTQ/EbGiNpuRn2667svKiKJUspJ12f9IV5hcvt18foXj2RTkLh8xKs56fbtsi8r4r9VVSazrDmW2ym/mQu2029kQKyHisTwbxMT7Psh9tanKvTTcabJYK+RIXZNI9RZUsnGGOKZtMI2o24EmbjcZLpbIWz3SK1zGJGOVGODGVVLY7Ybih/TrFxOLg+7I5Gmm8sq5VT2z0dm6v4L9VXQtX1acydkpv8AAXZCHEa7RZXMVhG5EbclcskRdpeERH21qlIztX3OtduESkhNCimbMHCMZHwLJyZkb2KzA55E0+2qhOcZQlEiiKSEyDHMjIkyu3il86tZh1bRctNd0J4cm5EHxDwdNvw4vj22TjXHXdVZOcrG0YMdn8C96ER7SRtNoonJGJXwVSwQmQkZGfuLJMstLbDOSEBdnFSI1RNsURH5wYNuTZ2wbjePkXeUFJX6bBBMa4qj9NqacJPG/iTaKNXizPqVSipK7Q1WLqOjdDF2yRIdq57JaK1WQ9ms1sKI6jU2XyePc/wYyINGCS7LtkixTKrCp57NjnhvUKKnqckryH1EKxdlgSRgx25XdmBoSHHlRMc9m2QnzHDLKlIdZHgeGoxHUTgalbJ9Ou30dtdT6tWorddnesgYMHSp4l2uthUtZ1RslKUnLPbI2+zXfBj4mvZkTITFah8jyZkb5I9RnqTFbMqnZnT24T1Kw78llo7BshBuVVOCK4FHI6kiKwIzE4Jd9vbA2LkSJbjkQ0Y5SP1wy6HFVvMWZTHHJ1Go6de659msrrdO2fZFZAx20UttkXxrdfGk1GondIbM9sHPZIZnvtGjabTHfAjBsJL3RkJiYiMSOEkbjfwrD1MDnzBORCrLrgkRXZ18Lg3qQu20wMccmGja8DRgwZHI5MSHki2byEkzamOPF8XCyqXAjULMZ/RZ361H+rsiBWfplcsS1PUJbHubztPIjaY7ZGJswY9jyc+1YJYRGQuT08kqxxMMwIiIcsCmRmjehzPUE2zkhW269Plxq2m0wTngW6T5xgSRwJob7YMYOOzXbHbaOJt7IwYEjkjI1FSshXmMo9p+NfDbPv1Rf0S+4RWQ7MkzCJyGRXbkUcm3AsEjBj2ZH2wY7bRRRKA1ghPBGxnk28uB6Z6R6Q62hwNhtYos2sVTZXTzGoVZFYHZBKzVIjfKRjcV9uO20SH2289svGe365Ipj747YZyRGhmpjzRLK7dUr+heO3UP+Fn3ESJHwiT74GVwyOOBi7ZJMWTaxrtgawPul2RgwbMk47Soaym3EheepFkHFkcGzJ6PLqQ6yMCNRtFEwTt2jm2NZca0itR7QGzk5F3TYs9347oyMYu2RYxlGORlkcxhw14NXHdVD7e2v/4z+8iRIjG+2MDERfDYyPJgUUSikIwxxbNgoDgemiS7pke+CyGTa4uBKvcSqaIpi4KyBxj0lI9BDUYnqRHbEd560jmRs3EakhKKE4mURmbjcORuM5IjZuYnI5JTkKTG2LI5NEWzkZyZP3nghwZ7NZW3mJgtj9Ojlvo7a7/jZ/0IkELukYyPCP3FDEsiibMiikTwVsYyaF2/Uuz4EJEUbMEe00QiRRZVlOtowxJkdyI7yDaMsccm1IZlZjOKN2WkxxZGJgwRwcHAkYEJn6TMmTKG0bzchyR6hvIyN45ohgmhIUsdn4UubHhu1ELSb+nok80dtV/y1H/VMiQRnJ+o8mMHlzwQ5lteH5iJcqLw48+kYw48ksEjLOWbWyUB4GRYpCM8Ph54bYmQMZJ14NptQ8CybmQl2aybEekjYhLAmbWxLacbRGTKIyHysMTZnJ++zXCRhZcRowOOSP0tvJtIIkjIuRlstsYywWLcramOUq5U27o9Cue/tqFmvVL+5ETwodoE1lftx+nT+c/TOJCRGeBTk1hkmfuPabG8iyYZZA2Gwwsfa48iwbEbR47QYu0oZFUOpZ2owKSR6qHYhWod5vyZbNjPqykOIon62m02iyIaEhi7PtgY1k2n6IpmCESaP3AZfNsr4N39dtjTunuNO+emW+ndF5gW8x1623kWSf01S5IcE+e0uFRyY+m6RW+VIpZYnhJlnBVyRSLkjgUuXIfjaxIUCxIg8EUjgksko4ORNkFIw8uLFFjiekbCFZ6aPSQqln0kemkYMd0I474MGPZ4FIbQ2jcZQu0yLFIUiD4mzPNaWLeFMjyRX0WxNTE3OJRxPRy3Ukjq8cXIQzwVTyQ5bg9rjzM0rSMtqxD4dMliqRu+llhCSQnxLk2I2rO1GES47YHA24IYwsER/azwJvPk/SMNvaYP1FcqJtQhYGM4JeN0kKzJuMvOXhyIs3My88iUmbXjaxqRyLklnOWRWVMiclR4VkitkC1uU58EWsx+y4uLfCOiWZrGdbj/AGds8si8FEitrbasu7g0qLfDTZZAplh05aghowjb9cUSNuT0xQPB5GhRGhxK0YIvBuMIk0ZwRtjn1EKS7bzcZeFuzmQ2xJs2szg8mBcHAoowQjzPgxkwRMdojMkzDEicWbXmMSxYG+IvJBD+29FUWJ7YqfM25Srjyvtlhl9DxcsJeOj27bu3XIcdl5eO1U9squY2KKje8vSmPplw5E/ploriHKZYj/2iYRtHEm8OMljPLZmQ3IwxPBGZjtFZJVocBJIjtYkfox3yYy+ENcbckY9sdkJolI3G8U+ybQ2ZOTLT8r6htosseIzyRzicyTIS5qZZ4f1FcXnUvbCvlS4K2bjVblGjV4LVXdD9aSWy7Ty31nV47qX5I+WuzNJflNLbqjSEOVeknIuNF99K4wWR4mlmMsErOYzHJsa5x2fAjwSyzaRgJG0ikOKY1gYuCI+zUjDRjI0IxltCRHgwk+DcsqQ8EiLPJwLtIiN9ovlsZPxBc/qcubZkJ86WeS/lQyQyaqe+VK+mxorkipZlqo5hLifqSiv1Hz0mzfQayG6m+O2wj5fhDjxB7ZUy3LVQwaf7q1xfBEiZp57Z0zcltkyyL2yhgwTgiODBZGRGMspIe0iiSwZJctcKPgSMDQ4kYiMm5G83G4lI5Mzz+l3/AFtMo4ZsRhCwcEWjJJkWZRkUkbojwTwRwiMky7bm6dZVsKduJ5ZBEpbYwzKb+mtrLhFIqLDXxxa39K5WcHRb3GwtWYa5YvIeX4/afE1h6CZqYNwo4sr+20eEXkX9Wja27uJFo8j4UWVzFyWIUTaZwSw0ZRw0jk5GJGGJCFjCwfSzgyhsTNzFaOw38ZIyOTDFWyKGIwJDMCiOHMYnppnp4MPF2SGRJom551aKPug/Tqrvk3GbNRPhTwb5YKytlnnqL/ufj9YNPb6dmls9SqXK6rxqCPl+P2iXJTN12ffVt22af7dRNRJPJZH6XxLQvIlwWcjjzauIxIYI+J4PL24JxRwjejgzHHqLO7JGwm2KbN7MtnJBNrYz0xQRgZ4G2M/UWZicGTcKbMvsueylg3GSLJCEPtPxGPP/AKyyjUMp++6eK6cZwsX8umCzZy0sNeKS2SRb07+Q9XpZ0C8ZF56NdmNjxDXy36gj936msOPhjNDdlXrE42cSWU1gnnE+JaCX0wf0yeCXI0yUWIi1iLHyv28jyyEMjrwPgUdy9MXnjc8Y/eCI8Cbzhj5URtGcPcbu2XjnG5meVI8kRp9ovtgSYkxLsu7RNEPP6tNTnOma33y5o8ynh4Tb+k3mSPmuRdnOjX9WppU4LwNnR57b9dPbpZvMj91cxujyiXgpnsnZLdHTQyTikrGWMl56cyGMOUSW0lLBOfDkQyKMsKHGMNz4jLtPOG8kI8bThOW03Jm9IVhuGLOcZMbXEl5GskuGiKIjSHFCwRwbkk7DcJmeyyNyNzNzItnJlibLc4rby39N241MjTP+yx5tg9sYvImNn72cb/qqWR+dK2ozkz9GDTWenb1K/wD8TvRIu8ifD7Uy4omJ5V8ME2SOnv6q/Eo9rVwluTghcC5jz2+khgeD/wBXFkM48GOXHIkbTAkYIRRwiaTUGhrJtZtJxFFkfPA8dkRwMSNpFI4ExMybkZ5ixy53GVj7j7JcSWpk4l83J0cTxmUpMi+D9yeZeFFJuPCZo19Moi8doPEtTf6sX57UPm9cLs32X0ypZCWFZyWkmaJ/XVLjyWLBPlQiieMvxT4kuUbXnYyOEnPBORDlMYu6RhdkzJW0S+k9UeWbJ52TPRsx6Fh/FtYtJYfwrcrQ2C0Nh/BtIaGaP4bP4R/BYtCfw4n8WB/FgLSwFRA9CB6ED0YHpQQ6oMVMESprZboKJj6TAvpnQafntJ4EKPMir7pP6d2HommmLt4G8kfD7Mp4lOO6p/S/IyHm1FUykteFcM0f/WuRFlpLJntgrJ5MyOcNMhAsik8R2/avVHyLy4yxCuxi01za0dxDp8xdMZHpiFoK0fw62LR1IVEImyJtXbHbHvz8uRjXbrWp3yitqUhyUnnjOyMc2Ous4QopvR4TYvB5EhLifD7Lzp3mOpWJp4M5P2vqiuJ12DWVdwM0zxZp/GCXieDa8YfaM8G7JJvcq5M9Gwhpr2Lp1kj/APW8LpkBdPpI6WmJGitHpoUDHtbF7MmTP42OzRr5+np3L6uWSfFcWIktxXBLt+48Gmmk53ZF48ngXmHixC76WRqocd6WXL6qpCsLR+avu0y+mBZhDcR5Y4WMho75FfTWyvQ1xFpq04wijC9uDHw4/PZ1y3FUUSlhQ5K1HFzUSMsiksLsvFX1OKwIz2iQRb7NO8Skt1dsdshkfMlurg8NMmxkPOhpsshDSTLNDuK9DXEVcEYXvz+Bns/yd5nt1ue67fgT3ypqWJy2Dk5tcEee0fKRHiW4XeCILMb48CGiLw9LPdHWw9lUixbZRkSeRlP39Gt3VxH3ZkX+hb5hMc/p19sZXSe4qWDc0m+Yo4INdlwR5Uom7hLuvFK4tjlS4cR9tJZiU4qyu6vZIYmSW6KMiqyLh9Es/tiMaMezPbP4D7SExmTPdfiWoRrJ+np7JOU64kMYnI5Ip4WCuBtblGo3JDzJWtxl+hCKC3lWeSHKnHBW9stLapw1tY4sfZMxzTVFRuGdJljUVvh9mP4cmfjz2kRYzIu8X+JPt1y3EIIRJlMHIVJsWFDmEMG7B9xtEzqMMeyJR4kXLtGWDypLBRY4ShJXQvq2koIlHvpZ/TcM6b//AEVeOzJG7ncJ+/PzY7YF3j8D+Bexj4Op2erqIpDWF5dT2krOK65TK4KCkxLLS7LBrnH0F4iiRApXDRqFw+0GT5Xg0t2x7o2V3QW5kl20ssSsH56f/wB6J8ZEyRMkRF8a+KSylnsu6E+y9i+BmRD7M6ld6NGcyzgcnJxiVx3FdMUOSRuIm7BGWSUkjUa5Vl2olYokVxIh5ofGSzksjhkSMcq2IjSXcXVKasrce0iEsPOVLzoX/bpZ575JEiPZsXZe9fA+8he2Ps47L4H2iPtKWF1S/wBW7aSZSVwlIxtFPBObzCYpE7CWpjXG/VTm85H4ijPEiHmjDiolsC6BjtTMlBNWQw4S2uq5NW4krFhjK5cM0n/TSS5T7tEiPncNifZe1fA+zMiJci9seyH3XvRLsjI/HU7nXTnL3Ci5OmGCNu035a5dhuacrsKV0pCi2WcSJeOzIlPEVZy/qjbBlnDFw6LE1dHJJEPMfFgxkXgyad4s07+qHKGx+GRXZkWJ/Gvg4JeU8+xPsn7F8D9kvt6xqd13MirSSxlRlO4WSnk8KViiTlvfozZXp2eng1ccSJfb2ZHh1xzVhldjiZjKOphz2rI+Jx4ksOmZZHJLPfJRL+yl4dMvp3HkYyIzJj2ZM+1D+FkiMvavGRMfZfA++TWS26d1KU066o3Xuwy81VjRCSiSucirTSmLTRR6SNhKJ1Bdn4Xdmhl/W61IlThuBb9r8kXh1zJssRF4ecqfsr4nW8qj7F2kTKybGRkJmSQvZnvIXsY+yGho2mBiGRMER9o9mzJnuhmO/VXjSqbJzbM5IxIvBKeSnS7yrTxglHHdk0dSj9A/H//EABgRAQADAQAAAAAAAAAAAAAAAAEgQHCw/9oACAEDAQE/AeB6aQXif//EAB0RAQABBAMBAAAAAAAAAAAAABEAAVBwgCAwYKD/2gAIAQIBAT8B8AWs4EMAGjzaiENzDAR20+Gelu//xAAwEAABAwIGAgICAgICAgMAAAABABEhAhASIDAxQFADIjJBUWETYCNxBDNCgWKAkf/aAAgBAQAGPwL/AOm3tUF60uv+sKaWXr5JTf1RyWTeP2KZ2H6T1OckOFFZX+SlfgqD/UMPjXtVpiXpQ/pk7r1oC9jGqyHjXtUxUVj+kn8p6jwAad1NbBf4/KSorf8A2vcL1M/0UlH8ab5nOyagYRkFQgINVKj+gv5Cv8FJP7Ro2130vWtCnzhPQX72Vg8AxVLH/wAiqFg8YAH6U6+EI6cbJ6d+5k2cqfTxLcUrBSY48jO9JQc+3b+xalTSE9J/9J69vwvWkYU9R4/q62Kl84lAjtfYr/EGp/KeryFexJ4O2dhbdMA5T1nQwFP2ZP2v5fKhRsFHxHBBZbJlteESUTkc6AKHZin6FjSN1+9fbR/S21R7dkSqyyLqqsp9XZDgb6EQo9gF+Kvx2EKqlEfZ0Z4+6+Wh7/Eqny+E79gAqkw+lKjTCHMp/CpPXssaNTas68ZJpW2iGVOLr3KYfFMj+uftpe30mHXiilCgWc/aLcsxqh+vYblfyVfJYvIQAvQuFhpchMepD9c31Sv4wITBA1JmVTc0pjo/dsL9aSq2RqqmpeqpxqkhVcPdbplCD1Z3CY5f2oCFXkilYThKPk/4zf6WE9aV/tEKpvpf6WEfXBanWMZokrH5N1h8cUp1hP2qfIPiUD1lNI+1Tb+U/aIp2qVfElQvivipGg/2iLgFApripCr7CwHcdYKfwmWFYSmq2QNP3wpvAUBPV4iybyUEJ/FUxUyM8pxYFCkhfpB7kfpN++sqqTo1lSoTeX64G2bEaXTYWCmkL1cJnzvkCAG63ixTIkfRQ6ohHLjaNYaDBTvpnK16qVV2NSOqMmyhTaBqEKLbQnDBRkPYkKoXnSCGSL7aji8hQmZMLnsnFgqWzsSoL2CGSQnoTVDVezoVU73epMLO/YfIKJTsbBUcGdf22WKnZM2Sex2XxQKmwFo+XOcJshJQppMIDsj+bymCxUn/ANLFQmqzNy/4/GVT2ZBVQFmeUEQsQHr+FiG6bnmjxmUSftYz2hs4TlYxsgRKJojmmkqE1KerdB0G6EPvwzdkSzqKSBYjmPYWpCp6EH6QPDwkJgEFi1JK9aEzMn4QtiOw6JsPssD8KmoIFUeWlUqkXxNnYr0lP5JXqE/DdClBujBQPBpIVJ+0KTT7KnGECLkaDLfihfyeQdHKhYeCVSVG/wBIVDdMAagF/wBRT+QMLtoDiAqlulH4Ua/vUEaPHKlU+aiSgsVAen8L4scmIbZ3UrdRbdb65CY9GyZBNr+wUUBY/GNkfF5inoqekp6U7TkIRpq0Yv8AYCd+x9jZ7MeCxWPwFih/JS4WLxQPwvYMcrgewTHQgL3Xx1GHUOyZrUlUnlfy0Z5W2rCfqBaLYTyjSV/8csZW0WHT4acvuEWEJuXip3Cb7zRd9BqVPTME5vNotShy/wCSjY8DCE/TzkkpgvdeuyBQ5ZpqCMeuswTnrZXqVNsHMIqTHUYJ+nbNssbqSsINqWQ5gOm1Knp3T5oKZ7YnsFT00KVtqSnHKbMbumBTusSwHmVI8hiFB5LnMU98a/KZAhA8p6iwRo8PJBxMFi8NcrD5XtvzDkwg2m2E8h66k3iDpjA5UpqSi4lN/wCKCY8s5XKawKBHFc7I0eGSnrOq3AqpabCpDiRoHKzI4gothJ4mKossPjLU8DfXY0zYBDJ7KNYo6ByyouDw93K3anoMNQkWbNCarVYZMJynN673BQ4HtUjT44pTv0JFYlEonRnTORxlOZ3yNre9QdEeLZOS/RGVVjEhYRoyFso0cOkdF9X2qTeIMnqL9IcJlT8k51NtB9BxYpjl9VNwho+1SbxeoT1F+mfxm07X3yb33W99lstr+q9hoMb46ApGSE5TXbO9ZZYfD/8Aqeo9PGtut1vnleqnOxtK+IUCNAHNu5T1GPx/QJ1SEQdBrvWUafEnqLnoftbFQF7cPfVlQmOR031kxaTUSU9R6HZbL61d8++jBW+eFNyo1cHjU9XtzoTHI+Q6EZY6SckleqnmvkfIUczc+b759rtbe0jlRnKFyj2EKLydeApHEpuUeo3W6+S3tJybau2lHAY3KPEi2154G+nvz3WyhbrdYblVaj3hTwJyxobX2tF550qL7qlA2KOlClMONsts+/XUlU9NtaOBHD30pzsTpSotK9btaeJHFlQtuLKfJKcI2a75ps/Bm0XnLN54ccwkJqlFggdHCbRzo6Kc7KchRCi4sURnGjveVvaLz2UXOTbIb4bFVZ2T3m0Z50N+rhbLbJN5ytkBCFViBnfLHHjPvn2vHHFo0MYqZH7GTASiVUdDCU/PjowLNokEZajpDXk5ptv1jp8j5dsgVI/OlN30JvHDe23KlQoU3FIyydEOqRxoywp4D2i3xK+K+JXxXxXxW15vut8uy2Wy2Wy2CgKaQviiaSi9MIk5ZtHUbqbbKAV8V8VspXzXtVaQtlAW3N/ioyMMu3DjWZitiopK2Xsy+SklbL4BfALZbdNUftEmTd7b2i8r103yvpQFFJWzL3qX2V8V8AoHX4VNp6CVNSmVAW3asPrLPDdsjZsPcuVV0D2buSUdBgF7KLHVfN+bjuRQM8KcuLhtcIdx+hmna85Dxh3B/KfLKa05GpkoudZlHf4XjU3j+nlObRli8KdedIIdthGwUBYvJATUpqVOT1U6k64Q7Woo1VF1AX6s92oT1rbTbghU9qczAJ6jpf/EACgQAAMAAgICAwEAAwACAwAAAAABESExEEEgUTBhcYFAkaGx4cHR8P/aAAgBAQABPyFa8VxPjQ+F/iwXwz4H4zzvkeBEGvOE5TmiYFohOGhf4C8L8WBL44LxfjOIQnjPDQSkHozSDXhOC4hBIQREaHROHxOUXxnE+BcTleUEfnEH875Q1xCeU5TAmTfE4aIYJxPM/wA40OvCczifKiC4pfKTL0K9r0mby/SG8IFqS19mXH0ZPTrXo3ykvhhP8LTgg0QnDXM4bwUXjBMHXhfhXwr4XpNF7Lv80u1d+B0o37EP6PweRRkz6KJz9ZEVF7QsSbC2U/Of4kHxbD4fD4e+GZI+EQSYkNEHoQxeE8V8iHwj8RCFrbevY6aFfZIYC5yNkJysC3cLGnDMD9B5Xfivh7+L+CLyMfDIPho0hEvEJyvLWDQfD+WEF4rlAWk19DDCjFNX0P18tcJEXFKbI6jyI2z12kwVdMwGQNsj+jLVj8Fy/wDCHzCcwaL0LlH6j88NBD8p/gowX0SDfQ22N+xMZOVvieDI0xsjdUEDRJH6Hp6Qy1fsxrztpmWn+4QkX7iOpna465f+HPfwkJxSD4YuNBeC/wARFw0h2RgfvKJngmHFk4KJNpkXqpwtkTPoha6nRFhPQ3vIlbM4hCXsH0j2TGyMmv0ng/kviPfLnEITxSgxrHCCXGp0Lhi475nlsXixtZtEqV+lU19oQ+ER+mZPO/BLA8PkGxDIQnEWh03MdIV/ozYMULhfYjRWPTJ1J6Ep/wBBEt0+vjnihcacYIQSH4TicvQkNcvT8GLhebXM8W4zaIzv7QinauZ0ITazwKeSnZSEYSQnsmeBuFmWKl/TM/OD0IQAUw9lrY9b5zRclfQs7M33uhNYvZDJ5XwnDFzqNeUJzB8LlkojQWvKfG2iyxpcSQVPA7N/ggrQ69jNP/5DHWf3G3++VKHnFg3WaHA274UrbNiPUijO7oZWFdISompwMvZCGtiewieHmnivHQaJwh/I0QhoLmfKpjYjFPQIrY9ihowQO50hOoJoYXn64vE5xZK0pvh8IQ8iFiLWUQ24FdEM7jTwFmf9I85EGEMFLw27So4jryvGvgbH+A1zo1Oub8f6O9DqRMJH7FWJ1GZ9B9+UpBEFgJ55JcLPCEC0rUK9DNEVaOh4Rr0YQnb+zYMvwm/WMT4K9IW9DCIWcLYp6BC/Fjwvi/PBD8J5QaNBa5nlPFZGkf0M6W28ISFJO4KZVwDV+uFz0MJVgYo9jLw7QfrA5JAxbAowHwUhJqv8EME4wH9ILGKHWHUDJ858HEpStTXyPxMQ/FEFxCcPwawInwPxx+CNG7sPpCJnzEff34I6MkIRZDwGMVFTHtodaCqtCyglDjMENYJQlOiqIq5FGBR5WBxOF9cBu0NI010ypkvLGJWEehot+CGXwXinjOF5Ma8dPjhOW9Aj7BbEsTgTxUtF5tMZPBqKb0X0MTG6Ma2OVkJ2TogpFyMZkKBrBuo4bapRWEhmoSdP2LPAbx9mSe0VtDROLR6+hnJ2E9i6adt8i4Uc8ex8US4fnodfM1tZZRdvPGAZsbGN0NcpjiDQkHwlFbAlGBEnry7FzZFKZrsEn9mTA8ivRCUzbJ/Y16MXBS8pugaiNoTPc+a1w/JC84RCRHXnPJcGyWkK6oXdEKky0GLfghM9Q1y2ZMYzQcCI4O445RcIWeNS5kZW0U2WSeEPqG4RBpsw/Cn2PEYtLsPCymifChmvM5YvifL0LXxtYFxj9jJfN6OpzFphq3xPBcIXBjYlqzizQ+KyHFw3guDFETUY9WqVWBscG2LBIAmcB/hENeC4RvuUSFHhczynOn+C/B18pBNOI6sDDbsc8aC0Qh+CCGYc2WKkLA0GIKcORCE5fBSbF17P9oq7FDNGxwS0U68EQWyVdAjr/CUflB8Pl6OuOviZ3joO8lx6JiuULZNRsnvZ8ZkWFBa4UY2CzoSiBOs04pRBLkuEKkIm5SWYOD9Qlbpm8MfgyizogIcaJiGr6Y3F+NBeS5XJcQnHTFxCfC8oW70SK+3ms+5IYy37BjVXpfCFCg8d4S2GwqFiVCXBC8CQxiUFK8FFtIt6pv44OBrh8u2Ot5MUa6Pey4LxfxETmCXN8mPQvlnpkJ9JcG9NFj4fQ9JaOhF5XGgkYsWRDHYNFmHXYqfBccCKEJ2ZoGYcaKbh3BkhikLGBFwtCM3eE+LqpaDZKyPwV3oeRMuNeF8G3inxviUh15wnL4+skMhO9mhyp1O7BiUuKJovF75QtiY5aG+iiGYqNxKaeBskITJHJ5IbB76kVLY6tQbRrJ8MetmfEqEswMixWnYOg2UY0QlDy4+2P0f3R+N5mALaD2LjEqaeS56NzrhfA14dC0NcMevhfK0Y/wBiUtbCzexC7VtRU6JYCqX+xq+CEgtccRKSEFYkkUlFtsW1hjhj/bKstjvWCtjVMIU3oXAz0QSGqLZhrEtCG1wh+mxHStglJTKUyXo3h0QtOEHr8YesGvOczBHwTi8zyY9C+B8Xh/sB/MFNrcELInyhlWAaV9mbv78FvggVSnRMxGcsXEIsJpYKLbEDRCF+FHFsJiPbNQzDsQuC4yQ7xgXZ6LaNiXqJiqpN7olDOIVkaFpgnO6fpsQ2B15XyonFL8M8GPXjS8vlbHx1QlLAVpD7oSHxTy2IRVAxb8EUFDDnhi9kWZ8cGpUyMxhKFZIMtBXsViKYq7En+VP+akdch979hZlC5roY1Lgn7XG5KhtK37ITTgWjobMhDy4aczXQeo+EPyePnPy0OviYhzZ6PQ6txwe9C7XYuf8AaY9raejESMQ+TEWR9nFHXBCZsemhjIYrB3WmNdhtsd7ExJV0zSqvo2QfhfAVZGvsehISEimaILEyyNhoK5IuxqyjHYIooa4lRrt6NUQYL9Ll/Mx8HXDFw9M65XwW0NtG42zYaJUIzQjF8I+wlEscSb5cZqDNfLs2SYBam8mMoq0GrcMmSgg8jUbGSYyFWUQkTk9DKVx/8i6l9jaJRHkgyWqsRN+x2RgQ17FhfCzYvgvGeb5emdC4XiuWmw0eGBJoThyGNT1CJ+xbMuU4x0yxGJERiDExCzIoh6FO4GJbEnsKUw2s5ZLG6Ri2NReBjGLcXcJaPshObLB/iFmj/RadY9bbMHZKPYkMXmzbl/M+GPTOvBi+B+H2Ihp12aH6ZGEQ0QRUcJSCRldGRD5A9CGmLLSiLXYgx9qBklBkVFSLwTwM2jmBmeyIpRXjZkli9D8yMe5WByKh9hGn9cPmeOhm/OcT49ReSGZP0vhjhnYpdhB5+gyqiWBpEMRihhvIgxISWYakFJCEh7E+HQ8oG0m8NKkmDDqeAjmnF4QiYIYRmbITZQg0bQVeORXTiqh7Zf1CHxPLQvywQaJ5IfD4bwL4Z4tAu3Av/aG1V9DVQL7RX0Ylmvrh6yzoYwlRH2hMjcaKMlBIiRfBDXBoQi8IcrCE2mPvL4y8N8dlXMFSGU0rCkVkLa0EhLoaY1kiUv2IfwPQmRjEuZ8rOhfKhr2b9CWW1SGImZj6DbYdFzHp6BsO0PDZlhpEmCNjClvjWuUUXh2gpGPC2Oaw3eLpsGKVoUhijwNwNaiQxkJWI3XS+BcPXG8whR8P4G+enyv8BTMqDrF2XBbpIesBxtXYib9J4aEJBNTixSSGhi0LhcKQhYd6NjYkN4QoxNgxL7MR0SKhGt6HvxexXb7Ei/G38344ITh8IY9Pl+DXyL7YhWsUrWjO4C/wjaP+DRU2xiavQdYT4YnZZRXB0HwgT5zg+Ko4rQhcQTg8VPoQlOK+y+B9jNqGEdCReDF5Nxb5Qxi+F+HTF4IZRonnjmiIblwtdAplhaHIZ9icHsMab6EbU8sRgOdkiCRSjGRXgxh4KCTBkx4vPFdDmStApd7jdgpRVYorRskqX49DfxQ/GcJ+MGjp/wCHgI2xjRZ0xLo8jXRRkckuiw7ChrJ4qFKNUSNcEIYW0EgiEkNos8EhmxucC5YfloauDAiwyJgSRC5yfpBI/Xx6G3gkQYvGD8bw9MUNsIQj5fy9CofscrFRLVjMixgUz2ZfDSIvAtrfZfs2hi04lMKl0g2jbFLWb0h7YQxWQx6GQoHgJtPiWuGMfhRmhYQ6QYgQ1BawS8u+HwjQ2KThcTwhc+GfDs7FhT7MooP6+G/Cwva9sX4OCzVtsSn9cbGE5IS7OhnYwayaJxpHWz7M1tvTEmNCM2xKUsThUQzETKN8PxfHIYDQHq+2IbZrlfDqbczhD4nnBIng1PROnMkj7Q/C+S8vtAYrpkzbNoxEEmOxUg0aEvC8uhD40GiVEFNzsIcyKGB7MjHirYmDfL8GPgdxPRjirHdl0Ikjvhi+DTznzMeD4S4fL0WwwklT6JzPKHxfluRH0htNJDmqm2ELJN8vgYJhF/rfHDWlByaoRsYk4nHY0qhzsllopLRM+orgwLEPoK4PzJxS4FYljGt6caL5Xn+mngQxUhopfhfD0JOi8kLBuMIQ2t8ZyvNTUBSLdjS1z2fbtEkVux/BHnH9cQyvV/fEYZ2YWGoFvHhhpog+x7yuxnEVZQmvsr5N8xQYoZbMMFQfD34aeNiH8E5pCD0LRdEM4PQpVZXM8V5M0Cx4f+EwsvRIWml9n0yYSXJ0VMH8EINGozsyL0/OIbcUkzGxu0x/Z0aBUq+2xGTQH6e2OLke8fIUvD4PYRGY9CnhK4sYXyaD+Gee+WYsoY1YZWgt20KpYY2T3xS/J1gSNFpU7DBbN+vJhb7I1I0MC5ePUhpTGhkEOFsv2U9srohLmbeL0Y4t9mCJCBfodqh8ELw04yMzHVRy29vh74KtPkpqNyub5QnkhjbGDyzDIKWgNFI5Q+xax9eCfIhxiQSS0hsJF4bIsj9EzkRYOj8R1LSEYeQqkyFoUEpbQ3GxMTKOKTbGToWp0RFw2TBuSF8L45Q7IPxfK4XDE2bMYtcVJS0UjArAHN6MzaPT/Eb5fCUcND3qZcZ6LZGFVTqCElkZGLBCyyICsZKJkRkHgYcjCxwqraEKoOMM08C+LQfCGvNbJ5NxV6LAclnYsYd7Gz2VosZxINVWGNCfC+afCxrEUnOZQMwZAThLsPODsRYuUILDMJXlITLNqhu04EDcUbA2WPil5fE8T2P4ex+E4vsyJfoZtD5hmEwWShhdh9pfdUej6GL4F4ded8Uqa6ZVQ3s4TGIbB5ZHg5dC0wJwtJIaG+htJGdGUAcstvgSkIJeBpAuF8Z75QxeL8UxDM5Gz2w1/CYwiKwj+ymaIhgTiB9DTuZwmPyhrzn3wvCcPhCB07CNPwEYik0KC0iRBhucMKNpg1wUhFDBR4DXiKpBa+Jcaj4Twfwoa2PelpEYQ1pIhwKKsUgnIuceW4iTfoQqFovgfwMWB/Anr8Yxa+mMTybiFKI4a4sOKSKeTI2ZKsYFjhWAwgoudB6scL4majFw+INCGXxSFOV5N/pDJioghc2zR7cYReMS1CH9j7QY9D9DM+F8bzPifgrFrHsTJiYIzbExkfjIgbCUrZtYPoLlhQQkjByTguNeD3y3xhryvDYmNcPlrlbQ9/A4IurNEc1o7eEtbQbwJsaxg+VP5bFPXrzXjBk+Gj56KbXXFjMpUUH2Duxi2KS2PxYt6FqoQsESExyg0Th54rhoIQH8+LQYh+GeUPfLwjosa8Jphz2ND/VGcGJj6mbcTxJkG1cEl8l53yXD4vhDr0JF6YvsgkhmIoYyeVtFEnsk0JjJsLwZcPnJGKHjI1RTrfM4fhrwh/B3xSt7HMBaMMFoQg1gtRxGYLCTPpRXtwR0e8I9lTyXmxPyb8YOiyPY4spPDYxj7fCFwM2ZZSWaPW4JowGxpBsfJ8HEzRmR7BHm+jJhadiS8mrXyZr5Ifk8KlBDGOiQbAjUGJAzxN4CbSNAHocMrY1dHoG688PmeU5nwPiLS/o0dH2Jb/SjffE46FkvGxMCWsMQgdTkoZYffwMz4Id1Ed6vpiGX6Mzu0zOVoXh4mmPw1+A+UdlYc+ohs0EqMsQ1CA7iNAhrxFJfaJYGolEJe8DkK5yjr5b4PbUkP6QBgZf9G3Y3WMXxguI7FMSy/Qw4KW64LxDQyJn6I7A/2CsLN4GtGj8UUn34aj5Q+HzBMYtuMZNOChhBihBaLUIc1FssSqUzboZnVDI4/TBquJwvN83lPh7TRex4e+jseVb4b4681yQYxXW5Gy+hhxIZOH4ug9RN2Iz4fkhxiFo4HkyXszLLjQfKE1MnflvA5xsVMNAUkFwDR4GCMg0FE8mISME4OhUILB2Sx5NHLF4Tl+LMpXoYcPSj/XgdTxRfJcIUxF4HPDHDApJeHQxRZF4XAyegPhw94QmRIbITNGMLa8FhS4Y+LwxeHYsKm4mx98eeoQTeRhkmilVlNHKAUyYQg0FSMWkfWBLlL8cINHWdF5k9ITBKAzY36KN8zhMXMJyhBzO4zCMS4oFya4SFFlkV30OeCtMX6Ac07ES4fYpgzcyJuy2UekIDvC0XheOxLGOY6MMlko4J0qInsboMRyR1cQm5J0MgD2eRx+D1h9GSPzfl0In+ImalB4aZj8X8QgQVpsM6ZheFEE8cFpCD2LhClCGLz0DG5xKwYpGQbOARvBB4MApgHFkPuERTYmdj9OEPiygeTIYiKouYuNaGl/MWLoei0DV4MwSZUEX+hCgxS6ZPYvCeSlyq6KDqeyjDfY8kH8SFyJDZjZDT7JFyJRJgTikyPpwYOGgmJRDRjYUetxlNyzseTHTIUSN0LQEihDEnRGoYg3dFNwUyeUQKi4y2HrB6w63oVwGAwD0SI7QzYIaericMoNqPYBswfBC4EZheZ4fpaKb9IcMxzaY/hCEGiGTPM8UxhYHqFTXHMeCBEXBbFPaHNg6UfBeDY0NRwXKH2Y6eWO3BK6wL0i7g/wBj0NaKgcNkdh2gdhPcaGLsDxXtweehwQbOv6WOkFpHcI4MVQpkSsGXWPTAwrE+GRB1g+DfJCzQWzJRDx8pqIZCkkLsN/Y6i9iFoa4Xh+SD4T40NR+jEiaK9D9uDKKCuWJ7lRRcKQdQoxC0hCGVzsp9GDQi9CwbSinR1EN9YMxD2P0H7DDsK6DzoUCTuDUKroo5Nk0lRFVgnhZwkGuR0OSnBYaYxQtf0RJKn/B5wP8ABofNPeDJSC6NeGJBa98zhnw6UOzaBOw5RjGmNEQc4a5nK4a4ohCqZpo0h4ckiSooE9k+xD74SbnMDR7JnRzsYzfJJaFnQ0kOXOD+5HpE2CbehWZ4J2jIeziJYmQyZFDQwQ/2GmUJ4aMsFEp4hIdB19GKtYyCYGRaXCEbGhkbFB9cxJX0SxE+yrH2Dt+GFs+nAVfBGSiYYZOXOIJCRVDU4RXAhGg2OkwxbwT6PQY/Sx+qPwc/+gjVh6kaRj+w2jW9jW9mvYNmHpGmRnaCdBhdhthjJmEKvsiCTsjd4G7cSo8MSrInsTMkMRyivJMbT7DEzFn3IWmSCRTBFjfKwOQnH4bCRoSiw4mlVfQub0LAwzedfpDWWXprhBr0Eme0WM/BX6JRcNFwNScPAcyQ8BiOhHYhMYuz7RnYyewi2DaoQvQ5Q0HQOmyoaYQ/IjrTAPGClUbuG1ExUho93wi7GIFiU9gntl1hihZZC7MGOb2Zh7Bj2IMw2uNYHN0VQsiC+hvYlZlvrs65qzg98Lk2NRzghPQ4rp7Zmr/WSLdYudGTySioVqQpDD0NWskIgta4eihmINIQ0RiaBHY6XHAlGTCJCYQT2LwLIgyxseyC2NumNtkbBkiNwhaaCSYUEiNFEh0mFsa9ieoVN8LEPJDYk7CoWhIoMykPh2WTSMjbBcyTWBNdFNjB24rfB0LWRWC1zY0y4Q24/h/wMsCQs7GPHBEKHkMMMKnXB4j+wsGzoqi1ckiGk1g2GEI64DOMqWskVeuO5pwCH+lczfqFGuIRdHrEOqzGgQu406HZS6kPQ0w4mLtTBwWhsHjoWOj0BOO0XsN9OA7G3RZ4tZPsFgTRDGmhuExDG4YaLungLs9CEkSbLgf2WwLNDdQshfWSDOBYwGMFdDuhGRZDUTJmxY0G86MscSCJ7NcCoaJou1gZXInAx/jQjoJL0dsI/Qa6MaBPtURdmUTtoSLCEHo0QjAbdiWUdlRTAKWLBgh42EIh1sba0eiZdCWMiUfA98JswEhsbj/Q3jRHoboESRg72ihVeE9FJV+hk3exiO76P+0QnO8Rd4EjBRmbcJ7KErQ17IzQCt6Qo6GTqPsxD7F9kFRS0uLOBKLGkJCaaHro3yHb2NX1xeEJQ17Hn4Kyu+/9iT2bqH3iCwjPgN7lGZCZNwzBd0anfEjhHoz4QmE3YT7Ij6kOdDadCISd3Adhlob6LRTPwLGMr4KyZBlrIhxCDJDWYKOhbFuOU/0n/Zwl4HiG6/oa4n2GofQcYsiyITGyHeHqR0Q+wyMt64tVZGkshUmNUSC30P2V7yNsqPnLG6sF3xWcM6md0NS2OegnZFDbBtWGxzBKShp0FATYkdEaeWVexrKtiX2IEgwnoZhcCJ6GbQ/qMyWSIecgpfZHow0FjWLbMdodGZiJgYh7SFojVF54rRpk2XwGIZR6FoVfxI/ryIKnQYQR6krkoML1cRUs2KoXwHNeFEo2J+wvRkRp5XEqBDUnkKmhoYdDXiG5nHEbLBlRJiZovax1ZH7CFEEtPAuxscx5EqYssjmGTQnqZImPcCHyyZk0RIZJaJ9C9QgbQQ0KLIoGRKhrOEI2FLYnFHQ0SLfgo1kZBU2KCcuWrauyWw5lidbC5vIQpo6EfyJBH2QKhBDySsRLR3A7gQZ0aBo9DJwOgjEhV0yWB53FTQ4tLJHoekg1yC+0dtsV9jRiXAwftgRkVWRCwIvRhcdN5EuyozZZnKJKJTVZo0ewTYFHoT0EucHioIVoot4EcId2JDIeOBMuxULGsejYz7EmimNMR/R1ClsaaGW8HaLQ9qsfdjqKKbFiqELQzZF3YbqhTkMAqjslGmuP9FwtMlwNFjWKOkyUlGsjUEYIlQjkelUdNDFIYTol6GfsKLOzoDjsUKMW0h7UPazgVd8VDTiYjNBqVip9R3Q0TyGNcKrj0NE6hp7MGROWy3Z2gpi1DHo0FBUrsRdjSI/CDaiwFgYo8CyOPsX1xIBB9zI9mLstaeORqoMWxOsl6jga6FmRrNQRmi08CdcHTQTE7g0asosTi7aJSYlMj6hjQyKa4EN7HlBe0MLBZSHkZPAlWhBgvRNJnrEoL3klgZpEJu5Kej7TJsYG7IRt4RlpRLgLLKM02BN7M0HdO5MUOCD3DDkaBl7GTshoeCY7nKsjkG0OsSLe2MfY4Y4rbo0DG7JiWsMW7PuI2ETYTorwjFQpJjd4FbeWMcsYhsdQhFodcTpsmM2VTFholOeiVErEIQS0NcrIJZijAn9Cmk9BnISZJL7EkShD0sRM0N1TITx4IL6HV0j0Fp5MmxpKNroOfQxZZc+0UtsnpiUJawxxrY/hhK2RAtmkMGlROZseghkxQ5leTtBJ7MGSpRI1BFsOh3Q+hb0DLBCGyNcIX2SnoetCCJoVOJCOCYR6HhwDpsY2UIWhdIRkROyKMfK/YzGYwYwJZWBLpoKM2odUoY2SGexaqKUSeETuSWCMkoQp9HuQY19D5+hVUHqKnsmgt4Y2Q2N8IU6GCywOWzWPhEPBYHJC3EakKBzFaI0doJPDPsM8HRhC7o/BL0L6mhbI7EhQOoytmSRVYJKRUT0KbFoK8sfoiy0b0OOK3oqIWoM07JWEJM8B/SMgZMrnNh4MWxQJm9sQYCEOsJidIEW0ZuwsoLZvYmt1xUgkfhDio12JHSGDeYiVDZyK/oPYiqI2i3A7FskReUZFbF7C9DtO/E5NMSvpCmj6jIaot0N6MxxNZsUEgkqvQ6gdaRCN6GH2JTLKEdox0Ngxk98DsiitjYFaEDKYPYJIJp1xi4vkoyr0NehNYRmJkOeok0pKQnoYrRDlGRGIgyPRiGYQC4o3kzBAfQ7eey22YjctdCErlHYpX6P17wvNTjMXkfnEbHWL2Ocm8yeh8NGbFJpjc2O0GBSNljDExYKCDApkxbbI4Q3hC2o0uisQzTwX2UZfT42CZnLJTIeiWIR2KhQ9FOj6i/AZeR+ipbG0NJ7EC0MqoMEoeMDy4T4ObYmkp4LslOxJE9xGbQinAojLPDxxa6CGyqHadMz2OzOCvsxab5EvaNkLsMGC4vDE6jUuuFIwCCDUfCV2yMXQdZEO3VEbYzqKssSMN9i9Q16HfoRnxCOhg8ZPWe5jQSbMfCEzkadIoXfRkxShn/RjQ3jVtkezoiK62TsG0wh9AxjUskesGWQy4FQT0YMJ7JLRiHxk2PYcJiCwjEjtD2kBbbEREQrsQXY3NIpuB3hXDIrsaEs8NrLBdbkbrwE6yEsnpHYyBvLhBMzuYj8mMlDCFedobA0ZFPCMW67RUsjNp0KPY1w55KGISIaxlbIEB7Qpb0ZsIVBIF7SO3Bitn2iYWTBqwQnyR0MqoT2Nr4mxtjFfLHAQW6xImR7HA7joWMXYJfRk0NhRgMIYa2IkNcJZHuIfBciYMGdbM8h3fBIGQ6PbyM/UhYNNpbNoNfZmmtCr8B9Roc3keQps/glGn7DHYQX2FdIMkdH6yIaBJM6risSjFhMdjmiTHE9izpvgKj2UEWcjpascaWsSieGxsJZkWMWOyERsZuxZTua1jUdKBwFBB4kpZXB9AO2jdg1eyqUSUyx/UdsdZqiWghsvsP7KFiyIujpAabWS+homyhiY02I0+J7GzAyCQS7lK030NKmnaKdhDVCITcIlLBJnAr2aaxFLY5LJjJbEZBHqGJumdcYGOfsXBIkKXHIMYhl5aW16MBF59jRqFdjsVMMplDm+h2432UVo4Idk9wWoKdCxo30NWB/YUhhekxLC6IhrRPoS7IYaLxpTVcEcCSXXGgGpXshDQgxGYkCyCKqQ/Am4LZWLWxBCBuKyhsPRGQMaEsBmWiKjUFyK4QSt9jN0e0zOAt4SKGbD0NThOeOTxgmKnR8J+UDi5csMnIe6ikCRjRaGFJRFpCarJa4NhGBniYm2RpwcrNw4CxorOFDyRPY0Y9CNodpQyRHhsjbY3di02Z8C9hZYPYx32dxlZggAg8o6sDUsCd7Y16PRFe+hKiywNJN5IbHRbHTWDIa0ZHBkIehyhOJ6CF0uIluuI0k6pdbAncwrZnFNyIeXiDjCzASx0S7IxiLML0gUTeBBohMT9PwphAdJcmBA2pwjTvEkmP8AgVagmG2K82Mk2ZCVldSRooEwMSWToDLYaMPXsJjI34DJlwCGE7HypMRl9CjlwZaM2T7jE2QZHZpMnAkKsQ9mLpMz7BMwcTX3CayxJsNu47ZV6ETDJCbhtCdaY2CTyEvbZg7F6xHoSH0z6Z9UWogvjLVsFH/gliojQD0hU7Y7M7ZiYOwxXLkvUE6QSfQRCHeMJFwaGzZFghfPJkiibIpqE4FxklHtg5RIVt1sT9oyeRsmKFloZBXMDZUQS9jSGmBeomYY+hjLKLLN04CawBLphklTLez/AEJ/+CEOGNijX/uP7He/4Few6k/94G1R0SS0ok9L/RF/+RBGL6CXCJxeDZR+NFw0NQQyRmNJj4V9tEtDlwHKYrKVHRi2XA+MMAjQyQqSK0KCmVBCMUMQ2UOE0Q1iaJrMzpBtnszNM2GIhpbeRN7GW2R2eFkeQkNpMHqlt0Y4EoExZX8NbP6ZZk/pcpuKreE90IIg0QOOEELSCgjpkyLggZRPh+RcFwhIyQguJ5QXLVEGscHRkC1mgrL0N0EhgqzsYCrZcBpvNiwM7DceElQ+gz4Gbn2Z4ysDWBD2JWyXoJPA5qEt54nxRhui+yQq0S5jGPmWv9GVDf0KQab/AECVoRBpriL2QQJGi8QSIQZSg1w+MCQl4Llifivivocpdsa8oYhIWgwiyIJBXQUyMkJL+j5YFohS4Q6aUGi0PLMWYaJkW+GiIJ+4e28mgz6ehkTBRzRk8lpZkV2lEK7DV0/ziRbhGnp/owISQ1wmMZGKjpnjZCTwpR8qENMXiheD4fCXkmNxE2CRjRCYPaYaG7FLg9bCQjNlFUiQj0GdiZhYYIS5xpsTgEoyC0kMHEMzxwf4P2YKMgtDhvThYRV1wXHFREHkbcJCXE5o3xBiJ46KYvFKf0wJlExsU4pSl4fFLxSjeBFqMA4Um6EOJCGiLtGho95Vi8RH2ZoGEQlKXCBiyMQxbHDuxcFqNkSoag9a6P3I54nwYmZAfpj6jErHGhn2amXE8iYJGIWQyjIicTzviYzRdDH24UuRrwxfBOUy+CMQsZYvQ5Fmj4myQ9BGdNwyjlVMpCArbGiuBMAWjYscFNzBIZNwb4ZTE4BFYgJbKqBd6Ptwx4oklPsVGkmElihk6URRBh3g5ci4TKi8XkpSlYmNvwbGgmiWhCGRIxRvgpRcLll4viiDEOTJfmxK1svsZ0zakdiRDETGRi1houEqZcQkoPSBOoWTSN6Me5MvAqO4WncG6ZGJrBRsho0y0W7ZYtQkbhiP/MPjEfAoGxTlfohmvIhrhF4aGNDgSTQ8vA/NKioouC8m+TLgyFVN9CHJNBjGapQaHvAfVoPZGXQ+gihmAcq0mahz4bGOIgkJniIpZYwrOgLEEmOFoww9RuHjC68WcbGyNx6LkonxSlfLD3wlw+GV0ozASfiaPghgNUnDcNeC5YD1cOjYT7JFvbbFDJgjwSQ3BCirRFGBZ4NhDnREORU0Bqa9GiGBeDCG1qHSZXEI3EjFYQ8YvOUuwxGzYhsWeQFoaAmxPA8BxDYTfocW3wnhRPkxMRCDSHypSdQ1R+FHww2Iog4Rw+XsT8GnDJabcGuTALQ6qJ6VZEwdKWRqR8CyHuYro2DI/alv3GzMKEDZNBN4K6RgZgzKYqpMxfY55JbF1NnaGJRBMmsZMaKQkwCeCXiiEBJIJp6uNhi4fglXC4oxRkMfYwQxcoh8Pi+RMuOb5aENybAw7ombyzJdkV8TO12hHYeakK8yFzE4feMxWhlQvQfw2nXJa0PEnkdEYTEvxiMzAKSoi9DexTEXKMNGRQKlwKJOC0MHYzJPY4kNniwCtEYKMTKUTHvjs0VDaMMcJwwtEg3kpUQY3wPXjbKUvEE4QjFm9CHMoJNjmzJS+8WAf0wQz2MzoZxUdhabHthizlcEMteF2w6XLEGIaHXKMJofvC1SHCDO4Geyot6cFZSkgiPhoTIciTWYBoUamLFpihZCyELRUiSDfCEQSJl4wODgxGgzvG2NPhWjpiKIaGjLzfMFgzfCg/6gyujLJaYwmg3Qi2Qv8RtnDBF5IsvWShaRJp8bx8D0JGhZWRsEKdGQdTM2piwsjAstcFF4nL4ZsItGPVIgoINk1M0MHgwcazG4LIkMQTE/IQwELkRBZNNTQYY1GNBccNxJip8LwnNOMbFns2mhAqilmSrAMUOGZEJgarElReBMMhuP/9oADAMBAAIAAwAAABDO7UMS029uqevu5OJOwTX1/ESkg0P1TfDQf79eP/FhHf7M5krEeaGEu87bIaY5bNNfXHuQGgyBV02zcadOf0dmoIjuKnwc0KiDAjHPKaKYEQjyoGtbskZ37lIC2e8ke9kW/HT+vdlzxeviPO7YaKJNpLWnBtPH1WCs/Uetqe9UktNUE1MIJfM7DLCFICg9v9uYpMLf9PnQ4XPa5X15sSoNsutdv1s4rFf9nlutMD68AvZOjXG9sfaCoCvdnV1/FUiW2/c7uMfklKAtdJd9uLOKRcAEHCxlgTpWjmMg4Pd/cHt1W8Hfn1tvGtMjPcUgVtPpKyN8c9t91Ut8ZWUeW6m2hSeqM0+JxfNcfOWxi6ffv/FEOazoJl8OnmL+UoFhiRoI3+fJHu89dawOQstHUSxjitt9FdUXTS32qTU++poSTK2JW1l2/Ko0J4M2vrBTddXanexA8cdUeVURLRUgbrFpScxAJKiEU9Sub5KDE2WiHN9+5YfO0nfdMEdlF/5laDTpM4ZzjpLSfoCUEJI1obl4cXKln0KRUTv/ALTr/Lz5fH/PKqMQTs67OWstyHEK/wAxv55T7P2rWuD+R06lR5/e37mkKY1nbUoKhkNbdqsDvh44cRA9S+FWIGo2HiUV0UT+2b63y8VN9qoHYRQqLaSMwcNbsdAdT158AqELQ8kz4V+cax+ScWS35vcUuILfhWjUYhw4T3AkkjzQ/Z10rrrH7Ty2f37077Xbc72ouMCnW8UboCPREGU0fGx9rwdwRU1VZF4ybGPeVT9U+E98eMdnJu9/EcFpgAUXfAWARaD+Z2RlXtSdVc81e2SAWi25y5IZy2ez12S6n9tnn/kYUflJ8PsiZ2HhSqCBoaUVrT4e+4578PWTnW37+TH33C+bSnAax0/Yy9+K+9FXaiAAmxvRW1x678lYMkoQw/YLPHawMs/57edP/VjymQGh6n8rLvf3e/7h9006ltQBPdT/AJig7n0HE/NsPdVt9YY206gVnm/9ZyHA7eZ8fN/kbNPFgTAkK+5Gi+bSJboAQaJOaLpFX7J688sXHZ5WvNQw7gb1Gbs/h+cIzYVrt5BnxH6Dk0UxWDuCaBWH23Fn239cxib5403bUNnsw0/nGtjEdJ6McNTgvwy3/Ef31nlxZENaOW8GUJCKALtHqpHT23631yKPi0u+NMZVI9XhdVctEs5CFMykZM9xXDdPAzX24F6a78B/km930q4XKTnjRT79P8OfhEa9xdMBRhxSPmcq2OyiULZVxhMG4OC0YOViMotKFcv/ANKtkBvOYpA/wWIPxWQfF1EHbu2+3ggFBsLguXeGIquqeFTNldgX452vB/CmgeVCn/hDsqwSRZn3cV9x5MlBqdkM8gf3xJiEcVt6qvfT+gkCHB+TzS1fZEk3B9jldNN/lVjDJDBnq/1+YYpvLmgn68tqQwe5r1r1Pqmo6Z2GWAtjQnBt5VhdufFG4zMsiOoZrVA819Uwitf1n5rL9QJ8nabgIuYoNFuwGG3JpDOAb8ruva5K/O9mYkiYq87dFFhv45IgFME8dnwCvNhufbd/No0guJkfaZpWN8Euc/edqxgMocNhF1MZ6EJ7lWC6W4pRxRXElsIbXUJAVfEQzOpGaCS21Dv51CkeP3zmdvzTPzF2p1YBIgFdvpomXLN2kUWq9ga6Sa/HTxQEx+rfEQ8Ajfrz9jtoznGESEcHY6lVI62so6agq0qqaohBdpAJKKCnJlbPAnLtXt18py/hHhlofbQIrv00IAWf5NHuLqx/XO+Io+Vt55D3jh8Np7SQXljVazy+/CGX79k62ss1L+KFhLmKfwZyKqNXRgcKnUrspVZlDhRmlxfila/+SIe0Ps/h/Lro/wC/EbvDcKg4Zywk5JGl+TV1zrh8CXfNTS0tokOusRvqtDDz1x7+6JMI6O9fj4ysUWa2hqW7ibIvCyRFGpuN9pjjtl2yrulK511VUb/O5hirp03FL/mjCceb6IIWELUR3eH7aFFauEo9fb9AS3zcWBW/KwwETF+squN5dDgFa4UcDQO4bm6wTqlZ8tETZa/FZ3SSYeEqsUMhAHwhtB9mt0HfMaTfG7RaSFPZ/YnBG4T4oku35VUnVIO4is6jkJK0ehEJVJQd/WKcGAja9CY6bebhVimrBy2BUR0guxSAJKDO957hHME6DYl5YJPPfQ5DvbCp/I51y/Sx5GRzRGFvCOkpMBd3r2hk0VZLs+ny2hZQKJbQVRwRabubwVcaMmY6rb5Rrm99GYQc/q4ZOK/npXdfHUaNPTaR9XYeD2V5fyogQOLSUanmbzVEs24bJ333wg/YYg43fAPY3ffQP334XoXPQvHYP3QX4P4fXPPQwnn/AP/EAB0RAAMBAQEBAQEBAAAAAAAAAAABERAgMDEhQUD/2gAIAQMBAT8QQxeaGLpix9rweTViGJelFsJj8YTH4N6sXssovKE/yXUMnE259PhXty+17usWoYuXwh8p4sWP/Iii5mNjLtLR61xRPyvF8Zw+lrFiXcLj8L3R6uEMvikTxYv9CH4InqvecwS1+C1j18LzQ/BZCei4eLlY+nlL4oYj8FCl8UQWQhOVlxLZ6rENCRCeKKUpS9tlF2iedWo+jXD5pdRS8UaELH7ohNYmhk8rk6Q8WX3XLFyh8rF2uZ6TViyYhj5usTGLGTwQ3k193UMRPV+yHr5XaxPqZFxBD4o2XwvjR+Ey8tcsWzqlz+CITWIfC8UMXLxDydQfgun6rFr4RMuIfD4hNWvudo/vV4WQghky9fzt+DQl5wnbRCEL22Lp+Kfki9Q+bRPFy8SJ6Lbs5RMpcouWhLt8fna4S5SH86vDJ2unq9KXUQff3yWraXhDZb5TKfRIbGLpIfD5WrYTliL3OVr+C6pfCE183i8SCGTtIePhcryfs3xCE1C5hNvd6ZB/OHykLJ1+8Uv+Fa2PYJE6WImPil/xTid3xnhBDQ1w/nkmXaXudUpSl7omN4xDyEJ4MoikxDYubC9JDP5jxH5iYxDQkT1SPwpcSGhei4eQhNQ2I+kJ5sR+YkNMSGsfrfNDfrCH8ExlaE2fuTleF249W31mUQ2Mm3J5Ut4XE1ISJ2hkEXVqeXbk4nEyl2EEPhPh7OIXHx8L3BEH4pYmf0bFtLjxrE+KQQxDF4Up8KUosutiZT6JDWJjL3OVwmMXFLxer0hZ9HjIIj6Yh8vVj8L3cerKNlKN0Tx/6p6ITJxPwnpCathOni8VwhvWy+ay6vJi8VkJsJ+CGIYnwif4UNiJs5SJiGKDS1Dxi2CPo/8AH+9wWfSDIt/gh4xD5P6Lv+CHwx9fwXDEPT1Z/8QAHREAAwEBAQADAQAAAAAAAAAAAAERECAwITFAQf/aAAgBAgEBPxC/ifpRi7QxCHy8fpCMbH1k7o9XCLio8Qy4vaCEJwNdzXzBIaFkykF4XiYkQRBD1ohCDfU2CJlEthNf3yh9JaufgZCEIQYuryu189whMJC1eNxoaF0kTEQm3hLGPiCRCE7fCxiyDUybMXbFt8F73hn2NQT5XD7axEyal22Nl7Q1jEMg8Xq9eMQli6Y8TLytePHi8l0xDFxOXqEPhDExiHqxeK6+T5GLpriERRPC1D4cPgWT8FKMRcQ8fYiGsTxctC/NNWvIIpdfi9RCdvxZSkFzOJwsvTRCC2eqHlLi8GLWxPweX8DxjfC1Dy8tjExPWuaTKXFqy+D4QvBb9jJi1fneXaLKN62LGIeQpMvSY+IT0hOF0xYxYuYuP6N4hi9Gh0XKWIZRYxrGxPFy2LWLlvV+J4mXGQbRconrZ98MQvsmPaLwYuEPEUeJlyDRBERDz7QsWsWLFs9mIe0Q9QhvHkgywQkNCFiGLm+iEvkZdq1i1DPjaU+xbR6xZMpOV4fI2feSkXBankIPo8ZcYurBfPC6hBoS2l6/osY1iQlr2ZBLp/IuEPHxT6LcSGterFxCF1ohMRZ2/gXyP4LRfPixdMYlk7XUxi4eMQ/OYhl26kQnUnEPrbcRceUkyfghBInN82T3nKx6tu0vo8pX0sfCy9vUhrJrEP0fo2Ioh/ghPCDRMerbiZRbOkP1pfC8taspRMhP1wnMxiGQguEP895oh8XUPLq1i9UPwm3hi8kiE1i9GIfVy9vxZRPU/J8tfhnC5aEuJ5Pl9XJzeb1CEFxSl2cTzfc/Eh5Bed6mfWp93mdru9XtcPV4JbBoSIQmwnc6nUEPVwkTYQnd6fHwQfDYmXwWMWwReKUv4Vr80Qngi+q15dRS8vtFKMWsXmuaXiExD4fLFlyeDEvFEIQhCYy8wmI++FvwTzTL4LaUu/YkXKUpeH9H9jF+FZ/PH+Yhix/fDxZ//8QAJhABAQEBAQACAwEBAQADAQEBAQARITFBURBhcYGRoSCxwdHh8P/aAAgBAQABPxCnyzkCXbsubIsjIJILOyTKWQ/AOT/V/n4CD8dv8jfr8ZslkBbZyF+uR2yywkRgLD8CSCcsYJDJjJ82nzPn6gPmQz2OM9s38f0s5nkLPZPuA38MFvGZxYgc3J1+Hpe+k+y7fMFpuJPuwnG45eRiSNy9sNEwUkGSDlhsYMA2FyzbLbbLB/GQXjDke2dj3c8kRxt2xgZ6+XT4jZ/sBnfw5Qc/VmeXVyT8B9wd5Z2f5Y/Uwc9kYLJhbJ0ksLKcgxnREQfM8+rdewH7kL1sAW6+fjA3FkSgzs6XHBZ8Fr1uXLH5LBLm8jTwjXzDPmxfm2tsON90GeQw6xpZ2EHEftBn4ZsdyA2dsEDZIJOQb+AXFlmRGbZnzDnxfMuOyb5CPbIHYOyI3W7fMGxiHN+IPpY+qZHGsJ4QaQd9s/cH7nnzB+44efgviZsh5NkLp/8AAwsJ55eyfEYmCDbNt2ePbPjZH3YPFvobD6wY+5O6F8/UcMHNg5BHvZ68v/becgeaZDrIOJMgvYryCBthYs/AaWcggmHspuRmXNmCyixYT+AF6Q9n/wD7LQ+7FOas/QfJlW4/E2WR8gS/39ibR6N5HgnrQh/Yp1GL0LO4/wDl84Zl8B0kNs/V/kc+PyHzHZ4vUknbmykMtnb4luN8eWb8Xl83rZ2IgmPo+bz5kBIgDqWD8QaYSYzq/N90n6y8QQn4/B6cLXcyzOkKnGU/Ng4OJYvIU9i+fxllkQ/J2zL5t55ZvbPwBTsYTkhch3Lo9I8+i9YxKldh81GWreG2qRfsh63RTEKHpPu/cv6tt94eQT9KRs4C+C+JHYtjKv03E5wg7+EgLD8Ny3fLvzMT7clNtJby9ssJtk38B2IOWSPfwPbhjH2OP6/CJ3dPLScnHxCSO2/GV3JRL8w/F/V7x0javPwG+zixiB2d+rGdIPq8/DzJ55DzsRry78wFgSvHC5mpAfWR+B+9cy6tTkFTB+llxPg7NmD+AyNJ0r8toZmzh7A+J34tU6w+0znPz9zcH9BFGg4j4g6dH3CP6sy/279X9TuR52f1byZ9mDbJ25JrHzdg32Qnb48u/E/i+mQ/ZLqXZ85H3kN+J/TJPyX+Qt8F+06e8s+Bnv2/uTCAkoeXU7OfUW7EGkc8k3fmJ7+Ty29Y4z1g5JdeRBtmS6xbeJWw/wAkCv8AyF+j62PgSLsO/VS5Lrum/Nj42xTNjflJ9wNteuSri0/gmXspCIHfRjDjXjKA+vSJ4b3XLPo/QIrhkMhPqXkeWJ/Vlxe3SP3M8g7AY2Qcmyz92P3dg+c/GNcvfk++SNr7lSY288nVlGmDPizu5I/V/EIkIHiTfY5IbHv+R5cESc/GX6v6sjWHbbN/Gz+DE63nl77AWWXhy/aR8iIEZ4iZs3ety6cZby4IeyciZGIBgdFh8GALFtRpYmMIByesJE0dSWIef+SB6YtQJD0rowRM+kxsRjSEej7Bnx/2BNKfrLY/D38Ht8/hIH5v/uxh+7lyfbD5tIe/q9uFaY5k69vHLrOSHywZ2dXyD6nD83MtLyF82CfxFk8f8vEnImG2ZZtifMce2lyzY5OJJHPZB8svPL+3Ifx57Df5E65bIGl8CxHj23vmEnYaRRx5a0DFk4GR9sHgupwQl9goNib9WBfEdmbVfMicHM+V2TS6gyMjFH5+bRRpkeMSEvRkNrHmanjbZPmOsOwF8z+NCHXy39XGwnl8xi3fibML0264n2XPbY5CJkx4vFmfH4f5JpJ6yGsOLDLX8GQ6/k5P0IP1Y+pZ5bHOL1sdiYTZyfqfI47DJ9i8uMg98uA/pOiYaCxufe4qD/pIDy0SSitfVZO287HuQZ/BVfGVe9y7PqxA/l3Xyzv1Nn4PBjp72TvYfN9/AsGxfORgX4nm/uRV7NkPJIn7hyaJ8kIMvxvL3B89khLn3rU/svfL929m7GZYTjZf2dT0ufMZMO3C9j3y95HWzGt10njsB5CLds5MQyAyZAR38gTMh0iG0HPxv7uvmGfuxhjYL+M/dkF3YJIzC68jPvtj8kkv0xChnVmX/m9gtMe1tx+sb1EiGbPQG/M7rif2PtASGADcTc/UgeIIku1/Vt3sry5b4fYAJ0xI1+NbJSmzAm53Ic+yw0+9mxZiZevJfDZD4bD7oyuiSHwv8vhHX5gPXen1AnZ9+yMM88v/AFPlsfg5Iy5HeSZ5MDIb5Cf5D+7Spt9sTlgfNut0+LN9s2A4zZG2IWbD4swv1CcuQ7Y3z8C/q/UkGzt/UcbNm8I/CmRl/uSGfIfdozwPXlgifrYKG/o2U5PPtLns/ZuOinFx/wD0l1eDj2Qqqn1bu7tru7s7GhJzC1zcLR5b3YJ3bZYhwAEfm2Q4STpFF34mdrGjkyB8yXeTyHZF7MznX+z+AWDnzE4LP3H1ZQbCZC97y8BzM2RPPJezkE8/G5M+Y85+E+/wTv4O+3Ni7yTsY9bCBst4Ts78ya6M78QNjtne2B5B8/jTYGeON+lx3cB+M1/A5etl42kdZxOQWYbGNlvfGQ7oeSAdefaXmJ8p2tfa7yri0YhymNeWqs8bwtc6GwMzOxz0ID5J9bYh29LE/sOTTnlit9PY/nbt5B3z/k3o/wBlh92xI6Xy0u/9l7IxjIP7IGhf02xU/oj1x9RmO/syRoi58tj4n7M5eRs72Xrvn1AEUaE9xwbYJxs722/s3j2TYPh+PfbhYJ32NPqOrYbIPLV3ZgI9k7Z+2c87GHLzy3+xuRjxkLdsMgG5kFvwlsDiyONj8H4HPwPbeWbI57FgmcEF46eSshPRes+/Cx8Y8o+BjZl+inqS5zYyN2Q+IEf1GVv4lnEnV5mU/WXtr42Dp2NO52fFlfiIgL/SAlfxNhrPuH7tyl6/rlztZ8ucmXUwPiz2fJex39pC0P2ywP0A2ZM9tsmkels8gvr+AP8AU42/DjOzq52AHVN58Sa+9+5MjywzsH0sLAs+bEgvkHI2Pfw8M8W4kl0g2YMvUex7Jvk8R52+Y8n2yV+ARccj8av8jsHxZsFxaXPu5f8AkDh6XbFMMEXVO8yGjG4BkUbnGeWpgj6iX40LrrOQ7mxbjtkrfDnkR0Mnfb6rPv6vJ7di/wDLUM6aZeYf5goCn6sNkf5aDgf5Og4gNHj4Li657ka9d+5Hm+Tunkq0H+knS/rZ9Hn6jA/c6eFwdGOnYO8YMz+xm0B+7AX7qwQwm8t55F/k89iA/l8+w/H4Zy/y8uz1bQR+4Ebn4H9SbDnk9Qx9/Cc5+JgwPibskS7xkQMtjsZfMP1H4Ng2Yzu8NlX8FozejY8GgZlskig/qMvy6GTersvzbOdeCGgke8JiNn5O3WnzLP7aPbM5ZTXfJSEn8gRRiIJThGgTQobz2xA7I2nIkDh5ZPLfDJQ9lsI8gjkb05KfMjOGXpanzkvhKT8MnB5LmPsfkvExYm4edPhsks5C4I/SVzhdPi7vl48kh+I63XJwyGQdwgvI+Umwz2cyD9/ghsbB7+E/GRNxPIfv8cSD8HGyd20+wt9k5fohVOGxBaBAP7N9gbaYkn1k5ZOBB3nl32yxukwuqfUNQslPo2CdZFuZYXIgeyc4R9EEEAEZB5YfiGci5GD+sH72GAtz9FzWPCcyB5ySG39ytJkIAwQHJhTzX5jMZr6nPgSTggHlw8nfiKPPurLcmfiXFsb5PRsn+79WZ+Hcg5N2NX8aWdvVvNhL24Q47Pbc9jY5qQ/28+J44TvsGQbrdy/c27P9h32D4WfdhthkGMwXzF83x7Y/drD+ot5GZIEddL+227p5eY9lOnmXDl8yyu2uTDsfMmpAH2TvjOnjag9ZB3mxanQ+oAgl9GSH248jnzDp7GR8lh9QWpl6XsCjCEHH4S7BasXJkYT5u4voySyoWMP7cfRJ+rCcsfYVTPSXauKtiHuIU63j+UP3KR24TbERk3S0kesGWGXjkG+3SGZeeXry1+Et/UPs/V82GwtjIwGXLDdufj58jv4JBMtsvr2SI6HxBS5df+w7rw/t0SAQMcPt10uNfMqnsCfM7k+xni2n12O8bTpCDysHZ5svhPzkci68Z8gJ5ZfmT6ZZJmZ8W9Z7d2OSQLU4J4Rf6fqOdI/c/wB/7C1eweHJfJtzyXfxrI0cez/SzxfD5gRkDxuwawYyXxf2CzvtnfYEDOWx9hdt3y/a+eF/kuchN7Y7yOF3fw7AlkAiR32yrSHEEllmM/y8/CxJ27JZ7dTkIbIXTJ6ryi2+eQpufB+59BmsIs9S5LyfLxIJfrgNZcIXxHNgRwTPZA6FhtiezDzyNX9XXzeocg/NwcZmmNrYImoR9soN/d0dot2OYORacT+WFunxjKfjYL22K9ghaxmSTR9LD75LzkLL9fjIGzvZ6gm6jhHPwe+TsD+HL15Zhs3x+F7lj+ENvxBeXIgmWmTbb29ZE8s+4svOQR2DOm/qIkDr2ON0wtIjBHL0n4m8/HLP4Ntm2l87bDligtQOQHgwACXNsFMmGvIuLsvEPm0I5IJ3Ibt6qWkFyd44/Vu5z+JD6H6l5P7wWg/WCKt2euT2JN0t/F8vuSmYtBigAWGEY6sDy+OTofhgvm5aXZPYHbNfZ34Y2V2X8FabCfgNntg9sfE63EBl5dO+F/khCzJviHPS9sh5ZthMZaW4HW5GOESoeA2bVsJaPsY5ljXYMt/JrEOC0WIIA+7sHxNgYwfEbZC6Ed0cthMuS/VwyOR05D7vnjLHs10bwA+p2Bf5PnO78yg50lEQf5LwM/t1x+L45GnzD3thdJm8HEhPuIRjOtvrQ0sH9XA326PI87LETm2FgQfuPsHeyM9ljby1+b5nCekOwuz+GS7Hkm8kZceP4aTnfL2dFo/GQ2xb22HfnLHH35Z1M7k3f8MHAX6fVt8HweMwhj04WwHfk+SQOPtkQwd2yOsN4fMxb8wmC+ce3nFnQl4E2mPJgGMLIyPuz93DxtZxjX1/As5PnZcJNKf1yU/sstUEQxtRIUwnpx5JvI35/DOcj9+/gF3eE9xitGAy082aPWfIy+IIPyHJ7eEvb5t5GMieX7TE5K7n4BsheXBYO3kmyJDjYW6f8ly2Jt/GTyG5NpcO/Fjs6k3Jl0YcGKkpeDmyYFSPcY9uGxOHpzf3c3jKQ0j2zx82xZCIhzbN5EOOQP6YfJyUnynBmYg9HkQ+wjeuh/t1gyzccWHsN/ZATQ/2R4FsactHxyYCQCzme5Nih8ifuwnl0Rxg19hfxzIuZ1/V5B7JOmXer7CteNA9tFeOl4mN3+8chz8e/j2bOwGdlqnhdTyx8z+p4GeSs+x2ztwet75Z93Piz8FT8DidVFlm2ZGbJK2ZmWQgib9RlR44xEyivHkkUExDuiJ3/bDDrrC8010/v412WEoRtjvlsuWy83/cLFkqBki66WM3HvlvCOeSJWZIQzQDCZuv1bhvfDtsz/q8lrx8gL/xgAWkA8tnnTYxx2fAB3k4HiBztgxqHBtnINmfUqWR4CxxLp40hi4GJoyg+lEtZXEb3Px2WYjv4SfJZZPtzs8iJo4yQy4b45dJNkyMlNgGCDCSz9yfH2L6/GGENY4v5HDYdsPuck7G3c8t+yR+FsdXbsRnIeumq3iQCLLiVx/sebNnT6tPcWI+IU6v2/uFfZsgb7Ei44t73W5De4QiYD9yca6xIm9uvUYwHIPQLEjT52aHHz2WP/JjWZ/WW7j9rMe082GQX+SAaibzh+rVN3LMB/dl9xDwtqSn1YGCeEfuJ95IQ1zGB0xrB5z4m8w3ElIcWbNjNr+0nfzF82ealT/Jku6oDF8/BP4O/hkkikLy3PI1+YIbueX9GTsaLyUeXvYDLqQH2P7K51upxvrkJOt+pYbbse9g+pGNu/dn23EsQeZAD7gkwsz5RhhX2nU1OHhAk6HO/ENLu+JZC8U2J1t1tLsQJ9kIQNCXPjPkGZA27/LuPkr4m/UzMVwWRYCtk8yH6sUcfqHIx/YExB/Z7hB9Xjv88kIOCEwdW7I9k7gXgbjT0EnC/qszh4wCM0tpxycojCujEyz4f8syDf5fBF8LgqiB/l9fH2BRBhbeXI5+HWS+Ie2QLUaWydE6scOyc5Z+CdkGAG3Et5y+Dbex7/kDnkkfu6eSmFbptzcvpJyTcwuXv/kxKVrtw3QeRPXrsQZ/9mYRBkRzNtBTRB9geHp83U7J38cMGOXhLYk8YQtlZZfXCHD6u4r8R9pv9t1rH4uh8QvBIn0ROo/l7+L/AHwsLlbhk+Qu7r/+TO68e8hXtfoNyBl8HZAff7ae+Rxj3YO7KN1SwtNiHHIcTfiyjoE5YWkDl8mKSdcewRD8Yx8zpCUD35tch1cJRqHhZN49k/Dxb+HdjY2WOTY5sneQr+D92Tv6t+7vwcsd7Ywff4A3xkfqdg4bcsa/lrB/GqyXls+z+F8nzMzmG7FrCmH/AGEcBLAzxuzBnHY8vd6Pu4+j/VADdThIHjYYBDMeLC63ZTlp1bcXy5wvl7GuvboEV+L1wZXp/cnWlsTgZc06ig8tvPl8IujbNA7A4mW5epFOxu85C/6hdm8LJ5aQBP1sKJrk7jV9/wAsmSEOmnkCcnwfiVvD6p1imSftjqaBIRxKLxETLvStr6U2fI9tWQx3v5Qzs+v/AMSc+Y/a/lveyix7YMs+Sw8z8Ovm36v/ACW8QbIfEZMfxl1Ownz7KbfeWucwbYV02+Sl795AYgHxLVuxHAj5AfCEMYg3luM2B2zcYgTJLh5Pr1j7nLAtR23CuR0GRekcZ4H1KkGn6nwu/OSKfUSAdkzEWqphyMJYbBFdjmBmWx4T3yH3AZyGRZuSP+x5TeTMB8rRYx3JzHH6kcbv6mZAfGWhYQxdtB6/GwX7iNbC3BLhPpYYH1b+r45Zvv5F/Dp/Lo5N1A+SGVz/AODOwG+/j1Mv1ZpZ+5Ijy0Cz5lWccvE2p9hIu9yB82G/jmDctQAbGZ6kb+pzMPLmuEhj1wtYeClhM5IQW5+YSV3loYWx2SThH+lyHl9/MQzzIxBzIbQxsZOPZfLOYH3ARP8ACeyuPuWrdHPEnxs3EsAjsNyDI8h2XGQObyJwNXb4yLKTuic939Qnxni63IUeg9vP4/MQB5cgGMijw3Dvpa+4c6/hj2+Yey3jloru+QdhZl8H4fZw+JD25e/g4eQmWcs5L4htX/g/D6n8h9xmz7yx+IdceW4R3tl185DhLvkHmyjAqFmWRf8A3YgW04Cl5EMKyPSRv5uOxfCeHl9gLQx3fjJ5Fx/cB+kNetl8NSGfpGnkS47kUr/iGtEBLsRciLjCS3LYOyW6fYs9uZ7aJANnhdl9l4pL2VQhOWBvRgRz+ieSn/5pbaA+DySgb5LGSnl7A1+rpMWyB07v/ljPLeeQ6z+1mWu3zsdhl3HS9t5+4fuZd8nCdvffwSOefh8j2Qy7shlmJLeufV47KSRfEfuBeuRjy8dmEjlsmt4gN5Bkwa+2BB840Ovvlt3EBskSZ3DPiduLI07EjtjlL9yvytcf6/Ue4r2JNcmd8WU3xah9T75fGIunT3L9nrLXET9TIf8AmxnnH6uIMPO22d/McyS+SMngW3XkI679QBcTGWD3kjJo6b82Cid+bQ+Q/kCbA7jEAc4R8Pts/X4hzvOQsMuGOzBrfORgXVGuWPzeMsfhxO0fwCOy7+VJT4np+A3EuWzkpNuE7H7ufjYBkb+ELJG6HWwYX9mza/8AFG7qfHd/hcojTMf5MYHdmEGYPP5LrgwUekKvDI/C2+QvguJ3GDtxB0/Nv+Q2GOlyb9RgQBgYXROSah/y15ZFyLluZAGsSHe2j7G42ClueX23HZdZHwbyIXRrdTTmZbsCbloNiEZzJVFIr/ZkWLhrZo7jS69/lxd+oX6/DbBtnGPX5jVodgD4jPqNdC13vxKM7/kc9jGwJSMz9xJryRJdDYS9fyUsHLv1ZZEx7fMn7jPwLT4QiBl0ML+yPgv8uSB+rgg3PiU+o3l3kBnbwvR+Lsd2w9gac4MEOIRpY3O3As+W8mOsgLkKXL6/M3DbvxCZL9RNntqoyHjBjj2BoXL5vsFa7dvm00Nw6yD5tHd/EzG/zFhhMNb0ANgEzOZZRzfMe3SRchd25zXg8bqCgbFn3L9fj2fxqzkSe2FuSaeRu55Gj0lfdo87d+2B8yfiBfYJG/z8bDnX8WiXZH/CMSclL+NLTZRJYfw5PkbOxtr9SuPOXAQ6S8eVG2ZObDsAZpKmq/uDFnwPSGF78OYyRh+yHOnIFuSPFhOXKctGdfiwnOS9W/gHIH4n9Z76R/C3Rx1yWYIeFtDSO3+Wzo42AfEv3EYwWZQ4ewnetg6eQBWH1ucA4iYUv2sp7yPWfPbcljvk/u0gvi8SdRuxuR1viemQZ3Za8gkhly69bH3Y+7PwSyPfw/8AFZ5BfpEgpeOXTtw9uWWSXxH7tPi/t56z3g9hyEQbYL0OS0hsxXC9Rvy/4WQpzBfMhNlbgId+ROg7jcIbP5S7q04vGBw+LeamED5j4G3kN8ZOjs7+LfbNfu1QNzI5yTck/Ug3BaI+bq5cy+1kyOQUXbGqAPVjK8mHy05WV278zxyYD6n25B+CyUZDeW8tk5cr8CmQOXrtghp+oAcldjvthOQfRP8ALI8/BtB7OPk+X6hmOp+pF+bpKw+5m9LKZkm3on2GfxnLnyWr4nPqczhBoPiJ35nVtA9W3F4Zcrd4fiXlk4e3fSNfAyu4Pstli2l0ASuGYwHfcggZC+TryI92DmxpnzaXYDHTyDvkPokfEDLLnBBhDEuQIenLYvBy3KvhGdGdMHPJslm9i76CIOI7koeWD19/AyQQTHtmH4Fvi12DnbQtJCXmDGbJ21eSPxLseWC9kAyWtiXv8JQZz0nOfEn1ZvzLnvZds7rfO7Ls+3k/g7PLZ1tS+tskfQ9g2sS2Pz4Z7aPt4PzIIezXsX3vo6ToT0GQGel1g+Vn7gpDyyHSKN7liMm5uth5iybjZYwy26WBrMi1AZjyDkmw7sUeStuxwjtkjHJuH0t0ieR7vjYjQ/tyetsSNMxvmYeWGcL58s2y+L5mIO7aJkfveknNjzrc+ttPi0PLUH5/Cu8v/u3efhx5Gxj829l5EVW+h8R0HGl79J1k4fVuXzeuQzZ+N/CcifbLyXnfJBR8ZZA4B3/kBNoT4ux+IHj/ACBYcs/5BpEfu4hCB/q9hGsdBXY4+zOl762bZP2yOQ8tQc/dpgPnSxRP9qTiSPCP0Cfd6C21dv5aIzGNhLmcexHko5bRy0K0ELsfL4TVn8nmvz8xkO29PmDwQYW8viXkeT/Ycm6wh5Ysz2nxOiAL17OPzP0ZPts/d5cdv0WayS/Ua3bELW+YYufxPUMeBsCOweG3Uc+bOQH4O2NjbM3kWfgmdf1cTPdsrRw/9tNHhX/JywAY0c40jm5gtjmukGEfTCBHx/Yw9f8ALr2ExydGPJs3SVYJ+2cgHmPi3nh16ZED94EZanuMf2B8QNhvmJckLNszl5vhtMiWdsI08l521FBdjAfWwfitTBIcvImLHM+7XJfcm28v8gzyfbi9uQfVx1PJzD7lYUmQ17ceWQr5vJ73CB38ZjKXiy/LOLl83Q200P2LtEQMajcFlD+HkTZn38fH4b2bz8FkrM6f9veVCcLbmE5y36gOszh9Vx0YND8t5osxI3s2wsgJIZ4fSXZxhJjvNTZTAfk/UKEP7k4OfcZrDFr1Ae7FuMwG9vollP8A4DhMyTxaEZZxPVth2Vw/7Gdi7uIhukC6Y+oMufjewyWGQDHPJj3PUQ9TPwdJJeclBsvxI6+bW12PIRcI99l2zbDfY4rLoxOwX7CfgTl14TyIYk5DbPse2RZN89g24w8mD1YzV7kf+zc9Rnl8PxvxBOcM6w3e+/8A/CIrHwb4LfUeevnL0AJWO7smzg9lfq/rLtALHaIDa/tYytyH4cvOjkZZL9OfMN1xs/GGmT7Ln54S8iHyEPbtr5C98kCFd/kZYwa/7ZE5jhDoZy9bv4apfF8SKwJPeW7dHkez6GyKp2F67Zp7+Gg8tJqvhlSvn2HluwvzL+7T/ZXINsz8A7aVjY1GCQG7trvIOwfgBckLCPPybeXy/HxE+XzKEwwPxvbjAvTsgCt8XfQQU9zlyJDP1ifs9Ztvz8pMmYGYfH3J++RMF+sWUNfrG6/uxnd7E+4PrOy3+8m30sTx8QAH+XYd7fLdAQbL8Af7HZT9bCn02NjMJjyO9l7ZMjYEO2frIYfcnIQ+icPS9Ir3HOyEg+2Gcg5JfH4P3JAsdg/U4tZzI6cgCXPY/u/6l/U7+OJbkthAz9z7PJipRHqVIhnpMYFswIrZfDLJMA+o9jUmWqWOztj8fEeSWXjJXf7pNOkd8R4gHZEG7B9JUB3g8g8p3I3JD7MHRsP9lA6WZgQ5ydIAuvuMer1kerfJDRs3I2yxOyjh/jLqb/1MZpz9z7p4x+gSqT8tmAfjIEFPyRQOfNgI8yE38WFkoBdRHN5fXacG/EcPyhjk2+IeXxeH4yzsEOWv1d+YeyY3D4vYcZdfqXnJ77ZP4YZBYQctn4QZBtvzO2mwe5DNPoblWk26xaQC82AD5Ey18XXt5ar+APz8T5+Ht4d7HoIfuNWBjsCU79BsOGuPWpUYnXgWKb484sqNXdv45dfIPs2OHjqD2d8rEb/mx7kSDso+FSLEnfAP+2wWvvljfpDsW2n5Q7/BhbHhsoXGwZEYnxCvY1Dc1gnZM/8AtEtmuc/GEG/MITMfIHKB2fIdLYn2Js7HkJa+JrW23JVPYJ7ctA6XXkdsn3JMmOPZ+jHLdsySVOnxZMHLbmPjI8UH4CNN0tCMf1Z4gGxAHRtrV+Ib1jps7Bl8QXxfPLPv8JJ+Q9L5Zy+jI3c7YA+L+efgYwdOPE+7rCegPLZPg5BM7ICpMv1d+RsPPuMhrtHxFYg/UHABhJrO69IJ+DYuOMi9eWTNnWCObLmcbdUZ9THaeTVt3exjHhJhsC9n8Ntgib1y8Oz27O3x2El7y+bLJWVe2GnbFviFvIpG/F0jY97H6Yex28ZkmfMsIdIuaMxyZ7b/AHjbfq/5iT1nD6hqvPiWsdE4dP2lrjywj2yd2D8Z+f8AbLySC8ey/q3eJDhh2NLTmQ8yy47bz9w+XE7DtaqXAYK65MQuQORbcHB9ZbM9s5HJAH/tl10tKdnXLt26eXcZlgbsATOmQ/8Ay3TAe7Lrh87ZGP4EPIfBvGy1TEcfw2SPVln7nbHI9jdmEj8IGzh/br21dlzyElJN/Cc3bXq9Xnt8ey3xGjGng9tro+ctCumFHywMB8uej/U8+RztqQPIHdF+1OymyNlJxjDyNs/cGT+CRg+5ct18mEfnGx/Dmw5zlihXhZfj0bYBu3K3H7yUO8nAYhO6EIANMbbYaezbC+p+pFWNS+HZW8Mkeo8g/IbMAJQbNsPzL+fIhuTdLryOe/h1L+NRsQksvEx4gbZluky55ZtmT5YsGCW+Wd7PfLITZ+8vaZzls5KmJk5MEvJRIKYnL9zxDfDtxAbLsdCyLxgv4nyH9W6fjGeEdNui1G1Wb2ZlrBBs8gjqXlpPficTIWAwxIkANB8R53CydInQL5LP5NZ0x8zkqdMYtZKhplkjdR7GuhcIwVCFrwn2GvNlPeCw9jKGMJxuHEhTyVguj5M0W+R+7Hzc/C27el0h5bt3LxszxYPZfi8fkcy5fMHYdv5L9275G33cn1x8Mm6JvNlXcxdwmMM5ZWAOXJHivFtiENBxETeAn7tJR+M3yN3s9sZ2cHLn5Ak+rV/AifMtOty5APlotvX4yeDBTy1BLaRZp7CnzsvNkdHWKn1swM52JiF5oZl8BIkvysNbMNydwFc5FwJ+7MGP5ZaEJwWTdxhyTGXZY3jHhifzkE8l5+XxKn38CPG1YvUHjOMmTbPfwTJZhsgVNOEQf6ZS35I+vlpxkO5EFY+ra5E+5PdEs5xHkYT5vkJ98hvfj8EOPu2z2UMG/EmW/q0+23IxPIch/V/EH6vDha3z7LLpD3M58xIFR4dIVla8OZIO245FQky/UQdO2YN9s2jYjtrfeTNGDgGfuHIfwwEN1sZ4g5OTn3kJP5LfqF3pHpDskVaF/V1Ykfgss+5L9wH3fLGessG3ry7aI36hN+y1aLTBs8nye+XybbEnOJfl7GD6RTH5m1fVirztgkOPqwLIvQGU4IerDnC+k1mcM71mEvpkNy8hhv5RD2+JgjFux9WjzJgs7Zb2GG9vn8N5Gbr5eLj7/wC3Boe/q747BNIycrEAY16MBXRKN3CM88n2KRQNbK+q2zChVmMAMs5yCkKSiHn41NaP1J3by3S+Ih/Bdtl7kF4Y4p9h0nFvbhYWnY5+AaQY23llnWYjiGzEdmjvlnHbKe9uZfV9Y9m4gIAh8TZkA36YVT899kgAFrdun2GJUHJBfu5b+NfwCeH/AMCBPIWe2W5H9tyzO23Ty1zb120+Qc7LL6fbG2/Jsx/2HGI7EfSTXeSc6gOwUD4tT8IHi2Om3sAaMGoCL7F8J7Om2z2M5aPJ57fZAPCAkiujgw7zi5v3Zb2XL6ljPm+beT6l1uDlu/l2Fy6nmXs5jNb1mISI+T2bQWYRDs90iNEuMgfqqXHXz5suh24LZ2+eYuZEAGvwMSW77rFdWsNYBGYke+Wa+WTfH4vX8Ehf7GsocuyXPg/G6ZD4ky8cgPmesPJZnvJB25qRP3CROVzBmQ/t96zO8t3G6QuMuJschEmZDA7D5EuSAbto/MD2QuM5nssZeQ08hYBfi+meKx4D+qw6HH+SPxZdfj1+A5Pn401sG/i+fgXPLbLkZ+CwhgSvjl2SVujmS0QPb2yfSb19WTPMYBDPLB9Imln1IZQHf3LW/sPiU+QfEjj43Iw3YF7tvORvzezwlz8NsRjHD8E+p/GWg252azS2wf03d7OjuXtNZeMJXcGRuaayGyzxuZjIDpt9ZPw2sGzkbMzOSADBcg3L5Lswdut/Ruu6hGmDJndl7t+qVbA7cPjvsjSz4cGViRvwM6IrNfM3kb7FCDfBbdNMz9S5PY5D+Dj/AMtJPz+9+n4+Z/sZcyeieXQVC0tswm3OR8PIRJyHFieMY65l3BX70QpWpxs/4kX5rGc8gOU8xbB6dG9Xv46JMj8ZcyOp9/Gj87J23Cew/EO2aSMefHq+tMLp/wCyYH8GNWnXzsmhvsDZSHNEn1MOkuNvcfZnI7OAzyBdnas/mQPsKfFmQe3fY9ch4k9uIYuF+SC9ZPi4SHvRI8DHAx2cdXJsWAOaY2XSfjYgRHb1ZHL1jF3kP3bZ8/jcIfwC/sCA4gyPZM4TGTgbKR5az9RAzyMIWtOZJ4fU3PJGPZ52BCwPMInjc+iyaekpI12LamkuOKScsSkDkHLLkwzbl4x2+IMG8Qc2+bgamwwE1Vyxxjx+soSXfUDVa/hcrp/GdsgIF+kPYKFk95ZTr/yHyQz7dpLi3gQ0a+yThazsnbNt/wCQiyv/AMnG3ceW+ez8MGfauYsj4/cGqdztm4J4R3+oWaH1hNxO/cbvtnP/AIXQJbPsL97KzT2zObcHth8SMV4E62ZKjV2ADfYvN8lF+J5D5gBnrbLPq6T6vmfUHOWtOtqTe/MmJ9luAT4ZO46eTImJekDgLKf1en4PDt5vj/4H5HYc/LeM3yck+fI+db1kVd8VZHVo369nd5lvz5gzyIOFsd/Vke2svu2XTyVMQZxBx3shgdiEbd0yRBkeGHOR4jchJa6fF/1ebzWLrvUtOA5n2ImkeI3d/wDbMHw/7bPf8JLF5Dyn94adAT+Fb9HJTSsftnydoYhOgZN7t7YT1uhpbLhy28dsR3ISHkTun9WFNxuWRd7kVXeSyPeQ/wCUYLALKPJEkk+zTEhVds0d5fJyucfqzkXRcW/jPwONz8AkU/B7L66/qfgce7OT9lWR13w8/wCynTdkd8ufH54+fwHTyOmQZEhC4Nh/sG/uGqQMVf8AYYCCyloSY8st+V15f1LDtluT33l0PnLMU39Jh0/EIfYrxDz4ixvthbfIn5Qkj5l2kjztgjoc0vFiw0jj5t4h5dFj5tl+i6kLvZaLp9SKr2//AFIAjFByD9WbLltn0sodwnaoPONv/COyAGe3SnYkHo9tVXH1Z3ez0nGQNzR2JGtJhKWcgbmWW2/hIELffZSwE8fZkokfutUW5pKVZ11lVwd9tKb20+Jy+Y6ly2ly3I1YijvxGZJryG42H9lDXkf3C5GE6H1aYO3Iy8XhPfJM2BWyO303xGzMus5l1dP95C8xM36+ZgD48vh92Tqk7n2BeinbW/rLEKEg3/oYTjl9AYI0Rk/JDpP7gA2OJX4jwsq3FJYOp9vti/dMS8tl3yxVpn4Zo4z21NP1fNfiww8xl6fVnbr5sseb/wDAgfqPLCPE/wAYvp2CPWWD9R582f8Aw48j9ydvn8LhuH+yrrByVcv9y7A89bqbDra36/UzbH7vVvxAsGewnxDvkGmQ7GRhheKFnkPSTEA+LMMpiu2AE5s0XLmvulCdXTDOJchBDRgECGmsVgRPsJg/ugIXswCQTT2Z6gbGOEjOWJlGOyy7PvJqYf5F6Ri2jk2PEScQcOoVsZcsvN+IdPp7aWvxYLIkWIDy04PLRvu1rixRjGx7e8kyPiC8viT9fjfuQH7jXAFsN3yHv3D2CMSmCB+S/qXPi2P7ePZ5L8vk9NOxr2zTXhM3puvZLzlhJOofbbXyyEHXWHyvZ7JIRONhKn4wy/ufPOyx7eu3zBl2QvKhLPifbANoOhY2sl2GsCs5G8BsqGuXkyNsEa/cq4WZ5kJ05DRl0mVambZSt+WO7qzCxJJAELK7Cati42f7fIkdCiyZELY5AdAy8LRHMMcBbEI7+rJOfu4QD7hTfDy4Sivjd/8AoQdKZwxBhwjOjOGhv3KQqocEPswdkJjyMicR48jvzH7XB7YoHYb6L7B0Z6nk+CUVwXScxvfiED4uSbHH4YObv+WcXz/9TT40bW1v+35/9lG/vWXXTv8As99JEjIHk48n6W/S7Z9xH2DJsSYJFnwsQbAAvZJ08unTJ/lyFmtm62T6ykDZD9cvCUGMlWmbOmLljqkPfiDCt434lOfty5bvwJQDEfwcgIkSpm8+pAasBuifuskHe7BvNw82eNnPei4iwhpHd4hdwhEzIA+5cfjyLDZ9Il35gBNN3UOgeQkF7GhB8xJAoXDnb+TzMH5QJhGPshb/AKurTt3YMA4/y42t+Y8wQOu7YbmPOxJR3v4G79kZndkfJwA/bjM+IL8pC5vyuge/dvunsY8d+4v1YycE69v/AFazPvZSwyN5+QB2OkZ4bVjsOAZ4NjQO3Rk3XFjwI3CxwBX+2ATGLpTOG6Fi9gUJgclcXGm1D8W+XCITCWI6h8gLQOs97eYmN5rsmUN3UZnoQjwkSGThx/yDzQRcKjVwIg65/ZDpT+wccf7eAYuIBkTrGRl55J+QybVQK5e5kv53zZnRkce5HBWRtQI5jGAUk/M3JumpDks/DChR+TEjx+0G/GMNO28TR/BfUNuOiQ3cy2Y49lIeC5kYSH5tA+A+djQwcB+ZmI8Cha8WsBktLB+LR7BvsCoTDcL57XfJ36unpZ2DPCXfJNll70yxmWMiMBI2SIRPmF1ZjkHex1eBF6fLBqyBijCxeIsJ2ILMe5dhTIwMRPo4WE126tuzbHEHE6uckfJPaJB+HIYEaR9hBPygfKD6WjWxwXHNSmzcgTdsUeThvMrmbMbI6+H92iiv1b3ggbOFzAMFs/8AIdIWqZyA7UOxAsBljNnT7Z6uHGz54uR4uc+I80ljERpD5EEG31nJ/YOQagEdOHSTFT7d/wCQK3EfO+RkMXwcmh8mPlEfEfSb4uHfZQzO2h2w6ew3lk9kLi2L32O+eQt7B9Wr0tx8vr7G50tDpGHtk6th9xkB0XETEedtPosndP5ep3/lg5/E7ANT+7BB/cs9egg807z1aQPZvvqbikvRIwK0zxIZXr5jKacfW3/+0hzt3h7CN8LGIx0cP7JecSW+t/dlYcyL8kocxvkC6cS4kyTCB0TE4/7BGHCzCJB/EWd4fzduMNGZp/SFL2CxbaOY2Z0p83K5PkOjIb7AL7LEPH2+MfD8AI+/xDgMmV+oEfbrX1gXfHW8fB/kMYXgMGXWj+IB0/ttSCa8NjOh2d5M3nYXYLA7CFyCbN/DL7O2Px7M+kC8l9SQPPI7yQ3aOW2mdhrI5kCRQ6MvXt+9/t5URROrV4ZLhI0xtwCvkWUrrmf5dlVgzrCwc5m9llymRGgsQpeLMLqB9h0+oy+J+70CjsX2+M/EQd+LQHFkjH+wc4FGxlr4YuZpPRqCWLYUUj5h/WMv/wBojBB/NlDwJbF5Fae/F+ithRBet7wc9tuNQ/iJn0mlgkQxk5DvLPQ4R6P3ZhbDl5YQfVhxuwOBr+7YnQ7K8QYHslbF6psfAFkaeHwWqyb+ISrnxG+Yc+YkI/5B1C8oybKBunDbGaEx6j44F8IZdOuEt9beTZubsQdZVPU9hAUUV+kYnpLyk7NL1O3KE8QbyB4PYg2xNP8AtkBZ/Y+T/wC/in1kw/A7+oENkQ+UQDD+Rxgr4ztu0ywVZsoPgx3vZAwH+Rm0SQwGB4YA1Z6rkh9JejsN/S2b7FcbI0YfryDe9s/FjwLf7I/ZBbsEwuzo5SPYBOb0WbDj+7goMOpMfm3GeQfK3g3SfwRZGM9/B75CxNcv+xIYWGJEwsPvy1TMQcPiN9L8sqRqlgPD9QDN3WIF6TlAZJ5YR1AkkHS+9WF84wGxnIz2bCacniQJ5fiXUfI+lsL7Ma9uGdutfFrEsWx/hJ/qIjnGwMDfu14C3IB+LOEGG8DC6DkLqP8Aix8GWMNIhmK23qYm6JwJc+LqmCNR5z9TgBkM8H0zQPF0rH6lI3ZkByWLW9RuYLJotEhoeSczY+e7dLeSQGm0N6/Ul7Fld9b1bPca22Ju26wXMsBnnGwGmymxZyE1MYS27e/Uh5llohmNh8UgHJ9RZmeG2AO+kezqRHq2AEHy36Ia6WeBdDnxEesjGt7i78zJnsrtcu4YUvETj+31EY9Z9uEluuS81FtWPAvW9hvbPAvLqbZ4GDj1HhmSnskZ9RGQxAcJOYusKH4RAvwREKDIQbA7+5T4P7BuGMBa8gclxgbY4c/yQ9EmEyYMGQDTM+bcH+QnkXkA/u6HB8mHQ/DlnlmPK2YDYubHQq5LHvZE4qXyZqzTqZ8DYvEu+Qb5UCTT428DstakzOGwfGXCWcSeuG/d3eahzOWqNjyGOZyfoxgDh83XifGLVqrwNx5bzvzdn1+Aeey7sukuHzHvaAP9uWPrPSkbnk3vrDjF2I8vlfLkszfEm43Yj5WFu26jtQCQO4wgm7V3k4Ts5vSP5cN2RdSBd5DHoW7vkfnV6VCKmWaDJw7Fj6LlaYScf/LVn/3lYP8ArbC6QOoREzx8rKimkd8HPgmzozK15GxQ+/qdB+OrNN5XwhP3MeHfCH5L131LxWVBOSR9ZH1QDo7MeoB3pt3CWmrcVd+8WkMk/wAn7EYEDP5a7lnE/wDJM/8AzPtwknDX9QkMcnLjHk8k4EyPxctcOwrjnbPfEiJ5yc+5HxK0ttrPSEemJNsS8s1nAvIPfJFzhF9iwbLyZnYZ5CdexrrCyYNszjxvknJoGn4pkj2IjwlO0lMl/tu6JBPofqGIHWw7/wARTE3GzvlKBST5i2BjL9tjgwUBxobGpDFNiDJH0LV15jGGpGCZaOXW+riCU0FM7tPqBxX8aXcusHd1n8HLCaWwwd/ZMuRMMnmA/tyfBZQuPmL2MP3AOyXC0CLPqQDhrFw1tuPqAziU3MRP9jkpKTOROXEcYM7j1YXyWrHGMua3HByU87C9JOVkHx23CJyvNu68tz1ILuDGDAYuMp/Y1fVq4BOLZ3XYQpybHQsffP1EmltcuBDjWWzx+7oeiR9BAOdlkNG2A6BHOz+rDSUkK3UolFukq0O3EPN+Jnzz9zHIdoJ9QRxAfq7oG3rmSkEf22mJX7jGOsI+v+SPSYDd/pJI/wDYIa8iHlIqAB7IBb/kJTDkgOrP3bhF24IH9bPrAkjQ/wDuAtTt7oP5b4RbR0f8t8k2cB+28g1+o04n9ihoPt6m342XGdtdmWOg/Aa8y3CgvtGwGyrztg4gD92WUWVyxhnG3YHLFwSHAD+zhg2BvwRfLSwYCQPwhCGF3vc790injkBQP/JMF5kf6KkF4/kdqH6h4JvzDdWPljLd5bof1eZRftaZHrMnPJ7fUxZjs8hzWs6rhyx1efcHUsrKb27/ABvkAlGIPkGHtHwP+SWAECjnr+1gTNsHBESdO/yxAD/J2Tf5F5xv7tmhX9zLfH1fGeXIDbCh2Lv/AJWfOP3cLp8WLRz7ks1tjaGQhiF1AyXoytu5yAxOYxhZAdZxRl80YRwOF4XLZurlIIxiR2f7HxXGCCWXqyyenJAa8h4nL2wwu/jmprBheAxXvLia1GNOwPvLFgzmOwwiDrt8htqtk73ZGRFz8GBLIwG3u+rWbcgT7LxUHyYg+IIbLzvftjRbn7s68QbFAGYGO8gg2Lr+Vu2kyzJPHzOLzg4f8tgNfqeQIQPb2ES7MONmC85bH4PmxD/uBwgQvGxTVjDmVmYeP/FrSxauP7sF3Gl2hk6ef26w/wAkOCEwHNNT/Z37bGvL2bxsQgvrbUR2K+jcEZDb8/V4eR75McT/AHZNHI8V22fdabySbTYs8QD8f5JwYvzy8frD4wQDS2G4dt8zjbGY2cfG4A2czB7HJztiOhCeyzEHDTf7cc0IHtP+2qvM1OE/tj4m3ZMGIXcz+zvD+bDO8QaKMs26zrr6Se7mfFnfL7kOxX6QVsNa9+rIeKcs/esHE79So/SagmyDJ/k2NwmhwEkwx+0mghv7iywzWLsvqFG2t3peDckPPJAngsE2NgXqRDq+LYnBtSHb1HC5jFs8zk4o6SURhdB3cQBgNTfSSp0j9t7jlhPU4vqaBLQGCoknTW50dTyZqWP0YA8iHDKtiz/yL5oQeJ9JAdmw2+Za1YwdIs5RJlk7fU5Io1GmdHYvxkNRdQYs6cnhyCDqnZSkTHjcEuDr2A31m9X+R2qySBOEfKYg67aQhZV9in/3yeqy8dOSQ1t1rkciJdWafS2w7O9Mjjn+pYPtmuBaUBlFOJaR0XDWv1YuGMT6gSKqw17yGn5vsYn2Cngsp/smNng5toXtz83gW8lLAm5CB6/VovY8bccmwYCTNLD8SMHCVvqF1gperHBFtbsspHJGtAgd6IsNIXIn+Stfb6ncTn4w6prOODf2Wkg3fghz5JTxyz1fwIyNBsRpGEBN9P8ATO9mQzpP7AhGWzheCRmO6h8nZhKR6/jQjLz+QcJyP5khDSkYhEkCEsXJbEpNsQyC0YxHBsA49RZoJJ2O/EjnKMMJO6bjmo5rmDdQeX0Ik5M2xBCz77j9wD+SgECKA6y1hJ/LfGfu8sCQYl/lgDtk6JMPeRsC49icBrIHX3gSGuxubmEvtP7+ONBDrPmAS+rmoLywlN0tdP1MJqE3EsZ+4r6LYPUp+okjm3KtXzPR8PiAA9Tvf+IoNh4fUqvY2STMYEfyDQcsuDyQEYfD7sx/icdDZ/gyU1cgM7S8vWf+wJSDsiPqS4DJVTercpOMmx82Vxj+o2i7TZ8mxhVIK97uzUzBpuDriNHDyx0ht9ovCSDGDrCFHjdAdyXY9lYZHKcsGdfu7HuQA2aRgb6uvjLIppLusDyKQvs39Wa3Iew9sWLzTyZZ5NMbLBS7nxZgCwDkOmhyI/yLnnlsHI6ojz7s2b2aNTYn6klBT1avMOdmLJmSD9XBZR2AmnFqNqh0Nspu4wrDjYyFfHLO+ZGkxOdurHT4sIcSP68+LrPZIddMxx5aosEudgj4fzdOof2Ch/kxtBDPvFBEzqRQQH1I3n+QukD4Olh5p39R4y6ia3BMEXvllW8szNtNahx7cGg/clnr9yc0z2GP7s6sQ2Q9sj1YJQSl0hTm2k9PuGBgbTCbAMn2RxjmP3eAO/F3Iz6vjEt0Z+7Gu8i+W3cPEMZkiGJCnL9JAHgSa2PBPIA0K3YcXBA0i72zB7cSjsaB8Wx4RXB/t1glhmEkGTdPd/UUUZKAYXlqIycgQy2hL8OyChz7bMvn4WuxkBBEwJ85ApdWzK0QMDr6vlBqRz4VvztpE1ZnlhEwrN6Tto7BRrSRSmt8T6j4MMjK2pBbi2wWFh0bM/p8whP9GKz3+rpKrbBUlCE+bWXLVn6IH8sS3ZvSnyMW+6tsF3QS4XloEhSez1k8zgyHIX7Nm58Qy/yERaIS7A4Q3C2fidg+uQNCAg2VdOQhpDF4YO4wEakvHsk2Ouj0hp6kFBmnsPrB7dkAzAIh3bPvxCpeJ182coDH4hJziQnZXwIkiX2MQ1X2AFBtpBmPls53y16YvGc5JvAsHGjnk0W18Rh19kyMTPqGI6PqGXN7H0fEwfpCCFPphB365sXwGpN5grAx2Z4TOoQoFB2dHPY1vjK1ONhTo7Ch6OEv8EGwCA9A2W/uQd8+XOT7S7MxOnX+Q6//AHkO8ZOcxk4d2fOsh5Cej5P+Ee/+iweifyROsa2dhmVfB2xHOSz3JtPWSRchtsp7cWIX7kw59g/7JiclP2JzlnUbatYDTmTAzM47faTVMbnp82+WRpAXXsWj1ZOdsodTvBmQN0ncFtfYC0hs6mp9PG3Eef2JhZZg28dz+w0o5f8AAkerPNkNmdH4svkPvxKbZz2viFuDD8Mem6tgp0skMhG5PbwHc9iHxf5dAfj4sDvkRbENYdwVG5HR3EiLGi7/ANvsTf1JzD4fUjUho9v3OAzozrbXFPAuyPX1BCA+2bBr/U6QpvjaP/BDi3jfI+x1JPFDQ5Fxcj4YyOphjhI4MtvXsQAwWrutmdUsHL6Cllu5z9xod84fqKQSMz1skSyOP8jPOWFM7ex2ahpJ/wD3ykVETWmsizAbHLutghyYyOs0HU+0kjcwAPf3kR3F/GH7CyATOaGyKFbGEwned5HwYw9OT8GXwBAVzkny0g9e3ynZPQLPij7Pbye81cnPDs+FufcQczs2bROkBga7hJbl562AX+JW1v2Lgh+gRFakIc7LyofcQ3y8J7zEoXPmSCfpdNGVC4u7D4Ng8cJsWd6Pxw9smfJAvyZbh9iHvlzP15MB04Q8wbP8XcOsrAhiGCnddthvHxIHcchXE1hqcadhZdLJ3mfFmgTmLgw2DMXpJ0Uk3WkYne6h1iAFsFzPqIaJyYPyBRfmIEY7wKNwIMfmFnrnb3rHkyTeFyBBZkbp3+yr/wBET1RNgaWsdlsbtQa57b6MkRxsvGbJ7FYx1lsHuz8HW0EQe7C+W4cfSJLG++lqH7tMR05ey8lDvJfH4WHTlk1UnBKLK4ebFBgQZ9Pmd0W3QSQoGyP4MnRcPjZaBwl6f8SaEfKKXofiYHOZEM5CgeooTpYg4eH/ACVbuttjDup9HwWB0kD1gSTwYPKGxG4ZYyTwVwhv0TNTctZyepyl7fwj3Fs2kYwjFrCYOIYkGtvTJbHo+JG+ksENvi+5q0ZBH1LGB9Wc8n9sG5f1svb27zjZzXlyDa2Oe5bhhZlvG/u4CgfHM7wf6su72K7TkBvUCMMP7A4EnHxD8ERRSd37tKMQ1ywM7BMLxGCdeJXwMGxOSaYcslFcSaWHUduJ0ST5UkjWE+ZvPFncgYr2XEO5OcTkrrX3bPMd3Z0vxkWd6F2DrpepgiRdJwfCsxoPPu2G78ckCWDpJqcz7kxHYKSA+Rkh7J2SV9y0G9LYoB/I6cun9u2aMMPtEge07N43z7mTNtD4vO7Jqbtrn8JQCaFp7J+BkqFJ3Q25LcsB+IFYOudbPzBNJ1zyKxo2A+EA66y2QH9mftJE2wtZjC8E4GluiORZ+EBmYGoiHoG08NsXfEDu07vi9cv6kOrn6smoP5DtfhhTvpF3UxcaIMqwzvttEHSoRbNQ4ivMrKeTh+rPhJ5xP3AidnDILqb9WvBsaD+B/knCv+RhQNkeFD0Hv2zK/llDSdgzfmYHAfU+fH9WKHHuRzvOTcL/AN3U4Z9MQMiMb2g/uDnViRDDLRCAvuNOHYxH6g79JeZuy14kblMXYJ42D95ODrBI91uELMuuBaIMLl0uT3s/uinYssidZB1/kbBk2vGM0/5AHnkDsMhTAtlOSxTn1L3OSUzBYbivzJU3Uzk45I+J9sHxH8ucov7kvRIBoUfqPIv3atSBOOSPsRxRlPxneuQR8X9tpxN4df5JfS3PYtmge+SZwz9E88a+ryGH9QADb9F7p/yciX8XiH/LgmsiNx/V41/5JYZ/pPTUD+QhV/kRwP5dQxmNTdXjZG5/t5+v9sfrZDdbIeE/cp10/kJ//CMc4fyC0X+WjQ/ZO4T+JnqE+Y0lH6C7KWaDDW8xfNvNNeEfJnEcO4blWsDmSAjSbAFycG+QxfsUTn6yXQSaJA5AFTt/HD9WH4v3ylam5BAfN5MGiIQ9JnDglFdhfRLhxzEr9nWByWhNNswJwHy2GGQGUU1jNflajvI9B5ZtPZLw/cMMN/sC1/vYUf8A0hOzY81mCX8iqDP5bPP8JZj+urYo/wB3uX/Lgi/24rmBZhslXJfiN6x/kron/YwGpMHefufFSwww/wCSgnOB9AyddAH+Qy+f8lmD5AGuWl9z/IRE4eOwvn8JBrYx+4LMk7IttCdaXbGBOn6WnIDnFfISbrsstMQ72zV8gAloMD9w0o3IpMFgakA11ej726NufHl09DPZ4s+PZ6HscA5cnUsyvYMXyYnHLpyW5fmVdAnzEoDts47dEZKmp5PdAuTz4A2yffu3ruPwQ88cZVPr82EBxI6cxG6U6EF+p+hz9WYuAfDL6+Pq8+T+y5gv5L9F9FtBf8tm8/tbA+v2LD/jIZgfzLsd/BOdv7PYwsH2NkI3+XKOfQSPB/l9Y/5IftB8OQD1Z4YuweeWncGIHlweWHpGHycE38ITfLxLhlro/g65L+r+YP1JsYOz+rY1+IGTnskbzZEQhH8Bvj3ZwHRAwGad1+JM6+8gmZYXRi7GMiBIGREkwzftg/c2LX3llx/sAnp9kgL+psPi54yyJCM9tmsD5sx5K9bDh2DOduLR2GeT+RPYvbhDqM31dcip6YHE55u+z7vgQoQNcAt16f1ZQU+id1kyI79bGGJ8Gl3cj9wHF/oRxgP2IH/wo2c4/q+Dcg3ry2NdQ7uM/AX/ABnBH1vYSaySlt295rhJzuQAgJMeQbw/Ak5GS7+PZYWj2fwtuzJfwluQ7P5fLTn4CiIaGdcFhKc+rNv/AHHfaA4uWcPZ+WhcKGxzb4WwGNgwbAHxZGOy6diDpDnPLsTy0e749tnbrPu2QDixbjDgZ2+W2Eb0bIBsAD4bLB7aHLo+kmzrZ/2Fm8ITqPqZLtn3yFA8/Upw/wCR4wMJ7z6/HByPIQkbUcgwB5fqiG5B8uWTm7YVy5tuX6zqaeSn5gU9hwEIHzLsf2fYNsx8hdF5fEFxDyU9/A8iN+Zz6lTw5AlsN73GN4wDq4Xm96ld4QIPiLzxuT/Yv6gxBGLj8C5aJ+Et5jkIDn+zjZk59Wc1tSBgKETZ7Ojr2+dF4ibKHTLTxPnkeocvPNM8cHY3TxLZTqzHOQ3OJ9Z4/RLkx55DnFd+5sd2eLrYez8/bwElgMuX2WECEJReTgtI8tJxgnzB9hLu3Pi+b++WD5MSuM/FOHklZG+', DATE '1989-07-20', 'Reus', 'España', 'bio', true, 'ROLE_USER')
2017-12-20 20:14:30.918 [main] ERROR o.h.tool.hbm2ddl.SchemaExport -
				Duplicate entry '11' for key 'PRIMARY'
2017-12-20 20:14:30.919 [main] ERROR o.h.tool.hbm2ddl.SchemaExport -
				HHH000388: Unsuccessful: insert into account (id, email, password, username, name, surname, image, birthday, city, country, bio, privateAccount, role) values (12, 'eva@example.com', '$2a$10$Tt.xX1i5lzepgcLs1wNH/O3EqLA4Nxy8pPuhtB36Z2lEg2TeOOY7.', 'eva', 'Eva', 'Martínez', '/9j/4AAQSkZJRgABAQAAAQABAAD/2wBDAAYEBQYFBAYGBQYHBwYIChAKCgkJChQODwwQFxQYGBcUFhYaHSUfGhsjHBYWICwgIyYnKSopGR8tMC0oMCUoKSj/2wBDAQcHBwoIChMKChMoGhYaKCgoKCgoKCgoKCgoKCgoKCgoKCgoKCgoKCgoKCgoKCgoKCgoKCgoKCgoKCgoKCgoKCj/wgARCAMmAuADASIAAhEBAxEB/8QAHAAAAgMBAQEBAAAAAAAAAAAAAAECAwQFBgcI/8QAFgEBAQEAAAAAAAAAAAAAAAAAAAEC/9oADAMBAAIQAxAAAAH1TZhEkLGTEBkJsVMEABMIE2JjWMlIQwTGJpiGxMATBDVAwTYDTAHAMsTE00xBpiGgAEpIIziRU0kSaVDFSkkBiqu2tMVN1ZAnCoKxEFJ2RjJqiQJTigpMhJoBi9EYgDli5CJSITalTZYiSExwmAmNUNANiGCYhsAUkJTQlh4desPC3ntHwuoaRghuEwoAAAGmIkhKSBMBMIgyKmoRJWoYiGCjZWYIWRqCnGFGTqttCUikwEKSJuIBIipJekNSDTAZKmAMBDYgYhpBpwmNUMFIABAMsHHOuuryHmK9p5PhupwixiKs2862PT+g+aM+zafkn0nLpOMgBLJAgAMASYomqAEQEJpwAUJoJJhXZXWKMokU0JSVKM4iYJEkyuTATYk2sFNHSAkTUiLGoDhMABiGAmoBsTAQwAYhhHgnzXU9NyeW6IyVIZDLI0h2FWipkJWVEvS+a6cv0u/5fKPqx8o7B745vSBihgCTFTBBNAADTEDEDACnVbUYoyKgpxhKQKMkQjYWRJMiNqlIIDBKaN7CAYDTEDVSTkEwTEAOAaAGCaGV1Vpq835yzHyJRpgElZGojmtlQyVj1JzoQkXPSzJqqmbeZVEvszSOx9C+Syl+1P5N6SPalNwASgCCYIAAATQNMBSoqtqjGmaJBCUgiNkSSEpFRG7EpKIEkELEbxkJMBjABWBCGlBiRkmCaGUTJGXjF3F6vk7FwnGgaJBKrI21xC2uVVW0zJdHmTiqVeyt0cDJ0OZQTkVS0szK2sAa9X6T8i1yfYjkdeVDUA0AhRpohgAAN0qbqTGpIQykNIAhpiiYkSQCaIkha3JJuYQmOhMhpigECkqSkgTULmLmV2+T5zz1ehh5tGnMNGiVRHIhKUTTSEQQUnKyKzVenMlpiueWnpHKs9LwzA466qn2KDjwvzEooJII6H1P4564+hIeagYgAUgQMTUqTTDPozmVMqI0gpIBqgGoNIAQ4TREYqhOJvaaAyENgNKAQIYk0PDu8wUdHoeR1OFydGYi0EhMZOFXxhoKYuAOMgtt7kc/uei6p5jZ6KZ5KHrGvm+l05px/B/SfFHjpXZjbDLbVauRSSZAYpfQH1XufM/peYKSlEwBxGAEoypMQZ9FFZFIIsERJCGxKSBjojNERqENCUlW0ZkAwQ6ABjUIaUQ4r872PPnoPnnp/nmoVtU03EWipuveYzrcwihj6c/bxzPRS1y2XU3FjTIEiyMpsyeY9bxjwHF9jyjztl9JO6i+q69GYcAVDRZ67x3ck+i7/IeoW8DIBiTBSTppqii/OZgZBgJpoAxJgSHUVJQRlEAKUbIG8ZCYCGA05UAqUooOEjm8Tr8ZPOcslWaDBSSoBBJM10QtKtlPaj1nSz2w9WWS7dOPRGkpdXOudk22U87p418l570/lUx06Gc+rsYaztgkKhpyqyBG36t8e+snWUlKDJCMkMChop576EyMAUkoNAMRAxoATiMAiNUKUTe0Q00A0rTITAE0Vk6Th+R6nnrKZV9w8zG6ipISACym7CWmvpQ+9TvNtuS2WdlGqL9FNpbONhOSnoSQkcm2uXyPmfceQriwaSahTSpcSUUxMStqZ3fpvy36hJcRnKJkAFDAFJUZtWVMrGJxkAmA0RYDBiJQGmiJJUJhtacCkKk2iGpQAQIOV1fGmHibuHZohZ6w8NX0eaAFEo2krqr4t6GToHW3YNojPbGroZN66LamuuWVSbJcrNXoHxNxthCwp5Hars8HxPovjjhY9eAUYyoTUrB1J21kvqXyj6FHqL898SQxMLGmSpip5deOzOxQDkRGCUkAwBMEAAERggK3A4BoTTgGERixBlXgPZYzj+b+n/P7LtOjgpzMNlVqkmK6rRI7qp26ury+nHe0ZNZiLKzpa8dkunPwuAey4vlaD0EOV0a6HpeL2supr5uk6BXZRz+k7Pmnnvr3zU8+tOaicLZdET39cL2OfnyZeR6HmS+7ty6xiYAUNNAAMmzGVIBSTUGkQAmIAYlJDQxMBJo2jQSiwaJWmgjJUmhOBsxdaWPkfSWHk+fZGzzcZwEBRqzaUloz6yV8FL1N/B3HTrxwOzycmY52fXqMF92Y3d7gbj1N/G2m3Tzb5e1p524ubdi816jHXzHz/s/PRyNebTb9J38W9PR34uoeKl0XLyPVfL/qGaxiAGjEiQnYZNeWM5KIwBiZFiBMAGJSQmACAUkbBgJtYkkiYSgAlLKcnp8/eZt00ef8Z9N8xZ4Wm2kYFLRntTTqwI6MeUl6t/HsO5DB0Yvt9F0zxGL1/lDj0WwKd2Ur6Zv5fp5eH0OnamDbKQSaFER5Pxv0r58ecJqul6nw10v0j1PzP1tmqnrcyXxP0Pm9KJoATKAaAAZdWQqTQAADIsABAwBACYIYCA2gAxKAI0wQ1KRkGe6UQEEed1Kq+NUb8Fk6yURaKaskVysgQZEn2+D0I+rdTkds53H9HkPmnN9b5Uv28vevrux5j0cdHRnvJzquskmipTrMniPd+KPImqos6ff6B4S/6N4Q9vowdMzacHQlixVJJoNFNxcGTXkKkwEwABAAMEAJiGpRAcQU4m1pgAoDhA6SkoQARYCUIsSp0+d+b9F52x9Pl9OOWBWh1yKq5xLd3M3GLZl7R9B7/m/Rw42Bh8j7yg+YbfZ4lzdPLDLr3cfYdLRh1Vaoqx1yrKvOej5h4DD2ece36PL9BWnj96mIhnKtsZSgKhggMExkcezItSkhA0GMSYIEA0CYACpMSKkjcwAGqBohkqEANABBVajPK808P4n6h8qse7D6k8v0Y3xyn6HgFdilRKytKfU+W9Gvtu/xO5DcWSRIx07q1w5OvVHKs01l2vn6V2uiVzKIEc+qo8Zw/S8s9H3uD6MmOkPnV/nZfrV0ZEkIAKaaGxkcmvGlYmKSlCAoSapSESZCAoAECAYbGAAANABKAAmQgBoATKp+QfYvlNnF9T5W5e9q4lie35nreIfOJES6LiQ7HG9CfQerz+hLKKrsunmsLIEBqU5aM/QVcu3VCQmy0EwhYjznP9RkS/p+D7B6LyOLxCv1HmPqx121A0xMKaGAnEcmzHZVKMgExpqVCdgCAAQ2JMIk4iHEr6fyP6cbhpUCRgwQStAAECAACr5f9V8DqeNs39SvL9m/18cz0e+g+WYPSebtnFwkj6ny/ZPpPU8P6iXpPn8k9ND57ee0WbYQvrgmyVF9ELEUxsrE0xgCzaMx4bqdTQvg/N+n8wmv7D82+nkkyUTBoQwBuLpY9mMgAiBgpRVNCMABSEpRGhDExAj5b6jxHQPr6z3jAlABphFgAEAAgKPFe28nXj/Qed9NZ5L6v8t+vSuEknk/AfWvl5niFsbqpRv9F460+h+fzbou3bunGi/HOtSzMvvxaauikjhKIhoYIWa7JLHTl1HhvJ+3Vei6ilAChtNQTsBgmnUce3ERARNkIcaBsiSiAME0JyCKkhRkj43Ktn0v0vy36gSGiSBRiEBDAACE0U+H0fM15TVwvZ2YV6/JLze9b1or8F9C49fKY9jkWRUkRUoy329ew6XsfFeny6U+QzoYoYDsX+L79ejlg3oRChOJKBVK8dmU0ac95xOvimdYCgCAGRYxOLsGmLHryLEAJJpFsWKahMLBoGhgmgTQk0fGyu2yX1D5b6ea+kpkNAgmlAagFgMEBGaneHh6/cePs1+l+cepl9BPLrEEjlfL/snn7Pl5ZUtbbt9Ds8rCTr5cUDcqvRHB1+67p4bo+uoMHZ5mrLTKqVSQkjlt5E1ZVw/Rp0JtVQStq8TQAlBpWJommjAqGbVkiIKgGJilaAIyVgDEwBMExBRLzS+BZOyN1BH2XZ5D2AhoCUZUxiaYmFCZESSAAUk6TCGACA8L4n7X8ts4rK7SNnYOX0+rrk2+i43Ul3zwROhXTIgSkSsjMImEr8teifref0yyucCu2mytIEikFqGpRoRidgwIZNWUi0xDBKQRAGJAwGpRG4g6rOEOOLrL8pnJpozJnoPp/wAf+uFyESTUoNWDTlEMBMGigCAAAYmMQAec9Eq+Iw9Z5SyXQ51sde3i1L6Hf5P0Eel14+vFls7KougocI4Lb/OkrIdO3Wi0QsWZEIuKTcJg0wBQA6GmNDK82jOJNK4tQJuxACGKJpAAGZTLxFI0dDJsr5rTTZFsZOo/Wfkvs49y0EkyVAwAAABSENWACiahuLAGo0rBNFPyz6zgPjz388npx7Tf6Xgd87uzma43PM4srrykOAYK6Heo7Nld16MjnAsQSxpvoOiJ2ANRMkBqgAbQQyas5FpyxQU0wJREcWCAE1Ij5fq+dWd0LDqaCs+Y201WaaFcmfp4LF+zWYd8JgACgmNSSJgDRK0yxASg0DQAIaCkBl4/5/8AT/mGj24dFdTZzSPT9DyW6PVx4Sjs8Ln5C/vV+k0t6NOuxRsjGWrVWtbZEc2mg1XcvpVNADRDEWNDBpkMunINqIxMYAApWBYRklVVvBTm56tFui/P1F6vN62CT5KrqbNNSvFGDPY+/wDin12NwMQEDTtAEGgGmqaAGkGKUYhxaBCpqUI5/wAh9x4elZVKtcs0pdVvPinTqw6ifar9Elvczb1tugJNRrLKSKuDjDpnAxSMsdvR5bj19BOL1qsGkBMYBXl05wQCAGwUBIxA04y5vI9PjWvXVbZs7PI7hu5HX40nyUjKpXVOLqpqo/Qvnm6Psqx7RDUrUlQAgxAwAErAkIstBEClAdHl/D17vynHpJSUqi2hiCTjIfU5eg9/1vP+rkq2ZZLfXnimyqqZZKq1SEowq511nhOcOqruny/0csR6fpec1HZKrbGhleXTlE0UwIbQompBp6PHr89HHjXc1dbRuTb2uP26n5z1HlZPl84SHKFhZZSUpqMeu+hfMvphZGSlTFZJAAMGmRBLIShoKYcmOh8953EqUE6SaJNMYNQYiYDlGR0Pe/NegfTI+U6EdWdOpLrIWEZpqRUUKb6VpnCxMPo/P+gXgcLqc42ac1sWbMQd2/z2yzoZLIEWmrlAGIGCRuEjP47s8CWVlOq3RqzdZKu95zunQ8t6vzCfKWmO2qdLTmtIyhOO99J+Ve8PRAxAAwEMABUNDRgN/O8l5Q9L5WpUIStNIAUmmTcZQTUyBZEiwLL8+k3dvjdaTt7+L2DZZVMshKJCNkRwsRQrqDB3eGpeVbRcaLYzLb8+1ISlGq2oy32cl11ni0k3BpIEFVnCOPnE1ZqWipd/HCS+3fyz0fmPT8CvkEp1sjCVzhKicWaPUed6MfT7Ob0xDQMABiT550cHjfMHqPKVC1k1UFJEQAQxDSg0OdciyyqwukamcNfRzS06c1ldjqcLoydzpeZ3Hcv4/TNjhMUJUmhzCnm9HiFOQzS2bqNaTvqrXfLBpNluC+pxjCQdUrSMZk7BxKVDqPkPR+aK5m8l0cuo1XZrqvtzWnQw6keB8b9v5SfIzv8AAJiCeii832xsj0Psvl/vTqgAwHVzvBnb8lKsqVqqKArjZWRjZFYiZEaVsJFGaVOLslOE10bObqToVW2y8yOymqtLtSW7HfJ1+r5veeh18vfLOiWM6hy+cdTi4qy3TbqKpzkUX22ldqSScGrhbCqZWVwnKmr1CRO6hmiipnOyerrPObrhMFu4XLn6WQzer+b+yOvFpOX8s+z/ADs8iBT15Np0NFd8U+k8/wBM946+MdXyPAykqyIokqgWBVHVUUxtCqNzMxcLQr0VEmRc0sKtiTJKUVnOpm/Xx5HXyU6JKpaZmFdXacDb0ZnU6Hl4R6HFyq615zaYuzq2RCN7iFVsR3QlVirCyFaLZ5rCSiiZB1dCESV2WRdSo27L8tszZi3RXidHidCutXTceayek8NL9UixleW9VxD5QTVG3Lsjo6aLiu2FCdjz11Cka7UJySosjTq1QXPOdSVubWBKlIxsqUakVx01jr0wK9WCZtpt0nIj11LyZ9FVlt1KTNN1mx45GiFdop6ugcvpbdhDS+cdSnl3mjoYtsUqdRfbkuLq4MjKuRbOiVMhBLoutbISkVTjYQLKyUlKnfVcmXjd/lLtuxbSrw3vvMR7RwkkuT1eWfKIWxSWvLqXfdTNFTGKypupFqybh020jnXcUV7K6qd10YI6YFcNitwU9PKmabaynXaTVrirB2aDDu5+wp0WYjqaONedufN6CVnSRx59dGG66I9XIqOrmy2lU7bxaQNjosliraTVLJJbmTQuy21ZZTQWFYWSqibFnmilCS3RUDS4QLpK0zV6Q5HQoup87rZYu3eY9OhzOniPkcL6C3Xl1mqFc0JK9aq7IFGnP0jPOvUV3Pec+OkKb815DJuyLGyqywx7KFyV30CvhM0Tp1RDRjtKoORsa1HDj081ZNE5Ro2c6xOlQ7imGmJg03IrulMrd7CWisndW5RxtVFtKX3U2EbaLyDi6We2JIdBIgF2nBfFjo0VbVZSWXVTqeeWCNFN3Jt6d3ju7HA+ifJfrCSzaabPkWfdzzTpx6I0SxbjTKEjDMiPr8jrnPlXSdfZyukTjblMmvJK3Zm35UwxkFuW+JilbYtFG+lY68O9GrlGaNtJrvw6i3PdJMz0yMquRZNWlcbEM0Nck9UkzaHMhOy4hHRCWpaEQtnMrlJ1CSRZGcjM51FkIzqqVlEQvzXl2jPqqnHpym+YScrJpqXrcPtYLfNyOWvL+vfG/osx6yE4nzHhep8rV0oIe/FWd3fy+9HDzdTlGrpczqJzud08Vuzped9AdbHonHMhu5a9HJpgmGGqCqwurHn3Z4rhqFwbaLUvtjYaMepGKx1mu7FpGpWJOpwJ1ypN5RUbrMFhsqjYRkBm1FgqrpLOjXmgtLDLbfKzHPVNrFDWkxx0WHOnpz1pq01xkhogX9LLtOXGNZ28VuQhnTXr8vqYE8/yPR+eXiek81tZ+wvNoPF+H+mfNRpOrqdFJZ6rx3ejseZ9X50Xf8/6M5mXdzawdzi3HuHHRHM5XoeKuizPEvKkmeyqVEZqKIamuOrVQX306yqdoU09KhMm2ma36I6EyF9ascEsjC0nECnXVoWI5lc6rYtUaLLnRpWc674jOyqkJlGhMrevKZqLstdCOjDFMaMx6i/BaUPNuI44StJ56zrcjeScDR5eS8sjO5+o93559DlwfJ/sXylObOM60U35i2jXlPU5qOrHE9V5b1Zj5PawHEr0c633O3m9qTJy+3zjEq0t9/N2jzdSlITqmoJpnovYXxatxsJRUim1SLrs2mwdblmqwnUpJDVmZfbgkbDBaXSqgu4ptC2qk1aMdhrpQKyFRfKq4ujlsK41Zzt4LMRhWLGvtlizHVnkzpl6fD1W1ac29NzUTxPL6/FazibPQ+qfHfoJ6z5f9N+TyYHGVbcnQwEwiHr/ABXoCj0nI0Rs4fSwGXkdnj16n0vlfVyxx7MJio10GPbRpN8KwovxzSUM8ySIGumSC2lFpOksZcuPROunZJyTKWTjnlbKmJJfZQza+el6Lx2Gx1NJ257FtnCs1Sy6C4rmLRRcRTRXj01G7Fu51cLn2Uy+gzQmvY4vSrueffflWvpYbTpypzFPmPpiPjMotJ9/z20+n/KPdeDGmJ1c03GSyi6qJxjJ6DTw+6vU5PT5pyuZ0eave9j4f2JdlMg81uVMVk7FusnnI2SSVWzkV5d3PrToyzhFTLZZtBeUTHCdgUa0VQlYVKwtyuyuLtGXSFOrIS18/aa1RAvTmjVqUuLCpWwUukkgy8yZ+jlNXJ7PIt83lcDdtws6Nma1HkvzG2iwXZZbA69r2J8ISkOcUdnk21IwRs1YO9HAFOq4zQuvzJyepoo1Lw+d0OZXS9v4T2p0MevOYKlXKQbNFc2KkuSvTnvqGeyZFkJYllVOc5pRfZojHDsaDg3eg0V5ePr5HkI+4tPDafZyPDy9sHkKfayPF2exceR0eoZwJd11wH3g5Vu8MD3hklqDLLSzKaIFDtmef5fq0vzXB2+IvQrqC6bsVSzbk3ZrUne6nI7Un5+kiiTib8mzOtQmkvQec6xnydfjxbTONbsemmOrt4PVMHP6XOrR7fwvtzolqjj0bEYDRYZ7et0zxdvutZ4S33hXj9HqA87Z30cvVrCouEgTaxJocZQGEiBIE1IjIkAwiNgSCEmIDaxGgY6IyAE5GmLByRRzOt5NfEIY50dlYRtpNmvJai259C7tvG6afFpwYrK9Zro6VCcmddhDXnivrfNegzScRBUehzdhm6OC0uxaM5L3nhvqS6LO+JwuhfGKiyknZTaSalUkwSmECcaUk4BA5RkAAAhQlEY0AMcoskDEDGCG4tG4tWkDaaDi1aiE1CRVdzVXS+e+5+by8yqvSvVdOEs1VaLJ66Lw11bIr2Z6j5TKVaPZl0L1nK6TzSuorRRqqXf6bw/r081n9L51YRcDVSnE59quzk+08b6I+ruFpmp01lddlMls6rLbCLHKMgcUTIBYRS2KATUGk3CQ4usVVtY1VYE6ZFqUTS6rRxkEkADYgiSIugTG4qJodRlEjNj3ZTL8s9t41ZdTKlvz6Nhmt2xsLtl8tV9c0fD9FwI+cShfRODO7dXrjgYe1xks14L6q0mRfZ87D6VPKZ+jiMrnWehnyuocrrcrpn1vVythfU4xRltxGu/n67b4kYsspaTEU5QCwiExBOIwGiKEQhJxRaqKsnGRJEYuvx6Km4lTIhNwlBGcBuLBxmELawnTbSUoxTVbx68ZhyaJdeSnWatmfrGTr11mmlWS6SIl3Ow+bt85ry6WahNe/qhtk5fG9LyTkWRS9TPPpp5/0HFgeq4PUZwqdFFLscPcWb+brX6N2PN99NEqWQzas5XrybSMALZRIscSpiiTcZBOEyNlcxtOFCUKrjKsnTfEjKi9Umod2eyy6dbLHUi11zJpoTQRZEsqnArvptScSK0fOvSfObq+Cgmvr4+iX2ZLii6GCO5XxsK+g4EMMiSjbmlFpGcLTu7M1Enb5ctx5Knqcol3eFdXU43YgczqczcV5ujy1iiJs0czUnu/VeO9YbEhVmvxpboz2FMq7DS6bYm4qrVFjnVMnOuwjZBk4kRwlErbgSdZFN+NrpUIlzpLNbgjRXKsnZRcWwlEUozIMkKM0VElZJLLL86891N9vLtMK9GmzTFnV5c0v43V6J5Tf6JnE4nsfMLxYuJmmDKkB6nphGLOBRwQSLC3q2gYsoS78gWZWCwsBPY+wA6FgLDngmgCM9oVZIBRAtuBUwklaAkFTQBACpgSmC5qQS4CWCCrgEtkBXaEX0hRYA4gTQVXIIXJCvl0QlruC3oRCXb6AGdyCFADL5wF8xAK/8QALxAAAgIBAwMDBAMBAAMAAwAAAAECAxEEEiEFEDETIDAiMkBBFCNQMyRCYAYVNP/aAAgBAQABBQL/AOHZL5se1/8AxEiXxY9z7v8A+IkS+PHwP/Du1lNRZ1muI+tyyutZKtVXaqp5/wACRLz+E/8AAlKMVqurVVmo6lfabsjfdSaKtXdW6usWRKOq02FdsZr8yXh/6GSdqiazqzgX6+65e/HHbSaudE9LerY/lz8fOvavym8LV6+FBPq8279bbd2fux2T4I4EsvQzsqnTdBxVsGLn8mfj8N/lM6lq1RXbN2S9zXZdn2a4Iv6neVKy+d8fSdWsvpdfWLDR6uGpj+NPx2x78fE/yrHth1K/1r/axeZeEY5a2jeTIhrkp4lqdUpm9mRPD0uqdWop1lNqWH+LPx+A+7/HyWXQqV3VDUdSvmn74LLkV/cvumv6xFcTGZNEniPbHdSK9bdUaTrBVbC2P4U/8r9X6w/i22S1mpM89/2+8OG/NZn6pP6WVrM7ZqMa3iBLn2ZM9s9tFrJ6V6PVQ1MPwZ/iP8Lg9as3Jll8a4ynZqSfp006nXymvavPkfsT4j5lLtU8EpZe7iLNrGRRg4OPbptRKmWh1Sur/An+I/wZS2qO6+TopL7q9KS6grLJ9Tk3fdO6XuRFkvdj2JFcSWWShgipmy1noTxsx7tHc6rNNcrofPZ+I/wdRdGI7rbDVTuiSlKXxfsffAomxnpZJwwKGSNTKdI5Feiw9Wtk8lU8OOp2lspslMz7uk6txcHlfNP8R/gau5U16eh2TvsSlr7fUvl7kIx7oxyVUORHRi0e4WjSLNGsx0JXpUpKhZnFQjrVumxPBCzBOW5v31T2WdPv3R+af+Jqf79VGKS6lbsnYsL2wJEGPx3wQr3Gm0rNPpcJVojA2jhk2owhIvjk18UiUH3SybGbH2z7elT+qPK+Wz8R/PPiOje/UTnsWp1ClqbJbp+2PAzAn3SKNO5Gn0hTTtERF3wbe0kautMui2TjhmRSZljyjJx7IycX07V6jGn1Mbvls/Efz6x4q6dPZPql6qqcs917aWmWVrDXZGl07nKinZGAhC980XVmop+q2CxKJtFAxCI3EePd0zU/xrLZw9WqW6Pxz/Efz6nmVf039V1Hq21Q3E/u92cCt4ZgojmekqUYsi+ciF75Fhq0T5JZMSY4tdl785WnscbKOa/jn/h3P+zWP0CT3zUuH8CMCiaKr6q+EIyRMmey7Lsyw1US3zli3Idial8MfPTs/wAf47PxH8rMmrlst6hqHc8YVdW8lxL2owJEYldOSitRI9twuSIhdl7bUassfMpGTdgckyWPg6PRG29fSvjs/wAJ8HU7Vbdcs22ra9LHbTb9/tQkRKolUBCZv7QEIXZe2XJqasmoq5ccSMol8DR0u309TF8L47Pmf4mvt2Uyo2U6fE79Y4+rH1bVODg/YhERcOsqlxnjcZ5RX2j7F7ZLJfRkv06RKKJxwNr3pdofd0+z1NOvjs/wuoW7tRq+oSnGEZWSv00qV0zb6evSWo9i7R7VIhE/T8xIEeOykbh2E79pLWpENVkjcKaY+zWS6nctVpmSJxw/bgxxjt0iyPpi+KzuvzrHtrjVLVWvpVddNMWrNc5ejpcRWtedR7EIRE05BcY4ksCKe24lbgnq4pXa7l6yTHfuNOnmqvJFYIyM97qty6hpXFvkxjulkW2tRy3o+n2WuNWlhDqHT4Th0efp6oXxT/wdfLGn6ZHZXd9UXDbdP/yKPUfp2cy9n6EIpZXPhPiwgQeB2I1Wt2lutkyVrZlshDJCooRU2biDF7L6VOOuo9K2yL7p4K63ZLp/T41x1Ctsb0c0USdVusp9DW1S3R+Kf+D1WX0adba75YhdU65Rk65ZVY/PsXhC7RZGwhYTkReD1eL72WvLxkUCMSuOSjTyIUSPsFJSIEGLvg6npVZF1fROOGUQ32aLQRpVksOrGHHJ1GGyWuh6ug6TqfUh8U/8G/8As1SLfqdtSnVH+u/q6jva9sXwkQRgwRZGROZvHJ5s5HFtxrwWcGSGp9NV9VsiQ6hqkodVgyXo3FfqRIMh7NQsx1Edk9XDkrliWl6h/VLNsqGoRXK6nH6NudB06fpa5ePhn+I/kbwtM9+pn9JVFykarSbzVKSlOWfbHxEUkb0eoj1CuwcskRQyKh49HaSLfPbSWqqzS6v+VB6SucY9PgnChxI18pexnU6y/wC1ieHVe81aqrbp82OvhdRjmrS86avSt6+Pj4Z/4F//AD0sPTHHe8cYGdUocifEvZEybjPZMUsEZlf1S01GU6UldXxqYtEkRXMkRWZdNr9KqHK7r266Oa7oEvOCKMuL0WuaNPqsk/7K9PHaVU7bPin/AIGMmznGO+Mmqh/VesWkvdj2JmieZaNLEkSrNVRFw1On2iqeVXAqSiaeRCRHuvbfzCxfXqY7ZwjlQi4yel9Unpp0uq2Sehs31Y+uPM/in/jXLdDWpxvP2013wY7Mx30ksT0HMBlsMrXVSRJvKbK5M08pMqiR7IXd9p+NbHbZqEmaV4np1WyiiHqWaeMoamj07emx20/uH/f4WS/Ef4fXIKOpIffrue6QzPapKUraYxP3pV9egf09sFtSmtV0/l0uLqr5qISExMQu7GSNdWaiJS9lmm9OdVCw/wBT0u+yOIRFB+p8LJf4cuD1Eb4k7YI6091wvu1fMe1bJ9mIT+l+em15lpfK8d5Isqix0o29lIhIixP2Ptq19OpgUcT0enXZeJiRbZGBHlfFL/EcUz0YCrij/wDIIfTXg/8Ab71JYKqo2USW1+TwPkURjOmfZpfPsaJI2koEq2bSJFkRMyZ73LMdTEnHEum37oNkfDLJqEdTqf5Wup4r+KX+P1Wr1NN4a86SlWrX1ejdoa5Y1GldqlB1yF2l26fI0kfc+7Q4mBEWL2zXGtWDZuNDptpGODwNnWNbl6DnWR8fCyX+PZHdDXVenqTp1q29X5t6LGMpW1OmWurrtqxhiH20C+vTfau2TPZ98GCUTAvdLxq4ZIQ50sjI2dU6gq4ylufRNPusXxMl/jyeF1Z/+SVzcJX3+saOz0bdPbDUVdQ0q2T4Yh9umxzLT+B90ZMme7Q4G33zryeikfy/QvjrFJdR104wlJylBfV06pQo+JkvxdHqFdX+DLx1KH/lY5UMra86HTTmaaFtFln9lWtr2XdmfvpvBTLiPPfgyiTF2i/Zj3smaulvU0VYXWOGihZuoWKfiZL8XSaydc9Ld61f4PU6v/Mori9ZOqNWo1ij/I6RXihIlE6vHbb3/emsUTT6nmu76d5qOo10k+tPNPVN7pe+ODHZP45jrUpKOF1tfWdG0/rXrhfEyX4jKralR0TUZ/C62mrdO8azq8HEcpXW6OHp6c/fXKs1+xcEJ4NJqy65utaTdOWhhI03Toxda2rPZi+OZDy0ddiUw9SzQaWOnq+NkvxGbMLRW+nbTPfX+B15P01xbrNRv0mj+jVRacO2vhvo1Ffpz75FLBGzmnWuMa7svTszgTMmTcZIv4WTZDydajmHSNBtF8jH5/Egz/26Pdvq/A6tDfp3JRnTbvs1milGOm12opjDql8zSWXWuyOYdRp5fD9sUxSaOnTlIiuEjBIlLBXLIpcp597Y2TK+3UF9OladPySH+Lkxx0q91XQluj81l9dZ1HqFcqpZ3afTquqMlfF6V0zonDvrKt612mdcvboqvUjdo9p09+kfzIJPXQP58T+bWX6mvENet1V6mqJe9skyTyR8I1kd1fT041fJIf4uzl5RGTjLpV/qU/NOmEz+JUdZ0WV0fUw9OM46e2ucbI7Y98Gq0sba9TS6LezF50epVUbdWpKcz1T15HryPWkU6e6+UOlOJDTyrKJYIvK9jJSLLCl75Y7W+NP4+SX4s5qKi2jc85Oi37LVyvnaUjX9K3Sqr1NVlUbUU27vb1TSLUVTi4S75NxuMldU7HpemORT0+uCppUE4kom3BBme7Jvi6zCndulo4bY9plfj5GP8OcsLUp2Enue7jPFE9tuknvpf4OO2F7utaPl989oVSkVaU0lUcVxwcIyNjGR9jLp8ai3c9JRlwWF2kVePkY/wpPCst3OEcmNo5ZbeWdDu3Qf5NsVOHUdN6FwyMeaa4m1JVJFPArEbxXJvPdGO99iirbXN1180xwIz2kVfLL8PU35Iop+1eFgocIk8OfR7Nt65/K6xp/WpawyJXM9Rn8jafzCjUtkZORXDmK9m4ciyeDUWuUqqyESHAu8in5Zfhaq3CIkBSTJbSWMLGNA8aivmH5LOs6P0p9lI3M5IrL00CpMrEvbZPBdqNzoqIwFEXsZX93yS/B1FmyG/c0VrJWvqpqjJ2RUZURjKdyip1y2WdPtVtH5V1Uba+o6SWmt7JkFkqrNPXxBCMj7Nlthfbk01fMYkIGOy7s/9/kl2XzSeFqbd8o9qV9MOJRyQScroxiVxjJI6JqOfy9Vp43w1umlp7e1ZWyizBGxCZk3DkTmaq8qTk9PAhEwYJexn7Xj43+Bq7cREhcuuP0ye0hbxKn+uir1Cf0y8HT57NRXzD8vr0PoEVmSqwjZghaepk9Qlbg1OpIrfKitlUSK7MkY7skV+PjY/mslsjdPdKPLZTHmC41q2wsgomWzmJGvMIQ3yr/ru0c99P5fWY503aDE+E8EZkLcCvJagu1GSPJpYxZXXxCIu79siNuxp5XxS+fW2j8wR5NLA8Gs5q/QoblyOMqzk6Nq8NPP5fUIbtNLhiEzIpHqHq4HZkXJRSaevBUR9jH7JE1koucSNsZfFL5tRZshZPdJckSKNPEwar7HzE3PCqntW6Q2yibrs0VnqUfkuShHqXVUSeX2ybjJntXDJTpimraVxIoXbPbPfPZki2HN+mbS192nnptfC1KyL98vm1luX5Io/cFzQM1b+heP0Kc2vqrEZ56JqFs/HttrrWp6vCBrOo3X/CjT/dp48KJHgQ2bjcSkLs+7JE45ho9uzV6SF0dstHfCzcU3e6Q/k1M9sLJ5lE8EPNaKSaNfxBeCKyL6JWWOb3ZRpLXXbpblZV+JJpLX9WUC6+d0s9l8NcsPp96aXj95HLvjsh9mMZ+tHZH1WjrNf0aaX08FcpIjPd7JfLrZ9oDKlxX5qJeOo/avAm0PJGf0UuKJYbjjHRdRiUfw7Zxrj1PqLueflRprnXLS6pTjuHIyLkS9zH2RS0tSdWWa6lhIhI3vdG9xI2Rl2n8l0tsJyzJeXw8bo18JcOjlSOo/YvHZyyqmlKbTm0u3SoL1Y/b+Dq9fVp1r9dPUy+dFFrrdesI3biHKSF7H3fZFU1K9eOoy3TrEIZFqRhorukOSfya60ZB8yjk0suXDBM0jyp+Nb9q8dk8Ly7FBLBg0P0TolmHz6jV1ULW9WlYTm5P8BEUVLmp4ITIyF3fsZgn9ujf9109lcpb3AZEjgUEhIlAw0b2hTT+G6WyFs90xRIM27XTJWRvrwtHLDfK16+leOyH5UMxisiTZRI6Zbuj8t+rqpNX1eUiyyU38i7YyNd0QIIqK39UOyfufa77NDJuWttyMiY4SIReUNDyKbJTQ/EbGiNpuRn2667svKiKJUspJ12f9IV5hcvt18foXj2RTkLh8xKs56fbtsi8r4r9VVSazrDmW2ym/mQu2029kQKyHisTwbxMT7Psh9tanKvTTcabJYK+RIXZNI9RZUsnGGOKZtMI2o24EmbjcZLpbIWz3SK1zGJGOVGODGVVLY7Ybih/TrFxOLg+7I5Gmm8sq5VT2z0dm6v4L9VXQtX1acydkpv8AAXZCHEa7RZXMVhG5EbclcskRdpeERH21qlIztX3OtduESkhNCimbMHCMZHwLJyZkb2KzA55E0+2qhOcZQlEiiKSEyDHMjIkyu3il86tZh1bRctNd0J4cm5EHxDwdNvw4vj22TjXHXdVZOcrG0YMdn8C96ER7SRtNoonJGJXwVSwQmQkZGfuLJMstLbDOSEBdnFSI1RNsURH5wYNuTZ2wbjePkXeUFJX6bBBMa4qj9NqacJPG/iTaKNXizPqVSipK7Q1WLqOjdDF2yRIdq57JaK1WQ9ms1sKI6jU2XyePc/wYyINGCS7LtkixTKrCp57NjnhvUKKnqckryH1EKxdlgSRgx25XdmBoSHHlRMc9m2QnzHDLKlIdZHgeGoxHUTgalbJ9Ou30dtdT6tWorddnesgYMHSp4l2uthUtZ1RslKUnLPbI2+zXfBj4mvZkTITFah8jyZkb5I9RnqTFbMqnZnT24T1Kw78llo7BshBuVVOCK4FHI6kiKwIzE4Jd9vbA2LkSJbjkQ0Y5SP1wy6HFVvMWZTHHJ1Go6de659msrrdO2fZFZAx20UttkXxrdfGk1GondIbM9sHPZIZnvtGjabTHfAjBsJL3RkJiYiMSOEkbjfwrD1MDnzBORCrLrgkRXZ18Lg3qQu20wMccmGja8DRgwZHI5MSHki2byEkzamOPF8XCyqXAjULMZ/RZ361H+rsiBWfplcsS1PUJbHubztPIjaY7ZGJswY9jyc+1YJYRGQuT08kqxxMMwIiIcsCmRmjehzPUE2zkhW269Plxq2m0wTngW6T5xgSRwJob7YMYOOzXbHbaOJt7IwYEjkjI1FSshXmMo9p+NfDbPv1Rf0S+4RWQ7MkzCJyGRXbkUcm3AsEjBj2ZH2wY7bRRRKA1ghPBGxnk28uB6Z6R6Q62hwNhtYos2sVTZXTzGoVZFYHZBKzVIjfKRjcV9uO20SH2289svGe365Ipj747YZyRGhmpjzRLK7dUr+heO3UP+Fn3ESJHwiT74GVwyOOBi7ZJMWTaxrtgawPul2RgwbMk47Soaym3EheepFkHFkcGzJ6PLqQ6yMCNRtFEwTt2jm2NZca0itR7QGzk5F3TYs9347oyMYu2RYxlGORlkcxhw14NXHdVD7e2v/4z+8iRIjG+2MDERfDYyPJgUUSikIwxxbNgoDgemiS7pke+CyGTa4uBKvcSqaIpi4KyBxj0lI9BDUYnqRHbEd560jmRs3EakhKKE4mURmbjcORuM5IjZuYnI5JTkKTG2LI5NEWzkZyZP3nghwZ7NZW3mJgtj9Ojlvo7a7/jZ/0IkELukYyPCP3FDEsiibMiikTwVsYyaF2/Uuz4EJEUbMEe00QiRRZVlOtowxJkdyI7yDaMsccm1IZlZjOKN2WkxxZGJgwRwcHAkYEJn6TMmTKG0bzchyR6hvIyN45ohgmhIUsdn4UubHhu1ELSb+nok80dtV/y1H/VMiQRnJ+o8mMHlzwQ5lteH5iJcqLw48+kYw48ksEjLOWbWyUB4GRYpCM8Ph54bYmQMZJ14NptQ8CybmQl2aybEekjYhLAmbWxLacbRGTKIyHysMTZnJ++zXCRhZcRowOOSP0tvJtIIkjIuRlstsYywWLcramOUq5U27o9Cue/tqFmvVL+5ETwodoE1lftx+nT+c/TOJCRGeBTk1hkmfuPabG8iyYZZA2Gwwsfa48iwbEbR47QYu0oZFUOpZ2owKSR6qHYhWod5vyZbNjPqykOIon62m02iyIaEhi7PtgY1k2n6IpmCESaP3AZfNsr4N39dtjTunuNO+emW+ndF5gW8x1623kWSf01S5IcE+e0uFRyY+m6RW+VIpZYnhJlnBVyRSLkjgUuXIfjaxIUCxIg8EUjgksko4ORNkFIw8uLFFjiekbCFZ6aPSQqln0kemkYMd0I474MGPZ4FIbQ2jcZQu0yLFIUiD4mzPNaWLeFMjyRX0WxNTE3OJRxPRy3Ukjq8cXIQzwVTyQ5bg9rjzM0rSMtqxD4dMliqRu+llhCSQnxLk2I2rO1GES47YHA24IYwsER/azwJvPk/SMNvaYP1FcqJtQhYGM4JeN0kKzJuMvOXhyIs3My88iUmbXjaxqRyLklnOWRWVMiclR4VkitkC1uU58EWsx+y4uLfCOiWZrGdbj/AGds8si8FEitrbasu7g0qLfDTZZAplh05aghowjb9cUSNuT0xQPB5GhRGhxK0YIvBuMIk0ZwRtjn1EKS7bzcZeFuzmQ2xJs2szg8mBcHAoowQjzPgxkwRMdojMkzDEicWbXmMSxYG+IvJBD+29FUWJ7YqfM25Srjyvtlhl9DxcsJeOj27bu3XIcdl5eO1U9squY2KKje8vSmPplw5E/ploriHKZYj/2iYRtHEm8OMljPLZmQ3IwxPBGZjtFZJVocBJIjtYkfox3yYy+ENcbckY9sdkJolI3G8U+ybQ2ZOTLT8r6htosseIzyRzicyTIS5qZZ4f1FcXnUvbCvlS4K2bjVblGjV4LVXdD9aSWy7Ty31nV47qX5I+WuzNJflNLbqjSEOVeknIuNF99K4wWR4mlmMsErOYzHJsa5x2fAjwSyzaRgJG0ikOKY1gYuCI+zUjDRjI0IxltCRHgwk+DcsqQ8EiLPJwLtIiN9ovlsZPxBc/qcubZkJ86WeS/lQyQyaqe+VK+mxorkipZlqo5hLifqSiv1Hz0mzfQayG6m+O2wj5fhDjxB7ZUy3LVQwaf7q1xfBEiZp57Z0zcltkyyL2yhgwTgiODBZGRGMspIe0iiSwZJctcKPgSMDQ4kYiMm5G83G4lI5Mzz+l3/AFtMo4ZsRhCwcEWjJJkWZRkUkbojwTwRwiMky7bm6dZVsKduJ5ZBEpbYwzKb+mtrLhFIqLDXxxa39K5WcHRb3GwtWYa5YvIeX4/afE1h6CZqYNwo4sr+20eEXkX9Wja27uJFo8j4UWVzFyWIUTaZwSw0ZRw0jk5GJGGJCFjCwfSzgyhsTNzFaOw38ZIyOTDFWyKGIwJDMCiOHMYnppnp4MPF2SGRJom551aKPug/Tqrvk3GbNRPhTwb5YKytlnnqL/ufj9YNPb6dmls9SqXK6rxqCPl+P2iXJTN12ffVt22af7dRNRJPJZH6XxLQvIlwWcjjzauIxIYI+J4PL24JxRwjejgzHHqLO7JGwm2KbN7MtnJBNrYz0xQRgZ4G2M/UWZicGTcKbMvsueylg3GSLJCEPtPxGPP/AKyyjUMp++6eK6cZwsX8umCzZy0sNeKS2SRb07+Q9XpZ0C8ZF56NdmNjxDXy36gj936msOPhjNDdlXrE42cSWU1gnnE+JaCX0wf0yeCXI0yUWIi1iLHyv28jyyEMjrwPgUdy9MXnjc8Y/eCI8Cbzhj5URtGcPcbu2XjnG5meVI8kRp9ovtgSYkxLsu7RNEPP6tNTnOma33y5o8ynh4Tb+k3mSPmuRdnOjX9WppU4LwNnR57b9dPbpZvMj91cxujyiXgpnsnZLdHTQyTikrGWMl56cyGMOUSW0lLBOfDkQyKMsKHGMNz4jLtPOG8kI8bThOW03Jm9IVhuGLOcZMbXEl5GskuGiKIjSHFCwRwbkk7DcJmeyyNyNzNzItnJlibLc4rby39N241MjTP+yx5tg9sYvImNn72cb/qqWR+dK2ozkz9GDTWenb1K/wD8TvRIu8ifD7Uy4omJ5V8ME2SOnv6q/Eo9rVwluTghcC5jz2+khgeD/wBXFkM48GOXHIkbTAkYIRRwiaTUGhrJtZtJxFFkfPA8dkRwMSNpFI4ExMybkZ5ixy53GVj7j7JcSWpk4l83J0cTxmUpMi+D9yeZeFFJuPCZo19Moi8doPEtTf6sX57UPm9cLs32X0ypZCWFZyWkmaJ/XVLjyWLBPlQiieMvxT4kuUbXnYyOEnPBORDlMYu6RhdkzJW0S+k9UeWbJ52TPRsx6Fh/FtYtJYfwrcrQ2C0Nh/BtIaGaP4bP4R/BYtCfw4n8WB/FgLSwFRA9CB6ED0YHpQQ6oMVMESprZboKJj6TAvpnQafntJ4EKPMir7pP6d2HommmLt4G8kfD7Mp4lOO6p/S/IyHm1FUykteFcM0f/WuRFlpLJntgrJ5MyOcNMhAsik8R2/avVHyLy4yxCuxi01za0dxDp8xdMZHpiFoK0fw62LR1IVEImyJtXbHbHvz8uRjXbrWp3yitqUhyUnnjOyMc2Ous4QopvR4TYvB5EhLifD7Lzp3mOpWJp4M5P2vqiuJ12DWVdwM0zxZp/GCXieDa8YfaM8G7JJvcq5M9Gwhpr2Lp1kj/APW8LpkBdPpI6WmJGitHpoUDHtbF7MmTP42OzRr5+np3L6uWSfFcWIktxXBLt+48Gmmk53ZF48ngXmHixC76WRqocd6WXL6qpCsLR+avu0y+mBZhDcR5Y4WMho75FfTWyvQ1xFpq04wijC9uDHw4/PZ1y3FUUSlhQ5K1HFzUSMsiksLsvFX1OKwIz2iQRb7NO8Skt1dsdshkfMlurg8NMmxkPOhpsshDSTLNDuK9DXEVcEYXvz+Bns/yd5nt1ue67fgT3ypqWJy2Dk5tcEee0fKRHiW4XeCILMb48CGiLw9LPdHWw9lUixbZRkSeRlP39Gt3VxH3ZkX+hb5hMc/p19sZXSe4qWDc0m+Yo4INdlwR5Uom7hLuvFK4tjlS4cR9tJZiU4qyu6vZIYmSW6KMiqyLh9Es/tiMaMezPbP4D7SExmTPdfiWoRrJ+np7JOU64kMYnI5Ip4WCuBtblGo3JDzJWtxl+hCKC3lWeSHKnHBW9stLapw1tY4sfZMxzTVFRuGdJljUVvh9mP4cmfjz2kRYzIu8X+JPt1y3EIIRJlMHIVJsWFDmEMG7B9xtEzqMMeyJR4kXLtGWDypLBRY4ShJXQvq2koIlHvpZ/TcM6b//AEVeOzJG7ncJ+/PzY7YF3j8D+Bexj4Op2erqIpDWF5dT2krOK65TK4KCkxLLS7LBrnH0F4iiRApXDRqFw+0GT5Xg0t2x7o2V3QW5kl20ssSsH56f/wB6J8ZEyRMkRF8a+KSylnsu6E+y9i+BmRD7M6ld6NGcyzgcnJxiVx3FdMUOSRuIm7BGWSUkjUa5Vl2olYokVxIh5ofGSzksjhkSMcq2IjSXcXVKasrce0iEsPOVLzoX/bpZ575JEiPZsXZe9fA+8he2Ps47L4H2iPtKWF1S/wBW7aSZSVwlIxtFPBObzCYpE7CWpjXG/VTm85H4ijPEiHmjDiolsC6BjtTMlBNWQw4S2uq5NW4krFhjK5cM0n/TSS5T7tEiPncNifZe1fA+zMiJci9seyH3XvRLsjI/HU7nXTnL3Ci5OmGCNu035a5dhuacrsKV0pCi2WcSJeOzIlPEVZy/qjbBlnDFw6LE1dHJJEPMfFgxkXgyad4s07+qHKGx+GRXZkWJ/Gvg4JeU8+xPsn7F8D9kvt6xqd13MirSSxlRlO4WSnk8KViiTlvfozZXp2eng1ccSJfb2ZHh1xzVhldjiZjKOphz2rI+Jx4ksOmZZHJLPfJRL+yl4dMvp3HkYyIzJj2ZM+1D+FkiMvavGRMfZfA++TWS26d1KU066o3Xuwy81VjRCSiSucirTSmLTRR6SNhKJ1Bdn4Xdmhl/W61IlThuBb9r8kXh1zJssRF4ecqfsr4nW8qj7F2kTKybGRkJmSQvZnvIXsY+yGho2mBiGRMER9o9mzJnuhmO/VXjSqbJzbM5IxIvBKeSnS7yrTxglHHdk0dSj9A/H//EABgRAQADAQAAAAAAAAAAAAAAAAEgQHCw/9oACAEDAQE/AeB6aQXif//EAB0RAQABBAMBAAAAAAAAAAAAABEAAVBwgCAwYKD/2gAIAQIBAT8B8AWs4EMAGjzaiENzDAR20+Gelu//xAAwEAABAwIGAgICAgICAgMAAAABABEhAhASIDAxQFADIjJBUWETYCNxBDNCgWKAkf/aAAgBAQAGPwL/AOm3tUF60uv+sKaWXr5JTf1RyWTeP2KZ2H6T1OckOFFZX+SlfgqD/UMPjXtVpiXpQ/pk7r1oC9jGqyHjXtUxUVj+kn8p6jwAad1NbBf4/KSorf8A2vcL1M/0UlH8ab5nOyagYRkFQgINVKj+gv5Cv8FJP7Ro2130vWtCnzhPQX72Vg8AxVLH/wAiqFg8YAH6U6+EI6cbJ6d+5k2cqfTxLcUrBSY48jO9JQc+3b+xalTSE9J/9J69vwvWkYU9R4/q62Kl84lAjtfYr/EGp/KeryFexJ4O2dhbdMA5T1nQwFP2ZP2v5fKhRsFHxHBBZbJlteESUTkc6AKHZin6FjSN1+9fbR/S21R7dkSqyyLqqsp9XZDgb6EQo9gF+Kvx2EKqlEfZ0Z4+6+Wh7/Eqny+E79gAqkw+lKjTCHMp/CpPXssaNTas68ZJpW2iGVOLr3KYfFMj+uftpe30mHXiilCgWc/aLcsxqh+vYblfyVfJYvIQAvQuFhpchMepD9c31Sv4wITBA1JmVTc0pjo/dsL9aSq2RqqmpeqpxqkhVcPdbplCD1Z3CY5f2oCFXkilYThKPk/4zf6WE9aV/tEKpvpf6WEfXBanWMZokrH5N1h8cUp1hP2qfIPiUD1lNI+1Tb+U/aIp2qVfElQvivipGg/2iLgFApripCr7CwHcdYKfwmWFYSmq2QNP3wpvAUBPV4iybyUEJ/FUxUyM8pxYFCkhfpB7kfpN++sqqTo1lSoTeX64G2bEaXTYWCmkL1cJnzvkCAG63ixTIkfRQ6ohHLjaNYaDBTvpnK16qVV2NSOqMmyhTaBqEKLbQnDBRkPYkKoXnSCGSL7aji8hQmZMLnsnFgqWzsSoL2CGSQnoTVDVezoVU73epMLO/YfIKJTsbBUcGdf22WKnZM2Sex2XxQKmwFo+XOcJshJQppMIDsj+bymCxUn/ANLFQmqzNy/4/GVT2ZBVQFmeUEQsQHr+FiG6bnmjxmUSftYz2hs4TlYxsgRKJojmmkqE1KerdB0G6EPvwzdkSzqKSBYjmPYWpCp6EH6QPDwkJgEFi1JK9aEzMn4QtiOw6JsPssD8KmoIFUeWlUqkXxNnYr0lP5JXqE/DdClBujBQPBpIVJ+0KTT7KnGECLkaDLfihfyeQdHKhYeCVSVG/wBIVDdMAagF/wBRT+QMLtoDiAqlulH4Ua/vUEaPHKlU+aiSgsVAen8L4scmIbZ3UrdRbdb65CY9GyZBNr+wUUBY/GNkfF5inoqekp6U7TkIRpq0Yv8AYCd+x9jZ7MeCxWPwFih/JS4WLxQPwvYMcrgewTHQgL3Xx1GHUOyZrUlUnlfy0Z5W2rCfqBaLYTyjSV/8csZW0WHT4acvuEWEJuXip3Cb7zRd9BqVPTME5vNotShy/wCSjY8DCE/TzkkpgvdeuyBQ5ZpqCMeuswTnrZXqVNsHMIqTHUYJ+nbNssbqSsINqWQ5gOm1Knp3T5oKZ7YnsFT00KVtqSnHKbMbumBTusSwHmVI8hiFB5LnMU98a/KZAhA8p6iwRo8PJBxMFi8NcrD5XtvzDkwg2m2E8h66k3iDpjA5UpqSi4lN/wCKCY8s5XKawKBHFc7I0eGSnrOq3AqpabCpDiRoHKzI4gothJ4mKossPjLU8DfXY0zYBDJ7KNYo6ByyouDw93K3anoMNQkWbNCarVYZMJynN673BQ4HtUjT44pTv0JFYlEonRnTORxlOZ3yNre9QdEeLZOS/RGVVjEhYRoyFso0cOkdF9X2qTeIMnqL9IcJlT8k51NtB9BxYpjl9VNwho+1SbxeoT1F+mfxm07X3yb33W99lstr+q9hoMb46ApGSE5TXbO9ZZYfD/8Aqeo9PGtut1vnleqnOxtK+IUCNAHNu5T1GPx/QJ1SEQdBrvWUafEnqLnoftbFQF7cPfVlQmOR031kxaTUSU9R6HZbL61d8++jBW+eFNyo1cHjU9XtzoTHI+Q6EZY6SckleqnmvkfIUczc+b759rtbe0jlRnKFyj2EKLydeApHEpuUeo3W6+S3tJybau2lHAY3KPEi2154G+nvz3WyhbrdYblVaj3hTwJyxobX2tF550qL7qlA2KOlClMONsts+/XUlU9NtaOBHD30pzsTpSotK9btaeJHFlQtuLKfJKcI2a75ps/Bm0XnLN54ccwkJqlFggdHCbRzo6Kc7KchRCi4sURnGjveVvaLz2UXOTbIb4bFVZ2T3m0Z50N+rhbLbJN5ytkBCFViBnfLHHjPvn2vHHFo0MYqZH7GTASiVUdDCU/PjowLNokEZajpDXk5ptv1jp8j5dsgVI/OlN30JvHDe23KlQoU3FIyydEOqRxoywp4D2i3xK+K+JXxXxXxW15vut8uy2Wy2Wy2CgKaQviiaSi9MIk5ZtHUbqbbKAV8V8VspXzXtVaQtlAW3N/ioyMMu3DjWZitiopK2Xsy+SklbL4BfALZbdNUftEmTd7b2i8r103yvpQFFJWzL3qX2V8V8AoHX4VNp6CVNSmVAW3asPrLPDdsjZsPcuVV0D2buSUdBgF7KLHVfN+bjuRQM8KcuLhtcIdx+hmna85Dxh3B/KfLKa05GpkoudZlHf4XjU3j+nlObRli8KdedIIdthGwUBYvJATUpqVOT1U6k64Q7Woo1VF1AX6s92oT1rbTbghU9qczAJ6jpf/EACgQAAMAAgICAwEAAwACAwAAAAABESExEEEgUTBhcYFAkaGx4cHR8P/aAAgBAQABPyFa8VxPjQ+F/iwXwz4H4zzvkeBEGvOE5TmiYFohOGhf4C8L8WBL44LxfjOIQnjPDQSkHozSDXhOC4hBIQREaHROHxOUXxnE+BcTleUEfnEH875Q1xCeU5TAmTfE4aIYJxPM/wA40OvCczifKiC4pfKTL0K9r0mby/SG8IFqS19mXH0ZPTrXo3ykvhhP8LTgg0QnDXM4bwUXjBMHXhfhXwr4XpNF7Lv80u1d+B0o37EP6PweRRkz6KJz9ZEVF7QsSbC2U/Of4kHxbD4fD4e+GZI+EQSYkNEHoQxeE8V8iHwj8RCFrbevY6aFfZIYC5yNkJysC3cLGnDMD9B5Xfivh7+L+CLyMfDIPho0hEvEJyvLWDQfD+WEF4rlAWk19DDCjFNX0P18tcJEXFKbI6jyI2z12kwVdMwGQNsj+jLVj8Fy/wDCHzCcwaL0LlH6j88NBD8p/gowX0SDfQ22N+xMZOVvieDI0xsjdUEDRJH6Hp6Qy1fsxrztpmWn+4QkX7iOpna465f+HPfwkJxSD4YuNBeC/wARFw0h2RgfvKJngmHFk4KJNpkXqpwtkTPoha6nRFhPQ3vIlbM4hCXsH0j2TGyMmv0ng/kviPfLnEITxSgxrHCCXGp0Lhi475nlsXixtZtEqV+lU19oQ+ER+mZPO/BLA8PkGxDIQnEWh03MdIV/ozYMULhfYjRWPTJ1J6Ep/wBBEt0+vjnihcacYIQSH4TicvQkNcvT8GLhebXM8W4zaIzv7QinauZ0ITazwKeSnZSEYSQnsmeBuFmWKl/TM/OD0IQAUw9lrY9b5zRclfQs7M33uhNYvZDJ5XwnDFzqNeUJzB8LlkojQWvKfG2iyxpcSQVPA7N/ggrQ69jNP/5DHWf3G3++VKHnFg3WaHA274UrbNiPUijO7oZWFdISompwMvZCGtiewieHmnivHQaJwh/I0QhoLmfKpjYjFPQIrY9ihowQO50hOoJoYXn64vE5xZK0pvh8IQ8iFiLWUQ24FdEM7jTwFmf9I85EGEMFLw27So4jryvGvgbH+A1zo1Oub8f6O9DqRMJH7FWJ1GZ9B9+UpBEFgJ55JcLPCEC0rUK9DNEVaOh4Rr0YQnb+zYMvwm/WMT4K9IW9DCIWcLYp6BC/Fjwvi/PBD8J5QaNBa5nlPFZGkf0M6W28ISFJO4KZVwDV+uFz0MJVgYo9jLw7QfrA5JAxbAowHwUhJqv8EME4wH9ILGKHWHUDJ858HEpStTXyPxMQ/FEFxCcPwawInwPxx+CNG7sPpCJnzEff34I6MkIRZDwGMVFTHtodaCqtCyglDjMENYJQlOiqIq5FGBR5WBxOF9cBu0NI010ypkvLGJWEehot+CGXwXinjOF5Ma8dPjhOW9Aj7BbEsTgTxUtF5tMZPBqKb0X0MTG6Ma2OVkJ2TogpFyMZkKBrBuo4bapRWEhmoSdP2LPAbx9mSe0VtDROLR6+hnJ2E9i6adt8i4Uc8ex8US4fnodfM1tZZRdvPGAZsbGN0NcpjiDQkHwlFbAlGBEnry7FzZFKZrsEn9mTA8ivRCUzbJ/Y16MXBS8pugaiNoTPc+a1w/JC84RCRHXnPJcGyWkK6oXdEKky0GLfghM9Q1y2ZMYzQcCI4O445RcIWeNS5kZW0U2WSeEPqG4RBpsw/Cn2PEYtLsPCymifChmvM5YvifL0LXxtYFxj9jJfN6OpzFphq3xPBcIXBjYlqzizQ+KyHFw3guDFETUY9WqVWBscG2LBIAmcB/hENeC4RvuUSFHhczynOn+C/B18pBNOI6sDDbsc8aC0Qh+CCGYc2WKkLA0GIKcORCE5fBSbF17P9oq7FDNGxwS0U68EQWyVdAjr/CUflB8Pl6OuOviZ3joO8lx6JiuULZNRsnvZ8ZkWFBa4UY2CzoSiBOs04pRBLkuEKkIm5SWYOD9Qlbpm8MfgyizogIcaJiGr6Y3F+NBeS5XJcQnHTFxCfC8oW70SK+3ms+5IYy37BjVXpfCFCg8d4S2GwqFiVCXBC8CQxiUFK8FFtIt6pv44OBrh8u2Ot5MUa6Pey4LxfxETmCXN8mPQvlnpkJ9JcG9NFj4fQ9JaOhF5XGgkYsWRDHYNFmHXYqfBccCKEJ2ZoGYcaKbh3BkhikLGBFwtCM3eE+LqpaDZKyPwV3oeRMuNeF8G3inxviUh15wnL4+skMhO9mhyp1O7BiUuKJovF75QtiY5aG+iiGYqNxKaeBskITJHJ5IbB76kVLY6tQbRrJ8MetmfEqEswMixWnYOg2UY0QlDy4+2P0f3R+N5mALaD2LjEqaeS56NzrhfA14dC0NcMevhfK0Y/wBiUtbCzexC7VtRU6JYCqX+xq+CEgtccRKSEFYkkUlFtsW1hjhj/bKstjvWCtjVMIU3oXAz0QSGqLZhrEtCG1wh+mxHStglJTKUyXo3h0QtOEHr8YesGvOczBHwTi8zyY9C+B8Xh/sB/MFNrcELInyhlWAaV9mbv78FvggVSnRMxGcsXEIsJpYKLbEDRCF+FHFsJiPbNQzDsQuC4yQ7xgXZ6LaNiXqJiqpN7olDOIVkaFpgnO6fpsQ2B15XyonFL8M8GPXjS8vlbHx1QlLAVpD7oSHxTy2IRVAxb8EUFDDnhi9kWZ8cGpUyMxhKFZIMtBXsViKYq7En+VP+akdch979hZlC5roY1Lgn7XG5KhtK37ITTgWjobMhDy4aczXQeo+EPyePnPy0OviYhzZ6PQ6txwe9C7XYuf8AaY9raejESMQ+TEWR9nFHXBCZsemhjIYrB3WmNdhtsd7ExJV0zSqvo2QfhfAVZGvsehISEimaILEyyNhoK5IuxqyjHYIooa4lRrt6NUQYL9Ll/Mx8HXDFw9M65XwW0NtG42zYaJUIzQjF8I+wlEscSb5cZqDNfLs2SYBam8mMoq0GrcMmSgg8jUbGSYyFWUQkTk9DKVx/8i6l9jaJRHkgyWqsRN+x2RgQ17FhfCzYvgvGeb5emdC4XiuWmw0eGBJoThyGNT1CJ+xbMuU4x0yxGJERiDExCzIoh6FO4GJbEnsKUw2s5ZLG6Ri2NReBjGLcXcJaPshObLB/iFmj/RadY9bbMHZKPYkMXmzbl/M+GPTOvBi+B+H2Ihp12aH6ZGEQ0QRUcJSCRldGRD5A9CGmLLSiLXYgx9qBklBkVFSLwTwM2jmBmeyIpRXjZkli9D8yMe5WByKh9hGn9cPmeOhm/OcT49ReSGZP0vhjhnYpdhB5+gyqiWBpEMRihhvIgxISWYakFJCEh7E+HQ8oG0m8NKkmDDqeAjmnF4QiYIYRmbITZQg0bQVeORXTiqh7Zf1CHxPLQvywQaJ5IfD4bwL4Z4tAu3Av/aG1V9DVQL7RX0Ylmvrh6yzoYwlRH2hMjcaKMlBIiRfBDXBoQi8IcrCE2mPvL4y8N8dlXMFSGU0rCkVkLa0EhLoaY1kiUv2IfwPQmRjEuZ8rOhfKhr2b9CWW1SGImZj6DbYdFzHp6BsO0PDZlhpEmCNjClvjWuUUXh2gpGPC2Oaw3eLpsGKVoUhijwNwNaiQxkJWI3XS+BcPXG8whR8P4G+enyv8BTMqDrF2XBbpIesBxtXYib9J4aEJBNTixSSGhi0LhcKQhYd6NjYkN4QoxNgxL7MR0SKhGt6HvxexXb7Ei/G38344ITh8IY9Pl+DXyL7YhWsUrWjO4C/wjaP+DRU2xiavQdYT4YnZZRXB0HwgT5zg+Ko4rQhcQTg8VPoQlOK+y+B9jNqGEdCReDF5Nxb5Qxi+F+HTF4IZRonnjmiIblwtdAplhaHIZ9icHsMab6EbU8sRgOdkiCRSjGRXgxh4KCTBkx4vPFdDmStApd7jdgpRVYorRskqX49DfxQ/GcJ+MGjp/wCHgI2xjRZ0xLo8jXRRkckuiw7ChrJ4qFKNUSNcEIYW0EgiEkNos8EhmxucC5YfloauDAiwyJgSRC5yfpBI/Xx6G3gkQYvGD8bw9MUNsIQj5fy9CofscrFRLVjMixgUz2ZfDSIvAtrfZfs2hi04lMKl0g2jbFLWb0h7YQxWQx6GQoHgJtPiWuGMfhRmhYQ6QYgQ1BawS8u+HwjQ2KThcTwhc+GfDs7FhT7MooP6+G/Cwva9sX4OCzVtsSn9cbGE5IS7OhnYwayaJxpHWz7M1tvTEmNCM2xKUsThUQzETKN8PxfHIYDQHq+2IbZrlfDqbczhD4nnBIng1PROnMkj7Q/C+S8vtAYrpkzbNoxEEmOxUg0aEvC8uhD40GiVEFNzsIcyKGB7MjHirYmDfL8GPgdxPRjirHdl0Ikjvhi+DTznzMeD4S4fL0WwwklT6JzPKHxfluRH0htNJDmqm2ELJN8vgYJhF/rfHDWlByaoRsYk4nHY0qhzsllopLRM+orgwLEPoK4PzJxS4FYljGt6caL5Xn+mngQxUhopfhfD0JOi8kLBuMIQ2t8ZyvNTUBSLdjS1z2fbtEkVux/BHnH9cQyvV/fEYZ2YWGoFvHhhpog+x7yuxnEVZQmvsr5N8xQYoZbMMFQfD34aeNiH8E5pCD0LRdEM4PQpVZXM8V5M0Cx4f+EwsvRIWml9n0yYSXJ0VMH8EINGozsyL0/OIbcUkzGxu0x/Z0aBUq+2xGTQH6e2OLke8fIUvD4PYRGY9CnhK4sYXyaD+Gee+WYsoY1YZWgt20KpYY2T3xS/J1gSNFpU7DBbN+vJhb7I1I0MC5ePUhpTGhkEOFsv2U9srohLmbeL0Y4t9mCJCBfodqh8ELw04yMzHVRy29vh74KtPkpqNyub5QnkhjbGDyzDIKWgNFI5Q+xax9eCfIhxiQSS0hsJF4bIsj9EzkRYOj8R1LSEYeQqkyFoUEpbQ3GxMTKOKTbGToWp0RFw2TBuSF8L45Q7IPxfK4XDE2bMYtcVJS0UjArAHN6MzaPT/Eb5fCUcND3qZcZ6LZGFVTqCElkZGLBCyyICsZKJkRkHgYcjCxwqraEKoOMM08C+LQfCGvNbJ5NxV6LAclnYsYd7Gz2VosZxINVWGNCfC+afCxrEUnOZQMwZAThLsPODsRYuUILDMJXlITLNqhu04EDcUbA2WPil5fE8T2P4ex+E4vsyJfoZtD5hmEwWShhdh9pfdUej6GL4F4ded8Uqa6ZVQ3s4TGIbB5ZHg5dC0wJwtJIaG+htJGdGUAcstvgSkIJeBpAuF8Z75QxeL8UxDM5Gz2w1/CYwiKwj+ymaIhgTiB9DTuZwmPyhrzn3wvCcPhCB07CNPwEYik0KC0iRBhucMKNpg1wUhFDBR4DXiKpBa+Jcaj4Twfwoa2PelpEYQ1pIhwKKsUgnIuceW4iTfoQqFovgfwMWB/Anr8Yxa+mMTybiFKI4a4sOKSKeTI2ZKsYFjhWAwgoudB6scL4majFw+INCGXxSFOV5N/pDJioghc2zR7cYReMS1CH9j7QY9D9DM+F8bzPifgrFrHsTJiYIzbExkfjIgbCUrZtYPoLlhQQkjByTguNeD3y3xhryvDYmNcPlrlbQ9/A4IurNEc1o7eEtbQbwJsaxg+VP5bFPXrzXjBk+Gj56KbXXFjMpUUH2Duxi2KS2PxYt6FqoQsESExyg0Th54rhoIQH8+LQYh+GeUPfLwjosa8Jphz2ND/VGcGJj6mbcTxJkG1cEl8l53yXD4vhDr0JF6YvsgkhmIoYyeVtFEnsk0JjJsLwZcPnJGKHjI1RTrfM4fhrwh/B3xSt7HMBaMMFoQg1gtRxGYLCTPpRXtwR0e8I9lTyXmxPyb8YOiyPY4spPDYxj7fCFwM2ZZSWaPW4JowGxpBsfJ8HEzRmR7BHm+jJhadiS8mrXyZr5Ifk8KlBDGOiQbAjUGJAzxN4CbSNAHocMrY1dHoG688PmeU5nwPiLS/o0dH2Jb/SjffE46FkvGxMCWsMQgdTkoZYffwMz4Id1Ed6vpiGX6Mzu0zOVoXh4mmPw1+A+UdlYc+ohs0EqMsQ1CA7iNAhrxFJfaJYGolEJe8DkK5yjr5b4PbUkP6QBgZf9G3Y3WMXxguI7FMSy/Qw4KW64LxDQyJn6I7A/2CsLN4GtGj8UUn34aj5Q+HzBMYtuMZNOChhBihBaLUIc1FssSqUzboZnVDI4/TBquJwvN83lPh7TRex4e+jseVb4b4681yQYxXW5Gy+hhxIZOH4ug9RN2Iz4fkhxiFo4HkyXszLLjQfKE1MnflvA5xsVMNAUkFwDR4GCMg0FE8mISME4OhUILB2Sx5NHLF4Tl+LMpXoYcPSj/XgdTxRfJcIUxF4HPDHDApJeHQxRZF4XAyegPhw94QmRIbITNGMLa8FhS4Y+LwxeHYsKm4mx98eeoQTeRhkmilVlNHKAUyYQg0FSMWkfWBLlL8cINHWdF5k9ITBKAzY36KN8zhMXMJyhBzO4zCMS4oFya4SFFlkV30OeCtMX6Ac07ES4fYpgzcyJuy2UekIDvC0XheOxLGOY6MMlko4J0qInsboMRyR1cQm5J0MgD2eRx+D1h9GSPzfl0In+ImalB4aZj8X8QgQVpsM6ZheFEE8cFpCD2LhClCGLz0DG5xKwYpGQbOARvBB4MApgHFkPuERTYmdj9OEPiygeTIYiKouYuNaGl/MWLoei0DV4MwSZUEX+hCgxS6ZPYvCeSlyq6KDqeyjDfY8kH8SFyJDZjZDT7JFyJRJgTikyPpwYOGgmJRDRjYUetxlNyzseTHTIUSN0LQEihDEnRGoYg3dFNwUyeUQKi4y2HrB6w63oVwGAwD0SI7QzYIaericMoNqPYBswfBC4EZheZ4fpaKb9IcMxzaY/hCEGiGTPM8UxhYHqFTXHMeCBEXBbFPaHNg6UfBeDY0NRwXKH2Y6eWO3BK6wL0i7g/wBj0NaKgcNkdh2gdhPcaGLsDxXtweehwQbOv6WOkFpHcI4MVQpkSsGXWPTAwrE+GRB1g+DfJCzQWzJRDx8pqIZCkkLsN/Y6i9iFoa4Xh+SD4T40NR+jEiaK9D9uDKKCuWJ7lRRcKQdQoxC0hCGVzsp9GDQi9CwbSinR1EN9YMxD2P0H7DDsK6DzoUCTuDUKroo5Nk0lRFVgnhZwkGuR0OSnBYaYxQtf0RJKn/B5wP8ABofNPeDJSC6NeGJBa98zhnw6UOzaBOw5RjGmNEQc4a5nK4a4ohCqZpo0h4ckiSooE9k+xD74SbnMDR7JnRzsYzfJJaFnQ0kOXOD+5HpE2CbehWZ4J2jIeziJYmQyZFDQwQ/2GmUJ4aMsFEp4hIdB19GKtYyCYGRaXCEbGhkbFB9cxJX0SxE+yrH2Dt+GFs+nAVfBGSiYYZOXOIJCRVDU4RXAhGg2OkwxbwT6PQY/Sx+qPwc/+gjVh6kaRj+w2jW9jW9mvYNmHpGmRnaCdBhdhthjJmEKvsiCTsjd4G7cSo8MSrInsTMkMRyivJMbT7DEzFn3IWmSCRTBFjfKwOQnH4bCRoSiw4mlVfQub0LAwzedfpDWWXprhBr0Eme0WM/BX6JRcNFwNScPAcyQ8BiOhHYhMYuz7RnYyewi2DaoQvQ5Q0HQOmyoaYQ/IjrTAPGClUbuG1ExUho93wi7GIFiU9gntl1hihZZC7MGOb2Zh7Bj2IMw2uNYHN0VQsiC+hvYlZlvrs65qzg98Lk2NRzghPQ4rp7Zmr/WSLdYudGTySioVqQpDD0NWskIgta4eihmINIQ0RiaBHY6XHAlGTCJCYQT2LwLIgyxseyC2NumNtkbBkiNwhaaCSYUEiNFEh0mFsa9ieoVN8LEPJDYk7CoWhIoMykPh2WTSMjbBcyTWBNdFNjB24rfB0LWRWC1zY0y4Q24/h/wMsCQs7GPHBEKHkMMMKnXB4j+wsGzoqi1ckiGk1g2GEI64DOMqWskVeuO5pwCH+lczfqFGuIRdHrEOqzGgQu406HZS6kPQ0w4mLtTBwWhsHjoWOj0BOO0XsN9OA7G3RZ4tZPsFgTRDGmhuExDG4YaLungLs9CEkSbLgf2WwLNDdQshfWSDOBYwGMFdDuhGRZDUTJmxY0G86MscSCJ7NcCoaJou1gZXInAx/jQjoJL0dsI/Qa6MaBPtURdmUTtoSLCEHo0QjAbdiWUdlRTAKWLBgh42EIh1sba0eiZdCWMiUfA98JswEhsbj/Q3jRHoboESRg72ihVeE9FJV+hk3exiO76P+0QnO8Rd4EjBRmbcJ7KErQ17IzQCt6Qo6GTqPsxD7F9kFRS0uLOBKLGkJCaaHro3yHb2NX1xeEJQ17Hn4Kyu+/9iT2bqH3iCwjPgN7lGZCZNwzBd0anfEjhHoz4QmE3YT7Ij6kOdDadCISd3Adhlob6LRTPwLGMr4KyZBlrIhxCDJDWYKOhbFuOU/0n/Zwl4HiG6/oa4n2GofQcYsiyITGyHeHqR0Q+wyMt64tVZGkshUmNUSC30P2V7yNsqPnLG6sF3xWcM6md0NS2OegnZFDbBtWGxzBKShp0FATYkdEaeWVexrKtiX2IEgwnoZhcCJ6GbQ/qMyWSIecgpfZHow0FjWLbMdodGZiJgYh7SFojVF54rRpk2XwGIZR6FoVfxI/ryIKnQYQR6krkoML1cRUs2KoXwHNeFEo2J+wvRkRp5XEqBDUnkKmhoYdDXiG5nHEbLBlRJiZovax1ZH7CFEEtPAuxscx5EqYssjmGTQnqZImPcCHyyZk0RIZJaJ9C9QgbQQ0KLIoGRKhrOEI2FLYnFHQ0SLfgo1kZBU2KCcuWrauyWw5lidbC5vIQpo6EfyJBH2QKhBDySsRLR3A7gQZ0aBo9DJwOgjEhV0yWB53FTQ4tLJHoekg1yC+0dtsV9jRiXAwftgRkVWRCwIvRhcdN5EuyozZZnKJKJTVZo0ewTYFHoT0EucHioIVoot4EcId2JDIeOBMuxULGsejYz7EmimNMR/R1ClsaaGW8HaLQ9qsfdjqKKbFiqELQzZF3YbqhTkMAqjslGmuP9FwtMlwNFjWKOkyUlGsjUEYIlQjkelUdNDFIYTol6GfsKLOzoDjsUKMW0h7UPazgVd8VDTiYjNBqVip9R3Q0TyGNcKrj0NE6hp7MGROWy3Z2gpi1DHo0FBUrsRdjSI/CDaiwFgYo8CyOPsX1xIBB9zI9mLstaeORqoMWxOsl6jga6FmRrNQRmi08CdcHTQTE7g0asosTi7aJSYlMj6hjQyKa4EN7HlBe0MLBZSHkZPAlWhBgvRNJnrEoL3klgZpEJu5Kej7TJsYG7IRt4RlpRLgLLKM02BN7M0HdO5MUOCD3DDkaBl7GTshoeCY7nKsjkG0OsSLe2MfY4Y4rbo0DG7JiWsMW7PuI2ETYTorwjFQpJjd4FbeWMcsYhsdQhFodcTpsmM2VTFholOeiVErEIQS0NcrIJZijAn9Cmk9BnISZJL7EkShD0sRM0N1TITx4IL6HV0j0Fp5MmxpKNroOfQxZZc+0UtsnpiUJawxxrY/hhK2RAtmkMGlROZseghkxQ5leTtBJ7MGSpRI1BFsOh3Q+hb0DLBCGyNcIX2SnoetCCJoVOJCOCYR6HhwDpsY2UIWhdIRkROyKMfK/YzGYwYwJZWBLpoKM2odUoY2SGexaqKUSeETuSWCMkoQp9HuQY19D5+hVUHqKnsmgt4Y2Q2N8IU6GCywOWzWPhEPBYHJC3EakKBzFaI0doJPDPsM8HRhC7o/BL0L6mhbI7EhQOoytmSRVYJKRUT0KbFoK8sfoiy0b0OOK3oqIWoM07JWEJM8B/SMgZMrnNh4MWxQJm9sQYCEOsJidIEW0ZuwsoLZvYmt1xUgkfhDio12JHSGDeYiVDZyK/oPYiqI2i3A7FskReUZFbF7C9DtO/E5NMSvpCmj6jIaot0N6MxxNZsUEgkqvQ6gdaRCN6GH2JTLKEdox0Ngxk98DsiitjYFaEDKYPYJIJp1xi4vkoyr0NehNYRmJkOeok0pKQnoYrRDlGRGIgyPRiGYQC4o3kzBAfQ7eey22YjctdCErlHYpX6P17wvNTjMXkfnEbHWL2Ocm8yeh8NGbFJpjc2O0GBSNljDExYKCDApkxbbI4Q3hC2o0uisQzTwX2UZfT42CZnLJTIeiWIR2KhQ9FOj6i/AZeR+ipbG0NJ7EC0MqoMEoeMDy4T4ObYmkp4LslOxJE9xGbQinAojLPDxxa6CGyqHadMz2OzOCvsxab5EvaNkLsMGC4vDE6jUuuFIwCCDUfCV2yMXQdZEO3VEbYzqKssSMN9i9Q16HfoRnxCOhg8ZPWe5jQSbMfCEzkadIoXfRkxShn/RjQ3jVtkezoiK62TsG0wh9AxjUskesGWQy4FQT0YMJ7JLRiHxk2PYcJiCwjEjtD2kBbbEREQrsQXY3NIpuB3hXDIrsaEs8NrLBdbkbrwE6yEsnpHYyBvLhBMzuYj8mMlDCFedobA0ZFPCMW67RUsjNp0KPY1w55KGISIaxlbIEB7Qpb0ZsIVBIF7SO3Bitn2iYWTBqwQnyR0MqoT2Nr4mxtjFfLHAQW6xImR7HA7joWMXYJfRk0NhRgMIYa2IkNcJZHuIfBciYMGdbM8h3fBIGQ6PbyM/UhYNNpbNoNfZmmtCr8B9Roc3keQps/glGn7DHYQX2FdIMkdH6yIaBJM6risSjFhMdjmiTHE9izpvgKj2UEWcjpascaWsSieGxsJZkWMWOyERsZuxZTua1jUdKBwFBB4kpZXB9AO2jdg1eyqUSUyx/UdsdZqiWghsvsP7KFiyIujpAabWS+homyhiY02I0+J7GzAyCQS7lK030NKmnaKdhDVCITcIlLBJnAr2aaxFLY5LJjJbEZBHqGJumdcYGOfsXBIkKXHIMYhl5aW16MBF59jRqFdjsVMMplDm+h2432UVo4Idk9wWoKdCxo30NWB/YUhhekxLC6IhrRPoS7IYaLxpTVcEcCSXXGgGpXshDQgxGYkCyCKqQ/Am4LZWLWxBCBuKyhsPRGQMaEsBmWiKjUFyK4QSt9jN0e0zOAt4SKGbD0NThOeOTxgmKnR8J+UDi5csMnIe6ikCRjRaGFJRFpCarJa4NhGBniYm2RpwcrNw4CxorOFDyRPY0Y9CNodpQyRHhsjbY3di02Z8C9hZYPYx32dxlZggAg8o6sDUsCd7Y16PRFe+hKiywNJN5IbHRbHTWDIa0ZHBkIehyhOJ6CF0uIluuI0k6pdbAncwrZnFNyIeXiDjCzASx0S7IxiLML0gUTeBBohMT9PwphAdJcmBA2pwjTvEkmP8AgVagmG2K82Mk2ZCVldSRooEwMSWToDLYaMPXsJjI34DJlwCGE7HypMRl9CjlwZaM2T7jE2QZHZpMnAkKsQ9mLpMz7BMwcTX3CayxJsNu47ZV6ETDJCbhtCdaY2CTyEvbZg7F6xHoSH0z6Z9UWogvjLVsFH/gliojQD0hU7Y7M7ZiYOwxXLkvUE6QSfQRCHeMJFwaGzZFghfPJkiibIpqE4FxklHtg5RIVt1sT9oyeRsmKFloZBXMDZUQS9jSGmBeomYY+hjLKLLN04CawBLphklTLez/AEJ/+CEOGNijX/uP7He/4Few6k/94G1R0SS0ok9L/RF/+RBGL6CXCJxeDZR+NFw0NQQyRmNJj4V9tEtDlwHKYrKVHRi2XA+MMAjQyQqSK0KCmVBCMUMQ2UOE0Q1iaJrMzpBtnszNM2GIhpbeRN7GW2R2eFkeQkNpMHqlt0Y4EoExZX8NbP6ZZk/pcpuKreE90IIg0QOOEELSCgjpkyLggZRPh+RcFwhIyQguJ5QXLVEGscHRkC1mgrL0N0EhgqzsYCrZcBpvNiwM7DceElQ+gz4Gbn2Z4ysDWBD2JWyXoJPA5qEt54nxRhui+yQq0S5jGPmWv9GVDf0KQab/AECVoRBpriL2QQJGi8QSIQZSg1w+MCQl4Llifivivocpdsa8oYhIWgwiyIJBXQUyMkJL+j5YFohS4Q6aUGi0PLMWYaJkW+GiIJ+4e28mgz6ehkTBRzRk8lpZkV2lEK7DV0/ziRbhGnp/owISQ1wmMZGKjpnjZCTwpR8qENMXiheD4fCXkmNxE2CRjRCYPaYaG7FLg9bCQjNlFUiQj0GdiZhYYIS5xpsTgEoyC0kMHEMzxwf4P2YKMgtDhvThYRV1wXHFREHkbcJCXE5o3xBiJ46KYvFKf0wJlExsU4pSl4fFLxSjeBFqMA4Um6EOJCGiLtGho95Vi8RH2ZoGEQlKXCBiyMQxbHDuxcFqNkSoag9a6P3I54nwYmZAfpj6jErHGhn2amXE8iYJGIWQyjIicTzviYzRdDH24UuRrwxfBOUy+CMQsZYvQ5Fmj4myQ9BGdNwyjlVMpCArbGiuBMAWjYscFNzBIZNwb4ZTE4BFYgJbKqBd6Ptwx4oklPsVGkmElihk6URRBh3g5ci4TKi8XkpSlYmNvwbGgmiWhCGRIxRvgpRcLll4viiDEOTJfmxK1svsZ0zakdiRDETGRi1houEqZcQkoPSBOoWTSN6Me5MvAqO4WncG6ZGJrBRsho0y0W7ZYtQkbhiP/MPjEfAoGxTlfohmvIhrhF4aGNDgSTQ8vA/NKioouC8m+TLgyFVN9CHJNBjGapQaHvAfVoPZGXQ+gihmAcq0mahz4bGOIgkJniIpZYwrOgLEEmOFoww9RuHjC68WcbGyNx6LkonxSlfLD3wlw+GV0ozASfiaPghgNUnDcNeC5YD1cOjYT7JFvbbFDJgjwSQ3BCirRFGBZ4NhDnREORU0Bqa9GiGBeDCG1qHSZXEI3EjFYQ8YvOUuwxGzYhsWeQFoaAmxPA8BxDYTfocW3wnhRPkxMRCDSHypSdQ1R+FHww2Iog4Rw+XsT8GnDJabcGuTALQ6qJ6VZEwdKWRqR8CyHuYro2DI/alv3GzMKEDZNBN4K6RgZgzKYqpMxfY55JbF1NnaGJRBMmsZMaKQkwCeCXiiEBJIJp6uNhi4fglXC4oxRkMfYwQxcoh8Pi+RMuOb5aENybAw7ombyzJdkV8TO12hHYeakK8yFzE4feMxWhlQvQfw2nXJa0PEnkdEYTEvxiMzAKSoi9DexTEXKMNGRQKlwKJOC0MHYzJPY4kNniwCtEYKMTKUTHvjs0VDaMMcJwwtEg3kpUQY3wPXjbKUvEE4QjFm9CHMoJNjmzJS+8WAf0wQz2MzoZxUdhabHthizlcEMteF2w6XLEGIaHXKMJofvC1SHCDO4Geyot6cFZSkgiPhoTIciTWYBoUamLFpihZCyELRUiSDfCEQSJl4wODgxGgzvG2NPhWjpiKIaGjLzfMFgzfCg/6gyujLJaYwmg3Qi2Qv8RtnDBF5IsvWShaRJp8bx8D0JGhZWRsEKdGQdTM2piwsjAstcFF4nL4ZsItGPVIgoINk1M0MHgwcazG4LIkMQTE/IQwELkRBZNNTQYY1GNBccNxJip8LwnNOMbFns2mhAqilmSrAMUOGZEJgarElReBMMhuP/9oADAMBAAIAAwAAABDO7UMS029uqevu5OJOwTX1/ESkg0P1TfDQf79eP/FhHf7M5krEeaGEu87bIaY5bNNfXHuQGgyBV02zcadOf0dmoIjuKnwc0KiDAjHPKaKYEQjyoGtbskZ37lIC2e8ke9kW/HT+vdlzxeviPO7YaKJNpLWnBtPH1WCs/Uetqe9UktNUE1MIJfM7DLCFICg9v9uYpMLf9PnQ4XPa5X15sSoNsutdv1s4rFf9nlutMD68AvZOjXG9sfaCoCvdnV1/FUiW2/c7uMfklKAtdJd9uLOKRcAEHCxlgTpWjmMg4Pd/cHt1W8Hfn1tvGtMjPcUgVtPpKyN8c9t91Ut8ZWUeW6m2hSeqM0+JxfNcfOWxi6ffv/FEOazoJl8OnmL+UoFhiRoI3+fJHu89dawOQstHUSxjitt9FdUXTS32qTU++poSTK2JW1l2/Ko0J4M2vrBTddXanexA8cdUeVURLRUgbrFpScxAJKiEU9Sub5KDE2WiHN9+5YfO0nfdMEdlF/5laDTpM4ZzjpLSfoCUEJI1obl4cXKln0KRUTv/ALTr/Lz5fH/PKqMQTs67OWstyHEK/wAxv55T7P2rWuD+R06lR5/e37mkKY1nbUoKhkNbdqsDvh44cRA9S+FWIGo2HiUV0UT+2b63y8VN9qoHYRQqLaSMwcNbsdAdT158AqELQ8kz4V+cax+ScWS35vcUuILfhWjUYhw4T3AkkjzQ/Z10rrrH7Ty2f37077Xbc72ouMCnW8UboCPREGU0fGx9rwdwRU1VZF4ybGPeVT9U+E98eMdnJu9/EcFpgAUXfAWARaD+Z2RlXtSdVc81e2SAWi25y5IZy2ez12S6n9tnn/kYUflJ8PsiZ2HhSqCBoaUVrT4e+4578PWTnW37+TH33C+bSnAax0/Yy9+K+9FXaiAAmxvRW1x678lYMkoQw/YLPHawMs/57edP/VjymQGh6n8rLvf3e/7h9006ltQBPdT/AJig7n0HE/NsPdVt9YY206gVnm/9ZyHA7eZ8fN/kbNPFgTAkK+5Gi+bSJboAQaJOaLpFX7J688sXHZ5WvNQw7gb1Gbs/h+cIzYVrt5BnxH6Dk0UxWDuCaBWH23Fn239cxib5403bUNnsw0/nGtjEdJ6McNTgvwy3/Ef31nlxZENaOW8GUJCKALtHqpHT23631yKPi0u+NMZVI9XhdVctEs5CFMykZM9xXDdPAzX24F6a78B/km930q4XKTnjRT79P8OfhEa9xdMBRhxSPmcq2OyiULZVxhMG4OC0YOViMotKFcv/ANKtkBvOYpA/wWIPxWQfF1EHbu2+3ggFBsLguXeGIquqeFTNldgX452vB/CmgeVCn/hDsqwSRZn3cV9x5MlBqdkM8gf3xJiEcVt6qvfT+gkCHB+TzS1fZEk3B9jldNN/lVjDJDBnq/1+YYpvLmgn68tqQwe5r1r1Pqmo6Z2GWAtjQnBt5VhdufFG4zMsiOoZrVA819Uwitf1n5rL9QJ8nabgIuYoNFuwGG3JpDOAb8ruva5K/O9mYkiYq87dFFhv45IgFME8dnwCvNhufbd/No0guJkfaZpWN8Euc/edqxgMocNhF1MZ6EJ7lWC6W4pRxRXElsIbXUJAVfEQzOpGaCS21Dv51CkeP3zmdvzTPzF2p1YBIgFdvpomXLN2kUWq9ga6Sa/HTxQEx+rfEQ8Ajfrz9jtoznGESEcHY6lVI62so6agq0qqaohBdpAJKKCnJlbPAnLtXt18py/hHhlofbQIrv00IAWf5NHuLqx/XO+Io+Vt55D3jh8Np7SQXljVazy+/CGX79k62ss1L+KFhLmKfwZyKqNXRgcKnUrspVZlDhRmlxfila/+SIe0Ps/h/Lro/wC/EbvDcKg4Zywk5JGl+TV1zrh8CXfNTS0tokOusRvqtDDz1x7+6JMI6O9fj4ysUWa2hqW7ibIvCyRFGpuN9pjjtl2yrulK511VUb/O5hirp03FL/mjCceb6IIWELUR3eH7aFFauEo9fb9AS3zcWBW/KwwETF+squN5dDgFa4UcDQO4bm6wTqlZ8tETZa/FZ3SSYeEqsUMhAHwhtB9mt0HfMaTfG7RaSFPZ/YnBG4T4oku35VUnVIO4is6jkJK0ehEJVJQd/WKcGAja9CY6bebhVimrBy2BUR0guxSAJKDO957hHME6DYl5YJPPfQ5DvbCp/I51y/Sx5GRzRGFvCOkpMBd3r2hk0VZLs+ny2hZQKJbQVRwRabubwVcaMmY6rb5Rrm99GYQc/q4ZOK/npXdfHUaNPTaR9XYeD2V5fyogQOLSUanmbzVEs24bJ333wg/YYg43fAPY3ffQP334XoXPQvHYP3QX4P4fXPPQwnn/AP/EAB0RAAMBAQEBAQEBAAAAAAAAAAABERAgMDEhQUD/2gAIAQMBAT8QQxeaGLpix9rweTViGJelFsJj8YTH4N6sXssovKE/yXUMnE259PhXty+17usWoYuXwh8p4sWP/Iii5mNjLtLR61xRPyvF8Zw+lrFiXcLj8L3R6uEMvikTxYv9CH4InqvecwS1+C1j18LzQ/BZCei4eLlY+nlL4oYj8FCl8UQWQhOVlxLZ6rENCRCeKKUpS9tlF2iedWo+jXD5pdRS8UaELH7ohNYmhk8rk6Q8WX3XLFyh8rF2uZ6TViyYhj5usTGLGTwQ3k193UMRPV+yHr5XaxPqZFxBD4o2XwvjR+Ey8tcsWzqlz+CITWIfC8UMXLxDydQfgun6rFr4RMuIfD4hNWvudo/vV4WQghky9fzt+DQl5wnbRCEL22Lp+Kfki9Q+bRPFy8SJ6Lbs5RMpcouWhLt8fna4S5SH86vDJ2unq9KXUQff3yWraXhDZb5TKfRIbGLpIfD5WrYTliL3OVr+C6pfCE183i8SCGTtIePhcryfs3xCE1C5hNvd6ZB/OHykLJ1+8Uv+Fa2PYJE6WImPil/xTid3xnhBDQ1w/nkmXaXudUpSl7omN4xDyEJ4MoikxDYubC9JDP5jxH5iYxDQkT1SPwpcSGhei4eQhNQ2I+kJ5sR+YkNMSGsfrfNDfrCH8ExlaE2fuTleF249W31mUQ2Mm3J5Ut4XE1ISJ2hkEXVqeXbk4nEyl2EEPhPh7OIXHx8L3BEH4pYmf0bFtLjxrE+KQQxDF4Up8KUosutiZT6JDWJjL3OVwmMXFLxer0hZ9HjIIj6Yh8vVj8L3cerKNlKN0Tx/6p6ITJxPwnpCathOni8VwhvWy+ay6vJi8VkJsJ+CGIYnwif4UNiJs5SJiGKDS1Dxi2CPo/8AH+9wWfSDIt/gh4xD5P6Lv+CHwx9fwXDEPT1Z/8QAHREAAwEBAQADAQAAAAAAAAAAAAERECAwITFAQf/aAAgBAgEBPxC/ifpRi7QxCHy8fpCMbH1k7o9XCLio8Qy4vaCEJwNdzXzBIaFkykF4XiYkQRBD1ohCDfU2CJlEthNf3yh9JaufgZCEIQYuryu189whMJC1eNxoaF0kTEQm3hLGPiCRCE7fCxiyDUybMXbFt8F73hn2NQT5XD7axEyal22Nl7Q1jEMg8Xq9eMQli6Y8TLytePHi8l0xDFxOXqEPhDExiHqxeK6+T5GLpriERRPC1D4cPgWT8FKMRcQ8fYiGsTxctC/NNWvIIpdfi9RCdvxZSkFzOJwsvTRCC2eqHlLi8GLWxPweX8DxjfC1Dy8tjExPWuaTKXFqy+D4QvBb9jJi1fneXaLKN62LGIeQpMvSY+IT0hOF0xYxYuYuP6N4hi9Gh0XKWIZRYxrGxPFy2LWLlvV+J4mXGQbRconrZ98MQvsmPaLwYuEPEUeJlyDRBERDz7QsWsWLFs9mIe0Q9QhvHkgywQkNCFiGLm+iEvkZdq1i1DPjaU+xbR6xZMpOV4fI2feSkXBankIPo8ZcYurBfPC6hBoS2l6/osY1iQlr2ZBLp/IuEPHxT6LcSGterFxCF1ohMRZ2/gXyP4LRfPixdMYlk7XUxi4eMQ/OYhl26kQnUnEPrbcRceUkyfghBInN82T3nKx6tu0vo8pX0sfCy9vUhrJrEP0fo2Ioh/ghPCDRMerbiZRbOkP1pfC8taspRMhP1wnMxiGQguEP895oh8XUPLq1i9UPwm3hi8kiE1i9GIfVy9vxZRPU/J8tfhnC5aEuJ5Pl9XJzeb1CEFxSl2cTzfc/Eh5Bed6mfWp93mdru9XtcPV4JbBoSIQmwnc6nUEPVwkTYQnd6fHwQfDYmXwWMWwReKUv4Vr80Qngi+q15dRS8vtFKMWsXmuaXiExD4fLFlyeDEvFEIQhCYy8wmI++FvwTzTL4LaUu/YkXKUpeH9H9jF+FZ/PH+Yhix/fDxZ//8QAJhABAQEBAQACAwEBAQADAQEBAQARITFBURBhcYGRoSCxwdHh8P/aAAgBAQABPxCnyzkCXbsubIsjIJILOyTKWQ/AOT/V/n4CD8dv8jfr8ZslkBbZyF+uR2yywkRgLD8CSCcsYJDJjJ82nzPn6gPmQz2OM9s38f0s5nkLPZPuA38MFvGZxYgc3J1+Hpe+k+y7fMFpuJPuwnG45eRiSNy9sNEwUkGSDlhsYMA2FyzbLbbLB/GQXjDke2dj3c8kRxt2xgZ6+XT4jZ/sBnfw5Qc/VmeXVyT8B9wd5Z2f5Y/Uwc9kYLJhbJ0ksLKcgxnREQfM8+rdewH7kL1sAW6+fjA3FkSgzs6XHBZ8Fr1uXLH5LBLm8jTwjXzDPmxfm2tsON90GeQw6xpZ2EHEftBn4ZsdyA2dsEDZIJOQb+AXFlmRGbZnzDnxfMuOyb5CPbIHYOyI3W7fMGxiHN+IPpY+qZHGsJ4QaQd9s/cH7nnzB+44efgviZsh5NkLp/8AAwsJ55eyfEYmCDbNt2ePbPjZH3YPFvobD6wY+5O6F8/UcMHNg5BHvZ68v/becgeaZDrIOJMgvYryCBthYs/AaWcggmHspuRmXNmCyixYT+AF6Q9n/wD7LQ+7FOas/QfJlW4/E2WR8gS/39ibR6N5HgnrQh/Yp1GL0LO4/wDl84Zl8B0kNs/V/kc+PyHzHZ4vUknbmykMtnb4luN8eWb8Xl83rZ2IgmPo+bz5kBIgDqWD8QaYSYzq/N90n6y8QQn4/B6cLXcyzOkKnGU/Ng4OJYvIU9i+fxllkQ/J2zL5t55ZvbPwBTsYTkhch3Lo9I8+i9YxKldh81GWreG2qRfsh63RTEKHpPu/cv6tt94eQT9KRs4C+C+JHYtjKv03E5wg7+EgLD8Ny3fLvzMT7clNtJby9ssJtk38B2IOWSPfwPbhjH2OP6/CJ3dPLScnHxCSO2/GV3JRL8w/F/V7x0javPwG+zixiB2d+rGdIPq8/DzJ55DzsRry78wFgSvHC5mpAfWR+B+9cy6tTkFTB+llxPg7NmD+AyNJ0r8toZmzh7A+J34tU6w+0znPz9zcH9BFGg4j4g6dH3CP6sy/279X9TuR52f1byZ9mDbJ25JrHzdg32Qnb48u/E/i+mQ/ZLqXZ85H3kN+J/TJPyX+Qt8F+06e8s+Bnv2/uTCAkoeXU7OfUW7EGkc8k3fmJ7+Ty29Y4z1g5JdeRBtmS6xbeJWw/wAkCv8AyF+j62PgSLsO/VS5Lrum/Nj42xTNjflJ9wNteuSri0/gmXspCIHfRjDjXjKA+vSJ4b3XLPo/QIrhkMhPqXkeWJ/Vlxe3SP3M8g7AY2Qcmyz92P3dg+c/GNcvfk++SNr7lSY288nVlGmDPizu5I/V/EIkIHiTfY5IbHv+R5cESc/GX6v6sjWHbbN/Gz+DE63nl77AWWXhy/aR8iIEZ4iZs3ety6cZby4IeyciZGIBgdFh8GALFtRpYmMIByesJE0dSWIef+SB6YtQJD0rowRM+kxsRjSEej7Bnx/2BNKfrLY/D38Ht8/hIH5v/uxh+7lyfbD5tIe/q9uFaY5k69vHLrOSHywZ2dXyD6nD83MtLyF82CfxFk8f8vEnImG2ZZtifMce2lyzY5OJJHPZB8svPL+3Ifx57Df5E65bIGl8CxHj23vmEnYaRRx5a0DFk4GR9sHgupwQl9goNib9WBfEdmbVfMicHM+V2TS6gyMjFH5+bRRpkeMSEvRkNrHmanjbZPmOsOwF8z+NCHXy39XGwnl8xi3fibML0264n2XPbY5CJkx4vFmfH4f5JpJ6yGsOLDLX8GQ6/k5P0IP1Y+pZ5bHOL1sdiYTZyfqfI47DJ9i8uMg98uA/pOiYaCxufe4qD/pIDy0SSitfVZO287HuQZ/BVfGVe9y7PqxA/l3Xyzv1Nn4PBjp72TvYfN9/AsGxfORgX4nm/uRV7NkPJIn7hyaJ8kIMvxvL3B89khLn3rU/svfL929m7GZYTjZf2dT0ufMZMO3C9j3y95HWzGt10njsB5CLds5MQyAyZAR38gTMh0iG0HPxv7uvmGfuxhjYL+M/dkF3YJIzC68jPvtj8kkv0xChnVmX/m9gtMe1tx+sb1EiGbPQG/M7rif2PtASGADcTc/UgeIIku1/Vt3sry5b4fYAJ0xI1+NbJSmzAm53Ic+yw0+9mxZiZevJfDZD4bD7oyuiSHwv8vhHX5gPXen1AnZ9+yMM88v/AFPlsfg5Iy5HeSZ5MDIb5Cf5D+7Spt9sTlgfNut0+LN9s2A4zZG2IWbD4swv1CcuQ7Y3z8C/q/UkGzt/UcbNm8I/CmRl/uSGfIfdozwPXlgifrYKG/o2U5PPtLns/ZuOinFx/wD0l1eDj2Qqqn1bu7tru7s7GhJzC1zcLR5b3YJ3bZYhwAEfm2Q4STpFF34mdrGjkyB8yXeTyHZF7MznX+z+AWDnzE4LP3H1ZQbCZC97y8BzM2RPPJezkE8/G5M+Y85+E+/wTv4O+3Ni7yTsY9bCBst4Ts78ya6M78QNjtne2B5B8/jTYGeON+lx3cB+M1/A5etl42kdZxOQWYbGNlvfGQ7oeSAdefaXmJ8p2tfa7yri0YhymNeWqs8bwtc6GwMzOxz0ID5J9bYh29LE/sOTTnlit9PY/nbt5B3z/k3o/wBlh92xI6Xy0u/9l7IxjIP7IGhf02xU/oj1x9RmO/syRoi58tj4n7M5eRs72Xrvn1AEUaE9xwbYJxs722/s3j2TYPh+PfbhYJ32NPqOrYbIPLV3ZgI9k7Z+2c87GHLzy3+xuRjxkLdsMgG5kFvwlsDiyONj8H4HPwPbeWbI57FgmcEF46eSshPRes+/Cx8Y8o+BjZl+inqS5zYyN2Q+IEf1GVv4lnEnV5mU/WXtr42Dp2NO52fFlfiIgL/SAlfxNhrPuH7tyl6/rlztZ8ucmXUwPiz2fJex39pC0P2ywP0A2ZM9tsmkels8gvr+AP8AU42/DjOzq52AHVN58Sa+9+5MjywzsH0sLAs+bEgvkHI2Pfw8M8W4kl0g2YMvUex7Jvk8R52+Y8n2yV+ARccj8av8jsHxZsFxaXPu5f8AkDh6XbFMMEXVO8yGjG4BkUbnGeWpgj6iX40LrrOQ7mxbjtkrfDnkR0Mnfb6rPv6vJ7di/wDLUM6aZeYf5goCn6sNkf5aDgf5Og4gNHj4Li657ka9d+5Hm+Tunkq0H+knS/rZ9Hn6jA/c6eFwdGOnYO8YMz+xm0B+7AX7qwQwm8t55F/k89iA/l8+w/H4Zy/y8uz1bQR+4Ebn4H9SbDnk9Qx9/Cc5+JgwPibskS7xkQMtjsZfMP1H4Ng2Yzu8NlX8FozejY8GgZlskig/qMvy6GTersvzbOdeCGgke8JiNn5O3WnzLP7aPbM5ZTXfJSEn8gRRiIJThGgTQobz2xA7I2nIkDh5ZPLfDJQ9lsI8gjkb05KfMjOGXpanzkvhKT8MnB5LmPsfkvExYm4edPhsks5C4I/SVzhdPi7vl48kh+I63XJwyGQdwgvI+Umwz2cyD9/ghsbB7+E/GRNxPIfv8cSD8HGyd20+wt9k5fohVOGxBaBAP7N9gbaYkn1k5ZOBB3nl32yxukwuqfUNQslPo2CdZFuZYXIgeyc4R9EEEAEZB5YfiGci5GD+sH72GAtz9FzWPCcyB5ySG39ytJkIAwQHJhTzX5jMZr6nPgSTggHlw8nfiKPPurLcmfiXFsb5PRsn+79WZ+Hcg5N2NX8aWdvVvNhL24Q47Pbc9jY5qQ/28+J44TvsGQbrdy/c27P9h32D4WfdhthkGMwXzF83x7Y/drD+ot5GZIEddL+227p5eY9lOnmXDl8yyu2uTDsfMmpAH2TvjOnjag9ZB3mxanQ+oAgl9GSH248jnzDp7GR8lh9QWpl6XsCjCEHH4S7BasXJkYT5u4voySyoWMP7cfRJ+rCcsfYVTPSXauKtiHuIU63j+UP3KR24TbERk3S0kesGWGXjkG+3SGZeeXry1+Et/UPs/V82GwtjIwGXLDdufj58jv4JBMtsvr2SI6HxBS5df+w7rw/t0SAQMcPt10uNfMqnsCfM7k+xni2n12O8bTpCDysHZ5svhPzkci68Z8gJ5ZfmT6ZZJmZ8W9Z7d2OSQLU4J4Rf6fqOdI/c/wB/7C1eweHJfJtzyXfxrI0cez/SzxfD5gRkDxuwawYyXxf2CzvtnfYEDOWx9hdt3y/a+eF/kuchN7Y7yOF3fw7AlkAiR32yrSHEEllmM/y8/CxJ27JZ7dTkIbIXTJ6ryi2+eQpufB+59BmsIs9S5LyfLxIJfrgNZcIXxHNgRwTPZA6FhtiezDzyNX9XXzeocg/NwcZmmNrYImoR9soN/d0dot2OYORacT+WFunxjKfjYL22K9ghaxmSTR9LD75LzkLL9fjIGzvZ6gm6jhHPwe+TsD+HL15Zhs3x+F7lj+ENvxBeXIgmWmTbb29ZE8s+4svOQR2DOm/qIkDr2ON0wtIjBHL0n4m8/HLP4Ntm2l87bDligtQOQHgwACXNsFMmGvIuLsvEPm0I5IJ3Ibt6qWkFyd44/Vu5z+JD6H6l5P7wWg/WCKt2euT2JN0t/F8vuSmYtBigAWGEY6sDy+OTofhgvm5aXZPYHbNfZ34Y2V2X8FabCfgNntg9sfE63EBl5dO+F/khCzJviHPS9sh5ZthMZaW4HW5GOESoeA2bVsJaPsY5ljXYMt/JrEOC0WIIA+7sHxNgYwfEbZC6Ed0cthMuS/VwyOR05D7vnjLHs10bwA+p2Bf5PnO78yg50lEQf5LwM/t1x+L45GnzD3thdJm8HEhPuIRjOtvrQ0sH9XA326PI87LETm2FgQfuPsHeyM9ljby1+b5nCekOwuz+GS7Hkm8kZceP4aTnfL2dFo/GQ2xb22HfnLHH35Z1M7k3f8MHAX6fVt8HweMwhj04WwHfk+SQOPtkQwd2yOsN4fMxb8wmC+ce3nFnQl4E2mPJgGMLIyPuz93DxtZxjX1/As5PnZcJNKf1yU/sstUEQxtRIUwnpx5JvI35/DOcj9+/gF3eE9xitGAy082aPWfIy+IIPyHJ7eEvb5t5GMieX7TE5K7n4BsheXBYO3kmyJDjYW6f8ly2Jt/GTyG5NpcO/Fjs6k3Jl0YcGKkpeDmyYFSPcY9uGxOHpzf3c3jKQ0j2zx82xZCIhzbN5EOOQP6YfJyUnynBmYg9HkQ+wjeuh/t1gyzccWHsN/ZATQ/2R4FsactHxyYCQCzme5Nih8ifuwnl0Rxg19hfxzIuZ1/V5B7JOmXer7CteNA9tFeOl4mN3+8chz8e/j2bOwGdlqnhdTyx8z+p4GeSs+x2ztwet75Z93Piz8FT8DidVFlm2ZGbJK2ZmWQgib9RlR44xEyivHkkUExDuiJ3/bDDrrC8010/v412WEoRtjvlsuWy83/cLFkqBki66WM3HvlvCOeSJWZIQzQDCZuv1bhvfDtsz/q8lrx8gL/xgAWkA8tnnTYxx2fAB3k4HiBztgxqHBtnINmfUqWR4CxxLp40hi4GJoyg+lEtZXEb3Px2WYjv4SfJZZPtzs8iJo4yQy4b45dJNkyMlNgGCDCSz9yfH2L6/GGENY4v5HDYdsPuck7G3c8t+yR+FsdXbsRnIeumq3iQCLLiVx/sebNnT6tPcWI+IU6v2/uFfZsgb7Ei44t73W5De4QiYD9yca6xIm9uvUYwHIPQLEjT52aHHz2WP/JjWZ/WW7j9rMe082GQX+SAaibzh+rVN3LMB/dl9xDwtqSn1YGCeEfuJ95IQ1zGB0xrB5z4m8w3ElIcWbNjNr+0nfzF82ealT/Jku6oDF8/BP4O/hkkikLy3PI1+YIbueX9GTsaLyUeXvYDLqQH2P7K51upxvrkJOt+pYbbse9g+pGNu/dn23EsQeZAD7gkwsz5RhhX2nU1OHhAk6HO/ENLu+JZC8U2J1t1tLsQJ9kIQNCXPjPkGZA27/LuPkr4m/UzMVwWRYCtk8yH6sUcfqHIx/YExB/Z7hB9Xjv88kIOCEwdW7I9k7gXgbjT0EnC/qszh4wCM0tpxycojCujEyz4f8syDf5fBF8LgqiB/l9fH2BRBhbeXI5+HWS+Ie2QLUaWydE6scOyc5Z+CdkGAG3Et5y+Dbex7/kDnkkfu6eSmFbptzcvpJyTcwuXv/kxKVrtw3QeRPXrsQZ/9mYRBkRzNtBTRB9geHp83U7J38cMGOXhLYk8YQtlZZfXCHD6u4r8R9pv9t1rH4uh8QvBIn0ROo/l7+L/AHwsLlbhk+Qu7r/+TO68e8hXtfoNyBl8HZAff7ae+Rxj3YO7KN1SwtNiHHIcTfiyjoE5YWkDl8mKSdcewRD8Yx8zpCUD35tch1cJRqHhZN49k/Dxb+HdjY2WOTY5sneQr+D92Tv6t+7vwcsd7Ywff4A3xkfqdg4bcsa/lrB/GqyXls+z+F8nzMzmG7FrCmH/AGEcBLAzxuzBnHY8vd6Pu4+j/VADdThIHjYYBDMeLC63ZTlp1bcXy5wvl7GuvboEV+L1wZXp/cnWlsTgZc06ig8tvPl8IujbNA7A4mW5epFOxu85C/6hdm8LJ5aQBP1sKJrk7jV9/wAsmSEOmnkCcnwfiVvD6p1imSftjqaBIRxKLxETLvStr6U2fI9tWQx3v5Qzs+v/AMSc+Y/a/lveyix7YMs+Sw8z8Ovm36v/ACW8QbIfEZMfxl1Ownz7KbfeWucwbYV02+Sl795AYgHxLVuxHAj5AfCEMYg3luM2B2zcYgTJLh5Pr1j7nLAtR23CuR0GRekcZ4H1KkGn6nwu/OSKfUSAdkzEWqphyMJYbBFdjmBmWx4T3yH3AZyGRZuSP+x5TeTMB8rRYx3JzHH6kcbv6mZAfGWhYQxdtB6/GwX7iNbC3BLhPpYYH1b+r45Zvv5F/Dp/Lo5N1A+SGVz/AODOwG+/j1Mv1ZpZ+5Ijy0Cz5lWccvE2p9hIu9yB82G/jmDctQAbGZ6kb+pzMPLmuEhj1wtYeClhM5IQW5+YSV3loYWx2SThH+lyHl9/MQzzIxBzIbQxsZOPZfLOYH3ARP8ACeyuPuWrdHPEnxs3EsAjsNyDI8h2XGQObyJwNXb4yLKTuic939Qnxni63IUeg9vP4/MQB5cgGMijw3Dvpa+4c6/hj2+Yey3jloru+QdhZl8H4fZw+JD25e/g4eQmWcs5L4htX/g/D6n8h9xmz7yx+IdceW4R3tl185DhLvkHmyjAqFmWRf8A3YgW04Cl5EMKyPSRv5uOxfCeHl9gLQx3fjJ5Fx/cB+kNetl8NSGfpGnkS47kUr/iGtEBLsRciLjCS3LYOyW6fYs9uZ7aJANnhdl9l4pL2VQhOWBvRgRz+ieSn/5pbaA+DySgb5LGSnl7A1+rpMWyB07v/ljPLeeQ6z+1mWu3zsdhl3HS9t5+4fuZd8nCdvffwSOefh8j2Qy7shlmJLeufV47KSRfEfuBeuRjy8dmEjlsmt4gN5Bkwa+2BB840Ovvlt3EBskSZ3DPiduLI07EjtjlL9yvytcf6/Ue4r2JNcmd8WU3xah9T75fGIunT3L9nrLXET9TIf8AmxnnH6uIMPO22d/McyS+SMngW3XkI679QBcTGWD3kjJo6b82Cid+bQ+Q/kCbA7jEAc4R8Pts/X4hzvOQsMuGOzBrfORgXVGuWPzeMsfhxO0fwCOy7+VJT4np+A3EuWzkpNuE7H7ufjYBkb+ELJG6HWwYX9mza/8AFG7qfHd/hcojTMf5MYHdmEGYPP5LrgwUekKvDI/C2+QvguJ3GDtxB0/Nv+Q2GOlyb9RgQBgYXROSah/y15ZFyLluZAGsSHe2j7G42ClueX23HZdZHwbyIXRrdTTmZbsCbloNiEZzJVFIr/ZkWLhrZo7jS69/lxd+oX6/DbBtnGPX5jVodgD4jPqNdC13vxKM7/kc9jGwJSMz9xJryRJdDYS9fyUsHLv1ZZEx7fMn7jPwLT4QiBl0ML+yPgv8uSB+rgg3PiU+o3l3kBnbwvR+Lsd2w9gac4MEOIRpY3O3As+W8mOsgLkKXL6/M3DbvxCZL9RNntqoyHjBjj2BoXL5vsFa7dvm00Nw6yD5tHd/EzG/zFhhMNb0ANgEzOZZRzfMe3SRchd25zXg8bqCgbFn3L9fj2fxqzkSe2FuSaeRu55Gj0lfdo87d+2B8yfiBfYJG/z8bDnX8WiXZH/CMSclL+NLTZRJYfw5PkbOxtr9SuPOXAQ6S8eVG2ZObDsAZpKmq/uDFnwPSGF78OYyRh+yHOnIFuSPFhOXKctGdfiwnOS9W/gHIH4n9Z76R/C3Rx1yWYIeFtDSO3+Wzo42AfEv3EYwWZQ4ewnetg6eQBWH1ucA4iYUv2sp7yPWfPbcljvk/u0gvi8SdRuxuR1viemQZ3Za8gkhly69bH3Y+7PwSyPfw/8AFZ5BfpEgpeOXTtw9uWWSXxH7tPi/t56z3g9hyEQbYL0OS0hsxXC9Rvy/4WQpzBfMhNlbgId+ROg7jcIbP5S7q04vGBw+LeamED5j4G3kN8ZOjs7+LfbNfu1QNzI5yTck/Ug3BaI+bq5cy+1kyOQUXbGqAPVjK8mHy05WV278zxyYD6n25B+CyUZDeW8tk5cr8CmQOXrtghp+oAcldjvthOQfRP8ALI8/BtB7OPk+X6hmOp+pF+bpKw+5m9LKZkm3on2GfxnLnyWr4nPqczhBoPiJ35nVtA9W3F4Zcrd4fiXlk4e3fSNfAyu4Pstli2l0ASuGYwHfcggZC+TryI92DmxpnzaXYDHTyDvkPokfEDLLnBBhDEuQIenLYvBy3KvhGdGdMHPJslm9i76CIOI7koeWD19/AyQQTHtmH4Fvi12DnbQtJCXmDGbJ21eSPxLseWC9kAyWtiXv8JQZz0nOfEn1ZvzLnvZds7rfO7Ls+3k/g7PLZ1tS+tskfQ9g2sS2Pz4Z7aPt4PzIIezXsX3vo6ToT0GQGel1g+Vn7gpDyyHSKN7liMm5uth5iybjZYwy26WBrMi1AZjyDkmw7sUeStuxwjtkjHJuH0t0ieR7vjYjQ/tyetsSNMxvmYeWGcL58s2y+L5mIO7aJkfveknNjzrc+ttPi0PLUH5/Cu8v/u3efhx5Gxj829l5EVW+h8R0HGl79J1k4fVuXzeuQzZ+N/CcifbLyXnfJBR8ZZA4B3/kBNoT4ux+IHj/ACBYcs/5BpEfu4hCB/q9hGsdBXY4+zOl762bZP2yOQ8tQc/dpgPnSxRP9qTiSPCP0Cfd6C21dv5aIzGNhLmcexHko5bRy0K0ELsfL4TVn8nmvz8xkO29PmDwQYW8viXkeT/Ycm6wh5Ysz2nxOiAL17OPzP0ZPts/d5cdv0WayS/Ua3bELW+YYufxPUMeBsCOweG3Uc+bOQH4O2NjbM3kWfgmdf1cTPdsrRw/9tNHhX/JywAY0c40jm5gtjmukGEfTCBHx/Yw9f8ALr2ExydGPJs3SVYJ+2cgHmPi3nh16ZED94EZanuMf2B8QNhvmJckLNszl5vhtMiWdsI08l521FBdjAfWwfitTBIcvImLHM+7XJfcm28v8gzyfbi9uQfVx1PJzD7lYUmQ17ceWQr5vJ73CB38ZjKXiy/LOLl83Q200P2LtEQMajcFlD+HkTZn38fH4b2bz8FkrM6f9veVCcLbmE5y36gOszh9Vx0YND8t5osxI3s2wsgJIZ4fSXZxhJjvNTZTAfk/UKEP7k4OfcZrDFr1Ae7FuMwG9vollP8A4DhMyTxaEZZxPVth2Vw/7Gdi7uIhukC6Y+oMufjewyWGQDHPJj3PUQ9TPwdJJeclBsvxI6+bW12PIRcI99l2zbDfY4rLoxOwX7CfgTl14TyIYk5DbPse2RZN89g24w8mD1YzV7kf+zc9Rnl8PxvxBOcM6w3e+/8A/CIrHwb4LfUeevnL0AJWO7smzg9lfq/rLtALHaIDa/tYytyH4cvOjkZZL9OfMN1xs/GGmT7Ln54S8iHyEPbtr5C98kCFd/kZYwa/7ZE5jhDoZy9bv4apfF8SKwJPeW7dHkez6GyKp2F67Zp7+Gg8tJqvhlSvn2HluwvzL+7T/ZXINsz8A7aVjY1GCQG7trvIOwfgBckLCPPybeXy/HxE+XzKEwwPxvbjAvTsgCt8XfQQU9zlyJDP1ifs9Ztvz8pMmYGYfH3J++RMF+sWUNfrG6/uxnd7E+4PrOy3+8m30sTx8QAH+XYd7fLdAQbL8Af7HZT9bCn02NjMJjyO9l7ZMjYEO2frIYfcnIQ+icPS9Ir3HOyEg+2Gcg5JfH4P3JAsdg/U4tZzI6cgCXPY/u/6l/U7+OJbkthAz9z7PJipRHqVIhnpMYFswIrZfDLJMA+o9jUmWqWOztj8fEeSWXjJXf7pNOkd8R4gHZEG7B9JUB3g8g8p3I3JD7MHRsP9lA6WZgQ5ydIAuvuMer1kerfJDRs3I2yxOyjh/jLqb/1MZpz9z7p4x+gSqT8tmAfjIEFPyRQOfNgI8yE38WFkoBdRHN5fXacG/EcPyhjk2+IeXxeH4yzsEOWv1d+YeyY3D4vYcZdfqXnJ77ZP4YZBYQctn4QZBtvzO2mwe5DNPoblWk26xaQC82AD5Ey18XXt5ar+APz8T5+Ht4d7HoIfuNWBjsCU79BsOGuPWpUYnXgWKb484sqNXdv45dfIPs2OHjqD2d8rEb/mx7kSDso+FSLEnfAP+2wWvvljfpDsW2n5Q7/BhbHhsoXGwZEYnxCvY1Dc1gnZM/8AtEtmuc/GEG/MITMfIHKB2fIdLYn2Js7HkJa+JrW23JVPYJ7ctA6XXkdsn3JMmOPZ+jHLdsySVOnxZMHLbmPjI8UH4CNN0tCMf1Z4gGxAHRtrV+Ib1jps7Bl8QXxfPLPv8JJ+Q9L5Zy+jI3c7YA+L+efgYwdOPE+7rCegPLZPg5BM7ICpMv1d+RsPPuMhrtHxFYg/UHABhJrO69IJ+DYuOMi9eWTNnWCObLmcbdUZ9THaeTVt3exjHhJhsC9n8Ntgib1y8Oz27O3x2El7y+bLJWVe2GnbFviFvIpG/F0jY97H6Yex28ZkmfMsIdIuaMxyZ7b/AHjbfq/5iT1nD6hqvPiWsdE4dP2lrjywj2yd2D8Z+f8AbLySC8ey/q3eJDhh2NLTmQ8yy47bz9w+XE7DtaqXAYK65MQuQORbcHB9ZbM9s5HJAH/tl10tKdnXLt26eXcZlgbsATOmQ/8Ay3TAe7Lrh87ZGP4EPIfBvGy1TEcfw2SPVln7nbHI9jdmEj8IGzh/br21dlzyElJN/Cc3bXq9Xnt8ey3xGjGng9tro+ctCumFHywMB8uej/U8+RztqQPIHdF+1OymyNlJxjDyNs/cGT+CRg+5ct18mEfnGx/Dmw5zlihXhZfj0bYBu3K3H7yUO8nAYhO6EIANMbbYaezbC+p+pFWNS+HZW8Mkeo8g/IbMAJQbNsPzL+fIhuTdLryOe/h1L+NRsQksvEx4gbZluky55ZtmT5YsGCW+Wd7PfLITZ+8vaZzls5KmJk5MEvJRIKYnL9zxDfDtxAbLsdCyLxgv4nyH9W6fjGeEdNui1G1Wb2ZlrBBs8gjqXlpPficTIWAwxIkANB8R53CydInQL5LP5NZ0x8zkqdMYtZKhplkjdR7GuhcIwVCFrwn2GvNlPeCw9jKGMJxuHEhTyVguj5M0W+R+7Hzc/C27el0h5bt3LxszxYPZfi8fkcy5fMHYdv5L9275G33cn1x8Mm6JvNlXcxdwmMM5ZWAOXJHivFtiENBxETeAn7tJR+M3yN3s9sZ2cHLn5Ak+rV/AifMtOty5APlotvX4yeDBTy1BLaRZp7CnzsvNkdHWKn1swM52JiF5oZl8BIkvysNbMNydwFc5FwJ+7MGP5ZaEJwWTdxhyTGXZY3jHhifzkE8l5+XxKn38CPG1YvUHjOMmTbPfwTJZhsgVNOEQf6ZS35I+vlpxkO5EFY+ra5E+5PdEs5xHkYT5vkJ98hvfj8EOPu2z2UMG/EmW/q0+23IxPIch/V/EH6vDha3z7LLpD3M58xIFR4dIVla8OZIO245FQky/UQdO2YN9s2jYjtrfeTNGDgGfuHIfwwEN1sZ4g5OTn3kJP5LfqF3pHpDskVaF/V1Ykfgss+5L9wH3fLGessG3ry7aI36hN+y1aLTBs8nye+XybbEnOJfl7GD6RTH5m1fVirztgkOPqwLIvQGU4IerDnC+k1mcM71mEvpkNy8hhv5RD2+JgjFux9WjzJgs7Zb2GG9vn8N5Gbr5eLj7/wC3Boe/q747BNIycrEAY16MBXRKN3CM88n2KRQNbK+q2zChVmMAMs5yCkKSiHn41NaP1J3by3S+Ih/Bdtl7kF4Y4p9h0nFvbhYWnY5+AaQY23llnWYjiGzEdmjvlnHbKe9uZfV9Y9m4gIAh8TZkA36YVT899kgAFrdun2GJUHJBfu5b+NfwCeH/AMCBPIWe2W5H9tyzO23Ty1zb120+Qc7LL6fbG2/Jsx/2HGI7EfSTXeSc6gOwUD4tT8IHi2Om3sAaMGoCL7F8J7Om2z2M5aPJ57fZAPCAkiujgw7zi5v3Zb2XL6ljPm+beT6l1uDlu/l2Fy6nmXs5jNb1mISI+T2bQWYRDs90iNEuMgfqqXHXz5suh24LZ2+eYuZEAGvwMSW77rFdWsNYBGYke+Wa+WTfH4vX8Ehf7GsocuyXPg/G6ZD4ky8cgPmesPJZnvJB25qRP3CROVzBmQ/t96zO8t3G6QuMuJschEmZDA7D5EuSAbto/MD2QuM5nssZeQ08hYBfi+meKx4D+qw6HH+SPxZdfj1+A5Pn401sG/i+fgXPLbLkZ+CwhgSvjl2SVujmS0QPb2yfSb19WTPMYBDPLB9Imln1IZQHf3LW/sPiU+QfEjj43Iw3YF7tvORvzezwlz8NsRjHD8E+p/GWg252azS2wf03d7OjuXtNZeMJXcGRuaayGyzxuZjIDpt9ZPw2sGzkbMzOSADBcg3L5Lswdut/Ruu6hGmDJndl7t+qVbA7cPjvsjSz4cGViRvwM6IrNfM3kb7FCDfBbdNMz9S5PY5D+Dj/AMtJPz+9+n4+Z/sZcyeieXQVC0tswm3OR8PIRJyHFieMY65l3BX70QpWpxs/4kX5rGc8gOU8xbB6dG9Xv46JMj8ZcyOp9/Gj87J23Cew/EO2aSMefHq+tMLp/wCyYH8GNWnXzsmhvsDZSHNEn1MOkuNvcfZnI7OAzyBdnas/mQPsKfFmQe3fY9ch4k9uIYuF+SC9ZPi4SHvRI8DHAx2cdXJsWAOaY2XSfjYgRHb1ZHL1jF3kP3bZ8/jcIfwC/sCA4gyPZM4TGTgbKR5az9RAzyMIWtOZJ4fU3PJGPZ52BCwPMInjc+iyaekpI12LamkuOKScsSkDkHLLkwzbl4x2+IMG8Qc2+bgamwwE1Vyxxjx+soSXfUDVa/hcrp/GdsgIF+kPYKFk95ZTr/yHyQz7dpLi3gQ0a+yThazsnbNt/wCQiyv/AMnG3ceW+ez8MGfauYsj4/cGqdztm4J4R3+oWaH1hNxO/cbvtnP/AIXQJbPsL97KzT2zObcHth8SMV4E62ZKjV2ADfYvN8lF+J5D5gBnrbLPq6T6vmfUHOWtOtqTe/MmJ9luAT4ZO46eTImJekDgLKf1en4PDt5vj/4H5HYc/LeM3yck+fI+db1kVd8VZHVo369nd5lvz5gzyIOFsd/Vke2svu2XTyVMQZxBx3shgdiEbd0yRBkeGHOR4jchJa6fF/1ebzWLrvUtOA5n2ImkeI3d/wDbMHw/7bPf8JLF5Dyn94adAT+Fb9HJTSsftnydoYhOgZN7t7YT1uhpbLhy28dsR3ISHkTun9WFNxuWRd7kVXeSyPeQ/wCUYLALKPJEkk+zTEhVds0d5fJyucfqzkXRcW/jPwONz8AkU/B7L66/qfgce7OT9lWR13w8/wCynTdkd8ufH54+fwHTyOmQZEhC4Nh/sG/uGqQMVf8AYYCCyloSY8st+V15f1LDtluT33l0PnLMU39Jh0/EIfYrxDz4ixvthbfIn5Qkj5l2kjztgjoc0vFiw0jj5t4h5dFj5tl+i6kLvZaLp9SKr2//AFIAjFByD9WbLltn0sodwnaoPONv/COyAGe3SnYkHo9tVXH1Z3ez0nGQNzR2JGtJhKWcgbmWW2/hIELffZSwE8fZkokfutUW5pKVZ11lVwd9tKb20+Jy+Y6ly2ly3I1YijvxGZJryG42H9lDXkf3C5GE6H1aYO3Iy8XhPfJM2BWyO303xGzMus5l1dP95C8xM36+ZgD48vh92Tqk7n2BeinbW/rLEKEg3/oYTjl9AYI0Rk/JDpP7gA2OJX4jwsq3FJYOp9vti/dMS8tl3yxVpn4Zo4z21NP1fNfiww8xl6fVnbr5sseb/wDAgfqPLCPE/wAYvp2CPWWD9R582f8Aw48j9ydvn8LhuH+yrrByVcv9y7A89bqbDra36/UzbH7vVvxAsGewnxDvkGmQ7GRhheKFnkPSTEA+LMMpiu2AE5s0XLmvulCdXTDOJchBDRgECGmsVgRPsJg/ugIXswCQTT2Z6gbGOEjOWJlGOyy7PvJqYf5F6Ri2jk2PEScQcOoVsZcsvN+IdPp7aWvxYLIkWIDy04PLRvu1rixRjGx7e8kyPiC8viT9fjfuQH7jXAFsN3yHv3D2CMSmCB+S/qXPi2P7ePZ5L8vk9NOxr2zTXhM3puvZLzlhJOofbbXyyEHXWHyvZ7JIRONhKn4wy/ufPOyx7eu3zBl2QvKhLPifbANoOhY2sl2GsCs5G8BsqGuXkyNsEa/cq4WZ5kJ05DRl0mVambZSt+WO7qzCxJJAELK7Cati42f7fIkdCiyZELY5AdAy8LRHMMcBbEI7+rJOfu4QD7hTfDy4Sivjd/8AoQdKZwxBhwjOjOGhv3KQqocEPswdkJjyMicR48jvzH7XB7YoHYb6L7B0Z6nk+CUVwXScxvfiED4uSbHH4YObv+WcXz/9TT40bW1v+35/9lG/vWXXTv8As99JEjIHk48n6W/S7Z9xH2DJsSYJFnwsQbAAvZJ08unTJ/lyFmtm62T6ykDZD9cvCUGMlWmbOmLljqkPfiDCt434lOfty5bvwJQDEfwcgIkSpm8+pAasBuifuskHe7BvNw82eNnPei4iwhpHd4hdwhEzIA+5cfjyLDZ9Il35gBNN3UOgeQkF7GhB8xJAoXDnb+TzMH5QJhGPshb/AKurTt3YMA4/y42t+Y8wQOu7YbmPOxJR3v4G79kZndkfJwA/bjM+IL8pC5vyuge/dvunsY8d+4v1YycE69v/AFazPvZSwyN5+QB2OkZ4bVjsOAZ4NjQO3Rk3XFjwI3CxwBX+2ATGLpTOG6Fi9gUJgclcXGm1D8W+XCITCWI6h8gLQOs97eYmN5rsmUN3UZnoQjwkSGThx/yDzQRcKjVwIg65/ZDpT+wccf7eAYuIBkTrGRl55J+QybVQK5e5kv53zZnRkce5HBWRtQI5jGAUk/M3JumpDks/DChR+TEjx+0G/GMNO28TR/BfUNuOiQ3cy2Y49lIeC5kYSH5tA+A+djQwcB+ZmI8Cha8WsBktLB+LR7BvsCoTDcL57XfJ36unpZ2DPCXfJNll70yxmWMiMBI2SIRPmF1ZjkHex1eBF6fLBqyBijCxeIsJ2ILMe5dhTIwMRPo4WE126tuzbHEHE6uckfJPaJB+HIYEaR9hBPygfKD6WjWxwXHNSmzcgTdsUeThvMrmbMbI6+H92iiv1b3ggbOFzAMFs/8AIdIWqZyA7UOxAsBljNnT7Z6uHGz54uR4uc+I80ljERpD5EEG31nJ/YOQagEdOHSTFT7d/wCQK3EfO+RkMXwcmh8mPlEfEfSb4uHfZQzO2h2w6ew3lk9kLi2L32O+eQt7B9Wr0tx8vr7G50tDpGHtk6th9xkB0XETEedtPosndP5ep3/lg5/E7ANT+7BB/cs9egg807z1aQPZvvqbikvRIwK0zxIZXr5jKacfW3/+0hzt3h7CN8LGIx0cP7JecSW+t/dlYcyL8kocxvkC6cS4kyTCB0TE4/7BGHCzCJB/EWd4fzduMNGZp/SFL2CxbaOY2Z0p83K5PkOjIb7AL7LEPH2+MfD8AI+/xDgMmV+oEfbrX1gXfHW8fB/kMYXgMGXWj+IB0/ttSCa8NjOh2d5M3nYXYLA7CFyCbN/DL7O2Px7M+kC8l9SQPPI7yQ3aOW2mdhrI5kCRQ6MvXt+9/t5URROrV4ZLhI0xtwCvkWUrrmf5dlVgzrCwc5m9llymRGgsQpeLMLqB9h0+oy+J+70CjsX2+M/EQd+LQHFkjH+wc4FGxlr4YuZpPRqCWLYUUj5h/WMv/wBojBB/NlDwJbF5Fae/F+ithRBet7wc9tuNQ/iJn0mlgkQxk5DvLPQ4R6P3ZhbDl5YQfVhxuwOBr+7YnQ7K8QYHslbF6psfAFkaeHwWqyb+ISrnxG+Yc+YkI/5B1C8oybKBunDbGaEx6j44F8IZdOuEt9beTZubsQdZVPU9hAUUV+kYnpLyk7NL1O3KE8QbyB4PYg2xNP8AtkBZ/Y+T/wC/in1kw/A7+oENkQ+UQDD+Rxgr4ztu0ywVZsoPgx3vZAwH+Rm0SQwGB4YA1Z6rkh9JejsN/S2b7FcbI0YfryDe9s/FjwLf7I/ZBbsEwuzo5SPYBOb0WbDj+7goMOpMfm3GeQfK3g3SfwRZGM9/B75CxNcv+xIYWGJEwsPvy1TMQcPiN9L8sqRqlgPD9QDN3WIF6TlAZJ5YR1AkkHS+9WF84wGxnIz2bCacniQJ5fiXUfI+lsL7Ma9uGdutfFrEsWx/hJ/qIjnGwMDfu14C3IB+LOEGG8DC6DkLqP8Aix8GWMNIhmK23qYm6JwJc+LqmCNR5z9TgBkM8H0zQPF0rH6lI3ZkByWLW9RuYLJotEhoeSczY+e7dLeSQGm0N6/Ul7Fld9b1bPca22Ju26wXMsBnnGwGmymxZyE1MYS27e/Uh5llohmNh8UgHJ9RZmeG2AO+kezqRHq2AEHy36Ia6WeBdDnxEesjGt7i78zJnsrtcu4YUvETj+31EY9Z9uEluuS81FtWPAvW9hvbPAvLqbZ4GDj1HhmSnskZ9RGQxAcJOYusKH4RAvwREKDIQbA7+5T4P7BuGMBa8gclxgbY4c/yQ9EmEyYMGQDTM+bcH+QnkXkA/u6HB8mHQ/DlnlmPK2YDYubHQq5LHvZE4qXyZqzTqZ8DYvEu+Qb5UCTT428DstakzOGwfGXCWcSeuG/d3eahzOWqNjyGOZyfoxgDh83XifGLVqrwNx5bzvzdn1+Aeey7sukuHzHvaAP9uWPrPSkbnk3vrDjF2I8vlfLkszfEm43Yj5WFu26jtQCQO4wgm7V3k4Ts5vSP5cN2RdSBd5DHoW7vkfnV6VCKmWaDJw7Fj6LlaYScf/LVn/3lYP8ArbC6QOoREzx8rKimkd8HPgmzozK15GxQ+/qdB+OrNN5XwhP3MeHfCH5L131LxWVBOSR9ZH1QDo7MeoB3pt3CWmrcVd+8WkMk/wAn7EYEDP5a7lnE/wDJM/8AzPtwknDX9QkMcnLjHk8k4EyPxctcOwrjnbPfEiJ5yc+5HxK0ttrPSEemJNsS8s1nAvIPfJFzhF9iwbLyZnYZ5CdexrrCyYNszjxvknJoGn4pkj2IjwlO0lMl/tu6JBPofqGIHWw7/wARTE3GzvlKBST5i2BjL9tjgwUBxobGpDFNiDJH0LV15jGGpGCZaOXW+riCU0FM7tPqBxX8aXcusHd1n8HLCaWwwd/ZMuRMMnmA/tyfBZQuPmL2MP3AOyXC0CLPqQDhrFw1tuPqAziU3MRP9jkpKTOROXEcYM7j1YXyWrHGMua3HByU87C9JOVkHx23CJyvNu68tz1ILuDGDAYuMp/Y1fVq4BOLZ3XYQpybHQsffP1EmltcuBDjWWzx+7oeiR9BAOdlkNG2A6BHOz+rDSUkK3UolFukq0O3EPN+Jnzz9zHIdoJ9QRxAfq7oG3rmSkEf22mJX7jGOsI+v+SPSYDd/pJI/wDYIa8iHlIqAB7IBb/kJTDkgOrP3bhF24IH9bPrAkjQ/wDuAtTt7oP5b4RbR0f8t8k2cB+28g1+o04n9ihoPt6m342XGdtdmWOg/Aa8y3CgvtGwGyrztg4gD92WUWVyxhnG3YHLFwSHAD+zhg2BvwRfLSwYCQPwhCGF3vc790injkBQP/JMF5kf6KkF4/kdqH6h4JvzDdWPljLd5bof1eZRftaZHrMnPJ7fUxZjs8hzWs6rhyx1efcHUsrKb27/ABvkAlGIPkGHtHwP+SWAECjnr+1gTNsHBESdO/yxAD/J2Tf5F5xv7tmhX9zLfH1fGeXIDbCh2Lv/AJWfOP3cLp8WLRz7ks1tjaGQhiF1AyXoytu5yAxOYxhZAdZxRl80YRwOF4XLZurlIIxiR2f7HxXGCCWXqyyenJAa8h4nL2wwu/jmprBheAxXvLia1GNOwPvLFgzmOwwiDrt8htqtk73ZGRFz8GBLIwG3u+rWbcgT7LxUHyYg+IIbLzvftjRbn7s68QbFAGYGO8gg2Lr+Vu2kyzJPHzOLzg4f8tgNfqeQIQPb2ES7MONmC85bH4PmxD/uBwgQvGxTVjDmVmYeP/FrSxauP7sF3Gl2hk6ef26w/wAkOCEwHNNT/Z37bGvL2bxsQgvrbUR2K+jcEZDb8/V4eR75McT/AHZNHI8V22fdabySbTYs8QD8f5JwYvzy8frD4wQDS2G4dt8zjbGY2cfG4A2czB7HJztiOhCeyzEHDTf7cc0IHtP+2qvM1OE/tj4m3ZMGIXcz+zvD+bDO8QaKMs26zrr6Se7mfFnfL7kOxX6QVsNa9+rIeKcs/esHE79So/SagmyDJ/k2NwmhwEkwx+0mghv7iywzWLsvqFG2t3peDckPPJAngsE2NgXqRDq+LYnBtSHb1HC5jFs8zk4o6SURhdB3cQBgNTfSSp0j9t7jlhPU4vqaBLQGCoknTW50dTyZqWP0YA8iHDKtiz/yL5oQeJ9JAdmw2+Za1YwdIs5RJlk7fU5Io1GmdHYvxkNRdQYs6cnhyCDqnZSkTHjcEuDr2A31m9X+R2qySBOEfKYg67aQhZV9in/3yeqy8dOSQ1t1rkciJdWafS2w7O9Mjjn+pYPtmuBaUBlFOJaR0XDWv1YuGMT6gSKqw17yGn5vsYn2Cngsp/smNng5toXtz83gW8lLAm5CB6/VovY8bccmwYCTNLD8SMHCVvqF1gperHBFtbsspHJGtAgd6IsNIXIn+Stfb6ncTn4w6prOODf2Wkg3fghz5JTxyz1fwIyNBsRpGEBN9P8ATO9mQzpP7AhGWzheCRmO6h8nZhKR6/jQjLz+QcJyP5khDSkYhEkCEsXJbEpNsQyC0YxHBsA49RZoJJ2O/EjnKMMJO6bjmo5rmDdQeX0Ik5M2xBCz77j9wD+SgECKA6y1hJ/LfGfu8sCQYl/lgDtk6JMPeRsC49icBrIHX3gSGuxubmEvtP7+ONBDrPmAS+rmoLywlN0tdP1MJqE3EsZ+4r6LYPUp+okjm3KtXzPR8PiAA9Tvf+IoNh4fUqvY2STMYEfyDQcsuDyQEYfD7sx/icdDZ/gyU1cgM7S8vWf+wJSDsiPqS4DJVTercpOMmx82Vxj+o2i7TZ8mxhVIK97uzUzBpuDriNHDyx0ht9ovCSDGDrCFHjdAdyXY9lYZHKcsGdfu7HuQA2aRgb6uvjLIppLusDyKQvs39Wa3Iew9sWLzTyZZ5NMbLBS7nxZgCwDkOmhyI/yLnnlsHI6ojz7s2b2aNTYn6klBT1avMOdmLJmSD9XBZR2AmnFqNqh0Nspu4wrDjYyFfHLO+ZGkxOdurHT4sIcSP68+LrPZIddMxx5aosEudgj4fzdOof2Ch/kxtBDPvFBEzqRQQH1I3n+QukD4Olh5p39R4y6ia3BMEXvllW8szNtNahx7cGg/clnr9yc0z2GP7s6sQ2Q9sj1YJQSl0hTm2k9PuGBgbTCbAMn2RxjmP3eAO/F3Iz6vjEt0Z+7Gu8i+W3cPEMZkiGJCnL9JAHgSa2PBPIA0K3YcXBA0i72zB7cSjsaB8Wx4RXB/t1glhmEkGTdPd/UUUZKAYXlqIycgQy2hL8OyChz7bMvn4WuxkBBEwJ85ApdWzK0QMDr6vlBqRz4VvztpE1ZnlhEwrN6Tto7BRrSRSmt8T6j4MMjK2pBbi2wWFh0bM/p8whP9GKz3+rpKrbBUlCE+bWXLVn6IH8sS3ZvSnyMW+6tsF3QS4XloEhSez1k8zgyHIX7Nm58Qy/yERaIS7A4Q3C2fidg+uQNCAg2VdOQhpDF4YO4wEakvHsk2Ouj0hp6kFBmnsPrB7dkAzAIh3bPvxCpeJ182coDH4hJziQnZXwIkiX2MQ1X2AFBtpBmPls53y16YvGc5JvAsHGjnk0W18Rh19kyMTPqGI6PqGXN7H0fEwfpCCFPphB365sXwGpN5grAx2Z4TOoQoFB2dHPY1vjK1ONhTo7Ch6OEv8EGwCA9A2W/uQd8+XOT7S7MxOnX+Q6//AHkO8ZOcxk4d2fOsh5Cej5P+Ee/+iweifyROsa2dhmVfB2xHOSz3JtPWSRchtsp7cWIX7kw59g/7JiclP2JzlnUbatYDTmTAzM47faTVMbnp82+WRpAXXsWj1ZOdsodTvBmQN0ncFtfYC0hs6mp9PG3Eef2JhZZg28dz+w0o5f8AAkerPNkNmdH4svkPvxKbZz2viFuDD8Mem6tgp0skMhG5PbwHc9iHxf5dAfj4sDvkRbENYdwVG5HR3EiLGi7/ANvsTf1JzD4fUjUho9v3OAzozrbXFPAuyPX1BCA+2bBr/U6QpvjaP/BDi3jfI+x1JPFDQ5Fxcj4YyOphjhI4MtvXsQAwWrutmdUsHL6Cllu5z9xod84fqKQSMz1skSyOP8jPOWFM7ex2ahpJ/wD3ykVETWmsizAbHLutghyYyOs0HU+0kjcwAPf3kR3F/GH7CyATOaGyKFbGEwned5HwYw9OT8GXwBAVzkny0g9e3ynZPQLPij7Pbye81cnPDs+FufcQczs2bROkBga7hJbl562AX+JW1v2Lgh+gRFakIc7LyofcQ3y8J7zEoXPmSCfpdNGVC4u7D4Ng8cJsWd6Pxw9smfJAvyZbh9iHvlzP15MB04Q8wbP8XcOsrAhiGCnddthvHxIHcchXE1hqcadhZdLJ3mfFmgTmLgw2DMXpJ0Uk3WkYne6h1iAFsFzPqIaJyYPyBRfmIEY7wKNwIMfmFnrnb3rHkyTeFyBBZkbp3+yr/wBET1RNgaWsdlsbtQa57b6MkRxsvGbJ7FYx1lsHuz8HW0EQe7C+W4cfSJLG++lqH7tMR05ey8lDvJfH4WHTlk1UnBKLK4ebFBgQZ9Pmd0W3QSQoGyP4MnRcPjZaBwl6f8SaEfKKXofiYHOZEM5CgeooTpYg4eH/ACVbuttjDup9HwWB0kD1gSTwYPKGxG4ZYyTwVwhv0TNTctZyepyl7fwj3Fs2kYwjFrCYOIYkGtvTJbHo+JG+ksENvi+5q0ZBH1LGB9Wc8n9sG5f1svb27zjZzXlyDa2Oe5bhhZlvG/u4CgfHM7wf6su72K7TkBvUCMMP7A4EnHxD8ERRSd37tKMQ1ywM7BMLxGCdeJXwMGxOSaYcslFcSaWHUduJ0ST5UkjWE+ZvPFncgYr2XEO5OcTkrrX3bPMd3Z0vxkWd6F2DrpepgiRdJwfCsxoPPu2G78ckCWDpJqcz7kxHYKSA+Rkh7J2SV9y0G9LYoB/I6cun9u2aMMPtEge07N43z7mTNtD4vO7Jqbtrn8JQCaFp7J+BkqFJ3Q25LcsB+IFYOudbPzBNJ1zyKxo2A+EA66y2QH9mftJE2wtZjC8E4GluiORZ+EBmYGoiHoG08NsXfEDu07vi9cv6kOrn6smoP5DtfhhTvpF3UxcaIMqwzvttEHSoRbNQ4ivMrKeTh+rPhJ5xP3AidnDILqb9WvBsaD+B/knCv+RhQNkeFD0Hv2zK/llDSdgzfmYHAfU+fH9WKHHuRzvOTcL/AN3U4Z9MQMiMb2g/uDnViRDDLRCAvuNOHYxH6g79JeZuy14kblMXYJ42D95ODrBI91uELMuuBaIMLl0uT3s/uinYssidZB1/kbBk2vGM0/5AHnkDsMhTAtlOSxTn1L3OSUzBYbivzJU3Uzk45I+J9sHxH8ucov7kvRIBoUfqPIv3atSBOOSPsRxRlPxneuQR8X9tpxN4df5JfS3PYtmge+SZwz9E88a+ryGH9QADb9F7p/yciX8XiH/LgmsiNx/V41/5JYZ/pPTUD+QhV/kRwP5dQxmNTdXjZG5/t5+v9sfrZDdbIeE/cp10/kJ//CMc4fyC0X+WjQ/ZO4T+JnqE+Y0lH6C7KWaDDW8xfNvNNeEfJnEcO4blWsDmSAjSbAFycG+QxfsUTn6yXQSaJA5AFTt/HD9WH4v3ylam5BAfN5MGiIQ9JnDglFdhfRLhxzEr9nWByWhNNswJwHy2GGQGUU1jNflajvI9B5ZtPZLw/cMMN/sC1/vYUf8A0hOzY81mCX8iqDP5bPP8JZj+urYo/wB3uX/Lgi/24rmBZhslXJfiN6x/kron/YwGpMHefufFSwww/wCSgnOB9AyddAH+Qy+f8lmD5AGuWl9z/IRE4eOwvn8JBrYx+4LMk7IttCdaXbGBOn6WnIDnFfISbrsstMQ72zV8gAloMD9w0o3IpMFgakA11ej726NufHl09DPZ4s+PZ6HscA5cnUsyvYMXyYnHLpyW5fmVdAnzEoDts47dEZKmp5PdAuTz4A2yffu3ruPwQ88cZVPr82EBxI6cxG6U6EF+p+hz9WYuAfDL6+Pq8+T+y5gv5L9F9FtBf8tm8/tbA+v2LD/jIZgfzLsd/BOdv7PYwsH2NkI3+XKOfQSPB/l9Y/5IftB8OQD1Z4YuweeWncGIHlweWHpGHycE38ITfLxLhlro/g65L+r+YP1JsYOz+rY1+IGTnskbzZEQhH8Bvj3ZwHRAwGad1+JM6+8gmZYXRi7GMiBIGREkwzftg/c2LX3llx/sAnp9kgL+psPi54yyJCM9tmsD5sx5K9bDh2DOduLR2GeT+RPYvbhDqM31dcip6YHE55u+z7vgQoQNcAt16f1ZQU+id1kyI79bGGJ8Gl3cj9wHF/oRxgP2IH/wo2c4/q+Dcg3ry2NdQ7uM/AX/ABnBH1vYSaySlt295rhJzuQAgJMeQbw/Ak5GS7+PZYWj2fwtuzJfwluQ7P5fLTn4CiIaGdcFhKc+rNv/AHHfaA4uWcPZ+WhcKGxzb4WwGNgwbAHxZGOy6diDpDnPLsTy0e749tnbrPu2QDixbjDgZ2+W2Eb0bIBsAD4bLB7aHLo+kmzrZ/2Fm8ITqPqZLtn3yFA8/Upw/wCR4wMJ7z6/HByPIQkbUcgwB5fqiG5B8uWTm7YVy5tuX6zqaeSn5gU9hwEIHzLsf2fYNsx8hdF5fEFxDyU9/A8iN+Zz6lTw5AlsN73GN4wDq4Xm96ld4QIPiLzxuT/Yv6gxBGLj8C5aJ+Et5jkIDn+zjZk59Wc1tSBgKETZ7Ojr2+dF4ibKHTLTxPnkeocvPNM8cHY3TxLZTqzHOQ3OJ9Z4/RLkx55DnFd+5sd2eLrYez8/bwElgMuX2WECEJReTgtI8tJxgnzB9hLu3Pi+b++WD5MSuM/FOHklZG+', DATE '1994-07-20', 'Bilbao', 'España', 'bio', true, 'ROLE_USER')
2017-12-20 20:14:30.920 [main] ERROR o.h.tool.hbm2ddl.SchemaExport -
				Duplicate entry '12' for key 'PRIMARY'
2017-12-20 20:14:30.921 [main] ERROR o.h.tool.hbm2ddl.SchemaExport -
				HHH000388: Unsuccessful: insert into account (id, email, password, username, name, surname, image, birthday, city, country, bio, privateAccount, role) values (13, 'carlos@example.com', '$2a$10$Tt.xX1i5lzepgcLs1wNH/O3EqLA4Nxy8pPuhtB36Z2lEg2TeOOY7.', 'charlie', 'Carlos', 'Barros', '/9j/4AAQSkZJRgABAQAAAQABAAD/2wBDAAYEBQYFBAYGBQYHBwYIChAKCgkJChQODwwQFxQYGBcUFhYaHSUfGhsjHBYWICwgIyYnKSopGR8tMC0oMCUoKSj/2wBDAQcHBwoIChMKChMoGhYaKCgoKCgoKCgoKCgoKCgoKCgoKCgoKCgoKCgoKCgoKCgoKCgoKCgoKCgoKCgoKCgoKCj/wgARCAMmAuADASIAAhEBAxEB/8QAHAAAAgMBAQEBAAAAAAAAAAAAAAECAwQFBgcI/8QAFgEBAQEAAAAAAAAAAAAAAAAAAAEC/9oADAMBAAIQAxAAAAH1TZhEkLGTEBkJsVMEABMIE2JjWMlIQwTGJpiGxMATBDVAwTYDTAHAMsTE00xBpiGgAEpIIziRU0kSaVDFSkkBiqu2tMVN1ZAnCoKxEFJ2RjJqiQJTigpMhJoBi9EYgDli5CJSITalTZYiSExwmAmNUNANiGCYhsAUkJTQlh4desPC3ntHwuoaRghuEwoAAAGmIkhKSBMBMIgyKmoRJWoYiGCjZWYIWRqCnGFGTqttCUikwEKSJuIBIipJekNSDTAZKmAMBDYgYhpBpwmNUMFIABAMsHHOuuryHmK9p5PhupwixiKs2862PT+g+aM+zafkn0nLpOMgBLJAgAMASYomqAEQEJpwAUJoJJhXZXWKMokU0JSVKM4iYJEkyuTATYk2sFNHSAkTUiLGoDhMABiGAmoBsTAQwAYhhHgnzXU9NyeW6IyVIZDLI0h2FWipkJWVEvS+a6cv0u/5fKPqx8o7B745vSBihgCTFTBBNAADTEDEDACnVbUYoyKgpxhKQKMkQjYWRJMiNqlIIDBKaN7CAYDTEDVSTkEwTEAOAaAGCaGV1Vpq835yzHyJRpgElZGojmtlQyVj1JzoQkXPSzJqqmbeZVEvszSOx9C+Syl+1P5N6SPalNwASgCCYIAAATQNMBSoqtqjGmaJBCUgiNkSSEpFRG7EpKIEkELEbxkJMBjABWBCGlBiRkmCaGUTJGXjF3F6vk7FwnGgaJBKrI21xC2uVVW0zJdHmTiqVeyt0cDJ0OZQTkVS0szK2sAa9X6T8i1yfYjkdeVDUA0AhRpohgAAN0qbqTGpIQykNIAhpiiYkSQCaIkha3JJuYQmOhMhpigECkqSkgTULmLmV2+T5zz1ehh5tGnMNGiVRHIhKUTTSEQQUnKyKzVenMlpiueWnpHKs9LwzA466qn2KDjwvzEooJII6H1P4564+hIeagYgAUgQMTUqTTDPozmVMqI0gpIBqgGoNIAQ4TREYqhOJvaaAyENgNKAQIYk0PDu8wUdHoeR1OFydGYi0EhMZOFXxhoKYuAOMgtt7kc/uei6p5jZ6KZ5KHrGvm+l05px/B/SfFHjpXZjbDLbVauRSSZAYpfQH1XufM/peYKSlEwBxGAEoypMQZ9FFZFIIsERJCGxKSBjojNERqENCUlW0ZkAwQ6ABjUIaUQ4r872PPnoPnnp/nmoVtU03EWipuveYzrcwihj6c/bxzPRS1y2XU3FjTIEiyMpsyeY9bxjwHF9jyjztl9JO6i+q69GYcAVDRZ67x3ck+i7/IeoW8DIBiTBSTppqii/OZgZBgJpoAxJgSHUVJQRlEAKUbIG8ZCYCGA05UAqUooOEjm8Tr8ZPOcslWaDBSSoBBJM10QtKtlPaj1nSz2w9WWS7dOPRGkpdXOudk22U87p418l570/lUx06Gc+rsYaztgkKhpyqyBG36t8e+snWUlKDJCMkMChop576EyMAUkoNAMRAxoATiMAiNUKUTe0Q00A0rTITAE0Vk6Th+R6nnrKZV9w8zG6ipISACym7CWmvpQ+9TvNtuS2WdlGqL9FNpbONhOSnoSQkcm2uXyPmfceQriwaSahTSpcSUUxMStqZ3fpvy36hJcRnKJkAFDAFJUZtWVMrGJxkAmA0RYDBiJQGmiJJUJhtacCkKk2iGpQAQIOV1fGmHibuHZohZ6w8NX0eaAFEo2krqr4t6GToHW3YNojPbGroZN66LamuuWVSbJcrNXoHxNxthCwp5Hars8HxPovjjhY9eAUYyoTUrB1J21kvqXyj6FHqL898SQxMLGmSpip5deOzOxQDkRGCUkAwBMEAAERggK3A4BoTTgGERixBlXgPZYzj+b+n/P7LtOjgpzMNlVqkmK6rRI7qp26ury+nHe0ZNZiLKzpa8dkunPwuAey4vlaD0EOV0a6HpeL2supr5uk6BXZRz+k7Pmnnvr3zU8+tOaicLZdET39cL2OfnyZeR6HmS+7ty6xiYAUNNAAMmzGVIBSTUGkQAmIAYlJDQxMBJo2jQSiwaJWmgjJUmhOBsxdaWPkfSWHk+fZGzzcZwEBRqzaUloz6yV8FL1N/B3HTrxwOzycmY52fXqMF92Y3d7gbj1N/G2m3Tzb5e1p524ubdi816jHXzHz/s/PRyNebTb9J38W9PR34uoeKl0XLyPVfL/qGaxiAGjEiQnYZNeWM5KIwBiZFiBMAGJSQmACAUkbBgJtYkkiYSgAlLKcnp8/eZt00ef8Z9N8xZ4Wm2kYFLRntTTqwI6MeUl6t/HsO5DB0Yvt9F0zxGL1/lDj0WwKd2Ur6Zv5fp5eH0OnamDbKQSaFER5Pxv0r58ecJqul6nw10v0j1PzP1tmqnrcyXxP0Pm9KJoATKAaAAZdWQqTQAADIsABAwBACYIYCA2gAxKAI0wQ1KRkGe6UQEEed1Kq+NUb8Fk6yURaKaskVysgQZEn2+D0I+rdTkds53H9HkPmnN9b5Uv28vevrux5j0cdHRnvJzquskmipTrMniPd+KPImqos6ff6B4S/6N4Q9vowdMzacHQlixVJJoNFNxcGTXkKkwEwABAAMEAJiGpRAcQU4m1pgAoDhA6SkoQARYCUIsSp0+d+b9F52x9Pl9OOWBWh1yKq5xLd3M3GLZl7R9B7/m/Rw42Bh8j7yg+YbfZ4lzdPLDLr3cfYdLRh1Vaoqx1yrKvOej5h4DD2ece36PL9BWnj96mIhnKtsZSgKhggMExkcezItSkhA0GMSYIEA0CYACpMSKkjcwAGqBohkqEANABBVajPK808P4n6h8qse7D6k8v0Y3xyn6HgFdilRKytKfU+W9Gvtu/xO5DcWSRIx07q1w5OvVHKs01l2vn6V2uiVzKIEc+qo8Zw/S8s9H3uD6MmOkPnV/nZfrV0ZEkIAKaaGxkcmvGlYmKSlCAoSapSESZCAoAECAYbGAAANABKAAmQgBoATKp+QfYvlNnF9T5W5e9q4lie35nreIfOJES6LiQ7HG9CfQerz+hLKKrsunmsLIEBqU5aM/QVcu3VCQmy0EwhYjznP9RkS/p+D7B6LyOLxCv1HmPqx121A0xMKaGAnEcmzHZVKMgExpqVCdgCAAQ2JMIk4iHEr6fyP6cbhpUCRgwQStAAECAACr5f9V8DqeNs39SvL9m/18cz0e+g+WYPSebtnFwkj6ny/ZPpPU8P6iXpPn8k9ND57ee0WbYQvrgmyVF9ELEUxsrE0xgCzaMx4bqdTQvg/N+n8wmv7D82+nkkyUTBoQwBuLpY9mMgAiBgpRVNCMABSEpRGhDExAj5b6jxHQPr6z3jAlABphFgAEAAgKPFe28nXj/Qed9NZ5L6v8t+vSuEknk/AfWvl5niFsbqpRv9F460+h+fzbou3bunGi/HOtSzMvvxaauikjhKIhoYIWa7JLHTl1HhvJ+3Vei6ilAChtNQTsBgmnUce3ERARNkIcaBsiSiAME0JyCKkhRkj43Ktn0v0vy36gSGiSBRiEBDAACE0U+H0fM15TVwvZ2YV6/JLze9b1or8F9C49fKY9jkWRUkRUoy329ew6XsfFeny6U+QzoYoYDsX+L79ejlg3oRChOJKBVK8dmU0ac95xOvimdYCgCAGRYxOLsGmLHryLEAJJpFsWKahMLBoGhgmgTQk0fGyu2yX1D5b6ea+kpkNAgmlAagFgMEBGaneHh6/cePs1+l+cepl9BPLrEEjlfL/snn7Pl5ZUtbbt9Ds8rCTr5cUDcqvRHB1+67p4bo+uoMHZ5mrLTKqVSQkjlt5E1ZVw/Rp0JtVQStq8TQAlBpWJommjAqGbVkiIKgGJilaAIyVgDEwBMExBRLzS+BZOyN1BH2XZ5D2AhoCUZUxiaYmFCZESSAAUk6TCGACA8L4n7X8ts4rK7SNnYOX0+rrk2+i43Ul3zwROhXTIgSkSsjMImEr8teifref0yyucCu2mytIEikFqGpRoRidgwIZNWUi0xDBKQRAGJAwGpRG4g6rOEOOLrL8pnJpozJnoPp/wAf+uFyESTUoNWDTlEMBMGigCAAAYmMQAec9Eq+Iw9Z5SyXQ51sde3i1L6Hf5P0Eel14+vFls7KougocI4Lb/OkrIdO3Wi0QsWZEIuKTcJg0wBQA6GmNDK82jOJNK4tQJuxACGKJpAAGZTLxFI0dDJsr5rTTZFsZOo/Wfkvs49y0EkyVAwAAABSENWACiahuLAGo0rBNFPyz6zgPjz388npx7Tf6Xgd87uzma43PM4srrykOAYK6Heo7Nld16MjnAsQSxpvoOiJ2ANRMkBqgAbQQyas5FpyxQU0wJREcWCAE1Ij5fq+dWd0LDqaCs+Y201WaaFcmfp4LF+zWYd8JgACgmNSSJgDRK0yxASg0DQAIaCkBl4/5/8AT/mGj24dFdTZzSPT9DyW6PVx4Sjs8Ln5C/vV+k0t6NOuxRsjGWrVWtbZEc2mg1XcvpVNADRDEWNDBpkMunINqIxMYAApWBYRklVVvBTm56tFui/P1F6vN62CT5KrqbNNSvFGDPY+/wDin12NwMQEDTtAEGgGmqaAGkGKUYhxaBCpqUI5/wAh9x4elZVKtcs0pdVvPinTqw6ifar9Elvczb1tugJNRrLKSKuDjDpnAxSMsdvR5bj19BOL1qsGkBMYBXl05wQCAGwUBIxA04y5vI9PjWvXVbZs7PI7hu5HX40nyUjKpXVOLqpqo/Qvnm6Psqx7RDUrUlQAgxAwAErAkIstBEClAdHl/D17vynHpJSUqi2hiCTjIfU5eg9/1vP+rkq2ZZLfXnimyqqZZKq1SEowq511nhOcOqruny/0csR6fpec1HZKrbGhleXTlE0UwIbQompBp6PHr89HHjXc1dbRuTb2uP26n5z1HlZPl84SHKFhZZSUpqMeu+hfMvphZGSlTFZJAAMGmRBLIShoKYcmOh8953EqUE6SaJNMYNQYiYDlGR0Pe/NegfTI+U6EdWdOpLrIWEZpqRUUKb6VpnCxMPo/P+gXgcLqc42ac1sWbMQd2/z2yzoZLIEWmrlAGIGCRuEjP47s8CWVlOq3RqzdZKu95zunQ8t6vzCfKWmO2qdLTmtIyhOO99J+Ve8PRAxAAwEMABUNDRgN/O8l5Q9L5WpUIStNIAUmmTcZQTUyBZEiwLL8+k3dvjdaTt7+L2DZZVMshKJCNkRwsRQrqDB3eGpeVbRcaLYzLb8+1ISlGq2oy32cl11ni0k3BpIEFVnCOPnE1ZqWipd/HCS+3fyz0fmPT8CvkEp1sjCVzhKicWaPUed6MfT7Ob0xDQMABiT550cHjfMHqPKVC1k1UFJEQAQxDSg0OdciyyqwukamcNfRzS06c1ldjqcLoydzpeZ3Hcv4/TNjhMUJUmhzCnm9HiFOQzS2bqNaTvqrXfLBpNluC+pxjCQdUrSMZk7BxKVDqPkPR+aK5m8l0cuo1XZrqvtzWnQw6keB8b9v5SfIzv8AAJiCeii832xsj0Psvl/vTqgAwHVzvBnb8lKsqVqqKArjZWRjZFYiZEaVsJFGaVOLslOE10bObqToVW2y8yOymqtLtSW7HfJ1+r5veeh18vfLOiWM6hy+cdTi4qy3TbqKpzkUX22ldqSScGrhbCqZWVwnKmr1CRO6hmiipnOyerrPObrhMFu4XLn6WQzer+b+yOvFpOX8s+z/ADs8iBT15Np0NFd8U+k8/wBM946+MdXyPAykqyIokqgWBVHVUUxtCqNzMxcLQr0VEmRc0sKtiTJKUVnOpm/Xx5HXyU6JKpaZmFdXacDb0ZnU6Hl4R6HFyq615zaYuzq2RCN7iFVsR3QlVirCyFaLZ5rCSiiZB1dCESV2WRdSo27L8tszZi3RXidHidCutXTceayek8NL9UixleW9VxD5QTVG3Lsjo6aLiu2FCdjz11Cka7UJySosjTq1QXPOdSVubWBKlIxsqUakVx01jr0wK9WCZtpt0nIj11LyZ9FVlt1KTNN1mx45GiFdop6ugcvpbdhDS+cdSnl3mjoYtsUqdRfbkuLq4MjKuRbOiVMhBLoutbISkVTjYQLKyUlKnfVcmXjd/lLtuxbSrw3vvMR7RwkkuT1eWfKIWxSWvLqXfdTNFTGKypupFqybh020jnXcUV7K6qd10YI6YFcNitwU9PKmabaynXaTVrirB2aDDu5+wp0WYjqaONedufN6CVnSRx59dGG66I9XIqOrmy2lU7bxaQNjosliraTVLJJbmTQuy21ZZTQWFYWSqibFnmilCS3RUDS4QLpK0zV6Q5HQoup87rZYu3eY9OhzOniPkcL6C3Xl1mqFc0JK9aq7IFGnP0jPOvUV3Pec+OkKb815DJuyLGyqywx7KFyV30CvhM0Tp1RDRjtKoORsa1HDj081ZNE5Ro2c6xOlQ7imGmJg03IrulMrd7CWisndW5RxtVFtKX3U2EbaLyDi6We2JIdBIgF2nBfFjo0VbVZSWXVTqeeWCNFN3Jt6d3ju7HA+ifJfrCSzaabPkWfdzzTpx6I0SxbjTKEjDMiPr8jrnPlXSdfZyukTjblMmvJK3Zm35UwxkFuW+JilbYtFG+lY68O9GrlGaNtJrvw6i3PdJMz0yMquRZNWlcbEM0Nck9UkzaHMhOy4hHRCWpaEQtnMrlJ1CSRZGcjM51FkIzqqVlEQvzXl2jPqqnHpym+YScrJpqXrcPtYLfNyOWvL+vfG/osx6yE4nzHhep8rV0oIe/FWd3fy+9HDzdTlGrpczqJzud08Vuzped9AdbHonHMhu5a9HJpgmGGqCqwurHn3Z4rhqFwbaLUvtjYaMepGKx1mu7FpGpWJOpwJ1ypN5RUbrMFhsqjYRkBm1FgqrpLOjXmgtLDLbfKzHPVNrFDWkxx0WHOnpz1pq01xkhogX9LLtOXGNZ28VuQhnTXr8vqYE8/yPR+eXiek81tZ+wvNoPF+H+mfNRpOrqdFJZ6rx3ejseZ9X50Xf8/6M5mXdzawdzi3HuHHRHM5XoeKuizPEvKkmeyqVEZqKIamuOrVQX306yqdoU09KhMm2ma36I6EyF9ascEsjC0nECnXVoWI5lc6rYtUaLLnRpWc674jOyqkJlGhMrevKZqLstdCOjDFMaMx6i/BaUPNuI44StJ56zrcjeScDR5eS8sjO5+o93559DlwfJ/sXylObOM60U35i2jXlPU5qOrHE9V5b1Zj5PawHEr0c633O3m9qTJy+3zjEq0t9/N2jzdSlITqmoJpnovYXxatxsJRUim1SLrs2mwdblmqwnUpJDVmZfbgkbDBaXSqgu4ptC2qk1aMdhrpQKyFRfKq4ujlsK41Zzt4LMRhWLGvtlizHVnkzpl6fD1W1ac29NzUTxPL6/FazibPQ+qfHfoJ6z5f9N+TyYHGVbcnQwEwiHr/ABXoCj0nI0Rs4fSwGXkdnj16n0vlfVyxx7MJio10GPbRpN8KwovxzSUM8ySIGumSC2lFpOksZcuPROunZJyTKWTjnlbKmJJfZQza+el6Lx2Gx1NJ257FtnCs1Sy6C4rmLRRcRTRXj01G7Fu51cLn2Uy+gzQmvY4vSrueffflWvpYbTpypzFPmPpiPjMotJ9/z20+n/KPdeDGmJ1c03GSyi6qJxjJ6DTw+6vU5PT5pyuZ0eave9j4f2JdlMg81uVMVk7FusnnI2SSVWzkV5d3PrToyzhFTLZZtBeUTHCdgUa0VQlYVKwtyuyuLtGXSFOrIS18/aa1RAvTmjVqUuLCpWwUukkgy8yZ+jlNXJ7PIt83lcDdtws6Nma1HkvzG2iwXZZbA69r2J8ISkOcUdnk21IwRs1YO9HAFOq4zQuvzJyepoo1Lw+d0OZXS9v4T2p0MevOYKlXKQbNFc2KkuSvTnvqGeyZFkJYllVOc5pRfZojHDsaDg3eg0V5ePr5HkI+4tPDafZyPDy9sHkKfayPF2exceR0eoZwJd11wH3g5Vu8MD3hklqDLLSzKaIFDtmef5fq0vzXB2+IvQrqC6bsVSzbk3ZrUne6nI7Un5+kiiTib8mzOtQmkvQec6xnydfjxbTONbsemmOrt4PVMHP6XOrR7fwvtzolqjj0bEYDRYZ7et0zxdvutZ4S33hXj9HqA87Z30cvVrCouEgTaxJocZQGEiBIE1IjIkAwiNgSCEmIDaxGgY6IyAE5GmLByRRzOt5NfEIY50dlYRtpNmvJai259C7tvG6afFpwYrK9Zro6VCcmddhDXnivrfNegzScRBUehzdhm6OC0uxaM5L3nhvqS6LO+JwuhfGKiyknZTaSalUkwSmECcaUk4BA5RkAAAhQlEY0AMcoskDEDGCG4tG4tWkDaaDi1aiE1CRVdzVXS+e+5+by8yqvSvVdOEs1VaLJ66Lw11bIr2Z6j5TKVaPZl0L1nK6TzSuorRRqqXf6bw/r081n9L51YRcDVSnE59quzk+08b6I+ruFpmp01lddlMls6rLbCLHKMgcUTIBYRS2KATUGk3CQ4usVVtY1VYE6ZFqUTS6rRxkEkADYgiSIugTG4qJodRlEjNj3ZTL8s9t41ZdTKlvz6Nhmt2xsLtl8tV9c0fD9FwI+cShfRODO7dXrjgYe1xks14L6q0mRfZ87D6VPKZ+jiMrnWehnyuocrrcrpn1vVythfU4xRltxGu/n67b4kYsspaTEU5QCwiExBOIwGiKEQhJxRaqKsnGRJEYuvx6Km4lTIhNwlBGcBuLBxmELawnTbSUoxTVbx68ZhyaJdeSnWatmfrGTr11mmlWS6SIl3Ow+bt85ry6WahNe/qhtk5fG9LyTkWRS9TPPpp5/0HFgeq4PUZwqdFFLscPcWb+brX6N2PN99NEqWQzas5XrybSMALZRIscSpiiTcZBOEyNlcxtOFCUKrjKsnTfEjKi9Umod2eyy6dbLHUi11zJpoTQRZEsqnArvptScSK0fOvSfObq+Cgmvr4+iX2ZLii6GCO5XxsK+g4EMMiSjbmlFpGcLTu7M1Enb5ctx5Knqcol3eFdXU43YgczqczcV5ujy1iiJs0czUnu/VeO9YbEhVmvxpboz2FMq7DS6bYm4qrVFjnVMnOuwjZBk4kRwlErbgSdZFN+NrpUIlzpLNbgjRXKsnZRcWwlEUozIMkKM0VElZJLLL86891N9vLtMK9GmzTFnV5c0v43V6J5Tf6JnE4nsfMLxYuJmmDKkB6nphGLOBRwQSLC3q2gYsoS78gWZWCwsBPY+wA6FgLDngmgCM9oVZIBRAtuBUwklaAkFTQBACpgSmC5qQS4CWCCrgEtkBXaEX0hRYA4gTQVXIIXJCvl0QlruC3oRCXb6AGdyCFADL5wF8xAK/8QALxAAAgIBAwMDBAMBAAMAAwAAAAECAxEEEiEFEDETIDAiMkBBFCNQMyRCYAYVNP/aAAgBAQABBQL/AOHZL5se1/8AxEiXxY9z7v8A+IkS+PHwP/Du1lNRZ1muI+tyyutZKtVXaqp5/wACRLz+E/8AAlKMVqurVVmo6lfabsjfdSaKtXdW6usWRKOq02FdsZr8yXh/6GSdqiazqzgX6+65e/HHbSaudE9LerY/lz8fOvavym8LV6+FBPq8279bbd2fux2T4I4EsvQzsqnTdBxVsGLn8mfj8N/lM6lq1RXbN2S9zXZdn2a4Iv6neVKy+d8fSdWsvpdfWLDR6uGpj+NPx2x78fE/yrHth1K/1r/axeZeEY5a2jeTIhrkp4lqdUpm9mRPD0uqdWop1lNqWH+LPx+A+7/HyWXQqV3VDUdSvmn74LLkV/cvumv6xFcTGZNEniPbHdSK9bdUaTrBVbC2P4U/8r9X6w/i22S1mpM89/2+8OG/NZn6pP6WVrM7ZqMa3iBLn2ZM9s9tFrJ6V6PVQ1MPwZ/iP8Lg9as3Jll8a4ynZqSfp006nXymvavPkfsT4j5lLtU8EpZe7iLNrGRRg4OPbptRKmWh1Sur/An+I/wZS2qO6+TopL7q9KS6grLJ9Tk3fdO6XuRFkvdj2JFcSWWShgipmy1noTxsx7tHc6rNNcrofPZ+I/wdRdGI7rbDVTuiSlKXxfsffAomxnpZJwwKGSNTKdI5Feiw9Wtk8lU8OOp2lspslMz7uk6txcHlfNP8R/gau5U16eh2TvsSlr7fUvl7kIx7oxyVUORHRi0e4WjSLNGsx0JXpUpKhZnFQjrVumxPBCzBOW5v31T2WdPv3R+af+Jqf79VGKS6lbsnYsL2wJEGPx3wQr3Gm0rNPpcJVojA2jhk2owhIvjk18UiUH3SybGbH2z7elT+qPK+Wz8R/PPiOje/UTnsWp1ClqbJbp+2PAzAn3SKNO5Gn0hTTtERF3wbe0kautMui2TjhmRSZljyjJx7IycX07V6jGn1Mbvls/Efz6x4q6dPZPql6qqcs917aWmWVrDXZGl07nKinZGAhC980XVmop+q2CxKJtFAxCI3EePd0zU/xrLZw9WqW6Pxz/Efz6nmVf039V1Hq21Q3E/u92cCt4ZgojmekqUYsi+ciF75Fhq0T5JZMSY4tdl785WnscbKOa/jn/h3P+zWP0CT3zUuH8CMCiaKr6q+EIyRMmey7Lsyw1US3zli3Idial8MfPTs/wAf47PxH8rMmrlst6hqHc8YVdW8lxL2owJEYldOSitRI9twuSIhdl7bUassfMpGTdgckyWPg6PRG29fSvjs/wAJ8HU7Vbdcs22ra9LHbTb9/tQkRKolUBCZv7QEIXZe2XJqasmoq5ccSMol8DR0u309TF8L47Pmf4mvt2Uyo2U6fE79Y4+rH1bVODg/YhERcOsqlxnjcZ5RX2j7F7ZLJfRkv06RKKJxwNr3pdofd0+z1NOvjs/wuoW7tRq+oSnGEZWSv00qV0zb6evSWo9i7R7VIhE/T8xIEeOykbh2E79pLWpENVkjcKaY+zWS6nctVpmSJxw/bgxxjt0iyPpi+KzuvzrHtrjVLVWvpVddNMWrNc5ejpcRWtedR7EIRE05BcY4ksCKe24lbgnq4pXa7l6yTHfuNOnmqvJFYIyM97qty6hpXFvkxjulkW2tRy3o+n2WuNWlhDqHT4Th0efp6oXxT/wdfLGn6ZHZXd9UXDbdP/yKPUfp2cy9n6EIpZXPhPiwgQeB2I1Wt2lutkyVrZlshDJCooRU2biDF7L6VOOuo9K2yL7p4K63ZLp/T41x1Ctsb0c0USdVusp9DW1S3R+Kf+D1WX0adba75YhdU65Rk65ZVY/PsXhC7RZGwhYTkReD1eL72WvLxkUCMSuOSjTyIUSPsFJSIEGLvg6npVZF1fROOGUQ32aLQRpVksOrGHHJ1GGyWuh6ug6TqfUh8U/8G/8As1SLfqdtSnVH+u/q6jva9sXwkQRgwRZGROZvHJ5s5HFtxrwWcGSGp9NV9VsiQ6hqkodVgyXo3FfqRIMh7NQsx1Edk9XDkrliWl6h/VLNsqGoRXK6nH6NudB06fpa5ePhn+I/kbwtM9+pn9JVFykarSbzVKSlOWfbHxEUkb0eoj1CuwcskRQyKh49HaSLfPbSWqqzS6v+VB6SucY9PgnChxI18pexnU6y/wC1ieHVe81aqrbp82OvhdRjmrS86avSt6+Pj4Z/4F//AD0sPTHHe8cYGdUocifEvZEybjPZMUsEZlf1S01GU6UldXxqYtEkRXMkRWZdNr9KqHK7r266Oa7oEvOCKMuL0WuaNPqsk/7K9PHaVU7bPin/AIGMmznGO+Mmqh/VesWkvdj2JmieZaNLEkSrNVRFw1On2iqeVXAqSiaeRCRHuvbfzCxfXqY7ZwjlQi4yel9Unpp0uq2Sehs31Y+uPM/in/jXLdDWpxvP2013wY7Mx30ksT0HMBlsMrXVSRJvKbK5M08pMqiR7IXd9p+NbHbZqEmaV4np1WyiiHqWaeMoamj07emx20/uH/f4WS/Ef4fXIKOpIffrue6QzPapKUraYxP3pV9egf09sFtSmtV0/l0uLqr5qISExMQu7GSNdWaiJS9lmm9OdVCw/wBT0u+yOIRFB+p8LJf4cuD1Eb4k7YI6091wvu1fMe1bJ9mIT+l+em15lpfK8d5Isqix0o29lIhIixP2Ptq19OpgUcT0enXZeJiRbZGBHlfFL/EcUz0YCrij/wDIIfTXg/8Ab71JYKqo2USW1+TwPkURjOmfZpfPsaJI2koEq2bSJFkRMyZ73LMdTEnHEum37oNkfDLJqEdTqf5Wup4r+KX+P1Wr1NN4a86SlWrX1ejdoa5Y1GldqlB1yF2l26fI0kfc+7Q4mBEWL2zXGtWDZuNDptpGODwNnWNbl6DnWR8fCyX+PZHdDXVenqTp1q29X5t6LGMpW1OmWurrtqxhiH20C+vTfau2TPZ98GCUTAvdLxq4ZIQ50sjI2dU6gq4ylufRNPusXxMl/jyeF1Z/+SVzcJX3+saOz0bdPbDUVdQ0q2T4Yh9umxzLT+B90ZMme7Q4G33zryeikfy/QvjrFJdR104wlJylBfV06pQo+JkvxdHqFdX+DLx1KH/lY5UMra86HTTmaaFtFln9lWtr2XdmfvpvBTLiPPfgyiTF2i/Zj3smaulvU0VYXWOGihZuoWKfiZL8XSaydc9Ld61f4PU6v/Mori9ZOqNWo1ij/I6RXihIlE6vHbb3/emsUTT6nmu76d5qOo10k+tPNPVN7pe+ODHZP45jrUpKOF1tfWdG0/rXrhfEyX4jKralR0TUZ/C62mrdO8azq8HEcpXW6OHp6c/fXKs1+xcEJ4NJqy65utaTdOWhhI03Toxda2rPZi+OZDy0ddiUw9SzQaWOnq+NkvxGbMLRW+nbTPfX+B15P01xbrNRv0mj+jVRacO2vhvo1Ffpz75FLBGzmnWuMa7svTszgTMmTcZIv4WTZDydajmHSNBtF8jH5/Egz/26Pdvq/A6tDfp3JRnTbvs1milGOm12opjDql8zSWXWuyOYdRp5fD9sUxSaOnTlIiuEjBIlLBXLIpcp597Y2TK+3UF9OladPySH+Lkxx0q91XQluj81l9dZ1HqFcqpZ3afTquqMlfF6V0zonDvrKt612mdcvboqvUjdo9p09+kfzIJPXQP58T+bWX6mvENet1V6mqJe9skyTyR8I1kd1fT041fJIf4uzl5RGTjLpV/qU/NOmEz+JUdZ0WV0fUw9OM46e2ucbI7Y98Gq0sba9TS6LezF50epVUbdWpKcz1T15HryPWkU6e6+UOlOJDTyrKJYIvK9jJSLLCl75Y7W+NP4+SX4s5qKi2jc85Oi37LVyvnaUjX9K3Sqr1NVlUbUU27vb1TSLUVTi4S75NxuMldU7HpemORT0+uCppUE4kom3BBme7Jvi6zCndulo4bY9plfj5GP8OcsLUp2Enue7jPFE9tuknvpf4OO2F7utaPl989oVSkVaU0lUcVxwcIyNjGR9jLp8ai3c9JRlwWF2kVePkY/wpPCst3OEcmNo5ZbeWdDu3Qf5NsVOHUdN6FwyMeaa4m1JVJFPArEbxXJvPdGO99iirbXN1180xwIz2kVfLL8PU35Iop+1eFgocIk8OfR7Nt65/K6xp/WpawyJXM9Rn8jafzCjUtkZORXDmK9m4ciyeDUWuUqqyESHAu8in5Zfhaq3CIkBSTJbSWMLGNA8aivmH5LOs6P0p9lI3M5IrL00CpMrEvbZPBdqNzoqIwFEXsZX93yS/B1FmyG/c0VrJWvqpqjJ2RUZURjKdyip1y2WdPtVtH5V1Uba+o6SWmt7JkFkqrNPXxBCMj7Nlthfbk01fMYkIGOy7s/9/kl2XzSeFqbd8o9qV9MOJRyQScroxiVxjJI6JqOfy9Vp43w1umlp7e1ZWyizBGxCZk3DkTmaq8qTk9PAhEwYJexn7Xj43+Bq7cREhcuuP0ye0hbxKn+uir1Cf0y8HT57NRXzD8vr0PoEVmSqwjZghaepk9Qlbg1OpIrfKitlUSK7MkY7skV+PjY/mslsjdPdKPLZTHmC41q2wsgomWzmJGvMIQ3yr/ru0c99P5fWY503aDE+E8EZkLcCvJagu1GSPJpYxZXXxCIu79siNuxp5XxS+fW2j8wR5NLA8Gs5q/QoblyOMqzk6Nq8NPP5fUIbtNLhiEzIpHqHq4HZkXJRSaevBUR9jH7JE1koucSNsZfFL5tRZshZPdJckSKNPEwar7HzE3PCqntW6Q2yibrs0VnqUfkuShHqXVUSeX2ybjJntXDJTpimraVxIoXbPbPfPZki2HN+mbS192nnptfC1KyL98vm1luX5Io/cFzQM1b+heP0Kc2vqrEZ56JqFs/HttrrWp6vCBrOo3X/CjT/dp48KJHgQ2bjcSkLs+7JE45ho9uzV6SF0dstHfCzcU3e6Q/k1M9sLJ5lE8EPNaKSaNfxBeCKyL6JWWOb3ZRpLXXbpblZV+JJpLX9WUC6+d0s9l8NcsPp96aXj95HLvjsh9mMZ+tHZH1WjrNf0aaX08FcpIjPd7JfLrZ9oDKlxX5qJeOo/avAm0PJGf0UuKJYbjjHRdRiUfw7Zxrj1PqLueflRprnXLS6pTjuHIyLkS9zH2RS0tSdWWa6lhIhI3vdG9xI2Rl2n8l0tsJyzJeXw8bo18JcOjlSOo/YvHZyyqmlKbTm0u3SoL1Y/b+Dq9fVp1r9dPUy+dFFrrdesI3biHKSF7H3fZFU1K9eOoy3TrEIZFqRhorukOSfya60ZB8yjk0suXDBM0jyp+Nb9q8dk8Ly7FBLBg0P0TolmHz6jV1ULW9WlYTm5P8BEUVLmp4ITIyF3fsZgn9ujf9109lcpb3AZEjgUEhIlAw0b2hTT+G6WyFs90xRIM27XTJWRvrwtHLDfK16+leOyH5UMxisiTZRI6Zbuj8t+rqpNX1eUiyyU38i7YyNd0QIIqK39UOyfufa77NDJuWttyMiY4SIReUNDyKbJTQ/EbGiNpuRn2667svKiKJUspJ12f9IV5hcvt18foXj2RTkLh8xKs56fbtsi8r4r9VVSazrDmW2ym/mQu2029kQKyHisTwbxMT7Psh9tanKvTTcabJYK+RIXZNI9RZUsnGGOKZtMI2o24EmbjcZLpbIWz3SK1zGJGOVGODGVVLY7Ybih/TrFxOLg+7I5Gmm8sq5VT2z0dm6v4L9VXQtX1acydkpv8AAXZCHEa7RZXMVhG5EbclcskRdpeERH21qlIztX3OtduESkhNCimbMHCMZHwLJyZkb2KzA55E0+2qhOcZQlEiiKSEyDHMjIkyu3il86tZh1bRctNd0J4cm5EHxDwdNvw4vj22TjXHXdVZOcrG0YMdn8C96ER7SRtNoonJGJXwVSwQmQkZGfuLJMstLbDOSEBdnFSI1RNsURH5wYNuTZ2wbjePkXeUFJX6bBBMa4qj9NqacJPG/iTaKNXizPqVSipK7Q1WLqOjdDF2yRIdq57JaK1WQ9ms1sKI6jU2XyePc/wYyINGCS7LtkixTKrCp57NjnhvUKKnqckryH1EKxdlgSRgx25XdmBoSHHlRMc9m2QnzHDLKlIdZHgeGoxHUTgalbJ9Ou30dtdT6tWorddnesgYMHSp4l2uthUtZ1RslKUnLPbI2+zXfBj4mvZkTITFah8jyZkb5I9RnqTFbMqnZnT24T1Kw78llo7BshBuVVOCK4FHI6kiKwIzE4Jd9vbA2LkSJbjkQ0Y5SP1wy6HFVvMWZTHHJ1Go6de659msrrdO2fZFZAx20UttkXxrdfGk1GondIbM9sHPZIZnvtGjabTHfAjBsJL3RkJiYiMSOEkbjfwrD1MDnzBORCrLrgkRXZ18Lg3qQu20wMccmGja8DRgwZHI5MSHki2byEkzamOPF8XCyqXAjULMZ/RZ361H+rsiBWfplcsS1PUJbHubztPIjaY7ZGJswY9jyc+1YJYRGQuT08kqxxMMwIiIcsCmRmjehzPUE2zkhW269Plxq2m0wTngW6T5xgSRwJob7YMYOOzXbHbaOJt7IwYEjkjI1FSshXmMo9p+NfDbPv1Rf0S+4RWQ7MkzCJyGRXbkUcm3AsEjBj2ZH2wY7bRRRKA1ghPBGxnk28uB6Z6R6Q62hwNhtYos2sVTZXTzGoVZFYHZBKzVIjfKRjcV9uO20SH2289svGe365Ipj747YZyRGhmpjzRLK7dUr+heO3UP+Fn3ESJHwiT74GVwyOOBi7ZJMWTaxrtgawPul2RgwbMk47Soaym3EheepFkHFkcGzJ6PLqQ6yMCNRtFEwTt2jm2NZca0itR7QGzk5F3TYs9347oyMYu2RYxlGORlkcxhw14NXHdVD7e2v/4z+8iRIjG+2MDERfDYyPJgUUSikIwxxbNgoDgemiS7pke+CyGTa4uBKvcSqaIpi4KyBxj0lI9BDUYnqRHbEd560jmRs3EakhKKE4mURmbjcORuM5IjZuYnI5JTkKTG2LI5NEWzkZyZP3nghwZ7NZW3mJgtj9Ojlvo7a7/jZ/0IkELukYyPCP3FDEsiibMiikTwVsYyaF2/Uuz4EJEUbMEe00QiRRZVlOtowxJkdyI7yDaMsccm1IZlZjOKN2WkxxZGJgwRwcHAkYEJn6TMmTKG0bzchyR6hvIyN45ohgmhIUsdn4UubHhu1ELSb+nok80dtV/y1H/VMiQRnJ+o8mMHlzwQ5lteH5iJcqLw48+kYw48ksEjLOWbWyUB4GRYpCM8Ph54bYmQMZJ14NptQ8CybmQl2aybEekjYhLAmbWxLacbRGTKIyHysMTZnJ++zXCRhZcRowOOSP0tvJtIIkjIuRlstsYywWLcramOUq5U27o9Cue/tqFmvVL+5ETwodoE1lftx+nT+c/TOJCRGeBTk1hkmfuPabG8iyYZZA2Gwwsfa48iwbEbR47QYu0oZFUOpZ2owKSR6qHYhWod5vyZbNjPqykOIon62m02iyIaEhi7PtgY1k2n6IpmCESaP3AZfNsr4N39dtjTunuNO+emW+ndF5gW8x1623kWSf01S5IcE+e0uFRyY+m6RW+VIpZYnhJlnBVyRSLkjgUuXIfjaxIUCxIg8EUjgksko4ORNkFIw8uLFFjiekbCFZ6aPSQqln0kemkYMd0I474MGPZ4FIbQ2jcZQu0yLFIUiD4mzPNaWLeFMjyRX0WxNTE3OJRxPRy3Ukjq8cXIQzwVTyQ5bg9rjzM0rSMtqxD4dMliqRu+llhCSQnxLk2I2rO1GES47YHA24IYwsER/azwJvPk/SMNvaYP1FcqJtQhYGM4JeN0kKzJuMvOXhyIs3My88iUmbXjaxqRyLklnOWRWVMiclR4VkitkC1uU58EWsx+y4uLfCOiWZrGdbj/AGds8si8FEitrbasu7g0qLfDTZZAplh05aghowjb9cUSNuT0xQPB5GhRGhxK0YIvBuMIk0ZwRtjn1EKS7bzcZeFuzmQ2xJs2szg8mBcHAoowQjzPgxkwRMdojMkzDEicWbXmMSxYG+IvJBD+29FUWJ7YqfM25Srjyvtlhl9DxcsJeOj27bu3XIcdl5eO1U9squY2KKje8vSmPplw5E/ploriHKZYj/2iYRtHEm8OMljPLZmQ3IwxPBGZjtFZJVocBJIjtYkfox3yYy+ENcbckY9sdkJolI3G8U+ybQ2ZOTLT8r6htosseIzyRzicyTIS5qZZ4f1FcXnUvbCvlS4K2bjVblGjV4LVXdD9aSWy7Ty31nV47qX5I+WuzNJflNLbqjSEOVeknIuNF99K4wWR4mlmMsErOYzHJsa5x2fAjwSyzaRgJG0ikOKY1gYuCI+zUjDRjI0IxltCRHgwk+DcsqQ8EiLPJwLtIiN9ovlsZPxBc/qcubZkJ86WeS/lQyQyaqe+VK+mxorkipZlqo5hLifqSiv1Hz0mzfQayG6m+O2wj5fhDjxB7ZUy3LVQwaf7q1xfBEiZp57Z0zcltkyyL2yhgwTgiODBZGRGMspIe0iiSwZJctcKPgSMDQ4kYiMm5G83G4lI5Mzz+l3/AFtMo4ZsRhCwcEWjJJkWZRkUkbojwTwRwiMky7bm6dZVsKduJ5ZBEpbYwzKb+mtrLhFIqLDXxxa39K5WcHRb3GwtWYa5YvIeX4/afE1h6CZqYNwo4sr+20eEXkX9Wja27uJFo8j4UWVzFyWIUTaZwSw0ZRw0jk5GJGGJCFjCwfSzgyhsTNzFaOw38ZIyOTDFWyKGIwJDMCiOHMYnppnp4MPF2SGRJom551aKPug/Tqrvk3GbNRPhTwb5YKytlnnqL/ufj9YNPb6dmls9SqXK6rxqCPl+P2iXJTN12ffVt22af7dRNRJPJZH6XxLQvIlwWcjjzauIxIYI+J4PL24JxRwjejgzHHqLO7JGwm2KbN7MtnJBNrYz0xQRgZ4G2M/UWZicGTcKbMvsueylg3GSLJCEPtPxGPP/AKyyjUMp++6eK6cZwsX8umCzZy0sNeKS2SRb07+Q9XpZ0C8ZF56NdmNjxDXy36gj936msOPhjNDdlXrE42cSWU1gnnE+JaCX0wf0yeCXI0yUWIi1iLHyv28jyyEMjrwPgUdy9MXnjc8Y/eCI8Cbzhj5URtGcPcbu2XjnG5meVI8kRp9ovtgSYkxLsu7RNEPP6tNTnOma33y5o8ynh4Tb+k3mSPmuRdnOjX9WppU4LwNnR57b9dPbpZvMj91cxujyiXgpnsnZLdHTQyTikrGWMl56cyGMOUSW0lLBOfDkQyKMsKHGMNz4jLtPOG8kI8bThOW03Jm9IVhuGLOcZMbXEl5GskuGiKIjSHFCwRwbkk7DcJmeyyNyNzNzItnJlibLc4rby39N241MjTP+yx5tg9sYvImNn72cb/qqWR+dK2ozkz9GDTWenb1K/wD8TvRIu8ifD7Uy4omJ5V8ME2SOnv6q/Eo9rVwluTghcC5jz2+khgeD/wBXFkM48GOXHIkbTAkYIRRwiaTUGhrJtZtJxFFkfPA8dkRwMSNpFI4ExMybkZ5ixy53GVj7j7JcSWpk4l83J0cTxmUpMi+D9yeZeFFJuPCZo19Moi8doPEtTf6sX57UPm9cLs32X0ypZCWFZyWkmaJ/XVLjyWLBPlQiieMvxT4kuUbXnYyOEnPBORDlMYu6RhdkzJW0S+k9UeWbJ52TPRsx6Fh/FtYtJYfwrcrQ2C0Nh/BtIaGaP4bP4R/BYtCfw4n8WB/FgLSwFRA9CB6ED0YHpQQ6oMVMESprZboKJj6TAvpnQafntJ4EKPMir7pP6d2HommmLt4G8kfD7Mp4lOO6p/S/IyHm1FUykteFcM0f/WuRFlpLJntgrJ5MyOcNMhAsik8R2/avVHyLy4yxCuxi01za0dxDp8xdMZHpiFoK0fw62LR1IVEImyJtXbHbHvz8uRjXbrWp3yitqUhyUnnjOyMc2Ous4QopvR4TYvB5EhLifD7Lzp3mOpWJp4M5P2vqiuJ12DWVdwM0zxZp/GCXieDa8YfaM8G7JJvcq5M9Gwhpr2Lp1kj/APW8LpkBdPpI6WmJGitHpoUDHtbF7MmTP42OzRr5+np3L6uWSfFcWIktxXBLt+48Gmmk53ZF48ngXmHixC76WRqocd6WXL6qpCsLR+avu0y+mBZhDcR5Y4WMho75FfTWyvQ1xFpq04wijC9uDHw4/PZ1y3FUUSlhQ5K1HFzUSMsiksLsvFX1OKwIz2iQRb7NO8Skt1dsdshkfMlurg8NMmxkPOhpsshDSTLNDuK9DXEVcEYXvz+Bns/yd5nt1ue67fgT3ypqWJy2Dk5tcEee0fKRHiW4XeCILMb48CGiLw9LPdHWw9lUixbZRkSeRlP39Gt3VxH3ZkX+hb5hMc/p19sZXSe4qWDc0m+Yo4INdlwR5Uom7hLuvFK4tjlS4cR9tJZiU4qyu6vZIYmSW6KMiqyLh9Es/tiMaMezPbP4D7SExmTPdfiWoRrJ+np7JOU64kMYnI5Ip4WCuBtblGo3JDzJWtxl+hCKC3lWeSHKnHBW9stLapw1tY4sfZMxzTVFRuGdJljUVvh9mP4cmfjz2kRYzIu8X+JPt1y3EIIRJlMHIVJsWFDmEMG7B9xtEzqMMeyJR4kXLtGWDypLBRY4ShJXQvq2koIlHvpZ/TcM6b//AEVeOzJG7ncJ+/PzY7YF3j8D+Bexj4Op2erqIpDWF5dT2krOK65TK4KCkxLLS7LBrnH0F4iiRApXDRqFw+0GT5Xg0t2x7o2V3QW5kl20ssSsH56f/wB6J8ZEyRMkRF8a+KSylnsu6E+y9i+BmRD7M6ld6NGcyzgcnJxiVx3FdMUOSRuIm7BGWSUkjUa5Vl2olYokVxIh5ofGSzksjhkSMcq2IjSXcXVKasrce0iEsPOVLzoX/bpZ575JEiPZsXZe9fA+8he2Ps47L4H2iPtKWF1S/wBW7aSZSVwlIxtFPBObzCYpE7CWpjXG/VTm85H4ijPEiHmjDiolsC6BjtTMlBNWQw4S2uq5NW4krFhjK5cM0n/TSS5T7tEiPncNifZe1fA+zMiJci9seyH3XvRLsjI/HU7nXTnL3Ci5OmGCNu035a5dhuacrsKV0pCi2WcSJeOzIlPEVZy/qjbBlnDFw6LE1dHJJEPMfFgxkXgyad4s07+qHKGx+GRXZkWJ/Gvg4JeU8+xPsn7F8D9kvt6xqd13MirSSxlRlO4WSnk8KViiTlvfozZXp2eng1ccSJfb2ZHh1xzVhldjiZjKOphz2rI+Jx4ksOmZZHJLPfJRL+yl4dMvp3HkYyIzJj2ZM+1D+FkiMvavGRMfZfA++TWS26d1KU066o3Xuwy81VjRCSiSucirTSmLTRR6SNhKJ1Bdn4Xdmhl/W61IlThuBb9r8kXh1zJssRF4ecqfsr4nW8qj7F2kTKybGRkJmSQvZnvIXsY+yGho2mBiGRMER9o9mzJnuhmO/VXjSqbJzbM5IxIvBKeSnS7yrTxglHHdk0dSj9A/H//EABgRAQADAQAAAAAAAAAAAAAAAAEgQHCw/9oACAEDAQE/AeB6aQXif//EAB0RAQABBAMBAAAAAAAAAAAAABEAAVBwgCAwYKD/2gAIAQIBAT8B8AWs4EMAGjzaiENzDAR20+Gelu//xAAwEAABAwIGAgICAgICAgMAAAABABEhAhASIDAxQFADIjJBUWETYCNxBDNCgWKAkf/aAAgBAQAGPwL/AOm3tUF60uv+sKaWXr5JTf1RyWTeP2KZ2H6T1OckOFFZX+SlfgqD/UMPjXtVpiXpQ/pk7r1oC9jGqyHjXtUxUVj+kn8p6jwAad1NbBf4/KSorf8A2vcL1M/0UlH8ab5nOyagYRkFQgINVKj+gv5Cv8FJP7Ro2130vWtCnzhPQX72Vg8AxVLH/wAiqFg8YAH6U6+EI6cbJ6d+5k2cqfTxLcUrBSY48jO9JQc+3b+xalTSE9J/9J69vwvWkYU9R4/q62Kl84lAjtfYr/EGp/KeryFexJ4O2dhbdMA5T1nQwFP2ZP2v5fKhRsFHxHBBZbJlteESUTkc6AKHZin6FjSN1+9fbR/S21R7dkSqyyLqqsp9XZDgb6EQo9gF+Kvx2EKqlEfZ0Z4+6+Wh7/Eqny+E79gAqkw+lKjTCHMp/CpPXssaNTas68ZJpW2iGVOLr3KYfFMj+uftpe30mHXiilCgWc/aLcsxqh+vYblfyVfJYvIQAvQuFhpchMepD9c31Sv4wITBA1JmVTc0pjo/dsL9aSq2RqqmpeqpxqkhVcPdbplCD1Z3CY5f2oCFXkilYThKPk/4zf6WE9aV/tEKpvpf6WEfXBanWMZokrH5N1h8cUp1hP2qfIPiUD1lNI+1Tb+U/aIp2qVfElQvivipGg/2iLgFApripCr7CwHcdYKfwmWFYSmq2QNP3wpvAUBPV4iybyUEJ/FUxUyM8pxYFCkhfpB7kfpN++sqqTo1lSoTeX64G2bEaXTYWCmkL1cJnzvkCAG63ixTIkfRQ6ohHLjaNYaDBTvpnK16qVV2NSOqMmyhTaBqEKLbQnDBRkPYkKoXnSCGSL7aji8hQmZMLnsnFgqWzsSoL2CGSQnoTVDVezoVU73epMLO/YfIKJTsbBUcGdf22WKnZM2Sex2XxQKmwFo+XOcJshJQppMIDsj+bymCxUn/ANLFQmqzNy/4/GVT2ZBVQFmeUEQsQHr+FiG6bnmjxmUSftYz2hs4TlYxsgRKJojmmkqE1KerdB0G6EPvwzdkSzqKSBYjmPYWpCp6EH6QPDwkJgEFi1JK9aEzMn4QtiOw6JsPssD8KmoIFUeWlUqkXxNnYr0lP5JXqE/DdClBujBQPBpIVJ+0KTT7KnGECLkaDLfihfyeQdHKhYeCVSVG/wBIVDdMAagF/wBRT+QMLtoDiAqlulH4Ua/vUEaPHKlU+aiSgsVAen8L4scmIbZ3UrdRbdb65CY9GyZBNr+wUUBY/GNkfF5inoqekp6U7TkIRpq0Yv8AYCd+x9jZ7MeCxWPwFih/JS4WLxQPwvYMcrgewTHQgL3Xx1GHUOyZrUlUnlfy0Z5W2rCfqBaLYTyjSV/8csZW0WHT4acvuEWEJuXip3Cb7zRd9BqVPTME5vNotShy/wCSjY8DCE/TzkkpgvdeuyBQ5ZpqCMeuswTnrZXqVNsHMIqTHUYJ+nbNssbqSsINqWQ5gOm1Knp3T5oKZ7YnsFT00KVtqSnHKbMbumBTusSwHmVI8hiFB5LnMU98a/KZAhA8p6iwRo8PJBxMFi8NcrD5XtvzDkwg2m2E8h66k3iDpjA5UpqSi4lN/wCKCY8s5XKawKBHFc7I0eGSnrOq3AqpabCpDiRoHKzI4gothJ4mKossPjLU8DfXY0zYBDJ7KNYo6ByyouDw93K3anoMNQkWbNCarVYZMJynN673BQ4HtUjT44pTv0JFYlEonRnTORxlOZ3yNre9QdEeLZOS/RGVVjEhYRoyFso0cOkdF9X2qTeIMnqL9IcJlT8k51NtB9BxYpjl9VNwho+1SbxeoT1F+mfxm07X3yb33W99lstr+q9hoMb46ApGSE5TXbO9ZZYfD/8Aqeo9PGtut1vnleqnOxtK+IUCNAHNu5T1GPx/QJ1SEQdBrvWUafEnqLnoftbFQF7cPfVlQmOR031kxaTUSU9R6HZbL61d8++jBW+eFNyo1cHjU9XtzoTHI+Q6EZY6SckleqnmvkfIUczc+b759rtbe0jlRnKFyj2EKLydeApHEpuUeo3W6+S3tJybau2lHAY3KPEi2154G+nvz3WyhbrdYblVaj3hTwJyxobX2tF550qL7qlA2KOlClMONsts+/XUlU9NtaOBHD30pzsTpSotK9btaeJHFlQtuLKfJKcI2a75ps/Bm0XnLN54ccwkJqlFggdHCbRzo6Kc7KchRCi4sURnGjveVvaLz2UXOTbIb4bFVZ2T3m0Z50N+rhbLbJN5ytkBCFViBnfLHHjPvn2vHHFo0MYqZH7GTASiVUdDCU/PjowLNokEZajpDXk5ptv1jp8j5dsgVI/OlN30JvHDe23KlQoU3FIyydEOqRxoywp4D2i3xK+K+JXxXxXxW15vut8uy2Wy2Wy2CgKaQviiaSi9MIk5ZtHUbqbbKAV8V8VspXzXtVaQtlAW3N/ioyMMu3DjWZitiopK2Xsy+SklbL4BfALZbdNUftEmTd7b2i8r103yvpQFFJWzL3qX2V8V8AoHX4VNp6CVNSmVAW3asPrLPDdsjZsPcuVV0D2buSUdBgF7KLHVfN+bjuRQM8KcuLhtcIdx+hmna85Dxh3B/KfLKa05GpkoudZlHf4XjU3j+nlObRli8KdedIIdthGwUBYvJATUpqVOT1U6k64Q7Woo1VF1AX6s92oT1rbTbghU9qczAJ6jpf/EACgQAAMAAgICAwEAAwACAwAAAAABESExEEEgUTBhcYFAkaGx4cHR8P/aAAgBAQABPyFa8VxPjQ+F/iwXwz4H4zzvkeBEGvOE5TmiYFohOGhf4C8L8WBL44LxfjOIQnjPDQSkHozSDXhOC4hBIQREaHROHxOUXxnE+BcTleUEfnEH875Q1xCeU5TAmTfE4aIYJxPM/wA40OvCczifKiC4pfKTL0K9r0mby/SG8IFqS19mXH0ZPTrXo3ykvhhP8LTgg0QnDXM4bwUXjBMHXhfhXwr4XpNF7Lv80u1d+B0o37EP6PweRRkz6KJz9ZEVF7QsSbC2U/Of4kHxbD4fD4e+GZI+EQSYkNEHoQxeE8V8iHwj8RCFrbevY6aFfZIYC5yNkJysC3cLGnDMD9B5Xfivh7+L+CLyMfDIPho0hEvEJyvLWDQfD+WEF4rlAWk19DDCjFNX0P18tcJEXFKbI6jyI2z12kwVdMwGQNsj+jLVj8Fy/wDCHzCcwaL0LlH6j88NBD8p/gowX0SDfQ22N+xMZOVvieDI0xsjdUEDRJH6Hp6Qy1fsxrztpmWn+4QkX7iOpna465f+HPfwkJxSD4YuNBeC/wARFw0h2RgfvKJngmHFk4KJNpkXqpwtkTPoha6nRFhPQ3vIlbM4hCXsH0j2TGyMmv0ng/kviPfLnEITxSgxrHCCXGp0Lhi475nlsXixtZtEqV+lU19oQ+ER+mZPO/BLA8PkGxDIQnEWh03MdIV/ozYMULhfYjRWPTJ1J6Ep/wBBEt0+vjnihcacYIQSH4TicvQkNcvT8GLhebXM8W4zaIzv7QinauZ0ITazwKeSnZSEYSQnsmeBuFmWKl/TM/OD0IQAUw9lrY9b5zRclfQs7M33uhNYvZDJ5XwnDFzqNeUJzB8LlkojQWvKfG2iyxpcSQVPA7N/ggrQ69jNP/5DHWf3G3++VKHnFg3WaHA274UrbNiPUijO7oZWFdISompwMvZCGtiewieHmnivHQaJwh/I0QhoLmfKpjYjFPQIrY9ihowQO50hOoJoYXn64vE5xZK0pvh8IQ8iFiLWUQ24FdEM7jTwFmf9I85EGEMFLw27So4jryvGvgbH+A1zo1Oub8f6O9DqRMJH7FWJ1GZ9B9+UpBEFgJ55JcLPCEC0rUK9DNEVaOh4Rr0YQnb+zYMvwm/WMT4K9IW9DCIWcLYp6BC/Fjwvi/PBD8J5QaNBa5nlPFZGkf0M6W28ISFJO4KZVwDV+uFz0MJVgYo9jLw7QfrA5JAxbAowHwUhJqv8EME4wH9ILGKHWHUDJ858HEpStTXyPxMQ/FEFxCcPwawInwPxx+CNG7sPpCJnzEff34I6MkIRZDwGMVFTHtodaCqtCyglDjMENYJQlOiqIq5FGBR5WBxOF9cBu0NI010ypkvLGJWEehot+CGXwXinjOF5Ma8dPjhOW9Aj7BbEsTgTxUtF5tMZPBqKb0X0MTG6Ma2OVkJ2TogpFyMZkKBrBuo4bapRWEhmoSdP2LPAbx9mSe0VtDROLR6+hnJ2E9i6adt8i4Uc8ex8US4fnodfM1tZZRdvPGAZsbGN0NcpjiDQkHwlFbAlGBEnry7FzZFKZrsEn9mTA8ivRCUzbJ/Y16MXBS8pugaiNoTPc+a1w/JC84RCRHXnPJcGyWkK6oXdEKky0GLfghM9Q1y2ZMYzQcCI4O445RcIWeNS5kZW0U2WSeEPqG4RBpsw/Cn2PEYtLsPCymifChmvM5YvifL0LXxtYFxj9jJfN6OpzFphq3xPBcIXBjYlqzizQ+KyHFw3guDFETUY9WqVWBscG2LBIAmcB/hENeC4RvuUSFHhczynOn+C/B18pBNOI6sDDbsc8aC0Qh+CCGYc2WKkLA0GIKcORCE5fBSbF17P9oq7FDNGxwS0U68EQWyVdAjr/CUflB8Pl6OuOviZ3joO8lx6JiuULZNRsnvZ8ZkWFBa4UY2CzoSiBOs04pRBLkuEKkIm5SWYOD9Qlbpm8MfgyizogIcaJiGr6Y3F+NBeS5XJcQnHTFxCfC8oW70SK+3ms+5IYy37BjVXpfCFCg8d4S2GwqFiVCXBC8CQxiUFK8FFtIt6pv44OBrh8u2Ot5MUa6Pey4LxfxETmCXN8mPQvlnpkJ9JcG9NFj4fQ9JaOhF5XGgkYsWRDHYNFmHXYqfBccCKEJ2ZoGYcaKbh3BkhikLGBFwtCM3eE+LqpaDZKyPwV3oeRMuNeF8G3inxviUh15wnL4+skMhO9mhyp1O7BiUuKJovF75QtiY5aG+iiGYqNxKaeBskITJHJ5IbB76kVLY6tQbRrJ8MetmfEqEswMixWnYOg2UY0QlDy4+2P0f3R+N5mALaD2LjEqaeS56NzrhfA14dC0NcMevhfK0Y/wBiUtbCzexC7VtRU6JYCqX+xq+CEgtccRKSEFYkkUlFtsW1hjhj/bKstjvWCtjVMIU3oXAz0QSGqLZhrEtCG1wh+mxHStglJTKUyXo3h0QtOEHr8YesGvOczBHwTi8zyY9C+B8Xh/sB/MFNrcELInyhlWAaV9mbv78FvggVSnRMxGcsXEIsJpYKLbEDRCF+FHFsJiPbNQzDsQuC4yQ7xgXZ6LaNiXqJiqpN7olDOIVkaFpgnO6fpsQ2B15XyonFL8M8GPXjS8vlbHx1QlLAVpD7oSHxTy2IRVAxb8EUFDDnhi9kWZ8cGpUyMxhKFZIMtBXsViKYq7En+VP+akdch979hZlC5roY1Lgn7XG5KhtK37ITTgWjobMhDy4aczXQeo+EPyePnPy0OviYhzZ6PQ6txwe9C7XYuf8AaY9raejESMQ+TEWR9nFHXBCZsemhjIYrB3WmNdhtsd7ExJV0zSqvo2QfhfAVZGvsehISEimaILEyyNhoK5IuxqyjHYIooa4lRrt6NUQYL9Ll/Mx8HXDFw9M65XwW0NtG42zYaJUIzQjF8I+wlEscSb5cZqDNfLs2SYBam8mMoq0GrcMmSgg8jUbGSYyFWUQkTk9DKVx/8i6l9jaJRHkgyWqsRN+x2RgQ17FhfCzYvgvGeb5emdC4XiuWmw0eGBJoThyGNT1CJ+xbMuU4x0yxGJERiDExCzIoh6FO4GJbEnsKUw2s5ZLG6Ri2NReBjGLcXcJaPshObLB/iFmj/RadY9bbMHZKPYkMXmzbl/M+GPTOvBi+B+H2Ihp12aH6ZGEQ0QRUcJSCRldGRD5A9CGmLLSiLXYgx9qBklBkVFSLwTwM2jmBmeyIpRXjZkli9D8yMe5WByKh9hGn9cPmeOhm/OcT49ReSGZP0vhjhnYpdhB5+gyqiWBpEMRihhvIgxISWYakFJCEh7E+HQ8oG0m8NKkmDDqeAjmnF4QiYIYRmbITZQg0bQVeORXTiqh7Zf1CHxPLQvywQaJ5IfD4bwL4Z4tAu3Av/aG1V9DVQL7RX0Ylmvrh6yzoYwlRH2hMjcaKMlBIiRfBDXBoQi8IcrCE2mPvL4y8N8dlXMFSGU0rCkVkLa0EhLoaY1kiUv2IfwPQmRjEuZ8rOhfKhr2b9CWW1SGImZj6DbYdFzHp6BsO0PDZlhpEmCNjClvjWuUUXh2gpGPC2Oaw3eLpsGKVoUhijwNwNaiQxkJWI3XS+BcPXG8whR8P4G+enyv8BTMqDrF2XBbpIesBxtXYib9J4aEJBNTixSSGhi0LhcKQhYd6NjYkN4QoxNgxL7MR0SKhGt6HvxexXb7Ei/G38344ITh8IY9Pl+DXyL7YhWsUrWjO4C/wjaP+DRU2xiavQdYT4YnZZRXB0HwgT5zg+Ko4rQhcQTg8VPoQlOK+y+B9jNqGEdCReDF5Nxb5Qxi+F+HTF4IZRonnjmiIblwtdAplhaHIZ9icHsMab6EbU8sRgOdkiCRSjGRXgxh4KCTBkx4vPFdDmStApd7jdgpRVYorRskqX49DfxQ/GcJ+MGjp/wCHgI2xjRZ0xLo8jXRRkckuiw7ChrJ4qFKNUSNcEIYW0EgiEkNos8EhmxucC5YfloauDAiwyJgSRC5yfpBI/Xx6G3gkQYvGD8bw9MUNsIQj5fy9CofscrFRLVjMixgUz2ZfDSIvAtrfZfs2hi04lMKl0g2jbFLWb0h7YQxWQx6GQoHgJtPiWuGMfhRmhYQ6QYgQ1BawS8u+HwjQ2KThcTwhc+GfDs7FhT7MooP6+G/Cwva9sX4OCzVtsSn9cbGE5IS7OhnYwayaJxpHWz7M1tvTEmNCM2xKUsThUQzETKN8PxfHIYDQHq+2IbZrlfDqbczhD4nnBIng1PROnMkj7Q/C+S8vtAYrpkzbNoxEEmOxUg0aEvC8uhD40GiVEFNzsIcyKGB7MjHirYmDfL8GPgdxPRjirHdl0Ikjvhi+DTznzMeD4S4fL0WwwklT6JzPKHxfluRH0htNJDmqm2ELJN8vgYJhF/rfHDWlByaoRsYk4nHY0qhzsllopLRM+orgwLEPoK4PzJxS4FYljGt6caL5Xn+mngQxUhopfhfD0JOi8kLBuMIQ2t8ZyvNTUBSLdjS1z2fbtEkVux/BHnH9cQyvV/fEYZ2YWGoFvHhhpog+x7yuxnEVZQmvsr5N8xQYoZbMMFQfD34aeNiH8E5pCD0LRdEM4PQpVZXM8V5M0Cx4f+EwsvRIWml9n0yYSXJ0VMH8EINGozsyL0/OIbcUkzGxu0x/Z0aBUq+2xGTQH6e2OLke8fIUvD4PYRGY9CnhK4sYXyaD+Gee+WYsoY1YZWgt20KpYY2T3xS/J1gSNFpU7DBbN+vJhb7I1I0MC5ePUhpTGhkEOFsv2U9srohLmbeL0Y4t9mCJCBfodqh8ELw04yMzHVRy29vh74KtPkpqNyub5QnkhjbGDyzDIKWgNFI5Q+xax9eCfIhxiQSS0hsJF4bIsj9EzkRYOj8R1LSEYeQqkyFoUEpbQ3GxMTKOKTbGToWp0RFw2TBuSF8L45Q7IPxfK4XDE2bMYtcVJS0UjArAHN6MzaPT/Eb5fCUcND3qZcZ6LZGFVTqCElkZGLBCyyICsZKJkRkHgYcjCxwqraEKoOMM08C+LQfCGvNbJ5NxV6LAclnYsYd7Gz2VosZxINVWGNCfC+afCxrEUnOZQMwZAThLsPODsRYuUILDMJXlITLNqhu04EDcUbA2WPil5fE8T2P4ex+E4vsyJfoZtD5hmEwWShhdh9pfdUej6GL4F4ded8Uqa6ZVQ3s4TGIbB5ZHg5dC0wJwtJIaG+htJGdGUAcstvgSkIJeBpAuF8Z75QxeL8UxDM5Gz2w1/CYwiKwj+ymaIhgTiB9DTuZwmPyhrzn3wvCcPhCB07CNPwEYik0KC0iRBhucMKNpg1wUhFDBR4DXiKpBa+Jcaj4Twfwoa2PelpEYQ1pIhwKKsUgnIuceW4iTfoQqFovgfwMWB/Anr8Yxa+mMTybiFKI4a4sOKSKeTI2ZKsYFjhWAwgoudB6scL4majFw+INCGXxSFOV5N/pDJioghc2zR7cYReMS1CH9j7QY9D9DM+F8bzPifgrFrHsTJiYIzbExkfjIgbCUrZtYPoLlhQQkjByTguNeD3y3xhryvDYmNcPlrlbQ9/A4IurNEc1o7eEtbQbwJsaxg+VP5bFPXrzXjBk+Gj56KbXXFjMpUUH2Duxi2KS2PxYt6FqoQsESExyg0Th54rhoIQH8+LQYh+GeUPfLwjosa8Jphz2ND/VGcGJj6mbcTxJkG1cEl8l53yXD4vhDr0JF6YvsgkhmIoYyeVtFEnsk0JjJsLwZcPnJGKHjI1RTrfM4fhrwh/B3xSt7HMBaMMFoQg1gtRxGYLCTPpRXtwR0e8I9lTyXmxPyb8YOiyPY4spPDYxj7fCFwM2ZZSWaPW4JowGxpBsfJ8HEzRmR7BHm+jJhadiS8mrXyZr5Ifk8KlBDGOiQbAjUGJAzxN4CbSNAHocMrY1dHoG688PmeU5nwPiLS/o0dH2Jb/SjffE46FkvGxMCWsMQgdTkoZYffwMz4Id1Ed6vpiGX6Mzu0zOVoXh4mmPw1+A+UdlYc+ohs0EqMsQ1CA7iNAhrxFJfaJYGolEJe8DkK5yjr5b4PbUkP6QBgZf9G3Y3WMXxguI7FMSy/Qw4KW64LxDQyJn6I7A/2CsLN4GtGj8UUn34aj5Q+HzBMYtuMZNOChhBihBaLUIc1FssSqUzboZnVDI4/TBquJwvN83lPh7TRex4e+jseVb4b4681yQYxXW5Gy+hhxIZOH4ug9RN2Iz4fkhxiFo4HkyXszLLjQfKE1MnflvA5xsVMNAUkFwDR4GCMg0FE8mISME4OhUILB2Sx5NHLF4Tl+LMpXoYcPSj/XgdTxRfJcIUxF4HPDHDApJeHQxRZF4XAyegPhw94QmRIbITNGMLa8FhS4Y+LwxeHYsKm4mx98eeoQTeRhkmilVlNHKAUyYQg0FSMWkfWBLlL8cINHWdF5k9ITBKAzY36KN8zhMXMJyhBzO4zCMS4oFya4SFFlkV30OeCtMX6Ac07ES4fYpgzcyJuy2UekIDvC0XheOxLGOY6MMlko4J0qInsboMRyR1cQm5J0MgD2eRx+D1h9GSPzfl0In+ImalB4aZj8X8QgQVpsM6ZheFEE8cFpCD2LhClCGLz0DG5xKwYpGQbOARvBB4MApgHFkPuERTYmdj9OEPiygeTIYiKouYuNaGl/MWLoei0DV4MwSZUEX+hCgxS6ZPYvCeSlyq6KDqeyjDfY8kH8SFyJDZjZDT7JFyJRJgTikyPpwYOGgmJRDRjYUetxlNyzseTHTIUSN0LQEihDEnRGoYg3dFNwUyeUQKi4y2HrB6w63oVwGAwD0SI7QzYIaericMoNqPYBswfBC4EZheZ4fpaKb9IcMxzaY/hCEGiGTPM8UxhYHqFTXHMeCBEXBbFPaHNg6UfBeDY0NRwXKH2Y6eWO3BK6wL0i7g/wBj0NaKgcNkdh2gdhPcaGLsDxXtweehwQbOv6WOkFpHcI4MVQpkSsGXWPTAwrE+GRB1g+DfJCzQWzJRDx8pqIZCkkLsN/Y6i9iFoa4Xh+SD4T40NR+jEiaK9D9uDKKCuWJ7lRRcKQdQoxC0hCGVzsp9GDQi9CwbSinR1EN9YMxD2P0H7DDsK6DzoUCTuDUKroo5Nk0lRFVgnhZwkGuR0OSnBYaYxQtf0RJKn/B5wP8ABofNPeDJSC6NeGJBa98zhnw6UOzaBOw5RjGmNEQc4a5nK4a4ohCqZpo0h4ckiSooE9k+xD74SbnMDR7JnRzsYzfJJaFnQ0kOXOD+5HpE2CbehWZ4J2jIeziJYmQyZFDQwQ/2GmUJ4aMsFEp4hIdB19GKtYyCYGRaXCEbGhkbFB9cxJX0SxE+yrH2Dt+GFs+nAVfBGSiYYZOXOIJCRVDU4RXAhGg2OkwxbwT6PQY/Sx+qPwc/+gjVh6kaRj+w2jW9jW9mvYNmHpGmRnaCdBhdhthjJmEKvsiCTsjd4G7cSo8MSrInsTMkMRyivJMbT7DEzFn3IWmSCRTBFjfKwOQnH4bCRoSiw4mlVfQub0LAwzedfpDWWXprhBr0Eme0WM/BX6JRcNFwNScPAcyQ8BiOhHYhMYuz7RnYyewi2DaoQvQ5Q0HQOmyoaYQ/IjrTAPGClUbuG1ExUho93wi7GIFiU9gntl1hihZZC7MGOb2Zh7Bj2IMw2uNYHN0VQsiC+hvYlZlvrs65qzg98Lk2NRzghPQ4rp7Zmr/WSLdYudGTySioVqQpDD0NWskIgta4eihmINIQ0RiaBHY6XHAlGTCJCYQT2LwLIgyxseyC2NumNtkbBkiNwhaaCSYUEiNFEh0mFsa9ieoVN8LEPJDYk7CoWhIoMykPh2WTSMjbBcyTWBNdFNjB24rfB0LWRWC1zY0y4Q24/h/wMsCQs7GPHBEKHkMMMKnXB4j+wsGzoqi1ckiGk1g2GEI64DOMqWskVeuO5pwCH+lczfqFGuIRdHrEOqzGgQu406HZS6kPQ0w4mLtTBwWhsHjoWOj0BOO0XsN9OA7G3RZ4tZPsFgTRDGmhuExDG4YaLungLs9CEkSbLgf2WwLNDdQshfWSDOBYwGMFdDuhGRZDUTJmxY0G86MscSCJ7NcCoaJou1gZXInAx/jQjoJL0dsI/Qa6MaBPtURdmUTtoSLCEHo0QjAbdiWUdlRTAKWLBgh42EIh1sba0eiZdCWMiUfA98JswEhsbj/Q3jRHoboESRg72ihVeE9FJV+hk3exiO76P+0QnO8Rd4EjBRmbcJ7KErQ17IzQCt6Qo6GTqPsxD7F9kFRS0uLOBKLGkJCaaHro3yHb2NX1xeEJQ17Hn4Kyu+/9iT2bqH3iCwjPgN7lGZCZNwzBd0anfEjhHoz4QmE3YT7Ij6kOdDadCISd3Adhlob6LRTPwLGMr4KyZBlrIhxCDJDWYKOhbFuOU/0n/Zwl4HiG6/oa4n2GofQcYsiyITGyHeHqR0Q+wyMt64tVZGkshUmNUSC30P2V7yNsqPnLG6sF3xWcM6md0NS2OegnZFDbBtWGxzBKShp0FATYkdEaeWVexrKtiX2IEgwnoZhcCJ6GbQ/qMyWSIecgpfZHow0FjWLbMdodGZiJgYh7SFojVF54rRpk2XwGIZR6FoVfxI/ryIKnQYQR6krkoML1cRUs2KoXwHNeFEo2J+wvRkRp5XEqBDUnkKmhoYdDXiG5nHEbLBlRJiZovax1ZH7CFEEtPAuxscx5EqYssjmGTQnqZImPcCHyyZk0RIZJaJ9C9QgbQQ0KLIoGRKhrOEI2FLYnFHQ0SLfgo1kZBU2KCcuWrauyWw5lidbC5vIQpo6EfyJBH2QKhBDySsRLR3A7gQZ0aBo9DJwOgjEhV0yWB53FTQ4tLJHoekg1yC+0dtsV9jRiXAwftgRkVWRCwIvRhcdN5EuyozZZnKJKJTVZo0ewTYFHoT0EucHioIVoot4EcId2JDIeOBMuxULGsejYz7EmimNMR/R1ClsaaGW8HaLQ9qsfdjqKKbFiqELQzZF3YbqhTkMAqjslGmuP9FwtMlwNFjWKOkyUlGsjUEYIlQjkelUdNDFIYTol6GfsKLOzoDjsUKMW0h7UPazgVd8VDTiYjNBqVip9R3Q0TyGNcKrj0NE6hp7MGROWy3Z2gpi1DHo0FBUrsRdjSI/CDaiwFgYo8CyOPsX1xIBB9zI9mLstaeORqoMWxOsl6jga6FmRrNQRmi08CdcHTQTE7g0asosTi7aJSYlMj6hjQyKa4EN7HlBe0MLBZSHkZPAlWhBgvRNJnrEoL3klgZpEJu5Kej7TJsYG7IRt4RlpRLgLLKM02BN7M0HdO5MUOCD3DDkaBl7GTshoeCY7nKsjkG0OsSLe2MfY4Y4rbo0DG7JiWsMW7PuI2ETYTorwjFQpJjd4FbeWMcsYhsdQhFodcTpsmM2VTFholOeiVErEIQS0NcrIJZijAn9Cmk9BnISZJL7EkShD0sRM0N1TITx4IL6HV0j0Fp5MmxpKNroOfQxZZc+0UtsnpiUJawxxrY/hhK2RAtmkMGlROZseghkxQ5leTtBJ7MGSpRI1BFsOh3Q+hb0DLBCGyNcIX2SnoetCCJoVOJCOCYR6HhwDpsY2UIWhdIRkROyKMfK/YzGYwYwJZWBLpoKM2odUoY2SGexaqKUSeETuSWCMkoQp9HuQY19D5+hVUHqKnsmgt4Y2Q2N8IU6GCywOWzWPhEPBYHJC3EakKBzFaI0doJPDPsM8HRhC7o/BL0L6mhbI7EhQOoytmSRVYJKRUT0KbFoK8sfoiy0b0OOK3oqIWoM07JWEJM8B/SMgZMrnNh4MWxQJm9sQYCEOsJidIEW0ZuwsoLZvYmt1xUgkfhDio12JHSGDeYiVDZyK/oPYiqI2i3A7FskReUZFbF7C9DtO/E5NMSvpCmj6jIaot0N6MxxNZsUEgkqvQ6gdaRCN6GH2JTLKEdox0Ngxk98DsiitjYFaEDKYPYJIJp1xi4vkoyr0NehNYRmJkOeok0pKQnoYrRDlGRGIgyPRiGYQC4o3kzBAfQ7eey22YjctdCErlHYpX6P17wvNTjMXkfnEbHWL2Ocm8yeh8NGbFJpjc2O0GBSNljDExYKCDApkxbbI4Q3hC2o0uisQzTwX2UZfT42CZnLJTIeiWIR2KhQ9FOj6i/AZeR+ipbG0NJ7EC0MqoMEoeMDy4T4ObYmkp4LslOxJE9xGbQinAojLPDxxa6CGyqHadMz2OzOCvsxab5EvaNkLsMGC4vDE6jUuuFIwCCDUfCV2yMXQdZEO3VEbYzqKssSMN9i9Q16HfoRnxCOhg8ZPWe5jQSbMfCEzkadIoXfRkxShn/RjQ3jVtkezoiK62TsG0wh9AxjUskesGWQy4FQT0YMJ7JLRiHxk2PYcJiCwjEjtD2kBbbEREQrsQXY3NIpuB3hXDIrsaEs8NrLBdbkbrwE6yEsnpHYyBvLhBMzuYj8mMlDCFedobA0ZFPCMW67RUsjNp0KPY1w55KGISIaxlbIEB7Qpb0ZsIVBIF7SO3Bitn2iYWTBqwQnyR0MqoT2Nr4mxtjFfLHAQW6xImR7HA7joWMXYJfRk0NhRgMIYa2IkNcJZHuIfBciYMGdbM8h3fBIGQ6PbyM/UhYNNpbNoNfZmmtCr8B9Roc3keQps/glGn7DHYQX2FdIMkdH6yIaBJM6risSjFhMdjmiTHE9izpvgKj2UEWcjpascaWsSieGxsJZkWMWOyERsZuxZTua1jUdKBwFBB4kpZXB9AO2jdg1eyqUSUyx/UdsdZqiWghsvsP7KFiyIujpAabWS+homyhiY02I0+J7GzAyCQS7lK030NKmnaKdhDVCITcIlLBJnAr2aaxFLY5LJjJbEZBHqGJumdcYGOfsXBIkKXHIMYhl5aW16MBF59jRqFdjsVMMplDm+h2432UVo4Idk9wWoKdCxo30NWB/YUhhekxLC6IhrRPoS7IYaLxpTVcEcCSXXGgGpXshDQgxGYkCyCKqQ/Am4LZWLWxBCBuKyhsPRGQMaEsBmWiKjUFyK4QSt9jN0e0zOAt4SKGbD0NThOeOTxgmKnR8J+UDi5csMnIe6ikCRjRaGFJRFpCarJa4NhGBniYm2RpwcrNw4CxorOFDyRPY0Y9CNodpQyRHhsjbY3di02Z8C9hZYPYx32dxlZggAg8o6sDUsCd7Y16PRFe+hKiywNJN5IbHRbHTWDIa0ZHBkIehyhOJ6CF0uIluuI0k6pdbAncwrZnFNyIeXiDjCzASx0S7IxiLML0gUTeBBohMT9PwphAdJcmBA2pwjTvEkmP8AgVagmG2K82Mk2ZCVldSRooEwMSWToDLYaMPXsJjI34DJlwCGE7HypMRl9CjlwZaM2T7jE2QZHZpMnAkKsQ9mLpMz7BMwcTX3CayxJsNu47ZV6ETDJCbhtCdaY2CTyEvbZg7F6xHoSH0z6Z9UWogvjLVsFH/gliojQD0hU7Y7M7ZiYOwxXLkvUE6QSfQRCHeMJFwaGzZFghfPJkiibIpqE4FxklHtg5RIVt1sT9oyeRsmKFloZBXMDZUQS9jSGmBeomYY+hjLKLLN04CawBLphklTLez/AEJ/+CEOGNijX/uP7He/4Few6k/94G1R0SS0ok9L/RF/+RBGL6CXCJxeDZR+NFw0NQQyRmNJj4V9tEtDlwHKYrKVHRi2XA+MMAjQyQqSK0KCmVBCMUMQ2UOE0Q1iaJrMzpBtnszNM2GIhpbeRN7GW2R2eFkeQkNpMHqlt0Y4EoExZX8NbP6ZZk/pcpuKreE90IIg0QOOEELSCgjpkyLggZRPh+RcFwhIyQguJ5QXLVEGscHRkC1mgrL0N0EhgqzsYCrZcBpvNiwM7DceElQ+gz4Gbn2Z4ysDWBD2JWyXoJPA5qEt54nxRhui+yQq0S5jGPmWv9GVDf0KQab/AECVoRBpriL2QQJGi8QSIQZSg1w+MCQl4Llifivivocpdsa8oYhIWgwiyIJBXQUyMkJL+j5YFohS4Q6aUGi0PLMWYaJkW+GiIJ+4e28mgz6ehkTBRzRk8lpZkV2lEK7DV0/ziRbhGnp/owISQ1wmMZGKjpnjZCTwpR8qENMXiheD4fCXkmNxE2CRjRCYPaYaG7FLg9bCQjNlFUiQj0GdiZhYYIS5xpsTgEoyC0kMHEMzxwf4P2YKMgtDhvThYRV1wXHFREHkbcJCXE5o3xBiJ46KYvFKf0wJlExsU4pSl4fFLxSjeBFqMA4Um6EOJCGiLtGho95Vi8RH2ZoGEQlKXCBiyMQxbHDuxcFqNkSoag9a6P3I54nwYmZAfpj6jErHGhn2amXE8iYJGIWQyjIicTzviYzRdDH24UuRrwxfBOUy+CMQsZYvQ5Fmj4myQ9BGdNwyjlVMpCArbGiuBMAWjYscFNzBIZNwb4ZTE4BFYgJbKqBd6Ptwx4oklPsVGkmElihk6URRBh3g5ci4TKi8XkpSlYmNvwbGgmiWhCGRIxRvgpRcLll4viiDEOTJfmxK1svsZ0zakdiRDETGRi1houEqZcQkoPSBOoWTSN6Me5MvAqO4WncG6ZGJrBRsho0y0W7ZYtQkbhiP/MPjEfAoGxTlfohmvIhrhF4aGNDgSTQ8vA/NKioouC8m+TLgyFVN9CHJNBjGapQaHvAfVoPZGXQ+gihmAcq0mahz4bGOIgkJniIpZYwrOgLEEmOFoww9RuHjC68WcbGyNx6LkonxSlfLD3wlw+GV0ozASfiaPghgNUnDcNeC5YD1cOjYT7JFvbbFDJgjwSQ3BCirRFGBZ4NhDnREORU0Bqa9GiGBeDCG1qHSZXEI3EjFYQ8YvOUuwxGzYhsWeQFoaAmxPA8BxDYTfocW3wnhRPkxMRCDSHypSdQ1R+FHww2Iog4Rw+XsT8GnDJabcGuTALQ6qJ6VZEwdKWRqR8CyHuYro2DI/alv3GzMKEDZNBN4K6RgZgzKYqpMxfY55JbF1NnaGJRBMmsZMaKQkwCeCXiiEBJIJp6uNhi4fglXC4oxRkMfYwQxcoh8Pi+RMuOb5aENybAw7ombyzJdkV8TO12hHYeakK8yFzE4feMxWhlQvQfw2nXJa0PEnkdEYTEvxiMzAKSoi9DexTEXKMNGRQKlwKJOC0MHYzJPY4kNniwCtEYKMTKUTHvjs0VDaMMcJwwtEg3kpUQY3wPXjbKUvEE4QjFm9CHMoJNjmzJS+8WAf0wQz2MzoZxUdhabHthizlcEMteF2w6XLEGIaHXKMJofvC1SHCDO4Geyot6cFZSkgiPhoTIciTWYBoUamLFpihZCyELRUiSDfCEQSJl4wODgxGgzvG2NPhWjpiKIaGjLzfMFgzfCg/6gyujLJaYwmg3Qi2Qv8RtnDBF5IsvWShaRJp8bx8D0JGhZWRsEKdGQdTM2piwsjAstcFF4nL4ZsItGPVIgoINk1M0MHgwcazG4LIkMQTE/IQwELkRBZNNTQYY1GNBccNxJip8LwnNOMbFns2mhAqilmSrAMUOGZEJgarElReBMMhuP/9oADAMBAAIAAwAAABDO7UMS029uqevu5OJOwTX1/ESkg0P1TfDQf79eP/FhHf7M5krEeaGEu87bIaY5bNNfXHuQGgyBV02zcadOf0dmoIjuKnwc0KiDAjHPKaKYEQjyoGtbskZ37lIC2e8ke9kW/HT+vdlzxeviPO7YaKJNpLWnBtPH1WCs/Uetqe9UktNUE1MIJfM7DLCFICg9v9uYpMLf9PnQ4XPa5X15sSoNsutdv1s4rFf9nlutMD68AvZOjXG9sfaCoCvdnV1/FUiW2/c7uMfklKAtdJd9uLOKRcAEHCxlgTpWjmMg4Pd/cHt1W8Hfn1tvGtMjPcUgVtPpKyN8c9t91Ut8ZWUeW6m2hSeqM0+JxfNcfOWxi6ffv/FEOazoJl8OnmL+UoFhiRoI3+fJHu89dawOQstHUSxjitt9FdUXTS32qTU++poSTK2JW1l2/Ko0J4M2vrBTddXanexA8cdUeVURLRUgbrFpScxAJKiEU9Sub5KDE2WiHN9+5YfO0nfdMEdlF/5laDTpM4ZzjpLSfoCUEJI1obl4cXKln0KRUTv/ALTr/Lz5fH/PKqMQTs67OWstyHEK/wAxv55T7P2rWuD+R06lR5/e37mkKY1nbUoKhkNbdqsDvh44cRA9S+FWIGo2HiUV0UT+2b63y8VN9qoHYRQqLaSMwcNbsdAdT158AqELQ8kz4V+cax+ScWS35vcUuILfhWjUYhw4T3AkkjzQ/Z10rrrH7Ty2f37077Xbc72ouMCnW8UboCPREGU0fGx9rwdwRU1VZF4ybGPeVT9U+E98eMdnJu9/EcFpgAUXfAWARaD+Z2RlXtSdVc81e2SAWi25y5IZy2ez12S6n9tnn/kYUflJ8PsiZ2HhSqCBoaUVrT4e+4578PWTnW37+TH33C+bSnAax0/Yy9+K+9FXaiAAmxvRW1x678lYMkoQw/YLPHawMs/57edP/VjymQGh6n8rLvf3e/7h9006ltQBPdT/AJig7n0HE/NsPdVt9YY206gVnm/9ZyHA7eZ8fN/kbNPFgTAkK+5Gi+bSJboAQaJOaLpFX7J688sXHZ5WvNQw7gb1Gbs/h+cIzYVrt5BnxH6Dk0UxWDuCaBWH23Fn239cxib5403bUNnsw0/nGtjEdJ6McNTgvwy3/Ef31nlxZENaOW8GUJCKALtHqpHT23631yKPi0u+NMZVI9XhdVctEs5CFMykZM9xXDdPAzX24F6a78B/km930q4XKTnjRT79P8OfhEa9xdMBRhxSPmcq2OyiULZVxhMG4OC0YOViMotKFcv/ANKtkBvOYpA/wWIPxWQfF1EHbu2+3ggFBsLguXeGIquqeFTNldgX452vB/CmgeVCn/hDsqwSRZn3cV9x5MlBqdkM8gf3xJiEcVt6qvfT+gkCHB+TzS1fZEk3B9jldNN/lVjDJDBnq/1+YYpvLmgn68tqQwe5r1r1Pqmo6Z2GWAtjQnBt5VhdufFG4zMsiOoZrVA819Uwitf1n5rL9QJ8nabgIuYoNFuwGG3JpDOAb8ruva5K/O9mYkiYq87dFFhv45IgFME8dnwCvNhufbd/No0guJkfaZpWN8Euc/edqxgMocNhF1MZ6EJ7lWC6W4pRxRXElsIbXUJAVfEQzOpGaCS21Dv51CkeP3zmdvzTPzF2p1YBIgFdvpomXLN2kUWq9ga6Sa/HTxQEx+rfEQ8Ajfrz9jtoznGESEcHY6lVI62so6agq0qqaohBdpAJKKCnJlbPAnLtXt18py/hHhlofbQIrv00IAWf5NHuLqx/XO+Io+Vt55D3jh8Np7SQXljVazy+/CGX79k62ss1L+KFhLmKfwZyKqNXRgcKnUrspVZlDhRmlxfila/+SIe0Ps/h/Lro/wC/EbvDcKg4Zywk5JGl+TV1zrh8CXfNTS0tokOusRvqtDDz1x7+6JMI6O9fj4ysUWa2hqW7ibIvCyRFGpuN9pjjtl2yrulK511VUb/O5hirp03FL/mjCceb6IIWELUR3eH7aFFauEo9fb9AS3zcWBW/KwwETF+squN5dDgFa4UcDQO4bm6wTqlZ8tETZa/FZ3SSYeEqsUMhAHwhtB9mt0HfMaTfG7RaSFPZ/YnBG4T4oku35VUnVIO4is6jkJK0ehEJVJQd/WKcGAja9CY6bebhVimrBy2BUR0guxSAJKDO957hHME6DYl5YJPPfQ5DvbCp/I51y/Sx5GRzRGFvCOkpMBd3r2hk0VZLs+ny2hZQKJbQVRwRabubwVcaMmY6rb5Rrm99GYQc/q4ZOK/npXdfHUaNPTaR9XYeD2V5fyogQOLSUanmbzVEs24bJ333wg/YYg43fAPY3ffQP334XoXPQvHYP3QX4P4fXPPQwnn/AP/EAB0RAAMBAQEBAQEBAAAAAAAAAAABERAgMDEhQUD/2gAIAQMBAT8QQxeaGLpix9rweTViGJelFsJj8YTH4N6sXssovKE/yXUMnE259PhXty+17usWoYuXwh8p4sWP/Iii5mNjLtLR61xRPyvF8Zw+lrFiXcLj8L3R6uEMvikTxYv9CH4InqvecwS1+C1j18LzQ/BZCei4eLlY+nlL4oYj8FCl8UQWQhOVlxLZ6rENCRCeKKUpS9tlF2iedWo+jXD5pdRS8UaELH7ohNYmhk8rk6Q8WX3XLFyh8rF2uZ6TViyYhj5usTGLGTwQ3k193UMRPV+yHr5XaxPqZFxBD4o2XwvjR+Ey8tcsWzqlz+CITWIfC8UMXLxDydQfgun6rFr4RMuIfD4hNWvudo/vV4WQghky9fzt+DQl5wnbRCEL22Lp+Kfki9Q+bRPFy8SJ6Lbs5RMpcouWhLt8fna4S5SH86vDJ2unq9KXUQff3yWraXhDZb5TKfRIbGLpIfD5WrYTliL3OVr+C6pfCE183i8SCGTtIePhcryfs3xCE1C5hNvd6ZB/OHykLJ1+8Uv+Fa2PYJE6WImPil/xTid3xnhBDQ1w/nkmXaXudUpSl7omN4xDyEJ4MoikxDYubC9JDP5jxH5iYxDQkT1SPwpcSGhei4eQhNQ2I+kJ5sR+YkNMSGsfrfNDfrCH8ExlaE2fuTleF249W31mUQ2Mm3J5Ut4XE1ISJ2hkEXVqeXbk4nEyl2EEPhPh7OIXHx8L3BEH4pYmf0bFtLjxrE+KQQxDF4Up8KUosutiZT6JDWJjL3OVwmMXFLxer0hZ9HjIIj6Yh8vVj8L3cerKNlKN0Tx/6p6ITJxPwnpCathOni8VwhvWy+ay6vJi8VkJsJ+CGIYnwif4UNiJs5SJiGKDS1Dxi2CPo/8AH+9wWfSDIt/gh4xD5P6Lv+CHwx9fwXDEPT1Z/8QAHREAAwEBAQADAQAAAAAAAAAAAAERECAwITFAQf/aAAgBAgEBPxC/ifpRi7QxCHy8fpCMbH1k7o9XCLio8Qy4vaCEJwNdzXzBIaFkykF4XiYkQRBD1ohCDfU2CJlEthNf3yh9JaufgZCEIQYuryu189whMJC1eNxoaF0kTEQm3hLGPiCRCE7fCxiyDUybMXbFt8F73hn2NQT5XD7axEyal22Nl7Q1jEMg8Xq9eMQli6Y8TLytePHi8l0xDFxOXqEPhDExiHqxeK6+T5GLpriERRPC1D4cPgWT8FKMRcQ8fYiGsTxctC/NNWvIIpdfi9RCdvxZSkFzOJwsvTRCC2eqHlLi8GLWxPweX8DxjfC1Dy8tjExPWuaTKXFqy+D4QvBb9jJi1fneXaLKN62LGIeQpMvSY+IT0hOF0xYxYuYuP6N4hi9Gh0XKWIZRYxrGxPFy2LWLlvV+J4mXGQbRconrZ98MQvsmPaLwYuEPEUeJlyDRBERDz7QsWsWLFs9mIe0Q9QhvHkgywQkNCFiGLm+iEvkZdq1i1DPjaU+xbR6xZMpOV4fI2feSkXBankIPo8ZcYurBfPC6hBoS2l6/osY1iQlr2ZBLp/IuEPHxT6LcSGterFxCF1ohMRZ2/gXyP4LRfPixdMYlk7XUxi4eMQ/OYhl26kQnUnEPrbcRceUkyfghBInN82T3nKx6tu0vo8pX0sfCy9vUhrJrEP0fo2Ioh/ghPCDRMerbiZRbOkP1pfC8taspRMhP1wnMxiGQguEP895oh8XUPLq1i9UPwm3hi8kiE1i9GIfVy9vxZRPU/J8tfhnC5aEuJ5Pl9XJzeb1CEFxSl2cTzfc/Eh5Bed6mfWp93mdru9XtcPV4JbBoSIQmwnc6nUEPVwkTYQnd6fHwQfDYmXwWMWwReKUv4Vr80Qngi+q15dRS8vtFKMWsXmuaXiExD4fLFlyeDEvFEIQhCYy8wmI++FvwTzTL4LaUu/YkXKUpeH9H9jF+FZ/PH+Yhix/fDxZ//8QAJhABAQEBAQACAwEBAQADAQEBAQARITFBURBhcYGRoSCxwdHh8P/aAAgBAQABPxCnyzkCXbsubIsjIJILOyTKWQ/AOT/V/n4CD8dv8jfr8ZslkBbZyF+uR2yywkRgLD8CSCcsYJDJjJ82nzPn6gPmQz2OM9s38f0s5nkLPZPuA38MFvGZxYgc3J1+Hpe+k+y7fMFpuJPuwnG45eRiSNy9sNEwUkGSDlhsYMA2FyzbLbbLB/GQXjDke2dj3c8kRxt2xgZ6+XT4jZ/sBnfw5Qc/VmeXVyT8B9wd5Z2f5Y/Uwc9kYLJhbJ0ksLKcgxnREQfM8+rdewH7kL1sAW6+fjA3FkSgzs6XHBZ8Fr1uXLH5LBLm8jTwjXzDPmxfm2tsON90GeQw6xpZ2EHEftBn4ZsdyA2dsEDZIJOQb+AXFlmRGbZnzDnxfMuOyb5CPbIHYOyI3W7fMGxiHN+IPpY+qZHGsJ4QaQd9s/cH7nnzB+44efgviZsh5NkLp/8AAwsJ55eyfEYmCDbNt2ePbPjZH3YPFvobD6wY+5O6F8/UcMHNg5BHvZ68v/becgeaZDrIOJMgvYryCBthYs/AaWcggmHspuRmXNmCyixYT+AF6Q9n/wD7LQ+7FOas/QfJlW4/E2WR8gS/39ibR6N5HgnrQh/Yp1GL0LO4/wDl84Zl8B0kNs/V/kc+PyHzHZ4vUknbmykMtnb4luN8eWb8Xl83rZ2IgmPo+bz5kBIgDqWD8QaYSYzq/N90n6y8QQn4/B6cLXcyzOkKnGU/Ng4OJYvIU9i+fxllkQ/J2zL5t55ZvbPwBTsYTkhch3Lo9I8+i9YxKldh81GWreG2qRfsh63RTEKHpPu/cv6tt94eQT9KRs4C+C+JHYtjKv03E5wg7+EgLD8Ny3fLvzMT7clNtJby9ssJtk38B2IOWSPfwPbhjH2OP6/CJ3dPLScnHxCSO2/GV3JRL8w/F/V7x0javPwG+zixiB2d+rGdIPq8/DzJ55DzsRry78wFgSvHC5mpAfWR+B+9cy6tTkFTB+llxPg7NmD+AyNJ0r8toZmzh7A+J34tU6w+0znPz9zcH9BFGg4j4g6dH3CP6sy/279X9TuR52f1byZ9mDbJ25JrHzdg32Qnb48u/E/i+mQ/ZLqXZ85H3kN+J/TJPyX+Qt8F+06e8s+Bnv2/uTCAkoeXU7OfUW7EGkc8k3fmJ7+Ty29Y4z1g5JdeRBtmS6xbeJWw/wAkCv8AyF+j62PgSLsO/VS5Lrum/Nj42xTNjflJ9wNteuSri0/gmXspCIHfRjDjXjKA+vSJ4b3XLPo/QIrhkMhPqXkeWJ/Vlxe3SP3M8g7AY2Qcmyz92P3dg+c/GNcvfk++SNr7lSY288nVlGmDPizu5I/V/EIkIHiTfY5IbHv+R5cESc/GX6v6sjWHbbN/Gz+DE63nl77AWWXhy/aR8iIEZ4iZs3ety6cZby4IeyciZGIBgdFh8GALFtRpYmMIByesJE0dSWIef+SB6YtQJD0rowRM+kxsRjSEej7Bnx/2BNKfrLY/D38Ht8/hIH5v/uxh+7lyfbD5tIe/q9uFaY5k69vHLrOSHywZ2dXyD6nD83MtLyF82CfxFk8f8vEnImG2ZZtifMce2lyzY5OJJHPZB8svPL+3Ifx57Df5E65bIGl8CxHj23vmEnYaRRx5a0DFk4GR9sHgupwQl9goNib9WBfEdmbVfMicHM+V2TS6gyMjFH5+bRRpkeMSEvRkNrHmanjbZPmOsOwF8z+NCHXy39XGwnl8xi3fibML0264n2XPbY5CJkx4vFmfH4f5JpJ6yGsOLDLX8GQ6/k5P0IP1Y+pZ5bHOL1sdiYTZyfqfI47DJ9i8uMg98uA/pOiYaCxufe4qD/pIDy0SSitfVZO287HuQZ/BVfGVe9y7PqxA/l3Xyzv1Nn4PBjp72TvYfN9/AsGxfORgX4nm/uRV7NkPJIn7hyaJ8kIMvxvL3B89khLn3rU/svfL929m7GZYTjZf2dT0ufMZMO3C9j3y95HWzGt10njsB5CLds5MQyAyZAR38gTMh0iG0HPxv7uvmGfuxhjYL+M/dkF3YJIzC68jPvtj8kkv0xChnVmX/m9gtMe1tx+sb1EiGbPQG/M7rif2PtASGADcTc/UgeIIku1/Vt3sry5b4fYAJ0xI1+NbJSmzAm53Ic+yw0+9mxZiZevJfDZD4bD7oyuiSHwv8vhHX5gPXen1AnZ9+yMM88v/AFPlsfg5Iy5HeSZ5MDIb5Cf5D+7Spt9sTlgfNut0+LN9s2A4zZG2IWbD4swv1CcuQ7Y3z8C/q/UkGzt/UcbNm8I/CmRl/uSGfIfdozwPXlgifrYKG/o2U5PPtLns/ZuOinFx/wD0l1eDj2Qqqn1bu7tru7s7GhJzC1zcLR5b3YJ3bZYhwAEfm2Q4STpFF34mdrGjkyB8yXeTyHZF7MznX+z+AWDnzE4LP3H1ZQbCZC97y8BzM2RPPJezkE8/G5M+Y85+E+/wTv4O+3Ni7yTsY9bCBst4Ts78ya6M78QNjtne2B5B8/jTYGeON+lx3cB+M1/A5etl42kdZxOQWYbGNlvfGQ7oeSAdefaXmJ8p2tfa7yri0YhymNeWqs8bwtc6GwMzOxz0ID5J9bYh29LE/sOTTnlit9PY/nbt5B3z/k3o/wBlh92xI6Xy0u/9l7IxjIP7IGhf02xU/oj1x9RmO/syRoi58tj4n7M5eRs72Xrvn1AEUaE9xwbYJxs722/s3j2TYPh+PfbhYJ32NPqOrYbIPLV3ZgI9k7Z+2c87GHLzy3+xuRjxkLdsMgG5kFvwlsDiyONj8H4HPwPbeWbI57FgmcEF46eSshPRes+/Cx8Y8o+BjZl+inqS5zYyN2Q+IEf1GVv4lnEnV5mU/WXtr42Dp2NO52fFlfiIgL/SAlfxNhrPuH7tyl6/rlztZ8ucmXUwPiz2fJex39pC0P2ywP0A2ZM9tsmkels8gvr+AP8AU42/DjOzq52AHVN58Sa+9+5MjywzsH0sLAs+bEgvkHI2Pfw8M8W4kl0g2YMvUex7Jvk8R52+Y8n2yV+ARccj8av8jsHxZsFxaXPu5f8AkDh6XbFMMEXVO8yGjG4BkUbnGeWpgj6iX40LrrOQ7mxbjtkrfDnkR0Mnfb6rPv6vJ7di/wDLUM6aZeYf5goCn6sNkf5aDgf5Og4gNHj4Li657ka9d+5Hm+Tunkq0H+knS/rZ9Hn6jA/c6eFwdGOnYO8YMz+xm0B+7AX7qwQwm8t55F/k89iA/l8+w/H4Zy/y8uz1bQR+4Ebn4H9SbDnk9Qx9/Cc5+JgwPibskS7xkQMtjsZfMP1H4Ng2Yzu8NlX8FozejY8GgZlskig/qMvy6GTersvzbOdeCGgke8JiNn5O3WnzLP7aPbM5ZTXfJSEn8gRRiIJThGgTQobz2xA7I2nIkDh5ZPLfDJQ9lsI8gjkb05KfMjOGXpanzkvhKT8MnB5LmPsfkvExYm4edPhsks5C4I/SVzhdPi7vl48kh+I63XJwyGQdwgvI+Umwz2cyD9/ghsbB7+E/GRNxPIfv8cSD8HGyd20+wt9k5fohVOGxBaBAP7N9gbaYkn1k5ZOBB3nl32yxukwuqfUNQslPo2CdZFuZYXIgeyc4R9EEEAEZB5YfiGci5GD+sH72GAtz9FzWPCcyB5ySG39ytJkIAwQHJhTzX5jMZr6nPgSTggHlw8nfiKPPurLcmfiXFsb5PRsn+79WZ+Hcg5N2NX8aWdvVvNhL24Q47Pbc9jY5qQ/28+J44TvsGQbrdy/c27P9h32D4WfdhthkGMwXzF83x7Y/drD+ot5GZIEddL+227p5eY9lOnmXDl8yyu2uTDsfMmpAH2TvjOnjag9ZB3mxanQ+oAgl9GSH248jnzDp7GR8lh9QWpl6XsCjCEHH4S7BasXJkYT5u4voySyoWMP7cfRJ+rCcsfYVTPSXauKtiHuIU63j+UP3KR24TbERk3S0kesGWGXjkG+3SGZeeXry1+Et/UPs/V82GwtjIwGXLDdufj58jv4JBMtsvr2SI6HxBS5df+w7rw/t0SAQMcPt10uNfMqnsCfM7k+xni2n12O8bTpCDysHZ5svhPzkci68Z8gJ5ZfmT6ZZJmZ8W9Z7d2OSQLU4J4Rf6fqOdI/c/wB/7C1eweHJfJtzyXfxrI0cez/SzxfD5gRkDxuwawYyXxf2CzvtnfYEDOWx9hdt3y/a+eF/kuchN7Y7yOF3fw7AlkAiR32yrSHEEllmM/y8/CxJ27JZ7dTkIbIXTJ6ryi2+eQpufB+59BmsIs9S5LyfLxIJfrgNZcIXxHNgRwTPZA6FhtiezDzyNX9XXzeocg/NwcZmmNrYImoR9soN/d0dot2OYORacT+WFunxjKfjYL22K9ghaxmSTR9LD75LzkLL9fjIGzvZ6gm6jhHPwe+TsD+HL15Zhs3x+F7lj+ENvxBeXIgmWmTbb29ZE8s+4svOQR2DOm/qIkDr2ON0wtIjBHL0n4m8/HLP4Ntm2l87bDligtQOQHgwACXNsFMmGvIuLsvEPm0I5IJ3Ibt6qWkFyd44/Vu5z+JD6H6l5P7wWg/WCKt2euT2JN0t/F8vuSmYtBigAWGEY6sDy+OTofhgvm5aXZPYHbNfZ34Y2V2X8FabCfgNntg9sfE63EBl5dO+F/khCzJviHPS9sh5ZthMZaW4HW5GOESoeA2bVsJaPsY5ljXYMt/JrEOC0WIIA+7sHxNgYwfEbZC6Ed0cthMuS/VwyOR05D7vnjLHs10bwA+p2Bf5PnO78yg50lEQf5LwM/t1x+L45GnzD3thdJm8HEhPuIRjOtvrQ0sH9XA326PI87LETm2FgQfuPsHeyM9ljby1+b5nCekOwuz+GS7Hkm8kZceP4aTnfL2dFo/GQ2xb22HfnLHH35Z1M7k3f8MHAX6fVt8HweMwhj04WwHfk+SQOPtkQwd2yOsN4fMxb8wmC+ce3nFnQl4E2mPJgGMLIyPuz93DxtZxjX1/As5PnZcJNKf1yU/sstUEQxtRIUwnpx5JvI35/DOcj9+/gF3eE9xitGAy082aPWfIy+IIPyHJ7eEvb5t5GMieX7TE5K7n4BsheXBYO3kmyJDjYW6f8ly2Jt/GTyG5NpcO/Fjs6k3Jl0YcGKkpeDmyYFSPcY9uGxOHpzf3c3jKQ0j2zx82xZCIhzbN5EOOQP6YfJyUnynBmYg9HkQ+wjeuh/t1gyzccWHsN/ZATQ/2R4FsactHxyYCQCzme5Nih8ifuwnl0Rxg19hfxzIuZ1/V5B7JOmXer7CteNA9tFeOl4mN3+8chz8e/j2bOwGdlqnhdTyx8z+p4GeSs+x2ztwet75Z93Piz8FT8DidVFlm2ZGbJK2ZmWQgib9RlR44xEyivHkkUExDuiJ3/bDDrrC8010/v412WEoRtjvlsuWy83/cLFkqBki66WM3HvlvCOeSJWZIQzQDCZuv1bhvfDtsz/q8lrx8gL/xgAWkA8tnnTYxx2fAB3k4HiBztgxqHBtnINmfUqWR4CxxLp40hi4GJoyg+lEtZXEb3Px2WYjv4SfJZZPtzs8iJo4yQy4b45dJNkyMlNgGCDCSz9yfH2L6/GGENY4v5HDYdsPuck7G3c8t+yR+FsdXbsRnIeumq3iQCLLiVx/sebNnT6tPcWI+IU6v2/uFfZsgb7Ei44t73W5De4QiYD9yca6xIm9uvUYwHIPQLEjT52aHHz2WP/JjWZ/WW7j9rMe082GQX+SAaibzh+rVN3LMB/dl9xDwtqSn1YGCeEfuJ95IQ1zGB0xrB5z4m8w3ElIcWbNjNr+0nfzF82ealT/Jku6oDF8/BP4O/hkkikLy3PI1+YIbueX9GTsaLyUeXvYDLqQH2P7K51upxvrkJOt+pYbbse9g+pGNu/dn23EsQeZAD7gkwsz5RhhX2nU1OHhAk6HO/ENLu+JZC8U2J1t1tLsQJ9kIQNCXPjPkGZA27/LuPkr4m/UzMVwWRYCtk8yH6sUcfqHIx/YExB/Z7hB9Xjv88kIOCEwdW7I9k7gXgbjT0EnC/qszh4wCM0tpxycojCujEyz4f8syDf5fBF8LgqiB/l9fH2BRBhbeXI5+HWS+Ie2QLUaWydE6scOyc5Z+CdkGAG3Et5y+Dbex7/kDnkkfu6eSmFbptzcvpJyTcwuXv/kxKVrtw3QeRPXrsQZ/9mYRBkRzNtBTRB9geHp83U7J38cMGOXhLYk8YQtlZZfXCHD6u4r8R9pv9t1rH4uh8QvBIn0ROo/l7+L/AHwsLlbhk+Qu7r/+TO68e8hXtfoNyBl8HZAff7ae+Rxj3YO7KN1SwtNiHHIcTfiyjoE5YWkDl8mKSdcewRD8Yx8zpCUD35tch1cJRqHhZN49k/Dxb+HdjY2WOTY5sneQr+D92Tv6t+7vwcsd7Ywff4A3xkfqdg4bcsa/lrB/GqyXls+z+F8nzMzmG7FrCmH/AGEcBLAzxuzBnHY8vd6Pu4+j/VADdThIHjYYBDMeLC63ZTlp1bcXy5wvl7GuvboEV+L1wZXp/cnWlsTgZc06ig8tvPl8IujbNA7A4mW5epFOxu85C/6hdm8LJ5aQBP1sKJrk7jV9/wAsmSEOmnkCcnwfiVvD6p1imSftjqaBIRxKLxETLvStr6U2fI9tWQx3v5Qzs+v/AMSc+Y/a/lveyix7YMs+Sw8z8Ovm36v/ACW8QbIfEZMfxl1Ownz7KbfeWucwbYV02+Sl795AYgHxLVuxHAj5AfCEMYg3luM2B2zcYgTJLh5Pr1j7nLAtR23CuR0GRekcZ4H1KkGn6nwu/OSKfUSAdkzEWqphyMJYbBFdjmBmWx4T3yH3AZyGRZuSP+x5TeTMB8rRYx3JzHH6kcbv6mZAfGWhYQxdtB6/GwX7iNbC3BLhPpYYH1b+r45Zvv5F/Dp/Lo5N1A+SGVz/AODOwG+/j1Mv1ZpZ+5Ijy0Cz5lWccvE2p9hIu9yB82G/jmDctQAbGZ6kb+pzMPLmuEhj1wtYeClhM5IQW5+YSV3loYWx2SThH+lyHl9/MQzzIxBzIbQxsZOPZfLOYH3ARP8ACeyuPuWrdHPEnxs3EsAjsNyDI8h2XGQObyJwNXb4yLKTuic939Qnxni63IUeg9vP4/MQB5cgGMijw3Dvpa+4c6/hj2+Yey3jloru+QdhZl8H4fZw+JD25e/g4eQmWcs5L4htX/g/D6n8h9xmz7yx+IdceW4R3tl185DhLvkHmyjAqFmWRf8A3YgW04Cl5EMKyPSRv5uOxfCeHl9gLQx3fjJ5Fx/cB+kNetl8NSGfpGnkS47kUr/iGtEBLsRciLjCS3LYOyW6fYs9uZ7aJANnhdl9l4pL2VQhOWBvRgRz+ieSn/5pbaA+DySgb5LGSnl7A1+rpMWyB07v/ljPLeeQ6z+1mWu3zsdhl3HS9t5+4fuZd8nCdvffwSOefh8j2Qy7shlmJLeufV47KSRfEfuBeuRjy8dmEjlsmt4gN5Bkwa+2BB840Ovvlt3EBskSZ3DPiduLI07EjtjlL9yvytcf6/Ue4r2JNcmd8WU3xah9T75fGIunT3L9nrLXET9TIf8AmxnnH6uIMPO22d/McyS+SMngW3XkI679QBcTGWD3kjJo6b82Cid+bQ+Q/kCbA7jEAc4R8Pts/X4hzvOQsMuGOzBrfORgXVGuWPzeMsfhxO0fwCOy7+VJT4np+A3EuWzkpNuE7H7ufjYBkb+ELJG6HWwYX9mza/8AFG7qfHd/hcojTMf5MYHdmEGYPP5LrgwUekKvDI/C2+QvguJ3GDtxB0/Nv+Q2GOlyb9RgQBgYXROSah/y15ZFyLluZAGsSHe2j7G42ClueX23HZdZHwbyIXRrdTTmZbsCbloNiEZzJVFIr/ZkWLhrZo7jS69/lxd+oX6/DbBtnGPX5jVodgD4jPqNdC13vxKM7/kc9jGwJSMz9xJryRJdDYS9fyUsHLv1ZZEx7fMn7jPwLT4QiBl0ML+yPgv8uSB+rgg3PiU+o3l3kBnbwvR+Lsd2w9gac4MEOIRpY3O3As+W8mOsgLkKXL6/M3DbvxCZL9RNntqoyHjBjj2BoXL5vsFa7dvm00Nw6yD5tHd/EzG/zFhhMNb0ANgEzOZZRzfMe3SRchd25zXg8bqCgbFn3L9fj2fxqzkSe2FuSaeRu55Gj0lfdo87d+2B8yfiBfYJG/z8bDnX8WiXZH/CMSclL+NLTZRJYfw5PkbOxtr9SuPOXAQ6S8eVG2ZObDsAZpKmq/uDFnwPSGF78OYyRh+yHOnIFuSPFhOXKctGdfiwnOS9W/gHIH4n9Z76R/C3Rx1yWYIeFtDSO3+Wzo42AfEv3EYwWZQ4ewnetg6eQBWH1ucA4iYUv2sp7yPWfPbcljvk/u0gvi8SdRuxuR1viemQZ3Za8gkhly69bH3Y+7PwSyPfw/8AFZ5BfpEgpeOXTtw9uWWSXxH7tPi/t56z3g9hyEQbYL0OS0hsxXC9Rvy/4WQpzBfMhNlbgId+ROg7jcIbP5S7q04vGBw+LeamED5j4G3kN8ZOjs7+LfbNfu1QNzI5yTck/Ug3BaI+bq5cy+1kyOQUXbGqAPVjK8mHy05WV278zxyYD6n25B+CyUZDeW8tk5cr8CmQOXrtghp+oAcldjvthOQfRP8ALI8/BtB7OPk+X6hmOp+pF+bpKw+5m9LKZkm3on2GfxnLnyWr4nPqczhBoPiJ35nVtA9W3F4Zcrd4fiXlk4e3fSNfAyu4Pstli2l0ASuGYwHfcggZC+TryI92DmxpnzaXYDHTyDvkPokfEDLLnBBhDEuQIenLYvBy3KvhGdGdMHPJslm9i76CIOI7koeWD19/AyQQTHtmH4Fvi12DnbQtJCXmDGbJ21eSPxLseWC9kAyWtiXv8JQZz0nOfEn1ZvzLnvZds7rfO7Ls+3k/g7PLZ1tS+tskfQ9g2sS2Pz4Z7aPt4PzIIezXsX3vo6ToT0GQGel1g+Vn7gpDyyHSKN7liMm5uth5iybjZYwy26WBrMi1AZjyDkmw7sUeStuxwjtkjHJuH0t0ieR7vjYjQ/tyetsSNMxvmYeWGcL58s2y+L5mIO7aJkfveknNjzrc+ttPi0PLUH5/Cu8v/u3efhx5Gxj829l5EVW+h8R0HGl79J1k4fVuXzeuQzZ+N/CcifbLyXnfJBR8ZZA4B3/kBNoT4ux+IHj/ACBYcs/5BpEfu4hCB/q9hGsdBXY4+zOl762bZP2yOQ8tQc/dpgPnSxRP9qTiSPCP0Cfd6C21dv5aIzGNhLmcexHko5bRy0K0ELsfL4TVn8nmvz8xkO29PmDwQYW8viXkeT/Ycm6wh5Ysz2nxOiAL17OPzP0ZPts/d5cdv0WayS/Ua3bELW+YYufxPUMeBsCOweG3Uc+bOQH4O2NjbM3kWfgmdf1cTPdsrRw/9tNHhX/JywAY0c40jm5gtjmukGEfTCBHx/Yw9f8ALr2ExydGPJs3SVYJ+2cgHmPi3nh16ZED94EZanuMf2B8QNhvmJckLNszl5vhtMiWdsI08l521FBdjAfWwfitTBIcvImLHM+7XJfcm28v8gzyfbi9uQfVx1PJzD7lYUmQ17ceWQr5vJ73CB38ZjKXiy/LOLl83Q200P2LtEQMajcFlD+HkTZn38fH4b2bz8FkrM6f9veVCcLbmE5y36gOszh9Vx0YND8t5osxI3s2wsgJIZ4fSXZxhJjvNTZTAfk/UKEP7k4OfcZrDFr1Ae7FuMwG9vollP8A4DhMyTxaEZZxPVth2Vw/7Gdi7uIhukC6Y+oMufjewyWGQDHPJj3PUQ9TPwdJJeclBsvxI6+bW12PIRcI99l2zbDfY4rLoxOwX7CfgTl14TyIYk5DbPse2RZN89g24w8mD1YzV7kf+zc9Rnl8PxvxBOcM6w3e+/8A/CIrHwb4LfUeevnL0AJWO7smzg9lfq/rLtALHaIDa/tYytyH4cvOjkZZL9OfMN1xs/GGmT7Ln54S8iHyEPbtr5C98kCFd/kZYwa/7ZE5jhDoZy9bv4apfF8SKwJPeW7dHkez6GyKp2F67Zp7+Gg8tJqvhlSvn2HluwvzL+7T/ZXINsz8A7aVjY1GCQG7trvIOwfgBckLCPPybeXy/HxE+XzKEwwPxvbjAvTsgCt8XfQQU9zlyJDP1ifs9Ztvz8pMmYGYfH3J++RMF+sWUNfrG6/uxnd7E+4PrOy3+8m30sTx8QAH+XYd7fLdAQbL8Af7HZT9bCn02NjMJjyO9l7ZMjYEO2frIYfcnIQ+icPS9Ir3HOyEg+2Gcg5JfH4P3JAsdg/U4tZzI6cgCXPY/u/6l/U7+OJbkthAz9z7PJipRHqVIhnpMYFswIrZfDLJMA+o9jUmWqWOztj8fEeSWXjJXf7pNOkd8R4gHZEG7B9JUB3g8g8p3I3JD7MHRsP9lA6WZgQ5ydIAuvuMer1kerfJDRs3I2yxOyjh/jLqb/1MZpz9z7p4x+gSqT8tmAfjIEFPyRQOfNgI8yE38WFkoBdRHN5fXacG/EcPyhjk2+IeXxeH4yzsEOWv1d+YeyY3D4vYcZdfqXnJ77ZP4YZBYQctn4QZBtvzO2mwe5DNPoblWk26xaQC82AD5Ey18XXt5ar+APz8T5+Ht4d7HoIfuNWBjsCU79BsOGuPWpUYnXgWKb484sqNXdv45dfIPs2OHjqD2d8rEb/mx7kSDso+FSLEnfAP+2wWvvljfpDsW2n5Q7/BhbHhsoXGwZEYnxCvY1Dc1gnZM/8AtEtmuc/GEG/MITMfIHKB2fIdLYn2Js7HkJa+JrW23JVPYJ7ctA6XXkdsn3JMmOPZ+jHLdsySVOnxZMHLbmPjI8UH4CNN0tCMf1Z4gGxAHRtrV+Ib1jps7Bl8QXxfPLPv8JJ+Q9L5Zy+jI3c7YA+L+efgYwdOPE+7rCegPLZPg5BM7ICpMv1d+RsPPuMhrtHxFYg/UHABhJrO69IJ+DYuOMi9eWTNnWCObLmcbdUZ9THaeTVt3exjHhJhsC9n8Ntgib1y8Oz27O3x2El7y+bLJWVe2GnbFviFvIpG/F0jY97H6Yex28ZkmfMsIdIuaMxyZ7b/AHjbfq/5iT1nD6hqvPiWsdE4dP2lrjywj2yd2D8Z+f8AbLySC8ey/q3eJDhh2NLTmQ8yy47bz9w+XE7DtaqXAYK65MQuQORbcHB9ZbM9s5HJAH/tl10tKdnXLt26eXcZlgbsATOmQ/8Ay3TAe7Lrh87ZGP4EPIfBvGy1TEcfw2SPVln7nbHI9jdmEj8IGzh/br21dlzyElJN/Cc3bXq9Xnt8ey3xGjGng9tro+ctCumFHywMB8uej/U8+RztqQPIHdF+1OymyNlJxjDyNs/cGT+CRg+5ct18mEfnGx/Dmw5zlihXhZfj0bYBu3K3H7yUO8nAYhO6EIANMbbYaezbC+p+pFWNS+HZW8Mkeo8g/IbMAJQbNsPzL+fIhuTdLryOe/h1L+NRsQksvEx4gbZluky55ZtmT5YsGCW+Wd7PfLITZ+8vaZzls5KmJk5MEvJRIKYnL9zxDfDtxAbLsdCyLxgv4nyH9W6fjGeEdNui1G1Wb2ZlrBBs8gjqXlpPficTIWAwxIkANB8R53CydInQL5LP5NZ0x8zkqdMYtZKhplkjdR7GuhcIwVCFrwn2GvNlPeCw9jKGMJxuHEhTyVguj5M0W+R+7Hzc/C27el0h5bt3LxszxYPZfi8fkcy5fMHYdv5L9275G33cn1x8Mm6JvNlXcxdwmMM5ZWAOXJHivFtiENBxETeAn7tJR+M3yN3s9sZ2cHLn5Ak+rV/AifMtOty5APlotvX4yeDBTy1BLaRZp7CnzsvNkdHWKn1swM52JiF5oZl8BIkvysNbMNydwFc5FwJ+7MGP5ZaEJwWTdxhyTGXZY3jHhifzkE8l5+XxKn38CPG1YvUHjOMmTbPfwTJZhsgVNOEQf6ZS35I+vlpxkO5EFY+ra5E+5PdEs5xHkYT5vkJ98hvfj8EOPu2z2UMG/EmW/q0+23IxPIch/V/EH6vDha3z7LLpD3M58xIFR4dIVla8OZIO245FQky/UQdO2YN9s2jYjtrfeTNGDgGfuHIfwwEN1sZ4g5OTn3kJP5LfqF3pHpDskVaF/V1Ykfgss+5L9wH3fLGessG3ry7aI36hN+y1aLTBs8nye+XybbEnOJfl7GD6RTH5m1fVirztgkOPqwLIvQGU4IerDnC+k1mcM71mEvpkNy8hhv5RD2+JgjFux9WjzJgs7Zb2GG9vn8N5Gbr5eLj7/wC3Boe/q747BNIycrEAY16MBXRKN3CM88n2KRQNbK+q2zChVmMAMs5yCkKSiHn41NaP1J3by3S+Ih/Bdtl7kF4Y4p9h0nFvbhYWnY5+AaQY23llnWYjiGzEdmjvlnHbKe9uZfV9Y9m4gIAh8TZkA36YVT899kgAFrdun2GJUHJBfu5b+NfwCeH/AMCBPIWe2W5H9tyzO23Ty1zb120+Qc7LL6fbG2/Jsx/2HGI7EfSTXeSc6gOwUD4tT8IHi2Om3sAaMGoCL7F8J7Om2z2M5aPJ57fZAPCAkiujgw7zi5v3Zb2XL6ljPm+beT6l1uDlu/l2Fy6nmXs5jNb1mISI+T2bQWYRDs90iNEuMgfqqXHXz5suh24LZ2+eYuZEAGvwMSW77rFdWsNYBGYke+Wa+WTfH4vX8Ehf7GsocuyXPg/G6ZD4ky8cgPmesPJZnvJB25qRP3CROVzBmQ/t96zO8t3G6QuMuJschEmZDA7D5EuSAbto/MD2QuM5nssZeQ08hYBfi+meKx4D+qw6HH+SPxZdfj1+A5Pn401sG/i+fgXPLbLkZ+CwhgSvjl2SVujmS0QPb2yfSb19WTPMYBDPLB9Imln1IZQHf3LW/sPiU+QfEjj43Iw3YF7tvORvzezwlz8NsRjHD8E+p/GWg252azS2wf03d7OjuXtNZeMJXcGRuaayGyzxuZjIDpt9ZPw2sGzkbMzOSADBcg3L5Lswdut/Ruu6hGmDJndl7t+qVbA7cPjvsjSz4cGViRvwM6IrNfM3kb7FCDfBbdNMz9S5PY5D+Dj/AMtJPz+9+n4+Z/sZcyeieXQVC0tswm3OR8PIRJyHFieMY65l3BX70QpWpxs/4kX5rGc8gOU8xbB6dG9Xv46JMj8ZcyOp9/Gj87J23Cew/EO2aSMefHq+tMLp/wCyYH8GNWnXzsmhvsDZSHNEn1MOkuNvcfZnI7OAzyBdnas/mQPsKfFmQe3fY9ch4k9uIYuF+SC9ZPi4SHvRI8DHAx2cdXJsWAOaY2XSfjYgRHb1ZHL1jF3kP3bZ8/jcIfwC/sCA4gyPZM4TGTgbKR5az9RAzyMIWtOZJ4fU3PJGPZ52BCwPMInjc+iyaekpI12LamkuOKScsSkDkHLLkwzbl4x2+IMG8Qc2+bgamwwE1Vyxxjx+soSXfUDVa/hcrp/GdsgIF+kPYKFk95ZTr/yHyQz7dpLi3gQ0a+yThazsnbNt/wCQiyv/AMnG3ceW+ez8MGfauYsj4/cGqdztm4J4R3+oWaH1hNxO/cbvtnP/AIXQJbPsL97KzT2zObcHth8SMV4E62ZKjV2ADfYvN8lF+J5D5gBnrbLPq6T6vmfUHOWtOtqTe/MmJ9luAT4ZO46eTImJekDgLKf1en4PDt5vj/4H5HYc/LeM3yck+fI+db1kVd8VZHVo369nd5lvz5gzyIOFsd/Vke2svu2XTyVMQZxBx3shgdiEbd0yRBkeGHOR4jchJa6fF/1ebzWLrvUtOA5n2ImkeI3d/wDbMHw/7bPf8JLF5Dyn94adAT+Fb9HJTSsftnydoYhOgZN7t7YT1uhpbLhy28dsR3ISHkTun9WFNxuWRd7kVXeSyPeQ/wCUYLALKPJEkk+zTEhVds0d5fJyucfqzkXRcW/jPwONz8AkU/B7L66/qfgce7OT9lWR13w8/wCynTdkd8ufH54+fwHTyOmQZEhC4Nh/sG/uGqQMVf8AYYCCyloSY8st+V15f1LDtluT33l0PnLMU39Jh0/EIfYrxDz4ixvthbfIn5Qkj5l2kjztgjoc0vFiw0jj5t4h5dFj5tl+i6kLvZaLp9SKr2//AFIAjFByD9WbLltn0sodwnaoPONv/COyAGe3SnYkHo9tVXH1Z3ez0nGQNzR2JGtJhKWcgbmWW2/hIELffZSwE8fZkokfutUW5pKVZ11lVwd9tKb20+Jy+Y6ly2ly3I1YijvxGZJryG42H9lDXkf3C5GE6H1aYO3Iy8XhPfJM2BWyO303xGzMus5l1dP95C8xM36+ZgD48vh92Tqk7n2BeinbW/rLEKEg3/oYTjl9AYI0Rk/JDpP7gA2OJX4jwsq3FJYOp9vti/dMS8tl3yxVpn4Zo4z21NP1fNfiww8xl6fVnbr5sseb/wDAgfqPLCPE/wAYvp2CPWWD9R582f8Aw48j9ydvn8LhuH+yrrByVcv9y7A89bqbDra36/UzbH7vVvxAsGewnxDvkGmQ7GRhheKFnkPSTEA+LMMpiu2AE5s0XLmvulCdXTDOJchBDRgECGmsVgRPsJg/ugIXswCQTT2Z6gbGOEjOWJlGOyy7PvJqYf5F6Ri2jk2PEScQcOoVsZcsvN+IdPp7aWvxYLIkWIDy04PLRvu1rixRjGx7e8kyPiC8viT9fjfuQH7jXAFsN3yHv3D2CMSmCB+S/qXPi2P7ePZ5L8vk9NOxr2zTXhM3puvZLzlhJOofbbXyyEHXWHyvZ7JIRONhKn4wy/ufPOyx7eu3zBl2QvKhLPifbANoOhY2sl2GsCs5G8BsqGuXkyNsEa/cq4WZ5kJ05DRl0mVambZSt+WO7qzCxJJAELK7Cati42f7fIkdCiyZELY5AdAy8LRHMMcBbEI7+rJOfu4QD7hTfDy4Sivjd/8AoQdKZwxBhwjOjOGhv3KQqocEPswdkJjyMicR48jvzH7XB7YoHYb6L7B0Z6nk+CUVwXScxvfiED4uSbHH4YObv+WcXz/9TT40bW1v+35/9lG/vWXXTv8As99JEjIHk48n6W/S7Z9xH2DJsSYJFnwsQbAAvZJ08unTJ/lyFmtm62T6ykDZD9cvCUGMlWmbOmLljqkPfiDCt434lOfty5bvwJQDEfwcgIkSpm8+pAasBuifuskHe7BvNw82eNnPei4iwhpHd4hdwhEzIA+5cfjyLDZ9Il35gBNN3UOgeQkF7GhB8xJAoXDnb+TzMH5QJhGPshb/AKurTt3YMA4/y42t+Y8wQOu7YbmPOxJR3v4G79kZndkfJwA/bjM+IL8pC5vyuge/dvunsY8d+4v1YycE69v/AFazPvZSwyN5+QB2OkZ4bVjsOAZ4NjQO3Rk3XFjwI3CxwBX+2ATGLpTOG6Fi9gUJgclcXGm1D8W+XCITCWI6h8gLQOs97eYmN5rsmUN3UZnoQjwkSGThx/yDzQRcKjVwIg65/ZDpT+wccf7eAYuIBkTrGRl55J+QybVQK5e5kv53zZnRkce5HBWRtQI5jGAUk/M3JumpDks/DChR+TEjx+0G/GMNO28TR/BfUNuOiQ3cy2Y49lIeC5kYSH5tA+A+djQwcB+ZmI8Cha8WsBktLB+LR7BvsCoTDcL57XfJ36unpZ2DPCXfJNll70yxmWMiMBI2SIRPmF1ZjkHex1eBF6fLBqyBijCxeIsJ2ILMe5dhTIwMRPo4WE126tuzbHEHE6uckfJPaJB+HIYEaR9hBPygfKD6WjWxwXHNSmzcgTdsUeThvMrmbMbI6+H92iiv1b3ggbOFzAMFs/8AIdIWqZyA7UOxAsBljNnT7Z6uHGz54uR4uc+I80ljERpD5EEG31nJ/YOQagEdOHSTFT7d/wCQK3EfO+RkMXwcmh8mPlEfEfSb4uHfZQzO2h2w6ew3lk9kLi2L32O+eQt7B9Wr0tx8vr7G50tDpGHtk6th9xkB0XETEedtPosndP5ep3/lg5/E7ANT+7BB/cs9egg807z1aQPZvvqbikvRIwK0zxIZXr5jKacfW3/+0hzt3h7CN8LGIx0cP7JecSW+t/dlYcyL8kocxvkC6cS4kyTCB0TE4/7BGHCzCJB/EWd4fzduMNGZp/SFL2CxbaOY2Z0p83K5PkOjIb7AL7LEPH2+MfD8AI+/xDgMmV+oEfbrX1gXfHW8fB/kMYXgMGXWj+IB0/ttSCa8NjOh2d5M3nYXYLA7CFyCbN/DL7O2Px7M+kC8l9SQPPI7yQ3aOW2mdhrI5kCRQ6MvXt+9/t5URROrV4ZLhI0xtwCvkWUrrmf5dlVgzrCwc5m9llymRGgsQpeLMLqB9h0+oy+J+70CjsX2+M/EQd+LQHFkjH+wc4FGxlr4YuZpPRqCWLYUUj5h/WMv/wBojBB/NlDwJbF5Fae/F+ithRBet7wc9tuNQ/iJn0mlgkQxk5DvLPQ4R6P3ZhbDl5YQfVhxuwOBr+7YnQ7K8QYHslbF6psfAFkaeHwWqyb+ISrnxG+Yc+YkI/5B1C8oybKBunDbGaEx6j44F8IZdOuEt9beTZubsQdZVPU9hAUUV+kYnpLyk7NL1O3KE8QbyB4PYg2xNP8AtkBZ/Y+T/wC/in1kw/A7+oENkQ+UQDD+Rxgr4ztu0ywVZsoPgx3vZAwH+Rm0SQwGB4YA1Z6rkh9JejsN/S2b7FcbI0YfryDe9s/FjwLf7I/ZBbsEwuzo5SPYBOb0WbDj+7goMOpMfm3GeQfK3g3SfwRZGM9/B75CxNcv+xIYWGJEwsPvy1TMQcPiN9L8sqRqlgPD9QDN3WIF6TlAZJ5YR1AkkHS+9WF84wGxnIz2bCacniQJ5fiXUfI+lsL7Ma9uGdutfFrEsWx/hJ/qIjnGwMDfu14C3IB+LOEGG8DC6DkLqP8Aix8GWMNIhmK23qYm6JwJc+LqmCNR5z9TgBkM8H0zQPF0rH6lI3ZkByWLW9RuYLJotEhoeSczY+e7dLeSQGm0N6/Ul7Fld9b1bPca22Ju26wXMsBnnGwGmymxZyE1MYS27e/Uh5llohmNh8UgHJ9RZmeG2AO+kezqRHq2AEHy36Ia6WeBdDnxEesjGt7i78zJnsrtcu4YUvETj+31EY9Z9uEluuS81FtWPAvW9hvbPAvLqbZ4GDj1HhmSnskZ9RGQxAcJOYusKH4RAvwREKDIQbA7+5T4P7BuGMBa8gclxgbY4c/yQ9EmEyYMGQDTM+bcH+QnkXkA/u6HB8mHQ/DlnlmPK2YDYubHQq5LHvZE4qXyZqzTqZ8DYvEu+Qb5UCTT428DstakzOGwfGXCWcSeuG/d3eahzOWqNjyGOZyfoxgDh83XifGLVqrwNx5bzvzdn1+Aeey7sukuHzHvaAP9uWPrPSkbnk3vrDjF2I8vlfLkszfEm43Yj5WFu26jtQCQO4wgm7V3k4Ts5vSP5cN2RdSBd5DHoW7vkfnV6VCKmWaDJw7Fj6LlaYScf/LVn/3lYP8ArbC6QOoREzx8rKimkd8HPgmzozK15GxQ+/qdB+OrNN5XwhP3MeHfCH5L131LxWVBOSR9ZH1QDo7MeoB3pt3CWmrcVd+8WkMk/wAn7EYEDP5a7lnE/wDJM/8AzPtwknDX9QkMcnLjHk8k4EyPxctcOwrjnbPfEiJ5yc+5HxK0ttrPSEemJNsS8s1nAvIPfJFzhF9iwbLyZnYZ5CdexrrCyYNszjxvknJoGn4pkj2IjwlO0lMl/tu6JBPofqGIHWw7/wARTE3GzvlKBST5i2BjL9tjgwUBxobGpDFNiDJH0LV15jGGpGCZaOXW+riCU0FM7tPqBxX8aXcusHd1n8HLCaWwwd/ZMuRMMnmA/tyfBZQuPmL2MP3AOyXC0CLPqQDhrFw1tuPqAziU3MRP9jkpKTOROXEcYM7j1YXyWrHGMua3HByU87C9JOVkHx23CJyvNu68tz1ILuDGDAYuMp/Y1fVq4BOLZ3XYQpybHQsffP1EmltcuBDjWWzx+7oeiR9BAOdlkNG2A6BHOz+rDSUkK3UolFukq0O3EPN+Jnzz9zHIdoJ9QRxAfq7oG3rmSkEf22mJX7jGOsI+v+SPSYDd/pJI/wDYIa8iHlIqAB7IBb/kJTDkgOrP3bhF24IH9bPrAkjQ/wDuAtTt7oP5b4RbR0f8t8k2cB+28g1+o04n9ihoPt6m342XGdtdmWOg/Aa8y3CgvtGwGyrztg4gD92WUWVyxhnG3YHLFwSHAD+zhg2BvwRfLSwYCQPwhCGF3vc790injkBQP/JMF5kf6KkF4/kdqH6h4JvzDdWPljLd5bof1eZRftaZHrMnPJ7fUxZjs8hzWs6rhyx1efcHUsrKb27/ABvkAlGIPkGHtHwP+SWAECjnr+1gTNsHBESdO/yxAD/J2Tf5F5xv7tmhX9zLfH1fGeXIDbCh2Lv/AJWfOP3cLp8WLRz7ks1tjaGQhiF1AyXoytu5yAxOYxhZAdZxRl80YRwOF4XLZurlIIxiR2f7HxXGCCWXqyyenJAa8h4nL2wwu/jmprBheAxXvLia1GNOwPvLFgzmOwwiDrt8htqtk73ZGRFz8GBLIwG3u+rWbcgT7LxUHyYg+IIbLzvftjRbn7s68QbFAGYGO8gg2Lr+Vu2kyzJPHzOLzg4f8tgNfqeQIQPb2ES7MONmC85bH4PmxD/uBwgQvGxTVjDmVmYeP/FrSxauP7sF3Gl2hk6ef26w/wAkOCEwHNNT/Z37bGvL2bxsQgvrbUR2K+jcEZDb8/V4eR75McT/AHZNHI8V22fdabySbTYs8QD8f5JwYvzy8frD4wQDS2G4dt8zjbGY2cfG4A2czB7HJztiOhCeyzEHDTf7cc0IHtP+2qvM1OE/tj4m3ZMGIXcz+zvD+bDO8QaKMs26zrr6Se7mfFnfL7kOxX6QVsNa9+rIeKcs/esHE79So/SagmyDJ/k2NwmhwEkwx+0mghv7iywzWLsvqFG2t3peDckPPJAngsE2NgXqRDq+LYnBtSHb1HC5jFs8zk4o6SURhdB3cQBgNTfSSp0j9t7jlhPU4vqaBLQGCoknTW50dTyZqWP0YA8iHDKtiz/yL5oQeJ9JAdmw2+Za1YwdIs5RJlk7fU5Io1GmdHYvxkNRdQYs6cnhyCDqnZSkTHjcEuDr2A31m9X+R2qySBOEfKYg67aQhZV9in/3yeqy8dOSQ1t1rkciJdWafS2w7O9Mjjn+pYPtmuBaUBlFOJaR0XDWv1YuGMT6gSKqw17yGn5vsYn2Cngsp/smNng5toXtz83gW8lLAm5CB6/VovY8bccmwYCTNLD8SMHCVvqF1gperHBFtbsspHJGtAgd6IsNIXIn+Stfb6ncTn4w6prOODf2Wkg3fghz5JTxyz1fwIyNBsRpGEBN9P8ATO9mQzpP7AhGWzheCRmO6h8nZhKR6/jQjLz+QcJyP5khDSkYhEkCEsXJbEpNsQyC0YxHBsA49RZoJJ2O/EjnKMMJO6bjmo5rmDdQeX0Ik5M2xBCz77j9wD+SgECKA6y1hJ/LfGfu8sCQYl/lgDtk6JMPeRsC49icBrIHX3gSGuxubmEvtP7+ONBDrPmAS+rmoLywlN0tdP1MJqE3EsZ+4r6LYPUp+okjm3KtXzPR8PiAA9Tvf+IoNh4fUqvY2STMYEfyDQcsuDyQEYfD7sx/icdDZ/gyU1cgM7S8vWf+wJSDsiPqS4DJVTercpOMmx82Vxj+o2i7TZ8mxhVIK97uzUzBpuDriNHDyx0ht9ovCSDGDrCFHjdAdyXY9lYZHKcsGdfu7HuQA2aRgb6uvjLIppLusDyKQvs39Wa3Iew9sWLzTyZZ5NMbLBS7nxZgCwDkOmhyI/yLnnlsHI6ojz7s2b2aNTYn6klBT1avMOdmLJmSD9XBZR2AmnFqNqh0Nspu4wrDjYyFfHLO+ZGkxOdurHT4sIcSP68+LrPZIddMxx5aosEudgj4fzdOof2Ch/kxtBDPvFBEzqRQQH1I3n+QukD4Olh5p39R4y6ia3BMEXvllW8szNtNahx7cGg/clnr9yc0z2GP7s6sQ2Q9sj1YJQSl0hTm2k9PuGBgbTCbAMn2RxjmP3eAO/F3Iz6vjEt0Z+7Gu8i+W3cPEMZkiGJCnL9JAHgSa2PBPIA0K3YcXBA0i72zB7cSjsaB8Wx4RXB/t1glhmEkGTdPd/UUUZKAYXlqIycgQy2hL8OyChz7bMvn4WuxkBBEwJ85ApdWzK0QMDr6vlBqRz4VvztpE1ZnlhEwrN6Tto7BRrSRSmt8T6j4MMjK2pBbi2wWFh0bM/p8whP9GKz3+rpKrbBUlCE+bWXLVn6IH8sS3ZvSnyMW+6tsF3QS4XloEhSez1k8zgyHIX7Nm58Qy/yERaIS7A4Q3C2fidg+uQNCAg2VdOQhpDF4YO4wEakvHsk2Ouj0hp6kFBmnsPrB7dkAzAIh3bPvxCpeJ182coDH4hJziQnZXwIkiX2MQ1X2AFBtpBmPls53y16YvGc5JvAsHGjnk0W18Rh19kyMTPqGI6PqGXN7H0fEwfpCCFPphB365sXwGpN5grAx2Z4TOoQoFB2dHPY1vjK1ONhTo7Ch6OEv8EGwCA9A2W/uQd8+XOT7S7MxOnX+Q6//AHkO8ZOcxk4d2fOsh5Cej5P+Ee/+iweifyROsa2dhmVfB2xHOSz3JtPWSRchtsp7cWIX7kw59g/7JiclP2JzlnUbatYDTmTAzM47faTVMbnp82+WRpAXXsWj1ZOdsodTvBmQN0ncFtfYC0hs6mp9PG3Eef2JhZZg28dz+w0o5f8AAkerPNkNmdH4svkPvxKbZz2viFuDD8Mem6tgp0skMhG5PbwHc9iHxf5dAfj4sDvkRbENYdwVG5HR3EiLGi7/ANvsTf1JzD4fUjUho9v3OAzozrbXFPAuyPX1BCA+2bBr/U6QpvjaP/BDi3jfI+x1JPFDQ5Fxcj4YyOphjhI4MtvXsQAwWrutmdUsHL6Cllu5z9xod84fqKQSMz1skSyOP8jPOWFM7ex2ahpJ/wD3ykVETWmsizAbHLutghyYyOs0HU+0kjcwAPf3kR3F/GH7CyATOaGyKFbGEwned5HwYw9OT8GXwBAVzkny0g9e3ynZPQLPij7Pbye81cnPDs+FufcQczs2bROkBga7hJbl562AX+JW1v2Lgh+gRFakIc7LyofcQ3y8J7zEoXPmSCfpdNGVC4u7D4Ng8cJsWd6Pxw9smfJAvyZbh9iHvlzP15MB04Q8wbP8XcOsrAhiGCnddthvHxIHcchXE1hqcadhZdLJ3mfFmgTmLgw2DMXpJ0Uk3WkYne6h1iAFsFzPqIaJyYPyBRfmIEY7wKNwIMfmFnrnb3rHkyTeFyBBZkbp3+yr/wBET1RNgaWsdlsbtQa57b6MkRxsvGbJ7FYx1lsHuz8HW0EQe7C+W4cfSJLG++lqH7tMR05ey8lDvJfH4WHTlk1UnBKLK4ebFBgQZ9Pmd0W3QSQoGyP4MnRcPjZaBwl6f8SaEfKKXofiYHOZEM5CgeooTpYg4eH/ACVbuttjDup9HwWB0kD1gSTwYPKGxG4ZYyTwVwhv0TNTctZyepyl7fwj3Fs2kYwjFrCYOIYkGtvTJbHo+JG+ksENvi+5q0ZBH1LGB9Wc8n9sG5f1svb27zjZzXlyDa2Oe5bhhZlvG/u4CgfHM7wf6su72K7TkBvUCMMP7A4EnHxD8ERRSd37tKMQ1ywM7BMLxGCdeJXwMGxOSaYcslFcSaWHUduJ0ST5UkjWE+ZvPFncgYr2XEO5OcTkrrX3bPMd3Z0vxkWd6F2DrpepgiRdJwfCsxoPPu2G78ckCWDpJqcz7kxHYKSA+Rkh7J2SV9y0G9LYoB/I6cun9u2aMMPtEge07N43z7mTNtD4vO7Jqbtrn8JQCaFp7J+BkqFJ3Q25LcsB+IFYOudbPzBNJ1zyKxo2A+EA66y2QH9mftJE2wtZjC8E4GluiORZ+EBmYGoiHoG08NsXfEDu07vi9cv6kOrn6smoP5DtfhhTvpF3UxcaIMqwzvttEHSoRbNQ4ivMrKeTh+rPhJ5xP3AidnDILqb9WvBsaD+B/knCv+RhQNkeFD0Hv2zK/llDSdgzfmYHAfU+fH9WKHHuRzvOTcL/AN3U4Z9MQMiMb2g/uDnViRDDLRCAvuNOHYxH6g79JeZuy14kblMXYJ42D95ODrBI91uELMuuBaIMLl0uT3s/uinYssidZB1/kbBk2vGM0/5AHnkDsMhTAtlOSxTn1L3OSUzBYbivzJU3Uzk45I+J9sHxH8ucov7kvRIBoUfqPIv3atSBOOSPsRxRlPxneuQR8X9tpxN4df5JfS3PYtmge+SZwz9E88a+ryGH9QADb9F7p/yciX8XiH/LgmsiNx/V41/5JYZ/pPTUD+QhV/kRwP5dQxmNTdXjZG5/t5+v9sfrZDdbIeE/cp10/kJ//CMc4fyC0X+WjQ/ZO4T+JnqE+Y0lH6C7KWaDDW8xfNvNNeEfJnEcO4blWsDmSAjSbAFycG+QxfsUTn6yXQSaJA5AFTt/HD9WH4v3ylam5BAfN5MGiIQ9JnDglFdhfRLhxzEr9nWByWhNNswJwHy2GGQGUU1jNflajvI9B5ZtPZLw/cMMN/sC1/vYUf8A0hOzY81mCX8iqDP5bPP8JZj+urYo/wB3uX/Lgi/24rmBZhslXJfiN6x/kron/YwGpMHefufFSwww/wCSgnOB9AyddAH+Qy+f8lmD5AGuWl9z/IRE4eOwvn8JBrYx+4LMk7IttCdaXbGBOn6WnIDnFfISbrsstMQ72zV8gAloMD9w0o3IpMFgakA11ej726NufHl09DPZ4s+PZ6HscA5cnUsyvYMXyYnHLpyW5fmVdAnzEoDts47dEZKmp5PdAuTz4A2yffu3ruPwQ88cZVPr82EBxI6cxG6U6EF+p+hz9WYuAfDL6+Pq8+T+y5gv5L9F9FtBf8tm8/tbA+v2LD/jIZgfzLsd/BOdv7PYwsH2NkI3+XKOfQSPB/l9Y/5IftB8OQD1Z4YuweeWncGIHlweWHpGHycE38ITfLxLhlro/g65L+r+YP1JsYOz+rY1+IGTnskbzZEQhH8Bvj3ZwHRAwGad1+JM6+8gmZYXRi7GMiBIGREkwzftg/c2LX3llx/sAnp9kgL+psPi54yyJCM9tmsD5sx5K9bDh2DOduLR2GeT+RPYvbhDqM31dcip6YHE55u+z7vgQoQNcAt16f1ZQU+id1kyI79bGGJ8Gl3cj9wHF/oRxgP2IH/wo2c4/q+Dcg3ry2NdQ7uM/AX/ABnBH1vYSaySlt295rhJzuQAgJMeQbw/Ak5GS7+PZYWj2fwtuzJfwluQ7P5fLTn4CiIaGdcFhKc+rNv/AHHfaA4uWcPZ+WhcKGxzb4WwGNgwbAHxZGOy6diDpDnPLsTy0e749tnbrPu2QDixbjDgZ2+W2Eb0bIBsAD4bLB7aHLo+kmzrZ/2Fm8ITqPqZLtn3yFA8/Upw/wCR4wMJ7z6/HByPIQkbUcgwB5fqiG5B8uWTm7YVy5tuX6zqaeSn5gU9hwEIHzLsf2fYNsx8hdF5fEFxDyU9/A8iN+Zz6lTw5AlsN73GN4wDq4Xm96ld4QIPiLzxuT/Yv6gxBGLj8C5aJ+Et5jkIDn+zjZk59Wc1tSBgKETZ7Ojr2+dF4ibKHTLTxPnkeocvPNM8cHY3TxLZTqzHOQ3OJ9Z4/RLkx55DnFd+5sd2eLrYez8/bwElgMuX2WECEJReTgtI8tJxgnzB9hLu3Pi+b++WD5MSuM/FOHklZG+', DATE '1984-07-20', 'A Coruña', 'España', 'bio', false, 'ROLE_USER')
2017-12-20 20:14:30.922 [main] ERROR o.h.tool.hbm2ddl.SchemaExport -
				Duplicate entry '13' for key 'PRIMARY'
2017-12-20 20:14:30.924 [main] ERROR o.h.tool.hbm2ddl.SchemaExport -
				HHH000388: Unsuccessful: insert into account (id, email, password, username, name, surname, image, birthday, city, country, bio, privateAccount, role) values (14, 'victoria@example.com', '$2a$10$Tt.xX1i5lzepgcLs1wNH/O3EqLA4Nxy8pPuhtB36Z2lEg2TeOOY7.', 'vito', 'Victoria', 'García', '/9j/4AAQSkZJRgABAQAAAQABAAD/2wBDAAYEBQYFBAYGBQYHBwYIChAKCgkJChQODwwQFxQYGBcUFhYaHSUfGhsjHBYWICwgIyYnKSopGR8tMC0oMCUoKSj/2wBDAQcHBwoIChMKChMoGhYaKCgoKCgoKCgoKCgoKCgoKCgoKCgoKCgoKCgoKCgoKCgoKCgoKCgoKCgoKCgoKCgoKCj/wgARCAMmAuADASIAAhEBAxEB/8QAHAAAAgMBAQEBAAAAAAAAAAAAAAECAwQFBgcI/8QAFgEBAQEAAAAAAAAAAAAAAAAAAAEC/9oADAMBAAIQAxAAAAH1TZhEkLGTEBkJsVMEABMIE2JjWMlIQwTGJpiGxMATBDVAwTYDTAHAMsTE00xBpiGgAEpIIziRU0kSaVDFSkkBiqu2tMVN1ZAnCoKxEFJ2RjJqiQJTigpMhJoBi9EYgDli5CJSITalTZYiSExwmAmNUNANiGCYhsAUkJTQlh4desPC3ntHwuoaRghuEwoAAAGmIkhKSBMBMIgyKmoRJWoYiGCjZWYIWRqCnGFGTqttCUikwEKSJuIBIipJekNSDTAZKmAMBDYgYhpBpwmNUMFIABAMsHHOuuryHmK9p5PhupwixiKs2862PT+g+aM+zafkn0nLpOMgBLJAgAMASYomqAEQEJpwAUJoJJhXZXWKMokU0JSVKM4iYJEkyuTATYk2sFNHSAkTUiLGoDhMABiGAmoBsTAQwAYhhHgnzXU9NyeW6IyVIZDLI0h2FWipkJWVEvS+a6cv0u/5fKPqx8o7B745vSBihgCTFTBBNAADTEDEDACnVbUYoyKgpxhKQKMkQjYWRJMiNqlIIDBKaN7CAYDTEDVSTkEwTEAOAaAGCaGV1Vpq835yzHyJRpgElZGojmtlQyVj1JzoQkXPSzJqqmbeZVEvszSOx9C+Syl+1P5N6SPalNwASgCCYIAAATQNMBSoqtqjGmaJBCUgiNkSSEpFRG7EpKIEkELEbxkJMBjABWBCGlBiRkmCaGUTJGXjF3F6vk7FwnGgaJBKrI21xC2uVVW0zJdHmTiqVeyt0cDJ0OZQTkVS0szK2sAa9X6T8i1yfYjkdeVDUA0AhRpohgAAN0qbqTGpIQykNIAhpiiYkSQCaIkha3JJuYQmOhMhpigECkqSkgTULmLmV2+T5zz1ehh5tGnMNGiVRHIhKUTTSEQQUnKyKzVenMlpiueWnpHKs9LwzA466qn2KDjwvzEooJII6H1P4564+hIeagYgAUgQMTUqTTDPozmVMqI0gpIBqgGoNIAQ4TREYqhOJvaaAyENgNKAQIYk0PDu8wUdHoeR1OFydGYi0EhMZOFXxhoKYuAOMgtt7kc/uei6p5jZ6KZ5KHrGvm+l05px/B/SfFHjpXZjbDLbVauRSSZAYpfQH1XufM/peYKSlEwBxGAEoypMQZ9FFZFIIsERJCGxKSBjojNERqENCUlW0ZkAwQ6ABjUIaUQ4r872PPnoPnnp/nmoVtU03EWipuveYzrcwihj6c/bxzPRS1y2XU3FjTIEiyMpsyeY9bxjwHF9jyjztl9JO6i+q69GYcAVDRZ67x3ck+i7/IeoW8DIBiTBSTppqii/OZgZBgJpoAxJgSHUVJQRlEAKUbIG8ZCYCGA05UAqUooOEjm8Tr8ZPOcslWaDBSSoBBJM10QtKtlPaj1nSz2w9WWS7dOPRGkpdXOudk22U87p418l570/lUx06Gc+rsYaztgkKhpyqyBG36t8e+snWUlKDJCMkMChop576EyMAUkoNAMRAxoATiMAiNUKUTe0Q00A0rTITAE0Vk6Th+R6nnrKZV9w8zG6ipISACym7CWmvpQ+9TvNtuS2WdlGqL9FNpbONhOSnoSQkcm2uXyPmfceQriwaSahTSpcSUUxMStqZ3fpvy36hJcRnKJkAFDAFJUZtWVMrGJxkAmA0RYDBiJQGmiJJUJhtacCkKk2iGpQAQIOV1fGmHibuHZohZ6w8NX0eaAFEo2krqr4t6GToHW3YNojPbGroZN66LamuuWVSbJcrNXoHxNxthCwp5Hars8HxPovjjhY9eAUYyoTUrB1J21kvqXyj6FHqL898SQxMLGmSpip5deOzOxQDkRGCUkAwBMEAAERggK3A4BoTTgGERixBlXgPZYzj+b+n/P7LtOjgpzMNlVqkmK6rRI7qp26ury+nHe0ZNZiLKzpa8dkunPwuAey4vlaD0EOV0a6HpeL2supr5uk6BXZRz+k7Pmnnvr3zU8+tOaicLZdET39cL2OfnyZeR6HmS+7ty6xiYAUNNAAMmzGVIBSTUGkQAmIAYlJDQxMBJo2jQSiwaJWmgjJUmhOBsxdaWPkfSWHk+fZGzzcZwEBRqzaUloz6yV8FL1N/B3HTrxwOzycmY52fXqMF92Y3d7gbj1N/G2m3Tzb5e1p524ubdi816jHXzHz/s/PRyNebTb9J38W9PR34uoeKl0XLyPVfL/qGaxiAGjEiQnYZNeWM5KIwBiZFiBMAGJSQmACAUkbBgJtYkkiYSgAlLKcnp8/eZt00ef8Z9N8xZ4Wm2kYFLRntTTqwI6MeUl6t/HsO5DB0Yvt9F0zxGL1/lDj0WwKd2Ur6Zv5fp5eH0OnamDbKQSaFER5Pxv0r58ecJqul6nw10v0j1PzP1tmqnrcyXxP0Pm9KJoATKAaAAZdWQqTQAADIsABAwBACYIYCA2gAxKAI0wQ1KRkGe6UQEEed1Kq+NUb8Fk6yURaKaskVysgQZEn2+D0I+rdTkds53H9HkPmnN9b5Uv28vevrux5j0cdHRnvJzquskmipTrMniPd+KPImqos6ff6B4S/6N4Q9vowdMzacHQlixVJJoNFNxcGTXkKkwEwABAAMEAJiGpRAcQU4m1pgAoDhA6SkoQARYCUIsSp0+d+b9F52x9Pl9OOWBWh1yKq5xLd3M3GLZl7R9B7/m/Rw42Bh8j7yg+YbfZ4lzdPLDLr3cfYdLRh1Vaoqx1yrKvOej5h4DD2ece36PL9BWnj96mIhnKtsZSgKhggMExkcezItSkhA0GMSYIEA0CYACpMSKkjcwAGqBohkqEANABBVajPK808P4n6h8qse7D6k8v0Y3xyn6HgFdilRKytKfU+W9Gvtu/xO5DcWSRIx07q1w5OvVHKs01l2vn6V2uiVzKIEc+qo8Zw/S8s9H3uD6MmOkPnV/nZfrV0ZEkIAKaaGxkcmvGlYmKSlCAoSapSESZCAoAECAYbGAAANABKAAmQgBoATKp+QfYvlNnF9T5W5e9q4lie35nreIfOJES6LiQ7HG9CfQerz+hLKKrsunmsLIEBqU5aM/QVcu3VCQmy0EwhYjznP9RkS/p+D7B6LyOLxCv1HmPqx121A0xMKaGAnEcmzHZVKMgExpqVCdgCAAQ2JMIk4iHEr6fyP6cbhpUCRgwQStAAECAACr5f9V8DqeNs39SvL9m/18cz0e+g+WYPSebtnFwkj6ny/ZPpPU8P6iXpPn8k9ND57ee0WbYQvrgmyVF9ELEUxsrE0xgCzaMx4bqdTQvg/N+n8wmv7D82+nkkyUTBoQwBuLpY9mMgAiBgpRVNCMABSEpRGhDExAj5b6jxHQPr6z3jAlABphFgAEAAgKPFe28nXj/Qed9NZ5L6v8t+vSuEknk/AfWvl5niFsbqpRv9F460+h+fzbou3bunGi/HOtSzMvvxaauikjhKIhoYIWa7JLHTl1HhvJ+3Vei6ilAChtNQTsBgmnUce3ERARNkIcaBsiSiAME0JyCKkhRkj43Ktn0v0vy36gSGiSBRiEBDAACE0U+H0fM15TVwvZ2YV6/JLze9b1or8F9C49fKY9jkWRUkRUoy329ew6XsfFeny6U+QzoYoYDsX+L79ejlg3oRChOJKBVK8dmU0ac95xOvimdYCgCAGRYxOLsGmLHryLEAJJpFsWKahMLBoGhgmgTQk0fGyu2yX1D5b6ea+kpkNAgmlAagFgMEBGaneHh6/cePs1+l+cepl9BPLrEEjlfL/snn7Pl5ZUtbbt9Ds8rCTr5cUDcqvRHB1+67p4bo+uoMHZ5mrLTKqVSQkjlt5E1ZVw/Rp0JtVQStq8TQAlBpWJommjAqGbVkiIKgGJilaAIyVgDEwBMExBRLzS+BZOyN1BH2XZ5D2AhoCUZUxiaYmFCZESSAAUk6TCGACA8L4n7X8ts4rK7SNnYOX0+rrk2+i43Ul3zwROhXTIgSkSsjMImEr8teifref0yyucCu2mytIEikFqGpRoRidgwIZNWUi0xDBKQRAGJAwGpRG4g6rOEOOLrL8pnJpozJnoPp/wAf+uFyESTUoNWDTlEMBMGigCAAAYmMQAec9Eq+Iw9Z5SyXQ51sde3i1L6Hf5P0Eel14+vFls7KougocI4Lb/OkrIdO3Wi0QsWZEIuKTcJg0wBQA6GmNDK82jOJNK4tQJuxACGKJpAAGZTLxFI0dDJsr5rTTZFsZOo/Wfkvs49y0EkyVAwAAABSENWACiahuLAGo0rBNFPyz6zgPjz388npx7Tf6Xgd87uzma43PM4srrykOAYK6Heo7Nld16MjnAsQSxpvoOiJ2ANRMkBqgAbQQyas5FpyxQU0wJREcWCAE1Ij5fq+dWd0LDqaCs+Y201WaaFcmfp4LF+zWYd8JgACgmNSSJgDRK0yxASg0DQAIaCkBl4/5/8AT/mGj24dFdTZzSPT9DyW6PVx4Sjs8Ln5C/vV+k0t6NOuxRsjGWrVWtbZEc2mg1XcvpVNADRDEWNDBpkMunINqIxMYAApWBYRklVVvBTm56tFui/P1F6vN62CT5KrqbNNSvFGDPY+/wDin12NwMQEDTtAEGgGmqaAGkGKUYhxaBCpqUI5/wAh9x4elZVKtcs0pdVvPinTqw6ifar9Elvczb1tugJNRrLKSKuDjDpnAxSMsdvR5bj19BOL1qsGkBMYBXl05wQCAGwUBIxA04y5vI9PjWvXVbZs7PI7hu5HX40nyUjKpXVOLqpqo/Qvnm6Psqx7RDUrUlQAgxAwAErAkIstBEClAdHl/D17vynHpJSUqi2hiCTjIfU5eg9/1vP+rkq2ZZLfXnimyqqZZKq1SEowq511nhOcOqruny/0csR6fpec1HZKrbGhleXTlE0UwIbQompBp6PHr89HHjXc1dbRuTb2uP26n5z1HlZPl84SHKFhZZSUpqMeu+hfMvphZGSlTFZJAAMGmRBLIShoKYcmOh8953EqUE6SaJNMYNQYiYDlGR0Pe/NegfTI+U6EdWdOpLrIWEZpqRUUKb6VpnCxMPo/P+gXgcLqc42ac1sWbMQd2/z2yzoZLIEWmrlAGIGCRuEjP47s8CWVlOq3RqzdZKu95zunQ8t6vzCfKWmO2qdLTmtIyhOO99J+Ve8PRAxAAwEMABUNDRgN/O8l5Q9L5WpUIStNIAUmmTcZQTUyBZEiwLL8+k3dvjdaTt7+L2DZZVMshKJCNkRwsRQrqDB3eGpeVbRcaLYzLb8+1ISlGq2oy32cl11ni0k3BpIEFVnCOPnE1ZqWipd/HCS+3fyz0fmPT8CvkEp1sjCVzhKicWaPUed6MfT7Ob0xDQMABiT550cHjfMHqPKVC1k1UFJEQAQxDSg0OdciyyqwukamcNfRzS06c1ldjqcLoydzpeZ3Hcv4/TNjhMUJUmhzCnm9HiFOQzS2bqNaTvqrXfLBpNluC+pxjCQdUrSMZk7BxKVDqPkPR+aK5m8l0cuo1XZrqvtzWnQw6keB8b9v5SfIzv8AAJiCeii832xsj0Psvl/vTqgAwHVzvBnb8lKsqVqqKArjZWRjZFYiZEaVsJFGaVOLslOE10bObqToVW2y8yOymqtLtSW7HfJ1+r5veeh18vfLOiWM6hy+cdTi4qy3TbqKpzkUX22ldqSScGrhbCqZWVwnKmr1CRO6hmiipnOyerrPObrhMFu4XLn6WQzer+b+yOvFpOX8s+z/ADs8iBT15Np0NFd8U+k8/wBM946+MdXyPAykqyIokqgWBVHVUUxtCqNzMxcLQr0VEmRc0sKtiTJKUVnOpm/Xx5HXyU6JKpaZmFdXacDb0ZnU6Hl4R6HFyq615zaYuzq2RCN7iFVsR3QlVirCyFaLZ5rCSiiZB1dCESV2WRdSo27L8tszZi3RXidHidCutXTceayek8NL9UixleW9VxD5QTVG3Lsjo6aLiu2FCdjz11Cka7UJySosjTq1QXPOdSVubWBKlIxsqUakVx01jr0wK9WCZtpt0nIj11LyZ9FVlt1KTNN1mx45GiFdop6ugcvpbdhDS+cdSnl3mjoYtsUqdRfbkuLq4MjKuRbOiVMhBLoutbISkVTjYQLKyUlKnfVcmXjd/lLtuxbSrw3vvMR7RwkkuT1eWfKIWxSWvLqXfdTNFTGKypupFqybh020jnXcUV7K6qd10YI6YFcNitwU9PKmabaynXaTVrirB2aDDu5+wp0WYjqaONedufN6CVnSRx59dGG66I9XIqOrmy2lU7bxaQNjosliraTVLJJbmTQuy21ZZTQWFYWSqibFnmilCS3RUDS4QLpK0zV6Q5HQoup87rZYu3eY9OhzOniPkcL6C3Xl1mqFc0JK9aq7IFGnP0jPOvUV3Pec+OkKb815DJuyLGyqywx7KFyV30CvhM0Tp1RDRjtKoORsa1HDj081ZNE5Ro2c6xOlQ7imGmJg03IrulMrd7CWisndW5RxtVFtKX3U2EbaLyDi6We2JIdBIgF2nBfFjo0VbVZSWXVTqeeWCNFN3Jt6d3ju7HA+ifJfrCSzaabPkWfdzzTpx6I0SxbjTKEjDMiPr8jrnPlXSdfZyukTjblMmvJK3Zm35UwxkFuW+JilbYtFG+lY68O9GrlGaNtJrvw6i3PdJMz0yMquRZNWlcbEM0Nck9UkzaHMhOy4hHRCWpaEQtnMrlJ1CSRZGcjM51FkIzqqVlEQvzXl2jPqqnHpym+YScrJpqXrcPtYLfNyOWvL+vfG/osx6yE4nzHhep8rV0oIe/FWd3fy+9HDzdTlGrpczqJzud08Vuzped9AdbHonHMhu5a9HJpgmGGqCqwurHn3Z4rhqFwbaLUvtjYaMepGKx1mu7FpGpWJOpwJ1ypN5RUbrMFhsqjYRkBm1FgqrpLOjXmgtLDLbfKzHPVNrFDWkxx0WHOnpz1pq01xkhogX9LLtOXGNZ28VuQhnTXr8vqYE8/yPR+eXiek81tZ+wvNoPF+H+mfNRpOrqdFJZ6rx3ejseZ9X50Xf8/6M5mXdzawdzi3HuHHRHM5XoeKuizPEvKkmeyqVEZqKIamuOrVQX306yqdoU09KhMm2ma36I6EyF9ascEsjC0nECnXVoWI5lc6rYtUaLLnRpWc674jOyqkJlGhMrevKZqLstdCOjDFMaMx6i/BaUPNuI44StJ56zrcjeScDR5eS8sjO5+o93559DlwfJ/sXylObOM60U35i2jXlPU5qOrHE9V5b1Zj5PawHEr0c633O3m9qTJy+3zjEq0t9/N2jzdSlITqmoJpnovYXxatxsJRUim1SLrs2mwdblmqwnUpJDVmZfbgkbDBaXSqgu4ptC2qk1aMdhrpQKyFRfKq4ujlsK41Zzt4LMRhWLGvtlizHVnkzpl6fD1W1ac29NzUTxPL6/FazibPQ+qfHfoJ6z5f9N+TyYHGVbcnQwEwiHr/ABXoCj0nI0Rs4fSwGXkdnj16n0vlfVyxx7MJio10GPbRpN8KwovxzSUM8ySIGumSC2lFpOksZcuPROunZJyTKWTjnlbKmJJfZQza+el6Lx2Gx1NJ257FtnCs1Sy6C4rmLRRcRTRXj01G7Fu51cLn2Uy+gzQmvY4vSrueffflWvpYbTpypzFPmPpiPjMotJ9/z20+n/KPdeDGmJ1c03GSyi6qJxjJ6DTw+6vU5PT5pyuZ0eave9j4f2JdlMg81uVMVk7FusnnI2SSVWzkV5d3PrToyzhFTLZZtBeUTHCdgUa0VQlYVKwtyuyuLtGXSFOrIS18/aa1RAvTmjVqUuLCpWwUukkgy8yZ+jlNXJ7PIt83lcDdtws6Nma1HkvzG2iwXZZbA69r2J8ISkOcUdnk21IwRs1YO9HAFOq4zQuvzJyepoo1Lw+d0OZXS9v4T2p0MevOYKlXKQbNFc2KkuSvTnvqGeyZFkJYllVOc5pRfZojHDsaDg3eg0V5ePr5HkI+4tPDafZyPDy9sHkKfayPF2exceR0eoZwJd11wH3g5Vu8MD3hklqDLLSzKaIFDtmef5fq0vzXB2+IvQrqC6bsVSzbk3ZrUne6nI7Un5+kiiTib8mzOtQmkvQec6xnydfjxbTONbsemmOrt4PVMHP6XOrR7fwvtzolqjj0bEYDRYZ7et0zxdvutZ4S33hXj9HqA87Z30cvVrCouEgTaxJocZQGEiBIE1IjIkAwiNgSCEmIDaxGgY6IyAE5GmLByRRzOt5NfEIY50dlYRtpNmvJai259C7tvG6afFpwYrK9Zro6VCcmddhDXnivrfNegzScRBUehzdhm6OC0uxaM5L3nhvqS6LO+JwuhfGKiyknZTaSalUkwSmECcaUk4BA5RkAAAhQlEY0AMcoskDEDGCG4tG4tWkDaaDi1aiE1CRVdzVXS+e+5+by8yqvSvVdOEs1VaLJ66Lw11bIr2Z6j5TKVaPZl0L1nK6TzSuorRRqqXf6bw/r081n9L51YRcDVSnE59quzk+08b6I+ruFpmp01lddlMls6rLbCLHKMgcUTIBYRS2KATUGk3CQ4usVVtY1VYE6ZFqUTS6rRxkEkADYgiSIugTG4qJodRlEjNj3ZTL8s9t41ZdTKlvz6Nhmt2xsLtl8tV9c0fD9FwI+cShfRODO7dXrjgYe1xks14L6q0mRfZ87D6VPKZ+jiMrnWehnyuocrrcrpn1vVythfU4xRltxGu/n67b4kYsspaTEU5QCwiExBOIwGiKEQhJxRaqKsnGRJEYuvx6Km4lTIhNwlBGcBuLBxmELawnTbSUoxTVbx68ZhyaJdeSnWatmfrGTr11mmlWS6SIl3Ow+bt85ry6WahNe/qhtk5fG9LyTkWRS9TPPpp5/0HFgeq4PUZwqdFFLscPcWb+brX6N2PN99NEqWQzas5XrybSMALZRIscSpiiTcZBOEyNlcxtOFCUKrjKsnTfEjKi9Umod2eyy6dbLHUi11zJpoTQRZEsqnArvptScSK0fOvSfObq+Cgmvr4+iX2ZLii6GCO5XxsK+g4EMMiSjbmlFpGcLTu7M1Enb5ctx5Knqcol3eFdXU43YgczqczcV5ujy1iiJs0czUnu/VeO9YbEhVmvxpboz2FMq7DS6bYm4qrVFjnVMnOuwjZBk4kRwlErbgSdZFN+NrpUIlzpLNbgjRXKsnZRcWwlEUozIMkKM0VElZJLLL86891N9vLtMK9GmzTFnV5c0v43V6J5Tf6JnE4nsfMLxYuJmmDKkB6nphGLOBRwQSLC3q2gYsoS78gWZWCwsBPY+wA6FgLDngmgCM9oVZIBRAtuBUwklaAkFTQBACpgSmC5qQS4CWCCrgEtkBXaEX0hRYA4gTQVXIIXJCvl0QlruC3oRCXb6AGdyCFADL5wF8xAK/8QALxAAAgIBAwMDBAMBAAMAAwAAAAECAxEEEiEFEDETIDAiMkBBFCNQMyRCYAYVNP/aAAgBAQABBQL/AOHZL5se1/8AxEiXxY9z7v8A+IkS+PHwP/Du1lNRZ1muI+tyyutZKtVXaqp5/wACRLz+E/8AAlKMVqurVVmo6lfabsjfdSaKtXdW6usWRKOq02FdsZr8yXh/6GSdqiazqzgX6+65e/HHbSaudE9LerY/lz8fOvavym8LV6+FBPq8279bbd2fux2T4I4EsvQzsqnTdBxVsGLn8mfj8N/lM6lq1RXbN2S9zXZdn2a4Iv6neVKy+d8fSdWsvpdfWLDR6uGpj+NPx2x78fE/yrHth1K/1r/axeZeEY5a2jeTIhrkp4lqdUpm9mRPD0uqdWop1lNqWH+LPx+A+7/HyWXQqV3VDUdSvmn74LLkV/cvumv6xFcTGZNEniPbHdSK9bdUaTrBVbC2P4U/8r9X6w/i22S1mpM89/2+8OG/NZn6pP6WVrM7ZqMa3iBLn2ZM9s9tFrJ6V6PVQ1MPwZ/iP8Lg9as3Jll8a4ynZqSfp006nXymvavPkfsT4j5lLtU8EpZe7iLNrGRRg4OPbptRKmWh1Sur/An+I/wZS2qO6+TopL7q9KS6grLJ9Tk3fdO6XuRFkvdj2JFcSWWShgipmy1noTxsx7tHc6rNNcrofPZ+I/wdRdGI7rbDVTuiSlKXxfsffAomxnpZJwwKGSNTKdI5Feiw9Wtk8lU8OOp2lspslMz7uk6txcHlfNP8R/gau5U16eh2TvsSlr7fUvl7kIx7oxyVUORHRi0e4WjSLNGsx0JXpUpKhZnFQjrVumxPBCzBOW5v31T2WdPv3R+af+Jqf79VGKS6lbsnYsL2wJEGPx3wQr3Gm0rNPpcJVojA2jhk2owhIvjk18UiUH3SybGbH2z7elT+qPK+Wz8R/PPiOje/UTnsWp1ClqbJbp+2PAzAn3SKNO5Gn0hTTtERF3wbe0kautMui2TjhmRSZljyjJx7IycX07V6jGn1Mbvls/Efz6x4q6dPZPql6qqcs917aWmWVrDXZGl07nKinZGAhC980XVmop+q2CxKJtFAxCI3EePd0zU/xrLZw9WqW6Pxz/Efz6nmVf039V1Hq21Q3E/u92cCt4ZgojmekqUYsi+ciF75Fhq0T5JZMSY4tdl785WnscbKOa/jn/h3P+zWP0CT3zUuH8CMCiaKr6q+EIyRMmey7Lsyw1US3zli3Idial8MfPTs/wAf47PxH8rMmrlst6hqHc8YVdW8lxL2owJEYldOSitRI9twuSIhdl7bUassfMpGTdgckyWPg6PRG29fSvjs/wAJ8HU7Vbdcs22ra9LHbTb9/tQkRKolUBCZv7QEIXZe2XJqasmoq5ccSMol8DR0u309TF8L47Pmf4mvt2Uyo2U6fE79Y4+rH1bVODg/YhERcOsqlxnjcZ5RX2j7F7ZLJfRkv06RKKJxwNr3pdofd0+z1NOvjs/wuoW7tRq+oSnGEZWSv00qV0zb6evSWo9i7R7VIhE/T8xIEeOykbh2E79pLWpENVkjcKaY+zWS6nctVpmSJxw/bgxxjt0iyPpi+KzuvzrHtrjVLVWvpVddNMWrNc5ejpcRWtedR7EIRE05BcY4ksCKe24lbgnq4pXa7l6yTHfuNOnmqvJFYIyM97qty6hpXFvkxjulkW2tRy3o+n2WuNWlhDqHT4Th0efp6oXxT/wdfLGn6ZHZXd9UXDbdP/yKPUfp2cy9n6EIpZXPhPiwgQeB2I1Wt2lutkyVrZlshDJCooRU2biDF7L6VOOuo9K2yL7p4K63ZLp/T41x1Ctsb0c0USdVusp9DW1S3R+Kf+D1WX0adba75YhdU65Rk65ZVY/PsXhC7RZGwhYTkReD1eL72WvLxkUCMSuOSjTyIUSPsFJSIEGLvg6npVZF1fROOGUQ32aLQRpVksOrGHHJ1GGyWuh6ug6TqfUh8U/8G/8As1SLfqdtSnVH+u/q6jva9sXwkQRgwRZGROZvHJ5s5HFtxrwWcGSGp9NV9VsiQ6hqkodVgyXo3FfqRIMh7NQsx1Edk9XDkrliWl6h/VLNsqGoRXK6nH6NudB06fpa5ePhn+I/kbwtM9+pn9JVFykarSbzVKSlOWfbHxEUkb0eoj1CuwcskRQyKh49HaSLfPbSWqqzS6v+VB6SucY9PgnChxI18pexnU6y/wC1ieHVe81aqrbp82OvhdRjmrS86avSt6+Pj4Z/4F//AD0sPTHHe8cYGdUocifEvZEybjPZMUsEZlf1S01GU6UldXxqYtEkRXMkRWZdNr9KqHK7r266Oa7oEvOCKMuL0WuaNPqsk/7K9PHaVU7bPin/AIGMmznGO+Mmqh/VesWkvdj2JmieZaNLEkSrNVRFw1On2iqeVXAqSiaeRCRHuvbfzCxfXqY7ZwjlQi4yel9Unpp0uq2Sehs31Y+uPM/in/jXLdDWpxvP2013wY7Mx30ksT0HMBlsMrXVSRJvKbK5M08pMqiR7IXd9p+NbHbZqEmaV4np1WyiiHqWaeMoamj07emx20/uH/f4WS/Ef4fXIKOpIffrue6QzPapKUraYxP3pV9egf09sFtSmtV0/l0uLqr5qISExMQu7GSNdWaiJS9lmm9OdVCw/wBT0u+yOIRFB+p8LJf4cuD1Eb4k7YI6091wvu1fMe1bJ9mIT+l+em15lpfK8d5Isqix0o29lIhIixP2Ptq19OpgUcT0enXZeJiRbZGBHlfFL/EcUz0YCrij/wDIIfTXg/8Ab71JYKqo2USW1+TwPkURjOmfZpfPsaJI2koEq2bSJFkRMyZ73LMdTEnHEum37oNkfDLJqEdTqf5Wup4r+KX+P1Wr1NN4a86SlWrX1ejdoa5Y1GldqlB1yF2l26fI0kfc+7Q4mBEWL2zXGtWDZuNDptpGODwNnWNbl6DnWR8fCyX+PZHdDXVenqTp1q29X5t6LGMpW1OmWurrtqxhiH20C+vTfau2TPZ98GCUTAvdLxq4ZIQ50sjI2dU6gq4ylufRNPusXxMl/jyeF1Z/+SVzcJX3+saOz0bdPbDUVdQ0q2T4Yh9umxzLT+B90ZMme7Q4G33zryeikfy/QvjrFJdR104wlJylBfV06pQo+JkvxdHqFdX+DLx1KH/lY5UMra86HTTmaaFtFln9lWtr2XdmfvpvBTLiPPfgyiTF2i/Zj3smaulvU0VYXWOGihZuoWKfiZL8XSaydc9Ld61f4PU6v/Mori9ZOqNWo1ij/I6RXihIlE6vHbb3/emsUTT6nmu76d5qOo10k+tPNPVN7pe+ODHZP45jrUpKOF1tfWdG0/rXrhfEyX4jKralR0TUZ/C62mrdO8azq8HEcpXW6OHp6c/fXKs1+xcEJ4NJqy65utaTdOWhhI03Toxda2rPZi+OZDy0ddiUw9SzQaWOnq+NkvxGbMLRW+nbTPfX+B15P01xbrNRv0mj+jVRacO2vhvo1Ffpz75FLBGzmnWuMa7svTszgTMmTcZIv4WTZDydajmHSNBtF8jH5/Egz/26Pdvq/A6tDfp3JRnTbvs1milGOm12opjDql8zSWXWuyOYdRp5fD9sUxSaOnTlIiuEjBIlLBXLIpcp597Y2TK+3UF9OladPySH+Lkxx0q91XQluj81l9dZ1HqFcqpZ3afTquqMlfF6V0zonDvrKt612mdcvboqvUjdo9p09+kfzIJPXQP58T+bWX6mvENet1V6mqJe9skyTyR8I1kd1fT041fJIf4uzl5RGTjLpV/qU/NOmEz+JUdZ0WV0fUw9OM46e2ucbI7Y98Gq0sba9TS6LezF50epVUbdWpKcz1T15HryPWkU6e6+UOlOJDTyrKJYIvK9jJSLLCl75Y7W+NP4+SX4s5qKi2jc85Oi37LVyvnaUjX9K3Sqr1NVlUbUU27vb1TSLUVTi4S75NxuMldU7HpemORT0+uCppUE4kom3BBme7Jvi6zCndulo4bY9plfj5GP8OcsLUp2Enue7jPFE9tuknvpf4OO2F7utaPl989oVSkVaU0lUcVxwcIyNjGR9jLp8ai3c9JRlwWF2kVePkY/wpPCst3OEcmNo5ZbeWdDu3Qf5NsVOHUdN6FwyMeaa4m1JVJFPArEbxXJvPdGO99iirbXN1180xwIz2kVfLL8PU35Iop+1eFgocIk8OfR7Nt65/K6xp/WpawyJXM9Rn8jafzCjUtkZORXDmK9m4ciyeDUWuUqqyESHAu8in5Zfhaq3CIkBSTJbSWMLGNA8aivmH5LOs6P0p9lI3M5IrL00CpMrEvbZPBdqNzoqIwFEXsZX93yS/B1FmyG/c0VrJWvqpqjJ2RUZURjKdyip1y2WdPtVtH5V1Uba+o6SWmt7JkFkqrNPXxBCMj7Nlthfbk01fMYkIGOy7s/9/kl2XzSeFqbd8o9qV9MOJRyQScroxiVxjJI6JqOfy9Vp43w1umlp7e1ZWyizBGxCZk3DkTmaq8qTk9PAhEwYJexn7Xj43+Bq7cREhcuuP0ye0hbxKn+uir1Cf0y8HT57NRXzD8vr0PoEVmSqwjZghaepk9Qlbg1OpIrfKitlUSK7MkY7skV+PjY/mslsjdPdKPLZTHmC41q2wsgomWzmJGvMIQ3yr/ru0c99P5fWY503aDE+E8EZkLcCvJagu1GSPJpYxZXXxCIu79siNuxp5XxS+fW2j8wR5NLA8Gs5q/QoblyOMqzk6Nq8NPP5fUIbtNLhiEzIpHqHq4HZkXJRSaevBUR9jH7JE1koucSNsZfFL5tRZshZPdJckSKNPEwar7HzE3PCqntW6Q2yibrs0VnqUfkuShHqXVUSeX2ybjJntXDJTpimraVxIoXbPbPfPZki2HN+mbS192nnptfC1KyL98vm1luX5Io/cFzQM1b+heP0Kc2vqrEZ56JqFs/HttrrWp6vCBrOo3X/CjT/dp48KJHgQ2bjcSkLs+7JE45ho9uzV6SF0dstHfCzcU3e6Q/k1M9sLJ5lE8EPNaKSaNfxBeCKyL6JWWOb3ZRpLXXbpblZV+JJpLX9WUC6+d0s9l8NcsPp96aXj95HLvjsh9mMZ+tHZH1WjrNf0aaX08FcpIjPd7JfLrZ9oDKlxX5qJeOo/avAm0PJGf0UuKJYbjjHRdRiUfw7Zxrj1PqLueflRprnXLS6pTjuHIyLkS9zH2RS0tSdWWa6lhIhI3vdG9xI2Rl2n8l0tsJyzJeXw8bo18JcOjlSOo/YvHZyyqmlKbTm0u3SoL1Y/b+Dq9fVp1r9dPUy+dFFrrdesI3biHKSF7H3fZFU1K9eOoy3TrEIZFqRhorukOSfya60ZB8yjk0suXDBM0jyp+Nb9q8dk8Ly7FBLBg0P0TolmHz6jV1ULW9WlYTm5P8BEUVLmp4ITIyF3fsZgn9ujf9109lcpb3AZEjgUEhIlAw0b2hTT+G6WyFs90xRIM27XTJWRvrwtHLDfK16+leOyH5UMxisiTZRI6Zbuj8t+rqpNX1eUiyyU38i7YyNd0QIIqK39UOyfufa77NDJuWttyMiY4SIReUNDyKbJTQ/EbGiNpuRn2667svKiKJUspJ12f9IV5hcvt18foXj2RTkLh8xKs56fbtsi8r4r9VVSazrDmW2ym/mQu2029kQKyHisTwbxMT7Psh9tanKvTTcabJYK+RIXZNI9RZUsnGGOKZtMI2o24EmbjcZLpbIWz3SK1zGJGOVGODGVVLY7Ybih/TrFxOLg+7I5Gmm8sq5VT2z0dm6v4L9VXQtX1acydkpv8AAXZCHEa7RZXMVhG5EbclcskRdpeERH21qlIztX3OtduESkhNCimbMHCMZHwLJyZkb2KzA55E0+2qhOcZQlEiiKSEyDHMjIkyu3il86tZh1bRctNd0J4cm5EHxDwdNvw4vj22TjXHXdVZOcrG0YMdn8C96ER7SRtNoonJGJXwVSwQmQkZGfuLJMstLbDOSEBdnFSI1RNsURH5wYNuTZ2wbjePkXeUFJX6bBBMa4qj9NqacJPG/iTaKNXizPqVSipK7Q1WLqOjdDF2yRIdq57JaK1WQ9ms1sKI6jU2XyePc/wYyINGCS7LtkixTKrCp57NjnhvUKKnqckryH1EKxdlgSRgx25XdmBoSHHlRMc9m2QnzHDLKlIdZHgeGoxHUTgalbJ9Ou30dtdT6tWorddnesgYMHSp4l2uthUtZ1RslKUnLPbI2+zXfBj4mvZkTITFah8jyZkb5I9RnqTFbMqnZnT24T1Kw78llo7BshBuVVOCK4FHI6kiKwIzE4Jd9vbA2LkSJbjkQ0Y5SP1wy6HFVvMWZTHHJ1Go6de659msrrdO2fZFZAx20UttkXxrdfGk1GondIbM9sHPZIZnvtGjabTHfAjBsJL3RkJiYiMSOEkbjfwrD1MDnzBORCrLrgkRXZ18Lg3qQu20wMccmGja8DRgwZHI5MSHki2byEkzamOPF8XCyqXAjULMZ/RZ361H+rsiBWfplcsS1PUJbHubztPIjaY7ZGJswY9jyc+1YJYRGQuT08kqxxMMwIiIcsCmRmjehzPUE2zkhW269Plxq2m0wTngW6T5xgSRwJob7YMYOOzXbHbaOJt7IwYEjkjI1FSshXmMo9p+NfDbPv1Rf0S+4RWQ7MkzCJyGRXbkUcm3AsEjBj2ZH2wY7bRRRKA1ghPBGxnk28uB6Z6R6Q62hwNhtYos2sVTZXTzGoVZFYHZBKzVIjfKRjcV9uO20SH2289svGe365Ipj747YZyRGhmpjzRLK7dUr+heO3UP+Fn3ESJHwiT74GVwyOOBi7ZJMWTaxrtgawPul2RgwbMk47Soaym3EheepFkHFkcGzJ6PLqQ6yMCNRtFEwTt2jm2NZca0itR7QGzk5F3TYs9347oyMYu2RYxlGORlkcxhw14NXHdVD7e2v/4z+8iRIjG+2MDERfDYyPJgUUSikIwxxbNgoDgemiS7pke+CyGTa4uBKvcSqaIpi4KyBxj0lI9BDUYnqRHbEd560jmRs3EakhKKE4mURmbjcORuM5IjZuYnI5JTkKTG2LI5NEWzkZyZP3nghwZ7NZW3mJgtj9Ojlvo7a7/jZ/0IkELukYyPCP3FDEsiibMiikTwVsYyaF2/Uuz4EJEUbMEe00QiRRZVlOtowxJkdyI7yDaMsccm1IZlZjOKN2WkxxZGJgwRwcHAkYEJn6TMmTKG0bzchyR6hvIyN45ohgmhIUsdn4UubHhu1ELSb+nok80dtV/y1H/VMiQRnJ+o8mMHlzwQ5lteH5iJcqLw48+kYw48ksEjLOWbWyUB4GRYpCM8Ph54bYmQMZJ14NptQ8CybmQl2aybEekjYhLAmbWxLacbRGTKIyHysMTZnJ++zXCRhZcRowOOSP0tvJtIIkjIuRlstsYywWLcramOUq5U27o9Cue/tqFmvVL+5ETwodoE1lftx+nT+c/TOJCRGeBTk1hkmfuPabG8iyYZZA2Gwwsfa48iwbEbR47QYu0oZFUOpZ2owKSR6qHYhWod5vyZbNjPqykOIon62m02iyIaEhi7PtgY1k2n6IpmCESaP3AZfNsr4N39dtjTunuNO+emW+ndF5gW8x1623kWSf01S5IcE+e0uFRyY+m6RW+VIpZYnhJlnBVyRSLkjgUuXIfjaxIUCxIg8EUjgksko4ORNkFIw8uLFFjiekbCFZ6aPSQqln0kemkYMd0I474MGPZ4FIbQ2jcZQu0yLFIUiD4mzPNaWLeFMjyRX0WxNTE3OJRxPRy3Ukjq8cXIQzwVTyQ5bg9rjzM0rSMtqxD4dMliqRu+llhCSQnxLk2I2rO1GES47YHA24IYwsER/azwJvPk/SMNvaYP1FcqJtQhYGM4JeN0kKzJuMvOXhyIs3My88iUmbXjaxqRyLklnOWRWVMiclR4VkitkC1uU58EWsx+y4uLfCOiWZrGdbj/AGds8si8FEitrbasu7g0qLfDTZZAplh05aghowjb9cUSNuT0xQPB5GhRGhxK0YIvBuMIk0ZwRtjn1EKS7bzcZeFuzmQ2xJs2szg8mBcHAoowQjzPgxkwRMdojMkzDEicWbXmMSxYG+IvJBD+29FUWJ7YqfM25Srjyvtlhl9DxcsJeOj27bu3XIcdl5eO1U9squY2KKje8vSmPplw5E/ploriHKZYj/2iYRtHEm8OMljPLZmQ3IwxPBGZjtFZJVocBJIjtYkfox3yYy+ENcbckY9sdkJolI3G8U+ybQ2ZOTLT8r6htosseIzyRzicyTIS5qZZ4f1FcXnUvbCvlS4K2bjVblGjV4LVXdD9aSWy7Ty31nV47qX5I+WuzNJflNLbqjSEOVeknIuNF99K4wWR4mlmMsErOYzHJsa5x2fAjwSyzaRgJG0ikOKY1gYuCI+zUjDRjI0IxltCRHgwk+DcsqQ8EiLPJwLtIiN9ovlsZPxBc/qcubZkJ86WeS/lQyQyaqe+VK+mxorkipZlqo5hLifqSiv1Hz0mzfQayG6m+O2wj5fhDjxB7ZUy3LVQwaf7q1xfBEiZp57Z0zcltkyyL2yhgwTgiODBZGRGMspIe0iiSwZJctcKPgSMDQ4kYiMm5G83G4lI5Mzz+l3/AFtMo4ZsRhCwcEWjJJkWZRkUkbojwTwRwiMky7bm6dZVsKduJ5ZBEpbYwzKb+mtrLhFIqLDXxxa39K5WcHRb3GwtWYa5YvIeX4/afE1h6CZqYNwo4sr+20eEXkX9Wja27uJFo8j4UWVzFyWIUTaZwSw0ZRw0jk5GJGGJCFjCwfSzgyhsTNzFaOw38ZIyOTDFWyKGIwJDMCiOHMYnppnp4MPF2SGRJom551aKPug/Tqrvk3GbNRPhTwb5YKytlnnqL/ufj9YNPb6dmls9SqXK6rxqCPl+P2iXJTN12ffVt22af7dRNRJPJZH6XxLQvIlwWcjjzauIxIYI+J4PL24JxRwjejgzHHqLO7JGwm2KbN7MtnJBNrYz0xQRgZ4G2M/UWZicGTcKbMvsueylg3GSLJCEPtPxGPP/AKyyjUMp++6eK6cZwsX8umCzZy0sNeKS2SRb07+Q9XpZ0C8ZF56NdmNjxDXy36gj936msOPhjNDdlXrE42cSWU1gnnE+JaCX0wf0yeCXI0yUWIi1iLHyv28jyyEMjrwPgUdy9MXnjc8Y/eCI8Cbzhj5URtGcPcbu2XjnG5meVI8kRp9ovtgSYkxLsu7RNEPP6tNTnOma33y5o8ynh4Tb+k3mSPmuRdnOjX9WppU4LwNnR57b9dPbpZvMj91cxujyiXgpnsnZLdHTQyTikrGWMl56cyGMOUSW0lLBOfDkQyKMsKHGMNz4jLtPOG8kI8bThOW03Jm9IVhuGLOcZMbXEl5GskuGiKIjSHFCwRwbkk7DcJmeyyNyNzNzItnJlibLc4rby39N241MjTP+yx5tg9sYvImNn72cb/qqWR+dK2ozkz9GDTWenb1K/wD8TvRIu8ifD7Uy4omJ5V8ME2SOnv6q/Eo9rVwluTghcC5jz2+khgeD/wBXFkM48GOXHIkbTAkYIRRwiaTUGhrJtZtJxFFkfPA8dkRwMSNpFI4ExMybkZ5ixy53GVj7j7JcSWpk4l83J0cTxmUpMi+D9yeZeFFJuPCZo19Moi8doPEtTf6sX57UPm9cLs32X0ypZCWFZyWkmaJ/XVLjyWLBPlQiieMvxT4kuUbXnYyOEnPBORDlMYu6RhdkzJW0S+k9UeWbJ52TPRsx6Fh/FtYtJYfwrcrQ2C0Nh/BtIaGaP4bP4R/BYtCfw4n8WB/FgLSwFRA9CB6ED0YHpQQ6oMVMESprZboKJj6TAvpnQafntJ4EKPMir7pP6d2HommmLt4G8kfD7Mp4lOO6p/S/IyHm1FUykteFcM0f/WuRFlpLJntgrJ5MyOcNMhAsik8R2/avVHyLy4yxCuxi01za0dxDp8xdMZHpiFoK0fw62LR1IVEImyJtXbHbHvz8uRjXbrWp3yitqUhyUnnjOyMc2Ous4QopvR4TYvB5EhLifD7Lzp3mOpWJp4M5P2vqiuJ12DWVdwM0zxZp/GCXieDa8YfaM8G7JJvcq5M9Gwhpr2Lp1kj/APW8LpkBdPpI6WmJGitHpoUDHtbF7MmTP42OzRr5+np3L6uWSfFcWIktxXBLt+48Gmmk53ZF48ngXmHixC76WRqocd6WXL6qpCsLR+avu0y+mBZhDcR5Y4WMho75FfTWyvQ1xFpq04wijC9uDHw4/PZ1y3FUUSlhQ5K1HFzUSMsiksLsvFX1OKwIz2iQRb7NO8Skt1dsdshkfMlurg8NMmxkPOhpsshDSTLNDuK9DXEVcEYXvz+Bns/yd5nt1ue67fgT3ypqWJy2Dk5tcEee0fKRHiW4XeCILMb48CGiLw9LPdHWw9lUixbZRkSeRlP39Gt3VxH3ZkX+hb5hMc/p19sZXSe4qWDc0m+Yo4INdlwR5Uom7hLuvFK4tjlS4cR9tJZiU4qyu6vZIYmSW6KMiqyLh9Es/tiMaMezPbP4D7SExmTPdfiWoRrJ+np7JOU64kMYnI5Ip4WCuBtblGo3JDzJWtxl+hCKC3lWeSHKnHBW9stLapw1tY4sfZMxzTVFRuGdJljUVvh9mP4cmfjz2kRYzIu8X+JPt1y3EIIRJlMHIVJsWFDmEMG7B9xtEzqMMeyJR4kXLtGWDypLBRY4ShJXQvq2koIlHvpZ/TcM6b//AEVeOzJG7ncJ+/PzY7YF3j8D+Bexj4Op2erqIpDWF5dT2krOK65TK4KCkxLLS7LBrnH0F4iiRApXDRqFw+0GT5Xg0t2x7o2V3QW5kl20ssSsH56f/wB6J8ZEyRMkRF8a+KSylnsu6E+y9i+BmRD7M6ld6NGcyzgcnJxiVx3FdMUOSRuIm7BGWSUkjUa5Vl2olYokVxIh5ofGSzksjhkSMcq2IjSXcXVKasrce0iEsPOVLzoX/bpZ575JEiPZsXZe9fA+8he2Ps47L4H2iPtKWF1S/wBW7aSZSVwlIxtFPBObzCYpE7CWpjXG/VTm85H4ijPEiHmjDiolsC6BjtTMlBNWQw4S2uq5NW4krFhjK5cM0n/TSS5T7tEiPncNifZe1fA+zMiJci9seyH3XvRLsjI/HU7nXTnL3Ci5OmGCNu035a5dhuacrsKV0pCi2WcSJeOzIlPEVZy/qjbBlnDFw6LE1dHJJEPMfFgxkXgyad4s07+qHKGx+GRXZkWJ/Gvg4JeU8+xPsn7F8D9kvt6xqd13MirSSxlRlO4WSnk8KViiTlvfozZXp2eng1ccSJfb2ZHh1xzVhldjiZjKOphz2rI+Jx4ksOmZZHJLPfJRL+yl4dMvp3HkYyIzJj2ZM+1D+FkiMvavGRMfZfA++TWS26d1KU066o3Xuwy81VjRCSiSucirTSmLTRR6SNhKJ1Bdn4Xdmhl/W61IlThuBb9r8kXh1zJssRF4ecqfsr4nW8qj7F2kTKybGRkJmSQvZnvIXsY+yGho2mBiGRMER9o9mzJnuhmO/VXjSqbJzbM5IxIvBKeSnS7yrTxglHHdk0dSj9A/H//EABgRAQADAQAAAAAAAAAAAAAAAAEgQHCw/9oACAEDAQE/AeB6aQXif//EAB0RAQABBAMBAAAAAAAAAAAAABEAAVBwgCAwYKD/2gAIAQIBAT8B8AWs4EMAGjzaiENzDAR20+Gelu//xAAwEAABAwIGAgICAgICAgMAAAABABEhAhASIDAxQFADIjJBUWETYCNxBDNCgWKAkf/aAAgBAQAGPwL/AOm3tUF60uv+sKaWXr5JTf1RyWTeP2KZ2H6T1OckOFFZX+SlfgqD/UMPjXtVpiXpQ/pk7r1oC9jGqyHjXtUxUVj+kn8p6jwAad1NbBf4/KSorf8A2vcL1M/0UlH8ab5nOyagYRkFQgINVKj+gv5Cv8FJP7Ro2130vWtCnzhPQX72Vg8AxVLH/wAiqFg8YAH6U6+EI6cbJ6d+5k2cqfTxLcUrBSY48jO9JQc+3b+xalTSE9J/9J69vwvWkYU9R4/q62Kl84lAjtfYr/EGp/KeryFexJ4O2dhbdMA5T1nQwFP2ZP2v5fKhRsFHxHBBZbJlteESUTkc6AKHZin6FjSN1+9fbR/S21R7dkSqyyLqqsp9XZDgb6EQo9gF+Kvx2EKqlEfZ0Z4+6+Wh7/Eqny+E79gAqkw+lKjTCHMp/CpPXssaNTas68ZJpW2iGVOLr3KYfFMj+uftpe30mHXiilCgWc/aLcsxqh+vYblfyVfJYvIQAvQuFhpchMepD9c31Sv4wITBA1JmVTc0pjo/dsL9aSq2RqqmpeqpxqkhVcPdbplCD1Z3CY5f2oCFXkilYThKPk/4zf6WE9aV/tEKpvpf6WEfXBanWMZokrH5N1h8cUp1hP2qfIPiUD1lNI+1Tb+U/aIp2qVfElQvivipGg/2iLgFApripCr7CwHcdYKfwmWFYSmq2QNP3wpvAUBPV4iybyUEJ/FUxUyM8pxYFCkhfpB7kfpN++sqqTo1lSoTeX64G2bEaXTYWCmkL1cJnzvkCAG63ixTIkfRQ6ohHLjaNYaDBTvpnK16qVV2NSOqMmyhTaBqEKLbQnDBRkPYkKoXnSCGSL7aji8hQmZMLnsnFgqWzsSoL2CGSQnoTVDVezoVU73epMLO/YfIKJTsbBUcGdf22WKnZM2Sex2XxQKmwFo+XOcJshJQppMIDsj+bymCxUn/ANLFQmqzNy/4/GVT2ZBVQFmeUEQsQHr+FiG6bnmjxmUSftYz2hs4TlYxsgRKJojmmkqE1KerdB0G6EPvwzdkSzqKSBYjmPYWpCp6EH6QPDwkJgEFi1JK9aEzMn4QtiOw6JsPssD8KmoIFUeWlUqkXxNnYr0lP5JXqE/DdClBujBQPBpIVJ+0KTT7KnGECLkaDLfihfyeQdHKhYeCVSVG/wBIVDdMAagF/wBRT+QMLtoDiAqlulH4Ua/vUEaPHKlU+aiSgsVAen8L4scmIbZ3UrdRbdb65CY9GyZBNr+wUUBY/GNkfF5inoqekp6U7TkIRpq0Yv8AYCd+x9jZ7MeCxWPwFih/JS4WLxQPwvYMcrgewTHQgL3Xx1GHUOyZrUlUnlfy0Z5W2rCfqBaLYTyjSV/8csZW0WHT4acvuEWEJuXip3Cb7zRd9BqVPTME5vNotShy/wCSjY8DCE/TzkkpgvdeuyBQ5ZpqCMeuswTnrZXqVNsHMIqTHUYJ+nbNssbqSsINqWQ5gOm1Knp3T5oKZ7YnsFT00KVtqSnHKbMbumBTusSwHmVI8hiFB5LnMU98a/KZAhA8p6iwRo8PJBxMFi8NcrD5XtvzDkwg2m2E8h66k3iDpjA5UpqSi4lN/wCKCY8s5XKawKBHFc7I0eGSnrOq3AqpabCpDiRoHKzI4gothJ4mKossPjLU8DfXY0zYBDJ7KNYo6ByyouDw93K3anoMNQkWbNCarVYZMJynN673BQ4HtUjT44pTv0JFYlEonRnTORxlOZ3yNre9QdEeLZOS/RGVVjEhYRoyFso0cOkdF9X2qTeIMnqL9IcJlT8k51NtB9BxYpjl9VNwho+1SbxeoT1F+mfxm07X3yb33W99lstr+q9hoMb46ApGSE5TXbO9ZZYfD/8Aqeo9PGtut1vnleqnOxtK+IUCNAHNu5T1GPx/QJ1SEQdBrvWUafEnqLnoftbFQF7cPfVlQmOR031kxaTUSU9R6HZbL61d8++jBW+eFNyo1cHjU9XtzoTHI+Q6EZY6SckleqnmvkfIUczc+b759rtbe0jlRnKFyj2EKLydeApHEpuUeo3W6+S3tJybau2lHAY3KPEi2154G+nvz3WyhbrdYblVaj3hTwJyxobX2tF550qL7qlA2KOlClMONsts+/XUlU9NtaOBHD30pzsTpSotK9btaeJHFlQtuLKfJKcI2a75ps/Bm0XnLN54ccwkJqlFggdHCbRzo6Kc7KchRCi4sURnGjveVvaLz2UXOTbIb4bFVZ2T3m0Z50N+rhbLbJN5ytkBCFViBnfLHHjPvn2vHHFo0MYqZH7GTASiVUdDCU/PjowLNokEZajpDXk5ptv1jp8j5dsgVI/OlN30JvHDe23KlQoU3FIyydEOqRxoywp4D2i3xK+K+JXxXxXxW15vut8uy2Wy2Wy2CgKaQviiaSi9MIk5ZtHUbqbbKAV8V8VspXzXtVaQtlAW3N/ioyMMu3DjWZitiopK2Xsy+SklbL4BfALZbdNUftEmTd7b2i8r103yvpQFFJWzL3qX2V8V8AoHX4VNp6CVNSmVAW3asPrLPDdsjZsPcuVV0D2buSUdBgF7KLHVfN+bjuRQM8KcuLhtcIdx+hmna85Dxh3B/KfLKa05GpkoudZlHf4XjU3j+nlObRli8KdedIIdthGwUBYvJATUpqVOT1U6k64Q7Woo1VF1AX6s92oT1rbTbghU9qczAJ6jpf/EACgQAAMAAgICAwEAAwACAwAAAAABESExEEEgUTBhcYFAkaGx4cHR8P/aAAgBAQABPyFa8VxPjQ+F/iwXwz4H4zzvkeBEGvOE5TmiYFohOGhf4C8L8WBL44LxfjOIQnjPDQSkHozSDXhOC4hBIQREaHROHxOUXxnE+BcTleUEfnEH875Q1xCeU5TAmTfE4aIYJxPM/wA40OvCczifKiC4pfKTL0K9r0mby/SG8IFqS19mXH0ZPTrXo3ykvhhP8LTgg0QnDXM4bwUXjBMHXhfhXwr4XpNF7Lv80u1d+B0o37EP6PweRRkz6KJz9ZEVF7QsSbC2U/Of4kHxbD4fD4e+GZI+EQSYkNEHoQxeE8V8iHwj8RCFrbevY6aFfZIYC5yNkJysC3cLGnDMD9B5Xfivh7+L+CLyMfDIPho0hEvEJyvLWDQfD+WEF4rlAWk19DDCjFNX0P18tcJEXFKbI6jyI2z12kwVdMwGQNsj+jLVj8Fy/wDCHzCcwaL0LlH6j88NBD8p/gowX0SDfQ22N+xMZOVvieDI0xsjdUEDRJH6Hp6Qy1fsxrztpmWn+4QkX7iOpna465f+HPfwkJxSD4YuNBeC/wARFw0h2RgfvKJngmHFk4KJNpkXqpwtkTPoha6nRFhPQ3vIlbM4hCXsH0j2TGyMmv0ng/kviPfLnEITxSgxrHCCXGp0Lhi475nlsXixtZtEqV+lU19oQ+ER+mZPO/BLA8PkGxDIQnEWh03MdIV/ozYMULhfYjRWPTJ1J6Ep/wBBEt0+vjnihcacYIQSH4TicvQkNcvT8GLhebXM8W4zaIzv7QinauZ0ITazwKeSnZSEYSQnsmeBuFmWKl/TM/OD0IQAUw9lrY9b5zRclfQs7M33uhNYvZDJ5XwnDFzqNeUJzB8LlkojQWvKfG2iyxpcSQVPA7N/ggrQ69jNP/5DHWf3G3++VKHnFg3WaHA274UrbNiPUijO7oZWFdISompwMvZCGtiewieHmnivHQaJwh/I0QhoLmfKpjYjFPQIrY9ihowQO50hOoJoYXn64vE5xZK0pvh8IQ8iFiLWUQ24FdEM7jTwFmf9I85EGEMFLw27So4jryvGvgbH+A1zo1Oub8f6O9DqRMJH7FWJ1GZ9B9+UpBEFgJ55JcLPCEC0rUK9DNEVaOh4Rr0YQnb+zYMvwm/WMT4K9IW9DCIWcLYp6BC/Fjwvi/PBD8J5QaNBa5nlPFZGkf0M6W28ISFJO4KZVwDV+uFz0MJVgYo9jLw7QfrA5JAxbAowHwUhJqv8EME4wH9ILGKHWHUDJ858HEpStTXyPxMQ/FEFxCcPwawInwPxx+CNG7sPpCJnzEff34I6MkIRZDwGMVFTHtodaCqtCyglDjMENYJQlOiqIq5FGBR5WBxOF9cBu0NI010ypkvLGJWEehot+CGXwXinjOF5Ma8dPjhOW9Aj7BbEsTgTxUtF5tMZPBqKb0X0MTG6Ma2OVkJ2TogpFyMZkKBrBuo4bapRWEhmoSdP2LPAbx9mSe0VtDROLR6+hnJ2E9i6adt8i4Uc8ex8US4fnodfM1tZZRdvPGAZsbGN0NcpjiDQkHwlFbAlGBEnry7FzZFKZrsEn9mTA8ivRCUzbJ/Y16MXBS8pugaiNoTPc+a1w/JC84RCRHXnPJcGyWkK6oXdEKky0GLfghM9Q1y2ZMYzQcCI4O445RcIWeNS5kZW0U2WSeEPqG4RBpsw/Cn2PEYtLsPCymifChmvM5YvifL0LXxtYFxj9jJfN6OpzFphq3xPBcIXBjYlqzizQ+KyHFw3guDFETUY9WqVWBscG2LBIAmcB/hENeC4RvuUSFHhczynOn+C/B18pBNOI6sDDbsc8aC0Qh+CCGYc2WKkLA0GIKcORCE5fBSbF17P9oq7FDNGxwS0U68EQWyVdAjr/CUflB8Pl6OuOviZ3joO8lx6JiuULZNRsnvZ8ZkWFBa4UY2CzoSiBOs04pRBLkuEKkIm5SWYOD9Qlbpm8MfgyizogIcaJiGr6Y3F+NBeS5XJcQnHTFxCfC8oW70SK+3ms+5IYy37BjVXpfCFCg8d4S2GwqFiVCXBC8CQxiUFK8FFtIt6pv44OBrh8u2Ot5MUa6Pey4LxfxETmCXN8mPQvlnpkJ9JcG9NFj4fQ9JaOhF5XGgkYsWRDHYNFmHXYqfBccCKEJ2ZoGYcaKbh3BkhikLGBFwtCM3eE+LqpaDZKyPwV3oeRMuNeF8G3inxviUh15wnL4+skMhO9mhyp1O7BiUuKJovF75QtiY5aG+iiGYqNxKaeBskITJHJ5IbB76kVLY6tQbRrJ8MetmfEqEswMixWnYOg2UY0QlDy4+2P0f3R+N5mALaD2LjEqaeS56NzrhfA14dC0NcMevhfK0Y/wBiUtbCzexC7VtRU6JYCqX+xq+CEgtccRKSEFYkkUlFtsW1hjhj/bKstjvWCtjVMIU3oXAz0QSGqLZhrEtCG1wh+mxHStglJTKUyXo3h0QtOEHr8YesGvOczBHwTi8zyY9C+B8Xh/sB/MFNrcELInyhlWAaV9mbv78FvggVSnRMxGcsXEIsJpYKLbEDRCF+FHFsJiPbNQzDsQuC4yQ7xgXZ6LaNiXqJiqpN7olDOIVkaFpgnO6fpsQ2B15XyonFL8M8GPXjS8vlbHx1QlLAVpD7oSHxTy2IRVAxb8EUFDDnhi9kWZ8cGpUyMxhKFZIMtBXsViKYq7En+VP+akdch979hZlC5roY1Lgn7XG5KhtK37ITTgWjobMhDy4aczXQeo+EPyePnPy0OviYhzZ6PQ6txwe9C7XYuf8AaY9raejESMQ+TEWR9nFHXBCZsemhjIYrB3WmNdhtsd7ExJV0zSqvo2QfhfAVZGvsehISEimaILEyyNhoK5IuxqyjHYIooa4lRrt6NUQYL9Ll/Mx8HXDFw9M65XwW0NtG42zYaJUIzQjF8I+wlEscSb5cZqDNfLs2SYBam8mMoq0GrcMmSgg8jUbGSYyFWUQkTk9DKVx/8i6l9jaJRHkgyWqsRN+x2RgQ17FhfCzYvgvGeb5emdC4XiuWmw0eGBJoThyGNT1CJ+xbMuU4x0yxGJERiDExCzIoh6FO4GJbEnsKUw2s5ZLG6Ri2NReBjGLcXcJaPshObLB/iFmj/RadY9bbMHZKPYkMXmzbl/M+GPTOvBi+B+H2Ihp12aH6ZGEQ0QRUcJSCRldGRD5A9CGmLLSiLXYgx9qBklBkVFSLwTwM2jmBmeyIpRXjZkli9D8yMe5WByKh9hGn9cPmeOhm/OcT49ReSGZP0vhjhnYpdhB5+gyqiWBpEMRihhvIgxISWYakFJCEh7E+HQ8oG0m8NKkmDDqeAjmnF4QiYIYRmbITZQg0bQVeORXTiqh7Zf1CHxPLQvywQaJ5IfD4bwL4Z4tAu3Av/aG1V9DVQL7RX0Ylmvrh6yzoYwlRH2hMjcaKMlBIiRfBDXBoQi8IcrCE2mPvL4y8N8dlXMFSGU0rCkVkLa0EhLoaY1kiUv2IfwPQmRjEuZ8rOhfKhr2b9CWW1SGImZj6DbYdFzHp6BsO0PDZlhpEmCNjClvjWuUUXh2gpGPC2Oaw3eLpsGKVoUhijwNwNaiQxkJWI3XS+BcPXG8whR8P4G+enyv8BTMqDrF2XBbpIesBxtXYib9J4aEJBNTixSSGhi0LhcKQhYd6NjYkN4QoxNgxL7MR0SKhGt6HvxexXb7Ei/G38344ITh8IY9Pl+DXyL7YhWsUrWjO4C/wjaP+DRU2xiavQdYT4YnZZRXB0HwgT5zg+Ko4rQhcQTg8VPoQlOK+y+B9jNqGEdCReDF5Nxb5Qxi+F+HTF4IZRonnjmiIblwtdAplhaHIZ9icHsMab6EbU8sRgOdkiCRSjGRXgxh4KCTBkx4vPFdDmStApd7jdgpRVYorRskqX49DfxQ/GcJ+MGjp/wCHgI2xjRZ0xLo8jXRRkckuiw7ChrJ4qFKNUSNcEIYW0EgiEkNos8EhmxucC5YfloauDAiwyJgSRC5yfpBI/Xx6G3gkQYvGD8bw9MUNsIQj5fy9CofscrFRLVjMixgUz2ZfDSIvAtrfZfs2hi04lMKl0g2jbFLWb0h7YQxWQx6GQoHgJtPiWuGMfhRmhYQ6QYgQ1BawS8u+HwjQ2KThcTwhc+GfDs7FhT7MooP6+G/Cwva9sX4OCzVtsSn9cbGE5IS7OhnYwayaJxpHWz7M1tvTEmNCM2xKUsThUQzETKN8PxfHIYDQHq+2IbZrlfDqbczhD4nnBIng1PROnMkj7Q/C+S8vtAYrpkzbNoxEEmOxUg0aEvC8uhD40GiVEFNzsIcyKGB7MjHirYmDfL8GPgdxPRjirHdl0Ikjvhi+DTznzMeD4S4fL0WwwklT6JzPKHxfluRH0htNJDmqm2ELJN8vgYJhF/rfHDWlByaoRsYk4nHY0qhzsllopLRM+orgwLEPoK4PzJxS4FYljGt6caL5Xn+mngQxUhopfhfD0JOi8kLBuMIQ2t8ZyvNTUBSLdjS1z2fbtEkVux/BHnH9cQyvV/fEYZ2YWGoFvHhhpog+x7yuxnEVZQmvsr5N8xQYoZbMMFQfD34aeNiH8E5pCD0LRdEM4PQpVZXM8V5M0Cx4f+EwsvRIWml9n0yYSXJ0VMH8EINGozsyL0/OIbcUkzGxu0x/Z0aBUq+2xGTQH6e2OLke8fIUvD4PYRGY9CnhK4sYXyaD+Gee+WYsoY1YZWgt20KpYY2T3xS/J1gSNFpU7DBbN+vJhb7I1I0MC5ePUhpTGhkEOFsv2U9srohLmbeL0Y4t9mCJCBfodqh8ELw04yMzHVRy29vh74KtPkpqNyub5QnkhjbGDyzDIKWgNFI5Q+xax9eCfIhxiQSS0hsJF4bIsj9EzkRYOj8R1LSEYeQqkyFoUEpbQ3GxMTKOKTbGToWp0RFw2TBuSF8L45Q7IPxfK4XDE2bMYtcVJS0UjArAHN6MzaPT/Eb5fCUcND3qZcZ6LZGFVTqCElkZGLBCyyICsZKJkRkHgYcjCxwqraEKoOMM08C+LQfCGvNbJ5NxV6LAclnYsYd7Gz2VosZxINVWGNCfC+afCxrEUnOZQMwZAThLsPODsRYuUILDMJXlITLNqhu04EDcUbA2WPil5fE8T2P4ex+E4vsyJfoZtD5hmEwWShhdh9pfdUej6GL4F4ded8Uqa6ZVQ3s4TGIbB5ZHg5dC0wJwtJIaG+htJGdGUAcstvgSkIJeBpAuF8Z75QxeL8UxDM5Gz2w1/CYwiKwj+ymaIhgTiB9DTuZwmPyhrzn3wvCcPhCB07CNPwEYik0KC0iRBhucMKNpg1wUhFDBR4DXiKpBa+Jcaj4Twfwoa2PelpEYQ1pIhwKKsUgnIuceW4iTfoQqFovgfwMWB/Anr8Yxa+mMTybiFKI4a4sOKSKeTI2ZKsYFjhWAwgoudB6scL4majFw+INCGXxSFOV5N/pDJioghc2zR7cYReMS1CH9j7QY9D9DM+F8bzPifgrFrHsTJiYIzbExkfjIgbCUrZtYPoLlhQQkjByTguNeD3y3xhryvDYmNcPlrlbQ9/A4IurNEc1o7eEtbQbwJsaxg+VP5bFPXrzXjBk+Gj56KbXXFjMpUUH2Duxi2KS2PxYt6FqoQsESExyg0Th54rhoIQH8+LQYh+GeUPfLwjosa8Jphz2ND/VGcGJj6mbcTxJkG1cEl8l53yXD4vhDr0JF6YvsgkhmIoYyeVtFEnsk0JjJsLwZcPnJGKHjI1RTrfM4fhrwh/B3xSt7HMBaMMFoQg1gtRxGYLCTPpRXtwR0e8I9lTyXmxPyb8YOiyPY4spPDYxj7fCFwM2ZZSWaPW4JowGxpBsfJ8HEzRmR7BHm+jJhadiS8mrXyZr5Ifk8KlBDGOiQbAjUGJAzxN4CbSNAHocMrY1dHoG688PmeU5nwPiLS/o0dH2Jb/SjffE46FkvGxMCWsMQgdTkoZYffwMz4Id1Ed6vpiGX6Mzu0zOVoXh4mmPw1+A+UdlYc+ohs0EqMsQ1CA7iNAhrxFJfaJYGolEJe8DkK5yjr5b4PbUkP6QBgZf9G3Y3WMXxguI7FMSy/Qw4KW64LxDQyJn6I7A/2CsLN4GtGj8UUn34aj5Q+HzBMYtuMZNOChhBihBaLUIc1FssSqUzboZnVDI4/TBquJwvN83lPh7TRex4e+jseVb4b4681yQYxXW5Gy+hhxIZOH4ug9RN2Iz4fkhxiFo4HkyXszLLjQfKE1MnflvA5xsVMNAUkFwDR4GCMg0FE8mISME4OhUILB2Sx5NHLF4Tl+LMpXoYcPSj/XgdTxRfJcIUxF4HPDHDApJeHQxRZF4XAyegPhw94QmRIbITNGMLa8FhS4Y+LwxeHYsKm4mx98eeoQTeRhkmilVlNHKAUyYQg0FSMWkfWBLlL8cINHWdF5k9ITBKAzY36KN8zhMXMJyhBzO4zCMS4oFya4SFFlkV30OeCtMX6Ac07ES4fYpgzcyJuy2UekIDvC0XheOxLGOY6MMlko4J0qInsboMRyR1cQm5J0MgD2eRx+D1h9GSPzfl0In+ImalB4aZj8X8QgQVpsM6ZheFEE8cFpCD2LhClCGLz0DG5xKwYpGQbOARvBB4MApgHFkPuERTYmdj9OEPiygeTIYiKouYuNaGl/MWLoei0DV4MwSZUEX+hCgxS6ZPYvCeSlyq6KDqeyjDfY8kH8SFyJDZjZDT7JFyJRJgTikyPpwYOGgmJRDRjYUetxlNyzseTHTIUSN0LQEihDEnRGoYg3dFNwUyeUQKi4y2HrB6w63oVwGAwD0SI7QzYIaericMoNqPYBswfBC4EZheZ4fpaKb9IcMxzaY/hCEGiGTPM8UxhYHqFTXHMeCBEXBbFPaHNg6UfBeDY0NRwXKH2Y6eWO3BK6wL0i7g/wBj0NaKgcNkdh2gdhPcaGLsDxXtweehwQbOv6WOkFpHcI4MVQpkSsGXWPTAwrE+GRB1g+DfJCzQWzJRDx8pqIZCkkLsN/Y6i9iFoa4Xh+SD4T40NR+jEiaK9D9uDKKCuWJ7lRRcKQdQoxC0hCGVzsp9GDQi9CwbSinR1EN9YMxD2P0H7DDsK6DzoUCTuDUKroo5Nk0lRFVgnhZwkGuR0OSnBYaYxQtf0RJKn/B5wP8ABofNPeDJSC6NeGJBa98zhnw6UOzaBOw5RjGmNEQc4a5nK4a4ohCqZpo0h4ckiSooE9k+xD74SbnMDR7JnRzsYzfJJaFnQ0kOXOD+5HpE2CbehWZ4J2jIeziJYmQyZFDQwQ/2GmUJ4aMsFEp4hIdB19GKtYyCYGRaXCEbGhkbFB9cxJX0SxE+yrH2Dt+GFs+nAVfBGSiYYZOXOIJCRVDU4RXAhGg2OkwxbwT6PQY/Sx+qPwc/+gjVh6kaRj+w2jW9jW9mvYNmHpGmRnaCdBhdhthjJmEKvsiCTsjd4G7cSo8MSrInsTMkMRyivJMbT7DEzFn3IWmSCRTBFjfKwOQnH4bCRoSiw4mlVfQub0LAwzedfpDWWXprhBr0Eme0WM/BX6JRcNFwNScPAcyQ8BiOhHYhMYuz7RnYyewi2DaoQvQ5Q0HQOmyoaYQ/IjrTAPGClUbuG1ExUho93wi7GIFiU9gntl1hihZZC7MGOb2Zh7Bj2IMw2uNYHN0VQsiC+hvYlZlvrs65qzg98Lk2NRzghPQ4rp7Zmr/WSLdYudGTySioVqQpDD0NWskIgta4eihmINIQ0RiaBHY6XHAlGTCJCYQT2LwLIgyxseyC2NumNtkbBkiNwhaaCSYUEiNFEh0mFsa9ieoVN8LEPJDYk7CoWhIoMykPh2WTSMjbBcyTWBNdFNjB24rfB0LWRWC1zY0y4Q24/h/wMsCQs7GPHBEKHkMMMKnXB4j+wsGzoqi1ckiGk1g2GEI64DOMqWskVeuO5pwCH+lczfqFGuIRdHrEOqzGgQu406HZS6kPQ0w4mLtTBwWhsHjoWOj0BOO0XsN9OA7G3RZ4tZPsFgTRDGmhuExDG4YaLungLs9CEkSbLgf2WwLNDdQshfWSDOBYwGMFdDuhGRZDUTJmxY0G86MscSCJ7NcCoaJou1gZXInAx/jQjoJL0dsI/Qa6MaBPtURdmUTtoSLCEHo0QjAbdiWUdlRTAKWLBgh42EIh1sba0eiZdCWMiUfA98JswEhsbj/Q3jRHoboESRg72ihVeE9FJV+hk3exiO76P+0QnO8Rd4EjBRmbcJ7KErQ17IzQCt6Qo6GTqPsxD7F9kFRS0uLOBKLGkJCaaHro3yHb2NX1xeEJQ17Hn4Kyu+/9iT2bqH3iCwjPgN7lGZCZNwzBd0anfEjhHoz4QmE3YT7Ij6kOdDadCISd3Adhlob6LRTPwLGMr4KyZBlrIhxCDJDWYKOhbFuOU/0n/Zwl4HiG6/oa4n2GofQcYsiyITGyHeHqR0Q+wyMt64tVZGkshUmNUSC30P2V7yNsqPnLG6sF3xWcM6md0NS2OegnZFDbBtWGxzBKShp0FATYkdEaeWVexrKtiX2IEgwnoZhcCJ6GbQ/qMyWSIecgpfZHow0FjWLbMdodGZiJgYh7SFojVF54rRpk2XwGIZR6FoVfxI/ryIKnQYQR6krkoML1cRUs2KoXwHNeFEo2J+wvRkRp5XEqBDUnkKmhoYdDXiG5nHEbLBlRJiZovax1ZH7CFEEtPAuxscx5EqYssjmGTQnqZImPcCHyyZk0RIZJaJ9C9QgbQQ0KLIoGRKhrOEI2FLYnFHQ0SLfgo1kZBU2KCcuWrauyWw5lidbC5vIQpo6EfyJBH2QKhBDySsRLR3A7gQZ0aBo9DJwOgjEhV0yWB53FTQ4tLJHoekg1yC+0dtsV9jRiXAwftgRkVWRCwIvRhcdN5EuyozZZnKJKJTVZo0ewTYFHoT0EucHioIVoot4EcId2JDIeOBMuxULGsejYz7EmimNMR/R1ClsaaGW8HaLQ9qsfdjqKKbFiqELQzZF3YbqhTkMAqjslGmuP9FwtMlwNFjWKOkyUlGsjUEYIlQjkelUdNDFIYTol6GfsKLOzoDjsUKMW0h7UPazgVd8VDTiYjNBqVip9R3Q0TyGNcKrj0NE6hp7MGROWy3Z2gpi1DHo0FBUrsRdjSI/CDaiwFgYo8CyOPsX1xIBB9zI9mLstaeORqoMWxOsl6jga6FmRrNQRmi08CdcHTQTE7g0asosTi7aJSYlMj6hjQyKa4EN7HlBe0MLBZSHkZPAlWhBgvRNJnrEoL3klgZpEJu5Kej7TJsYG7IRt4RlpRLgLLKM02BN7M0HdO5MUOCD3DDkaBl7GTshoeCY7nKsjkG0OsSLe2MfY4Y4rbo0DG7JiWsMW7PuI2ETYTorwjFQpJjd4FbeWMcsYhsdQhFodcTpsmM2VTFholOeiVErEIQS0NcrIJZijAn9Cmk9BnISZJL7EkShD0sRM0N1TITx4IL6HV0j0Fp5MmxpKNroOfQxZZc+0UtsnpiUJawxxrY/hhK2RAtmkMGlROZseghkxQ5leTtBJ7MGSpRI1BFsOh3Q+hb0DLBCGyNcIX2SnoetCCJoVOJCOCYR6HhwDpsY2UIWhdIRkROyKMfK/YzGYwYwJZWBLpoKM2odUoY2SGexaqKUSeETuSWCMkoQp9HuQY19D5+hVUHqKnsmgt4Y2Q2N8IU6GCywOWzWPhEPBYHJC3EakKBzFaI0doJPDPsM8HRhC7o/BL0L6mhbI7EhQOoytmSRVYJKRUT0KbFoK8sfoiy0b0OOK3oqIWoM07JWEJM8B/SMgZMrnNh4MWxQJm9sQYCEOsJidIEW0ZuwsoLZvYmt1xUgkfhDio12JHSGDeYiVDZyK/oPYiqI2i3A7FskReUZFbF7C9DtO/E5NMSvpCmj6jIaot0N6MxxNZsUEgkqvQ6gdaRCN6GH2JTLKEdox0Ngxk98DsiitjYFaEDKYPYJIJp1xi4vkoyr0NehNYRmJkOeok0pKQnoYrRDlGRGIgyPRiGYQC4o3kzBAfQ7eey22YjctdCErlHYpX6P17wvNTjMXkfnEbHWL2Ocm8yeh8NGbFJpjc2O0GBSNljDExYKCDApkxbbI4Q3hC2o0uisQzTwX2UZfT42CZnLJTIeiWIR2KhQ9FOj6i/AZeR+ipbG0NJ7EC0MqoMEoeMDy4T4ObYmkp4LslOxJE9xGbQinAojLPDxxa6CGyqHadMz2OzOCvsxab5EvaNkLsMGC4vDE6jUuuFIwCCDUfCV2yMXQdZEO3VEbYzqKssSMN9i9Q16HfoRnxCOhg8ZPWe5jQSbMfCEzkadIoXfRkxShn/RjQ3jVtkezoiK62TsG0wh9AxjUskesGWQy4FQT0YMJ7JLRiHxk2PYcJiCwjEjtD2kBbbEREQrsQXY3NIpuB3hXDIrsaEs8NrLBdbkbrwE6yEsnpHYyBvLhBMzuYj8mMlDCFedobA0ZFPCMW67RUsjNp0KPY1w55KGISIaxlbIEB7Qpb0ZsIVBIF7SO3Bitn2iYWTBqwQnyR0MqoT2Nr4mxtjFfLHAQW6xImR7HA7joWMXYJfRk0NhRgMIYa2IkNcJZHuIfBciYMGdbM8h3fBIGQ6PbyM/UhYNNpbNoNfZmmtCr8B9Roc3keQps/glGn7DHYQX2FdIMkdH6yIaBJM6risSjFhMdjmiTHE9izpvgKj2UEWcjpascaWsSieGxsJZkWMWOyERsZuxZTua1jUdKBwFBB4kpZXB9AO2jdg1eyqUSUyx/UdsdZqiWghsvsP7KFiyIujpAabWS+homyhiY02I0+J7GzAyCQS7lK030NKmnaKdhDVCITcIlLBJnAr2aaxFLY5LJjJbEZBHqGJumdcYGOfsXBIkKXHIMYhl5aW16MBF59jRqFdjsVMMplDm+h2432UVo4Idk9wWoKdCxo30NWB/YUhhekxLC6IhrRPoS7IYaLxpTVcEcCSXXGgGpXshDQgxGYkCyCKqQ/Am4LZWLWxBCBuKyhsPRGQMaEsBmWiKjUFyK4QSt9jN0e0zOAt4SKGbD0NThOeOTxgmKnR8J+UDi5csMnIe6ikCRjRaGFJRFpCarJa4NhGBniYm2RpwcrNw4CxorOFDyRPY0Y9CNodpQyRHhsjbY3di02Z8C9hZYPYx32dxlZggAg8o6sDUsCd7Y16PRFe+hKiywNJN5IbHRbHTWDIa0ZHBkIehyhOJ6CF0uIluuI0k6pdbAncwrZnFNyIeXiDjCzASx0S7IxiLML0gUTeBBohMT9PwphAdJcmBA2pwjTvEkmP8AgVagmG2K82Mk2ZCVldSRooEwMSWToDLYaMPXsJjI34DJlwCGE7HypMRl9CjlwZaM2T7jE2QZHZpMnAkKsQ9mLpMz7BMwcTX3CayxJsNu47ZV6ETDJCbhtCdaY2CTyEvbZg7F6xHoSH0z6Z9UWogvjLVsFH/gliojQD0hU7Y7M7ZiYOwxXLkvUE6QSfQRCHeMJFwaGzZFghfPJkiibIpqE4FxklHtg5RIVt1sT9oyeRsmKFloZBXMDZUQS9jSGmBeomYY+hjLKLLN04CawBLphklTLez/AEJ/+CEOGNijX/uP7He/4Few6k/94G1R0SS0ok9L/RF/+RBGL6CXCJxeDZR+NFw0NQQyRmNJj4V9tEtDlwHKYrKVHRi2XA+MMAjQyQqSK0KCmVBCMUMQ2UOE0Q1iaJrMzpBtnszNM2GIhpbeRN7GW2R2eFkeQkNpMHqlt0Y4EoExZX8NbP6ZZk/pcpuKreE90IIg0QOOEELSCgjpkyLggZRPh+RcFwhIyQguJ5QXLVEGscHRkC1mgrL0N0EhgqzsYCrZcBpvNiwM7DceElQ+gz4Gbn2Z4ysDWBD2JWyXoJPA5qEt54nxRhui+yQq0S5jGPmWv9GVDf0KQab/AECVoRBpriL2QQJGi8QSIQZSg1w+MCQl4Llifivivocpdsa8oYhIWgwiyIJBXQUyMkJL+j5YFohS4Q6aUGi0PLMWYaJkW+GiIJ+4e28mgz6ehkTBRzRk8lpZkV2lEK7DV0/ziRbhGnp/owISQ1wmMZGKjpnjZCTwpR8qENMXiheD4fCXkmNxE2CRjRCYPaYaG7FLg9bCQjNlFUiQj0GdiZhYYIS5xpsTgEoyC0kMHEMzxwf4P2YKMgtDhvThYRV1wXHFREHkbcJCXE5o3xBiJ46KYvFKf0wJlExsU4pSl4fFLxSjeBFqMA4Um6EOJCGiLtGho95Vi8RH2ZoGEQlKXCBiyMQxbHDuxcFqNkSoag9a6P3I54nwYmZAfpj6jErHGhn2amXE8iYJGIWQyjIicTzviYzRdDH24UuRrwxfBOUy+CMQsZYvQ5Fmj4myQ9BGdNwyjlVMpCArbGiuBMAWjYscFNzBIZNwb4ZTE4BFYgJbKqBd6Ptwx4oklPsVGkmElihk6URRBh3g5ci4TKi8XkpSlYmNvwbGgmiWhCGRIxRvgpRcLll4viiDEOTJfmxK1svsZ0zakdiRDETGRi1houEqZcQkoPSBOoWTSN6Me5MvAqO4WncG6ZGJrBRsho0y0W7ZYtQkbhiP/MPjEfAoGxTlfohmvIhrhF4aGNDgSTQ8vA/NKioouC8m+TLgyFVN9CHJNBjGapQaHvAfVoPZGXQ+gihmAcq0mahz4bGOIgkJniIpZYwrOgLEEmOFoww9RuHjC68WcbGyNx6LkonxSlfLD3wlw+GV0ozASfiaPghgNUnDcNeC5YD1cOjYT7JFvbbFDJgjwSQ3BCirRFGBZ4NhDnREORU0Bqa9GiGBeDCG1qHSZXEI3EjFYQ8YvOUuwxGzYhsWeQFoaAmxPA8BxDYTfocW3wnhRPkxMRCDSHypSdQ1R+FHww2Iog4Rw+XsT8GnDJabcGuTALQ6qJ6VZEwdKWRqR8CyHuYro2DI/alv3GzMKEDZNBN4K6RgZgzKYqpMxfY55JbF1NnaGJRBMmsZMaKQkwCeCXiiEBJIJp6uNhi4fglXC4oxRkMfYwQxcoh8Pi+RMuOb5aENybAw7ombyzJdkV8TO12hHYeakK8yFzE4feMxWhlQvQfw2nXJa0PEnkdEYTEvxiMzAKSoi9DexTEXKMNGRQKlwKJOC0MHYzJPY4kNniwCtEYKMTKUTHvjs0VDaMMcJwwtEg3kpUQY3wPXjbKUvEE4QjFm9CHMoJNjmzJS+8WAf0wQz2MzoZxUdhabHthizlcEMteF2w6XLEGIaHXKMJofvC1SHCDO4Geyot6cFZSkgiPhoTIciTWYBoUamLFpihZCyELRUiSDfCEQSJl4wODgxGgzvG2NPhWjpiKIaGjLzfMFgzfCg/6gyujLJaYwmg3Qi2Qv8RtnDBF5IsvWShaRJp8bx8D0JGhZWRsEKdGQdTM2piwsjAstcFF4nL4ZsItGPVIgoINk1M0MHgwcazG4LIkMQTE/IQwELkRBZNNTQYY1GNBccNxJip8LwnNOMbFns2mhAqilmSrAMUOGZEJgarElReBMMhuP/9oADAMBAAIAAwAAABDO7UMS029uqevu5OJOwTX1/ESkg0P1TfDQf79eP/FhHf7M5krEeaGEu87bIaY5bNNfXHuQGgyBV02zcadOf0dmoIjuKnwc0KiDAjHPKaKYEQjyoGtbskZ37lIC2e8ke9kW/HT+vdlzxeviPO7YaKJNpLWnBtPH1WCs/Uetqe9UktNUE1MIJfM7DLCFICg9v9uYpMLf9PnQ4XPa5X15sSoNsutdv1s4rFf9nlutMD68AvZOjXG9sfaCoCvdnV1/FUiW2/c7uMfklKAtdJd9uLOKRcAEHCxlgTpWjmMg4Pd/cHt1W8Hfn1tvGtMjPcUgVtPpKyN8c9t91Ut8ZWUeW6m2hSeqM0+JxfNcfOWxi6ffv/FEOazoJl8OnmL+UoFhiRoI3+fJHu89dawOQstHUSxjitt9FdUXTS32qTU++poSTK2JW1l2/Ko0J4M2vrBTddXanexA8cdUeVURLRUgbrFpScxAJKiEU9Sub5KDE2WiHN9+5YfO0nfdMEdlF/5laDTpM4ZzjpLSfoCUEJI1obl4cXKln0KRUTv/ALTr/Lz5fH/PKqMQTs67OWstyHEK/wAxv55T7P2rWuD+R06lR5/e37mkKY1nbUoKhkNbdqsDvh44cRA9S+FWIGo2HiUV0UT+2b63y8VN9qoHYRQqLaSMwcNbsdAdT158AqELQ8kz4V+cax+ScWS35vcUuILfhWjUYhw4T3AkkjzQ/Z10rrrH7Ty2f37077Xbc72ouMCnW8UboCPREGU0fGx9rwdwRU1VZF4ybGPeVT9U+E98eMdnJu9/EcFpgAUXfAWARaD+Z2RlXtSdVc81e2SAWi25y5IZy2ez12S6n9tnn/kYUflJ8PsiZ2HhSqCBoaUVrT4e+4578PWTnW37+TH33C+bSnAax0/Yy9+K+9FXaiAAmxvRW1x678lYMkoQw/YLPHawMs/57edP/VjymQGh6n8rLvf3e/7h9006ltQBPdT/AJig7n0HE/NsPdVt9YY206gVnm/9ZyHA7eZ8fN/kbNPFgTAkK+5Gi+bSJboAQaJOaLpFX7J688sXHZ5WvNQw7gb1Gbs/h+cIzYVrt5BnxH6Dk0UxWDuCaBWH23Fn239cxib5403bUNnsw0/nGtjEdJ6McNTgvwy3/Ef31nlxZENaOW8GUJCKALtHqpHT23631yKPi0u+NMZVI9XhdVctEs5CFMykZM9xXDdPAzX24F6a78B/km930q4XKTnjRT79P8OfhEa9xdMBRhxSPmcq2OyiULZVxhMG4OC0YOViMotKFcv/ANKtkBvOYpA/wWIPxWQfF1EHbu2+3ggFBsLguXeGIquqeFTNldgX452vB/CmgeVCn/hDsqwSRZn3cV9x5MlBqdkM8gf3xJiEcVt6qvfT+gkCHB+TzS1fZEk3B9jldNN/lVjDJDBnq/1+YYpvLmgn68tqQwe5r1r1Pqmo6Z2GWAtjQnBt5VhdufFG4zMsiOoZrVA819Uwitf1n5rL9QJ8nabgIuYoNFuwGG3JpDOAb8ruva5K/O9mYkiYq87dFFhv45IgFME8dnwCvNhufbd/No0guJkfaZpWN8Euc/edqxgMocNhF1MZ6EJ7lWC6W4pRxRXElsIbXUJAVfEQzOpGaCS21Dv51CkeP3zmdvzTPzF2p1YBIgFdvpomXLN2kUWq9ga6Sa/HTxQEx+rfEQ8Ajfrz9jtoznGESEcHY6lVI62so6agq0qqaohBdpAJKKCnJlbPAnLtXt18py/hHhlofbQIrv00IAWf5NHuLqx/XO+Io+Vt55D3jh8Np7SQXljVazy+/CGX79k62ss1L+KFhLmKfwZyKqNXRgcKnUrspVZlDhRmlxfila/+SIe0Ps/h/Lro/wC/EbvDcKg4Zywk5JGl+TV1zrh8CXfNTS0tokOusRvqtDDz1x7+6JMI6O9fj4ysUWa2hqW7ibIvCyRFGpuN9pjjtl2yrulK511VUb/O5hirp03FL/mjCceb6IIWELUR3eH7aFFauEo9fb9AS3zcWBW/KwwETF+squN5dDgFa4UcDQO4bm6wTqlZ8tETZa/FZ3SSYeEqsUMhAHwhtB9mt0HfMaTfG7RaSFPZ/YnBG4T4oku35VUnVIO4is6jkJK0ehEJVJQd/WKcGAja9CY6bebhVimrBy2BUR0guxSAJKDO957hHME6DYl5YJPPfQ5DvbCp/I51y/Sx5GRzRGFvCOkpMBd3r2hk0VZLs+ny2hZQKJbQVRwRabubwVcaMmY6rb5Rrm99GYQc/q4ZOK/npXdfHUaNPTaR9XYeD2V5fyogQOLSUanmbzVEs24bJ333wg/YYg43fAPY3ffQP334XoXPQvHYP3QX4P4fXPPQwnn/AP/EAB0RAAMBAQEBAQEBAAAAAAAAAAABERAgMDEhQUD/2gAIAQMBAT8QQxeaGLpix9rweTViGJelFsJj8YTH4N6sXssovKE/yXUMnE259PhXty+17usWoYuXwh8p4sWP/Iii5mNjLtLR61xRPyvF8Zw+lrFiXcLj8L3R6uEMvikTxYv9CH4InqvecwS1+C1j18LzQ/BZCei4eLlY+nlL4oYj8FCl8UQWQhOVlxLZ6rENCRCeKKUpS9tlF2iedWo+jXD5pdRS8UaELH7ohNYmhk8rk6Q8WX3XLFyh8rF2uZ6TViyYhj5usTGLGTwQ3k193UMRPV+yHr5XaxPqZFxBD4o2XwvjR+Ey8tcsWzqlz+CITWIfC8UMXLxDydQfgun6rFr4RMuIfD4hNWvudo/vV4WQghky9fzt+DQl5wnbRCEL22Lp+Kfki9Q+bRPFy8SJ6Lbs5RMpcouWhLt8fna4S5SH86vDJ2unq9KXUQff3yWraXhDZb5TKfRIbGLpIfD5WrYTliL3OVr+C6pfCE183i8SCGTtIePhcryfs3xCE1C5hNvd6ZB/OHykLJ1+8Uv+Fa2PYJE6WImPil/xTid3xnhBDQ1w/nkmXaXudUpSl7omN4xDyEJ4MoikxDYubC9JDP5jxH5iYxDQkT1SPwpcSGhei4eQhNQ2I+kJ5sR+YkNMSGsfrfNDfrCH8ExlaE2fuTleF249W31mUQ2Mm3J5Ut4XE1ISJ2hkEXVqeXbk4nEyl2EEPhPh7OIXHx8L3BEH4pYmf0bFtLjxrE+KQQxDF4Up8KUosutiZT6JDWJjL3OVwmMXFLxer0hZ9HjIIj6Yh8vVj8L3cerKNlKN0Tx/6p6ITJxPwnpCathOni8VwhvWy+ay6vJi8VkJsJ+CGIYnwif4UNiJs5SJiGKDS1Dxi2CPo/8AH+9wWfSDIt/gh4xD5P6Lv+CHwx9fwXDEPT1Z/8QAHREAAwEBAQADAQAAAAAAAAAAAAERECAwITFAQf/aAAgBAgEBPxC/ifpRi7QxCHy8fpCMbH1k7o9XCLio8Qy4vaCEJwNdzXzBIaFkykF4XiYkQRBD1ohCDfU2CJlEthNf3yh9JaufgZCEIQYuryu189whMJC1eNxoaF0kTEQm3hLGPiCRCE7fCxiyDUybMXbFt8F73hn2NQT5XD7axEyal22Nl7Q1jEMg8Xq9eMQli6Y8TLytePHi8l0xDFxOXqEPhDExiHqxeK6+T5GLpriERRPC1D4cPgWT8FKMRcQ8fYiGsTxctC/NNWvIIpdfi9RCdvxZSkFzOJwsvTRCC2eqHlLi8GLWxPweX8DxjfC1Dy8tjExPWuaTKXFqy+D4QvBb9jJi1fneXaLKN62LGIeQpMvSY+IT0hOF0xYxYuYuP6N4hi9Gh0XKWIZRYxrGxPFy2LWLlvV+J4mXGQbRconrZ98MQvsmPaLwYuEPEUeJlyDRBERDz7QsWsWLFs9mIe0Q9QhvHkgywQkNCFiGLm+iEvkZdq1i1DPjaU+xbR6xZMpOV4fI2feSkXBankIPo8ZcYurBfPC6hBoS2l6/osY1iQlr2ZBLp/IuEPHxT6LcSGterFxCF1ohMRZ2/gXyP4LRfPixdMYlk7XUxi4eMQ/OYhl26kQnUnEPrbcRceUkyfghBInN82T3nKx6tu0vo8pX0sfCy9vUhrJrEP0fo2Ioh/ghPCDRMerbiZRbOkP1pfC8taspRMhP1wnMxiGQguEP895oh8XUPLq1i9UPwm3hi8kiE1i9GIfVy9vxZRPU/J8tfhnC5aEuJ5Pl9XJzeb1CEFxSl2cTzfc/Eh5Bed6mfWp93mdru9XtcPV4JbBoSIQmwnc6nUEPVwkTYQnd6fHwQfDYmXwWMWwReKUv4Vr80Qngi+q15dRS8vtFKMWsXmuaXiExD4fLFlyeDEvFEIQhCYy8wmI++FvwTzTL4LaUu/YkXKUpeH9H9jF+FZ/PH+Yhix/fDxZ//8QAJhABAQEBAQACAwEBAQADAQEBAQARITFBURBhcYGRoSCxwdHh8P/aAAgBAQABPxCnyzkCXbsubIsjIJILOyTKWQ/AOT/V/n4CD8dv8jfr8ZslkBbZyF+uR2yywkRgLD8CSCcsYJDJjJ82nzPn6gPmQz2OM9s38f0s5nkLPZPuA38MFvGZxYgc3J1+Hpe+k+y7fMFpuJPuwnG45eRiSNy9sNEwUkGSDlhsYMA2FyzbLbbLB/GQXjDke2dj3c8kRxt2xgZ6+XT4jZ/sBnfw5Qc/VmeXVyT8B9wd5Z2f5Y/Uwc9kYLJhbJ0ksLKcgxnREQfM8+rdewH7kL1sAW6+fjA3FkSgzs6XHBZ8Fr1uXLH5LBLm8jTwjXzDPmxfm2tsON90GeQw6xpZ2EHEftBn4ZsdyA2dsEDZIJOQb+AXFlmRGbZnzDnxfMuOyb5CPbIHYOyI3W7fMGxiHN+IPpY+qZHGsJ4QaQd9s/cH7nnzB+44efgviZsh5NkLp/8AAwsJ55eyfEYmCDbNt2ePbPjZH3YPFvobD6wY+5O6F8/UcMHNg5BHvZ68v/becgeaZDrIOJMgvYryCBthYs/AaWcggmHspuRmXNmCyixYT+AF6Q9n/wD7LQ+7FOas/QfJlW4/E2WR8gS/39ibR6N5HgnrQh/Yp1GL0LO4/wDl84Zl8B0kNs/V/kc+PyHzHZ4vUknbmykMtnb4luN8eWb8Xl83rZ2IgmPo+bz5kBIgDqWD8QaYSYzq/N90n6y8QQn4/B6cLXcyzOkKnGU/Ng4OJYvIU9i+fxllkQ/J2zL5t55ZvbPwBTsYTkhch3Lo9I8+i9YxKldh81GWreG2qRfsh63RTEKHpPu/cv6tt94eQT9KRs4C+C+JHYtjKv03E5wg7+EgLD8Ny3fLvzMT7clNtJby9ssJtk38B2IOWSPfwPbhjH2OP6/CJ3dPLScnHxCSO2/GV3JRL8w/F/V7x0javPwG+zixiB2d+rGdIPq8/DzJ55DzsRry78wFgSvHC5mpAfWR+B+9cy6tTkFTB+llxPg7NmD+AyNJ0r8toZmzh7A+J34tU6w+0znPz9zcH9BFGg4j4g6dH3CP6sy/279X9TuR52f1byZ9mDbJ25JrHzdg32Qnb48u/E/i+mQ/ZLqXZ85H3kN+J/TJPyX+Qt8F+06e8s+Bnv2/uTCAkoeXU7OfUW7EGkc8k3fmJ7+Ty29Y4z1g5JdeRBtmS6xbeJWw/wAkCv8AyF+j62PgSLsO/VS5Lrum/Nj42xTNjflJ9wNteuSri0/gmXspCIHfRjDjXjKA+vSJ4b3XLPo/QIrhkMhPqXkeWJ/Vlxe3SP3M8g7AY2Qcmyz92P3dg+c/GNcvfk++SNr7lSY288nVlGmDPizu5I/V/EIkIHiTfY5IbHv+R5cESc/GX6v6sjWHbbN/Gz+DE63nl77AWWXhy/aR8iIEZ4iZs3ety6cZby4IeyciZGIBgdFh8GALFtRpYmMIByesJE0dSWIef+SB6YtQJD0rowRM+kxsRjSEej7Bnx/2BNKfrLY/D38Ht8/hIH5v/uxh+7lyfbD5tIe/q9uFaY5k69vHLrOSHywZ2dXyD6nD83MtLyF82CfxFk8f8vEnImG2ZZtifMce2lyzY5OJJHPZB8svPL+3Ifx57Df5E65bIGl8CxHj23vmEnYaRRx5a0DFk4GR9sHgupwQl9goNib9WBfEdmbVfMicHM+V2TS6gyMjFH5+bRRpkeMSEvRkNrHmanjbZPmOsOwF8z+NCHXy39XGwnl8xi3fibML0264n2XPbY5CJkx4vFmfH4f5JpJ6yGsOLDLX8GQ6/k5P0IP1Y+pZ5bHOL1sdiYTZyfqfI47DJ9i8uMg98uA/pOiYaCxufe4qD/pIDy0SSitfVZO287HuQZ/BVfGVe9y7PqxA/l3Xyzv1Nn4PBjp72TvYfN9/AsGxfORgX4nm/uRV7NkPJIn7hyaJ8kIMvxvL3B89khLn3rU/svfL929m7GZYTjZf2dT0ufMZMO3C9j3y95HWzGt10njsB5CLds5MQyAyZAR38gTMh0iG0HPxv7uvmGfuxhjYL+M/dkF3YJIzC68jPvtj8kkv0xChnVmX/m9gtMe1tx+sb1EiGbPQG/M7rif2PtASGADcTc/UgeIIku1/Vt3sry5b4fYAJ0xI1+NbJSmzAm53Ic+yw0+9mxZiZevJfDZD4bD7oyuiSHwv8vhHX5gPXen1AnZ9+yMM88v/AFPlsfg5Iy5HeSZ5MDIb5Cf5D+7Spt9sTlgfNut0+LN9s2A4zZG2IWbD4swv1CcuQ7Y3z8C/q/UkGzt/UcbNm8I/CmRl/uSGfIfdozwPXlgifrYKG/o2U5PPtLns/ZuOinFx/wD0l1eDj2Qqqn1bu7tru7s7GhJzC1zcLR5b3YJ3bZYhwAEfm2Q4STpFF34mdrGjkyB8yXeTyHZF7MznX+z+AWDnzE4LP3H1ZQbCZC97y8BzM2RPPJezkE8/G5M+Y85+E+/wTv4O+3Ni7yTsY9bCBst4Ts78ya6M78QNjtne2B5B8/jTYGeON+lx3cB+M1/A5etl42kdZxOQWYbGNlvfGQ7oeSAdefaXmJ8p2tfa7yri0YhymNeWqs8bwtc6GwMzOxz0ID5J9bYh29LE/sOTTnlit9PY/nbt5B3z/k3o/wBlh92xI6Xy0u/9l7IxjIP7IGhf02xU/oj1x9RmO/syRoi58tj4n7M5eRs72Xrvn1AEUaE9xwbYJxs722/s3j2TYPh+PfbhYJ32NPqOrYbIPLV3ZgI9k7Z+2c87GHLzy3+xuRjxkLdsMgG5kFvwlsDiyONj8H4HPwPbeWbI57FgmcEF46eSshPRes+/Cx8Y8o+BjZl+inqS5zYyN2Q+IEf1GVv4lnEnV5mU/WXtr42Dp2NO52fFlfiIgL/SAlfxNhrPuH7tyl6/rlztZ8ucmXUwPiz2fJex39pC0P2ywP0A2ZM9tsmkels8gvr+AP8AU42/DjOzq52AHVN58Sa+9+5MjywzsH0sLAs+bEgvkHI2Pfw8M8W4kl0g2YMvUex7Jvk8R52+Y8n2yV+ARccj8av8jsHxZsFxaXPu5f8AkDh6XbFMMEXVO8yGjG4BkUbnGeWpgj6iX40LrrOQ7mxbjtkrfDnkR0Mnfb6rPv6vJ7di/wDLUM6aZeYf5goCn6sNkf5aDgf5Og4gNHj4Li657ka9d+5Hm+Tunkq0H+knS/rZ9Hn6jA/c6eFwdGOnYO8YMz+xm0B+7AX7qwQwm8t55F/k89iA/l8+w/H4Zy/y8uz1bQR+4Ebn4H9SbDnk9Qx9/Cc5+JgwPibskS7xkQMtjsZfMP1H4Ng2Yzu8NlX8FozejY8GgZlskig/qMvy6GTersvzbOdeCGgke8JiNn5O3WnzLP7aPbM5ZTXfJSEn8gRRiIJThGgTQobz2xA7I2nIkDh5ZPLfDJQ9lsI8gjkb05KfMjOGXpanzkvhKT8MnB5LmPsfkvExYm4edPhsks5C4I/SVzhdPi7vl48kh+I63XJwyGQdwgvI+Umwz2cyD9/ghsbB7+E/GRNxPIfv8cSD8HGyd20+wt9k5fohVOGxBaBAP7N9gbaYkn1k5ZOBB3nl32yxukwuqfUNQslPo2CdZFuZYXIgeyc4R9EEEAEZB5YfiGci5GD+sH72GAtz9FzWPCcyB5ySG39ytJkIAwQHJhTzX5jMZr6nPgSTggHlw8nfiKPPurLcmfiXFsb5PRsn+79WZ+Hcg5N2NX8aWdvVvNhL24Q47Pbc9jY5qQ/28+J44TvsGQbrdy/c27P9h32D4WfdhthkGMwXzF83x7Y/drD+ot5GZIEddL+227p5eY9lOnmXDl8yyu2uTDsfMmpAH2TvjOnjag9ZB3mxanQ+oAgl9GSH248jnzDp7GR8lh9QWpl6XsCjCEHH4S7BasXJkYT5u4voySyoWMP7cfRJ+rCcsfYVTPSXauKtiHuIU63j+UP3KR24TbERk3S0kesGWGXjkG+3SGZeeXry1+Et/UPs/V82GwtjIwGXLDdufj58jv4JBMtsvr2SI6HxBS5df+w7rw/t0SAQMcPt10uNfMqnsCfM7k+xni2n12O8bTpCDysHZ5svhPzkci68Z8gJ5ZfmT6ZZJmZ8W9Z7d2OSQLU4J4Rf6fqOdI/c/wB/7C1eweHJfJtzyXfxrI0cez/SzxfD5gRkDxuwawYyXxf2CzvtnfYEDOWx9hdt3y/a+eF/kuchN7Y7yOF3fw7AlkAiR32yrSHEEllmM/y8/CxJ27JZ7dTkIbIXTJ6ryi2+eQpufB+59BmsIs9S5LyfLxIJfrgNZcIXxHNgRwTPZA6FhtiezDzyNX9XXzeocg/NwcZmmNrYImoR9soN/d0dot2OYORacT+WFunxjKfjYL22K9ghaxmSTR9LD75LzkLL9fjIGzvZ6gm6jhHPwe+TsD+HL15Zhs3x+F7lj+ENvxBeXIgmWmTbb29ZE8s+4svOQR2DOm/qIkDr2ON0wtIjBHL0n4m8/HLP4Ntm2l87bDligtQOQHgwACXNsFMmGvIuLsvEPm0I5IJ3Ibt6qWkFyd44/Vu5z+JD6H6l5P7wWg/WCKt2euT2JN0t/F8vuSmYtBigAWGEY6sDy+OTofhgvm5aXZPYHbNfZ34Y2V2X8FabCfgNntg9sfE63EBl5dO+F/khCzJviHPS9sh5ZthMZaW4HW5GOESoeA2bVsJaPsY5ljXYMt/JrEOC0WIIA+7sHxNgYwfEbZC6Ed0cthMuS/VwyOR05D7vnjLHs10bwA+p2Bf5PnO78yg50lEQf5LwM/t1x+L45GnzD3thdJm8HEhPuIRjOtvrQ0sH9XA326PI87LETm2FgQfuPsHeyM9ljby1+b5nCekOwuz+GS7Hkm8kZceP4aTnfL2dFo/GQ2xb22HfnLHH35Z1M7k3f8MHAX6fVt8HweMwhj04WwHfk+SQOPtkQwd2yOsN4fMxb8wmC+ce3nFnQl4E2mPJgGMLIyPuz93DxtZxjX1/As5PnZcJNKf1yU/sstUEQxtRIUwnpx5JvI35/DOcj9+/gF3eE9xitGAy082aPWfIy+IIPyHJ7eEvb5t5GMieX7TE5K7n4BsheXBYO3kmyJDjYW6f8ly2Jt/GTyG5NpcO/Fjs6k3Jl0YcGKkpeDmyYFSPcY9uGxOHpzf3c3jKQ0j2zx82xZCIhzbN5EOOQP6YfJyUnynBmYg9HkQ+wjeuh/t1gyzccWHsN/ZATQ/2R4FsactHxyYCQCzme5Nih8ifuwnl0Rxg19hfxzIuZ1/V5B7JOmXer7CteNA9tFeOl4mN3+8chz8e/j2bOwGdlqnhdTyx8z+p4GeSs+x2ztwet75Z93Piz8FT8DidVFlm2ZGbJK2ZmWQgib9RlR44xEyivHkkUExDuiJ3/bDDrrC8010/v412WEoRtjvlsuWy83/cLFkqBki66WM3HvlvCOeSJWZIQzQDCZuv1bhvfDtsz/q8lrx8gL/xgAWkA8tnnTYxx2fAB3k4HiBztgxqHBtnINmfUqWR4CxxLp40hi4GJoyg+lEtZXEb3Px2WYjv4SfJZZPtzs8iJo4yQy4b45dJNkyMlNgGCDCSz9yfH2L6/GGENY4v5HDYdsPuck7G3c8t+yR+FsdXbsRnIeumq3iQCLLiVx/sebNnT6tPcWI+IU6v2/uFfZsgb7Ei44t73W5De4QiYD9yca6xIm9uvUYwHIPQLEjT52aHHz2WP/JjWZ/WW7j9rMe082GQX+SAaibzh+rVN3LMB/dl9xDwtqSn1YGCeEfuJ95IQ1zGB0xrB5z4m8w3ElIcWbNjNr+0nfzF82ealT/Jku6oDF8/BP4O/hkkikLy3PI1+YIbueX9GTsaLyUeXvYDLqQH2P7K51upxvrkJOt+pYbbse9g+pGNu/dn23EsQeZAD7gkwsz5RhhX2nU1OHhAk6HO/ENLu+JZC8U2J1t1tLsQJ9kIQNCXPjPkGZA27/LuPkr4m/UzMVwWRYCtk8yH6sUcfqHIx/YExB/Z7hB9Xjv88kIOCEwdW7I9k7gXgbjT0EnC/qszh4wCM0tpxycojCujEyz4f8syDf5fBF8LgqiB/l9fH2BRBhbeXI5+HWS+Ie2QLUaWydE6scOyc5Z+CdkGAG3Et5y+Dbex7/kDnkkfu6eSmFbptzcvpJyTcwuXv/kxKVrtw3QeRPXrsQZ/9mYRBkRzNtBTRB9geHp83U7J38cMGOXhLYk8YQtlZZfXCHD6u4r8R9pv9t1rH4uh8QvBIn0ROo/l7+L/AHwsLlbhk+Qu7r/+TO68e8hXtfoNyBl8HZAff7ae+Rxj3YO7KN1SwtNiHHIcTfiyjoE5YWkDl8mKSdcewRD8Yx8zpCUD35tch1cJRqHhZN49k/Dxb+HdjY2WOTY5sneQr+D92Tv6t+7vwcsd7Ywff4A3xkfqdg4bcsa/lrB/GqyXls+z+F8nzMzmG7FrCmH/AGEcBLAzxuzBnHY8vd6Pu4+j/VADdThIHjYYBDMeLC63ZTlp1bcXy5wvl7GuvboEV+L1wZXp/cnWlsTgZc06ig8tvPl8IujbNA7A4mW5epFOxu85C/6hdm8LJ5aQBP1sKJrk7jV9/wAsmSEOmnkCcnwfiVvD6p1imSftjqaBIRxKLxETLvStr6U2fI9tWQx3v5Qzs+v/AMSc+Y/a/lveyix7YMs+Sw8z8Ovm36v/ACW8QbIfEZMfxl1Ownz7KbfeWucwbYV02+Sl795AYgHxLVuxHAj5AfCEMYg3luM2B2zcYgTJLh5Pr1j7nLAtR23CuR0GRekcZ4H1KkGn6nwu/OSKfUSAdkzEWqphyMJYbBFdjmBmWx4T3yH3AZyGRZuSP+x5TeTMB8rRYx3JzHH6kcbv6mZAfGWhYQxdtB6/GwX7iNbC3BLhPpYYH1b+r45Zvv5F/Dp/Lo5N1A+SGVz/AODOwG+/j1Mv1ZpZ+5Ijy0Cz5lWccvE2p9hIu9yB82G/jmDctQAbGZ6kb+pzMPLmuEhj1wtYeClhM5IQW5+YSV3loYWx2SThH+lyHl9/MQzzIxBzIbQxsZOPZfLOYH3ARP8ACeyuPuWrdHPEnxs3EsAjsNyDI8h2XGQObyJwNXb4yLKTuic939Qnxni63IUeg9vP4/MQB5cgGMijw3Dvpa+4c6/hj2+Yey3jloru+QdhZl8H4fZw+JD25e/g4eQmWcs5L4htX/g/D6n8h9xmz7yx+IdceW4R3tl185DhLvkHmyjAqFmWRf8A3YgW04Cl5EMKyPSRv5uOxfCeHl9gLQx3fjJ5Fx/cB+kNetl8NSGfpGnkS47kUr/iGtEBLsRciLjCS3LYOyW6fYs9uZ7aJANnhdl9l4pL2VQhOWBvRgRz+ieSn/5pbaA+DySgb5LGSnl7A1+rpMWyB07v/ljPLeeQ6z+1mWu3zsdhl3HS9t5+4fuZd8nCdvffwSOefh8j2Qy7shlmJLeufV47KSRfEfuBeuRjy8dmEjlsmt4gN5Bkwa+2BB840Ovvlt3EBskSZ3DPiduLI07EjtjlL9yvytcf6/Ue4r2JNcmd8WU3xah9T75fGIunT3L9nrLXET9TIf8AmxnnH6uIMPO22d/McyS+SMngW3XkI679QBcTGWD3kjJo6b82Cid+bQ+Q/kCbA7jEAc4R8Pts/X4hzvOQsMuGOzBrfORgXVGuWPzeMsfhxO0fwCOy7+VJT4np+A3EuWzkpNuE7H7ufjYBkb+ELJG6HWwYX9mza/8AFG7qfHd/hcojTMf5MYHdmEGYPP5LrgwUekKvDI/C2+QvguJ3GDtxB0/Nv+Q2GOlyb9RgQBgYXROSah/y15ZFyLluZAGsSHe2j7G42ClueX23HZdZHwbyIXRrdTTmZbsCbloNiEZzJVFIr/ZkWLhrZo7jS69/lxd+oX6/DbBtnGPX5jVodgD4jPqNdC13vxKM7/kc9jGwJSMz9xJryRJdDYS9fyUsHLv1ZZEx7fMn7jPwLT4QiBl0ML+yPgv8uSB+rgg3PiU+o3l3kBnbwvR+Lsd2w9gac4MEOIRpY3O3As+W8mOsgLkKXL6/M3DbvxCZL9RNntqoyHjBjj2BoXL5vsFa7dvm00Nw6yD5tHd/EzG/zFhhMNb0ANgEzOZZRzfMe3SRchd25zXg8bqCgbFn3L9fj2fxqzkSe2FuSaeRu55Gj0lfdo87d+2B8yfiBfYJG/z8bDnX8WiXZH/CMSclL+NLTZRJYfw5PkbOxtr9SuPOXAQ6S8eVG2ZObDsAZpKmq/uDFnwPSGF78OYyRh+yHOnIFuSPFhOXKctGdfiwnOS9W/gHIH4n9Z76R/C3Rx1yWYIeFtDSO3+Wzo42AfEv3EYwWZQ4ewnetg6eQBWH1ucA4iYUv2sp7yPWfPbcljvk/u0gvi8SdRuxuR1viemQZ3Za8gkhly69bH3Y+7PwSyPfw/8AFZ5BfpEgpeOXTtw9uWWSXxH7tPi/t56z3g9hyEQbYL0OS0hsxXC9Rvy/4WQpzBfMhNlbgId+ROg7jcIbP5S7q04vGBw+LeamED5j4G3kN8ZOjs7+LfbNfu1QNzI5yTck/Ug3BaI+bq5cy+1kyOQUXbGqAPVjK8mHy05WV278zxyYD6n25B+CyUZDeW8tk5cr8CmQOXrtghp+oAcldjvthOQfRP8ALI8/BtB7OPk+X6hmOp+pF+bpKw+5m9LKZkm3on2GfxnLnyWr4nPqczhBoPiJ35nVtA9W3F4Zcrd4fiXlk4e3fSNfAyu4Pstli2l0ASuGYwHfcggZC+TryI92DmxpnzaXYDHTyDvkPokfEDLLnBBhDEuQIenLYvBy3KvhGdGdMHPJslm9i76CIOI7koeWD19/AyQQTHtmH4Fvi12DnbQtJCXmDGbJ21eSPxLseWC9kAyWtiXv8JQZz0nOfEn1ZvzLnvZds7rfO7Ls+3k/g7PLZ1tS+tskfQ9g2sS2Pz4Z7aPt4PzIIezXsX3vo6ToT0GQGel1g+Vn7gpDyyHSKN7liMm5uth5iybjZYwy26WBrMi1AZjyDkmw7sUeStuxwjtkjHJuH0t0ieR7vjYjQ/tyetsSNMxvmYeWGcL58s2y+L5mIO7aJkfveknNjzrc+ttPi0PLUH5/Cu8v/u3efhx5Gxj829l5EVW+h8R0HGl79J1k4fVuXzeuQzZ+N/CcifbLyXnfJBR8ZZA4B3/kBNoT4ux+IHj/ACBYcs/5BpEfu4hCB/q9hGsdBXY4+zOl762bZP2yOQ8tQc/dpgPnSxRP9qTiSPCP0Cfd6C21dv5aIzGNhLmcexHko5bRy0K0ELsfL4TVn8nmvz8xkO29PmDwQYW8viXkeT/Ycm6wh5Ysz2nxOiAL17OPzP0ZPts/d5cdv0WayS/Ua3bELW+YYufxPUMeBsCOweG3Uc+bOQH4O2NjbM3kWfgmdf1cTPdsrRw/9tNHhX/JywAY0c40jm5gtjmukGEfTCBHx/Yw9f8ALr2ExydGPJs3SVYJ+2cgHmPi3nh16ZED94EZanuMf2B8QNhvmJckLNszl5vhtMiWdsI08l521FBdjAfWwfitTBIcvImLHM+7XJfcm28v8gzyfbi9uQfVx1PJzD7lYUmQ17ceWQr5vJ73CB38ZjKXiy/LOLl83Q200P2LtEQMajcFlD+HkTZn38fH4b2bz8FkrM6f9veVCcLbmE5y36gOszh9Vx0YND8t5osxI3s2wsgJIZ4fSXZxhJjvNTZTAfk/UKEP7k4OfcZrDFr1Ae7FuMwG9vollP8A4DhMyTxaEZZxPVth2Vw/7Gdi7uIhukC6Y+oMufjewyWGQDHPJj3PUQ9TPwdJJeclBsvxI6+bW12PIRcI99l2zbDfY4rLoxOwX7CfgTl14TyIYk5DbPse2RZN89g24w8mD1YzV7kf+zc9Rnl8PxvxBOcM6w3e+/8A/CIrHwb4LfUeevnL0AJWO7smzg9lfq/rLtALHaIDa/tYytyH4cvOjkZZL9OfMN1xs/GGmT7Ln54S8iHyEPbtr5C98kCFd/kZYwa/7ZE5jhDoZy9bv4apfF8SKwJPeW7dHkez6GyKp2F67Zp7+Gg8tJqvhlSvn2HluwvzL+7T/ZXINsz8A7aVjY1GCQG7trvIOwfgBckLCPPybeXy/HxE+XzKEwwPxvbjAvTsgCt8XfQQU9zlyJDP1ifs9Ztvz8pMmYGYfH3J++RMF+sWUNfrG6/uxnd7E+4PrOy3+8m30sTx8QAH+XYd7fLdAQbL8Af7HZT9bCn02NjMJjyO9l7ZMjYEO2frIYfcnIQ+icPS9Ir3HOyEg+2Gcg5JfH4P3JAsdg/U4tZzI6cgCXPY/u/6l/U7+OJbkthAz9z7PJipRHqVIhnpMYFswIrZfDLJMA+o9jUmWqWOztj8fEeSWXjJXf7pNOkd8R4gHZEG7B9JUB3g8g8p3I3JD7MHRsP9lA6WZgQ5ydIAuvuMer1kerfJDRs3I2yxOyjh/jLqb/1MZpz9z7p4x+gSqT8tmAfjIEFPyRQOfNgI8yE38WFkoBdRHN5fXacG/EcPyhjk2+IeXxeH4yzsEOWv1d+YeyY3D4vYcZdfqXnJ77ZP4YZBYQctn4QZBtvzO2mwe5DNPoblWk26xaQC82AD5Ey18XXt5ar+APz8T5+Ht4d7HoIfuNWBjsCU79BsOGuPWpUYnXgWKb484sqNXdv45dfIPs2OHjqD2d8rEb/mx7kSDso+FSLEnfAP+2wWvvljfpDsW2n5Q7/BhbHhsoXGwZEYnxCvY1Dc1gnZM/8AtEtmuc/GEG/MITMfIHKB2fIdLYn2Js7HkJa+JrW23JVPYJ7ctA6XXkdsn3JMmOPZ+jHLdsySVOnxZMHLbmPjI8UH4CNN0tCMf1Z4gGxAHRtrV+Ib1jps7Bl8QXxfPLPv8JJ+Q9L5Zy+jI3c7YA+L+efgYwdOPE+7rCegPLZPg5BM7ICpMv1d+RsPPuMhrtHxFYg/UHABhJrO69IJ+DYuOMi9eWTNnWCObLmcbdUZ9THaeTVt3exjHhJhsC9n8Ntgib1y8Oz27O3x2El7y+bLJWVe2GnbFviFvIpG/F0jY97H6Yex28ZkmfMsIdIuaMxyZ7b/AHjbfq/5iT1nD6hqvPiWsdE4dP2lrjywj2yd2D8Z+f8AbLySC8ey/q3eJDhh2NLTmQ8yy47bz9w+XE7DtaqXAYK65MQuQORbcHB9ZbM9s5HJAH/tl10tKdnXLt26eXcZlgbsATOmQ/8Ay3TAe7Lrh87ZGP4EPIfBvGy1TEcfw2SPVln7nbHI9jdmEj8IGzh/br21dlzyElJN/Cc3bXq9Xnt8ey3xGjGng9tro+ctCumFHywMB8uej/U8+RztqQPIHdF+1OymyNlJxjDyNs/cGT+CRg+5ct18mEfnGx/Dmw5zlihXhZfj0bYBu3K3H7yUO8nAYhO6EIANMbbYaezbC+p+pFWNS+HZW8Mkeo8g/IbMAJQbNsPzL+fIhuTdLryOe/h1L+NRsQksvEx4gbZluky55ZtmT5YsGCW+Wd7PfLITZ+8vaZzls5KmJk5MEvJRIKYnL9zxDfDtxAbLsdCyLxgv4nyH9W6fjGeEdNui1G1Wb2ZlrBBs8gjqXlpPficTIWAwxIkANB8R53CydInQL5LP5NZ0x8zkqdMYtZKhplkjdR7GuhcIwVCFrwn2GvNlPeCw9jKGMJxuHEhTyVguj5M0W+R+7Hzc/C27el0h5bt3LxszxYPZfi8fkcy5fMHYdv5L9275G33cn1x8Mm6JvNlXcxdwmMM5ZWAOXJHivFtiENBxETeAn7tJR+M3yN3s9sZ2cHLn5Ak+rV/AifMtOty5APlotvX4yeDBTy1BLaRZp7CnzsvNkdHWKn1swM52JiF5oZl8BIkvysNbMNydwFc5FwJ+7MGP5ZaEJwWTdxhyTGXZY3jHhifzkE8l5+XxKn38CPG1YvUHjOMmTbPfwTJZhsgVNOEQf6ZS35I+vlpxkO5EFY+ra5E+5PdEs5xHkYT5vkJ98hvfj8EOPu2z2UMG/EmW/q0+23IxPIch/V/EH6vDha3z7LLpD3M58xIFR4dIVla8OZIO245FQky/UQdO2YN9s2jYjtrfeTNGDgGfuHIfwwEN1sZ4g5OTn3kJP5LfqF3pHpDskVaF/V1Ykfgss+5L9wH3fLGessG3ry7aI36hN+y1aLTBs8nye+XybbEnOJfl7GD6RTH5m1fVirztgkOPqwLIvQGU4IerDnC+k1mcM71mEvpkNy8hhv5RD2+JgjFux9WjzJgs7Zb2GG9vn8N5Gbr5eLj7/wC3Boe/q747BNIycrEAY16MBXRKN3CM88n2KRQNbK+q2zChVmMAMs5yCkKSiHn41NaP1J3by3S+Ih/Bdtl7kF4Y4p9h0nFvbhYWnY5+AaQY23llnWYjiGzEdmjvlnHbKe9uZfV9Y9m4gIAh8TZkA36YVT899kgAFrdun2GJUHJBfu5b+NfwCeH/AMCBPIWe2W5H9tyzO23Ty1zb120+Qc7LL6fbG2/Jsx/2HGI7EfSTXeSc6gOwUD4tT8IHi2Om3sAaMGoCL7F8J7Om2z2M5aPJ57fZAPCAkiujgw7zi5v3Zb2XL6ljPm+beT6l1uDlu/l2Fy6nmXs5jNb1mISI+T2bQWYRDs90iNEuMgfqqXHXz5suh24LZ2+eYuZEAGvwMSW77rFdWsNYBGYke+Wa+WTfH4vX8Ehf7GsocuyXPg/G6ZD4ky8cgPmesPJZnvJB25qRP3CROVzBmQ/t96zO8t3G6QuMuJschEmZDA7D5EuSAbto/MD2QuM5nssZeQ08hYBfi+meKx4D+qw6HH+SPxZdfj1+A5Pn401sG/i+fgXPLbLkZ+CwhgSvjl2SVujmS0QPb2yfSb19WTPMYBDPLB9Imln1IZQHf3LW/sPiU+QfEjj43Iw3YF7tvORvzezwlz8NsRjHD8E+p/GWg252azS2wf03d7OjuXtNZeMJXcGRuaayGyzxuZjIDpt9ZPw2sGzkbMzOSADBcg3L5Lswdut/Ruu6hGmDJndl7t+qVbA7cPjvsjSz4cGViRvwM6IrNfM3kb7FCDfBbdNMz9S5PY5D+Dj/AMtJPz+9+n4+Z/sZcyeieXQVC0tswm3OR8PIRJyHFieMY65l3BX70QpWpxs/4kX5rGc8gOU8xbB6dG9Xv46JMj8ZcyOp9/Gj87J23Cew/EO2aSMefHq+tMLp/wCyYH8GNWnXzsmhvsDZSHNEn1MOkuNvcfZnI7OAzyBdnas/mQPsKfFmQe3fY9ch4k9uIYuF+SC9ZPi4SHvRI8DHAx2cdXJsWAOaY2XSfjYgRHb1ZHL1jF3kP3bZ8/jcIfwC/sCA4gyPZM4TGTgbKR5az9RAzyMIWtOZJ4fU3PJGPZ52BCwPMInjc+iyaekpI12LamkuOKScsSkDkHLLkwzbl4x2+IMG8Qc2+bgamwwE1Vyxxjx+soSXfUDVa/hcrp/GdsgIF+kPYKFk95ZTr/yHyQz7dpLi3gQ0a+yThazsnbNt/wCQiyv/AMnG3ceW+ez8MGfauYsj4/cGqdztm4J4R3+oWaH1hNxO/cbvtnP/AIXQJbPsL97KzT2zObcHth8SMV4E62ZKjV2ADfYvN8lF+J5D5gBnrbLPq6T6vmfUHOWtOtqTe/MmJ9luAT4ZO46eTImJekDgLKf1en4PDt5vj/4H5HYc/LeM3yck+fI+db1kVd8VZHVo369nd5lvz5gzyIOFsd/Vke2svu2XTyVMQZxBx3shgdiEbd0yRBkeGHOR4jchJa6fF/1ebzWLrvUtOA5n2ImkeI3d/wDbMHw/7bPf8JLF5Dyn94adAT+Fb9HJTSsftnydoYhOgZN7t7YT1uhpbLhy28dsR3ISHkTun9WFNxuWRd7kVXeSyPeQ/wCUYLALKPJEkk+zTEhVds0d5fJyucfqzkXRcW/jPwONz8AkU/B7L66/qfgce7OT9lWR13w8/wCynTdkd8ufH54+fwHTyOmQZEhC4Nh/sG/uGqQMVf8AYYCCyloSY8st+V15f1LDtluT33l0PnLMU39Jh0/EIfYrxDz4ixvthbfIn5Qkj5l2kjztgjoc0vFiw0jj5t4h5dFj5tl+i6kLvZaLp9SKr2//AFIAjFByD9WbLltn0sodwnaoPONv/COyAGe3SnYkHo9tVXH1Z3ez0nGQNzR2JGtJhKWcgbmWW2/hIELffZSwE8fZkokfutUW5pKVZ11lVwd9tKb20+Jy+Y6ly2ly3I1YijvxGZJryG42H9lDXkf3C5GE6H1aYO3Iy8XhPfJM2BWyO303xGzMus5l1dP95C8xM36+ZgD48vh92Tqk7n2BeinbW/rLEKEg3/oYTjl9AYI0Rk/JDpP7gA2OJX4jwsq3FJYOp9vti/dMS8tl3yxVpn4Zo4z21NP1fNfiww8xl6fVnbr5sseb/wDAgfqPLCPE/wAYvp2CPWWD9R582f8Aw48j9ydvn8LhuH+yrrByVcv9y7A89bqbDra36/UzbH7vVvxAsGewnxDvkGmQ7GRhheKFnkPSTEA+LMMpiu2AE5s0XLmvulCdXTDOJchBDRgECGmsVgRPsJg/ugIXswCQTT2Z6gbGOEjOWJlGOyy7PvJqYf5F6Ri2jk2PEScQcOoVsZcsvN+IdPp7aWvxYLIkWIDy04PLRvu1rixRjGx7e8kyPiC8viT9fjfuQH7jXAFsN3yHv3D2CMSmCB+S/qXPi2P7ePZ5L8vk9NOxr2zTXhM3puvZLzlhJOofbbXyyEHXWHyvZ7JIRONhKn4wy/ufPOyx7eu3zBl2QvKhLPifbANoOhY2sl2GsCs5G8BsqGuXkyNsEa/cq4WZ5kJ05DRl0mVambZSt+WO7qzCxJJAELK7Cati42f7fIkdCiyZELY5AdAy8LRHMMcBbEI7+rJOfu4QD7hTfDy4Sivjd/8AoQdKZwxBhwjOjOGhv3KQqocEPswdkJjyMicR48jvzH7XB7YoHYb6L7B0Z6nk+CUVwXScxvfiED4uSbHH4YObv+WcXz/9TT40bW1v+35/9lG/vWXXTv8As99JEjIHk48n6W/S7Z9xH2DJsSYJFnwsQbAAvZJ08unTJ/lyFmtm62T6ykDZD9cvCUGMlWmbOmLljqkPfiDCt434lOfty5bvwJQDEfwcgIkSpm8+pAasBuifuskHe7BvNw82eNnPei4iwhpHd4hdwhEzIA+5cfjyLDZ9Il35gBNN3UOgeQkF7GhB8xJAoXDnb+TzMH5QJhGPshb/AKurTt3YMA4/y42t+Y8wQOu7YbmPOxJR3v4G79kZndkfJwA/bjM+IL8pC5vyuge/dvunsY8d+4v1YycE69v/AFazPvZSwyN5+QB2OkZ4bVjsOAZ4NjQO3Rk3XFjwI3CxwBX+2ATGLpTOG6Fi9gUJgclcXGm1D8W+XCITCWI6h8gLQOs97eYmN5rsmUN3UZnoQjwkSGThx/yDzQRcKjVwIg65/ZDpT+wccf7eAYuIBkTrGRl55J+QybVQK5e5kv53zZnRkce5HBWRtQI5jGAUk/M3JumpDks/DChR+TEjx+0G/GMNO28TR/BfUNuOiQ3cy2Y49lIeC5kYSH5tA+A+djQwcB+ZmI8Cha8WsBktLB+LR7BvsCoTDcL57XfJ36unpZ2DPCXfJNll70yxmWMiMBI2SIRPmF1ZjkHex1eBF6fLBqyBijCxeIsJ2ILMe5dhTIwMRPo4WE126tuzbHEHE6uckfJPaJB+HIYEaR9hBPygfKD6WjWxwXHNSmzcgTdsUeThvMrmbMbI6+H92iiv1b3ggbOFzAMFs/8AIdIWqZyA7UOxAsBljNnT7Z6uHGz54uR4uc+I80ljERpD5EEG31nJ/YOQagEdOHSTFT7d/wCQK3EfO+RkMXwcmh8mPlEfEfSb4uHfZQzO2h2w6ew3lk9kLi2L32O+eQt7B9Wr0tx8vr7G50tDpGHtk6th9xkB0XETEedtPosndP5ep3/lg5/E7ANT+7BB/cs9egg807z1aQPZvvqbikvRIwK0zxIZXr5jKacfW3/+0hzt3h7CN8LGIx0cP7JecSW+t/dlYcyL8kocxvkC6cS4kyTCB0TE4/7BGHCzCJB/EWd4fzduMNGZp/SFL2CxbaOY2Z0p83K5PkOjIb7AL7LEPH2+MfD8AI+/xDgMmV+oEfbrX1gXfHW8fB/kMYXgMGXWj+IB0/ttSCa8NjOh2d5M3nYXYLA7CFyCbN/DL7O2Px7M+kC8l9SQPPI7yQ3aOW2mdhrI5kCRQ6MvXt+9/t5URROrV4ZLhI0xtwCvkWUrrmf5dlVgzrCwc5m9llymRGgsQpeLMLqB9h0+oy+J+70CjsX2+M/EQd+LQHFkjH+wc4FGxlr4YuZpPRqCWLYUUj5h/WMv/wBojBB/NlDwJbF5Fae/F+ithRBet7wc9tuNQ/iJn0mlgkQxk5DvLPQ4R6P3ZhbDl5YQfVhxuwOBr+7YnQ7K8QYHslbF6psfAFkaeHwWqyb+ISrnxG+Yc+YkI/5B1C8oybKBunDbGaEx6j44F8IZdOuEt9beTZubsQdZVPU9hAUUV+kYnpLyk7NL1O3KE8QbyB4PYg2xNP8AtkBZ/Y+T/wC/in1kw/A7+oENkQ+UQDD+Rxgr4ztu0ywVZsoPgx3vZAwH+Rm0SQwGB4YA1Z6rkh9JejsN/S2b7FcbI0YfryDe9s/FjwLf7I/ZBbsEwuzo5SPYBOb0WbDj+7goMOpMfm3GeQfK3g3SfwRZGM9/B75CxNcv+xIYWGJEwsPvy1TMQcPiN9L8sqRqlgPD9QDN3WIF6TlAZJ5YR1AkkHS+9WF84wGxnIz2bCacniQJ5fiXUfI+lsL7Ma9uGdutfFrEsWx/hJ/qIjnGwMDfu14C3IB+LOEGG8DC6DkLqP8Aix8GWMNIhmK23qYm6JwJc+LqmCNR5z9TgBkM8H0zQPF0rH6lI3ZkByWLW9RuYLJotEhoeSczY+e7dLeSQGm0N6/Ul7Fld9b1bPca22Ju26wXMsBnnGwGmymxZyE1MYS27e/Uh5llohmNh8UgHJ9RZmeG2AO+kezqRHq2AEHy36Ia6WeBdDnxEesjGt7i78zJnsrtcu4YUvETj+31EY9Z9uEluuS81FtWPAvW9hvbPAvLqbZ4GDj1HhmSnskZ9RGQxAcJOYusKH4RAvwREKDIQbA7+5T4P7BuGMBa8gclxgbY4c/yQ9EmEyYMGQDTM+bcH+QnkXkA/u6HB8mHQ/DlnlmPK2YDYubHQq5LHvZE4qXyZqzTqZ8DYvEu+Qb5UCTT428DstakzOGwfGXCWcSeuG/d3eahzOWqNjyGOZyfoxgDh83XifGLVqrwNx5bzvzdn1+Aeey7sukuHzHvaAP9uWPrPSkbnk3vrDjF2I8vlfLkszfEm43Yj5WFu26jtQCQO4wgm7V3k4Ts5vSP5cN2RdSBd5DHoW7vkfnV6VCKmWaDJw7Fj6LlaYScf/LVn/3lYP8ArbC6QOoREzx8rKimkd8HPgmzozK15GxQ+/qdB+OrNN5XwhP3MeHfCH5L131LxWVBOSR9ZH1QDo7MeoB3pt3CWmrcVd+8WkMk/wAn7EYEDP5a7lnE/wDJM/8AzPtwknDX9QkMcnLjHk8k4EyPxctcOwrjnbPfEiJ5yc+5HxK0ttrPSEemJNsS8s1nAvIPfJFzhF9iwbLyZnYZ5CdexrrCyYNszjxvknJoGn4pkj2IjwlO0lMl/tu6JBPofqGIHWw7/wARTE3GzvlKBST5i2BjL9tjgwUBxobGpDFNiDJH0LV15jGGpGCZaOXW+riCU0FM7tPqBxX8aXcusHd1n8HLCaWwwd/ZMuRMMnmA/tyfBZQuPmL2MP3AOyXC0CLPqQDhrFw1tuPqAziU3MRP9jkpKTOROXEcYM7j1YXyWrHGMua3HByU87C9JOVkHx23CJyvNu68tz1ILuDGDAYuMp/Y1fVq4BOLZ3XYQpybHQsffP1EmltcuBDjWWzx+7oeiR9BAOdlkNG2A6BHOz+rDSUkK3UolFukq0O3EPN+Jnzz9zHIdoJ9QRxAfq7oG3rmSkEf22mJX7jGOsI+v+SPSYDd/pJI/wDYIa8iHlIqAB7IBb/kJTDkgOrP3bhF24IH9bPrAkjQ/wDuAtTt7oP5b4RbR0f8t8k2cB+28g1+o04n9ihoPt6m342XGdtdmWOg/Aa8y3CgvtGwGyrztg4gD92WUWVyxhnG3YHLFwSHAD+zhg2BvwRfLSwYCQPwhCGF3vc790injkBQP/JMF5kf6KkF4/kdqH6h4JvzDdWPljLd5bof1eZRftaZHrMnPJ7fUxZjs8hzWs6rhyx1efcHUsrKb27/ABvkAlGIPkGHtHwP+SWAECjnr+1gTNsHBESdO/yxAD/J2Tf5F5xv7tmhX9zLfH1fGeXIDbCh2Lv/AJWfOP3cLp8WLRz7ks1tjaGQhiF1AyXoytu5yAxOYxhZAdZxRl80YRwOF4XLZurlIIxiR2f7HxXGCCWXqyyenJAa8h4nL2wwu/jmprBheAxXvLia1GNOwPvLFgzmOwwiDrt8htqtk73ZGRFz8GBLIwG3u+rWbcgT7LxUHyYg+IIbLzvftjRbn7s68QbFAGYGO8gg2Lr+Vu2kyzJPHzOLzg4f8tgNfqeQIQPb2ES7MONmC85bH4PmxD/uBwgQvGxTVjDmVmYeP/FrSxauP7sF3Gl2hk6ef26w/wAkOCEwHNNT/Z37bGvL2bxsQgvrbUR2K+jcEZDb8/V4eR75McT/AHZNHI8V22fdabySbTYs8QD8f5JwYvzy8frD4wQDS2G4dt8zjbGY2cfG4A2czB7HJztiOhCeyzEHDTf7cc0IHtP+2qvM1OE/tj4m3ZMGIXcz+zvD+bDO8QaKMs26zrr6Se7mfFnfL7kOxX6QVsNa9+rIeKcs/esHE79So/SagmyDJ/k2NwmhwEkwx+0mghv7iywzWLsvqFG2t3peDckPPJAngsE2NgXqRDq+LYnBtSHb1HC5jFs8zk4o6SURhdB3cQBgNTfSSp0j9t7jlhPU4vqaBLQGCoknTW50dTyZqWP0YA8iHDKtiz/yL5oQeJ9JAdmw2+Za1YwdIs5RJlk7fU5Io1GmdHYvxkNRdQYs6cnhyCDqnZSkTHjcEuDr2A31m9X+R2qySBOEfKYg67aQhZV9in/3yeqy8dOSQ1t1rkciJdWafS2w7O9Mjjn+pYPtmuBaUBlFOJaR0XDWv1YuGMT6gSKqw17yGn5vsYn2Cngsp/smNng5toXtz83gW8lLAm5CB6/VovY8bccmwYCTNLD8SMHCVvqF1gperHBFtbsspHJGtAgd6IsNIXIn+Stfb6ncTn4w6prOODf2Wkg3fghz5JTxyz1fwIyNBsRpGEBN9P8ATO9mQzpP7AhGWzheCRmO6h8nZhKR6/jQjLz+QcJyP5khDSkYhEkCEsXJbEpNsQyC0YxHBsA49RZoJJ2O/EjnKMMJO6bjmo5rmDdQeX0Ik5M2xBCz77j9wD+SgECKA6y1hJ/LfGfu8sCQYl/lgDtk6JMPeRsC49icBrIHX3gSGuxubmEvtP7+ONBDrPmAS+rmoLywlN0tdP1MJqE3EsZ+4r6LYPUp+okjm3KtXzPR8PiAA9Tvf+IoNh4fUqvY2STMYEfyDQcsuDyQEYfD7sx/icdDZ/gyU1cgM7S8vWf+wJSDsiPqS4DJVTercpOMmx82Vxj+o2i7TZ8mxhVIK97uzUzBpuDriNHDyx0ht9ovCSDGDrCFHjdAdyXY9lYZHKcsGdfu7HuQA2aRgb6uvjLIppLusDyKQvs39Wa3Iew9sWLzTyZZ5NMbLBS7nxZgCwDkOmhyI/yLnnlsHI6ojz7s2b2aNTYn6klBT1avMOdmLJmSD9XBZR2AmnFqNqh0Nspu4wrDjYyFfHLO+ZGkxOdurHT4sIcSP68+LrPZIddMxx5aosEudgj4fzdOof2Ch/kxtBDPvFBEzqRQQH1I3n+QukD4Olh5p39R4y6ia3BMEXvllW8szNtNahx7cGg/clnr9yc0z2GP7s6sQ2Q9sj1YJQSl0hTm2k9PuGBgbTCbAMn2RxjmP3eAO/F3Iz6vjEt0Z+7Gu8i+W3cPEMZkiGJCnL9JAHgSa2PBPIA0K3YcXBA0i72zB7cSjsaB8Wx4RXB/t1glhmEkGTdPd/UUUZKAYXlqIycgQy2hL8OyChz7bMvn4WuxkBBEwJ85ApdWzK0QMDr6vlBqRz4VvztpE1ZnlhEwrN6Tto7BRrSRSmt8T6j4MMjK2pBbi2wWFh0bM/p8whP9GKz3+rpKrbBUlCE+bWXLVn6IH8sS3ZvSnyMW+6tsF3QS4XloEhSez1k8zgyHIX7Nm58Qy/yERaIS7A4Q3C2fidg+uQNCAg2VdOQhpDF4YO4wEakvHsk2Ouj0hp6kFBmnsPrB7dkAzAIh3bPvxCpeJ182coDH4hJziQnZXwIkiX2MQ1X2AFBtpBmPls53y16YvGc5JvAsHGjnk0W18Rh19kyMTPqGI6PqGXN7H0fEwfpCCFPphB365sXwGpN5grAx2Z4TOoQoFB2dHPY1vjK1ONhTo7Ch6OEv8EGwCA9A2W/uQd8+XOT7S7MxOnX+Q6//AHkO8ZOcxk4d2fOsh5Cej5P+Ee/+iweifyROsa2dhmVfB2xHOSz3JtPWSRchtsp7cWIX7kw59g/7JiclP2JzlnUbatYDTmTAzM47faTVMbnp82+WRpAXXsWj1ZOdsodTvBmQN0ncFtfYC0hs6mp9PG3Eef2JhZZg28dz+w0o5f8AAkerPNkNmdH4svkPvxKbZz2viFuDD8Mem6tgp0skMhG5PbwHc9iHxf5dAfj4sDvkRbENYdwVG5HR3EiLGi7/ANvsTf1JzD4fUjUho9v3OAzozrbXFPAuyPX1BCA+2bBr/U6QpvjaP/BDi3jfI+x1JPFDQ5Fxcj4YyOphjhI4MtvXsQAwWrutmdUsHL6Cllu5z9xod84fqKQSMz1skSyOP8jPOWFM7ex2ahpJ/wD3ykVETWmsizAbHLutghyYyOs0HU+0kjcwAPf3kR3F/GH7CyATOaGyKFbGEwned5HwYw9OT8GXwBAVzkny0g9e3ynZPQLPij7Pbye81cnPDs+FufcQczs2bROkBga7hJbl562AX+JW1v2Lgh+gRFakIc7LyofcQ3y8J7zEoXPmSCfpdNGVC4u7D4Ng8cJsWd6Pxw9smfJAvyZbh9iHvlzP15MB04Q8wbP8XcOsrAhiGCnddthvHxIHcchXE1hqcadhZdLJ3mfFmgTmLgw2DMXpJ0Uk3WkYne6h1iAFsFzPqIaJyYPyBRfmIEY7wKNwIMfmFnrnb3rHkyTeFyBBZkbp3+yr/wBET1RNgaWsdlsbtQa57b6MkRxsvGbJ7FYx1lsHuz8HW0EQe7C+W4cfSJLG++lqH7tMR05ey8lDvJfH4WHTlk1UnBKLK4ebFBgQZ9Pmd0W3QSQoGyP4MnRcPjZaBwl6f8SaEfKKXofiYHOZEM5CgeooTpYg4eH/ACVbuttjDup9HwWB0kD1gSTwYPKGxG4ZYyTwVwhv0TNTctZyepyl7fwj3Fs2kYwjFrCYOIYkGtvTJbHo+JG+ksENvi+5q0ZBH1LGB9Wc8n9sG5f1svb27zjZzXlyDa2Oe5bhhZlvG/u4CgfHM7wf6su72K7TkBvUCMMP7A4EnHxD8ERRSd37tKMQ1ywM7BMLxGCdeJXwMGxOSaYcslFcSaWHUduJ0ST5UkjWE+ZvPFncgYr2XEO5OcTkrrX3bPMd3Z0vxkWd6F2DrpepgiRdJwfCsxoPPu2G78ckCWDpJqcz7kxHYKSA+Rkh7J2SV9y0G9LYoB/I6cun9u2aMMPtEge07N43z7mTNtD4vO7Jqbtrn8JQCaFp7J+BkqFJ3Q25LcsB+IFYOudbPzBNJ1zyKxo2A+EA66y2QH9mftJE2wtZjC8E4GluiORZ+EBmYGoiHoG08NsXfEDu07vi9cv6kOrn6smoP5DtfhhTvpF3UxcaIMqwzvttEHSoRbNQ4ivMrKeTh+rPhJ5xP3AidnDILqb9WvBsaD+B/knCv+RhQNkeFD0Hv2zK/llDSdgzfmYHAfU+fH9WKHHuRzvOTcL/AN3U4Z9MQMiMb2g/uDnViRDDLRCAvuNOHYxH6g79JeZuy14kblMXYJ42D95ODrBI91uELMuuBaIMLl0uT3s/uinYssidZB1/kbBk2vGM0/5AHnkDsMhTAtlOSxTn1L3OSUzBYbivzJU3Uzk45I+J9sHxH8ucov7kvRIBoUfqPIv3atSBOOSPsRxRlPxneuQR8X9tpxN4df5JfS3PYtmge+SZwz9E88a+ryGH9QADb9F7p/yciX8XiH/LgmsiNx/V41/5JYZ/pPTUD+QhV/kRwP5dQxmNTdXjZG5/t5+v9sfrZDdbIeE/cp10/kJ//CMc4fyC0X+WjQ/ZO4T+JnqE+Y0lH6C7KWaDDW8xfNvNNeEfJnEcO4blWsDmSAjSbAFycG+QxfsUTn6yXQSaJA5AFTt/HD9WH4v3ylam5BAfN5MGiIQ9JnDglFdhfRLhxzEr9nWByWhNNswJwHy2GGQGUU1jNflajvI9B5ZtPZLw/cMMN/sC1/vYUf8A0hOzY81mCX8iqDP5bPP8JZj+urYo/wB3uX/Lgi/24rmBZhslXJfiN6x/kron/YwGpMHefufFSwww/wCSgnOB9AyddAH+Qy+f8lmD5AGuWl9z/IRE4eOwvn8JBrYx+4LMk7IttCdaXbGBOn6WnIDnFfISbrsstMQ72zV8gAloMD9w0o3IpMFgakA11ej726NufHl09DPZ4s+PZ6HscA5cnUsyvYMXyYnHLpyW5fmVdAnzEoDts47dEZKmp5PdAuTz4A2yffu3ruPwQ88cZVPr82EBxI6cxG6U6EF+p+hz9WYuAfDL6+Pq8+T+y5gv5L9F9FtBf8tm8/tbA+v2LD/jIZgfzLsd/BOdv7PYwsH2NkI3+XKOfQSPB/l9Y/5IftB8OQD1Z4YuweeWncGIHlweWHpGHycE38ITfLxLhlro/g65L+r+YP1JsYOz+rY1+IGTnskbzZEQhH8Bvj3ZwHRAwGad1+JM6+8gmZYXRi7GMiBIGREkwzftg/c2LX3llx/sAnp9kgL+psPi54yyJCM9tmsD5sx5K9bDh2DOduLR2GeT+RPYvbhDqM31dcip6YHE55u+z7vgQoQNcAt16f1ZQU+id1kyI79bGGJ8Gl3cj9wHF/oRxgP2IH/wo2c4/q+Dcg3ry2NdQ7uM/AX/ABnBH1vYSaySlt295rhJzuQAgJMeQbw/Ak5GS7+PZYWj2fwtuzJfwluQ7P5fLTn4CiIaGdcFhKc+rNv/AHHfaA4uWcPZ+WhcKGxzb4WwGNgwbAHxZGOy6diDpDnPLsTy0e749tnbrPu2QDixbjDgZ2+W2Eb0bIBsAD4bLB7aHLo+kmzrZ/2Fm8ITqPqZLtn3yFA8/Upw/wCR4wMJ7z6/HByPIQkbUcgwB5fqiG5B8uWTm7YVy5tuX6zqaeSn5gU9hwEIHzLsf2fYNsx8hdF5fEFxDyU9/A8iN+Zz6lTw5AlsN73GN4wDq4Xm96ld4QIPiLzxuT/Yv6gxBGLj8C5aJ+Et5jkIDn+zjZk59Wc1tSBgKETZ7Ojr2+dF4ibKHTLTxPnkeocvPNM8cHY3TxLZTqzHOQ3OJ9Z4/RLkx55DnFd+5sd2eLrYez8/bwElgMuX2WECEJReTgtI8tJxgnzB9hLu3Pi+b++WD5MSuM/FOHklZG+', DATE '1990-08-20', 'Arteixo', 'España', 'bio', false, 'ROLE_USER')
2017-12-20 20:14:30.924 [main] ERROR o.h.tool.hbm2ddl.SchemaExport -
				Duplicate entry '14' for key 'PRIMARY'
2017-12-20 20:14:30.925 [main] ERROR o.h.tool.hbm2ddl.SchemaExport -
				HHH000388: Unsuccessful: insert into account (id, email, password, username, name, surname, image, birthday, city, country, bio, privateAccount, role) values (15, 'parapar@example.com', '$2a$10$Tt.xX1i5lzepgcLs1wNH/O3EqLA4Nxy8pPuhtB36Z2lEg2TeOOY7', 'javierp', 'Javier', 'Parapar', '/9j/4AAQSkZJRgABAQAAAQABAAD/4gKgSUNDX1BST0ZJTEUAAQEAAAKQbGNtcwQwAABtbnRyUkdCIFhZWiAH4QAJAAcADwA6AAZhY3NwQVBQTAAAAAAAAAAAAAAAAAAAAAAAAAAAAAAAAAAA9tYAAQAAAADTLWxjbXMAAAAAAAAAAAAAAAAAAAAAAAAAAAAAAAAAAAAAAAAAAAAAAAAAAAAAAAAAAAAAAAtkZXNjAAABCAAAADhjcHJ0AAABQAAAAE53dHB0AAABkAAAABRjaGFkAAABpAAAACxyWFlaAAAB0AAAABRiWFlaAAAB5AAAABRnWFlaAAAB+AAAABRyVFJDAAACDAAAACBnVFJDAAACLAAAACBiVFJDAAACTAAAACBjaHJtAAACbAAAACRtbHVjAAAAAAAAAAEAAAAMZW5VUwAAABwAAAAcAHMAUgBHAEIAIABiAHUAaQBsAHQALQBpAG4AAG1sdWMAAAAAAAAAAQAAAAxlblVTAAAAMgAAABwATgBvACAAYwBvAHAAeQByAGkAZwBoAHQALAAgAHUAcwBlACAAZgByAGUAZQBsAHkAAAAAWFlaIAAAAAAAAPbWAAEAAAAA0y1zZjMyAAAAAAABDEoAAAXj///zKgAAB5sAAP2H///7ov///aMAAAPYAADAlFhZWiAAAAAAAABvlAAAOO4AAAOQWFlaIAAAAAAAACSdAAAPgwAAtr5YWVogAAAAAAAAYqUAALeQAAAY3nBhcmEAAAAAAAMAAAACZmYAAPKnAAANWQAAE9AAAApbcGFyYQAAAAAAAwAAAAJmZgAA8qcAAA1ZAAAT0AAACltwYXJhAAAAAAADAAAAAmZmAADypwAADVkAABPQAAAKW2Nocm0AAAAAAAMAAAAAo9cAAFR7AABMzQAAmZoAACZmAAAPXP/bAEMABQMEBAQDBQQEBAUFBQYHDAgHBwcHDwsLCQwRDxISEQ8RERMWHBcTFBoVEREYIRgaHR0fHx8TFyIkIh4kHB4fHv/bAEMBBQUFBwYHDggIDh4UERQeHh4eHh4eHh4eHh4eHh4eHh4eHh4eHh4eHh4eHh4eHh4eHh4eHh4eHh4eHh4eHh4eHv/CABEIAPAA8AMBIgACEQEDEQH/xAAcAAABBQEBAQAAAAAAAAAAAAAEAQIDBQYHAAj/xAAaAQADAQEBAQAAAAAAAAAAAAAAAQIDBAUG/9oADAMBAAIQAxAAAAHmCSxNJ6RAj9L4GTWskoAzR00SO11UlYNElTua2zXEqjnjU5jKUy41GaMpNaODuLKzECTGgCRA2FKdETMUj3TabtkR6TSRHCkkGNmYyqidUWPptlG/L7vfvnTMR670Pn1X1CvJ5+Lpcxpzk1LWaRZBSD1O2wxNlbqI7esGlrVG5SG+NbvyeaJyNjAgqpsZp/QY58ey4hoh530EVWUE4rrJFISSFSLz143THl0XUsPrzVpIU95X0fUm0cPnMBTTS+6/EfP7YvKlb5RtjLWSv1WZ1U9OoGAO5++uS0hY3Ql6zNDWrpDmEHs0pZ7M9Cy9aZ+Gd3RjoK3KZfTl6nreJ9ZM8XzLoWd10z/WOQpEz2GkA4RbKCDBXTc3NFH6fMdL29CGzmlnVGrG4kkgKE2GWEPOY5W8KeNXjpQKrr57HlnWuSbcviwvGOzqLjLKp6y1Cp7oF9Z5mSECk6V6WslWmo6PyDsL9AuRJlMLCIhuAIEKUmnqyta7OXyPVdjXLTE0lsB0Y2/MOi816OB3nSvEpzIE5ZW2gWFNb1fERlQWZQkpg+dy67E7a/QrrUPO1r1Ynn2zgfSS5go4/IG3Oz9Q2smjaDbzPOKLcZnaIqLdOXDhn2MvPy0gemmpY9mxgp0zdms2NO9OY8QBWm2ieBvujvxOV6MNtWZ65T6Axy2b3IUdGGbpX0Ye60p4hLlUnOoAuco9bWvMGnpEVy4fORuc9TGydW6iWMbKom2L+rauffZjfa36FgdpPSZGldNXk47tOaBjq2N7VgNgJXJA5kGjEneRgtiOqh0OSzwVGpz+WvmoKX0T2V8gs3pdcsdkXdVVgZ5PxMCZbz1V3T5dOasGwWmamgvQfYvTNzxsia9BOOJlzRQVncZt8PNwOaiZ4KnlE1yoxlkSz1exfIrSPaoIx4uerwTC8eyAuQarfEKMg07PGznpBWxJrHDBUPjgLeYKVx88PmlBcuUnmLKd5rguUkT1+pEcgeRWh6J8c1VajIXuHXU03SBCxLIdJZ+fIrhExhR3NgKLBcWmmqLeax26HvPQ4azE9Iw3FkEojvNghYPBpE8z1unyogeTzAd5Ik2hH5qdNqZzewx6duBnvBOOHnri9rKW2uV04+giz7Ee10y9HPH28UjWkI5jD0TFeZISwP5Z1CIz0+pzPOBjZIwRqwDZVnzNAZDU0t60rblmN1xVmyb9ZBWcXYWIWq1yKlGd3cErmwDIdA0Us1cWKtEuRUqhJI+TocxrgRvkBtdY0gXO3rDOmM/yrteAdxgnQ8He6BUkboaPo2/PL6aLs4kSAOyweGalILOxMe1rJ25Z5gZf/8QAKRAAAgICAgEEAgICAwAAAAAAAQIAAwQRBRITEBQhIiMxBiAVMiQ0Qf/aAAgBAQABBQLUP9exg7NEpeWB1Wq3suRb+Sq77319a6N3YAXV1u/NVt2xHsTK7KuSxGYvI49ePMU5F1OVi3UNo+TRaV67dFaDe6PMCfTXp1nWY2NX1KdjyIb2yO1yGsVoSSU1uz5GK1px68f7eAmu0Gh8YnqEbtim1Kqk9zfQ5x86ykckL6npvtC02N93UiBR4sdCfTU6jQWE/KsoUsSfvU12Xk2jA6tHfyzxMJiY9vZOPyDK+PzBS2Hcsvw7FmQHg6W17ZDm9VCIDL/K2OjPUwysfL4h0tprxwLFcJ3rOiLWRdTS6iGMYjQfB7hkYaOG43x3E3PKMLExgtiCe5YQZM9y0fKqaWY2PcMzj2QeUI1b/HcxO5XsVOOR3u3dx2K+GuO/R2ZDKHVQPT5ghgOp2+frKaLMi/AwsXDU2lp5Vj3TuZ5THvAnuLyUssWG+wpl4XuZfS9Dq8Vzux6zMLjMu+nLfHtR1auzqR6cWuK1a7M+Zv03CYP9+n3xKUxantcqbXhd5iaCs4EStrYmGdW49k8VsX6zuO12NXkU5nHtXdZ37pV1b+McT7RM7+PdpzGNkY2ZW+pw+PVk3U8dhrAfqT6f+mGHc4ira+SlJfklobHabSV7aYWL3mPhoJ4xpqQZ7NJl4aBLd1jv2TGC+U8bx1S5V3CU0UfyLHrrwM+vOX+XL5OSurNT0WvVZwnIYGXjbhhlaO7PTYHTHZktQoauyJWNhcQNPZmJg2eTD46UUisCbnkWdgYzTPr03VmFU52rrKfHMGzFGXRyfHhf5O/57l73WApYNysdicf6/wCNV5j0jFfzVqbralj4OPZbweKLK/8AG1dq8VFnjqnXHEFtYguMN+p7uue4qMDVNNzKTdXbq6Eded/6BZgAxmJkvRkZ1r5VC3FanAsg/eRiY1TMrE+Xxpdc8N23JVEVXFGLrHx1FrTSCeTGhuwxEy6ifI0Nyw5NAgyK2hn6jt8clpJg36bLVcjFsBD6i77ZOfc+OSwCOGfMqam/Ib6WWjqwYy0EJSq2ujitH+2RWX0vnna+EsZ1WaGrK6mK0VwVhZ3G/j0yW6zkm7wDUB1h2P2cfr9Sglg6/brL1q8VtTioAFUYeXMZw2Nb47LH+2G27FsqQL0IBhdoXeMyKDlECzk0WNzIlHJ+QVstizLQsmZ9G/b3OteIm2Oj2+s30XyNtLtHyce9Rfx0qytZZV1j26n0NtXiDU2D3xpvujHNxmxc26UZIYeQS2wS9+0YKZj1UzwVRFap62Fius5ivq1X+tg8uGmGoL4IaeyWez1LMYT26RsVtuRYtlY6I7dLcJrVTAtFrYNticdi2VZt+Rb3vBC23+C3j8wOwRiMolZfkHZscmvIqQ1ZamVZAcUN9tbnO1/WjHZlwuPvtq5Di3pT2zzw26FF88DGHHaeIqcil3TER4uPSER9jylZ3QrR97s3FtZzxv8AwreLyrjxvHWq6VarzaO8twB1xsH8vL8Ybjj8I/bHxb6pjI0X9cuvbF4rVeHkZdnXDtsd+vzqamp1nWBKVYdAAu5Z9VscNSHauvhBY3IXVdlsXIWCvIsbDoCM5+GG5bT2DY7qwS6LTdK6Yq6hMyftVY1lNFLC6qtfEu5ub9N+ni6OAI1njnnKzwWtalSqeJucZynY6Ax+qTGWWw/E2N9Q08QgHoWjNHeOiPRh16OS339dzfoH2LiwmLjm4WpT2xrQFeljkY9eraG+Hs6wOLLEtUA2rPhplfjlF+4H+SYxjNGaP8itO1bIqqx239RPb/WqvpBY3kuDefHS0WV0agXUoaZBLTMqvXGw+WdjkZ7BMTnG8vlOUOrVmp/jtGaGND+sdl8efYFrm5uH1EZggAXquKhIrUem5uV/7WMta32tbP8AH7ntWSHDTeI4QN0ZUUQ/HradTf18rVmxy5/p+vWjH0tdKLN69P36NF+t+a/Upn49aV8tQZ73DguxLpbSBC51RfG+YfgloTN7jD8Rh9N+m/V/3B6/E1Mv4rCDIgwceseDGYNx+IY/GUa9pl1x6s1TUflX+rPOwI76jOJknx8c+WJxj+7yM2lse7+p9RNfHpcO68Zf43ubsuZ5VlPI5QvoyCwRtxgCtq9bPN8BztiBLH+KfyM67pIYniMNcdOXp82P6dhNzcb+53M1fHkYZ7KaK7I3GYpPswkP442RHtLFjqeUiG3cVizYSaV20uLjdLX+J37vyeMca4fvRnzNw/v/AN3DPjZM2NE7F9XlowrwK6b9hbhGvEsbYt+J36y28SzI0Q72nColYlVYI7eKv7ULqypcmivIotQ1XH99oTNAT50SdRp8+rN1GeHU0Z0qzOx90OvuNTKygsyc3cHmc0425j1KgoGpQhtdR3cOrypWqVCqAfjXK46rKTJwsjGgM3CYf0T/AEJ1CW1d20eqn2mHZjPU89xYD5rjPHddEoVSolUqGpUtljaCqdGDbvX1vsUi6zdhenIQx3yWoycfHa0cVTYzNN+g+Y3oSOqwqBMbj7smc7utOP8Amy+nTVpAnwVla/KSpSQqNg1AfRX2m+0yGrutexkNiG1zZVl5C+bv41liV79DNz9w7hjWFBx2OuXZ3AHLYVdyX+WjlL1DBV0f2CIDqYGJ5JT2wq1qNUL+QJ43ljq9eL/1hZdh0NV0puatpb9YrsFSyglmEJ9Pkqf0I3XrdagnHoKsQ9ycpf8Aj+LJXHxm8lFg0QYZj1s74947HsGYdme1WN9i5K0VXu1vt8vIbz15FC1ZNqtZYKsetJYLPHeWCf/EACURAAICAQQCAQUBAAAAAAAAAAABAhEDEBIgITFBIgQTMmFicf/aAAgBAwEBPwHVzN160UMRer0vVIhis+yj7UR4kThR4GLR8KMeJFFG0cRonDRDHwwQ3SNptG1ElORvmL5rskvRKNauJekTBGkOR3+xx/Rs/kURIyRMi40RRi/El/grEpG1lVpMy6XpWkDD4Oilo2jpn4kuzLjbfC9IIxDx92Z5O0kRl0ThuElAlLd4IQPjGDsesUUQIrojF+ySk5WQVjU4iTZGCRfZ9Vm+FLhtEkJmJ9l6Jl3oyTXsyz3PrhesH2I2xHFeuE1uVEsUkr5pkJWNljejZFGR26GXyhKhSTLHItsjAz5dqpHgr0NcmzGbWKGmXNsXR/R+0Rpnd9jiuLIzrXLl29Hfn0f0vA+/kh1VDuPxfgpH/8QAIxEAAgIBBAMAAwEAAAAAAAAAAAECERADEiExBCBBExRhUf/aAAgBAgEBPwHFljEhl0Jp4jziqw/V9G6huyhREiKrCfw2kl6SJSy5CkITsoVElRWHwb4k3wWbhyEcClTEzeJ2PUXRY/IvocpPscDlR59LzB8CzZFFcjXJLkWaGsRI9F5Q3/o2n9OPhVjEUxprEeicnXB+SQtZi12S1a4HNi5IJxPyC5wp0SleLH0Mss7IeNfZHTUCXeE1Q/RGpwi8rTgusNE0I4HXz0bonLc/SsyEUUPFDhuVH6ciUdrp+8kJ4SKFEvk+Hl6NrcUV6yVjibRQOESkaOnfLw+TW8anwNeqVk1SNw5DNLR3dlfMtD04S7XrGNDjuJJxdPGlp3yIS+H8P6MXJ//EADkQAAEDAgMGBAQGAQMFAAAAAAEAAhEDIRIxQRATIjJRYQQgQnEjMFKRFDOBobHBYhU04VNy0fDx/9oACAEBAAY/AvPZqnAhIgJwbKxFt1L8kHj1XCIcDLbtKDgDGqDxkpESnuY/McXdNOPDiPEt21xxNFy4aIOaW8RtBW5pA4i7mbmUadeGvGipNcQwTclSLqH2QFNxJ1lHiXA/Pv5xUqGxWGhOKbQqDqNN7d23jlsLCb3unOFui4kOmqHEXdFgbp3XG+GTJ6lOYHCMUjsuUnuoDsK6lP4tLklYaj2sgTmh+Cq8AvL4Cc5lcb9wxFuX8qavG0OuV8GrjpG47Ikq6xC5WKNuatsylZ2QLXEOQZUrvLOicyY1TnZAKWjEFyJwbSkHVYTSA9kA6i7uUYxQg8OI6qKgwnqEGTMFZy3qs0xwBhlnEoObMp9Hxjwx7Lswi5KBe2GvuET0Tt27E3rsYKTbzr5I8g+tSnjMlpgIOdwBCcJUspNb7han2WSvhC4v4WSO4qyDm0osqNwu6qo0ng0UKJsrqXAwhSIeXUrjKIVCoaU1KNT4jZ/MBTn2ZJs0Bd1cwTqVfzBFCk0fqgcGN/Uq5gdFZq9IKuLLlhTzOUbpoHcrJn3RyQI5x+6LHjZ2QPXNb/wgFdrc2jNU6PhqVZlWbtKLHWIsQoiZuiia83y4fOE0C+JRbueqxNbZXMeyMPw91wX6vdqs5XFYKWgoxZS4z+iuCuFRUb+q+GOH0wiwiCoqNMaoeIFckVByoVvDVy3xDeUlO/EXcTn12AVSM0x7SRhyvZW8+8f6clLuM9Fcho0C5wFxHF/CzgKYV9mSyVmqA0I8KpvrNs1yD2Gk1/V10aJe1x9WBuZTWbio0ZXRdQa7ADBLrJtHBm0YSi06KWkoU/GO+M20SeLyNAGZRZhMhNkEHHBUHKbJlJjTldf2spVmLJS5RsvssVBWMBTOqd9JTajMlNR0Rmmh3K0yC7+1uaVVpP8AgFQqtzBzQJAcCEWnMFYgbhRsp4Hxa6w2KxmDiQiD7JtR7jlkn1nN5zb2UgRsvC0XCuQ/ZXCyP2XIfsrSF1RWE5IYboubntbVzg5J1YtgUzYALM9k46qEd2MKE5I3CHbNCRwoFlwUGv56iZTAkgaK/CFeSrrRQxoWgXE4LmarOHklqbJ1VRuSLdgK3FNrQwjid9Sgq1iSi0ouxTfJEznos7SsSAbaygNLr3VAkiy4APcrJp/VflBcXh1+QPstGq76jvYr/az/ANytRpt/RQ5g+3ksmtGieToEXddvRDWUU1rebXssWK/RYpWDFadEcN5yUOXA+ypgfWg15UhWf99suussAXqK/LK5VLdsJrlUedAgFh2WQN5V2zdODxUa/QoMLT7lHDkeqBYUA7mTXG6vqmBhFlJdCjektXEfLdZBSFLSu+32VRsWKxAZLFGaiFbJXstVa6N4ugWK41QLUwzaE8uzVFzmWlYGBfGr029lAqAoDycwb3Kh/ioMTyr4dZtQds/ICi5gJXF8IHqsdGtibrZSXOX/ACrlXCsAsrrE0RGnVQ+YlDhmCuGyClsE9k0d1wnD3RYy9TPEviBxvnGS4utkBsn1KawxBY6ANxBhbwkstA6r6gr7D2QJ1XwxHdPD3EiPPDSHKAApU2hEYdEIj2UmzNlsKgmAhr5LFaK8K+1w7Km1gRtdOd189slKwuJvksD7tU0zwwhiwme6FN8QJjyT8sEo9Fh0HyIbqUBVFwiCLI06fNGalujk14Fxtk8o8kz8hn0qW2CPnAlQ50900YkC1ssiCiQ20eSymkeLosFQQ4KWyVgqsLUMOXyA1YRr8hxnJNugXeUq+ajROcGrqrsWGI+RZST8iDf3WW3PZZAm0ouQJ4j0UOZhUyuFwBUtK9ldT5WuPz81jGiic1dgUOY1cv7rgxBfBqz2csTgwjWFfaTsKxRkuHIwclujTtqQjTP6fNLTqFu3ZttsljiCsBdIWe2VHkCIVJopSS4iENSOYjqjXGbde3zm1tH2d7odFcKQyFwnbbZmrmFnZYiNm9xRVfyAizU2g3gPULccuHm6FGB8Mnh25efLaW2JOS3Zs4WPkz23U7AXfbZvqgO7ajWq8TXfssL5fvMndE2lG9n1aoeHGX8J1N+bfJbbfyZIo16F/qCDciolZrmkC2yGysoV0ICurCWjNfBPw2Zs7o144G6J1bnYeVv0jojUa5we70FYn4RWdr1WPkq9VLmEjqNsR5OyzUbAJKxAk9QjVqy15NjoE51F8gGEAR7qAFNR1ll5AGAkakIUvBP49Z/tbmlw1hnPRYqY4Gc7OpW8o1MLW+k9Vj8QyGt5D/acXhxYMisT6r6btGPWJtNjOoddObYuFzEBOAeWa5yiI2Sr7SCv/Ku5YhDKc8xTxit6Kf0qpTPquEbeZr3AimTEoP8ADne4/ROfsjWomPEnMdSi08Pi/wD39luqT8FUc4Q8IQaVTqF+GqBxZq+NEB4WpwC5Gh7IUvEMwCno7U9kWOedyeRyw0bkjjPsiK7n4q1mgFQp257CCrmfdY3t+G391DHsHQFqNapBIyc3RMJY7AzUahT5d54kllLT/JYvEcVL025B0R8Ywgt/6egHZfjGcNYWaw/wUfEV+HxIyGreyh4w+LOUZ/8AxHf12OqgzibqjVrN3uLUC6D/AAVRra9TPoSqfgvE08BOZOX3TaAM0jmeiHw8DTroVhLZc6wR2dlKyUrNRhxJjMZFrwNVPBUanMc0MJGYKxgtPpfj9KE+QHCcINyhS8eGN+g+lbypxeGbl1HdfiKBxUBfB9XcL/UKN9A36v8Alfi+Sq3lb/RVOpUofFOYnlCb4ZzN2WXOi1r0Kf3BT/G+HqBsWb0T3+Io83KfTC/Cb3hcMTroGWvZpAzRw0jOIL//xAAmEAEAAgIDAAIDAAIDAQAAAAABABEhMUFRYXGBEJGhsdHB4fAg/9oACAEBAAE/If8A5MwHmHHZKebXUalo6nZlggIvdOo9iulPsMLQ0L0TNayC/N/JlS9I+oMADMdRaHKkFukLhogULWAyimbnxuYBA6h0jCkr7ta3EEo8D1hnTZ6gOaiOVA6AjqY/cSGymai3McscJXkvepebmig7liK1IVnmupvEWr1JuwNd4zs5ndZZRVFBjwT929CKMFKMP+SXTUpxdMDUuWdsSvVwY9jzQvQKI7CNwfwmFHKEbDO5Voijg8twXsEA58uUctOM24fYr77c1QJHLKdkcFRMEu2U7mIxz5RCywAoUpC6OIo0TYmyDmTyxL9xG0BiXKKiovUVS6PLqPcIZQUTVcsRQ5hmd2vMp0XjxLrZKKrgUWXXKqgzgauZMYXuoMrFVZYlfLcFyCNtPmPLHl5iyQa/2a0HSptlepmKbXlK3MSjMSLTASoTdxovIxtVJcsyBxBVmkE2wTIy8tPEwoIXcngKI2Wn2yp/tsmEQw0QZ6mRkWCPDweYdSeV7mAGiWH0lipV+LxDWpdcRJL7TLy+4rRVunG+Kr+xKxOEp12hmE0RVkaPwJUWL3KShH0QCK8JcfCm3odwR9sINZ9SVu5iil9DbLW2Ozi4CYY7ZkA9RE0fYE3AdwCVh6Sy6t3iJxKeYN0kKOIJCoKKnrKt1UwMGPvH+4Ai+xKZlijG3mPM4QQQqPVgyRox4S6Ztn8LU7oWG1jDEN4WvdRog7uLieD0MspUm9tQ5tHoY16Tj2Y74O2GX6CCEbHLAxAoqypy01OEbiolbU6nOz6LC/BpEw8xTibN98a4mWs2Yo8omyjKTCltSlrniVpCb+IiQlQ313TjEpR+CuZdwq5mWoLdQSZyrPbMSkTHEjV1SPBD4hTnfuI17f3YqP3MFsWwOgQ1svsOUMcNsvfoDMUAyHNkQwLbXUtlhSul+WSrqsLf9GfYVwNqYPiYgtF/ExYLictozecoYAfIx8xUQXwniKLEds4ieceqMzzSi+7IeqmpJeHEBF2oBv6YZrPmpTC9x6MjB4IqwEKkPZCA4mAWETc1bVFTbKamNHCkuOlngVmFiPFhg2UFVgIWduJbLpjUABa7mHilGNBLK3KEEKnFxwW3EyjKau01L3g2tRPkbwmCBTbVb/3CzVXjHBCBBiAFQYGEK/BOAsCc59TsT7T/ALEnKGK0tJgvULDUo0aKrJgtoUSuX9wZa3N6uRXTKkkPEPcurZejqW8VX9s52Jecv3H7Tl+JigysPJHWasV6m8GyENeiFXzGS3h4dQsvQCE2T+34+pwT7ZkKbP5PJZm4FjJ1/qYj9uV3QnkXY1Cu3Gi1O6nuDTOtZogNzW7JY4jraEZU185kTCvDcb0p66jOi3mm4WUTZDMq6GYENuSAaZHnmEIhdvUGvnNwTWwnB9SjyOYGl/SgHbfc0A/Vyx1wlsHhFlh0ks0P27gH6wQwIh6Yi8RB5Oc5zHeA7fcNq5HDmVc3azFRXlcUEt7oYqWjVoz+DUBdqLsRijyTGIwXTLh884VMJsNHUY2oeyc6vlrj+S+i817YDm61cplQ8Z73kXuojmUhX1GSEeiCtnosDaIwif1ZodfEbHMZViCzhCrXObhkZUmJMuJQuHMDATHMRXVvkiGIGoZJ7PmGCBJafI6SvHRBGzzfCMt9ogYsFWwOmrQalgU7Y5jT2+jlg6sPsIVPm5WMtQHbmVR+eZeS4/TJUzkg2APiXup8y8uDuWCT7+cFf+MsOwUwxRZSvRjFa6dRtwg3OBNfKDpuNRmxGCuagCmzDHnZ0IKToFmnDYffZYRlo0sx3lIQbOJfPnVsOEbGUsPs+plkE0Yd8uMAbagFjtir9JsEYHs5CX/tR1LWajoPY2mEA1cj2X5J+YLvUYNEdOZwiTn6+SZ7OFIbQ3VLJZAVxLjsjVVpohYHIiolP+E1H9IRvICyrEK1oqQC58cBzYSwy4D8OJ9N3RG6IQcahLDql7XG75JQEVDWUNFXD3QljGVe0bsnuVg/Pp1HxKIEMwoOLK/s1DXks9cGiZsFwnSFlQEGC6mgwzSkT6cSYDscyjGXYFczaIsouRnARDtKUqlFuY92rfUPKFJ2vgQruGcDdSz8MSty0qMy4jPIL4S4DZgWDyFYFajelFVAlDKHP4Z3pSxRMi4FMRRZtKGSUOJTLAlctlA9Qj81DeQDSQ4mJiFIB/AXLqEZHASpxkzEWi+PqEp0dCP7sv8AmWK8zLiylctRl/bKLcWbiLdzg0lUufQl+vwek2RKxbFUM+yqwOyXjtv8Ky/wfg/1OYGC6wDFC0+kowBfJCuWpDGcrmEQCUkCqUIQZVzFjsVmR70T4r6uJ0fys+BiuX5rz+NddTMmiXj9RTiUjFK6/GIvYOEaXK4qljhXWY5dQaNV9R0zmWDuPEMEOUJYJ5lRlbgygbRIoszDlA6IxXi4Yxn8QzFwBjfEaUIgOjMkUWZZqOYGl3+AIPQC4psLI+kXF5lHJMH1Bp2+Y8EBzMyYCONbwjl8Pkr1P1H3xDCwSdkrC86TVz5ipTmPZHlgLN2fiM5C1m1xGpiKu8RrYy0v2XADoi9FxN6jmUBYzgEwbYThLf8AIqGxtKrbMjUyR/UvNfiH7PsZbyjogPhAoZQIzQXExZzDhCJRd1xAY84IxEXRpIBvQHL7JRXhbfKOJkPrK7Jm5TuZohPmPcB+pbTNIhgA5medQdGQjXLZa+5p2E06jnhZBtyuzEo1mB0I2GUwNrcGSt5n3TMrS5zArLxgmy6oIjUbW30+CCFOEc8pbqDHR+JAy0Qu9zI1BrcxmWd/UvDAs9QCGg/4jMybjXdTNg7JdyJ7LxhalSEUGqliyNzGmReExYHifREytdQDllMmpdGE/wC5tj2GHqWNirHHkS5MEcOZYilVPTEcYS3Vs2L5mGDqZUfjOU5gYIC4Dl7xOUD8GDTKWWLvNSz5jiIthq8wF2XuXxBK2eCZrp0TON7jBdUcRxtHBtmaOPjI4igzvFm/vh3KYK3sU7ZeoAu3fWb/AKr5iTBlpg1ES/tE/wCCZhnVGVq6aOJtSPwxEMQsa+0sg/GJnIOR8l4jQ6YCLPiWH1EbGMAKlMB2o4IuOR/8sEAa5qYSSpVF2JC5tzaf+EWtOO3DyxEFf16E0QWT9Af6hePFBhdTYSmjZL44e4qC/uAq5aMLGT+oOl4heO/Zu1vLMXNa8dxFsnDC8dxfMDUalzizcAFRhK+V5hs1w7mFbiBivLc/UQg6rPcMdQriHlzL2sxNEa4lrkV30ZgYdf8AzO7gtzRIsWWKDDyU3KZ21w364gbB3UY/u4UmhoFnfv1Maj6B8RagJoOWK1QB6fUt6EeBrmV/0mAtUJVrQbYIXK9Nd9xbq8xcPHeZWCHLDfxLMyJTwJq2s7/33CsGB1qVw17mzHiVupybYCG7fJeoWQHN+hhOcuubgwmFm6lWy24seMNFGnA9S7fnTfV4g1U3/kXkxoYh39xHDhOe/UHQ93yIZC3KrLDEOHcFhu/Jbbhe+om5THMfAvuJnLYR1k3V34IkEDFJOdOh/h1CQmcDH/m4YHOR/BUQMgwIOJml9EwHeVyeDn5l2wyJ/wBAwM1gBmuiMFLa/guxihmY3/ENdZuFvhpl8g75R0JLszxDO2pxBL33koNp6lCrhXWnghsNVuvQ/cqyxg38XxG4GeanB/4lXlhMBXEs8RfEplf2JIRYbgq0tlQp1Q6FspcwgNyYf/f7j2B7kHx8xWsOAXQMJ9JOeEwxZLM5aVJQXUEAK2Zf9z7V0+x5FqHMcQCn/lozI4vMPV7B7IXs9R8zSijS18A8xWXkaP8AuVNgQBt3ZNPVVN9GeJvRtjlfkQ64Nl+kpz0LAHc//9oADAMBAAIAAwAAABBc/Wg+YysG9zBnaGcMBGrKFGOUaNsIzYBIadEJNjYOgBpI/adJqg6ZG3QQtd/hpq023PqxQ1YqEBfGL1yq0KVVjlUwOO7BBTDhiCmlabOKkI9R3d5b5VQWqtBthrzW65nzRJOrNEzw7lD8It08iRQFDSQUFSF/ug+zhJBqpYJJ7DyFQV+J50yTTRYytJ4uFNNzCmRj4h6bPZ3Zni9PVUnIcytIDXsZ8p6L/8QAIxEBAQEBAAICAgIDAQAAAAAAAQARIRAxQVEgkWHRgcHh8P/aAAgBAwEBPxDxth6lDGCC2ReZudkbl6kh4fpLrJaXyIB74gembwdWvUES1tj3GohrYDltiOW3EsekmT021LeWNgR4Ax4AdnPLMi8XbUYz7euFu3zT1y1SDdwn9D3+I79Rvn92A/8AVhxE/wAyjyQdLTHxvNh2zY48XHpsu+n6/qP0P23xv6/7avf9/wB2OrOcj29vBNiGZ3w2zfTx4ZE9xhyXX8R9iaITt21vpIoTEgOwvSAlEgfcPcR7tOTZC9O+L2sstWzkdMj5+ZPVy43C8fc7g8ne+BwHZn7E2eDDAsPXkBc7Ie7A7YEoJrwi+sXLLJ34GyFhewv3G9p9y8lnUS5HCSzJ/DCyynpjUEvh4azqXng1fwLf2AknqAvg3Tt9x/NqMO7PwWPq38QDsVO/M7e4jrBF8xgfnHB+a2fTIPgLT7/DcLp1mAEly5B82612J/4fqLgP8SWnFghATmX/xAAgEQEBAQEBAAICAwEAAAAAAAABABEhMRBBIFFhcfCR/9oACAECAQE/EC2RO2baQBnRnMlywNueThNnJbZnl3GFUtkGVlGXtt1Iyw785cSeEG2hBEy/UHq5i/eMvqC+2dkDs/uvr2fuzI+QPuAvsXC+0m/ckAow8k7jeLl0lwKO+3P4ufu/tLDajbKT5HYh5eBYTkQyctLT5JHs+TyIjLbIQDWP0hwC2EPLRdQ3kh2zZZ1e1v5oP3BbAxxFMJ2FmXut0ZvMtDLoybFr8ARrwkMF7PdShAzKMbyVYcm/E226olW09sC9Tt0IrseQx2Aa3meWRz4MWTHSx42JH0wgiNh+4/aTN6FsP4Jtm7BnZZNifsnAyAQlwJ09kbz8mOUhMzZ62vC3/Vf3HwyMnSU9/BtmEfM8gZ5K8lM98WAx9f7/AJZrlmQHfuN+Qs2AWbJ39Xx63hAzLXr/AH8ThxHJh6+/D//EACUQAQACAgICAwADAQEBAAAAAAEAESExQVFhcYGRobHR4cHw8f/aAAgBAQABPxAQ8w8XHcC5pZY5gVCTpj5k2sEQS4Bf6dwplChSnzHt1LXVYcv9QRwVb0gr+Y6y7Aaq8Q1he/HqLC9D3X/yvmW0tUro3cumaKLAj/sVOyJXKwoVauiNV8cMsygYaktJs03UCz7b3uaMor3IMOMjHUwLVK1R2HURgYyTZvEtALFg2eSotY1L5MSgpTZkYu+VYmZir3Bh29qSOYwehCVcGBjSFqDWi19RXJFbEmrf1MLeSdrwQTCYKxrb5xGRG1C0t27gTBoUB78VcY6m123g6izYSo8MwKigouiN6cJ4ccSh1tWgKv8A1hL30FsLK9y0KULYpwsmk/iHYrO2wuls45l/q5mmnZFjmYgK8K7zxHs9aSsmAbVLf5SNb10wyBT62yjjRlAKCDWM086DBabR7VHOBt9XMNoPlRYjoG6iVCV5Vir70RuNIpoKUNeeonilRqOysEANmJWK8nUe7cJiIeUnEn9mpYMuA7eoM7SqJCfcpsVXSnLlhRXhpoTWX5lGHL14DcWgDZkzyxuVNUbe4rWtZx/UNAAHQB33DCLboxVfEBrksGb/AMmeUALimmMO1KkI1Yafcpi0LXjnPWYKLUsuwtP2WtwBxeqe9xp06AWb4385gxRaPJCTdrslL224l2r5pXkmQ+i+RVg9wIOMRu/eHMtAA7Q0WS+wvgg+cQsDk3HMXiZhBXcsJd+SLTiFClwLNWBS6lMkeMyccS4Q2vq4nMpoihYJzqX4a3LE8iZ9x2rOUFWdBcTbIsTL81uUrb3gB913MYJ+iVaCdqsPVwpsXap/Ji2eeP1AZrTRdcD/ALOB3EY+HMo9VuY2cJ5iytagaJbjEKXBZqbWUT/KUtcmWfSNeODhCygNCu/cDoBWA0aaYPl3csndcRbfwBBiBWCUUVfcqlgpZdF1+QjVKuHpHKN0cxq6pDlTDZ0wrqopZKE6ARuohh4Jh+UQGDdpb4Op8IUWoUzXbq4kdaFRfIZIvuHN9Ax4cQGhPFy8sbGaPXB0+kUVVzkGGVSxur/sMs2CfD7h0NgQlgyrkpto71Ky7YN4vsN6mHSMs7cm6ouL4abF6C42ocRZNQKRHSQaCEi8Eb29heDcr/ZgHErQK6lhkncuG7CGJaFimmCsrE289RUUEXg8wgOuqLtmtaqZoftRCgwDC1SAvI+yV/YDtX336m3hyFHNXxBawedv+olvuSp9wAZesmMyVomVsKAn7BlEpMvB9xXOFeMV1fMzirYvSDaEimRz+4gwQde/qABFsty7I7NlQG6n5EEAlDiOgFQbqQAUC6DRkio7kK3luoSvSVpd0+4nXVa3yT2GMJGwLNs1ALDLOJaxZuW9RU7QIftxGlB0pSc/EvvwyH6CKPYgvjEvMd3v+xiaDkFHo2wAJhwcHgNEIic0LxCx370Q0ErWIOLJCNxd0zvbd6ZbFLrZh1MDjgrC7xj1N25erBK1qmNEg64+eC+7jR8R1gqt8nyFfcY8IApeAgVWuP2CNpAha4Wr+R8sPGMCfCfIS3oyMbIOQN55+IaJnF/ikpeEq/DBqMKF1ucPqPTLqpkkSZM1HMIDYK/uNaDeGqphpcKsyO1YaQ5ilMC3sl7IpgSkoIq7fl6JdXrxFon6mSwhcUuaEUmFx0rwywIjYGDqKNhB7Kc3FVXJMwXzMse0aPiWIxWKUY0c8/UuslxEM5cBWuZRikbZ7/7BhWZ2yAL8RowgWvpLxkLemL2z7lBvY9jPnwjHt1tlUdwusKhizn5jhLx5oE0xIiN0388S0NmkQe3zEgUFMC3dYP8AqXHFsyrijohUVwA0E14nctrQKmRU1wEJqHVn8Sh+kit9i5cVBO03zVDjb8KfzKPja7IZnY5HcBouUXvxDwKg7M4fiLAooLazL1N88lmbE8dymqAqodIJcCAxrZj0xupc6xqgbvRuGBZYmX/4YgbZRhviI4XN6PVS6pGlMFK/5BI1Az4BghQoLutX/wBgHAhENJgc4irQh2Mcl8R/VoL6wBvnMNzkLitZwQ4wcLf0JsWOW8SmgI5g3UDOWV7E1UULA6mBSeaY6+YojQnfQjrdbmEAy84YhCuZeZm1v4lpQUE56+I3sCoc2aTuOY20KkeSILvfFw4gNOeZVZUAqr40CpUMloL0sWnOm6stMG8c1S97h02Lxo8ptixWpowa/csQ0aQVodEaivC8QZG/UZAdSBhj9hWAg4Uax/kLupxfLLe86lRuAsUepgifRcw4HgwD3GEYsvdmUtC4IqWc51g/UV9mR93M2w4/oTJ64aVGdQPBCBl63XOJUqqlO4Ne3Vqsm/yNHguCgWy+wKlEno1Bosb5gp2m4gRGVhfiLftHuYMcBbmE6qwFh7meVLQVXluKpqqAVhEfyEsxNixbV8xa1k95DaZz7jk8B1epgUgos4OsjMYhwNjP9IEvkILUCNDDIycswuCYJD1bGM1Kry/mtJgFxDBMUQYcBGnNzLOOyRPuCksMvZCw2GoVPTcRzIc+468zA7Ao/mX5aIljZUpWzgQiUhTKqnExvthbiGppSaiCV7TxDZY3xRMkSm8JUEtdFXmbWZ3cL1LDFMFUlKr4lgtWA55uLoIumqMfzAApkwBzGIhdPIOkNU9W0Yo8V+zFPcqkQzhq2zxEZItruD2vkljZFLAiA/hfcO0w6uCsi15Nsp0p6VOIShAwtI9+Z1Y4lmt0l1KIutCvhH9SuBMDfxHFqsev/VGgfJ53bKilF2sR7RvlF3GVFGGiC0khw54lKxWdiZ9zsl06XcK5cTg3mAhGCsjxiYUGjCt8vqggkV8RbwrsYhSkuvnFEdKIVFZp/wBlPIVMS1GUFZrwhzKOm7rJf2EPowgeZUFBIml0iC2XctO3WgHo5i5U6mF+Y5z8oT5ZgpLXEK2tsxqMgwVyiCx7UvULaiktPBB9XtIdXkSxbXBQxBRZ9CYVszku8XFVM6WEK5hjKxfraSweIQXgkbd5YNkysHg/X6lZZK+w/uAMAUJw5/0lsUQZaGWpy1KyM2ag1tbfyJbF2GQeoyF7RRN7ZXXlwxeQaCF2NV9qvTCwsIveINPGOIwogaWE+4YTY0Dl6O5g2Gk8DXVRALIKUBuudTkLyby+ainuGpTkAyzw4ghAofA4nHuE8/BLL9Q7mQbC4ecBP3MqMVGrEGLtfFTgc41mP7VVNV/qYoK2PD3KnKsApc/2sFNgs7uoDjACrXuIuBmlF1X/AGcFAw1FEJYFMwt2QOCFDZZW4buFEtFLuPiU8RkgjedT5ZqUQPYlYu0O4CCHMGWxLO4gego8rZ9xdBanEsA56aGzAVZjiM0EKzbKYCXsB7lBqAuiZNBdZ/8AeYdOVg2pxqtnF+eZhvXLW6JV/IzPlqCAAm1ARfhr4hFekmXNwhAMwFSlFzKEB5fiVlCziGEmZA1BFtNRrKqCE/iHYIQlO0KLRB5HP/JvdFXGPCcaXmWWK3KHuLZeYGV4iG7i0bgcSowwu2SDQ0wQjyo57iVSJhl7EsXrKxdj7iOoaN4C2JkaFN0mYFpBVJQdw28Hi/RCdJFmMSC/gYxjkOA5Yd5nm4yETtAXCYd5mNCKXJhEJbqLD0aE4lUOYmwst3mFopzqA2F8zZcURBNXKD17isp1ArFzkZHmGiELZ5uP92ZeU4lhSAObNj+fsPQzitjLY9wGKeYFIM4D/sxuaGqlJnPiPmi4/HmOcjvGsWMFI9oX/wBUNamrRRQXs6XqAtCLmERMWA59zBYrLkjubGa7l1VyWJcEG8w1l4AeJXwAlBgcalh5itNrIqnXklhvLeo11T11CWSAm7HUS1Dxe16mYY0zpgCjDZeoIFg88pSKwtQQQqbxDRiiNHmVlJorKyr8wFMsKFrFU7h0puVaQUZVauYfhGuYgRRCyKBWOoWwtxLRZhV2kQ7LTuMzCOEY9CDVX1LxE4DqCOtQRXHiCqkLSJKNY5hU0NXEKujEC2iq7JQ7OgbDGswBqaSsQwpSuoqUizNwYLSZQdyqES7QVwlsNobJAO9pr8giJ0Oow7h2m+Z3vtCdCd0Q6KsaaghEqJmWLV8jeoWabFdIJ00MTBaupT2UYYGMg0EDcmguDjAT9xCJDUWKyXKHOBmZqrR3GDE8eZyYzM4s0XVSiIzEB/dUDlg7hsOK5WdsMb3BYJVC3gZtjkDiBnp7HthfqcjqDiAlWE2Z+GJLFYcCEvdG3bWVFN7Z93HsdLKzO8y2YbLi1wnMUIBlxBNLY4qXitVVXVbggQNgNmZQu7IbUVAOWpTDAFwhoxzzBwhFWDl83z14YcKF5dr5gJXaQdaCaqNGpgFMVmJhy+IlLgcsx27XHcpYL6ivJrF1A2aRK9wPKKCFkLUzcSu6geSUUsgaGF9OH5hkk2XiZABYcVAaWiVni1/ZsgeJQNlwg0DmOhdLb+YahTV/EsWQWePEZjBW9zFrTUeoalbRYhrKt5EMEGPVS4K1KicNPTkeHHu4iyt5nBb/ANxO5YYs5lNglO4gpdjM+oFI/c2hl3CUnLmWuhaaIGQfXcKiUayVKlNqxCwKxzfllIBcqB1EK4VcFsnVhXxHyM1TDhwWfMDAz56ctxwsD2gAW8St0CNHmNcB3AxclviJARrDthmhRauuoibDgPMM0HBrJKIcZLrmDmHZJPD2nkhvVsEzM3xf23mUOmRiPAN7vkwxAQTUF/x/iBFQ9wGc5fMBADBhmIreW42wWTxwy+Zb/EDRXZ8sA28WpI0M6ueIFgEbXZUfMguNRhcFwcfLN46ZdDK+4iSgHoc/krNqsFzXInzNeAKtgc0+1wJoZgGYwzYlly/t421mCS0C1CJYdTE4GFt+4dHQMJRnycyXjaH8zI6qVsrTHHniMkePWTRTQVWkvTC6AOUaujVeI7eBC2DYcj7ipZLao8jwkSdF7goXZicIY33LwLty4zAoRymHcTkV0mYZBU6HUKua1yzqCKzlpLIocVyFzQG8k3MmBetaIHAuttaOfcsmUXA6lBlZV7meC2l9VLY4AVZlz93Nbkr2dx+1BQ3TyRy5eA5YSOYGTKCayxbGADajn3N+d/xTzKY/iV5AvNPGFiCBKLI8HfEsNUkFzXaLmuLrRKMq32+U15hpUYorGPQ4lvZyNs6R2XqIZBh/igl3aq7l5YLxCxbGW6L/AKgyrZQtkwFOy3g4iFlSqtsVeGWWNnyHREqnQEU7TejSzD/kyxQgxuAowWiNPEucQqwMalzDYyObqq2cHzL77PYVJX2MUROzi+5yledMKSQaeIN4q1dw/hZqoAUorNxAb/SarrY96WltcStbNsuXIv8A4iG5UizllppoPHxUIjeSFwPZ9MxEepDOVoBoSjmOdjSXojB6F/cuDGBtO1yXoiB8omsxQM3gXJAVhFVyc0KNazB8H1ZNggLkOYwPbSUtspWu2AqCi0TeagIANG3yYPv8gDLRwgRWOGoDmVo0bjCGnVVmFqGLh9JeAExsae4wzlAWEiAyN4eacwGsDTwMJy835lkKMY5WsUfA+IZXF3XPcPjxXUAku2HNYdykhXu4BmFS7TQKAa8HbD5HKl6OAPqEJUp68H0dxx7XFjDhOxKotEdryv3wyic6dg8Hu+oLTRuh8U0urlCYnhIP0yvzkFBG+QH7Uxi7eO8U/wCGANUgFhnfJW5TmB1wSisXm5acDoy+IXZQaFLCUjAjAFRJsLsHTjfEGDB5ch/cMmCvXPuCWVTHbmPiznBX15qMSMUJA3RwVS/EqOVmTgDXOI/9Pngpp7PwjeltTQc2YouFCsHoM4Qahc4+I23vuYQAe5WyurpE4uCvAWBe0hi3ILzmNhdnSNr2vWuKhIcsIX6j3xD+KQbdD8h58VH0JgYXSuRyOIhoxVmxQNdAcag2wFWKVc5CzVc4jNg20zhdWOymUlcQwx3wpAunMIFa/wCRHI67ImIg0rKDyIqxrMfG1sEd/wABxKZwMlJCwlVG27oJ/cAGrhlta4ih39uuIjU1ouRjbZASklUOFV4mR6y+DePMzBeox1L3Yntg5Oa9E3FwEsazWzBgzuMIoSUcg7cEvHJGq0+yvPqXeltjxzHlCHmBw4jQq4hLwWsb2+Bq+o5pCoFGs6JJLs8t5O08PUu/HWvMqXWK1plU+F0cGHHFrrxDJzbHn8h/G45iqidk0+zGzg0PjUYpvC8QQFOi5mLTiLcZgC0ObA24rb8xXQsTCNLyrealmliwguRcHNdQuKRMB0ulV1uYl+BoRRa9/k//2Q==', DATE '1988-07-20', 'A Coruña', 'España', 'salu2 j', false, 'ROLE_USER')
2017-12-20 20:14:30.926 [main] ERROR o.h.tool.hbm2ddl.SchemaExport -
				Duplicate entry '15' for key 'PRIMARY'
2017-12-20 20:14:30.927 [main] ERROR o.h.tool.hbm2ddl.SchemaExport -
				HHH000388: Unsuccessful: insert into account (id, email, password, username, name, surname, image, birthday, city, country, bio, privateAccount, role) values (16, 'oscar@example.com', '$2a$10$Tt.xX1i5lzepgcLs1wNH/O3EqLA4Nxy8pPuhtB36Z2lEg2TeOOY7.', 'osquirivers', 'Óscar', 'Ríos', '/9j/4AAQSkZJRgABAQAAAQABAAD/2wBDAAYEBQYFBAYGBQYHBwYIChAKCgkJChQODwwQFxQYGBcUFhYaHSUfGhsjHBYWICwgIyYnKSopGR8tMC0oMCUoKSj/2wBDAQcHBwoIChMKChMoGhYaKCgoKCgoKCgoKCgoKCgoKCgoKCgoKCgoKCgoKCgoKCgoKCgoKCgoKCgoKCgoKCgoKCj/wgARCAMmAuADASIAAhEBAxEB/8QAHAAAAgMBAQEBAAAAAAAAAAAAAAECAwQFBgcI/8QAFgEBAQEAAAAAAAAAAAAAAAAAAAEC/9oADAMBAAIQAxAAAAH1TZhEkLGTEBkJsVMEABMIE2JjWMlIQwTGJpiGxMATBDVAwTYDTAHAMsTE00xBpiGgAEpIIziRU0kSaVDFSkkBiqu2tMVN1ZAnCoKxEFJ2RjJqiQJTigpMhJoBi9EYgDli5CJSITalTZYiSExwmAmNUNANiGCYhsAUkJTQlh4desPC3ntHwuoaRghuEwoAAAGmIkhKSBMBMIgyKmoRJWoYiGCjZWYIWRqCnGFGTqttCUikwEKSJuIBIipJekNSDTAZKmAMBDYgYhpBpwmNUMFIABAMsHHOuuryHmK9p5PhupwixiKs2862PT+g+aM+zafkn0nLpOMgBLJAgAMASYomqAEQEJpwAUJoJJhXZXWKMokU0JSVKM4iYJEkyuTATYk2sFNHSAkTUiLGoDhMABiGAmoBsTAQwAYhhHgnzXU9NyeW6IyVIZDLI0h2FWipkJWVEvS+a6cv0u/5fKPqx8o7B745vSBihgCTFTBBNAADTEDEDACnVbUYoyKgpxhKQKMkQjYWRJMiNqlIIDBKaN7CAYDTEDVSTkEwTEAOAaAGCaGV1Vpq835yzHyJRpgElZGojmtlQyVj1JzoQkXPSzJqqmbeZVEvszSOx9C+Syl+1P5N6SPalNwASgCCYIAAATQNMBSoqtqjGmaJBCUgiNkSSEpFRG7EpKIEkELEbxkJMBjABWBCGlBiRkmCaGUTJGXjF3F6vk7FwnGgaJBKrI21xC2uVVW0zJdHmTiqVeyt0cDJ0OZQTkVS0szK2sAa9X6T8i1yfYjkdeVDUA0AhRpohgAAN0qbqTGpIQykNIAhpiiYkSQCaIkha3JJuYQmOhMhpigECkqSkgTULmLmV2+T5zz1ehh5tGnMNGiVRHIhKUTTSEQQUnKyKzVenMlpiueWnpHKs9LwzA466qn2KDjwvzEooJII6H1P4564+hIeagYgAUgQMTUqTTDPozmVMqI0gpIBqgGoNIAQ4TREYqhOJvaaAyENgNKAQIYk0PDu8wUdHoeR1OFydGYi0EhMZOFXxhoKYuAOMgtt7kc/uei6p5jZ6KZ5KHrGvm+l05px/B/SfFHjpXZjbDLbVauRSSZAYpfQH1XufM/peYKSlEwBxGAEoypMQZ9FFZFIIsERJCGxKSBjojNERqENCUlW0ZkAwQ6ABjUIaUQ4r872PPnoPnnp/nmoVtU03EWipuveYzrcwihj6c/bxzPRS1y2XU3FjTIEiyMpsyeY9bxjwHF9jyjztl9JO6i+q69GYcAVDRZ67x3ck+i7/IeoW8DIBiTBSTppqii/OZgZBgJpoAxJgSHUVJQRlEAKUbIG8ZCYCGA05UAqUooOEjm8Tr8ZPOcslWaDBSSoBBJM10QtKtlPaj1nSz2w9WWS7dOPRGkpdXOudk22U87p418l570/lUx06Gc+rsYaztgkKhpyqyBG36t8e+snWUlKDJCMkMChop576EyMAUkoNAMRAxoATiMAiNUKUTe0Q00A0rTITAE0Vk6Th+R6nnrKZV9w8zG6ipISACym7CWmvpQ+9TvNtuS2WdlGqL9FNpbONhOSnoSQkcm2uXyPmfceQriwaSahTSpcSUUxMStqZ3fpvy36hJcRnKJkAFDAFJUZtWVMrGJxkAmA0RYDBiJQGmiJJUJhtacCkKk2iGpQAQIOV1fGmHibuHZohZ6w8NX0eaAFEo2krqr4t6GToHW3YNojPbGroZN66LamuuWVSbJcrNXoHxNxthCwp5Hars8HxPovjjhY9eAUYyoTUrB1J21kvqXyj6FHqL898SQxMLGmSpip5deOzOxQDkRGCUkAwBMEAAERggK3A4BoTTgGERixBlXgPZYzj+b+n/P7LtOjgpzMNlVqkmK6rRI7qp26ury+nHe0ZNZiLKzpa8dkunPwuAey4vlaD0EOV0a6HpeL2supr5uk6BXZRz+k7Pmnnvr3zU8+tOaicLZdET39cL2OfnyZeR6HmS+7ty6xiYAUNNAAMmzGVIBSTUGkQAmIAYlJDQxMBJo2jQSiwaJWmgjJUmhOBsxdaWPkfSWHk+fZGzzcZwEBRqzaUloz6yV8FL1N/B3HTrxwOzycmY52fXqMF92Y3d7gbj1N/G2m3Tzb5e1p524ubdi816jHXzHz/s/PRyNebTb9J38W9PR34uoeKl0XLyPVfL/qGaxiAGjEiQnYZNeWM5KIwBiZFiBMAGJSQmACAUkbBgJtYkkiYSgAlLKcnp8/eZt00ef8Z9N8xZ4Wm2kYFLRntTTqwI6MeUl6t/HsO5DB0Yvt9F0zxGL1/lDj0WwKd2Ur6Zv5fp5eH0OnamDbKQSaFER5Pxv0r58ecJqul6nw10v0j1PzP1tmqnrcyXxP0Pm9KJoATKAaAAZdWQqTQAADIsABAwBACYIYCA2gAxKAI0wQ1KRkGe6UQEEed1Kq+NUb8Fk6yURaKaskVysgQZEn2+D0I+rdTkds53H9HkPmnN9b5Uv28vevrux5j0cdHRnvJzquskmipTrMniPd+KPImqos6ff6B4S/6N4Q9vowdMzacHQlixVJJoNFNxcGTXkKkwEwABAAMEAJiGpRAcQU4m1pgAoDhA6SkoQARYCUIsSp0+d+b9F52x9Pl9OOWBWh1yKq5xLd3M3GLZl7R9B7/m/Rw42Bh8j7yg+YbfZ4lzdPLDLr3cfYdLRh1Vaoqx1yrKvOej5h4DD2ece36PL9BWnj96mIhnKtsZSgKhggMExkcezItSkhA0GMSYIEA0CYACpMSKkjcwAGqBohkqEANABBVajPK808P4n6h8qse7D6k8v0Y3xyn6HgFdilRKytKfU+W9Gvtu/xO5DcWSRIx07q1w5OvVHKs01l2vn6V2uiVzKIEc+qo8Zw/S8s9H3uD6MmOkPnV/nZfrV0ZEkIAKaaGxkcmvGlYmKSlCAoSapSESZCAoAECAYbGAAANABKAAmQgBoATKp+QfYvlNnF9T5W5e9q4lie35nreIfOJES6LiQ7HG9CfQerz+hLKKrsunmsLIEBqU5aM/QVcu3VCQmy0EwhYjznP9RkS/p+D7B6LyOLxCv1HmPqx121A0xMKaGAnEcmzHZVKMgExpqVCdgCAAQ2JMIk4iHEr6fyP6cbhpUCRgwQStAAECAACr5f9V8DqeNs39SvL9m/18cz0e+g+WYPSebtnFwkj6ny/ZPpPU8P6iXpPn8k9ND57ee0WbYQvrgmyVF9ELEUxsrE0xgCzaMx4bqdTQvg/N+n8wmv7D82+nkkyUTBoQwBuLpY9mMgAiBgpRVNCMABSEpRGhDExAj5b6jxHQPr6z3jAlABphFgAEAAgKPFe28nXj/Qed9NZ5L6v8t+vSuEknk/AfWvl5niFsbqpRv9F460+h+fzbou3bunGi/HOtSzMvvxaauikjhKIhoYIWa7JLHTl1HhvJ+3Vei6ilAChtNQTsBgmnUce3ERARNkIcaBsiSiAME0JyCKkhRkj43Ktn0v0vy36gSGiSBRiEBDAACE0U+H0fM15TVwvZ2YV6/JLze9b1or8F9C49fKY9jkWRUkRUoy329ew6XsfFeny6U+QzoYoYDsX+L79ejlg3oRChOJKBVK8dmU0ac95xOvimdYCgCAGRYxOLsGmLHryLEAJJpFsWKahMLBoGhgmgTQk0fGyu2yX1D5b6ea+kpkNAgmlAagFgMEBGaneHh6/cePs1+l+cepl9BPLrEEjlfL/snn7Pl5ZUtbbt9Ds8rCTr5cUDcqvRHB1+67p4bo+uoMHZ5mrLTKqVSQkjlt5E1ZVw/Rp0JtVQStq8TQAlBpWJommjAqGbVkiIKgGJilaAIyVgDEwBMExBRLzS+BZOyN1BH2XZ5D2AhoCUZUxiaYmFCZESSAAUk6TCGACA8L4n7X8ts4rK7SNnYOX0+rrk2+i43Ul3zwROhXTIgSkSsjMImEr8teifref0yyucCu2mytIEikFqGpRoRidgwIZNWUi0xDBKQRAGJAwGpRG4g6rOEOOLrL8pnJpozJnoPp/wAf+uFyESTUoNWDTlEMBMGigCAAAYmMQAec9Eq+Iw9Z5SyXQ51sde3i1L6Hf5P0Eel14+vFls7KougocI4Lb/OkrIdO3Wi0QsWZEIuKTcJg0wBQA6GmNDK82jOJNK4tQJuxACGKJpAAGZTLxFI0dDJsr5rTTZFsZOo/Wfkvs49y0EkyVAwAAABSENWACiahuLAGo0rBNFPyz6zgPjz388npx7Tf6Xgd87uzma43PM4srrykOAYK6Heo7Nld16MjnAsQSxpvoOiJ2ANRMkBqgAbQQyas5FpyxQU0wJREcWCAE1Ij5fq+dWd0LDqaCs+Y201WaaFcmfp4LF+zWYd8JgACgmNSSJgDRK0yxASg0DQAIaCkBl4/5/8AT/mGj24dFdTZzSPT9DyW6PVx4Sjs8Ln5C/vV+k0t6NOuxRsjGWrVWtbZEc2mg1XcvpVNADRDEWNDBpkMunINqIxMYAApWBYRklVVvBTm56tFui/P1F6vN62CT5KrqbNNSvFGDPY+/wDin12NwMQEDTtAEGgGmqaAGkGKUYhxaBCpqUI5/wAh9x4elZVKtcs0pdVvPinTqw6ifar9Elvczb1tugJNRrLKSKuDjDpnAxSMsdvR5bj19BOL1qsGkBMYBXl05wQCAGwUBIxA04y5vI9PjWvXVbZs7PI7hu5HX40nyUjKpXVOLqpqo/Qvnm6Psqx7RDUrUlQAgxAwAErAkIstBEClAdHl/D17vynHpJSUqi2hiCTjIfU5eg9/1vP+rkq2ZZLfXnimyqqZZKq1SEowq511nhOcOqruny/0csR6fpec1HZKrbGhleXTlE0UwIbQompBp6PHr89HHjXc1dbRuTb2uP26n5z1HlZPl84SHKFhZZSUpqMeu+hfMvphZGSlTFZJAAMGmRBLIShoKYcmOh8953EqUE6SaJNMYNQYiYDlGR0Pe/NegfTI+U6EdWdOpLrIWEZpqRUUKb6VpnCxMPo/P+gXgcLqc42ac1sWbMQd2/z2yzoZLIEWmrlAGIGCRuEjP47s8CWVlOq3RqzdZKu95zunQ8t6vzCfKWmO2qdLTmtIyhOO99J+Ve8PRAxAAwEMABUNDRgN/O8l5Q9L5WpUIStNIAUmmTcZQTUyBZEiwLL8+k3dvjdaTt7+L2DZZVMshKJCNkRwsRQrqDB3eGpeVbRcaLYzLb8+1ISlGq2oy32cl11ni0k3BpIEFVnCOPnE1ZqWipd/HCS+3fyz0fmPT8CvkEp1sjCVzhKicWaPUed6MfT7Ob0xDQMABiT550cHjfMHqPKVC1k1UFJEQAQxDSg0OdciyyqwukamcNfRzS06c1ldjqcLoydzpeZ3Hcv4/TNjhMUJUmhzCnm9HiFOQzS2bqNaTvqrXfLBpNluC+pxjCQdUrSMZk7BxKVDqPkPR+aK5m8l0cuo1XZrqvtzWnQw6keB8b9v5SfIzv8AAJiCeii832xsj0Psvl/vTqgAwHVzvBnb8lKsqVqqKArjZWRjZFYiZEaVsJFGaVOLslOE10bObqToVW2y8yOymqtLtSW7HfJ1+r5veeh18vfLOiWM6hy+cdTi4qy3TbqKpzkUX22ldqSScGrhbCqZWVwnKmr1CRO6hmiipnOyerrPObrhMFu4XLn6WQzer+b+yOvFpOX8s+z/ADs8iBT15Np0NFd8U+k8/wBM946+MdXyPAykqyIokqgWBVHVUUxtCqNzMxcLQr0VEmRc0sKtiTJKUVnOpm/Xx5HXyU6JKpaZmFdXacDb0ZnU6Hl4R6HFyq615zaYuzq2RCN7iFVsR3QlVirCyFaLZ5rCSiiZB1dCESV2WRdSo27L8tszZi3RXidHidCutXTceayek8NL9UixleW9VxD5QTVG3Lsjo6aLiu2FCdjz11Cka7UJySosjTq1QXPOdSVubWBKlIxsqUakVx01jr0wK9WCZtpt0nIj11LyZ9FVlt1KTNN1mx45GiFdop6ugcvpbdhDS+cdSnl3mjoYtsUqdRfbkuLq4MjKuRbOiVMhBLoutbISkVTjYQLKyUlKnfVcmXjd/lLtuxbSrw3vvMR7RwkkuT1eWfKIWxSWvLqXfdTNFTGKypupFqybh020jnXcUV7K6qd10YI6YFcNitwU9PKmabaynXaTVrirB2aDDu5+wp0WYjqaONedufN6CVnSRx59dGG66I9XIqOrmy2lU7bxaQNjosliraTVLJJbmTQuy21ZZTQWFYWSqibFnmilCS3RUDS4QLpK0zV6Q5HQoup87rZYu3eY9OhzOniPkcL6C3Xl1mqFc0JK9aq7IFGnP0jPOvUV3Pec+OkKb815DJuyLGyqywx7KFyV30CvhM0Tp1RDRjtKoORsa1HDj081ZNE5Ro2c6xOlQ7imGmJg03IrulMrd7CWisndW5RxtVFtKX3U2EbaLyDi6We2JIdBIgF2nBfFjo0VbVZSWXVTqeeWCNFN3Jt6d3ju7HA+ifJfrCSzaabPkWfdzzTpx6I0SxbjTKEjDMiPr8jrnPlXSdfZyukTjblMmvJK3Zm35UwxkFuW+JilbYtFG+lY68O9GrlGaNtJrvw6i3PdJMz0yMquRZNWlcbEM0Nck9UkzaHMhOy4hHRCWpaEQtnMrlJ1CSRZGcjM51FkIzqqVlEQvzXl2jPqqnHpym+YScrJpqXrcPtYLfNyOWvL+vfG/osx6yE4nzHhep8rV0oIe/FWd3fy+9HDzdTlGrpczqJzud08Vuzped9AdbHonHMhu5a9HJpgmGGqCqwurHn3Z4rhqFwbaLUvtjYaMepGKx1mu7FpGpWJOpwJ1ypN5RUbrMFhsqjYRkBm1FgqrpLOjXmgtLDLbfKzHPVNrFDWkxx0WHOnpz1pq01xkhogX9LLtOXGNZ28VuQhnTXr8vqYE8/yPR+eXiek81tZ+wvNoPF+H+mfNRpOrqdFJZ6rx3ejseZ9X50Xf8/6M5mXdzawdzi3HuHHRHM5XoeKuizPEvKkmeyqVEZqKIamuOrVQX306yqdoU09KhMm2ma36I6EyF9ascEsjC0nECnXVoWI5lc6rYtUaLLnRpWc674jOyqkJlGhMrevKZqLstdCOjDFMaMx6i/BaUPNuI44StJ56zrcjeScDR5eS8sjO5+o93559DlwfJ/sXylObOM60U35i2jXlPU5qOrHE9V5b1Zj5PawHEr0c633O3m9qTJy+3zjEq0t9/N2jzdSlITqmoJpnovYXxatxsJRUim1SLrs2mwdblmqwnUpJDVmZfbgkbDBaXSqgu4ptC2qk1aMdhrpQKyFRfKq4ujlsK41Zzt4LMRhWLGvtlizHVnkzpl6fD1W1ac29NzUTxPL6/FazibPQ+qfHfoJ6z5f9N+TyYHGVbcnQwEwiHr/ABXoCj0nI0Rs4fSwGXkdnj16n0vlfVyxx7MJio10GPbRpN8KwovxzSUM8ySIGumSC2lFpOksZcuPROunZJyTKWTjnlbKmJJfZQza+el6Lx2Gx1NJ257FtnCs1Sy6C4rmLRRcRTRXj01G7Fu51cLn2Uy+gzQmvY4vSrueffflWvpYbTpypzFPmPpiPjMotJ9/z20+n/KPdeDGmJ1c03GSyi6qJxjJ6DTw+6vU5PT5pyuZ0eave9j4f2JdlMg81uVMVk7FusnnI2SSVWzkV5d3PrToyzhFTLZZtBeUTHCdgUa0VQlYVKwtyuyuLtGXSFOrIS18/aa1RAvTmjVqUuLCpWwUukkgy8yZ+jlNXJ7PIt83lcDdtws6Nma1HkvzG2iwXZZbA69r2J8ISkOcUdnk21IwRs1YO9HAFOq4zQuvzJyepoo1Lw+d0OZXS9v4T2p0MevOYKlXKQbNFc2KkuSvTnvqGeyZFkJYllVOc5pRfZojHDsaDg3eg0V5ePr5HkI+4tPDafZyPDy9sHkKfayPF2exceR0eoZwJd11wH3g5Vu8MD3hklqDLLSzKaIFDtmef5fq0vzXB2+IvQrqC6bsVSzbk3ZrUne6nI7Un5+kiiTib8mzOtQmkvQec6xnydfjxbTONbsemmOrt4PVMHP6XOrR7fwvtzolqjj0bEYDRYZ7et0zxdvutZ4S33hXj9HqA87Z30cvVrCouEgTaxJocZQGEiBIE1IjIkAwiNgSCEmIDaxGgY6IyAE5GmLByRRzOt5NfEIY50dlYRtpNmvJai259C7tvG6afFpwYrK9Zro6VCcmddhDXnivrfNegzScRBUehzdhm6OC0uxaM5L3nhvqS6LO+JwuhfGKiyknZTaSalUkwSmECcaUk4BA5RkAAAhQlEY0AMcoskDEDGCG4tG4tWkDaaDi1aiE1CRVdzVXS+e+5+by8yqvSvVdOEs1VaLJ66Lw11bIr2Z6j5TKVaPZl0L1nK6TzSuorRRqqXf6bw/r081n9L51YRcDVSnE59quzk+08b6I+ruFpmp01lddlMls6rLbCLHKMgcUTIBYRS2KATUGk3CQ4usVVtY1VYE6ZFqUTS6rRxkEkADYgiSIugTG4qJodRlEjNj3ZTL8s9t41ZdTKlvz6Nhmt2xsLtl8tV9c0fD9FwI+cShfRODO7dXrjgYe1xks14L6q0mRfZ87D6VPKZ+jiMrnWehnyuocrrcrpn1vVythfU4xRltxGu/n67b4kYsspaTEU5QCwiExBOIwGiKEQhJxRaqKsnGRJEYuvx6Km4lTIhNwlBGcBuLBxmELawnTbSUoxTVbx68ZhyaJdeSnWatmfrGTr11mmlWS6SIl3Ow+bt85ry6WahNe/qhtk5fG9LyTkWRS9TPPpp5/0HFgeq4PUZwqdFFLscPcWb+brX6N2PN99NEqWQzas5XrybSMALZRIscSpiiTcZBOEyNlcxtOFCUKrjKsnTfEjKi9Umod2eyy6dbLHUi11zJpoTQRZEsqnArvptScSK0fOvSfObq+Cgmvr4+iX2ZLii6GCO5XxsK+g4EMMiSjbmlFpGcLTu7M1Enb5ctx5Knqcol3eFdXU43YgczqczcV5ujy1iiJs0czUnu/VeO9YbEhVmvxpboz2FMq7DS6bYm4qrVFjnVMnOuwjZBk4kRwlErbgSdZFN+NrpUIlzpLNbgjRXKsnZRcWwlEUozIMkKM0VElZJLLL86891N9vLtMK9GmzTFnV5c0v43V6J5Tf6JnE4nsfMLxYuJmmDKkB6nphGLOBRwQSLC3q2gYsoS78gWZWCwsBPY+wA6FgLDngmgCM9oVZIBRAtuBUwklaAkFTQBACpgSmC5qQS4CWCCrgEtkBXaEX0hRYA4gTQVXIIXJCvl0QlruC3oRCXb6AGdyCFADL5wF8xAK/8QALxAAAgIBAwMDBAMBAAMAAwAAAAECAxEEEiEFEDETIDAiMkBBFCNQMyRCYAYVNP/aAAgBAQABBQL/AOHZL5se1/8AxEiXxY9z7v8A+IkS+PHwP/Du1lNRZ1muI+tyyutZKtVXaqp5/wACRLz+E/8AAlKMVqurVVmo6lfabsjfdSaKtXdW6usWRKOq02FdsZr8yXh/6GSdqiazqzgX6+65e/HHbSaudE9LerY/lz8fOvavym8LV6+FBPq8279bbd2fux2T4I4EsvQzsqnTdBxVsGLn8mfj8N/lM6lq1RXbN2S9zXZdn2a4Iv6neVKy+d8fSdWsvpdfWLDR6uGpj+NPx2x78fE/yrHth1K/1r/axeZeEY5a2jeTIhrkp4lqdUpm9mRPD0uqdWop1lNqWH+LPx+A+7/HyWXQqV3VDUdSvmn74LLkV/cvumv6xFcTGZNEniPbHdSK9bdUaTrBVbC2P4U/8r9X6w/i22S1mpM89/2+8OG/NZn6pP6WVrM7ZqMa3iBLn2ZM9s9tFrJ6V6PVQ1MPwZ/iP8Lg9as3Jll8a4ynZqSfp006nXymvavPkfsT4j5lLtU8EpZe7iLNrGRRg4OPbptRKmWh1Sur/An+I/wZS2qO6+TopL7q9KS6grLJ9Tk3fdO6XuRFkvdj2JFcSWWShgipmy1noTxsx7tHc6rNNcrofPZ+I/wdRdGI7rbDVTuiSlKXxfsffAomxnpZJwwKGSNTKdI5Feiw9Wtk8lU8OOp2lspslMz7uk6txcHlfNP8R/gau5U16eh2TvsSlr7fUvl7kIx7oxyVUORHRi0e4WjSLNGsx0JXpUpKhZnFQjrVumxPBCzBOW5v31T2WdPv3R+af+Jqf79VGKS6lbsnYsL2wJEGPx3wQr3Gm0rNPpcJVojA2jhk2owhIvjk18UiUH3SybGbH2z7elT+qPK+Wz8R/PPiOje/UTnsWp1ClqbJbp+2PAzAn3SKNO5Gn0hTTtERF3wbe0kautMui2TjhmRSZljyjJx7IycX07V6jGn1Mbvls/Efz6x4q6dPZPql6qqcs917aWmWVrDXZGl07nKinZGAhC980XVmop+q2CxKJtFAxCI3EePd0zU/xrLZw9WqW6Pxz/Efz6nmVf039V1Hq21Q3E/u92cCt4ZgojmekqUYsi+ciF75Fhq0T5JZMSY4tdl785WnscbKOa/jn/h3P+zWP0CT3zUuH8CMCiaKr6q+EIyRMmey7Lsyw1US3zli3Idial8MfPTs/wAf47PxH8rMmrlst6hqHc8YVdW8lxL2owJEYldOSitRI9twuSIhdl7bUassfMpGTdgckyWPg6PRG29fSvjs/wAJ8HU7Vbdcs22ra9LHbTb9/tQkRKolUBCZv7QEIXZe2XJqasmoq5ccSMol8DR0u309TF8L47Pmf4mvt2Uyo2U6fE79Y4+rH1bVODg/YhERcOsqlxnjcZ5RX2j7F7ZLJfRkv06RKKJxwNr3pdofd0+z1NOvjs/wuoW7tRq+oSnGEZWSv00qV0zb6evSWo9i7R7VIhE/T8xIEeOykbh2E79pLWpENVkjcKaY+zWS6nctVpmSJxw/bgxxjt0iyPpi+KzuvzrHtrjVLVWvpVddNMWrNc5ejpcRWtedR7EIRE05BcY4ksCKe24lbgnq4pXa7l6yTHfuNOnmqvJFYIyM97qty6hpXFvkxjulkW2tRy3o+n2WuNWlhDqHT4Th0efp6oXxT/wdfLGn6ZHZXd9UXDbdP/yKPUfp2cy9n6EIpZXPhPiwgQeB2I1Wt2lutkyVrZlshDJCooRU2biDF7L6VOOuo9K2yL7p4K63ZLp/T41x1Ctsb0c0USdVusp9DW1S3R+Kf+D1WX0adba75YhdU65Rk65ZVY/PsXhC7RZGwhYTkReD1eL72WvLxkUCMSuOSjTyIUSPsFJSIEGLvg6npVZF1fROOGUQ32aLQRpVksOrGHHJ1GGyWuh6ug6TqfUh8U/8G/8As1SLfqdtSnVH+u/q6jva9sXwkQRgwRZGROZvHJ5s5HFtxrwWcGSGp9NV9VsiQ6hqkodVgyXo3FfqRIMh7NQsx1Edk9XDkrliWl6h/VLNsqGoRXK6nH6NudB06fpa5ePhn+I/kbwtM9+pn9JVFykarSbzVKSlOWfbHxEUkb0eoj1CuwcskRQyKh49HaSLfPbSWqqzS6v+VB6SucY9PgnChxI18pexnU6y/wC1ieHVe81aqrbp82OvhdRjmrS86avSt6+Pj4Z/4F//AD0sPTHHe8cYGdUocifEvZEybjPZMUsEZlf1S01GU6UldXxqYtEkRXMkRWZdNr9KqHK7r266Oa7oEvOCKMuL0WuaNPqsk/7K9PHaVU7bPin/AIGMmznGO+Mmqh/VesWkvdj2JmieZaNLEkSrNVRFw1On2iqeVXAqSiaeRCRHuvbfzCxfXqY7ZwjlQi4yel9Unpp0uq2Sehs31Y+uPM/in/jXLdDWpxvP2013wY7Mx30ksT0HMBlsMrXVSRJvKbK5M08pMqiR7IXd9p+NbHbZqEmaV4np1WyiiHqWaeMoamj07emx20/uH/f4WS/Ef4fXIKOpIffrue6QzPapKUraYxP3pV9egf09sFtSmtV0/l0uLqr5qISExMQu7GSNdWaiJS9lmm9OdVCw/wBT0u+yOIRFB+p8LJf4cuD1Eb4k7YI6091wvu1fMe1bJ9mIT+l+em15lpfK8d5Isqix0o29lIhIixP2Ptq19OpgUcT0enXZeJiRbZGBHlfFL/EcUz0YCrij/wDIIfTXg/8Ab71JYKqo2USW1+TwPkURjOmfZpfPsaJI2koEq2bSJFkRMyZ73LMdTEnHEum37oNkfDLJqEdTqf5Wup4r+KX+P1Wr1NN4a86SlWrX1ejdoa5Y1GldqlB1yF2l26fI0kfc+7Q4mBEWL2zXGtWDZuNDptpGODwNnWNbl6DnWR8fCyX+PZHdDXVenqTp1q29X5t6LGMpW1OmWurrtqxhiH20C+vTfau2TPZ98GCUTAvdLxq4ZIQ50sjI2dU6gq4ylufRNPusXxMl/jyeF1Z/+SVzcJX3+saOz0bdPbDUVdQ0q2T4Yh9umxzLT+B90ZMme7Q4G33zryeikfy/QvjrFJdR104wlJylBfV06pQo+JkvxdHqFdX+DLx1KH/lY5UMra86HTTmaaFtFln9lWtr2XdmfvpvBTLiPPfgyiTF2i/Zj3smaulvU0VYXWOGihZuoWKfiZL8XSaydc9Ld61f4PU6v/Mori9ZOqNWo1ij/I6RXihIlE6vHbb3/emsUTT6nmu76d5qOo10k+tPNPVN7pe+ODHZP45jrUpKOF1tfWdG0/rXrhfEyX4jKralR0TUZ/C62mrdO8azq8HEcpXW6OHp6c/fXKs1+xcEJ4NJqy65utaTdOWhhI03Toxda2rPZi+OZDy0ddiUw9SzQaWOnq+NkvxGbMLRW+nbTPfX+B15P01xbrNRv0mj+jVRacO2vhvo1Ffpz75FLBGzmnWuMa7svTszgTMmTcZIv4WTZDydajmHSNBtF8jH5/Egz/26Pdvq/A6tDfp3JRnTbvs1milGOm12opjDql8zSWXWuyOYdRp5fD9sUxSaOnTlIiuEjBIlLBXLIpcp597Y2TK+3UF9OladPySH+Lkxx0q91XQluj81l9dZ1HqFcqpZ3afTquqMlfF6V0zonDvrKt612mdcvboqvUjdo9p09+kfzIJPXQP58T+bWX6mvENet1V6mqJe9skyTyR8I1kd1fT041fJIf4uzl5RGTjLpV/qU/NOmEz+JUdZ0WV0fUw9OM46e2ucbI7Y98Gq0sba9TS6LezF50epVUbdWpKcz1T15HryPWkU6e6+UOlOJDTyrKJYIvK9jJSLLCl75Y7W+NP4+SX4s5qKi2jc85Oi37LVyvnaUjX9K3Sqr1NVlUbUU27vb1TSLUVTi4S75NxuMldU7HpemORT0+uCppUE4kom3BBme7Jvi6zCndulo4bY9plfj5GP8OcsLUp2Enue7jPFE9tuknvpf4OO2F7utaPl989oVSkVaU0lUcVxwcIyNjGR9jLp8ai3c9JRlwWF2kVePkY/wpPCst3OEcmNo5ZbeWdDu3Qf5NsVOHUdN6FwyMeaa4m1JVJFPArEbxXJvPdGO99iirbXN1180xwIz2kVfLL8PU35Iop+1eFgocIk8OfR7Nt65/K6xp/WpawyJXM9Rn8jafzCjUtkZORXDmK9m4ciyeDUWuUqqyESHAu8in5Zfhaq3CIkBSTJbSWMLGNA8aivmH5LOs6P0p9lI3M5IrL00CpMrEvbZPBdqNzoqIwFEXsZX93yS/B1FmyG/c0VrJWvqpqjJ2RUZURjKdyip1y2WdPtVtH5V1Uba+o6SWmt7JkFkqrNPXxBCMj7Nlthfbk01fMYkIGOy7s/9/kl2XzSeFqbd8o9qV9MOJRyQScroxiVxjJI6JqOfy9Vp43w1umlp7e1ZWyizBGxCZk3DkTmaq8qTk9PAhEwYJexn7Xj43+Bq7cREhcuuP0ye0hbxKn+uir1Cf0y8HT57NRXzD8vr0PoEVmSqwjZghaepk9Qlbg1OpIrfKitlUSK7MkY7skV+PjY/mslsjdPdKPLZTHmC41q2wsgomWzmJGvMIQ3yr/ru0c99P5fWY503aDE+E8EZkLcCvJagu1GSPJpYxZXXxCIu79siNuxp5XxS+fW2j8wR5NLA8Gs5q/QoblyOMqzk6Nq8NPP5fUIbtNLhiEzIpHqHq4HZkXJRSaevBUR9jH7JE1koucSNsZfFL5tRZshZPdJckSKNPEwar7HzE3PCqntW6Q2yibrs0VnqUfkuShHqXVUSeX2ybjJntXDJTpimraVxIoXbPbPfPZki2HN+mbS192nnptfC1KyL98vm1luX5Io/cFzQM1b+heP0Kc2vqrEZ56JqFs/HttrrWp6vCBrOo3X/CjT/dp48KJHgQ2bjcSkLs+7JE45ho9uzV6SF0dstHfCzcU3e6Q/k1M9sLJ5lE8EPNaKSaNfxBeCKyL6JWWOb3ZRpLXXbpblZV+JJpLX9WUC6+d0s9l8NcsPp96aXj95HLvjsh9mMZ+tHZH1WjrNf0aaX08FcpIjPd7JfLrZ9oDKlxX5qJeOo/avAm0PJGf0UuKJYbjjHRdRiUfw7Zxrj1PqLueflRprnXLS6pTjuHIyLkS9zH2RS0tSdWWa6lhIhI3vdG9xI2Rl2n8l0tsJyzJeXw8bo18JcOjlSOo/YvHZyyqmlKbTm0u3SoL1Y/b+Dq9fVp1r9dPUy+dFFrrdesI3biHKSF7H3fZFU1K9eOoy3TrEIZFqRhorukOSfya60ZB8yjk0suXDBM0jyp+Nb9q8dk8Ly7FBLBg0P0TolmHz6jV1ULW9WlYTm5P8BEUVLmp4ITIyF3fsZgn9ujf9109lcpb3AZEjgUEhIlAw0b2hTT+G6WyFs90xRIM27XTJWRvrwtHLDfK16+leOyH5UMxisiTZRI6Zbuj8t+rqpNX1eUiyyU38i7YyNd0QIIqK39UOyfufa77NDJuWttyMiY4SIReUNDyKbJTQ/EbGiNpuRn2667svKiKJUspJ12f9IV5hcvt18foXj2RTkLh8xKs56fbtsi8r4r9VVSazrDmW2ym/mQu2029kQKyHisTwbxMT7Psh9tanKvTTcabJYK+RIXZNI9RZUsnGGOKZtMI2o24EmbjcZLpbIWz3SK1zGJGOVGODGVVLY7Ybih/TrFxOLg+7I5Gmm8sq5VT2z0dm6v4L9VXQtX1acydkpv8AAXZCHEa7RZXMVhG5EbclcskRdpeERH21qlIztX3OtduESkhNCimbMHCMZHwLJyZkb2KzA55E0+2qhOcZQlEiiKSEyDHMjIkyu3il86tZh1bRctNd0J4cm5EHxDwdNvw4vj22TjXHXdVZOcrG0YMdn8C96ER7SRtNoonJGJXwVSwQmQkZGfuLJMstLbDOSEBdnFSI1RNsURH5wYNuTZ2wbjePkXeUFJX6bBBMa4qj9NqacJPG/iTaKNXizPqVSipK7Q1WLqOjdDF2yRIdq57JaK1WQ9ms1sKI6jU2XyePc/wYyINGCS7LtkixTKrCp57NjnhvUKKnqckryH1EKxdlgSRgx25XdmBoSHHlRMc9m2QnzHDLKlIdZHgeGoxHUTgalbJ9Ou30dtdT6tWorddnesgYMHSp4l2uthUtZ1RslKUnLPbI2+zXfBj4mvZkTITFah8jyZkb5I9RnqTFbMqnZnT24T1Kw78llo7BshBuVVOCK4FHI6kiKwIzE4Jd9vbA2LkSJbjkQ0Y5SP1wy6HFVvMWZTHHJ1Go6de659msrrdO2fZFZAx20UttkXxrdfGk1GondIbM9sHPZIZnvtGjabTHfAjBsJL3RkJiYiMSOEkbjfwrD1MDnzBORCrLrgkRXZ18Lg3qQu20wMccmGja8DRgwZHI5MSHki2byEkzamOPF8XCyqXAjULMZ/RZ361H+rsiBWfplcsS1PUJbHubztPIjaY7ZGJswY9jyc+1YJYRGQuT08kqxxMMwIiIcsCmRmjehzPUE2zkhW269Plxq2m0wTngW6T5xgSRwJob7YMYOOzXbHbaOJt7IwYEjkjI1FSshXmMo9p+NfDbPv1Rf0S+4RWQ7MkzCJyGRXbkUcm3AsEjBj2ZH2wY7bRRRKA1ghPBGxnk28uB6Z6R6Q62hwNhtYos2sVTZXTzGoVZFYHZBKzVIjfKRjcV9uO20SH2289svGe365Ipj747YZyRGhmpjzRLK7dUr+heO3UP+Fn3ESJHwiT74GVwyOOBi7ZJMWTaxrtgawPul2RgwbMk47Soaym3EheepFkHFkcGzJ6PLqQ6yMCNRtFEwTt2jm2NZca0itR7QGzk5F3TYs9347oyMYu2RYxlGORlkcxhw14NXHdVD7e2v/4z+8iRIjG+2MDERfDYyPJgUUSikIwxxbNgoDgemiS7pke+CyGTa4uBKvcSqaIpi4KyBxj0lI9BDUYnqRHbEd560jmRs3EakhKKE4mURmbjcORuM5IjZuYnI5JTkKTG2LI5NEWzkZyZP3nghwZ7NZW3mJgtj9Ojlvo7a7/jZ/0IkELukYyPCP3FDEsiibMiikTwVsYyaF2/Uuz4EJEUbMEe00QiRRZVlOtowxJkdyI7yDaMsccm1IZlZjOKN2WkxxZGJgwRwcHAkYEJn6TMmTKG0bzchyR6hvIyN45ohgmhIUsdn4UubHhu1ELSb+nok80dtV/y1H/VMiQRnJ+o8mMHlzwQ5lteH5iJcqLw48+kYw48ksEjLOWbWyUB4GRYpCM8Ph54bYmQMZJ14NptQ8CybmQl2aybEekjYhLAmbWxLacbRGTKIyHysMTZnJ++zXCRhZcRowOOSP0tvJtIIkjIuRlstsYywWLcramOUq5U27o9Cue/tqFmvVL+5ETwodoE1lftx+nT+c/TOJCRGeBTk1hkmfuPabG8iyYZZA2Gwwsfa48iwbEbR47QYu0oZFUOpZ2owKSR6qHYhWod5vyZbNjPqykOIon62m02iyIaEhi7PtgY1k2n6IpmCESaP3AZfNsr4N39dtjTunuNO+emW+ndF5gW8x1623kWSf01S5IcE+e0uFRyY+m6RW+VIpZYnhJlnBVyRSLkjgUuXIfjaxIUCxIg8EUjgksko4ORNkFIw8uLFFjiekbCFZ6aPSQqln0kemkYMd0I474MGPZ4FIbQ2jcZQu0yLFIUiD4mzPNaWLeFMjyRX0WxNTE3OJRxPRy3Ukjq8cXIQzwVTyQ5bg9rjzM0rSMtqxD4dMliqRu+llhCSQnxLk2I2rO1GES47YHA24IYwsER/azwJvPk/SMNvaYP1FcqJtQhYGM4JeN0kKzJuMvOXhyIs3My88iUmbXjaxqRyLklnOWRWVMiclR4VkitkC1uU58EWsx+y4uLfCOiWZrGdbj/AGds8si8FEitrbasu7g0qLfDTZZAplh05aghowjb9cUSNuT0xQPB5GhRGhxK0YIvBuMIk0ZwRtjn1EKS7bzcZeFuzmQ2xJs2szg8mBcHAoowQjzPgxkwRMdojMkzDEicWbXmMSxYG+IvJBD+29FUWJ7YqfM25Srjyvtlhl9DxcsJeOj27bu3XIcdl5eO1U9squY2KKje8vSmPplw5E/ploriHKZYj/2iYRtHEm8OMljPLZmQ3IwxPBGZjtFZJVocBJIjtYkfox3yYy+ENcbckY9sdkJolI3G8U+ybQ2ZOTLT8r6htosseIzyRzicyTIS5qZZ4f1FcXnUvbCvlS4K2bjVblGjV4LVXdD9aSWy7Ty31nV47qX5I+WuzNJflNLbqjSEOVeknIuNF99K4wWR4mlmMsErOYzHJsa5x2fAjwSyzaRgJG0ikOKY1gYuCI+zUjDRjI0IxltCRHgwk+DcsqQ8EiLPJwLtIiN9ovlsZPxBc/qcubZkJ86WeS/lQyQyaqe+VK+mxorkipZlqo5hLifqSiv1Hz0mzfQayG6m+O2wj5fhDjxB7ZUy3LVQwaf7q1xfBEiZp57Z0zcltkyyL2yhgwTgiODBZGRGMspIe0iiSwZJctcKPgSMDQ4kYiMm5G83G4lI5Mzz+l3/AFtMo4ZsRhCwcEWjJJkWZRkUkbojwTwRwiMky7bm6dZVsKduJ5ZBEpbYwzKb+mtrLhFIqLDXxxa39K5WcHRb3GwtWYa5YvIeX4/afE1h6CZqYNwo4sr+20eEXkX9Wja27uJFo8j4UWVzFyWIUTaZwSw0ZRw0jk5GJGGJCFjCwfSzgyhsTNzFaOw38ZIyOTDFWyKGIwJDMCiOHMYnppnp4MPF2SGRJom551aKPug/Tqrvk3GbNRPhTwb5YKytlnnqL/ufj9YNPb6dmls9SqXK6rxqCPl+P2iXJTN12ffVt22af7dRNRJPJZH6XxLQvIlwWcjjzauIxIYI+J4PL24JxRwjejgzHHqLO7JGwm2KbN7MtnJBNrYz0xQRgZ4G2M/UWZicGTcKbMvsueylg3GSLJCEPtPxGPP/AKyyjUMp++6eK6cZwsX8umCzZy0sNeKS2SRb07+Q9XpZ0C8ZF56NdmNjxDXy36gj936msOPhjNDdlXrE42cSWU1gnnE+JaCX0wf0yeCXI0yUWIi1iLHyv28jyyEMjrwPgUdy9MXnjc8Y/eCI8Cbzhj5URtGcPcbu2XjnG5meVI8kRp9ovtgSYkxLsu7RNEPP6tNTnOma33y5o8ynh4Tb+k3mSPmuRdnOjX9WppU4LwNnR57b9dPbpZvMj91cxujyiXgpnsnZLdHTQyTikrGWMl56cyGMOUSW0lLBOfDkQyKMsKHGMNz4jLtPOG8kI8bThOW03Jm9IVhuGLOcZMbXEl5GskuGiKIjSHFCwRwbkk7DcJmeyyNyNzNzItnJlibLc4rby39N241MjTP+yx5tg9sYvImNn72cb/qqWR+dK2ozkz9GDTWenb1K/wD8TvRIu8ifD7Uy4omJ5V8ME2SOnv6q/Eo9rVwluTghcC5jz2+khgeD/wBXFkM48GOXHIkbTAkYIRRwiaTUGhrJtZtJxFFkfPA8dkRwMSNpFI4ExMybkZ5ixy53GVj7j7JcSWpk4l83J0cTxmUpMi+D9yeZeFFJuPCZo19Moi8doPEtTf6sX57UPm9cLs32X0ypZCWFZyWkmaJ/XVLjyWLBPlQiieMvxT4kuUbXnYyOEnPBORDlMYu6RhdkzJW0S+k9UeWbJ52TPRsx6Fh/FtYtJYfwrcrQ2C0Nh/BtIaGaP4bP4R/BYtCfw4n8WB/FgLSwFRA9CB6ED0YHpQQ6oMVMESprZboKJj6TAvpnQafntJ4EKPMir7pP6d2HommmLt4G8kfD7Mp4lOO6p/S/IyHm1FUykteFcM0f/WuRFlpLJntgrJ5MyOcNMhAsik8R2/avVHyLy4yxCuxi01za0dxDp8xdMZHpiFoK0fw62LR1IVEImyJtXbHbHvz8uRjXbrWp3yitqUhyUnnjOyMc2Ous4QopvR4TYvB5EhLifD7Lzp3mOpWJp4M5P2vqiuJ12DWVdwM0zxZp/GCXieDa8YfaM8G7JJvcq5M9Gwhpr2Lp1kj/APW8LpkBdPpI6WmJGitHpoUDHtbF7MmTP42OzRr5+np3L6uWSfFcWIktxXBLt+48Gmmk53ZF48ngXmHixC76WRqocd6WXL6qpCsLR+avu0y+mBZhDcR5Y4WMho75FfTWyvQ1xFpq04wijC9uDHw4/PZ1y3FUUSlhQ5K1HFzUSMsiksLsvFX1OKwIz2iQRb7NO8Skt1dsdshkfMlurg8NMmxkPOhpsshDSTLNDuK9DXEVcEYXvz+Bns/yd5nt1ue67fgT3ypqWJy2Dk5tcEee0fKRHiW4XeCILMb48CGiLw9LPdHWw9lUixbZRkSeRlP39Gt3VxH3ZkX+hb5hMc/p19sZXSe4qWDc0m+Yo4INdlwR5Uom7hLuvFK4tjlS4cR9tJZiU4qyu6vZIYmSW6KMiqyLh9Es/tiMaMezPbP4D7SExmTPdfiWoRrJ+np7JOU64kMYnI5Ip4WCuBtblGo3JDzJWtxl+hCKC3lWeSHKnHBW9stLapw1tY4sfZMxzTVFRuGdJljUVvh9mP4cmfjz2kRYzIu8X+JPt1y3EIIRJlMHIVJsWFDmEMG7B9xtEzqMMeyJR4kXLtGWDypLBRY4ShJXQvq2koIlHvpZ/TcM6b//AEVeOzJG7ncJ+/PzY7YF3j8D+Bexj4Op2erqIpDWF5dT2krOK65TK4KCkxLLS7LBrnH0F4iiRApXDRqFw+0GT5Xg0t2x7o2V3QW5kl20ssSsH56f/wB6J8ZEyRMkRF8a+KSylnsu6E+y9i+BmRD7M6ld6NGcyzgcnJxiVx3FdMUOSRuIm7BGWSUkjUa5Vl2olYokVxIh5ofGSzksjhkSMcq2IjSXcXVKasrce0iEsPOVLzoX/bpZ575JEiPZsXZe9fA+8he2Ps47L4H2iPtKWF1S/wBW7aSZSVwlIxtFPBObzCYpE7CWpjXG/VTm85H4ijPEiHmjDiolsC6BjtTMlBNWQw4S2uq5NW4krFhjK5cM0n/TSS5T7tEiPncNifZe1fA+zMiJci9seyH3XvRLsjI/HU7nXTnL3Ci5OmGCNu035a5dhuacrsKV0pCi2WcSJeOzIlPEVZy/qjbBlnDFw6LE1dHJJEPMfFgxkXgyad4s07+qHKGx+GRXZkWJ/Gvg4JeU8+xPsn7F8D9kvt6xqd13MirSSxlRlO4WSnk8KViiTlvfozZXp2eng1ccSJfb2ZHh1xzVhldjiZjKOphz2rI+Jx4ksOmZZHJLPfJRL+yl4dMvp3HkYyIzJj2ZM+1D+FkiMvavGRMfZfA++TWS26d1KU066o3Xuwy81VjRCSiSucirTSmLTRR6SNhKJ1Bdn4Xdmhl/W61IlThuBb9r8kXh1zJssRF4ecqfsr4nW8qj7F2kTKybGRkJmSQvZnvIXsY+yGho2mBiGRMER9o9mzJnuhmO/VXjSqbJzbM5IxIvBKeSnS7yrTxglHHdk0dSj9A/H//EABgRAQADAQAAAAAAAAAAAAAAAAEgQHCw/9oACAEDAQE/AeB6aQXif//EAB0RAQABBAMBAAAAAAAAAAAAABEAAVBwgCAwYKD/2gAIAQIBAT8B8AWs4EMAGjzaiENzDAR20+Gelu//xAAwEAABAwIGAgICAgICAgMAAAABABEhAhASIDAxQFADIjJBUWETYCNxBDNCgWKAkf/aAAgBAQAGPwL/AOm3tUF60uv+sKaWXr5JTf1RyWTeP2KZ2H6T1OckOFFZX+SlfgqD/UMPjXtVpiXpQ/pk7r1oC9jGqyHjXtUxUVj+kn8p6jwAad1NbBf4/KSorf8A2vcL1M/0UlH8ab5nOyagYRkFQgINVKj+gv5Cv8FJP7Ro2130vWtCnzhPQX72Vg8AxVLH/wAiqFg8YAH6U6+EI6cbJ6d+5k2cqfTxLcUrBSY48jO9JQc+3b+xalTSE9J/9J69vwvWkYU9R4/q62Kl84lAjtfYr/EGp/KeryFexJ4O2dhbdMA5T1nQwFP2ZP2v5fKhRsFHxHBBZbJlteESUTkc6AKHZin6FjSN1+9fbR/S21R7dkSqyyLqqsp9XZDgb6EQo9gF+Kvx2EKqlEfZ0Z4+6+Wh7/Eqny+E79gAqkw+lKjTCHMp/CpPXssaNTas68ZJpW2iGVOLr3KYfFMj+uftpe30mHXiilCgWc/aLcsxqh+vYblfyVfJYvIQAvQuFhpchMepD9c31Sv4wITBA1JmVTc0pjo/dsL9aSq2RqqmpeqpxqkhVcPdbplCD1Z3CY5f2oCFXkilYThKPk/4zf6WE9aV/tEKpvpf6WEfXBanWMZokrH5N1h8cUp1hP2qfIPiUD1lNI+1Tb+U/aIp2qVfElQvivipGg/2iLgFApripCr7CwHcdYKfwmWFYSmq2QNP3wpvAUBPV4iybyUEJ/FUxUyM8pxYFCkhfpB7kfpN++sqqTo1lSoTeX64G2bEaXTYWCmkL1cJnzvkCAG63ixTIkfRQ6ohHLjaNYaDBTvpnK16qVV2NSOqMmyhTaBqEKLbQnDBRkPYkKoXnSCGSL7aji8hQmZMLnsnFgqWzsSoL2CGSQnoTVDVezoVU73epMLO/YfIKJTsbBUcGdf22WKnZM2Sex2XxQKmwFo+XOcJshJQppMIDsj+bymCxUn/ANLFQmqzNy/4/GVT2ZBVQFmeUEQsQHr+FiG6bnmjxmUSftYz2hs4TlYxsgRKJojmmkqE1KerdB0G6EPvwzdkSzqKSBYjmPYWpCp6EH6QPDwkJgEFi1JK9aEzMn4QtiOw6JsPssD8KmoIFUeWlUqkXxNnYr0lP5JXqE/DdClBujBQPBpIVJ+0KTT7KnGECLkaDLfihfyeQdHKhYeCVSVG/wBIVDdMAagF/wBRT+QMLtoDiAqlulH4Ua/vUEaPHKlU+aiSgsVAen8L4scmIbZ3UrdRbdb65CY9GyZBNr+wUUBY/GNkfF5inoqekp6U7TkIRpq0Yv8AYCd+x9jZ7MeCxWPwFih/JS4WLxQPwvYMcrgewTHQgL3Xx1GHUOyZrUlUnlfy0Z5W2rCfqBaLYTyjSV/8csZW0WHT4acvuEWEJuXip3Cb7zRd9BqVPTME5vNotShy/wCSjY8DCE/TzkkpgvdeuyBQ5ZpqCMeuswTnrZXqVNsHMIqTHUYJ+nbNssbqSsINqWQ5gOm1Knp3T5oKZ7YnsFT00KVtqSnHKbMbumBTusSwHmVI8hiFB5LnMU98a/KZAhA8p6iwRo8PJBxMFi8NcrD5XtvzDkwg2m2E8h66k3iDpjA5UpqSi4lN/wCKCY8s5XKawKBHFc7I0eGSnrOq3AqpabCpDiRoHKzI4gothJ4mKossPjLU8DfXY0zYBDJ7KNYo6ByyouDw93K3anoMNQkWbNCarVYZMJynN673BQ4HtUjT44pTv0JFYlEonRnTORxlOZ3yNre9QdEeLZOS/RGVVjEhYRoyFso0cOkdF9X2qTeIMnqL9IcJlT8k51NtB9BxYpjl9VNwho+1SbxeoT1F+mfxm07X3yb33W99lstr+q9hoMb46ApGSE5TXbO9ZZYfD/8Aqeo9PGtut1vnleqnOxtK+IUCNAHNu5T1GPx/QJ1SEQdBrvWUafEnqLnoftbFQF7cPfVlQmOR031kxaTUSU9R6HZbL61d8++jBW+eFNyo1cHjU9XtzoTHI+Q6EZY6SckleqnmvkfIUczc+b759rtbe0jlRnKFyj2EKLydeApHEpuUeo3W6+S3tJybau2lHAY3KPEi2154G+nvz3WyhbrdYblVaj3hTwJyxobX2tF550qL7qlA2KOlClMONsts+/XUlU9NtaOBHD30pzsTpSotK9btaeJHFlQtuLKfJKcI2a75ps/Bm0XnLN54ccwkJqlFggdHCbRzo6Kc7KchRCi4sURnGjveVvaLz2UXOTbIb4bFVZ2T3m0Z50N+rhbLbJN5ytkBCFViBnfLHHjPvn2vHHFo0MYqZH7GTASiVUdDCU/PjowLNokEZajpDXk5ptv1jp8j5dsgVI/OlN30JvHDe23KlQoU3FIyydEOqRxoywp4D2i3xK+K+JXxXxXxW15vut8uy2Wy2Wy2CgKaQviiaSi9MIk5ZtHUbqbbKAV8V8VspXzXtVaQtlAW3N/ioyMMu3DjWZitiopK2Xsy+SklbL4BfALZbdNUftEmTd7b2i8r103yvpQFFJWzL3qX2V8V8AoHX4VNp6CVNSmVAW3asPrLPDdsjZsPcuVV0D2buSUdBgF7KLHVfN+bjuRQM8KcuLhtcIdx+hmna85Dxh3B/KfLKa05GpkoudZlHf4XjU3j+nlObRli8KdedIIdthGwUBYvJATUpqVOT1U6k64Q7Woo1VF1AX6s92oT1rbTbghU9qczAJ6jpf/EACgQAAMAAgICAwEAAwACAwAAAAABESExEEEgUTBhcYFAkaGx4cHR8P/aAAgBAQABPyFa8VxPjQ+F/iwXwz4H4zzvkeBEGvOE5TmiYFohOGhf4C8L8WBL44LxfjOIQnjPDQSkHozSDXhOC4hBIQREaHROHxOUXxnE+BcTleUEfnEH875Q1xCeU5TAmTfE4aIYJxPM/wA40OvCczifKiC4pfKTL0K9r0mby/SG8IFqS19mXH0ZPTrXo3ykvhhP8LTgg0QnDXM4bwUXjBMHXhfhXwr4XpNF7Lv80u1d+B0o37EP6PweRRkz6KJz9ZEVF7QsSbC2U/Of4kHxbD4fD4e+GZI+EQSYkNEHoQxeE8V8iHwj8RCFrbevY6aFfZIYC5yNkJysC3cLGnDMD9B5Xfivh7+L+CLyMfDIPho0hEvEJyvLWDQfD+WEF4rlAWk19DDCjFNX0P18tcJEXFKbI6jyI2z12kwVdMwGQNsj+jLVj8Fy/wDCHzCcwaL0LlH6j88NBD8p/gowX0SDfQ22N+xMZOVvieDI0xsjdUEDRJH6Hp6Qy1fsxrztpmWn+4QkX7iOpna465f+HPfwkJxSD4YuNBeC/wARFw0h2RgfvKJngmHFk4KJNpkXqpwtkTPoha6nRFhPQ3vIlbM4hCXsH0j2TGyMmv0ng/kviPfLnEITxSgxrHCCXGp0Lhi475nlsXixtZtEqV+lU19oQ+ER+mZPO/BLA8PkGxDIQnEWh03MdIV/ozYMULhfYjRWPTJ1J6Ep/wBBEt0+vjnihcacYIQSH4TicvQkNcvT8GLhebXM8W4zaIzv7QinauZ0ITazwKeSnZSEYSQnsmeBuFmWKl/TM/OD0IQAUw9lrY9b5zRclfQs7M33uhNYvZDJ5XwnDFzqNeUJzB8LlkojQWvKfG2iyxpcSQVPA7N/ggrQ69jNP/5DHWf3G3++VKHnFg3WaHA274UrbNiPUijO7oZWFdISompwMvZCGtiewieHmnivHQaJwh/I0QhoLmfKpjYjFPQIrY9ihowQO50hOoJoYXn64vE5xZK0pvh8IQ8iFiLWUQ24FdEM7jTwFmf9I85EGEMFLw27So4jryvGvgbH+A1zo1Oub8f6O9DqRMJH7FWJ1GZ9B9+UpBEFgJ55JcLPCEC0rUK9DNEVaOh4Rr0YQnb+zYMvwm/WMT4K9IW9DCIWcLYp6BC/Fjwvi/PBD8J5QaNBa5nlPFZGkf0M6W28ISFJO4KZVwDV+uFz0MJVgYo9jLw7QfrA5JAxbAowHwUhJqv8EME4wH9ILGKHWHUDJ858HEpStTXyPxMQ/FEFxCcPwawInwPxx+CNG7sPpCJnzEff34I6MkIRZDwGMVFTHtodaCqtCyglDjMENYJQlOiqIq5FGBR5WBxOF9cBu0NI010ypkvLGJWEehot+CGXwXinjOF5Ma8dPjhOW9Aj7BbEsTgTxUtF5tMZPBqKb0X0MTG6Ma2OVkJ2TogpFyMZkKBrBuo4bapRWEhmoSdP2LPAbx9mSe0VtDROLR6+hnJ2E9i6adt8i4Uc8ex8US4fnodfM1tZZRdvPGAZsbGN0NcpjiDQkHwlFbAlGBEnry7FzZFKZrsEn9mTA8ivRCUzbJ/Y16MXBS8pugaiNoTPc+a1w/JC84RCRHXnPJcGyWkK6oXdEKky0GLfghM9Q1y2ZMYzQcCI4O445RcIWeNS5kZW0U2WSeEPqG4RBpsw/Cn2PEYtLsPCymifChmvM5YvifL0LXxtYFxj9jJfN6OpzFphq3xPBcIXBjYlqzizQ+KyHFw3guDFETUY9WqVWBscG2LBIAmcB/hENeC4RvuUSFHhczynOn+C/B18pBNOI6sDDbsc8aC0Qh+CCGYc2WKkLA0GIKcORCE5fBSbF17P9oq7FDNGxwS0U68EQWyVdAjr/CUflB8Pl6OuOviZ3joO8lx6JiuULZNRsnvZ8ZkWFBa4UY2CzoSiBOs04pRBLkuEKkIm5SWYOD9Qlbpm8MfgyizogIcaJiGr6Y3F+NBeS5XJcQnHTFxCfC8oW70SK+3ms+5IYy37BjVXpfCFCg8d4S2GwqFiVCXBC8CQxiUFK8FFtIt6pv44OBrh8u2Ot5MUa6Pey4LxfxETmCXN8mPQvlnpkJ9JcG9NFj4fQ9JaOhF5XGgkYsWRDHYNFmHXYqfBccCKEJ2ZoGYcaKbh3BkhikLGBFwtCM3eE+LqpaDZKyPwV3oeRMuNeF8G3inxviUh15wnL4+skMhO9mhyp1O7BiUuKJovF75QtiY5aG+iiGYqNxKaeBskITJHJ5IbB76kVLY6tQbRrJ8MetmfEqEswMixWnYOg2UY0QlDy4+2P0f3R+N5mALaD2LjEqaeS56NzrhfA14dC0NcMevhfK0Y/wBiUtbCzexC7VtRU6JYCqX+xq+CEgtccRKSEFYkkUlFtsW1hjhj/bKstjvWCtjVMIU3oXAz0QSGqLZhrEtCG1wh+mxHStglJTKUyXo3h0QtOEHr8YesGvOczBHwTi8zyY9C+B8Xh/sB/MFNrcELInyhlWAaV9mbv78FvggVSnRMxGcsXEIsJpYKLbEDRCF+FHFsJiPbNQzDsQuC4yQ7xgXZ6LaNiXqJiqpN7olDOIVkaFpgnO6fpsQ2B15XyonFL8M8GPXjS8vlbHx1QlLAVpD7oSHxTy2IRVAxb8EUFDDnhi9kWZ8cGpUyMxhKFZIMtBXsViKYq7En+VP+akdch979hZlC5roY1Lgn7XG5KhtK37ITTgWjobMhDy4aczXQeo+EPyePnPy0OviYhzZ6PQ6txwe9C7XYuf8AaY9raejESMQ+TEWR9nFHXBCZsemhjIYrB3WmNdhtsd7ExJV0zSqvo2QfhfAVZGvsehISEimaILEyyNhoK5IuxqyjHYIooa4lRrt6NUQYL9Ll/Mx8HXDFw9M65XwW0NtG42zYaJUIzQjF8I+wlEscSb5cZqDNfLs2SYBam8mMoq0GrcMmSgg8jUbGSYyFWUQkTk9DKVx/8i6l9jaJRHkgyWqsRN+x2RgQ17FhfCzYvgvGeb5emdC4XiuWmw0eGBJoThyGNT1CJ+xbMuU4x0yxGJERiDExCzIoh6FO4GJbEnsKUw2s5ZLG6Ri2NReBjGLcXcJaPshObLB/iFmj/RadY9bbMHZKPYkMXmzbl/M+GPTOvBi+B+H2Ihp12aH6ZGEQ0QRUcJSCRldGRD5A9CGmLLSiLXYgx9qBklBkVFSLwTwM2jmBmeyIpRXjZkli9D8yMe5WByKh9hGn9cPmeOhm/OcT49ReSGZP0vhjhnYpdhB5+gyqiWBpEMRihhvIgxISWYakFJCEh7E+HQ8oG0m8NKkmDDqeAjmnF4QiYIYRmbITZQg0bQVeORXTiqh7Zf1CHxPLQvywQaJ5IfD4bwL4Z4tAu3Av/aG1V9DVQL7RX0Ylmvrh6yzoYwlRH2hMjcaKMlBIiRfBDXBoQi8IcrCE2mPvL4y8N8dlXMFSGU0rCkVkLa0EhLoaY1kiUv2IfwPQmRjEuZ8rOhfKhr2b9CWW1SGImZj6DbYdFzHp6BsO0PDZlhpEmCNjClvjWuUUXh2gpGPC2Oaw3eLpsGKVoUhijwNwNaiQxkJWI3XS+BcPXG8whR8P4G+enyv8BTMqDrF2XBbpIesBxtXYib9J4aEJBNTixSSGhi0LhcKQhYd6NjYkN4QoxNgxL7MR0SKhGt6HvxexXb7Ei/G38344ITh8IY9Pl+DXyL7YhWsUrWjO4C/wjaP+DRU2xiavQdYT4YnZZRXB0HwgT5zg+Ko4rQhcQTg8VPoQlOK+y+B9jNqGEdCReDF5Nxb5Qxi+F+HTF4IZRonnjmiIblwtdAplhaHIZ9icHsMab6EbU8sRgOdkiCRSjGRXgxh4KCTBkx4vPFdDmStApd7jdgpRVYorRskqX49DfxQ/GcJ+MGjp/wCHgI2xjRZ0xLo8jXRRkckuiw7ChrJ4qFKNUSNcEIYW0EgiEkNos8EhmxucC5YfloauDAiwyJgSRC5yfpBI/Xx6G3gkQYvGD8bw9MUNsIQj5fy9CofscrFRLVjMixgUz2ZfDSIvAtrfZfs2hi04lMKl0g2jbFLWb0h7YQxWQx6GQoHgJtPiWuGMfhRmhYQ6QYgQ1BawS8u+HwjQ2KThcTwhc+GfDs7FhT7MooP6+G/Cwva9sX4OCzVtsSn9cbGE5IS7OhnYwayaJxpHWz7M1tvTEmNCM2xKUsThUQzETKN8PxfHIYDQHq+2IbZrlfDqbczhD4nnBIng1PROnMkj7Q/C+S8vtAYrpkzbNoxEEmOxUg0aEvC8uhD40GiVEFNzsIcyKGB7MjHirYmDfL8GPgdxPRjirHdl0Ikjvhi+DTznzMeD4S4fL0WwwklT6JzPKHxfluRH0htNJDmqm2ELJN8vgYJhF/rfHDWlByaoRsYk4nHY0qhzsllopLRM+orgwLEPoK4PzJxS4FYljGt6caL5Xn+mngQxUhopfhfD0JOi8kLBuMIQ2t8ZyvNTUBSLdjS1z2fbtEkVux/BHnH9cQyvV/fEYZ2YWGoFvHhhpog+x7yuxnEVZQmvsr5N8xQYoZbMMFQfD34aeNiH8E5pCD0LRdEM4PQpVZXM8V5M0Cx4f+EwsvRIWml9n0yYSXJ0VMH8EINGozsyL0/OIbcUkzGxu0x/Z0aBUq+2xGTQH6e2OLke8fIUvD4PYRGY9CnhK4sYXyaD+Gee+WYsoY1YZWgt20KpYY2T3xS/J1gSNFpU7DBbN+vJhb7I1I0MC5ePUhpTGhkEOFsv2U9srohLmbeL0Y4t9mCJCBfodqh8ELw04yMzHVRy29vh74KtPkpqNyub5QnkhjbGDyzDIKWgNFI5Q+xax9eCfIhxiQSS0hsJF4bIsj9EzkRYOj8R1LSEYeQqkyFoUEpbQ3GxMTKOKTbGToWp0RFw2TBuSF8L45Q7IPxfK4XDE2bMYtcVJS0UjArAHN6MzaPT/Eb5fCUcND3qZcZ6LZGFVTqCElkZGLBCyyICsZKJkRkHgYcjCxwqraEKoOMM08C+LQfCGvNbJ5NxV6LAclnYsYd7Gz2VosZxINVWGNCfC+afCxrEUnOZQMwZAThLsPODsRYuUILDMJXlITLNqhu04EDcUbA2WPil5fE8T2P4ex+E4vsyJfoZtD5hmEwWShhdh9pfdUej6GL4F4ded8Uqa6ZVQ3s4TGIbB5ZHg5dC0wJwtJIaG+htJGdGUAcstvgSkIJeBpAuF8Z75QxeL8UxDM5Gz2w1/CYwiKwj+ymaIhgTiB9DTuZwmPyhrzn3wvCcPhCB07CNPwEYik0KC0iRBhucMKNpg1wUhFDBR4DXiKpBa+Jcaj4Twfwoa2PelpEYQ1pIhwKKsUgnIuceW4iTfoQqFovgfwMWB/Anr8Yxa+mMTybiFKI4a4sOKSKeTI2ZKsYFjhWAwgoudB6scL4majFw+INCGXxSFOV5N/pDJioghc2zR7cYReMS1CH9j7QY9D9DM+F8bzPifgrFrHsTJiYIzbExkfjIgbCUrZtYPoLlhQQkjByTguNeD3y3xhryvDYmNcPlrlbQ9/A4IurNEc1o7eEtbQbwJsaxg+VP5bFPXrzXjBk+Gj56KbXXFjMpUUH2Duxi2KS2PxYt6FqoQsESExyg0Th54rhoIQH8+LQYh+GeUPfLwjosa8Jphz2ND/VGcGJj6mbcTxJkG1cEl8l53yXD4vhDr0JF6YvsgkhmIoYyeVtFEnsk0JjJsLwZcPnJGKHjI1RTrfM4fhrwh/B3xSt7HMBaMMFoQg1gtRxGYLCTPpRXtwR0e8I9lTyXmxPyb8YOiyPY4spPDYxj7fCFwM2ZZSWaPW4JowGxpBsfJ8HEzRmR7BHm+jJhadiS8mrXyZr5Ifk8KlBDGOiQbAjUGJAzxN4CbSNAHocMrY1dHoG688PmeU5nwPiLS/o0dH2Jb/SjffE46FkvGxMCWsMQgdTkoZYffwMz4Id1Ed6vpiGX6Mzu0zOVoXh4mmPw1+A+UdlYc+ohs0EqMsQ1CA7iNAhrxFJfaJYGolEJe8DkK5yjr5b4PbUkP6QBgZf9G3Y3WMXxguI7FMSy/Qw4KW64LxDQyJn6I7A/2CsLN4GtGj8UUn34aj5Q+HzBMYtuMZNOChhBihBaLUIc1FssSqUzboZnVDI4/TBquJwvN83lPh7TRex4e+jseVb4b4681yQYxXW5Gy+hhxIZOH4ug9RN2Iz4fkhxiFo4HkyXszLLjQfKE1MnflvA5xsVMNAUkFwDR4GCMg0FE8mISME4OhUILB2Sx5NHLF4Tl+LMpXoYcPSj/XgdTxRfJcIUxF4HPDHDApJeHQxRZF4XAyegPhw94QmRIbITNGMLa8FhS4Y+LwxeHYsKm4mx98eeoQTeRhkmilVlNHKAUyYQg0FSMWkfWBLlL8cINHWdF5k9ITBKAzY36KN8zhMXMJyhBzO4zCMS4oFya4SFFlkV30OeCtMX6Ac07ES4fYpgzcyJuy2UekIDvC0XheOxLGOY6MMlko4J0qInsboMRyR1cQm5J0MgD2eRx+D1h9GSPzfl0In+ImalB4aZj8X8QgQVpsM6ZheFEE8cFpCD2LhClCGLz0DG5xKwYpGQbOARvBB4MApgHFkPuERTYmdj9OEPiygeTIYiKouYuNaGl/MWLoei0DV4MwSZUEX+hCgxS6ZPYvCeSlyq6KDqeyjDfY8kH8SFyJDZjZDT7JFyJRJgTikyPpwYOGgmJRDRjYUetxlNyzseTHTIUSN0LQEihDEnRGoYg3dFNwUyeUQKi4y2HrB6w63oVwGAwD0SI7QzYIaericMoNqPYBswfBC4EZheZ4fpaKb9IcMxzaY/hCEGiGTPM8UxhYHqFTXHMeCBEXBbFPaHNg6UfBeDY0NRwXKH2Y6eWO3BK6wL0i7g/wBj0NaKgcNkdh2gdhPcaGLsDxXtweehwQbOv6WOkFpHcI4MVQpkSsGXWPTAwrE+GRB1g+DfJCzQWzJRDx8pqIZCkkLsN/Y6i9iFoa4Xh+SD4T40NR+jEiaK9D9uDKKCuWJ7lRRcKQdQoxC0hCGVzsp9GDQi9CwbSinR1EN9YMxD2P0H7DDsK6DzoUCTuDUKroo5Nk0lRFVgnhZwkGuR0OSnBYaYxQtf0RJKn/B5wP8ABofNPeDJSC6NeGJBa98zhnw6UOzaBOw5RjGmNEQc4a5nK4a4ohCqZpo0h4ckiSooE9k+xD74SbnMDR7JnRzsYzfJJaFnQ0kOXOD+5HpE2CbehWZ4J2jIeziJYmQyZFDQwQ/2GmUJ4aMsFEp4hIdB19GKtYyCYGRaXCEbGhkbFB9cxJX0SxE+yrH2Dt+GFs+nAVfBGSiYYZOXOIJCRVDU4RXAhGg2OkwxbwT6PQY/Sx+qPwc/+gjVh6kaRj+w2jW9jW9mvYNmHpGmRnaCdBhdhthjJmEKvsiCTsjd4G7cSo8MSrInsTMkMRyivJMbT7DEzFn3IWmSCRTBFjfKwOQnH4bCRoSiw4mlVfQub0LAwzedfpDWWXprhBr0Eme0WM/BX6JRcNFwNScPAcyQ8BiOhHYhMYuz7RnYyewi2DaoQvQ5Q0HQOmyoaYQ/IjrTAPGClUbuG1ExUho93wi7GIFiU9gntl1hihZZC7MGOb2Zh7Bj2IMw2uNYHN0VQsiC+hvYlZlvrs65qzg98Lk2NRzghPQ4rp7Zmr/WSLdYudGTySioVqQpDD0NWskIgta4eihmINIQ0RiaBHY6XHAlGTCJCYQT2LwLIgyxseyC2NumNtkbBkiNwhaaCSYUEiNFEh0mFsa9ieoVN8LEPJDYk7CoWhIoMykPh2WTSMjbBcyTWBNdFNjB24rfB0LWRWC1zY0y4Q24/h/wMsCQs7GPHBEKHkMMMKnXB4j+wsGzoqi1ckiGk1g2GEI64DOMqWskVeuO5pwCH+lczfqFGuIRdHrEOqzGgQu406HZS6kPQ0w4mLtTBwWhsHjoWOj0BOO0XsN9OA7G3RZ4tZPsFgTRDGmhuExDG4YaLungLs9CEkSbLgf2WwLNDdQshfWSDOBYwGMFdDuhGRZDUTJmxY0G86MscSCJ7NcCoaJou1gZXInAx/jQjoJL0dsI/Qa6MaBPtURdmUTtoSLCEHo0QjAbdiWUdlRTAKWLBgh42EIh1sba0eiZdCWMiUfA98JswEhsbj/Q3jRHoboESRg72ihVeE9FJV+hk3exiO76P+0QnO8Rd4EjBRmbcJ7KErQ17IzQCt6Qo6GTqPsxD7F9kFRS0uLOBKLGkJCaaHro3yHb2NX1xeEJQ17Hn4Kyu+/9iT2bqH3iCwjPgN7lGZCZNwzBd0anfEjhHoz4QmE3YT7Ij6kOdDadCISd3Adhlob6LRTPwLGMr4KyZBlrIhxCDJDWYKOhbFuOU/0n/Zwl4HiG6/oa4n2GofQcYsiyITGyHeHqR0Q+wyMt64tVZGkshUmNUSC30P2V7yNsqPnLG6sF3xWcM6md0NS2OegnZFDbBtWGxzBKShp0FATYkdEaeWVexrKtiX2IEgwnoZhcCJ6GbQ/qMyWSIecgpfZHow0FjWLbMdodGZiJgYh7SFojVF54rRpk2XwGIZR6FoVfxI/ryIKnQYQR6krkoML1cRUs2KoXwHNeFEo2J+wvRkRp5XEqBDUnkKmhoYdDXiG5nHEbLBlRJiZovax1ZH7CFEEtPAuxscx5EqYssjmGTQnqZImPcCHyyZk0RIZJaJ9C9QgbQQ0KLIoGRKhrOEI2FLYnFHQ0SLfgo1kZBU2KCcuWrauyWw5lidbC5vIQpo6EfyJBH2QKhBDySsRLR3A7gQZ0aBo9DJwOgjEhV0yWB53FTQ4tLJHoekg1yC+0dtsV9jRiXAwftgRkVWRCwIvRhcdN5EuyozZZnKJKJTVZo0ewTYFHoT0EucHioIVoot4EcId2JDIeOBMuxULGsejYz7EmimNMR/R1ClsaaGW8HaLQ9qsfdjqKKbFiqELQzZF3YbqhTkMAqjslGmuP9FwtMlwNFjWKOkyUlGsjUEYIlQjkelUdNDFIYTol6GfsKLOzoDjsUKMW0h7UPazgVd8VDTiYjNBqVip9R3Q0TyGNcKrj0NE6hp7MGROWy3Z2gpi1DHo0FBUrsRdjSI/CDaiwFgYo8CyOPsX1xIBB9zI9mLstaeORqoMWxOsl6jga6FmRrNQRmi08CdcHTQTE7g0asosTi7aJSYlMj6hjQyKa4EN7HlBe0MLBZSHkZPAlWhBgvRNJnrEoL3klgZpEJu5Kej7TJsYG7IRt4RlpRLgLLKM02BN7M0HdO5MUOCD3DDkaBl7GTshoeCY7nKsjkG0OsSLe2MfY4Y4rbo0DG7JiWsMW7PuI2ETYTorwjFQpJjd4FbeWMcsYhsdQhFodcTpsmM2VTFholOeiVErEIQS0NcrIJZijAn9Cmk9BnISZJL7EkShD0sRM0N1TITx4IL6HV0j0Fp5MmxpKNroOfQxZZc+0UtsnpiUJawxxrY/hhK2RAtmkMGlROZseghkxQ5leTtBJ7MGSpRI1BFsOh3Q+hb0DLBCGyNcIX2SnoetCCJoVOJCOCYR6HhwDpsY2UIWhdIRkROyKMfK/YzGYwYwJZWBLpoKM2odUoY2SGexaqKUSeETuSWCMkoQp9HuQY19D5+hVUHqKnsmgt4Y2Q2N8IU6GCywOWzWPhEPBYHJC3EakKBzFaI0doJPDPsM8HRhC7o/BL0L6mhbI7EhQOoytmSRVYJKRUT0KbFoK8sfoiy0b0OOK3oqIWoM07JWEJM8B/SMgZMrnNh4MWxQJm9sQYCEOsJidIEW0ZuwsoLZvYmt1xUgkfhDio12JHSGDeYiVDZyK/oPYiqI2i3A7FskReUZFbF7C9DtO/E5NMSvpCmj6jIaot0N6MxxNZsUEgkqvQ6gdaRCN6GH2JTLKEdox0Ngxk98DsiitjYFaEDKYPYJIJp1xi4vkoyr0NehNYRmJkOeok0pKQnoYrRDlGRGIgyPRiGYQC4o3kzBAfQ7eey22YjctdCErlHYpX6P17wvNTjMXkfnEbHWL2Ocm8yeh8NGbFJpjc2O0GBSNljDExYKCDApkxbbI4Q3hC2o0uisQzTwX2UZfT42CZnLJTIeiWIR2KhQ9FOj6i/AZeR+ipbG0NJ7EC0MqoMEoeMDy4T4ObYmkp4LslOxJE9xGbQinAojLPDxxa6CGyqHadMz2OzOCvsxab5EvaNkLsMGC4vDE6jUuuFIwCCDUfCV2yMXQdZEO3VEbYzqKssSMN9i9Q16HfoRnxCOhg8ZPWe5jQSbMfCEzkadIoXfRkxShn/RjQ3jVtkezoiK62TsG0wh9AxjUskesGWQy4FQT0YMJ7JLRiHxk2PYcJiCwjEjtD2kBbbEREQrsQXY3NIpuB3hXDIrsaEs8NrLBdbkbrwE6yEsnpHYyBvLhBMzuYj8mMlDCFedobA0ZFPCMW67RUsjNp0KPY1w55KGISIaxlbIEB7Qpb0ZsIVBIF7SO3Bitn2iYWTBqwQnyR0MqoT2Nr4mxtjFfLHAQW6xImR7HA7joWMXYJfRk0NhRgMIYa2IkNcJZHuIfBciYMGdbM8h3fBIGQ6PbyM/UhYNNpbNoNfZmmtCr8B9Roc3keQps/glGn7DHYQX2FdIMkdH6yIaBJM6risSjFhMdjmiTHE9izpvgKj2UEWcjpascaWsSieGxsJZkWMWOyERsZuxZTua1jUdKBwFBB4kpZXB9AO2jdg1eyqUSUyx/UdsdZqiWghsvsP7KFiyIujpAabWS+homyhiY02I0+J7GzAyCQS7lK030NKmnaKdhDVCITcIlLBJnAr2aaxFLY5LJjJbEZBHqGJumdcYGOfsXBIkKXHIMYhl5aW16MBF59jRqFdjsVMMplDm+h2432UVo4Idk9wWoKdCxo30NWB/YUhhekxLC6IhrRPoS7IYaLxpTVcEcCSXXGgGpXshDQgxGYkCyCKqQ/Am4LZWLWxBCBuKyhsPRGQMaEsBmWiKjUFyK4QSt9jN0e0zOAt4SKGbD0NThOeOTxgmKnR8J+UDi5csMnIe6ikCRjRaGFJRFpCarJa4NhGBniYm2RpwcrNw4CxorOFDyRPY0Y9CNodpQyRHhsjbY3di02Z8C9hZYPYx32dxlZggAg8o6sDUsCd7Y16PRFe+hKiywNJN5IbHRbHTWDIa0ZHBkIehyhOJ6CF0uIluuI0k6pdbAncwrZnFNyIeXiDjCzASx0S7IxiLML0gUTeBBohMT9PwphAdJcmBA2pwjTvEkmP8AgVagmG2K82Mk2ZCVldSRooEwMSWToDLYaMPXsJjI34DJlwCGE7HypMRl9CjlwZaM2T7jE2QZHZpMnAkKsQ9mLpMz7BMwcTX3CayxJsNu47ZV6ETDJCbhtCdaY2CTyEvbZg7F6xHoSH0z6Z9UWogvjLVsFH/gliojQD0hU7Y7M7ZiYOwxXLkvUE6QSfQRCHeMJFwaGzZFghfPJkiibIpqE4FxklHtg5RIVt1sT9oyeRsmKFloZBXMDZUQS9jSGmBeomYY+hjLKLLN04CawBLphklTLez/AEJ/+CEOGNijX/uP7He/4Few6k/94G1R0SS0ok9L/RF/+RBGL6CXCJxeDZR+NFw0NQQyRmNJj4V9tEtDlwHKYrKVHRi2XA+MMAjQyQqSK0KCmVBCMUMQ2UOE0Q1iaJrMzpBtnszNM2GIhpbeRN7GW2R2eFkeQkNpMHqlt0Y4EoExZX8NbP6ZZk/pcpuKreE90IIg0QOOEELSCgjpkyLggZRPh+RcFwhIyQguJ5QXLVEGscHRkC1mgrL0N0EhgqzsYCrZcBpvNiwM7DceElQ+gz4Gbn2Z4ysDWBD2JWyXoJPA5qEt54nxRhui+yQq0S5jGPmWv9GVDf0KQab/AECVoRBpriL2QQJGi8QSIQZSg1w+MCQl4Llifivivocpdsa8oYhIWgwiyIJBXQUyMkJL+j5YFohS4Q6aUGi0PLMWYaJkW+GiIJ+4e28mgz6ehkTBRzRk8lpZkV2lEK7DV0/ziRbhGnp/owISQ1wmMZGKjpnjZCTwpR8qENMXiheD4fCXkmNxE2CRjRCYPaYaG7FLg9bCQjNlFUiQj0GdiZhYYIS5xpsTgEoyC0kMHEMzxwf4P2YKMgtDhvThYRV1wXHFREHkbcJCXE5o3xBiJ46KYvFKf0wJlExsU4pSl4fFLxSjeBFqMA4Um6EOJCGiLtGho95Vi8RH2ZoGEQlKXCBiyMQxbHDuxcFqNkSoag9a6P3I54nwYmZAfpj6jErHGhn2amXE8iYJGIWQyjIicTzviYzRdDH24UuRrwxfBOUy+CMQsZYvQ5Fmj4myQ9BGdNwyjlVMpCArbGiuBMAWjYscFNzBIZNwb4ZTE4BFYgJbKqBd6Ptwx4oklPsVGkmElihk6URRBh3g5ci4TKi8XkpSlYmNvwbGgmiWhCGRIxRvgpRcLll4viiDEOTJfmxK1svsZ0zakdiRDETGRi1houEqZcQkoPSBOoWTSN6Me5MvAqO4WncG6ZGJrBRsho0y0W7ZYtQkbhiP/MPjEfAoGxTlfohmvIhrhF4aGNDgSTQ8vA/NKioouC8m+TLgyFVN9CHJNBjGapQaHvAfVoPZGXQ+gihmAcq0mahz4bGOIgkJniIpZYwrOgLEEmOFoww9RuHjC68WcbGyNx6LkonxSlfLD3wlw+GV0ozASfiaPghgNUnDcNeC5YD1cOjYT7JFvbbFDJgjwSQ3BCirRFGBZ4NhDnREORU0Bqa9GiGBeDCG1qHSZXEI3EjFYQ8YvOUuwxGzYhsWeQFoaAmxPA8BxDYTfocW3wnhRPkxMRCDSHypSdQ1R+FHww2Iog4Rw+XsT8GnDJabcGuTALQ6qJ6VZEwdKWRqR8CyHuYro2DI/alv3GzMKEDZNBN4K6RgZgzKYqpMxfY55JbF1NnaGJRBMmsZMaKQkwCeCXiiEBJIJp6uNhi4fglXC4oxRkMfYwQxcoh8Pi+RMuOb5aENybAw7ombyzJdkV8TO12hHYeakK8yFzE4feMxWhlQvQfw2nXJa0PEnkdEYTEvxiMzAKSoi9DexTEXKMNGRQKlwKJOC0MHYzJPY4kNniwCtEYKMTKUTHvjs0VDaMMcJwwtEg3kpUQY3wPXjbKUvEE4QjFm9CHMoJNjmzJS+8WAf0wQz2MzoZxUdhabHthizlcEMteF2w6XLEGIaHXKMJofvC1SHCDO4Geyot6cFZSkgiPhoTIciTWYBoUamLFpihZCyELRUiSDfCEQSJl4wODgxGgzvG2NPhWjpiKIaGjLzfMFgzfCg/6gyujLJaYwmg3Qi2Qv8RtnDBF5IsvWShaRJp8bx8D0JGhZWRsEKdGQdTM2piwsjAstcFF4nL4ZsItGPVIgoINk1M0MHgwcazG4LIkMQTE/IQwELkRBZNNTQYY1GNBccNxJip8LwnNOMbFns2mhAqilmSrAMUOGZEJgarElReBMMhuP/9oADAMBAAIAAwAAABDO7UMS029uqevu5OJOwTX1/ESkg0P1TfDQf79eP/FhHf7M5krEeaGEu87bIaY5bNNfXHuQGgyBV02zcadOf0dmoIjuKnwc0KiDAjHPKaKYEQjyoGtbskZ37lIC2e8ke9kW/HT+vdlzxeviPO7YaKJNpLWnBtPH1WCs/Uetqe9UktNUE1MIJfM7DLCFICg9v9uYpMLf9PnQ4XPa5X15sSoNsutdv1s4rFf9nlutMD68AvZOjXG9sfaCoCvdnV1/FUiW2/c7uMfklKAtdJd9uLOKRcAEHCxlgTpWjmMg4Pd/cHt1W8Hfn1tvGtMjPcUgVtPpKyN8c9t91Ut8ZWUeW6m2hSeqM0+JxfNcfOWxi6ffv/FEOazoJl8OnmL+UoFhiRoI3+fJHu89dawOQstHUSxjitt9FdUXTS32qTU++poSTK2JW1l2/Ko0J4M2vrBTddXanexA8cdUeVURLRUgbrFpScxAJKiEU9Sub5KDE2WiHN9+5YfO0nfdMEdlF/5laDTpM4ZzjpLSfoCUEJI1obl4cXKln0KRUTv/ALTr/Lz5fH/PKqMQTs67OWstyHEK/wAxv55T7P2rWuD+R06lR5/e37mkKY1nbUoKhkNbdqsDvh44cRA9S+FWIGo2HiUV0UT+2b63y8VN9qoHYRQqLaSMwcNbsdAdT158AqELQ8kz4V+cax+ScWS35vcUuILfhWjUYhw4T3AkkjzQ/Z10rrrH7Ty2f37077Xbc72ouMCnW8UboCPREGU0fGx9rwdwRU1VZF4ybGPeVT9U+E98eMdnJu9/EcFpgAUXfAWARaD+Z2RlXtSdVc81e2SAWi25y5IZy2ez12S6n9tnn/kYUflJ8PsiZ2HhSqCBoaUVrT4e+4578PWTnW37+TH33C+bSnAax0/Yy9+K+9FXaiAAmxvRW1x678lYMkoQw/YLPHawMs/57edP/VjymQGh6n8rLvf3e/7h9006ltQBPdT/AJig7n0HE/NsPdVt9YY206gVnm/9ZyHA7eZ8fN/kbNPFgTAkK+5Gi+bSJboAQaJOaLpFX7J688sXHZ5WvNQw7gb1Gbs/h+cIzYVrt5BnxH6Dk0UxWDuCaBWH23Fn239cxib5403bUNnsw0/nGtjEdJ6McNTgvwy3/Ef31nlxZENaOW8GUJCKALtHqpHT23631yKPi0u+NMZVI9XhdVctEs5CFMykZM9xXDdPAzX24F6a78B/km930q4XKTnjRT79P8OfhEa9xdMBRhxSPmcq2OyiULZVxhMG4OC0YOViMotKFcv/ANKtkBvOYpA/wWIPxWQfF1EHbu2+3ggFBsLguXeGIquqeFTNldgX452vB/CmgeVCn/hDsqwSRZn3cV9x5MlBqdkM8gf3xJiEcVt6qvfT+gkCHB+TzS1fZEk3B9jldNN/lVjDJDBnq/1+YYpvLmgn68tqQwe5r1r1Pqmo6Z2GWAtjQnBt5VhdufFG4zMsiOoZrVA819Uwitf1n5rL9QJ8nabgIuYoNFuwGG3JpDOAb8ruva5K/O9mYkiYq87dFFhv45IgFME8dnwCvNhufbd/No0guJkfaZpWN8Euc/edqxgMocNhF1MZ6EJ7lWC6W4pRxRXElsIbXUJAVfEQzOpGaCS21Dv51CkeP3zmdvzTPzF2p1YBIgFdvpomXLN2kUWq9ga6Sa/HTxQEx+rfEQ8Ajfrz9jtoznGESEcHY6lVI62so6agq0qqaohBdpAJKKCnJlbPAnLtXt18py/hHhlofbQIrv00IAWf5NHuLqx/XO+Io+Vt55D3jh8Np7SQXljVazy+/CGX79k62ss1L+KFhLmKfwZyKqNXRgcKnUrspVZlDhRmlxfila/+SIe0Ps/h/Lro/wC/EbvDcKg4Zywk5JGl+TV1zrh8CXfNTS0tokOusRvqtDDz1x7+6JMI6O9fj4ysUWa2hqW7ibIvCyRFGpuN9pjjtl2yrulK511VUb/O5hirp03FL/mjCceb6IIWELUR3eH7aFFauEo9fb9AS3zcWBW/KwwETF+squN5dDgFa4UcDQO4bm6wTqlZ8tETZa/FZ3SSYeEqsUMhAHwhtB9mt0HfMaTfG7RaSFPZ/YnBG4T4oku35VUnVIO4is6jkJK0ehEJVJQd/WKcGAja9CY6bebhVimrBy2BUR0guxSAJKDO957hHME6DYl5YJPPfQ5DvbCp/I51y/Sx5GRzRGFvCOkpMBd3r2hk0VZLs+ny2hZQKJbQVRwRabubwVcaMmY6rb5Rrm99GYQc/q4ZOK/npXdfHUaNPTaR9XYeD2V5fyogQOLSUanmbzVEs24bJ333wg/YYg43fAPY3ffQP334XoXPQvHYP3QX4P4fXPPQwnn/AP/EAB0RAAMBAQEBAQEBAAAAAAAAAAABERAgMDEhQUD/2gAIAQMBAT8QQxeaGLpix9rweTViGJelFsJj8YTH4N6sXssovKE/yXUMnE259PhXty+17usWoYuXwh8p4sWP/Iii5mNjLtLR61xRPyvF8Zw+lrFiXcLj8L3R6uEMvikTxYv9CH4InqvecwS1+C1j18LzQ/BZCei4eLlY+nlL4oYj8FCl8UQWQhOVlxLZ6rENCRCeKKUpS9tlF2iedWo+jXD5pdRS8UaELH7ohNYmhk8rk6Q8WX3XLFyh8rF2uZ6TViyYhj5usTGLGTwQ3k193UMRPV+yHr5XaxPqZFxBD4o2XwvjR+Ey8tcsWzqlz+CITWIfC8UMXLxDydQfgun6rFr4RMuIfD4hNWvudo/vV4WQghky9fzt+DQl5wnbRCEL22Lp+Kfki9Q+bRPFy8SJ6Lbs5RMpcouWhLt8fna4S5SH86vDJ2unq9KXUQff3yWraXhDZb5TKfRIbGLpIfD5WrYTliL3OVr+C6pfCE183i8SCGTtIePhcryfs3xCE1C5hNvd6ZB/OHykLJ1+8Uv+Fa2PYJE6WImPil/xTid3xnhBDQ1w/nkmXaXudUpSl7omN4xDyEJ4MoikxDYubC9JDP5jxH5iYxDQkT1SPwpcSGhei4eQhNQ2I+kJ5sR+YkNMSGsfrfNDfrCH8ExlaE2fuTleF249W31mUQ2Mm3J5Ut4XE1ISJ2hkEXVqeXbk4nEyl2EEPhPh7OIXHx8L3BEH4pYmf0bFtLjxrE+KQQxDF4Up8KUosutiZT6JDWJjL3OVwmMXFLxer0hZ9HjIIj6Yh8vVj8L3cerKNlKN0Tx/6p6ITJxPwnpCathOni8VwhvWy+ay6vJi8VkJsJ+CGIYnwif4UNiJs5SJiGKDS1Dxi2CPo/8AH+9wWfSDIt/gh4xD5P6Lv+CHwx9fwXDEPT1Z/8QAHREAAwEBAQADAQAAAAAAAAAAAAERECAwITFAQf/aAAgBAgEBPxC/ifpRi7QxCHy8fpCMbH1k7o9XCLio8Qy4vaCEJwNdzXzBIaFkykF4XiYkQRBD1ohCDfU2CJlEthNf3yh9JaufgZCEIQYuryu189whMJC1eNxoaF0kTEQm3hLGPiCRCE7fCxiyDUybMXbFt8F73hn2NQT5XD7axEyal22Nl7Q1jEMg8Xq9eMQli6Y8TLytePHi8l0xDFxOXqEPhDExiHqxeK6+T5GLpriERRPC1D4cPgWT8FKMRcQ8fYiGsTxctC/NNWvIIpdfi9RCdvxZSkFzOJwsvTRCC2eqHlLi8GLWxPweX8DxjfC1Dy8tjExPWuaTKXFqy+D4QvBb9jJi1fneXaLKN62LGIeQpMvSY+IT0hOF0xYxYuYuP6N4hi9Gh0XKWIZRYxrGxPFy2LWLlvV+J4mXGQbRconrZ98MQvsmPaLwYuEPEUeJlyDRBERDz7QsWsWLFs9mIe0Q9QhvHkgywQkNCFiGLm+iEvkZdq1i1DPjaU+xbR6xZMpOV4fI2feSkXBankIPo8ZcYurBfPC6hBoS2l6/osY1iQlr2ZBLp/IuEPHxT6LcSGterFxCF1ohMRZ2/gXyP4LRfPixdMYlk7XUxi4eMQ/OYhl26kQnUnEPrbcRceUkyfghBInN82T3nKx6tu0vo8pX0sfCy9vUhrJrEP0fo2Ioh/ghPCDRMerbiZRbOkP1pfC8taspRMhP1wnMxiGQguEP895oh8XUPLq1i9UPwm3hi8kiE1i9GIfVy9vxZRPU/J8tfhnC5aEuJ5Pl9XJzeb1CEFxSl2cTzfc/Eh5Bed6mfWp93mdru9XtcPV4JbBoSIQmwnc6nUEPVwkTYQnd6fHwQfDYmXwWMWwReKUv4Vr80Qngi+q15dRS8vtFKMWsXmuaXiExD4fLFlyeDEvFEIQhCYy8wmI++FvwTzTL4LaUu/YkXKUpeH9H9jF+FZ/PH+Yhix/fDxZ//8QAJhABAQEBAQACAwEBAQADAQEBAQARITFBURBhcYGRoSCxwdHh8P/aAAgBAQABPxCnyzkCXbsubIsjIJILOyTKWQ/AOT/V/n4CD8dv8jfr8ZslkBbZyF+uR2yywkRgLD8CSCcsYJDJjJ82nzPn6gPmQz2OM9s38f0s5nkLPZPuA38MFvGZxYgc3J1+Hpe+k+y7fMFpuJPuwnG45eRiSNy9sNEwUkGSDlhsYMA2FyzbLbbLB/GQXjDke2dj3c8kRxt2xgZ6+XT4jZ/sBnfw5Qc/VmeXVyT8B9wd5Z2f5Y/Uwc9kYLJhbJ0ksLKcgxnREQfM8+rdewH7kL1sAW6+fjA3FkSgzs6XHBZ8Fr1uXLH5LBLm8jTwjXzDPmxfm2tsON90GeQw6xpZ2EHEftBn4ZsdyA2dsEDZIJOQb+AXFlmRGbZnzDnxfMuOyb5CPbIHYOyI3W7fMGxiHN+IPpY+qZHGsJ4QaQd9s/cH7nnzB+44efgviZsh5NkLp/8AAwsJ55eyfEYmCDbNt2ePbPjZH3YPFvobD6wY+5O6F8/UcMHNg5BHvZ68v/becgeaZDrIOJMgvYryCBthYs/AaWcggmHspuRmXNmCyixYT+AF6Q9n/wD7LQ+7FOas/QfJlW4/E2WR8gS/39ibR6N5HgnrQh/Yp1GL0LO4/wDl84Zl8B0kNs/V/kc+PyHzHZ4vUknbmykMtnb4luN8eWb8Xl83rZ2IgmPo+bz5kBIgDqWD8QaYSYzq/N90n6y8QQn4/B6cLXcyzOkKnGU/Ng4OJYvIU9i+fxllkQ/J2zL5t55ZvbPwBTsYTkhch3Lo9I8+i9YxKldh81GWreG2qRfsh63RTEKHpPu/cv6tt94eQT9KRs4C+C+JHYtjKv03E5wg7+EgLD8Ny3fLvzMT7clNtJby9ssJtk38B2IOWSPfwPbhjH2OP6/CJ3dPLScnHxCSO2/GV3JRL8w/F/V7x0javPwG+zixiB2d+rGdIPq8/DzJ55DzsRry78wFgSvHC5mpAfWR+B+9cy6tTkFTB+llxPg7NmD+AyNJ0r8toZmzh7A+J34tU6w+0znPz9zcH9BFGg4j4g6dH3CP6sy/279X9TuR52f1byZ9mDbJ25JrHzdg32Qnb48u/E/i+mQ/ZLqXZ85H3kN+J/TJPyX+Qt8F+06e8s+Bnv2/uTCAkoeXU7OfUW7EGkc8k3fmJ7+Ty29Y4z1g5JdeRBtmS6xbeJWw/wAkCv8AyF+j62PgSLsO/VS5Lrum/Nj42xTNjflJ9wNteuSri0/gmXspCIHfRjDjXjKA+vSJ4b3XLPo/QIrhkMhPqXkeWJ/Vlxe3SP3M8g7AY2Qcmyz92P3dg+c/GNcvfk++SNr7lSY288nVlGmDPizu5I/V/EIkIHiTfY5IbHv+R5cESc/GX6v6sjWHbbN/Gz+DE63nl77AWWXhy/aR8iIEZ4iZs3ety6cZby4IeyciZGIBgdFh8GALFtRpYmMIByesJE0dSWIef+SB6YtQJD0rowRM+kxsRjSEej7Bnx/2BNKfrLY/D38Ht8/hIH5v/uxh+7lyfbD5tIe/q9uFaY5k69vHLrOSHywZ2dXyD6nD83MtLyF82CfxFk8f8vEnImG2ZZtifMce2lyzY5OJJHPZB8svPL+3Ifx57Df5E65bIGl8CxHj23vmEnYaRRx5a0DFk4GR9sHgupwQl9goNib9WBfEdmbVfMicHM+V2TS6gyMjFH5+bRRpkeMSEvRkNrHmanjbZPmOsOwF8z+NCHXy39XGwnl8xi3fibML0264n2XPbY5CJkx4vFmfH4f5JpJ6yGsOLDLX8GQ6/k5P0IP1Y+pZ5bHOL1sdiYTZyfqfI47DJ9i8uMg98uA/pOiYaCxufe4qD/pIDy0SSitfVZO287HuQZ/BVfGVe9y7PqxA/l3Xyzv1Nn4PBjp72TvYfN9/AsGxfORgX4nm/uRV7NkPJIn7hyaJ8kIMvxvL3B89khLn3rU/svfL929m7GZYTjZf2dT0ufMZMO3C9j3y95HWzGt10njsB5CLds5MQyAyZAR38gTMh0iG0HPxv7uvmGfuxhjYL+M/dkF3YJIzC68jPvtj8kkv0xChnVmX/m9gtMe1tx+sb1EiGbPQG/M7rif2PtASGADcTc/UgeIIku1/Vt3sry5b4fYAJ0xI1+NbJSmzAm53Ic+yw0+9mxZiZevJfDZD4bD7oyuiSHwv8vhHX5gPXen1AnZ9+yMM88v/AFPlsfg5Iy5HeSZ5MDIb5Cf5D+7Spt9sTlgfNut0+LN9s2A4zZG2IWbD4swv1CcuQ7Y3z8C/q/UkGzt/UcbNm8I/CmRl/uSGfIfdozwPXlgifrYKG/o2U5PPtLns/ZuOinFx/wD0l1eDj2Qqqn1bu7tru7s7GhJzC1zcLR5b3YJ3bZYhwAEfm2Q4STpFF34mdrGjkyB8yXeTyHZF7MznX+z+AWDnzE4LP3H1ZQbCZC97y8BzM2RPPJezkE8/G5M+Y85+E+/wTv4O+3Ni7yTsY9bCBst4Ts78ya6M78QNjtne2B5B8/jTYGeON+lx3cB+M1/A5etl42kdZxOQWYbGNlvfGQ7oeSAdefaXmJ8p2tfa7yri0YhymNeWqs8bwtc6GwMzOxz0ID5J9bYh29LE/sOTTnlit9PY/nbt5B3z/k3o/wBlh92xI6Xy0u/9l7IxjIP7IGhf02xU/oj1x9RmO/syRoi58tj4n7M5eRs72Xrvn1AEUaE9xwbYJxs722/s3j2TYPh+PfbhYJ32NPqOrYbIPLV3ZgI9k7Z+2c87GHLzy3+xuRjxkLdsMgG5kFvwlsDiyONj8H4HPwPbeWbI57FgmcEF46eSshPRes+/Cx8Y8o+BjZl+inqS5zYyN2Q+IEf1GVv4lnEnV5mU/WXtr42Dp2NO52fFlfiIgL/SAlfxNhrPuH7tyl6/rlztZ8ucmXUwPiz2fJex39pC0P2ywP0A2ZM9tsmkels8gvr+AP8AU42/DjOzq52AHVN58Sa+9+5MjywzsH0sLAs+bEgvkHI2Pfw8M8W4kl0g2YMvUex7Jvk8R52+Y8n2yV+ARccj8av8jsHxZsFxaXPu5f8AkDh6XbFMMEXVO8yGjG4BkUbnGeWpgj6iX40LrrOQ7mxbjtkrfDnkR0Mnfb6rPv6vJ7di/wDLUM6aZeYf5goCn6sNkf5aDgf5Og4gNHj4Li657ka9d+5Hm+Tunkq0H+knS/rZ9Hn6jA/c6eFwdGOnYO8YMz+xm0B+7AX7qwQwm8t55F/k89iA/l8+w/H4Zy/y8uz1bQR+4Ebn4H9SbDnk9Qx9/Cc5+JgwPibskS7xkQMtjsZfMP1H4Ng2Yzu8NlX8FozejY8GgZlskig/qMvy6GTersvzbOdeCGgke8JiNn5O3WnzLP7aPbM5ZTXfJSEn8gRRiIJThGgTQobz2xA7I2nIkDh5ZPLfDJQ9lsI8gjkb05KfMjOGXpanzkvhKT8MnB5LmPsfkvExYm4edPhsks5C4I/SVzhdPi7vl48kh+I63XJwyGQdwgvI+Umwz2cyD9/ghsbB7+E/GRNxPIfv8cSD8HGyd20+wt9k5fohVOGxBaBAP7N9gbaYkn1k5ZOBB3nl32yxukwuqfUNQslPo2CdZFuZYXIgeyc4R9EEEAEZB5YfiGci5GD+sH72GAtz9FzWPCcyB5ySG39ytJkIAwQHJhTzX5jMZr6nPgSTggHlw8nfiKPPurLcmfiXFsb5PRsn+79WZ+Hcg5N2NX8aWdvVvNhL24Q47Pbc9jY5qQ/28+J44TvsGQbrdy/c27P9h32D4WfdhthkGMwXzF83x7Y/drD+ot5GZIEddL+227p5eY9lOnmXDl8yyu2uTDsfMmpAH2TvjOnjag9ZB3mxanQ+oAgl9GSH248jnzDp7GR8lh9QWpl6XsCjCEHH4S7BasXJkYT5u4voySyoWMP7cfRJ+rCcsfYVTPSXauKtiHuIU63j+UP3KR24TbERk3S0kesGWGXjkG+3SGZeeXry1+Et/UPs/V82GwtjIwGXLDdufj58jv4JBMtsvr2SI6HxBS5df+w7rw/t0SAQMcPt10uNfMqnsCfM7k+xni2n12O8bTpCDysHZ5svhPzkci68Z8gJ5ZfmT6ZZJmZ8W9Z7d2OSQLU4J4Rf6fqOdI/c/wB/7C1eweHJfJtzyXfxrI0cez/SzxfD5gRkDxuwawYyXxf2CzvtnfYEDOWx9hdt3y/a+eF/kuchN7Y7yOF3fw7AlkAiR32yrSHEEllmM/y8/CxJ27JZ7dTkIbIXTJ6ryi2+eQpufB+59BmsIs9S5LyfLxIJfrgNZcIXxHNgRwTPZA6FhtiezDzyNX9XXzeocg/NwcZmmNrYImoR9soN/d0dot2OYORacT+WFunxjKfjYL22K9ghaxmSTR9LD75LzkLL9fjIGzvZ6gm6jhHPwe+TsD+HL15Zhs3x+F7lj+ENvxBeXIgmWmTbb29ZE8s+4svOQR2DOm/qIkDr2ON0wtIjBHL0n4m8/HLP4Ntm2l87bDligtQOQHgwACXNsFMmGvIuLsvEPm0I5IJ3Ibt6qWkFyd44/Vu5z+JD6H6l5P7wWg/WCKt2euT2JN0t/F8vuSmYtBigAWGEY6sDy+OTofhgvm5aXZPYHbNfZ34Y2V2X8FabCfgNntg9sfE63EBl5dO+F/khCzJviHPS9sh5ZthMZaW4HW5GOESoeA2bVsJaPsY5ljXYMt/JrEOC0WIIA+7sHxNgYwfEbZC6Ed0cthMuS/VwyOR05D7vnjLHs10bwA+p2Bf5PnO78yg50lEQf5LwM/t1x+L45GnzD3thdJm8HEhPuIRjOtvrQ0sH9XA326PI87LETm2FgQfuPsHeyM9ljby1+b5nCekOwuz+GS7Hkm8kZceP4aTnfL2dFo/GQ2xb22HfnLHH35Z1M7k3f8MHAX6fVt8HweMwhj04WwHfk+SQOPtkQwd2yOsN4fMxb8wmC+ce3nFnQl4E2mPJgGMLIyPuz93DxtZxjX1/As5PnZcJNKf1yU/sstUEQxtRIUwnpx5JvI35/DOcj9+/gF3eE9xitGAy082aPWfIy+IIPyHJ7eEvb5t5GMieX7TE5K7n4BsheXBYO3kmyJDjYW6f8ly2Jt/GTyG5NpcO/Fjs6k3Jl0YcGKkpeDmyYFSPcY9uGxOHpzf3c3jKQ0j2zx82xZCIhzbN5EOOQP6YfJyUnynBmYg9HkQ+wjeuh/t1gyzccWHsN/ZATQ/2R4FsactHxyYCQCzme5Nih8ifuwnl0Rxg19hfxzIuZ1/V5B7JOmXer7CteNA9tFeOl4mN3+8chz8e/j2bOwGdlqnhdTyx8z+p4GeSs+x2ztwet75Z93Piz8FT8DidVFlm2ZGbJK2ZmWQgib9RlR44xEyivHkkUExDuiJ3/bDDrrC8010/v412WEoRtjvlsuWy83/cLFkqBki66WM3HvlvCOeSJWZIQzQDCZuv1bhvfDtsz/q8lrx8gL/xgAWkA8tnnTYxx2fAB3k4HiBztgxqHBtnINmfUqWR4CxxLp40hi4GJoyg+lEtZXEb3Px2WYjv4SfJZZPtzs8iJo4yQy4b45dJNkyMlNgGCDCSz9yfH2L6/GGENY4v5HDYdsPuck7G3c8t+yR+FsdXbsRnIeumq3iQCLLiVx/sebNnT6tPcWI+IU6v2/uFfZsgb7Ei44t73W5De4QiYD9yca6xIm9uvUYwHIPQLEjT52aHHz2WP/JjWZ/WW7j9rMe082GQX+SAaibzh+rVN3LMB/dl9xDwtqSn1YGCeEfuJ95IQ1zGB0xrB5z4m8w3ElIcWbNjNr+0nfzF82ealT/Jku6oDF8/BP4O/hkkikLy3PI1+YIbueX9GTsaLyUeXvYDLqQH2P7K51upxvrkJOt+pYbbse9g+pGNu/dn23EsQeZAD7gkwsz5RhhX2nU1OHhAk6HO/ENLu+JZC8U2J1t1tLsQJ9kIQNCXPjPkGZA27/LuPkr4m/UzMVwWRYCtk8yH6sUcfqHIx/YExB/Z7hB9Xjv88kIOCEwdW7I9k7gXgbjT0EnC/qszh4wCM0tpxycojCujEyz4f8syDf5fBF8LgqiB/l9fH2BRBhbeXI5+HWS+Ie2QLUaWydE6scOyc5Z+CdkGAG3Et5y+Dbex7/kDnkkfu6eSmFbptzcvpJyTcwuXv/kxKVrtw3QeRPXrsQZ/9mYRBkRzNtBTRB9geHp83U7J38cMGOXhLYk8YQtlZZfXCHD6u4r8R9pv9t1rH4uh8QvBIn0ROo/l7+L/AHwsLlbhk+Qu7r/+TO68e8hXtfoNyBl8HZAff7ae+Rxj3YO7KN1SwtNiHHIcTfiyjoE5YWkDl8mKSdcewRD8Yx8zpCUD35tch1cJRqHhZN49k/Dxb+HdjY2WOTY5sneQr+D92Tv6t+7vwcsd7Ywff4A3xkfqdg4bcsa/lrB/GqyXls+z+F8nzMzmG7FrCmH/AGEcBLAzxuzBnHY8vd6Pu4+j/VADdThIHjYYBDMeLC63ZTlp1bcXy5wvl7GuvboEV+L1wZXp/cnWlsTgZc06ig8tvPl8IujbNA7A4mW5epFOxu85C/6hdm8LJ5aQBP1sKJrk7jV9/wAsmSEOmnkCcnwfiVvD6p1imSftjqaBIRxKLxETLvStr6U2fI9tWQx3v5Qzs+v/AMSc+Y/a/lveyix7YMs+Sw8z8Ovm36v/ACW8QbIfEZMfxl1Ownz7KbfeWucwbYV02+Sl795AYgHxLVuxHAj5AfCEMYg3luM2B2zcYgTJLh5Pr1j7nLAtR23CuR0GRekcZ4H1KkGn6nwu/OSKfUSAdkzEWqphyMJYbBFdjmBmWx4T3yH3AZyGRZuSP+x5TeTMB8rRYx3JzHH6kcbv6mZAfGWhYQxdtB6/GwX7iNbC3BLhPpYYH1b+r45Zvv5F/Dp/Lo5N1A+SGVz/AODOwG+/j1Mv1ZpZ+5Ijy0Cz5lWccvE2p9hIu9yB82G/jmDctQAbGZ6kb+pzMPLmuEhj1wtYeClhM5IQW5+YSV3loYWx2SThH+lyHl9/MQzzIxBzIbQxsZOPZfLOYH3ARP8ACeyuPuWrdHPEnxs3EsAjsNyDI8h2XGQObyJwNXb4yLKTuic939Qnxni63IUeg9vP4/MQB5cgGMijw3Dvpa+4c6/hj2+Yey3jloru+QdhZl8H4fZw+JD25e/g4eQmWcs5L4htX/g/D6n8h9xmz7yx+IdceW4R3tl185DhLvkHmyjAqFmWRf8A3YgW04Cl5EMKyPSRv5uOxfCeHl9gLQx3fjJ5Fx/cB+kNetl8NSGfpGnkS47kUr/iGtEBLsRciLjCS3LYOyW6fYs9uZ7aJANnhdl9l4pL2VQhOWBvRgRz+ieSn/5pbaA+DySgb5LGSnl7A1+rpMWyB07v/ljPLeeQ6z+1mWu3zsdhl3HS9t5+4fuZd8nCdvffwSOefh8j2Qy7shlmJLeufV47KSRfEfuBeuRjy8dmEjlsmt4gN5Bkwa+2BB840Ovvlt3EBskSZ3DPiduLI07EjtjlL9yvytcf6/Ue4r2JNcmd8WU3xah9T75fGIunT3L9nrLXET9TIf8AmxnnH6uIMPO22d/McyS+SMngW3XkI679QBcTGWD3kjJo6b82Cid+bQ+Q/kCbA7jEAc4R8Pts/X4hzvOQsMuGOzBrfORgXVGuWPzeMsfhxO0fwCOy7+VJT4np+A3EuWzkpNuE7H7ufjYBkb+ELJG6HWwYX9mza/8AFG7qfHd/hcojTMf5MYHdmEGYPP5LrgwUekKvDI/C2+QvguJ3GDtxB0/Nv+Q2GOlyb9RgQBgYXROSah/y15ZFyLluZAGsSHe2j7G42ClueX23HZdZHwbyIXRrdTTmZbsCbloNiEZzJVFIr/ZkWLhrZo7jS69/lxd+oX6/DbBtnGPX5jVodgD4jPqNdC13vxKM7/kc9jGwJSMz9xJryRJdDYS9fyUsHLv1ZZEx7fMn7jPwLT4QiBl0ML+yPgv8uSB+rgg3PiU+o3l3kBnbwvR+Lsd2w9gac4MEOIRpY3O3As+W8mOsgLkKXL6/M3DbvxCZL9RNntqoyHjBjj2BoXL5vsFa7dvm00Nw6yD5tHd/EzG/zFhhMNb0ANgEzOZZRzfMe3SRchd25zXg8bqCgbFn3L9fj2fxqzkSe2FuSaeRu55Gj0lfdo87d+2B8yfiBfYJG/z8bDnX8WiXZH/CMSclL+NLTZRJYfw5PkbOxtr9SuPOXAQ6S8eVG2ZObDsAZpKmq/uDFnwPSGF78OYyRh+yHOnIFuSPFhOXKctGdfiwnOS9W/gHIH4n9Z76R/C3Rx1yWYIeFtDSO3+Wzo42AfEv3EYwWZQ4ewnetg6eQBWH1ucA4iYUv2sp7yPWfPbcljvk/u0gvi8SdRuxuR1viemQZ3Za8gkhly69bH3Y+7PwSyPfw/8AFZ5BfpEgpeOXTtw9uWWSXxH7tPi/t56z3g9hyEQbYL0OS0hsxXC9Rvy/4WQpzBfMhNlbgId+ROg7jcIbP5S7q04vGBw+LeamED5j4G3kN8ZOjs7+LfbNfu1QNzI5yTck/Ug3BaI+bq5cy+1kyOQUXbGqAPVjK8mHy05WV278zxyYD6n25B+CyUZDeW8tk5cr8CmQOXrtghp+oAcldjvthOQfRP8ALI8/BtB7OPk+X6hmOp+pF+bpKw+5m9LKZkm3on2GfxnLnyWr4nPqczhBoPiJ35nVtA9W3F4Zcrd4fiXlk4e3fSNfAyu4Pstli2l0ASuGYwHfcggZC+TryI92DmxpnzaXYDHTyDvkPokfEDLLnBBhDEuQIenLYvBy3KvhGdGdMHPJslm9i76CIOI7koeWD19/AyQQTHtmH4Fvi12DnbQtJCXmDGbJ21eSPxLseWC9kAyWtiXv8JQZz0nOfEn1ZvzLnvZds7rfO7Ls+3k/g7PLZ1tS+tskfQ9g2sS2Pz4Z7aPt4PzIIezXsX3vo6ToT0GQGel1g+Vn7gpDyyHSKN7liMm5uth5iybjZYwy26WBrMi1AZjyDkmw7sUeStuxwjtkjHJuH0t0ieR7vjYjQ/tyetsSNMxvmYeWGcL58s2y+L5mIO7aJkfveknNjzrc+ttPi0PLUH5/Cu8v/u3efhx5Gxj829l5EVW+h8R0HGl79J1k4fVuXzeuQzZ+N/CcifbLyXnfJBR8ZZA4B3/kBNoT4ux+IHj/ACBYcs/5BpEfu4hCB/q9hGsdBXY4+zOl762bZP2yOQ8tQc/dpgPnSxRP9qTiSPCP0Cfd6C21dv5aIzGNhLmcexHko5bRy0K0ELsfL4TVn8nmvz8xkO29PmDwQYW8viXkeT/Ycm6wh5Ysz2nxOiAL17OPzP0ZPts/d5cdv0WayS/Ua3bELW+YYufxPUMeBsCOweG3Uc+bOQH4O2NjbM3kWfgmdf1cTPdsrRw/9tNHhX/JywAY0c40jm5gtjmukGEfTCBHx/Yw9f8ALr2ExydGPJs3SVYJ+2cgHmPi3nh16ZED94EZanuMf2B8QNhvmJckLNszl5vhtMiWdsI08l521FBdjAfWwfitTBIcvImLHM+7XJfcm28v8gzyfbi9uQfVx1PJzD7lYUmQ17ceWQr5vJ73CB38ZjKXiy/LOLl83Q200P2LtEQMajcFlD+HkTZn38fH4b2bz8FkrM6f9veVCcLbmE5y36gOszh9Vx0YND8t5osxI3s2wsgJIZ4fSXZxhJjvNTZTAfk/UKEP7k4OfcZrDFr1Ae7FuMwG9vollP8A4DhMyTxaEZZxPVth2Vw/7Gdi7uIhukC6Y+oMufjewyWGQDHPJj3PUQ9TPwdJJeclBsvxI6+bW12PIRcI99l2zbDfY4rLoxOwX7CfgTl14TyIYk5DbPse2RZN89g24w8mD1YzV7kf+zc9Rnl8PxvxBOcM6w3e+/8A/CIrHwb4LfUeevnL0AJWO7smzg9lfq/rLtALHaIDa/tYytyH4cvOjkZZL9OfMN1xs/GGmT7Ln54S8iHyEPbtr5C98kCFd/kZYwa/7ZE5jhDoZy9bv4apfF8SKwJPeW7dHkez6GyKp2F67Zp7+Gg8tJqvhlSvn2HluwvzL+7T/ZXINsz8A7aVjY1GCQG7trvIOwfgBckLCPPybeXy/HxE+XzKEwwPxvbjAvTsgCt8XfQQU9zlyJDP1ifs9Ztvz8pMmYGYfH3J++RMF+sWUNfrG6/uxnd7E+4PrOy3+8m30sTx8QAH+XYd7fLdAQbL8Af7HZT9bCn02NjMJjyO9l7ZMjYEO2frIYfcnIQ+icPS9Ir3HOyEg+2Gcg5JfH4P3JAsdg/U4tZzI6cgCXPY/u/6l/U7+OJbkthAz9z7PJipRHqVIhnpMYFswIrZfDLJMA+o9jUmWqWOztj8fEeSWXjJXf7pNOkd8R4gHZEG7B9JUB3g8g8p3I3JD7MHRsP9lA6WZgQ5ydIAuvuMer1kerfJDRs3I2yxOyjh/jLqb/1MZpz9z7p4x+gSqT8tmAfjIEFPyRQOfNgI8yE38WFkoBdRHN5fXacG/EcPyhjk2+IeXxeH4yzsEOWv1d+YeyY3D4vYcZdfqXnJ77ZP4YZBYQctn4QZBtvzO2mwe5DNPoblWk26xaQC82AD5Ey18XXt5ar+APz8T5+Ht4d7HoIfuNWBjsCU79BsOGuPWpUYnXgWKb484sqNXdv45dfIPs2OHjqD2d8rEb/mx7kSDso+FSLEnfAP+2wWvvljfpDsW2n5Q7/BhbHhsoXGwZEYnxCvY1Dc1gnZM/8AtEtmuc/GEG/MITMfIHKB2fIdLYn2Js7HkJa+JrW23JVPYJ7ctA6XXkdsn3JMmOPZ+jHLdsySVOnxZMHLbmPjI8UH4CNN0tCMf1Z4gGxAHRtrV+Ib1jps7Bl8QXxfPLPv8JJ+Q9L5Zy+jI3c7YA+L+efgYwdOPE+7rCegPLZPg5BM7ICpMv1d+RsPPuMhrtHxFYg/UHABhJrO69IJ+DYuOMi9eWTNnWCObLmcbdUZ9THaeTVt3exjHhJhsC9n8Ntgib1y8Oz27O3x2El7y+bLJWVe2GnbFviFvIpG/F0jY97H6Yex28ZkmfMsIdIuaMxyZ7b/AHjbfq/5iT1nD6hqvPiWsdE4dP2lrjywj2yd2D8Z+f8AbLySC8ey/q3eJDhh2NLTmQ8yy47bz9w+XE7DtaqXAYK65MQuQORbcHB9ZbM9s5HJAH/tl10tKdnXLt26eXcZlgbsATOmQ/8Ay3TAe7Lrh87ZGP4EPIfBvGy1TEcfw2SPVln7nbHI9jdmEj8IGzh/br21dlzyElJN/Cc3bXq9Xnt8ey3xGjGng9tro+ctCumFHywMB8uej/U8+RztqQPIHdF+1OymyNlJxjDyNs/cGT+CRg+5ct18mEfnGx/Dmw5zlihXhZfj0bYBu3K3H7yUO8nAYhO6EIANMbbYaezbC+p+pFWNS+HZW8Mkeo8g/IbMAJQbNsPzL+fIhuTdLryOe/h1L+NRsQksvEx4gbZluky55ZtmT5YsGCW+Wd7PfLITZ+8vaZzls5KmJk5MEvJRIKYnL9zxDfDtxAbLsdCyLxgv4nyH9W6fjGeEdNui1G1Wb2ZlrBBs8gjqXlpPficTIWAwxIkANB8R53CydInQL5LP5NZ0x8zkqdMYtZKhplkjdR7GuhcIwVCFrwn2GvNlPeCw9jKGMJxuHEhTyVguj5M0W+R+7Hzc/C27el0h5bt3LxszxYPZfi8fkcy5fMHYdv5L9275G33cn1x8Mm6JvNlXcxdwmMM5ZWAOXJHivFtiENBxETeAn7tJR+M3yN3s9sZ2cHLn5Ak+rV/AifMtOty5APlotvX4yeDBTy1BLaRZp7CnzsvNkdHWKn1swM52JiF5oZl8BIkvysNbMNydwFc5FwJ+7MGP5ZaEJwWTdxhyTGXZY3jHhifzkE8l5+XxKn38CPG1YvUHjOMmTbPfwTJZhsgVNOEQf6ZS35I+vlpxkO5EFY+ra5E+5PdEs5xHkYT5vkJ98hvfj8EOPu2z2UMG/EmW/q0+23IxPIch/V/EH6vDha3z7LLpD3M58xIFR4dIVla8OZIO245FQky/UQdO2YN9s2jYjtrfeTNGDgGfuHIfwwEN1sZ4g5OTn3kJP5LfqF3pHpDskVaF/V1Ykfgss+5L9wH3fLGessG3ry7aI36hN+y1aLTBs8nye+XybbEnOJfl7GD6RTH5m1fVirztgkOPqwLIvQGU4IerDnC+k1mcM71mEvpkNy8hhv5RD2+JgjFux9WjzJgs7Zb2GG9vn8N5Gbr5eLj7/wC3Boe/q747BNIycrEAY16MBXRKN3CM88n2KRQNbK+q2zChVmMAMs5yCkKSiHn41NaP1J3by3S+Ih/Bdtl7kF4Y4p9h0nFvbhYWnY5+AaQY23llnWYjiGzEdmjvlnHbKe9uZfV9Y9m4gIAh8TZkA36YVT899kgAFrdun2GJUHJBfu5b+NfwCeH/AMCBPIWe2W5H9tyzO23Ty1zb120+Qc7LL6fbG2/Jsx/2HGI7EfSTXeSc6gOwUD4tT8IHi2Om3sAaMGoCL7F8J7Om2z2M5aPJ57fZAPCAkiujgw7zi5v3Zb2XL6ljPm+beT6l1uDlu/l2Fy6nmXs5jNb1mISI+T2bQWYRDs90iNEuMgfqqXHXz5suh24LZ2+eYuZEAGvwMSW77rFdWsNYBGYke+Wa+WTfH4vX8Ehf7GsocuyXPg/G6ZD4ky8cgPmesPJZnvJB25qRP3CROVzBmQ/t96zO8t3G6QuMuJschEmZDA7D5EuSAbto/MD2QuM5nssZeQ08hYBfi+meKx4D+qw6HH+SPxZdfj1+A5Pn401sG/i+fgXPLbLkZ+CwhgSvjl2SVujmS0QPb2yfSb19WTPMYBDPLB9Imln1IZQHf3LW/sPiU+QfEjj43Iw3YF7tvORvzezwlz8NsRjHD8E+p/GWg252azS2wf03d7OjuXtNZeMJXcGRuaayGyzxuZjIDpt9ZPw2sGzkbMzOSADBcg3L5Lswdut/Ruu6hGmDJndl7t+qVbA7cPjvsjSz4cGViRvwM6IrNfM3kb7FCDfBbdNMz9S5PY5D+Dj/AMtJPz+9+n4+Z/sZcyeieXQVC0tswm3OR8PIRJyHFieMY65l3BX70QpWpxs/4kX5rGc8gOU8xbB6dG9Xv46JMj8ZcyOp9/Gj87J23Cew/EO2aSMefHq+tMLp/wCyYH8GNWnXzsmhvsDZSHNEn1MOkuNvcfZnI7OAzyBdnas/mQPsKfFmQe3fY9ch4k9uIYuF+SC9ZPi4SHvRI8DHAx2cdXJsWAOaY2XSfjYgRHb1ZHL1jF3kP3bZ8/jcIfwC/sCA4gyPZM4TGTgbKR5az9RAzyMIWtOZJ4fU3PJGPZ52BCwPMInjc+iyaekpI12LamkuOKScsSkDkHLLkwzbl4x2+IMG8Qc2+bgamwwE1Vyxxjx+soSXfUDVa/hcrp/GdsgIF+kPYKFk95ZTr/yHyQz7dpLi3gQ0a+yThazsnbNt/wCQiyv/AMnG3ceW+ez8MGfauYsj4/cGqdztm4J4R3+oWaH1hNxO/cbvtnP/AIXQJbPsL97KzT2zObcHth8SMV4E62ZKjV2ADfYvN8lF+J5D5gBnrbLPq6T6vmfUHOWtOtqTe/MmJ9luAT4ZO46eTImJekDgLKf1en4PDt5vj/4H5HYc/LeM3yck+fI+db1kVd8VZHVo369nd5lvz5gzyIOFsd/Vke2svu2XTyVMQZxBx3shgdiEbd0yRBkeGHOR4jchJa6fF/1ebzWLrvUtOA5n2ImkeI3d/wDbMHw/7bPf8JLF5Dyn94adAT+Fb9HJTSsftnydoYhOgZN7t7YT1uhpbLhy28dsR3ISHkTun9WFNxuWRd7kVXeSyPeQ/wCUYLALKPJEkk+zTEhVds0d5fJyucfqzkXRcW/jPwONz8AkU/B7L66/qfgce7OT9lWR13w8/wCynTdkd8ufH54+fwHTyOmQZEhC4Nh/sG/uGqQMVf8AYYCCyloSY8st+V15f1LDtluT33l0PnLMU39Jh0/EIfYrxDz4ixvthbfIn5Qkj5l2kjztgjoc0vFiw0jj5t4h5dFj5tl+i6kLvZaLp9SKr2//AFIAjFByD9WbLltn0sodwnaoPONv/COyAGe3SnYkHo9tVXH1Z3ez0nGQNzR2JGtJhKWcgbmWW2/hIELffZSwE8fZkokfutUW5pKVZ11lVwd9tKb20+Jy+Y6ly2ly3I1YijvxGZJryG42H9lDXkf3C5GE6H1aYO3Iy8XhPfJM2BWyO303xGzMus5l1dP95C8xM36+ZgD48vh92Tqk7n2BeinbW/rLEKEg3/oYTjl9AYI0Rk/JDpP7gA2OJX4jwsq3FJYOp9vti/dMS8tl3yxVpn4Zo4z21NP1fNfiww8xl6fVnbr5sseb/wDAgfqPLCPE/wAYvp2CPWWD9R582f8Aw48j9ydvn8LhuH+yrrByVcv9y7A89bqbDra36/UzbH7vVvxAsGewnxDvkGmQ7GRhheKFnkPSTEA+LMMpiu2AE5s0XLmvulCdXTDOJchBDRgECGmsVgRPsJg/ugIXswCQTT2Z6gbGOEjOWJlGOyy7PvJqYf5F6Ri2jk2PEScQcOoVsZcsvN+IdPp7aWvxYLIkWIDy04PLRvu1rixRjGx7e8kyPiC8viT9fjfuQH7jXAFsN3yHv3D2CMSmCB+S/qXPi2P7ePZ5L8vk9NOxr2zTXhM3puvZLzlhJOofbbXyyEHXWHyvZ7JIRONhKn4wy/ufPOyx7eu3zBl2QvKhLPifbANoOhY2sl2GsCs5G8BsqGuXkyNsEa/cq4WZ5kJ05DRl0mVambZSt+WO7qzCxJJAELK7Cati42f7fIkdCiyZELY5AdAy8LRHMMcBbEI7+rJOfu4QD7hTfDy4Sivjd/8AoQdKZwxBhwjOjOGhv3KQqocEPswdkJjyMicR48jvzH7XB7YoHYb6L7B0Z6nk+CUVwXScxvfiED4uSbHH4YObv+WcXz/9TT40bW1v+35/9lG/vWXXTv8As99JEjIHk48n6W/S7Z9xH2DJsSYJFnwsQbAAvZJ08unTJ/lyFmtm62T6ykDZD9cvCUGMlWmbOmLljqkPfiDCt434lOfty5bvwJQDEfwcgIkSpm8+pAasBuifuskHe7BvNw82eNnPei4iwhpHd4hdwhEzIA+5cfjyLDZ9Il35gBNN3UOgeQkF7GhB8xJAoXDnb+TzMH5QJhGPshb/AKurTt3YMA4/y42t+Y8wQOu7YbmPOxJR3v4G79kZndkfJwA/bjM+IL8pC5vyuge/dvunsY8d+4v1YycE69v/AFazPvZSwyN5+QB2OkZ4bVjsOAZ4NjQO3Rk3XFjwI3CxwBX+2ATGLpTOG6Fi9gUJgclcXGm1D8W+XCITCWI6h8gLQOs97eYmN5rsmUN3UZnoQjwkSGThx/yDzQRcKjVwIg65/ZDpT+wccf7eAYuIBkTrGRl55J+QybVQK5e5kv53zZnRkce5HBWRtQI5jGAUk/M3JumpDks/DChR+TEjx+0G/GMNO28TR/BfUNuOiQ3cy2Y49lIeC5kYSH5tA+A+djQwcB+ZmI8Cha8WsBktLB+LR7BvsCoTDcL57XfJ36unpZ2DPCXfJNll70yxmWMiMBI2SIRPmF1ZjkHex1eBF6fLBqyBijCxeIsJ2ILMe5dhTIwMRPo4WE126tuzbHEHE6uckfJPaJB+HIYEaR9hBPygfKD6WjWxwXHNSmzcgTdsUeThvMrmbMbI6+H92iiv1b3ggbOFzAMFs/8AIdIWqZyA7UOxAsBljNnT7Z6uHGz54uR4uc+I80ljERpD5EEG31nJ/YOQagEdOHSTFT7d/wCQK3EfO+RkMXwcmh8mPlEfEfSb4uHfZQzO2h2w6ew3lk9kLi2L32O+eQt7B9Wr0tx8vr7G50tDpGHtk6th9xkB0XETEedtPosndP5ep3/lg5/E7ANT+7BB/cs9egg807z1aQPZvvqbikvRIwK0zxIZXr5jKacfW3/+0hzt3h7CN8LGIx0cP7JecSW+t/dlYcyL8kocxvkC6cS4kyTCB0TE4/7BGHCzCJB/EWd4fzduMNGZp/SFL2CxbaOY2Z0p83K5PkOjIb7AL7LEPH2+MfD8AI+/xDgMmV+oEfbrX1gXfHW8fB/kMYXgMGXWj+IB0/ttSCa8NjOh2d5M3nYXYLA7CFyCbN/DL7O2Px7M+kC8l9SQPPI7yQ3aOW2mdhrI5kCRQ6MvXt+9/t5URROrV4ZLhI0xtwCvkWUrrmf5dlVgzrCwc5m9llymRGgsQpeLMLqB9h0+oy+J+70CjsX2+M/EQd+LQHFkjH+wc4FGxlr4YuZpPRqCWLYUUj5h/WMv/wBojBB/NlDwJbF5Fae/F+ithRBet7wc9tuNQ/iJn0mlgkQxk5DvLPQ4R6P3ZhbDl5YQfVhxuwOBr+7YnQ7K8QYHslbF6psfAFkaeHwWqyb+ISrnxG+Yc+YkI/5B1C8oybKBunDbGaEx6j44F8IZdOuEt9beTZubsQdZVPU9hAUUV+kYnpLyk7NL1O3KE8QbyB4PYg2xNP8AtkBZ/Y+T/wC/in1kw/A7+oENkQ+UQDD+Rxgr4ztu0ywVZsoPgx3vZAwH+Rm0SQwGB4YA1Z6rkh9JejsN/S2b7FcbI0YfryDe9s/FjwLf7I/ZBbsEwuzo5SPYBOb0WbDj+7goMOpMfm3GeQfK3g3SfwRZGM9/B75CxNcv+xIYWGJEwsPvy1TMQcPiN9L8sqRqlgPD9QDN3WIF6TlAZJ5YR1AkkHS+9WF84wGxnIz2bCacniQJ5fiXUfI+lsL7Ma9uGdutfFrEsWx/hJ/qIjnGwMDfu14C3IB+LOEGG8DC6DkLqP8Aix8GWMNIhmK23qYm6JwJc+LqmCNR5z9TgBkM8H0zQPF0rH6lI3ZkByWLW9RuYLJotEhoeSczY+e7dLeSQGm0N6/Ul7Fld9b1bPca22Ju26wXMsBnnGwGmymxZyE1MYS27e/Uh5llohmNh8UgHJ9RZmeG2AO+kezqRHq2AEHy36Ia6WeBdDnxEesjGt7i78zJnsrtcu4YUvETj+31EY9Z9uEluuS81FtWPAvW9hvbPAvLqbZ4GDj1HhmSnskZ9RGQxAcJOYusKH4RAvwREKDIQbA7+5T4P7BuGMBa8gclxgbY4c/yQ9EmEyYMGQDTM+bcH+QnkXkA/u6HB8mHQ/DlnlmPK2YDYubHQq5LHvZE4qXyZqzTqZ8DYvEu+Qb5UCTT428DstakzOGwfGXCWcSeuG/d3eahzOWqNjyGOZyfoxgDh83XifGLVqrwNx5bzvzdn1+Aeey7sukuHzHvaAP9uWPrPSkbnk3vrDjF2I8vlfLkszfEm43Yj5WFu26jtQCQO4wgm7V3k4Ts5vSP5cN2RdSBd5DHoW7vkfnV6VCKmWaDJw7Fj6LlaYScf/LVn/3lYP8ArbC6QOoREzx8rKimkd8HPgmzozK15GxQ+/qdB+OrNN5XwhP3MeHfCH5L131LxWVBOSR9ZH1QDo7MeoB3pt3CWmrcVd+8WkMk/wAn7EYEDP5a7lnE/wDJM/8AzPtwknDX9QkMcnLjHk8k4EyPxctcOwrjnbPfEiJ5yc+5HxK0ttrPSEemJNsS8s1nAvIPfJFzhF9iwbLyZnYZ5CdexrrCyYNszjxvknJoGn4pkj2IjwlO0lMl/tu6JBPofqGIHWw7/wARTE3GzvlKBST5i2BjL9tjgwUBxobGpDFNiDJH0LV15jGGpGCZaOXW+riCU0FM7tPqBxX8aXcusHd1n8HLCaWwwd/ZMuRMMnmA/tyfBZQuPmL2MP3AOyXC0CLPqQDhrFw1tuPqAziU3MRP9jkpKTOROXEcYM7j1YXyWrHGMua3HByU87C9JOVkHx23CJyvNu68tz1ILuDGDAYuMp/Y1fVq4BOLZ3XYQpybHQsffP1EmltcuBDjWWzx+7oeiR9BAOdlkNG2A6BHOz+rDSUkK3UolFukq0O3EPN+Jnzz9zHIdoJ9QRxAfq7oG3rmSkEf22mJX7jGOsI+v+SPSYDd/pJI/wDYIa8iHlIqAB7IBb/kJTDkgOrP3bhF24IH9bPrAkjQ/wDuAtTt7oP5b4RbR0f8t8k2cB+28g1+o04n9ihoPt6m342XGdtdmWOg/Aa8y3CgvtGwGyrztg4gD92WUWVyxhnG3YHLFwSHAD+zhg2BvwRfLSwYCQPwhCGF3vc790injkBQP/JMF5kf6KkF4/kdqH6h4JvzDdWPljLd5bof1eZRftaZHrMnPJ7fUxZjs8hzWs6rhyx1efcHUsrKb27/ABvkAlGIPkGHtHwP+SWAECjnr+1gTNsHBESdO/yxAD/J2Tf5F5xv7tmhX9zLfH1fGeXIDbCh2Lv/AJWfOP3cLp8WLRz7ks1tjaGQhiF1AyXoytu5yAxOYxhZAdZxRl80YRwOF4XLZurlIIxiR2f7HxXGCCWXqyyenJAa8h4nL2wwu/jmprBheAxXvLia1GNOwPvLFgzmOwwiDrt8htqtk73ZGRFz8GBLIwG3u+rWbcgT7LxUHyYg+IIbLzvftjRbn7s68QbFAGYGO8gg2Lr+Vu2kyzJPHzOLzg4f8tgNfqeQIQPb2ES7MONmC85bH4PmxD/uBwgQvGxTVjDmVmYeP/FrSxauP7sF3Gl2hk6ef26w/wAkOCEwHNNT/Z37bGvL2bxsQgvrbUR2K+jcEZDb8/V4eR75McT/AHZNHI8V22fdabySbTYs8QD8f5JwYvzy8frD4wQDS2G4dt8zjbGY2cfG4A2czB7HJztiOhCeyzEHDTf7cc0IHtP+2qvM1OE/tj4m3ZMGIXcz+zvD+bDO8QaKMs26zrr6Se7mfFnfL7kOxX6QVsNa9+rIeKcs/esHE79So/SagmyDJ/k2NwmhwEkwx+0mghv7iywzWLsvqFG2t3peDckPPJAngsE2NgXqRDq+LYnBtSHb1HC5jFs8zk4o6SURhdB3cQBgNTfSSp0j9t7jlhPU4vqaBLQGCoknTW50dTyZqWP0YA8iHDKtiz/yL5oQeJ9JAdmw2+Za1YwdIs5RJlk7fU5Io1GmdHYvxkNRdQYs6cnhyCDqnZSkTHjcEuDr2A31m9X+R2qySBOEfKYg67aQhZV9in/3yeqy8dOSQ1t1rkciJdWafS2w7O9Mjjn+pYPtmuBaUBlFOJaR0XDWv1YuGMT6gSKqw17yGn5vsYn2Cngsp/smNng5toXtz83gW8lLAm5CB6/VovY8bccmwYCTNLD8SMHCVvqF1gperHBFtbsspHJGtAgd6IsNIXIn+Stfb6ncTn4w6prOODf2Wkg3fghz5JTxyz1fwIyNBsRpGEBN9P8ATO9mQzpP7AhGWzheCRmO6h8nZhKR6/jQjLz+QcJyP5khDSkYhEkCEsXJbEpNsQyC0YxHBsA49RZoJJ2O/EjnKMMJO6bjmo5rmDdQeX0Ik5M2xBCz77j9wD+SgECKA6y1hJ/LfGfu8sCQYl/lgDtk6JMPeRsC49icBrIHX3gSGuxubmEvtP7+ONBDrPmAS+rmoLywlN0tdP1MJqE3EsZ+4r6LYPUp+okjm3KtXzPR8PiAA9Tvf+IoNh4fUqvY2STMYEfyDQcsuDyQEYfD7sx/icdDZ/gyU1cgM7S8vWf+wJSDsiPqS4DJVTercpOMmx82Vxj+o2i7TZ8mxhVIK97uzUzBpuDriNHDyx0ht9ovCSDGDrCFHjdAdyXY9lYZHKcsGdfu7HuQA2aRgb6uvjLIppLusDyKQvs39Wa3Iew9sWLzTyZZ5NMbLBS7nxZgCwDkOmhyI/yLnnlsHI6ojz7s2b2aNTYn6klBT1avMOdmLJmSD9XBZR2AmnFqNqh0Nspu4wrDjYyFfHLO+ZGkxOdurHT4sIcSP68+LrPZIddMxx5aosEudgj4fzdOof2Ch/kxtBDPvFBEzqRQQH1I3n+QukD4Olh5p39R4y6ia3BMEXvllW8szNtNahx7cGg/clnr9yc0z2GP7s6sQ2Q9sj1YJQSl0hTm2k9PuGBgbTCbAMn2RxjmP3eAO/F3Iz6vjEt0Z+7Gu8i+W3cPEMZkiGJCnL9JAHgSa2PBPIA0K3YcXBA0i72zB7cSjsaB8Wx4RXB/t1glhmEkGTdPd/UUUZKAYXlqIycgQy2hL8OyChz7bMvn4WuxkBBEwJ85ApdWzK0QMDr6vlBqRz4VvztpE1ZnlhEwrN6Tto7BRrSRSmt8T6j4MMjK2pBbi2wWFh0bM/p8whP9GKz3+rpKrbBUlCE+bWXLVn6IH8sS3ZvSnyMW+6tsF3QS4XloEhSez1k8zgyHIX7Nm58Qy/yERaIS7A4Q3C2fidg+uQNCAg2VdOQhpDF4YO4wEakvHsk2Ouj0hp6kFBmnsPrB7dkAzAIh3bPvxCpeJ182coDH4hJziQnZXwIkiX2MQ1X2AFBtpBmPls53y16YvGc5JvAsHGjnk0W18Rh19kyMTPqGI6PqGXN7H0fEwfpCCFPphB365sXwGpN5grAx2Z4TOoQoFB2dHPY1vjK1ONhTo7Ch6OEv8EGwCA9A2W/uQd8+XOT7S7MxOnX+Q6//AHkO8ZOcxk4d2fOsh5Cej5P+Ee/+iweifyROsa2dhmVfB2xHOSz3JtPWSRchtsp7cWIX7kw59g/7JiclP2JzlnUbatYDTmTAzM47faTVMbnp82+WRpAXXsWj1ZOdsodTvBmQN0ncFtfYC0hs6mp9PG3Eef2JhZZg28dz+w0o5f8AAkerPNkNmdH4svkPvxKbZz2viFuDD8Mem6tgp0skMhG5PbwHc9iHxf5dAfj4sDvkRbENYdwVG5HR3EiLGi7/ANvsTf1JzD4fUjUho9v3OAzozrbXFPAuyPX1BCA+2bBr/U6QpvjaP/BDi3jfI+x1JPFDQ5Fxcj4YyOphjhI4MtvXsQAwWrutmdUsHL6Cllu5z9xod84fqKQSMz1skSyOP8jPOWFM7ex2ahpJ/wD3ykVETWmsizAbHLutghyYyOs0HU+0kjcwAPf3kR3F/GH7CyATOaGyKFbGEwned5HwYw9OT8GXwBAVzkny0g9e3ynZPQLPij7Pbye81cnPDs+FufcQczs2bROkBga7hJbl562AX+JW1v2Lgh+gRFakIc7LyofcQ3y8J7zEoXPmSCfpdNGVC4u7D4Ng8cJsWd6Pxw9smfJAvyZbh9iHvlzP15MB04Q8wbP8XcOsrAhiGCnddthvHxIHcchXE1hqcadhZdLJ3mfFmgTmLgw2DMXpJ0Uk3WkYne6h1iAFsFzPqIaJyYPyBRfmIEY7wKNwIMfmFnrnb3rHkyTeFyBBZkbp3+yr/wBET1RNgaWsdlsbtQa57b6MkRxsvGbJ7FYx1lsHuz8HW0EQe7C+W4cfSJLG++lqH7tMR05ey8lDvJfH4WHTlk1UnBKLK4ebFBgQZ9Pmd0W3QSQoGyP4MnRcPjZaBwl6f8SaEfKKXofiYHOZEM5CgeooTpYg4eH/ACVbuttjDup9HwWB0kD1gSTwYPKGxG4ZYyTwVwhv0TNTctZyepyl7fwj3Fs2kYwjFrCYOIYkGtvTJbHo+JG+ksENvi+5q0ZBH1LGB9Wc8n9sG5f1svb27zjZzXlyDa2Oe5bhhZlvG/u4CgfHM7wf6su72K7TkBvUCMMP7A4EnHxD8ERRSd37tKMQ1ywM7BMLxGCdeJXwMGxOSaYcslFcSaWHUduJ0ST5UkjWE+ZvPFncgYr2XEO5OcTkrrX3bPMd3Z0vxkWd6F2DrpepgiRdJwfCsxoPPu2G78ckCWDpJqcz7kxHYKSA+Rkh7J2SV9y0G9LYoB/I6cun9u2aMMPtEge07N43z7mTNtD4vO7Jqbtrn8JQCaFp7J+BkqFJ3Q25LcsB+IFYOudbPzBNJ1zyKxo2A+EA66y2QH9mftJE2wtZjC8E4GluiORZ+EBmYGoiHoG08NsXfEDu07vi9cv6kOrn6smoP5DtfhhTvpF3UxcaIMqwzvttEHSoRbNQ4ivMrKeTh+rPhJ5xP3AidnDILqb9WvBsaD+B/knCv+RhQNkeFD0Hv2zK/llDSdgzfmYHAfU+fH9WKHHuRzvOTcL/AN3U4Z9MQMiMb2g/uDnViRDDLRCAvuNOHYxH6g79JeZuy14kblMXYJ42D95ODrBI91uELMuuBaIMLl0uT3s/uinYssidZB1/kbBk2vGM0/5AHnkDsMhTAtlOSxTn1L3OSUzBYbivzJU3Uzk45I+J9sHxH8ucov7kvRIBoUfqPIv3atSBOOSPsRxRlPxneuQR8X9tpxN4df5JfS3PYtmge+SZwz9E88a+ryGH9QADb9F7p/yciX8XiH/LgmsiNx/V41/5JYZ/pPTUD+QhV/kRwP5dQxmNTdXjZG5/t5+v9sfrZDdbIeE/cp10/kJ//CMc4fyC0X+WjQ/ZO4T+JnqE+Y0lH6C7KWaDDW8xfNvNNeEfJnEcO4blWsDmSAjSbAFycG+QxfsUTn6yXQSaJA5AFTt/HD9WH4v3ylam5BAfN5MGiIQ9JnDglFdhfRLhxzEr9nWByWhNNswJwHy2GGQGUU1jNflajvI9B5ZtPZLw/cMMN/sC1/vYUf8A0hOzY81mCX8iqDP5bPP8JZj+urYo/wB3uX/Lgi/24rmBZhslXJfiN6x/kron/YwGpMHefufFSwww/wCSgnOB9AyddAH+Qy+f8lmD5AGuWl9z/IRE4eOwvn8JBrYx+4LMk7IttCdaXbGBOn6WnIDnFfISbrsstMQ72zV8gAloMD9w0o3IpMFgakA11ej726NufHl09DPZ4s+PZ6HscA5cnUsyvYMXyYnHLpyW5fmVdAnzEoDts47dEZKmp5PdAuTz4A2yffu3ruPwQ88cZVPr82EBxI6cxG6U6EF+p+hz9WYuAfDL6+Pq8+T+y5gv5L9F9FtBf8tm8/tbA+v2LD/jIZgfzLsd/BOdv7PYwsH2NkI3+XKOfQSPB/l9Y/5IftB8OQD1Z4YuweeWncGIHlweWHpGHycE38ITfLxLhlro/g65L+r+YP1JsYOz+rY1+IGTnskbzZEQhH8Bvj3ZwHRAwGad1+JM6+8gmZYXRi7GMiBIGREkwzftg/c2LX3llx/sAnp9kgL+psPi54yyJCM9tmsD5sx5K9bDh2DOduLR2GeT+RPYvbhDqM31dcip6YHE55u+z7vgQoQNcAt16f1ZQU+id1kyI79bGGJ8Gl3cj9wHF/oRxgP2IH/wo2c4/q+Dcg3ry2NdQ7uM/AX/ABnBH1vYSaySlt295rhJzuQAgJMeQbw/Ak5GS7+PZYWj2fwtuzJfwluQ7P5fLTn4CiIaGdcFhKc+rNv/AHHfaA4uWcPZ+WhcKGxzb4WwGNgwbAHxZGOy6diDpDnPLsTy0e749tnbrPu2QDixbjDgZ2+W2Eb0bIBsAD4bLB7aHLo+kmzrZ/2Fm8ITqPqZLtn3yFA8/Upw/wCR4wMJ7z6/HByPIQkbUcgwB5fqiG5B8uWTm7YVy5tuX6zqaeSn5gU9hwEIHzLsf2fYNsx8hdF5fEFxDyU9/A8iN+Zz6lTw5AlsN73GN4wDq4Xm96ld4QIPiLzxuT/Yv6gxBGLj8C5aJ+Et5jkIDn+zjZk59Wc1tSBgKETZ7Ojr2+dF4ibKHTLTxPnkeocvPNM8cHY3TxLZTqzHOQ3OJ9Z4/RLkx55DnFd+5sd2eLrYez8/bwElgMuX2WECEJReTgtI8tJxgnzB9hLu3Pi+b++WD5MSuM/FOHklZG+', DATE '1996-02-14', 'Vilagarcía de Arousa', 'España', 'arquitortura', true, 'ROLE_USER')
2017-12-20 20:14:30.927 [main] ERROR o.h.tool.hbm2ddl.SchemaExport -
				Duplicate entry '16' for key 'PRIMARY'
2017-12-20 20:14:30.929 [main] ERROR o.h.tool.hbm2ddl.SchemaExport -
				HHH000388: Unsuccessful: insert into account (id, email, password, username, name, surname, image, birthday, city, country, bio, privateAccount, role) values (17, 'jacobo@example.com', '$2a$10$Tt.xX1i5lzepgcLs1wNH/O3EqLA4Nxy8pPuhtB36Z2lEg2TeOOY7.', 'jacobo', 'Jacobo', 'Suárez', '/9j/4AAQSkZJRgABAQAAAQABAAD/2wBDAAYEBQYFBAYGBQYHBwYIChAKCgkJChQODwwQFxQYGBcUFhYaHSUfGhsjHBYWICwgIyYnKSopGR8tMC0oMCUoKSj/2wBDAQcHBwoIChMKChMoGhYaKCgoKCgoKCgoKCgoKCgoKCgoKCgoKCgoKCgoKCgoKCgoKCgoKCgoKCgoKCgoKCgoKCj/wgARCAMmAuADASIAAhEBAxEB/8QAHAAAAgMBAQEBAAAAAAAAAAAAAAECAwQFBgcI/8QAFgEBAQEAAAAAAAAAAAAAAAAAAAEC/9oADAMBAAIQAxAAAAH1TZhEkLGTEBkJsVMEABMIE2JjWMlIQwTGJpiGxMATBDVAwTYDTAHAMsTE00xBpiGgAEpIIziRU0kSaVDFSkkBiqu2tMVN1ZAnCoKxEFJ2RjJqiQJTigpMhJoBi9EYgDli5CJSITalTZYiSExwmAmNUNANiGCYhsAUkJTQlh4desPC3ntHwuoaRghuEwoAAAGmIkhKSBMBMIgyKmoRJWoYiGCjZWYIWRqCnGFGTqttCUikwEKSJuIBIipJekNSDTAZKmAMBDYgYhpBpwmNUMFIABAMsHHOuuryHmK9p5PhupwixiKs2862PT+g+aM+zafkn0nLpOMgBLJAgAMASYomqAEQEJpwAUJoJJhXZXWKMokU0JSVKM4iYJEkyuTATYk2sFNHSAkTUiLGoDhMABiGAmoBsTAQwAYhhHgnzXU9NyeW6IyVIZDLI0h2FWipkJWVEvS+a6cv0u/5fKPqx8o7B745vSBihgCTFTBBNAADTEDEDACnVbUYoyKgpxhKQKMkQjYWRJMiNqlIIDBKaN7CAYDTEDVSTkEwTEAOAaAGCaGV1Vpq835yzHyJRpgElZGojmtlQyVj1JzoQkXPSzJqqmbeZVEvszSOx9C+Syl+1P5N6SPalNwASgCCYIAAATQNMBSoqtqjGmaJBCUgiNkSSEpFRG7EpKIEkELEbxkJMBjABWBCGlBiRkmCaGUTJGXjF3F6vk7FwnGgaJBKrI21xC2uVVW0zJdHmTiqVeyt0cDJ0OZQTkVS0szK2sAa9X6T8i1yfYjkdeVDUA0AhRpohgAAN0qbqTGpIQykNIAhpiiYkSQCaIkha3JJuYQmOhMhpigECkqSkgTULmLmV2+T5zz1ehh5tGnMNGiVRHIhKUTTSEQQUnKyKzVenMlpiueWnpHKs9LwzA466qn2KDjwvzEooJII6H1P4564+hIeagYgAUgQMTUqTTDPozmVMqI0gpIBqgGoNIAQ4TREYqhOJvaaAyENgNKAQIYk0PDu8wUdHoeR1OFydGYi0EhMZOFXxhoKYuAOMgtt7kc/uei6p5jZ6KZ5KHrGvm+l05px/B/SfFHjpXZjbDLbVauRSSZAYpfQH1XufM/peYKSlEwBxGAEoypMQZ9FFZFIIsERJCGxKSBjojNERqENCUlW0ZkAwQ6ABjUIaUQ4r872PPnoPnnp/nmoVtU03EWipuveYzrcwihj6c/bxzPRS1y2XU3FjTIEiyMpsyeY9bxjwHF9jyjztl9JO6i+q69GYcAVDRZ67x3ck+i7/IeoW8DIBiTBSTppqii/OZgZBgJpoAxJgSHUVJQRlEAKUbIG8ZCYCGA05UAqUooOEjm8Tr8ZPOcslWaDBSSoBBJM10QtKtlPaj1nSz2w9WWS7dOPRGkpdXOudk22U87p418l570/lUx06Gc+rsYaztgkKhpyqyBG36t8e+snWUlKDJCMkMChop576EyMAUkoNAMRAxoATiMAiNUKUTe0Q00A0rTITAE0Vk6Th+R6nnrKZV9w8zG6ipISACym7CWmvpQ+9TvNtuS2WdlGqL9FNpbONhOSnoSQkcm2uXyPmfceQriwaSahTSpcSUUxMStqZ3fpvy36hJcRnKJkAFDAFJUZtWVMrGJxkAmA0RYDBiJQGmiJJUJhtacCkKk2iGpQAQIOV1fGmHibuHZohZ6w8NX0eaAFEo2krqr4t6GToHW3YNojPbGroZN66LamuuWVSbJcrNXoHxNxthCwp5Hars8HxPovjjhY9eAUYyoTUrB1J21kvqXyj6FHqL898SQxMLGmSpip5deOzOxQDkRGCUkAwBMEAAERggK3A4BoTTgGERixBlXgPZYzj+b+n/P7LtOjgpzMNlVqkmK6rRI7qp26ury+nHe0ZNZiLKzpa8dkunPwuAey4vlaD0EOV0a6HpeL2supr5uk6BXZRz+k7Pmnnvr3zU8+tOaicLZdET39cL2OfnyZeR6HmS+7ty6xiYAUNNAAMmzGVIBSTUGkQAmIAYlJDQxMBJo2jQSiwaJWmgjJUmhOBsxdaWPkfSWHk+fZGzzcZwEBRqzaUloz6yV8FL1N/B3HTrxwOzycmY52fXqMF92Y3d7gbj1N/G2m3Tzb5e1p524ubdi816jHXzHz/s/PRyNebTb9J38W9PR34uoeKl0XLyPVfL/qGaxiAGjEiQnYZNeWM5KIwBiZFiBMAGJSQmACAUkbBgJtYkkiYSgAlLKcnp8/eZt00ef8Z9N8xZ4Wm2kYFLRntTTqwI6MeUl6t/HsO5DB0Yvt9F0zxGL1/lDj0WwKd2Ur6Zv5fp5eH0OnamDbKQSaFER5Pxv0r58ecJqul6nw10v0j1PzP1tmqnrcyXxP0Pm9KJoATKAaAAZdWQqTQAADIsABAwBACYIYCA2gAxKAI0wQ1KRkGe6UQEEed1Kq+NUb8Fk6yURaKaskVysgQZEn2+D0I+rdTkds53H9HkPmnN9b5Uv28vevrux5j0cdHRnvJzquskmipTrMniPd+KPImqos6ff6B4S/6N4Q9vowdMzacHQlixVJJoNFNxcGTXkKkwEwABAAMEAJiGpRAcQU4m1pgAoDhA6SkoQARYCUIsSp0+d+b9F52x9Pl9OOWBWh1yKq5xLd3M3GLZl7R9B7/m/Rw42Bh8j7yg+YbfZ4lzdPLDLr3cfYdLRh1Vaoqx1yrKvOej5h4DD2ece36PL9BWnj96mIhnKtsZSgKhggMExkcezItSkhA0GMSYIEA0CYACpMSKkjcwAGqBohkqEANABBVajPK808P4n6h8qse7D6k8v0Y3xyn6HgFdilRKytKfU+W9Gvtu/xO5DcWSRIx07q1w5OvVHKs01l2vn6V2uiVzKIEc+qo8Zw/S8s9H3uD6MmOkPnV/nZfrV0ZEkIAKaaGxkcmvGlYmKSlCAoSapSESZCAoAECAYbGAAANABKAAmQgBoATKp+QfYvlNnF9T5W5e9q4lie35nreIfOJES6LiQ7HG9CfQerz+hLKKrsunmsLIEBqU5aM/QVcu3VCQmy0EwhYjznP9RkS/p+D7B6LyOLxCv1HmPqx121A0xMKaGAnEcmzHZVKMgExpqVCdgCAAQ2JMIk4iHEr6fyP6cbhpUCRgwQStAAECAACr5f9V8DqeNs39SvL9m/18cz0e+g+WYPSebtnFwkj6ny/ZPpPU8P6iXpPn8k9ND57ee0WbYQvrgmyVF9ELEUxsrE0xgCzaMx4bqdTQvg/N+n8wmv7D82+nkkyUTBoQwBuLpY9mMgAiBgpRVNCMABSEpRGhDExAj5b6jxHQPr6z3jAlABphFgAEAAgKPFe28nXj/Qed9NZ5L6v8t+vSuEknk/AfWvl5niFsbqpRv9F460+h+fzbou3bunGi/HOtSzMvvxaauikjhKIhoYIWa7JLHTl1HhvJ+3Vei6ilAChtNQTsBgmnUce3ERARNkIcaBsiSiAME0JyCKkhRkj43Ktn0v0vy36gSGiSBRiEBDAACE0U+H0fM15TVwvZ2YV6/JLze9b1or8F9C49fKY9jkWRUkRUoy329ew6XsfFeny6U+QzoYoYDsX+L79ejlg3oRChOJKBVK8dmU0ac95xOvimdYCgCAGRYxOLsGmLHryLEAJJpFsWKahMLBoGhgmgTQk0fGyu2yX1D5b6ea+kpkNAgmlAagFgMEBGaneHh6/cePs1+l+cepl9BPLrEEjlfL/snn7Pl5ZUtbbt9Ds8rCTr5cUDcqvRHB1+67p4bo+uoMHZ5mrLTKqVSQkjlt5E1ZVw/Rp0JtVQStq8TQAlBpWJommjAqGbVkiIKgGJilaAIyVgDEwBMExBRLzS+BZOyN1BH2XZ5D2AhoCUZUxiaYmFCZESSAAUk6TCGACA8L4n7X8ts4rK7SNnYOX0+rrk2+i43Ul3zwROhXTIgSkSsjMImEr8teifref0yyucCu2mytIEikFqGpRoRidgwIZNWUi0xDBKQRAGJAwGpRG4g6rOEOOLrL8pnJpozJnoPp/wAf+uFyESTUoNWDTlEMBMGigCAAAYmMQAec9Eq+Iw9Z5SyXQ51sde3i1L6Hf5P0Eel14+vFls7KougocI4Lb/OkrIdO3Wi0QsWZEIuKTcJg0wBQA6GmNDK82jOJNK4tQJuxACGKJpAAGZTLxFI0dDJsr5rTTZFsZOo/Wfkvs49y0EkyVAwAAABSENWACiahuLAGo0rBNFPyz6zgPjz388npx7Tf6Xgd87uzma43PM4srrykOAYK6Heo7Nld16MjnAsQSxpvoOiJ2ANRMkBqgAbQQyas5FpyxQU0wJREcWCAE1Ij5fq+dWd0LDqaCs+Y201WaaFcmfp4LF+zWYd8JgACgmNSSJgDRK0yxASg0DQAIaCkBl4/5/8AT/mGj24dFdTZzSPT9DyW6PVx4Sjs8Ln5C/vV+k0t6NOuxRsjGWrVWtbZEc2mg1XcvpVNADRDEWNDBpkMunINqIxMYAApWBYRklVVvBTm56tFui/P1F6vN62CT5KrqbNNSvFGDPY+/wDin12NwMQEDTtAEGgGmqaAGkGKUYhxaBCpqUI5/wAh9x4elZVKtcs0pdVvPinTqw6ifar9Elvczb1tugJNRrLKSKuDjDpnAxSMsdvR5bj19BOL1qsGkBMYBXl05wQCAGwUBIxA04y5vI9PjWvXVbZs7PI7hu5HX40nyUjKpXVOLqpqo/Qvnm6Psqx7RDUrUlQAgxAwAErAkIstBEClAdHl/D17vynHpJSUqi2hiCTjIfU5eg9/1vP+rkq2ZZLfXnimyqqZZKq1SEowq511nhOcOqruny/0csR6fpec1HZKrbGhleXTlE0UwIbQompBp6PHr89HHjXc1dbRuTb2uP26n5z1HlZPl84SHKFhZZSUpqMeu+hfMvphZGSlTFZJAAMGmRBLIShoKYcmOh8953EqUE6SaJNMYNQYiYDlGR0Pe/NegfTI+U6EdWdOpLrIWEZpqRUUKb6VpnCxMPo/P+gXgcLqc42ac1sWbMQd2/z2yzoZLIEWmrlAGIGCRuEjP47s8CWVlOq3RqzdZKu95zunQ8t6vzCfKWmO2qdLTmtIyhOO99J+Ve8PRAxAAwEMABUNDRgN/O8l5Q9L5WpUIStNIAUmmTcZQTUyBZEiwLL8+k3dvjdaTt7+L2DZZVMshKJCNkRwsRQrqDB3eGpeVbRcaLYzLb8+1ISlGq2oy32cl11ni0k3BpIEFVnCOPnE1ZqWipd/HCS+3fyz0fmPT8CvkEp1sjCVzhKicWaPUed6MfT7Ob0xDQMABiT550cHjfMHqPKVC1k1UFJEQAQxDSg0OdciyyqwukamcNfRzS06c1ldjqcLoydzpeZ3Hcv4/TNjhMUJUmhzCnm9HiFOQzS2bqNaTvqrXfLBpNluC+pxjCQdUrSMZk7BxKVDqPkPR+aK5m8l0cuo1XZrqvtzWnQw6keB8b9v5SfIzv8AAJiCeii832xsj0Psvl/vTqgAwHVzvBnb8lKsqVqqKArjZWRjZFYiZEaVsJFGaVOLslOE10bObqToVW2y8yOymqtLtSW7HfJ1+r5veeh18vfLOiWM6hy+cdTi4qy3TbqKpzkUX22ldqSScGrhbCqZWVwnKmr1CRO6hmiipnOyerrPObrhMFu4XLn6WQzer+b+yOvFpOX8s+z/ADs8iBT15Np0NFd8U+k8/wBM946+MdXyPAykqyIokqgWBVHVUUxtCqNzMxcLQr0VEmRc0sKtiTJKUVnOpm/Xx5HXyU6JKpaZmFdXacDb0ZnU6Hl4R6HFyq615zaYuzq2RCN7iFVsR3QlVirCyFaLZ5rCSiiZB1dCESV2WRdSo27L8tszZi3RXidHidCutXTceayek8NL9UixleW9VxD5QTVG3Lsjo6aLiu2FCdjz11Cka7UJySosjTq1QXPOdSVubWBKlIxsqUakVx01jr0wK9WCZtpt0nIj11LyZ9FVlt1KTNN1mx45GiFdop6ugcvpbdhDS+cdSnl3mjoYtsUqdRfbkuLq4MjKuRbOiVMhBLoutbISkVTjYQLKyUlKnfVcmXjd/lLtuxbSrw3vvMR7RwkkuT1eWfKIWxSWvLqXfdTNFTGKypupFqybh020jnXcUV7K6qd10YI6YFcNitwU9PKmabaynXaTVrirB2aDDu5+wp0WYjqaONedufN6CVnSRx59dGG66I9XIqOrmy2lU7bxaQNjosliraTVLJJbmTQuy21ZZTQWFYWSqibFnmilCS3RUDS4QLpK0zV6Q5HQoup87rZYu3eY9OhzOniPkcL6C3Xl1mqFc0JK9aq7IFGnP0jPOvUV3Pec+OkKb815DJuyLGyqywx7KFyV30CvhM0Tp1RDRjtKoORsa1HDj081ZNE5Ro2c6xOlQ7imGmJg03IrulMrd7CWisndW5RxtVFtKX3U2EbaLyDi6We2JIdBIgF2nBfFjo0VbVZSWXVTqeeWCNFN3Jt6d3ju7HA+ifJfrCSzaabPkWfdzzTpx6I0SxbjTKEjDMiPr8jrnPlXSdfZyukTjblMmvJK3Zm35UwxkFuW+JilbYtFG+lY68O9GrlGaNtJrvw6i3PdJMz0yMquRZNWlcbEM0Nck9UkzaHMhOy4hHRCWpaEQtnMrlJ1CSRZGcjM51FkIzqqVlEQvzXl2jPqqnHpym+YScrJpqXrcPtYLfNyOWvL+vfG/osx6yE4nzHhep8rV0oIe/FWd3fy+9HDzdTlGrpczqJzud08Vuzped9AdbHonHMhu5a9HJpgmGGqCqwurHn3Z4rhqFwbaLUvtjYaMepGKx1mu7FpGpWJOpwJ1ypN5RUbrMFhsqjYRkBm1FgqrpLOjXmgtLDLbfKzHPVNrFDWkxx0WHOnpz1pq01xkhogX9LLtOXGNZ28VuQhnTXr8vqYE8/yPR+eXiek81tZ+wvNoPF+H+mfNRpOrqdFJZ6rx3ejseZ9X50Xf8/6M5mXdzawdzi3HuHHRHM5XoeKuizPEvKkmeyqVEZqKIamuOrVQX306yqdoU09KhMm2ma36I6EyF9ascEsjC0nECnXVoWI5lc6rYtUaLLnRpWc674jOyqkJlGhMrevKZqLstdCOjDFMaMx6i/BaUPNuI44StJ56zrcjeScDR5eS8sjO5+o93559DlwfJ/sXylObOM60U35i2jXlPU5qOrHE9V5b1Zj5PawHEr0c633O3m9qTJy+3zjEq0t9/N2jzdSlITqmoJpnovYXxatxsJRUim1SLrs2mwdblmqwnUpJDVmZfbgkbDBaXSqgu4ptC2qk1aMdhrpQKyFRfKq4ujlsK41Zzt4LMRhWLGvtlizHVnkzpl6fD1W1ac29NzUTxPL6/FazibPQ+qfHfoJ6z5f9N+TyYHGVbcnQwEwiHr/ABXoCj0nI0Rs4fSwGXkdnj16n0vlfVyxx7MJio10GPbRpN8KwovxzSUM8ySIGumSC2lFpOksZcuPROunZJyTKWTjnlbKmJJfZQza+el6Lx2Gx1NJ257FtnCs1Sy6C4rmLRRcRTRXj01G7Fu51cLn2Uy+gzQmvY4vSrueffflWvpYbTpypzFPmPpiPjMotJ9/z20+n/KPdeDGmJ1c03GSyi6qJxjJ6DTw+6vU5PT5pyuZ0eave9j4f2JdlMg81uVMVk7FusnnI2SSVWzkV5d3PrToyzhFTLZZtBeUTHCdgUa0VQlYVKwtyuyuLtGXSFOrIS18/aa1RAvTmjVqUuLCpWwUukkgy8yZ+jlNXJ7PIt83lcDdtws6Nma1HkvzG2iwXZZbA69r2J8ISkOcUdnk21IwRs1YO9HAFOq4zQuvzJyepoo1Lw+d0OZXS9v4T2p0MevOYKlXKQbNFc2KkuSvTnvqGeyZFkJYllVOc5pRfZojHDsaDg3eg0V5ePr5HkI+4tPDafZyPDy9sHkKfayPF2exceR0eoZwJd11wH3g5Vu8MD3hklqDLLSzKaIFDtmef5fq0vzXB2+IvQrqC6bsVSzbk3ZrUne6nI7Un5+kiiTib8mzOtQmkvQec6xnydfjxbTONbsemmOrt4PVMHP6XOrR7fwvtzolqjj0bEYDRYZ7et0zxdvutZ4S33hXj9HqA87Z30cvVrCouEgTaxJocZQGEiBIE1IjIkAwiNgSCEmIDaxGgY6IyAE5GmLByRRzOt5NfEIY50dlYRtpNmvJai259C7tvG6afFpwYrK9Zro6VCcmddhDXnivrfNegzScRBUehzdhm6OC0uxaM5L3nhvqS6LO+JwuhfGKiyknZTaSalUkwSmECcaUk4BA5RkAAAhQlEY0AMcoskDEDGCG4tG4tWkDaaDi1aiE1CRVdzVXS+e+5+by8yqvSvVdOEs1VaLJ66Lw11bIr2Z6j5TKVaPZl0L1nK6TzSuorRRqqXf6bw/r081n9L51YRcDVSnE59quzk+08b6I+ruFpmp01lddlMls6rLbCLHKMgcUTIBYRS2KATUGk3CQ4usVVtY1VYE6ZFqUTS6rRxkEkADYgiSIugTG4qJodRlEjNj3ZTL8s9t41ZdTKlvz6Nhmt2xsLtl8tV9c0fD9FwI+cShfRODO7dXrjgYe1xks14L6q0mRfZ87D6VPKZ+jiMrnWehnyuocrrcrpn1vVythfU4xRltxGu/n67b4kYsspaTEU5QCwiExBOIwGiKEQhJxRaqKsnGRJEYuvx6Km4lTIhNwlBGcBuLBxmELawnTbSUoxTVbx68ZhyaJdeSnWatmfrGTr11mmlWS6SIl3Ow+bt85ry6WahNe/qhtk5fG9LyTkWRS9TPPpp5/0HFgeq4PUZwqdFFLscPcWb+brX6N2PN99NEqWQzas5XrybSMALZRIscSpiiTcZBOEyNlcxtOFCUKrjKsnTfEjKi9Umod2eyy6dbLHUi11zJpoTQRZEsqnArvptScSK0fOvSfObq+Cgmvr4+iX2ZLii6GCO5XxsK+g4EMMiSjbmlFpGcLTu7M1Enb5ctx5Knqcol3eFdXU43YgczqczcV5ujy1iiJs0czUnu/VeO9YbEhVmvxpboz2FMq7DS6bYm4qrVFjnVMnOuwjZBk4kRwlErbgSdZFN+NrpUIlzpLNbgjRXKsnZRcWwlEUozIMkKM0VElZJLLL86891N9vLtMK9GmzTFnV5c0v43V6J5Tf6JnE4nsfMLxYuJmmDKkB6nphGLOBRwQSLC3q2gYsoS78gWZWCwsBPY+wA6FgLDngmgCM9oVZIBRAtuBUwklaAkFTQBACpgSmC5qQS4CWCCrgEtkBXaEX0hRYA4gTQVXIIXJCvl0QlruC3oRCXb6AGdyCFADL5wF8xAK/8QALxAAAgIBAwMDBAMBAAMAAwAAAAECAxEEEiEFEDETIDAiMkBBFCNQMyRCYAYVNP/aAAgBAQABBQL/AOHZL5se1/8AxEiXxY9z7v8A+IkS+PHwP/Du1lNRZ1muI+tyyutZKtVXaqp5/wACRLz+E/8AAlKMVqurVVmo6lfabsjfdSaKtXdW6usWRKOq02FdsZr8yXh/6GSdqiazqzgX6+65e/HHbSaudE9LerY/lz8fOvavym8LV6+FBPq8279bbd2fux2T4I4EsvQzsqnTdBxVsGLn8mfj8N/lM6lq1RXbN2S9zXZdn2a4Iv6neVKy+d8fSdWsvpdfWLDR6uGpj+NPx2x78fE/yrHth1K/1r/axeZeEY5a2jeTIhrkp4lqdUpm9mRPD0uqdWop1lNqWH+LPx+A+7/HyWXQqV3VDUdSvmn74LLkV/cvumv6xFcTGZNEniPbHdSK9bdUaTrBVbC2P4U/8r9X6w/i22S1mpM89/2+8OG/NZn6pP6WVrM7ZqMa3iBLn2ZM9s9tFrJ6V6PVQ1MPwZ/iP8Lg9as3Jll8a4ynZqSfp006nXymvavPkfsT4j5lLtU8EpZe7iLNrGRRg4OPbptRKmWh1Sur/An+I/wZS2qO6+TopL7q9KS6grLJ9Tk3fdO6XuRFkvdj2JFcSWWShgipmy1noTxsx7tHc6rNNcrofPZ+I/wdRdGI7rbDVTuiSlKXxfsffAomxnpZJwwKGSNTKdI5Feiw9Wtk8lU8OOp2lspslMz7uk6txcHlfNP8R/gau5U16eh2TvsSlr7fUvl7kIx7oxyVUORHRi0e4WjSLNGsx0JXpUpKhZnFQjrVumxPBCzBOW5v31T2WdPv3R+af+Jqf79VGKS6lbsnYsL2wJEGPx3wQr3Gm0rNPpcJVojA2jhk2owhIvjk18UiUH3SybGbH2z7elT+qPK+Wz8R/PPiOje/UTnsWp1ClqbJbp+2PAzAn3SKNO5Gn0hTTtERF3wbe0kautMui2TjhmRSZljyjJx7IycX07V6jGn1Mbvls/Efz6x4q6dPZPql6qqcs917aWmWVrDXZGl07nKinZGAhC980XVmop+q2CxKJtFAxCI3EePd0zU/xrLZw9WqW6Pxz/Efz6nmVf039V1Hq21Q3E/u92cCt4ZgojmekqUYsi+ciF75Fhq0T5JZMSY4tdl785WnscbKOa/jn/h3P+zWP0CT3zUuH8CMCiaKr6q+EIyRMmey7Lsyw1US3zli3Idial8MfPTs/wAf47PxH8rMmrlst6hqHc8YVdW8lxL2owJEYldOSitRI9twuSIhdl7bUassfMpGTdgckyWPg6PRG29fSvjs/wAJ8HU7Vbdcs22ra9LHbTb9/tQkRKolUBCZv7QEIXZe2XJqasmoq5ccSMol8DR0u309TF8L47Pmf4mvt2Uyo2U6fE79Y4+rH1bVODg/YhERcOsqlxnjcZ5RX2j7F7ZLJfRkv06RKKJxwNr3pdofd0+z1NOvjs/wuoW7tRq+oSnGEZWSv00qV0zb6evSWo9i7R7VIhE/T8xIEeOykbh2E79pLWpENVkjcKaY+zWS6nctVpmSJxw/bgxxjt0iyPpi+KzuvzrHtrjVLVWvpVddNMWrNc5ejpcRWtedR7EIRE05BcY4ksCKe24lbgnq4pXa7l6yTHfuNOnmqvJFYIyM97qty6hpXFvkxjulkW2tRy3o+n2WuNWlhDqHT4Th0efp6oXxT/wdfLGn6ZHZXd9UXDbdP/yKPUfp2cy9n6EIpZXPhPiwgQeB2I1Wt2lutkyVrZlshDJCooRU2biDF7L6VOOuo9K2yL7p4K63ZLp/T41x1Ctsb0c0USdVusp9DW1S3R+Kf+D1WX0adba75YhdU65Rk65ZVY/PsXhC7RZGwhYTkReD1eL72WvLxkUCMSuOSjTyIUSPsFJSIEGLvg6npVZF1fROOGUQ32aLQRpVksOrGHHJ1GGyWuh6ug6TqfUh8U/8G/8As1SLfqdtSnVH+u/q6jva9sXwkQRgwRZGROZvHJ5s5HFtxrwWcGSGp9NV9VsiQ6hqkodVgyXo3FfqRIMh7NQsx1Edk9XDkrliWl6h/VLNsqGoRXK6nH6NudB06fpa5ePhn+I/kbwtM9+pn9JVFykarSbzVKSlOWfbHxEUkb0eoj1CuwcskRQyKh49HaSLfPbSWqqzS6v+VB6SucY9PgnChxI18pexnU6y/wC1ieHVe81aqrbp82OvhdRjmrS86avSt6+Pj4Z/4F//AD0sPTHHe8cYGdUocifEvZEybjPZMUsEZlf1S01GU6UldXxqYtEkRXMkRWZdNr9KqHK7r266Oa7oEvOCKMuL0WuaNPqsk/7K9PHaVU7bPin/AIGMmznGO+Mmqh/VesWkvdj2JmieZaNLEkSrNVRFw1On2iqeVXAqSiaeRCRHuvbfzCxfXqY7ZwjlQi4yel9Unpp0uq2Sehs31Y+uPM/in/jXLdDWpxvP2013wY7Mx30ksT0HMBlsMrXVSRJvKbK5M08pMqiR7IXd9p+NbHbZqEmaV4np1WyiiHqWaeMoamj07emx20/uH/f4WS/Ef4fXIKOpIffrue6QzPapKUraYxP3pV9egf09sFtSmtV0/l0uLqr5qISExMQu7GSNdWaiJS9lmm9OdVCw/wBT0u+yOIRFB+p8LJf4cuD1Eb4k7YI6091wvu1fMe1bJ9mIT+l+em15lpfK8d5Isqix0o29lIhIixP2Ptq19OpgUcT0enXZeJiRbZGBHlfFL/EcUz0YCrij/wDIIfTXg/8Ab71JYKqo2USW1+TwPkURjOmfZpfPsaJI2koEq2bSJFkRMyZ73LMdTEnHEum37oNkfDLJqEdTqf5Wup4r+KX+P1Wr1NN4a86SlWrX1ejdoa5Y1GldqlB1yF2l26fI0kfc+7Q4mBEWL2zXGtWDZuNDptpGODwNnWNbl6DnWR8fCyX+PZHdDXVenqTp1q29X5t6LGMpW1OmWurrtqxhiH20C+vTfau2TPZ98GCUTAvdLxq4ZIQ50sjI2dU6gq4ylufRNPusXxMl/jyeF1Z/+SVzcJX3+saOz0bdPbDUVdQ0q2T4Yh9umxzLT+B90ZMme7Q4G33zryeikfy/QvjrFJdR104wlJylBfV06pQo+JkvxdHqFdX+DLx1KH/lY5UMra86HTTmaaFtFln9lWtr2XdmfvpvBTLiPPfgyiTF2i/Zj3smaulvU0VYXWOGihZuoWKfiZL8XSaydc9Ld61f4PU6v/Mori9ZOqNWo1ij/I6RXihIlE6vHbb3/emsUTT6nmu76d5qOo10k+tPNPVN7pe+ODHZP45jrUpKOF1tfWdG0/rXrhfEyX4jKralR0TUZ/C62mrdO8azq8HEcpXW6OHp6c/fXKs1+xcEJ4NJqy65utaTdOWhhI03Toxda2rPZi+OZDy0ddiUw9SzQaWOnq+NkvxGbMLRW+nbTPfX+B15P01xbrNRv0mj+jVRacO2vhvo1Ffpz75FLBGzmnWuMa7svTszgTMmTcZIv4WTZDydajmHSNBtF8jH5/Egz/26Pdvq/A6tDfp3JRnTbvs1milGOm12opjDql8zSWXWuyOYdRp5fD9sUxSaOnTlIiuEjBIlLBXLIpcp597Y2TK+3UF9OladPySH+Lkxx0q91XQluj81l9dZ1HqFcqpZ3afTquqMlfF6V0zonDvrKt612mdcvboqvUjdo9p09+kfzIJPXQP58T+bWX6mvENet1V6mqJe9skyTyR8I1kd1fT041fJIf4uzl5RGTjLpV/qU/NOmEz+JUdZ0WV0fUw9OM46e2ucbI7Y98Gq0sba9TS6LezF50epVUbdWpKcz1T15HryPWkU6e6+UOlOJDTyrKJYIvK9jJSLLCl75Y7W+NP4+SX4s5qKi2jc85Oi37LVyvnaUjX9K3Sqr1NVlUbUU27vb1TSLUVTi4S75NxuMldU7HpemORT0+uCppUE4kom3BBme7Jvi6zCndulo4bY9plfj5GP8OcsLUp2Enue7jPFE9tuknvpf4OO2F7utaPl989oVSkVaU0lUcVxwcIyNjGR9jLp8ai3c9JRlwWF2kVePkY/wpPCst3OEcmNo5ZbeWdDu3Qf5NsVOHUdN6FwyMeaa4m1JVJFPArEbxXJvPdGO99iirbXN1180xwIz2kVfLL8PU35Iop+1eFgocIk8OfR7Nt65/K6xp/WpawyJXM9Rn8jafzCjUtkZORXDmK9m4ciyeDUWuUqqyESHAu8in5Zfhaq3CIkBSTJbSWMLGNA8aivmH5LOs6P0p9lI3M5IrL00CpMrEvbZPBdqNzoqIwFEXsZX93yS/B1FmyG/c0VrJWvqpqjJ2RUZURjKdyip1y2WdPtVtH5V1Uba+o6SWmt7JkFkqrNPXxBCMj7Nlthfbk01fMYkIGOy7s/9/kl2XzSeFqbd8o9qV9MOJRyQScroxiVxjJI6JqOfy9Vp43w1umlp7e1ZWyizBGxCZk3DkTmaq8qTk9PAhEwYJexn7Xj43+Bq7cREhcuuP0ye0hbxKn+uir1Cf0y8HT57NRXzD8vr0PoEVmSqwjZghaepk9Qlbg1OpIrfKitlUSK7MkY7skV+PjY/mslsjdPdKPLZTHmC41q2wsgomWzmJGvMIQ3yr/ru0c99P5fWY503aDE+E8EZkLcCvJagu1GSPJpYxZXXxCIu79siNuxp5XxS+fW2j8wR5NLA8Gs5q/QoblyOMqzk6Nq8NPP5fUIbtNLhiEzIpHqHq4HZkXJRSaevBUR9jH7JE1koucSNsZfFL5tRZshZPdJckSKNPEwar7HzE3PCqntW6Q2yibrs0VnqUfkuShHqXVUSeX2ybjJntXDJTpimraVxIoXbPbPfPZki2HN+mbS192nnptfC1KyL98vm1luX5Io/cFzQM1b+heP0Kc2vqrEZ56JqFs/HttrrWp6vCBrOo3X/CjT/dp48KJHgQ2bjcSkLs+7JE45ho9uzV6SF0dstHfCzcU3e6Q/k1M9sLJ5lE8EPNaKSaNfxBeCKyL6JWWOb3ZRpLXXbpblZV+JJpLX9WUC6+d0s9l8NcsPp96aXj95HLvjsh9mMZ+tHZH1WjrNf0aaX08FcpIjPd7JfLrZ9oDKlxX5qJeOo/avAm0PJGf0UuKJYbjjHRdRiUfw7Zxrj1PqLueflRprnXLS6pTjuHIyLkS9zH2RS0tSdWWa6lhIhI3vdG9xI2Rl2n8l0tsJyzJeXw8bo18JcOjlSOo/YvHZyyqmlKbTm0u3SoL1Y/b+Dq9fVp1r9dPUy+dFFrrdesI3biHKSF7H3fZFU1K9eOoy3TrEIZFqRhorukOSfya60ZB8yjk0suXDBM0jyp+Nb9q8dk8Ly7FBLBg0P0TolmHz6jV1ULW9WlYTm5P8BEUVLmp4ITIyF3fsZgn9ujf9109lcpb3AZEjgUEhIlAw0b2hTT+G6WyFs90xRIM27XTJWRvrwtHLDfK16+leOyH5UMxisiTZRI6Zbuj8t+rqpNX1eUiyyU38i7YyNd0QIIqK39UOyfufa77NDJuWttyMiY4SIReUNDyKbJTQ/EbGiNpuRn2667svKiKJUspJ12f9IV5hcvt18foXj2RTkLh8xKs56fbtsi8r4r9VVSazrDmW2ym/mQu2029kQKyHisTwbxMT7Psh9tanKvTTcabJYK+RIXZNI9RZUsnGGOKZtMI2o24EmbjcZLpbIWz3SK1zGJGOVGODGVVLY7Ybih/TrFxOLg+7I5Gmm8sq5VT2z0dm6v4L9VXQtX1acydkpv8AAXZCHEa7RZXMVhG5EbclcskRdpeERH21qlIztX3OtduESkhNCimbMHCMZHwLJyZkb2KzA55E0+2qhOcZQlEiiKSEyDHMjIkyu3il86tZh1bRctNd0J4cm5EHxDwdNvw4vj22TjXHXdVZOcrG0YMdn8C96ER7SRtNoonJGJXwVSwQmQkZGfuLJMstLbDOSEBdnFSI1RNsURH5wYNuTZ2wbjePkXeUFJX6bBBMa4qj9NqacJPG/iTaKNXizPqVSipK7Q1WLqOjdDF2yRIdq57JaK1WQ9ms1sKI6jU2XyePc/wYyINGCS7LtkixTKrCp57NjnhvUKKnqckryH1EKxdlgSRgx25XdmBoSHHlRMc9m2QnzHDLKlIdZHgeGoxHUTgalbJ9Ou30dtdT6tWorddnesgYMHSp4l2uthUtZ1RslKUnLPbI2+zXfBj4mvZkTITFah8jyZkb5I9RnqTFbMqnZnT24T1Kw78llo7BshBuVVOCK4FHI6kiKwIzE4Jd9vbA2LkSJbjkQ0Y5SP1wy6HFVvMWZTHHJ1Go6de659msrrdO2fZFZAx20UttkXxrdfGk1GondIbM9sHPZIZnvtGjabTHfAjBsJL3RkJiYiMSOEkbjfwrD1MDnzBORCrLrgkRXZ18Lg3qQu20wMccmGja8DRgwZHI5MSHki2byEkzamOPF8XCyqXAjULMZ/RZ361H+rsiBWfplcsS1PUJbHubztPIjaY7ZGJswY9jyc+1YJYRGQuT08kqxxMMwIiIcsCmRmjehzPUE2zkhW269Plxq2m0wTngW6T5xgSRwJob7YMYOOzXbHbaOJt7IwYEjkjI1FSshXmMo9p+NfDbPv1Rf0S+4RWQ7MkzCJyGRXbkUcm3AsEjBj2ZH2wY7bRRRKA1ghPBGxnk28uB6Z6R6Q62hwNhtYos2sVTZXTzGoVZFYHZBKzVIjfKRjcV9uO20SH2289svGe365Ipj747YZyRGhmpjzRLK7dUr+heO3UP+Fn3ESJHwiT74GVwyOOBi7ZJMWTaxrtgawPul2RgwbMk47Soaym3EheepFkHFkcGzJ6PLqQ6yMCNRtFEwTt2jm2NZca0itR7QGzk5F3TYs9347oyMYu2RYxlGORlkcxhw14NXHdVD7e2v/4z+8iRIjG+2MDERfDYyPJgUUSikIwxxbNgoDgemiS7pke+CyGTa4uBKvcSqaIpi4KyBxj0lI9BDUYnqRHbEd560jmRs3EakhKKE4mURmbjcORuM5IjZuYnI5JTkKTG2LI5NEWzkZyZP3nghwZ7NZW3mJgtj9Ojlvo7a7/jZ/0IkELukYyPCP3FDEsiibMiikTwVsYyaF2/Uuz4EJEUbMEe00QiRRZVlOtowxJkdyI7yDaMsccm1IZlZjOKN2WkxxZGJgwRwcHAkYEJn6TMmTKG0bzchyR6hvIyN45ohgmhIUsdn4UubHhu1ELSb+nok80dtV/y1H/VMiQRnJ+o8mMHlzwQ5lteH5iJcqLw48+kYw48ksEjLOWbWyUB4GRYpCM8Ph54bYmQMZJ14NptQ8CybmQl2aybEekjYhLAmbWxLacbRGTKIyHysMTZnJ++zXCRhZcRowOOSP0tvJtIIkjIuRlstsYywWLcramOUq5U27o9Cue/tqFmvVL+5ETwodoE1lftx+nT+c/TOJCRGeBTk1hkmfuPabG8iyYZZA2Gwwsfa48iwbEbR47QYu0oZFUOpZ2owKSR6qHYhWod5vyZbNjPqykOIon62m02iyIaEhi7PtgY1k2n6IpmCESaP3AZfNsr4N39dtjTunuNO+emW+ndF5gW8x1623kWSf01S5IcE+e0uFRyY+m6RW+VIpZYnhJlnBVyRSLkjgUuXIfjaxIUCxIg8EUjgksko4ORNkFIw8uLFFjiekbCFZ6aPSQqln0kemkYMd0I474MGPZ4FIbQ2jcZQu0yLFIUiD4mzPNaWLeFMjyRX0WxNTE3OJRxPRy3Ukjq8cXIQzwVTyQ5bg9rjzM0rSMtqxD4dMliqRu+llhCSQnxLk2I2rO1GES47YHA24IYwsER/azwJvPk/SMNvaYP1FcqJtQhYGM4JeN0kKzJuMvOXhyIs3My88iUmbXjaxqRyLklnOWRWVMiclR4VkitkC1uU58EWsx+y4uLfCOiWZrGdbj/AGds8si8FEitrbasu7g0qLfDTZZAplh05aghowjb9cUSNuT0xQPB5GhRGhxK0YIvBuMIk0ZwRtjn1EKS7bzcZeFuzmQ2xJs2szg8mBcHAoowQjzPgxkwRMdojMkzDEicWbXmMSxYG+IvJBD+29FUWJ7YqfM25Srjyvtlhl9DxcsJeOj27bu3XIcdl5eO1U9squY2KKje8vSmPplw5E/ploriHKZYj/2iYRtHEm8OMljPLZmQ3IwxPBGZjtFZJVocBJIjtYkfox3yYy+ENcbckY9sdkJolI3G8U+ybQ2ZOTLT8r6htosseIzyRzicyTIS5qZZ4f1FcXnUvbCvlS4K2bjVblGjV4LVXdD9aSWy7Ty31nV47qX5I+WuzNJflNLbqjSEOVeknIuNF99K4wWR4mlmMsErOYzHJsa5x2fAjwSyzaRgJG0ikOKY1gYuCI+zUjDRjI0IxltCRHgwk+DcsqQ8EiLPJwLtIiN9ovlsZPxBc/qcubZkJ86WeS/lQyQyaqe+VK+mxorkipZlqo5hLifqSiv1Hz0mzfQayG6m+O2wj5fhDjxB7ZUy3LVQwaf7q1xfBEiZp57Z0zcltkyyL2yhgwTgiODBZGRGMspIe0iiSwZJctcKPgSMDQ4kYiMm5G83G4lI5Mzz+l3/AFtMo4ZsRhCwcEWjJJkWZRkUkbojwTwRwiMky7bm6dZVsKduJ5ZBEpbYwzKb+mtrLhFIqLDXxxa39K5WcHRb3GwtWYa5YvIeX4/afE1h6CZqYNwo4sr+20eEXkX9Wja27uJFo8j4UWVzFyWIUTaZwSw0ZRw0jk5GJGGJCFjCwfSzgyhsTNzFaOw38ZIyOTDFWyKGIwJDMCiOHMYnppnp4MPF2SGRJom551aKPug/Tqrvk3GbNRPhTwb5YKytlnnqL/ufj9YNPb6dmls9SqXK6rxqCPl+P2iXJTN12ffVt22af7dRNRJPJZH6XxLQvIlwWcjjzauIxIYI+J4PL24JxRwjejgzHHqLO7JGwm2KbN7MtnJBNrYz0xQRgZ4G2M/UWZicGTcKbMvsueylg3GSLJCEPtPxGPP/AKyyjUMp++6eK6cZwsX8umCzZy0sNeKS2SRb07+Q9XpZ0C8ZF56NdmNjxDXy36gj936msOPhjNDdlXrE42cSWU1gnnE+JaCX0wf0yeCXI0yUWIi1iLHyv28jyyEMjrwPgUdy9MXnjc8Y/eCI8Cbzhj5URtGcPcbu2XjnG5meVI8kRp9ovtgSYkxLsu7RNEPP6tNTnOma33y5o8ynh4Tb+k3mSPmuRdnOjX9WppU4LwNnR57b9dPbpZvMj91cxujyiXgpnsnZLdHTQyTikrGWMl56cyGMOUSW0lLBOfDkQyKMsKHGMNz4jLtPOG8kI8bThOW03Jm9IVhuGLOcZMbXEl5GskuGiKIjSHFCwRwbkk7DcJmeyyNyNzNzItnJlibLc4rby39N241MjTP+yx5tg9sYvImNn72cb/qqWR+dK2ozkz9GDTWenb1K/wD8TvRIu8ifD7Uy4omJ5V8ME2SOnv6q/Eo9rVwluTghcC5jz2+khgeD/wBXFkM48GOXHIkbTAkYIRRwiaTUGhrJtZtJxFFkfPA8dkRwMSNpFI4ExMybkZ5ixy53GVj7j7JcSWpk4l83J0cTxmUpMi+D9yeZeFFJuPCZo19Moi8doPEtTf6sX57UPm9cLs32X0ypZCWFZyWkmaJ/XVLjyWLBPlQiieMvxT4kuUbXnYyOEnPBORDlMYu6RhdkzJW0S+k9UeWbJ52TPRsx6Fh/FtYtJYfwrcrQ2C0Nh/BtIaGaP4bP4R/BYtCfw4n8WB/FgLSwFRA9CB6ED0YHpQQ6oMVMESprZboKJj6TAvpnQafntJ4EKPMir7pP6d2HommmLt4G8kfD7Mp4lOO6p/S/IyHm1FUykteFcM0f/WuRFlpLJntgrJ5MyOcNMhAsik8R2/avVHyLy4yxCuxi01za0dxDp8xdMZHpiFoK0fw62LR1IVEImyJtXbHbHvz8uRjXbrWp3yitqUhyUnnjOyMc2Ous4QopvR4TYvB5EhLifD7Lzp3mOpWJp4M5P2vqiuJ12DWVdwM0zxZp/GCXieDa8YfaM8G7JJvcq5M9Gwhpr2Lp1kj/APW8LpkBdPpI6WmJGitHpoUDHtbF7MmTP42OzRr5+np3L6uWSfFcWIktxXBLt+48Gmmk53ZF48ngXmHixC76WRqocd6WXL6qpCsLR+avu0y+mBZhDcR5Y4WMho75FfTWyvQ1xFpq04wijC9uDHw4/PZ1y3FUUSlhQ5K1HFzUSMsiksLsvFX1OKwIz2iQRb7NO8Skt1dsdshkfMlurg8NMmxkPOhpsshDSTLNDuK9DXEVcEYXvz+Bns/yd5nt1ue67fgT3ypqWJy2Dk5tcEee0fKRHiW4XeCILMb48CGiLw9LPdHWw9lUixbZRkSeRlP39Gt3VxH3ZkX+hb5hMc/p19sZXSe4qWDc0m+Yo4INdlwR5Uom7hLuvFK4tjlS4cR9tJZiU4qyu6vZIYmSW6KMiqyLh9Es/tiMaMezPbP4D7SExmTPdfiWoRrJ+np7JOU64kMYnI5Ip4WCuBtblGo3JDzJWtxl+hCKC3lWeSHKnHBW9stLapw1tY4sfZMxzTVFRuGdJljUVvh9mP4cmfjz2kRYzIu8X+JPt1y3EIIRJlMHIVJsWFDmEMG7B9xtEzqMMeyJR4kXLtGWDypLBRY4ShJXQvq2koIlHvpZ/TcM6b//AEVeOzJG7ncJ+/PzY7YF3j8D+Bexj4Op2erqIpDWF5dT2krOK65TK4KCkxLLS7LBrnH0F4iiRApXDRqFw+0GT5Xg0t2x7o2V3QW5kl20ssSsH56f/wB6J8ZEyRMkRF8a+KSylnsu6E+y9i+BmRD7M6ld6NGcyzgcnJxiVx3FdMUOSRuIm7BGWSUkjUa5Vl2olYokVxIh5ofGSzksjhkSMcq2IjSXcXVKasrce0iEsPOVLzoX/bpZ575JEiPZsXZe9fA+8he2Ps47L4H2iPtKWF1S/wBW7aSZSVwlIxtFPBObzCYpE7CWpjXG/VTm85H4ijPEiHmjDiolsC6BjtTMlBNWQw4S2uq5NW4krFhjK5cM0n/TSS5T7tEiPncNifZe1fA+zMiJci9seyH3XvRLsjI/HU7nXTnL3Ci5OmGCNu035a5dhuacrsKV0pCi2WcSJeOzIlPEVZy/qjbBlnDFw6LE1dHJJEPMfFgxkXgyad4s07+qHKGx+GRXZkWJ/Gvg4JeU8+xPsn7F8D9kvt6xqd13MirSSxlRlO4WSnk8KViiTlvfozZXp2eng1ccSJfb2ZHh1xzVhldjiZjKOphz2rI+Jx4ksOmZZHJLPfJRL+yl4dMvp3HkYyIzJj2ZM+1D+FkiMvavGRMfZfA++TWS26d1KU066o3Xuwy81VjRCSiSucirTSmLTRR6SNhKJ1Bdn4Xdmhl/W61IlThuBb9r8kXh1zJssRF4ecqfsr4nW8qj7F2kTKybGRkJmSQvZnvIXsY+yGho2mBiGRMER9o9mzJnuhmO/VXjSqbJzbM5IxIvBKeSnS7yrTxglHHdk0dSj9A/H//EABgRAQADAQAAAAAAAAAAAAAAAAEgQHCw/9oACAEDAQE/AeB6aQXif//EAB0RAQABBAMBAAAAAAAAAAAAABEAAVBwgCAwYKD/2gAIAQIBAT8B8AWs4EMAGjzaiENzDAR20+Gelu//xAAwEAABAwIGAgICAgICAgMAAAABABEhAhASIDAxQFADIjJBUWETYCNxBDNCgWKAkf/aAAgBAQAGPwL/AOm3tUF60uv+sKaWXr5JTf1RyWTeP2KZ2H6T1OckOFFZX+SlfgqD/UMPjXtVpiXpQ/pk7r1oC9jGqyHjXtUxUVj+kn8p6jwAad1NbBf4/KSorf8A2vcL1M/0UlH8ab5nOyagYRkFQgINVKj+gv5Cv8FJP7Ro2130vWtCnzhPQX72Vg8AxVLH/wAiqFg8YAH6U6+EI6cbJ6d+5k2cqfTxLcUrBSY48jO9JQc+3b+xalTSE9J/9J69vwvWkYU9R4/q62Kl84lAjtfYr/EGp/KeryFexJ4O2dhbdMA5T1nQwFP2ZP2v5fKhRsFHxHBBZbJlteESUTkc6AKHZin6FjSN1+9fbR/S21R7dkSqyyLqqsp9XZDgb6EQo9gF+Kvx2EKqlEfZ0Z4+6+Wh7/Eqny+E79gAqkw+lKjTCHMp/CpPXssaNTas68ZJpW2iGVOLr3KYfFMj+uftpe30mHXiilCgWc/aLcsxqh+vYblfyVfJYvIQAvQuFhpchMepD9c31Sv4wITBA1JmVTc0pjo/dsL9aSq2RqqmpeqpxqkhVcPdbplCD1Z3CY5f2oCFXkilYThKPk/4zf6WE9aV/tEKpvpf6WEfXBanWMZokrH5N1h8cUp1hP2qfIPiUD1lNI+1Tb+U/aIp2qVfElQvivipGg/2iLgFApripCr7CwHcdYKfwmWFYSmq2QNP3wpvAUBPV4iybyUEJ/FUxUyM8pxYFCkhfpB7kfpN++sqqTo1lSoTeX64G2bEaXTYWCmkL1cJnzvkCAG63ixTIkfRQ6ohHLjaNYaDBTvpnK16qVV2NSOqMmyhTaBqEKLbQnDBRkPYkKoXnSCGSL7aji8hQmZMLnsnFgqWzsSoL2CGSQnoTVDVezoVU73epMLO/YfIKJTsbBUcGdf22WKnZM2Sex2XxQKmwFo+XOcJshJQppMIDsj+bymCxUn/ANLFQmqzNy/4/GVT2ZBVQFmeUEQsQHr+FiG6bnmjxmUSftYz2hs4TlYxsgRKJojmmkqE1KerdB0G6EPvwzdkSzqKSBYjmPYWpCp6EH6QPDwkJgEFi1JK9aEzMn4QtiOw6JsPssD8KmoIFUeWlUqkXxNnYr0lP5JXqE/DdClBujBQPBpIVJ+0KTT7KnGECLkaDLfihfyeQdHKhYeCVSVG/wBIVDdMAagF/wBRT+QMLtoDiAqlulH4Ua/vUEaPHKlU+aiSgsVAen8L4scmIbZ3UrdRbdb65CY9GyZBNr+wUUBY/GNkfF5inoqekp6U7TkIRpq0Yv8AYCd+x9jZ7MeCxWPwFih/JS4WLxQPwvYMcrgewTHQgL3Xx1GHUOyZrUlUnlfy0Z5W2rCfqBaLYTyjSV/8csZW0WHT4acvuEWEJuXip3Cb7zRd9BqVPTME5vNotShy/wCSjY8DCE/TzkkpgvdeuyBQ5ZpqCMeuswTnrZXqVNsHMIqTHUYJ+nbNssbqSsINqWQ5gOm1Knp3T5oKZ7YnsFT00KVtqSnHKbMbumBTusSwHmVI8hiFB5LnMU98a/KZAhA8p6iwRo8PJBxMFi8NcrD5XtvzDkwg2m2E8h66k3iDpjA5UpqSi4lN/wCKCY8s5XKawKBHFc7I0eGSnrOq3AqpabCpDiRoHKzI4gothJ4mKossPjLU8DfXY0zYBDJ7KNYo6ByyouDw93K3anoMNQkWbNCarVYZMJynN673BQ4HtUjT44pTv0JFYlEonRnTORxlOZ3yNre9QdEeLZOS/RGVVjEhYRoyFso0cOkdF9X2qTeIMnqL9IcJlT8k51NtB9BxYpjl9VNwho+1SbxeoT1F+mfxm07X3yb33W99lstr+q9hoMb46ApGSE5TXbO9ZZYfD/8Aqeo9PGtut1vnleqnOxtK+IUCNAHNu5T1GPx/QJ1SEQdBrvWUafEnqLnoftbFQF7cPfVlQmOR031kxaTUSU9R6HZbL61d8++jBW+eFNyo1cHjU9XtzoTHI+Q6EZY6SckleqnmvkfIUczc+b759rtbe0jlRnKFyj2EKLydeApHEpuUeo3W6+S3tJybau2lHAY3KPEi2154G+nvz3WyhbrdYblVaj3hTwJyxobX2tF550qL7qlA2KOlClMONsts+/XUlU9NtaOBHD30pzsTpSotK9btaeJHFlQtuLKfJKcI2a75ps/Bm0XnLN54ccwkJqlFggdHCbRzo6Kc7KchRCi4sURnGjveVvaLz2UXOTbIb4bFVZ2T3m0Z50N+rhbLbJN5ytkBCFViBnfLHHjPvn2vHHFo0MYqZH7GTASiVUdDCU/PjowLNokEZajpDXk5ptv1jp8j5dsgVI/OlN30JvHDe23KlQoU3FIyydEOqRxoywp4D2i3xK+K+JXxXxXxW15vut8uy2Wy2Wy2CgKaQviiaSi9MIk5ZtHUbqbbKAV8V8VspXzXtVaQtlAW3N/ioyMMu3DjWZitiopK2Xsy+SklbL4BfALZbdNUftEmTd7b2i8r103yvpQFFJWzL3qX2V8V8AoHX4VNp6CVNSmVAW3asPrLPDdsjZsPcuVV0D2buSUdBgF7KLHVfN+bjuRQM8KcuLhtcIdx+hmna85Dxh3B/KfLKa05GpkoudZlHf4XjU3j+nlObRli8KdedIIdthGwUBYvJATUpqVOT1U6k64Q7Woo1VF1AX6s92oT1rbTbghU9qczAJ6jpf/EACgQAAMAAgICAwEAAwACAwAAAAABESExEEEgUTBhcYFAkaGx4cHR8P/aAAgBAQABPyFa8VxPjQ+F/iwXwz4H4zzvkeBEGvOE5TmiYFohOGhf4C8L8WBL44LxfjOIQnjPDQSkHozSDXhOC4hBIQREaHROHxOUXxnE+BcTleUEfnEH875Q1xCeU5TAmTfE4aIYJxPM/wA40OvCczifKiC4pfKTL0K9r0mby/SG8IFqS19mXH0ZPTrXo3ykvhhP8LTgg0QnDXM4bwUXjBMHXhfhXwr4XpNF7Lv80u1d+B0o37EP6PweRRkz6KJz9ZEVF7QsSbC2U/Of4kHxbD4fD4e+GZI+EQSYkNEHoQxeE8V8iHwj8RCFrbevY6aFfZIYC5yNkJysC3cLGnDMD9B5Xfivh7+L+CLyMfDIPho0hEvEJyvLWDQfD+WEF4rlAWk19DDCjFNX0P18tcJEXFKbI6jyI2z12kwVdMwGQNsj+jLVj8Fy/wDCHzCcwaL0LlH6j88NBD8p/gowX0SDfQ22N+xMZOVvieDI0xsjdUEDRJH6Hp6Qy1fsxrztpmWn+4QkX7iOpna465f+HPfwkJxSD4YuNBeC/wARFw0h2RgfvKJngmHFk4KJNpkXqpwtkTPoha6nRFhPQ3vIlbM4hCXsH0j2TGyMmv0ng/kviPfLnEITxSgxrHCCXGp0Lhi475nlsXixtZtEqV+lU19oQ+ER+mZPO/BLA8PkGxDIQnEWh03MdIV/ozYMULhfYjRWPTJ1J6Ep/wBBEt0+vjnihcacYIQSH4TicvQkNcvT8GLhebXM8W4zaIzv7QinauZ0ITazwKeSnZSEYSQnsmeBuFmWKl/TM/OD0IQAUw9lrY9b5zRclfQs7M33uhNYvZDJ5XwnDFzqNeUJzB8LlkojQWvKfG2iyxpcSQVPA7N/ggrQ69jNP/5DHWf3G3++VKHnFg3WaHA274UrbNiPUijO7oZWFdISompwMvZCGtiewieHmnivHQaJwh/I0QhoLmfKpjYjFPQIrY9ihowQO50hOoJoYXn64vE5xZK0pvh8IQ8iFiLWUQ24FdEM7jTwFmf9I85EGEMFLw27So4jryvGvgbH+A1zo1Oub8f6O9DqRMJH7FWJ1GZ9B9+UpBEFgJ55JcLPCEC0rUK9DNEVaOh4Rr0YQnb+zYMvwm/WMT4K9IW9DCIWcLYp6BC/Fjwvi/PBD8J5QaNBa5nlPFZGkf0M6W28ISFJO4KZVwDV+uFz0MJVgYo9jLw7QfrA5JAxbAowHwUhJqv8EME4wH9ILGKHWHUDJ858HEpStTXyPxMQ/FEFxCcPwawInwPxx+CNG7sPpCJnzEff34I6MkIRZDwGMVFTHtodaCqtCyglDjMENYJQlOiqIq5FGBR5WBxOF9cBu0NI010ypkvLGJWEehot+CGXwXinjOF5Ma8dPjhOW9Aj7BbEsTgTxUtF5tMZPBqKb0X0MTG6Ma2OVkJ2TogpFyMZkKBrBuo4bapRWEhmoSdP2LPAbx9mSe0VtDROLR6+hnJ2E9i6adt8i4Uc8ex8US4fnodfM1tZZRdvPGAZsbGN0NcpjiDQkHwlFbAlGBEnry7FzZFKZrsEn9mTA8ivRCUzbJ/Y16MXBS8pugaiNoTPc+a1w/JC84RCRHXnPJcGyWkK6oXdEKky0GLfghM9Q1y2ZMYzQcCI4O445RcIWeNS5kZW0U2WSeEPqG4RBpsw/Cn2PEYtLsPCymifChmvM5YvifL0LXxtYFxj9jJfN6OpzFphq3xPBcIXBjYlqzizQ+KyHFw3guDFETUY9WqVWBscG2LBIAmcB/hENeC4RvuUSFHhczynOn+C/B18pBNOI6sDDbsc8aC0Qh+CCGYc2WKkLA0GIKcORCE5fBSbF17P9oq7FDNGxwS0U68EQWyVdAjr/CUflB8Pl6OuOviZ3joO8lx6JiuULZNRsnvZ8ZkWFBa4UY2CzoSiBOs04pRBLkuEKkIm5SWYOD9Qlbpm8MfgyizogIcaJiGr6Y3F+NBeS5XJcQnHTFxCfC8oW70SK+3ms+5IYy37BjVXpfCFCg8d4S2GwqFiVCXBC8CQxiUFK8FFtIt6pv44OBrh8u2Ot5MUa6Pey4LxfxETmCXN8mPQvlnpkJ9JcG9NFj4fQ9JaOhF5XGgkYsWRDHYNFmHXYqfBccCKEJ2ZoGYcaKbh3BkhikLGBFwtCM3eE+LqpaDZKyPwV3oeRMuNeF8G3inxviUh15wnL4+skMhO9mhyp1O7BiUuKJovF75QtiY5aG+iiGYqNxKaeBskITJHJ5IbB76kVLY6tQbRrJ8MetmfEqEswMixWnYOg2UY0QlDy4+2P0f3R+N5mALaD2LjEqaeS56NzrhfA14dC0NcMevhfK0Y/wBiUtbCzexC7VtRU6JYCqX+xq+CEgtccRKSEFYkkUlFtsW1hjhj/bKstjvWCtjVMIU3oXAz0QSGqLZhrEtCG1wh+mxHStglJTKUyXo3h0QtOEHr8YesGvOczBHwTi8zyY9C+B8Xh/sB/MFNrcELInyhlWAaV9mbv78FvggVSnRMxGcsXEIsJpYKLbEDRCF+FHFsJiPbNQzDsQuC4yQ7xgXZ6LaNiXqJiqpN7olDOIVkaFpgnO6fpsQ2B15XyonFL8M8GPXjS8vlbHx1QlLAVpD7oSHxTy2IRVAxb8EUFDDnhi9kWZ8cGpUyMxhKFZIMtBXsViKYq7En+VP+akdch979hZlC5roY1Lgn7XG5KhtK37ITTgWjobMhDy4aczXQeo+EPyePnPy0OviYhzZ6PQ6txwe9C7XYuf8AaY9raejESMQ+TEWR9nFHXBCZsemhjIYrB3WmNdhtsd7ExJV0zSqvo2QfhfAVZGvsehISEimaILEyyNhoK5IuxqyjHYIooa4lRrt6NUQYL9Ll/Mx8HXDFw9M65XwW0NtG42zYaJUIzQjF8I+wlEscSb5cZqDNfLs2SYBam8mMoq0GrcMmSgg8jUbGSYyFWUQkTk9DKVx/8i6l9jaJRHkgyWqsRN+x2RgQ17FhfCzYvgvGeb5emdC4XiuWmw0eGBJoThyGNT1CJ+xbMuU4x0yxGJERiDExCzIoh6FO4GJbEnsKUw2s5ZLG6Ri2NReBjGLcXcJaPshObLB/iFmj/RadY9bbMHZKPYkMXmzbl/M+GPTOvBi+B+H2Ihp12aH6ZGEQ0QRUcJSCRldGRD5A9CGmLLSiLXYgx9qBklBkVFSLwTwM2jmBmeyIpRXjZkli9D8yMe5WByKh9hGn9cPmeOhm/OcT49ReSGZP0vhjhnYpdhB5+gyqiWBpEMRihhvIgxISWYakFJCEh7E+HQ8oG0m8NKkmDDqeAjmnF4QiYIYRmbITZQg0bQVeORXTiqh7Zf1CHxPLQvywQaJ5IfD4bwL4Z4tAu3Av/aG1V9DVQL7RX0Ylmvrh6yzoYwlRH2hMjcaKMlBIiRfBDXBoQi8IcrCE2mPvL4y8N8dlXMFSGU0rCkVkLa0EhLoaY1kiUv2IfwPQmRjEuZ8rOhfKhr2b9CWW1SGImZj6DbYdFzHp6BsO0PDZlhpEmCNjClvjWuUUXh2gpGPC2Oaw3eLpsGKVoUhijwNwNaiQxkJWI3XS+BcPXG8whR8P4G+enyv8BTMqDrF2XBbpIesBxtXYib9J4aEJBNTixSSGhi0LhcKQhYd6NjYkN4QoxNgxL7MR0SKhGt6HvxexXb7Ei/G38344ITh8IY9Pl+DXyL7YhWsUrWjO4C/wjaP+DRU2xiavQdYT4YnZZRXB0HwgT5zg+Ko4rQhcQTg8VPoQlOK+y+B9jNqGEdCReDF5Nxb5Qxi+F+HTF4IZRonnjmiIblwtdAplhaHIZ9icHsMab6EbU8sRgOdkiCRSjGRXgxh4KCTBkx4vPFdDmStApd7jdgpRVYorRskqX49DfxQ/GcJ+MGjp/wCHgI2xjRZ0xLo8jXRRkckuiw7ChrJ4qFKNUSNcEIYW0EgiEkNos8EhmxucC5YfloauDAiwyJgSRC5yfpBI/Xx6G3gkQYvGD8bw9MUNsIQj5fy9CofscrFRLVjMixgUz2ZfDSIvAtrfZfs2hi04lMKl0g2jbFLWb0h7YQxWQx6GQoHgJtPiWuGMfhRmhYQ6QYgQ1BawS8u+HwjQ2KThcTwhc+GfDs7FhT7MooP6+G/Cwva9sX4OCzVtsSn9cbGE5IS7OhnYwayaJxpHWz7M1tvTEmNCM2xKUsThUQzETKN8PxfHIYDQHq+2IbZrlfDqbczhD4nnBIng1PROnMkj7Q/C+S8vtAYrpkzbNoxEEmOxUg0aEvC8uhD40GiVEFNzsIcyKGB7MjHirYmDfL8GPgdxPRjirHdl0Ikjvhi+DTznzMeD4S4fL0WwwklT6JzPKHxfluRH0htNJDmqm2ELJN8vgYJhF/rfHDWlByaoRsYk4nHY0qhzsllopLRM+orgwLEPoK4PzJxS4FYljGt6caL5Xn+mngQxUhopfhfD0JOi8kLBuMIQ2t8ZyvNTUBSLdjS1z2fbtEkVux/BHnH9cQyvV/fEYZ2YWGoFvHhhpog+x7yuxnEVZQmvsr5N8xQYoZbMMFQfD34aeNiH8E5pCD0LRdEM4PQpVZXM8V5M0Cx4f+EwsvRIWml9n0yYSXJ0VMH8EINGozsyL0/OIbcUkzGxu0x/Z0aBUq+2xGTQH6e2OLke8fIUvD4PYRGY9CnhK4sYXyaD+Gee+WYsoY1YZWgt20KpYY2T3xS/J1gSNFpU7DBbN+vJhb7I1I0MC5ePUhpTGhkEOFsv2U9srohLmbeL0Y4t9mCJCBfodqh8ELw04yMzHVRy29vh74KtPkpqNyub5QnkhjbGDyzDIKWgNFI5Q+xax9eCfIhxiQSS0hsJF4bIsj9EzkRYOj8R1LSEYeQqkyFoUEpbQ3GxMTKOKTbGToWp0RFw2TBuSF8L45Q7IPxfK4XDE2bMYtcVJS0UjArAHN6MzaPT/Eb5fCUcND3qZcZ6LZGFVTqCElkZGLBCyyICsZKJkRkHgYcjCxwqraEKoOMM08C+LQfCGvNbJ5NxV6LAclnYsYd7Gz2VosZxINVWGNCfC+afCxrEUnOZQMwZAThLsPODsRYuUILDMJXlITLNqhu04EDcUbA2WPil5fE8T2P4ex+E4vsyJfoZtD5hmEwWShhdh9pfdUej6GL4F4ded8Uqa6ZVQ3s4TGIbB5ZHg5dC0wJwtJIaG+htJGdGUAcstvgSkIJeBpAuF8Z75QxeL8UxDM5Gz2w1/CYwiKwj+ymaIhgTiB9DTuZwmPyhrzn3wvCcPhCB07CNPwEYik0KC0iRBhucMKNpg1wUhFDBR4DXiKpBa+Jcaj4Twfwoa2PelpEYQ1pIhwKKsUgnIuceW4iTfoQqFovgfwMWB/Anr8Yxa+mMTybiFKI4a4sOKSKeTI2ZKsYFjhWAwgoudB6scL4majFw+INCGXxSFOV5N/pDJioghc2zR7cYReMS1CH9j7QY9D9DM+F8bzPifgrFrHsTJiYIzbExkfjIgbCUrZtYPoLlhQQkjByTguNeD3y3xhryvDYmNcPlrlbQ9/A4IurNEc1o7eEtbQbwJsaxg+VP5bFPXrzXjBk+Gj56KbXXFjMpUUH2Duxi2KS2PxYt6FqoQsESExyg0Th54rhoIQH8+LQYh+GeUPfLwjosa8Jphz2ND/VGcGJj6mbcTxJkG1cEl8l53yXD4vhDr0JF6YvsgkhmIoYyeVtFEnsk0JjJsLwZcPnJGKHjI1RTrfM4fhrwh/B3xSt7HMBaMMFoQg1gtRxGYLCTPpRXtwR0e8I9lTyXmxPyb8YOiyPY4spPDYxj7fCFwM2ZZSWaPW4JowGxpBsfJ8HEzRmR7BHm+jJhadiS8mrXyZr5Ifk8KlBDGOiQbAjUGJAzxN4CbSNAHocMrY1dHoG688PmeU5nwPiLS/o0dH2Jb/SjffE46FkvGxMCWsMQgdTkoZYffwMz4Id1Ed6vpiGX6Mzu0zOVoXh4mmPw1+A+UdlYc+ohs0EqMsQ1CA7iNAhrxFJfaJYGolEJe8DkK5yjr5b4PbUkP6QBgZf9G3Y3WMXxguI7FMSy/Qw4KW64LxDQyJn6I7A/2CsLN4GtGj8UUn34aj5Q+HzBMYtuMZNOChhBihBaLUIc1FssSqUzboZnVDI4/TBquJwvN83lPh7TRex4e+jseVb4b4681yQYxXW5Gy+hhxIZOH4ug9RN2Iz4fkhxiFo4HkyXszLLjQfKE1MnflvA5xsVMNAUkFwDR4GCMg0FE8mISME4OhUILB2Sx5NHLF4Tl+LMpXoYcPSj/XgdTxRfJcIUxF4HPDHDApJeHQxRZF4XAyegPhw94QmRIbITNGMLa8FhS4Y+LwxeHYsKm4mx98eeoQTeRhkmilVlNHKAUyYQg0FSMWkfWBLlL8cINHWdF5k9ITBKAzY36KN8zhMXMJyhBzO4zCMS4oFya4SFFlkV30OeCtMX6Ac07ES4fYpgzcyJuy2UekIDvC0XheOxLGOY6MMlko4J0qInsboMRyR1cQm5J0MgD2eRx+D1h9GSPzfl0In+ImalB4aZj8X8QgQVpsM6ZheFEE8cFpCD2LhClCGLz0DG5xKwYpGQbOARvBB4MApgHFkPuERTYmdj9OEPiygeTIYiKouYuNaGl/MWLoei0DV4MwSZUEX+hCgxS6ZPYvCeSlyq6KDqeyjDfY8kH8SFyJDZjZDT7JFyJRJgTikyPpwYOGgmJRDRjYUetxlNyzseTHTIUSN0LQEihDEnRGoYg3dFNwUyeUQKi4y2HrB6w63oVwGAwD0SI7QzYIaericMoNqPYBswfBC4EZheZ4fpaKb9IcMxzaY/hCEGiGTPM8UxhYHqFTXHMeCBEXBbFPaHNg6UfBeDY0NRwXKH2Y6eWO3BK6wL0i7g/wBj0NaKgcNkdh2gdhPcaGLsDxXtweehwQbOv6WOkFpHcI4MVQpkSsGXWPTAwrE+GRB1g+DfJCzQWzJRDx8pqIZCkkLsN/Y6i9iFoa4Xh+SD4T40NR+jEiaK9D9uDKKCuWJ7lRRcKQdQoxC0hCGVzsp9GDQi9CwbSinR1EN9YMxD2P0H7DDsK6DzoUCTuDUKroo5Nk0lRFVgnhZwkGuR0OSnBYaYxQtf0RJKn/B5wP8ABofNPeDJSC6NeGJBa98zhnw6UOzaBOw5RjGmNEQc4a5nK4a4ohCqZpo0h4ckiSooE9k+xD74SbnMDR7JnRzsYzfJJaFnQ0kOXOD+5HpE2CbehWZ4J2jIeziJYmQyZFDQwQ/2GmUJ4aMsFEp4hIdB19GKtYyCYGRaXCEbGhkbFB9cxJX0SxE+yrH2Dt+GFs+nAVfBGSiYYZOXOIJCRVDU4RXAhGg2OkwxbwT6PQY/Sx+qPwc/+gjVh6kaRj+w2jW9jW9mvYNmHpGmRnaCdBhdhthjJmEKvsiCTsjd4G7cSo8MSrInsTMkMRyivJMbT7DEzFn3IWmSCRTBFjfKwOQnH4bCRoSiw4mlVfQub0LAwzedfpDWWXprhBr0Eme0WM/BX6JRcNFwNScPAcyQ8BiOhHYhMYuz7RnYyewi2DaoQvQ5Q0HQOmyoaYQ/IjrTAPGClUbuG1ExUho93wi7GIFiU9gntl1hihZZC7MGOb2Zh7Bj2IMw2uNYHN0VQsiC+hvYlZlvrs65qzg98Lk2NRzghPQ4rp7Zmr/WSLdYudGTySioVqQpDD0NWskIgta4eihmINIQ0RiaBHY6XHAlGTCJCYQT2LwLIgyxseyC2NumNtkbBkiNwhaaCSYUEiNFEh0mFsa9ieoVN8LEPJDYk7CoWhIoMykPh2WTSMjbBcyTWBNdFNjB24rfB0LWRWC1zY0y4Q24/h/wMsCQs7GPHBEKHkMMMKnXB4j+wsGzoqi1ckiGk1g2GEI64DOMqWskVeuO5pwCH+lczfqFGuIRdHrEOqzGgQu406HZS6kPQ0w4mLtTBwWhsHjoWOj0BOO0XsN9OA7G3RZ4tZPsFgTRDGmhuExDG4YaLungLs9CEkSbLgf2WwLNDdQshfWSDOBYwGMFdDuhGRZDUTJmxY0G86MscSCJ7NcCoaJou1gZXInAx/jQjoJL0dsI/Qa6MaBPtURdmUTtoSLCEHo0QjAbdiWUdlRTAKWLBgh42EIh1sba0eiZdCWMiUfA98JswEhsbj/Q3jRHoboESRg72ihVeE9FJV+hk3exiO76P+0QnO8Rd4EjBRmbcJ7KErQ17IzQCt6Qo6GTqPsxD7F9kFRS0uLOBKLGkJCaaHro3yHb2NX1xeEJQ17Hn4Kyu+/9iT2bqH3iCwjPgN7lGZCZNwzBd0anfEjhHoz4QmE3YT7Ij6kOdDadCISd3Adhlob6LRTPwLGMr4KyZBlrIhxCDJDWYKOhbFuOU/0n/Zwl4HiG6/oa4n2GofQcYsiyITGyHeHqR0Q+wyMt64tVZGkshUmNUSC30P2V7yNsqPnLG6sF3xWcM6md0NS2OegnZFDbBtWGxzBKShp0FATYkdEaeWVexrKtiX2IEgwnoZhcCJ6GbQ/qMyWSIecgpfZHow0FjWLbMdodGZiJgYh7SFojVF54rRpk2XwGIZR6FoVfxI/ryIKnQYQR6krkoML1cRUs2KoXwHNeFEo2J+wvRkRp5XEqBDUnkKmhoYdDXiG5nHEbLBlRJiZovax1ZH7CFEEtPAuxscx5EqYssjmGTQnqZImPcCHyyZk0RIZJaJ9C9QgbQQ0KLIoGRKhrOEI2FLYnFHQ0SLfgo1kZBU2KCcuWrauyWw5lidbC5vIQpo6EfyJBH2QKhBDySsRLR3A7gQZ0aBo9DJwOgjEhV0yWB53FTQ4tLJHoekg1yC+0dtsV9jRiXAwftgRkVWRCwIvRhcdN5EuyozZZnKJKJTVZo0ewTYFHoT0EucHioIVoot4EcId2JDIeOBMuxULGsejYz7EmimNMR/R1ClsaaGW8HaLQ9qsfdjqKKbFiqELQzZF3YbqhTkMAqjslGmuP9FwtMlwNFjWKOkyUlGsjUEYIlQjkelUdNDFIYTol6GfsKLOzoDjsUKMW0h7UPazgVd8VDTiYjNBqVip9R3Q0TyGNcKrj0NE6hp7MGROWy3Z2gpi1DHo0FBUrsRdjSI/CDaiwFgYo8CyOPsX1xIBB9zI9mLstaeORqoMWxOsl6jga6FmRrNQRmi08CdcHTQTE7g0asosTi7aJSYlMj6hjQyKa4EN7HlBe0MLBZSHkZPAlWhBgvRNJnrEoL3klgZpEJu5Kej7TJsYG7IRt4RlpRLgLLKM02BN7M0HdO5MUOCD3DDkaBl7GTshoeCY7nKsjkG0OsSLe2MfY4Y4rbo0DG7JiWsMW7PuI2ETYTorwjFQpJjd4FbeWMcsYhsdQhFodcTpsmM2VTFholOeiVErEIQS0NcrIJZijAn9Cmk9BnISZJL7EkShD0sRM0N1TITx4IL6HV0j0Fp5MmxpKNroOfQxZZc+0UtsnpiUJawxxrY/hhK2RAtmkMGlROZseghkxQ5leTtBJ7MGSpRI1BFsOh3Q+hb0DLBCGyNcIX2SnoetCCJoVOJCOCYR6HhwDpsY2UIWhdIRkROyKMfK/YzGYwYwJZWBLpoKM2odUoY2SGexaqKUSeETuSWCMkoQp9HuQY19D5+hVUHqKnsmgt4Y2Q2N8IU6GCywOWzWPhEPBYHJC3EakKBzFaI0doJPDPsM8HRhC7o/BL0L6mhbI7EhQOoytmSRVYJKRUT0KbFoK8sfoiy0b0OOK3oqIWoM07JWEJM8B/SMgZMrnNh4MWxQJm9sQYCEOsJidIEW0ZuwsoLZvYmt1xUgkfhDio12JHSGDeYiVDZyK/oPYiqI2i3A7FskReUZFbF7C9DtO/E5NMSvpCmj6jIaot0N6MxxNZsUEgkqvQ6gdaRCN6GH2JTLKEdox0Ngxk98DsiitjYFaEDKYPYJIJp1xi4vkoyr0NehNYRmJkOeok0pKQnoYrRDlGRGIgyPRiGYQC4o3kzBAfQ7eey22YjctdCErlHYpX6P17wvNTjMXkfnEbHWL2Ocm8yeh8NGbFJpjc2O0GBSNljDExYKCDApkxbbI4Q3hC2o0uisQzTwX2UZfT42CZnLJTIeiWIR2KhQ9FOj6i/AZeR+ipbG0NJ7EC0MqoMEoeMDy4T4ObYmkp4LslOxJE9xGbQinAojLPDxxa6CGyqHadMz2OzOCvsxab5EvaNkLsMGC4vDE6jUuuFIwCCDUfCV2yMXQdZEO3VEbYzqKssSMN9i9Q16HfoRnxCOhg8ZPWe5jQSbMfCEzkadIoXfRkxShn/RjQ3jVtkezoiK62TsG0wh9AxjUskesGWQy4FQT0YMJ7JLRiHxk2PYcJiCwjEjtD2kBbbEREQrsQXY3NIpuB3hXDIrsaEs8NrLBdbkbrwE6yEsnpHYyBvLhBMzuYj8mMlDCFedobA0ZFPCMW67RUsjNp0KPY1w55KGISIaxlbIEB7Qpb0ZsIVBIF7SO3Bitn2iYWTBqwQnyR0MqoT2Nr4mxtjFfLHAQW6xImR7HA7joWMXYJfRk0NhRgMIYa2IkNcJZHuIfBciYMGdbM8h3fBIGQ6PbyM/UhYNNpbNoNfZmmtCr8B9Roc3keQps/glGn7DHYQX2FdIMkdH6yIaBJM6risSjFhMdjmiTHE9izpvgKj2UEWcjpascaWsSieGxsJZkWMWOyERsZuxZTua1jUdKBwFBB4kpZXB9AO2jdg1eyqUSUyx/UdsdZqiWghsvsP7KFiyIujpAabWS+homyhiY02I0+J7GzAyCQS7lK030NKmnaKdhDVCITcIlLBJnAr2aaxFLY5LJjJbEZBHqGJumdcYGOfsXBIkKXHIMYhl5aW16MBF59jRqFdjsVMMplDm+h2432UVo4Idk9wWoKdCxo30NWB/YUhhekxLC6IhrRPoS7IYaLxpTVcEcCSXXGgGpXshDQgxGYkCyCKqQ/Am4LZWLWxBCBuKyhsPRGQMaEsBmWiKjUFyK4QSt9jN0e0zOAt4SKGbD0NThOeOTxgmKnR8J+UDi5csMnIe6ikCRjRaGFJRFpCarJa4NhGBniYm2RpwcrNw4CxorOFDyRPY0Y9CNodpQyRHhsjbY3di02Z8C9hZYPYx32dxlZggAg8o6sDUsCd7Y16PRFe+hKiywNJN5IbHRbHTWDIa0ZHBkIehyhOJ6CF0uIluuI0k6pdbAncwrZnFNyIeXiDjCzASx0S7IxiLML0gUTeBBohMT9PwphAdJcmBA2pwjTvEkmP8AgVagmG2K82Mk2ZCVldSRooEwMSWToDLYaMPXsJjI34DJlwCGE7HypMRl9CjlwZaM2T7jE2QZHZpMnAkKsQ9mLpMz7BMwcTX3CayxJsNu47ZV6ETDJCbhtCdaY2CTyEvbZg7F6xHoSH0z6Z9UWogvjLVsFH/gliojQD0hU7Y7M7ZiYOwxXLkvUE6QSfQRCHeMJFwaGzZFghfPJkiibIpqE4FxklHtg5RIVt1sT9oyeRsmKFloZBXMDZUQS9jSGmBeomYY+hjLKLLN04CawBLphklTLez/AEJ/+CEOGNijX/uP7He/4Few6k/94G1R0SS0ok9L/RF/+RBGL6CXCJxeDZR+NFw0NQQyRmNJj4V9tEtDlwHKYrKVHRi2XA+MMAjQyQqSK0KCmVBCMUMQ2UOE0Q1iaJrMzpBtnszNM2GIhpbeRN7GW2R2eFkeQkNpMHqlt0Y4EoExZX8NbP6ZZk/pcpuKreE90IIg0QOOEELSCgjpkyLggZRPh+RcFwhIyQguJ5QXLVEGscHRkC1mgrL0N0EhgqzsYCrZcBpvNiwM7DceElQ+gz4Gbn2Z4ysDWBD2JWyXoJPA5qEt54nxRhui+yQq0S5jGPmWv9GVDf0KQab/AECVoRBpriL2QQJGi8QSIQZSg1w+MCQl4Llifivivocpdsa8oYhIWgwiyIJBXQUyMkJL+j5YFohS4Q6aUGi0PLMWYaJkW+GiIJ+4e28mgz6ehkTBRzRk8lpZkV2lEK7DV0/ziRbhGnp/owISQ1wmMZGKjpnjZCTwpR8qENMXiheD4fCXkmNxE2CRjRCYPaYaG7FLg9bCQjNlFUiQj0GdiZhYYIS5xpsTgEoyC0kMHEMzxwf4P2YKMgtDhvThYRV1wXHFREHkbcJCXE5o3xBiJ46KYvFKf0wJlExsU4pSl4fFLxSjeBFqMA4Um6EOJCGiLtGho95Vi8RH2ZoGEQlKXCBiyMQxbHDuxcFqNkSoag9a6P3I54nwYmZAfpj6jErHGhn2amXE8iYJGIWQyjIicTzviYzRdDH24UuRrwxfBOUy+CMQsZYvQ5Fmj4myQ9BGdNwyjlVMpCArbGiuBMAWjYscFNzBIZNwb4ZTE4BFYgJbKqBd6Ptwx4oklPsVGkmElihk6URRBh3g5ci4TKi8XkpSlYmNvwbGgmiWhCGRIxRvgpRcLll4viiDEOTJfmxK1svsZ0zakdiRDETGRi1houEqZcQkoPSBOoWTSN6Me5MvAqO4WncG6ZGJrBRsho0y0W7ZYtQkbhiP/MPjEfAoGxTlfohmvIhrhF4aGNDgSTQ8vA/NKioouC8m+TLgyFVN9CHJNBjGapQaHvAfVoPZGXQ+gihmAcq0mahz4bGOIgkJniIpZYwrOgLEEmOFoww9RuHjC68WcbGyNx6LkonxSlfLD3wlw+GV0ozASfiaPghgNUnDcNeC5YD1cOjYT7JFvbbFDJgjwSQ3BCirRFGBZ4NhDnREORU0Bqa9GiGBeDCG1qHSZXEI3EjFYQ8YvOUuwxGzYhsWeQFoaAmxPA8BxDYTfocW3wnhRPkxMRCDSHypSdQ1R+FHww2Iog4Rw+XsT8GnDJabcGuTALQ6qJ6VZEwdKWRqR8CyHuYro2DI/alv3GzMKEDZNBN4K6RgZgzKYqpMxfY55JbF1NnaGJRBMmsZMaKQkwCeCXiiEBJIJp6uNhi4fglXC4oxRkMfYwQxcoh8Pi+RMuOb5aENybAw7ombyzJdkV8TO12hHYeakK8yFzE4feMxWhlQvQfw2nXJa0PEnkdEYTEvxiMzAKSoi9DexTEXKMNGRQKlwKJOC0MHYzJPY4kNniwCtEYKMTKUTHvjs0VDaMMcJwwtEg3kpUQY3wPXjbKUvEE4QjFm9CHMoJNjmzJS+8WAf0wQz2MzoZxUdhabHthizlcEMteF2w6XLEGIaHXKMJofvC1SHCDO4Geyot6cFZSkgiPhoTIciTWYBoUamLFpihZCyELRUiSDfCEQSJl4wODgxGgzvG2NPhWjpiKIaGjLzfMFgzfCg/6gyujLJaYwmg3Qi2Qv8RtnDBF5IsvWShaRJp8bx8D0JGhZWRsEKdGQdTM2piwsjAstcFF4nL4ZsItGPVIgoINk1M0MHgwcazG4LIkMQTE/IQwELkRBZNNTQYY1GNBccNxJip8LwnNOMbFns2mhAqilmSrAMUOGZEJgarElReBMMhuP/9oADAMBAAIAAwAAABDO7UMS029uqevu5OJOwTX1/ESkg0P1TfDQf79eP/FhHf7M5krEeaGEu87bIaY5bNNfXHuQGgyBV02zcadOf0dmoIjuKnwc0KiDAjHPKaKYEQjyoGtbskZ37lIC2e8ke9kW/HT+vdlzxeviPO7YaKJNpLWnBtPH1WCs/Uetqe9UktNUE1MIJfM7DLCFICg9v9uYpMLf9PnQ4XPa5X15sSoNsutdv1s4rFf9nlutMD68AvZOjXG9sfaCoCvdnV1/FUiW2/c7uMfklKAtdJd9uLOKRcAEHCxlgTpWjmMg4Pd/cHt1W8Hfn1tvGtMjPcUgVtPpKyN8c9t91Ut8ZWUeW6m2hSeqM0+JxfNcfOWxi6ffv/FEOazoJl8OnmL+UoFhiRoI3+fJHu89dawOQstHUSxjitt9FdUXTS32qTU++poSTK2JW1l2/Ko0J4M2vrBTddXanexA8cdUeVURLRUgbrFpScxAJKiEU9Sub5KDE2WiHN9+5YfO0nfdMEdlF/5laDTpM4ZzjpLSfoCUEJI1obl4cXKln0KRUTv/ALTr/Lz5fH/PKqMQTs67OWstyHEK/wAxv55T7P2rWuD+R06lR5/e37mkKY1nbUoKhkNbdqsDvh44cRA9S+FWIGo2HiUV0UT+2b63y8VN9qoHYRQqLaSMwcNbsdAdT158AqELQ8kz4V+cax+ScWS35vcUuILfhWjUYhw4T3AkkjzQ/Z10rrrH7Ty2f37077Xbc72ouMCnW8UboCPREGU0fGx9rwdwRU1VZF4ybGPeVT9U+E98eMdnJu9/EcFpgAUXfAWARaD+Z2RlXtSdVc81e2SAWi25y5IZy2ez12S6n9tnn/kYUflJ8PsiZ2HhSqCBoaUVrT4e+4578PWTnW37+TH33C+bSnAax0/Yy9+K+9FXaiAAmxvRW1x678lYMkoQw/YLPHawMs/57edP/VjymQGh6n8rLvf3e/7h9006ltQBPdT/AJig7n0HE/NsPdVt9YY206gVnm/9ZyHA7eZ8fN/kbNPFgTAkK+5Gi+bSJboAQaJOaLpFX7J688sXHZ5WvNQw7gb1Gbs/h+cIzYVrt5BnxH6Dk0UxWDuCaBWH23Fn239cxib5403bUNnsw0/nGtjEdJ6McNTgvwy3/Ef31nlxZENaOW8GUJCKALtHqpHT23631yKPi0u+NMZVI9XhdVctEs5CFMykZM9xXDdPAzX24F6a78B/km930q4XKTnjRT79P8OfhEa9xdMBRhxSPmcq2OyiULZVxhMG4OC0YOViMotKFcv/ANKtkBvOYpA/wWIPxWQfF1EHbu2+3ggFBsLguXeGIquqeFTNldgX452vB/CmgeVCn/hDsqwSRZn3cV9x5MlBqdkM8gf3xJiEcVt6qvfT+gkCHB+TzS1fZEk3B9jldNN/lVjDJDBnq/1+YYpvLmgn68tqQwe5r1r1Pqmo6Z2GWAtjQnBt5VhdufFG4zMsiOoZrVA819Uwitf1n5rL9QJ8nabgIuYoNFuwGG3JpDOAb8ruva5K/O9mYkiYq87dFFhv45IgFME8dnwCvNhufbd/No0guJkfaZpWN8Euc/edqxgMocNhF1MZ6EJ7lWC6W4pRxRXElsIbXUJAVfEQzOpGaCS21Dv51CkeP3zmdvzTPzF2p1YBIgFdvpomXLN2kUWq9ga6Sa/HTxQEx+rfEQ8Ajfrz9jtoznGESEcHY6lVI62so6agq0qqaohBdpAJKKCnJlbPAnLtXt18py/hHhlofbQIrv00IAWf5NHuLqx/XO+Io+Vt55D3jh8Np7SQXljVazy+/CGX79k62ss1L+KFhLmKfwZyKqNXRgcKnUrspVZlDhRmlxfila/+SIe0Ps/h/Lro/wC/EbvDcKg4Zywk5JGl+TV1zrh8CXfNTS0tokOusRvqtDDz1x7+6JMI6O9fj4ysUWa2hqW7ibIvCyRFGpuN9pjjtl2yrulK511VUb/O5hirp03FL/mjCceb6IIWELUR3eH7aFFauEo9fb9AS3zcWBW/KwwETF+squN5dDgFa4UcDQO4bm6wTqlZ8tETZa/FZ3SSYeEqsUMhAHwhtB9mt0HfMaTfG7RaSFPZ/YnBG4T4oku35VUnVIO4is6jkJK0ehEJVJQd/WKcGAja9CY6bebhVimrBy2BUR0guxSAJKDO957hHME6DYl5YJPPfQ5DvbCp/I51y/Sx5GRzRGFvCOkpMBd3r2hk0VZLs+ny2hZQKJbQVRwRabubwVcaMmY6rb5Rrm99GYQc/q4ZOK/npXdfHUaNPTaR9XYeD2V5fyogQOLSUanmbzVEs24bJ333wg/YYg43fAPY3ffQP334XoXPQvHYP3QX4P4fXPPQwnn/AP/EAB0RAAMBAQEBAQEBAAAAAAAAAAABERAgMDEhQUD/2gAIAQMBAT8QQxeaGLpix9rweTViGJelFsJj8YTH4N6sXssovKE/yXUMnE259PhXty+17usWoYuXwh8p4sWP/Iii5mNjLtLR61xRPyvF8Zw+lrFiXcLj8L3R6uEMvikTxYv9CH4InqvecwS1+C1j18LzQ/BZCei4eLlY+nlL4oYj8FCl8UQWQhOVlxLZ6rENCRCeKKUpS9tlF2iedWo+jXD5pdRS8UaELH7ohNYmhk8rk6Q8WX3XLFyh8rF2uZ6TViyYhj5usTGLGTwQ3k193UMRPV+yHr5XaxPqZFxBD4o2XwvjR+Ey8tcsWzqlz+CITWIfC8UMXLxDydQfgun6rFr4RMuIfD4hNWvudo/vV4WQghky9fzt+DQl5wnbRCEL22Lp+Kfki9Q+bRPFy8SJ6Lbs5RMpcouWhLt8fna4S5SH86vDJ2unq9KXUQff3yWraXhDZb5TKfRIbGLpIfD5WrYTliL3OVr+C6pfCE183i8SCGTtIePhcryfs3xCE1C5hNvd6ZB/OHykLJ1+8Uv+Fa2PYJE6WImPil/xTid3xnhBDQ1w/nkmXaXudUpSl7omN4xDyEJ4MoikxDYubC9JDP5jxH5iYxDQkT1SPwpcSGhei4eQhNQ2I+kJ5sR+YkNMSGsfrfNDfrCH8ExlaE2fuTleF249W31mUQ2Mm3J5Ut4XE1ISJ2hkEXVqeXbk4nEyl2EEPhPh7OIXHx8L3BEH4pYmf0bFtLjxrE+KQQxDF4Up8KUosutiZT6JDWJjL3OVwmMXFLxer0hZ9HjIIj6Yh8vVj8L3cerKNlKN0Tx/6p6ITJxPwnpCathOni8VwhvWy+ay6vJi8VkJsJ+CGIYnwif4UNiJs5SJiGKDS1Dxi2CPo/8AH+9wWfSDIt/gh4xD5P6Lv+CHwx9fwXDEPT1Z/8QAHREAAwEBAQADAQAAAAAAAAAAAAERECAwITFAQf/aAAgBAgEBPxC/ifpRi7QxCHy8fpCMbH1k7o9XCLio8Qy4vaCEJwNdzXzBIaFkykF4XiYkQRBD1ohCDfU2CJlEthNf3yh9JaufgZCEIQYuryu189whMJC1eNxoaF0kTEQm3hLGPiCRCE7fCxiyDUybMXbFt8F73hn2NQT5XD7axEyal22Nl7Q1jEMg8Xq9eMQli6Y8TLytePHi8l0xDFxOXqEPhDExiHqxeK6+T5GLpriERRPC1D4cPgWT8FKMRcQ8fYiGsTxctC/NNWvIIpdfi9RCdvxZSkFzOJwsvTRCC2eqHlLi8GLWxPweX8DxjfC1Dy8tjExPWuaTKXFqy+D4QvBb9jJi1fneXaLKN62LGIeQpMvSY+IT0hOF0xYxYuYuP6N4hi9Gh0XKWIZRYxrGxPFy2LWLlvV+J4mXGQbRconrZ98MQvsmPaLwYuEPEUeJlyDRBERDz7QsWsWLFs9mIe0Q9QhvHkgywQkNCFiGLm+iEvkZdq1i1DPjaU+xbR6xZMpOV4fI2feSkXBankIPo8ZcYurBfPC6hBoS2l6/osY1iQlr2ZBLp/IuEPHxT6LcSGterFxCF1ohMRZ2/gXyP4LRfPixdMYlk7XUxi4eMQ/OYhl26kQnUnEPrbcRceUkyfghBInN82T3nKx6tu0vo8pX0sfCy9vUhrJrEP0fo2Ioh/ghPCDRMerbiZRbOkP1pfC8taspRMhP1wnMxiGQguEP895oh8XUPLq1i9UPwm3hi8kiE1i9GIfVy9vxZRPU/J8tfhnC5aEuJ5Pl9XJzeb1CEFxSl2cTzfc/Eh5Bed6mfWp93mdru9XtcPV4JbBoSIQmwnc6nUEPVwkTYQnd6fHwQfDYmXwWMWwReKUv4Vr80Qngi+q15dRS8vtFKMWsXmuaXiExD4fLFlyeDEvFEIQhCYy8wmI++FvwTzTL4LaUu/YkXKUpeH9H9jF+FZ/PH+Yhix/fDxZ//8QAJhABAQEBAQACAwEBAQADAQEBAQARITFBURBhcYGRoSCxwdHh8P/aAAgBAQABPxCnyzkCXbsubIsjIJILOyTKWQ/AOT/V/n4CD8dv8jfr8ZslkBbZyF+uR2yywkRgLD8CSCcsYJDJjJ82nzPn6gPmQz2OM9s38f0s5nkLPZPuA38MFvGZxYgc3J1+Hpe+k+y7fMFpuJPuwnG45eRiSNy9sNEwUkGSDlhsYMA2FyzbLbbLB/GQXjDke2dj3c8kRxt2xgZ6+XT4jZ/sBnfw5Qc/VmeXVyT8B9wd5Z2f5Y/Uwc9kYLJhbJ0ksLKcgxnREQfM8+rdewH7kL1sAW6+fjA3FkSgzs6XHBZ8Fr1uXLH5LBLm8jTwjXzDPmxfm2tsON90GeQw6xpZ2EHEftBn4ZsdyA2dsEDZIJOQb+AXFlmRGbZnzDnxfMuOyb5CPbIHYOyI3W7fMGxiHN+IPpY+qZHGsJ4QaQd9s/cH7nnzB+44efgviZsh5NkLp/8AAwsJ55eyfEYmCDbNt2ePbPjZH3YPFvobD6wY+5O6F8/UcMHNg5BHvZ68v/becgeaZDrIOJMgvYryCBthYs/AaWcggmHspuRmXNmCyixYT+AF6Q9n/wD7LQ+7FOas/QfJlW4/E2WR8gS/39ibR6N5HgnrQh/Yp1GL0LO4/wDl84Zl8B0kNs/V/kc+PyHzHZ4vUknbmykMtnb4luN8eWb8Xl83rZ2IgmPo+bz5kBIgDqWD8QaYSYzq/N90n6y8QQn4/B6cLXcyzOkKnGU/Ng4OJYvIU9i+fxllkQ/J2zL5t55ZvbPwBTsYTkhch3Lo9I8+i9YxKldh81GWreG2qRfsh63RTEKHpPu/cv6tt94eQT9KRs4C+C+JHYtjKv03E5wg7+EgLD8Ny3fLvzMT7clNtJby9ssJtk38B2IOWSPfwPbhjH2OP6/CJ3dPLScnHxCSO2/GV3JRL8w/F/V7x0javPwG+zixiB2d+rGdIPq8/DzJ55DzsRry78wFgSvHC5mpAfWR+B+9cy6tTkFTB+llxPg7NmD+AyNJ0r8toZmzh7A+J34tU6w+0znPz9zcH9BFGg4j4g6dH3CP6sy/279X9TuR52f1byZ9mDbJ25JrHzdg32Qnb48u/E/i+mQ/ZLqXZ85H3kN+J/TJPyX+Qt8F+06e8s+Bnv2/uTCAkoeXU7OfUW7EGkc8k3fmJ7+Ty29Y4z1g5JdeRBtmS6xbeJWw/wAkCv8AyF+j62PgSLsO/VS5Lrum/Nj42xTNjflJ9wNteuSri0/gmXspCIHfRjDjXjKA+vSJ4b3XLPo/QIrhkMhPqXkeWJ/Vlxe3SP3M8g7AY2Qcmyz92P3dg+c/GNcvfk++SNr7lSY288nVlGmDPizu5I/V/EIkIHiTfY5IbHv+R5cESc/GX6v6sjWHbbN/Gz+DE63nl77AWWXhy/aR8iIEZ4iZs3ety6cZby4IeyciZGIBgdFh8GALFtRpYmMIByesJE0dSWIef+SB6YtQJD0rowRM+kxsRjSEej7Bnx/2BNKfrLY/D38Ht8/hIH5v/uxh+7lyfbD5tIe/q9uFaY5k69vHLrOSHywZ2dXyD6nD83MtLyF82CfxFk8f8vEnImG2ZZtifMce2lyzY5OJJHPZB8svPL+3Ifx57Df5E65bIGl8CxHj23vmEnYaRRx5a0DFk4GR9sHgupwQl9goNib9WBfEdmbVfMicHM+V2TS6gyMjFH5+bRRpkeMSEvRkNrHmanjbZPmOsOwF8z+NCHXy39XGwnl8xi3fibML0264n2XPbY5CJkx4vFmfH4f5JpJ6yGsOLDLX8GQ6/k5P0IP1Y+pZ5bHOL1sdiYTZyfqfI47DJ9i8uMg98uA/pOiYaCxufe4qD/pIDy0SSitfVZO287HuQZ/BVfGVe9y7PqxA/l3Xyzv1Nn4PBjp72TvYfN9/AsGxfORgX4nm/uRV7NkPJIn7hyaJ8kIMvxvL3B89khLn3rU/svfL929m7GZYTjZf2dT0ufMZMO3C9j3y95HWzGt10njsB5CLds5MQyAyZAR38gTMh0iG0HPxv7uvmGfuxhjYL+M/dkF3YJIzC68jPvtj8kkv0xChnVmX/m9gtMe1tx+sb1EiGbPQG/M7rif2PtASGADcTc/UgeIIku1/Vt3sry5b4fYAJ0xI1+NbJSmzAm53Ic+yw0+9mxZiZevJfDZD4bD7oyuiSHwv8vhHX5gPXen1AnZ9+yMM88v/AFPlsfg5Iy5HeSZ5MDIb5Cf5D+7Spt9sTlgfNut0+LN9s2A4zZG2IWbD4swv1CcuQ7Y3z8C/q/UkGzt/UcbNm8I/CmRl/uSGfIfdozwPXlgifrYKG/o2U5PPtLns/ZuOinFx/wD0l1eDj2Qqqn1bu7tru7s7GhJzC1zcLR5b3YJ3bZYhwAEfm2Q4STpFF34mdrGjkyB8yXeTyHZF7MznX+z+AWDnzE4LP3H1ZQbCZC97y8BzM2RPPJezkE8/G5M+Y85+E+/wTv4O+3Ni7yTsY9bCBst4Ts78ya6M78QNjtne2B5B8/jTYGeON+lx3cB+M1/A5etl42kdZxOQWYbGNlvfGQ7oeSAdefaXmJ8p2tfa7yri0YhymNeWqs8bwtc6GwMzOxz0ID5J9bYh29LE/sOTTnlit9PY/nbt5B3z/k3o/wBlh92xI6Xy0u/9l7IxjIP7IGhf02xU/oj1x9RmO/syRoi58tj4n7M5eRs72Xrvn1AEUaE9xwbYJxs722/s3j2TYPh+PfbhYJ32NPqOrYbIPLV3ZgI9k7Z+2c87GHLzy3+xuRjxkLdsMgG5kFvwlsDiyONj8H4HPwPbeWbI57FgmcEF46eSshPRes+/Cx8Y8o+BjZl+inqS5zYyN2Q+IEf1GVv4lnEnV5mU/WXtr42Dp2NO52fFlfiIgL/SAlfxNhrPuH7tyl6/rlztZ8ucmXUwPiz2fJex39pC0P2ywP0A2ZM9tsmkels8gvr+AP8AU42/DjOzq52AHVN58Sa+9+5MjywzsH0sLAs+bEgvkHI2Pfw8M8W4kl0g2YMvUex7Jvk8R52+Y8n2yV+ARccj8av8jsHxZsFxaXPu5f8AkDh6XbFMMEXVO8yGjG4BkUbnGeWpgj6iX40LrrOQ7mxbjtkrfDnkR0Mnfb6rPv6vJ7di/wDLUM6aZeYf5goCn6sNkf5aDgf5Og4gNHj4Li657ka9d+5Hm+Tunkq0H+knS/rZ9Hn6jA/c6eFwdGOnYO8YMz+xm0B+7AX7qwQwm8t55F/k89iA/l8+w/H4Zy/y8uz1bQR+4Ebn4H9SbDnk9Qx9/Cc5+JgwPibskS7xkQMtjsZfMP1H4Ng2Yzu8NlX8FozejY8GgZlskig/qMvy6GTersvzbOdeCGgke8JiNn5O3WnzLP7aPbM5ZTXfJSEn8gRRiIJThGgTQobz2xA7I2nIkDh5ZPLfDJQ9lsI8gjkb05KfMjOGXpanzkvhKT8MnB5LmPsfkvExYm4edPhsks5C4I/SVzhdPi7vl48kh+I63XJwyGQdwgvI+Umwz2cyD9/ghsbB7+E/GRNxPIfv8cSD8HGyd20+wt9k5fohVOGxBaBAP7N9gbaYkn1k5ZOBB3nl32yxukwuqfUNQslPo2CdZFuZYXIgeyc4R9EEEAEZB5YfiGci5GD+sH72GAtz9FzWPCcyB5ySG39ytJkIAwQHJhTzX5jMZr6nPgSTggHlw8nfiKPPurLcmfiXFsb5PRsn+79WZ+Hcg5N2NX8aWdvVvNhL24Q47Pbc9jY5qQ/28+J44TvsGQbrdy/c27P9h32D4WfdhthkGMwXzF83x7Y/drD+ot5GZIEddL+227p5eY9lOnmXDl8yyu2uTDsfMmpAH2TvjOnjag9ZB3mxanQ+oAgl9GSH248jnzDp7GR8lh9QWpl6XsCjCEHH4S7BasXJkYT5u4voySyoWMP7cfRJ+rCcsfYVTPSXauKtiHuIU63j+UP3KR24TbERk3S0kesGWGXjkG+3SGZeeXry1+Et/UPs/V82GwtjIwGXLDdufj58jv4JBMtsvr2SI6HxBS5df+w7rw/t0SAQMcPt10uNfMqnsCfM7k+xni2n12O8bTpCDysHZ5svhPzkci68Z8gJ5ZfmT6ZZJmZ8W9Z7d2OSQLU4J4Rf6fqOdI/c/wB/7C1eweHJfJtzyXfxrI0cez/SzxfD5gRkDxuwawYyXxf2CzvtnfYEDOWx9hdt3y/a+eF/kuchN7Y7yOF3fw7AlkAiR32yrSHEEllmM/y8/CxJ27JZ7dTkIbIXTJ6ryi2+eQpufB+59BmsIs9S5LyfLxIJfrgNZcIXxHNgRwTPZA6FhtiezDzyNX9XXzeocg/NwcZmmNrYImoR9soN/d0dot2OYORacT+WFunxjKfjYL22K9ghaxmSTR9LD75LzkLL9fjIGzvZ6gm6jhHPwe+TsD+HL15Zhs3x+F7lj+ENvxBeXIgmWmTbb29ZE8s+4svOQR2DOm/qIkDr2ON0wtIjBHL0n4m8/HLP4Ntm2l87bDligtQOQHgwACXNsFMmGvIuLsvEPm0I5IJ3Ibt6qWkFyd44/Vu5z+JD6H6l5P7wWg/WCKt2euT2JN0t/F8vuSmYtBigAWGEY6sDy+OTofhgvm5aXZPYHbNfZ34Y2V2X8FabCfgNntg9sfE63EBl5dO+F/khCzJviHPS9sh5ZthMZaW4HW5GOESoeA2bVsJaPsY5ljXYMt/JrEOC0WIIA+7sHxNgYwfEbZC6Ed0cthMuS/VwyOR05D7vnjLHs10bwA+p2Bf5PnO78yg50lEQf5LwM/t1x+L45GnzD3thdJm8HEhPuIRjOtvrQ0sH9XA326PI87LETm2FgQfuPsHeyM9ljby1+b5nCekOwuz+GS7Hkm8kZceP4aTnfL2dFo/GQ2xb22HfnLHH35Z1M7k3f8MHAX6fVt8HweMwhj04WwHfk+SQOPtkQwd2yOsN4fMxb8wmC+ce3nFnQl4E2mPJgGMLIyPuz93DxtZxjX1/As5PnZcJNKf1yU/sstUEQxtRIUwnpx5JvI35/DOcj9+/gF3eE9xitGAy082aPWfIy+IIPyHJ7eEvb5t5GMieX7TE5K7n4BsheXBYO3kmyJDjYW6f8ly2Jt/GTyG5NpcO/Fjs6k3Jl0YcGKkpeDmyYFSPcY9uGxOHpzf3c3jKQ0j2zx82xZCIhzbN5EOOQP6YfJyUnynBmYg9HkQ+wjeuh/t1gyzccWHsN/ZATQ/2R4FsactHxyYCQCzme5Nih8ifuwnl0Rxg19hfxzIuZ1/V5B7JOmXer7CteNA9tFeOl4mN3+8chz8e/j2bOwGdlqnhdTyx8z+p4GeSs+x2ztwet75Z93Piz8FT8DidVFlm2ZGbJK2ZmWQgib9RlR44xEyivHkkUExDuiJ3/bDDrrC8010/v412WEoRtjvlsuWy83/cLFkqBki66WM3HvlvCOeSJWZIQzQDCZuv1bhvfDtsz/q8lrx8gL/xgAWkA8tnnTYxx2fAB3k4HiBztgxqHBtnINmfUqWR4CxxLp40hi4GJoyg+lEtZXEb3Px2WYjv4SfJZZPtzs8iJo4yQy4b45dJNkyMlNgGCDCSz9yfH2L6/GGENY4v5HDYdsPuck7G3c8t+yR+FsdXbsRnIeumq3iQCLLiVx/sebNnT6tPcWI+IU6v2/uFfZsgb7Ei44t73W5De4QiYD9yca6xIm9uvUYwHIPQLEjT52aHHz2WP/JjWZ/WW7j9rMe082GQX+SAaibzh+rVN3LMB/dl9xDwtqSn1YGCeEfuJ95IQ1zGB0xrB5z4m8w3ElIcWbNjNr+0nfzF82ealT/Jku6oDF8/BP4O/hkkikLy3PI1+YIbueX9GTsaLyUeXvYDLqQH2P7K51upxvrkJOt+pYbbse9g+pGNu/dn23EsQeZAD7gkwsz5RhhX2nU1OHhAk6HO/ENLu+JZC8U2J1t1tLsQJ9kIQNCXPjPkGZA27/LuPkr4m/UzMVwWRYCtk8yH6sUcfqHIx/YExB/Z7hB9Xjv88kIOCEwdW7I9k7gXgbjT0EnC/qszh4wCM0tpxycojCujEyz4f8syDf5fBF8LgqiB/l9fH2BRBhbeXI5+HWS+Ie2QLUaWydE6scOyc5Z+CdkGAG3Et5y+Dbex7/kDnkkfu6eSmFbptzcvpJyTcwuXv/kxKVrtw3QeRPXrsQZ/9mYRBkRzNtBTRB9geHp83U7J38cMGOXhLYk8YQtlZZfXCHD6u4r8R9pv9t1rH4uh8QvBIn0ROo/l7+L/AHwsLlbhk+Qu7r/+TO68e8hXtfoNyBl8HZAff7ae+Rxj3YO7KN1SwtNiHHIcTfiyjoE5YWkDl8mKSdcewRD8Yx8zpCUD35tch1cJRqHhZN49k/Dxb+HdjY2WOTY5sneQr+D92Tv6t+7vwcsd7Ywff4A3xkfqdg4bcsa/lrB/GqyXls+z+F8nzMzmG7FrCmH/AGEcBLAzxuzBnHY8vd6Pu4+j/VADdThIHjYYBDMeLC63ZTlp1bcXy5wvl7GuvboEV+L1wZXp/cnWlsTgZc06ig8tvPl8IujbNA7A4mW5epFOxu85C/6hdm8LJ5aQBP1sKJrk7jV9/wAsmSEOmnkCcnwfiVvD6p1imSftjqaBIRxKLxETLvStr6U2fI9tWQx3v5Qzs+v/AMSc+Y/a/lveyix7YMs+Sw8z8Ovm36v/ACW8QbIfEZMfxl1Ownz7KbfeWucwbYV02+Sl795AYgHxLVuxHAj5AfCEMYg3luM2B2zcYgTJLh5Pr1j7nLAtR23CuR0GRekcZ4H1KkGn6nwu/OSKfUSAdkzEWqphyMJYbBFdjmBmWx4T3yH3AZyGRZuSP+x5TeTMB8rRYx3JzHH6kcbv6mZAfGWhYQxdtB6/GwX7iNbC3BLhPpYYH1b+r45Zvv5F/Dp/Lo5N1A+SGVz/AODOwG+/j1Mv1ZpZ+5Ijy0Cz5lWccvE2p9hIu9yB82G/jmDctQAbGZ6kb+pzMPLmuEhj1wtYeClhM5IQW5+YSV3loYWx2SThH+lyHl9/MQzzIxBzIbQxsZOPZfLOYH3ARP8ACeyuPuWrdHPEnxs3EsAjsNyDI8h2XGQObyJwNXb4yLKTuic939Qnxni63IUeg9vP4/MQB5cgGMijw3Dvpa+4c6/hj2+Yey3jloru+QdhZl8H4fZw+JD25e/g4eQmWcs5L4htX/g/D6n8h9xmz7yx+IdceW4R3tl185DhLvkHmyjAqFmWRf8A3YgW04Cl5EMKyPSRv5uOxfCeHl9gLQx3fjJ5Fx/cB+kNetl8NSGfpGnkS47kUr/iGtEBLsRciLjCS3LYOyW6fYs9uZ7aJANnhdl9l4pL2VQhOWBvRgRz+ieSn/5pbaA+DySgb5LGSnl7A1+rpMWyB07v/ljPLeeQ6z+1mWu3zsdhl3HS9t5+4fuZd8nCdvffwSOefh8j2Qy7shlmJLeufV47KSRfEfuBeuRjy8dmEjlsmt4gN5Bkwa+2BB840Ovvlt3EBskSZ3DPiduLI07EjtjlL9yvytcf6/Ue4r2JNcmd8WU3xah9T75fGIunT3L9nrLXET9TIf8AmxnnH6uIMPO22d/McyS+SMngW3XkI679QBcTGWD3kjJo6b82Cid+bQ+Q/kCbA7jEAc4R8Pts/X4hzvOQsMuGOzBrfORgXVGuWPzeMsfhxO0fwCOy7+VJT4np+A3EuWzkpNuE7H7ufjYBkb+ELJG6HWwYX9mza/8AFG7qfHd/hcojTMf5MYHdmEGYPP5LrgwUekKvDI/C2+QvguJ3GDtxB0/Nv+Q2GOlyb9RgQBgYXROSah/y15ZFyLluZAGsSHe2j7G42ClueX23HZdZHwbyIXRrdTTmZbsCbloNiEZzJVFIr/ZkWLhrZo7jS69/lxd+oX6/DbBtnGPX5jVodgD4jPqNdC13vxKM7/kc9jGwJSMz9xJryRJdDYS9fyUsHLv1ZZEx7fMn7jPwLT4QiBl0ML+yPgv8uSB+rgg3PiU+o3l3kBnbwvR+Lsd2w9gac4MEOIRpY3O3As+W8mOsgLkKXL6/M3DbvxCZL9RNntqoyHjBjj2BoXL5vsFa7dvm00Nw6yD5tHd/EzG/zFhhMNb0ANgEzOZZRzfMe3SRchd25zXg8bqCgbFn3L9fj2fxqzkSe2FuSaeRu55Gj0lfdo87d+2B8yfiBfYJG/z8bDnX8WiXZH/CMSclL+NLTZRJYfw5PkbOxtr9SuPOXAQ6S8eVG2ZObDsAZpKmq/uDFnwPSGF78OYyRh+yHOnIFuSPFhOXKctGdfiwnOS9W/gHIH4n9Z76R/C3Rx1yWYIeFtDSO3+Wzo42AfEv3EYwWZQ4ewnetg6eQBWH1ucA4iYUv2sp7yPWfPbcljvk/u0gvi8SdRuxuR1viemQZ3Za8gkhly69bH3Y+7PwSyPfw/8AFZ5BfpEgpeOXTtw9uWWSXxH7tPi/t56z3g9hyEQbYL0OS0hsxXC9Rvy/4WQpzBfMhNlbgId+ROg7jcIbP5S7q04vGBw+LeamED5j4G3kN8ZOjs7+LfbNfu1QNzI5yTck/Ug3BaI+bq5cy+1kyOQUXbGqAPVjK8mHy05WV278zxyYD6n25B+CyUZDeW8tk5cr8CmQOXrtghp+oAcldjvthOQfRP8ALI8/BtB7OPk+X6hmOp+pF+bpKw+5m9LKZkm3on2GfxnLnyWr4nPqczhBoPiJ35nVtA9W3F4Zcrd4fiXlk4e3fSNfAyu4Pstli2l0ASuGYwHfcggZC+TryI92DmxpnzaXYDHTyDvkPokfEDLLnBBhDEuQIenLYvBy3KvhGdGdMHPJslm9i76CIOI7koeWD19/AyQQTHtmH4Fvi12DnbQtJCXmDGbJ21eSPxLseWC9kAyWtiXv8JQZz0nOfEn1ZvzLnvZds7rfO7Ls+3k/g7PLZ1tS+tskfQ9g2sS2Pz4Z7aPt4PzIIezXsX3vo6ToT0GQGel1g+Vn7gpDyyHSKN7liMm5uth5iybjZYwy26WBrMi1AZjyDkmw7sUeStuxwjtkjHJuH0t0ieR7vjYjQ/tyetsSNMxvmYeWGcL58s2y+L5mIO7aJkfveknNjzrc+ttPi0PLUH5/Cu8v/u3efhx5Gxj829l5EVW+h8R0HGl79J1k4fVuXzeuQzZ+N/CcifbLyXnfJBR8ZZA4B3/kBNoT4ux+IHj/ACBYcs/5BpEfu4hCB/q9hGsdBXY4+zOl762bZP2yOQ8tQc/dpgPnSxRP9qTiSPCP0Cfd6C21dv5aIzGNhLmcexHko5bRy0K0ELsfL4TVn8nmvz8xkO29PmDwQYW8viXkeT/Ycm6wh5Ysz2nxOiAL17OPzP0ZPts/d5cdv0WayS/Ua3bELW+YYufxPUMeBsCOweG3Uc+bOQH4O2NjbM3kWfgmdf1cTPdsrRw/9tNHhX/JywAY0c40jm5gtjmukGEfTCBHx/Yw9f8ALr2ExydGPJs3SVYJ+2cgHmPi3nh16ZED94EZanuMf2B8QNhvmJckLNszl5vhtMiWdsI08l521FBdjAfWwfitTBIcvImLHM+7XJfcm28v8gzyfbi9uQfVx1PJzD7lYUmQ17ceWQr5vJ73CB38ZjKXiy/LOLl83Q200P2LtEQMajcFlD+HkTZn38fH4b2bz8FkrM6f9veVCcLbmE5y36gOszh9Vx0YND8t5osxI3s2wsgJIZ4fSXZxhJjvNTZTAfk/UKEP7k4OfcZrDFr1Ae7FuMwG9vollP8A4DhMyTxaEZZxPVth2Vw/7Gdi7uIhukC6Y+oMufjewyWGQDHPJj3PUQ9TPwdJJeclBsvxI6+bW12PIRcI99l2zbDfY4rLoxOwX7CfgTl14TyIYk5DbPse2RZN89g24w8mD1YzV7kf+zc9Rnl8PxvxBOcM6w3e+/8A/CIrHwb4LfUeevnL0AJWO7smzg9lfq/rLtALHaIDa/tYytyH4cvOjkZZL9OfMN1xs/GGmT7Ln54S8iHyEPbtr5C98kCFd/kZYwa/7ZE5jhDoZy9bv4apfF8SKwJPeW7dHkez6GyKp2F67Zp7+Gg8tJqvhlSvn2HluwvzL+7T/ZXINsz8A7aVjY1GCQG7trvIOwfgBckLCPPybeXy/HxE+XzKEwwPxvbjAvTsgCt8XfQQU9zlyJDP1ifs9Ztvz8pMmYGYfH3J++RMF+sWUNfrG6/uxnd7E+4PrOy3+8m30sTx8QAH+XYd7fLdAQbL8Af7HZT9bCn02NjMJjyO9l7ZMjYEO2frIYfcnIQ+icPS9Ir3HOyEg+2Gcg5JfH4P3JAsdg/U4tZzI6cgCXPY/u/6l/U7+OJbkthAz9z7PJipRHqVIhnpMYFswIrZfDLJMA+o9jUmWqWOztj8fEeSWXjJXf7pNOkd8R4gHZEG7B9JUB3g8g8p3I3JD7MHRsP9lA6WZgQ5ydIAuvuMer1kerfJDRs3I2yxOyjh/jLqb/1MZpz9z7p4x+gSqT8tmAfjIEFPyRQOfNgI8yE38WFkoBdRHN5fXacG/EcPyhjk2+IeXxeH4yzsEOWv1d+YeyY3D4vYcZdfqXnJ77ZP4YZBYQctn4QZBtvzO2mwe5DNPoblWk26xaQC82AD5Ey18XXt5ar+APz8T5+Ht4d7HoIfuNWBjsCU79BsOGuPWpUYnXgWKb484sqNXdv45dfIPs2OHjqD2d8rEb/mx7kSDso+FSLEnfAP+2wWvvljfpDsW2n5Q7/BhbHhsoXGwZEYnxCvY1Dc1gnZM/8AtEtmuc/GEG/MITMfIHKB2fIdLYn2Js7HkJa+JrW23JVPYJ7ctA6XXkdsn3JMmOPZ+jHLdsySVOnxZMHLbmPjI8UH4CNN0tCMf1Z4gGxAHRtrV+Ib1jps7Bl8QXxfPLPv8JJ+Q9L5Zy+jI3c7YA+L+efgYwdOPE+7rCegPLZPg5BM7ICpMv1d+RsPPuMhrtHxFYg/UHABhJrO69IJ+DYuOMi9eWTNnWCObLmcbdUZ9THaeTVt3exjHhJhsC9n8Ntgib1y8Oz27O3x2El7y+bLJWVe2GnbFviFvIpG/F0jY97H6Yex28ZkmfMsIdIuaMxyZ7b/AHjbfq/5iT1nD6hqvPiWsdE4dP2lrjywj2yd2D8Z+f8AbLySC8ey/q3eJDhh2NLTmQ8yy47bz9w+XE7DtaqXAYK65MQuQORbcHB9ZbM9s5HJAH/tl10tKdnXLt26eXcZlgbsATOmQ/8Ay3TAe7Lrh87ZGP4EPIfBvGy1TEcfw2SPVln7nbHI9jdmEj8IGzh/br21dlzyElJN/Cc3bXq9Xnt8ey3xGjGng9tro+ctCumFHywMB8uej/U8+RztqQPIHdF+1OymyNlJxjDyNs/cGT+CRg+5ct18mEfnGx/Dmw5zlihXhZfj0bYBu3K3H7yUO8nAYhO6EIANMbbYaezbC+p+pFWNS+HZW8Mkeo8g/IbMAJQbNsPzL+fIhuTdLryOe/h1L+NRsQksvEx4gbZluky55ZtmT5YsGCW+Wd7PfLITZ+8vaZzls5KmJk5MEvJRIKYnL9zxDfDtxAbLsdCyLxgv4nyH9W6fjGeEdNui1G1Wb2ZlrBBs8gjqXlpPficTIWAwxIkANB8R53CydInQL5LP5NZ0x8zkqdMYtZKhplkjdR7GuhcIwVCFrwn2GvNlPeCw9jKGMJxuHEhTyVguj5M0W+R+7Hzc/C27el0h5bt3LxszxYPZfi8fkcy5fMHYdv5L9275G33cn1x8Mm6JvNlXcxdwmMM5ZWAOXJHivFtiENBxETeAn7tJR+M3yN3s9sZ2cHLn5Ak+rV/AifMtOty5APlotvX4yeDBTy1BLaRZp7CnzsvNkdHWKn1swM52JiF5oZl8BIkvysNbMNydwFc5FwJ+7MGP5ZaEJwWTdxhyTGXZY3jHhifzkE8l5+XxKn38CPG1YvUHjOMmTbPfwTJZhsgVNOEQf6ZS35I+vlpxkO5EFY+ra5E+5PdEs5xHkYT5vkJ98hvfj8EOPu2z2UMG/EmW/q0+23IxPIch/V/EH6vDha3z7LLpD3M58xIFR4dIVla8OZIO245FQky/UQdO2YN9s2jYjtrfeTNGDgGfuHIfwwEN1sZ4g5OTn3kJP5LfqF3pHpDskVaF/V1Ykfgss+5L9wH3fLGessG3ry7aI36hN+y1aLTBs8nye+XybbEnOJfl7GD6RTH5m1fVirztgkOPqwLIvQGU4IerDnC+k1mcM71mEvpkNy8hhv5RD2+JgjFux9WjzJgs7Zb2GG9vn8N5Gbr5eLj7/wC3Boe/q747BNIycrEAY16MBXRKN3CM88n2KRQNbK+q2zChVmMAMs5yCkKSiHn41NaP1J3by3S+Ih/Bdtl7kF4Y4p9h0nFvbhYWnY5+AaQY23llnWYjiGzEdmjvlnHbKe9uZfV9Y9m4gIAh8TZkA36YVT899kgAFrdun2GJUHJBfu5b+NfwCeH/AMCBPIWe2W5H9tyzO23Ty1zb120+Qc7LL6fbG2/Jsx/2HGI7EfSTXeSc6gOwUD4tT8IHi2Om3sAaMGoCL7F8J7Om2z2M5aPJ57fZAPCAkiujgw7zi5v3Zb2XL6ljPm+beT6l1uDlu/l2Fy6nmXs5jNb1mISI+T2bQWYRDs90iNEuMgfqqXHXz5suh24LZ2+eYuZEAGvwMSW77rFdWsNYBGYke+Wa+WTfH4vX8Ehf7GsocuyXPg/G6ZD4ky8cgPmesPJZnvJB25qRP3CROVzBmQ/t96zO8t3G6QuMuJschEmZDA7D5EuSAbto/MD2QuM5nssZeQ08hYBfi+meKx4D+qw6HH+SPxZdfj1+A5Pn401sG/i+fgXPLbLkZ+CwhgSvjl2SVujmS0QPb2yfSb19WTPMYBDPLB9Imln1IZQHf3LW/sPiU+QfEjj43Iw3YF7tvORvzezwlz8NsRjHD8E+p/GWg252azS2wf03d7OjuXtNZeMJXcGRuaayGyzxuZjIDpt9ZPw2sGzkbMzOSADBcg3L5Lswdut/Ruu6hGmDJndl7t+qVbA7cPjvsjSz4cGViRvwM6IrNfM3kb7FCDfBbdNMz9S5PY5D+Dj/AMtJPz+9+n4+Z/sZcyeieXQVC0tswm3OR8PIRJyHFieMY65l3BX70QpWpxs/4kX5rGc8gOU8xbB6dG9Xv46JMj8ZcyOp9/Gj87J23Cew/EO2aSMefHq+tMLp/wCyYH8GNWnXzsmhvsDZSHNEn1MOkuNvcfZnI7OAzyBdnas/mQPsKfFmQe3fY9ch4k9uIYuF+SC9ZPi4SHvRI8DHAx2cdXJsWAOaY2XSfjYgRHb1ZHL1jF3kP3bZ8/jcIfwC/sCA4gyPZM4TGTgbKR5az9RAzyMIWtOZJ4fU3PJGPZ52BCwPMInjc+iyaekpI12LamkuOKScsSkDkHLLkwzbl4x2+IMG8Qc2+bgamwwE1Vyxxjx+soSXfUDVa/hcrp/GdsgIF+kPYKFk95ZTr/yHyQz7dpLi3gQ0a+yThazsnbNt/wCQiyv/AMnG3ceW+ez8MGfauYsj4/cGqdztm4J4R3+oWaH1hNxO/cbvtnP/AIXQJbPsL97KzT2zObcHth8SMV4E62ZKjV2ADfYvN8lF+J5D5gBnrbLPq6T6vmfUHOWtOtqTe/MmJ9luAT4ZO46eTImJekDgLKf1en4PDt5vj/4H5HYc/LeM3yck+fI+db1kVd8VZHVo369nd5lvz5gzyIOFsd/Vke2svu2XTyVMQZxBx3shgdiEbd0yRBkeGHOR4jchJa6fF/1ebzWLrvUtOA5n2ImkeI3d/wDbMHw/7bPf8JLF5Dyn94adAT+Fb9HJTSsftnydoYhOgZN7t7YT1uhpbLhy28dsR3ISHkTun9WFNxuWRd7kVXeSyPeQ/wCUYLALKPJEkk+zTEhVds0d5fJyucfqzkXRcW/jPwONz8AkU/B7L66/qfgce7OT9lWR13w8/wCynTdkd8ufH54+fwHTyOmQZEhC4Nh/sG/uGqQMVf8AYYCCyloSY8st+V15f1LDtluT33l0PnLMU39Jh0/EIfYrxDz4ixvthbfIn5Qkj5l2kjztgjoc0vFiw0jj5t4h5dFj5tl+i6kLvZaLp9SKr2//AFIAjFByD9WbLltn0sodwnaoPONv/COyAGe3SnYkHo9tVXH1Z3ez0nGQNzR2JGtJhKWcgbmWW2/hIELffZSwE8fZkokfutUW5pKVZ11lVwd9tKb20+Jy+Y6ly2ly3I1YijvxGZJryG42H9lDXkf3C5GE6H1aYO3Iy8XhPfJM2BWyO303xGzMus5l1dP95C8xM36+ZgD48vh92Tqk7n2BeinbW/rLEKEg3/oYTjl9AYI0Rk/JDpP7gA2OJX4jwsq3FJYOp9vti/dMS8tl3yxVpn4Zo4z21NP1fNfiww8xl6fVnbr5sseb/wDAgfqPLCPE/wAYvp2CPWWD9R582f8Aw48j9ydvn8LhuH+yrrByVcv9y7A89bqbDra36/UzbH7vVvxAsGewnxDvkGmQ7GRhheKFnkPSTEA+LMMpiu2AE5s0XLmvulCdXTDOJchBDRgECGmsVgRPsJg/ugIXswCQTT2Z6gbGOEjOWJlGOyy7PvJqYf5F6Ri2jk2PEScQcOoVsZcsvN+IdPp7aWvxYLIkWIDy04PLRvu1rixRjGx7e8kyPiC8viT9fjfuQH7jXAFsN3yHv3D2CMSmCB+S/qXPi2P7ePZ5L8vk9NOxr2zTXhM3puvZLzlhJOofbbXyyEHXWHyvZ7JIRONhKn4wy/ufPOyx7eu3zBl2QvKhLPifbANoOhY2sl2GsCs5G8BsqGuXkyNsEa/cq4WZ5kJ05DRl0mVambZSt+WO7qzCxJJAELK7Cati42f7fIkdCiyZELY5AdAy8LRHMMcBbEI7+rJOfu4QD7hTfDy4Sivjd/8AoQdKZwxBhwjOjOGhv3KQqocEPswdkJjyMicR48jvzH7XB7YoHYb6L7B0Z6nk+CUVwXScxvfiED4uSbHH4YObv+WcXz/9TT40bW1v+35/9lG/vWXXTv8As99JEjIHk48n6W/S7Z9xH2DJsSYJFnwsQbAAvZJ08unTJ/lyFmtm62T6ykDZD9cvCUGMlWmbOmLljqkPfiDCt434lOfty5bvwJQDEfwcgIkSpm8+pAasBuifuskHe7BvNw82eNnPei4iwhpHd4hdwhEzIA+5cfjyLDZ9Il35gBNN3UOgeQkF7GhB8xJAoXDnb+TzMH5QJhGPshb/AKurTt3YMA4/y42t+Y8wQOu7YbmPOxJR3v4G79kZndkfJwA/bjM+IL8pC5vyuge/dvunsY8d+4v1YycE69v/AFazPvZSwyN5+QB2OkZ4bVjsOAZ4NjQO3Rk3XFjwI3CxwBX+2ATGLpTOG6Fi9gUJgclcXGm1D8W+XCITCWI6h8gLQOs97eYmN5rsmUN3UZnoQjwkSGThx/yDzQRcKjVwIg65/ZDpT+wccf7eAYuIBkTrGRl55J+QybVQK5e5kv53zZnRkce5HBWRtQI5jGAUk/M3JumpDks/DChR+TEjx+0G/GMNO28TR/BfUNuOiQ3cy2Y49lIeC5kYSH5tA+A+djQwcB+ZmI8Cha8WsBktLB+LR7BvsCoTDcL57XfJ36unpZ2DPCXfJNll70yxmWMiMBI2SIRPmF1ZjkHex1eBF6fLBqyBijCxeIsJ2ILMe5dhTIwMRPo4WE126tuzbHEHE6uckfJPaJB+HIYEaR9hBPygfKD6WjWxwXHNSmzcgTdsUeThvMrmbMbI6+H92iiv1b3ggbOFzAMFs/8AIdIWqZyA7UOxAsBljNnT7Z6uHGz54uR4uc+I80ljERpD5EEG31nJ/YOQagEdOHSTFT7d/wCQK3EfO+RkMXwcmh8mPlEfEfSb4uHfZQzO2h2w6ew3lk9kLi2L32O+eQt7B9Wr0tx8vr7G50tDpGHtk6th9xkB0XETEedtPosndP5ep3/lg5/E7ANT+7BB/cs9egg807z1aQPZvvqbikvRIwK0zxIZXr5jKacfW3/+0hzt3h7CN8LGIx0cP7JecSW+t/dlYcyL8kocxvkC6cS4kyTCB0TE4/7BGHCzCJB/EWd4fzduMNGZp/SFL2CxbaOY2Z0p83K5PkOjIb7AL7LEPH2+MfD8AI+/xDgMmV+oEfbrX1gXfHW8fB/kMYXgMGXWj+IB0/ttSCa8NjOh2d5M3nYXYLA7CFyCbN/DL7O2Px7M+kC8l9SQPPI7yQ3aOW2mdhrI5kCRQ6MvXt+9/t5URROrV4ZLhI0xtwCvkWUrrmf5dlVgzrCwc5m9llymRGgsQpeLMLqB9h0+oy+J+70CjsX2+M/EQd+LQHFkjH+wc4FGxlr4YuZpPRqCWLYUUj5h/WMv/wBojBB/NlDwJbF5Fae/F+ithRBet7wc9tuNQ/iJn0mlgkQxk5DvLPQ4R6P3ZhbDl5YQfVhxuwOBr+7YnQ7K8QYHslbF6psfAFkaeHwWqyb+ISrnxG+Yc+YkI/5B1C8oybKBunDbGaEx6j44F8IZdOuEt9beTZubsQdZVPU9hAUUV+kYnpLyk7NL1O3KE8QbyB4PYg2xNP8AtkBZ/Y+T/wC/in1kw/A7+oENkQ+UQDD+Rxgr4ztu0ywVZsoPgx3vZAwH+Rm0SQwGB4YA1Z6rkh9JejsN/S2b7FcbI0YfryDe9s/FjwLf7I/ZBbsEwuzo5SPYBOb0WbDj+7goMOpMfm3GeQfK3g3SfwRZGM9/B75CxNcv+xIYWGJEwsPvy1TMQcPiN9L8sqRqlgPD9QDN3WIF6TlAZJ5YR1AkkHS+9WF84wGxnIz2bCacniQJ5fiXUfI+lsL7Ma9uGdutfFrEsWx/hJ/qIjnGwMDfu14C3IB+LOEGG8DC6DkLqP8Aix8GWMNIhmK23qYm6JwJc+LqmCNR5z9TgBkM8H0zQPF0rH6lI3ZkByWLW9RuYLJotEhoeSczY+e7dLeSQGm0N6/Ul7Fld9b1bPca22Ju26wXMsBnnGwGmymxZyE1MYS27e/Uh5llohmNh8UgHJ9RZmeG2AO+kezqRHq2AEHy36Ia6WeBdDnxEesjGt7i78zJnsrtcu4YUvETj+31EY9Z9uEluuS81FtWPAvW9hvbPAvLqbZ4GDj1HhmSnskZ9RGQxAcJOYusKH4RAvwREKDIQbA7+5T4P7BuGMBa8gclxgbY4c/yQ9EmEyYMGQDTM+bcH+QnkXkA/u6HB8mHQ/DlnlmPK2YDYubHQq5LHvZE4qXyZqzTqZ8DYvEu+Qb5UCTT428DstakzOGwfGXCWcSeuG/d3eahzOWqNjyGOZyfoxgDh83XifGLVqrwNx5bzvzdn1+Aeey7sukuHzHvaAP9uWPrPSkbnk3vrDjF2I8vlfLkszfEm43Yj5WFu26jtQCQO4wgm7V3k4Ts5vSP5cN2RdSBd5DHoW7vkfnV6VCKmWaDJw7Fj6LlaYScf/LVn/3lYP8ArbC6QOoREzx8rKimkd8HPgmzozK15GxQ+/qdB+OrNN5XwhP3MeHfCH5L131LxWVBOSR9ZH1QDo7MeoB3pt3CWmrcVd+8WkMk/wAn7EYEDP5a7lnE/wDJM/8AzPtwknDX9QkMcnLjHk8k4EyPxctcOwrjnbPfEiJ5yc+5HxK0ttrPSEemJNsS8s1nAvIPfJFzhF9iwbLyZnYZ5CdexrrCyYNszjxvknJoGn4pkj2IjwlO0lMl/tu6JBPofqGIHWw7/wARTE3GzvlKBST5i2BjL9tjgwUBxobGpDFNiDJH0LV15jGGpGCZaOXW+riCU0FM7tPqBxX8aXcusHd1n8HLCaWwwd/ZMuRMMnmA/tyfBZQuPmL2MP3AOyXC0CLPqQDhrFw1tuPqAziU3MRP9jkpKTOROXEcYM7j1YXyWrHGMua3HByU87C9JOVkHx23CJyvNu68tz1ILuDGDAYuMp/Y1fVq4BOLZ3XYQpybHQsffP1EmltcuBDjWWzx+7oeiR9BAOdlkNG2A6BHOz+rDSUkK3UolFukq0O3EPN+Jnzz9zHIdoJ9QRxAfq7oG3rmSkEf22mJX7jGOsI+v+SPSYDd/pJI/wDYIa8iHlIqAB7IBb/kJTDkgOrP3bhF24IH9bPrAkjQ/wDuAtTt7oP5b4RbR0f8t8k2cB+28g1+o04n9ihoPt6m342XGdtdmWOg/Aa8y3CgvtGwGyrztg4gD92WUWVyxhnG3YHLFwSHAD+zhg2BvwRfLSwYCQPwhCGF3vc790injkBQP/JMF5kf6KkF4/kdqH6h4JvzDdWPljLd5bof1eZRftaZHrMnPJ7fUxZjs8hzWs6rhyx1efcHUsrKb27/ABvkAlGIPkGHtHwP+SWAECjnr+1gTNsHBESdO/yxAD/J2Tf5F5xv7tmhX9zLfH1fGeXIDbCh2Lv/AJWfOP3cLp8WLRz7ks1tjaGQhiF1AyXoytu5yAxOYxhZAdZxRl80YRwOF4XLZurlIIxiR2f7HxXGCCWXqyyenJAa8h4nL2wwu/jmprBheAxXvLia1GNOwPvLFgzmOwwiDrt8htqtk73ZGRFz8GBLIwG3u+rWbcgT7LxUHyYg+IIbLzvftjRbn7s68QbFAGYGO8gg2Lr+Vu2kyzJPHzOLzg4f8tgNfqeQIQPb2ES7MONmC85bH4PmxD/uBwgQvGxTVjDmVmYeP/FrSxauP7sF3Gl2hk6ef26w/wAkOCEwHNNT/Z37bGvL2bxsQgvrbUR2K+jcEZDb8/V4eR75McT/AHZNHI8V22fdabySbTYs8QD8f5JwYvzy8frD4wQDS2G4dt8zjbGY2cfG4A2czB7HJztiOhCeyzEHDTf7cc0IHtP+2qvM1OE/tj4m3ZMGIXcz+zvD+bDO8QaKMs26zrr6Se7mfFnfL7kOxX6QVsNa9+rIeKcs/esHE79So/SagmyDJ/k2NwmhwEkwx+0mghv7iywzWLsvqFG2t3peDckPPJAngsE2NgXqRDq+LYnBtSHb1HC5jFs8zk4o6SURhdB3cQBgNTfSSp0j9t7jlhPU4vqaBLQGCoknTW50dTyZqWP0YA8iHDKtiz/yL5oQeJ9JAdmw2+Za1YwdIs5RJlk7fU5Io1GmdHYvxkNRdQYs6cnhyCDqnZSkTHjcEuDr2A31m9X+R2qySBOEfKYg67aQhZV9in/3yeqy8dOSQ1t1rkciJdWafS2w7O9Mjjn+pYPtmuBaUBlFOJaR0XDWv1YuGMT6gSKqw17yGn5vsYn2Cngsp/smNng5toXtz83gW8lLAm5CB6/VovY8bccmwYCTNLD8SMHCVvqF1gperHBFtbsspHJGtAgd6IsNIXIn+Stfb6ncTn4w6prOODf2Wkg3fghz5JTxyz1fwIyNBsRpGEBN9P8ATO9mQzpP7AhGWzheCRmO6h8nZhKR6/jQjLz+QcJyP5khDSkYhEkCEsXJbEpNsQyC0YxHBsA49RZoJJ2O/EjnKMMJO6bjmo5rmDdQeX0Ik5M2xBCz77j9wD+SgECKA6y1hJ/LfGfu8sCQYl/lgDtk6JMPeRsC49icBrIHX3gSGuxubmEvtP7+ONBDrPmAS+rmoLywlN0tdP1MJqE3EsZ+4r6LYPUp+okjm3KtXzPR8PiAA9Tvf+IoNh4fUqvY2STMYEfyDQcsuDyQEYfD7sx/icdDZ/gyU1cgM7S8vWf+wJSDsiPqS4DJVTercpOMmx82Vxj+o2i7TZ8mxhVIK97uzUzBpuDriNHDyx0ht9ovCSDGDrCFHjdAdyXY9lYZHKcsGdfu7HuQA2aRgb6uvjLIppLusDyKQvs39Wa3Iew9sWLzTyZZ5NMbLBS7nxZgCwDkOmhyI/yLnnlsHI6ojz7s2b2aNTYn6klBT1avMOdmLJmSD9XBZR2AmnFqNqh0Nspu4wrDjYyFfHLO+ZGkxOdurHT4sIcSP68+LrPZIddMxx5aosEudgj4fzdOof2Ch/kxtBDPvFBEzqRQQH1I3n+QukD4Olh5p39R4y6ia3BMEXvllW8szNtNahx7cGg/clnr9yc0z2GP7s6sQ2Q9sj1YJQSl0hTm2k9PuGBgbTCbAMn2RxjmP3eAO/F3Iz6vjEt0Z+7Gu8i+W3cPEMZkiGJCnL9JAHgSa2PBPIA0K3YcXBA0i72zB7cSjsaB8Wx4RXB/t1glhmEkGTdPd/UUUZKAYXlqIycgQy2hL8OyChz7bMvn4WuxkBBEwJ85ApdWzK0QMDr6vlBqRz4VvztpE1ZnlhEwrN6Tto7BRrSRSmt8T6j4MMjK2pBbi2wWFh0bM/p8whP9GKz3+rpKrbBUlCE+bWXLVn6IH8sS3ZvSnyMW+6tsF3QS4XloEhSez1k8zgyHIX7Nm58Qy/yERaIS7A4Q3C2fidg+uQNCAg2VdOQhpDF4YO4wEakvHsk2Ouj0hp6kFBmnsPrB7dkAzAIh3bPvxCpeJ182coDH4hJziQnZXwIkiX2MQ1X2AFBtpBmPls53y16YvGc5JvAsHGjnk0W18Rh19kyMTPqGI6PqGXN7H0fEwfpCCFPphB365sXwGpN5grAx2Z4TOoQoFB2dHPY1vjK1ONhTo7Ch6OEv8EGwCA9A2W/uQd8+XOT7S7MxOnX+Q6//AHkO8ZOcxk4d2fOsh5Cej5P+Ee/+iweifyROsa2dhmVfB2xHOSz3JtPWSRchtsp7cWIX7kw59g/7JiclP2JzlnUbatYDTmTAzM47faTVMbnp82+WRpAXXsWj1ZOdsodTvBmQN0ncFtfYC0hs6mp9PG3Eef2JhZZg28dz+w0o5f8AAkerPNkNmdH4svkPvxKbZz2viFuDD8Mem6tgp0skMhG5PbwHc9iHxf5dAfj4sDvkRbENYdwVG5HR3EiLGi7/ANvsTf1JzD4fUjUho9v3OAzozrbXFPAuyPX1BCA+2bBr/U6QpvjaP/BDi3jfI+x1JPFDQ5Fxcj4YyOphjhI4MtvXsQAwWrutmdUsHL6Cllu5z9xod84fqKQSMz1skSyOP8jPOWFM7ex2ahpJ/wD3ykVETWmsizAbHLutghyYyOs0HU+0kjcwAPf3kR3F/GH7CyATOaGyKFbGEwned5HwYw9OT8GXwBAVzkny0g9e3ynZPQLPij7Pbye81cnPDs+FufcQczs2bROkBga7hJbl562AX+JW1v2Lgh+gRFakIc7LyofcQ3y8J7zEoXPmSCfpdNGVC4u7D4Ng8cJsWd6Pxw9smfJAvyZbh9iHvlzP15MB04Q8wbP8XcOsrAhiGCnddthvHxIHcchXE1hqcadhZdLJ3mfFmgTmLgw2DMXpJ0Uk3WkYne6h1iAFsFzPqIaJyYPyBRfmIEY7wKNwIMfmFnrnb3rHkyTeFyBBZkbp3+yr/wBET1RNgaWsdlsbtQa57b6MkRxsvGbJ7FYx1lsHuz8HW0EQe7C+W4cfSJLG++lqH7tMR05ey8lDvJfH4WHTlk1UnBKLK4ebFBgQZ9Pmd0W3QSQoGyP4MnRcPjZaBwl6f8SaEfKKXofiYHOZEM5CgeooTpYg4eH/ACVbuttjDup9HwWB0kD1gSTwYPKGxG4ZYyTwVwhv0TNTctZyepyl7fwj3Fs2kYwjFrCYOIYkGtvTJbHo+JG+ksENvi+5q0ZBH1LGB9Wc8n9sG5f1svb27zjZzXlyDa2Oe5bhhZlvG/u4CgfHM7wf6su72K7TkBvUCMMP7A4EnHxD8ERRSd37tKMQ1ywM7BMLxGCdeJXwMGxOSaYcslFcSaWHUduJ0ST5UkjWE+ZvPFncgYr2XEO5OcTkrrX3bPMd3Z0vxkWd6F2DrpepgiRdJwfCsxoPPu2G78ckCWDpJqcz7kxHYKSA+Rkh7J2SV9y0G9LYoB/I6cun9u2aMMPtEge07N43z7mTNtD4vO7Jqbtrn8JQCaFp7J+BkqFJ3Q25LcsB+IFYOudbPzBNJ1zyKxo2A+EA66y2QH9mftJE2wtZjC8E4GluiORZ+EBmYGoiHoG08NsXfEDu07vi9cv6kOrn6smoP5DtfhhTvpF3UxcaIMqwzvttEHSoRbNQ4ivMrKeTh+rPhJ5xP3AidnDILqb9WvBsaD+B/knCv+RhQNkeFD0Hv2zK/llDSdgzfmYHAfU+fH9WKHHuRzvOTcL/AN3U4Z9MQMiMb2g/uDnViRDDLRCAvuNOHYxH6g79JeZuy14kblMXYJ42D95ODrBI91uELMuuBaIMLl0uT3s/uinYssidZB1/kbBk2vGM0/5AHnkDsMhTAtlOSxTn1L3OSUzBYbivzJU3Uzk45I+J9sHxH8ucov7kvRIBoUfqPIv3atSBOOSPsRxRlPxneuQR8X9tpxN4df5JfS3PYtmge+SZwz9E88a+ryGH9QADb9F7p/yciX8XiH/LgmsiNx/V41/5JYZ/pPTUD+QhV/kRwP5dQxmNTdXjZG5/t5+v9sfrZDdbIeE/cp10/kJ//CMc4fyC0X+WjQ/ZO4T+JnqE+Y0lH6C7KWaDDW8xfNvNNeEfJnEcO4blWsDmSAjSbAFycG+QxfsUTn6yXQSaJA5AFTt/HD9WH4v3ylam5BAfN5MGiIQ9JnDglFdhfRLhxzEr9nWByWhNNswJwHy2GGQGUU1jNflajvI9B5ZtPZLw/cMMN/sC1/vYUf8A0hOzY81mCX8iqDP5bPP8JZj+urYo/wB3uX/Lgi/24rmBZhslXJfiN6x/kron/YwGpMHefufFSwww/wCSgnOB9AyddAH+Qy+f8lmD5AGuWl9z/IRE4eOwvn8JBrYx+4LMk7IttCdaXbGBOn6WnIDnFfISbrsstMQ72zV8gAloMD9w0o3IpMFgakA11ej726NufHl09DPZ4s+PZ6HscA5cnUsyvYMXyYnHLpyW5fmVdAnzEoDts47dEZKmp5PdAuTz4A2yffu3ruPwQ88cZVPr82EBxI6cxG6U6EF+p+hz9WYuAfDL6+Pq8+T+y5gv5L9F9FtBf8tm8/tbA+v2LD/jIZgfzLsd/BOdv7PYwsH2NkI3+XKOfQSPB/l9Y/5IftB8OQD1Z4YuweeWncGIHlweWHpGHycE38ITfLxLhlro/g65L+r+YP1JsYOz+rY1+IGTnskbzZEQhH8Bvj3ZwHRAwGad1+JM6+8gmZYXRi7GMiBIGREkwzftg/c2LX3llx/sAnp9kgL+psPi54yyJCM9tmsD5sx5K9bDh2DOduLR2GeT+RPYvbhDqM31dcip6YHE55u+z7vgQoQNcAt16f1ZQU+id1kyI79bGGJ8Gl3cj9wHF/oRxgP2IH/wo2c4/q+Dcg3ry2NdQ7uM/AX/ABnBH1vYSaySlt295rhJzuQAgJMeQbw/Ak5GS7+PZYWj2fwtuzJfwluQ7P5fLTn4CiIaGdcFhKc+rNv/AHHfaA4uWcPZ+WhcKGxzb4WwGNgwbAHxZGOy6diDpDnPLsTy0e749tnbrPu2QDixbjDgZ2+W2Eb0bIBsAD4bLB7aHLo+kmzrZ/2Fm8ITqPqZLtn3yFA8/Upw/wCR4wMJ7z6/HByPIQkbUcgwB5fqiG5B8uWTm7YVy5tuX6zqaeSn5gU9hwEIHzLsf2fYNsx8hdF5fEFxDyU9/A8iN+Zz6lTw5AlsN73GN4wDq4Xm96ld4QIPiLzxuT/Yv6gxBGLj8C5aJ+Et5jkIDn+zjZk59Wc1tSBgKETZ7Ojr2+dF4ibKHTLTxPnkeocvPNM8cHY3TxLZTqzHOQ3OJ9Z4/RLkx55DnFd+5sd2eLrYez8/bwElgMuX2WECEJReTgtI8tJxgnzB9hLu3Pi+b++WD5MSuM/FOHklZG+', DATE '1996-02-02', 'Cádiz', 'España', 'séptimo en la carrera interna de festis', false, 'ROLE_USER')
2017-12-20 20:14:30.929 [main] ERROR o.h.tool.hbm2ddl.SchemaExport -
				Duplicate entry '17' for key 'PRIMARY'
2017-12-20 20:14:30.931 [main] ERROR o.h.tool.hbm2ddl.SchemaExport -
				HHH000388: Unsuccessful: insert into account (id, email, password, username, name, surname, image, birthday, city, country, bio, privateAccount, role) values (18, 'damian@example.com', '$2a$10$Tt.xX1i5lzepgcLs1wNH/O3EqLA4Nxy8pPuhtB36Z2lEg2TeOOY7.', 'damian', 'Damian', 'Vázquez', '/9j/4AAQSkZJRgABAQAAAQABAAD/2wBDAAYEBQYFBAYGBQYHBwYIChAKCgkJChQODwwQFxQYGBcUFhYaHSUfGhsjHBYWICwgIyYnKSopGR8tMC0oMCUoKSj/2wBDAQcHBwoIChMKChMoGhYaKCgoKCgoKCgoKCgoKCgoKCgoKCgoKCgoKCgoKCgoKCgoKCgoKCgoKCgoKCgoKCgoKCj/wgARCAMmAuADASIAAhEBAxEB/8QAHAAAAgMBAQEBAAAAAAAAAAAAAAECAwQFBgcI/8QAFgEBAQEAAAAAAAAAAAAAAAAAAAEC/9oADAMBAAIQAxAAAAH1TZhEkLGTEBkJsVMEABMIE2JjWMlIQwTGJpiGxMATBDVAwTYDTAHAMsTE00xBpiGgAEpIIziRU0kSaVDFSkkBiqu2tMVN1ZAnCoKxEFJ2RjJqiQJTigpMhJoBi9EYgDli5CJSITalTZYiSExwmAmNUNANiGCYhsAUkJTQlh4desPC3ntHwuoaRghuEwoAAAGmIkhKSBMBMIgyKmoRJWoYiGCjZWYIWRqCnGFGTqttCUikwEKSJuIBIipJekNSDTAZKmAMBDYgYhpBpwmNUMFIABAMsHHOuuryHmK9p5PhupwixiKs2862PT+g+aM+zafkn0nLpOMgBLJAgAMASYomqAEQEJpwAUJoJJhXZXWKMokU0JSVKM4iYJEkyuTATYk2sFNHSAkTUiLGoDhMABiGAmoBsTAQwAYhhHgnzXU9NyeW6IyVIZDLI0h2FWipkJWVEvS+a6cv0u/5fKPqx8o7B745vSBihgCTFTBBNAADTEDEDACnVbUYoyKgpxhKQKMkQjYWRJMiNqlIIDBKaN7CAYDTEDVSTkEwTEAOAaAGCaGV1Vpq835yzHyJRpgElZGojmtlQyVj1JzoQkXPSzJqqmbeZVEvszSOx9C+Syl+1P5N6SPalNwASgCCYIAAATQNMBSoqtqjGmaJBCUgiNkSSEpFRG7EpKIEkELEbxkJMBjABWBCGlBiRkmCaGUTJGXjF3F6vk7FwnGgaJBKrI21xC2uVVW0zJdHmTiqVeyt0cDJ0OZQTkVS0szK2sAa9X6T8i1yfYjkdeVDUA0AhRpohgAAN0qbqTGpIQykNIAhpiiYkSQCaIkha3JJuYQmOhMhpigECkqSkgTULmLmV2+T5zz1ehh5tGnMNGiVRHIhKUTTSEQQUnKyKzVenMlpiueWnpHKs9LwzA466qn2KDjwvzEooJII6H1P4564+hIeagYgAUgQMTUqTTDPozmVMqI0gpIBqgGoNIAQ4TREYqhOJvaaAyENgNKAQIYk0PDu8wUdHoeR1OFydGYi0EhMZOFXxhoKYuAOMgtt7kc/uei6p5jZ6KZ5KHrGvm+l05px/B/SfFHjpXZjbDLbVauRSSZAYpfQH1XufM/peYKSlEwBxGAEoypMQZ9FFZFIIsERJCGxKSBjojNERqENCUlW0ZkAwQ6ABjUIaUQ4r872PPnoPnnp/nmoVtU03EWipuveYzrcwihj6c/bxzPRS1y2XU3FjTIEiyMpsyeY9bxjwHF9jyjztl9JO6i+q69GYcAVDRZ67x3ck+i7/IeoW8DIBiTBSTppqii/OZgZBgJpoAxJgSHUVJQRlEAKUbIG8ZCYCGA05UAqUooOEjm8Tr8ZPOcslWaDBSSoBBJM10QtKtlPaj1nSz2w9WWS7dOPRGkpdXOudk22U87p418l570/lUx06Gc+rsYaztgkKhpyqyBG36t8e+snWUlKDJCMkMChop576EyMAUkoNAMRAxoATiMAiNUKUTe0Q00A0rTITAE0Vk6Th+R6nnrKZV9w8zG6ipISACym7CWmvpQ+9TvNtuS2WdlGqL9FNpbONhOSnoSQkcm2uXyPmfceQriwaSahTSpcSUUxMStqZ3fpvy36hJcRnKJkAFDAFJUZtWVMrGJxkAmA0RYDBiJQGmiJJUJhtacCkKk2iGpQAQIOV1fGmHibuHZohZ6w8NX0eaAFEo2krqr4t6GToHW3YNojPbGroZN66LamuuWVSbJcrNXoHxNxthCwp5Hars8HxPovjjhY9eAUYyoTUrB1J21kvqXyj6FHqL898SQxMLGmSpip5deOzOxQDkRGCUkAwBMEAAERggK3A4BoTTgGERixBlXgPZYzj+b+n/P7LtOjgpzMNlVqkmK6rRI7qp26ury+nHe0ZNZiLKzpa8dkunPwuAey4vlaD0EOV0a6HpeL2supr5uk6BXZRz+k7Pmnnvr3zU8+tOaicLZdET39cL2OfnyZeR6HmS+7ty6xiYAUNNAAMmzGVIBSTUGkQAmIAYlJDQxMBJo2jQSiwaJWmgjJUmhOBsxdaWPkfSWHk+fZGzzcZwEBRqzaUloz6yV8FL1N/B3HTrxwOzycmY52fXqMF92Y3d7gbj1N/G2m3Tzb5e1p524ubdi816jHXzHz/s/PRyNebTb9J38W9PR34uoeKl0XLyPVfL/qGaxiAGjEiQnYZNeWM5KIwBiZFiBMAGJSQmACAUkbBgJtYkkiYSgAlLKcnp8/eZt00ef8Z9N8xZ4Wm2kYFLRntTTqwI6MeUl6t/HsO5DB0Yvt9F0zxGL1/lDj0WwKd2Ur6Zv5fp5eH0OnamDbKQSaFER5Pxv0r58ecJqul6nw10v0j1PzP1tmqnrcyXxP0Pm9KJoATKAaAAZdWQqTQAADIsABAwBACYIYCA2gAxKAI0wQ1KRkGe6UQEEed1Kq+NUb8Fk6yURaKaskVysgQZEn2+D0I+rdTkds53H9HkPmnN9b5Uv28vevrux5j0cdHRnvJzquskmipTrMniPd+KPImqos6ff6B4S/6N4Q9vowdMzacHQlixVJJoNFNxcGTXkKkwEwABAAMEAJiGpRAcQU4m1pgAoDhA6SkoQARYCUIsSp0+d+b9F52x9Pl9OOWBWh1yKq5xLd3M3GLZl7R9B7/m/Rw42Bh8j7yg+YbfZ4lzdPLDLr3cfYdLRh1Vaoqx1yrKvOej5h4DD2ece36PL9BWnj96mIhnKtsZSgKhggMExkcezItSkhA0GMSYIEA0CYACpMSKkjcwAGqBohkqEANABBVajPK808P4n6h8qse7D6k8v0Y3xyn6HgFdilRKytKfU+W9Gvtu/xO5DcWSRIx07q1w5OvVHKs01l2vn6V2uiVzKIEc+qo8Zw/S8s9H3uD6MmOkPnV/nZfrV0ZEkIAKaaGxkcmvGlYmKSlCAoSapSESZCAoAECAYbGAAANABKAAmQgBoATKp+QfYvlNnF9T5W5e9q4lie35nreIfOJES6LiQ7HG9CfQerz+hLKKrsunmsLIEBqU5aM/QVcu3VCQmy0EwhYjznP9RkS/p+D7B6LyOLxCv1HmPqx121A0xMKaGAnEcmzHZVKMgExpqVCdgCAAQ2JMIk4iHEr6fyP6cbhpUCRgwQStAAECAACr5f9V8DqeNs39SvL9m/18cz0e+g+WYPSebtnFwkj6ny/ZPpPU8P6iXpPn8k9ND57ee0WbYQvrgmyVF9ELEUxsrE0xgCzaMx4bqdTQvg/N+n8wmv7D82+nkkyUTBoQwBuLpY9mMgAiBgpRVNCMABSEpRGhDExAj5b6jxHQPr6z3jAlABphFgAEAAgKPFe28nXj/Qed9NZ5L6v8t+vSuEknk/AfWvl5niFsbqpRv9F460+h+fzbou3bunGi/HOtSzMvvxaauikjhKIhoYIWa7JLHTl1HhvJ+3Vei6ilAChtNQTsBgmnUce3ERARNkIcaBsiSiAME0JyCKkhRkj43Ktn0v0vy36gSGiSBRiEBDAACE0U+H0fM15TVwvZ2YV6/JLze9b1or8F9C49fKY9jkWRUkRUoy329ew6XsfFeny6U+QzoYoYDsX+L79ejlg3oRChOJKBVK8dmU0ac95xOvimdYCgCAGRYxOLsGmLHryLEAJJpFsWKahMLBoGhgmgTQk0fGyu2yX1D5b6ea+kpkNAgmlAagFgMEBGaneHh6/cePs1+l+cepl9BPLrEEjlfL/snn7Pl5ZUtbbt9Ds8rCTr5cUDcqvRHB1+67p4bo+uoMHZ5mrLTKqVSQkjlt5E1ZVw/Rp0JtVQStq8TQAlBpWJommjAqGbVkiIKgGJilaAIyVgDEwBMExBRLzS+BZOyN1BH2XZ5D2AhoCUZUxiaYmFCZESSAAUk6TCGACA8L4n7X8ts4rK7SNnYOX0+rrk2+i43Ul3zwROhXTIgSkSsjMImEr8teifref0yyucCu2mytIEikFqGpRoRidgwIZNWUi0xDBKQRAGJAwGpRG4g6rOEOOLrL8pnJpozJnoPp/wAf+uFyESTUoNWDTlEMBMGigCAAAYmMQAec9Eq+Iw9Z5SyXQ51sde3i1L6Hf5P0Eel14+vFls7KougocI4Lb/OkrIdO3Wi0QsWZEIuKTcJg0wBQA6GmNDK82jOJNK4tQJuxACGKJpAAGZTLxFI0dDJsr5rTTZFsZOo/Wfkvs49y0EkyVAwAAABSENWACiahuLAGo0rBNFPyz6zgPjz388npx7Tf6Xgd87uzma43PM4srrykOAYK6Heo7Nld16MjnAsQSxpvoOiJ2ANRMkBqgAbQQyas5FpyxQU0wJREcWCAE1Ij5fq+dWd0LDqaCs+Y201WaaFcmfp4LF+zWYd8JgACgmNSSJgDRK0yxASg0DQAIaCkBl4/5/8AT/mGj24dFdTZzSPT9DyW6PVx4Sjs8Ln5C/vV+k0t6NOuxRsjGWrVWtbZEc2mg1XcvpVNADRDEWNDBpkMunINqIxMYAApWBYRklVVvBTm56tFui/P1F6vN62CT5KrqbNNSvFGDPY+/wDin12NwMQEDTtAEGgGmqaAGkGKUYhxaBCpqUI5/wAh9x4elZVKtcs0pdVvPinTqw6ifar9Elvczb1tugJNRrLKSKuDjDpnAxSMsdvR5bj19BOL1qsGkBMYBXl05wQCAGwUBIxA04y5vI9PjWvXVbZs7PI7hu5HX40nyUjKpXVOLqpqo/Qvnm6Psqx7RDUrUlQAgxAwAErAkIstBEClAdHl/D17vynHpJSUqi2hiCTjIfU5eg9/1vP+rkq2ZZLfXnimyqqZZKq1SEowq511nhOcOqruny/0csR6fpec1HZKrbGhleXTlE0UwIbQompBp6PHr89HHjXc1dbRuTb2uP26n5z1HlZPl84SHKFhZZSUpqMeu+hfMvphZGSlTFZJAAMGmRBLIShoKYcmOh8953EqUE6SaJNMYNQYiYDlGR0Pe/NegfTI+U6EdWdOpLrIWEZpqRUUKb6VpnCxMPo/P+gXgcLqc42ac1sWbMQd2/z2yzoZLIEWmrlAGIGCRuEjP47s8CWVlOq3RqzdZKu95zunQ8t6vzCfKWmO2qdLTmtIyhOO99J+Ve8PRAxAAwEMABUNDRgN/O8l5Q9L5WpUIStNIAUmmTcZQTUyBZEiwLL8+k3dvjdaTt7+L2DZZVMshKJCNkRwsRQrqDB3eGpeVbRcaLYzLb8+1ISlGq2oy32cl11ni0k3BpIEFVnCOPnE1ZqWipd/HCS+3fyz0fmPT8CvkEp1sjCVzhKicWaPUed6MfT7Ob0xDQMABiT550cHjfMHqPKVC1k1UFJEQAQxDSg0OdciyyqwukamcNfRzS06c1ldjqcLoydzpeZ3Hcv4/TNjhMUJUmhzCnm9HiFOQzS2bqNaTvqrXfLBpNluC+pxjCQdUrSMZk7BxKVDqPkPR+aK5m8l0cuo1XZrqvtzWnQw6keB8b9v5SfIzv8AAJiCeii832xsj0Psvl/vTqgAwHVzvBnb8lKsqVqqKArjZWRjZFYiZEaVsJFGaVOLslOE10bObqToVW2y8yOymqtLtSW7HfJ1+r5veeh18vfLOiWM6hy+cdTi4qy3TbqKpzkUX22ldqSScGrhbCqZWVwnKmr1CRO6hmiipnOyerrPObrhMFu4XLn6WQzer+b+yOvFpOX8s+z/ADs8iBT15Np0NFd8U+k8/wBM946+MdXyPAykqyIokqgWBVHVUUxtCqNzMxcLQr0VEmRc0sKtiTJKUVnOpm/Xx5HXyU6JKpaZmFdXacDb0ZnU6Hl4R6HFyq615zaYuzq2RCN7iFVsR3QlVirCyFaLZ5rCSiiZB1dCESV2WRdSo27L8tszZi3RXidHidCutXTceayek8NL9UixleW9VxD5QTVG3Lsjo6aLiu2FCdjz11Cka7UJySosjTq1QXPOdSVubWBKlIxsqUakVx01jr0wK9WCZtpt0nIj11LyZ9FVlt1KTNN1mx45GiFdop6ugcvpbdhDS+cdSnl3mjoYtsUqdRfbkuLq4MjKuRbOiVMhBLoutbISkVTjYQLKyUlKnfVcmXjd/lLtuxbSrw3vvMR7RwkkuT1eWfKIWxSWvLqXfdTNFTGKypupFqybh020jnXcUV7K6qd10YI6YFcNitwU9PKmabaynXaTVrirB2aDDu5+wp0WYjqaONedufN6CVnSRx59dGG66I9XIqOrmy2lU7bxaQNjosliraTVLJJbmTQuy21ZZTQWFYWSqibFnmilCS3RUDS4QLpK0zV6Q5HQoup87rZYu3eY9OhzOniPkcL6C3Xl1mqFc0JK9aq7IFGnP0jPOvUV3Pec+OkKb815DJuyLGyqywx7KFyV30CvhM0Tp1RDRjtKoORsa1HDj081ZNE5Ro2c6xOlQ7imGmJg03IrulMrd7CWisndW5RxtVFtKX3U2EbaLyDi6We2JIdBIgF2nBfFjo0VbVZSWXVTqeeWCNFN3Jt6d3ju7HA+ifJfrCSzaabPkWfdzzTpx6I0SxbjTKEjDMiPr8jrnPlXSdfZyukTjblMmvJK3Zm35UwxkFuW+JilbYtFG+lY68O9GrlGaNtJrvw6i3PdJMz0yMquRZNWlcbEM0Nck9UkzaHMhOy4hHRCWpaEQtnMrlJ1CSRZGcjM51FkIzqqVlEQvzXl2jPqqnHpym+YScrJpqXrcPtYLfNyOWvL+vfG/osx6yE4nzHhep8rV0oIe/FWd3fy+9HDzdTlGrpczqJzud08Vuzped9AdbHonHMhu5a9HJpgmGGqCqwurHn3Z4rhqFwbaLUvtjYaMepGKx1mu7FpGpWJOpwJ1ypN5RUbrMFhsqjYRkBm1FgqrpLOjXmgtLDLbfKzHPVNrFDWkxx0WHOnpz1pq01xkhogX9LLtOXGNZ28VuQhnTXr8vqYE8/yPR+eXiek81tZ+wvNoPF+H+mfNRpOrqdFJZ6rx3ejseZ9X50Xf8/6M5mXdzawdzi3HuHHRHM5XoeKuizPEvKkmeyqVEZqKIamuOrVQX306yqdoU09KhMm2ma36I6EyF9ascEsjC0nECnXVoWI5lc6rYtUaLLnRpWc674jOyqkJlGhMrevKZqLstdCOjDFMaMx6i/BaUPNuI44StJ56zrcjeScDR5eS8sjO5+o93559DlwfJ/sXylObOM60U35i2jXlPU5qOrHE9V5b1Zj5PawHEr0c633O3m9qTJy+3zjEq0t9/N2jzdSlITqmoJpnovYXxatxsJRUim1SLrs2mwdblmqwnUpJDVmZfbgkbDBaXSqgu4ptC2qk1aMdhrpQKyFRfKq4ujlsK41Zzt4LMRhWLGvtlizHVnkzpl6fD1W1ac29NzUTxPL6/FazibPQ+qfHfoJ6z5f9N+TyYHGVbcnQwEwiHr/ABXoCj0nI0Rs4fSwGXkdnj16n0vlfVyxx7MJio10GPbRpN8KwovxzSUM8ySIGumSC2lFpOksZcuPROunZJyTKWTjnlbKmJJfZQza+el6Lx2Gx1NJ257FtnCs1Sy6C4rmLRRcRTRXj01G7Fu51cLn2Uy+gzQmvY4vSrueffflWvpYbTpypzFPmPpiPjMotJ9/z20+n/KPdeDGmJ1c03GSyi6qJxjJ6DTw+6vU5PT5pyuZ0eave9j4f2JdlMg81uVMVk7FusnnI2SSVWzkV5d3PrToyzhFTLZZtBeUTHCdgUa0VQlYVKwtyuyuLtGXSFOrIS18/aa1RAvTmjVqUuLCpWwUukkgy8yZ+jlNXJ7PIt83lcDdtws6Nma1HkvzG2iwXZZbA69r2J8ISkOcUdnk21IwRs1YO9HAFOq4zQuvzJyepoo1Lw+d0OZXS9v4T2p0MevOYKlXKQbNFc2KkuSvTnvqGeyZFkJYllVOc5pRfZojHDsaDg3eg0V5ePr5HkI+4tPDafZyPDy9sHkKfayPF2exceR0eoZwJd11wH3g5Vu8MD3hklqDLLSzKaIFDtmef5fq0vzXB2+IvQrqC6bsVSzbk3ZrUne6nI7Un5+kiiTib8mzOtQmkvQec6xnydfjxbTONbsemmOrt4PVMHP6XOrR7fwvtzolqjj0bEYDRYZ7et0zxdvutZ4S33hXj9HqA87Z30cvVrCouEgTaxJocZQGEiBIE1IjIkAwiNgSCEmIDaxGgY6IyAE5GmLByRRzOt5NfEIY50dlYRtpNmvJai259C7tvG6afFpwYrK9Zro6VCcmddhDXnivrfNegzScRBUehzdhm6OC0uxaM5L3nhvqS6LO+JwuhfGKiyknZTaSalUkwSmECcaUk4BA5RkAAAhQlEY0AMcoskDEDGCG4tG4tWkDaaDi1aiE1CRVdzVXS+e+5+by8yqvSvVdOEs1VaLJ66Lw11bIr2Z6j5TKVaPZl0L1nK6TzSuorRRqqXf6bw/r081n9L51YRcDVSnE59quzk+08b6I+ruFpmp01lddlMls6rLbCLHKMgcUTIBYRS2KATUGk3CQ4usVVtY1VYE6ZFqUTS6rRxkEkADYgiSIugTG4qJodRlEjNj3ZTL8s9t41ZdTKlvz6Nhmt2xsLtl8tV9c0fD9FwI+cShfRODO7dXrjgYe1xks14L6q0mRfZ87D6VPKZ+jiMrnWehnyuocrrcrpn1vVythfU4xRltxGu/n67b4kYsspaTEU5QCwiExBOIwGiKEQhJxRaqKsnGRJEYuvx6Km4lTIhNwlBGcBuLBxmELawnTbSUoxTVbx68ZhyaJdeSnWatmfrGTr11mmlWS6SIl3Ow+bt85ry6WahNe/qhtk5fG9LyTkWRS9TPPpp5/0HFgeq4PUZwqdFFLscPcWb+brX6N2PN99NEqWQzas5XrybSMALZRIscSpiiTcZBOEyNlcxtOFCUKrjKsnTfEjKi9Umod2eyy6dbLHUi11zJpoTQRZEsqnArvptScSK0fOvSfObq+Cgmvr4+iX2ZLii6GCO5XxsK+g4EMMiSjbmlFpGcLTu7M1Enb5ctx5Knqcol3eFdXU43YgczqczcV5ujy1iiJs0czUnu/VeO9YbEhVmvxpboz2FMq7DS6bYm4qrVFjnVMnOuwjZBk4kRwlErbgSdZFN+NrpUIlzpLNbgjRXKsnZRcWwlEUozIMkKM0VElZJLLL86891N9vLtMK9GmzTFnV5c0v43V6J5Tf6JnE4nsfMLxYuJmmDKkB6nphGLOBRwQSLC3q2gYsoS78gWZWCwsBPY+wA6FgLDngmgCM9oVZIBRAtuBUwklaAkFTQBACpgSmC5qQS4CWCCrgEtkBXaEX0hRYA4gTQVXIIXJCvl0QlruC3oRCXb6AGdyCFADL5wF8xAK/8QALxAAAgIBAwMDBAMBAAMAAwAAAAECAxEEEiEFEDETIDAiMkBBFCNQMyRCYAYVNP/aAAgBAQABBQL/AOHZL5se1/8AxEiXxY9z7v8A+IkS+PHwP/Du1lNRZ1muI+tyyutZKtVXaqp5/wACRLz+E/8AAlKMVqurVVmo6lfabsjfdSaKtXdW6usWRKOq02FdsZr8yXh/6GSdqiazqzgX6+65e/HHbSaudE9LerY/lz8fOvavym8LV6+FBPq8279bbd2fux2T4I4EsvQzsqnTdBxVsGLn8mfj8N/lM6lq1RXbN2S9zXZdn2a4Iv6neVKy+d8fSdWsvpdfWLDR6uGpj+NPx2x78fE/yrHth1K/1r/axeZeEY5a2jeTIhrkp4lqdUpm9mRPD0uqdWop1lNqWH+LPx+A+7/HyWXQqV3VDUdSvmn74LLkV/cvumv6xFcTGZNEniPbHdSK9bdUaTrBVbC2P4U/8r9X6w/i22S1mpM89/2+8OG/NZn6pP6WVrM7ZqMa3iBLn2ZM9s9tFrJ6V6PVQ1MPwZ/iP8Lg9as3Jll8a4ynZqSfp006nXymvavPkfsT4j5lLtU8EpZe7iLNrGRRg4OPbptRKmWh1Sur/An+I/wZS2qO6+TopL7q9KS6grLJ9Tk3fdO6XuRFkvdj2JFcSWWShgipmy1noTxsx7tHc6rNNcrofPZ+I/wdRdGI7rbDVTuiSlKXxfsffAomxnpZJwwKGSNTKdI5Feiw9Wtk8lU8OOp2lspslMz7uk6txcHlfNP8R/gau5U16eh2TvsSlr7fUvl7kIx7oxyVUORHRi0e4WjSLNGsx0JXpUpKhZnFQjrVumxPBCzBOW5v31T2WdPv3R+af+Jqf79VGKS6lbsnYsL2wJEGPx3wQr3Gm0rNPpcJVojA2jhk2owhIvjk18UiUH3SybGbH2z7elT+qPK+Wz8R/PPiOje/UTnsWp1ClqbJbp+2PAzAn3SKNO5Gn0hTTtERF3wbe0kautMui2TjhmRSZljyjJx7IycX07V6jGn1Mbvls/Efz6x4q6dPZPql6qqcs917aWmWVrDXZGl07nKinZGAhC980XVmop+q2CxKJtFAxCI3EePd0zU/xrLZw9WqW6Pxz/Efz6nmVf039V1Hq21Q3E/u92cCt4ZgojmekqUYsi+ciF75Fhq0T5JZMSY4tdl785WnscbKOa/jn/h3P+zWP0CT3zUuH8CMCiaKr6q+EIyRMmey7Lsyw1US3zli3Idial8MfPTs/wAf47PxH8rMmrlst6hqHc8YVdW8lxL2owJEYldOSitRI9twuSIhdl7bUassfMpGTdgckyWPg6PRG29fSvjs/wAJ8HU7Vbdcs22ra9LHbTb9/tQkRKolUBCZv7QEIXZe2XJqasmoq5ccSMol8DR0u309TF8L47Pmf4mvt2Uyo2U6fE79Y4+rH1bVODg/YhERcOsqlxnjcZ5RX2j7F7ZLJfRkv06RKKJxwNr3pdofd0+z1NOvjs/wuoW7tRq+oSnGEZWSv00qV0zb6evSWo9i7R7VIhE/T8xIEeOykbh2E79pLWpENVkjcKaY+zWS6nctVpmSJxw/bgxxjt0iyPpi+KzuvzrHtrjVLVWvpVddNMWrNc5ejpcRWtedR7EIRE05BcY4ksCKe24lbgnq4pXa7l6yTHfuNOnmqvJFYIyM97qty6hpXFvkxjulkW2tRy3o+n2WuNWlhDqHT4Th0efp6oXxT/wdfLGn6ZHZXd9UXDbdP/yKPUfp2cy9n6EIpZXPhPiwgQeB2I1Wt2lutkyVrZlshDJCooRU2biDF7L6VOOuo9K2yL7p4K63ZLp/T41x1Ctsb0c0USdVusp9DW1S3R+Kf+D1WX0adba75YhdU65Rk65ZVY/PsXhC7RZGwhYTkReD1eL72WvLxkUCMSuOSjTyIUSPsFJSIEGLvg6npVZF1fROOGUQ32aLQRpVksOrGHHJ1GGyWuh6ug6TqfUh8U/8G/8As1SLfqdtSnVH+u/q6jva9sXwkQRgwRZGROZvHJ5s5HFtxrwWcGSGp9NV9VsiQ6hqkodVgyXo3FfqRIMh7NQsx1Edk9XDkrliWl6h/VLNsqGoRXK6nH6NudB06fpa5ePhn+I/kbwtM9+pn9JVFykarSbzVKSlOWfbHxEUkb0eoj1CuwcskRQyKh49HaSLfPbSWqqzS6v+VB6SucY9PgnChxI18pexnU6y/wC1ieHVe81aqrbp82OvhdRjmrS86avSt6+Pj4Z/4F//AD0sPTHHe8cYGdUocifEvZEybjPZMUsEZlf1S01GU6UldXxqYtEkRXMkRWZdNr9KqHK7r266Oa7oEvOCKMuL0WuaNPqsk/7K9PHaVU7bPin/AIGMmznGO+Mmqh/VesWkvdj2JmieZaNLEkSrNVRFw1On2iqeVXAqSiaeRCRHuvbfzCxfXqY7ZwjlQi4yel9Unpp0uq2Sehs31Y+uPM/in/jXLdDWpxvP2013wY7Mx30ksT0HMBlsMrXVSRJvKbK5M08pMqiR7IXd9p+NbHbZqEmaV4np1WyiiHqWaeMoamj07emx20/uH/f4WS/Ef4fXIKOpIffrue6QzPapKUraYxP3pV9egf09sFtSmtV0/l0uLqr5qISExMQu7GSNdWaiJS9lmm9OdVCw/wBT0u+yOIRFB+p8LJf4cuD1Eb4k7YI6091wvu1fMe1bJ9mIT+l+em15lpfK8d5Isqix0o29lIhIixP2Ptq19OpgUcT0enXZeJiRbZGBHlfFL/EcUz0YCrij/wDIIfTXg/8Ab71JYKqo2USW1+TwPkURjOmfZpfPsaJI2koEq2bSJFkRMyZ73LMdTEnHEum37oNkfDLJqEdTqf5Wup4r+KX+P1Wr1NN4a86SlWrX1ejdoa5Y1GldqlB1yF2l26fI0kfc+7Q4mBEWL2zXGtWDZuNDptpGODwNnWNbl6DnWR8fCyX+PZHdDXVenqTp1q29X5t6LGMpW1OmWurrtqxhiH20C+vTfau2TPZ98GCUTAvdLxq4ZIQ50sjI2dU6gq4ylufRNPusXxMl/jyeF1Z/+SVzcJX3+saOz0bdPbDUVdQ0q2T4Yh9umxzLT+B90ZMme7Q4G33zryeikfy/QvjrFJdR104wlJylBfV06pQo+JkvxdHqFdX+DLx1KH/lY5UMra86HTTmaaFtFln9lWtr2XdmfvpvBTLiPPfgyiTF2i/Zj3smaulvU0VYXWOGihZuoWKfiZL8XSaydc9Ld61f4PU6v/Mori9ZOqNWo1ij/I6RXihIlE6vHbb3/emsUTT6nmu76d5qOo10k+tPNPVN7pe+ODHZP45jrUpKOF1tfWdG0/rXrhfEyX4jKralR0TUZ/C62mrdO8azq8HEcpXW6OHp6c/fXKs1+xcEJ4NJqy65utaTdOWhhI03Toxda2rPZi+OZDy0ddiUw9SzQaWOnq+NkvxGbMLRW+nbTPfX+B15P01xbrNRv0mj+jVRacO2vhvo1Ffpz75FLBGzmnWuMa7svTszgTMmTcZIv4WTZDydajmHSNBtF8jH5/Egz/26Pdvq/A6tDfp3JRnTbvs1milGOm12opjDql8zSWXWuyOYdRp5fD9sUxSaOnTlIiuEjBIlLBXLIpcp597Y2TK+3UF9OladPySH+Lkxx0q91XQluj81l9dZ1HqFcqpZ3afTquqMlfF6V0zonDvrKt612mdcvboqvUjdo9p09+kfzIJPXQP58T+bWX6mvENet1V6mqJe9skyTyR8I1kd1fT041fJIf4uzl5RGTjLpV/qU/NOmEz+JUdZ0WV0fUw9OM46e2ucbI7Y98Gq0sba9TS6LezF50epVUbdWpKcz1T15HryPWkU6e6+UOlOJDTyrKJYIvK9jJSLLCl75Y7W+NP4+SX4s5qKi2jc85Oi37LVyvnaUjX9K3Sqr1NVlUbUU27vb1TSLUVTi4S75NxuMldU7HpemORT0+uCppUE4kom3BBme7Jvi6zCndulo4bY9plfj5GP8OcsLUp2Enue7jPFE9tuknvpf4OO2F7utaPl989oVSkVaU0lUcVxwcIyNjGR9jLp8ai3c9JRlwWF2kVePkY/wpPCst3OEcmNo5ZbeWdDu3Qf5NsVOHUdN6FwyMeaa4m1JVJFPArEbxXJvPdGO99iirbXN1180xwIz2kVfLL8PU35Iop+1eFgocIk8OfR7Nt65/K6xp/WpawyJXM9Rn8jafzCjUtkZORXDmK9m4ciyeDUWuUqqyESHAu8in5Zfhaq3CIkBSTJbSWMLGNA8aivmH5LOs6P0p9lI3M5IrL00CpMrEvbZPBdqNzoqIwFEXsZX93yS/B1FmyG/c0VrJWvqpqjJ2RUZURjKdyip1y2WdPtVtH5V1Uba+o6SWmt7JkFkqrNPXxBCMj7Nlthfbk01fMYkIGOy7s/9/kl2XzSeFqbd8o9qV9MOJRyQScroxiVxjJI6JqOfy9Vp43w1umlp7e1ZWyizBGxCZk3DkTmaq8qTk9PAhEwYJexn7Xj43+Bq7cREhcuuP0ye0hbxKn+uir1Cf0y8HT57NRXzD8vr0PoEVmSqwjZghaepk9Qlbg1OpIrfKitlUSK7MkY7skV+PjY/mslsjdPdKPLZTHmC41q2wsgomWzmJGvMIQ3yr/ru0c99P5fWY503aDE+E8EZkLcCvJagu1GSPJpYxZXXxCIu79siNuxp5XxS+fW2j8wR5NLA8Gs5q/QoblyOMqzk6Nq8NPP5fUIbtNLhiEzIpHqHq4HZkXJRSaevBUR9jH7JE1koucSNsZfFL5tRZshZPdJckSKNPEwar7HzE3PCqntW6Q2yibrs0VnqUfkuShHqXVUSeX2ybjJntXDJTpimraVxIoXbPbPfPZki2HN+mbS192nnptfC1KyL98vm1luX5Io/cFzQM1b+heP0Kc2vqrEZ56JqFs/HttrrWp6vCBrOo3X/CjT/dp48KJHgQ2bjcSkLs+7JE45ho9uzV6SF0dstHfCzcU3e6Q/k1M9sLJ5lE8EPNaKSaNfxBeCKyL6JWWOb3ZRpLXXbpblZV+JJpLX9WUC6+d0s9l8NcsPp96aXj95HLvjsh9mMZ+tHZH1WjrNf0aaX08FcpIjPd7JfLrZ9oDKlxX5qJeOo/avAm0PJGf0UuKJYbjjHRdRiUfw7Zxrj1PqLueflRprnXLS6pTjuHIyLkS9zH2RS0tSdWWa6lhIhI3vdG9xI2Rl2n8l0tsJyzJeXw8bo18JcOjlSOo/YvHZyyqmlKbTm0u3SoL1Y/b+Dq9fVp1r9dPUy+dFFrrdesI3biHKSF7H3fZFU1K9eOoy3TrEIZFqRhorukOSfya60ZB8yjk0suXDBM0jyp+Nb9q8dk8Ly7FBLBg0P0TolmHz6jV1ULW9WlYTm5P8BEUVLmp4ITIyF3fsZgn9ujf9109lcpb3AZEjgUEhIlAw0b2hTT+G6WyFs90xRIM27XTJWRvrwtHLDfK16+leOyH5UMxisiTZRI6Zbuj8t+rqpNX1eUiyyU38i7YyNd0QIIqK39UOyfufa77NDJuWttyMiY4SIReUNDyKbJTQ/EbGiNpuRn2667svKiKJUspJ12f9IV5hcvt18foXj2RTkLh8xKs56fbtsi8r4r9VVSazrDmW2ym/mQu2029kQKyHisTwbxMT7Psh9tanKvTTcabJYK+RIXZNI9RZUsnGGOKZtMI2o24EmbjcZLpbIWz3SK1zGJGOVGODGVVLY7Ybih/TrFxOLg+7I5Gmm8sq5VT2z0dm6v4L9VXQtX1acydkpv8AAXZCHEa7RZXMVhG5EbclcskRdpeERH21qlIztX3OtduESkhNCimbMHCMZHwLJyZkb2KzA55E0+2qhOcZQlEiiKSEyDHMjIkyu3il86tZh1bRctNd0J4cm5EHxDwdNvw4vj22TjXHXdVZOcrG0YMdn8C96ER7SRtNoonJGJXwVSwQmQkZGfuLJMstLbDOSEBdnFSI1RNsURH5wYNuTZ2wbjePkXeUFJX6bBBMa4qj9NqacJPG/iTaKNXizPqVSipK7Q1WLqOjdDF2yRIdq57JaK1WQ9ms1sKI6jU2XyePc/wYyINGCS7LtkixTKrCp57NjnhvUKKnqckryH1EKxdlgSRgx25XdmBoSHHlRMc9m2QnzHDLKlIdZHgeGoxHUTgalbJ9Ou30dtdT6tWorddnesgYMHSp4l2uthUtZ1RslKUnLPbI2+zXfBj4mvZkTITFah8jyZkb5I9RnqTFbMqnZnT24T1Kw78llo7BshBuVVOCK4FHI6kiKwIzE4Jd9vbA2LkSJbjkQ0Y5SP1wy6HFVvMWZTHHJ1Go6de659msrrdO2fZFZAx20UttkXxrdfGk1GondIbM9sHPZIZnvtGjabTHfAjBsJL3RkJiYiMSOEkbjfwrD1MDnzBORCrLrgkRXZ18Lg3qQu20wMccmGja8DRgwZHI5MSHki2byEkzamOPF8XCyqXAjULMZ/RZ361H+rsiBWfplcsS1PUJbHubztPIjaY7ZGJswY9jyc+1YJYRGQuT08kqxxMMwIiIcsCmRmjehzPUE2zkhW269Plxq2m0wTngW6T5xgSRwJob7YMYOOzXbHbaOJt7IwYEjkjI1FSshXmMo9p+NfDbPv1Rf0S+4RWQ7MkzCJyGRXbkUcm3AsEjBj2ZH2wY7bRRRKA1ghPBGxnk28uB6Z6R6Q62hwNhtYos2sVTZXTzGoVZFYHZBKzVIjfKRjcV9uO20SH2289svGe365Ipj747YZyRGhmpjzRLK7dUr+heO3UP+Fn3ESJHwiT74GVwyOOBi7ZJMWTaxrtgawPul2RgwbMk47Soaym3EheepFkHFkcGzJ6PLqQ6yMCNRtFEwTt2jm2NZca0itR7QGzk5F3TYs9347oyMYu2RYxlGORlkcxhw14NXHdVD7e2v/4z+8iRIjG+2MDERfDYyPJgUUSikIwxxbNgoDgemiS7pke+CyGTa4uBKvcSqaIpi4KyBxj0lI9BDUYnqRHbEd560jmRs3EakhKKE4mURmbjcORuM5IjZuYnI5JTkKTG2LI5NEWzkZyZP3nghwZ7NZW3mJgtj9Ojlvo7a7/jZ/0IkELukYyPCP3FDEsiibMiikTwVsYyaF2/Uuz4EJEUbMEe00QiRRZVlOtowxJkdyI7yDaMsccm1IZlZjOKN2WkxxZGJgwRwcHAkYEJn6TMmTKG0bzchyR6hvIyN45ohgmhIUsdn4UubHhu1ELSb+nok80dtV/y1H/VMiQRnJ+o8mMHlzwQ5lteH5iJcqLw48+kYw48ksEjLOWbWyUB4GRYpCM8Ph54bYmQMZJ14NptQ8CybmQl2aybEekjYhLAmbWxLacbRGTKIyHysMTZnJ++zXCRhZcRowOOSP0tvJtIIkjIuRlstsYywWLcramOUq5U27o9Cue/tqFmvVL+5ETwodoE1lftx+nT+c/TOJCRGeBTk1hkmfuPabG8iyYZZA2Gwwsfa48iwbEbR47QYu0oZFUOpZ2owKSR6qHYhWod5vyZbNjPqykOIon62m02iyIaEhi7PtgY1k2n6IpmCESaP3AZfNsr4N39dtjTunuNO+emW+ndF5gW8x1623kWSf01S5IcE+e0uFRyY+m6RW+VIpZYnhJlnBVyRSLkjgUuXIfjaxIUCxIg8EUjgksko4ORNkFIw8uLFFjiekbCFZ6aPSQqln0kemkYMd0I474MGPZ4FIbQ2jcZQu0yLFIUiD4mzPNaWLeFMjyRX0WxNTE3OJRxPRy3Ukjq8cXIQzwVTyQ5bg9rjzM0rSMtqxD4dMliqRu+llhCSQnxLk2I2rO1GES47YHA24IYwsER/azwJvPk/SMNvaYP1FcqJtQhYGM4JeN0kKzJuMvOXhyIs3My88iUmbXjaxqRyLklnOWRWVMiclR4VkitkC1uU58EWsx+y4uLfCOiWZrGdbj/AGds8si8FEitrbasu7g0qLfDTZZAplh05aghowjb9cUSNuT0xQPB5GhRGhxK0YIvBuMIk0ZwRtjn1EKS7bzcZeFuzmQ2xJs2szg8mBcHAoowQjzPgxkwRMdojMkzDEicWbXmMSxYG+IvJBD+29FUWJ7YqfM25Srjyvtlhl9DxcsJeOj27bu3XIcdl5eO1U9squY2KKje8vSmPplw5E/ploriHKZYj/2iYRtHEm8OMljPLZmQ3IwxPBGZjtFZJVocBJIjtYkfox3yYy+ENcbckY9sdkJolI3G8U+ybQ2ZOTLT8r6htosseIzyRzicyTIS5qZZ4f1FcXnUvbCvlS4K2bjVblGjV4LVXdD9aSWy7Ty31nV47qX5I+WuzNJflNLbqjSEOVeknIuNF99K4wWR4mlmMsErOYzHJsa5x2fAjwSyzaRgJG0ikOKY1gYuCI+zUjDRjI0IxltCRHgwk+DcsqQ8EiLPJwLtIiN9ovlsZPxBc/qcubZkJ86WeS/lQyQyaqe+VK+mxorkipZlqo5hLifqSiv1Hz0mzfQayG6m+O2wj5fhDjxB7ZUy3LVQwaf7q1xfBEiZp57Z0zcltkyyL2yhgwTgiODBZGRGMspIe0iiSwZJctcKPgSMDQ4kYiMm5G83G4lI5Mzz+l3/AFtMo4ZsRhCwcEWjJJkWZRkUkbojwTwRwiMky7bm6dZVsKduJ5ZBEpbYwzKb+mtrLhFIqLDXxxa39K5WcHRb3GwtWYa5YvIeX4/afE1h6CZqYNwo4sr+20eEXkX9Wja27uJFo8j4UWVzFyWIUTaZwSw0ZRw0jk5GJGGJCFjCwfSzgyhsTNzFaOw38ZIyOTDFWyKGIwJDMCiOHMYnppnp4MPF2SGRJom551aKPug/Tqrvk3GbNRPhTwb5YKytlnnqL/ufj9YNPb6dmls9SqXK6rxqCPl+P2iXJTN12ffVt22af7dRNRJPJZH6XxLQvIlwWcjjzauIxIYI+J4PL24JxRwjejgzHHqLO7JGwm2KbN7MtnJBNrYz0xQRgZ4G2M/UWZicGTcKbMvsueylg3GSLJCEPtPxGPP/AKyyjUMp++6eK6cZwsX8umCzZy0sNeKS2SRb07+Q9XpZ0C8ZF56NdmNjxDXy36gj936msOPhjNDdlXrE42cSWU1gnnE+JaCX0wf0yeCXI0yUWIi1iLHyv28jyyEMjrwPgUdy9MXnjc8Y/eCI8Cbzhj5URtGcPcbu2XjnG5meVI8kRp9ovtgSYkxLsu7RNEPP6tNTnOma33y5o8ynh4Tb+k3mSPmuRdnOjX9WppU4LwNnR57b9dPbpZvMj91cxujyiXgpnsnZLdHTQyTikrGWMl56cyGMOUSW0lLBOfDkQyKMsKHGMNz4jLtPOG8kI8bThOW03Jm9IVhuGLOcZMbXEl5GskuGiKIjSHFCwRwbkk7DcJmeyyNyNzNzItnJlibLc4rby39N241MjTP+yx5tg9sYvImNn72cb/qqWR+dK2ozkz9GDTWenb1K/wD8TvRIu8ifD7Uy4omJ5V8ME2SOnv6q/Eo9rVwluTghcC5jz2+khgeD/wBXFkM48GOXHIkbTAkYIRRwiaTUGhrJtZtJxFFkfPA8dkRwMSNpFI4ExMybkZ5ixy53GVj7j7JcSWpk4l83J0cTxmUpMi+D9yeZeFFJuPCZo19Moi8doPEtTf6sX57UPm9cLs32X0ypZCWFZyWkmaJ/XVLjyWLBPlQiieMvxT4kuUbXnYyOEnPBORDlMYu6RhdkzJW0S+k9UeWbJ52TPRsx6Fh/FtYtJYfwrcrQ2C0Nh/BtIaGaP4bP4R/BYtCfw4n8WB/FgLSwFRA9CB6ED0YHpQQ6oMVMESprZboKJj6TAvpnQafntJ4EKPMir7pP6d2HommmLt4G8kfD7Mp4lOO6p/S/IyHm1FUykteFcM0f/WuRFlpLJntgrJ5MyOcNMhAsik8R2/avVHyLy4yxCuxi01za0dxDp8xdMZHpiFoK0fw62LR1IVEImyJtXbHbHvz8uRjXbrWp3yitqUhyUnnjOyMc2Ous4QopvR4TYvB5EhLifD7Lzp3mOpWJp4M5P2vqiuJ12DWVdwM0zxZp/GCXieDa8YfaM8G7JJvcq5M9Gwhpr2Lp1kj/APW8LpkBdPpI6WmJGitHpoUDHtbF7MmTP42OzRr5+np3L6uWSfFcWIktxXBLt+48Gmmk53ZF48ngXmHixC76WRqocd6WXL6qpCsLR+avu0y+mBZhDcR5Y4WMho75FfTWyvQ1xFpq04wijC9uDHw4/PZ1y3FUUSlhQ5K1HFzUSMsiksLsvFX1OKwIz2iQRb7NO8Skt1dsdshkfMlurg8NMmxkPOhpsshDSTLNDuK9DXEVcEYXvz+Bns/yd5nt1ue67fgT3ypqWJy2Dk5tcEee0fKRHiW4XeCILMb48CGiLw9LPdHWw9lUixbZRkSeRlP39Gt3VxH3ZkX+hb5hMc/p19sZXSe4qWDc0m+Yo4INdlwR5Uom7hLuvFK4tjlS4cR9tJZiU4qyu6vZIYmSW6KMiqyLh9Es/tiMaMezPbP4D7SExmTPdfiWoRrJ+np7JOU64kMYnI5Ip4WCuBtblGo3JDzJWtxl+hCKC3lWeSHKnHBW9stLapw1tY4sfZMxzTVFRuGdJljUVvh9mP4cmfjz2kRYzIu8X+JPt1y3EIIRJlMHIVJsWFDmEMG7B9xtEzqMMeyJR4kXLtGWDypLBRY4ShJXQvq2koIlHvpZ/TcM6b//AEVeOzJG7ncJ+/PzY7YF3j8D+Bexj4Op2erqIpDWF5dT2krOK65TK4KCkxLLS7LBrnH0F4iiRApXDRqFw+0GT5Xg0t2x7o2V3QW5kl20ssSsH56f/wB6J8ZEyRMkRF8a+KSylnsu6E+y9i+BmRD7M6ld6NGcyzgcnJxiVx3FdMUOSRuIm7BGWSUkjUa5Vl2olYokVxIh5ofGSzksjhkSMcq2IjSXcXVKasrce0iEsPOVLzoX/bpZ575JEiPZsXZe9fA+8he2Ps47L4H2iPtKWF1S/wBW7aSZSVwlIxtFPBObzCYpE7CWpjXG/VTm85H4ijPEiHmjDiolsC6BjtTMlBNWQw4S2uq5NW4krFhjK5cM0n/TSS5T7tEiPncNifZe1fA+zMiJci9seyH3XvRLsjI/HU7nXTnL3Ci5OmGCNu035a5dhuacrsKV0pCi2WcSJeOzIlPEVZy/qjbBlnDFw6LE1dHJJEPMfFgxkXgyad4s07+qHKGx+GRXZkWJ/Gvg4JeU8+xPsn7F8D9kvt6xqd13MirSSxlRlO4WSnk8KViiTlvfozZXp2eng1ccSJfb2ZHh1xzVhldjiZjKOphz2rI+Jx4ksOmZZHJLPfJRL+yl4dMvp3HkYyIzJj2ZM+1D+FkiMvavGRMfZfA++TWS26d1KU066o3Xuwy81VjRCSiSucirTSmLTRR6SNhKJ1Bdn4Xdmhl/W61IlThuBb9r8kXh1zJssRF4ecqfsr4nW8qj7F2kTKybGRkJmSQvZnvIXsY+yGho2mBiGRMER9o9mzJnuhmO/VXjSqbJzbM5IxIvBKeSnS7yrTxglHHdk0dSj9A/H//EABgRAQADAQAAAAAAAAAAAAAAAAEgQHCw/9oACAEDAQE/AeB6aQXif//EAB0RAQABBAMBAAAAAAAAAAAAABEAAVBwgCAwYKD/2gAIAQIBAT8B8AWs4EMAGjzaiENzDAR20+Gelu//xAAwEAABAwIGAgICAgICAgMAAAABABEhAhASIDAxQFADIjJBUWETYCNxBDNCgWKAkf/aAAgBAQAGPwL/AOm3tUF60uv+sKaWXr5JTf1RyWTeP2KZ2H6T1OckOFFZX+SlfgqD/UMPjXtVpiXpQ/pk7r1oC9jGqyHjXtUxUVj+kn8p6jwAad1NbBf4/KSorf8A2vcL1M/0UlH8ab5nOyagYRkFQgINVKj+gv5Cv8FJP7Ro2130vWtCnzhPQX72Vg8AxVLH/wAiqFg8YAH6U6+EI6cbJ6d+5k2cqfTxLcUrBSY48jO9JQc+3b+xalTSE9J/9J69vwvWkYU9R4/q62Kl84lAjtfYr/EGp/KeryFexJ4O2dhbdMA5T1nQwFP2ZP2v5fKhRsFHxHBBZbJlteESUTkc6AKHZin6FjSN1+9fbR/S21R7dkSqyyLqqsp9XZDgb6EQo9gF+Kvx2EKqlEfZ0Z4+6+Wh7/Eqny+E79gAqkw+lKjTCHMp/CpPXssaNTas68ZJpW2iGVOLr3KYfFMj+uftpe30mHXiilCgWc/aLcsxqh+vYblfyVfJYvIQAvQuFhpchMepD9c31Sv4wITBA1JmVTc0pjo/dsL9aSq2RqqmpeqpxqkhVcPdbplCD1Z3CY5f2oCFXkilYThKPk/4zf6WE9aV/tEKpvpf6WEfXBanWMZokrH5N1h8cUp1hP2qfIPiUD1lNI+1Tb+U/aIp2qVfElQvivipGg/2iLgFApripCr7CwHcdYKfwmWFYSmq2QNP3wpvAUBPV4iybyUEJ/FUxUyM8pxYFCkhfpB7kfpN++sqqTo1lSoTeX64G2bEaXTYWCmkL1cJnzvkCAG63ixTIkfRQ6ohHLjaNYaDBTvpnK16qVV2NSOqMmyhTaBqEKLbQnDBRkPYkKoXnSCGSL7aji8hQmZMLnsnFgqWzsSoL2CGSQnoTVDVezoVU73epMLO/YfIKJTsbBUcGdf22WKnZM2Sex2XxQKmwFo+XOcJshJQppMIDsj+bymCxUn/ANLFQmqzNy/4/GVT2ZBVQFmeUEQsQHr+FiG6bnmjxmUSftYz2hs4TlYxsgRKJojmmkqE1KerdB0G6EPvwzdkSzqKSBYjmPYWpCp6EH6QPDwkJgEFi1JK9aEzMn4QtiOw6JsPssD8KmoIFUeWlUqkXxNnYr0lP5JXqE/DdClBujBQPBpIVJ+0KTT7KnGECLkaDLfihfyeQdHKhYeCVSVG/wBIVDdMAagF/wBRT+QMLtoDiAqlulH4Ua/vUEaPHKlU+aiSgsVAen8L4scmIbZ3UrdRbdb65CY9GyZBNr+wUUBY/GNkfF5inoqekp6U7TkIRpq0Yv8AYCd+x9jZ7MeCxWPwFih/JS4WLxQPwvYMcrgewTHQgL3Xx1GHUOyZrUlUnlfy0Z5W2rCfqBaLYTyjSV/8csZW0WHT4acvuEWEJuXip3Cb7zRd9BqVPTME5vNotShy/wCSjY8DCE/TzkkpgvdeuyBQ5ZpqCMeuswTnrZXqVNsHMIqTHUYJ+nbNssbqSsINqWQ5gOm1Knp3T5oKZ7YnsFT00KVtqSnHKbMbumBTusSwHmVI8hiFB5LnMU98a/KZAhA8p6iwRo8PJBxMFi8NcrD5XtvzDkwg2m2E8h66k3iDpjA5UpqSi4lN/wCKCY8s5XKawKBHFc7I0eGSnrOq3AqpabCpDiRoHKzI4gothJ4mKossPjLU8DfXY0zYBDJ7KNYo6ByyouDw93K3anoMNQkWbNCarVYZMJynN673BQ4HtUjT44pTv0JFYlEonRnTORxlOZ3yNre9QdEeLZOS/RGVVjEhYRoyFso0cOkdF9X2qTeIMnqL9IcJlT8k51NtB9BxYpjl9VNwho+1SbxeoT1F+mfxm07X3yb33W99lstr+q9hoMb46ApGSE5TXbO9ZZYfD/8Aqeo9PGtut1vnleqnOxtK+IUCNAHNu5T1GPx/QJ1SEQdBrvWUafEnqLnoftbFQF7cPfVlQmOR031kxaTUSU9R6HZbL61d8++jBW+eFNyo1cHjU9XtzoTHI+Q6EZY6SckleqnmvkfIUczc+b759rtbe0jlRnKFyj2EKLydeApHEpuUeo3W6+S3tJybau2lHAY3KPEi2154G+nvz3WyhbrdYblVaj3hTwJyxobX2tF550qL7qlA2KOlClMONsts+/XUlU9NtaOBHD30pzsTpSotK9btaeJHFlQtuLKfJKcI2a75ps/Bm0XnLN54ccwkJqlFggdHCbRzo6Kc7KchRCi4sURnGjveVvaLz2UXOTbIb4bFVZ2T3m0Z50N+rhbLbJN5ytkBCFViBnfLHHjPvn2vHHFo0MYqZH7GTASiVUdDCU/PjowLNokEZajpDXk5ptv1jp8j5dsgVI/OlN30JvHDe23KlQoU3FIyydEOqRxoywp4D2i3xK+K+JXxXxXxW15vut8uy2Wy2Wy2CgKaQviiaSi9MIk5ZtHUbqbbKAV8V8VspXzXtVaQtlAW3N/ioyMMu3DjWZitiopK2Xsy+SklbL4BfALZbdNUftEmTd7b2i8r103yvpQFFJWzL3qX2V8V8AoHX4VNp6CVNSmVAW3asPrLPDdsjZsPcuVV0D2buSUdBgF7KLHVfN+bjuRQM8KcuLhtcIdx+hmna85Dxh3B/KfLKa05GpkoudZlHf4XjU3j+nlObRli8KdedIIdthGwUBYvJATUpqVOT1U6k64Q7Woo1VF1AX6s92oT1rbTbghU9qczAJ6jpf/EACgQAAMAAgICAwEAAwACAwAAAAABESExEEEgUTBhcYFAkaGx4cHR8P/aAAgBAQABPyFa8VxPjQ+F/iwXwz4H4zzvkeBEGvOE5TmiYFohOGhf4C8L8WBL44LxfjOIQnjPDQSkHozSDXhOC4hBIQREaHROHxOUXxnE+BcTleUEfnEH875Q1xCeU5TAmTfE4aIYJxPM/wA40OvCczifKiC4pfKTL0K9r0mby/SG8IFqS19mXH0ZPTrXo3ykvhhP8LTgg0QnDXM4bwUXjBMHXhfhXwr4XpNF7Lv80u1d+B0o37EP6PweRRkz6KJz9ZEVF7QsSbC2U/Of4kHxbD4fD4e+GZI+EQSYkNEHoQxeE8V8iHwj8RCFrbevY6aFfZIYC5yNkJysC3cLGnDMD9B5Xfivh7+L+CLyMfDIPho0hEvEJyvLWDQfD+WEF4rlAWk19DDCjFNX0P18tcJEXFKbI6jyI2z12kwVdMwGQNsj+jLVj8Fy/wDCHzCcwaL0LlH6j88NBD8p/gowX0SDfQ22N+xMZOVvieDI0xsjdUEDRJH6Hp6Qy1fsxrztpmWn+4QkX7iOpna465f+HPfwkJxSD4YuNBeC/wARFw0h2RgfvKJngmHFk4KJNpkXqpwtkTPoha6nRFhPQ3vIlbM4hCXsH0j2TGyMmv0ng/kviPfLnEITxSgxrHCCXGp0Lhi475nlsXixtZtEqV+lU19oQ+ER+mZPO/BLA8PkGxDIQnEWh03MdIV/ozYMULhfYjRWPTJ1J6Ep/wBBEt0+vjnihcacYIQSH4TicvQkNcvT8GLhebXM8W4zaIzv7QinauZ0ITazwKeSnZSEYSQnsmeBuFmWKl/TM/OD0IQAUw9lrY9b5zRclfQs7M33uhNYvZDJ5XwnDFzqNeUJzB8LlkojQWvKfG2iyxpcSQVPA7N/ggrQ69jNP/5DHWf3G3++VKHnFg3WaHA274UrbNiPUijO7oZWFdISompwMvZCGtiewieHmnivHQaJwh/I0QhoLmfKpjYjFPQIrY9ihowQO50hOoJoYXn64vE5xZK0pvh8IQ8iFiLWUQ24FdEM7jTwFmf9I85EGEMFLw27So4jryvGvgbH+A1zo1Oub8f6O9DqRMJH7FWJ1GZ9B9+UpBEFgJ55JcLPCEC0rUK9DNEVaOh4Rr0YQnb+zYMvwm/WMT4K9IW9DCIWcLYp6BC/Fjwvi/PBD8J5QaNBa5nlPFZGkf0M6W28ISFJO4KZVwDV+uFz0MJVgYo9jLw7QfrA5JAxbAowHwUhJqv8EME4wH9ILGKHWHUDJ858HEpStTXyPxMQ/FEFxCcPwawInwPxx+CNG7sPpCJnzEff34I6MkIRZDwGMVFTHtodaCqtCyglDjMENYJQlOiqIq5FGBR5WBxOF9cBu0NI010ypkvLGJWEehot+CGXwXinjOF5Ma8dPjhOW9Aj7BbEsTgTxUtF5tMZPBqKb0X0MTG6Ma2OVkJ2TogpFyMZkKBrBuo4bapRWEhmoSdP2LPAbx9mSe0VtDROLR6+hnJ2E9i6adt8i4Uc8ex8US4fnodfM1tZZRdvPGAZsbGN0NcpjiDQkHwlFbAlGBEnry7FzZFKZrsEn9mTA8ivRCUzbJ/Y16MXBS8pugaiNoTPc+a1w/JC84RCRHXnPJcGyWkK6oXdEKky0GLfghM9Q1y2ZMYzQcCI4O445RcIWeNS5kZW0U2WSeEPqG4RBpsw/Cn2PEYtLsPCymifChmvM5YvifL0LXxtYFxj9jJfN6OpzFphq3xPBcIXBjYlqzizQ+KyHFw3guDFETUY9WqVWBscG2LBIAmcB/hENeC4RvuUSFHhczynOn+C/B18pBNOI6sDDbsc8aC0Qh+CCGYc2WKkLA0GIKcORCE5fBSbF17P9oq7FDNGxwS0U68EQWyVdAjr/CUflB8Pl6OuOviZ3joO8lx6JiuULZNRsnvZ8ZkWFBa4UY2CzoSiBOs04pRBLkuEKkIm5SWYOD9Qlbpm8MfgyizogIcaJiGr6Y3F+NBeS5XJcQnHTFxCfC8oW70SK+3ms+5IYy37BjVXpfCFCg8d4S2GwqFiVCXBC8CQxiUFK8FFtIt6pv44OBrh8u2Ot5MUa6Pey4LxfxETmCXN8mPQvlnpkJ9JcG9NFj4fQ9JaOhF5XGgkYsWRDHYNFmHXYqfBccCKEJ2ZoGYcaKbh3BkhikLGBFwtCM3eE+LqpaDZKyPwV3oeRMuNeF8G3inxviUh15wnL4+skMhO9mhyp1O7BiUuKJovF75QtiY5aG+iiGYqNxKaeBskITJHJ5IbB76kVLY6tQbRrJ8MetmfEqEswMixWnYOg2UY0QlDy4+2P0f3R+N5mALaD2LjEqaeS56NzrhfA14dC0NcMevhfK0Y/wBiUtbCzexC7VtRU6JYCqX+xq+CEgtccRKSEFYkkUlFtsW1hjhj/bKstjvWCtjVMIU3oXAz0QSGqLZhrEtCG1wh+mxHStglJTKUyXo3h0QtOEHr8YesGvOczBHwTi8zyY9C+B8Xh/sB/MFNrcELInyhlWAaV9mbv78FvggVSnRMxGcsXEIsJpYKLbEDRCF+FHFsJiPbNQzDsQuC4yQ7xgXZ6LaNiXqJiqpN7olDOIVkaFpgnO6fpsQ2B15XyonFL8M8GPXjS8vlbHx1QlLAVpD7oSHxTy2IRVAxb8EUFDDnhi9kWZ8cGpUyMxhKFZIMtBXsViKYq7En+VP+akdch979hZlC5roY1Lgn7XG5KhtK37ITTgWjobMhDy4aczXQeo+EPyePnPy0OviYhzZ6PQ6txwe9C7XYuf8AaY9raejESMQ+TEWR9nFHXBCZsemhjIYrB3WmNdhtsd7ExJV0zSqvo2QfhfAVZGvsehISEimaILEyyNhoK5IuxqyjHYIooa4lRrt6NUQYL9Ll/Mx8HXDFw9M65XwW0NtG42zYaJUIzQjF8I+wlEscSb5cZqDNfLs2SYBam8mMoq0GrcMmSgg8jUbGSYyFWUQkTk9DKVx/8i6l9jaJRHkgyWqsRN+x2RgQ17FhfCzYvgvGeb5emdC4XiuWmw0eGBJoThyGNT1CJ+xbMuU4x0yxGJERiDExCzIoh6FO4GJbEnsKUw2s5ZLG6Ri2NReBjGLcXcJaPshObLB/iFmj/RadY9bbMHZKPYkMXmzbl/M+GPTOvBi+B+H2Ihp12aH6ZGEQ0QRUcJSCRldGRD5A9CGmLLSiLXYgx9qBklBkVFSLwTwM2jmBmeyIpRXjZkli9D8yMe5WByKh9hGn9cPmeOhm/OcT49ReSGZP0vhjhnYpdhB5+gyqiWBpEMRihhvIgxISWYakFJCEh7E+HQ8oG0m8NKkmDDqeAjmnF4QiYIYRmbITZQg0bQVeORXTiqh7Zf1CHxPLQvywQaJ5IfD4bwL4Z4tAu3Av/aG1V9DVQL7RX0Ylmvrh6yzoYwlRH2hMjcaKMlBIiRfBDXBoQi8IcrCE2mPvL4y8N8dlXMFSGU0rCkVkLa0EhLoaY1kiUv2IfwPQmRjEuZ8rOhfKhr2b9CWW1SGImZj6DbYdFzHp6BsO0PDZlhpEmCNjClvjWuUUXh2gpGPC2Oaw3eLpsGKVoUhijwNwNaiQxkJWI3XS+BcPXG8whR8P4G+enyv8BTMqDrF2XBbpIesBxtXYib9J4aEJBNTixSSGhi0LhcKQhYd6NjYkN4QoxNgxL7MR0SKhGt6HvxexXb7Ei/G38344ITh8IY9Pl+DXyL7YhWsUrWjO4C/wjaP+DRU2xiavQdYT4YnZZRXB0HwgT5zg+Ko4rQhcQTg8VPoQlOK+y+B9jNqGEdCReDF5Nxb5Qxi+F+HTF4IZRonnjmiIblwtdAplhaHIZ9icHsMab6EbU8sRgOdkiCRSjGRXgxh4KCTBkx4vPFdDmStApd7jdgpRVYorRskqX49DfxQ/GcJ+MGjp/wCHgI2xjRZ0xLo8jXRRkckuiw7ChrJ4qFKNUSNcEIYW0EgiEkNos8EhmxucC5YfloauDAiwyJgSRC5yfpBI/Xx6G3gkQYvGD8bw9MUNsIQj5fy9CofscrFRLVjMixgUz2ZfDSIvAtrfZfs2hi04lMKl0g2jbFLWb0h7YQxWQx6GQoHgJtPiWuGMfhRmhYQ6QYgQ1BawS8u+HwjQ2KThcTwhc+GfDs7FhT7MooP6+G/Cwva9sX4OCzVtsSn9cbGE5IS7OhnYwayaJxpHWz7M1tvTEmNCM2xKUsThUQzETKN8PxfHIYDQHq+2IbZrlfDqbczhD4nnBIng1PROnMkj7Q/C+S8vtAYrpkzbNoxEEmOxUg0aEvC8uhD40GiVEFNzsIcyKGB7MjHirYmDfL8GPgdxPRjirHdl0Ikjvhi+DTznzMeD4S4fL0WwwklT6JzPKHxfluRH0htNJDmqm2ELJN8vgYJhF/rfHDWlByaoRsYk4nHY0qhzsllopLRM+orgwLEPoK4PzJxS4FYljGt6caL5Xn+mngQxUhopfhfD0JOi8kLBuMIQ2t8ZyvNTUBSLdjS1z2fbtEkVux/BHnH9cQyvV/fEYZ2YWGoFvHhhpog+x7yuxnEVZQmvsr5N8xQYoZbMMFQfD34aeNiH8E5pCD0LRdEM4PQpVZXM8V5M0Cx4f+EwsvRIWml9n0yYSXJ0VMH8EINGozsyL0/OIbcUkzGxu0x/Z0aBUq+2xGTQH6e2OLke8fIUvD4PYRGY9CnhK4sYXyaD+Gee+WYsoY1YZWgt20KpYY2T3xS/J1gSNFpU7DBbN+vJhb7I1I0MC5ePUhpTGhkEOFsv2U9srohLmbeL0Y4t9mCJCBfodqh8ELw04yMzHVRy29vh74KtPkpqNyub5QnkhjbGDyzDIKWgNFI5Q+xax9eCfIhxiQSS0hsJF4bIsj9EzkRYOj8R1LSEYeQqkyFoUEpbQ3GxMTKOKTbGToWp0RFw2TBuSF8L45Q7IPxfK4XDE2bMYtcVJS0UjArAHN6MzaPT/Eb5fCUcND3qZcZ6LZGFVTqCElkZGLBCyyICsZKJkRkHgYcjCxwqraEKoOMM08C+LQfCGvNbJ5NxV6LAclnYsYd7Gz2VosZxINVWGNCfC+afCxrEUnOZQMwZAThLsPODsRYuUILDMJXlITLNqhu04EDcUbA2WPil5fE8T2P4ex+E4vsyJfoZtD5hmEwWShhdh9pfdUej6GL4F4ded8Uqa6ZVQ3s4TGIbB5ZHg5dC0wJwtJIaG+htJGdGUAcstvgSkIJeBpAuF8Z75QxeL8UxDM5Gz2w1/CYwiKwj+ymaIhgTiB9DTuZwmPyhrzn3wvCcPhCB07CNPwEYik0KC0iRBhucMKNpg1wUhFDBR4DXiKpBa+Jcaj4Twfwoa2PelpEYQ1pIhwKKsUgnIuceW4iTfoQqFovgfwMWB/Anr8Yxa+mMTybiFKI4a4sOKSKeTI2ZKsYFjhWAwgoudB6scL4majFw+INCGXxSFOV5N/pDJioghc2zR7cYReMS1CH9j7QY9D9DM+F8bzPifgrFrHsTJiYIzbExkfjIgbCUrZtYPoLlhQQkjByTguNeD3y3xhryvDYmNcPlrlbQ9/A4IurNEc1o7eEtbQbwJsaxg+VP5bFPXrzXjBk+Gj56KbXXFjMpUUH2Duxi2KS2PxYt6FqoQsESExyg0Th54rhoIQH8+LQYh+GeUPfLwjosa8Jphz2ND/VGcGJj6mbcTxJkG1cEl8l53yXD4vhDr0JF6YvsgkhmIoYyeVtFEnsk0JjJsLwZcPnJGKHjI1RTrfM4fhrwh/B3xSt7HMBaMMFoQg1gtRxGYLCTPpRXtwR0e8I9lTyXmxPyb8YOiyPY4spPDYxj7fCFwM2ZZSWaPW4JowGxpBsfJ8HEzRmR7BHm+jJhadiS8mrXyZr5Ifk8KlBDGOiQbAjUGJAzxN4CbSNAHocMrY1dHoG688PmeU5nwPiLS/o0dH2Jb/SjffE46FkvGxMCWsMQgdTkoZYffwMz4Id1Ed6vpiGX6Mzu0zOVoXh4mmPw1+A+UdlYc+ohs0EqMsQ1CA7iNAhrxFJfaJYGolEJe8DkK5yjr5b4PbUkP6QBgZf9G3Y3WMXxguI7FMSy/Qw4KW64LxDQyJn6I7A/2CsLN4GtGj8UUn34aj5Q+HzBMYtuMZNOChhBihBaLUIc1FssSqUzboZnVDI4/TBquJwvN83lPh7TRex4e+jseVb4b4681yQYxXW5Gy+hhxIZOH4ug9RN2Iz4fkhxiFo4HkyXszLLjQfKE1MnflvA5xsVMNAUkFwDR4GCMg0FE8mISME4OhUILB2Sx5NHLF4Tl+LMpXoYcPSj/XgdTxRfJcIUxF4HPDHDApJeHQxRZF4XAyegPhw94QmRIbITNGMLa8FhS4Y+LwxeHYsKm4mx98eeoQTeRhkmilVlNHKAUyYQg0FSMWkfWBLlL8cINHWdF5k9ITBKAzY36KN8zhMXMJyhBzO4zCMS4oFya4SFFlkV30OeCtMX6Ac07ES4fYpgzcyJuy2UekIDvC0XheOxLGOY6MMlko4J0qInsboMRyR1cQm5J0MgD2eRx+D1h9GSPzfl0In+ImalB4aZj8X8QgQVpsM6ZheFEE8cFpCD2LhClCGLz0DG5xKwYpGQbOARvBB4MApgHFkPuERTYmdj9OEPiygeTIYiKouYuNaGl/MWLoei0DV4MwSZUEX+hCgxS6ZPYvCeSlyq6KDqeyjDfY8kH8SFyJDZjZDT7JFyJRJgTikyPpwYOGgmJRDRjYUetxlNyzseTHTIUSN0LQEihDEnRGoYg3dFNwUyeUQKi4y2HrB6w63oVwGAwD0SI7QzYIaericMoNqPYBswfBC4EZheZ4fpaKb9IcMxzaY/hCEGiGTPM8UxhYHqFTXHMeCBEXBbFPaHNg6UfBeDY0NRwXKH2Y6eWO3BK6wL0i7g/wBj0NaKgcNkdh2gdhPcaGLsDxXtweehwQbOv6WOkFpHcI4MVQpkSsGXWPTAwrE+GRB1g+DfJCzQWzJRDx8pqIZCkkLsN/Y6i9iFoa4Xh+SD4T40NR+jEiaK9D9uDKKCuWJ7lRRcKQdQoxC0hCGVzsp9GDQi9CwbSinR1EN9YMxD2P0H7DDsK6DzoUCTuDUKroo5Nk0lRFVgnhZwkGuR0OSnBYaYxQtf0RJKn/B5wP8ABofNPeDJSC6NeGJBa98zhnw6UOzaBOw5RjGmNEQc4a5nK4a4ohCqZpo0h4ckiSooE9k+xD74SbnMDR7JnRzsYzfJJaFnQ0kOXOD+5HpE2CbehWZ4J2jIeziJYmQyZFDQwQ/2GmUJ4aMsFEp4hIdB19GKtYyCYGRaXCEbGhkbFB9cxJX0SxE+yrH2Dt+GFs+nAVfBGSiYYZOXOIJCRVDU4RXAhGg2OkwxbwT6PQY/Sx+qPwc/+gjVh6kaRj+w2jW9jW9mvYNmHpGmRnaCdBhdhthjJmEKvsiCTsjd4G7cSo8MSrInsTMkMRyivJMbT7DEzFn3IWmSCRTBFjfKwOQnH4bCRoSiw4mlVfQub0LAwzedfpDWWXprhBr0Eme0WM/BX6JRcNFwNScPAcyQ8BiOhHYhMYuz7RnYyewi2DaoQvQ5Q0HQOmyoaYQ/IjrTAPGClUbuG1ExUho93wi7GIFiU9gntl1hihZZC7MGOb2Zh7Bj2IMw2uNYHN0VQsiC+hvYlZlvrs65qzg98Lk2NRzghPQ4rp7Zmr/WSLdYudGTySioVqQpDD0NWskIgta4eihmINIQ0RiaBHY6XHAlGTCJCYQT2LwLIgyxseyC2NumNtkbBkiNwhaaCSYUEiNFEh0mFsa9ieoVN8LEPJDYk7CoWhIoMykPh2WTSMjbBcyTWBNdFNjB24rfB0LWRWC1zY0y4Q24/h/wMsCQs7GPHBEKHkMMMKnXB4j+wsGzoqi1ckiGk1g2GEI64DOMqWskVeuO5pwCH+lczfqFGuIRdHrEOqzGgQu406HZS6kPQ0w4mLtTBwWhsHjoWOj0BOO0XsN9OA7G3RZ4tZPsFgTRDGmhuExDG4YaLungLs9CEkSbLgf2WwLNDdQshfWSDOBYwGMFdDuhGRZDUTJmxY0G86MscSCJ7NcCoaJou1gZXInAx/jQjoJL0dsI/Qa6MaBPtURdmUTtoSLCEHo0QjAbdiWUdlRTAKWLBgh42EIh1sba0eiZdCWMiUfA98JswEhsbj/Q3jRHoboESRg72ihVeE9FJV+hk3exiO76P+0QnO8Rd4EjBRmbcJ7KErQ17IzQCt6Qo6GTqPsxD7F9kFRS0uLOBKLGkJCaaHro3yHb2NX1xeEJQ17Hn4Kyu+/9iT2bqH3iCwjPgN7lGZCZNwzBd0anfEjhHoz4QmE3YT7Ij6kOdDadCISd3Adhlob6LRTPwLGMr4KyZBlrIhxCDJDWYKOhbFuOU/0n/Zwl4HiG6/oa4n2GofQcYsiyITGyHeHqR0Q+wyMt64tVZGkshUmNUSC30P2V7yNsqPnLG6sF3xWcM6md0NS2OegnZFDbBtWGxzBKShp0FATYkdEaeWVexrKtiX2IEgwnoZhcCJ6GbQ/qMyWSIecgpfZHow0FjWLbMdodGZiJgYh7SFojVF54rRpk2XwGIZR6FoVfxI/ryIKnQYQR6krkoML1cRUs2KoXwHNeFEo2J+wvRkRp5XEqBDUnkKmhoYdDXiG5nHEbLBlRJiZovax1ZH7CFEEtPAuxscx5EqYssjmGTQnqZImPcCHyyZk0RIZJaJ9C9QgbQQ0KLIoGRKhrOEI2FLYnFHQ0SLfgo1kZBU2KCcuWrauyWw5lidbC5vIQpo6EfyJBH2QKhBDySsRLR3A7gQZ0aBo9DJwOgjEhV0yWB53FTQ4tLJHoekg1yC+0dtsV9jRiXAwftgRkVWRCwIvRhcdN5EuyozZZnKJKJTVZo0ewTYFHoT0EucHioIVoot4EcId2JDIeOBMuxULGsejYz7EmimNMR/R1ClsaaGW8HaLQ9qsfdjqKKbFiqELQzZF3YbqhTkMAqjslGmuP9FwtMlwNFjWKOkyUlGsjUEYIlQjkelUdNDFIYTol6GfsKLOzoDjsUKMW0h7UPazgVd8VDTiYjNBqVip9R3Q0TyGNcKrj0NE6hp7MGROWy3Z2gpi1DHo0FBUrsRdjSI/CDaiwFgYo8CyOPsX1xIBB9zI9mLstaeORqoMWxOsl6jga6FmRrNQRmi08CdcHTQTE7g0asosTi7aJSYlMj6hjQyKa4EN7HlBe0MLBZSHkZPAlWhBgvRNJnrEoL3klgZpEJu5Kej7TJsYG7IRt4RlpRLgLLKM02BN7M0HdO5MUOCD3DDkaBl7GTshoeCY7nKsjkG0OsSLe2MfY4Y4rbo0DG7JiWsMW7PuI2ETYTorwjFQpJjd4FbeWMcsYhsdQhFodcTpsmM2VTFholOeiVErEIQS0NcrIJZijAn9Cmk9BnISZJL7EkShD0sRM0N1TITx4IL6HV0j0Fp5MmxpKNroOfQxZZc+0UtsnpiUJawxxrY/hhK2RAtmkMGlROZseghkxQ5leTtBJ7MGSpRI1BFsOh3Q+hb0DLBCGyNcIX2SnoetCCJoVOJCOCYR6HhwDpsY2UIWhdIRkROyKMfK/YzGYwYwJZWBLpoKM2odUoY2SGexaqKUSeETuSWCMkoQp9HuQY19D5+hVUHqKnsmgt4Y2Q2N8IU6GCywOWzWPhEPBYHJC3EakKBzFaI0doJPDPsM8HRhC7o/BL0L6mhbI7EhQOoytmSRVYJKRUT0KbFoK8sfoiy0b0OOK3oqIWoM07JWEJM8B/SMgZMrnNh4MWxQJm9sQYCEOsJidIEW0ZuwsoLZvYmt1xUgkfhDio12JHSGDeYiVDZyK/oPYiqI2i3A7FskReUZFbF7C9DtO/E5NMSvpCmj6jIaot0N6MxxNZsUEgkqvQ6gdaRCN6GH2JTLKEdox0Ngxk98DsiitjYFaEDKYPYJIJp1xi4vkoyr0NehNYRmJkOeok0pKQnoYrRDlGRGIgyPRiGYQC4o3kzBAfQ7eey22YjctdCErlHYpX6P17wvNTjMXkfnEbHWL2Ocm8yeh8NGbFJpjc2O0GBSNljDExYKCDApkxbbI4Q3hC2o0uisQzTwX2UZfT42CZnLJTIeiWIR2KhQ9FOj6i/AZeR+ipbG0NJ7EC0MqoMEoeMDy4T4ObYmkp4LslOxJE9xGbQinAojLPDxxa6CGyqHadMz2OzOCvsxab5EvaNkLsMGC4vDE6jUuuFIwCCDUfCV2yMXQdZEO3VEbYzqKssSMN9i9Q16HfoRnxCOhg8ZPWe5jQSbMfCEzkadIoXfRkxShn/RjQ3jVtkezoiK62TsG0wh9AxjUskesGWQy4FQT0YMJ7JLRiHxk2PYcJiCwjEjtD2kBbbEREQrsQXY3NIpuB3hXDIrsaEs8NrLBdbkbrwE6yEsnpHYyBvLhBMzuYj8mMlDCFedobA0ZFPCMW67RUsjNp0KPY1w55KGISIaxlbIEB7Qpb0ZsIVBIF7SO3Bitn2iYWTBqwQnyR0MqoT2Nr4mxtjFfLHAQW6xImR7HA7joWMXYJfRk0NhRgMIYa2IkNcJZHuIfBciYMGdbM8h3fBIGQ6PbyM/UhYNNpbNoNfZmmtCr8B9Roc3keQps/glGn7DHYQX2FdIMkdH6yIaBJM6risSjFhMdjmiTHE9izpvgKj2UEWcjpascaWsSieGxsJZkWMWOyERsZuxZTua1jUdKBwFBB4kpZXB9AO2jdg1eyqUSUyx/UdsdZqiWghsvsP7KFiyIujpAabWS+homyhiY02I0+J7GzAyCQS7lK030NKmnaKdhDVCITcIlLBJnAr2aaxFLY5LJjJbEZBHqGJumdcYGOfsXBIkKXHIMYhl5aW16MBF59jRqFdjsVMMplDm+h2432UVo4Idk9wWoKdCxo30NWB/YUhhekxLC6IhrRPoS7IYaLxpTVcEcCSXXGgGpXshDQgxGYkCyCKqQ/Am4LZWLWxBCBuKyhsPRGQMaEsBmWiKjUFyK4QSt9jN0e0zOAt4SKGbD0NThOeOTxgmKnR8J+UDi5csMnIe6ikCRjRaGFJRFpCarJa4NhGBniYm2RpwcrNw4CxorOFDyRPY0Y9CNodpQyRHhsjbY3di02Z8C9hZYPYx32dxlZggAg8o6sDUsCd7Y16PRFe+hKiywNJN5IbHRbHTWDIa0ZHBkIehyhOJ6CF0uIluuI0k6pdbAncwrZnFNyIeXiDjCzASx0S7IxiLML0gUTeBBohMT9PwphAdJcmBA2pwjTvEkmP8AgVagmG2K82Mk2ZCVldSRooEwMSWToDLYaMPXsJjI34DJlwCGE7HypMRl9CjlwZaM2T7jE2QZHZpMnAkKsQ9mLpMz7BMwcTX3CayxJsNu47ZV6ETDJCbhtCdaY2CTyEvbZg7F6xHoSH0z6Z9UWogvjLVsFH/gliojQD0hU7Y7M7ZiYOwxXLkvUE6QSfQRCHeMJFwaGzZFghfPJkiibIpqE4FxklHtg5RIVt1sT9oyeRsmKFloZBXMDZUQS9jSGmBeomYY+hjLKLLN04CawBLphklTLez/AEJ/+CEOGNijX/uP7He/4Few6k/94G1R0SS0ok9L/RF/+RBGL6CXCJxeDZR+NFw0NQQyRmNJj4V9tEtDlwHKYrKVHRi2XA+MMAjQyQqSK0KCmVBCMUMQ2UOE0Q1iaJrMzpBtnszNM2GIhpbeRN7GW2R2eFkeQkNpMHqlt0Y4EoExZX8NbP6ZZk/pcpuKreE90IIg0QOOEELSCgjpkyLggZRPh+RcFwhIyQguJ5QXLVEGscHRkC1mgrL0N0EhgqzsYCrZcBpvNiwM7DceElQ+gz4Gbn2Z4ysDWBD2JWyXoJPA5qEt54nxRhui+yQq0S5jGPmWv9GVDf0KQab/AECVoRBpriL2QQJGi8QSIQZSg1w+MCQl4Llifivivocpdsa8oYhIWgwiyIJBXQUyMkJL+j5YFohS4Q6aUGi0PLMWYaJkW+GiIJ+4e28mgz6ehkTBRzRk8lpZkV2lEK7DV0/ziRbhGnp/owISQ1wmMZGKjpnjZCTwpR8qENMXiheD4fCXkmNxE2CRjRCYPaYaG7FLg9bCQjNlFUiQj0GdiZhYYIS5xpsTgEoyC0kMHEMzxwf4P2YKMgtDhvThYRV1wXHFREHkbcJCXE5o3xBiJ46KYvFKf0wJlExsU4pSl4fFLxSjeBFqMA4Um6EOJCGiLtGho95Vi8RH2ZoGEQlKXCBiyMQxbHDuxcFqNkSoag9a6P3I54nwYmZAfpj6jErHGhn2amXE8iYJGIWQyjIicTzviYzRdDH24UuRrwxfBOUy+CMQsZYvQ5Fmj4myQ9BGdNwyjlVMpCArbGiuBMAWjYscFNzBIZNwb4ZTE4BFYgJbKqBd6Ptwx4oklPsVGkmElihk6URRBh3g5ci4TKi8XkpSlYmNvwbGgmiWhCGRIxRvgpRcLll4viiDEOTJfmxK1svsZ0zakdiRDETGRi1houEqZcQkoPSBOoWTSN6Me5MvAqO4WncG6ZGJrBRsho0y0W7ZYtQkbhiP/MPjEfAoGxTlfohmvIhrhF4aGNDgSTQ8vA/NKioouC8m+TLgyFVN9CHJNBjGapQaHvAfVoPZGXQ+gihmAcq0mahz4bGOIgkJniIpZYwrOgLEEmOFoww9RuHjC68WcbGyNx6LkonxSlfLD3wlw+GV0ozASfiaPghgNUnDcNeC5YD1cOjYT7JFvbbFDJgjwSQ3BCirRFGBZ4NhDnREORU0Bqa9GiGBeDCG1qHSZXEI3EjFYQ8YvOUuwxGzYhsWeQFoaAmxPA8BxDYTfocW3wnhRPkxMRCDSHypSdQ1R+FHww2Iog4Rw+XsT8GnDJabcGuTALQ6qJ6VZEwdKWRqR8CyHuYro2DI/alv3GzMKEDZNBN4K6RgZgzKYqpMxfY55JbF1NnaGJRBMmsZMaKQkwCeCXiiEBJIJp6uNhi4fglXC4oxRkMfYwQxcoh8Pi+RMuOb5aENybAw7ombyzJdkV8TO12hHYeakK8yFzE4feMxWhlQvQfw2nXJa0PEnkdEYTEvxiMzAKSoi9DexTEXKMNGRQKlwKJOC0MHYzJPY4kNniwCtEYKMTKUTHvjs0VDaMMcJwwtEg3kpUQY3wPXjbKUvEE4QjFm9CHMoJNjmzJS+8WAf0wQz2MzoZxUdhabHthizlcEMteF2w6XLEGIaHXKMJofvC1SHCDO4Geyot6cFZSkgiPhoTIciTWYBoUamLFpihZCyELRUiSDfCEQSJl4wODgxGgzvG2NPhWjpiKIaGjLzfMFgzfCg/6gyujLJaYwmg3Qi2Qv8RtnDBF5IsvWShaRJp8bx8D0JGhZWRsEKdGQdTM2piwsjAstcFF4nL4ZsItGPVIgoINk1M0MHgwcazG4LIkMQTE/IQwELkRBZNNTQYY1GNBccNxJip8LwnNOMbFns2mhAqilmSrAMUOGZEJgarElReBMMhuP/9oADAMBAAIAAwAAABDO7UMS029uqevu5OJOwTX1/ESkg0P1TfDQf79eP/FhHf7M5krEeaGEu87bIaY5bNNfXHuQGgyBV02zcadOf0dmoIjuKnwc0KiDAjHPKaKYEQjyoGtbskZ37lIC2e8ke9kW/HT+vdlzxeviPO7YaKJNpLWnBtPH1WCs/Uetqe9UktNUE1MIJfM7DLCFICg9v9uYpMLf9PnQ4XPa5X15sSoNsutdv1s4rFf9nlutMD68AvZOjXG9sfaCoCvdnV1/FUiW2/c7uMfklKAtdJd9uLOKRcAEHCxlgTpWjmMg4Pd/cHt1W8Hfn1tvGtMjPcUgVtPpKyN8c9t91Ut8ZWUeW6m2hSeqM0+JxfNcfOWxi6ffv/FEOazoJl8OnmL+UoFhiRoI3+fJHu89dawOQstHUSxjitt9FdUXTS32qTU++poSTK2JW1l2/Ko0J4M2vrBTddXanexA8cdUeVURLRUgbrFpScxAJKiEU9Sub5KDE2WiHN9+5YfO0nfdMEdlF/5laDTpM4ZzjpLSfoCUEJI1obl4cXKln0KRUTv/ALTr/Lz5fH/PKqMQTs67OWstyHEK/wAxv55T7P2rWuD+R06lR5/e37mkKY1nbUoKhkNbdqsDvh44cRA9S+FWIGo2HiUV0UT+2b63y8VN9qoHYRQqLaSMwcNbsdAdT158AqELQ8kz4V+cax+ScWS35vcUuILfhWjUYhw4T3AkkjzQ/Z10rrrH7Ty2f37077Xbc72ouMCnW8UboCPREGU0fGx9rwdwRU1VZF4ybGPeVT9U+E98eMdnJu9/EcFpgAUXfAWARaD+Z2RlXtSdVc81e2SAWi25y5IZy2ez12S6n9tnn/kYUflJ8PsiZ2HhSqCBoaUVrT4e+4578PWTnW37+TH33C+bSnAax0/Yy9+K+9FXaiAAmxvRW1x678lYMkoQw/YLPHawMs/57edP/VjymQGh6n8rLvf3e/7h9006ltQBPdT/AJig7n0HE/NsPdVt9YY206gVnm/9ZyHA7eZ8fN/kbNPFgTAkK+5Gi+bSJboAQaJOaLpFX7J688sXHZ5WvNQw7gb1Gbs/h+cIzYVrt5BnxH6Dk0UxWDuCaBWH23Fn239cxib5403bUNnsw0/nGtjEdJ6McNTgvwy3/Ef31nlxZENaOW8GUJCKALtHqpHT23631yKPi0u+NMZVI9XhdVctEs5CFMykZM9xXDdPAzX24F6a78B/km930q4XKTnjRT79P8OfhEa9xdMBRhxSPmcq2OyiULZVxhMG4OC0YOViMotKFcv/ANKtkBvOYpA/wWIPxWQfF1EHbu2+3ggFBsLguXeGIquqeFTNldgX452vB/CmgeVCn/hDsqwSRZn3cV9x5MlBqdkM8gf3xJiEcVt6qvfT+gkCHB+TzS1fZEk3B9jldNN/lVjDJDBnq/1+YYpvLmgn68tqQwe5r1r1Pqmo6Z2GWAtjQnBt5VhdufFG4zMsiOoZrVA819Uwitf1n5rL9QJ8nabgIuYoNFuwGG3JpDOAb8ruva5K/O9mYkiYq87dFFhv45IgFME8dnwCvNhufbd/No0guJkfaZpWN8Euc/edqxgMocNhF1MZ6EJ7lWC6W4pRxRXElsIbXUJAVfEQzOpGaCS21Dv51CkeP3zmdvzTPzF2p1YBIgFdvpomXLN2kUWq9ga6Sa/HTxQEx+rfEQ8Ajfrz9jtoznGESEcHY6lVI62so6agq0qqaohBdpAJKKCnJlbPAnLtXt18py/hHhlofbQIrv00IAWf5NHuLqx/XO+Io+Vt55D3jh8Np7SQXljVazy+/CGX79k62ss1L+KFhLmKfwZyKqNXRgcKnUrspVZlDhRmlxfila/+SIe0Ps/h/Lro/wC/EbvDcKg4Zywk5JGl+TV1zrh8CXfNTS0tokOusRvqtDDz1x7+6JMI6O9fj4ysUWa2hqW7ibIvCyRFGpuN9pjjtl2yrulK511VUb/O5hirp03FL/mjCceb6IIWELUR3eH7aFFauEo9fb9AS3zcWBW/KwwETF+squN5dDgFa4UcDQO4bm6wTqlZ8tETZa/FZ3SSYeEqsUMhAHwhtB9mt0HfMaTfG7RaSFPZ/YnBG4T4oku35VUnVIO4is6jkJK0ehEJVJQd/WKcGAja9CY6bebhVimrBy2BUR0guxSAJKDO957hHME6DYl5YJPPfQ5DvbCp/I51y/Sx5GRzRGFvCOkpMBd3r2hk0VZLs+ny2hZQKJbQVRwRabubwVcaMmY6rb5Rrm99GYQc/q4ZOK/npXdfHUaNPTaR9XYeD2V5fyogQOLSUanmbzVEs24bJ333wg/YYg43fAPY3ffQP334XoXPQvHYP3QX4P4fXPPQwnn/AP/EAB0RAAMBAQEBAQEBAAAAAAAAAAABERAgMDEhQUD/2gAIAQMBAT8QQxeaGLpix9rweTViGJelFsJj8YTH4N6sXssovKE/yXUMnE259PhXty+17usWoYuXwh8p4sWP/Iii5mNjLtLR61xRPyvF8Zw+lrFiXcLj8L3R6uEMvikTxYv9CH4InqvecwS1+C1j18LzQ/BZCei4eLlY+nlL4oYj8FCl8UQWQhOVlxLZ6rENCRCeKKUpS9tlF2iedWo+jXD5pdRS8UaELH7ohNYmhk8rk6Q8WX3XLFyh8rF2uZ6TViyYhj5usTGLGTwQ3k193UMRPV+yHr5XaxPqZFxBD4o2XwvjR+Ey8tcsWzqlz+CITWIfC8UMXLxDydQfgun6rFr4RMuIfD4hNWvudo/vV4WQghky9fzt+DQl5wnbRCEL22Lp+Kfki9Q+bRPFy8SJ6Lbs5RMpcouWhLt8fna4S5SH86vDJ2unq9KXUQff3yWraXhDZb5TKfRIbGLpIfD5WrYTliL3OVr+C6pfCE183i8SCGTtIePhcryfs3xCE1C5hNvd6ZB/OHykLJ1+8Uv+Fa2PYJE6WImPil/xTid3xnhBDQ1w/nkmXaXudUpSl7omN4xDyEJ4MoikxDYubC9JDP5jxH5iYxDQkT1SPwpcSGhei4eQhNQ2I+kJ5sR+YkNMSGsfrfNDfrCH8ExlaE2fuTleF249W31mUQ2Mm3J5Ut4XE1ISJ2hkEXVqeXbk4nEyl2EEPhPh7OIXHx8L3BEH4pYmf0bFtLjxrE+KQQxDF4Up8KUosutiZT6JDWJjL3OVwmMXFLxer0hZ9HjIIj6Yh8vVj8L3cerKNlKN0Tx/6p6ITJxPwnpCathOni8VwhvWy+ay6vJi8VkJsJ+CGIYnwif4UNiJs5SJiGKDS1Dxi2CPo/8AH+9wWfSDIt/gh4xD5P6Lv+CHwx9fwXDEPT1Z/8QAHREAAwEBAQADAQAAAAAAAAAAAAERECAwITFAQf/aAAgBAgEBPxC/ifpRi7QxCHy8fpCMbH1k7o9XCLio8Qy4vaCEJwNdzXzBIaFkykF4XiYkQRBD1ohCDfU2CJlEthNf3yh9JaufgZCEIQYuryu189whMJC1eNxoaF0kTEQm3hLGPiCRCE7fCxiyDUybMXbFt8F73hn2NQT5XD7axEyal22Nl7Q1jEMg8Xq9eMQli6Y8TLytePHi8l0xDFxOXqEPhDExiHqxeK6+T5GLpriERRPC1D4cPgWT8FKMRcQ8fYiGsTxctC/NNWvIIpdfi9RCdvxZSkFzOJwsvTRCC2eqHlLi8GLWxPweX8DxjfC1Dy8tjExPWuaTKXFqy+D4QvBb9jJi1fneXaLKN62LGIeQpMvSY+IT0hOF0xYxYuYuP6N4hi9Gh0XKWIZRYxrGxPFy2LWLlvV+J4mXGQbRconrZ98MQvsmPaLwYuEPEUeJlyDRBERDz7QsWsWLFs9mIe0Q9QhvHkgywQkNCFiGLm+iEvkZdq1i1DPjaU+xbR6xZMpOV4fI2feSkXBankIPo8ZcYurBfPC6hBoS2l6/osY1iQlr2ZBLp/IuEPHxT6LcSGterFxCF1ohMRZ2/gXyP4LRfPixdMYlk7XUxi4eMQ/OYhl26kQnUnEPrbcRceUkyfghBInN82T3nKx6tu0vo8pX0sfCy9vUhrJrEP0fo2Ioh/ghPCDRMerbiZRbOkP1pfC8taspRMhP1wnMxiGQguEP895oh8XUPLq1i9UPwm3hi8kiE1i9GIfVy9vxZRPU/J8tfhnC5aEuJ5Pl9XJzeb1CEFxSl2cTzfc/Eh5Bed6mfWp93mdru9XtcPV4JbBoSIQmwnc6nUEPVwkTYQnd6fHwQfDYmXwWMWwReKUv4Vr80Qngi+q15dRS8vtFKMWsXmuaXiExD4fLFlyeDEvFEIQhCYy8wmI++FvwTzTL4LaUu/YkXKUpeH9H9jF+FZ/PH+Yhix/fDxZ//8QAJhABAQEBAQACAwEBAQADAQEBAQARITFBURBhcYGRoSCxwdHh8P/aAAgBAQABPxCnyzkCXbsubIsjIJILOyTKWQ/AOT/V/n4CD8dv8jfr8ZslkBbZyF+uR2yywkRgLD8CSCcsYJDJjJ82nzPn6gPmQz2OM9s38f0s5nkLPZPuA38MFvGZxYgc3J1+Hpe+k+y7fMFpuJPuwnG45eRiSNy9sNEwUkGSDlhsYMA2FyzbLbbLB/GQXjDke2dj3c8kRxt2xgZ6+XT4jZ/sBnfw5Qc/VmeXVyT8B9wd5Z2f5Y/Uwc9kYLJhbJ0ksLKcgxnREQfM8+rdewH7kL1sAW6+fjA3FkSgzs6XHBZ8Fr1uXLH5LBLm8jTwjXzDPmxfm2tsON90GeQw6xpZ2EHEftBn4ZsdyA2dsEDZIJOQb+AXFlmRGbZnzDnxfMuOyb5CPbIHYOyI3W7fMGxiHN+IPpY+qZHGsJ4QaQd9s/cH7nnzB+44efgviZsh5NkLp/8AAwsJ55eyfEYmCDbNt2ePbPjZH3YPFvobD6wY+5O6F8/UcMHNg5BHvZ68v/becgeaZDrIOJMgvYryCBthYs/AaWcggmHspuRmXNmCyixYT+AF6Q9n/wD7LQ+7FOas/QfJlW4/E2WR8gS/39ibR6N5HgnrQh/Yp1GL0LO4/wDl84Zl8B0kNs/V/kc+PyHzHZ4vUknbmykMtnb4luN8eWb8Xl83rZ2IgmPo+bz5kBIgDqWD8QaYSYzq/N90n6y8QQn4/B6cLXcyzOkKnGU/Ng4OJYvIU9i+fxllkQ/J2zL5t55ZvbPwBTsYTkhch3Lo9I8+i9YxKldh81GWreG2qRfsh63RTEKHpPu/cv6tt94eQT9KRs4C+C+JHYtjKv03E5wg7+EgLD8Ny3fLvzMT7clNtJby9ssJtk38B2IOWSPfwPbhjH2OP6/CJ3dPLScnHxCSO2/GV3JRL8w/F/V7x0javPwG+zixiB2d+rGdIPq8/DzJ55DzsRry78wFgSvHC5mpAfWR+B+9cy6tTkFTB+llxPg7NmD+AyNJ0r8toZmzh7A+J34tU6w+0znPz9zcH9BFGg4j4g6dH3CP6sy/279X9TuR52f1byZ9mDbJ25JrHzdg32Qnb48u/E/i+mQ/ZLqXZ85H3kN+J/TJPyX+Qt8F+06e8s+Bnv2/uTCAkoeXU7OfUW7EGkc8k3fmJ7+Ty29Y4z1g5JdeRBtmS6xbeJWw/wAkCv8AyF+j62PgSLsO/VS5Lrum/Nj42xTNjflJ9wNteuSri0/gmXspCIHfRjDjXjKA+vSJ4b3XLPo/QIrhkMhPqXkeWJ/Vlxe3SP3M8g7AY2Qcmyz92P3dg+c/GNcvfk++SNr7lSY288nVlGmDPizu5I/V/EIkIHiTfY5IbHv+R5cESc/GX6v6sjWHbbN/Gz+DE63nl77AWWXhy/aR8iIEZ4iZs3ety6cZby4IeyciZGIBgdFh8GALFtRpYmMIByesJE0dSWIef+SB6YtQJD0rowRM+kxsRjSEej7Bnx/2BNKfrLY/D38Ht8/hIH5v/uxh+7lyfbD5tIe/q9uFaY5k69vHLrOSHywZ2dXyD6nD83MtLyF82CfxFk8f8vEnImG2ZZtifMce2lyzY5OJJHPZB8svPL+3Ifx57Df5E65bIGl8CxHj23vmEnYaRRx5a0DFk4GR9sHgupwQl9goNib9WBfEdmbVfMicHM+V2TS6gyMjFH5+bRRpkeMSEvRkNrHmanjbZPmOsOwF8z+NCHXy39XGwnl8xi3fibML0264n2XPbY5CJkx4vFmfH4f5JpJ6yGsOLDLX8GQ6/k5P0IP1Y+pZ5bHOL1sdiYTZyfqfI47DJ9i8uMg98uA/pOiYaCxufe4qD/pIDy0SSitfVZO287HuQZ/BVfGVe9y7PqxA/l3Xyzv1Nn4PBjp72TvYfN9/AsGxfORgX4nm/uRV7NkPJIn7hyaJ8kIMvxvL3B89khLn3rU/svfL929m7GZYTjZf2dT0ufMZMO3C9j3y95HWzGt10njsB5CLds5MQyAyZAR38gTMh0iG0HPxv7uvmGfuxhjYL+M/dkF3YJIzC68jPvtj8kkv0xChnVmX/m9gtMe1tx+sb1EiGbPQG/M7rif2PtASGADcTc/UgeIIku1/Vt3sry5b4fYAJ0xI1+NbJSmzAm53Ic+yw0+9mxZiZevJfDZD4bD7oyuiSHwv8vhHX5gPXen1AnZ9+yMM88v/AFPlsfg5Iy5HeSZ5MDIb5Cf5D+7Spt9sTlgfNut0+LN9s2A4zZG2IWbD4swv1CcuQ7Y3z8C/q/UkGzt/UcbNm8I/CmRl/uSGfIfdozwPXlgifrYKG/o2U5PPtLns/ZuOinFx/wD0l1eDj2Qqqn1bu7tru7s7GhJzC1zcLR5b3YJ3bZYhwAEfm2Q4STpFF34mdrGjkyB8yXeTyHZF7MznX+z+AWDnzE4LP3H1ZQbCZC97y8BzM2RPPJezkE8/G5M+Y85+E+/wTv4O+3Ni7yTsY9bCBst4Ts78ya6M78QNjtne2B5B8/jTYGeON+lx3cB+M1/A5etl42kdZxOQWYbGNlvfGQ7oeSAdefaXmJ8p2tfa7yri0YhymNeWqs8bwtc6GwMzOxz0ID5J9bYh29LE/sOTTnlit9PY/nbt5B3z/k3o/wBlh92xI6Xy0u/9l7IxjIP7IGhf02xU/oj1x9RmO/syRoi58tj4n7M5eRs72Xrvn1AEUaE9xwbYJxs722/s3j2TYPh+PfbhYJ32NPqOrYbIPLV3ZgI9k7Z+2c87GHLzy3+xuRjxkLdsMgG5kFvwlsDiyONj8H4HPwPbeWbI57FgmcEF46eSshPRes+/Cx8Y8o+BjZl+inqS5zYyN2Q+IEf1GVv4lnEnV5mU/WXtr42Dp2NO52fFlfiIgL/SAlfxNhrPuH7tyl6/rlztZ8ucmXUwPiz2fJex39pC0P2ywP0A2ZM9tsmkels8gvr+AP8AU42/DjOzq52AHVN58Sa+9+5MjywzsH0sLAs+bEgvkHI2Pfw8M8W4kl0g2YMvUex7Jvk8R52+Y8n2yV+ARccj8av8jsHxZsFxaXPu5f8AkDh6XbFMMEXVO8yGjG4BkUbnGeWpgj6iX40LrrOQ7mxbjtkrfDnkR0Mnfb6rPv6vJ7di/wDLUM6aZeYf5goCn6sNkf5aDgf5Og4gNHj4Li657ka9d+5Hm+Tunkq0H+knS/rZ9Hn6jA/c6eFwdGOnYO8YMz+xm0B+7AX7qwQwm8t55F/k89iA/l8+w/H4Zy/y8uz1bQR+4Ebn4H9SbDnk9Qx9/Cc5+JgwPibskS7xkQMtjsZfMP1H4Ng2Yzu8NlX8FozejY8GgZlskig/qMvy6GTersvzbOdeCGgke8JiNn5O3WnzLP7aPbM5ZTXfJSEn8gRRiIJThGgTQobz2xA7I2nIkDh5ZPLfDJQ9lsI8gjkb05KfMjOGXpanzkvhKT8MnB5LmPsfkvExYm4edPhsks5C4I/SVzhdPi7vl48kh+I63XJwyGQdwgvI+Umwz2cyD9/ghsbB7+E/GRNxPIfv8cSD8HGyd20+wt9k5fohVOGxBaBAP7N9gbaYkn1k5ZOBB3nl32yxukwuqfUNQslPo2CdZFuZYXIgeyc4R9EEEAEZB5YfiGci5GD+sH72GAtz9FzWPCcyB5ySG39ytJkIAwQHJhTzX5jMZr6nPgSTggHlw8nfiKPPurLcmfiXFsb5PRsn+79WZ+Hcg5N2NX8aWdvVvNhL24Q47Pbc9jY5qQ/28+J44TvsGQbrdy/c27P9h32D4WfdhthkGMwXzF83x7Y/drD+ot5GZIEddL+227p5eY9lOnmXDl8yyu2uTDsfMmpAH2TvjOnjag9ZB3mxanQ+oAgl9GSH248jnzDp7GR8lh9QWpl6XsCjCEHH4S7BasXJkYT5u4voySyoWMP7cfRJ+rCcsfYVTPSXauKtiHuIU63j+UP3KR24TbERk3S0kesGWGXjkG+3SGZeeXry1+Et/UPs/V82GwtjIwGXLDdufj58jv4JBMtsvr2SI6HxBS5df+w7rw/t0SAQMcPt10uNfMqnsCfM7k+xni2n12O8bTpCDysHZ5svhPzkci68Z8gJ5ZfmT6ZZJmZ8W9Z7d2OSQLU4J4Rf6fqOdI/c/wB/7C1eweHJfJtzyXfxrI0cez/SzxfD5gRkDxuwawYyXxf2CzvtnfYEDOWx9hdt3y/a+eF/kuchN7Y7yOF3fw7AlkAiR32yrSHEEllmM/y8/CxJ27JZ7dTkIbIXTJ6ryi2+eQpufB+59BmsIs9S5LyfLxIJfrgNZcIXxHNgRwTPZA6FhtiezDzyNX9XXzeocg/NwcZmmNrYImoR9soN/d0dot2OYORacT+WFunxjKfjYL22K9ghaxmSTR9LD75LzkLL9fjIGzvZ6gm6jhHPwe+TsD+HL15Zhs3x+F7lj+ENvxBeXIgmWmTbb29ZE8s+4svOQR2DOm/qIkDr2ON0wtIjBHL0n4m8/HLP4Ntm2l87bDligtQOQHgwACXNsFMmGvIuLsvEPm0I5IJ3Ibt6qWkFyd44/Vu5z+JD6H6l5P7wWg/WCKt2euT2JN0t/F8vuSmYtBigAWGEY6sDy+OTofhgvm5aXZPYHbNfZ34Y2V2X8FabCfgNntg9sfE63EBl5dO+F/khCzJviHPS9sh5ZthMZaW4HW5GOESoeA2bVsJaPsY5ljXYMt/JrEOC0WIIA+7sHxNgYwfEbZC6Ed0cthMuS/VwyOR05D7vnjLHs10bwA+p2Bf5PnO78yg50lEQf5LwM/t1x+L45GnzD3thdJm8HEhPuIRjOtvrQ0sH9XA326PI87LETm2FgQfuPsHeyM9ljby1+b5nCekOwuz+GS7Hkm8kZceP4aTnfL2dFo/GQ2xb22HfnLHH35Z1M7k3f8MHAX6fVt8HweMwhj04WwHfk+SQOPtkQwd2yOsN4fMxb8wmC+ce3nFnQl4E2mPJgGMLIyPuz93DxtZxjX1/As5PnZcJNKf1yU/sstUEQxtRIUwnpx5JvI35/DOcj9+/gF3eE9xitGAy082aPWfIy+IIPyHJ7eEvb5t5GMieX7TE5K7n4BsheXBYO3kmyJDjYW6f8ly2Jt/GTyG5NpcO/Fjs6k3Jl0YcGKkpeDmyYFSPcY9uGxOHpzf3c3jKQ0j2zx82xZCIhzbN5EOOQP6YfJyUnynBmYg9HkQ+wjeuh/t1gyzccWHsN/ZATQ/2R4FsactHxyYCQCzme5Nih8ifuwnl0Rxg19hfxzIuZ1/V5B7JOmXer7CteNA9tFeOl4mN3+8chz8e/j2bOwGdlqnhdTyx8z+p4GeSs+x2ztwet75Z93Piz8FT8DidVFlm2ZGbJK2ZmWQgib9RlR44xEyivHkkUExDuiJ3/bDDrrC8010/v412WEoRtjvlsuWy83/cLFkqBki66WM3HvlvCOeSJWZIQzQDCZuv1bhvfDtsz/q8lrx8gL/xgAWkA8tnnTYxx2fAB3k4HiBztgxqHBtnINmfUqWR4CxxLp40hi4GJoyg+lEtZXEb3Px2WYjv4SfJZZPtzs8iJo4yQy4b45dJNkyMlNgGCDCSz9yfH2L6/GGENY4v5HDYdsPuck7G3c8t+yR+FsdXbsRnIeumq3iQCLLiVx/sebNnT6tPcWI+IU6v2/uFfZsgb7Ei44t73W5De4QiYD9yca6xIm9uvUYwHIPQLEjT52aHHz2WP/JjWZ/WW7j9rMe082GQX+SAaibzh+rVN3LMB/dl9xDwtqSn1YGCeEfuJ95IQ1zGB0xrB5z4m8w3ElIcWbNjNr+0nfzF82ealT/Jku6oDF8/BP4O/hkkikLy3PI1+YIbueX9GTsaLyUeXvYDLqQH2P7K51upxvrkJOt+pYbbse9g+pGNu/dn23EsQeZAD7gkwsz5RhhX2nU1OHhAk6HO/ENLu+JZC8U2J1t1tLsQJ9kIQNCXPjPkGZA27/LuPkr4m/UzMVwWRYCtk8yH6sUcfqHIx/YExB/Z7hB9Xjv88kIOCEwdW7I9k7gXgbjT0EnC/qszh4wCM0tpxycojCujEyz4f8syDf5fBF8LgqiB/l9fH2BRBhbeXI5+HWS+Ie2QLUaWydE6scOyc5Z+CdkGAG3Et5y+Dbex7/kDnkkfu6eSmFbptzcvpJyTcwuXv/kxKVrtw3QeRPXrsQZ/9mYRBkRzNtBTRB9geHp83U7J38cMGOXhLYk8YQtlZZfXCHD6u4r8R9pv9t1rH4uh8QvBIn0ROo/l7+L/AHwsLlbhk+Qu7r/+TO68e8hXtfoNyBl8HZAff7ae+Rxj3YO7KN1SwtNiHHIcTfiyjoE5YWkDl8mKSdcewRD8Yx8zpCUD35tch1cJRqHhZN49k/Dxb+HdjY2WOTY5sneQr+D92Tv6t+7vwcsd7Ywff4A3xkfqdg4bcsa/lrB/GqyXls+z+F8nzMzmG7FrCmH/AGEcBLAzxuzBnHY8vd6Pu4+j/VADdThIHjYYBDMeLC63ZTlp1bcXy5wvl7GuvboEV+L1wZXp/cnWlsTgZc06ig8tvPl8IujbNA7A4mW5epFOxu85C/6hdm8LJ5aQBP1sKJrk7jV9/wAsmSEOmnkCcnwfiVvD6p1imSftjqaBIRxKLxETLvStr6U2fI9tWQx3v5Qzs+v/AMSc+Y/a/lveyix7YMs+Sw8z8Ovm36v/ACW8QbIfEZMfxl1Ownz7KbfeWucwbYV02+Sl795AYgHxLVuxHAj5AfCEMYg3luM2B2zcYgTJLh5Pr1j7nLAtR23CuR0GRekcZ4H1KkGn6nwu/OSKfUSAdkzEWqphyMJYbBFdjmBmWx4T3yH3AZyGRZuSP+x5TeTMB8rRYx3JzHH6kcbv6mZAfGWhYQxdtB6/GwX7iNbC3BLhPpYYH1b+r45Zvv5F/Dp/Lo5N1A+SGVz/AODOwG+/j1Mv1ZpZ+5Ijy0Cz5lWccvE2p9hIu9yB82G/jmDctQAbGZ6kb+pzMPLmuEhj1wtYeClhM5IQW5+YSV3loYWx2SThH+lyHl9/MQzzIxBzIbQxsZOPZfLOYH3ARP8ACeyuPuWrdHPEnxs3EsAjsNyDI8h2XGQObyJwNXb4yLKTuic939Qnxni63IUeg9vP4/MQB5cgGMijw3Dvpa+4c6/hj2+Yey3jloru+QdhZl8H4fZw+JD25e/g4eQmWcs5L4htX/g/D6n8h9xmz7yx+IdceW4R3tl185DhLvkHmyjAqFmWRf8A3YgW04Cl5EMKyPSRv5uOxfCeHl9gLQx3fjJ5Fx/cB+kNetl8NSGfpGnkS47kUr/iGtEBLsRciLjCS3LYOyW6fYs9uZ7aJANnhdl9l4pL2VQhOWBvRgRz+ieSn/5pbaA+DySgb5LGSnl7A1+rpMWyB07v/ljPLeeQ6z+1mWu3zsdhl3HS9t5+4fuZd8nCdvffwSOefh8j2Qy7shlmJLeufV47KSRfEfuBeuRjy8dmEjlsmt4gN5Bkwa+2BB840Ovvlt3EBskSZ3DPiduLI07EjtjlL9yvytcf6/Ue4r2JNcmd8WU3xah9T75fGIunT3L9nrLXET9TIf8AmxnnH6uIMPO22d/McyS+SMngW3XkI679QBcTGWD3kjJo6b82Cid+bQ+Q/kCbA7jEAc4R8Pts/X4hzvOQsMuGOzBrfORgXVGuWPzeMsfhxO0fwCOy7+VJT4np+A3EuWzkpNuE7H7ufjYBkb+ELJG6HWwYX9mza/8AFG7qfHd/hcojTMf5MYHdmEGYPP5LrgwUekKvDI/C2+QvguJ3GDtxB0/Nv+Q2GOlyb9RgQBgYXROSah/y15ZFyLluZAGsSHe2j7G42ClueX23HZdZHwbyIXRrdTTmZbsCbloNiEZzJVFIr/ZkWLhrZo7jS69/lxd+oX6/DbBtnGPX5jVodgD4jPqNdC13vxKM7/kc9jGwJSMz9xJryRJdDYS9fyUsHLv1ZZEx7fMn7jPwLT4QiBl0ML+yPgv8uSB+rgg3PiU+o3l3kBnbwvR+Lsd2w9gac4MEOIRpY3O3As+W8mOsgLkKXL6/M3DbvxCZL9RNntqoyHjBjj2BoXL5vsFa7dvm00Nw6yD5tHd/EzG/zFhhMNb0ANgEzOZZRzfMe3SRchd25zXg8bqCgbFn3L9fj2fxqzkSe2FuSaeRu55Gj0lfdo87d+2B8yfiBfYJG/z8bDnX8WiXZH/CMSclL+NLTZRJYfw5PkbOxtr9SuPOXAQ6S8eVG2ZObDsAZpKmq/uDFnwPSGF78OYyRh+yHOnIFuSPFhOXKctGdfiwnOS9W/gHIH4n9Z76R/C3Rx1yWYIeFtDSO3+Wzo42AfEv3EYwWZQ4ewnetg6eQBWH1ucA4iYUv2sp7yPWfPbcljvk/u0gvi8SdRuxuR1viemQZ3Za8gkhly69bH3Y+7PwSyPfw/8AFZ5BfpEgpeOXTtw9uWWSXxH7tPi/t56z3g9hyEQbYL0OS0hsxXC9Rvy/4WQpzBfMhNlbgId+ROg7jcIbP5S7q04vGBw+LeamED5j4G3kN8ZOjs7+LfbNfu1QNzI5yTck/Ug3BaI+bq5cy+1kyOQUXbGqAPVjK8mHy05WV278zxyYD6n25B+CyUZDeW8tk5cr8CmQOXrtghp+oAcldjvthOQfRP8ALI8/BtB7OPk+X6hmOp+pF+bpKw+5m9LKZkm3on2GfxnLnyWr4nPqczhBoPiJ35nVtA9W3F4Zcrd4fiXlk4e3fSNfAyu4Pstli2l0ASuGYwHfcggZC+TryI92DmxpnzaXYDHTyDvkPokfEDLLnBBhDEuQIenLYvBy3KvhGdGdMHPJslm9i76CIOI7koeWD19/AyQQTHtmH4Fvi12DnbQtJCXmDGbJ21eSPxLseWC9kAyWtiXv8JQZz0nOfEn1ZvzLnvZds7rfO7Ls+3k/g7PLZ1tS+tskfQ9g2sS2Pz4Z7aPt4PzIIezXsX3vo6ToT0GQGel1g+Vn7gpDyyHSKN7liMm5uth5iybjZYwy26WBrMi1AZjyDkmw7sUeStuxwjtkjHJuH0t0ieR7vjYjQ/tyetsSNMxvmYeWGcL58s2y+L5mIO7aJkfveknNjzrc+ttPi0PLUH5/Cu8v/u3efhx5Gxj829l5EVW+h8R0HGl79J1k4fVuXzeuQzZ+N/CcifbLyXnfJBR8ZZA4B3/kBNoT4ux+IHj/ACBYcs/5BpEfu4hCB/q9hGsdBXY4+zOl762bZP2yOQ8tQc/dpgPnSxRP9qTiSPCP0Cfd6C21dv5aIzGNhLmcexHko5bRy0K0ELsfL4TVn8nmvz8xkO29PmDwQYW8viXkeT/Ycm6wh5Ysz2nxOiAL17OPzP0ZPts/d5cdv0WayS/Ua3bELW+YYufxPUMeBsCOweG3Uc+bOQH4O2NjbM3kWfgmdf1cTPdsrRw/9tNHhX/JywAY0c40jm5gtjmukGEfTCBHx/Yw9f8ALr2ExydGPJs3SVYJ+2cgHmPi3nh16ZED94EZanuMf2B8QNhvmJckLNszl5vhtMiWdsI08l521FBdjAfWwfitTBIcvImLHM+7XJfcm28v8gzyfbi9uQfVx1PJzD7lYUmQ17ceWQr5vJ73CB38ZjKXiy/LOLl83Q200P2LtEQMajcFlD+HkTZn38fH4b2bz8FkrM6f9veVCcLbmE5y36gOszh9Vx0YND8t5osxI3s2wsgJIZ4fSXZxhJjvNTZTAfk/UKEP7k4OfcZrDFr1Ae7FuMwG9vollP8A4DhMyTxaEZZxPVth2Vw/7Gdi7uIhukC6Y+oMufjewyWGQDHPJj3PUQ9TPwdJJeclBsvxI6+bW12PIRcI99l2zbDfY4rLoxOwX7CfgTl14TyIYk5DbPse2RZN89g24w8mD1YzV7kf+zc9Rnl8PxvxBOcM6w3e+/8A/CIrHwb4LfUeevnL0AJWO7smzg9lfq/rLtALHaIDa/tYytyH4cvOjkZZL9OfMN1xs/GGmT7Ln54S8iHyEPbtr5C98kCFd/kZYwa/7ZE5jhDoZy9bv4apfF8SKwJPeW7dHkez6GyKp2F67Zp7+Gg8tJqvhlSvn2HluwvzL+7T/ZXINsz8A7aVjY1GCQG7trvIOwfgBckLCPPybeXy/HxE+XzKEwwPxvbjAvTsgCt8XfQQU9zlyJDP1ifs9Ztvz8pMmYGYfH3J++RMF+sWUNfrG6/uxnd7E+4PrOy3+8m30sTx8QAH+XYd7fLdAQbL8Af7HZT9bCn02NjMJjyO9l7ZMjYEO2frIYfcnIQ+icPS9Ir3HOyEg+2Gcg5JfH4P3JAsdg/U4tZzI6cgCXPY/u/6l/U7+OJbkthAz9z7PJipRHqVIhnpMYFswIrZfDLJMA+o9jUmWqWOztj8fEeSWXjJXf7pNOkd8R4gHZEG7B9JUB3g8g8p3I3JD7MHRsP9lA6WZgQ5ydIAuvuMer1kerfJDRs3I2yxOyjh/jLqb/1MZpz9z7p4x+gSqT8tmAfjIEFPyRQOfNgI8yE38WFkoBdRHN5fXacG/EcPyhjk2+IeXxeH4yzsEOWv1d+YeyY3D4vYcZdfqXnJ77ZP4YZBYQctn4QZBtvzO2mwe5DNPoblWk26xaQC82AD5Ey18XXt5ar+APz8T5+Ht4d7HoIfuNWBjsCU79BsOGuPWpUYnXgWKb484sqNXdv45dfIPs2OHjqD2d8rEb/mx7kSDso+FSLEnfAP+2wWvvljfpDsW2n5Q7/BhbHhsoXGwZEYnxCvY1Dc1gnZM/8AtEtmuc/GEG/MITMfIHKB2fIdLYn2Js7HkJa+JrW23JVPYJ7ctA6XXkdsn3JMmOPZ+jHLdsySVOnxZMHLbmPjI8UH4CNN0tCMf1Z4gGxAHRtrV+Ib1jps7Bl8QXxfPLPv8JJ+Q9L5Zy+jI3c7YA+L+efgYwdOPE+7rCegPLZPg5BM7ICpMv1d+RsPPuMhrtHxFYg/UHABhJrO69IJ+DYuOMi9eWTNnWCObLmcbdUZ9THaeTVt3exjHhJhsC9n8Ntgib1y8Oz27O3x2El7y+bLJWVe2GnbFviFvIpG/F0jY97H6Yex28ZkmfMsIdIuaMxyZ7b/AHjbfq/5iT1nD6hqvPiWsdE4dP2lrjywj2yd2D8Z+f8AbLySC8ey/q3eJDhh2NLTmQ8yy47bz9w+XE7DtaqXAYK65MQuQORbcHB9ZbM9s5HJAH/tl10tKdnXLt26eXcZlgbsATOmQ/8Ay3TAe7Lrh87ZGP4EPIfBvGy1TEcfw2SPVln7nbHI9jdmEj8IGzh/br21dlzyElJN/Cc3bXq9Xnt8ey3xGjGng9tro+ctCumFHywMB8uej/U8+RztqQPIHdF+1OymyNlJxjDyNs/cGT+CRg+5ct18mEfnGx/Dmw5zlihXhZfj0bYBu3K3H7yUO8nAYhO6EIANMbbYaezbC+p+pFWNS+HZW8Mkeo8g/IbMAJQbNsPzL+fIhuTdLryOe/h1L+NRsQksvEx4gbZluky55ZtmT5YsGCW+Wd7PfLITZ+8vaZzls5KmJk5MEvJRIKYnL9zxDfDtxAbLsdCyLxgv4nyH9W6fjGeEdNui1G1Wb2ZlrBBs8gjqXlpPficTIWAwxIkANB8R53CydInQL5LP5NZ0x8zkqdMYtZKhplkjdR7GuhcIwVCFrwn2GvNlPeCw9jKGMJxuHEhTyVguj5M0W+R+7Hzc/C27el0h5bt3LxszxYPZfi8fkcy5fMHYdv5L9275G33cn1x8Mm6JvNlXcxdwmMM5ZWAOXJHivFtiENBxETeAn7tJR+M3yN3s9sZ2cHLn5Ak+rV/AifMtOty5APlotvX4yeDBTy1BLaRZp7CnzsvNkdHWKn1swM52JiF5oZl8BIkvysNbMNydwFc5FwJ+7MGP5ZaEJwWTdxhyTGXZY3jHhifzkE8l5+XxKn38CPG1YvUHjOMmTbPfwTJZhsgVNOEQf6ZS35I+vlpxkO5EFY+ra5E+5PdEs5xHkYT5vkJ98hvfj8EOPu2z2UMG/EmW/q0+23IxPIch/V/EH6vDha3z7LLpD3M58xIFR4dIVla8OZIO245FQky/UQdO2YN9s2jYjtrfeTNGDgGfuHIfwwEN1sZ4g5OTn3kJP5LfqF3pHpDskVaF/V1Ykfgss+5L9wH3fLGessG3ry7aI36hN+y1aLTBs8nye+XybbEnOJfl7GD6RTH5m1fVirztgkOPqwLIvQGU4IerDnC+k1mcM71mEvpkNy8hhv5RD2+JgjFux9WjzJgs7Zb2GG9vn8N5Gbr5eLj7/wC3Boe/q747BNIycrEAY16MBXRKN3CM88n2KRQNbK+q2zChVmMAMs5yCkKSiHn41NaP1J3by3S+Ih/Bdtl7kF4Y4p9h0nFvbhYWnY5+AaQY23llnWYjiGzEdmjvlnHbKe9uZfV9Y9m4gIAh8TZkA36YVT899kgAFrdun2GJUHJBfu5b+NfwCeH/AMCBPIWe2W5H9tyzO23Ty1zb120+Qc7LL6fbG2/Jsx/2HGI7EfSTXeSc6gOwUD4tT8IHi2Om3sAaMGoCL7F8J7Om2z2M5aPJ57fZAPCAkiujgw7zi5v3Zb2XL6ljPm+beT6l1uDlu/l2Fy6nmXs5jNb1mISI+T2bQWYRDs90iNEuMgfqqXHXz5suh24LZ2+eYuZEAGvwMSW77rFdWsNYBGYke+Wa+WTfH4vX8Ehf7GsocuyXPg/G6ZD4ky8cgPmesPJZnvJB25qRP3CROVzBmQ/t96zO8t3G6QuMuJschEmZDA7D5EuSAbto/MD2QuM5nssZeQ08hYBfi+meKx4D+qw6HH+SPxZdfj1+A5Pn401sG/i+fgXPLbLkZ+CwhgSvjl2SVujmS0QPb2yfSb19WTPMYBDPLB9Imln1IZQHf3LW/sPiU+QfEjj43Iw3YF7tvORvzezwlz8NsRjHD8E+p/GWg252azS2wf03d7OjuXtNZeMJXcGRuaayGyzxuZjIDpt9ZPw2sGzkbMzOSADBcg3L5Lswdut/Ruu6hGmDJndl7t+qVbA7cPjvsjSz4cGViRvwM6IrNfM3kb7FCDfBbdNMz9S5PY5D+Dj/AMtJPz+9+n4+Z/sZcyeieXQVC0tswm3OR8PIRJyHFieMY65l3BX70QpWpxs/4kX5rGc8gOU8xbB6dG9Xv46JMj8ZcyOp9/Gj87J23Cew/EO2aSMefHq+tMLp/wCyYH8GNWnXzsmhvsDZSHNEn1MOkuNvcfZnI7OAzyBdnas/mQPsKfFmQe3fY9ch4k9uIYuF+SC9ZPi4SHvRI8DHAx2cdXJsWAOaY2XSfjYgRHb1ZHL1jF3kP3bZ8/jcIfwC/sCA4gyPZM4TGTgbKR5az9RAzyMIWtOZJ4fU3PJGPZ52BCwPMInjc+iyaekpI12LamkuOKScsSkDkHLLkwzbl4x2+IMG8Qc2+bgamwwE1Vyxxjx+soSXfUDVa/hcrp/GdsgIF+kPYKFk95ZTr/yHyQz7dpLi3gQ0a+yThazsnbNt/wCQiyv/AMnG3ceW+ez8MGfauYsj4/cGqdztm4J4R3+oWaH1hNxO/cbvtnP/AIXQJbPsL97KzT2zObcHth8SMV4E62ZKjV2ADfYvN8lF+J5D5gBnrbLPq6T6vmfUHOWtOtqTe/MmJ9luAT4ZO46eTImJekDgLKf1en4PDt5vj/4H5HYc/LeM3yck+fI+db1kVd8VZHVo369nd5lvz5gzyIOFsd/Vke2svu2XTyVMQZxBx3shgdiEbd0yRBkeGHOR4jchJa6fF/1ebzWLrvUtOA5n2ImkeI3d/wDbMHw/7bPf8JLF5Dyn94adAT+Fb9HJTSsftnydoYhOgZN7t7YT1uhpbLhy28dsR3ISHkTun9WFNxuWRd7kVXeSyPeQ/wCUYLALKPJEkk+zTEhVds0d5fJyucfqzkXRcW/jPwONz8AkU/B7L66/qfgce7OT9lWR13w8/wCynTdkd8ufH54+fwHTyOmQZEhC4Nh/sG/uGqQMVf8AYYCCyloSY8st+V15f1LDtluT33l0PnLMU39Jh0/EIfYrxDz4ixvthbfIn5Qkj5l2kjztgjoc0vFiw0jj5t4h5dFj5tl+i6kLvZaLp9SKr2//AFIAjFByD9WbLltn0sodwnaoPONv/COyAGe3SnYkHo9tVXH1Z3ez0nGQNzR2JGtJhKWcgbmWW2/hIELffZSwE8fZkokfutUW5pKVZ11lVwd9tKb20+Jy+Y6ly2ly3I1YijvxGZJryG42H9lDXkf3C5GE6H1aYO3Iy8XhPfJM2BWyO303xGzMus5l1dP95C8xM36+ZgD48vh92Tqk7n2BeinbW/rLEKEg3/oYTjl9AYI0Rk/JDpP7gA2OJX4jwsq3FJYOp9vti/dMS8tl3yxVpn4Zo4z21NP1fNfiww8xl6fVnbr5sseb/wDAgfqPLCPE/wAYvp2CPWWD9R582f8Aw48j9ydvn8LhuH+yrrByVcv9y7A89bqbDra36/UzbH7vVvxAsGewnxDvkGmQ7GRhheKFnkPSTEA+LMMpiu2AE5s0XLmvulCdXTDOJchBDRgECGmsVgRPsJg/ugIXswCQTT2Z6gbGOEjOWJlGOyy7PvJqYf5F6Ri2jk2PEScQcOoVsZcsvN+IdPp7aWvxYLIkWIDy04PLRvu1rixRjGx7e8kyPiC8viT9fjfuQH7jXAFsN3yHv3D2CMSmCB+S/qXPi2P7ePZ5L8vk9NOxr2zTXhM3puvZLzlhJOofbbXyyEHXWHyvZ7JIRONhKn4wy/ufPOyx7eu3zBl2QvKhLPifbANoOhY2sl2GsCs5G8BsqGuXkyNsEa/cq4WZ5kJ05DRl0mVambZSt+WO7qzCxJJAELK7Cati42f7fIkdCiyZELY5AdAy8LRHMMcBbEI7+rJOfu4QD7hTfDy4Sivjd/8AoQdKZwxBhwjOjOGhv3KQqocEPswdkJjyMicR48jvzH7XB7YoHYb6L7B0Z6nk+CUVwXScxvfiED4uSbHH4YObv+WcXz/9TT40bW1v+35/9lG/vWXXTv8As99JEjIHk48n6W/S7Z9xH2DJsSYJFnwsQbAAvZJ08unTJ/lyFmtm62T6ykDZD9cvCUGMlWmbOmLljqkPfiDCt434lOfty5bvwJQDEfwcgIkSpm8+pAasBuifuskHe7BvNw82eNnPei4iwhpHd4hdwhEzIA+5cfjyLDZ9Il35gBNN3UOgeQkF7GhB8xJAoXDnb+TzMH5QJhGPshb/AKurTt3YMA4/y42t+Y8wQOu7YbmPOxJR3v4G79kZndkfJwA/bjM+IL8pC5vyuge/dvunsY8d+4v1YycE69v/AFazPvZSwyN5+QB2OkZ4bVjsOAZ4NjQO3Rk3XFjwI3CxwBX+2ATGLpTOG6Fi9gUJgclcXGm1D8W+XCITCWI6h8gLQOs97eYmN5rsmUN3UZnoQjwkSGThx/yDzQRcKjVwIg65/ZDpT+wccf7eAYuIBkTrGRl55J+QybVQK5e5kv53zZnRkce5HBWRtQI5jGAUk/M3JumpDks/DChR+TEjx+0G/GMNO28TR/BfUNuOiQ3cy2Y49lIeC5kYSH5tA+A+djQwcB+ZmI8Cha8WsBktLB+LR7BvsCoTDcL57XfJ36unpZ2DPCXfJNll70yxmWMiMBI2SIRPmF1ZjkHex1eBF6fLBqyBijCxeIsJ2ILMe5dhTIwMRPo4WE126tuzbHEHE6uckfJPaJB+HIYEaR9hBPygfKD6WjWxwXHNSmzcgTdsUeThvMrmbMbI6+H92iiv1b3ggbOFzAMFs/8AIdIWqZyA7UOxAsBljNnT7Z6uHGz54uR4uc+I80ljERpD5EEG31nJ/YOQagEdOHSTFT7d/wCQK3EfO+RkMXwcmh8mPlEfEfSb4uHfZQzO2h2w6ew3lk9kLi2L32O+eQt7B9Wr0tx8vr7G50tDpGHtk6th9xkB0XETEedtPosndP5ep3/lg5/E7ANT+7BB/cs9egg807z1aQPZvvqbikvRIwK0zxIZXr5jKacfW3/+0hzt3h7CN8LGIx0cP7JecSW+t/dlYcyL8kocxvkC6cS4kyTCB0TE4/7BGHCzCJB/EWd4fzduMNGZp/SFL2CxbaOY2Z0p83K5PkOjIb7AL7LEPH2+MfD8AI+/xDgMmV+oEfbrX1gXfHW8fB/kMYXgMGXWj+IB0/ttSCa8NjOh2d5M3nYXYLA7CFyCbN/DL7O2Px7M+kC8l9SQPPI7yQ3aOW2mdhrI5kCRQ6MvXt+9/t5URROrV4ZLhI0xtwCvkWUrrmf5dlVgzrCwc5m9llymRGgsQpeLMLqB9h0+oy+J+70CjsX2+M/EQd+LQHFkjH+wc4FGxlr4YuZpPRqCWLYUUj5h/WMv/wBojBB/NlDwJbF5Fae/F+ithRBet7wc9tuNQ/iJn0mlgkQxk5DvLPQ4R6P3ZhbDl5YQfVhxuwOBr+7YnQ7K8QYHslbF6psfAFkaeHwWqyb+ISrnxG+Yc+YkI/5B1C8oybKBunDbGaEx6j44F8IZdOuEt9beTZubsQdZVPU9hAUUV+kYnpLyk7NL1O3KE8QbyB4PYg2xNP8AtkBZ/Y+T/wC/in1kw/A7+oENkQ+UQDD+Rxgr4ztu0ywVZsoPgx3vZAwH+Rm0SQwGB4YA1Z6rkh9JejsN/S2b7FcbI0YfryDe9s/FjwLf7I/ZBbsEwuzo5SPYBOb0WbDj+7goMOpMfm3GeQfK3g3SfwRZGM9/B75CxNcv+xIYWGJEwsPvy1TMQcPiN9L8sqRqlgPD9QDN3WIF6TlAZJ5YR1AkkHS+9WF84wGxnIz2bCacniQJ5fiXUfI+lsL7Ma9uGdutfFrEsWx/hJ/qIjnGwMDfu14C3IB+LOEGG8DC6DkLqP8Aix8GWMNIhmK23qYm6JwJc+LqmCNR5z9TgBkM8H0zQPF0rH6lI3ZkByWLW9RuYLJotEhoeSczY+e7dLeSQGm0N6/Ul7Fld9b1bPca22Ju26wXMsBnnGwGmymxZyE1MYS27e/Uh5llohmNh8UgHJ9RZmeG2AO+kezqRHq2AEHy36Ia6WeBdDnxEesjGt7i78zJnsrtcu4YUvETj+31EY9Z9uEluuS81FtWPAvW9hvbPAvLqbZ4GDj1HhmSnskZ9RGQxAcJOYusKH4RAvwREKDIQbA7+5T4P7BuGMBa8gclxgbY4c/yQ9EmEyYMGQDTM+bcH+QnkXkA/u6HB8mHQ/DlnlmPK2YDYubHQq5LHvZE4qXyZqzTqZ8DYvEu+Qb5UCTT428DstakzOGwfGXCWcSeuG/d3eahzOWqNjyGOZyfoxgDh83XifGLVqrwNx5bzvzdn1+Aeey7sukuHzHvaAP9uWPrPSkbnk3vrDjF2I8vlfLkszfEm43Yj5WFu26jtQCQO4wgm7V3k4Ts5vSP5cN2RdSBd5DHoW7vkfnV6VCKmWaDJw7Fj6LlaYScf/LVn/3lYP8ArbC6QOoREzx8rKimkd8HPgmzozK15GxQ+/qdB+OrNN5XwhP3MeHfCH5L131LxWVBOSR9ZH1QDo7MeoB3pt3CWmrcVd+8WkMk/wAn7EYEDP5a7lnE/wDJM/8AzPtwknDX9QkMcnLjHk8k4EyPxctcOwrjnbPfEiJ5yc+5HxK0ttrPSEemJNsS8s1nAvIPfJFzhF9iwbLyZnYZ5CdexrrCyYNszjxvknJoGn4pkj2IjwlO0lMl/tu6JBPofqGIHWw7/wARTE3GzvlKBST5i2BjL9tjgwUBxobGpDFNiDJH0LV15jGGpGCZaOXW+riCU0FM7tPqBxX8aXcusHd1n8HLCaWwwd/ZMuRMMnmA/tyfBZQuPmL2MP3AOyXC0CLPqQDhrFw1tuPqAziU3MRP9jkpKTOROXEcYM7j1YXyWrHGMua3HByU87C9JOVkHx23CJyvNu68tz1ILuDGDAYuMp/Y1fVq4BOLZ3XYQpybHQsffP1EmltcuBDjWWzx+7oeiR9BAOdlkNG2A6BHOz+rDSUkK3UolFukq0O3EPN+Jnzz9zHIdoJ9QRxAfq7oG3rmSkEf22mJX7jGOsI+v+SPSYDd/pJI/wDYIa8iHlIqAB7IBb/kJTDkgOrP3bhF24IH9bPrAkjQ/wDuAtTt7oP5b4RbR0f8t8k2cB+28g1+o04n9ihoPt6m342XGdtdmWOg/Aa8y3CgvtGwGyrztg4gD92WUWVyxhnG3YHLFwSHAD+zhg2BvwRfLSwYCQPwhCGF3vc790injkBQP/JMF5kf6KkF4/kdqH6h4JvzDdWPljLd5bof1eZRftaZHrMnPJ7fUxZjs8hzWs6rhyx1efcHUsrKb27/ABvkAlGIPkGHtHwP+SWAECjnr+1gTNsHBESdO/yxAD/J2Tf5F5xv7tmhX9zLfH1fGeXIDbCh2Lv/AJWfOP3cLp8WLRz7ks1tjaGQhiF1AyXoytu5yAxOYxhZAdZxRl80YRwOF4XLZurlIIxiR2f7HxXGCCWXqyyenJAa8h4nL2wwu/jmprBheAxXvLia1GNOwPvLFgzmOwwiDrt8htqtk73ZGRFz8GBLIwG3u+rWbcgT7LxUHyYg+IIbLzvftjRbn7s68QbFAGYGO8gg2Lr+Vu2kyzJPHzOLzg4f8tgNfqeQIQPb2ES7MONmC85bH4PmxD/uBwgQvGxTVjDmVmYeP/FrSxauP7sF3Gl2hk6ef26w/wAkOCEwHNNT/Z37bGvL2bxsQgvrbUR2K+jcEZDb8/V4eR75McT/AHZNHI8V22fdabySbTYs8QD8f5JwYvzy8frD4wQDS2G4dt8zjbGY2cfG4A2czB7HJztiOhCeyzEHDTf7cc0IHtP+2qvM1OE/tj4m3ZMGIXcz+zvD+bDO8QaKMs26zrr6Se7mfFnfL7kOxX6QVsNa9+rIeKcs/esHE79So/SagmyDJ/k2NwmhwEkwx+0mghv7iywzWLsvqFG2t3peDckPPJAngsE2NgXqRDq+LYnBtSHb1HC5jFs8zk4o6SURhdB3cQBgNTfSSp0j9t7jlhPU4vqaBLQGCoknTW50dTyZqWP0YA8iHDKtiz/yL5oQeJ9JAdmw2+Za1YwdIs5RJlk7fU5Io1GmdHYvxkNRdQYs6cnhyCDqnZSkTHjcEuDr2A31m9X+R2qySBOEfKYg67aQhZV9in/3yeqy8dOSQ1t1rkciJdWafS2w7O9Mjjn+pYPtmuBaUBlFOJaR0XDWv1YuGMT6gSKqw17yGn5vsYn2Cngsp/smNng5toXtz83gW8lLAm5CB6/VovY8bccmwYCTNLD8SMHCVvqF1gperHBFtbsspHJGtAgd6IsNIXIn+Stfb6ncTn4w6prOODf2Wkg3fghz5JTxyz1fwIyNBsRpGEBN9P8ATO9mQzpP7AhGWzheCRmO6h8nZhKR6/jQjLz+QcJyP5khDSkYhEkCEsXJbEpNsQyC0YxHBsA49RZoJJ2O/EjnKMMJO6bjmo5rmDdQeX0Ik5M2xBCz77j9wD+SgECKA6y1hJ/LfGfu8sCQYl/lgDtk6JMPeRsC49icBrIHX3gSGuxubmEvtP7+ONBDrPmAS+rmoLywlN0tdP1MJqE3EsZ+4r6LYPUp+okjm3KtXzPR8PiAA9Tvf+IoNh4fUqvY2STMYEfyDQcsuDyQEYfD7sx/icdDZ/gyU1cgM7S8vWf+wJSDsiPqS4DJVTercpOMmx82Vxj+o2i7TZ8mxhVIK97uzUzBpuDriNHDyx0ht9ovCSDGDrCFHjdAdyXY9lYZHKcsGdfu7HuQA2aRgb6uvjLIppLusDyKQvs39Wa3Iew9sWLzTyZZ5NMbLBS7nxZgCwDkOmhyI/yLnnlsHI6ojz7s2b2aNTYn6klBT1avMOdmLJmSD9XBZR2AmnFqNqh0Nspu4wrDjYyFfHLO+ZGkxOdurHT4sIcSP68+LrPZIddMxx5aosEudgj4fzdOof2Ch/kxtBDPvFBEzqRQQH1I3n+QukD4Olh5p39R4y6ia3BMEXvllW8szNtNahx7cGg/clnr9yc0z2GP7s6sQ2Q9sj1YJQSl0hTm2k9PuGBgbTCbAMn2RxjmP3eAO/F3Iz6vjEt0Z+7Gu8i+W3cPEMZkiGJCnL9JAHgSa2PBPIA0K3YcXBA0i72zB7cSjsaB8Wx4RXB/t1glhmEkGTdPd/UUUZKAYXlqIycgQy2hL8OyChz7bMvn4WuxkBBEwJ85ApdWzK0QMDr6vlBqRz4VvztpE1ZnlhEwrN6Tto7BRrSRSmt8T6j4MMjK2pBbi2wWFh0bM/p8whP9GKz3+rpKrbBUlCE+bWXLVn6IH8sS3ZvSnyMW+6tsF3QS4XloEhSez1k8zgyHIX7Nm58Qy/yERaIS7A4Q3C2fidg+uQNCAg2VdOQhpDF4YO4wEakvHsk2Ouj0hp6kFBmnsPrB7dkAzAIh3bPvxCpeJ182coDH4hJziQnZXwIkiX2MQ1X2AFBtpBmPls53y16YvGc5JvAsHGjnk0W18Rh19kyMTPqGI6PqGXN7H0fEwfpCCFPphB365sXwGpN5grAx2Z4TOoQoFB2dHPY1vjK1ONhTo7Ch6OEv8EGwCA9A2W/uQd8+XOT7S7MxOnX+Q6//AHkO8ZOcxk4d2fOsh5Cej5P+Ee/+iweifyROsa2dhmVfB2xHOSz3JtPWSRchtsp7cWIX7kw59g/7JiclP2JzlnUbatYDTmTAzM47faTVMbnp82+WRpAXXsWj1ZOdsodTvBmQN0ncFtfYC0hs6mp9PG3Eef2JhZZg28dz+w0o5f8AAkerPNkNmdH4svkPvxKbZz2viFuDD8Mem6tgp0skMhG5PbwHc9iHxf5dAfj4sDvkRbENYdwVG5HR3EiLGi7/ANvsTf1JzD4fUjUho9v3OAzozrbXFPAuyPX1BCA+2bBr/U6QpvjaP/BDi3jfI+x1JPFDQ5Fxcj4YyOphjhI4MtvXsQAwWrutmdUsHL6Cllu5z9xod84fqKQSMz1skSyOP8jPOWFM7ex2ahpJ/wD3ykVETWmsizAbHLutghyYyOs0HU+0kjcwAPf3kR3F/GH7CyATOaGyKFbGEwned5HwYw9OT8GXwBAVzkny0g9e3ynZPQLPij7Pbye81cnPDs+FufcQczs2bROkBga7hJbl562AX+JW1v2Lgh+gRFakIc7LyofcQ3y8J7zEoXPmSCfpdNGVC4u7D4Ng8cJsWd6Pxw9smfJAvyZbh9iHvlzP15MB04Q8wbP8XcOsrAhiGCnddthvHxIHcchXE1hqcadhZdLJ3mfFmgTmLgw2DMXpJ0Uk3WkYne6h1iAFsFzPqIaJyYPyBRfmIEY7wKNwIMfmFnrnb3rHkyTeFyBBZkbp3+yr/wBET1RNgaWsdlsbtQa57b6MkRxsvGbJ7FYx1lsHuz8HW0EQe7C+W4cfSJLG++lqH7tMR05ey8lDvJfH4WHTlk1UnBKLK4ebFBgQZ9Pmd0W3QSQoGyP4MnRcPjZaBwl6f8SaEfKKXofiYHOZEM5CgeooTpYg4eH/ACVbuttjDup9HwWB0kD1gSTwYPKGxG4ZYyTwVwhv0TNTctZyepyl7fwj3Fs2kYwjFrCYOIYkGtvTJbHo+JG+ksENvi+5q0ZBH1LGB9Wc8n9sG5f1svb27zjZzXlyDa2Oe5bhhZlvG/u4CgfHM7wf6su72K7TkBvUCMMP7A4EnHxD8ERRSd37tKMQ1ywM7BMLxGCdeJXwMGxOSaYcslFcSaWHUduJ0ST5UkjWE+ZvPFncgYr2XEO5OcTkrrX3bPMd3Z0vxkWd6F2DrpepgiRdJwfCsxoPPu2G78ckCWDpJqcz7kxHYKSA+Rkh7J2SV9y0G9LYoB/I6cun9u2aMMPtEge07N43z7mTNtD4vO7Jqbtrn8JQCaFp7J+BkqFJ3Q25LcsB+IFYOudbPzBNJ1zyKxo2A+EA66y2QH9mftJE2wtZjC8E4GluiORZ+EBmYGoiHoG08NsXfEDu07vi9cv6kOrn6smoP5DtfhhTvpF3UxcaIMqwzvttEHSoRbNQ4ivMrKeTh+rPhJ5xP3AidnDILqb9WvBsaD+B/knCv+RhQNkeFD0Hv2zK/llDSdgzfmYHAfU+fH9WKHHuRzvOTcL/AN3U4Z9MQMiMb2g/uDnViRDDLRCAvuNOHYxH6g79JeZuy14kblMXYJ42D95ODrBI91uELMuuBaIMLl0uT3s/uinYssidZB1/kbBk2vGM0/5AHnkDsMhTAtlOSxTn1L3OSUzBYbivzJU3Uzk45I+J9sHxH8ucov7kvRIBoUfqPIv3atSBOOSPsRxRlPxneuQR8X9tpxN4df5JfS3PYtmge+SZwz9E88a+ryGH9QADb9F7p/yciX8XiH/LgmsiNx/V41/5JYZ/pPTUD+QhV/kRwP5dQxmNTdXjZG5/t5+v9sfrZDdbIeE/cp10/kJ//CMc4fyC0X+WjQ/ZO4T+JnqE+Y0lH6C7KWaDDW8xfNvNNeEfJnEcO4blWsDmSAjSbAFycG+QxfsUTn6yXQSaJA5AFTt/HD9WH4v3ylam5BAfN5MGiIQ9JnDglFdhfRLhxzEr9nWByWhNNswJwHy2GGQGUU1jNflajvI9B5ZtPZLw/cMMN/sC1/vYUf8A0hOzY81mCX8iqDP5bPP8JZj+urYo/wB3uX/Lgi/24rmBZhslXJfiN6x/kron/YwGpMHefufFSwww/wCSgnOB9AyddAH+Qy+f8lmD5AGuWl9z/IRE4eOwvn8JBrYx+4LMk7IttCdaXbGBOn6WnIDnFfISbrsstMQ72zV8gAloMD9w0o3IpMFgakA11ej726NufHl09DPZ4s+PZ6HscA5cnUsyvYMXyYnHLpyW5fmVdAnzEoDts47dEZKmp5PdAuTz4A2yffu3ruPwQ88cZVPr82EBxI6cxG6U6EF+p+hz9WYuAfDL6+Pq8+T+y5gv5L9F9FtBf8tm8/tbA+v2LD/jIZgfzLsd/BOdv7PYwsH2NkI3+XKOfQSPB/l9Y/5IftB8OQD1Z4YuweeWncGIHlweWHpGHycE38ITfLxLhlro/g65L+r+YP1JsYOz+rY1+IGTnskbzZEQhH8Bvj3ZwHRAwGad1+JM6+8gmZYXRi7GMiBIGREkwzftg/c2LX3llx/sAnp9kgL+psPi54yyJCM9tmsD5sx5K9bDh2DOduLR2GeT+RPYvbhDqM31dcip6YHE55u+z7vgQoQNcAt16f1ZQU+id1kyI79bGGJ8Gl3cj9wHF/oRxgP2IH/wo2c4/q+Dcg3ry2NdQ7uM/AX/ABnBH1vYSaySlt295rhJzuQAgJMeQbw/Ak5GS7+PZYWj2fwtuzJfwluQ7P5fLTn4CiIaGdcFhKc+rNv/AHHfaA4uWcPZ+WhcKGxzb4WwGNgwbAHxZGOy6diDpDnPLsTy0e749tnbrPu2QDixbjDgZ2+W2Eb0bIBsAD4bLB7aHLo+kmzrZ/2Fm8ITqPqZLtn3yFA8/Upw/wCR4wMJ7z6/HByPIQkbUcgwB5fqiG5B8uWTm7YVy5tuX6zqaeSn5gU9hwEIHzLsf2fYNsx8hdF5fEFxDyU9/A8iN+Zz6lTw5AlsN73GN4wDq4Xm96ld4QIPiLzxuT/Yv6gxBGLj8C5aJ+Et5jkIDn+zjZk59Wc1tSBgKETZ7Ojr2+dF4ibKHTLTxPnkeocvPNM8cHY3TxLZTqzHOQ3OJ9Z4/RLkx55DnFd+5sd2eLrYez8/bwElgMuX2WECEJReTgtI8tJxgnzB9hLu3Pi+b++WD5MSuM/FOHklZG+', DATE '1973-04-28', 'Budapest', 'Hungría', 'nadador profesional', true, 'ROLE_USER')
2017-12-20 20:14:30.931 [main] ERROR o.h.tool.hbm2ddl.SchemaExport -
				Duplicate entry '18' for key 'PRIMARY'
2017-12-20 20:14:30.933 [main] ERROR o.h.tool.hbm2ddl.SchemaExport -
				HHH000388: Unsuccessful: insert into account (id, email, password, username, name, surname, image, birthday, city, country, bio, privateAccount, role) values (19, 'diego@festis.es', '$2a$10$Tt.xX1i5lzepgcLs1wNH/O3EqLA4Nxy8pPuhtB36Z2lEg2TeOOY7.', 'diegosl', 'Diego', 'Sánchez', '/9j/4AAQSkZJRgABAQAAAQABAAD/2wBDAAYEBQYFBAYGBQYHBwYIChAKCgkJChQODwwQFxQYGBcUFhYaHSUfGhsjHBYWICwgIyYnKSopGR8tMC0oMCUoKSj/2wBDAQcHBwoIChMKChMoGhYaKCgoKCgoKCgoKCgoKCgoKCgoKCgoKCgoKCgoKCgoKCgoKCgoKCgoKCgoKCgoKCgoKCj/wgARCAMmAuADASIAAhEBAxEB/8QAHAAAAgMBAQEBAAAAAAAAAAAAAAECAwQFBgcI/8QAFgEBAQEAAAAAAAAAAAAAAAAAAAEC/9oADAMBAAIQAxAAAAH1TZhEkLGTEBkJsVMEABMIE2JjWMlIQwTGJpiGxMATBDVAwTYDTAHAMsTE00xBpiGgAEpIIziRU0kSaVDFSkkBiqu2tMVN1ZAnCoKxEFJ2RjJqiQJTigpMhJoBi9EYgDli5CJSITalTZYiSExwmAmNUNANiGCYhsAUkJTQlh4desPC3ntHwuoaRghuEwoAAAGmIkhKSBMBMIgyKmoRJWoYiGCjZWYIWRqCnGFGTqttCUikwEKSJuIBIipJekNSDTAZKmAMBDYgYhpBpwmNUMFIABAMsHHOuuryHmK9p5PhupwixiKs2862PT+g+aM+zafkn0nLpOMgBLJAgAMASYomqAEQEJpwAUJoJJhXZXWKMokU0JSVKM4iYJEkyuTATYk2sFNHSAkTUiLGoDhMABiGAmoBsTAQwAYhhHgnzXU9NyeW6IyVIZDLI0h2FWipkJWVEvS+a6cv0u/5fKPqx8o7B745vSBihgCTFTBBNAADTEDEDACnVbUYoyKgpxhKQKMkQjYWRJMiNqlIIDBKaN7CAYDTEDVSTkEwTEAOAaAGCaGV1Vpq835yzHyJRpgElZGojmtlQyVj1JzoQkXPSzJqqmbeZVEvszSOx9C+Syl+1P5N6SPalNwASgCCYIAAATQNMBSoqtqjGmaJBCUgiNkSSEpFRG7EpKIEkELEbxkJMBjABWBCGlBiRkmCaGUTJGXjF3F6vk7FwnGgaJBKrI21xC2uVVW0zJdHmTiqVeyt0cDJ0OZQTkVS0szK2sAa9X6T8i1yfYjkdeVDUA0AhRpohgAAN0qbqTGpIQykNIAhpiiYkSQCaIkha3JJuYQmOhMhpigECkqSkgTULmLmV2+T5zz1ehh5tGnMNGiVRHIhKUTTSEQQUnKyKzVenMlpiueWnpHKs9LwzA466qn2KDjwvzEooJII6H1P4564+hIeagYgAUgQMTUqTTDPozmVMqI0gpIBqgGoNIAQ4TREYqhOJvaaAyENgNKAQIYk0PDu8wUdHoeR1OFydGYi0EhMZOFXxhoKYuAOMgtt7kc/uei6p5jZ6KZ5KHrGvm+l05px/B/SfFHjpXZjbDLbVauRSSZAYpfQH1XufM/peYKSlEwBxGAEoypMQZ9FFZFIIsERJCGxKSBjojNERqENCUlW0ZkAwQ6ABjUIaUQ4r872PPnoPnnp/nmoVtU03EWipuveYzrcwihj6c/bxzPRS1y2XU3FjTIEiyMpsyeY9bxjwHF9jyjztl9JO6i+q69GYcAVDRZ67x3ck+i7/IeoW8DIBiTBSTppqii/OZgZBgJpoAxJgSHUVJQRlEAKUbIG8ZCYCGA05UAqUooOEjm8Tr8ZPOcslWaDBSSoBBJM10QtKtlPaj1nSz2w9WWS7dOPRGkpdXOudk22U87p418l570/lUx06Gc+rsYaztgkKhpyqyBG36t8e+snWUlKDJCMkMChop576EyMAUkoNAMRAxoATiMAiNUKUTe0Q00A0rTITAE0Vk6Th+R6nnrKZV9w8zG6ipISACym7CWmvpQ+9TvNtuS2WdlGqL9FNpbONhOSnoSQkcm2uXyPmfceQriwaSahTSpcSUUxMStqZ3fpvy36hJcRnKJkAFDAFJUZtWVMrGJxkAmA0RYDBiJQGmiJJUJhtacCkKk2iGpQAQIOV1fGmHibuHZohZ6w8NX0eaAFEo2krqr4t6GToHW3YNojPbGroZN66LamuuWVSbJcrNXoHxNxthCwp5Hars8HxPovjjhY9eAUYyoTUrB1J21kvqXyj6FHqL898SQxMLGmSpip5deOzOxQDkRGCUkAwBMEAAERggK3A4BoTTgGERixBlXgPZYzj+b+n/P7LtOjgpzMNlVqkmK6rRI7qp26ury+nHe0ZNZiLKzpa8dkunPwuAey4vlaD0EOV0a6HpeL2supr5uk6BXZRz+k7Pmnnvr3zU8+tOaicLZdET39cL2OfnyZeR6HmS+7ty6xiYAUNNAAMmzGVIBSTUGkQAmIAYlJDQxMBJo2jQSiwaJWmgjJUmhOBsxdaWPkfSWHk+fZGzzcZwEBRqzaUloz6yV8FL1N/B3HTrxwOzycmY52fXqMF92Y3d7gbj1N/G2m3Tzb5e1p524ubdi816jHXzHz/s/PRyNebTb9J38W9PR34uoeKl0XLyPVfL/qGaxiAGjEiQnYZNeWM5KIwBiZFiBMAGJSQmACAUkbBgJtYkkiYSgAlLKcnp8/eZt00ef8Z9N8xZ4Wm2kYFLRntTTqwI6MeUl6t/HsO5DB0Yvt9F0zxGL1/lDj0WwKd2Ur6Zv5fp5eH0OnamDbKQSaFER5Pxv0r58ecJqul6nw10v0j1PzP1tmqnrcyXxP0Pm9KJoATKAaAAZdWQqTQAADIsABAwBACYIYCA2gAxKAI0wQ1KRkGe6UQEEed1Kq+NUb8Fk6yURaKaskVysgQZEn2+D0I+rdTkds53H9HkPmnN9b5Uv28vevrux5j0cdHRnvJzquskmipTrMniPd+KPImqos6ff6B4S/6N4Q9vowdMzacHQlixVJJoNFNxcGTXkKkwEwABAAMEAJiGpRAcQU4m1pgAoDhA6SkoQARYCUIsSp0+d+b9F52x9Pl9OOWBWh1yKq5xLd3M3GLZl7R9B7/m/Rw42Bh8j7yg+YbfZ4lzdPLDLr3cfYdLRh1Vaoqx1yrKvOej5h4DD2ece36PL9BWnj96mIhnKtsZSgKhggMExkcezItSkhA0GMSYIEA0CYACpMSKkjcwAGqBohkqEANABBVajPK808P4n6h8qse7D6k8v0Y3xyn6HgFdilRKytKfU+W9Gvtu/xO5DcWSRIx07q1w5OvVHKs01l2vn6V2uiVzKIEc+qo8Zw/S8s9H3uD6MmOkPnV/nZfrV0ZEkIAKaaGxkcmvGlYmKSlCAoSapSESZCAoAECAYbGAAANABKAAmQgBoATKp+QfYvlNnF9T5W5e9q4lie35nreIfOJES6LiQ7HG9CfQerz+hLKKrsunmsLIEBqU5aM/QVcu3VCQmy0EwhYjznP9RkS/p+D7B6LyOLxCv1HmPqx121A0xMKaGAnEcmzHZVKMgExpqVCdgCAAQ2JMIk4iHEr6fyP6cbhpUCRgwQStAAECAACr5f9V8DqeNs39SvL9m/18cz0e+g+WYPSebtnFwkj6ny/ZPpPU8P6iXpPn8k9ND57ee0WbYQvrgmyVF9ELEUxsrE0xgCzaMx4bqdTQvg/N+n8wmv7D82+nkkyUTBoQwBuLpY9mMgAiBgpRVNCMABSEpRGhDExAj5b6jxHQPr6z3jAlABphFgAEAAgKPFe28nXj/Qed9NZ5L6v8t+vSuEknk/AfWvl5niFsbqpRv9F460+h+fzbou3bunGi/HOtSzMvvxaauikjhKIhoYIWa7JLHTl1HhvJ+3Vei6ilAChtNQTsBgmnUce3ERARNkIcaBsiSiAME0JyCKkhRkj43Ktn0v0vy36gSGiSBRiEBDAACE0U+H0fM15TVwvZ2YV6/JLze9b1or8F9C49fKY9jkWRUkRUoy329ew6XsfFeny6U+QzoYoYDsX+L79ejlg3oRChOJKBVK8dmU0ac95xOvimdYCgCAGRYxOLsGmLHryLEAJJpFsWKahMLBoGhgmgTQk0fGyu2yX1D5b6ea+kpkNAgmlAagFgMEBGaneHh6/cePs1+l+cepl9BPLrEEjlfL/snn7Pl5ZUtbbt9Ds8rCTr5cUDcqvRHB1+67p4bo+uoMHZ5mrLTKqVSQkjlt5E1ZVw/Rp0JtVQStq8TQAlBpWJommjAqGbVkiIKgGJilaAIyVgDEwBMExBRLzS+BZOyN1BH2XZ5D2AhoCUZUxiaYmFCZESSAAUk6TCGACA8L4n7X8ts4rK7SNnYOX0+rrk2+i43Ul3zwROhXTIgSkSsjMImEr8teifref0yyucCu2mytIEikFqGpRoRidgwIZNWUi0xDBKQRAGJAwGpRG4g6rOEOOLrL8pnJpozJnoPp/wAf+uFyESTUoNWDTlEMBMGigCAAAYmMQAec9Eq+Iw9Z5SyXQ51sde3i1L6Hf5P0Eel14+vFls7KougocI4Lb/OkrIdO3Wi0QsWZEIuKTcJg0wBQA6GmNDK82jOJNK4tQJuxACGKJpAAGZTLxFI0dDJsr5rTTZFsZOo/Wfkvs49y0EkyVAwAAABSENWACiahuLAGo0rBNFPyz6zgPjz388npx7Tf6Xgd87uzma43PM4srrykOAYK6Heo7Nld16MjnAsQSxpvoOiJ2ANRMkBqgAbQQyas5FpyxQU0wJREcWCAE1Ij5fq+dWd0LDqaCs+Y201WaaFcmfp4LF+zWYd8JgACgmNSSJgDRK0yxASg0DQAIaCkBl4/5/8AT/mGj24dFdTZzSPT9DyW6PVx4Sjs8Ln5C/vV+k0t6NOuxRsjGWrVWtbZEc2mg1XcvpVNADRDEWNDBpkMunINqIxMYAApWBYRklVVvBTm56tFui/P1F6vN62CT5KrqbNNSvFGDPY+/wDin12NwMQEDTtAEGgGmqaAGkGKUYhxaBCpqUI5/wAh9x4elZVKtcs0pdVvPinTqw6ifar9Elvczb1tugJNRrLKSKuDjDpnAxSMsdvR5bj19BOL1qsGkBMYBXl05wQCAGwUBIxA04y5vI9PjWvXVbZs7PI7hu5HX40nyUjKpXVOLqpqo/Qvnm6Psqx7RDUrUlQAgxAwAErAkIstBEClAdHl/D17vynHpJSUqi2hiCTjIfU5eg9/1vP+rkq2ZZLfXnimyqqZZKq1SEowq511nhOcOqruny/0csR6fpec1HZKrbGhleXTlE0UwIbQompBp6PHr89HHjXc1dbRuTb2uP26n5z1HlZPl84SHKFhZZSUpqMeu+hfMvphZGSlTFZJAAMGmRBLIShoKYcmOh8953EqUE6SaJNMYNQYiYDlGR0Pe/NegfTI+U6EdWdOpLrIWEZpqRUUKb6VpnCxMPo/P+gXgcLqc42ac1sWbMQd2/z2yzoZLIEWmrlAGIGCRuEjP47s8CWVlOq3RqzdZKu95zunQ8t6vzCfKWmO2qdLTmtIyhOO99J+Ve8PRAxAAwEMABUNDRgN/O8l5Q9L5WpUIStNIAUmmTcZQTUyBZEiwLL8+k3dvjdaTt7+L2DZZVMshKJCNkRwsRQrqDB3eGpeVbRcaLYzLb8+1ISlGq2oy32cl11ni0k3BpIEFVnCOPnE1ZqWipd/HCS+3fyz0fmPT8CvkEp1sjCVzhKicWaPUed6MfT7Ob0xDQMABiT550cHjfMHqPKVC1k1UFJEQAQxDSg0OdciyyqwukamcNfRzS06c1ldjqcLoydzpeZ3Hcv4/TNjhMUJUmhzCnm9HiFOQzS2bqNaTvqrXfLBpNluC+pxjCQdUrSMZk7BxKVDqPkPR+aK5m8l0cuo1XZrqvtzWnQw6keB8b9v5SfIzv8AAJiCeii832xsj0Psvl/vTqgAwHVzvBnb8lKsqVqqKArjZWRjZFYiZEaVsJFGaVOLslOE10bObqToVW2y8yOymqtLtSW7HfJ1+r5veeh18vfLOiWM6hy+cdTi4qy3TbqKpzkUX22ldqSScGrhbCqZWVwnKmr1CRO6hmiipnOyerrPObrhMFu4XLn6WQzer+b+yOvFpOX8s+z/ADs8iBT15Np0NFd8U+k8/wBM946+MdXyPAykqyIokqgWBVHVUUxtCqNzMxcLQr0VEmRc0sKtiTJKUVnOpm/Xx5HXyU6JKpaZmFdXacDb0ZnU6Hl4R6HFyq615zaYuzq2RCN7iFVsR3QlVirCyFaLZ5rCSiiZB1dCESV2WRdSo27L8tszZi3RXidHidCutXTceayek8NL9UixleW9VxD5QTVG3Lsjo6aLiu2FCdjz11Cka7UJySosjTq1QXPOdSVubWBKlIxsqUakVx01jr0wK9WCZtpt0nIj11LyZ9FVlt1KTNN1mx45GiFdop6ugcvpbdhDS+cdSnl3mjoYtsUqdRfbkuLq4MjKuRbOiVMhBLoutbISkVTjYQLKyUlKnfVcmXjd/lLtuxbSrw3vvMR7RwkkuT1eWfKIWxSWvLqXfdTNFTGKypupFqybh020jnXcUV7K6qd10YI6YFcNitwU9PKmabaynXaTVrirB2aDDu5+wp0WYjqaONedufN6CVnSRx59dGG66I9XIqOrmy2lU7bxaQNjosliraTVLJJbmTQuy21ZZTQWFYWSqibFnmilCS3RUDS4QLpK0zV6Q5HQoup87rZYu3eY9OhzOniPkcL6C3Xl1mqFc0JK9aq7IFGnP0jPOvUV3Pec+OkKb815DJuyLGyqywx7KFyV30CvhM0Tp1RDRjtKoORsa1HDj081ZNE5Ro2c6xOlQ7imGmJg03IrulMrd7CWisndW5RxtVFtKX3U2EbaLyDi6We2JIdBIgF2nBfFjo0VbVZSWXVTqeeWCNFN3Jt6d3ju7HA+ifJfrCSzaabPkWfdzzTpx6I0SxbjTKEjDMiPr8jrnPlXSdfZyukTjblMmvJK3Zm35UwxkFuW+JilbYtFG+lY68O9GrlGaNtJrvw6i3PdJMz0yMquRZNWlcbEM0Nck9UkzaHMhOy4hHRCWpaEQtnMrlJ1CSRZGcjM51FkIzqqVlEQvzXl2jPqqnHpym+YScrJpqXrcPtYLfNyOWvL+vfG/osx6yE4nzHhep8rV0oIe/FWd3fy+9HDzdTlGrpczqJzud08Vuzped9AdbHonHMhu5a9HJpgmGGqCqwurHn3Z4rhqFwbaLUvtjYaMepGKx1mu7FpGpWJOpwJ1ypN5RUbrMFhsqjYRkBm1FgqrpLOjXmgtLDLbfKzHPVNrFDWkxx0WHOnpz1pq01xkhogX9LLtOXGNZ28VuQhnTXr8vqYE8/yPR+eXiek81tZ+wvNoPF+H+mfNRpOrqdFJZ6rx3ejseZ9X50Xf8/6M5mXdzawdzi3HuHHRHM5XoeKuizPEvKkmeyqVEZqKIamuOrVQX306yqdoU09KhMm2ma36I6EyF9ascEsjC0nECnXVoWI5lc6rYtUaLLnRpWc674jOyqkJlGhMrevKZqLstdCOjDFMaMx6i/BaUPNuI44StJ56zrcjeScDR5eS8sjO5+o93559DlwfJ/sXylObOM60U35i2jXlPU5qOrHE9V5b1Zj5PawHEr0c633O3m9qTJy+3zjEq0t9/N2jzdSlITqmoJpnovYXxatxsJRUim1SLrs2mwdblmqwnUpJDVmZfbgkbDBaXSqgu4ptC2qk1aMdhrpQKyFRfKq4ujlsK41Zzt4LMRhWLGvtlizHVnkzpl6fD1W1ac29NzUTxPL6/FazibPQ+qfHfoJ6z5f9N+TyYHGVbcnQwEwiHr/ABXoCj0nI0Rs4fSwGXkdnj16n0vlfVyxx7MJio10GPbRpN8KwovxzSUM8ySIGumSC2lFpOksZcuPROunZJyTKWTjnlbKmJJfZQza+el6Lx2Gx1NJ257FtnCs1Sy6C4rmLRRcRTRXj01G7Fu51cLn2Uy+gzQmvY4vSrueffflWvpYbTpypzFPmPpiPjMotJ9/z20+n/KPdeDGmJ1c03GSyi6qJxjJ6DTw+6vU5PT5pyuZ0eave9j4f2JdlMg81uVMVk7FusnnI2SSVWzkV5d3PrToyzhFTLZZtBeUTHCdgUa0VQlYVKwtyuyuLtGXSFOrIS18/aa1RAvTmjVqUuLCpWwUukkgy8yZ+jlNXJ7PIt83lcDdtws6Nma1HkvzG2iwXZZbA69r2J8ISkOcUdnk21IwRs1YO9HAFOq4zQuvzJyepoo1Lw+d0OZXS9v4T2p0MevOYKlXKQbNFc2KkuSvTnvqGeyZFkJYllVOc5pRfZojHDsaDg3eg0V5ePr5HkI+4tPDafZyPDy9sHkKfayPF2exceR0eoZwJd11wH3g5Vu8MD3hklqDLLSzKaIFDtmef5fq0vzXB2+IvQrqC6bsVSzbk3ZrUne6nI7Un5+kiiTib8mzOtQmkvQec6xnydfjxbTONbsemmOrt4PVMHP6XOrR7fwvtzolqjj0bEYDRYZ7et0zxdvutZ4S33hXj9HqA87Z30cvVrCouEgTaxJocZQGEiBIE1IjIkAwiNgSCEmIDaxGgY6IyAE5GmLByRRzOt5NfEIY50dlYRtpNmvJai259C7tvG6afFpwYrK9Zro6VCcmddhDXnivrfNegzScRBUehzdhm6OC0uxaM5L3nhvqS6LO+JwuhfGKiyknZTaSalUkwSmECcaUk4BA5RkAAAhQlEY0AMcoskDEDGCG4tG4tWkDaaDi1aiE1CRVdzVXS+e+5+by8yqvSvVdOEs1VaLJ66Lw11bIr2Z6j5TKVaPZl0L1nK6TzSuorRRqqXf6bw/r081n9L51YRcDVSnE59quzk+08b6I+ruFpmp01lddlMls6rLbCLHKMgcUTIBYRS2KATUGk3CQ4usVVtY1VYE6ZFqUTS6rRxkEkADYgiSIugTG4qJodRlEjNj3ZTL8s9t41ZdTKlvz6Nhmt2xsLtl8tV9c0fD9FwI+cShfRODO7dXrjgYe1xks14L6q0mRfZ87D6VPKZ+jiMrnWehnyuocrrcrpn1vVythfU4xRltxGu/n67b4kYsspaTEU5QCwiExBOIwGiKEQhJxRaqKsnGRJEYuvx6Km4lTIhNwlBGcBuLBxmELawnTbSUoxTVbx68ZhyaJdeSnWatmfrGTr11mmlWS6SIl3Ow+bt85ry6WahNe/qhtk5fG9LyTkWRS9TPPpp5/0HFgeq4PUZwqdFFLscPcWb+brX6N2PN99NEqWQzas5XrybSMALZRIscSpiiTcZBOEyNlcxtOFCUKrjKsnTfEjKi9Umod2eyy6dbLHUi11zJpoTQRZEsqnArvptScSK0fOvSfObq+Cgmvr4+iX2ZLii6GCO5XxsK+g4EMMiSjbmlFpGcLTu7M1Enb5ctx5Knqcol3eFdXU43YgczqczcV5ujy1iiJs0czUnu/VeO9YbEhVmvxpboz2FMq7DS6bYm4qrVFjnVMnOuwjZBk4kRwlErbgSdZFN+NrpUIlzpLNbgjRXKsnZRcWwlEUozIMkKM0VElZJLLL86891N9vLtMK9GmzTFnV5c0v43V6J5Tf6JnE4nsfMLxYuJmmDKkB6nphGLOBRwQSLC3q2gYsoS78gWZWCwsBPY+wA6FgLDngmgCM9oVZIBRAtuBUwklaAkFTQBACpgSmC5qQS4CWCCrgEtkBXaEX0hRYA4gTQVXIIXJCvl0QlruC3oRCXb6AGdyCFADL5wF8xAK/8QALxAAAgIBAwMDBAMBAAMAAwAAAAECAxEEEiEFEDETIDAiMkBBFCNQMyRCYAYVNP/aAAgBAQABBQL/AOHZL5se1/8AxEiXxY9z7v8A+IkS+PHwP/Du1lNRZ1muI+tyyutZKtVXaqp5/wACRLz+E/8AAlKMVqurVVmo6lfabsjfdSaKtXdW6usWRKOq02FdsZr8yXh/6GSdqiazqzgX6+65e/HHbSaudE9LerY/lz8fOvavym8LV6+FBPq8279bbd2fux2T4I4EsvQzsqnTdBxVsGLn8mfj8N/lM6lq1RXbN2S9zXZdn2a4Iv6neVKy+d8fSdWsvpdfWLDR6uGpj+NPx2x78fE/yrHth1K/1r/axeZeEY5a2jeTIhrkp4lqdUpm9mRPD0uqdWop1lNqWH+LPx+A+7/HyWXQqV3VDUdSvmn74LLkV/cvumv6xFcTGZNEniPbHdSK9bdUaTrBVbC2P4U/8r9X6w/i22S1mpM89/2+8OG/NZn6pP6WVrM7ZqMa3iBLn2ZM9s9tFrJ6V6PVQ1MPwZ/iP8Lg9as3Jll8a4ynZqSfp006nXymvavPkfsT4j5lLtU8EpZe7iLNrGRRg4OPbptRKmWh1Sur/An+I/wZS2qO6+TopL7q9KS6grLJ9Tk3fdO6XuRFkvdj2JFcSWWShgipmy1noTxsx7tHc6rNNcrofPZ+I/wdRdGI7rbDVTuiSlKXxfsffAomxnpZJwwKGSNTKdI5Feiw9Wtk8lU8OOp2lspslMz7uk6txcHlfNP8R/gau5U16eh2TvsSlr7fUvl7kIx7oxyVUORHRi0e4WjSLNGsx0JXpUpKhZnFQjrVumxPBCzBOW5v31T2WdPv3R+af+Jqf79VGKS6lbsnYsL2wJEGPx3wQr3Gm0rNPpcJVojA2jhk2owhIvjk18UiUH3SybGbH2z7elT+qPK+Wz8R/PPiOje/UTnsWp1ClqbJbp+2PAzAn3SKNO5Gn0hTTtERF3wbe0kautMui2TjhmRSZljyjJx7IycX07V6jGn1Mbvls/Efz6x4q6dPZPql6qqcs917aWmWVrDXZGl07nKinZGAhC980XVmop+q2CxKJtFAxCI3EePd0zU/xrLZw9WqW6Pxz/Efz6nmVf039V1Hq21Q3E/u92cCt4ZgojmekqUYsi+ciF75Fhq0T5JZMSY4tdl785WnscbKOa/jn/h3P+zWP0CT3zUuH8CMCiaKr6q+EIyRMmey7Lsyw1US3zli3Idial8MfPTs/wAf47PxH8rMmrlst6hqHc8YVdW8lxL2owJEYldOSitRI9twuSIhdl7bUassfMpGTdgckyWPg6PRG29fSvjs/wAJ8HU7Vbdcs22ra9LHbTb9/tQkRKolUBCZv7QEIXZe2XJqasmoq5ccSMol8DR0u309TF8L47Pmf4mvt2Uyo2U6fE79Y4+rH1bVODg/YhERcOsqlxnjcZ5RX2j7F7ZLJfRkv06RKKJxwNr3pdofd0+z1NOvjs/wuoW7tRq+oSnGEZWSv00qV0zb6evSWo9i7R7VIhE/T8xIEeOykbh2E79pLWpENVkjcKaY+zWS6nctVpmSJxw/bgxxjt0iyPpi+KzuvzrHtrjVLVWvpVddNMWrNc5ejpcRWtedR7EIRE05BcY4ksCKe24lbgnq4pXa7l6yTHfuNOnmqvJFYIyM97qty6hpXFvkxjulkW2tRy3o+n2WuNWlhDqHT4Th0efp6oXxT/wdfLGn6ZHZXd9UXDbdP/yKPUfp2cy9n6EIpZXPhPiwgQeB2I1Wt2lutkyVrZlshDJCooRU2biDF7L6VOOuo9K2yL7p4K63ZLp/T41x1Ctsb0c0USdVusp9DW1S3R+Kf+D1WX0adba75YhdU65Rk65ZVY/PsXhC7RZGwhYTkReD1eL72WvLxkUCMSuOSjTyIUSPsFJSIEGLvg6npVZF1fROOGUQ32aLQRpVksOrGHHJ1GGyWuh6ug6TqfUh8U/8G/8As1SLfqdtSnVH+u/q6jva9sXwkQRgwRZGROZvHJ5s5HFtxrwWcGSGp9NV9VsiQ6hqkodVgyXo3FfqRIMh7NQsx1Edk9XDkrliWl6h/VLNsqGoRXK6nH6NudB06fpa5ePhn+I/kbwtM9+pn9JVFykarSbzVKSlOWfbHxEUkb0eoj1CuwcskRQyKh49HaSLfPbSWqqzS6v+VB6SucY9PgnChxI18pexnU6y/wC1ieHVe81aqrbp82OvhdRjmrS86avSt6+Pj4Z/4F//AD0sPTHHe8cYGdUocifEvZEybjPZMUsEZlf1S01GU6UldXxqYtEkRXMkRWZdNr9KqHK7r266Oa7oEvOCKMuL0WuaNPqsk/7K9PHaVU7bPin/AIGMmznGO+Mmqh/VesWkvdj2JmieZaNLEkSrNVRFw1On2iqeVXAqSiaeRCRHuvbfzCxfXqY7ZwjlQi4yel9Unpp0uq2Sehs31Y+uPM/in/jXLdDWpxvP2013wY7Mx30ksT0HMBlsMrXVSRJvKbK5M08pMqiR7IXd9p+NbHbZqEmaV4np1WyiiHqWaeMoamj07emx20/uH/f4WS/Ef4fXIKOpIffrue6QzPapKUraYxP3pV9egf09sFtSmtV0/l0uLqr5qISExMQu7GSNdWaiJS9lmm9OdVCw/wBT0u+yOIRFB+p8LJf4cuD1Eb4k7YI6091wvu1fMe1bJ9mIT+l+em15lpfK8d5Isqix0o29lIhIixP2Ptq19OpgUcT0enXZeJiRbZGBHlfFL/EcUz0YCrij/wDIIfTXg/8Ab71JYKqo2USW1+TwPkURjOmfZpfPsaJI2koEq2bSJFkRMyZ73LMdTEnHEum37oNkfDLJqEdTqf5Wup4r+KX+P1Wr1NN4a86SlWrX1ejdoa5Y1GldqlB1yF2l26fI0kfc+7Q4mBEWL2zXGtWDZuNDptpGODwNnWNbl6DnWR8fCyX+PZHdDXVenqTp1q29X5t6LGMpW1OmWurrtqxhiH20C+vTfau2TPZ98GCUTAvdLxq4ZIQ50sjI2dU6gq4ylufRNPusXxMl/jyeF1Z/+SVzcJX3+saOz0bdPbDUVdQ0q2T4Yh9umxzLT+B90ZMme7Q4G33zryeikfy/QvjrFJdR104wlJylBfV06pQo+JkvxdHqFdX+DLx1KH/lY5UMra86HTTmaaFtFln9lWtr2XdmfvpvBTLiPPfgyiTF2i/Zj3smaulvU0VYXWOGihZuoWKfiZL8XSaydc9Ld61f4PU6v/Mori9ZOqNWo1ij/I6RXihIlE6vHbb3/emsUTT6nmu76d5qOo10k+tPNPVN7pe+ODHZP45jrUpKOF1tfWdG0/rXrhfEyX4jKralR0TUZ/C62mrdO8azq8HEcpXW6OHp6c/fXKs1+xcEJ4NJqy65utaTdOWhhI03Toxda2rPZi+OZDy0ddiUw9SzQaWOnq+NkvxGbMLRW+nbTPfX+B15P01xbrNRv0mj+jVRacO2vhvo1Ffpz75FLBGzmnWuMa7svTszgTMmTcZIv4WTZDydajmHSNBtF8jH5/Egz/26Pdvq/A6tDfp3JRnTbvs1milGOm12opjDql8zSWXWuyOYdRp5fD9sUxSaOnTlIiuEjBIlLBXLIpcp597Y2TK+3UF9OladPySH+Lkxx0q91XQluj81l9dZ1HqFcqpZ3afTquqMlfF6V0zonDvrKt612mdcvboqvUjdo9p09+kfzIJPXQP58T+bWX6mvENet1V6mqJe9skyTyR8I1kd1fT041fJIf4uzl5RGTjLpV/qU/NOmEz+JUdZ0WV0fUw9OM46e2ucbI7Y98Gq0sba9TS6LezF50epVUbdWpKcz1T15HryPWkU6e6+UOlOJDTyrKJYIvK9jJSLLCl75Y7W+NP4+SX4s5qKi2jc85Oi37LVyvnaUjX9K3Sqr1NVlUbUU27vb1TSLUVTi4S75NxuMldU7HpemORT0+uCppUE4kom3BBme7Jvi6zCndulo4bY9plfj5GP8OcsLUp2Enue7jPFE9tuknvpf4OO2F7utaPl989oVSkVaU0lUcVxwcIyNjGR9jLp8ai3c9JRlwWF2kVePkY/wpPCst3OEcmNo5ZbeWdDu3Qf5NsVOHUdN6FwyMeaa4m1JVJFPArEbxXJvPdGO99iirbXN1180xwIz2kVfLL8PU35Iop+1eFgocIk8OfR7Nt65/K6xp/WpawyJXM9Rn8jafzCjUtkZORXDmK9m4ciyeDUWuUqqyESHAu8in5Zfhaq3CIkBSTJbSWMLGNA8aivmH5LOs6P0p9lI3M5IrL00CpMrEvbZPBdqNzoqIwFEXsZX93yS/B1FmyG/c0VrJWvqpqjJ2RUZURjKdyip1y2WdPtVtH5V1Uba+o6SWmt7JkFkqrNPXxBCMj7Nlthfbk01fMYkIGOy7s/9/kl2XzSeFqbd8o9qV9MOJRyQScroxiVxjJI6JqOfy9Vp43w1umlp7e1ZWyizBGxCZk3DkTmaq8qTk9PAhEwYJexn7Xj43+Bq7cREhcuuP0ye0hbxKn+uir1Cf0y8HT57NRXzD8vr0PoEVmSqwjZghaepk9Qlbg1OpIrfKitlUSK7MkY7skV+PjY/mslsjdPdKPLZTHmC41q2wsgomWzmJGvMIQ3yr/ru0c99P5fWY503aDE+E8EZkLcCvJagu1GSPJpYxZXXxCIu79siNuxp5XxS+fW2j8wR5NLA8Gs5q/QoblyOMqzk6Nq8NPP5fUIbtNLhiEzIpHqHq4HZkXJRSaevBUR9jH7JE1koucSNsZfFL5tRZshZPdJckSKNPEwar7HzE3PCqntW6Q2yibrs0VnqUfkuShHqXVUSeX2ybjJntXDJTpimraVxIoXbPbPfPZki2HN+mbS192nnptfC1KyL98vm1luX5Io/cFzQM1b+heP0Kc2vqrEZ56JqFs/HttrrWp6vCBrOo3X/CjT/dp48KJHgQ2bjcSkLs+7JE45ho9uzV6SF0dstHfCzcU3e6Q/k1M9sLJ5lE8EPNaKSaNfxBeCKyL6JWWOb3ZRpLXXbpblZV+JJpLX9WUC6+d0s9l8NcsPp96aXj95HLvjsh9mMZ+tHZH1WjrNf0aaX08FcpIjPd7JfLrZ9oDKlxX5qJeOo/avAm0PJGf0UuKJYbjjHRdRiUfw7Zxrj1PqLueflRprnXLS6pTjuHIyLkS9zH2RS0tSdWWa6lhIhI3vdG9xI2Rl2n8l0tsJyzJeXw8bo18JcOjlSOo/YvHZyyqmlKbTm0u3SoL1Y/b+Dq9fVp1r9dPUy+dFFrrdesI3biHKSF7H3fZFU1K9eOoy3TrEIZFqRhorukOSfya60ZB8yjk0suXDBM0jyp+Nb9q8dk8Ly7FBLBg0P0TolmHz6jV1ULW9WlYTm5P8BEUVLmp4ITIyF3fsZgn9ujf9109lcpb3AZEjgUEhIlAw0b2hTT+G6WyFs90xRIM27XTJWRvrwtHLDfK16+leOyH5UMxisiTZRI6Zbuj8t+rqpNX1eUiyyU38i7YyNd0QIIqK39UOyfufa77NDJuWttyMiY4SIReUNDyKbJTQ/EbGiNpuRn2667svKiKJUspJ12f9IV5hcvt18foXj2RTkLh8xKs56fbtsi8r4r9VVSazrDmW2ym/mQu2029kQKyHisTwbxMT7Psh9tanKvTTcabJYK+RIXZNI9RZUsnGGOKZtMI2o24EmbjcZLpbIWz3SK1zGJGOVGODGVVLY7Ybih/TrFxOLg+7I5Gmm8sq5VT2z0dm6v4L9VXQtX1acydkpv8AAXZCHEa7RZXMVhG5EbclcskRdpeERH21qlIztX3OtduESkhNCimbMHCMZHwLJyZkb2KzA55E0+2qhOcZQlEiiKSEyDHMjIkyu3il86tZh1bRctNd0J4cm5EHxDwdNvw4vj22TjXHXdVZOcrG0YMdn8C96ER7SRtNoonJGJXwVSwQmQkZGfuLJMstLbDOSEBdnFSI1RNsURH5wYNuTZ2wbjePkXeUFJX6bBBMa4qj9NqacJPG/iTaKNXizPqVSipK7Q1WLqOjdDF2yRIdq57JaK1WQ9ms1sKI6jU2XyePc/wYyINGCS7LtkixTKrCp57NjnhvUKKnqckryH1EKxdlgSRgx25XdmBoSHHlRMc9m2QnzHDLKlIdZHgeGoxHUTgalbJ9Ou30dtdT6tWorddnesgYMHSp4l2uthUtZ1RslKUnLPbI2+zXfBj4mvZkTITFah8jyZkb5I9RnqTFbMqnZnT24T1Kw78llo7BshBuVVOCK4FHI6kiKwIzE4Jd9vbA2LkSJbjkQ0Y5SP1wy6HFVvMWZTHHJ1Go6de659msrrdO2fZFZAx20UttkXxrdfGk1GondIbM9sHPZIZnvtGjabTHfAjBsJL3RkJiYiMSOEkbjfwrD1MDnzBORCrLrgkRXZ18Lg3qQu20wMccmGja8DRgwZHI5MSHki2byEkzamOPF8XCyqXAjULMZ/RZ361H+rsiBWfplcsS1PUJbHubztPIjaY7ZGJswY9jyc+1YJYRGQuT08kqxxMMwIiIcsCmRmjehzPUE2zkhW269Plxq2m0wTngW6T5xgSRwJob7YMYOOzXbHbaOJt7IwYEjkjI1FSshXmMo9p+NfDbPv1Rf0S+4RWQ7MkzCJyGRXbkUcm3AsEjBj2ZH2wY7bRRRKA1ghPBGxnk28uB6Z6R6Q62hwNhtYos2sVTZXTzGoVZFYHZBKzVIjfKRjcV9uO20SH2289svGe365Ipj747YZyRGhmpjzRLK7dUr+heO3UP+Fn3ESJHwiT74GVwyOOBi7ZJMWTaxrtgawPul2RgwbMk47Soaym3EheepFkHFkcGzJ6PLqQ6yMCNRtFEwTt2jm2NZca0itR7QGzk5F3TYs9347oyMYu2RYxlGORlkcxhw14NXHdVD7e2v/4z+8iRIjG+2MDERfDYyPJgUUSikIwxxbNgoDgemiS7pke+CyGTa4uBKvcSqaIpi4KyBxj0lI9BDUYnqRHbEd560jmRs3EakhKKE4mURmbjcORuM5IjZuYnI5JTkKTG2LI5NEWzkZyZP3nghwZ7NZW3mJgtj9Ojlvo7a7/jZ/0IkELukYyPCP3FDEsiibMiikTwVsYyaF2/Uuz4EJEUbMEe00QiRRZVlOtowxJkdyI7yDaMsccm1IZlZjOKN2WkxxZGJgwRwcHAkYEJn6TMmTKG0bzchyR6hvIyN45ohgmhIUsdn4UubHhu1ELSb+nok80dtV/y1H/VMiQRnJ+o8mMHlzwQ5lteH5iJcqLw48+kYw48ksEjLOWbWyUB4GRYpCM8Ph54bYmQMZJ14NptQ8CybmQl2aybEekjYhLAmbWxLacbRGTKIyHysMTZnJ++zXCRhZcRowOOSP0tvJtIIkjIuRlstsYywWLcramOUq5U27o9Cue/tqFmvVL+5ETwodoE1lftx+nT+c/TOJCRGeBTk1hkmfuPabG8iyYZZA2Gwwsfa48iwbEbR47QYu0oZFUOpZ2owKSR6qHYhWod5vyZbNjPqykOIon62m02iyIaEhi7PtgY1k2n6IpmCESaP3AZfNsr4N39dtjTunuNO+emW+ndF5gW8x1623kWSf01S5IcE+e0uFRyY+m6RW+VIpZYnhJlnBVyRSLkjgUuXIfjaxIUCxIg8EUjgksko4ORNkFIw8uLFFjiekbCFZ6aPSQqln0kemkYMd0I474MGPZ4FIbQ2jcZQu0yLFIUiD4mzPNaWLeFMjyRX0WxNTE3OJRxPRy3Ukjq8cXIQzwVTyQ5bg9rjzM0rSMtqxD4dMliqRu+llhCSQnxLk2I2rO1GES47YHA24IYwsER/azwJvPk/SMNvaYP1FcqJtQhYGM4JeN0kKzJuMvOXhyIs3My88iUmbXjaxqRyLklnOWRWVMiclR4VkitkC1uU58EWsx+y4uLfCOiWZrGdbj/AGds8si8FEitrbasu7g0qLfDTZZAplh05aghowjb9cUSNuT0xQPB5GhRGhxK0YIvBuMIk0ZwRtjn1EKS7bzcZeFuzmQ2xJs2szg8mBcHAoowQjzPgxkwRMdojMkzDEicWbXmMSxYG+IvJBD+29FUWJ7YqfM25Srjyvtlhl9DxcsJeOj27bu3XIcdl5eO1U9squY2KKje8vSmPplw5E/ploriHKZYj/2iYRtHEm8OMljPLZmQ3IwxPBGZjtFZJVocBJIjtYkfox3yYy+ENcbckY9sdkJolI3G8U+ybQ2ZOTLT8r6htosseIzyRzicyTIS5qZZ4f1FcXnUvbCvlS4K2bjVblGjV4LVXdD9aSWy7Ty31nV47qX5I+WuzNJflNLbqjSEOVeknIuNF99K4wWR4mlmMsErOYzHJsa5x2fAjwSyzaRgJG0ikOKY1gYuCI+zUjDRjI0IxltCRHgwk+DcsqQ8EiLPJwLtIiN9ovlsZPxBc/qcubZkJ86WeS/lQyQyaqe+VK+mxorkipZlqo5hLifqSiv1Hz0mzfQayG6m+O2wj5fhDjxB7ZUy3LVQwaf7q1xfBEiZp57Z0zcltkyyL2yhgwTgiODBZGRGMspIe0iiSwZJctcKPgSMDQ4kYiMm5G83G4lI5Mzz+l3/AFtMo4ZsRhCwcEWjJJkWZRkUkbojwTwRwiMky7bm6dZVsKduJ5ZBEpbYwzKb+mtrLhFIqLDXxxa39K5WcHRb3GwtWYa5YvIeX4/afE1h6CZqYNwo4sr+20eEXkX9Wja27uJFo8j4UWVzFyWIUTaZwSw0ZRw0jk5GJGGJCFjCwfSzgyhsTNzFaOw38ZIyOTDFWyKGIwJDMCiOHMYnppnp4MPF2SGRJom551aKPug/Tqrvk3GbNRPhTwb5YKytlnnqL/ufj9YNPb6dmls9SqXK6rxqCPl+P2iXJTN12ffVt22af7dRNRJPJZH6XxLQvIlwWcjjzauIxIYI+J4PL24JxRwjejgzHHqLO7JGwm2KbN7MtnJBNrYz0xQRgZ4G2M/UWZicGTcKbMvsueylg3GSLJCEPtPxGPP/AKyyjUMp++6eK6cZwsX8umCzZy0sNeKS2SRb07+Q9XpZ0C8ZF56NdmNjxDXy36gj936msOPhjNDdlXrE42cSWU1gnnE+JaCX0wf0yeCXI0yUWIi1iLHyv28jyyEMjrwPgUdy9MXnjc8Y/eCI8Cbzhj5URtGcPcbu2XjnG5meVI8kRp9ovtgSYkxLsu7RNEPP6tNTnOma33y5o8ynh4Tb+k3mSPmuRdnOjX9WppU4LwNnR57b9dPbpZvMj91cxujyiXgpnsnZLdHTQyTikrGWMl56cyGMOUSW0lLBOfDkQyKMsKHGMNz4jLtPOG8kI8bThOW03Jm9IVhuGLOcZMbXEl5GskuGiKIjSHFCwRwbkk7DcJmeyyNyNzNzItnJlibLc4rby39N241MjTP+yx5tg9sYvImNn72cb/qqWR+dK2ozkz9GDTWenb1K/wD8TvRIu8ifD7Uy4omJ5V8ME2SOnv6q/Eo9rVwluTghcC5jz2+khgeD/wBXFkM48GOXHIkbTAkYIRRwiaTUGhrJtZtJxFFkfPA8dkRwMSNpFI4ExMybkZ5ixy53GVj7j7JcSWpk4l83J0cTxmUpMi+D9yeZeFFJuPCZo19Moi8doPEtTf6sX57UPm9cLs32X0ypZCWFZyWkmaJ/XVLjyWLBPlQiieMvxT4kuUbXnYyOEnPBORDlMYu6RhdkzJW0S+k9UeWbJ52TPRsx6Fh/FtYtJYfwrcrQ2C0Nh/BtIaGaP4bP4R/BYtCfw4n8WB/FgLSwFRA9CB6ED0YHpQQ6oMVMESprZboKJj6TAvpnQafntJ4EKPMir7pP6d2HommmLt4G8kfD7Mp4lOO6p/S/IyHm1FUykteFcM0f/WuRFlpLJntgrJ5MyOcNMhAsik8R2/avVHyLy4yxCuxi01za0dxDp8xdMZHpiFoK0fw62LR1IVEImyJtXbHbHvz8uRjXbrWp3yitqUhyUnnjOyMc2Ous4QopvR4TYvB5EhLifD7Lzp3mOpWJp4M5P2vqiuJ12DWVdwM0zxZp/GCXieDa8YfaM8G7JJvcq5M9Gwhpr2Lp1kj/APW8LpkBdPpI6WmJGitHpoUDHtbF7MmTP42OzRr5+np3L6uWSfFcWIktxXBLt+48Gmmk53ZF48ngXmHixC76WRqocd6WXL6qpCsLR+avu0y+mBZhDcR5Y4WMho75FfTWyvQ1xFpq04wijC9uDHw4/PZ1y3FUUSlhQ5K1HFzUSMsiksLsvFX1OKwIz2iQRb7NO8Skt1dsdshkfMlurg8NMmxkPOhpsshDSTLNDuK9DXEVcEYXvz+Bns/yd5nt1ue67fgT3ypqWJy2Dk5tcEee0fKRHiW4XeCILMb48CGiLw9LPdHWw9lUixbZRkSeRlP39Gt3VxH3ZkX+hb5hMc/p19sZXSe4qWDc0m+Yo4INdlwR5Uom7hLuvFK4tjlS4cR9tJZiU4qyu6vZIYmSW6KMiqyLh9Es/tiMaMezPbP4D7SExmTPdfiWoRrJ+np7JOU64kMYnI5Ip4WCuBtblGo3JDzJWtxl+hCKC3lWeSHKnHBW9stLapw1tY4sfZMxzTVFRuGdJljUVvh9mP4cmfjz2kRYzIu8X+JPt1y3EIIRJlMHIVJsWFDmEMG7B9xtEzqMMeyJR4kXLtGWDypLBRY4ShJXQvq2koIlHvpZ/TcM6b//AEVeOzJG7ncJ+/PzY7YF3j8D+Bexj4Op2erqIpDWF5dT2krOK65TK4KCkxLLS7LBrnH0F4iiRApXDRqFw+0GT5Xg0t2x7o2V3QW5kl20ssSsH56f/wB6J8ZEyRMkRF8a+KSylnsu6E+y9i+BmRD7M6ld6NGcyzgcnJxiVx3FdMUOSRuIm7BGWSUkjUa5Vl2olYokVxIh5ofGSzksjhkSMcq2IjSXcXVKasrce0iEsPOVLzoX/bpZ575JEiPZsXZe9fA+8he2Ps47L4H2iPtKWF1S/wBW7aSZSVwlIxtFPBObzCYpE7CWpjXG/VTm85H4ijPEiHmjDiolsC6BjtTMlBNWQw4S2uq5NW4krFhjK5cM0n/TSS5T7tEiPncNifZe1fA+zMiJci9seyH3XvRLsjI/HU7nXTnL3Ci5OmGCNu035a5dhuacrsKV0pCi2WcSJeOzIlPEVZy/qjbBlnDFw6LE1dHJJEPMfFgxkXgyad4s07+qHKGx+GRXZkWJ/Gvg4JeU8+xPsn7F8D9kvt6xqd13MirSSxlRlO4WSnk8KViiTlvfozZXp2eng1ccSJfb2ZHh1xzVhldjiZjKOphz2rI+Jx4ksOmZZHJLPfJRL+yl4dMvp3HkYyIzJj2ZM+1D+FkiMvavGRMfZfA++TWS26d1KU066o3Xuwy81VjRCSiSucirTSmLTRR6SNhKJ1Bdn4Xdmhl/W61IlThuBb9r8kXh1zJssRF4ecqfsr4nW8qj7F2kTKybGRkJmSQvZnvIXsY+yGho2mBiGRMER9o9mzJnuhmO/VXjSqbJzbM5IxIvBKeSnS7yrTxglHHdk0dSj9A/H//EABgRAQADAQAAAAAAAAAAAAAAAAEgQHCw/9oACAEDAQE/AeB6aQXif//EAB0RAQABBAMBAAAAAAAAAAAAABEAAVBwgCAwYKD/2gAIAQIBAT8B8AWs4EMAGjzaiENzDAR20+Gelu//xAAwEAABAwIGAgICAgICAgMAAAABABEhAhASIDAxQFADIjJBUWETYCNxBDNCgWKAkf/aAAgBAQAGPwL/AOm3tUF60uv+sKaWXr5JTf1RyWTeP2KZ2H6T1OckOFFZX+SlfgqD/UMPjXtVpiXpQ/pk7r1oC9jGqyHjXtUxUVj+kn8p6jwAad1NbBf4/KSorf8A2vcL1M/0UlH8ab5nOyagYRkFQgINVKj+gv5Cv8FJP7Ro2130vWtCnzhPQX72Vg8AxVLH/wAiqFg8YAH6U6+EI6cbJ6d+5k2cqfTxLcUrBSY48jO9JQc+3b+xalTSE9J/9J69vwvWkYU9R4/q62Kl84lAjtfYr/EGp/KeryFexJ4O2dhbdMA5T1nQwFP2ZP2v5fKhRsFHxHBBZbJlteESUTkc6AKHZin6FjSN1+9fbR/S21R7dkSqyyLqqsp9XZDgb6EQo9gF+Kvx2EKqlEfZ0Z4+6+Wh7/Eqny+E79gAqkw+lKjTCHMp/CpPXssaNTas68ZJpW2iGVOLr3KYfFMj+uftpe30mHXiilCgWc/aLcsxqh+vYblfyVfJYvIQAvQuFhpchMepD9c31Sv4wITBA1JmVTc0pjo/dsL9aSq2RqqmpeqpxqkhVcPdbplCD1Z3CY5f2oCFXkilYThKPk/4zf6WE9aV/tEKpvpf6WEfXBanWMZokrH5N1h8cUp1hP2qfIPiUD1lNI+1Tb+U/aIp2qVfElQvivipGg/2iLgFApripCr7CwHcdYKfwmWFYSmq2QNP3wpvAUBPV4iybyUEJ/FUxUyM8pxYFCkhfpB7kfpN++sqqTo1lSoTeX64G2bEaXTYWCmkL1cJnzvkCAG63ixTIkfRQ6ohHLjaNYaDBTvpnK16qVV2NSOqMmyhTaBqEKLbQnDBRkPYkKoXnSCGSL7aji8hQmZMLnsnFgqWzsSoL2CGSQnoTVDVezoVU73epMLO/YfIKJTsbBUcGdf22WKnZM2Sex2XxQKmwFo+XOcJshJQppMIDsj+bymCxUn/ANLFQmqzNy/4/GVT2ZBVQFmeUEQsQHr+FiG6bnmjxmUSftYz2hs4TlYxsgRKJojmmkqE1KerdB0G6EPvwzdkSzqKSBYjmPYWpCp6EH6QPDwkJgEFi1JK9aEzMn4QtiOw6JsPssD8KmoIFUeWlUqkXxNnYr0lP5JXqE/DdClBujBQPBpIVJ+0KTT7KnGECLkaDLfihfyeQdHKhYeCVSVG/wBIVDdMAagF/wBRT+QMLtoDiAqlulH4Ua/vUEaPHKlU+aiSgsVAen8L4scmIbZ3UrdRbdb65CY9GyZBNr+wUUBY/GNkfF5inoqekp6U7TkIRpq0Yv8AYCd+x9jZ7MeCxWPwFih/JS4WLxQPwvYMcrgewTHQgL3Xx1GHUOyZrUlUnlfy0Z5W2rCfqBaLYTyjSV/8csZW0WHT4acvuEWEJuXip3Cb7zRd9BqVPTME5vNotShy/wCSjY8DCE/TzkkpgvdeuyBQ5ZpqCMeuswTnrZXqVNsHMIqTHUYJ+nbNssbqSsINqWQ5gOm1Knp3T5oKZ7YnsFT00KVtqSnHKbMbumBTusSwHmVI8hiFB5LnMU98a/KZAhA8p6iwRo8PJBxMFi8NcrD5XtvzDkwg2m2E8h66k3iDpjA5UpqSi4lN/wCKCY8s5XKawKBHFc7I0eGSnrOq3AqpabCpDiRoHKzI4gothJ4mKossPjLU8DfXY0zYBDJ7KNYo6ByyouDw93K3anoMNQkWbNCarVYZMJynN673BQ4HtUjT44pTv0JFYlEonRnTORxlOZ3yNre9QdEeLZOS/RGVVjEhYRoyFso0cOkdF9X2qTeIMnqL9IcJlT8k51NtB9BxYpjl9VNwho+1SbxeoT1F+mfxm07X3yb33W99lstr+q9hoMb46ApGSE5TXbO9ZZYfD/8Aqeo9PGtut1vnleqnOxtK+IUCNAHNu5T1GPx/QJ1SEQdBrvWUafEnqLnoftbFQF7cPfVlQmOR031kxaTUSU9R6HZbL61d8++jBW+eFNyo1cHjU9XtzoTHI+Q6EZY6SckleqnmvkfIUczc+b759rtbe0jlRnKFyj2EKLydeApHEpuUeo3W6+S3tJybau2lHAY3KPEi2154G+nvz3WyhbrdYblVaj3hTwJyxobX2tF550qL7qlA2KOlClMONsts+/XUlU9NtaOBHD30pzsTpSotK9btaeJHFlQtuLKfJKcI2a75ps/Bm0XnLN54ccwkJqlFggdHCbRzo6Kc7KchRCi4sURnGjveVvaLz2UXOTbIb4bFVZ2T3m0Z50N+rhbLbJN5ytkBCFViBnfLHHjPvn2vHHFo0MYqZH7GTASiVUdDCU/PjowLNokEZajpDXk5ptv1jp8j5dsgVI/OlN30JvHDe23KlQoU3FIyydEOqRxoywp4D2i3xK+K+JXxXxXxW15vut8uy2Wy2Wy2CgKaQviiaSi9MIk5ZtHUbqbbKAV8V8VspXzXtVaQtlAW3N/ioyMMu3DjWZitiopK2Xsy+SklbL4BfALZbdNUftEmTd7b2i8r103yvpQFFJWzL3qX2V8V8AoHX4VNp6CVNSmVAW3asPrLPDdsjZsPcuVV0D2buSUdBgF7KLHVfN+bjuRQM8KcuLhtcIdx+hmna85Dxh3B/KfLKa05GpkoudZlHf4XjU3j+nlObRli8KdedIIdthGwUBYvJATUpqVOT1U6k64Q7Woo1VF1AX6s92oT1rbTbghU9qczAJ6jpf/EACgQAAMAAgICAwEAAwACAwAAAAABESExEEEgUTBhcYFAkaGx4cHR8P/aAAgBAQABPyFa8VxPjQ+F/iwXwz4H4zzvkeBEGvOE5TmiYFohOGhf4C8L8WBL44LxfjOIQnjPDQSkHozSDXhOC4hBIQREaHROHxOUXxnE+BcTleUEfnEH875Q1xCeU5TAmTfE4aIYJxPM/wA40OvCczifKiC4pfKTL0K9r0mby/SG8IFqS19mXH0ZPTrXo3ykvhhP8LTgg0QnDXM4bwUXjBMHXhfhXwr4XpNF7Lv80u1d+B0o37EP6PweRRkz6KJz9ZEVF7QsSbC2U/Of4kHxbD4fD4e+GZI+EQSYkNEHoQxeE8V8iHwj8RCFrbevY6aFfZIYC5yNkJysC3cLGnDMD9B5Xfivh7+L+CLyMfDIPho0hEvEJyvLWDQfD+WEF4rlAWk19DDCjFNX0P18tcJEXFKbI6jyI2z12kwVdMwGQNsj+jLVj8Fy/wDCHzCcwaL0LlH6j88NBD8p/gowX0SDfQ22N+xMZOVvieDI0xsjdUEDRJH6Hp6Qy1fsxrztpmWn+4QkX7iOpna465f+HPfwkJxSD4YuNBeC/wARFw0h2RgfvKJngmHFk4KJNpkXqpwtkTPoha6nRFhPQ3vIlbM4hCXsH0j2TGyMmv0ng/kviPfLnEITxSgxrHCCXGp0Lhi475nlsXixtZtEqV+lU19oQ+ER+mZPO/BLA8PkGxDIQnEWh03MdIV/ozYMULhfYjRWPTJ1J6Ep/wBBEt0+vjnihcacYIQSH4TicvQkNcvT8GLhebXM8W4zaIzv7QinauZ0ITazwKeSnZSEYSQnsmeBuFmWKl/TM/OD0IQAUw9lrY9b5zRclfQs7M33uhNYvZDJ5XwnDFzqNeUJzB8LlkojQWvKfG2iyxpcSQVPA7N/ggrQ69jNP/5DHWf3G3++VKHnFg3WaHA274UrbNiPUijO7oZWFdISompwMvZCGtiewieHmnivHQaJwh/I0QhoLmfKpjYjFPQIrY9ihowQO50hOoJoYXn64vE5xZK0pvh8IQ8iFiLWUQ24FdEM7jTwFmf9I85EGEMFLw27So4jryvGvgbH+A1zo1Oub8f6O9DqRMJH7FWJ1GZ9B9+UpBEFgJ55JcLPCEC0rUK9DNEVaOh4Rr0YQnb+zYMvwm/WMT4K9IW9DCIWcLYp6BC/Fjwvi/PBD8J5QaNBa5nlPFZGkf0M6W28ISFJO4KZVwDV+uFz0MJVgYo9jLw7QfrA5JAxbAowHwUhJqv8EME4wH9ILGKHWHUDJ858HEpStTXyPxMQ/FEFxCcPwawInwPxx+CNG7sPpCJnzEff34I6MkIRZDwGMVFTHtodaCqtCyglDjMENYJQlOiqIq5FGBR5WBxOF9cBu0NI010ypkvLGJWEehot+CGXwXinjOF5Ma8dPjhOW9Aj7BbEsTgTxUtF5tMZPBqKb0X0MTG6Ma2OVkJ2TogpFyMZkKBrBuo4bapRWEhmoSdP2LPAbx9mSe0VtDROLR6+hnJ2E9i6adt8i4Uc8ex8US4fnodfM1tZZRdvPGAZsbGN0NcpjiDQkHwlFbAlGBEnry7FzZFKZrsEn9mTA8ivRCUzbJ/Y16MXBS8pugaiNoTPc+a1w/JC84RCRHXnPJcGyWkK6oXdEKky0GLfghM9Q1y2ZMYzQcCI4O445RcIWeNS5kZW0U2WSeEPqG4RBpsw/Cn2PEYtLsPCymifChmvM5YvifL0LXxtYFxj9jJfN6OpzFphq3xPBcIXBjYlqzizQ+KyHFw3guDFETUY9WqVWBscG2LBIAmcB/hENeC4RvuUSFHhczynOn+C/B18pBNOI6sDDbsc8aC0Qh+CCGYc2WKkLA0GIKcORCE5fBSbF17P9oq7FDNGxwS0U68EQWyVdAjr/CUflB8Pl6OuOviZ3joO8lx6JiuULZNRsnvZ8ZkWFBa4UY2CzoSiBOs04pRBLkuEKkIm5SWYOD9Qlbpm8MfgyizogIcaJiGr6Y3F+NBeS5XJcQnHTFxCfC8oW70SK+3ms+5IYy37BjVXpfCFCg8d4S2GwqFiVCXBC8CQxiUFK8FFtIt6pv44OBrh8u2Ot5MUa6Pey4LxfxETmCXN8mPQvlnpkJ9JcG9NFj4fQ9JaOhF5XGgkYsWRDHYNFmHXYqfBccCKEJ2ZoGYcaKbh3BkhikLGBFwtCM3eE+LqpaDZKyPwV3oeRMuNeF8G3inxviUh15wnL4+skMhO9mhyp1O7BiUuKJovF75QtiY5aG+iiGYqNxKaeBskITJHJ5IbB76kVLY6tQbRrJ8MetmfEqEswMixWnYOg2UY0QlDy4+2P0f3R+N5mALaD2LjEqaeS56NzrhfA14dC0NcMevhfK0Y/wBiUtbCzexC7VtRU6JYCqX+xq+CEgtccRKSEFYkkUlFtsW1hjhj/bKstjvWCtjVMIU3oXAz0QSGqLZhrEtCG1wh+mxHStglJTKUyXo3h0QtOEHr8YesGvOczBHwTi8zyY9C+B8Xh/sB/MFNrcELInyhlWAaV9mbv78FvggVSnRMxGcsXEIsJpYKLbEDRCF+FHFsJiPbNQzDsQuC4yQ7xgXZ6LaNiXqJiqpN7olDOIVkaFpgnO6fpsQ2B15XyonFL8M8GPXjS8vlbHx1QlLAVpD7oSHxTy2IRVAxb8EUFDDnhi9kWZ8cGpUyMxhKFZIMtBXsViKYq7En+VP+akdch979hZlC5roY1Lgn7XG5KhtK37ITTgWjobMhDy4aczXQeo+EPyePnPy0OviYhzZ6PQ6txwe9C7XYuf8AaY9raejESMQ+TEWR9nFHXBCZsemhjIYrB3WmNdhtsd7ExJV0zSqvo2QfhfAVZGvsehISEimaILEyyNhoK5IuxqyjHYIooa4lRrt6NUQYL9Ll/Mx8HXDFw9M65XwW0NtG42zYaJUIzQjF8I+wlEscSb5cZqDNfLs2SYBam8mMoq0GrcMmSgg8jUbGSYyFWUQkTk9DKVx/8i6l9jaJRHkgyWqsRN+x2RgQ17FhfCzYvgvGeb5emdC4XiuWmw0eGBJoThyGNT1CJ+xbMuU4x0yxGJERiDExCzIoh6FO4GJbEnsKUw2s5ZLG6Ri2NReBjGLcXcJaPshObLB/iFmj/RadY9bbMHZKPYkMXmzbl/M+GPTOvBi+B+H2Ihp12aH6ZGEQ0QRUcJSCRldGRD5A9CGmLLSiLXYgx9qBklBkVFSLwTwM2jmBmeyIpRXjZkli9D8yMe5WByKh9hGn9cPmeOhm/OcT49ReSGZP0vhjhnYpdhB5+gyqiWBpEMRihhvIgxISWYakFJCEh7E+HQ8oG0m8NKkmDDqeAjmnF4QiYIYRmbITZQg0bQVeORXTiqh7Zf1CHxPLQvywQaJ5IfD4bwL4Z4tAu3Av/aG1V9DVQL7RX0Ylmvrh6yzoYwlRH2hMjcaKMlBIiRfBDXBoQi8IcrCE2mPvL4y8N8dlXMFSGU0rCkVkLa0EhLoaY1kiUv2IfwPQmRjEuZ8rOhfKhr2b9CWW1SGImZj6DbYdFzHp6BsO0PDZlhpEmCNjClvjWuUUXh2gpGPC2Oaw3eLpsGKVoUhijwNwNaiQxkJWI3XS+BcPXG8whR8P4G+enyv8BTMqDrF2XBbpIesBxtXYib9J4aEJBNTixSSGhi0LhcKQhYd6NjYkN4QoxNgxL7MR0SKhGt6HvxexXb7Ei/G38344ITh8IY9Pl+DXyL7YhWsUrWjO4C/wjaP+DRU2xiavQdYT4YnZZRXB0HwgT5zg+Ko4rQhcQTg8VPoQlOK+y+B9jNqGEdCReDF5Nxb5Qxi+F+HTF4IZRonnjmiIblwtdAplhaHIZ9icHsMab6EbU8sRgOdkiCRSjGRXgxh4KCTBkx4vPFdDmStApd7jdgpRVYorRskqX49DfxQ/GcJ+MGjp/wCHgI2xjRZ0xLo8jXRRkckuiw7ChrJ4qFKNUSNcEIYW0EgiEkNos8EhmxucC5YfloauDAiwyJgSRC5yfpBI/Xx6G3gkQYvGD8bw9MUNsIQj5fy9CofscrFRLVjMixgUz2ZfDSIvAtrfZfs2hi04lMKl0g2jbFLWb0h7YQxWQx6GQoHgJtPiWuGMfhRmhYQ6QYgQ1BawS8u+HwjQ2KThcTwhc+GfDs7FhT7MooP6+G/Cwva9sX4OCzVtsSn9cbGE5IS7OhnYwayaJxpHWz7M1tvTEmNCM2xKUsThUQzETKN8PxfHIYDQHq+2IbZrlfDqbczhD4nnBIng1PROnMkj7Q/C+S8vtAYrpkzbNoxEEmOxUg0aEvC8uhD40GiVEFNzsIcyKGB7MjHirYmDfL8GPgdxPRjirHdl0Ikjvhi+DTznzMeD4S4fL0WwwklT6JzPKHxfluRH0htNJDmqm2ELJN8vgYJhF/rfHDWlByaoRsYk4nHY0qhzsllopLRM+orgwLEPoK4PzJxS4FYljGt6caL5Xn+mngQxUhopfhfD0JOi8kLBuMIQ2t8ZyvNTUBSLdjS1z2fbtEkVux/BHnH9cQyvV/fEYZ2YWGoFvHhhpog+x7yuxnEVZQmvsr5N8xQYoZbMMFQfD34aeNiH8E5pCD0LRdEM4PQpVZXM8V5M0Cx4f+EwsvRIWml9n0yYSXJ0VMH8EINGozsyL0/OIbcUkzGxu0x/Z0aBUq+2xGTQH6e2OLke8fIUvD4PYRGY9CnhK4sYXyaD+Gee+WYsoY1YZWgt20KpYY2T3xS/J1gSNFpU7DBbN+vJhb7I1I0MC5ePUhpTGhkEOFsv2U9srohLmbeL0Y4t9mCJCBfodqh8ELw04yMzHVRy29vh74KtPkpqNyub5QnkhjbGDyzDIKWgNFI5Q+xax9eCfIhxiQSS0hsJF4bIsj9EzkRYOj8R1LSEYeQqkyFoUEpbQ3GxMTKOKTbGToWp0RFw2TBuSF8L45Q7IPxfK4XDE2bMYtcVJS0UjArAHN6MzaPT/Eb5fCUcND3qZcZ6LZGFVTqCElkZGLBCyyICsZKJkRkHgYcjCxwqraEKoOMM08C+LQfCGvNbJ5NxV6LAclnYsYd7Gz2VosZxINVWGNCfC+afCxrEUnOZQMwZAThLsPODsRYuUILDMJXlITLNqhu04EDcUbA2WPil5fE8T2P4ex+E4vsyJfoZtD5hmEwWShhdh9pfdUej6GL4F4ded8Uqa6ZVQ3s4TGIbB5ZHg5dC0wJwtJIaG+htJGdGUAcstvgSkIJeBpAuF8Z75QxeL8UxDM5Gz2w1/CYwiKwj+ymaIhgTiB9DTuZwmPyhrzn3wvCcPhCB07CNPwEYik0KC0iRBhucMKNpg1wUhFDBR4DXiKpBa+Jcaj4Twfwoa2PelpEYQ1pIhwKKsUgnIuceW4iTfoQqFovgfwMWB/Anr8Yxa+mMTybiFKI4a4sOKSKeTI2ZKsYFjhWAwgoudB6scL4majFw+INCGXxSFOV5N/pDJioghc2zR7cYReMS1CH9j7QY9D9DM+F8bzPifgrFrHsTJiYIzbExkfjIgbCUrZtYPoLlhQQkjByTguNeD3y3xhryvDYmNcPlrlbQ9/A4IurNEc1o7eEtbQbwJsaxg+VP5bFPXrzXjBk+Gj56KbXXFjMpUUH2Duxi2KS2PxYt6FqoQsESExyg0Th54rhoIQH8+LQYh+GeUPfLwjosa8Jphz2ND/VGcGJj6mbcTxJkG1cEl8l53yXD4vhDr0JF6YvsgkhmIoYyeVtFEnsk0JjJsLwZcPnJGKHjI1RTrfM4fhrwh/B3xSt7HMBaMMFoQg1gtRxGYLCTPpRXtwR0e8I9lTyXmxPyb8YOiyPY4spPDYxj7fCFwM2ZZSWaPW4JowGxpBsfJ8HEzRmR7BHm+jJhadiS8mrXyZr5Ifk8KlBDGOiQbAjUGJAzxN4CbSNAHocMrY1dHoG688PmeU5nwPiLS/o0dH2Jb/SjffE46FkvGxMCWsMQgdTkoZYffwMz4Id1Ed6vpiGX6Mzu0zOVoXh4mmPw1+A+UdlYc+ohs0EqMsQ1CA7iNAhrxFJfaJYGolEJe8DkK5yjr5b4PbUkP6QBgZf9G3Y3WMXxguI7FMSy/Qw4KW64LxDQyJn6I7A/2CsLN4GtGj8UUn34aj5Q+HzBMYtuMZNOChhBihBaLUIc1FssSqUzboZnVDI4/TBquJwvN83lPh7TRex4e+jseVb4b4681yQYxXW5Gy+hhxIZOH4ug9RN2Iz4fkhxiFo4HkyXszLLjQfKE1MnflvA5xsVMNAUkFwDR4GCMg0FE8mISME4OhUILB2Sx5NHLF4Tl+LMpXoYcPSj/XgdTxRfJcIUxF4HPDHDApJeHQxRZF4XAyegPhw94QmRIbITNGMLa8FhS4Y+LwxeHYsKm4mx98eeoQTeRhkmilVlNHKAUyYQg0FSMWkfWBLlL8cINHWdF5k9ITBKAzY36KN8zhMXMJyhBzO4zCMS4oFya4SFFlkV30OeCtMX6Ac07ES4fYpgzcyJuy2UekIDvC0XheOxLGOY6MMlko4J0qInsboMRyR1cQm5J0MgD2eRx+D1h9GSPzfl0In+ImalB4aZj8X8QgQVpsM6ZheFEE8cFpCD2LhClCGLz0DG5xKwYpGQbOARvBB4MApgHFkPuERTYmdj9OEPiygeTIYiKouYuNaGl/MWLoei0DV4MwSZUEX+hCgxS6ZPYvCeSlyq6KDqeyjDfY8kH8SFyJDZjZDT7JFyJRJgTikyPpwYOGgmJRDRjYUetxlNyzseTHTIUSN0LQEihDEnRGoYg3dFNwUyeUQKi4y2HrB6w63oVwGAwD0SI7QzYIaericMoNqPYBswfBC4EZheZ4fpaKb9IcMxzaY/hCEGiGTPM8UxhYHqFTXHMeCBEXBbFPaHNg6UfBeDY0NRwXKH2Y6eWO3BK6wL0i7g/wBj0NaKgcNkdh2gdhPcaGLsDxXtweehwQbOv6WOkFpHcI4MVQpkSsGXWPTAwrE+GRB1g+DfJCzQWzJRDx8pqIZCkkLsN/Y6i9iFoa4Xh+SD4T40NR+jEiaK9D9uDKKCuWJ7lRRcKQdQoxC0hCGVzsp9GDQi9CwbSinR1EN9YMxD2P0H7DDsK6DzoUCTuDUKroo5Nk0lRFVgnhZwkGuR0OSnBYaYxQtf0RJKn/B5wP8ABofNPeDJSC6NeGJBa98zhnw6UOzaBOw5RjGmNEQc4a5nK4a4ohCqZpo0h4ckiSooE9k+xD74SbnMDR7JnRzsYzfJJaFnQ0kOXOD+5HpE2CbehWZ4J2jIeziJYmQyZFDQwQ/2GmUJ4aMsFEp4hIdB19GKtYyCYGRaXCEbGhkbFB9cxJX0SxE+yrH2Dt+GFs+nAVfBGSiYYZOXOIJCRVDU4RXAhGg2OkwxbwT6PQY/Sx+qPwc/+gjVh6kaRj+w2jW9jW9mvYNmHpGmRnaCdBhdhthjJmEKvsiCTsjd4G7cSo8MSrInsTMkMRyivJMbT7DEzFn3IWmSCRTBFjfKwOQnH4bCRoSiw4mlVfQub0LAwzedfpDWWXprhBr0Eme0WM/BX6JRcNFwNScPAcyQ8BiOhHYhMYuz7RnYyewi2DaoQvQ5Q0HQOmyoaYQ/IjrTAPGClUbuG1ExUho93wi7GIFiU9gntl1hihZZC7MGOb2Zh7Bj2IMw2uNYHN0VQsiC+hvYlZlvrs65qzg98Lk2NRzghPQ4rp7Zmr/WSLdYudGTySioVqQpDD0NWskIgta4eihmINIQ0RiaBHY6XHAlGTCJCYQT2LwLIgyxseyC2NumNtkbBkiNwhaaCSYUEiNFEh0mFsa9ieoVN8LEPJDYk7CoWhIoMykPh2WTSMjbBcyTWBNdFNjB24rfB0LWRWC1zY0y4Q24/h/wMsCQs7GPHBEKHkMMMKnXB4j+wsGzoqi1ckiGk1g2GEI64DOMqWskVeuO5pwCH+lczfqFGuIRdHrEOqzGgQu406HZS6kPQ0w4mLtTBwWhsHjoWOj0BOO0XsN9OA7G3RZ4tZPsFgTRDGmhuExDG4YaLungLs9CEkSbLgf2WwLNDdQshfWSDOBYwGMFdDuhGRZDUTJmxY0G86MscSCJ7NcCoaJou1gZXInAx/jQjoJL0dsI/Qa6MaBPtURdmUTtoSLCEHo0QjAbdiWUdlRTAKWLBgh42EIh1sba0eiZdCWMiUfA98JswEhsbj/Q3jRHoboESRg72ihVeE9FJV+hk3exiO76P+0QnO8Rd4EjBRmbcJ7KErQ17IzQCt6Qo6GTqPsxD7F9kFRS0uLOBKLGkJCaaHro3yHb2NX1xeEJQ17Hn4Kyu+/9iT2bqH3iCwjPgN7lGZCZNwzBd0anfEjhHoz4QmE3YT7Ij6kOdDadCISd3Adhlob6LRTPwLGMr4KyZBlrIhxCDJDWYKOhbFuOU/0n/Zwl4HiG6/oa4n2GofQcYsiyITGyHeHqR0Q+wyMt64tVZGkshUmNUSC30P2V7yNsqPnLG6sF3xWcM6md0NS2OegnZFDbBtWGxzBKShp0FATYkdEaeWVexrKtiX2IEgwnoZhcCJ6GbQ/qMyWSIecgpfZHow0FjWLbMdodGZiJgYh7SFojVF54rRpk2XwGIZR6FoVfxI/ryIKnQYQR6krkoML1cRUs2KoXwHNeFEo2J+wvRkRp5XEqBDUnkKmhoYdDXiG5nHEbLBlRJiZovax1ZH7CFEEtPAuxscx5EqYssjmGTQnqZImPcCHyyZk0RIZJaJ9C9QgbQQ0KLIoGRKhrOEI2FLYnFHQ0SLfgo1kZBU2KCcuWrauyWw5lidbC5vIQpo6EfyJBH2QKhBDySsRLR3A7gQZ0aBo9DJwOgjEhV0yWB53FTQ4tLJHoekg1yC+0dtsV9jRiXAwftgRkVWRCwIvRhcdN5EuyozZZnKJKJTVZo0ewTYFHoT0EucHioIVoot4EcId2JDIeOBMuxULGsejYz7EmimNMR/R1ClsaaGW8HaLQ9qsfdjqKKbFiqELQzZF3YbqhTkMAqjslGmuP9FwtMlwNFjWKOkyUlGsjUEYIlQjkelUdNDFIYTol6GfsKLOzoDjsUKMW0h7UPazgVd8VDTiYjNBqVip9R3Q0TyGNcKrj0NE6hp7MGROWy3Z2gpi1DHo0FBUrsRdjSI/CDaiwFgYo8CyOPsX1xIBB9zI9mLstaeORqoMWxOsl6jga6FmRrNQRmi08CdcHTQTE7g0asosTi7aJSYlMj6hjQyKa4EN7HlBe0MLBZSHkZPAlWhBgvRNJnrEoL3klgZpEJu5Kej7TJsYG7IRt4RlpRLgLLKM02BN7M0HdO5MUOCD3DDkaBl7GTshoeCY7nKsjkG0OsSLe2MfY4Y4rbo0DG7JiWsMW7PuI2ETYTorwjFQpJjd4FbeWMcsYhsdQhFodcTpsmM2VTFholOeiVErEIQS0NcrIJZijAn9Cmk9BnISZJL7EkShD0sRM0N1TITx4IL6HV0j0Fp5MmxpKNroOfQxZZc+0UtsnpiUJawxxrY/hhK2RAtmkMGlROZseghkxQ5leTtBJ7MGSpRI1BFsOh3Q+hb0DLBCGyNcIX2SnoetCCJoVOJCOCYR6HhwDpsY2UIWhdIRkROyKMfK/YzGYwYwJZWBLpoKM2odUoY2SGexaqKUSeETuSWCMkoQp9HuQY19D5+hVUHqKnsmgt4Y2Q2N8IU6GCywOWzWPhEPBYHJC3EakKBzFaI0doJPDPsM8HRhC7o/BL0L6mhbI7EhQOoytmSRVYJKRUT0KbFoK8sfoiy0b0OOK3oqIWoM07JWEJM8B/SMgZMrnNh4MWxQJm9sQYCEOsJidIEW0ZuwsoLZvYmt1xUgkfhDio12JHSGDeYiVDZyK/oPYiqI2i3A7FskReUZFbF7C9DtO/E5NMSvpCmj6jIaot0N6MxxNZsUEgkqvQ6gdaRCN6GH2JTLKEdox0Ngxk98DsiitjYFaEDKYPYJIJp1xi4vkoyr0NehNYRmJkOeok0pKQnoYrRDlGRGIgyPRiGYQC4o3kzBAfQ7eey22YjctdCErlHYpX6P17wvNTjMXkfnEbHWL2Ocm8yeh8NGbFJpjc2O0GBSNljDExYKCDApkxbbI4Q3hC2o0uisQzTwX2UZfT42CZnLJTIeiWIR2KhQ9FOj6i/AZeR+ipbG0NJ7EC0MqoMEoeMDy4T4ObYmkp4LslOxJE9xGbQinAojLPDxxa6CGyqHadMz2OzOCvsxab5EvaNkLsMGC4vDE6jUuuFIwCCDUfCV2yMXQdZEO3VEbYzqKssSMN9i9Q16HfoRnxCOhg8ZPWe5jQSbMfCEzkadIoXfRkxShn/RjQ3jVtkezoiK62TsG0wh9AxjUskesGWQy4FQT0YMJ7JLRiHxk2PYcJiCwjEjtD2kBbbEREQrsQXY3NIpuB3hXDIrsaEs8NrLBdbkbrwE6yEsnpHYyBvLhBMzuYj8mMlDCFedobA0ZFPCMW67RUsjNp0KPY1w55KGISIaxlbIEB7Qpb0ZsIVBIF7SO3Bitn2iYWTBqwQnyR0MqoT2Nr4mxtjFfLHAQW6xImR7HA7joWMXYJfRk0NhRgMIYa2IkNcJZHuIfBciYMGdbM8h3fBIGQ6PbyM/UhYNNpbNoNfZmmtCr8B9Roc3keQps/glGn7DHYQX2FdIMkdH6yIaBJM6risSjFhMdjmiTHE9izpvgKj2UEWcjpascaWsSieGxsJZkWMWOyERsZuxZTua1jUdKBwFBB4kpZXB9AO2jdg1eyqUSUyx/UdsdZqiWghsvsP7KFiyIujpAabWS+homyhiY02I0+J7GzAyCQS7lK030NKmnaKdhDVCITcIlLBJnAr2aaxFLY5LJjJbEZBHqGJumdcYGOfsXBIkKXHIMYhl5aW16MBF59jRqFdjsVMMplDm+h2432UVo4Idk9wWoKdCxo30NWB/YUhhekxLC6IhrRPoS7IYaLxpTVcEcCSXXGgGpXshDQgxGYkCyCKqQ/Am4LZWLWxBCBuKyhsPRGQMaEsBmWiKjUFyK4QSt9jN0e0zOAt4SKGbD0NThOeOTxgmKnR8J+UDi5csMnIe6ikCRjRaGFJRFpCarJa4NhGBniYm2RpwcrNw4CxorOFDyRPY0Y9CNodpQyRHhsjbY3di02Z8C9hZYPYx32dxlZggAg8o6sDUsCd7Y16PRFe+hKiywNJN5IbHRbHTWDIa0ZHBkIehyhOJ6CF0uIluuI0k6pdbAncwrZnFNyIeXiDjCzASx0S7IxiLML0gUTeBBohMT9PwphAdJcmBA2pwjTvEkmP8AgVagmG2K82Mk2ZCVldSRooEwMSWToDLYaMPXsJjI34DJlwCGE7HypMRl9CjlwZaM2T7jE2QZHZpMnAkKsQ9mLpMz7BMwcTX3CayxJsNu47ZV6ETDJCbhtCdaY2CTyEvbZg7F6xHoSH0z6Z9UWogvjLVsFH/gliojQD0hU7Y7M7ZiYOwxXLkvUE6QSfQRCHeMJFwaGzZFghfPJkiibIpqE4FxklHtg5RIVt1sT9oyeRsmKFloZBXMDZUQS9jSGmBeomYY+hjLKLLN04CawBLphklTLez/AEJ/+CEOGNijX/uP7He/4Few6k/94G1R0SS0ok9L/RF/+RBGL6CXCJxeDZR+NFw0NQQyRmNJj4V9tEtDlwHKYrKVHRi2XA+MMAjQyQqSK0KCmVBCMUMQ2UOE0Q1iaJrMzpBtnszNM2GIhpbeRN7GW2R2eFkeQkNpMHqlt0Y4EoExZX8NbP6ZZk/pcpuKreE90IIg0QOOEELSCgjpkyLggZRPh+RcFwhIyQguJ5QXLVEGscHRkC1mgrL0N0EhgqzsYCrZcBpvNiwM7DceElQ+gz4Gbn2Z4ysDWBD2JWyXoJPA5qEt54nxRhui+yQq0S5jGPmWv9GVDf0KQab/AECVoRBpriL2QQJGi8QSIQZSg1w+MCQl4Llifivivocpdsa8oYhIWgwiyIJBXQUyMkJL+j5YFohS4Q6aUGi0PLMWYaJkW+GiIJ+4e28mgz6ehkTBRzRk8lpZkV2lEK7DV0/ziRbhGnp/owISQ1wmMZGKjpnjZCTwpR8qENMXiheD4fCXkmNxE2CRjRCYPaYaG7FLg9bCQjNlFUiQj0GdiZhYYIS5xpsTgEoyC0kMHEMzxwf4P2YKMgtDhvThYRV1wXHFREHkbcJCXE5o3xBiJ46KYvFKf0wJlExsU4pSl4fFLxSjeBFqMA4Um6EOJCGiLtGho95Vi8RH2ZoGEQlKXCBiyMQxbHDuxcFqNkSoag9a6P3I54nwYmZAfpj6jErHGhn2amXE8iYJGIWQyjIicTzviYzRdDH24UuRrwxfBOUy+CMQsZYvQ5Fmj4myQ9BGdNwyjlVMpCArbGiuBMAWjYscFNzBIZNwb4ZTE4BFYgJbKqBd6Ptwx4oklPsVGkmElihk6URRBh3g5ci4TKi8XkpSlYmNvwbGgmiWhCGRIxRvgpRcLll4viiDEOTJfmxK1svsZ0zakdiRDETGRi1houEqZcQkoPSBOoWTSN6Me5MvAqO4WncG6ZGJrBRsho0y0W7ZYtQkbhiP/MPjEfAoGxTlfohmvIhrhF4aGNDgSTQ8vA/NKioouC8m+TLgyFVN9CHJNBjGapQaHvAfVoPZGXQ+gihmAcq0mahz4bGOIgkJniIpZYwrOgLEEmOFoww9RuHjC68WcbGyNx6LkonxSlfLD3wlw+GV0ozASfiaPghgNUnDcNeC5YD1cOjYT7JFvbbFDJgjwSQ3BCirRFGBZ4NhDnREORU0Bqa9GiGBeDCG1qHSZXEI3EjFYQ8YvOUuwxGzYhsWeQFoaAmxPA8BxDYTfocW3wnhRPkxMRCDSHypSdQ1R+FHww2Iog4Rw+XsT8GnDJabcGuTALQ6qJ6VZEwdKWRqR8CyHuYro2DI/alv3GzMKEDZNBN4K6RgZgzKYqpMxfY55JbF1NnaGJRBMmsZMaKQkwCeCXiiEBJIJp6uNhi4fglXC4oxRkMfYwQxcoh8Pi+RMuOb5aENybAw7ombyzJdkV8TO12hHYeakK8yFzE4feMxWhlQvQfw2nXJa0PEnkdEYTEvxiMzAKSoi9DexTEXKMNGRQKlwKJOC0MHYzJPY4kNniwCtEYKMTKUTHvjs0VDaMMcJwwtEg3kpUQY3wPXjbKUvEE4QjFm9CHMoJNjmzJS+8WAf0wQz2MzoZxUdhabHthizlcEMteF2w6XLEGIaHXKMJofvC1SHCDO4Geyot6cFZSkgiPhoTIciTWYBoUamLFpihZCyELRUiSDfCEQSJl4wODgxGgzvG2NPhWjpiKIaGjLzfMFgzfCg/6gyujLJaYwmg3Qi2Qv8RtnDBF5IsvWShaRJp8bx8D0JGhZWRsEKdGQdTM2piwsjAstcFF4nL4ZsItGPVIgoINk1M0MHgwcazG4LIkMQTE/IQwELkRBZNNTQYY1GNBccNxJip8LwnNOMbFns2mhAqilmSrAMUOGZEJgarElReBMMhuP/9oADAMBAAIAAwAAABDO7UMS029uqevu5OJOwTX1/ESkg0P1TfDQf79eP/FhHf7M5krEeaGEu87bIaY5bNNfXHuQGgyBV02zcadOf0dmoIjuKnwc0KiDAjHPKaKYEQjyoGtbskZ37lIC2e8ke9kW/HT+vdlzxeviPO7YaKJNpLWnBtPH1WCs/Uetqe9UktNUE1MIJfM7DLCFICg9v9uYpMLf9PnQ4XPa5X15sSoNsutdv1s4rFf9nlutMD68AvZOjXG9sfaCoCvdnV1/FUiW2/c7uMfklKAtdJd9uLOKRcAEHCxlgTpWjmMg4Pd/cHt1W8Hfn1tvGtMjPcUgVtPpKyN8c9t91Ut8ZWUeW6m2hSeqM0+JxfNcfOWxi6ffv/FEOazoJl8OnmL+UoFhiRoI3+fJHu89dawOQstHUSxjitt9FdUXTS32qTU++poSTK2JW1l2/Ko0J4M2vrBTddXanexA8cdUeVURLRUgbrFpScxAJKiEU9Sub5KDE2WiHN9+5YfO0nfdMEdlF/5laDTpM4ZzjpLSfoCUEJI1obl4cXKln0KRUTv/ALTr/Lz5fH/PKqMQTs67OWstyHEK/wAxv55T7P2rWuD+R06lR5/e37mkKY1nbUoKhkNbdqsDvh44cRA9S+FWIGo2HiUV0UT+2b63y8VN9qoHYRQqLaSMwcNbsdAdT158AqELQ8kz4V+cax+ScWS35vcUuILfhWjUYhw4T3AkkjzQ/Z10rrrH7Ty2f37077Xbc72ouMCnW8UboCPREGU0fGx9rwdwRU1VZF4ybGPeVT9U+E98eMdnJu9/EcFpgAUXfAWARaD+Z2RlXtSdVc81e2SAWi25y5IZy2ez12S6n9tnn/kYUflJ8PsiZ2HhSqCBoaUVrT4e+4578PWTnW37+TH33C+bSnAax0/Yy9+K+9FXaiAAmxvRW1x678lYMkoQw/YLPHawMs/57edP/VjymQGh6n8rLvf3e/7h9006ltQBPdT/AJig7n0HE/NsPdVt9YY206gVnm/9ZyHA7eZ8fN/kbNPFgTAkK+5Gi+bSJboAQaJOaLpFX7J688sXHZ5WvNQw7gb1Gbs/h+cIzYVrt5BnxH6Dk0UxWDuCaBWH23Fn239cxib5403bUNnsw0/nGtjEdJ6McNTgvwy3/Ef31nlxZENaOW8GUJCKALtHqpHT23631yKPi0u+NMZVI9XhdVctEs5CFMykZM9xXDdPAzX24F6a78B/km930q4XKTnjRT79P8OfhEa9xdMBRhxSPmcq2OyiULZVxhMG4OC0YOViMotKFcv/ANKtkBvOYpA/wWIPxWQfF1EHbu2+3ggFBsLguXeGIquqeFTNldgX452vB/CmgeVCn/hDsqwSRZn3cV9x5MlBqdkM8gf3xJiEcVt6qvfT+gkCHB+TzS1fZEk3B9jldNN/lVjDJDBnq/1+YYpvLmgn68tqQwe5r1r1Pqmo6Z2GWAtjQnBt5VhdufFG4zMsiOoZrVA819Uwitf1n5rL9QJ8nabgIuYoNFuwGG3JpDOAb8ruva5K/O9mYkiYq87dFFhv45IgFME8dnwCvNhufbd/No0guJkfaZpWN8Euc/edqxgMocNhF1MZ6EJ7lWC6W4pRxRXElsIbXUJAVfEQzOpGaCS21Dv51CkeP3zmdvzTPzF2p1YBIgFdvpomXLN2kUWq9ga6Sa/HTxQEx+rfEQ8Ajfrz9jtoznGESEcHY6lVI62so6agq0qqaohBdpAJKKCnJlbPAnLtXt18py/hHhlofbQIrv00IAWf5NHuLqx/XO+Io+Vt55D3jh8Np7SQXljVazy+/CGX79k62ss1L+KFhLmKfwZyKqNXRgcKnUrspVZlDhRmlxfila/+SIe0Ps/h/Lro/wC/EbvDcKg4Zywk5JGl+TV1zrh8CXfNTS0tokOusRvqtDDz1x7+6JMI6O9fj4ysUWa2hqW7ibIvCyRFGpuN9pjjtl2yrulK511VUb/O5hirp03FL/mjCceb6IIWELUR3eH7aFFauEo9fb9AS3zcWBW/KwwETF+squN5dDgFa4UcDQO4bm6wTqlZ8tETZa/FZ3SSYeEqsUMhAHwhtB9mt0HfMaTfG7RaSFPZ/YnBG4T4oku35VUnVIO4is6jkJK0ehEJVJQd/WKcGAja9CY6bebhVimrBy2BUR0guxSAJKDO957hHME6DYl5YJPPfQ5DvbCp/I51y/Sx5GRzRGFvCOkpMBd3r2hk0VZLs+ny2hZQKJbQVRwRabubwVcaMmY6rb5Rrm99GYQc/q4ZOK/npXdfHUaNPTaR9XYeD2V5fyogQOLSUanmbzVEs24bJ333wg/YYg43fAPY3ffQP334XoXPQvHYP3QX4P4fXPPQwnn/AP/EAB0RAAMBAQEBAQEBAAAAAAAAAAABERAgMDEhQUD/2gAIAQMBAT8QQxeaGLpix9rweTViGJelFsJj8YTH4N6sXssovKE/yXUMnE259PhXty+17usWoYuXwh8p4sWP/Iii5mNjLtLR61xRPyvF8Zw+lrFiXcLj8L3R6uEMvikTxYv9CH4InqvecwS1+C1j18LzQ/BZCei4eLlY+nlL4oYj8FCl8UQWQhOVlxLZ6rENCRCeKKUpS9tlF2iedWo+jXD5pdRS8UaELH7ohNYmhk8rk6Q8WX3XLFyh8rF2uZ6TViyYhj5usTGLGTwQ3k193UMRPV+yHr5XaxPqZFxBD4o2XwvjR+Ey8tcsWzqlz+CITWIfC8UMXLxDydQfgun6rFr4RMuIfD4hNWvudo/vV4WQghky9fzt+DQl5wnbRCEL22Lp+Kfki9Q+bRPFy8SJ6Lbs5RMpcouWhLt8fna4S5SH86vDJ2unq9KXUQff3yWraXhDZb5TKfRIbGLpIfD5WrYTliL3OVr+C6pfCE183i8SCGTtIePhcryfs3xCE1C5hNvd6ZB/OHykLJ1+8Uv+Fa2PYJE6WImPil/xTid3xnhBDQ1w/nkmXaXudUpSl7omN4xDyEJ4MoikxDYubC9JDP5jxH5iYxDQkT1SPwpcSGhei4eQhNQ2I+kJ5sR+YkNMSGsfrfNDfrCH8ExlaE2fuTleF249W31mUQ2Mm3J5Ut4XE1ISJ2hkEXVqeXbk4nEyl2EEPhPh7OIXHx8L3BEH4pYmf0bFtLjxrE+KQQxDF4Up8KUosutiZT6JDWJjL3OVwmMXFLxer0hZ9HjIIj6Yh8vVj8L3cerKNlKN0Tx/6p6ITJxPwnpCathOni8VwhvWy+ay6vJi8VkJsJ+CGIYnwif4UNiJs5SJiGKDS1Dxi2CPo/8AH+9wWfSDIt/gh4xD5P6Lv+CHwx9fwXDEPT1Z/8QAHREAAwEBAQADAQAAAAAAAAAAAAERECAwITFAQf/aAAgBAgEBPxC/ifpRi7QxCHy8fpCMbH1k7o9XCLio8Qy4vaCEJwNdzXzBIaFkykF4XiYkQRBD1ohCDfU2CJlEthNf3yh9JaufgZCEIQYuryu189whMJC1eNxoaF0kTEQm3hLGPiCRCE7fCxiyDUybMXbFt8F73hn2NQT5XD7axEyal22Nl7Q1jEMg8Xq9eMQli6Y8TLytePHi8l0xDFxOXqEPhDExiHqxeK6+T5GLpriERRPC1D4cPgWT8FKMRcQ8fYiGsTxctC/NNWvIIpdfi9RCdvxZSkFzOJwsvTRCC2eqHlLi8GLWxPweX8DxjfC1Dy8tjExPWuaTKXFqy+D4QvBb9jJi1fneXaLKN62LGIeQpMvSY+IT0hOF0xYxYuYuP6N4hi9Gh0XKWIZRYxrGxPFy2LWLlvV+J4mXGQbRconrZ98MQvsmPaLwYuEPEUeJlyDRBERDz7QsWsWLFs9mIe0Q9QhvHkgywQkNCFiGLm+iEvkZdq1i1DPjaU+xbR6xZMpOV4fI2feSkXBankIPo8ZcYurBfPC6hBoS2l6/osY1iQlr2ZBLp/IuEPHxT6LcSGterFxCF1ohMRZ2/gXyP4LRfPixdMYlk7XUxi4eMQ/OYhl26kQnUnEPrbcRceUkyfghBInN82T3nKx6tu0vo8pX0sfCy9vUhrJrEP0fo2Ioh/ghPCDRMerbiZRbOkP1pfC8taspRMhP1wnMxiGQguEP895oh8XUPLq1i9UPwm3hi8kiE1i9GIfVy9vxZRPU/J8tfhnC5aEuJ5Pl9XJzeb1CEFxSl2cTzfc/Eh5Bed6mfWp93mdru9XtcPV4JbBoSIQmwnc6nUEPVwkTYQnd6fHwQfDYmXwWMWwReKUv4Vr80Qngi+q15dRS8vtFKMWsXmuaXiExD4fLFlyeDEvFEIQhCYy8wmI++FvwTzTL4LaUu/YkXKUpeH9H9jF+FZ/PH+Yhix/fDxZ//8QAJhABAQEBAQACAwEBAQADAQEBAQARITFBURBhcYGRoSCxwdHh8P/aAAgBAQABPxCnyzkCXbsubIsjIJILOyTKWQ/AOT/V/n4CD8dv8jfr8ZslkBbZyF+uR2yywkRgLD8CSCcsYJDJjJ82nzPn6gPmQz2OM9s38f0s5nkLPZPuA38MFvGZxYgc3J1+Hpe+k+y7fMFpuJPuwnG45eRiSNy9sNEwUkGSDlhsYMA2FyzbLbbLB/GQXjDke2dj3c8kRxt2xgZ6+XT4jZ/sBnfw5Qc/VmeXVyT8B9wd5Z2f5Y/Uwc9kYLJhbJ0ksLKcgxnREQfM8+rdewH7kL1sAW6+fjA3FkSgzs6XHBZ8Fr1uXLH5LBLm8jTwjXzDPmxfm2tsON90GeQw6xpZ2EHEftBn4ZsdyA2dsEDZIJOQb+AXFlmRGbZnzDnxfMuOyb5CPbIHYOyI3W7fMGxiHN+IPpY+qZHGsJ4QaQd9s/cH7nnzB+44efgviZsh5NkLp/8AAwsJ55eyfEYmCDbNt2ePbPjZH3YPFvobD6wY+5O6F8/UcMHNg5BHvZ68v/becgeaZDrIOJMgvYryCBthYs/AaWcggmHspuRmXNmCyixYT+AF6Q9n/wD7LQ+7FOas/QfJlW4/E2WR8gS/39ibR6N5HgnrQh/Yp1GL0LO4/wDl84Zl8B0kNs/V/kc+PyHzHZ4vUknbmykMtnb4luN8eWb8Xl83rZ2IgmPo+bz5kBIgDqWD8QaYSYzq/N90n6y8QQn4/B6cLXcyzOkKnGU/Ng4OJYvIU9i+fxllkQ/J2zL5t55ZvbPwBTsYTkhch3Lo9I8+i9YxKldh81GWreG2qRfsh63RTEKHpPu/cv6tt94eQT9KRs4C+C+JHYtjKv03E5wg7+EgLD8Ny3fLvzMT7clNtJby9ssJtk38B2IOWSPfwPbhjH2OP6/CJ3dPLScnHxCSO2/GV3JRL8w/F/V7x0javPwG+zixiB2d+rGdIPq8/DzJ55DzsRry78wFgSvHC5mpAfWR+B+9cy6tTkFTB+llxPg7NmD+AyNJ0r8toZmzh7A+J34tU6w+0znPz9zcH9BFGg4j4g6dH3CP6sy/279X9TuR52f1byZ9mDbJ25JrHzdg32Qnb48u/E/i+mQ/ZLqXZ85H3kN+J/TJPyX+Qt8F+06e8s+Bnv2/uTCAkoeXU7OfUW7EGkc8k3fmJ7+Ty29Y4z1g5JdeRBtmS6xbeJWw/wAkCv8AyF+j62PgSLsO/VS5Lrum/Nj42xTNjflJ9wNteuSri0/gmXspCIHfRjDjXjKA+vSJ4b3XLPo/QIrhkMhPqXkeWJ/Vlxe3SP3M8g7AY2Qcmyz92P3dg+c/GNcvfk++SNr7lSY288nVlGmDPizu5I/V/EIkIHiTfY5IbHv+R5cESc/GX6v6sjWHbbN/Gz+DE63nl77AWWXhy/aR8iIEZ4iZs3ety6cZby4IeyciZGIBgdFh8GALFtRpYmMIByesJE0dSWIef+SB6YtQJD0rowRM+kxsRjSEej7Bnx/2BNKfrLY/D38Ht8/hIH5v/uxh+7lyfbD5tIe/q9uFaY5k69vHLrOSHywZ2dXyD6nD83MtLyF82CfxFk8f8vEnImG2ZZtifMce2lyzY5OJJHPZB8svPL+3Ifx57Df5E65bIGl8CxHj23vmEnYaRRx5a0DFk4GR9sHgupwQl9goNib9WBfEdmbVfMicHM+V2TS6gyMjFH5+bRRpkeMSEvRkNrHmanjbZPmOsOwF8z+NCHXy39XGwnl8xi3fibML0264n2XPbY5CJkx4vFmfH4f5JpJ6yGsOLDLX8GQ6/k5P0IP1Y+pZ5bHOL1sdiYTZyfqfI47DJ9i8uMg98uA/pOiYaCxufe4qD/pIDy0SSitfVZO287HuQZ/BVfGVe9y7PqxA/l3Xyzv1Nn4PBjp72TvYfN9/AsGxfORgX4nm/uRV7NkPJIn7hyaJ8kIMvxvL3B89khLn3rU/svfL929m7GZYTjZf2dT0ufMZMO3C9j3y95HWzGt10njsB5CLds5MQyAyZAR38gTMh0iG0HPxv7uvmGfuxhjYL+M/dkF3YJIzC68jPvtj8kkv0xChnVmX/m9gtMe1tx+sb1EiGbPQG/M7rif2PtASGADcTc/UgeIIku1/Vt3sry5b4fYAJ0xI1+NbJSmzAm53Ic+yw0+9mxZiZevJfDZD4bD7oyuiSHwv8vhHX5gPXen1AnZ9+yMM88v/AFPlsfg5Iy5HeSZ5MDIb5Cf5D+7Spt9sTlgfNut0+LN9s2A4zZG2IWbD4swv1CcuQ7Y3z8C/q/UkGzt/UcbNm8I/CmRl/uSGfIfdozwPXlgifrYKG/o2U5PPtLns/ZuOinFx/wD0l1eDj2Qqqn1bu7tru7s7GhJzC1zcLR5b3YJ3bZYhwAEfm2Q4STpFF34mdrGjkyB8yXeTyHZF7MznX+z+AWDnzE4LP3H1ZQbCZC97y8BzM2RPPJezkE8/G5M+Y85+E+/wTv4O+3Ni7yTsY9bCBst4Ts78ya6M78QNjtne2B5B8/jTYGeON+lx3cB+M1/A5etl42kdZxOQWYbGNlvfGQ7oeSAdefaXmJ8p2tfa7yri0YhymNeWqs8bwtc6GwMzOxz0ID5J9bYh29LE/sOTTnlit9PY/nbt5B3z/k3o/wBlh92xI6Xy0u/9l7IxjIP7IGhf02xU/oj1x9RmO/syRoi58tj4n7M5eRs72Xrvn1AEUaE9xwbYJxs722/s3j2TYPh+PfbhYJ32NPqOrYbIPLV3ZgI9k7Z+2c87GHLzy3+xuRjxkLdsMgG5kFvwlsDiyONj8H4HPwPbeWbI57FgmcEF46eSshPRes+/Cx8Y8o+BjZl+inqS5zYyN2Q+IEf1GVv4lnEnV5mU/WXtr42Dp2NO52fFlfiIgL/SAlfxNhrPuH7tyl6/rlztZ8ucmXUwPiz2fJex39pC0P2ywP0A2ZM9tsmkels8gvr+AP8AU42/DjOzq52AHVN58Sa+9+5MjywzsH0sLAs+bEgvkHI2Pfw8M8W4kl0g2YMvUex7Jvk8R52+Y8n2yV+ARccj8av8jsHxZsFxaXPu5f8AkDh6XbFMMEXVO8yGjG4BkUbnGeWpgj6iX40LrrOQ7mxbjtkrfDnkR0Mnfb6rPv6vJ7di/wDLUM6aZeYf5goCn6sNkf5aDgf5Og4gNHj4Li657ka9d+5Hm+Tunkq0H+knS/rZ9Hn6jA/c6eFwdGOnYO8YMz+xm0B+7AX7qwQwm8t55F/k89iA/l8+w/H4Zy/y8uz1bQR+4Ebn4H9SbDnk9Qx9/Cc5+JgwPibskS7xkQMtjsZfMP1H4Ng2Yzu8NlX8FozejY8GgZlskig/qMvy6GTersvzbOdeCGgke8JiNn5O3WnzLP7aPbM5ZTXfJSEn8gRRiIJThGgTQobz2xA7I2nIkDh5ZPLfDJQ9lsI8gjkb05KfMjOGXpanzkvhKT8MnB5LmPsfkvExYm4edPhsks5C4I/SVzhdPi7vl48kh+I63XJwyGQdwgvI+Umwz2cyD9/ghsbB7+E/GRNxPIfv8cSD8HGyd20+wt9k5fohVOGxBaBAP7N9gbaYkn1k5ZOBB3nl32yxukwuqfUNQslPo2CdZFuZYXIgeyc4R9EEEAEZB5YfiGci5GD+sH72GAtz9FzWPCcyB5ySG39ytJkIAwQHJhTzX5jMZr6nPgSTggHlw8nfiKPPurLcmfiXFsb5PRsn+79WZ+Hcg5N2NX8aWdvVvNhL24Q47Pbc9jY5qQ/28+J44TvsGQbrdy/c27P9h32D4WfdhthkGMwXzF83x7Y/drD+ot5GZIEddL+227p5eY9lOnmXDl8yyu2uTDsfMmpAH2TvjOnjag9ZB3mxanQ+oAgl9GSH248jnzDp7GR8lh9QWpl6XsCjCEHH4S7BasXJkYT5u4voySyoWMP7cfRJ+rCcsfYVTPSXauKtiHuIU63j+UP3KR24TbERk3S0kesGWGXjkG+3SGZeeXry1+Et/UPs/V82GwtjIwGXLDdufj58jv4JBMtsvr2SI6HxBS5df+w7rw/t0SAQMcPt10uNfMqnsCfM7k+xni2n12O8bTpCDysHZ5svhPzkci68Z8gJ5ZfmT6ZZJmZ8W9Z7d2OSQLU4J4Rf6fqOdI/c/wB/7C1eweHJfJtzyXfxrI0cez/SzxfD5gRkDxuwawYyXxf2CzvtnfYEDOWx9hdt3y/a+eF/kuchN7Y7yOF3fw7AlkAiR32yrSHEEllmM/y8/CxJ27JZ7dTkIbIXTJ6ryi2+eQpufB+59BmsIs9S5LyfLxIJfrgNZcIXxHNgRwTPZA6FhtiezDzyNX9XXzeocg/NwcZmmNrYImoR9soN/d0dot2OYORacT+WFunxjKfjYL22K9ghaxmSTR9LD75LzkLL9fjIGzvZ6gm6jhHPwe+TsD+HL15Zhs3x+F7lj+ENvxBeXIgmWmTbb29ZE8s+4svOQR2DOm/qIkDr2ON0wtIjBHL0n4m8/HLP4Ntm2l87bDligtQOQHgwACXNsFMmGvIuLsvEPm0I5IJ3Ibt6qWkFyd44/Vu5z+JD6H6l5P7wWg/WCKt2euT2JN0t/F8vuSmYtBigAWGEY6sDy+OTofhgvm5aXZPYHbNfZ34Y2V2X8FabCfgNntg9sfE63EBl5dO+F/khCzJviHPS9sh5ZthMZaW4HW5GOESoeA2bVsJaPsY5ljXYMt/JrEOC0WIIA+7sHxNgYwfEbZC6Ed0cthMuS/VwyOR05D7vnjLHs10bwA+p2Bf5PnO78yg50lEQf5LwM/t1x+L45GnzD3thdJm8HEhPuIRjOtvrQ0sH9XA326PI87LETm2FgQfuPsHeyM9ljby1+b5nCekOwuz+GS7Hkm8kZceP4aTnfL2dFo/GQ2xb22HfnLHH35Z1M7k3f8MHAX6fVt8HweMwhj04WwHfk+SQOPtkQwd2yOsN4fMxb8wmC+ce3nFnQl4E2mPJgGMLIyPuz93DxtZxjX1/As5PnZcJNKf1yU/sstUEQxtRIUwnpx5JvI35/DOcj9+/gF3eE9xitGAy082aPWfIy+IIPyHJ7eEvb5t5GMieX7TE5K7n4BsheXBYO3kmyJDjYW6f8ly2Jt/GTyG5NpcO/Fjs6k3Jl0YcGKkpeDmyYFSPcY9uGxOHpzf3c3jKQ0j2zx82xZCIhzbN5EOOQP6YfJyUnynBmYg9HkQ+wjeuh/t1gyzccWHsN/ZATQ/2R4FsactHxyYCQCzme5Nih8ifuwnl0Rxg19hfxzIuZ1/V5B7JOmXer7CteNA9tFeOl4mN3+8chz8e/j2bOwGdlqnhdTyx8z+p4GeSs+x2ztwet75Z93Piz8FT8DidVFlm2ZGbJK2ZmWQgib9RlR44xEyivHkkUExDuiJ3/bDDrrC8010/v412WEoRtjvlsuWy83/cLFkqBki66WM3HvlvCOeSJWZIQzQDCZuv1bhvfDtsz/q8lrx8gL/xgAWkA8tnnTYxx2fAB3k4HiBztgxqHBtnINmfUqWR4CxxLp40hi4GJoyg+lEtZXEb3Px2WYjv4SfJZZPtzs8iJo4yQy4b45dJNkyMlNgGCDCSz9yfH2L6/GGENY4v5HDYdsPuck7G3c8t+yR+FsdXbsRnIeumq3iQCLLiVx/sebNnT6tPcWI+IU6v2/uFfZsgb7Ei44t73W5De4QiYD9yca6xIm9uvUYwHIPQLEjT52aHHz2WP/JjWZ/WW7j9rMe082GQX+SAaibzh+rVN3LMB/dl9xDwtqSn1YGCeEfuJ95IQ1zGB0xrB5z4m8w3ElIcWbNjNr+0nfzF82ealT/Jku6oDF8/BP4O/hkkikLy3PI1+YIbueX9GTsaLyUeXvYDLqQH2P7K51upxvrkJOt+pYbbse9g+pGNu/dn23EsQeZAD7gkwsz5RhhX2nU1OHhAk6HO/ENLu+JZC8U2J1t1tLsQJ9kIQNCXPjPkGZA27/LuPkr4m/UzMVwWRYCtk8yH6sUcfqHIx/YExB/Z7hB9Xjv88kIOCEwdW7I9k7gXgbjT0EnC/qszh4wCM0tpxycojCujEyz4f8syDf5fBF8LgqiB/l9fH2BRBhbeXI5+HWS+Ie2QLUaWydE6scOyc5Z+CdkGAG3Et5y+Dbex7/kDnkkfu6eSmFbptzcvpJyTcwuXv/kxKVrtw3QeRPXrsQZ/9mYRBkRzNtBTRB9geHp83U7J38cMGOXhLYk8YQtlZZfXCHD6u4r8R9pv9t1rH4uh8QvBIn0ROo/l7+L/AHwsLlbhk+Qu7r/+TO68e8hXtfoNyBl8HZAff7ae+Rxj3YO7KN1SwtNiHHIcTfiyjoE5YWkDl8mKSdcewRD8Yx8zpCUD35tch1cJRqHhZN49k/Dxb+HdjY2WOTY5sneQr+D92Tv6t+7vwcsd7Ywff4A3xkfqdg4bcsa/lrB/GqyXls+z+F8nzMzmG7FrCmH/AGEcBLAzxuzBnHY8vd6Pu4+j/VADdThIHjYYBDMeLC63ZTlp1bcXy5wvl7GuvboEV+L1wZXp/cnWlsTgZc06ig8tvPl8IujbNA7A4mW5epFOxu85C/6hdm8LJ5aQBP1sKJrk7jV9/wAsmSEOmnkCcnwfiVvD6p1imSftjqaBIRxKLxETLvStr6U2fI9tWQx3v5Qzs+v/AMSc+Y/a/lveyix7YMs+Sw8z8Ovm36v/ACW8QbIfEZMfxl1Ownz7KbfeWucwbYV02+Sl795AYgHxLVuxHAj5AfCEMYg3luM2B2zcYgTJLh5Pr1j7nLAtR23CuR0GRekcZ4H1KkGn6nwu/OSKfUSAdkzEWqphyMJYbBFdjmBmWx4T3yH3AZyGRZuSP+x5TeTMB8rRYx3JzHH6kcbv6mZAfGWhYQxdtB6/GwX7iNbC3BLhPpYYH1b+r45Zvv5F/Dp/Lo5N1A+SGVz/AODOwG+/j1Mv1ZpZ+5Ijy0Cz5lWccvE2p9hIu9yB82G/jmDctQAbGZ6kb+pzMPLmuEhj1wtYeClhM5IQW5+YSV3loYWx2SThH+lyHl9/MQzzIxBzIbQxsZOPZfLOYH3ARP8ACeyuPuWrdHPEnxs3EsAjsNyDI8h2XGQObyJwNXb4yLKTuic939Qnxni63IUeg9vP4/MQB5cgGMijw3Dvpa+4c6/hj2+Yey3jloru+QdhZl8H4fZw+JD25e/g4eQmWcs5L4htX/g/D6n8h9xmz7yx+IdceW4R3tl185DhLvkHmyjAqFmWRf8A3YgW04Cl5EMKyPSRv5uOxfCeHl9gLQx3fjJ5Fx/cB+kNetl8NSGfpGnkS47kUr/iGtEBLsRciLjCS3LYOyW6fYs9uZ7aJANnhdl9l4pL2VQhOWBvRgRz+ieSn/5pbaA+DySgb5LGSnl7A1+rpMWyB07v/ljPLeeQ6z+1mWu3zsdhl3HS9t5+4fuZd8nCdvffwSOefh8j2Qy7shlmJLeufV47KSRfEfuBeuRjy8dmEjlsmt4gN5Bkwa+2BB840Ovvlt3EBskSZ3DPiduLI07EjtjlL9yvytcf6/Ue4r2JNcmd8WU3xah9T75fGIunT3L9nrLXET9TIf8AmxnnH6uIMPO22d/McyS+SMngW3XkI679QBcTGWD3kjJo6b82Cid+bQ+Q/kCbA7jEAc4R8Pts/X4hzvOQsMuGOzBrfORgXVGuWPzeMsfhxO0fwCOy7+VJT4np+A3EuWzkpNuE7H7ufjYBkb+ELJG6HWwYX9mza/8AFG7qfHd/hcojTMf5MYHdmEGYPP5LrgwUekKvDI/C2+QvguJ3GDtxB0/Nv+Q2GOlyb9RgQBgYXROSah/y15ZFyLluZAGsSHe2j7G42ClueX23HZdZHwbyIXRrdTTmZbsCbloNiEZzJVFIr/ZkWLhrZo7jS69/lxd+oX6/DbBtnGPX5jVodgD4jPqNdC13vxKM7/kc9jGwJSMz9xJryRJdDYS9fyUsHLv1ZZEx7fMn7jPwLT4QiBl0ML+yPgv8uSB+rgg3PiU+o3l3kBnbwvR+Lsd2w9gac4MEOIRpY3O3As+W8mOsgLkKXL6/M3DbvxCZL9RNntqoyHjBjj2BoXL5vsFa7dvm00Nw6yD5tHd/EzG/zFhhMNb0ANgEzOZZRzfMe3SRchd25zXg8bqCgbFn3L9fj2fxqzkSe2FuSaeRu55Gj0lfdo87d+2B8yfiBfYJG/z8bDnX8WiXZH/CMSclL+NLTZRJYfw5PkbOxtr9SuPOXAQ6S8eVG2ZObDsAZpKmq/uDFnwPSGF78OYyRh+yHOnIFuSPFhOXKctGdfiwnOS9W/gHIH4n9Z76R/C3Rx1yWYIeFtDSO3+Wzo42AfEv3EYwWZQ4ewnetg6eQBWH1ucA4iYUv2sp7yPWfPbcljvk/u0gvi8SdRuxuR1viemQZ3Za8gkhly69bH3Y+7PwSyPfw/8AFZ5BfpEgpeOXTtw9uWWSXxH7tPi/t56z3g9hyEQbYL0OS0hsxXC9Rvy/4WQpzBfMhNlbgId+ROg7jcIbP5S7q04vGBw+LeamED5j4G3kN8ZOjs7+LfbNfu1QNzI5yTck/Ug3BaI+bq5cy+1kyOQUXbGqAPVjK8mHy05WV278zxyYD6n25B+CyUZDeW8tk5cr8CmQOXrtghp+oAcldjvthOQfRP8ALI8/BtB7OPk+X6hmOp+pF+bpKw+5m9LKZkm3on2GfxnLnyWr4nPqczhBoPiJ35nVtA9W3F4Zcrd4fiXlk4e3fSNfAyu4Pstli2l0ASuGYwHfcggZC+TryI92DmxpnzaXYDHTyDvkPokfEDLLnBBhDEuQIenLYvBy3KvhGdGdMHPJslm9i76CIOI7koeWD19/AyQQTHtmH4Fvi12DnbQtJCXmDGbJ21eSPxLseWC9kAyWtiXv8JQZz0nOfEn1ZvzLnvZds7rfO7Ls+3k/g7PLZ1tS+tskfQ9g2sS2Pz4Z7aPt4PzIIezXsX3vo6ToT0GQGel1g+Vn7gpDyyHSKN7liMm5uth5iybjZYwy26WBrMi1AZjyDkmw7sUeStuxwjtkjHJuH0t0ieR7vjYjQ/tyetsSNMxvmYeWGcL58s2y+L5mIO7aJkfveknNjzrc+ttPi0PLUH5/Cu8v/u3efhx5Gxj829l5EVW+h8R0HGl79J1k4fVuXzeuQzZ+N/CcifbLyXnfJBR8ZZA4B3/kBNoT4ux+IHj/ACBYcs/5BpEfu4hCB/q9hGsdBXY4+zOl762bZP2yOQ8tQc/dpgPnSxRP9qTiSPCP0Cfd6C21dv5aIzGNhLmcexHko5bRy0K0ELsfL4TVn8nmvz8xkO29PmDwQYW8viXkeT/Ycm6wh5Ysz2nxOiAL17OPzP0ZPts/d5cdv0WayS/Ua3bELW+YYufxPUMeBsCOweG3Uc+bOQH4O2NjbM3kWfgmdf1cTPdsrRw/9tNHhX/JywAY0c40jm5gtjmukGEfTCBHx/Yw9f8ALr2ExydGPJs3SVYJ+2cgHmPi3nh16ZED94EZanuMf2B8QNhvmJckLNszl5vhtMiWdsI08l521FBdjAfWwfitTBIcvImLHM+7XJfcm28v8gzyfbi9uQfVx1PJzD7lYUmQ17ceWQr5vJ73CB38ZjKXiy/LOLl83Q200P2LtEQMajcFlD+HkTZn38fH4b2bz8FkrM6f9veVCcLbmE5y36gOszh9Vx0YND8t5osxI3s2wsgJIZ4fSXZxhJjvNTZTAfk/UKEP7k4OfcZrDFr1Ae7FuMwG9vollP8A4DhMyTxaEZZxPVth2Vw/7Gdi7uIhukC6Y+oMufjewyWGQDHPJj3PUQ9TPwdJJeclBsvxI6+bW12PIRcI99l2zbDfY4rLoxOwX7CfgTl14TyIYk5DbPse2RZN89g24w8mD1YzV7kf+zc9Rnl8PxvxBOcM6w3e+/8A/CIrHwb4LfUeevnL0AJWO7smzg9lfq/rLtALHaIDa/tYytyH4cvOjkZZL9OfMN1xs/GGmT7Ln54S8iHyEPbtr5C98kCFd/kZYwa/7ZE5jhDoZy9bv4apfF8SKwJPeW7dHkez6GyKp2F67Zp7+Gg8tJqvhlSvn2HluwvzL+7T/ZXINsz8A7aVjY1GCQG7trvIOwfgBckLCPPybeXy/HxE+XzKEwwPxvbjAvTsgCt8XfQQU9zlyJDP1ifs9Ztvz8pMmYGYfH3J++RMF+sWUNfrG6/uxnd7E+4PrOy3+8m30sTx8QAH+XYd7fLdAQbL8Af7HZT9bCn02NjMJjyO9l7ZMjYEO2frIYfcnIQ+icPS9Ir3HOyEg+2Gcg5JfH4P3JAsdg/U4tZzI6cgCXPY/u/6l/U7+OJbkthAz9z7PJipRHqVIhnpMYFswIrZfDLJMA+o9jUmWqWOztj8fEeSWXjJXf7pNOkd8R4gHZEG7B9JUB3g8g8p3I3JD7MHRsP9lA6WZgQ5ydIAuvuMer1kerfJDRs3I2yxOyjh/jLqb/1MZpz9z7p4x+gSqT8tmAfjIEFPyRQOfNgI8yE38WFkoBdRHN5fXacG/EcPyhjk2+IeXxeH4yzsEOWv1d+YeyY3D4vYcZdfqXnJ77ZP4YZBYQctn4QZBtvzO2mwe5DNPoblWk26xaQC82AD5Ey18XXt5ar+APz8T5+Ht4d7HoIfuNWBjsCU79BsOGuPWpUYnXgWKb484sqNXdv45dfIPs2OHjqD2d8rEb/mx7kSDso+FSLEnfAP+2wWvvljfpDsW2n5Q7/BhbHhsoXGwZEYnxCvY1Dc1gnZM/8AtEtmuc/GEG/MITMfIHKB2fIdLYn2Js7HkJa+JrW23JVPYJ7ctA6XXkdsn3JMmOPZ+jHLdsySVOnxZMHLbmPjI8UH4CNN0tCMf1Z4gGxAHRtrV+Ib1jps7Bl8QXxfPLPv8JJ+Q9L5Zy+jI3c7YA+L+efgYwdOPE+7rCegPLZPg5BM7ICpMv1d+RsPPuMhrtHxFYg/UHABhJrO69IJ+DYuOMi9eWTNnWCObLmcbdUZ9THaeTVt3exjHhJhsC9n8Ntgib1y8Oz27O3x2El7y+bLJWVe2GnbFviFvIpG/F0jY97H6Yex28ZkmfMsIdIuaMxyZ7b/AHjbfq/5iT1nD6hqvPiWsdE4dP2lrjywj2yd2D8Z+f8AbLySC8ey/q3eJDhh2NLTmQ8yy47bz9w+XE7DtaqXAYK65MQuQORbcHB9ZbM9s5HJAH/tl10tKdnXLt26eXcZlgbsATOmQ/8Ay3TAe7Lrh87ZGP4EPIfBvGy1TEcfw2SPVln7nbHI9jdmEj8IGzh/br21dlzyElJN/Cc3bXq9Xnt8ey3xGjGng9tro+ctCumFHywMB8uej/U8+RztqQPIHdF+1OymyNlJxjDyNs/cGT+CRg+5ct18mEfnGx/Dmw5zlihXhZfj0bYBu3K3H7yUO8nAYhO6EIANMbbYaezbC+p+pFWNS+HZW8Mkeo8g/IbMAJQbNsPzL+fIhuTdLryOe/h1L+NRsQksvEx4gbZluky55ZtmT5YsGCW+Wd7PfLITZ+8vaZzls5KmJk5MEvJRIKYnL9zxDfDtxAbLsdCyLxgv4nyH9W6fjGeEdNui1G1Wb2ZlrBBs8gjqXlpPficTIWAwxIkANB8R53CydInQL5LP5NZ0x8zkqdMYtZKhplkjdR7GuhcIwVCFrwn2GvNlPeCw9jKGMJxuHEhTyVguj5M0W+R+7Hzc/C27el0h5bt3LxszxYPZfi8fkcy5fMHYdv5L9275G33cn1x8Mm6JvNlXcxdwmMM5ZWAOXJHivFtiENBxETeAn7tJR+M3yN3s9sZ2cHLn5Ak+rV/AifMtOty5APlotvX4yeDBTy1BLaRZp7CnzsvNkdHWKn1swM52JiF5oZl8BIkvysNbMNydwFc5FwJ+7MGP5ZaEJwWTdxhyTGXZY3jHhifzkE8l5+XxKn38CPG1YvUHjOMmTbPfwTJZhsgVNOEQf6ZS35I+vlpxkO5EFY+ra5E+5PdEs5xHkYT5vkJ98hvfj8EOPu2z2UMG/EmW/q0+23IxPIch/V/EH6vDha3z7LLpD3M58xIFR4dIVla8OZIO245FQky/UQdO2YN9s2jYjtrfeTNGDgGfuHIfwwEN1sZ4g5OTn3kJP5LfqF3pHpDskVaF/V1Ykfgss+5L9wH3fLGessG3ry7aI36hN+y1aLTBs8nye+XybbEnOJfl7GD6RTH5m1fVirztgkOPqwLIvQGU4IerDnC+k1mcM71mEvpkNy8hhv5RD2+JgjFux9WjzJgs7Zb2GG9vn8N5Gbr5eLj7/wC3Boe/q747BNIycrEAY16MBXRKN3CM88n2KRQNbK+q2zChVmMAMs5yCkKSiHn41NaP1J3by3S+Ih/Bdtl7kF4Y4p9h0nFvbhYWnY5+AaQY23llnWYjiGzEdmjvlnHbKe9uZfV9Y9m4gIAh8TZkA36YVT899kgAFrdun2GJUHJBfu5b+NfwCeH/AMCBPIWe2W5H9tyzO23Ty1zb120+Qc7LL6fbG2/Jsx/2HGI7EfSTXeSc6gOwUD4tT8IHi2Om3sAaMGoCL7F8J7Om2z2M5aPJ57fZAPCAkiujgw7zi5v3Zb2XL6ljPm+beT6l1uDlu/l2Fy6nmXs5jNb1mISI+T2bQWYRDs90iNEuMgfqqXHXz5suh24LZ2+eYuZEAGvwMSW77rFdWsNYBGYke+Wa+WTfH4vX8Ehf7GsocuyXPg/G6ZD4ky8cgPmesPJZnvJB25qRP3CROVzBmQ/t96zO8t3G6QuMuJschEmZDA7D5EuSAbto/MD2QuM5nssZeQ08hYBfi+meKx4D+qw6HH+SPxZdfj1+A5Pn401sG/i+fgXPLbLkZ+CwhgSvjl2SVujmS0QPb2yfSb19WTPMYBDPLB9Imln1IZQHf3LW/sPiU+QfEjj43Iw3YF7tvORvzezwlz8NsRjHD8E+p/GWg252azS2wf03d7OjuXtNZeMJXcGRuaayGyzxuZjIDpt9ZPw2sGzkbMzOSADBcg3L5Lswdut/Ruu6hGmDJndl7t+qVbA7cPjvsjSz4cGViRvwM6IrNfM3kb7FCDfBbdNMz9S5PY5D+Dj/AMtJPz+9+n4+Z/sZcyeieXQVC0tswm3OR8PIRJyHFieMY65l3BX70QpWpxs/4kX5rGc8gOU8xbB6dG9Xv46JMj8ZcyOp9/Gj87J23Cew/EO2aSMefHq+tMLp/wCyYH8GNWnXzsmhvsDZSHNEn1MOkuNvcfZnI7OAzyBdnas/mQPsKfFmQe3fY9ch4k9uIYuF+SC9ZPi4SHvRI8DHAx2cdXJsWAOaY2XSfjYgRHb1ZHL1jF3kP3bZ8/jcIfwC/sCA4gyPZM4TGTgbKR5az9RAzyMIWtOZJ4fU3PJGPZ52BCwPMInjc+iyaekpI12LamkuOKScsSkDkHLLkwzbl4x2+IMG8Qc2+bgamwwE1Vyxxjx+soSXfUDVa/hcrp/GdsgIF+kPYKFk95ZTr/yHyQz7dpLi3gQ0a+yThazsnbNt/wCQiyv/AMnG3ceW+ez8MGfauYsj4/cGqdztm4J4R3+oWaH1hNxO/cbvtnP/AIXQJbPsL97KzT2zObcHth8SMV4E62ZKjV2ADfYvN8lF+J5D5gBnrbLPq6T6vmfUHOWtOtqTe/MmJ9luAT4ZO46eTImJekDgLKf1en4PDt5vj/4H5HYc/LeM3yck+fI+db1kVd8VZHVo369nd5lvz5gzyIOFsd/Vke2svu2XTyVMQZxBx3shgdiEbd0yRBkeGHOR4jchJa6fF/1ebzWLrvUtOA5n2ImkeI3d/wDbMHw/7bPf8JLF5Dyn94adAT+Fb9HJTSsftnydoYhOgZN7t7YT1uhpbLhy28dsR3ISHkTun9WFNxuWRd7kVXeSyPeQ/wCUYLALKPJEkk+zTEhVds0d5fJyucfqzkXRcW/jPwONz8AkU/B7L66/qfgce7OT9lWR13w8/wCynTdkd8ufH54+fwHTyOmQZEhC4Nh/sG/uGqQMVf8AYYCCyloSY8st+V15f1LDtluT33l0PnLMU39Jh0/EIfYrxDz4ixvthbfIn5Qkj5l2kjztgjoc0vFiw0jj5t4h5dFj5tl+i6kLvZaLp9SKr2//AFIAjFByD9WbLltn0sodwnaoPONv/COyAGe3SnYkHo9tVXH1Z3ez0nGQNzR2JGtJhKWcgbmWW2/hIELffZSwE8fZkokfutUW5pKVZ11lVwd9tKb20+Jy+Y6ly2ly3I1YijvxGZJryG42H9lDXkf3C5GE6H1aYO3Iy8XhPfJM2BWyO303xGzMus5l1dP95C8xM36+ZgD48vh92Tqk7n2BeinbW/rLEKEg3/oYTjl9AYI0Rk/JDpP7gA2OJX4jwsq3FJYOp9vti/dMS8tl3yxVpn4Zo4z21NP1fNfiww8xl6fVnbr5sseb/wDAgfqPLCPE/wAYvp2CPWWD9R582f8Aw48j9ydvn8LhuH+yrrByVcv9y7A89bqbDra36/UzbH7vVvxAsGewnxDvkGmQ7GRhheKFnkPSTEA+LMMpiu2AE5s0XLmvulCdXTDOJchBDRgECGmsVgRPsJg/ugIXswCQTT2Z6gbGOEjOWJlGOyy7PvJqYf5F6Ri2jk2PEScQcOoVsZcsvN+IdPp7aWvxYLIkWIDy04PLRvu1rixRjGx7e8kyPiC8viT9fjfuQH7jXAFsN3yHv3D2CMSmCB+S/qXPi2P7ePZ5L8vk9NOxr2zTXhM3puvZLzlhJOofbbXyyEHXWHyvZ7JIRONhKn4wy/ufPOyx7eu3zBl2QvKhLPifbANoOhY2sl2GsCs5G8BsqGuXkyNsEa/cq4WZ5kJ05DRl0mVambZSt+WO7qzCxJJAELK7Cati42f7fIkdCiyZELY5AdAy8LRHMMcBbEI7+rJOfu4QD7hTfDy4Sivjd/8AoQdKZwxBhwjOjOGhv3KQqocEPswdkJjyMicR48jvzH7XB7YoHYb6L7B0Z6nk+CUVwXScxvfiED4uSbHH4YObv+WcXz/9TT40bW1v+35/9lG/vWXXTv8As99JEjIHk48n6W/S7Z9xH2DJsSYJFnwsQbAAvZJ08unTJ/lyFmtm62T6ykDZD9cvCUGMlWmbOmLljqkPfiDCt434lOfty5bvwJQDEfwcgIkSpm8+pAasBuifuskHe7BvNw82eNnPei4iwhpHd4hdwhEzIA+5cfjyLDZ9Il35gBNN3UOgeQkF7GhB8xJAoXDnb+TzMH5QJhGPshb/AKurTt3YMA4/y42t+Y8wQOu7YbmPOxJR3v4G79kZndkfJwA/bjM+IL8pC5vyuge/dvunsY8d+4v1YycE69v/AFazPvZSwyN5+QB2OkZ4bVjsOAZ4NjQO3Rk3XFjwI3CxwBX+2ATGLpTOG6Fi9gUJgclcXGm1D8W+XCITCWI6h8gLQOs97eYmN5rsmUN3UZnoQjwkSGThx/yDzQRcKjVwIg65/ZDpT+wccf7eAYuIBkTrGRl55J+QybVQK5e5kv53zZnRkce5HBWRtQI5jGAUk/M3JumpDks/DChR+TEjx+0G/GMNO28TR/BfUNuOiQ3cy2Y49lIeC5kYSH5tA+A+djQwcB+ZmI8Cha8WsBktLB+LR7BvsCoTDcL57XfJ36unpZ2DPCXfJNll70yxmWMiMBI2SIRPmF1ZjkHex1eBF6fLBqyBijCxeIsJ2ILMe5dhTIwMRPo4WE126tuzbHEHE6uckfJPaJB+HIYEaR9hBPygfKD6WjWxwXHNSmzcgTdsUeThvMrmbMbI6+H92iiv1b3ggbOFzAMFs/8AIdIWqZyA7UOxAsBljNnT7Z6uHGz54uR4uc+I80ljERpD5EEG31nJ/YOQagEdOHSTFT7d/wCQK3EfO+RkMXwcmh8mPlEfEfSb4uHfZQzO2h2w6ew3lk9kLi2L32O+eQt7B9Wr0tx8vr7G50tDpGHtk6th9xkB0XETEedtPosndP5ep3/lg5/E7ANT+7BB/cs9egg807z1aQPZvvqbikvRIwK0zxIZXr5jKacfW3/+0hzt3h7CN8LGIx0cP7JecSW+t/dlYcyL8kocxvkC6cS4kyTCB0TE4/7BGHCzCJB/EWd4fzduMNGZp/SFL2CxbaOY2Z0p83K5PkOjIb7AL7LEPH2+MfD8AI+/xDgMmV+oEfbrX1gXfHW8fB/kMYXgMGXWj+IB0/ttSCa8NjOh2d5M3nYXYLA7CFyCbN/DL7O2Px7M+kC8l9SQPPI7yQ3aOW2mdhrI5kCRQ6MvXt+9/t5URROrV4ZLhI0xtwCvkWUrrmf5dlVgzrCwc5m9llymRGgsQpeLMLqB9h0+oy+J+70CjsX2+M/EQd+LQHFkjH+wc4FGxlr4YuZpPRqCWLYUUj5h/WMv/wBojBB/NlDwJbF5Fae/F+ithRBet7wc9tuNQ/iJn0mlgkQxk5DvLPQ4R6P3ZhbDl5YQfVhxuwOBr+7YnQ7K8QYHslbF6psfAFkaeHwWqyb+ISrnxG+Yc+YkI/5B1C8oybKBunDbGaEx6j44F8IZdOuEt9beTZubsQdZVPU9hAUUV+kYnpLyk7NL1O3KE8QbyB4PYg2xNP8AtkBZ/Y+T/wC/in1kw/A7+oENkQ+UQDD+Rxgr4ztu0ywVZsoPgx3vZAwH+Rm0SQwGB4YA1Z6rkh9JejsN/S2b7FcbI0YfryDe9s/FjwLf7I/ZBbsEwuzo5SPYBOb0WbDj+7goMOpMfm3GeQfK3g3SfwRZGM9/B75CxNcv+xIYWGJEwsPvy1TMQcPiN9L8sqRqlgPD9QDN3WIF6TlAZJ5YR1AkkHS+9WF84wGxnIz2bCacniQJ5fiXUfI+lsL7Ma9uGdutfFrEsWx/hJ/qIjnGwMDfu14C3IB+LOEGG8DC6DkLqP8Aix8GWMNIhmK23qYm6JwJc+LqmCNR5z9TgBkM8H0zQPF0rH6lI3ZkByWLW9RuYLJotEhoeSczY+e7dLeSQGm0N6/Ul7Fld9b1bPca22Ju26wXMsBnnGwGmymxZyE1MYS27e/Uh5llohmNh8UgHJ9RZmeG2AO+kezqRHq2AEHy36Ia6WeBdDnxEesjGt7i78zJnsrtcu4YUvETj+31EY9Z9uEluuS81FtWPAvW9hvbPAvLqbZ4GDj1HhmSnskZ9RGQxAcJOYusKH4RAvwREKDIQbA7+5T4P7BuGMBa8gclxgbY4c/yQ9EmEyYMGQDTM+bcH+QnkXkA/u6HB8mHQ/DlnlmPK2YDYubHQq5LHvZE4qXyZqzTqZ8DYvEu+Qb5UCTT428DstakzOGwfGXCWcSeuG/d3eahzOWqNjyGOZyfoxgDh83XifGLVqrwNx5bzvzdn1+Aeey7sukuHzHvaAP9uWPrPSkbnk3vrDjF2I8vlfLkszfEm43Yj5WFu26jtQCQO4wgm7V3k4Ts5vSP5cN2RdSBd5DHoW7vkfnV6VCKmWaDJw7Fj6LlaYScf/LVn/3lYP8ArbC6QOoREzx8rKimkd8HPgmzozK15GxQ+/qdB+OrNN5XwhP3MeHfCH5L131LxWVBOSR9ZH1QDo7MeoB3pt3CWmrcVd+8WkMk/wAn7EYEDP5a7lnE/wDJM/8AzPtwknDX9QkMcnLjHk8k4EyPxctcOwrjnbPfEiJ5yc+5HxK0ttrPSEemJNsS8s1nAvIPfJFzhF9iwbLyZnYZ5CdexrrCyYNszjxvknJoGn4pkj2IjwlO0lMl/tu6JBPofqGIHWw7/wARTE3GzvlKBST5i2BjL9tjgwUBxobGpDFNiDJH0LV15jGGpGCZaOXW+riCU0FM7tPqBxX8aXcusHd1n8HLCaWwwd/ZMuRMMnmA/tyfBZQuPmL2MP3AOyXC0CLPqQDhrFw1tuPqAziU3MRP9jkpKTOROXEcYM7j1YXyWrHGMua3HByU87C9JOVkHx23CJyvNu68tz1ILuDGDAYuMp/Y1fVq4BOLZ3XYQpybHQsffP1EmltcuBDjWWzx+7oeiR9BAOdlkNG2A6BHOz+rDSUkK3UolFukq0O3EPN+Jnzz9zHIdoJ9QRxAfq7oG3rmSkEf22mJX7jGOsI+v+SPSYDd/pJI/wDYIa8iHlIqAB7IBb/kJTDkgOrP3bhF24IH9bPrAkjQ/wDuAtTt7oP5b4RbR0f8t8k2cB+28g1+o04n9ihoPt6m342XGdtdmWOg/Aa8y3CgvtGwGyrztg4gD92WUWVyxhnG3YHLFwSHAD+zhg2BvwRfLSwYCQPwhCGF3vc790injkBQP/JMF5kf6KkF4/kdqH6h4JvzDdWPljLd5bof1eZRftaZHrMnPJ7fUxZjs8hzWs6rhyx1efcHUsrKb27/ABvkAlGIPkGHtHwP+SWAECjnr+1gTNsHBESdO/yxAD/J2Tf5F5xv7tmhX9zLfH1fGeXIDbCh2Lv/AJWfOP3cLp8WLRz7ks1tjaGQhiF1AyXoytu5yAxOYxhZAdZxRl80YRwOF4XLZurlIIxiR2f7HxXGCCWXqyyenJAa8h4nL2wwu/jmprBheAxXvLia1GNOwPvLFgzmOwwiDrt8htqtk73ZGRFz8GBLIwG3u+rWbcgT7LxUHyYg+IIbLzvftjRbn7s68QbFAGYGO8gg2Lr+Vu2kyzJPHzOLzg4f8tgNfqeQIQPb2ES7MONmC85bH4PmxD/uBwgQvGxTVjDmVmYeP/FrSxauP7sF3Gl2hk6ef26w/wAkOCEwHNNT/Z37bGvL2bxsQgvrbUR2K+jcEZDb8/V4eR75McT/AHZNHI8V22fdabySbTYs8QD8f5JwYvzy8frD4wQDS2G4dt8zjbGY2cfG4A2czB7HJztiOhCeyzEHDTf7cc0IHtP+2qvM1OE/tj4m3ZMGIXcz+zvD+bDO8QaKMs26zrr6Se7mfFnfL7kOxX6QVsNa9+rIeKcs/esHE79So/SagmyDJ/k2NwmhwEkwx+0mghv7iywzWLsvqFG2t3peDckPPJAngsE2NgXqRDq+LYnBtSHb1HC5jFs8zk4o6SURhdB3cQBgNTfSSp0j9t7jlhPU4vqaBLQGCoknTW50dTyZqWP0YA8iHDKtiz/yL5oQeJ9JAdmw2+Za1YwdIs5RJlk7fU5Io1GmdHYvxkNRdQYs6cnhyCDqnZSkTHjcEuDr2A31m9X+R2qySBOEfKYg67aQhZV9in/3yeqy8dOSQ1t1rkciJdWafS2w7O9Mjjn+pYPtmuBaUBlFOJaR0XDWv1YuGMT6gSKqw17yGn5vsYn2Cngsp/smNng5toXtz83gW8lLAm5CB6/VovY8bccmwYCTNLD8SMHCVvqF1gperHBFtbsspHJGtAgd6IsNIXIn+Stfb6ncTn4w6prOODf2Wkg3fghz5JTxyz1fwIyNBsRpGEBN9P8ATO9mQzpP7AhGWzheCRmO6h8nZhKR6/jQjLz+QcJyP5khDSkYhEkCEsXJbEpNsQyC0YxHBsA49RZoJJ2O/EjnKMMJO6bjmo5rmDdQeX0Ik5M2xBCz77j9wD+SgECKA6y1hJ/LfGfu8sCQYl/lgDtk6JMPeRsC49icBrIHX3gSGuxubmEvtP7+ONBDrPmAS+rmoLywlN0tdP1MJqE3EsZ+4r6LYPUp+okjm3KtXzPR8PiAA9Tvf+IoNh4fUqvY2STMYEfyDQcsuDyQEYfD7sx/icdDZ/gyU1cgM7S8vWf+wJSDsiPqS4DJVTercpOMmx82Vxj+o2i7TZ8mxhVIK97uzUzBpuDriNHDyx0ht9ovCSDGDrCFHjdAdyXY9lYZHKcsGdfu7HuQA2aRgb6uvjLIppLusDyKQvs39Wa3Iew9sWLzTyZZ5NMbLBS7nxZgCwDkOmhyI/yLnnlsHI6ojz7s2b2aNTYn6klBT1avMOdmLJmSD9XBZR2AmnFqNqh0Nspu4wrDjYyFfHLO+ZGkxOdurHT4sIcSP68+LrPZIddMxx5aosEudgj4fzdOof2Ch/kxtBDPvFBEzqRQQH1I3n+QukD4Olh5p39R4y6ia3BMEXvllW8szNtNahx7cGg/clnr9yc0z2GP7s6sQ2Q9sj1YJQSl0hTm2k9PuGBgbTCbAMn2RxjmP3eAO/F3Iz6vjEt0Z+7Gu8i+W3cPEMZkiGJCnL9JAHgSa2PBPIA0K3YcXBA0i72zB7cSjsaB8Wx4RXB/t1glhmEkGTdPd/UUUZKAYXlqIycgQy2hL8OyChz7bMvn4WuxkBBEwJ85ApdWzK0QMDr6vlBqRz4VvztpE1ZnlhEwrN6Tto7BRrSRSmt8T6j4MMjK2pBbi2wWFh0bM/p8whP9GKz3+rpKrbBUlCE+bWXLVn6IH8sS3ZvSnyMW+6tsF3QS4XloEhSez1k8zgyHIX7Nm58Qy/yERaIS7A4Q3C2fidg+uQNCAg2VdOQhpDF4YO4wEakvHsk2Ouj0hp6kFBmnsPrB7dkAzAIh3bPvxCpeJ182coDH4hJziQnZXwIkiX2MQ1X2AFBtpBmPls53y16YvGc5JvAsHGjnk0W18Rh19kyMTPqGI6PqGXN7H0fEwfpCCFPphB365sXwGpN5grAx2Z4TOoQoFB2dHPY1vjK1ONhTo7Ch6OEv8EGwCA9A2W/uQd8+XOT7S7MxOnX+Q6//AHkO8ZOcxk4d2fOsh5Cej5P+Ee/+iweifyROsa2dhmVfB2xHOSz3JtPWSRchtsp7cWIX7kw59g/7JiclP2JzlnUbatYDTmTAzM47faTVMbnp82+WRpAXXsWj1ZOdsodTvBmQN0ncFtfYC0hs6mp9PG3Eef2JhZZg28dz+w0o5f8AAkerPNkNmdH4svkPvxKbZz2viFuDD8Mem6tgp0skMhG5PbwHc9iHxf5dAfj4sDvkRbENYdwVG5HR3EiLGi7/ANvsTf1JzD4fUjUho9v3OAzozrbXFPAuyPX1BCA+2bBr/U6QpvjaP/BDi3jfI+x1JPFDQ5Fxcj4YyOphjhI4MtvXsQAwWrutmdUsHL6Cllu5z9xod84fqKQSMz1skSyOP8jPOWFM7ex2ahpJ/wD3ykVETWmsizAbHLutghyYyOs0HU+0kjcwAPf3kR3F/GH7CyATOaGyKFbGEwned5HwYw9OT8GXwBAVzkny0g9e3ynZPQLPij7Pbye81cnPDs+FufcQczs2bROkBga7hJbl562AX+JW1v2Lgh+gRFakIc7LyofcQ3y8J7zEoXPmSCfpdNGVC4u7D4Ng8cJsWd6Pxw9smfJAvyZbh9iHvlzP15MB04Q8wbP8XcOsrAhiGCnddthvHxIHcchXE1hqcadhZdLJ3mfFmgTmLgw2DMXpJ0Uk3WkYne6h1iAFsFzPqIaJyYPyBRfmIEY7wKNwIMfmFnrnb3rHkyTeFyBBZkbp3+yr/wBET1RNgaWsdlsbtQa57b6MkRxsvGbJ7FYx1lsHuz8HW0EQe7C+W4cfSJLG++lqH7tMR05ey8lDvJfH4WHTlk1UnBKLK4ebFBgQZ9Pmd0W3QSQoGyP4MnRcPjZaBwl6f8SaEfKKXofiYHOZEM5CgeooTpYg4eH/ACVbuttjDup9HwWB0kD1gSTwYPKGxG4ZYyTwVwhv0TNTctZyepyl7fwj3Fs2kYwjFrCYOIYkGtvTJbHo+JG+ksENvi+5q0ZBH1LGB9Wc8n9sG5f1svb27zjZzXlyDa2Oe5bhhZlvG/u4CgfHM7wf6su72K7TkBvUCMMP7A4EnHxD8ERRSd37tKMQ1ywM7BMLxGCdeJXwMGxOSaYcslFcSaWHUduJ0ST5UkjWE+ZvPFncgYr2XEO5OcTkrrX3bPMd3Z0vxkWd6F2DrpepgiRdJwfCsxoPPu2G78ckCWDpJqcz7kxHYKSA+Rkh7J2SV9y0G9LYoB/I6cun9u2aMMPtEge07N43z7mTNtD4vO7Jqbtrn8JQCaFp7J+BkqFJ3Q25LcsB+IFYOudbPzBNJ1zyKxo2A+EA66y2QH9mftJE2wtZjC8E4GluiORZ+EBmYGoiHoG08NsXfEDu07vi9cv6kOrn6smoP5DtfhhTvpF3UxcaIMqwzvttEHSoRbNQ4ivMrKeTh+rPhJ5xP3AidnDILqb9WvBsaD+B/knCv+RhQNkeFD0Hv2zK/llDSdgzfmYHAfU+fH9WKHHuRzvOTcL/AN3U4Z9MQMiMb2g/uDnViRDDLRCAvuNOHYxH6g79JeZuy14kblMXYJ42D95ODrBI91uELMuuBaIMLl0uT3s/uinYssidZB1/kbBk2vGM0/5AHnkDsMhTAtlOSxTn1L3OSUzBYbivzJU3Uzk45I+J9sHxH8ucov7kvRIBoUfqPIv3atSBOOSPsRxRlPxneuQR8X9tpxN4df5JfS3PYtmge+SZwz9E88a+ryGH9QADb9F7p/yciX8XiH/LgmsiNx/V41/5JYZ/pPTUD+QhV/kRwP5dQxmNTdXjZG5/t5+v9sfrZDdbIeE/cp10/kJ//CMc4fyC0X+WjQ/ZO4T+JnqE+Y0lH6C7KWaDDW8xfNvNNeEfJnEcO4blWsDmSAjSbAFycG+QxfsUTn6yXQSaJA5AFTt/HD9WH4v3ylam5BAfN5MGiIQ9JnDglFdhfRLhxzEr9nWByWhNNswJwHy2GGQGUU1jNflajvI9B5ZtPZLw/cMMN/sC1/vYUf8A0hOzY81mCX8iqDP5bPP8JZj+urYo/wB3uX/Lgi/24rmBZhslXJfiN6x/kron/YwGpMHefufFSwww/wCSgnOB9AyddAH+Qy+f8lmD5AGuWl9z/IRE4eOwvn8JBrYx+4LMk7IttCdaXbGBOn6WnIDnFfISbrsstMQ72zV8gAloMD9w0o3IpMFgakA11ej726NufHl09DPZ4s+PZ6HscA5cnUsyvYMXyYnHLpyW5fmVdAnzEoDts47dEZKmp5PdAuTz4A2yffu3ruPwQ88cZVPr82EBxI6cxG6U6EF+p+hz9WYuAfDL6+Pq8+T+y5gv5L9F9FtBf8tm8/tbA+v2LD/jIZgfzLsd/BOdv7PYwsH2NkI3+XKOfQSPB/l9Y/5IftB8OQD1Z4YuweeWncGIHlweWHpGHycE38ITfLxLhlro/g65L+r+YP1JsYOz+rY1+IGTnskbzZEQhH8Bvj3ZwHRAwGad1+JM6+8gmZYXRi7GMiBIGREkwzftg/c2LX3llx/sAnp9kgL+psPi54yyJCM9tmsD5sx5K9bDh2DOduLR2GeT+RPYvbhDqM31dcip6YHE55u+z7vgQoQNcAt16f1ZQU+id1kyI79bGGJ8Gl3cj9wHF/oRxgP2IH/wo2c4/q+Dcg3ry2NdQ7uM/AX/ABnBH1vYSaySlt295rhJzuQAgJMeQbw/Ak5GS7+PZYWj2fwtuzJfwluQ7P5fLTn4CiIaGdcFhKc+rNv/AHHfaA4uWcPZ+WhcKGxzb4WwGNgwbAHxZGOy6diDpDnPLsTy0e749tnbrPu2QDixbjDgZ2+W2Eb0bIBsAD4bLB7aHLo+kmzrZ/2Fm8ITqPqZLtn3yFA8/Upw/wCR4wMJ7z6/HByPIQkbUcgwB5fqiG5B8uWTm7YVy5tuX6zqaeSn5gU9hwEIHzLsf2fYNsx8hdF5fEFxDyU9/A8iN+Zz6lTw5AlsN73GN4wDq4Xm96ld4QIPiLzxuT/Yv6gxBGLj8C5aJ+Et5jkIDn+zjZk59Wc1tSBgKETZ7Ojr2+dF4ibKHTLTxPnkeocvPNM8cHY3TxLZTqzHOQ3OJ9Z4/RLkx55DnFd+5sd2eLrYez8/bwElgMuX2WECEJReTgtI8tJxgnzB9hLu3Pi+b++WD5MSuM/FOHklZG+', DATE '1992-08-17', 'Lugo', 'España', 'festissss y experto en .net', true, 'ROLE_USER')
2017-12-20 20:14:30.933 [main] ERROR o.h.tool.hbm2ddl.SchemaExport -
				Duplicate entry '19' for key 'PRIMARY'
2017-12-20 20:14:30.935 [main] ERROR o.h.tool.hbm2ddl.SchemaExport -
				HHH000388: Unsuccessful: insert into account (id, email, password, username, name, surname, image, birthday, city, country, bio, privateAccount, role) values (20, 'alex@example.com', '$2a$10$Tt.xX1i5lzepgcLs1wNH/O3EqLA4Nxy8pPuhtB36Z2lEg2TeOOY7.', 'alexito', 'Alex', 'Ito', '/9j/4AAQSkZJRgABAQAAAQABAAD/2wBDAAYEBQYFBAYGBQYHBwYIChAKCgkJChQODwwQFxQYGBcUFhYaHSUfGhsjHBYWICwgIyYnKSopGR8tMC0oMCUoKSj/2wBDAQcHBwoIChMKChMoGhYaKCgoKCgoKCgoKCgoKCgoKCgoKCgoKCgoKCgoKCgoKCgoKCgoKCgoKCgoKCgoKCgoKCj/wgARCAMmAuADASIAAhEBAxEB/8QAHAAAAgMBAQEBAAAAAAAAAAAAAAECAwQFBgcI/8QAFgEBAQEAAAAAAAAAAAAAAAAAAAEC/9oADAMBAAIQAxAAAAH1TZhEkLGTEBkJsVMEABMIE2JjWMlIQwTGJpiGxMATBDVAwTYDTAHAMsTE00xBpiGgAEpIIziRU0kSaVDFSkkBiqu2tMVN1ZAnCoKxEFJ2RjJqiQJTigpMhJoBi9EYgDli5CJSITalTZYiSExwmAmNUNANiGCYhsAUkJTQlh4desPC3ntHwuoaRghuEwoAAAGmIkhKSBMBMIgyKmoRJWoYiGCjZWYIWRqCnGFGTqttCUikwEKSJuIBIipJekNSDTAZKmAMBDYgYhpBpwmNUMFIABAMsHHOuuryHmK9p5PhupwixiKs2862PT+g+aM+zafkn0nLpOMgBLJAgAMASYomqAEQEJpwAUJoJJhXZXWKMokU0JSVKM4iYJEkyuTATYk2sFNHSAkTUiLGoDhMABiGAmoBsTAQwAYhhHgnzXU9NyeW6IyVIZDLI0h2FWipkJWVEvS+a6cv0u/5fKPqx8o7B745vSBihgCTFTBBNAADTEDEDACnVbUYoyKgpxhKQKMkQjYWRJMiNqlIIDBKaN7CAYDTEDVSTkEwTEAOAaAGCaGV1Vpq835yzHyJRpgElZGojmtlQyVj1JzoQkXPSzJqqmbeZVEvszSOx9C+Syl+1P5N6SPalNwASgCCYIAAATQNMBSoqtqjGmaJBCUgiNkSSEpFRG7EpKIEkELEbxkJMBjABWBCGlBiRkmCaGUTJGXjF3F6vk7FwnGgaJBKrI21xC2uVVW0zJdHmTiqVeyt0cDJ0OZQTkVS0szK2sAa9X6T8i1yfYjkdeVDUA0AhRpohgAAN0qbqTGpIQykNIAhpiiYkSQCaIkha3JJuYQmOhMhpigECkqSkgTULmLmV2+T5zz1ehh5tGnMNGiVRHIhKUTTSEQQUnKyKzVenMlpiueWnpHKs9LwzA466qn2KDjwvzEooJII6H1P4564+hIeagYgAUgQMTUqTTDPozmVMqI0gpIBqgGoNIAQ4TREYqhOJvaaAyENgNKAQIYk0PDu8wUdHoeR1OFydGYi0EhMZOFXxhoKYuAOMgtt7kc/uei6p5jZ6KZ5KHrGvm+l05px/B/SfFHjpXZjbDLbVauRSSZAYpfQH1XufM/peYKSlEwBxGAEoypMQZ9FFZFIIsERJCGxKSBjojNERqENCUlW0ZkAwQ6ABjUIaUQ4r872PPnoPnnp/nmoVtU03EWipuveYzrcwihj6c/bxzPRS1y2XU3FjTIEiyMpsyeY9bxjwHF9jyjztl9JO6i+q69GYcAVDRZ67x3ck+i7/IeoW8DIBiTBSTppqii/OZgZBgJpoAxJgSHUVJQRlEAKUbIG8ZCYCGA05UAqUooOEjm8Tr8ZPOcslWaDBSSoBBJM10QtKtlPaj1nSz2w9WWS7dOPRGkpdXOudk22U87p418l570/lUx06Gc+rsYaztgkKhpyqyBG36t8e+snWUlKDJCMkMChop576EyMAUkoNAMRAxoATiMAiNUKUTe0Q00A0rTITAE0Vk6Th+R6nnrKZV9w8zG6ipISACym7CWmvpQ+9TvNtuS2WdlGqL9FNpbONhOSnoSQkcm2uXyPmfceQriwaSahTSpcSUUxMStqZ3fpvy36hJcRnKJkAFDAFJUZtWVMrGJxkAmA0RYDBiJQGmiJJUJhtacCkKk2iGpQAQIOV1fGmHibuHZohZ6w8NX0eaAFEo2krqr4t6GToHW3YNojPbGroZN66LamuuWVSbJcrNXoHxNxthCwp5Hars8HxPovjjhY9eAUYyoTUrB1J21kvqXyj6FHqL898SQxMLGmSpip5deOzOxQDkRGCUkAwBMEAAERggK3A4BoTTgGERixBlXgPZYzj+b+n/P7LtOjgpzMNlVqkmK6rRI7qp26ury+nHe0ZNZiLKzpa8dkunPwuAey4vlaD0EOV0a6HpeL2supr5uk6BXZRz+k7Pmnnvr3zU8+tOaicLZdET39cL2OfnyZeR6HmS+7ty6xiYAUNNAAMmzGVIBSTUGkQAmIAYlJDQxMBJo2jQSiwaJWmgjJUmhOBsxdaWPkfSWHk+fZGzzcZwEBRqzaUloz6yV8FL1N/B3HTrxwOzycmY52fXqMF92Y3d7gbj1N/G2m3Tzb5e1p524ubdi816jHXzHz/s/PRyNebTb9J38W9PR34uoeKl0XLyPVfL/qGaxiAGjEiQnYZNeWM5KIwBiZFiBMAGJSQmACAUkbBgJtYkkiYSgAlLKcnp8/eZt00ef8Z9N8xZ4Wm2kYFLRntTTqwI6MeUl6t/HsO5DB0Yvt9F0zxGL1/lDj0WwKd2Ur6Zv5fp5eH0OnamDbKQSaFER5Pxv0r58ecJqul6nw10v0j1PzP1tmqnrcyXxP0Pm9KJoATKAaAAZdWQqTQAADIsABAwBACYIYCA2gAxKAI0wQ1KRkGe6UQEEed1Kq+NUb8Fk6yURaKaskVysgQZEn2+D0I+rdTkds53H9HkPmnN9b5Uv28vevrux5j0cdHRnvJzquskmipTrMniPd+KPImqos6ff6B4S/6N4Q9vowdMzacHQlixVJJoNFNxcGTXkKkwEwABAAMEAJiGpRAcQU4m1pgAoDhA6SkoQARYCUIsSp0+d+b9F52x9Pl9OOWBWh1yKq5xLd3M3GLZl7R9B7/m/Rw42Bh8j7yg+YbfZ4lzdPLDLr3cfYdLRh1Vaoqx1yrKvOej5h4DD2ece36PL9BWnj96mIhnKtsZSgKhggMExkcezItSkhA0GMSYIEA0CYACpMSKkjcwAGqBohkqEANABBVajPK808P4n6h8qse7D6k8v0Y3xyn6HgFdilRKytKfU+W9Gvtu/xO5DcWSRIx07q1w5OvVHKs01l2vn6V2uiVzKIEc+qo8Zw/S8s9H3uD6MmOkPnV/nZfrV0ZEkIAKaaGxkcmvGlYmKSlCAoSapSESZCAoAECAYbGAAANABKAAmQgBoATKp+QfYvlNnF9T5W5e9q4lie35nreIfOJES6LiQ7HG9CfQerz+hLKKrsunmsLIEBqU5aM/QVcu3VCQmy0EwhYjznP9RkS/p+D7B6LyOLxCv1HmPqx121A0xMKaGAnEcmzHZVKMgExpqVCdgCAAQ2JMIk4iHEr6fyP6cbhpUCRgwQStAAECAACr5f9V8DqeNs39SvL9m/18cz0e+g+WYPSebtnFwkj6ny/ZPpPU8P6iXpPn8k9ND57ee0WbYQvrgmyVF9ELEUxsrE0xgCzaMx4bqdTQvg/N+n8wmv7D82+nkkyUTBoQwBuLpY9mMgAiBgpRVNCMABSEpRGhDExAj5b6jxHQPr6z3jAlABphFgAEAAgKPFe28nXj/Qed9NZ5L6v8t+vSuEknk/AfWvl5niFsbqpRv9F460+h+fzbou3bunGi/HOtSzMvvxaauikjhKIhoYIWa7JLHTl1HhvJ+3Vei6ilAChtNQTsBgmnUce3ERARNkIcaBsiSiAME0JyCKkhRkj43Ktn0v0vy36gSGiSBRiEBDAACE0U+H0fM15TVwvZ2YV6/JLze9b1or8F9C49fKY9jkWRUkRUoy329ew6XsfFeny6U+QzoYoYDsX+L79ejlg3oRChOJKBVK8dmU0ac95xOvimdYCgCAGRYxOLsGmLHryLEAJJpFsWKahMLBoGhgmgTQk0fGyu2yX1D5b6ea+kpkNAgmlAagFgMEBGaneHh6/cePs1+l+cepl9BPLrEEjlfL/snn7Pl5ZUtbbt9Ds8rCTr5cUDcqvRHB1+67p4bo+uoMHZ5mrLTKqVSQkjlt5E1ZVw/Rp0JtVQStq8TQAlBpWJommjAqGbVkiIKgGJilaAIyVgDEwBMExBRLzS+BZOyN1BH2XZ5D2AhoCUZUxiaYmFCZESSAAUk6TCGACA8L4n7X8ts4rK7SNnYOX0+rrk2+i43Ul3zwROhXTIgSkSsjMImEr8teifref0yyucCu2mytIEikFqGpRoRidgwIZNWUi0xDBKQRAGJAwGpRG4g6rOEOOLrL8pnJpozJnoPp/wAf+uFyESTUoNWDTlEMBMGigCAAAYmMQAec9Eq+Iw9Z5SyXQ51sde3i1L6Hf5P0Eel14+vFls7KougocI4Lb/OkrIdO3Wi0QsWZEIuKTcJg0wBQA6GmNDK82jOJNK4tQJuxACGKJpAAGZTLxFI0dDJsr5rTTZFsZOo/Wfkvs49y0EkyVAwAAABSENWACiahuLAGo0rBNFPyz6zgPjz388npx7Tf6Xgd87uzma43PM4srrykOAYK6Heo7Nld16MjnAsQSxpvoOiJ2ANRMkBqgAbQQyas5FpyxQU0wJREcWCAE1Ij5fq+dWd0LDqaCs+Y201WaaFcmfp4LF+zWYd8JgACgmNSSJgDRK0yxASg0DQAIaCkBl4/5/8AT/mGj24dFdTZzSPT9DyW6PVx4Sjs8Ln5C/vV+k0t6NOuxRsjGWrVWtbZEc2mg1XcvpVNADRDEWNDBpkMunINqIxMYAApWBYRklVVvBTm56tFui/P1F6vN62CT5KrqbNNSvFGDPY+/wDin12NwMQEDTtAEGgGmqaAGkGKUYhxaBCpqUI5/wAh9x4elZVKtcs0pdVvPinTqw6ifar9Elvczb1tugJNRrLKSKuDjDpnAxSMsdvR5bj19BOL1qsGkBMYBXl05wQCAGwUBIxA04y5vI9PjWvXVbZs7PI7hu5HX40nyUjKpXVOLqpqo/Qvnm6Psqx7RDUrUlQAgxAwAErAkIstBEClAdHl/D17vynHpJSUqi2hiCTjIfU5eg9/1vP+rkq2ZZLfXnimyqqZZKq1SEowq511nhOcOqruny/0csR6fpec1HZKrbGhleXTlE0UwIbQompBp6PHr89HHjXc1dbRuTb2uP26n5z1HlZPl84SHKFhZZSUpqMeu+hfMvphZGSlTFZJAAMGmRBLIShoKYcmOh8953EqUE6SaJNMYNQYiYDlGR0Pe/NegfTI+U6EdWdOpLrIWEZpqRUUKb6VpnCxMPo/P+gXgcLqc42ac1sWbMQd2/z2yzoZLIEWmrlAGIGCRuEjP47s8CWVlOq3RqzdZKu95zunQ8t6vzCfKWmO2qdLTmtIyhOO99J+Ve8PRAxAAwEMABUNDRgN/O8l5Q9L5WpUIStNIAUmmTcZQTUyBZEiwLL8+k3dvjdaTt7+L2DZZVMshKJCNkRwsRQrqDB3eGpeVbRcaLYzLb8+1ISlGq2oy32cl11ni0k3BpIEFVnCOPnE1ZqWipd/HCS+3fyz0fmPT8CvkEp1sjCVzhKicWaPUed6MfT7Ob0xDQMABiT550cHjfMHqPKVC1k1UFJEQAQxDSg0OdciyyqwukamcNfRzS06c1ldjqcLoydzpeZ3Hcv4/TNjhMUJUmhzCnm9HiFOQzS2bqNaTvqrXfLBpNluC+pxjCQdUrSMZk7BxKVDqPkPR+aK5m8l0cuo1XZrqvtzWnQw6keB8b9v5SfIzv8AAJiCeii832xsj0Psvl/vTqgAwHVzvBnb8lKsqVqqKArjZWRjZFYiZEaVsJFGaVOLslOE10bObqToVW2y8yOymqtLtSW7HfJ1+r5veeh18vfLOiWM6hy+cdTi4qy3TbqKpzkUX22ldqSScGrhbCqZWVwnKmr1CRO6hmiipnOyerrPObrhMFu4XLn6WQzer+b+yOvFpOX8s+z/ADs8iBT15Np0NFd8U+k8/wBM946+MdXyPAykqyIokqgWBVHVUUxtCqNzMxcLQr0VEmRc0sKtiTJKUVnOpm/Xx5HXyU6JKpaZmFdXacDb0ZnU6Hl4R6HFyq615zaYuzq2RCN7iFVsR3QlVirCyFaLZ5rCSiiZB1dCESV2WRdSo27L8tszZi3RXidHidCutXTceayek8NL9UixleW9VxD5QTVG3Lsjo6aLiu2FCdjz11Cka7UJySosjTq1QXPOdSVubWBKlIxsqUakVx01jr0wK9WCZtpt0nIj11LyZ9FVlt1KTNN1mx45GiFdop6ugcvpbdhDS+cdSnl3mjoYtsUqdRfbkuLq4MjKuRbOiVMhBLoutbISkVTjYQLKyUlKnfVcmXjd/lLtuxbSrw3vvMR7RwkkuT1eWfKIWxSWvLqXfdTNFTGKypupFqybh020jnXcUV7K6qd10YI6YFcNitwU9PKmabaynXaTVrirB2aDDu5+wp0WYjqaONedufN6CVnSRx59dGG66I9XIqOrmy2lU7bxaQNjosliraTVLJJbmTQuy21ZZTQWFYWSqibFnmilCS3RUDS4QLpK0zV6Q5HQoup87rZYu3eY9OhzOniPkcL6C3Xl1mqFc0JK9aq7IFGnP0jPOvUV3Pec+OkKb815DJuyLGyqywx7KFyV30CvhM0Tp1RDRjtKoORsa1HDj081ZNE5Ro2c6xOlQ7imGmJg03IrulMrd7CWisndW5RxtVFtKX3U2EbaLyDi6We2JIdBIgF2nBfFjo0VbVZSWXVTqeeWCNFN3Jt6d3ju7HA+ifJfrCSzaabPkWfdzzTpx6I0SxbjTKEjDMiPr8jrnPlXSdfZyukTjblMmvJK3Zm35UwxkFuW+JilbYtFG+lY68O9GrlGaNtJrvw6i3PdJMz0yMquRZNWlcbEM0Nck9UkzaHMhOy4hHRCWpaEQtnMrlJ1CSRZGcjM51FkIzqqVlEQvzXl2jPqqnHpym+YScrJpqXrcPtYLfNyOWvL+vfG/osx6yE4nzHhep8rV0oIe/FWd3fy+9HDzdTlGrpczqJzud08Vuzped9AdbHonHMhu5a9HJpgmGGqCqwurHn3Z4rhqFwbaLUvtjYaMepGKx1mu7FpGpWJOpwJ1ypN5RUbrMFhsqjYRkBm1FgqrpLOjXmgtLDLbfKzHPVNrFDWkxx0WHOnpz1pq01xkhogX9LLtOXGNZ28VuQhnTXr8vqYE8/yPR+eXiek81tZ+wvNoPF+H+mfNRpOrqdFJZ6rx3ejseZ9X50Xf8/6M5mXdzawdzi3HuHHRHM5XoeKuizPEvKkmeyqVEZqKIamuOrVQX306yqdoU09KhMm2ma36I6EyF9ascEsjC0nECnXVoWI5lc6rYtUaLLnRpWc674jOyqkJlGhMrevKZqLstdCOjDFMaMx6i/BaUPNuI44StJ56zrcjeScDR5eS8sjO5+o93559DlwfJ/sXylObOM60U35i2jXlPU5qOrHE9V5b1Zj5PawHEr0c633O3m9qTJy+3zjEq0t9/N2jzdSlITqmoJpnovYXxatxsJRUim1SLrs2mwdblmqwnUpJDVmZfbgkbDBaXSqgu4ptC2qk1aMdhrpQKyFRfKq4ujlsK41Zzt4LMRhWLGvtlizHVnkzpl6fD1W1ac29NzUTxPL6/FazibPQ+qfHfoJ6z5f9N+TyYHGVbcnQwEwiHr/ABXoCj0nI0Rs4fSwGXkdnj16n0vlfVyxx7MJio10GPbRpN8KwovxzSUM8ySIGumSC2lFpOksZcuPROunZJyTKWTjnlbKmJJfZQza+el6Lx2Gx1NJ257FtnCs1Sy6C4rmLRRcRTRXj01G7Fu51cLn2Uy+gzQmvY4vSrueffflWvpYbTpypzFPmPpiPjMotJ9/z20+n/KPdeDGmJ1c03GSyi6qJxjJ6DTw+6vU5PT5pyuZ0eave9j4f2JdlMg81uVMVk7FusnnI2SSVWzkV5d3PrToyzhFTLZZtBeUTHCdgUa0VQlYVKwtyuyuLtGXSFOrIS18/aa1RAvTmjVqUuLCpWwUukkgy8yZ+jlNXJ7PIt83lcDdtws6Nma1HkvzG2iwXZZbA69r2J8ISkOcUdnk21IwRs1YO9HAFOq4zQuvzJyepoo1Lw+d0OZXS9v4T2p0MevOYKlXKQbNFc2KkuSvTnvqGeyZFkJYllVOc5pRfZojHDsaDg3eg0V5ePr5HkI+4tPDafZyPDy9sHkKfayPF2exceR0eoZwJd11wH3g5Vu8MD3hklqDLLSzKaIFDtmef5fq0vzXB2+IvQrqC6bsVSzbk3ZrUne6nI7Un5+kiiTib8mzOtQmkvQec6xnydfjxbTONbsemmOrt4PVMHP6XOrR7fwvtzolqjj0bEYDRYZ7et0zxdvutZ4S33hXj9HqA87Z30cvVrCouEgTaxJocZQGEiBIE1IjIkAwiNgSCEmIDaxGgY6IyAE5GmLByRRzOt5NfEIY50dlYRtpNmvJai259C7tvG6afFpwYrK9Zro6VCcmddhDXnivrfNegzScRBUehzdhm6OC0uxaM5L3nhvqS6LO+JwuhfGKiyknZTaSalUkwSmECcaUk4BA5RkAAAhQlEY0AMcoskDEDGCG4tG4tWkDaaDi1aiE1CRVdzVXS+e+5+by8yqvSvVdOEs1VaLJ66Lw11bIr2Z6j5TKVaPZl0L1nK6TzSuorRRqqXf6bw/r081n9L51YRcDVSnE59quzk+08b6I+ruFpmp01lddlMls6rLbCLHKMgcUTIBYRS2KATUGk3CQ4usVVtY1VYE6ZFqUTS6rRxkEkADYgiSIugTG4qJodRlEjNj3ZTL8s9t41ZdTKlvz6Nhmt2xsLtl8tV9c0fD9FwI+cShfRODO7dXrjgYe1xks14L6q0mRfZ87D6VPKZ+jiMrnWehnyuocrrcrpn1vVythfU4xRltxGu/n67b4kYsspaTEU5QCwiExBOIwGiKEQhJxRaqKsnGRJEYuvx6Km4lTIhNwlBGcBuLBxmELawnTbSUoxTVbx68ZhyaJdeSnWatmfrGTr11mmlWS6SIl3Ow+bt85ry6WahNe/qhtk5fG9LyTkWRS9TPPpp5/0HFgeq4PUZwqdFFLscPcWb+brX6N2PN99NEqWQzas5XrybSMALZRIscSpiiTcZBOEyNlcxtOFCUKrjKsnTfEjKi9Umod2eyy6dbLHUi11zJpoTQRZEsqnArvptScSK0fOvSfObq+Cgmvr4+iX2ZLii6GCO5XxsK+g4EMMiSjbmlFpGcLTu7M1Enb5ctx5Knqcol3eFdXU43YgczqczcV5ujy1iiJs0czUnu/VeO9YbEhVmvxpboz2FMq7DS6bYm4qrVFjnVMnOuwjZBk4kRwlErbgSdZFN+NrpUIlzpLNbgjRXKsnZRcWwlEUozIMkKM0VElZJLLL86891N9vLtMK9GmzTFnV5c0v43V6J5Tf6JnE4nsfMLxYuJmmDKkB6nphGLOBRwQSLC3q2gYsoS78gWZWCwsBPY+wA6FgLDngmgCM9oVZIBRAtuBUwklaAkFTQBACpgSmC5qQS4CWCCrgEtkBXaEX0hRYA4gTQVXIIXJCvl0QlruC3oRCXb6AGdyCFADL5wF8xAK/8QALxAAAgIBAwMDBAMBAAMAAwAAAAECAxEEEiEFEDETIDAiMkBBFCNQMyRCYAYVNP/aAAgBAQABBQL/AOHZL5se1/8AxEiXxY9z7v8A+IkS+PHwP/Du1lNRZ1muI+tyyutZKtVXaqp5/wACRLz+E/8AAlKMVqurVVmo6lfabsjfdSaKtXdW6usWRKOq02FdsZr8yXh/6GSdqiazqzgX6+65e/HHbSaudE9LerY/lz8fOvavym8LV6+FBPq8279bbd2fux2T4I4EsvQzsqnTdBxVsGLn8mfj8N/lM6lq1RXbN2S9zXZdn2a4Iv6neVKy+d8fSdWsvpdfWLDR6uGpj+NPx2x78fE/yrHth1K/1r/axeZeEY5a2jeTIhrkp4lqdUpm9mRPD0uqdWop1lNqWH+LPx+A+7/HyWXQqV3VDUdSvmn74LLkV/cvumv6xFcTGZNEniPbHdSK9bdUaTrBVbC2P4U/8r9X6w/i22S1mpM89/2+8OG/NZn6pP6WVrM7ZqMa3iBLn2ZM9s9tFrJ6V6PVQ1MPwZ/iP8Lg9as3Jll8a4ynZqSfp006nXymvavPkfsT4j5lLtU8EpZe7iLNrGRRg4OPbptRKmWh1Sur/An+I/wZS2qO6+TopL7q9KS6grLJ9Tk3fdO6XuRFkvdj2JFcSWWShgipmy1noTxsx7tHc6rNNcrofPZ+I/wdRdGI7rbDVTuiSlKXxfsffAomxnpZJwwKGSNTKdI5Feiw9Wtk8lU8OOp2lspslMz7uk6txcHlfNP8R/gau5U16eh2TvsSlr7fUvl7kIx7oxyVUORHRi0e4WjSLNGsx0JXpUpKhZnFQjrVumxPBCzBOW5v31T2WdPv3R+af+Jqf79VGKS6lbsnYsL2wJEGPx3wQr3Gm0rNPpcJVojA2jhk2owhIvjk18UiUH3SybGbH2z7elT+qPK+Wz8R/PPiOje/UTnsWp1ClqbJbp+2PAzAn3SKNO5Gn0hTTtERF3wbe0kautMui2TjhmRSZljyjJx7IycX07V6jGn1Mbvls/Efz6x4q6dPZPql6qqcs917aWmWVrDXZGl07nKinZGAhC980XVmop+q2CxKJtFAxCI3EePd0zU/xrLZw9WqW6Pxz/Efz6nmVf039V1Hq21Q3E/u92cCt4ZgojmekqUYsi+ciF75Fhq0T5JZMSY4tdl785WnscbKOa/jn/h3P+zWP0CT3zUuH8CMCiaKr6q+EIyRMmey7Lsyw1US3zli3Idial8MfPTs/wAf47PxH8rMmrlst6hqHc8YVdW8lxL2owJEYldOSitRI9twuSIhdl7bUassfMpGTdgckyWPg6PRG29fSvjs/wAJ8HU7Vbdcs22ra9LHbTb9/tQkRKolUBCZv7QEIXZe2XJqasmoq5ccSMol8DR0u309TF8L47Pmf4mvt2Uyo2U6fE79Y4+rH1bVODg/YhERcOsqlxnjcZ5RX2j7F7ZLJfRkv06RKKJxwNr3pdofd0+z1NOvjs/wuoW7tRq+oSnGEZWSv00qV0zb6evSWo9i7R7VIhE/T8xIEeOykbh2E79pLWpENVkjcKaY+zWS6nctVpmSJxw/bgxxjt0iyPpi+KzuvzrHtrjVLVWvpVddNMWrNc5ejpcRWtedR7EIRE05BcY4ksCKe24lbgnq4pXa7l6yTHfuNOnmqvJFYIyM97qty6hpXFvkxjulkW2tRy3o+n2WuNWlhDqHT4Th0efp6oXxT/wdfLGn6ZHZXd9UXDbdP/yKPUfp2cy9n6EIpZXPhPiwgQeB2I1Wt2lutkyVrZlshDJCooRU2biDF7L6VOOuo9K2yL7p4K63ZLp/T41x1Ctsb0c0USdVusp9DW1S3R+Kf+D1WX0adba75YhdU65Rk65ZVY/PsXhC7RZGwhYTkReD1eL72WvLxkUCMSuOSjTyIUSPsFJSIEGLvg6npVZF1fROOGUQ32aLQRpVksOrGHHJ1GGyWuh6ug6TqfUh8U/8G/8As1SLfqdtSnVH+u/q6jva9sXwkQRgwRZGROZvHJ5s5HFtxrwWcGSGp9NV9VsiQ6hqkodVgyXo3FfqRIMh7NQsx1Edk9XDkrliWl6h/VLNsqGoRXK6nH6NudB06fpa5ePhn+I/kbwtM9+pn9JVFykarSbzVKSlOWfbHxEUkb0eoj1CuwcskRQyKh49HaSLfPbSWqqzS6v+VB6SucY9PgnChxI18pexnU6y/wC1ieHVe81aqrbp82OvhdRjmrS86avSt6+Pj4Z/4F//AD0sPTHHe8cYGdUocifEvZEybjPZMUsEZlf1S01GU6UldXxqYtEkRXMkRWZdNr9KqHK7r266Oa7oEvOCKMuL0WuaNPqsk/7K9PHaVU7bPin/AIGMmznGO+Mmqh/VesWkvdj2JmieZaNLEkSrNVRFw1On2iqeVXAqSiaeRCRHuvbfzCxfXqY7ZwjlQi4yel9Unpp0uq2Sehs31Y+uPM/in/jXLdDWpxvP2013wY7Mx30ksT0HMBlsMrXVSRJvKbK5M08pMqiR7IXd9p+NbHbZqEmaV4np1WyiiHqWaeMoamj07emx20/uH/f4WS/Ef4fXIKOpIffrue6QzPapKUraYxP3pV9egf09sFtSmtV0/l0uLqr5qISExMQu7GSNdWaiJS9lmm9OdVCw/wBT0u+yOIRFB+p8LJf4cuD1Eb4k7YI6091wvu1fMe1bJ9mIT+l+em15lpfK8d5Isqix0o29lIhIixP2Ptq19OpgUcT0enXZeJiRbZGBHlfFL/EcUz0YCrij/wDIIfTXg/8Ab71JYKqo2USW1+TwPkURjOmfZpfPsaJI2koEq2bSJFkRMyZ73LMdTEnHEum37oNkfDLJqEdTqf5Wup4r+KX+P1Wr1NN4a86SlWrX1ejdoa5Y1GldqlB1yF2l26fI0kfc+7Q4mBEWL2zXGtWDZuNDptpGODwNnWNbl6DnWR8fCyX+PZHdDXVenqTp1q29X5t6LGMpW1OmWurrtqxhiH20C+vTfau2TPZ98GCUTAvdLxq4ZIQ50sjI2dU6gq4ylufRNPusXxMl/jyeF1Z/+SVzcJX3+saOz0bdPbDUVdQ0q2T4Yh9umxzLT+B90ZMme7Q4G33zryeikfy/QvjrFJdR104wlJylBfV06pQo+JkvxdHqFdX+DLx1KH/lY5UMra86HTTmaaFtFln9lWtr2XdmfvpvBTLiPPfgyiTF2i/Zj3smaulvU0VYXWOGihZuoWKfiZL8XSaydc9Ld61f4PU6v/Mori9ZOqNWo1ij/I6RXihIlE6vHbb3/emsUTT6nmu76d5qOo10k+tPNPVN7pe+ODHZP45jrUpKOF1tfWdG0/rXrhfEyX4jKralR0TUZ/C62mrdO8azq8HEcpXW6OHp6c/fXKs1+xcEJ4NJqy65utaTdOWhhI03Toxda2rPZi+OZDy0ddiUw9SzQaWOnq+NkvxGbMLRW+nbTPfX+B15P01xbrNRv0mj+jVRacO2vhvo1Ffpz75FLBGzmnWuMa7svTszgTMmTcZIv4WTZDydajmHSNBtF8jH5/Egz/26Pdvq/A6tDfp3JRnTbvs1milGOm12opjDql8zSWXWuyOYdRp5fD9sUxSaOnTlIiuEjBIlLBXLIpcp597Y2TK+3UF9OladPySH+Lkxx0q91XQluj81l9dZ1HqFcqpZ3afTquqMlfF6V0zonDvrKt612mdcvboqvUjdo9p09+kfzIJPXQP58T+bWX6mvENet1V6mqJe9skyTyR8I1kd1fT041fJIf4uzl5RGTjLpV/qU/NOmEz+JUdZ0WV0fUw9OM46e2ucbI7Y98Gq0sba9TS6LezF50epVUbdWpKcz1T15HryPWkU6e6+UOlOJDTyrKJYIvK9jJSLLCl75Y7W+NP4+SX4s5qKi2jc85Oi37LVyvnaUjX9K3Sqr1NVlUbUU27vb1TSLUVTi4S75NxuMldU7HpemORT0+uCppUE4kom3BBme7Jvi6zCndulo4bY9plfj5GP8OcsLUp2Enue7jPFE9tuknvpf4OO2F7utaPl989oVSkVaU0lUcVxwcIyNjGR9jLp8ai3c9JRlwWF2kVePkY/wpPCst3OEcmNo5ZbeWdDu3Qf5NsVOHUdN6FwyMeaa4m1JVJFPArEbxXJvPdGO99iirbXN1180xwIz2kVfLL8PU35Iop+1eFgocIk8OfR7Nt65/K6xp/WpawyJXM9Rn8jafzCjUtkZORXDmK9m4ciyeDUWuUqqyESHAu8in5Zfhaq3CIkBSTJbSWMLGNA8aivmH5LOs6P0p9lI3M5IrL00CpMrEvbZPBdqNzoqIwFEXsZX93yS/B1FmyG/c0VrJWvqpqjJ2RUZURjKdyip1y2WdPtVtH5V1Uba+o6SWmt7JkFkqrNPXxBCMj7Nlthfbk01fMYkIGOy7s/9/kl2XzSeFqbd8o9qV9MOJRyQScroxiVxjJI6JqOfy9Vp43w1umlp7e1ZWyizBGxCZk3DkTmaq8qTk9PAhEwYJexn7Xj43+Bq7cREhcuuP0ye0hbxKn+uir1Cf0y8HT57NRXzD8vr0PoEVmSqwjZghaepk9Qlbg1OpIrfKitlUSK7MkY7skV+PjY/mslsjdPdKPLZTHmC41q2wsgomWzmJGvMIQ3yr/ru0c99P5fWY503aDE+E8EZkLcCvJagu1GSPJpYxZXXxCIu79siNuxp5XxS+fW2j8wR5NLA8Gs5q/QoblyOMqzk6Nq8NPP5fUIbtNLhiEzIpHqHq4HZkXJRSaevBUR9jH7JE1koucSNsZfFL5tRZshZPdJckSKNPEwar7HzE3PCqntW6Q2yibrs0VnqUfkuShHqXVUSeX2ybjJntXDJTpimraVxIoXbPbPfPZki2HN+mbS192nnptfC1KyL98vm1luX5Io/cFzQM1b+heP0Kc2vqrEZ56JqFs/HttrrWp6vCBrOo3X/CjT/dp48KJHgQ2bjcSkLs+7JE45ho9uzV6SF0dstHfCzcU3e6Q/k1M9sLJ5lE8EPNaKSaNfxBeCKyL6JWWOb3ZRpLXXbpblZV+JJpLX9WUC6+d0s9l8NcsPp96aXj95HLvjsh9mMZ+tHZH1WjrNf0aaX08FcpIjPd7JfLrZ9oDKlxX5qJeOo/avAm0PJGf0UuKJYbjjHRdRiUfw7Zxrj1PqLueflRprnXLS6pTjuHIyLkS9zH2RS0tSdWWa6lhIhI3vdG9xI2Rl2n8l0tsJyzJeXw8bo18JcOjlSOo/YvHZyyqmlKbTm0u3SoL1Y/b+Dq9fVp1r9dPUy+dFFrrdesI3biHKSF7H3fZFU1K9eOoy3TrEIZFqRhorukOSfya60ZB8yjk0suXDBM0jyp+Nb9q8dk8Ly7FBLBg0P0TolmHz6jV1ULW9WlYTm5P8BEUVLmp4ITIyF3fsZgn9ujf9109lcpb3AZEjgUEhIlAw0b2hTT+G6WyFs90xRIM27XTJWRvrwtHLDfK16+leOyH5UMxisiTZRI6Zbuj8t+rqpNX1eUiyyU38i7YyNd0QIIqK39UOyfufa77NDJuWttyMiY4SIReUNDyKbJTQ/EbGiNpuRn2667svKiKJUspJ12f9IV5hcvt18foXj2RTkLh8xKs56fbtsi8r4r9VVSazrDmW2ym/mQu2029kQKyHisTwbxMT7Psh9tanKvTTcabJYK+RIXZNI9RZUsnGGOKZtMI2o24EmbjcZLpbIWz3SK1zGJGOVGODGVVLY7Ybih/TrFxOLg+7I5Gmm8sq5VT2z0dm6v4L9VXQtX1acydkpv8AAXZCHEa7RZXMVhG5EbclcskRdpeERH21qlIztX3OtduESkhNCimbMHCMZHwLJyZkb2KzA55E0+2qhOcZQlEiiKSEyDHMjIkyu3il86tZh1bRctNd0J4cm5EHxDwdNvw4vj22TjXHXdVZOcrG0YMdn8C96ER7SRtNoonJGJXwVSwQmQkZGfuLJMstLbDOSEBdnFSI1RNsURH5wYNuTZ2wbjePkXeUFJX6bBBMa4qj9NqacJPG/iTaKNXizPqVSipK7Q1WLqOjdDF2yRIdq57JaK1WQ9ms1sKI6jU2XyePc/wYyINGCS7LtkixTKrCp57NjnhvUKKnqckryH1EKxdlgSRgx25XdmBoSHHlRMc9m2QnzHDLKlIdZHgeGoxHUTgalbJ9Ou30dtdT6tWorddnesgYMHSp4l2uthUtZ1RslKUnLPbI2+zXfBj4mvZkTITFah8jyZkb5I9RnqTFbMqnZnT24T1Kw78llo7BshBuVVOCK4FHI6kiKwIzE4Jd9vbA2LkSJbjkQ0Y5SP1wy6HFVvMWZTHHJ1Go6de659msrrdO2fZFZAx20UttkXxrdfGk1GondIbM9sHPZIZnvtGjabTHfAjBsJL3RkJiYiMSOEkbjfwrD1MDnzBORCrLrgkRXZ18Lg3qQu20wMccmGja8DRgwZHI5MSHki2byEkzamOPF8XCyqXAjULMZ/RZ361H+rsiBWfplcsS1PUJbHubztPIjaY7ZGJswY9jyc+1YJYRGQuT08kqxxMMwIiIcsCmRmjehzPUE2zkhW269Plxq2m0wTngW6T5xgSRwJob7YMYOOzXbHbaOJt7IwYEjkjI1FSshXmMo9p+NfDbPv1Rf0S+4RWQ7MkzCJyGRXbkUcm3AsEjBj2ZH2wY7bRRRKA1ghPBGxnk28uB6Z6R6Q62hwNhtYos2sVTZXTzGoVZFYHZBKzVIjfKRjcV9uO20SH2289svGe365Ipj747YZyRGhmpjzRLK7dUr+heO3UP+Fn3ESJHwiT74GVwyOOBi7ZJMWTaxrtgawPul2RgwbMk47Soaym3EheepFkHFkcGzJ6PLqQ6yMCNRtFEwTt2jm2NZca0itR7QGzk5F3TYs9347oyMYu2RYxlGORlkcxhw14NXHdVD7e2v/4z+8iRIjG+2MDERfDYyPJgUUSikIwxxbNgoDgemiS7pke+CyGTa4uBKvcSqaIpi4KyBxj0lI9BDUYnqRHbEd560jmRs3EakhKKE4mURmbjcORuM5IjZuYnI5JTkKTG2LI5NEWzkZyZP3nghwZ7NZW3mJgtj9Ojlvo7a7/jZ/0IkELukYyPCP3FDEsiibMiikTwVsYyaF2/Uuz4EJEUbMEe00QiRRZVlOtowxJkdyI7yDaMsccm1IZlZjOKN2WkxxZGJgwRwcHAkYEJn6TMmTKG0bzchyR6hvIyN45ohgmhIUsdn4UubHhu1ELSb+nok80dtV/y1H/VMiQRnJ+o8mMHlzwQ5lteH5iJcqLw48+kYw48ksEjLOWbWyUB4GRYpCM8Ph54bYmQMZJ14NptQ8CybmQl2aybEekjYhLAmbWxLacbRGTKIyHysMTZnJ++zXCRhZcRowOOSP0tvJtIIkjIuRlstsYywWLcramOUq5U27o9Cue/tqFmvVL+5ETwodoE1lftx+nT+c/TOJCRGeBTk1hkmfuPabG8iyYZZA2Gwwsfa48iwbEbR47QYu0oZFUOpZ2owKSR6qHYhWod5vyZbNjPqykOIon62m02iyIaEhi7PtgY1k2n6IpmCESaP3AZfNsr4N39dtjTunuNO+emW+ndF5gW8x1623kWSf01S5IcE+e0uFRyY+m6RW+VIpZYnhJlnBVyRSLkjgUuXIfjaxIUCxIg8EUjgksko4ORNkFIw8uLFFjiekbCFZ6aPSQqln0kemkYMd0I474MGPZ4FIbQ2jcZQu0yLFIUiD4mzPNaWLeFMjyRX0WxNTE3OJRxPRy3Ukjq8cXIQzwVTyQ5bg9rjzM0rSMtqxD4dMliqRu+llhCSQnxLk2I2rO1GES47YHA24IYwsER/azwJvPk/SMNvaYP1FcqJtQhYGM4JeN0kKzJuMvOXhyIs3My88iUmbXjaxqRyLklnOWRWVMiclR4VkitkC1uU58EWsx+y4uLfCOiWZrGdbj/AGds8si8FEitrbasu7g0qLfDTZZAplh05aghowjb9cUSNuT0xQPB5GhRGhxK0YIvBuMIk0ZwRtjn1EKS7bzcZeFuzmQ2xJs2szg8mBcHAoowQjzPgxkwRMdojMkzDEicWbXmMSxYG+IvJBD+29FUWJ7YqfM25Srjyvtlhl9DxcsJeOj27bu3XIcdl5eO1U9squY2KKje8vSmPplw5E/ploriHKZYj/2iYRtHEm8OMljPLZmQ3IwxPBGZjtFZJVocBJIjtYkfox3yYy+ENcbckY9sdkJolI3G8U+ybQ2ZOTLT8r6htosseIzyRzicyTIS5qZZ4f1FcXnUvbCvlS4K2bjVblGjV4LVXdD9aSWy7Ty31nV47qX5I+WuzNJflNLbqjSEOVeknIuNF99K4wWR4mlmMsErOYzHJsa5x2fAjwSyzaRgJG0ikOKY1gYuCI+zUjDRjI0IxltCRHgwk+DcsqQ8EiLPJwLtIiN9ovlsZPxBc/qcubZkJ86WeS/lQyQyaqe+VK+mxorkipZlqo5hLifqSiv1Hz0mzfQayG6m+O2wj5fhDjxB7ZUy3LVQwaf7q1xfBEiZp57Z0zcltkyyL2yhgwTgiODBZGRGMspIe0iiSwZJctcKPgSMDQ4kYiMm5G83G4lI5Mzz+l3/AFtMo4ZsRhCwcEWjJJkWZRkUkbojwTwRwiMky7bm6dZVsKduJ5ZBEpbYwzKb+mtrLhFIqLDXxxa39K5WcHRb3GwtWYa5YvIeX4/afE1h6CZqYNwo4sr+20eEXkX9Wja27uJFo8j4UWVzFyWIUTaZwSw0ZRw0jk5GJGGJCFjCwfSzgyhsTNzFaOw38ZIyOTDFWyKGIwJDMCiOHMYnppnp4MPF2SGRJom551aKPug/Tqrvk3GbNRPhTwb5YKytlnnqL/ufj9YNPb6dmls9SqXK6rxqCPl+P2iXJTN12ffVt22af7dRNRJPJZH6XxLQvIlwWcjjzauIxIYI+J4PL24JxRwjejgzHHqLO7JGwm2KbN7MtnJBNrYz0xQRgZ4G2M/UWZicGTcKbMvsueylg3GSLJCEPtPxGPP/AKyyjUMp++6eK6cZwsX8umCzZy0sNeKS2SRb07+Q9XpZ0C8ZF56NdmNjxDXy36gj936msOPhjNDdlXrE42cSWU1gnnE+JaCX0wf0yeCXI0yUWIi1iLHyv28jyyEMjrwPgUdy9MXnjc8Y/eCI8Cbzhj5URtGcPcbu2XjnG5meVI8kRp9ovtgSYkxLsu7RNEPP6tNTnOma33y5o8ynh4Tb+k3mSPmuRdnOjX9WppU4LwNnR57b9dPbpZvMj91cxujyiXgpnsnZLdHTQyTikrGWMl56cyGMOUSW0lLBOfDkQyKMsKHGMNz4jLtPOG8kI8bThOW03Jm9IVhuGLOcZMbXEl5GskuGiKIjSHFCwRwbkk7DcJmeyyNyNzNzItnJlibLc4rby39N241MjTP+yx5tg9sYvImNn72cb/qqWR+dK2ozkz9GDTWenb1K/wD8TvRIu8ifD7Uy4omJ5V8ME2SOnv6q/Eo9rVwluTghcC5jz2+khgeD/wBXFkM48GOXHIkbTAkYIRRwiaTUGhrJtZtJxFFkfPA8dkRwMSNpFI4ExMybkZ5ixy53GVj7j7JcSWpk4l83J0cTxmUpMi+D9yeZeFFJuPCZo19Moi8doPEtTf6sX57UPm9cLs32X0ypZCWFZyWkmaJ/XVLjyWLBPlQiieMvxT4kuUbXnYyOEnPBORDlMYu6RhdkzJW0S+k9UeWbJ52TPRsx6Fh/FtYtJYfwrcrQ2C0Nh/BtIaGaP4bP4R/BYtCfw4n8WB/FgLSwFRA9CB6ED0YHpQQ6oMVMESprZboKJj6TAvpnQafntJ4EKPMir7pP6d2HommmLt4G8kfD7Mp4lOO6p/S/IyHm1FUykteFcM0f/WuRFlpLJntgrJ5MyOcNMhAsik8R2/avVHyLy4yxCuxi01za0dxDp8xdMZHpiFoK0fw62LR1IVEImyJtXbHbHvz8uRjXbrWp3yitqUhyUnnjOyMc2Ous4QopvR4TYvB5EhLifD7Lzp3mOpWJp4M5P2vqiuJ12DWVdwM0zxZp/GCXieDa8YfaM8G7JJvcq5M9Gwhpr2Lp1kj/APW8LpkBdPpI6WmJGitHpoUDHtbF7MmTP42OzRr5+np3L6uWSfFcWIktxXBLt+48Gmmk53ZF48ngXmHixC76WRqocd6WXL6qpCsLR+avu0y+mBZhDcR5Y4WMho75FfTWyvQ1xFpq04wijC9uDHw4/PZ1y3FUUSlhQ5K1HFzUSMsiksLsvFX1OKwIz2iQRb7NO8Skt1dsdshkfMlurg8NMmxkPOhpsshDSTLNDuK9DXEVcEYXvz+Bns/yd5nt1ue67fgT3ypqWJy2Dk5tcEee0fKRHiW4XeCILMb48CGiLw9LPdHWw9lUixbZRkSeRlP39Gt3VxH3ZkX+hb5hMc/p19sZXSe4qWDc0m+Yo4INdlwR5Uom7hLuvFK4tjlS4cR9tJZiU4qyu6vZIYmSW6KMiqyLh9Es/tiMaMezPbP4D7SExmTPdfiWoRrJ+np7JOU64kMYnI5Ip4WCuBtblGo3JDzJWtxl+hCKC3lWeSHKnHBW9stLapw1tY4sfZMxzTVFRuGdJljUVvh9mP4cmfjz2kRYzIu8X+JPt1y3EIIRJlMHIVJsWFDmEMG7B9xtEzqMMeyJR4kXLtGWDypLBRY4ShJXQvq2koIlHvpZ/TcM6b//AEVeOzJG7ncJ+/PzY7YF3j8D+Bexj4Op2erqIpDWF5dT2krOK65TK4KCkxLLS7LBrnH0F4iiRApXDRqFw+0GT5Xg0t2x7o2V3QW5kl20ssSsH56f/wB6J8ZEyRMkRF8a+KSylnsu6E+y9i+BmRD7M6ld6NGcyzgcnJxiVx3FdMUOSRuIm7BGWSUkjUa5Vl2olYokVxIh5ofGSzksjhkSMcq2IjSXcXVKasrce0iEsPOVLzoX/bpZ575JEiPZsXZe9fA+8he2Ps47L4H2iPtKWF1S/wBW7aSZSVwlIxtFPBObzCYpE7CWpjXG/VTm85H4ijPEiHmjDiolsC6BjtTMlBNWQw4S2uq5NW4krFhjK5cM0n/TSS5T7tEiPncNifZe1fA+zMiJci9seyH3XvRLsjI/HU7nXTnL3Ci5OmGCNu035a5dhuacrsKV0pCi2WcSJeOzIlPEVZy/qjbBlnDFw6LE1dHJJEPMfFgxkXgyad4s07+qHKGx+GRXZkWJ/Gvg4JeU8+xPsn7F8D9kvt6xqd13MirSSxlRlO4WSnk8KViiTlvfozZXp2eng1ccSJfb2ZHh1xzVhldjiZjKOphz2rI+Jx4ksOmZZHJLPfJRL+yl4dMvp3HkYyIzJj2ZM+1D+FkiMvavGRMfZfA++TWS26d1KU066o3Xuwy81VjRCSiSucirTSmLTRR6SNhKJ1Bdn4Xdmhl/W61IlThuBb9r8kXh1zJssRF4ecqfsr4nW8qj7F2kTKybGRkJmSQvZnvIXsY+yGho2mBiGRMER9o9mzJnuhmO/VXjSqbJzbM5IxIvBKeSnS7yrTxglHHdk0dSj9A/H//EABgRAQADAQAAAAAAAAAAAAAAAAEgQHCw/9oACAEDAQE/AeB6aQXif//EAB0RAQABBAMBAAAAAAAAAAAAABEAAVBwgCAwYKD/2gAIAQIBAT8B8AWs4EMAGjzaiENzDAR20+Gelu//xAAwEAABAwIGAgICAgICAgMAAAABABEhAhASIDAxQFADIjJBUWETYCNxBDNCgWKAkf/aAAgBAQAGPwL/AOm3tUF60uv+sKaWXr5JTf1RyWTeP2KZ2H6T1OckOFFZX+SlfgqD/UMPjXtVpiXpQ/pk7r1oC9jGqyHjXtUxUVj+kn8p6jwAad1NbBf4/KSorf8A2vcL1M/0UlH8ab5nOyagYRkFQgINVKj+gv5Cv8FJP7Ro2130vWtCnzhPQX72Vg8AxVLH/wAiqFg8YAH6U6+EI6cbJ6d+5k2cqfTxLcUrBSY48jO9JQc+3b+xalTSE9J/9J69vwvWkYU9R4/q62Kl84lAjtfYr/EGp/KeryFexJ4O2dhbdMA5T1nQwFP2ZP2v5fKhRsFHxHBBZbJlteESUTkc6AKHZin6FjSN1+9fbR/S21R7dkSqyyLqqsp9XZDgb6EQo9gF+Kvx2EKqlEfZ0Z4+6+Wh7/Eqny+E79gAqkw+lKjTCHMp/CpPXssaNTas68ZJpW2iGVOLr3KYfFMj+uftpe30mHXiilCgWc/aLcsxqh+vYblfyVfJYvIQAvQuFhpchMepD9c31Sv4wITBA1JmVTc0pjo/dsL9aSq2RqqmpeqpxqkhVcPdbplCD1Z3CY5f2oCFXkilYThKPk/4zf6WE9aV/tEKpvpf6WEfXBanWMZokrH5N1h8cUp1hP2qfIPiUD1lNI+1Tb+U/aIp2qVfElQvivipGg/2iLgFApripCr7CwHcdYKfwmWFYSmq2QNP3wpvAUBPV4iybyUEJ/FUxUyM8pxYFCkhfpB7kfpN++sqqTo1lSoTeX64G2bEaXTYWCmkL1cJnzvkCAG63ixTIkfRQ6ohHLjaNYaDBTvpnK16qVV2NSOqMmyhTaBqEKLbQnDBRkPYkKoXnSCGSL7aji8hQmZMLnsnFgqWzsSoL2CGSQnoTVDVezoVU73epMLO/YfIKJTsbBUcGdf22WKnZM2Sex2XxQKmwFo+XOcJshJQppMIDsj+bymCxUn/ANLFQmqzNy/4/GVT2ZBVQFmeUEQsQHr+FiG6bnmjxmUSftYz2hs4TlYxsgRKJojmmkqE1KerdB0G6EPvwzdkSzqKSBYjmPYWpCp6EH6QPDwkJgEFi1JK9aEzMn4QtiOw6JsPssD8KmoIFUeWlUqkXxNnYr0lP5JXqE/DdClBujBQPBpIVJ+0KTT7KnGECLkaDLfihfyeQdHKhYeCVSVG/wBIVDdMAagF/wBRT+QMLtoDiAqlulH4Ua/vUEaPHKlU+aiSgsVAen8L4scmIbZ3UrdRbdb65CY9GyZBNr+wUUBY/GNkfF5inoqekp6U7TkIRpq0Yv8AYCd+x9jZ7MeCxWPwFih/JS4WLxQPwvYMcrgewTHQgL3Xx1GHUOyZrUlUnlfy0Z5W2rCfqBaLYTyjSV/8csZW0WHT4acvuEWEJuXip3Cb7zRd9BqVPTME5vNotShy/wCSjY8DCE/TzkkpgvdeuyBQ5ZpqCMeuswTnrZXqVNsHMIqTHUYJ+nbNssbqSsINqWQ5gOm1Knp3T5oKZ7YnsFT00KVtqSnHKbMbumBTusSwHmVI8hiFB5LnMU98a/KZAhA8p6iwRo8PJBxMFi8NcrD5XtvzDkwg2m2E8h66k3iDpjA5UpqSi4lN/wCKCY8s5XKawKBHFc7I0eGSnrOq3AqpabCpDiRoHKzI4gothJ4mKossPjLU8DfXY0zYBDJ7KNYo6ByyouDw93K3anoMNQkWbNCarVYZMJynN673BQ4HtUjT44pTv0JFYlEonRnTORxlOZ3yNre9QdEeLZOS/RGVVjEhYRoyFso0cOkdF9X2qTeIMnqL9IcJlT8k51NtB9BxYpjl9VNwho+1SbxeoT1F+mfxm07X3yb33W99lstr+q9hoMb46ApGSE5TXbO9ZZYfD/8Aqeo9PGtut1vnleqnOxtK+IUCNAHNu5T1GPx/QJ1SEQdBrvWUafEnqLnoftbFQF7cPfVlQmOR031kxaTUSU9R6HZbL61d8++jBW+eFNyo1cHjU9XtzoTHI+Q6EZY6SckleqnmvkfIUczc+b759rtbe0jlRnKFyj2EKLydeApHEpuUeo3W6+S3tJybau2lHAY3KPEi2154G+nvz3WyhbrdYblVaj3hTwJyxobX2tF550qL7qlA2KOlClMONsts+/XUlU9NtaOBHD30pzsTpSotK9btaeJHFlQtuLKfJKcI2a75ps/Bm0XnLN54ccwkJqlFggdHCbRzo6Kc7KchRCi4sURnGjveVvaLz2UXOTbIb4bFVZ2T3m0Z50N+rhbLbJN5ytkBCFViBnfLHHjPvn2vHHFo0MYqZH7GTASiVUdDCU/PjowLNokEZajpDXk5ptv1jp8j5dsgVI/OlN30JvHDe23KlQoU3FIyydEOqRxoywp4D2i3xK+K+JXxXxXxW15vut8uy2Wy2Wy2CgKaQviiaSi9MIk5ZtHUbqbbKAV8V8VspXzXtVaQtlAW3N/ioyMMu3DjWZitiopK2Xsy+SklbL4BfALZbdNUftEmTd7b2i8r103yvpQFFJWzL3qX2V8V8AoHX4VNp6CVNSmVAW3asPrLPDdsjZsPcuVV0D2buSUdBgF7KLHVfN+bjuRQM8KcuLhtcIdx+hmna85Dxh3B/KfLKa05GpkoudZlHf4XjU3j+nlObRli8KdedIIdthGwUBYvJATUpqVOT1U6k64Q7Woo1VF1AX6s92oT1rbTbghU9qczAJ6jpf/EACgQAAMAAgICAwEAAwACAwAAAAABESExEEEgUTBhcYFAkaGx4cHR8P/aAAgBAQABPyFa8VxPjQ+F/iwXwz4H4zzvkeBEGvOE5TmiYFohOGhf4C8L8WBL44LxfjOIQnjPDQSkHozSDXhOC4hBIQREaHROHxOUXxnE+BcTleUEfnEH875Q1xCeU5TAmTfE4aIYJxPM/wA40OvCczifKiC4pfKTL0K9r0mby/SG8IFqS19mXH0ZPTrXo3ykvhhP8LTgg0QnDXM4bwUXjBMHXhfhXwr4XpNF7Lv80u1d+B0o37EP6PweRRkz6KJz9ZEVF7QsSbC2U/Of4kHxbD4fD4e+GZI+EQSYkNEHoQxeE8V8iHwj8RCFrbevY6aFfZIYC5yNkJysC3cLGnDMD9B5Xfivh7+L+CLyMfDIPho0hEvEJyvLWDQfD+WEF4rlAWk19DDCjFNX0P18tcJEXFKbI6jyI2z12kwVdMwGQNsj+jLVj8Fy/wDCHzCcwaL0LlH6j88NBD8p/gowX0SDfQ22N+xMZOVvieDI0xsjdUEDRJH6Hp6Qy1fsxrztpmWn+4QkX7iOpna465f+HPfwkJxSD4YuNBeC/wARFw0h2RgfvKJngmHFk4KJNpkXqpwtkTPoha6nRFhPQ3vIlbM4hCXsH0j2TGyMmv0ng/kviPfLnEITxSgxrHCCXGp0Lhi475nlsXixtZtEqV+lU19oQ+ER+mZPO/BLA8PkGxDIQnEWh03MdIV/ozYMULhfYjRWPTJ1J6Ep/wBBEt0+vjnihcacYIQSH4TicvQkNcvT8GLhebXM8W4zaIzv7QinauZ0ITazwKeSnZSEYSQnsmeBuFmWKl/TM/OD0IQAUw9lrY9b5zRclfQs7M33uhNYvZDJ5XwnDFzqNeUJzB8LlkojQWvKfG2iyxpcSQVPA7N/ggrQ69jNP/5DHWf3G3++VKHnFg3WaHA274UrbNiPUijO7oZWFdISompwMvZCGtiewieHmnivHQaJwh/I0QhoLmfKpjYjFPQIrY9ihowQO50hOoJoYXn64vE5xZK0pvh8IQ8iFiLWUQ24FdEM7jTwFmf9I85EGEMFLw27So4jryvGvgbH+A1zo1Oub8f6O9DqRMJH7FWJ1GZ9B9+UpBEFgJ55JcLPCEC0rUK9DNEVaOh4Rr0YQnb+zYMvwm/WMT4K9IW9DCIWcLYp6BC/Fjwvi/PBD8J5QaNBa5nlPFZGkf0M6W28ISFJO4KZVwDV+uFz0MJVgYo9jLw7QfrA5JAxbAowHwUhJqv8EME4wH9ILGKHWHUDJ858HEpStTXyPxMQ/FEFxCcPwawInwPxx+CNG7sPpCJnzEff34I6MkIRZDwGMVFTHtodaCqtCyglDjMENYJQlOiqIq5FGBR5WBxOF9cBu0NI010ypkvLGJWEehot+CGXwXinjOF5Ma8dPjhOW9Aj7BbEsTgTxUtF5tMZPBqKb0X0MTG6Ma2OVkJ2TogpFyMZkKBrBuo4bapRWEhmoSdP2LPAbx9mSe0VtDROLR6+hnJ2E9i6adt8i4Uc8ex8US4fnodfM1tZZRdvPGAZsbGN0NcpjiDQkHwlFbAlGBEnry7FzZFKZrsEn9mTA8ivRCUzbJ/Y16MXBS8pugaiNoTPc+a1w/JC84RCRHXnPJcGyWkK6oXdEKky0GLfghM9Q1y2ZMYzQcCI4O445RcIWeNS5kZW0U2WSeEPqG4RBpsw/Cn2PEYtLsPCymifChmvM5YvifL0LXxtYFxj9jJfN6OpzFphq3xPBcIXBjYlqzizQ+KyHFw3guDFETUY9WqVWBscG2LBIAmcB/hENeC4RvuUSFHhczynOn+C/B18pBNOI6sDDbsc8aC0Qh+CCGYc2WKkLA0GIKcORCE5fBSbF17P9oq7FDNGxwS0U68EQWyVdAjr/CUflB8Pl6OuOviZ3joO8lx6JiuULZNRsnvZ8ZkWFBa4UY2CzoSiBOs04pRBLkuEKkIm5SWYOD9Qlbpm8MfgyizogIcaJiGr6Y3F+NBeS5XJcQnHTFxCfC8oW70SK+3ms+5IYy37BjVXpfCFCg8d4S2GwqFiVCXBC8CQxiUFK8FFtIt6pv44OBrh8u2Ot5MUa6Pey4LxfxETmCXN8mPQvlnpkJ9JcG9NFj4fQ9JaOhF5XGgkYsWRDHYNFmHXYqfBccCKEJ2ZoGYcaKbh3BkhikLGBFwtCM3eE+LqpaDZKyPwV3oeRMuNeF8G3inxviUh15wnL4+skMhO9mhyp1O7BiUuKJovF75QtiY5aG+iiGYqNxKaeBskITJHJ5IbB76kVLY6tQbRrJ8MetmfEqEswMixWnYOg2UY0QlDy4+2P0f3R+N5mALaD2LjEqaeS56NzrhfA14dC0NcMevhfK0Y/wBiUtbCzexC7VtRU6JYCqX+xq+CEgtccRKSEFYkkUlFtsW1hjhj/bKstjvWCtjVMIU3oXAz0QSGqLZhrEtCG1wh+mxHStglJTKUyXo3h0QtOEHr8YesGvOczBHwTi8zyY9C+B8Xh/sB/MFNrcELInyhlWAaV9mbv78FvggVSnRMxGcsXEIsJpYKLbEDRCF+FHFsJiPbNQzDsQuC4yQ7xgXZ6LaNiXqJiqpN7olDOIVkaFpgnO6fpsQ2B15XyonFL8M8GPXjS8vlbHx1QlLAVpD7oSHxTy2IRVAxb8EUFDDnhi9kWZ8cGpUyMxhKFZIMtBXsViKYq7En+VP+akdch979hZlC5roY1Lgn7XG5KhtK37ITTgWjobMhDy4aczXQeo+EPyePnPy0OviYhzZ6PQ6txwe9C7XYuf8AaY9raejESMQ+TEWR9nFHXBCZsemhjIYrB3WmNdhtsd7ExJV0zSqvo2QfhfAVZGvsehISEimaILEyyNhoK5IuxqyjHYIooa4lRrt6NUQYL9Ll/Mx8HXDFw9M65XwW0NtG42zYaJUIzQjF8I+wlEscSb5cZqDNfLs2SYBam8mMoq0GrcMmSgg8jUbGSYyFWUQkTk9DKVx/8i6l9jaJRHkgyWqsRN+x2RgQ17FhfCzYvgvGeb5emdC4XiuWmw0eGBJoThyGNT1CJ+xbMuU4x0yxGJERiDExCzIoh6FO4GJbEnsKUw2s5ZLG6Ri2NReBjGLcXcJaPshObLB/iFmj/RadY9bbMHZKPYkMXmzbl/M+GPTOvBi+B+H2Ihp12aH6ZGEQ0QRUcJSCRldGRD5A9CGmLLSiLXYgx9qBklBkVFSLwTwM2jmBmeyIpRXjZkli9D8yMe5WByKh9hGn9cPmeOhm/OcT49ReSGZP0vhjhnYpdhB5+gyqiWBpEMRihhvIgxISWYakFJCEh7E+HQ8oG0m8NKkmDDqeAjmnF4QiYIYRmbITZQg0bQVeORXTiqh7Zf1CHxPLQvywQaJ5IfD4bwL4Z4tAu3Av/aG1V9DVQL7RX0Ylmvrh6yzoYwlRH2hMjcaKMlBIiRfBDXBoQi8IcrCE2mPvL4y8N8dlXMFSGU0rCkVkLa0EhLoaY1kiUv2IfwPQmRjEuZ8rOhfKhr2b9CWW1SGImZj6DbYdFzHp6BsO0PDZlhpEmCNjClvjWuUUXh2gpGPC2Oaw3eLpsGKVoUhijwNwNaiQxkJWI3XS+BcPXG8whR8P4G+enyv8BTMqDrF2XBbpIesBxtXYib9J4aEJBNTixSSGhi0LhcKQhYd6NjYkN4QoxNgxL7MR0SKhGt6HvxexXb7Ei/G38344ITh8IY9Pl+DXyL7YhWsUrWjO4C/wjaP+DRU2xiavQdYT4YnZZRXB0HwgT5zg+Ko4rQhcQTg8VPoQlOK+y+B9jNqGEdCReDF5Nxb5Qxi+F+HTF4IZRonnjmiIblwtdAplhaHIZ9icHsMab6EbU8sRgOdkiCRSjGRXgxh4KCTBkx4vPFdDmStApd7jdgpRVYorRskqX49DfxQ/GcJ+MGjp/wCHgI2xjRZ0xLo8jXRRkckuiw7ChrJ4qFKNUSNcEIYW0EgiEkNos8EhmxucC5YfloauDAiwyJgSRC5yfpBI/Xx6G3gkQYvGD8bw9MUNsIQj5fy9CofscrFRLVjMixgUz2ZfDSIvAtrfZfs2hi04lMKl0g2jbFLWb0h7YQxWQx6GQoHgJtPiWuGMfhRmhYQ6QYgQ1BawS8u+HwjQ2KThcTwhc+GfDs7FhT7MooP6+G/Cwva9sX4OCzVtsSn9cbGE5IS7OhnYwayaJxpHWz7M1tvTEmNCM2xKUsThUQzETKN8PxfHIYDQHq+2IbZrlfDqbczhD4nnBIng1PROnMkj7Q/C+S8vtAYrpkzbNoxEEmOxUg0aEvC8uhD40GiVEFNzsIcyKGB7MjHirYmDfL8GPgdxPRjirHdl0Ikjvhi+DTznzMeD4S4fL0WwwklT6JzPKHxfluRH0htNJDmqm2ELJN8vgYJhF/rfHDWlByaoRsYk4nHY0qhzsllopLRM+orgwLEPoK4PzJxS4FYljGt6caL5Xn+mngQxUhopfhfD0JOi8kLBuMIQ2t8ZyvNTUBSLdjS1z2fbtEkVux/BHnH9cQyvV/fEYZ2YWGoFvHhhpog+x7yuxnEVZQmvsr5N8xQYoZbMMFQfD34aeNiH8E5pCD0LRdEM4PQpVZXM8V5M0Cx4f+EwsvRIWml9n0yYSXJ0VMH8EINGozsyL0/OIbcUkzGxu0x/Z0aBUq+2xGTQH6e2OLke8fIUvD4PYRGY9CnhK4sYXyaD+Gee+WYsoY1YZWgt20KpYY2T3xS/J1gSNFpU7DBbN+vJhb7I1I0MC5ePUhpTGhkEOFsv2U9srohLmbeL0Y4t9mCJCBfodqh8ELw04yMzHVRy29vh74KtPkpqNyub5QnkhjbGDyzDIKWgNFI5Q+xax9eCfIhxiQSS0hsJF4bIsj9EzkRYOj8R1LSEYeQqkyFoUEpbQ3GxMTKOKTbGToWp0RFw2TBuSF8L45Q7IPxfK4XDE2bMYtcVJS0UjArAHN6MzaPT/Eb5fCUcND3qZcZ6LZGFVTqCElkZGLBCyyICsZKJkRkHgYcjCxwqraEKoOMM08C+LQfCGvNbJ5NxV6LAclnYsYd7Gz2VosZxINVWGNCfC+afCxrEUnOZQMwZAThLsPODsRYuUILDMJXlITLNqhu04EDcUbA2WPil5fE8T2P4ex+E4vsyJfoZtD5hmEwWShhdh9pfdUej6GL4F4ded8Uqa6ZVQ3s4TGIbB5ZHg5dC0wJwtJIaG+htJGdGUAcstvgSkIJeBpAuF8Z75QxeL8UxDM5Gz2w1/CYwiKwj+ymaIhgTiB9DTuZwmPyhrzn3wvCcPhCB07CNPwEYik0KC0iRBhucMKNpg1wUhFDBR4DXiKpBa+Jcaj4Twfwoa2PelpEYQ1pIhwKKsUgnIuceW4iTfoQqFovgfwMWB/Anr8Yxa+mMTybiFKI4a4sOKSKeTI2ZKsYFjhWAwgoudB6scL4majFw+INCGXxSFOV5N/pDJioghc2zR7cYReMS1CH9j7QY9D9DM+F8bzPifgrFrHsTJiYIzbExkfjIgbCUrZtYPoLlhQQkjByTguNeD3y3xhryvDYmNcPlrlbQ9/A4IurNEc1o7eEtbQbwJsaxg+VP5bFPXrzXjBk+Gj56KbXXFjMpUUH2Duxi2KS2PxYt6FqoQsESExyg0Th54rhoIQH8+LQYh+GeUPfLwjosa8Jphz2ND/VGcGJj6mbcTxJkG1cEl8l53yXD4vhDr0JF6YvsgkhmIoYyeVtFEnsk0JjJsLwZcPnJGKHjI1RTrfM4fhrwh/B3xSt7HMBaMMFoQg1gtRxGYLCTPpRXtwR0e8I9lTyXmxPyb8YOiyPY4spPDYxj7fCFwM2ZZSWaPW4JowGxpBsfJ8HEzRmR7BHm+jJhadiS8mrXyZr5Ifk8KlBDGOiQbAjUGJAzxN4CbSNAHocMrY1dHoG688PmeU5nwPiLS/o0dH2Jb/SjffE46FkvGxMCWsMQgdTkoZYffwMz4Id1Ed6vpiGX6Mzu0zOVoXh4mmPw1+A+UdlYc+ohs0EqMsQ1CA7iNAhrxFJfaJYGolEJe8DkK5yjr5b4PbUkP6QBgZf9G3Y3WMXxguI7FMSy/Qw4KW64LxDQyJn6I7A/2CsLN4GtGj8UUn34aj5Q+HzBMYtuMZNOChhBihBaLUIc1FssSqUzboZnVDI4/TBquJwvN83lPh7TRex4e+jseVb4b4681yQYxXW5Gy+hhxIZOH4ug9RN2Iz4fkhxiFo4HkyXszLLjQfKE1MnflvA5xsVMNAUkFwDR4GCMg0FE8mISME4OhUILB2Sx5NHLF4Tl+LMpXoYcPSj/XgdTxRfJcIUxF4HPDHDApJeHQxRZF4XAyegPhw94QmRIbITNGMLa8FhS4Y+LwxeHYsKm4mx98eeoQTeRhkmilVlNHKAUyYQg0FSMWkfWBLlL8cINHWdF5k9ITBKAzY36KN8zhMXMJyhBzO4zCMS4oFya4SFFlkV30OeCtMX6Ac07ES4fYpgzcyJuy2UekIDvC0XheOxLGOY6MMlko4J0qInsboMRyR1cQm5J0MgD2eRx+D1h9GSPzfl0In+ImalB4aZj8X8QgQVpsM6ZheFEE8cFpCD2LhClCGLz0DG5xKwYpGQbOARvBB4MApgHFkPuERTYmdj9OEPiygeTIYiKouYuNaGl/MWLoei0DV4MwSZUEX+hCgxS6ZPYvCeSlyq6KDqeyjDfY8kH8SFyJDZjZDT7JFyJRJgTikyPpwYOGgmJRDRjYUetxlNyzseTHTIUSN0LQEihDEnRGoYg3dFNwUyeUQKi4y2HrB6w63oVwGAwD0SI7QzYIaericMoNqPYBswfBC4EZheZ4fpaKb9IcMxzaY/hCEGiGTPM8UxhYHqFTXHMeCBEXBbFPaHNg6UfBeDY0NRwXKH2Y6eWO3BK6wL0i7g/wBj0NaKgcNkdh2gdhPcaGLsDxXtweehwQbOv6WOkFpHcI4MVQpkSsGXWPTAwrE+GRB1g+DfJCzQWzJRDx8pqIZCkkLsN/Y6i9iFoa4Xh+SD4T40NR+jEiaK9D9uDKKCuWJ7lRRcKQdQoxC0hCGVzsp9GDQi9CwbSinR1EN9YMxD2P0H7DDsK6DzoUCTuDUKroo5Nk0lRFVgnhZwkGuR0OSnBYaYxQtf0RJKn/B5wP8ABofNPeDJSC6NeGJBa98zhnw6UOzaBOw5RjGmNEQc4a5nK4a4ohCqZpo0h4ckiSooE9k+xD74SbnMDR7JnRzsYzfJJaFnQ0kOXOD+5HpE2CbehWZ4J2jIeziJYmQyZFDQwQ/2GmUJ4aMsFEp4hIdB19GKtYyCYGRaXCEbGhkbFB9cxJX0SxE+yrH2Dt+GFs+nAVfBGSiYYZOXOIJCRVDU4RXAhGg2OkwxbwT6PQY/Sx+qPwc/+gjVh6kaRj+w2jW9jW9mvYNmHpGmRnaCdBhdhthjJmEKvsiCTsjd4G7cSo8MSrInsTMkMRyivJMbT7DEzFn3IWmSCRTBFjfKwOQnH4bCRoSiw4mlVfQub0LAwzedfpDWWXprhBr0Eme0WM/BX6JRcNFwNScPAcyQ8BiOhHYhMYuz7RnYyewi2DaoQvQ5Q0HQOmyoaYQ/IjrTAPGClUbuG1ExUho93wi7GIFiU9gntl1hihZZC7MGOb2Zh7Bj2IMw2uNYHN0VQsiC+hvYlZlvrs65qzg98Lk2NRzghPQ4rp7Zmr/WSLdYudGTySioVqQpDD0NWskIgta4eihmINIQ0RiaBHY6XHAlGTCJCYQT2LwLIgyxseyC2NumNtkbBkiNwhaaCSYUEiNFEh0mFsa9ieoVN8LEPJDYk7CoWhIoMykPh2WTSMjbBcyTWBNdFNjB24rfB0LWRWC1zY0y4Q24/h/wMsCQs7GPHBEKHkMMMKnXB4j+wsGzoqi1ckiGk1g2GEI64DOMqWskVeuO5pwCH+lczfqFGuIRdHrEOqzGgQu406HZS6kPQ0w4mLtTBwWhsHjoWOj0BOO0XsN9OA7G3RZ4tZPsFgTRDGmhuExDG4YaLungLs9CEkSbLgf2WwLNDdQshfWSDOBYwGMFdDuhGRZDUTJmxY0G86MscSCJ7NcCoaJou1gZXInAx/jQjoJL0dsI/Qa6MaBPtURdmUTtoSLCEHo0QjAbdiWUdlRTAKWLBgh42EIh1sba0eiZdCWMiUfA98JswEhsbj/Q3jRHoboESRg72ihVeE9FJV+hk3exiO76P+0QnO8Rd4EjBRmbcJ7KErQ17IzQCt6Qo6GTqPsxD7F9kFRS0uLOBKLGkJCaaHro3yHb2NX1xeEJQ17Hn4Kyu+/9iT2bqH3iCwjPgN7lGZCZNwzBd0anfEjhHoz4QmE3YT7Ij6kOdDadCISd3Adhlob6LRTPwLGMr4KyZBlrIhxCDJDWYKOhbFuOU/0n/Zwl4HiG6/oa4n2GofQcYsiyITGyHeHqR0Q+wyMt64tVZGkshUmNUSC30P2V7yNsqPnLG6sF3xWcM6md0NS2OegnZFDbBtWGxzBKShp0FATYkdEaeWVexrKtiX2IEgwnoZhcCJ6GbQ/qMyWSIecgpfZHow0FjWLbMdodGZiJgYh7SFojVF54rRpk2XwGIZR6FoVfxI/ryIKnQYQR6krkoML1cRUs2KoXwHNeFEo2J+wvRkRp5XEqBDUnkKmhoYdDXiG5nHEbLBlRJiZovax1ZH7CFEEtPAuxscx5EqYssjmGTQnqZImPcCHyyZk0RIZJaJ9C9QgbQQ0KLIoGRKhrOEI2FLYnFHQ0SLfgo1kZBU2KCcuWrauyWw5lidbC5vIQpo6EfyJBH2QKhBDySsRLR3A7gQZ0aBo9DJwOgjEhV0yWB53FTQ4tLJHoekg1yC+0dtsV9jRiXAwftgRkVWRCwIvRhcdN5EuyozZZnKJKJTVZo0ewTYFHoT0EucHioIVoot4EcId2JDIeOBMuxULGsejYz7EmimNMR/R1ClsaaGW8HaLQ9qsfdjqKKbFiqELQzZF3YbqhTkMAqjslGmuP9FwtMlwNFjWKOkyUlGsjUEYIlQjkelUdNDFIYTol6GfsKLOzoDjsUKMW0h7UPazgVd8VDTiYjNBqVip9R3Q0TyGNcKrj0NE6hp7MGROWy3Z2gpi1DHo0FBUrsRdjSI/CDaiwFgYo8CyOPsX1xIBB9zI9mLstaeORqoMWxOsl6jga6FmRrNQRmi08CdcHTQTE7g0asosTi7aJSYlMj6hjQyKa4EN7HlBe0MLBZSHkZPAlWhBgvRNJnrEoL3klgZpEJu5Kej7TJsYG7IRt4RlpRLgLLKM02BN7M0HdO5MUOCD3DDkaBl7GTshoeCY7nKsjkG0OsSLe2MfY4Y4rbo0DG7JiWsMW7PuI2ETYTorwjFQpJjd4FbeWMcsYhsdQhFodcTpsmM2VTFholOeiVErEIQS0NcrIJZijAn9Cmk9BnISZJL7EkShD0sRM0N1TITx4IL6HV0j0Fp5MmxpKNroOfQxZZc+0UtsnpiUJawxxrY/hhK2RAtmkMGlROZseghkxQ5leTtBJ7MGSpRI1BFsOh3Q+hb0DLBCGyNcIX2SnoetCCJoVOJCOCYR6HhwDpsY2UIWhdIRkROyKMfK/YzGYwYwJZWBLpoKM2odUoY2SGexaqKUSeETuSWCMkoQp9HuQY19D5+hVUHqKnsmgt4Y2Q2N8IU6GCywOWzWPhEPBYHJC3EakKBzFaI0doJPDPsM8HRhC7o/BL0L6mhbI7EhQOoytmSRVYJKRUT0KbFoK8sfoiy0b0OOK3oqIWoM07JWEJM8B/SMgZMrnNh4MWxQJm9sQYCEOsJidIEW0ZuwsoLZvYmt1xUgkfhDio12JHSGDeYiVDZyK/oPYiqI2i3A7FskReUZFbF7C9DtO/E5NMSvpCmj6jIaot0N6MxxNZsUEgkqvQ6gdaRCN6GH2JTLKEdox0Ngxk98DsiitjYFaEDKYPYJIJp1xi4vkoyr0NehNYRmJkOeok0pKQnoYrRDlGRGIgyPRiGYQC4o3kzBAfQ7eey22YjctdCErlHYpX6P17wvNTjMXkfnEbHWL2Ocm8yeh8NGbFJpjc2O0GBSNljDExYKCDApkxbbI4Q3hC2o0uisQzTwX2UZfT42CZnLJTIeiWIR2KhQ9FOj6i/AZeR+ipbG0NJ7EC0MqoMEoeMDy4T4ObYmkp4LslOxJE9xGbQinAojLPDxxa6CGyqHadMz2OzOCvsxab5EvaNkLsMGC4vDE6jUuuFIwCCDUfCV2yMXQdZEO3VEbYzqKssSMN9i9Q16HfoRnxCOhg8ZPWe5jQSbMfCEzkadIoXfRkxShn/RjQ3jVtkezoiK62TsG0wh9AxjUskesGWQy4FQT0YMJ7JLRiHxk2PYcJiCwjEjtD2kBbbEREQrsQXY3NIpuB3hXDIrsaEs8NrLBdbkbrwE6yEsnpHYyBvLhBMzuYj8mMlDCFedobA0ZFPCMW67RUsjNp0KPY1w55KGISIaxlbIEB7Qpb0ZsIVBIF7SO3Bitn2iYWTBqwQnyR0MqoT2Nr4mxtjFfLHAQW6xImR7HA7joWMXYJfRk0NhRgMIYa2IkNcJZHuIfBciYMGdbM8h3fBIGQ6PbyM/UhYNNpbNoNfZmmtCr8B9Roc3keQps/glGn7DHYQX2FdIMkdH6yIaBJM6risSjFhMdjmiTHE9izpvgKj2UEWcjpascaWsSieGxsJZkWMWOyERsZuxZTua1jUdKBwFBB4kpZXB9AO2jdg1eyqUSUyx/UdsdZqiWghsvsP7KFiyIujpAabWS+homyhiY02I0+J7GzAyCQS7lK030NKmnaKdhDVCITcIlLBJnAr2aaxFLY5LJjJbEZBHqGJumdcYGOfsXBIkKXHIMYhl5aW16MBF59jRqFdjsVMMplDm+h2432UVo4Idk9wWoKdCxo30NWB/YUhhekxLC6IhrRPoS7IYaLxpTVcEcCSXXGgGpXshDQgxGYkCyCKqQ/Am4LZWLWxBCBuKyhsPRGQMaEsBmWiKjUFyK4QSt9jN0e0zOAt4SKGbD0NThOeOTxgmKnR8J+UDi5csMnIe6ikCRjRaGFJRFpCarJa4NhGBniYm2RpwcrNw4CxorOFDyRPY0Y9CNodpQyRHhsjbY3di02Z8C9hZYPYx32dxlZggAg8o6sDUsCd7Y16PRFe+hKiywNJN5IbHRbHTWDIa0ZHBkIehyhOJ6CF0uIluuI0k6pdbAncwrZnFNyIeXiDjCzASx0S7IxiLML0gUTeBBohMT9PwphAdJcmBA2pwjTvEkmP8AgVagmG2K82Mk2ZCVldSRooEwMSWToDLYaMPXsJjI34DJlwCGE7HypMRl9CjlwZaM2T7jE2QZHZpMnAkKsQ9mLpMz7BMwcTX3CayxJsNu47ZV6ETDJCbhtCdaY2CTyEvbZg7F6xHoSH0z6Z9UWogvjLVsFH/gliojQD0hU7Y7M7ZiYOwxXLkvUE6QSfQRCHeMJFwaGzZFghfPJkiibIpqE4FxklHtg5RIVt1sT9oyeRsmKFloZBXMDZUQS9jSGmBeomYY+hjLKLLN04CawBLphklTLez/AEJ/+CEOGNijX/uP7He/4Few6k/94G1R0SS0ok9L/RF/+RBGL6CXCJxeDZR+NFw0NQQyRmNJj4V9tEtDlwHKYrKVHRi2XA+MMAjQyQqSK0KCmVBCMUMQ2UOE0Q1iaJrMzpBtnszNM2GIhpbeRN7GW2R2eFkeQkNpMHqlt0Y4EoExZX8NbP6ZZk/pcpuKreE90IIg0QOOEELSCgjpkyLggZRPh+RcFwhIyQguJ5QXLVEGscHRkC1mgrL0N0EhgqzsYCrZcBpvNiwM7DceElQ+gz4Gbn2Z4ysDWBD2JWyXoJPA5qEt54nxRhui+yQq0S5jGPmWv9GVDf0KQab/AECVoRBpriL2QQJGi8QSIQZSg1w+MCQl4Llifivivocpdsa8oYhIWgwiyIJBXQUyMkJL+j5YFohS4Q6aUGi0PLMWYaJkW+GiIJ+4e28mgz6ehkTBRzRk8lpZkV2lEK7DV0/ziRbhGnp/owISQ1wmMZGKjpnjZCTwpR8qENMXiheD4fCXkmNxE2CRjRCYPaYaG7FLg9bCQjNlFUiQj0GdiZhYYIS5xpsTgEoyC0kMHEMzxwf4P2YKMgtDhvThYRV1wXHFREHkbcJCXE5o3xBiJ46KYvFKf0wJlExsU4pSl4fFLxSjeBFqMA4Um6EOJCGiLtGho95Vi8RH2ZoGEQlKXCBiyMQxbHDuxcFqNkSoag9a6P3I54nwYmZAfpj6jErHGhn2amXE8iYJGIWQyjIicTzviYzRdDH24UuRrwxfBOUy+CMQsZYvQ5Fmj4myQ9BGdNwyjlVMpCArbGiuBMAWjYscFNzBIZNwb4ZTE4BFYgJbKqBd6Ptwx4oklPsVGkmElihk6URRBh3g5ci4TKi8XkpSlYmNvwbGgmiWhCGRIxRvgpRcLll4viiDEOTJfmxK1svsZ0zakdiRDETGRi1houEqZcQkoPSBOoWTSN6Me5MvAqO4WncG6ZGJrBRsho0y0W7ZYtQkbhiP/MPjEfAoGxTlfohmvIhrhF4aGNDgSTQ8vA/NKioouC8m+TLgyFVN9CHJNBjGapQaHvAfVoPZGXQ+gihmAcq0mahz4bGOIgkJniIpZYwrOgLEEmOFoww9RuHjC68WcbGyNx6LkonxSlfLD3wlw+GV0ozASfiaPghgNUnDcNeC5YD1cOjYT7JFvbbFDJgjwSQ3BCirRFGBZ4NhDnREORU0Bqa9GiGBeDCG1qHSZXEI3EjFYQ8YvOUuwxGzYhsWeQFoaAmxPA8BxDYTfocW3wnhRPkxMRCDSHypSdQ1R+FHww2Iog4Rw+XsT8GnDJabcGuTALQ6qJ6VZEwdKWRqR8CyHuYro2DI/alv3GzMKEDZNBN4K6RgZgzKYqpMxfY55JbF1NnaGJRBMmsZMaKQkwCeCXiiEBJIJp6uNhi4fglXC4oxRkMfYwQxcoh8Pi+RMuOb5aENybAw7ombyzJdkV8TO12hHYeakK8yFzE4feMxWhlQvQfw2nXJa0PEnkdEYTEvxiMzAKSoi9DexTEXKMNGRQKlwKJOC0MHYzJPY4kNniwCtEYKMTKUTHvjs0VDaMMcJwwtEg3kpUQY3wPXjbKUvEE4QjFm9CHMoJNjmzJS+8WAf0wQz2MzoZxUdhabHthizlcEMteF2w6XLEGIaHXKMJofvC1SHCDO4Geyot6cFZSkgiPhoTIciTWYBoUamLFpihZCyELRUiSDfCEQSJl4wODgxGgzvG2NPhWjpiKIaGjLzfMFgzfCg/6gyujLJaYwmg3Qi2Qv8RtnDBF5IsvWShaRJp8bx8D0JGhZWRsEKdGQdTM2piwsjAstcFF4nL4ZsItGPVIgoINk1M0MHgwcazG4LIkMQTE/IQwELkRBZNNTQYY1GNBccNxJip8LwnNOMbFns2mhAqilmSrAMUOGZEJgarElReBMMhuP/9oADAMBAAIAAwAAABDO7UMS029uqevu5OJOwTX1/ESkg0P1TfDQf79eP/FhHf7M5krEeaGEu87bIaY5bNNfXHuQGgyBV02zcadOf0dmoIjuKnwc0KiDAjHPKaKYEQjyoGtbskZ37lIC2e8ke9kW/HT+vdlzxeviPO7YaKJNpLWnBtPH1WCs/Uetqe9UktNUE1MIJfM7DLCFICg9v9uYpMLf9PnQ4XPa5X15sSoNsutdv1s4rFf9nlutMD68AvZOjXG9sfaCoCvdnV1/FUiW2/c7uMfklKAtdJd9uLOKRcAEHCxlgTpWjmMg4Pd/cHt1W8Hfn1tvGtMjPcUgVtPpKyN8c9t91Ut8ZWUeW6m2hSeqM0+JxfNcfOWxi6ffv/FEOazoJl8OnmL+UoFhiRoI3+fJHu89dawOQstHUSxjitt9FdUXTS32qTU++poSTK2JW1l2/Ko0J4M2vrBTddXanexA8cdUeVURLRUgbrFpScxAJKiEU9Sub5KDE2WiHN9+5YfO0nfdMEdlF/5laDTpM4ZzjpLSfoCUEJI1obl4cXKln0KRUTv/ALTr/Lz5fH/PKqMQTs67OWstyHEK/wAxv55T7P2rWuD+R06lR5/e37mkKY1nbUoKhkNbdqsDvh44cRA9S+FWIGo2HiUV0UT+2b63y8VN9qoHYRQqLaSMwcNbsdAdT158AqELQ8kz4V+cax+ScWS35vcUuILfhWjUYhw4T3AkkjzQ/Z10rrrH7Ty2f37077Xbc72ouMCnW8UboCPREGU0fGx9rwdwRU1VZF4ybGPeVT9U+E98eMdnJu9/EcFpgAUXfAWARaD+Z2RlXtSdVc81e2SAWi25y5IZy2ez12S6n9tnn/kYUflJ8PsiZ2HhSqCBoaUVrT4e+4578PWTnW37+TH33C+bSnAax0/Yy9+K+9FXaiAAmxvRW1x678lYMkoQw/YLPHawMs/57edP/VjymQGh6n8rLvf3e/7h9006ltQBPdT/AJig7n0HE/NsPdVt9YY206gVnm/9ZyHA7eZ8fN/kbNPFgTAkK+5Gi+bSJboAQaJOaLpFX7J688sXHZ5WvNQw7gb1Gbs/h+cIzYVrt5BnxH6Dk0UxWDuCaBWH23Fn239cxib5403bUNnsw0/nGtjEdJ6McNTgvwy3/Ef31nlxZENaOW8GUJCKALtHqpHT23631yKPi0u+NMZVI9XhdVctEs5CFMykZM9xXDdPAzX24F6a78B/km930q4XKTnjRT79P8OfhEa9xdMBRhxSPmcq2OyiULZVxhMG4OC0YOViMotKFcv/ANKtkBvOYpA/wWIPxWQfF1EHbu2+3ggFBsLguXeGIquqeFTNldgX452vB/CmgeVCn/hDsqwSRZn3cV9x5MlBqdkM8gf3xJiEcVt6qvfT+gkCHB+TzS1fZEk3B9jldNN/lVjDJDBnq/1+YYpvLmgn68tqQwe5r1r1Pqmo6Z2GWAtjQnBt5VhdufFG4zMsiOoZrVA819Uwitf1n5rL9QJ8nabgIuYoNFuwGG3JpDOAb8ruva5K/O9mYkiYq87dFFhv45IgFME8dnwCvNhufbd/No0guJkfaZpWN8Euc/edqxgMocNhF1MZ6EJ7lWC6W4pRxRXElsIbXUJAVfEQzOpGaCS21Dv51CkeP3zmdvzTPzF2p1YBIgFdvpomXLN2kUWq9ga6Sa/HTxQEx+rfEQ8Ajfrz9jtoznGESEcHY6lVI62so6agq0qqaohBdpAJKKCnJlbPAnLtXt18py/hHhlofbQIrv00IAWf5NHuLqx/XO+Io+Vt55D3jh8Np7SQXljVazy+/CGX79k62ss1L+KFhLmKfwZyKqNXRgcKnUrspVZlDhRmlxfila/+SIe0Ps/h/Lro/wC/EbvDcKg4Zywk5JGl+TV1zrh8CXfNTS0tokOusRvqtDDz1x7+6JMI6O9fj4ysUWa2hqW7ibIvCyRFGpuN9pjjtl2yrulK511VUb/O5hirp03FL/mjCceb6IIWELUR3eH7aFFauEo9fb9AS3zcWBW/KwwETF+squN5dDgFa4UcDQO4bm6wTqlZ8tETZa/FZ3SSYeEqsUMhAHwhtB9mt0HfMaTfG7RaSFPZ/YnBG4T4oku35VUnVIO4is6jkJK0ehEJVJQd/WKcGAja9CY6bebhVimrBy2BUR0guxSAJKDO957hHME6DYl5YJPPfQ5DvbCp/I51y/Sx5GRzRGFvCOkpMBd3r2hk0VZLs+ny2hZQKJbQVRwRabubwVcaMmY6rb5Rrm99GYQc/q4ZOK/npXdfHUaNPTaR9XYeD2V5fyogQOLSUanmbzVEs24bJ333wg/YYg43fAPY3ffQP334XoXPQvHYP3QX4P4fXPPQwnn/AP/EAB0RAAMBAQEBAQEBAAAAAAAAAAABERAgMDEhQUD/2gAIAQMBAT8QQxeaGLpix9rweTViGJelFsJj8YTH4N6sXssovKE/yXUMnE259PhXty+17usWoYuXwh8p4sWP/Iii5mNjLtLR61xRPyvF8Zw+lrFiXcLj8L3R6uEMvikTxYv9CH4InqvecwS1+C1j18LzQ/BZCei4eLlY+nlL4oYj8FCl8UQWQhOVlxLZ6rENCRCeKKUpS9tlF2iedWo+jXD5pdRS8UaELH7ohNYmhk8rk6Q8WX3XLFyh8rF2uZ6TViyYhj5usTGLGTwQ3k193UMRPV+yHr5XaxPqZFxBD4o2XwvjR+Ey8tcsWzqlz+CITWIfC8UMXLxDydQfgun6rFr4RMuIfD4hNWvudo/vV4WQghky9fzt+DQl5wnbRCEL22Lp+Kfki9Q+bRPFy8SJ6Lbs5RMpcouWhLt8fna4S5SH86vDJ2unq9KXUQff3yWraXhDZb5TKfRIbGLpIfD5WrYTliL3OVr+C6pfCE183i8SCGTtIePhcryfs3xCE1C5hNvd6ZB/OHykLJ1+8Uv+Fa2PYJE6WImPil/xTid3xnhBDQ1w/nkmXaXudUpSl7omN4xDyEJ4MoikxDYubC9JDP5jxH5iYxDQkT1SPwpcSGhei4eQhNQ2I+kJ5sR+YkNMSGsfrfNDfrCH8ExlaE2fuTleF249W31mUQ2Mm3J5Ut4XE1ISJ2hkEXVqeXbk4nEyl2EEPhPh7OIXHx8L3BEH4pYmf0bFtLjxrE+KQQxDF4Up8KUosutiZT6JDWJjL3OVwmMXFLxer0hZ9HjIIj6Yh8vVj8L3cerKNlKN0Tx/6p6ITJxPwnpCathOni8VwhvWy+ay6vJi8VkJsJ+CGIYnwif4UNiJs5SJiGKDS1Dxi2CPo/8AH+9wWfSDIt/gh4xD5P6Lv+CHwx9fwXDEPT1Z/8QAHREAAwEBAQADAQAAAAAAAAAAAAERECAwITFAQf/aAAgBAgEBPxC/ifpRi7QxCHy8fpCMbH1k7o9XCLio8Qy4vaCEJwNdzXzBIaFkykF4XiYkQRBD1ohCDfU2CJlEthNf3yh9JaufgZCEIQYuryu189whMJC1eNxoaF0kTEQm3hLGPiCRCE7fCxiyDUybMXbFt8F73hn2NQT5XD7axEyal22Nl7Q1jEMg8Xq9eMQli6Y8TLytePHi8l0xDFxOXqEPhDExiHqxeK6+T5GLpriERRPC1D4cPgWT8FKMRcQ8fYiGsTxctC/NNWvIIpdfi9RCdvxZSkFzOJwsvTRCC2eqHlLi8GLWxPweX8DxjfC1Dy8tjExPWuaTKXFqy+D4QvBb9jJi1fneXaLKN62LGIeQpMvSY+IT0hOF0xYxYuYuP6N4hi9Gh0XKWIZRYxrGxPFy2LWLlvV+J4mXGQbRconrZ98MQvsmPaLwYuEPEUeJlyDRBERDz7QsWsWLFs9mIe0Q9QhvHkgywQkNCFiGLm+iEvkZdq1i1DPjaU+xbR6xZMpOV4fI2feSkXBankIPo8ZcYurBfPC6hBoS2l6/osY1iQlr2ZBLp/IuEPHxT6LcSGterFxCF1ohMRZ2/gXyP4LRfPixdMYlk7XUxi4eMQ/OYhl26kQnUnEPrbcRceUkyfghBInN82T3nKx6tu0vo8pX0sfCy9vUhrJrEP0fo2Ioh/ghPCDRMerbiZRbOkP1pfC8taspRMhP1wnMxiGQguEP895oh8XUPLq1i9UPwm3hi8kiE1i9GIfVy9vxZRPU/J8tfhnC5aEuJ5Pl9XJzeb1CEFxSl2cTzfc/Eh5Bed6mfWp93mdru9XtcPV4JbBoSIQmwnc6nUEPVwkTYQnd6fHwQfDYmXwWMWwReKUv4Vr80Qngi+q15dRS8vtFKMWsXmuaXiExD4fLFlyeDEvFEIQhCYy8wmI++FvwTzTL4LaUu/YkXKUpeH9H9jF+FZ/PH+Yhix/fDxZ//8QAJhABAQEBAQACAwEBAQADAQEBAQARITFBURBhcYGRoSCxwdHh8P/aAAgBAQABPxCnyzkCXbsubIsjIJILOyTKWQ/AOT/V/n4CD8dv8jfr8ZslkBbZyF+uR2yywkRgLD8CSCcsYJDJjJ82nzPn6gPmQz2OM9s38f0s5nkLPZPuA38MFvGZxYgc3J1+Hpe+k+y7fMFpuJPuwnG45eRiSNy9sNEwUkGSDlhsYMA2FyzbLbbLB/GQXjDke2dj3c8kRxt2xgZ6+XT4jZ/sBnfw5Qc/VmeXVyT8B9wd5Z2f5Y/Uwc9kYLJhbJ0ksLKcgxnREQfM8+rdewH7kL1sAW6+fjA3FkSgzs6XHBZ8Fr1uXLH5LBLm8jTwjXzDPmxfm2tsON90GeQw6xpZ2EHEftBn4ZsdyA2dsEDZIJOQb+AXFlmRGbZnzDnxfMuOyb5CPbIHYOyI3W7fMGxiHN+IPpY+qZHGsJ4QaQd9s/cH7nnzB+44efgviZsh5NkLp/8AAwsJ55eyfEYmCDbNt2ePbPjZH3YPFvobD6wY+5O6F8/UcMHNg5BHvZ68v/becgeaZDrIOJMgvYryCBthYs/AaWcggmHspuRmXNmCyixYT+AF6Q9n/wD7LQ+7FOas/QfJlW4/E2WR8gS/39ibR6N5HgnrQh/Yp1GL0LO4/wDl84Zl8B0kNs/V/kc+PyHzHZ4vUknbmykMtnb4luN8eWb8Xl83rZ2IgmPo+bz5kBIgDqWD8QaYSYzq/N90n6y8QQn4/B6cLXcyzOkKnGU/Ng4OJYvIU9i+fxllkQ/J2zL5t55ZvbPwBTsYTkhch3Lo9I8+i9YxKldh81GWreG2qRfsh63RTEKHpPu/cv6tt94eQT9KRs4C+C+JHYtjKv03E5wg7+EgLD8Ny3fLvzMT7clNtJby9ssJtk38B2IOWSPfwPbhjH2OP6/CJ3dPLScnHxCSO2/GV3JRL8w/F/V7x0javPwG+zixiB2d+rGdIPq8/DzJ55DzsRry78wFgSvHC5mpAfWR+B+9cy6tTkFTB+llxPg7NmD+AyNJ0r8toZmzh7A+J34tU6w+0znPz9zcH9BFGg4j4g6dH3CP6sy/279X9TuR52f1byZ9mDbJ25JrHzdg32Qnb48u/E/i+mQ/ZLqXZ85H3kN+J/TJPyX+Qt8F+06e8s+Bnv2/uTCAkoeXU7OfUW7EGkc8k3fmJ7+Ty29Y4z1g5JdeRBtmS6xbeJWw/wAkCv8AyF+j62PgSLsO/VS5Lrum/Nj42xTNjflJ9wNteuSri0/gmXspCIHfRjDjXjKA+vSJ4b3XLPo/QIrhkMhPqXkeWJ/Vlxe3SP3M8g7AY2Qcmyz92P3dg+c/GNcvfk++SNr7lSY288nVlGmDPizu5I/V/EIkIHiTfY5IbHv+R5cESc/GX6v6sjWHbbN/Gz+DE63nl77AWWXhy/aR8iIEZ4iZs3ety6cZby4IeyciZGIBgdFh8GALFtRpYmMIByesJE0dSWIef+SB6YtQJD0rowRM+kxsRjSEej7Bnx/2BNKfrLY/D38Ht8/hIH5v/uxh+7lyfbD5tIe/q9uFaY5k69vHLrOSHywZ2dXyD6nD83MtLyF82CfxFk8f8vEnImG2ZZtifMce2lyzY5OJJHPZB8svPL+3Ifx57Df5E65bIGl8CxHj23vmEnYaRRx5a0DFk4GR9sHgupwQl9goNib9WBfEdmbVfMicHM+V2TS6gyMjFH5+bRRpkeMSEvRkNrHmanjbZPmOsOwF8z+NCHXy39XGwnl8xi3fibML0264n2XPbY5CJkx4vFmfH4f5JpJ6yGsOLDLX8GQ6/k5P0IP1Y+pZ5bHOL1sdiYTZyfqfI47DJ9i8uMg98uA/pOiYaCxufe4qD/pIDy0SSitfVZO287HuQZ/BVfGVe9y7PqxA/l3Xyzv1Nn4PBjp72TvYfN9/AsGxfORgX4nm/uRV7NkPJIn7hyaJ8kIMvxvL3B89khLn3rU/svfL929m7GZYTjZf2dT0ufMZMO3C9j3y95HWzGt10njsB5CLds5MQyAyZAR38gTMh0iG0HPxv7uvmGfuxhjYL+M/dkF3YJIzC68jPvtj8kkv0xChnVmX/m9gtMe1tx+sb1EiGbPQG/M7rif2PtASGADcTc/UgeIIku1/Vt3sry5b4fYAJ0xI1+NbJSmzAm53Ic+yw0+9mxZiZevJfDZD4bD7oyuiSHwv8vhHX5gPXen1AnZ9+yMM88v/AFPlsfg5Iy5HeSZ5MDIb5Cf5D+7Spt9sTlgfNut0+LN9s2A4zZG2IWbD4swv1CcuQ7Y3z8C/q/UkGzt/UcbNm8I/CmRl/uSGfIfdozwPXlgifrYKG/o2U5PPtLns/ZuOinFx/wD0l1eDj2Qqqn1bu7tru7s7GhJzC1zcLR5b3YJ3bZYhwAEfm2Q4STpFF34mdrGjkyB8yXeTyHZF7MznX+z+AWDnzE4LP3H1ZQbCZC97y8BzM2RPPJezkE8/G5M+Y85+E+/wTv4O+3Ni7yTsY9bCBst4Ts78ya6M78QNjtne2B5B8/jTYGeON+lx3cB+M1/A5etl42kdZxOQWYbGNlvfGQ7oeSAdefaXmJ8p2tfa7yri0YhymNeWqs8bwtc6GwMzOxz0ID5J9bYh29LE/sOTTnlit9PY/nbt5B3z/k3o/wBlh92xI6Xy0u/9l7IxjIP7IGhf02xU/oj1x9RmO/syRoi58tj4n7M5eRs72Xrvn1AEUaE9xwbYJxs722/s3j2TYPh+PfbhYJ32NPqOrYbIPLV3ZgI9k7Z+2c87GHLzy3+xuRjxkLdsMgG5kFvwlsDiyONj8H4HPwPbeWbI57FgmcEF46eSshPRes+/Cx8Y8o+BjZl+inqS5zYyN2Q+IEf1GVv4lnEnV5mU/WXtr42Dp2NO52fFlfiIgL/SAlfxNhrPuH7tyl6/rlztZ8ucmXUwPiz2fJex39pC0P2ywP0A2ZM9tsmkels8gvr+AP8AU42/DjOzq52AHVN58Sa+9+5MjywzsH0sLAs+bEgvkHI2Pfw8M8W4kl0g2YMvUex7Jvk8R52+Y8n2yV+ARccj8av8jsHxZsFxaXPu5f8AkDh6XbFMMEXVO8yGjG4BkUbnGeWpgj6iX40LrrOQ7mxbjtkrfDnkR0Mnfb6rPv6vJ7di/wDLUM6aZeYf5goCn6sNkf5aDgf5Og4gNHj4Li657ka9d+5Hm+Tunkq0H+knS/rZ9Hn6jA/c6eFwdGOnYO8YMz+xm0B+7AX7qwQwm8t55F/k89iA/l8+w/H4Zy/y8uz1bQR+4Ebn4H9SbDnk9Qx9/Cc5+JgwPibskS7xkQMtjsZfMP1H4Ng2Yzu8NlX8FozejY8GgZlskig/qMvy6GTersvzbOdeCGgke8JiNn5O3WnzLP7aPbM5ZTXfJSEn8gRRiIJThGgTQobz2xA7I2nIkDh5ZPLfDJQ9lsI8gjkb05KfMjOGXpanzkvhKT8MnB5LmPsfkvExYm4edPhsks5C4I/SVzhdPi7vl48kh+I63XJwyGQdwgvI+Umwz2cyD9/ghsbB7+E/GRNxPIfv8cSD8HGyd20+wt9k5fohVOGxBaBAP7N9gbaYkn1k5ZOBB3nl32yxukwuqfUNQslPo2CdZFuZYXIgeyc4R9EEEAEZB5YfiGci5GD+sH72GAtz9FzWPCcyB5ySG39ytJkIAwQHJhTzX5jMZr6nPgSTggHlw8nfiKPPurLcmfiXFsb5PRsn+79WZ+Hcg5N2NX8aWdvVvNhL24Q47Pbc9jY5qQ/28+J44TvsGQbrdy/c27P9h32D4WfdhthkGMwXzF83x7Y/drD+ot5GZIEddL+227p5eY9lOnmXDl8yyu2uTDsfMmpAH2TvjOnjag9ZB3mxanQ+oAgl9GSH248jnzDp7GR8lh9QWpl6XsCjCEHH4S7BasXJkYT5u4voySyoWMP7cfRJ+rCcsfYVTPSXauKtiHuIU63j+UP3KR24TbERk3S0kesGWGXjkG+3SGZeeXry1+Et/UPs/V82GwtjIwGXLDdufj58jv4JBMtsvr2SI6HxBS5df+w7rw/t0SAQMcPt10uNfMqnsCfM7k+xni2n12O8bTpCDysHZ5svhPzkci68Z8gJ5ZfmT6ZZJmZ8W9Z7d2OSQLU4J4Rf6fqOdI/c/wB/7C1eweHJfJtzyXfxrI0cez/SzxfD5gRkDxuwawYyXxf2CzvtnfYEDOWx9hdt3y/a+eF/kuchN7Y7yOF3fw7AlkAiR32yrSHEEllmM/y8/CxJ27JZ7dTkIbIXTJ6ryi2+eQpufB+59BmsIs9S5LyfLxIJfrgNZcIXxHNgRwTPZA6FhtiezDzyNX9XXzeocg/NwcZmmNrYImoR9soN/d0dot2OYORacT+WFunxjKfjYL22K9ghaxmSTR9LD75LzkLL9fjIGzvZ6gm6jhHPwe+TsD+HL15Zhs3x+F7lj+ENvxBeXIgmWmTbb29ZE8s+4svOQR2DOm/qIkDr2ON0wtIjBHL0n4m8/HLP4Ntm2l87bDligtQOQHgwACXNsFMmGvIuLsvEPm0I5IJ3Ibt6qWkFyd44/Vu5z+JD6H6l5P7wWg/WCKt2euT2JN0t/F8vuSmYtBigAWGEY6sDy+OTofhgvm5aXZPYHbNfZ34Y2V2X8FabCfgNntg9sfE63EBl5dO+F/khCzJviHPS9sh5ZthMZaW4HW5GOESoeA2bVsJaPsY5ljXYMt/JrEOC0WIIA+7sHxNgYwfEbZC6Ed0cthMuS/VwyOR05D7vnjLHs10bwA+p2Bf5PnO78yg50lEQf5LwM/t1x+L45GnzD3thdJm8HEhPuIRjOtvrQ0sH9XA326PI87LETm2FgQfuPsHeyM9ljby1+b5nCekOwuz+GS7Hkm8kZceP4aTnfL2dFo/GQ2xb22HfnLHH35Z1M7k3f8MHAX6fVt8HweMwhj04WwHfk+SQOPtkQwd2yOsN4fMxb8wmC+ce3nFnQl4E2mPJgGMLIyPuz93DxtZxjX1/As5PnZcJNKf1yU/sstUEQxtRIUwnpx5JvI35/DOcj9+/gF3eE9xitGAy082aPWfIy+IIPyHJ7eEvb5t5GMieX7TE5K7n4BsheXBYO3kmyJDjYW6f8ly2Jt/GTyG5NpcO/Fjs6k3Jl0YcGKkpeDmyYFSPcY9uGxOHpzf3c3jKQ0j2zx82xZCIhzbN5EOOQP6YfJyUnynBmYg9HkQ+wjeuh/t1gyzccWHsN/ZATQ/2R4FsactHxyYCQCzme5Nih8ifuwnl0Rxg19hfxzIuZ1/V5B7JOmXer7CteNA9tFeOl4mN3+8chz8e/j2bOwGdlqnhdTyx8z+p4GeSs+x2ztwet75Z93Piz8FT8DidVFlm2ZGbJK2ZmWQgib9RlR44xEyivHkkUExDuiJ3/bDDrrC8010/v412WEoRtjvlsuWy83/cLFkqBki66WM3HvlvCOeSJWZIQzQDCZuv1bhvfDtsz/q8lrx8gL/xgAWkA8tnnTYxx2fAB3k4HiBztgxqHBtnINmfUqWR4CxxLp40hi4GJoyg+lEtZXEb3Px2WYjv4SfJZZPtzs8iJo4yQy4b45dJNkyMlNgGCDCSz9yfH2L6/GGENY4v5HDYdsPuck7G3c8t+yR+FsdXbsRnIeumq3iQCLLiVx/sebNnT6tPcWI+IU6v2/uFfZsgb7Ei44t73W5De4QiYD9yca6xIm9uvUYwHIPQLEjT52aHHz2WP/JjWZ/WW7j9rMe082GQX+SAaibzh+rVN3LMB/dl9xDwtqSn1YGCeEfuJ95IQ1zGB0xrB5z4m8w3ElIcWbNjNr+0nfzF82ealT/Jku6oDF8/BP4O/hkkikLy3PI1+YIbueX9GTsaLyUeXvYDLqQH2P7K51upxvrkJOt+pYbbse9g+pGNu/dn23EsQeZAD7gkwsz5RhhX2nU1OHhAk6HO/ENLu+JZC8U2J1t1tLsQJ9kIQNCXPjPkGZA27/LuPkr4m/UzMVwWRYCtk8yH6sUcfqHIx/YExB/Z7hB9Xjv88kIOCEwdW7I9k7gXgbjT0EnC/qszh4wCM0tpxycojCujEyz4f8syDf5fBF8LgqiB/l9fH2BRBhbeXI5+HWS+Ie2QLUaWydE6scOyc5Z+CdkGAG3Et5y+Dbex7/kDnkkfu6eSmFbptzcvpJyTcwuXv/kxKVrtw3QeRPXrsQZ/9mYRBkRzNtBTRB9geHp83U7J38cMGOXhLYk8YQtlZZfXCHD6u4r8R9pv9t1rH4uh8QvBIn0ROo/l7+L/AHwsLlbhk+Qu7r/+TO68e8hXtfoNyBl8HZAff7ae+Rxj3YO7KN1SwtNiHHIcTfiyjoE5YWkDl8mKSdcewRD8Yx8zpCUD35tch1cJRqHhZN49k/Dxb+HdjY2WOTY5sneQr+D92Tv6t+7vwcsd7Ywff4A3xkfqdg4bcsa/lrB/GqyXls+z+F8nzMzmG7FrCmH/AGEcBLAzxuzBnHY8vd6Pu4+j/VADdThIHjYYBDMeLC63ZTlp1bcXy5wvl7GuvboEV+L1wZXp/cnWlsTgZc06ig8tvPl8IujbNA7A4mW5epFOxu85C/6hdm8LJ5aQBP1sKJrk7jV9/wAsmSEOmnkCcnwfiVvD6p1imSftjqaBIRxKLxETLvStr6U2fI9tWQx3v5Qzs+v/AMSc+Y/a/lveyix7YMs+Sw8z8Ovm36v/ACW8QbIfEZMfxl1Ownz7KbfeWucwbYV02+Sl795AYgHxLVuxHAj5AfCEMYg3luM2B2zcYgTJLh5Pr1j7nLAtR23CuR0GRekcZ4H1KkGn6nwu/OSKfUSAdkzEWqphyMJYbBFdjmBmWx4T3yH3AZyGRZuSP+x5TeTMB8rRYx3JzHH6kcbv6mZAfGWhYQxdtB6/GwX7iNbC3BLhPpYYH1b+r45Zvv5F/Dp/Lo5N1A+SGVz/AODOwG+/j1Mv1ZpZ+5Ijy0Cz5lWccvE2p9hIu9yB82G/jmDctQAbGZ6kb+pzMPLmuEhj1wtYeClhM5IQW5+YSV3loYWx2SThH+lyHl9/MQzzIxBzIbQxsZOPZfLOYH3ARP8ACeyuPuWrdHPEnxs3EsAjsNyDI8h2XGQObyJwNXb4yLKTuic939Qnxni63IUeg9vP4/MQB5cgGMijw3Dvpa+4c6/hj2+Yey3jloru+QdhZl8H4fZw+JD25e/g4eQmWcs5L4htX/g/D6n8h9xmz7yx+IdceW4R3tl185DhLvkHmyjAqFmWRf8A3YgW04Cl5EMKyPSRv5uOxfCeHl9gLQx3fjJ5Fx/cB+kNetl8NSGfpGnkS47kUr/iGtEBLsRciLjCS3LYOyW6fYs9uZ7aJANnhdl9l4pL2VQhOWBvRgRz+ieSn/5pbaA+DySgb5LGSnl7A1+rpMWyB07v/ljPLeeQ6z+1mWu3zsdhl3HS9t5+4fuZd8nCdvffwSOefh8j2Qy7shlmJLeufV47KSRfEfuBeuRjy8dmEjlsmt4gN5Bkwa+2BB840Ovvlt3EBskSZ3DPiduLI07EjtjlL9yvytcf6/Ue4r2JNcmd8WU3xah9T75fGIunT3L9nrLXET9TIf8AmxnnH6uIMPO22d/McyS+SMngW3XkI679QBcTGWD3kjJo6b82Cid+bQ+Q/kCbA7jEAc4R8Pts/X4hzvOQsMuGOzBrfORgXVGuWPzeMsfhxO0fwCOy7+VJT4np+A3EuWzkpNuE7H7ufjYBkb+ELJG6HWwYX9mza/8AFG7qfHd/hcojTMf5MYHdmEGYPP5LrgwUekKvDI/C2+QvguJ3GDtxB0/Nv+Q2GOlyb9RgQBgYXROSah/y15ZFyLluZAGsSHe2j7G42ClueX23HZdZHwbyIXRrdTTmZbsCbloNiEZzJVFIr/ZkWLhrZo7jS69/lxd+oX6/DbBtnGPX5jVodgD4jPqNdC13vxKM7/kc9jGwJSMz9xJryRJdDYS9fyUsHLv1ZZEx7fMn7jPwLT4QiBl0ML+yPgv8uSB+rgg3PiU+o3l3kBnbwvR+Lsd2w9gac4MEOIRpY3O3As+W8mOsgLkKXL6/M3DbvxCZL9RNntqoyHjBjj2BoXL5vsFa7dvm00Nw6yD5tHd/EzG/zFhhMNb0ANgEzOZZRzfMe3SRchd25zXg8bqCgbFn3L9fj2fxqzkSe2FuSaeRu55Gj0lfdo87d+2B8yfiBfYJG/z8bDnX8WiXZH/CMSclL+NLTZRJYfw5PkbOxtr9SuPOXAQ6S8eVG2ZObDsAZpKmq/uDFnwPSGF78OYyRh+yHOnIFuSPFhOXKctGdfiwnOS9W/gHIH4n9Z76R/C3Rx1yWYIeFtDSO3+Wzo42AfEv3EYwWZQ4ewnetg6eQBWH1ucA4iYUv2sp7yPWfPbcljvk/u0gvi8SdRuxuR1viemQZ3Za8gkhly69bH3Y+7PwSyPfw/8AFZ5BfpEgpeOXTtw9uWWSXxH7tPi/t56z3g9hyEQbYL0OS0hsxXC9Rvy/4WQpzBfMhNlbgId+ROg7jcIbP5S7q04vGBw+LeamED5j4G3kN8ZOjs7+LfbNfu1QNzI5yTck/Ug3BaI+bq5cy+1kyOQUXbGqAPVjK8mHy05WV278zxyYD6n25B+CyUZDeW8tk5cr8CmQOXrtghp+oAcldjvthOQfRP8ALI8/BtB7OPk+X6hmOp+pF+bpKw+5m9LKZkm3on2GfxnLnyWr4nPqczhBoPiJ35nVtA9W3F4Zcrd4fiXlk4e3fSNfAyu4Pstli2l0ASuGYwHfcggZC+TryI92DmxpnzaXYDHTyDvkPokfEDLLnBBhDEuQIenLYvBy3KvhGdGdMHPJslm9i76CIOI7koeWD19/AyQQTHtmH4Fvi12DnbQtJCXmDGbJ21eSPxLseWC9kAyWtiXv8JQZz0nOfEn1ZvzLnvZds7rfO7Ls+3k/g7PLZ1tS+tskfQ9g2sS2Pz4Z7aPt4PzIIezXsX3vo6ToT0GQGel1g+Vn7gpDyyHSKN7liMm5uth5iybjZYwy26WBrMi1AZjyDkmw7sUeStuxwjtkjHJuH0t0ieR7vjYjQ/tyetsSNMxvmYeWGcL58s2y+L5mIO7aJkfveknNjzrc+ttPi0PLUH5/Cu8v/u3efhx5Gxj829l5EVW+h8R0HGl79J1k4fVuXzeuQzZ+N/CcifbLyXnfJBR8ZZA4B3/kBNoT4ux+IHj/ACBYcs/5BpEfu4hCB/q9hGsdBXY4+zOl762bZP2yOQ8tQc/dpgPnSxRP9qTiSPCP0Cfd6C21dv5aIzGNhLmcexHko5bRy0K0ELsfL4TVn8nmvz8xkO29PmDwQYW8viXkeT/Ycm6wh5Ysz2nxOiAL17OPzP0ZPts/d5cdv0WayS/Ua3bELW+YYufxPUMeBsCOweG3Uc+bOQH4O2NjbM3kWfgmdf1cTPdsrRw/9tNHhX/JywAY0c40jm5gtjmukGEfTCBHx/Yw9f8ALr2ExydGPJs3SVYJ+2cgHmPi3nh16ZED94EZanuMf2B8QNhvmJckLNszl5vhtMiWdsI08l521FBdjAfWwfitTBIcvImLHM+7XJfcm28v8gzyfbi9uQfVx1PJzD7lYUmQ17ceWQr5vJ73CB38ZjKXiy/LOLl83Q200P2LtEQMajcFlD+HkTZn38fH4b2bz8FkrM6f9veVCcLbmE5y36gOszh9Vx0YND8t5osxI3s2wsgJIZ4fSXZxhJjvNTZTAfk/UKEP7k4OfcZrDFr1Ae7FuMwG9vollP8A4DhMyTxaEZZxPVth2Vw/7Gdi7uIhukC6Y+oMufjewyWGQDHPJj3PUQ9TPwdJJeclBsvxI6+bW12PIRcI99l2zbDfY4rLoxOwX7CfgTl14TyIYk5DbPse2RZN89g24w8mD1YzV7kf+zc9Rnl8PxvxBOcM6w3e+/8A/CIrHwb4LfUeevnL0AJWO7smzg9lfq/rLtALHaIDa/tYytyH4cvOjkZZL9OfMN1xs/GGmT7Ln54S8iHyEPbtr5C98kCFd/kZYwa/7ZE5jhDoZy9bv4apfF8SKwJPeW7dHkez6GyKp2F67Zp7+Gg8tJqvhlSvn2HluwvzL+7T/ZXINsz8A7aVjY1GCQG7trvIOwfgBckLCPPybeXy/HxE+XzKEwwPxvbjAvTsgCt8XfQQU9zlyJDP1ifs9Ztvz8pMmYGYfH3J++RMF+sWUNfrG6/uxnd7E+4PrOy3+8m30sTx8QAH+XYd7fLdAQbL8Af7HZT9bCn02NjMJjyO9l7ZMjYEO2frIYfcnIQ+icPS9Ir3HOyEg+2Gcg5JfH4P3JAsdg/U4tZzI6cgCXPY/u/6l/U7+OJbkthAz9z7PJipRHqVIhnpMYFswIrZfDLJMA+o9jUmWqWOztj8fEeSWXjJXf7pNOkd8R4gHZEG7B9JUB3g8g8p3I3JD7MHRsP9lA6WZgQ5ydIAuvuMer1kerfJDRs3I2yxOyjh/jLqb/1MZpz9z7p4x+gSqT8tmAfjIEFPyRQOfNgI8yE38WFkoBdRHN5fXacG/EcPyhjk2+IeXxeH4yzsEOWv1d+YeyY3D4vYcZdfqXnJ77ZP4YZBYQctn4QZBtvzO2mwe5DNPoblWk26xaQC82AD5Ey18XXt5ar+APz8T5+Ht4d7HoIfuNWBjsCU79BsOGuPWpUYnXgWKb484sqNXdv45dfIPs2OHjqD2d8rEb/mx7kSDso+FSLEnfAP+2wWvvljfpDsW2n5Q7/BhbHhsoXGwZEYnxCvY1Dc1gnZM/8AtEtmuc/GEG/MITMfIHKB2fIdLYn2Js7HkJa+JrW23JVPYJ7ctA6XXkdsn3JMmOPZ+jHLdsySVOnxZMHLbmPjI8UH4CNN0tCMf1Z4gGxAHRtrV+Ib1jps7Bl8QXxfPLPv8JJ+Q9L5Zy+jI3c7YA+L+efgYwdOPE+7rCegPLZPg5BM7ICpMv1d+RsPPuMhrtHxFYg/UHABhJrO69IJ+DYuOMi9eWTNnWCObLmcbdUZ9THaeTVt3exjHhJhsC9n8Ntgib1y8Oz27O3x2El7y+bLJWVe2GnbFviFvIpG/F0jY97H6Yex28ZkmfMsIdIuaMxyZ7b/AHjbfq/5iT1nD6hqvPiWsdE4dP2lrjywj2yd2D8Z+f8AbLySC8ey/q3eJDhh2NLTmQ8yy47bz9w+XE7DtaqXAYK65MQuQORbcHB9ZbM9s5HJAH/tl10tKdnXLt26eXcZlgbsATOmQ/8Ay3TAe7Lrh87ZGP4EPIfBvGy1TEcfw2SPVln7nbHI9jdmEj8IGzh/br21dlzyElJN/Cc3bXq9Xnt8ey3xGjGng9tro+ctCumFHywMB8uej/U8+RztqQPIHdF+1OymyNlJxjDyNs/cGT+CRg+5ct18mEfnGx/Dmw5zlihXhZfj0bYBu3K3H7yUO8nAYhO6EIANMbbYaezbC+p+pFWNS+HZW8Mkeo8g/IbMAJQbNsPzL+fIhuTdLryOe/h1L+NRsQksvEx4gbZluky55ZtmT5YsGCW+Wd7PfLITZ+8vaZzls5KmJk5MEvJRIKYnL9zxDfDtxAbLsdCyLxgv4nyH9W6fjGeEdNui1G1Wb2ZlrBBs8gjqXlpPficTIWAwxIkANB8R53CydInQL5LP5NZ0x8zkqdMYtZKhplkjdR7GuhcIwVCFrwn2GvNlPeCw9jKGMJxuHEhTyVguj5M0W+R+7Hzc/C27el0h5bt3LxszxYPZfi8fkcy5fMHYdv5L9275G33cn1x8Mm6JvNlXcxdwmMM5ZWAOXJHivFtiENBxETeAn7tJR+M3yN3s9sZ2cHLn5Ak+rV/AifMtOty5APlotvX4yeDBTy1BLaRZp7CnzsvNkdHWKn1swM52JiF5oZl8BIkvysNbMNydwFc5FwJ+7MGP5ZaEJwWTdxhyTGXZY3jHhifzkE8l5+XxKn38CPG1YvUHjOMmTbPfwTJZhsgVNOEQf6ZS35I+vlpxkO5EFY+ra5E+5PdEs5xHkYT5vkJ98hvfj8EOPu2z2UMG/EmW/q0+23IxPIch/V/EH6vDha3z7LLpD3M58xIFR4dIVla8OZIO245FQky/UQdO2YN9s2jYjtrfeTNGDgGfuHIfwwEN1sZ4g5OTn3kJP5LfqF3pHpDskVaF/V1Ykfgss+5L9wH3fLGessG3ry7aI36hN+y1aLTBs8nye+XybbEnOJfl7GD6RTH5m1fVirztgkOPqwLIvQGU4IerDnC+k1mcM71mEvpkNy8hhv5RD2+JgjFux9WjzJgs7Zb2GG9vn8N5Gbr5eLj7/wC3Boe/q747BNIycrEAY16MBXRKN3CM88n2KRQNbK+q2zChVmMAMs5yCkKSiHn41NaP1J3by3S+Ih/Bdtl7kF4Y4p9h0nFvbhYWnY5+AaQY23llnWYjiGzEdmjvlnHbKe9uZfV9Y9m4gIAh8TZkA36YVT899kgAFrdun2GJUHJBfu5b+NfwCeH/AMCBPIWe2W5H9tyzO23Ty1zb120+Qc7LL6fbG2/Jsx/2HGI7EfSTXeSc6gOwUD4tT8IHi2Om3sAaMGoCL7F8J7Om2z2M5aPJ57fZAPCAkiujgw7zi5v3Zb2XL6ljPm+beT6l1uDlu/l2Fy6nmXs5jNb1mISI+T2bQWYRDs90iNEuMgfqqXHXz5suh24LZ2+eYuZEAGvwMSW77rFdWsNYBGYke+Wa+WTfH4vX8Ehf7GsocuyXPg/G6ZD4ky8cgPmesPJZnvJB25qRP3CROVzBmQ/t96zO8t3G6QuMuJschEmZDA7D5EuSAbto/MD2QuM5nssZeQ08hYBfi+meKx4D+qw6HH+SPxZdfj1+A5Pn401sG/i+fgXPLbLkZ+CwhgSvjl2SVujmS0QPb2yfSb19WTPMYBDPLB9Imln1IZQHf3LW/sPiU+QfEjj43Iw3YF7tvORvzezwlz8NsRjHD8E+p/GWg252azS2wf03d7OjuXtNZeMJXcGRuaayGyzxuZjIDpt9ZPw2sGzkbMzOSADBcg3L5Lswdut/Ruu6hGmDJndl7t+qVbA7cPjvsjSz4cGViRvwM6IrNfM3kb7FCDfBbdNMz9S5PY5D+Dj/AMtJPz+9+n4+Z/sZcyeieXQVC0tswm3OR8PIRJyHFieMY65l3BX70QpWpxs/4kX5rGc8gOU8xbB6dG9Xv46JMj8ZcyOp9/Gj87J23Cew/EO2aSMefHq+tMLp/wCyYH8GNWnXzsmhvsDZSHNEn1MOkuNvcfZnI7OAzyBdnas/mQPsKfFmQe3fY9ch4k9uIYuF+SC9ZPi4SHvRI8DHAx2cdXJsWAOaY2XSfjYgRHb1ZHL1jF3kP3bZ8/jcIfwC/sCA4gyPZM4TGTgbKR5az9RAzyMIWtOZJ4fU3PJGPZ52BCwPMInjc+iyaekpI12LamkuOKScsSkDkHLLkwzbl4x2+IMG8Qc2+bgamwwE1Vyxxjx+soSXfUDVa/hcrp/GdsgIF+kPYKFk95ZTr/yHyQz7dpLi3gQ0a+yThazsnbNt/wCQiyv/AMnG3ceW+ez8MGfauYsj4/cGqdztm4J4R3+oWaH1hNxO/cbvtnP/AIXQJbPsL97KzT2zObcHth8SMV4E62ZKjV2ADfYvN8lF+J5D5gBnrbLPq6T6vmfUHOWtOtqTe/MmJ9luAT4ZO46eTImJekDgLKf1en4PDt5vj/4H5HYc/LeM3yck+fI+db1kVd8VZHVo369nd5lvz5gzyIOFsd/Vke2svu2XTyVMQZxBx3shgdiEbd0yRBkeGHOR4jchJa6fF/1ebzWLrvUtOA5n2ImkeI3d/wDbMHw/7bPf8JLF5Dyn94adAT+Fb9HJTSsftnydoYhOgZN7t7YT1uhpbLhy28dsR3ISHkTun9WFNxuWRd7kVXeSyPeQ/wCUYLALKPJEkk+zTEhVds0d5fJyucfqzkXRcW/jPwONz8AkU/B7L66/qfgce7OT9lWR13w8/wCynTdkd8ufH54+fwHTyOmQZEhC4Nh/sG/uGqQMVf8AYYCCyloSY8st+V15f1LDtluT33l0PnLMU39Jh0/EIfYrxDz4ixvthbfIn5Qkj5l2kjztgjoc0vFiw0jj5t4h5dFj5tl+i6kLvZaLp9SKr2//AFIAjFByD9WbLltn0sodwnaoPONv/COyAGe3SnYkHo9tVXH1Z3ez0nGQNzR2JGtJhKWcgbmWW2/hIELffZSwE8fZkokfutUW5pKVZ11lVwd9tKb20+Jy+Y6ly2ly3I1YijvxGZJryG42H9lDXkf3C5GE6H1aYO3Iy8XhPfJM2BWyO303xGzMus5l1dP95C8xM36+ZgD48vh92Tqk7n2BeinbW/rLEKEg3/oYTjl9AYI0Rk/JDpP7gA2OJX4jwsq3FJYOp9vti/dMS8tl3yxVpn4Zo4z21NP1fNfiww8xl6fVnbr5sseb/wDAgfqPLCPE/wAYvp2CPWWD9R582f8Aw48j9ydvn8LhuH+yrrByVcv9y7A89bqbDra36/UzbH7vVvxAsGewnxDvkGmQ7GRhheKFnkPSTEA+LMMpiu2AE5s0XLmvulCdXTDOJchBDRgECGmsVgRPsJg/ugIXswCQTT2Z6gbGOEjOWJlGOyy7PvJqYf5F6Ri2jk2PEScQcOoVsZcsvN+IdPp7aWvxYLIkWIDy04PLRvu1rixRjGx7e8kyPiC8viT9fjfuQH7jXAFsN3yHv3D2CMSmCB+S/qXPi2P7ePZ5L8vk9NOxr2zTXhM3puvZLzlhJOofbbXyyEHXWHyvZ7JIRONhKn4wy/ufPOyx7eu3zBl2QvKhLPifbANoOhY2sl2GsCs5G8BsqGuXkyNsEa/cq4WZ5kJ05DRl0mVambZSt+WO7qzCxJJAELK7Cati42f7fIkdCiyZELY5AdAy8LRHMMcBbEI7+rJOfu4QD7hTfDy4Sivjd/8AoQdKZwxBhwjOjOGhv3KQqocEPswdkJjyMicR48jvzH7XB7YoHYb6L7B0Z6nk+CUVwXScxvfiED4uSbHH4YObv+WcXz/9TT40bW1v+35/9lG/vWXXTv8As99JEjIHk48n6W/S7Z9xH2DJsSYJFnwsQbAAvZJ08unTJ/lyFmtm62T6ykDZD9cvCUGMlWmbOmLljqkPfiDCt434lOfty5bvwJQDEfwcgIkSpm8+pAasBuifuskHe7BvNw82eNnPei4iwhpHd4hdwhEzIA+5cfjyLDZ9Il35gBNN3UOgeQkF7GhB8xJAoXDnb+TzMH5QJhGPshb/AKurTt3YMA4/y42t+Y8wQOu7YbmPOxJR3v4G79kZndkfJwA/bjM+IL8pC5vyuge/dvunsY8d+4v1YycE69v/AFazPvZSwyN5+QB2OkZ4bVjsOAZ4NjQO3Rk3XFjwI3CxwBX+2ATGLpTOG6Fi9gUJgclcXGm1D8W+XCITCWI6h8gLQOs97eYmN5rsmUN3UZnoQjwkSGThx/yDzQRcKjVwIg65/ZDpT+wccf7eAYuIBkTrGRl55J+QybVQK5e5kv53zZnRkce5HBWRtQI5jGAUk/M3JumpDks/DChR+TEjx+0G/GMNO28TR/BfUNuOiQ3cy2Y49lIeC5kYSH5tA+A+djQwcB+ZmI8Cha8WsBktLB+LR7BvsCoTDcL57XfJ36unpZ2DPCXfJNll70yxmWMiMBI2SIRPmF1ZjkHex1eBF6fLBqyBijCxeIsJ2ILMe5dhTIwMRPo4WE126tuzbHEHE6uckfJPaJB+HIYEaR9hBPygfKD6WjWxwXHNSmzcgTdsUeThvMrmbMbI6+H92iiv1b3ggbOFzAMFs/8AIdIWqZyA7UOxAsBljNnT7Z6uHGz54uR4uc+I80ljERpD5EEG31nJ/YOQagEdOHSTFT7d/wCQK3EfO+RkMXwcmh8mPlEfEfSb4uHfZQzO2h2w6ew3lk9kLi2L32O+eQt7B9Wr0tx8vr7G50tDpGHtk6th9xkB0XETEedtPosndP5ep3/lg5/E7ANT+7BB/cs9egg807z1aQPZvvqbikvRIwK0zxIZXr5jKacfW3/+0hzt3h7CN8LGIx0cP7JecSW+t/dlYcyL8kocxvkC6cS4kyTCB0TE4/7BGHCzCJB/EWd4fzduMNGZp/SFL2CxbaOY2Z0p83K5PkOjIb7AL7LEPH2+MfD8AI+/xDgMmV+oEfbrX1gXfHW8fB/kMYXgMGXWj+IB0/ttSCa8NjOh2d5M3nYXYLA7CFyCbN/DL7O2Px7M+kC8l9SQPPI7yQ3aOW2mdhrI5kCRQ6MvXt+9/t5URROrV4ZLhI0xtwCvkWUrrmf5dlVgzrCwc5m9llymRGgsQpeLMLqB9h0+oy+J+70CjsX2+M/EQd+LQHFkjH+wc4FGxlr4YuZpPRqCWLYUUj5h/WMv/wBojBB/NlDwJbF5Fae/F+ithRBet7wc9tuNQ/iJn0mlgkQxk5DvLPQ4R6P3ZhbDl5YQfVhxuwOBr+7YnQ7K8QYHslbF6psfAFkaeHwWqyb+ISrnxG+Yc+YkI/5B1C8oybKBunDbGaEx6j44F8IZdOuEt9beTZubsQdZVPU9hAUUV+kYnpLyk7NL1O3KE8QbyB4PYg2xNP8AtkBZ/Y+T/wC/in1kw/A7+oENkQ+UQDD+Rxgr4ztu0ywVZsoPgx3vZAwH+Rm0SQwGB4YA1Z6rkh9JejsN/S2b7FcbI0YfryDe9s/FjwLf7I/ZBbsEwuzo5SPYBOb0WbDj+7goMOpMfm3GeQfK3g3SfwRZGM9/B75CxNcv+xIYWGJEwsPvy1TMQcPiN9L8sqRqlgPD9QDN3WIF6TlAZJ5YR1AkkHS+9WF84wGxnIz2bCacniQJ5fiXUfI+lsL7Ma9uGdutfFrEsWx/hJ/qIjnGwMDfu14C3IB+LOEGG8DC6DkLqP8Aix8GWMNIhmK23qYm6JwJc+LqmCNR5z9TgBkM8H0zQPF0rH6lI3ZkByWLW9RuYLJotEhoeSczY+e7dLeSQGm0N6/Ul7Fld9b1bPca22Ju26wXMsBnnGwGmymxZyE1MYS27e/Uh5llohmNh8UgHJ9RZmeG2AO+kezqRHq2AEHy36Ia6WeBdDnxEesjGt7i78zJnsrtcu4YUvETj+31EY9Z9uEluuS81FtWPAvW9hvbPAvLqbZ4GDj1HhmSnskZ9RGQxAcJOYusKH4RAvwREKDIQbA7+5T4P7BuGMBa8gclxgbY4c/yQ9EmEyYMGQDTM+bcH+QnkXkA/u6HB8mHQ/DlnlmPK2YDYubHQq5LHvZE4qXyZqzTqZ8DYvEu+Qb5UCTT428DstakzOGwfGXCWcSeuG/d3eahzOWqNjyGOZyfoxgDh83XifGLVqrwNx5bzvzdn1+Aeey7sukuHzHvaAP9uWPrPSkbnk3vrDjF2I8vlfLkszfEm43Yj5WFu26jtQCQO4wgm7V3k4Ts5vSP5cN2RdSBd5DHoW7vkfnV6VCKmWaDJw7Fj6LlaYScf/LVn/3lYP8ArbC6QOoREzx8rKimkd8HPgmzozK15GxQ+/qdB+OrNN5XwhP3MeHfCH5L131LxWVBOSR9ZH1QDo7MeoB3pt3CWmrcVd+8WkMk/wAn7EYEDP5a7lnE/wDJM/8AzPtwknDX9QkMcnLjHk8k4EyPxctcOwrjnbPfEiJ5yc+5HxK0ttrPSEemJNsS8s1nAvIPfJFzhF9iwbLyZnYZ5CdexrrCyYNszjxvknJoGn4pkj2IjwlO0lMl/tu6JBPofqGIHWw7/wARTE3GzvlKBST5i2BjL9tjgwUBxobGpDFNiDJH0LV15jGGpGCZaOXW+riCU0FM7tPqBxX8aXcusHd1n8HLCaWwwd/ZMuRMMnmA/tyfBZQuPmL2MP3AOyXC0CLPqQDhrFw1tuPqAziU3MRP9jkpKTOROXEcYM7j1YXyWrHGMua3HByU87C9JOVkHx23CJyvNu68tz1ILuDGDAYuMp/Y1fVq4BOLZ3XYQpybHQsffP1EmltcuBDjWWzx+7oeiR9BAOdlkNG2A6BHOz+rDSUkK3UolFukq0O3EPN+Jnzz9zHIdoJ9QRxAfq7oG3rmSkEf22mJX7jGOsI+v+SPSYDd/pJI/wDYIa8iHlIqAB7IBb/kJTDkgOrP3bhF24IH9bPrAkjQ/wDuAtTt7oP5b4RbR0f8t8k2cB+28g1+o04n9ihoPt6m342XGdtdmWOg/Aa8y3CgvtGwGyrztg4gD92WUWVyxhnG3YHLFwSHAD+zhg2BvwRfLSwYCQPwhCGF3vc790injkBQP/JMF5kf6KkF4/kdqH6h4JvzDdWPljLd5bof1eZRftaZHrMnPJ7fUxZjs8hzWs6rhyx1efcHUsrKb27/ABvkAlGIPkGHtHwP+SWAECjnr+1gTNsHBESdO/yxAD/J2Tf5F5xv7tmhX9zLfH1fGeXIDbCh2Lv/AJWfOP3cLp8WLRz7ks1tjaGQhiF1AyXoytu5yAxOYxhZAdZxRl80YRwOF4XLZurlIIxiR2f7HxXGCCWXqyyenJAa8h4nL2wwu/jmprBheAxXvLia1GNOwPvLFgzmOwwiDrt8htqtk73ZGRFz8GBLIwG3u+rWbcgT7LxUHyYg+IIbLzvftjRbn7s68QbFAGYGO8gg2Lr+Vu2kyzJPHzOLzg4f8tgNfqeQIQPb2ES7MONmC85bH4PmxD/uBwgQvGxTVjDmVmYeP/FrSxauP7sF3Gl2hk6ef26w/wAkOCEwHNNT/Z37bGvL2bxsQgvrbUR2K+jcEZDb8/V4eR75McT/AHZNHI8V22fdabySbTYs8QD8f5JwYvzy8frD4wQDS2G4dt8zjbGY2cfG4A2czB7HJztiOhCeyzEHDTf7cc0IHtP+2qvM1OE/tj4m3ZMGIXcz+zvD+bDO8QaKMs26zrr6Se7mfFnfL7kOxX6QVsNa9+rIeKcs/esHE79So/SagmyDJ/k2NwmhwEkwx+0mghv7iywzWLsvqFG2t3peDckPPJAngsE2NgXqRDq+LYnBtSHb1HC5jFs8zk4o6SURhdB3cQBgNTfSSp0j9t7jlhPU4vqaBLQGCoknTW50dTyZqWP0YA8iHDKtiz/yL5oQeJ9JAdmw2+Za1YwdIs5RJlk7fU5Io1GmdHYvxkNRdQYs6cnhyCDqnZSkTHjcEuDr2A31m9X+R2qySBOEfKYg67aQhZV9in/3yeqy8dOSQ1t1rkciJdWafS2w7O9Mjjn+pYPtmuBaUBlFOJaR0XDWv1YuGMT6gSKqw17yGn5vsYn2Cngsp/smNng5toXtz83gW8lLAm5CB6/VovY8bccmwYCTNLD8SMHCVvqF1gperHBFtbsspHJGtAgd6IsNIXIn+Stfb6ncTn4w6prOODf2Wkg3fghz5JTxyz1fwIyNBsRpGEBN9P8ATO9mQzpP7AhGWzheCRmO6h8nZhKR6/jQjLz+QcJyP5khDSkYhEkCEsXJbEpNsQyC0YxHBsA49RZoJJ2O/EjnKMMJO6bjmo5rmDdQeX0Ik5M2xBCz77j9wD+SgECKA6y1hJ/LfGfu8sCQYl/lgDtk6JMPeRsC49icBrIHX3gSGuxubmEvtP7+ONBDrPmAS+rmoLywlN0tdP1MJqE3EsZ+4r6LYPUp+okjm3KtXzPR8PiAA9Tvf+IoNh4fUqvY2STMYEfyDQcsuDyQEYfD7sx/icdDZ/gyU1cgM7S8vWf+wJSDsiPqS4DJVTercpOMmx82Vxj+o2i7TZ8mxhVIK97uzUzBpuDriNHDyx0ht9ovCSDGDrCFHjdAdyXY9lYZHKcsGdfu7HuQA2aRgb6uvjLIppLusDyKQvs39Wa3Iew9sWLzTyZZ5NMbLBS7nxZgCwDkOmhyI/yLnnlsHI6ojz7s2b2aNTYn6klBT1avMOdmLJmSD9XBZR2AmnFqNqh0Nspu4wrDjYyFfHLO+ZGkxOdurHT4sIcSP68+LrPZIddMxx5aosEudgj4fzdOof2Ch/kxtBDPvFBEzqRQQH1I3n+QukD4Olh5p39R4y6ia3BMEXvllW8szNtNahx7cGg/clnr9yc0z2GP7s6sQ2Q9sj1YJQSl0hTm2k9PuGBgbTCbAMn2RxjmP3eAO/F3Iz6vjEt0Z+7Gu8i+W3cPEMZkiGJCnL9JAHgSa2PBPIA0K3YcXBA0i72zB7cSjsaB8Wx4RXB/t1glhmEkGTdPd/UUUZKAYXlqIycgQy2hL8OyChz7bMvn4WuxkBBEwJ85ApdWzK0QMDr6vlBqRz4VvztpE1ZnlhEwrN6Tto7BRrSRSmt8T6j4MMjK2pBbi2wWFh0bM/p8whP9GKz3+rpKrbBUlCE+bWXLVn6IH8sS3ZvSnyMW+6tsF3QS4XloEhSez1k8zgyHIX7Nm58Qy/yERaIS7A4Q3C2fidg+uQNCAg2VdOQhpDF4YO4wEakvHsk2Ouj0hp6kFBmnsPrB7dkAzAIh3bPvxCpeJ182coDH4hJziQnZXwIkiX2MQ1X2AFBtpBmPls53y16YvGc5JvAsHGjnk0W18Rh19kyMTPqGI6PqGXN7H0fEwfpCCFPphB365sXwGpN5grAx2Z4TOoQoFB2dHPY1vjK1ONhTo7Ch6OEv8EGwCA9A2W/uQd8+XOT7S7MxOnX+Q6//AHkO8ZOcxk4d2fOsh5Cej5P+Ee/+iweifyROsa2dhmVfB2xHOSz3JtPWSRchtsp7cWIX7kw59g/7JiclP2JzlnUbatYDTmTAzM47faTVMbnp82+WRpAXXsWj1ZOdsodTvBmQN0ncFtfYC0hs6mp9PG3Eef2JhZZg28dz+w0o5f8AAkerPNkNmdH4svkPvxKbZz2viFuDD8Mem6tgp0skMhG5PbwHc9iHxf5dAfj4sDvkRbENYdwVG5HR3EiLGi7/ANvsTf1JzD4fUjUho9v3OAzozrbXFPAuyPX1BCA+2bBr/U6QpvjaP/BDi3jfI+x1JPFDQ5Fxcj4YyOphjhI4MtvXsQAwWrutmdUsHL6Cllu5z9xod84fqKQSMz1skSyOP8jPOWFM7ex2ahpJ/wD3ykVETWmsizAbHLutghyYyOs0HU+0kjcwAPf3kR3F/GH7CyATOaGyKFbGEwned5HwYw9OT8GXwBAVzkny0g9e3ynZPQLPij7Pbye81cnPDs+FufcQczs2bROkBga7hJbl562AX+JW1v2Lgh+gRFakIc7LyofcQ3y8J7zEoXPmSCfpdNGVC4u7D4Ng8cJsWd6Pxw9smfJAvyZbh9iHvlzP15MB04Q8wbP8XcOsrAhiGCnddthvHxIHcchXE1hqcadhZdLJ3mfFmgTmLgw2DMXpJ0Uk3WkYne6h1iAFsFzPqIaJyYPyBRfmIEY7wKNwIMfmFnrnb3rHkyTeFyBBZkbp3+yr/wBET1RNgaWsdlsbtQa57b6MkRxsvGbJ7FYx1lsHuz8HW0EQe7C+W4cfSJLG++lqH7tMR05ey8lDvJfH4WHTlk1UnBKLK4ebFBgQZ9Pmd0W3QSQoGyP4MnRcPjZaBwl6f8SaEfKKXofiYHOZEM5CgeooTpYg4eH/ACVbuttjDup9HwWB0kD1gSTwYPKGxG4ZYyTwVwhv0TNTctZyepyl7fwj3Fs2kYwjFrCYOIYkGtvTJbHo+JG+ksENvi+5q0ZBH1LGB9Wc8n9sG5f1svb27zjZzXlyDa2Oe5bhhZlvG/u4CgfHM7wf6su72K7TkBvUCMMP7A4EnHxD8ERRSd37tKMQ1ywM7BMLxGCdeJXwMGxOSaYcslFcSaWHUduJ0ST5UkjWE+ZvPFncgYr2XEO5OcTkrrX3bPMd3Z0vxkWd6F2DrpepgiRdJwfCsxoPPu2G78ckCWDpJqcz7kxHYKSA+Rkh7J2SV9y0G9LYoB/I6cun9u2aMMPtEge07N43z7mTNtD4vO7Jqbtrn8JQCaFp7J+BkqFJ3Q25LcsB+IFYOudbPzBNJ1zyKxo2A+EA66y2QH9mftJE2wtZjC8E4GluiORZ+EBmYGoiHoG08NsXfEDu07vi9cv6kOrn6smoP5DtfhhTvpF3UxcaIMqwzvttEHSoRbNQ4ivMrKeTh+rPhJ5xP3AidnDILqb9WvBsaD+B/knCv+RhQNkeFD0Hv2zK/llDSdgzfmYHAfU+fH9WKHHuRzvOTcL/AN3U4Z9MQMiMb2g/uDnViRDDLRCAvuNOHYxH6g79JeZuy14kblMXYJ42D95ODrBI91uELMuuBaIMLl0uT3s/uinYssidZB1/kbBk2vGM0/5AHnkDsMhTAtlOSxTn1L3OSUzBYbivzJU3Uzk45I+J9sHxH8ucov7kvRIBoUfqPIv3atSBOOSPsRxRlPxneuQR8X9tpxN4df5JfS3PYtmge+SZwz9E88a+ryGH9QADb9F7p/yciX8XiH/LgmsiNx/V41/5JYZ/pPTUD+QhV/kRwP5dQxmNTdXjZG5/t5+v9sfrZDdbIeE/cp10/kJ//CMc4fyC0X+WjQ/ZO4T+JnqE+Y0lH6C7KWaDDW8xfNvNNeEfJnEcO4blWsDmSAjSbAFycG+QxfsUTn6yXQSaJA5AFTt/HD9WH4v3ylam5BAfN5MGiIQ9JnDglFdhfRLhxzEr9nWByWhNNswJwHy2GGQGUU1jNflajvI9B5ZtPZLw/cMMN/sC1/vYUf8A0hOzY81mCX8iqDP5bPP8JZj+urYo/wB3uX/Lgi/24rmBZhslXJfiN6x/kron/YwGpMHefufFSwww/wCSgnOB9AyddAH+Qy+f8lmD5AGuWl9z/IRE4eOwvn8JBrYx+4LMk7IttCdaXbGBOn6WnIDnFfISbrsstMQ72zV8gAloMD9w0o3IpMFgakA11ej726NufHl09DPZ4s+PZ6HscA5cnUsyvYMXyYnHLpyW5fmVdAnzEoDts47dEZKmp5PdAuTz4A2yffu3ruPwQ88cZVPr82EBxI6cxG6U6EF+p+hz9WYuAfDL6+Pq8+T+y5gv5L9F9FtBf8tm8/tbA+v2LD/jIZgfzLsd/BOdv7PYwsH2NkI3+XKOfQSPB/l9Y/5IftB8OQD1Z4YuweeWncGIHlweWHpGHycE38ITfLxLhlro/g65L+r+YP1JsYOz+rY1+IGTnskbzZEQhH8Bvj3ZwHRAwGad1+JM6+8gmZYXRi7GMiBIGREkwzftg/c2LX3llx/sAnp9kgL+psPi54yyJCM9tmsD5sx5K9bDh2DOduLR2GeT+RPYvbhDqM31dcip6YHE55u+z7vgQoQNcAt16f1ZQU+id1kyI79bGGJ8Gl3cj9wHF/oRxgP2IH/wo2c4/q+Dcg3ry2NdQ7uM/AX/ABnBH1vYSaySlt295rhJzuQAgJMeQbw/Ak5GS7+PZYWj2fwtuzJfwluQ7P5fLTn4CiIaGdcFhKc+rNv/AHHfaA4uWcPZ+WhcKGxzb4WwGNgwbAHxZGOy6diDpDnPLsTy0e749tnbrPu2QDixbjDgZ2+W2Eb0bIBsAD4bLB7aHLo+kmzrZ/2Fm8ITqPqZLtn3yFA8/Upw/wCR4wMJ7z6/HByPIQkbUcgwB5fqiG5B8uWTm7YVy5tuX6zqaeSn5gU9hwEIHzLsf2fYNsx8hdF5fEFxDyU9/A8iN+Zz6lTw5AlsN73GN4wDq4Xm96ld4QIPiLzxuT/Yv6gxBGLj8C5aJ+Et5jkIDn+zjZk59Wc1tSBgKETZ7Ojr2+dF4ibKHTLTxPnkeocvPNM8cHY3TxLZTqzHOQ3OJ9Z4/RLkx55DnFd+5sd2eLrYez8/bwElgMuX2WECEJReTgtI8tJxgnzB9hLu3Pi+b++WD5MSuM/FOHklZG+', DATE '1998-07-20', 'Valencia', 'España', 'hola soy alex', false, 'ROLE_USER')
2017-12-20 20:14:30.935 [main] ERROR o.h.tool.hbm2ddl.SchemaExport -
				Duplicate entry '20' for key 'PRIMARY'
2017-12-20 20:14:30.937 [main] ERROR o.h.tool.hbm2ddl.SchemaExport -
				HHH000388: Unsuccessful: insert into account (id, email, password, username, name, surname, image, birthday, city, country, bio, privateAccount, role) values (21, 'david_vila@festis.es', '$2a$10$Tt.xX1i5lzepgcLs1wNH/O3EqLA4Nxy8pPuhtB36Z2lEg2TeOOY7.', 'davidv', 'David', 'Vila', '/9j/4AAQSkZJRgABAQAAAQABAAD/2wBDAAYEBQYFBAYGBQYHBwYIChAKCgkJChQODwwQFxQYGBcUFhYaHSUfGhsjHBYWICwgIyYnKSopGR8tMC0oMCUoKSj/2wBDAQcHBwoIChMKChMoGhYaKCgoKCgoKCgoKCgoKCgoKCgoKCgoKCgoKCgoKCgoKCgoKCgoKCgoKCgoKCgoKCgoKCj/wgARCAMmAuADASIAAhEBAxEB/8QAHAAAAgMBAQEBAAAAAAAAAAAAAAECAwQFBgcI/8QAFgEBAQEAAAAAAAAAAAAAAAAAAAEC/9oADAMBAAIQAxAAAAH1TZhEkLGTEBkJsVMEABMIE2JjWMlIQwTGJpiGxMATBDVAwTYDTAHAMsTE00xBpiGgAEpIIziRU0kSaVDFSkkBiqu2tMVN1ZAnCoKxEFJ2RjJqiQJTigpMhJoBi9EYgDli5CJSITalTZYiSExwmAmNUNANiGCYhsAUkJTQlh4desPC3ntHwuoaRghuEwoAAAGmIkhKSBMBMIgyKmoRJWoYiGCjZWYIWRqCnGFGTqttCUikwEKSJuIBIipJekNSDTAZKmAMBDYgYhpBpwmNUMFIABAMsHHOuuryHmK9p5PhupwixiKs2862PT+g+aM+zafkn0nLpOMgBLJAgAMASYomqAEQEJpwAUJoJJhXZXWKMokU0JSVKM4iYJEkyuTATYk2sFNHSAkTUiLGoDhMABiGAmoBsTAQwAYhhHgnzXU9NyeW6IyVIZDLI0h2FWipkJWVEvS+a6cv0u/5fKPqx8o7B745vSBihgCTFTBBNAADTEDEDACnVbUYoyKgpxhKQKMkQjYWRJMiNqlIIDBKaN7CAYDTEDVSTkEwTEAOAaAGCaGV1Vpq835yzHyJRpgElZGojmtlQyVj1JzoQkXPSzJqqmbeZVEvszSOx9C+Syl+1P5N6SPalNwASgCCYIAAATQNMBSoqtqjGmaJBCUgiNkSSEpFRG7EpKIEkELEbxkJMBjABWBCGlBiRkmCaGUTJGXjF3F6vk7FwnGgaJBKrI21xC2uVVW0zJdHmTiqVeyt0cDJ0OZQTkVS0szK2sAa9X6T8i1yfYjkdeVDUA0AhRpohgAAN0qbqTGpIQykNIAhpiiYkSQCaIkha3JJuYQmOhMhpigECkqSkgTULmLmV2+T5zz1ehh5tGnMNGiVRHIhKUTTSEQQUnKyKzVenMlpiueWnpHKs9LwzA466qn2KDjwvzEooJII6H1P4564+hIeagYgAUgQMTUqTTDPozmVMqI0gpIBqgGoNIAQ4TREYqhOJvaaAyENgNKAQIYk0PDu8wUdHoeR1OFydGYi0EhMZOFXxhoKYuAOMgtt7kc/uei6p5jZ6KZ5KHrGvm+l05px/B/SfFHjpXZjbDLbVauRSSZAYpfQH1XufM/peYKSlEwBxGAEoypMQZ9FFZFIIsERJCGxKSBjojNERqENCUlW0ZkAwQ6ABjUIaUQ4r872PPnoPnnp/nmoVtU03EWipuveYzrcwihj6c/bxzPRS1y2XU3FjTIEiyMpsyeY9bxjwHF9jyjztl9JO6i+q69GYcAVDRZ67x3ck+i7/IeoW8DIBiTBSTppqii/OZgZBgJpoAxJgSHUVJQRlEAKUbIG8ZCYCGA05UAqUooOEjm8Tr8ZPOcslWaDBSSoBBJM10QtKtlPaj1nSz2w9WWS7dOPRGkpdXOudk22U87p418l570/lUx06Gc+rsYaztgkKhpyqyBG36t8e+snWUlKDJCMkMChop576EyMAUkoNAMRAxoATiMAiNUKUTe0Q00A0rTITAE0Vk6Th+R6nnrKZV9w8zG6ipISACym7CWmvpQ+9TvNtuS2WdlGqL9FNpbONhOSnoSQkcm2uXyPmfceQriwaSahTSpcSUUxMStqZ3fpvy36hJcRnKJkAFDAFJUZtWVMrGJxkAmA0RYDBiJQGmiJJUJhtacCkKk2iGpQAQIOV1fGmHibuHZohZ6w8NX0eaAFEo2krqr4t6GToHW3YNojPbGroZN66LamuuWVSbJcrNXoHxNxthCwp5Hars8HxPovjjhY9eAUYyoTUrB1J21kvqXyj6FHqL898SQxMLGmSpip5deOzOxQDkRGCUkAwBMEAAERggK3A4BoTTgGERixBlXgPZYzj+b+n/P7LtOjgpzMNlVqkmK6rRI7qp26ury+nHe0ZNZiLKzpa8dkunPwuAey4vlaD0EOV0a6HpeL2supr5uk6BXZRz+k7Pmnnvr3zU8+tOaicLZdET39cL2OfnyZeR6HmS+7ty6xiYAUNNAAMmzGVIBSTUGkQAmIAYlJDQxMBJo2jQSiwaJWmgjJUmhOBsxdaWPkfSWHk+fZGzzcZwEBRqzaUloz6yV8FL1N/B3HTrxwOzycmY52fXqMF92Y3d7gbj1N/G2m3Tzb5e1p524ubdi816jHXzHz/s/PRyNebTb9J38W9PR34uoeKl0XLyPVfL/qGaxiAGjEiQnYZNeWM5KIwBiZFiBMAGJSQmACAUkbBgJtYkkiYSgAlLKcnp8/eZt00ef8Z9N8xZ4Wm2kYFLRntTTqwI6MeUl6t/HsO5DB0Yvt9F0zxGL1/lDj0WwKd2Ur6Zv5fp5eH0OnamDbKQSaFER5Pxv0r58ecJqul6nw10v0j1PzP1tmqnrcyXxP0Pm9KJoATKAaAAZdWQqTQAADIsABAwBACYIYCA2gAxKAI0wQ1KRkGe6UQEEed1Kq+NUb8Fk6yURaKaskVysgQZEn2+D0I+rdTkds53H9HkPmnN9b5Uv28vevrux5j0cdHRnvJzquskmipTrMniPd+KPImqos6ff6B4S/6N4Q9vowdMzacHQlixVJJoNFNxcGTXkKkwEwABAAMEAJiGpRAcQU4m1pgAoDhA6SkoQARYCUIsSp0+d+b9F52x9Pl9OOWBWh1yKq5xLd3M3GLZl7R9B7/m/Rw42Bh8j7yg+YbfZ4lzdPLDLr3cfYdLRh1Vaoqx1yrKvOej5h4DD2ece36PL9BWnj96mIhnKtsZSgKhggMExkcezItSkhA0GMSYIEA0CYACpMSKkjcwAGqBohkqEANABBVajPK808P4n6h8qse7D6k8v0Y3xyn6HgFdilRKytKfU+W9Gvtu/xO5DcWSRIx07q1w5OvVHKs01l2vn6V2uiVzKIEc+qo8Zw/S8s9H3uD6MmOkPnV/nZfrV0ZEkIAKaaGxkcmvGlYmKSlCAoSapSESZCAoAECAYbGAAANABKAAmQgBoATKp+QfYvlNnF9T5W5e9q4lie35nreIfOJES6LiQ7HG9CfQerz+hLKKrsunmsLIEBqU5aM/QVcu3VCQmy0EwhYjznP9RkS/p+D7B6LyOLxCv1HmPqx121A0xMKaGAnEcmzHZVKMgExpqVCdgCAAQ2JMIk4iHEr6fyP6cbhpUCRgwQStAAECAACr5f9V8DqeNs39SvL9m/18cz0e+g+WYPSebtnFwkj6ny/ZPpPU8P6iXpPn8k9ND57ee0WbYQvrgmyVF9ELEUxsrE0xgCzaMx4bqdTQvg/N+n8wmv7D82+nkkyUTBoQwBuLpY9mMgAiBgpRVNCMABSEpRGhDExAj5b6jxHQPr6z3jAlABphFgAEAAgKPFe28nXj/Qed9NZ5L6v8t+vSuEknk/AfWvl5niFsbqpRv9F460+h+fzbou3bunGi/HOtSzMvvxaauikjhKIhoYIWa7JLHTl1HhvJ+3Vei6ilAChtNQTsBgmnUce3ERARNkIcaBsiSiAME0JyCKkhRkj43Ktn0v0vy36gSGiSBRiEBDAACE0U+H0fM15TVwvZ2YV6/JLze9b1or8F9C49fKY9jkWRUkRUoy329ew6XsfFeny6U+QzoYoYDsX+L79ejlg3oRChOJKBVK8dmU0ac95xOvimdYCgCAGRYxOLsGmLHryLEAJJpFsWKahMLBoGhgmgTQk0fGyu2yX1D5b6ea+kpkNAgmlAagFgMEBGaneHh6/cePs1+l+cepl9BPLrEEjlfL/snn7Pl5ZUtbbt9Ds8rCTr5cUDcqvRHB1+67p4bo+uoMHZ5mrLTKqVSQkjlt5E1ZVw/Rp0JtVQStq8TQAlBpWJommjAqGbVkiIKgGJilaAIyVgDEwBMExBRLzS+BZOyN1BH2XZ5D2AhoCUZUxiaYmFCZESSAAUk6TCGACA8L4n7X8ts4rK7SNnYOX0+rrk2+i43Ul3zwROhXTIgSkSsjMImEr8teifref0yyucCu2mytIEikFqGpRoRidgwIZNWUi0xDBKQRAGJAwGpRG4g6rOEOOLrL8pnJpozJnoPp/wAf+uFyESTUoNWDTlEMBMGigCAAAYmMQAec9Eq+Iw9Z5SyXQ51sde3i1L6Hf5P0Eel14+vFls7KougocI4Lb/OkrIdO3Wi0QsWZEIuKTcJg0wBQA6GmNDK82jOJNK4tQJuxACGKJpAAGZTLxFI0dDJsr5rTTZFsZOo/Wfkvs49y0EkyVAwAAABSENWACiahuLAGo0rBNFPyz6zgPjz388npx7Tf6Xgd87uzma43PM4srrykOAYK6Heo7Nld16MjnAsQSxpvoOiJ2ANRMkBqgAbQQyas5FpyxQU0wJREcWCAE1Ij5fq+dWd0LDqaCs+Y201WaaFcmfp4LF+zWYd8JgACgmNSSJgDRK0yxASg0DQAIaCkBl4/5/8AT/mGj24dFdTZzSPT9DyW6PVx4Sjs8Ln5C/vV+k0t6NOuxRsjGWrVWtbZEc2mg1XcvpVNADRDEWNDBpkMunINqIxMYAApWBYRklVVvBTm56tFui/P1F6vN62CT5KrqbNNSvFGDPY+/wDin12NwMQEDTtAEGgGmqaAGkGKUYhxaBCpqUI5/wAh9x4elZVKtcs0pdVvPinTqw6ifar9Elvczb1tugJNRrLKSKuDjDpnAxSMsdvR5bj19BOL1qsGkBMYBXl05wQCAGwUBIxA04y5vI9PjWvXVbZs7PI7hu5HX40nyUjKpXVOLqpqo/Qvnm6Psqx7RDUrUlQAgxAwAErAkIstBEClAdHl/D17vynHpJSUqi2hiCTjIfU5eg9/1vP+rkq2ZZLfXnimyqqZZKq1SEowq511nhOcOqruny/0csR6fpec1HZKrbGhleXTlE0UwIbQompBp6PHr89HHjXc1dbRuTb2uP26n5z1HlZPl84SHKFhZZSUpqMeu+hfMvphZGSlTFZJAAMGmRBLIShoKYcmOh8953EqUE6SaJNMYNQYiYDlGR0Pe/NegfTI+U6EdWdOpLrIWEZpqRUUKb6VpnCxMPo/P+gXgcLqc42ac1sWbMQd2/z2yzoZLIEWmrlAGIGCRuEjP47s8CWVlOq3RqzdZKu95zunQ8t6vzCfKWmO2qdLTmtIyhOO99J+Ve8PRAxAAwEMABUNDRgN/O8l5Q9L5WpUIStNIAUmmTcZQTUyBZEiwLL8+k3dvjdaTt7+L2DZZVMshKJCNkRwsRQrqDB3eGpeVbRcaLYzLb8+1ISlGq2oy32cl11ni0k3BpIEFVnCOPnE1ZqWipd/HCS+3fyz0fmPT8CvkEp1sjCVzhKicWaPUed6MfT7Ob0xDQMABiT550cHjfMHqPKVC1k1UFJEQAQxDSg0OdciyyqwukamcNfRzS06c1ldjqcLoydzpeZ3Hcv4/TNjhMUJUmhzCnm9HiFOQzS2bqNaTvqrXfLBpNluC+pxjCQdUrSMZk7BxKVDqPkPR+aK5m8l0cuo1XZrqvtzWnQw6keB8b9v5SfIzv8AAJiCeii832xsj0Psvl/vTqgAwHVzvBnb8lKsqVqqKArjZWRjZFYiZEaVsJFGaVOLslOE10bObqToVW2y8yOymqtLtSW7HfJ1+r5veeh18vfLOiWM6hy+cdTi4qy3TbqKpzkUX22ldqSScGrhbCqZWVwnKmr1CRO6hmiipnOyerrPObrhMFu4XLn6WQzer+b+yOvFpOX8s+z/ADs8iBT15Np0NFd8U+k8/wBM946+MdXyPAykqyIokqgWBVHVUUxtCqNzMxcLQr0VEmRc0sKtiTJKUVnOpm/Xx5HXyU6JKpaZmFdXacDb0ZnU6Hl4R6HFyq615zaYuzq2RCN7iFVsR3QlVirCyFaLZ5rCSiiZB1dCESV2WRdSo27L8tszZi3RXidHidCutXTceayek8NL9UixleW9VxD5QTVG3Lsjo6aLiu2FCdjz11Cka7UJySosjTq1QXPOdSVubWBKlIxsqUakVx01jr0wK9WCZtpt0nIj11LyZ9FVlt1KTNN1mx45GiFdop6ugcvpbdhDS+cdSnl3mjoYtsUqdRfbkuLq4MjKuRbOiVMhBLoutbISkVTjYQLKyUlKnfVcmXjd/lLtuxbSrw3vvMR7RwkkuT1eWfKIWxSWvLqXfdTNFTGKypupFqybh020jnXcUV7K6qd10YI6YFcNitwU9PKmabaynXaTVrirB2aDDu5+wp0WYjqaONedufN6CVnSRx59dGG66I9XIqOrmy2lU7bxaQNjosliraTVLJJbmTQuy21ZZTQWFYWSqibFnmilCS3RUDS4QLpK0zV6Q5HQoup87rZYu3eY9OhzOniPkcL6C3Xl1mqFc0JK9aq7IFGnP0jPOvUV3Pec+OkKb815DJuyLGyqywx7KFyV30CvhM0Tp1RDRjtKoORsa1HDj081ZNE5Ro2c6xOlQ7imGmJg03IrulMrd7CWisndW5RxtVFtKX3U2EbaLyDi6We2JIdBIgF2nBfFjo0VbVZSWXVTqeeWCNFN3Jt6d3ju7HA+ifJfrCSzaabPkWfdzzTpx6I0SxbjTKEjDMiPr8jrnPlXSdfZyukTjblMmvJK3Zm35UwxkFuW+JilbYtFG+lY68O9GrlGaNtJrvw6i3PdJMz0yMquRZNWlcbEM0Nck9UkzaHMhOy4hHRCWpaEQtnMrlJ1CSRZGcjM51FkIzqqVlEQvzXl2jPqqnHpym+YScrJpqXrcPtYLfNyOWvL+vfG/osx6yE4nzHhep8rV0oIe/FWd3fy+9HDzdTlGrpczqJzud08Vuzped9AdbHonHMhu5a9HJpgmGGqCqwurHn3Z4rhqFwbaLUvtjYaMepGKx1mu7FpGpWJOpwJ1ypN5RUbrMFhsqjYRkBm1FgqrpLOjXmgtLDLbfKzHPVNrFDWkxx0WHOnpz1pq01xkhogX9LLtOXGNZ28VuQhnTXr8vqYE8/yPR+eXiek81tZ+wvNoPF+H+mfNRpOrqdFJZ6rx3ejseZ9X50Xf8/6M5mXdzawdzi3HuHHRHM5XoeKuizPEvKkmeyqVEZqKIamuOrVQX306yqdoU09KhMm2ma36I6EyF9ascEsjC0nECnXVoWI5lc6rYtUaLLnRpWc674jOyqkJlGhMrevKZqLstdCOjDFMaMx6i/BaUPNuI44StJ56zrcjeScDR5eS8sjO5+o93559DlwfJ/sXylObOM60U35i2jXlPU5qOrHE9V5b1Zj5PawHEr0c633O3m9qTJy+3zjEq0t9/N2jzdSlITqmoJpnovYXxatxsJRUim1SLrs2mwdblmqwnUpJDVmZfbgkbDBaXSqgu4ptC2qk1aMdhrpQKyFRfKq4ujlsK41Zzt4LMRhWLGvtlizHVnkzpl6fD1W1ac29NzUTxPL6/FazibPQ+qfHfoJ6z5f9N+TyYHGVbcnQwEwiHr/ABXoCj0nI0Rs4fSwGXkdnj16n0vlfVyxx7MJio10GPbRpN8KwovxzSUM8ySIGumSC2lFpOksZcuPROunZJyTKWTjnlbKmJJfZQza+el6Lx2Gx1NJ257FtnCs1Sy6C4rmLRRcRTRXj01G7Fu51cLn2Uy+gzQmvY4vSrueffflWvpYbTpypzFPmPpiPjMotJ9/z20+n/KPdeDGmJ1c03GSyi6qJxjJ6DTw+6vU5PT5pyuZ0eave9j4f2JdlMg81uVMVk7FusnnI2SSVWzkV5d3PrToyzhFTLZZtBeUTHCdgUa0VQlYVKwtyuyuLtGXSFOrIS18/aa1RAvTmjVqUuLCpWwUukkgy8yZ+jlNXJ7PIt83lcDdtws6Nma1HkvzG2iwXZZbA69r2J8ISkOcUdnk21IwRs1YO9HAFOq4zQuvzJyepoo1Lw+d0OZXS9v4T2p0MevOYKlXKQbNFc2KkuSvTnvqGeyZFkJYllVOc5pRfZojHDsaDg3eg0V5ePr5HkI+4tPDafZyPDy9sHkKfayPF2exceR0eoZwJd11wH3g5Vu8MD3hklqDLLSzKaIFDtmef5fq0vzXB2+IvQrqC6bsVSzbk3ZrUne6nI7Un5+kiiTib8mzOtQmkvQec6xnydfjxbTONbsemmOrt4PVMHP6XOrR7fwvtzolqjj0bEYDRYZ7et0zxdvutZ4S33hXj9HqA87Z30cvVrCouEgTaxJocZQGEiBIE1IjIkAwiNgSCEmIDaxGgY6IyAE5GmLByRRzOt5NfEIY50dlYRtpNmvJai259C7tvG6afFpwYrK9Zro6VCcmddhDXnivrfNegzScRBUehzdhm6OC0uxaM5L3nhvqS6LO+JwuhfGKiyknZTaSalUkwSmECcaUk4BA5RkAAAhQlEY0AMcoskDEDGCG4tG4tWkDaaDi1aiE1CRVdzVXS+e+5+by8yqvSvVdOEs1VaLJ66Lw11bIr2Z6j5TKVaPZl0L1nK6TzSuorRRqqXf6bw/r081n9L51YRcDVSnE59quzk+08b6I+ruFpmp01lddlMls6rLbCLHKMgcUTIBYRS2KATUGk3CQ4usVVtY1VYE6ZFqUTS6rRxkEkADYgiSIugTG4qJodRlEjNj3ZTL8s9t41ZdTKlvz6Nhmt2xsLtl8tV9c0fD9FwI+cShfRODO7dXrjgYe1xks14L6q0mRfZ87D6VPKZ+jiMrnWehnyuocrrcrpn1vVythfU4xRltxGu/n67b4kYsspaTEU5QCwiExBOIwGiKEQhJxRaqKsnGRJEYuvx6Km4lTIhNwlBGcBuLBxmELawnTbSUoxTVbx68ZhyaJdeSnWatmfrGTr11mmlWS6SIl3Ow+bt85ry6WahNe/qhtk5fG9LyTkWRS9TPPpp5/0HFgeq4PUZwqdFFLscPcWb+brX6N2PN99NEqWQzas5XrybSMALZRIscSpiiTcZBOEyNlcxtOFCUKrjKsnTfEjKi9Umod2eyy6dbLHUi11zJpoTQRZEsqnArvptScSK0fOvSfObq+Cgmvr4+iX2ZLii6GCO5XxsK+g4EMMiSjbmlFpGcLTu7M1Enb5ctx5Knqcol3eFdXU43YgczqczcV5ujy1iiJs0czUnu/VeO9YbEhVmvxpboz2FMq7DS6bYm4qrVFjnVMnOuwjZBk4kRwlErbgSdZFN+NrpUIlzpLNbgjRXKsnZRcWwlEUozIMkKM0VElZJLLL86891N9vLtMK9GmzTFnV5c0v43V6J5Tf6JnE4nsfMLxYuJmmDKkB6nphGLOBRwQSLC3q2gYsoS78gWZWCwsBPY+wA6FgLDngmgCM9oVZIBRAtuBUwklaAkFTQBACpgSmC5qQS4CWCCrgEtkBXaEX0hRYA4gTQVXIIXJCvl0QlruC3oRCXb6AGdyCFADL5wF8xAK/8QALxAAAgIBAwMDBAMBAAMAAwAAAAECAxEEEiEFEDETIDAiMkBBFCNQMyRCYAYVNP/aAAgBAQABBQL/AOHZL5se1/8AxEiXxY9z7v8A+IkS+PHwP/Du1lNRZ1muI+tyyutZKtVXaqp5/wACRLz+E/8AAlKMVqurVVmo6lfabsjfdSaKtXdW6usWRKOq02FdsZr8yXh/6GSdqiazqzgX6+65e/HHbSaudE9LerY/lz8fOvavym8LV6+FBPq8279bbd2fux2T4I4EsvQzsqnTdBxVsGLn8mfj8N/lM6lq1RXbN2S9zXZdn2a4Iv6neVKy+d8fSdWsvpdfWLDR6uGpj+NPx2x78fE/yrHth1K/1r/axeZeEY5a2jeTIhrkp4lqdUpm9mRPD0uqdWop1lNqWH+LPx+A+7/HyWXQqV3VDUdSvmn74LLkV/cvumv6xFcTGZNEniPbHdSK9bdUaTrBVbC2P4U/8r9X6w/i22S1mpM89/2+8OG/NZn6pP6WVrM7ZqMa3iBLn2ZM9s9tFrJ6V6PVQ1MPwZ/iP8Lg9as3Jll8a4ynZqSfp006nXymvavPkfsT4j5lLtU8EpZe7iLNrGRRg4OPbptRKmWh1Sur/An+I/wZS2qO6+TopL7q9KS6grLJ9Tk3fdO6XuRFkvdj2JFcSWWShgipmy1noTxsx7tHc6rNNcrofPZ+I/wdRdGI7rbDVTuiSlKXxfsffAomxnpZJwwKGSNTKdI5Feiw9Wtk8lU8OOp2lspslMz7uk6txcHlfNP8R/gau5U16eh2TvsSlr7fUvl7kIx7oxyVUORHRi0e4WjSLNGsx0JXpUpKhZnFQjrVumxPBCzBOW5v31T2WdPv3R+af+Jqf79VGKS6lbsnYsL2wJEGPx3wQr3Gm0rNPpcJVojA2jhk2owhIvjk18UiUH3SybGbH2z7elT+qPK+Wz8R/PPiOje/UTnsWp1ClqbJbp+2PAzAn3SKNO5Gn0hTTtERF3wbe0kautMui2TjhmRSZljyjJx7IycX07V6jGn1Mbvls/Efz6x4q6dPZPql6qqcs917aWmWVrDXZGl07nKinZGAhC980XVmop+q2CxKJtFAxCI3EePd0zU/xrLZw9WqW6Pxz/Efz6nmVf039V1Hq21Q3E/u92cCt4ZgojmekqUYsi+ciF75Fhq0T5JZMSY4tdl785WnscbKOa/jn/h3P+zWP0CT3zUuH8CMCiaKr6q+EIyRMmey7Lsyw1US3zli3Idial8MfPTs/wAf47PxH8rMmrlst6hqHc8YVdW8lxL2owJEYldOSitRI9twuSIhdl7bUassfMpGTdgckyWPg6PRG29fSvjs/wAJ8HU7Vbdcs22ra9LHbTb9/tQkRKolUBCZv7QEIXZe2XJqasmoq5ccSMol8DR0u309TF8L47Pmf4mvt2Uyo2U6fE79Y4+rH1bVODg/YhERcOsqlxnjcZ5RX2j7F7ZLJfRkv06RKKJxwNr3pdofd0+z1NOvjs/wuoW7tRq+oSnGEZWSv00qV0zb6evSWo9i7R7VIhE/T8xIEeOykbh2E79pLWpENVkjcKaY+zWS6nctVpmSJxw/bgxxjt0iyPpi+KzuvzrHtrjVLVWvpVddNMWrNc5ejpcRWtedR7EIRE05BcY4ksCKe24lbgnq4pXa7l6yTHfuNOnmqvJFYIyM97qty6hpXFvkxjulkW2tRy3o+n2WuNWlhDqHT4Th0efp6oXxT/wdfLGn6ZHZXd9UXDbdP/yKPUfp2cy9n6EIpZXPhPiwgQeB2I1Wt2lutkyVrZlshDJCooRU2biDF7L6VOOuo9K2yL7p4K63ZLp/T41x1Ctsb0c0USdVusp9DW1S3R+Kf+D1WX0adba75YhdU65Rk65ZVY/PsXhC7RZGwhYTkReD1eL72WvLxkUCMSuOSjTyIUSPsFJSIEGLvg6npVZF1fROOGUQ32aLQRpVksOrGHHJ1GGyWuh6ug6TqfUh8U/8G/8As1SLfqdtSnVH+u/q6jva9sXwkQRgwRZGROZvHJ5s5HFtxrwWcGSGp9NV9VsiQ6hqkodVgyXo3FfqRIMh7NQsx1Edk9XDkrliWl6h/VLNsqGoRXK6nH6NudB06fpa5ePhn+I/kbwtM9+pn9JVFykarSbzVKSlOWfbHxEUkb0eoj1CuwcskRQyKh49HaSLfPbSWqqzS6v+VB6SucY9PgnChxI18pexnU6y/wC1ieHVe81aqrbp82OvhdRjmrS86avSt6+Pj4Z/4F//AD0sPTHHe8cYGdUocifEvZEybjPZMUsEZlf1S01GU6UldXxqYtEkRXMkRWZdNr9KqHK7r266Oa7oEvOCKMuL0WuaNPqsk/7K9PHaVU7bPin/AIGMmznGO+Mmqh/VesWkvdj2JmieZaNLEkSrNVRFw1On2iqeVXAqSiaeRCRHuvbfzCxfXqY7ZwjlQi4yel9Unpp0uq2Sehs31Y+uPM/in/jXLdDWpxvP2013wY7Mx30ksT0HMBlsMrXVSRJvKbK5M08pMqiR7IXd9p+NbHbZqEmaV4np1WyiiHqWaeMoamj07emx20/uH/f4WS/Ef4fXIKOpIffrue6QzPapKUraYxP3pV9egf09sFtSmtV0/l0uLqr5qISExMQu7GSNdWaiJS9lmm9OdVCw/wBT0u+yOIRFB+p8LJf4cuD1Eb4k7YI6091wvu1fMe1bJ9mIT+l+em15lpfK8d5Isqix0o29lIhIixP2Ptq19OpgUcT0enXZeJiRbZGBHlfFL/EcUz0YCrij/wDIIfTXg/8Ab71JYKqo2USW1+TwPkURjOmfZpfPsaJI2koEq2bSJFkRMyZ73LMdTEnHEum37oNkfDLJqEdTqf5Wup4r+KX+P1Wr1NN4a86SlWrX1ejdoa5Y1GldqlB1yF2l26fI0kfc+7Q4mBEWL2zXGtWDZuNDptpGODwNnWNbl6DnWR8fCyX+PZHdDXVenqTp1q29X5t6LGMpW1OmWurrtqxhiH20C+vTfau2TPZ98GCUTAvdLxq4ZIQ50sjI2dU6gq4ylufRNPusXxMl/jyeF1Z/+SVzcJX3+saOz0bdPbDUVdQ0q2T4Yh9umxzLT+B90ZMme7Q4G33zryeikfy/QvjrFJdR104wlJylBfV06pQo+JkvxdHqFdX+DLx1KH/lY5UMra86HTTmaaFtFln9lWtr2XdmfvpvBTLiPPfgyiTF2i/Zj3smaulvU0VYXWOGihZuoWKfiZL8XSaydc9Ld61f4PU6v/Mori9ZOqNWo1ij/I6RXihIlE6vHbb3/emsUTT6nmu76d5qOo10k+tPNPVN7pe+ODHZP45jrUpKOF1tfWdG0/rXrhfEyX4jKralR0TUZ/C62mrdO8azq8HEcpXW6OHp6c/fXKs1+xcEJ4NJqy65utaTdOWhhI03Toxda2rPZi+OZDy0ddiUw9SzQaWOnq+NkvxGbMLRW+nbTPfX+B15P01xbrNRv0mj+jVRacO2vhvo1Ffpz75FLBGzmnWuMa7svTszgTMmTcZIv4WTZDydajmHSNBtF8jH5/Egz/26Pdvq/A6tDfp3JRnTbvs1milGOm12opjDql8zSWXWuyOYdRp5fD9sUxSaOnTlIiuEjBIlLBXLIpcp597Y2TK+3UF9OladPySH+Lkxx0q91XQluj81l9dZ1HqFcqpZ3afTquqMlfF6V0zonDvrKt612mdcvboqvUjdo9p09+kfzIJPXQP58T+bWX6mvENet1V6mqJe9skyTyR8I1kd1fT041fJIf4uzl5RGTjLpV/qU/NOmEz+JUdZ0WV0fUw9OM46e2ucbI7Y98Gq0sba9TS6LezF50epVUbdWpKcz1T15HryPWkU6e6+UOlOJDTyrKJYIvK9jJSLLCl75Y7W+NP4+SX4s5qKi2jc85Oi37LVyvnaUjX9K3Sqr1NVlUbUU27vb1TSLUVTi4S75NxuMldU7HpemORT0+uCppUE4kom3BBme7Jvi6zCndulo4bY9plfj5GP8OcsLUp2Enue7jPFE9tuknvpf4OO2F7utaPl989oVSkVaU0lUcVxwcIyNjGR9jLp8ai3c9JRlwWF2kVePkY/wpPCst3OEcmNo5ZbeWdDu3Qf5NsVOHUdN6FwyMeaa4m1JVJFPArEbxXJvPdGO99iirbXN1180xwIz2kVfLL8PU35Iop+1eFgocIk8OfR7Nt65/K6xp/WpawyJXM9Rn8jafzCjUtkZORXDmK9m4ciyeDUWuUqqyESHAu8in5Zfhaq3CIkBSTJbSWMLGNA8aivmH5LOs6P0p9lI3M5IrL00CpMrEvbZPBdqNzoqIwFEXsZX93yS/B1FmyG/c0VrJWvqpqjJ2RUZURjKdyip1y2WdPtVtH5V1Uba+o6SWmt7JkFkqrNPXxBCMj7Nlthfbk01fMYkIGOy7s/9/kl2XzSeFqbd8o9qV9MOJRyQScroxiVxjJI6JqOfy9Vp43w1umlp7e1ZWyizBGxCZk3DkTmaq8qTk9PAhEwYJexn7Xj43+Bq7cREhcuuP0ye0hbxKn+uir1Cf0y8HT57NRXzD8vr0PoEVmSqwjZghaepk9Qlbg1OpIrfKitlUSK7MkY7skV+PjY/mslsjdPdKPLZTHmC41q2wsgomWzmJGvMIQ3yr/ru0c99P5fWY503aDE+E8EZkLcCvJagu1GSPJpYxZXXxCIu79siNuxp5XxS+fW2j8wR5NLA8Gs5q/QoblyOMqzk6Nq8NPP5fUIbtNLhiEzIpHqHq4HZkXJRSaevBUR9jH7JE1koucSNsZfFL5tRZshZPdJckSKNPEwar7HzE3PCqntW6Q2yibrs0VnqUfkuShHqXVUSeX2ybjJntXDJTpimraVxIoXbPbPfPZki2HN+mbS192nnptfC1KyL98vm1luX5Io/cFzQM1b+heP0Kc2vqrEZ56JqFs/HttrrWp6vCBrOo3X/CjT/dp48KJHgQ2bjcSkLs+7JE45ho9uzV6SF0dstHfCzcU3e6Q/k1M9sLJ5lE8EPNaKSaNfxBeCKyL6JWWOb3ZRpLXXbpblZV+JJpLX9WUC6+d0s9l8NcsPp96aXj95HLvjsh9mMZ+tHZH1WjrNf0aaX08FcpIjPd7JfLrZ9oDKlxX5qJeOo/avAm0PJGf0UuKJYbjjHRdRiUfw7Zxrj1PqLueflRprnXLS6pTjuHIyLkS9zH2RS0tSdWWa6lhIhI3vdG9xI2Rl2n8l0tsJyzJeXw8bo18JcOjlSOo/YvHZyyqmlKbTm0u3SoL1Y/b+Dq9fVp1r9dPUy+dFFrrdesI3biHKSF7H3fZFU1K9eOoy3TrEIZFqRhorukOSfya60ZB8yjk0suXDBM0jyp+Nb9q8dk8Ly7FBLBg0P0TolmHz6jV1ULW9WlYTm5P8BEUVLmp4ITIyF3fsZgn9ujf9109lcpb3AZEjgUEhIlAw0b2hTT+G6WyFs90xRIM27XTJWRvrwtHLDfK16+leOyH5UMxisiTZRI6Zbuj8t+rqpNX1eUiyyU38i7YyNd0QIIqK39UOyfufa77NDJuWttyMiY4SIReUNDyKbJTQ/EbGiNpuRn2667svKiKJUspJ12f9IV5hcvt18foXj2RTkLh8xKs56fbtsi8r4r9VVSazrDmW2ym/mQu2029kQKyHisTwbxMT7Psh9tanKvTTcabJYK+RIXZNI9RZUsnGGOKZtMI2o24EmbjcZLpbIWz3SK1zGJGOVGODGVVLY7Ybih/TrFxOLg+7I5Gmm8sq5VT2z0dm6v4L9VXQtX1acydkpv8AAXZCHEa7RZXMVhG5EbclcskRdpeERH21qlIztX3OtduESkhNCimbMHCMZHwLJyZkb2KzA55E0+2qhOcZQlEiiKSEyDHMjIkyu3il86tZh1bRctNd0J4cm5EHxDwdNvw4vj22TjXHXdVZOcrG0YMdn8C96ER7SRtNoonJGJXwVSwQmQkZGfuLJMstLbDOSEBdnFSI1RNsURH5wYNuTZ2wbjePkXeUFJX6bBBMa4qj9NqacJPG/iTaKNXizPqVSipK7Q1WLqOjdDF2yRIdq57JaK1WQ9ms1sKI6jU2XyePc/wYyINGCS7LtkixTKrCp57NjnhvUKKnqckryH1EKxdlgSRgx25XdmBoSHHlRMc9m2QnzHDLKlIdZHgeGoxHUTgalbJ9Ou30dtdT6tWorddnesgYMHSp4l2uthUtZ1RslKUnLPbI2+zXfBj4mvZkTITFah8jyZkb5I9RnqTFbMqnZnT24T1Kw78llo7BshBuVVOCK4FHI6kiKwIzE4Jd9vbA2LkSJbjkQ0Y5SP1wy6HFVvMWZTHHJ1Go6de659msrrdO2fZFZAx20UttkXxrdfGk1GondIbM9sHPZIZnvtGjabTHfAjBsJL3RkJiYiMSOEkbjfwrD1MDnzBORCrLrgkRXZ18Lg3qQu20wMccmGja8DRgwZHI5MSHki2byEkzamOPF8XCyqXAjULMZ/RZ361H+rsiBWfplcsS1PUJbHubztPIjaY7ZGJswY9jyc+1YJYRGQuT08kqxxMMwIiIcsCmRmjehzPUE2zkhW269Plxq2m0wTngW6T5xgSRwJob7YMYOOzXbHbaOJt7IwYEjkjI1FSshXmMo9p+NfDbPv1Rf0S+4RWQ7MkzCJyGRXbkUcm3AsEjBj2ZH2wY7bRRRKA1ghPBGxnk28uB6Z6R6Q62hwNhtYos2sVTZXTzGoVZFYHZBKzVIjfKRjcV9uO20SH2289svGe365Ipj747YZyRGhmpjzRLK7dUr+heO3UP+Fn3ESJHwiT74GVwyOOBi7ZJMWTaxrtgawPul2RgwbMk47Soaym3EheepFkHFkcGzJ6PLqQ6yMCNRtFEwTt2jm2NZca0itR7QGzk5F3TYs9347oyMYu2RYxlGORlkcxhw14NXHdVD7e2v/4z+8iRIjG+2MDERfDYyPJgUUSikIwxxbNgoDgemiS7pke+CyGTa4uBKvcSqaIpi4KyBxj0lI9BDUYnqRHbEd560jmRs3EakhKKE4mURmbjcORuM5IjZuYnI5JTkKTG2LI5NEWzkZyZP3nghwZ7NZW3mJgtj9Ojlvo7a7/jZ/0IkELukYyPCP3FDEsiibMiikTwVsYyaF2/Uuz4EJEUbMEe00QiRRZVlOtowxJkdyI7yDaMsccm1IZlZjOKN2WkxxZGJgwRwcHAkYEJn6TMmTKG0bzchyR6hvIyN45ohgmhIUsdn4UubHhu1ELSb+nok80dtV/y1H/VMiQRnJ+o8mMHlzwQ5lteH5iJcqLw48+kYw48ksEjLOWbWyUB4GRYpCM8Ph54bYmQMZJ14NptQ8CybmQl2aybEekjYhLAmbWxLacbRGTKIyHysMTZnJ++zXCRhZcRowOOSP0tvJtIIkjIuRlstsYywWLcramOUq5U27o9Cue/tqFmvVL+5ETwodoE1lftx+nT+c/TOJCRGeBTk1hkmfuPabG8iyYZZA2Gwwsfa48iwbEbR47QYu0oZFUOpZ2owKSR6qHYhWod5vyZbNjPqykOIon62m02iyIaEhi7PtgY1k2n6IpmCESaP3AZfNsr4N39dtjTunuNO+emW+ndF5gW8x1623kWSf01S5IcE+e0uFRyY+m6RW+VIpZYnhJlnBVyRSLkjgUuXIfjaxIUCxIg8EUjgksko4ORNkFIw8uLFFjiekbCFZ6aPSQqln0kemkYMd0I474MGPZ4FIbQ2jcZQu0yLFIUiD4mzPNaWLeFMjyRX0WxNTE3OJRxPRy3Ukjq8cXIQzwVTyQ5bg9rjzM0rSMtqxD4dMliqRu+llhCSQnxLk2I2rO1GES47YHA24IYwsER/azwJvPk/SMNvaYP1FcqJtQhYGM4JeN0kKzJuMvOXhyIs3My88iUmbXjaxqRyLklnOWRWVMiclR4VkitkC1uU58EWsx+y4uLfCOiWZrGdbj/AGds8si8FEitrbasu7g0qLfDTZZAplh05aghowjb9cUSNuT0xQPB5GhRGhxK0YIvBuMIk0ZwRtjn1EKS7bzcZeFuzmQ2xJs2szg8mBcHAoowQjzPgxkwRMdojMkzDEicWbXmMSxYG+IvJBD+29FUWJ7YqfM25Srjyvtlhl9DxcsJeOj27bu3XIcdl5eO1U9squY2KKje8vSmPplw5E/ploriHKZYj/2iYRtHEm8OMljPLZmQ3IwxPBGZjtFZJVocBJIjtYkfox3yYy+ENcbckY9sdkJolI3G8U+ybQ2ZOTLT8r6htosseIzyRzicyTIS5qZZ4f1FcXnUvbCvlS4K2bjVblGjV4LVXdD9aSWy7Ty31nV47qX5I+WuzNJflNLbqjSEOVeknIuNF99K4wWR4mlmMsErOYzHJsa5x2fAjwSyzaRgJG0ikOKY1gYuCI+zUjDRjI0IxltCRHgwk+DcsqQ8EiLPJwLtIiN9ovlsZPxBc/qcubZkJ86WeS/lQyQyaqe+VK+mxorkipZlqo5hLifqSiv1Hz0mzfQayG6m+O2wj5fhDjxB7ZUy3LVQwaf7q1xfBEiZp57Z0zcltkyyL2yhgwTgiODBZGRGMspIe0iiSwZJctcKPgSMDQ4kYiMm5G83G4lI5Mzz+l3/AFtMo4ZsRhCwcEWjJJkWZRkUkbojwTwRwiMky7bm6dZVsKduJ5ZBEpbYwzKb+mtrLhFIqLDXxxa39K5WcHRb3GwtWYa5YvIeX4/afE1h6CZqYNwo4sr+20eEXkX9Wja27uJFo8j4UWVzFyWIUTaZwSw0ZRw0jk5GJGGJCFjCwfSzgyhsTNzFaOw38ZIyOTDFWyKGIwJDMCiOHMYnppnp4MPF2SGRJom551aKPug/Tqrvk3GbNRPhTwb5YKytlnnqL/ufj9YNPb6dmls9SqXK6rxqCPl+P2iXJTN12ffVt22af7dRNRJPJZH6XxLQvIlwWcjjzauIxIYI+J4PL24JxRwjejgzHHqLO7JGwm2KbN7MtnJBNrYz0xQRgZ4G2M/UWZicGTcKbMvsueylg3GSLJCEPtPxGPP/AKyyjUMp++6eK6cZwsX8umCzZy0sNeKS2SRb07+Q9XpZ0C8ZF56NdmNjxDXy36gj936msOPhjNDdlXrE42cSWU1gnnE+JaCX0wf0yeCXI0yUWIi1iLHyv28jyyEMjrwPgUdy9MXnjc8Y/eCI8Cbzhj5URtGcPcbu2XjnG5meVI8kRp9ovtgSYkxLsu7RNEPP6tNTnOma33y5o8ynh4Tb+k3mSPmuRdnOjX9WppU4LwNnR57b9dPbpZvMj91cxujyiXgpnsnZLdHTQyTikrGWMl56cyGMOUSW0lLBOfDkQyKMsKHGMNz4jLtPOG8kI8bThOW03Jm9IVhuGLOcZMbXEl5GskuGiKIjSHFCwRwbkk7DcJmeyyNyNzNzItnJlibLc4rby39N241MjTP+yx5tg9sYvImNn72cb/qqWR+dK2ozkz9GDTWenb1K/wD8TvRIu8ifD7Uy4omJ5V8ME2SOnv6q/Eo9rVwluTghcC5jz2+khgeD/wBXFkM48GOXHIkbTAkYIRRwiaTUGhrJtZtJxFFkfPA8dkRwMSNpFI4ExMybkZ5ixy53GVj7j7JcSWpk4l83J0cTxmUpMi+D9yeZeFFJuPCZo19Moi8doPEtTf6sX57UPm9cLs32X0ypZCWFZyWkmaJ/XVLjyWLBPlQiieMvxT4kuUbXnYyOEnPBORDlMYu6RhdkzJW0S+k9UeWbJ52TPRsx6Fh/FtYtJYfwrcrQ2C0Nh/BtIaGaP4bP4R/BYtCfw4n8WB/FgLSwFRA9CB6ED0YHpQQ6oMVMESprZboKJj6TAvpnQafntJ4EKPMir7pP6d2HommmLt4G8kfD7Mp4lOO6p/S/IyHm1FUykteFcM0f/WuRFlpLJntgrJ5MyOcNMhAsik8R2/avVHyLy4yxCuxi01za0dxDp8xdMZHpiFoK0fw62LR1IVEImyJtXbHbHvz8uRjXbrWp3yitqUhyUnnjOyMc2Ous4QopvR4TYvB5EhLifD7Lzp3mOpWJp4M5P2vqiuJ12DWVdwM0zxZp/GCXieDa8YfaM8G7JJvcq5M9Gwhpr2Lp1kj/APW8LpkBdPpI6WmJGitHpoUDHtbF7MmTP42OzRr5+np3L6uWSfFcWIktxXBLt+48Gmmk53ZF48ngXmHixC76WRqocd6WXL6qpCsLR+avu0y+mBZhDcR5Y4WMho75FfTWyvQ1xFpq04wijC9uDHw4/PZ1y3FUUSlhQ5K1HFzUSMsiksLsvFX1OKwIz2iQRb7NO8Skt1dsdshkfMlurg8NMmxkPOhpsshDSTLNDuK9DXEVcEYXvz+Bns/yd5nt1ue67fgT3ypqWJy2Dk5tcEee0fKRHiW4XeCILMb48CGiLw9LPdHWw9lUixbZRkSeRlP39Gt3VxH3ZkX+hb5hMc/p19sZXSe4qWDc0m+Yo4INdlwR5Uom7hLuvFK4tjlS4cR9tJZiU4qyu6vZIYmSW6KMiqyLh9Es/tiMaMezPbP4D7SExmTPdfiWoRrJ+np7JOU64kMYnI5Ip4WCuBtblGo3JDzJWtxl+hCKC3lWeSHKnHBW9stLapw1tY4sfZMxzTVFRuGdJljUVvh9mP4cmfjz2kRYzIu8X+JPt1y3EIIRJlMHIVJsWFDmEMG7B9xtEzqMMeyJR4kXLtGWDypLBRY4ShJXQvq2koIlHvpZ/TcM6b//AEVeOzJG7ncJ+/PzY7YF3j8D+Bexj4Op2erqIpDWF5dT2krOK65TK4KCkxLLS7LBrnH0F4iiRApXDRqFw+0GT5Xg0t2x7o2V3QW5kl20ssSsH56f/wB6J8ZEyRMkRF8a+KSylnsu6E+y9i+BmRD7M6ld6NGcyzgcnJxiVx3FdMUOSRuIm7BGWSUkjUa5Vl2olYokVxIh5ofGSzksjhkSMcq2IjSXcXVKasrce0iEsPOVLzoX/bpZ575JEiPZsXZe9fA+8he2Ps47L4H2iPtKWF1S/wBW7aSZSVwlIxtFPBObzCYpE7CWpjXG/VTm85H4ijPEiHmjDiolsC6BjtTMlBNWQw4S2uq5NW4krFhjK5cM0n/TSS5T7tEiPncNifZe1fA+zMiJci9seyH3XvRLsjI/HU7nXTnL3Ci5OmGCNu035a5dhuacrsKV0pCi2WcSJeOzIlPEVZy/qjbBlnDFw6LE1dHJJEPMfFgxkXgyad4s07+qHKGx+GRXZkWJ/Gvg4JeU8+xPsn7F8D9kvt6xqd13MirSSxlRlO4WSnk8KViiTlvfozZXp2eng1ccSJfb2ZHh1xzVhldjiZjKOphz2rI+Jx4ksOmZZHJLPfJRL+yl4dMvp3HkYyIzJj2ZM+1D+FkiMvavGRMfZfA++TWS26d1KU066o3Xuwy81VjRCSiSucirTSmLTRR6SNhKJ1Bdn4Xdmhl/W61IlThuBb9r8kXh1zJssRF4ecqfsr4nW8qj7F2kTKybGRkJmSQvZnvIXsY+yGho2mBiGRMER9o9mzJnuhmO/VXjSqbJzbM5IxIvBKeSnS7yrTxglHHdk0dSj9A/H//EABgRAQADAQAAAAAAAAAAAAAAAAEgQHCw/9oACAEDAQE/AeB6aQXif//EAB0RAQABBAMBAAAAAAAAAAAAABEAAVBwgCAwYKD/2gAIAQIBAT8B8AWs4EMAGjzaiENzDAR20+Gelu//xAAwEAABAwIGAgICAgICAgMAAAABABEhAhASIDAxQFADIjJBUWETYCNxBDNCgWKAkf/aAAgBAQAGPwL/AOm3tUF60uv+sKaWXr5JTf1RyWTeP2KZ2H6T1OckOFFZX+SlfgqD/UMPjXtVpiXpQ/pk7r1oC9jGqyHjXtUxUVj+kn8p6jwAad1NbBf4/KSorf8A2vcL1M/0UlH8ab5nOyagYRkFQgINVKj+gv5Cv8FJP7Ro2130vWtCnzhPQX72Vg8AxVLH/wAiqFg8YAH6U6+EI6cbJ6d+5k2cqfTxLcUrBSY48jO9JQc+3b+xalTSE9J/9J69vwvWkYU9R4/q62Kl84lAjtfYr/EGp/KeryFexJ4O2dhbdMA5T1nQwFP2ZP2v5fKhRsFHxHBBZbJlteESUTkc6AKHZin6FjSN1+9fbR/S21R7dkSqyyLqqsp9XZDgb6EQo9gF+Kvx2EKqlEfZ0Z4+6+Wh7/Eqny+E79gAqkw+lKjTCHMp/CpPXssaNTas68ZJpW2iGVOLr3KYfFMj+uftpe30mHXiilCgWc/aLcsxqh+vYblfyVfJYvIQAvQuFhpchMepD9c31Sv4wITBA1JmVTc0pjo/dsL9aSq2RqqmpeqpxqkhVcPdbplCD1Z3CY5f2oCFXkilYThKPk/4zf6WE9aV/tEKpvpf6WEfXBanWMZokrH5N1h8cUp1hP2qfIPiUD1lNI+1Tb+U/aIp2qVfElQvivipGg/2iLgFApripCr7CwHcdYKfwmWFYSmq2QNP3wpvAUBPV4iybyUEJ/FUxUyM8pxYFCkhfpB7kfpN++sqqTo1lSoTeX64G2bEaXTYWCmkL1cJnzvkCAG63ixTIkfRQ6ohHLjaNYaDBTvpnK16qVV2NSOqMmyhTaBqEKLbQnDBRkPYkKoXnSCGSL7aji8hQmZMLnsnFgqWzsSoL2CGSQnoTVDVezoVU73epMLO/YfIKJTsbBUcGdf22WKnZM2Sex2XxQKmwFo+XOcJshJQppMIDsj+bymCxUn/ANLFQmqzNy/4/GVT2ZBVQFmeUEQsQHr+FiG6bnmjxmUSftYz2hs4TlYxsgRKJojmmkqE1KerdB0G6EPvwzdkSzqKSBYjmPYWpCp6EH6QPDwkJgEFi1JK9aEzMn4QtiOw6JsPssD8KmoIFUeWlUqkXxNnYr0lP5JXqE/DdClBujBQPBpIVJ+0KTT7KnGECLkaDLfihfyeQdHKhYeCVSVG/wBIVDdMAagF/wBRT+QMLtoDiAqlulH4Ua/vUEaPHKlU+aiSgsVAen8L4scmIbZ3UrdRbdb65CY9GyZBNr+wUUBY/GNkfF5inoqekp6U7TkIRpq0Yv8AYCd+x9jZ7MeCxWPwFih/JS4WLxQPwvYMcrgewTHQgL3Xx1GHUOyZrUlUnlfy0Z5W2rCfqBaLYTyjSV/8csZW0WHT4acvuEWEJuXip3Cb7zRd9BqVPTME5vNotShy/wCSjY8DCE/TzkkpgvdeuyBQ5ZpqCMeuswTnrZXqVNsHMIqTHUYJ+nbNssbqSsINqWQ5gOm1Knp3T5oKZ7YnsFT00KVtqSnHKbMbumBTusSwHmVI8hiFB5LnMU98a/KZAhA8p6iwRo8PJBxMFi8NcrD5XtvzDkwg2m2E8h66k3iDpjA5UpqSi4lN/wCKCY8s5XKawKBHFc7I0eGSnrOq3AqpabCpDiRoHKzI4gothJ4mKossPjLU8DfXY0zYBDJ7KNYo6ByyouDw93K3anoMNQkWbNCarVYZMJynN673BQ4HtUjT44pTv0JFYlEonRnTORxlOZ3yNre9QdEeLZOS/RGVVjEhYRoyFso0cOkdF9X2qTeIMnqL9IcJlT8k51NtB9BxYpjl9VNwho+1SbxeoT1F+mfxm07X3yb33W99lstr+q9hoMb46ApGSE5TXbO9ZZYfD/8Aqeo9PGtut1vnleqnOxtK+IUCNAHNu5T1GPx/QJ1SEQdBrvWUafEnqLnoftbFQF7cPfVlQmOR031kxaTUSU9R6HZbL61d8++jBW+eFNyo1cHjU9XtzoTHI+Q6EZY6SckleqnmvkfIUczc+b759rtbe0jlRnKFyj2EKLydeApHEpuUeo3W6+S3tJybau2lHAY3KPEi2154G+nvz3WyhbrdYblVaj3hTwJyxobX2tF550qL7qlA2KOlClMONsts+/XUlU9NtaOBHD30pzsTpSotK9btaeJHFlQtuLKfJKcI2a75ps/Bm0XnLN54ccwkJqlFggdHCbRzo6Kc7KchRCi4sURnGjveVvaLz2UXOTbIb4bFVZ2T3m0Z50N+rhbLbJN5ytkBCFViBnfLHHjPvn2vHHFo0MYqZH7GTASiVUdDCU/PjowLNokEZajpDXk5ptv1jp8j5dsgVI/OlN30JvHDe23KlQoU3FIyydEOqRxoywp4D2i3xK+K+JXxXxXxW15vut8uy2Wy2Wy2CgKaQviiaSi9MIk5ZtHUbqbbKAV8V8VspXzXtVaQtlAW3N/ioyMMu3DjWZitiopK2Xsy+SklbL4BfALZbdNUftEmTd7b2i8r103yvpQFFJWzL3qX2V8V8AoHX4VNp6CVNSmVAW3asPrLPDdsjZsPcuVV0D2buSUdBgF7KLHVfN+bjuRQM8KcuLhtcIdx+hmna85Dxh3B/KfLKa05GpkoudZlHf4XjU3j+nlObRli8KdedIIdthGwUBYvJATUpqVOT1U6k64Q7Woo1VF1AX6s92oT1rbTbghU9qczAJ6jpf/EACgQAAMAAgICAwEAAwACAwAAAAABESExEEEgUTBhcYFAkaGx4cHR8P/aAAgBAQABPyFa8VxPjQ+F/iwXwz4H4zzvkeBEGvOE5TmiYFohOGhf4C8L8WBL44LxfjOIQnjPDQSkHozSDXhOC4hBIQREaHROHxOUXxnE+BcTleUEfnEH875Q1xCeU5TAmTfE4aIYJxPM/wA40OvCczifKiC4pfKTL0K9r0mby/SG8IFqS19mXH0ZPTrXo3ykvhhP8LTgg0QnDXM4bwUXjBMHXhfhXwr4XpNF7Lv80u1d+B0o37EP6PweRRkz6KJz9ZEVF7QsSbC2U/Of4kHxbD4fD4e+GZI+EQSYkNEHoQxeE8V8iHwj8RCFrbevY6aFfZIYC5yNkJysC3cLGnDMD9B5Xfivh7+L+CLyMfDIPho0hEvEJyvLWDQfD+WEF4rlAWk19DDCjFNX0P18tcJEXFKbI6jyI2z12kwVdMwGQNsj+jLVj8Fy/wDCHzCcwaL0LlH6j88NBD8p/gowX0SDfQ22N+xMZOVvieDI0xsjdUEDRJH6Hp6Qy1fsxrztpmWn+4QkX7iOpna465f+HPfwkJxSD4YuNBeC/wARFw0h2RgfvKJngmHFk4KJNpkXqpwtkTPoha6nRFhPQ3vIlbM4hCXsH0j2TGyMmv0ng/kviPfLnEITxSgxrHCCXGp0Lhi475nlsXixtZtEqV+lU19oQ+ER+mZPO/BLA8PkGxDIQnEWh03MdIV/ozYMULhfYjRWPTJ1J6Ep/wBBEt0+vjnihcacYIQSH4TicvQkNcvT8GLhebXM8W4zaIzv7QinauZ0ITazwKeSnZSEYSQnsmeBuFmWKl/TM/OD0IQAUw9lrY9b5zRclfQs7M33uhNYvZDJ5XwnDFzqNeUJzB8LlkojQWvKfG2iyxpcSQVPA7N/ggrQ69jNP/5DHWf3G3++VKHnFg3WaHA274UrbNiPUijO7oZWFdISompwMvZCGtiewieHmnivHQaJwh/I0QhoLmfKpjYjFPQIrY9ihowQO50hOoJoYXn64vE5xZK0pvh8IQ8iFiLWUQ24FdEM7jTwFmf9I85EGEMFLw27So4jryvGvgbH+A1zo1Oub8f6O9DqRMJH7FWJ1GZ9B9+UpBEFgJ55JcLPCEC0rUK9DNEVaOh4Rr0YQnb+zYMvwm/WMT4K9IW9DCIWcLYp6BC/Fjwvi/PBD8J5QaNBa5nlPFZGkf0M6W28ISFJO4KZVwDV+uFz0MJVgYo9jLw7QfrA5JAxbAowHwUhJqv8EME4wH9ILGKHWHUDJ858HEpStTXyPxMQ/FEFxCcPwawInwPxx+CNG7sPpCJnzEff34I6MkIRZDwGMVFTHtodaCqtCyglDjMENYJQlOiqIq5FGBR5WBxOF9cBu0NI010ypkvLGJWEehot+CGXwXinjOF5Ma8dPjhOW9Aj7BbEsTgTxUtF5tMZPBqKb0X0MTG6Ma2OVkJ2TogpFyMZkKBrBuo4bapRWEhmoSdP2LPAbx9mSe0VtDROLR6+hnJ2E9i6adt8i4Uc8ex8US4fnodfM1tZZRdvPGAZsbGN0NcpjiDQkHwlFbAlGBEnry7FzZFKZrsEn9mTA8ivRCUzbJ/Y16MXBS8pugaiNoTPc+a1w/JC84RCRHXnPJcGyWkK6oXdEKky0GLfghM9Q1y2ZMYzQcCI4O445RcIWeNS5kZW0U2WSeEPqG4RBpsw/Cn2PEYtLsPCymifChmvM5YvifL0LXxtYFxj9jJfN6OpzFphq3xPBcIXBjYlqzizQ+KyHFw3guDFETUY9WqVWBscG2LBIAmcB/hENeC4RvuUSFHhczynOn+C/B18pBNOI6sDDbsc8aC0Qh+CCGYc2WKkLA0GIKcORCE5fBSbF17P9oq7FDNGxwS0U68EQWyVdAjr/CUflB8Pl6OuOviZ3joO8lx6JiuULZNRsnvZ8ZkWFBa4UY2CzoSiBOs04pRBLkuEKkIm5SWYOD9Qlbpm8MfgyizogIcaJiGr6Y3F+NBeS5XJcQnHTFxCfC8oW70SK+3ms+5IYy37BjVXpfCFCg8d4S2GwqFiVCXBC8CQxiUFK8FFtIt6pv44OBrh8u2Ot5MUa6Pey4LxfxETmCXN8mPQvlnpkJ9JcG9NFj4fQ9JaOhF5XGgkYsWRDHYNFmHXYqfBccCKEJ2ZoGYcaKbh3BkhikLGBFwtCM3eE+LqpaDZKyPwV3oeRMuNeF8G3inxviUh15wnL4+skMhO9mhyp1O7BiUuKJovF75QtiY5aG+iiGYqNxKaeBskITJHJ5IbB76kVLY6tQbRrJ8MetmfEqEswMixWnYOg2UY0QlDy4+2P0f3R+N5mALaD2LjEqaeS56NzrhfA14dC0NcMevhfK0Y/wBiUtbCzexC7VtRU6JYCqX+xq+CEgtccRKSEFYkkUlFtsW1hjhj/bKstjvWCtjVMIU3oXAz0QSGqLZhrEtCG1wh+mxHStglJTKUyXo3h0QtOEHr8YesGvOczBHwTi8zyY9C+B8Xh/sB/MFNrcELInyhlWAaV9mbv78FvggVSnRMxGcsXEIsJpYKLbEDRCF+FHFsJiPbNQzDsQuC4yQ7xgXZ6LaNiXqJiqpN7olDOIVkaFpgnO6fpsQ2B15XyonFL8M8GPXjS8vlbHx1QlLAVpD7oSHxTy2IRVAxb8EUFDDnhi9kWZ8cGpUyMxhKFZIMtBXsViKYq7En+VP+akdch979hZlC5roY1Lgn7XG5KhtK37ITTgWjobMhDy4aczXQeo+EPyePnPy0OviYhzZ6PQ6txwe9C7XYuf8AaY9raejESMQ+TEWR9nFHXBCZsemhjIYrB3WmNdhtsd7ExJV0zSqvo2QfhfAVZGvsehISEimaILEyyNhoK5IuxqyjHYIooa4lRrt6NUQYL9Ll/Mx8HXDFw9M65XwW0NtG42zYaJUIzQjF8I+wlEscSb5cZqDNfLs2SYBam8mMoq0GrcMmSgg8jUbGSYyFWUQkTk9DKVx/8i6l9jaJRHkgyWqsRN+x2RgQ17FhfCzYvgvGeb5emdC4XiuWmw0eGBJoThyGNT1CJ+xbMuU4x0yxGJERiDExCzIoh6FO4GJbEnsKUw2s5ZLG6Ri2NReBjGLcXcJaPshObLB/iFmj/RadY9bbMHZKPYkMXmzbl/M+GPTOvBi+B+H2Ihp12aH6ZGEQ0QRUcJSCRldGRD5A9CGmLLSiLXYgx9qBklBkVFSLwTwM2jmBmeyIpRXjZkli9D8yMe5WByKh9hGn9cPmeOhm/OcT49ReSGZP0vhjhnYpdhB5+gyqiWBpEMRihhvIgxISWYakFJCEh7E+HQ8oG0m8NKkmDDqeAjmnF4QiYIYRmbITZQg0bQVeORXTiqh7Zf1CHxPLQvywQaJ5IfD4bwL4Z4tAu3Av/aG1V9DVQL7RX0Ylmvrh6yzoYwlRH2hMjcaKMlBIiRfBDXBoQi8IcrCE2mPvL4y8N8dlXMFSGU0rCkVkLa0EhLoaY1kiUv2IfwPQmRjEuZ8rOhfKhr2b9CWW1SGImZj6DbYdFzHp6BsO0PDZlhpEmCNjClvjWuUUXh2gpGPC2Oaw3eLpsGKVoUhijwNwNaiQxkJWI3XS+BcPXG8whR8P4G+enyv8BTMqDrF2XBbpIesBxtXYib9J4aEJBNTixSSGhi0LhcKQhYd6NjYkN4QoxNgxL7MR0SKhGt6HvxexXb7Ei/G38344ITh8IY9Pl+DXyL7YhWsUrWjO4C/wjaP+DRU2xiavQdYT4YnZZRXB0HwgT5zg+Ko4rQhcQTg8VPoQlOK+y+B9jNqGEdCReDF5Nxb5Qxi+F+HTF4IZRonnjmiIblwtdAplhaHIZ9icHsMab6EbU8sRgOdkiCRSjGRXgxh4KCTBkx4vPFdDmStApd7jdgpRVYorRskqX49DfxQ/GcJ+MGjp/wCHgI2xjRZ0xLo8jXRRkckuiw7ChrJ4qFKNUSNcEIYW0EgiEkNos8EhmxucC5YfloauDAiwyJgSRC5yfpBI/Xx6G3gkQYvGD8bw9MUNsIQj5fy9CofscrFRLVjMixgUz2ZfDSIvAtrfZfs2hi04lMKl0g2jbFLWb0h7YQxWQx6GQoHgJtPiWuGMfhRmhYQ6QYgQ1BawS8u+HwjQ2KThcTwhc+GfDs7FhT7MooP6+G/Cwva9sX4OCzVtsSn9cbGE5IS7OhnYwayaJxpHWz7M1tvTEmNCM2xKUsThUQzETKN8PxfHIYDQHq+2IbZrlfDqbczhD4nnBIng1PROnMkj7Q/C+S8vtAYrpkzbNoxEEmOxUg0aEvC8uhD40GiVEFNzsIcyKGB7MjHirYmDfL8GPgdxPRjirHdl0Ikjvhi+DTznzMeD4S4fL0WwwklT6JzPKHxfluRH0htNJDmqm2ELJN8vgYJhF/rfHDWlByaoRsYk4nHY0qhzsllopLRM+orgwLEPoK4PzJxS4FYljGt6caL5Xn+mngQxUhopfhfD0JOi8kLBuMIQ2t8ZyvNTUBSLdjS1z2fbtEkVux/BHnH9cQyvV/fEYZ2YWGoFvHhhpog+x7yuxnEVZQmvsr5N8xQYoZbMMFQfD34aeNiH8E5pCD0LRdEM4PQpVZXM8V5M0Cx4f+EwsvRIWml9n0yYSXJ0VMH8EINGozsyL0/OIbcUkzGxu0x/Z0aBUq+2xGTQH6e2OLke8fIUvD4PYRGY9CnhK4sYXyaD+Gee+WYsoY1YZWgt20KpYY2T3xS/J1gSNFpU7DBbN+vJhb7I1I0MC5ePUhpTGhkEOFsv2U9srohLmbeL0Y4t9mCJCBfodqh8ELw04yMzHVRy29vh74KtPkpqNyub5QnkhjbGDyzDIKWgNFI5Q+xax9eCfIhxiQSS0hsJF4bIsj9EzkRYOj8R1LSEYeQqkyFoUEpbQ3GxMTKOKTbGToWp0RFw2TBuSF8L45Q7IPxfK4XDE2bMYtcVJS0UjArAHN6MzaPT/Eb5fCUcND3qZcZ6LZGFVTqCElkZGLBCyyICsZKJkRkHgYcjCxwqraEKoOMM08C+LQfCGvNbJ5NxV6LAclnYsYd7Gz2VosZxINVWGNCfC+afCxrEUnOZQMwZAThLsPODsRYuUILDMJXlITLNqhu04EDcUbA2WPil5fE8T2P4ex+E4vsyJfoZtD5hmEwWShhdh9pfdUej6GL4F4ded8Uqa6ZVQ3s4TGIbB5ZHg5dC0wJwtJIaG+htJGdGUAcstvgSkIJeBpAuF8Z75QxeL8UxDM5Gz2w1/CYwiKwj+ymaIhgTiB9DTuZwmPyhrzn3wvCcPhCB07CNPwEYik0KC0iRBhucMKNpg1wUhFDBR4DXiKpBa+Jcaj4Twfwoa2PelpEYQ1pIhwKKsUgnIuceW4iTfoQqFovgfwMWB/Anr8Yxa+mMTybiFKI4a4sOKSKeTI2ZKsYFjhWAwgoudB6scL4majFw+INCGXxSFOV5N/pDJioghc2zR7cYReMS1CH9j7QY9D9DM+F8bzPifgrFrHsTJiYIzbExkfjIgbCUrZtYPoLlhQQkjByTguNeD3y3xhryvDYmNcPlrlbQ9/A4IurNEc1o7eEtbQbwJsaxg+VP5bFPXrzXjBk+Gj56KbXXFjMpUUH2Duxi2KS2PxYt6FqoQsESExyg0Th54rhoIQH8+LQYh+GeUPfLwjosa8Jphz2ND/VGcGJj6mbcTxJkG1cEl8l53yXD4vhDr0JF6YvsgkhmIoYyeVtFEnsk0JjJsLwZcPnJGKHjI1RTrfM4fhrwh/B3xSt7HMBaMMFoQg1gtRxGYLCTPpRXtwR0e8I9lTyXmxPyb8YOiyPY4spPDYxj7fCFwM2ZZSWaPW4JowGxpBsfJ8HEzRmR7BHm+jJhadiS8mrXyZr5Ifk8KlBDGOiQbAjUGJAzxN4CbSNAHocMrY1dHoG688PmeU5nwPiLS/o0dH2Jb/SjffE46FkvGxMCWsMQgdTkoZYffwMz4Id1Ed6vpiGX6Mzu0zOVoXh4mmPw1+A+UdlYc+ohs0EqMsQ1CA7iNAhrxFJfaJYGolEJe8DkK5yjr5b4PbUkP6QBgZf9G3Y3WMXxguI7FMSy/Qw4KW64LxDQyJn6I7A/2CsLN4GtGj8UUn34aj5Q+HzBMYtuMZNOChhBihBaLUIc1FssSqUzboZnVDI4/TBquJwvN83lPh7TRex4e+jseVb4b4681yQYxXW5Gy+hhxIZOH4ug9RN2Iz4fkhxiFo4HkyXszLLjQfKE1MnflvA5xsVMNAUkFwDR4GCMg0FE8mISME4OhUILB2Sx5NHLF4Tl+LMpXoYcPSj/XgdTxRfJcIUxF4HPDHDApJeHQxRZF4XAyegPhw94QmRIbITNGMLa8FhS4Y+LwxeHYsKm4mx98eeoQTeRhkmilVlNHKAUyYQg0FSMWkfWBLlL8cINHWdF5k9ITBKAzY36KN8zhMXMJyhBzO4zCMS4oFya4SFFlkV30OeCtMX6Ac07ES4fYpgzcyJuy2UekIDvC0XheOxLGOY6MMlko4J0qInsboMRyR1cQm5J0MgD2eRx+D1h9GSPzfl0In+ImalB4aZj8X8QgQVpsM6ZheFEE8cFpCD2LhClCGLz0DG5xKwYpGQbOARvBB4MApgHFkPuERTYmdj9OEPiygeTIYiKouYuNaGl/MWLoei0DV4MwSZUEX+hCgxS6ZPYvCeSlyq6KDqeyjDfY8kH8SFyJDZjZDT7JFyJRJgTikyPpwYOGgmJRDRjYUetxlNyzseTHTIUSN0LQEihDEnRGoYg3dFNwUyeUQKi4y2HrB6w63oVwGAwD0SI7QzYIaericMoNqPYBswfBC4EZheZ4fpaKb9IcMxzaY/hCEGiGTPM8UxhYHqFTXHMeCBEXBbFPaHNg6UfBeDY0NRwXKH2Y6eWO3BK6wL0i7g/wBj0NaKgcNkdh2gdhPcaGLsDxXtweehwQbOv6WOkFpHcI4MVQpkSsGXWPTAwrE+GRB1g+DfJCzQWzJRDx8pqIZCkkLsN/Y6i9iFoa4Xh+SD4T40NR+jEiaK9D9uDKKCuWJ7lRRcKQdQoxC0hCGVzsp9GDQi9CwbSinR1EN9YMxD2P0H7DDsK6DzoUCTuDUKroo5Nk0lRFVgnhZwkGuR0OSnBYaYxQtf0RJKn/B5wP8ABofNPeDJSC6NeGJBa98zhnw6UOzaBOw5RjGmNEQc4a5nK4a4ohCqZpo0h4ckiSooE9k+xD74SbnMDR7JnRzsYzfJJaFnQ0kOXOD+5HpE2CbehWZ4J2jIeziJYmQyZFDQwQ/2GmUJ4aMsFEp4hIdB19GKtYyCYGRaXCEbGhkbFB9cxJX0SxE+yrH2Dt+GFs+nAVfBGSiYYZOXOIJCRVDU4RXAhGg2OkwxbwT6PQY/Sx+qPwc/+gjVh6kaRj+w2jW9jW9mvYNmHpGmRnaCdBhdhthjJmEKvsiCTsjd4G7cSo8MSrInsTMkMRyivJMbT7DEzFn3IWmSCRTBFjfKwOQnH4bCRoSiw4mlVfQub0LAwzedfpDWWXprhBr0Eme0WM/BX6JRcNFwNScPAcyQ8BiOhHYhMYuz7RnYyewi2DaoQvQ5Q0HQOmyoaYQ/IjrTAPGClUbuG1ExUho93wi7GIFiU9gntl1hihZZC7MGOb2Zh7Bj2IMw2uNYHN0VQsiC+hvYlZlvrs65qzg98Lk2NRzghPQ4rp7Zmr/WSLdYudGTySioVqQpDD0NWskIgta4eihmINIQ0RiaBHY6XHAlGTCJCYQT2LwLIgyxseyC2NumNtkbBkiNwhaaCSYUEiNFEh0mFsa9ieoVN8LEPJDYk7CoWhIoMykPh2WTSMjbBcyTWBNdFNjB24rfB0LWRWC1zY0y4Q24/h/wMsCQs7GPHBEKHkMMMKnXB4j+wsGzoqi1ckiGk1g2GEI64DOMqWskVeuO5pwCH+lczfqFGuIRdHrEOqzGgQu406HZS6kPQ0w4mLtTBwWhsHjoWOj0BOO0XsN9OA7G3RZ4tZPsFgTRDGmhuExDG4YaLungLs9CEkSbLgf2WwLNDdQshfWSDOBYwGMFdDuhGRZDUTJmxY0G86MscSCJ7NcCoaJou1gZXInAx/jQjoJL0dsI/Qa6MaBPtURdmUTtoSLCEHo0QjAbdiWUdlRTAKWLBgh42EIh1sba0eiZdCWMiUfA98JswEhsbj/Q3jRHoboESRg72ihVeE9FJV+hk3exiO76P+0QnO8Rd4EjBRmbcJ7KErQ17IzQCt6Qo6GTqPsxD7F9kFRS0uLOBKLGkJCaaHro3yHb2NX1xeEJQ17Hn4Kyu+/9iT2bqH3iCwjPgN7lGZCZNwzBd0anfEjhHoz4QmE3YT7Ij6kOdDadCISd3Adhlob6LRTPwLGMr4KyZBlrIhxCDJDWYKOhbFuOU/0n/Zwl4HiG6/oa4n2GofQcYsiyITGyHeHqR0Q+wyMt64tVZGkshUmNUSC30P2V7yNsqPnLG6sF3xWcM6md0NS2OegnZFDbBtWGxzBKShp0FATYkdEaeWVexrKtiX2IEgwnoZhcCJ6GbQ/qMyWSIecgpfZHow0FjWLbMdodGZiJgYh7SFojVF54rRpk2XwGIZR6FoVfxI/ryIKnQYQR6krkoML1cRUs2KoXwHNeFEo2J+wvRkRp5XEqBDUnkKmhoYdDXiG5nHEbLBlRJiZovax1ZH7CFEEtPAuxscx5EqYssjmGTQnqZImPcCHyyZk0RIZJaJ9C9QgbQQ0KLIoGRKhrOEI2FLYnFHQ0SLfgo1kZBU2KCcuWrauyWw5lidbC5vIQpo6EfyJBH2QKhBDySsRLR3A7gQZ0aBo9DJwOgjEhV0yWB53FTQ4tLJHoekg1yC+0dtsV9jRiXAwftgRkVWRCwIvRhcdN5EuyozZZnKJKJTVZo0ewTYFHoT0EucHioIVoot4EcId2JDIeOBMuxULGsejYz7EmimNMR/R1ClsaaGW8HaLQ9qsfdjqKKbFiqELQzZF3YbqhTkMAqjslGmuP9FwtMlwNFjWKOkyUlGsjUEYIlQjkelUdNDFIYTol6GfsKLOzoDjsUKMW0h7UPazgVd8VDTiYjNBqVip9R3Q0TyGNcKrj0NE6hp7MGROWy3Z2gpi1DHo0FBUrsRdjSI/CDaiwFgYo8CyOPsX1xIBB9zI9mLstaeORqoMWxOsl6jga6FmRrNQRmi08CdcHTQTE7g0asosTi7aJSYlMj6hjQyKa4EN7HlBe0MLBZSHkZPAlWhBgvRNJnrEoL3klgZpEJu5Kej7TJsYG7IRt4RlpRLgLLKM02BN7M0HdO5MUOCD3DDkaBl7GTshoeCY7nKsjkG0OsSLe2MfY4Y4rbo0DG7JiWsMW7PuI2ETYTorwjFQpJjd4FbeWMcsYhsdQhFodcTpsmM2VTFholOeiVErEIQS0NcrIJZijAn9Cmk9BnISZJL7EkShD0sRM0N1TITx4IL6HV0j0Fp5MmxpKNroOfQxZZc+0UtsnpiUJawxxrY/hhK2RAtmkMGlROZseghkxQ5leTtBJ7MGSpRI1BFsOh3Q+hb0DLBCGyNcIX2SnoetCCJoVOJCOCYR6HhwDpsY2UIWhdIRkROyKMfK/YzGYwYwJZWBLpoKM2odUoY2SGexaqKUSeETuSWCMkoQp9HuQY19D5+hVUHqKnsmgt4Y2Q2N8IU6GCywOWzWPhEPBYHJC3EakKBzFaI0doJPDPsM8HRhC7o/BL0L6mhbI7EhQOoytmSRVYJKRUT0KbFoK8sfoiy0b0OOK3oqIWoM07JWEJM8B/SMgZMrnNh4MWxQJm9sQYCEOsJidIEW0ZuwsoLZvYmt1xUgkfhDio12JHSGDeYiVDZyK/oPYiqI2i3A7FskReUZFbF7C9DtO/E5NMSvpCmj6jIaot0N6MxxNZsUEgkqvQ6gdaRCN6GH2JTLKEdox0Ngxk98DsiitjYFaEDKYPYJIJp1xi4vkoyr0NehNYRmJkOeok0pKQnoYrRDlGRGIgyPRiGYQC4o3kzBAfQ7eey22YjctdCErlHYpX6P17wvNTjMXkfnEbHWL2Ocm8yeh8NGbFJpjc2O0GBSNljDExYKCDApkxbbI4Q3hC2o0uisQzTwX2UZfT42CZnLJTIeiWIR2KhQ9FOj6i/AZeR+ipbG0NJ7EC0MqoMEoeMDy4T4ObYmkp4LslOxJE9xGbQinAojLPDxxa6CGyqHadMz2OzOCvsxab5EvaNkLsMGC4vDE6jUuuFIwCCDUfCV2yMXQdZEO3VEbYzqKssSMN9i9Q16HfoRnxCOhg8ZPWe5jQSbMfCEzkadIoXfRkxShn/RjQ3jVtkezoiK62TsG0wh9AxjUskesGWQy4FQT0YMJ7JLRiHxk2PYcJiCwjEjtD2kBbbEREQrsQXY3NIpuB3hXDIrsaEs8NrLBdbkbrwE6yEsnpHYyBvLhBMzuYj8mMlDCFedobA0ZFPCMW67RUsjNp0KPY1w55KGISIaxlbIEB7Qpb0ZsIVBIF7SO3Bitn2iYWTBqwQnyR0MqoT2Nr4mxtjFfLHAQW6xImR7HA7joWMXYJfRk0NhRgMIYa2IkNcJZHuIfBciYMGdbM8h3fBIGQ6PbyM/UhYNNpbNoNfZmmtCr8B9Roc3keQps/glGn7DHYQX2FdIMkdH6yIaBJM6risSjFhMdjmiTHE9izpvgKj2UEWcjpascaWsSieGxsJZkWMWOyERsZuxZTua1jUdKBwFBB4kpZXB9AO2jdg1eyqUSUyx/UdsdZqiWghsvsP7KFiyIujpAabWS+homyhiY02I0+J7GzAyCQS7lK030NKmnaKdhDVCITcIlLBJnAr2aaxFLY5LJjJbEZBHqGJumdcYGOfsXBIkKXHIMYhl5aW16MBF59jRqFdjsVMMplDm+h2432UVo4Idk9wWoKdCxo30NWB/YUhhekxLC6IhrRPoS7IYaLxpTVcEcCSXXGgGpXshDQgxGYkCyCKqQ/Am4LZWLWxBCBuKyhsPRGQMaEsBmWiKjUFyK4QSt9jN0e0zOAt4SKGbD0NThOeOTxgmKnR8J+UDi5csMnIe6ikCRjRaGFJRFpCarJa4NhGBniYm2RpwcrNw4CxorOFDyRPY0Y9CNodpQyRHhsjbY3di02Z8C9hZYPYx32dxlZggAg8o6sDUsCd7Y16PRFe+hKiywNJN5IbHRbHTWDIa0ZHBkIehyhOJ6CF0uIluuI0k6pdbAncwrZnFNyIeXiDjCzASx0S7IxiLML0gUTeBBohMT9PwphAdJcmBA2pwjTvEkmP8AgVagmG2K82Mk2ZCVldSRooEwMSWToDLYaMPXsJjI34DJlwCGE7HypMRl9CjlwZaM2T7jE2QZHZpMnAkKsQ9mLpMz7BMwcTX3CayxJsNu47ZV6ETDJCbhtCdaY2CTyEvbZg7F6xHoSH0z6Z9UWogvjLVsFH/gliojQD0hU7Y7M7ZiYOwxXLkvUE6QSfQRCHeMJFwaGzZFghfPJkiibIpqE4FxklHtg5RIVt1sT9oyeRsmKFloZBXMDZUQS9jSGmBeomYY+hjLKLLN04CawBLphklTLez/AEJ/+CEOGNijX/uP7He/4Few6k/94G1R0SS0ok9L/RF/+RBGL6CXCJxeDZR+NFw0NQQyRmNJj4V9tEtDlwHKYrKVHRi2XA+MMAjQyQqSK0KCmVBCMUMQ2UOE0Q1iaJrMzpBtnszNM2GIhpbeRN7GW2R2eFkeQkNpMHqlt0Y4EoExZX8NbP6ZZk/pcpuKreE90IIg0QOOEELSCgjpkyLggZRPh+RcFwhIyQguJ5QXLVEGscHRkC1mgrL0N0EhgqzsYCrZcBpvNiwM7DceElQ+gz4Gbn2Z4ysDWBD2JWyXoJPA5qEt54nxRhui+yQq0S5jGPmWv9GVDf0KQab/AECVoRBpriL2QQJGi8QSIQZSg1w+MCQl4Llifivivocpdsa8oYhIWgwiyIJBXQUyMkJL+j5YFohS4Q6aUGi0PLMWYaJkW+GiIJ+4e28mgz6ehkTBRzRk8lpZkV2lEK7DV0/ziRbhGnp/owISQ1wmMZGKjpnjZCTwpR8qENMXiheD4fCXkmNxE2CRjRCYPaYaG7FLg9bCQjNlFUiQj0GdiZhYYIS5xpsTgEoyC0kMHEMzxwf4P2YKMgtDhvThYRV1wXHFREHkbcJCXE5o3xBiJ46KYvFKf0wJlExsU4pSl4fFLxSjeBFqMA4Um6EOJCGiLtGho95Vi8RH2ZoGEQlKXCBiyMQxbHDuxcFqNkSoag9a6P3I54nwYmZAfpj6jErHGhn2amXE8iYJGIWQyjIicTzviYzRdDH24UuRrwxfBOUy+CMQsZYvQ5Fmj4myQ9BGdNwyjlVMpCArbGiuBMAWjYscFNzBIZNwb4ZTE4BFYgJbKqBd6Ptwx4oklPsVGkmElihk6URRBh3g5ci4TKi8XkpSlYmNvwbGgmiWhCGRIxRvgpRcLll4viiDEOTJfmxK1svsZ0zakdiRDETGRi1houEqZcQkoPSBOoWTSN6Me5MvAqO4WncG6ZGJrBRsho0y0W7ZYtQkbhiP/MPjEfAoGxTlfohmvIhrhF4aGNDgSTQ8vA/NKioouC8m+TLgyFVN9CHJNBjGapQaHvAfVoPZGXQ+gihmAcq0mahz4bGOIgkJniIpZYwrOgLEEmOFoww9RuHjC68WcbGyNx6LkonxSlfLD3wlw+GV0ozASfiaPghgNUnDcNeC5YD1cOjYT7JFvbbFDJgjwSQ3BCirRFGBZ4NhDnREORU0Bqa9GiGBeDCG1qHSZXEI3EjFYQ8YvOUuwxGzYhsWeQFoaAmxPA8BxDYTfocW3wnhRPkxMRCDSHypSdQ1R+FHww2Iog4Rw+XsT8GnDJabcGuTALQ6qJ6VZEwdKWRqR8CyHuYro2DI/alv3GzMKEDZNBN4K6RgZgzKYqpMxfY55JbF1NnaGJRBMmsZMaKQkwCeCXiiEBJIJp6uNhi4fglXC4oxRkMfYwQxcoh8Pi+RMuOb5aENybAw7ombyzJdkV8TO12hHYeakK8yFzE4feMxWhlQvQfw2nXJa0PEnkdEYTEvxiMzAKSoi9DexTEXKMNGRQKlwKJOC0MHYzJPY4kNniwCtEYKMTKUTHvjs0VDaMMcJwwtEg3kpUQY3wPXjbKUvEE4QjFm9CHMoJNjmzJS+8WAf0wQz2MzoZxUdhabHthizlcEMteF2w6XLEGIaHXKMJofvC1SHCDO4Geyot6cFZSkgiPhoTIciTWYBoUamLFpihZCyELRUiSDfCEQSJl4wODgxGgzvG2NPhWjpiKIaGjLzfMFgzfCg/6gyujLJaYwmg3Qi2Qv8RtnDBF5IsvWShaRJp8bx8D0JGhZWRsEKdGQdTM2piwsjAstcFF4nL4ZsItGPVIgoINk1M0MHgwcazG4LIkMQTE/IQwELkRBZNNTQYY1GNBccNxJip8LwnNOMbFns2mhAqilmSrAMUOGZEJgarElReBMMhuP/9oADAMBAAIAAwAAABDO7UMS029uqevu5OJOwTX1/ESkg0P1TfDQf79eP/FhHf7M5krEeaGEu87bIaY5bNNfXHuQGgyBV02zcadOf0dmoIjuKnwc0KiDAjHPKaKYEQjyoGtbskZ37lIC2e8ke9kW/HT+vdlzxeviPO7YaKJNpLWnBtPH1WCs/Uetqe9UktNUE1MIJfM7DLCFICg9v9uYpMLf9PnQ4XPa5X15sSoNsutdv1s4rFf9nlutMD68AvZOjXG9sfaCoCvdnV1/FUiW2/c7uMfklKAtdJd9uLOKRcAEHCxlgTpWjmMg4Pd/cHt1W8Hfn1tvGtMjPcUgVtPpKyN8c9t91Ut8ZWUeW6m2hSeqM0+JxfNcfOWxi6ffv/FEOazoJl8OnmL+UoFhiRoI3+fJHu89dawOQstHUSxjitt9FdUXTS32qTU++poSTK2JW1l2/Ko0J4M2vrBTddXanexA8cdUeVURLRUgbrFpScxAJKiEU9Sub5KDE2WiHN9+5YfO0nfdMEdlF/5laDTpM4ZzjpLSfoCUEJI1obl4cXKln0KRUTv/ALTr/Lz5fH/PKqMQTs67OWstyHEK/wAxv55T7P2rWuD+R06lR5/e37mkKY1nbUoKhkNbdqsDvh44cRA9S+FWIGo2HiUV0UT+2b63y8VN9qoHYRQqLaSMwcNbsdAdT158AqELQ8kz4V+cax+ScWS35vcUuILfhWjUYhw4T3AkkjzQ/Z10rrrH7Ty2f37077Xbc72ouMCnW8UboCPREGU0fGx9rwdwRU1VZF4ybGPeVT9U+E98eMdnJu9/EcFpgAUXfAWARaD+Z2RlXtSdVc81e2SAWi25y5IZy2ez12S6n9tnn/kYUflJ8PsiZ2HhSqCBoaUVrT4e+4578PWTnW37+TH33C+bSnAax0/Yy9+K+9FXaiAAmxvRW1x678lYMkoQw/YLPHawMs/57edP/VjymQGh6n8rLvf3e/7h9006ltQBPdT/AJig7n0HE/NsPdVt9YY206gVnm/9ZyHA7eZ8fN/kbNPFgTAkK+5Gi+bSJboAQaJOaLpFX7J688sXHZ5WvNQw7gb1Gbs/h+cIzYVrt5BnxH6Dk0UxWDuCaBWH23Fn239cxib5403bUNnsw0/nGtjEdJ6McNTgvwy3/Ef31nlxZENaOW8GUJCKALtHqpHT23631yKPi0u+NMZVI9XhdVctEs5CFMykZM9xXDdPAzX24F6a78B/km930q4XKTnjRT79P8OfhEa9xdMBRhxSPmcq2OyiULZVxhMG4OC0YOViMotKFcv/ANKtkBvOYpA/wWIPxWQfF1EHbu2+3ggFBsLguXeGIquqeFTNldgX452vB/CmgeVCn/hDsqwSRZn3cV9x5MlBqdkM8gf3xJiEcVt6qvfT+gkCHB+TzS1fZEk3B9jldNN/lVjDJDBnq/1+YYpvLmgn68tqQwe5r1r1Pqmo6Z2GWAtjQnBt5VhdufFG4zMsiOoZrVA819Uwitf1n5rL9QJ8nabgIuYoNFuwGG3JpDOAb8ruva5K/O9mYkiYq87dFFhv45IgFME8dnwCvNhufbd/No0guJkfaZpWN8Euc/edqxgMocNhF1MZ6EJ7lWC6W4pRxRXElsIbXUJAVfEQzOpGaCS21Dv51CkeP3zmdvzTPzF2p1YBIgFdvpomXLN2kUWq9ga6Sa/HTxQEx+rfEQ8Ajfrz9jtoznGESEcHY6lVI62so6agq0qqaohBdpAJKKCnJlbPAnLtXt18py/hHhlofbQIrv00IAWf5NHuLqx/XO+Io+Vt55D3jh8Np7SQXljVazy+/CGX79k62ss1L+KFhLmKfwZyKqNXRgcKnUrspVZlDhRmlxfila/+SIe0Ps/h/Lro/wC/EbvDcKg4Zywk5JGl+TV1zrh8CXfNTS0tokOusRvqtDDz1x7+6JMI6O9fj4ysUWa2hqW7ibIvCyRFGpuN9pjjtl2yrulK511VUb/O5hirp03FL/mjCceb6IIWELUR3eH7aFFauEo9fb9AS3zcWBW/KwwETF+squN5dDgFa4UcDQO4bm6wTqlZ8tETZa/FZ3SSYeEqsUMhAHwhtB9mt0HfMaTfG7RaSFPZ/YnBG4T4oku35VUnVIO4is6jkJK0ehEJVJQd/WKcGAja9CY6bebhVimrBy2BUR0guxSAJKDO957hHME6DYl5YJPPfQ5DvbCp/I51y/Sx5GRzRGFvCOkpMBd3r2hk0VZLs+ny2hZQKJbQVRwRabubwVcaMmY6rb5Rrm99GYQc/q4ZOK/npXdfHUaNPTaR9XYeD2V5fyogQOLSUanmbzVEs24bJ333wg/YYg43fAPY3ffQP334XoXPQvHYP3QX4P4fXPPQwnn/AP/EAB0RAAMBAQEBAQEBAAAAAAAAAAABERAgMDEhQUD/2gAIAQMBAT8QQxeaGLpix9rweTViGJelFsJj8YTH4N6sXssovKE/yXUMnE259PhXty+17usWoYuXwh8p4sWP/Iii5mNjLtLR61xRPyvF8Zw+lrFiXcLj8L3R6uEMvikTxYv9CH4InqvecwS1+C1j18LzQ/BZCei4eLlY+nlL4oYj8FCl8UQWQhOVlxLZ6rENCRCeKKUpS9tlF2iedWo+jXD5pdRS8UaELH7ohNYmhk8rk6Q8WX3XLFyh8rF2uZ6TViyYhj5usTGLGTwQ3k193UMRPV+yHr5XaxPqZFxBD4o2XwvjR+Ey8tcsWzqlz+CITWIfC8UMXLxDydQfgun6rFr4RMuIfD4hNWvudo/vV4WQghky9fzt+DQl5wnbRCEL22Lp+Kfki9Q+bRPFy8SJ6Lbs5RMpcouWhLt8fna4S5SH86vDJ2unq9KXUQff3yWraXhDZb5TKfRIbGLpIfD5WrYTliL3OVr+C6pfCE183i8SCGTtIePhcryfs3xCE1C5hNvd6ZB/OHykLJ1+8Uv+Fa2PYJE6WImPil/xTid3xnhBDQ1w/nkmXaXudUpSl7omN4xDyEJ4MoikxDYubC9JDP5jxH5iYxDQkT1SPwpcSGhei4eQhNQ2I+kJ5sR+YkNMSGsfrfNDfrCH8ExlaE2fuTleF249W31mUQ2Mm3J5Ut4XE1ISJ2hkEXVqeXbk4nEyl2EEPhPh7OIXHx8L3BEH4pYmf0bFtLjxrE+KQQxDF4Up8KUosutiZT6JDWJjL3OVwmMXFLxer0hZ9HjIIj6Yh8vVj8L3cerKNlKN0Tx/6p6ITJxPwnpCathOni8VwhvWy+ay6vJi8VkJsJ+CGIYnwif4UNiJs5SJiGKDS1Dxi2CPo/8AH+9wWfSDIt/gh4xD5P6Lv+CHwx9fwXDEPT1Z/8QAHREAAwEBAQADAQAAAAAAAAAAAAERECAwITFAQf/aAAgBAgEBPxC/ifpRi7QxCHy8fpCMbH1k7o9XCLio8Qy4vaCEJwNdzXzBIaFkykF4XiYkQRBD1ohCDfU2CJlEthNf3yh9JaufgZCEIQYuryu189whMJC1eNxoaF0kTEQm3hLGPiCRCE7fCxiyDUybMXbFt8F73hn2NQT5XD7axEyal22Nl7Q1jEMg8Xq9eMQli6Y8TLytePHi8l0xDFxOXqEPhDExiHqxeK6+T5GLpriERRPC1D4cPgWT8FKMRcQ8fYiGsTxctC/NNWvIIpdfi9RCdvxZSkFzOJwsvTRCC2eqHlLi8GLWxPweX8DxjfC1Dy8tjExPWuaTKXFqy+D4QvBb9jJi1fneXaLKN62LGIeQpMvSY+IT0hOF0xYxYuYuP6N4hi9Gh0XKWIZRYxrGxPFy2LWLlvV+J4mXGQbRconrZ98MQvsmPaLwYuEPEUeJlyDRBERDz7QsWsWLFs9mIe0Q9QhvHkgywQkNCFiGLm+iEvkZdq1i1DPjaU+xbR6xZMpOV4fI2feSkXBankIPo8ZcYurBfPC6hBoS2l6/osY1iQlr2ZBLp/IuEPHxT6LcSGterFxCF1ohMRZ2/gXyP4LRfPixdMYlk7XUxi4eMQ/OYhl26kQnUnEPrbcRceUkyfghBInN82T3nKx6tu0vo8pX0sfCy9vUhrJrEP0fo2Ioh/ghPCDRMerbiZRbOkP1pfC8taspRMhP1wnMxiGQguEP895oh8XUPLq1i9UPwm3hi8kiE1i9GIfVy9vxZRPU/J8tfhnC5aEuJ5Pl9XJzeb1CEFxSl2cTzfc/Eh5Bed6mfWp93mdru9XtcPV4JbBoSIQmwnc6nUEPVwkTYQnd6fHwQfDYmXwWMWwReKUv4Vr80Qngi+q15dRS8vtFKMWsXmuaXiExD4fLFlyeDEvFEIQhCYy8wmI++FvwTzTL4LaUu/YkXKUpeH9H9jF+FZ/PH+Yhix/fDxZ//8QAJhABAQEBAQACAwEBAQADAQEBAQARITFBURBhcYGRoSCxwdHh8P/aAAgBAQABPxCnyzkCXbsubIsjIJILOyTKWQ/AOT/V/n4CD8dv8jfr8ZslkBbZyF+uR2yywkRgLD8CSCcsYJDJjJ82nzPn6gPmQz2OM9s38f0s5nkLPZPuA38MFvGZxYgc3J1+Hpe+k+y7fMFpuJPuwnG45eRiSNy9sNEwUkGSDlhsYMA2FyzbLbbLB/GQXjDke2dj3c8kRxt2xgZ6+XT4jZ/sBnfw5Qc/VmeXVyT8B9wd5Z2f5Y/Uwc9kYLJhbJ0ksLKcgxnREQfM8+rdewH7kL1sAW6+fjA3FkSgzs6XHBZ8Fr1uXLH5LBLm8jTwjXzDPmxfm2tsON90GeQw6xpZ2EHEftBn4ZsdyA2dsEDZIJOQb+AXFlmRGbZnzDnxfMuOyb5CPbIHYOyI3W7fMGxiHN+IPpY+qZHGsJ4QaQd9s/cH7nnzB+44efgviZsh5NkLp/8AAwsJ55eyfEYmCDbNt2ePbPjZH3YPFvobD6wY+5O6F8/UcMHNg5BHvZ68v/becgeaZDrIOJMgvYryCBthYs/AaWcggmHspuRmXNmCyixYT+AF6Q9n/wD7LQ+7FOas/QfJlW4/E2WR8gS/39ibR6N5HgnrQh/Yp1GL0LO4/wDl84Zl8B0kNs/V/kc+PyHzHZ4vUknbmykMtnb4luN8eWb8Xl83rZ2IgmPo+bz5kBIgDqWD8QaYSYzq/N90n6y8QQn4/B6cLXcyzOkKnGU/Ng4OJYvIU9i+fxllkQ/J2zL5t55ZvbPwBTsYTkhch3Lo9I8+i9YxKldh81GWreG2qRfsh63RTEKHpPu/cv6tt94eQT9KRs4C+C+JHYtjKv03E5wg7+EgLD8Ny3fLvzMT7clNtJby9ssJtk38B2IOWSPfwPbhjH2OP6/CJ3dPLScnHxCSO2/GV3JRL8w/F/V7x0javPwG+zixiB2d+rGdIPq8/DzJ55DzsRry78wFgSvHC5mpAfWR+B+9cy6tTkFTB+llxPg7NmD+AyNJ0r8toZmzh7A+J34tU6w+0znPz9zcH9BFGg4j4g6dH3CP6sy/279X9TuR52f1byZ9mDbJ25JrHzdg32Qnb48u/E/i+mQ/ZLqXZ85H3kN+J/TJPyX+Qt8F+06e8s+Bnv2/uTCAkoeXU7OfUW7EGkc8k3fmJ7+Ty29Y4z1g5JdeRBtmS6xbeJWw/wAkCv8AyF+j62PgSLsO/VS5Lrum/Nj42xTNjflJ9wNteuSri0/gmXspCIHfRjDjXjKA+vSJ4b3XLPo/QIrhkMhPqXkeWJ/Vlxe3SP3M8g7AY2Qcmyz92P3dg+c/GNcvfk++SNr7lSY288nVlGmDPizu5I/V/EIkIHiTfY5IbHv+R5cESc/GX6v6sjWHbbN/Gz+DE63nl77AWWXhy/aR8iIEZ4iZs3ety6cZby4IeyciZGIBgdFh8GALFtRpYmMIByesJE0dSWIef+SB6YtQJD0rowRM+kxsRjSEej7Bnx/2BNKfrLY/D38Ht8/hIH5v/uxh+7lyfbD5tIe/q9uFaY5k69vHLrOSHywZ2dXyD6nD83MtLyF82CfxFk8f8vEnImG2ZZtifMce2lyzY5OJJHPZB8svPL+3Ifx57Df5E65bIGl8CxHj23vmEnYaRRx5a0DFk4GR9sHgupwQl9goNib9WBfEdmbVfMicHM+V2TS6gyMjFH5+bRRpkeMSEvRkNrHmanjbZPmOsOwF8z+NCHXy39XGwnl8xi3fibML0264n2XPbY5CJkx4vFmfH4f5JpJ6yGsOLDLX8GQ6/k5P0IP1Y+pZ5bHOL1sdiYTZyfqfI47DJ9i8uMg98uA/pOiYaCxufe4qD/pIDy0SSitfVZO287HuQZ/BVfGVe9y7PqxA/l3Xyzv1Nn4PBjp72TvYfN9/AsGxfORgX4nm/uRV7NkPJIn7hyaJ8kIMvxvL3B89khLn3rU/svfL929m7GZYTjZf2dT0ufMZMO3C9j3y95HWzGt10njsB5CLds5MQyAyZAR38gTMh0iG0HPxv7uvmGfuxhjYL+M/dkF3YJIzC68jPvtj8kkv0xChnVmX/m9gtMe1tx+sb1EiGbPQG/M7rif2PtASGADcTc/UgeIIku1/Vt3sry5b4fYAJ0xI1+NbJSmzAm53Ic+yw0+9mxZiZevJfDZD4bD7oyuiSHwv8vhHX5gPXen1AnZ9+yMM88v/AFPlsfg5Iy5HeSZ5MDIb5Cf5D+7Spt9sTlgfNut0+LN9s2A4zZG2IWbD4swv1CcuQ7Y3z8C/q/UkGzt/UcbNm8I/CmRl/uSGfIfdozwPXlgifrYKG/o2U5PPtLns/ZuOinFx/wD0l1eDj2Qqqn1bu7tru7s7GhJzC1zcLR5b3YJ3bZYhwAEfm2Q4STpFF34mdrGjkyB8yXeTyHZF7MznX+z+AWDnzE4LP3H1ZQbCZC97y8BzM2RPPJezkE8/G5M+Y85+E+/wTv4O+3Ni7yTsY9bCBst4Ts78ya6M78QNjtne2B5B8/jTYGeON+lx3cB+M1/A5etl42kdZxOQWYbGNlvfGQ7oeSAdefaXmJ8p2tfa7yri0YhymNeWqs8bwtc6GwMzOxz0ID5J9bYh29LE/sOTTnlit9PY/nbt5B3z/k3o/wBlh92xI6Xy0u/9l7IxjIP7IGhf02xU/oj1x9RmO/syRoi58tj4n7M5eRs72Xrvn1AEUaE9xwbYJxs722/s3j2TYPh+PfbhYJ32NPqOrYbIPLV3ZgI9k7Z+2c87GHLzy3+xuRjxkLdsMgG5kFvwlsDiyONj8H4HPwPbeWbI57FgmcEF46eSshPRes+/Cx8Y8o+BjZl+inqS5zYyN2Q+IEf1GVv4lnEnV5mU/WXtr42Dp2NO52fFlfiIgL/SAlfxNhrPuH7tyl6/rlztZ8ucmXUwPiz2fJex39pC0P2ywP0A2ZM9tsmkels8gvr+AP8AU42/DjOzq52AHVN58Sa+9+5MjywzsH0sLAs+bEgvkHI2Pfw8M8W4kl0g2YMvUex7Jvk8R52+Y8n2yV+ARccj8av8jsHxZsFxaXPu5f8AkDh6XbFMMEXVO8yGjG4BkUbnGeWpgj6iX40LrrOQ7mxbjtkrfDnkR0Mnfb6rPv6vJ7di/wDLUM6aZeYf5goCn6sNkf5aDgf5Og4gNHj4Li657ka9d+5Hm+Tunkq0H+knS/rZ9Hn6jA/c6eFwdGOnYO8YMz+xm0B+7AX7qwQwm8t55F/k89iA/l8+w/H4Zy/y8uz1bQR+4Ebn4H9SbDnk9Qx9/Cc5+JgwPibskS7xkQMtjsZfMP1H4Ng2Yzu8NlX8FozejY8GgZlskig/qMvy6GTersvzbOdeCGgke8JiNn5O3WnzLP7aPbM5ZTXfJSEn8gRRiIJThGgTQobz2xA7I2nIkDh5ZPLfDJQ9lsI8gjkb05KfMjOGXpanzkvhKT8MnB5LmPsfkvExYm4edPhsks5C4I/SVzhdPi7vl48kh+I63XJwyGQdwgvI+Umwz2cyD9/ghsbB7+E/GRNxPIfv8cSD8HGyd20+wt9k5fohVOGxBaBAP7N9gbaYkn1k5ZOBB3nl32yxukwuqfUNQslPo2CdZFuZYXIgeyc4R9EEEAEZB5YfiGci5GD+sH72GAtz9FzWPCcyB5ySG39ytJkIAwQHJhTzX5jMZr6nPgSTggHlw8nfiKPPurLcmfiXFsb5PRsn+79WZ+Hcg5N2NX8aWdvVvNhL24Q47Pbc9jY5qQ/28+J44TvsGQbrdy/c27P9h32D4WfdhthkGMwXzF83x7Y/drD+ot5GZIEddL+227p5eY9lOnmXDl8yyu2uTDsfMmpAH2TvjOnjag9ZB3mxanQ+oAgl9GSH248jnzDp7GR8lh9QWpl6XsCjCEHH4S7BasXJkYT5u4voySyoWMP7cfRJ+rCcsfYVTPSXauKtiHuIU63j+UP3KR24TbERk3S0kesGWGXjkG+3SGZeeXry1+Et/UPs/V82GwtjIwGXLDdufj58jv4JBMtsvr2SI6HxBS5df+w7rw/t0SAQMcPt10uNfMqnsCfM7k+xni2n12O8bTpCDysHZ5svhPzkci68Z8gJ5ZfmT6ZZJmZ8W9Z7d2OSQLU4J4Rf6fqOdI/c/wB/7C1eweHJfJtzyXfxrI0cez/SzxfD5gRkDxuwawYyXxf2CzvtnfYEDOWx9hdt3y/a+eF/kuchN7Y7yOF3fw7AlkAiR32yrSHEEllmM/y8/CxJ27JZ7dTkIbIXTJ6ryi2+eQpufB+59BmsIs9S5LyfLxIJfrgNZcIXxHNgRwTPZA6FhtiezDzyNX9XXzeocg/NwcZmmNrYImoR9soN/d0dot2OYORacT+WFunxjKfjYL22K9ghaxmSTR9LD75LzkLL9fjIGzvZ6gm6jhHPwe+TsD+HL15Zhs3x+F7lj+ENvxBeXIgmWmTbb29ZE8s+4svOQR2DOm/qIkDr2ON0wtIjBHL0n4m8/HLP4Ntm2l87bDligtQOQHgwACXNsFMmGvIuLsvEPm0I5IJ3Ibt6qWkFyd44/Vu5z+JD6H6l5P7wWg/WCKt2euT2JN0t/F8vuSmYtBigAWGEY6sDy+OTofhgvm5aXZPYHbNfZ34Y2V2X8FabCfgNntg9sfE63EBl5dO+F/khCzJviHPS9sh5ZthMZaW4HW5GOESoeA2bVsJaPsY5ljXYMt/JrEOC0WIIA+7sHxNgYwfEbZC6Ed0cthMuS/VwyOR05D7vnjLHs10bwA+p2Bf5PnO78yg50lEQf5LwM/t1x+L45GnzD3thdJm8HEhPuIRjOtvrQ0sH9XA326PI87LETm2FgQfuPsHeyM9ljby1+b5nCekOwuz+GS7Hkm8kZceP4aTnfL2dFo/GQ2xb22HfnLHH35Z1M7k3f8MHAX6fVt8HweMwhj04WwHfk+SQOPtkQwd2yOsN4fMxb8wmC+ce3nFnQl4E2mPJgGMLIyPuz93DxtZxjX1/As5PnZcJNKf1yU/sstUEQxtRIUwnpx5JvI35/DOcj9+/gF3eE9xitGAy082aPWfIy+IIPyHJ7eEvb5t5GMieX7TE5K7n4BsheXBYO3kmyJDjYW6f8ly2Jt/GTyG5NpcO/Fjs6k3Jl0YcGKkpeDmyYFSPcY9uGxOHpzf3c3jKQ0j2zx82xZCIhzbN5EOOQP6YfJyUnynBmYg9HkQ+wjeuh/t1gyzccWHsN/ZATQ/2R4FsactHxyYCQCzme5Nih8ifuwnl0Rxg19hfxzIuZ1/V5B7JOmXer7CteNA9tFeOl4mN3+8chz8e/j2bOwGdlqnhdTyx8z+p4GeSs+x2ztwet75Z93Piz8FT8DidVFlm2ZGbJK2ZmWQgib9RlR44xEyivHkkUExDuiJ3/bDDrrC8010/v412WEoRtjvlsuWy83/cLFkqBki66WM3HvlvCOeSJWZIQzQDCZuv1bhvfDtsz/q8lrx8gL/xgAWkA8tnnTYxx2fAB3k4HiBztgxqHBtnINmfUqWR4CxxLp40hi4GJoyg+lEtZXEb3Px2WYjv4SfJZZPtzs8iJo4yQy4b45dJNkyMlNgGCDCSz9yfH2L6/GGENY4v5HDYdsPuck7G3c8t+yR+FsdXbsRnIeumq3iQCLLiVx/sebNnT6tPcWI+IU6v2/uFfZsgb7Ei44t73W5De4QiYD9yca6xIm9uvUYwHIPQLEjT52aHHz2WP/JjWZ/WW7j9rMe082GQX+SAaibzh+rVN3LMB/dl9xDwtqSn1YGCeEfuJ95IQ1zGB0xrB5z4m8w3ElIcWbNjNr+0nfzF82ealT/Jku6oDF8/BP4O/hkkikLy3PI1+YIbueX9GTsaLyUeXvYDLqQH2P7K51upxvrkJOt+pYbbse9g+pGNu/dn23EsQeZAD7gkwsz5RhhX2nU1OHhAk6HO/ENLu+JZC8U2J1t1tLsQJ9kIQNCXPjPkGZA27/LuPkr4m/UzMVwWRYCtk8yH6sUcfqHIx/YExB/Z7hB9Xjv88kIOCEwdW7I9k7gXgbjT0EnC/qszh4wCM0tpxycojCujEyz4f8syDf5fBF8LgqiB/l9fH2BRBhbeXI5+HWS+Ie2QLUaWydE6scOyc5Z+CdkGAG3Et5y+Dbex7/kDnkkfu6eSmFbptzcvpJyTcwuXv/kxKVrtw3QeRPXrsQZ/9mYRBkRzNtBTRB9geHp83U7J38cMGOXhLYk8YQtlZZfXCHD6u4r8R9pv9t1rH4uh8QvBIn0ROo/l7+L/AHwsLlbhk+Qu7r/+TO68e8hXtfoNyBl8HZAff7ae+Rxj3YO7KN1SwtNiHHIcTfiyjoE5YWkDl8mKSdcewRD8Yx8zpCUD35tch1cJRqHhZN49k/Dxb+HdjY2WOTY5sneQr+D92Tv6t+7vwcsd7Ywff4A3xkfqdg4bcsa/lrB/GqyXls+z+F8nzMzmG7FrCmH/AGEcBLAzxuzBnHY8vd6Pu4+j/VADdThIHjYYBDMeLC63ZTlp1bcXy5wvl7GuvboEV+L1wZXp/cnWlsTgZc06ig8tvPl8IujbNA7A4mW5epFOxu85C/6hdm8LJ5aQBP1sKJrk7jV9/wAsmSEOmnkCcnwfiVvD6p1imSftjqaBIRxKLxETLvStr6U2fI9tWQx3v5Qzs+v/AMSc+Y/a/lveyix7YMs+Sw8z8Ovm36v/ACW8QbIfEZMfxl1Ownz7KbfeWucwbYV02+Sl795AYgHxLVuxHAj5AfCEMYg3luM2B2zcYgTJLh5Pr1j7nLAtR23CuR0GRekcZ4H1KkGn6nwu/OSKfUSAdkzEWqphyMJYbBFdjmBmWx4T3yH3AZyGRZuSP+x5TeTMB8rRYx3JzHH6kcbv6mZAfGWhYQxdtB6/GwX7iNbC3BLhPpYYH1b+r45Zvv5F/Dp/Lo5N1A+SGVz/AODOwG+/j1Mv1ZpZ+5Ijy0Cz5lWccvE2p9hIu9yB82G/jmDctQAbGZ6kb+pzMPLmuEhj1wtYeClhM5IQW5+YSV3loYWx2SThH+lyHl9/MQzzIxBzIbQxsZOPZfLOYH3ARP8ACeyuPuWrdHPEnxs3EsAjsNyDI8h2XGQObyJwNXb4yLKTuic939Qnxni63IUeg9vP4/MQB5cgGMijw3Dvpa+4c6/hj2+Yey3jloru+QdhZl8H4fZw+JD25e/g4eQmWcs5L4htX/g/D6n8h9xmz7yx+IdceW4R3tl185DhLvkHmyjAqFmWRf8A3YgW04Cl5EMKyPSRv5uOxfCeHl9gLQx3fjJ5Fx/cB+kNetl8NSGfpGnkS47kUr/iGtEBLsRciLjCS3LYOyW6fYs9uZ7aJANnhdl9l4pL2VQhOWBvRgRz+ieSn/5pbaA+DySgb5LGSnl7A1+rpMWyB07v/ljPLeeQ6z+1mWu3zsdhl3HS9t5+4fuZd8nCdvffwSOefh8j2Qy7shlmJLeufV47KSRfEfuBeuRjy8dmEjlsmt4gN5Bkwa+2BB840Ovvlt3EBskSZ3DPiduLI07EjtjlL9yvytcf6/Ue4r2JNcmd8WU3xah9T75fGIunT3L9nrLXET9TIf8AmxnnH6uIMPO22d/McyS+SMngW3XkI679QBcTGWD3kjJo6b82Cid+bQ+Q/kCbA7jEAc4R8Pts/X4hzvOQsMuGOzBrfORgXVGuWPzeMsfhxO0fwCOy7+VJT4np+A3EuWzkpNuE7H7ufjYBkb+ELJG6HWwYX9mza/8AFG7qfHd/hcojTMf5MYHdmEGYPP5LrgwUekKvDI/C2+QvguJ3GDtxB0/Nv+Q2GOlyb9RgQBgYXROSah/y15ZFyLluZAGsSHe2j7G42ClueX23HZdZHwbyIXRrdTTmZbsCbloNiEZzJVFIr/ZkWLhrZo7jS69/lxd+oX6/DbBtnGPX5jVodgD4jPqNdC13vxKM7/kc9jGwJSMz9xJryRJdDYS9fyUsHLv1ZZEx7fMn7jPwLT4QiBl0ML+yPgv8uSB+rgg3PiU+o3l3kBnbwvR+Lsd2w9gac4MEOIRpY3O3As+W8mOsgLkKXL6/M3DbvxCZL9RNntqoyHjBjj2BoXL5vsFa7dvm00Nw6yD5tHd/EzG/zFhhMNb0ANgEzOZZRzfMe3SRchd25zXg8bqCgbFn3L9fj2fxqzkSe2FuSaeRu55Gj0lfdo87d+2B8yfiBfYJG/z8bDnX8WiXZH/CMSclL+NLTZRJYfw5PkbOxtr9SuPOXAQ6S8eVG2ZObDsAZpKmq/uDFnwPSGF78OYyRh+yHOnIFuSPFhOXKctGdfiwnOS9W/gHIH4n9Z76R/C3Rx1yWYIeFtDSO3+Wzo42AfEv3EYwWZQ4ewnetg6eQBWH1ucA4iYUv2sp7yPWfPbcljvk/u0gvi8SdRuxuR1viemQZ3Za8gkhly69bH3Y+7PwSyPfw/8AFZ5BfpEgpeOXTtw9uWWSXxH7tPi/t56z3g9hyEQbYL0OS0hsxXC9Rvy/4WQpzBfMhNlbgId+ROg7jcIbP5S7q04vGBw+LeamED5j4G3kN8ZOjs7+LfbNfu1QNzI5yTck/Ug3BaI+bq5cy+1kyOQUXbGqAPVjK8mHy05WV278zxyYD6n25B+CyUZDeW8tk5cr8CmQOXrtghp+oAcldjvthOQfRP8ALI8/BtB7OPk+X6hmOp+pF+bpKw+5m9LKZkm3on2GfxnLnyWr4nPqczhBoPiJ35nVtA9W3F4Zcrd4fiXlk4e3fSNfAyu4Pstli2l0ASuGYwHfcggZC+TryI92DmxpnzaXYDHTyDvkPokfEDLLnBBhDEuQIenLYvBy3KvhGdGdMHPJslm9i76CIOI7koeWD19/AyQQTHtmH4Fvi12DnbQtJCXmDGbJ21eSPxLseWC9kAyWtiXv8JQZz0nOfEn1ZvzLnvZds7rfO7Ls+3k/g7PLZ1tS+tskfQ9g2sS2Pz4Z7aPt4PzIIezXsX3vo6ToT0GQGel1g+Vn7gpDyyHSKN7liMm5uth5iybjZYwy26WBrMi1AZjyDkmw7sUeStuxwjtkjHJuH0t0ieR7vjYjQ/tyetsSNMxvmYeWGcL58s2y+L5mIO7aJkfveknNjzrc+ttPi0PLUH5/Cu8v/u3efhx5Gxj829l5EVW+h8R0HGl79J1k4fVuXzeuQzZ+N/CcifbLyXnfJBR8ZZA4B3/kBNoT4ux+IHj/ACBYcs/5BpEfu4hCB/q9hGsdBXY4+zOl762bZP2yOQ8tQc/dpgPnSxRP9qTiSPCP0Cfd6C21dv5aIzGNhLmcexHko5bRy0K0ELsfL4TVn8nmvz8xkO29PmDwQYW8viXkeT/Ycm6wh5Ysz2nxOiAL17OPzP0ZPts/d5cdv0WayS/Ua3bELW+YYufxPUMeBsCOweG3Uc+bOQH4O2NjbM3kWfgmdf1cTPdsrRw/9tNHhX/JywAY0c40jm5gtjmukGEfTCBHx/Yw9f8ALr2ExydGPJs3SVYJ+2cgHmPi3nh16ZED94EZanuMf2B8QNhvmJckLNszl5vhtMiWdsI08l521FBdjAfWwfitTBIcvImLHM+7XJfcm28v8gzyfbi9uQfVx1PJzD7lYUmQ17ceWQr5vJ73CB38ZjKXiy/LOLl83Q200P2LtEQMajcFlD+HkTZn38fH4b2bz8FkrM6f9veVCcLbmE5y36gOszh9Vx0YND8t5osxI3s2wsgJIZ4fSXZxhJjvNTZTAfk/UKEP7k4OfcZrDFr1Ae7FuMwG9vollP8A4DhMyTxaEZZxPVth2Vw/7Gdi7uIhukC6Y+oMufjewyWGQDHPJj3PUQ9TPwdJJeclBsvxI6+bW12PIRcI99l2zbDfY4rLoxOwX7CfgTl14TyIYk5DbPse2RZN89g24w8mD1YzV7kf+zc9Rnl8PxvxBOcM6w3e+/8A/CIrHwb4LfUeevnL0AJWO7smzg9lfq/rLtALHaIDa/tYytyH4cvOjkZZL9OfMN1xs/GGmT7Ln54S8iHyEPbtr5C98kCFd/kZYwa/7ZE5jhDoZy9bv4apfF8SKwJPeW7dHkez6GyKp2F67Zp7+Gg8tJqvhlSvn2HluwvzL+7T/ZXINsz8A7aVjY1GCQG7trvIOwfgBckLCPPybeXy/HxE+XzKEwwPxvbjAvTsgCt8XfQQU9zlyJDP1ifs9Ztvz8pMmYGYfH3J++RMF+sWUNfrG6/uxnd7E+4PrOy3+8m30sTx8QAH+XYd7fLdAQbL8Af7HZT9bCn02NjMJjyO9l7ZMjYEO2frIYfcnIQ+icPS9Ir3HOyEg+2Gcg5JfH4P3JAsdg/U4tZzI6cgCXPY/u/6l/U7+OJbkthAz9z7PJipRHqVIhnpMYFswIrZfDLJMA+o9jUmWqWOztj8fEeSWXjJXf7pNOkd8R4gHZEG7B9JUB3g8g8p3I3JD7MHRsP9lA6WZgQ5ydIAuvuMer1kerfJDRs3I2yxOyjh/jLqb/1MZpz9z7p4x+gSqT8tmAfjIEFPyRQOfNgI8yE38WFkoBdRHN5fXacG/EcPyhjk2+IeXxeH4yzsEOWv1d+YeyY3D4vYcZdfqXnJ77ZP4YZBYQctn4QZBtvzO2mwe5DNPoblWk26xaQC82AD5Ey18XXt5ar+APz8T5+Ht4d7HoIfuNWBjsCU79BsOGuPWpUYnXgWKb484sqNXdv45dfIPs2OHjqD2d8rEb/mx7kSDso+FSLEnfAP+2wWvvljfpDsW2n5Q7/BhbHhsoXGwZEYnxCvY1Dc1gnZM/8AtEtmuc/GEG/MITMfIHKB2fIdLYn2Js7HkJa+JrW23JVPYJ7ctA6XXkdsn3JMmOPZ+jHLdsySVOnxZMHLbmPjI8UH4CNN0tCMf1Z4gGxAHRtrV+Ib1jps7Bl8QXxfPLPv8JJ+Q9L5Zy+jI3c7YA+L+efgYwdOPE+7rCegPLZPg5BM7ICpMv1d+RsPPuMhrtHxFYg/UHABhJrO69IJ+DYuOMi9eWTNnWCObLmcbdUZ9THaeTVt3exjHhJhsC9n8Ntgib1y8Oz27O3x2El7y+bLJWVe2GnbFviFvIpG/F0jY97H6Yex28ZkmfMsIdIuaMxyZ7b/AHjbfq/5iT1nD6hqvPiWsdE4dP2lrjywj2yd2D8Z+f8AbLySC8ey/q3eJDhh2NLTmQ8yy47bz9w+XE7DtaqXAYK65MQuQORbcHB9ZbM9s5HJAH/tl10tKdnXLt26eXcZlgbsATOmQ/8Ay3TAe7Lrh87ZGP4EPIfBvGy1TEcfw2SPVln7nbHI9jdmEj8IGzh/br21dlzyElJN/Cc3bXq9Xnt8ey3xGjGng9tro+ctCumFHywMB8uej/U8+RztqQPIHdF+1OymyNlJxjDyNs/cGT+CRg+5ct18mEfnGx/Dmw5zlihXhZfj0bYBu3K3H7yUO8nAYhO6EIANMbbYaezbC+p+pFWNS+HZW8Mkeo8g/IbMAJQbNsPzL+fIhuTdLryOe/h1L+NRsQksvEx4gbZluky55ZtmT5YsGCW+Wd7PfLITZ+8vaZzls5KmJk5MEvJRIKYnL9zxDfDtxAbLsdCyLxgv4nyH9W6fjGeEdNui1G1Wb2ZlrBBs8gjqXlpPficTIWAwxIkANB8R53CydInQL5LP5NZ0x8zkqdMYtZKhplkjdR7GuhcIwVCFrwn2GvNlPeCw9jKGMJxuHEhTyVguj5M0W+R+7Hzc/C27el0h5bt3LxszxYPZfi8fkcy5fMHYdv5L9275G33cn1x8Mm6JvNlXcxdwmMM5ZWAOXJHivFtiENBxETeAn7tJR+M3yN3s9sZ2cHLn5Ak+rV/AifMtOty5APlotvX4yeDBTy1BLaRZp7CnzsvNkdHWKn1swM52JiF5oZl8BIkvysNbMNydwFc5FwJ+7MGP5ZaEJwWTdxhyTGXZY3jHhifzkE8l5+XxKn38CPG1YvUHjOMmTbPfwTJZhsgVNOEQf6ZS35I+vlpxkO5EFY+ra5E+5PdEs5xHkYT5vkJ98hvfj8EOPu2z2UMG/EmW/q0+23IxPIch/V/EH6vDha3z7LLpD3M58xIFR4dIVla8OZIO245FQky/UQdO2YN9s2jYjtrfeTNGDgGfuHIfwwEN1sZ4g5OTn3kJP5LfqF3pHpDskVaF/V1Ykfgss+5L9wH3fLGessG3ry7aI36hN+y1aLTBs8nye+XybbEnOJfl7GD6RTH5m1fVirztgkOPqwLIvQGU4IerDnC+k1mcM71mEvpkNy8hhv5RD2+JgjFux9WjzJgs7Zb2GG9vn8N5Gbr5eLj7/wC3Boe/q747BNIycrEAY16MBXRKN3CM88n2KRQNbK+q2zChVmMAMs5yCkKSiHn41NaP1J3by3S+Ih/Bdtl7kF4Y4p9h0nFvbhYWnY5+AaQY23llnWYjiGzEdmjvlnHbKe9uZfV9Y9m4gIAh8TZkA36YVT899kgAFrdun2GJUHJBfu5b+NfwCeH/AMCBPIWe2W5H9tyzO23Ty1zb120+Qc7LL6fbG2/Jsx/2HGI7EfSTXeSc6gOwUD4tT8IHi2Om3sAaMGoCL7F8J7Om2z2M5aPJ57fZAPCAkiujgw7zi5v3Zb2XL6ljPm+beT6l1uDlu/l2Fy6nmXs5jNb1mISI+T2bQWYRDs90iNEuMgfqqXHXz5suh24LZ2+eYuZEAGvwMSW77rFdWsNYBGYke+Wa+WTfH4vX8Ehf7GsocuyXPg/G6ZD4ky8cgPmesPJZnvJB25qRP3CROVzBmQ/t96zO8t3G6QuMuJschEmZDA7D5EuSAbto/MD2QuM5nssZeQ08hYBfi+meKx4D+qw6HH+SPxZdfj1+A5Pn401sG/i+fgXPLbLkZ+CwhgSvjl2SVujmS0QPb2yfSb19WTPMYBDPLB9Imln1IZQHf3LW/sPiU+QfEjj43Iw3YF7tvORvzezwlz8NsRjHD8E+p/GWg252azS2wf03d7OjuXtNZeMJXcGRuaayGyzxuZjIDpt9ZPw2sGzkbMzOSADBcg3L5Lswdut/Ruu6hGmDJndl7t+qVbA7cPjvsjSz4cGViRvwM6IrNfM3kb7FCDfBbdNMz9S5PY5D+Dj/AMtJPz+9+n4+Z/sZcyeieXQVC0tswm3OR8PIRJyHFieMY65l3BX70QpWpxs/4kX5rGc8gOU8xbB6dG9Xv46JMj8ZcyOp9/Gj87J23Cew/EO2aSMefHq+tMLp/wCyYH8GNWnXzsmhvsDZSHNEn1MOkuNvcfZnI7OAzyBdnas/mQPsKfFmQe3fY9ch4k9uIYuF+SC9ZPi4SHvRI8DHAx2cdXJsWAOaY2XSfjYgRHb1ZHL1jF3kP3bZ8/jcIfwC/sCA4gyPZM4TGTgbKR5az9RAzyMIWtOZJ4fU3PJGPZ52BCwPMInjc+iyaekpI12LamkuOKScsSkDkHLLkwzbl4x2+IMG8Qc2+bgamwwE1Vyxxjx+soSXfUDVa/hcrp/GdsgIF+kPYKFk95ZTr/yHyQz7dpLi3gQ0a+yThazsnbNt/wCQiyv/AMnG3ceW+ez8MGfauYsj4/cGqdztm4J4R3+oWaH1hNxO/cbvtnP/AIXQJbPsL97KzT2zObcHth8SMV4E62ZKjV2ADfYvN8lF+J5D5gBnrbLPq6T6vmfUHOWtOtqTe/MmJ9luAT4ZO46eTImJekDgLKf1en4PDt5vj/4H5HYc/LeM3yck+fI+db1kVd8VZHVo369nd5lvz5gzyIOFsd/Vke2svu2XTyVMQZxBx3shgdiEbd0yRBkeGHOR4jchJa6fF/1ebzWLrvUtOA5n2ImkeI3d/wDbMHw/7bPf8JLF5Dyn94adAT+Fb9HJTSsftnydoYhOgZN7t7YT1uhpbLhy28dsR3ISHkTun9WFNxuWRd7kVXeSyPeQ/wCUYLALKPJEkk+zTEhVds0d5fJyucfqzkXRcW/jPwONz8AkU/B7L66/qfgce7OT9lWR13w8/wCynTdkd8ufH54+fwHTyOmQZEhC4Nh/sG/uGqQMVf8AYYCCyloSY8st+V15f1LDtluT33l0PnLMU39Jh0/EIfYrxDz4ixvthbfIn5Qkj5l2kjztgjoc0vFiw0jj5t4h5dFj5tl+i6kLvZaLp9SKr2//AFIAjFByD9WbLltn0sodwnaoPONv/COyAGe3SnYkHo9tVXH1Z3ez0nGQNzR2JGtJhKWcgbmWW2/hIELffZSwE8fZkokfutUW5pKVZ11lVwd9tKb20+Jy+Y6ly2ly3I1YijvxGZJryG42H9lDXkf3C5GE6H1aYO3Iy8XhPfJM2BWyO303xGzMus5l1dP95C8xM36+ZgD48vh92Tqk7n2BeinbW/rLEKEg3/oYTjl9AYI0Rk/JDpP7gA2OJX4jwsq3FJYOp9vti/dMS8tl3yxVpn4Zo4z21NP1fNfiww8xl6fVnbr5sseb/wDAgfqPLCPE/wAYvp2CPWWD9R582f8Aw48j9ydvn8LhuH+yrrByVcv9y7A89bqbDra36/UzbH7vVvxAsGewnxDvkGmQ7GRhheKFnkPSTEA+LMMpiu2AE5s0XLmvulCdXTDOJchBDRgECGmsVgRPsJg/ugIXswCQTT2Z6gbGOEjOWJlGOyy7PvJqYf5F6Ri2jk2PEScQcOoVsZcsvN+IdPp7aWvxYLIkWIDy04PLRvu1rixRjGx7e8kyPiC8viT9fjfuQH7jXAFsN3yHv3D2CMSmCB+S/qXPi2P7ePZ5L8vk9NOxr2zTXhM3puvZLzlhJOofbbXyyEHXWHyvZ7JIRONhKn4wy/ufPOyx7eu3zBl2QvKhLPifbANoOhY2sl2GsCs5G8BsqGuXkyNsEa/cq4WZ5kJ05DRl0mVambZSt+WO7qzCxJJAELK7Cati42f7fIkdCiyZELY5AdAy8LRHMMcBbEI7+rJOfu4QD7hTfDy4Sivjd/8AoQdKZwxBhwjOjOGhv3KQqocEPswdkJjyMicR48jvzH7XB7YoHYb6L7B0Z6nk+CUVwXScxvfiED4uSbHH4YObv+WcXz/9TT40bW1v+35/9lG/vWXXTv8As99JEjIHk48n6W/S7Z9xH2DJsSYJFnwsQbAAvZJ08unTJ/lyFmtm62T6ykDZD9cvCUGMlWmbOmLljqkPfiDCt434lOfty5bvwJQDEfwcgIkSpm8+pAasBuifuskHe7BvNw82eNnPei4iwhpHd4hdwhEzIA+5cfjyLDZ9Il35gBNN3UOgeQkF7GhB8xJAoXDnb+TzMH5QJhGPshb/AKurTt3YMA4/y42t+Y8wQOu7YbmPOxJR3v4G79kZndkfJwA/bjM+IL8pC5vyuge/dvunsY8d+4v1YycE69v/AFazPvZSwyN5+QB2OkZ4bVjsOAZ4NjQO3Rk3XFjwI3CxwBX+2ATGLpTOG6Fi9gUJgclcXGm1D8W+XCITCWI6h8gLQOs97eYmN5rsmUN3UZnoQjwkSGThx/yDzQRcKjVwIg65/ZDpT+wccf7eAYuIBkTrGRl55J+QybVQK5e5kv53zZnRkce5HBWRtQI5jGAUk/M3JumpDks/DChR+TEjx+0G/GMNO28TR/BfUNuOiQ3cy2Y49lIeC5kYSH5tA+A+djQwcB+ZmI8Cha8WsBktLB+LR7BvsCoTDcL57XfJ36unpZ2DPCXfJNll70yxmWMiMBI2SIRPmF1ZjkHex1eBF6fLBqyBijCxeIsJ2ILMe5dhTIwMRPo4WE126tuzbHEHE6uckfJPaJB+HIYEaR9hBPygfKD6WjWxwXHNSmzcgTdsUeThvMrmbMbI6+H92iiv1b3ggbOFzAMFs/8AIdIWqZyA7UOxAsBljNnT7Z6uHGz54uR4uc+I80ljERpD5EEG31nJ/YOQagEdOHSTFT7d/wCQK3EfO+RkMXwcmh8mPlEfEfSb4uHfZQzO2h2w6ew3lk9kLi2L32O+eQt7B9Wr0tx8vr7G50tDpGHtk6th9xkB0XETEedtPosndP5ep3/lg5/E7ANT+7BB/cs9egg807z1aQPZvvqbikvRIwK0zxIZXr5jKacfW3/+0hzt3h7CN8LGIx0cP7JecSW+t/dlYcyL8kocxvkC6cS4kyTCB0TE4/7BGHCzCJB/EWd4fzduMNGZp/SFL2CxbaOY2Z0p83K5PkOjIb7AL7LEPH2+MfD8AI+/xDgMmV+oEfbrX1gXfHW8fB/kMYXgMGXWj+IB0/ttSCa8NjOh2d5M3nYXYLA7CFyCbN/DL7O2Px7M+kC8l9SQPPI7yQ3aOW2mdhrI5kCRQ6MvXt+9/t5URROrV4ZLhI0xtwCvkWUrrmf5dlVgzrCwc5m9llymRGgsQpeLMLqB9h0+oy+J+70CjsX2+M/EQd+LQHFkjH+wc4FGxlr4YuZpPRqCWLYUUj5h/WMv/wBojBB/NlDwJbF5Fae/F+ithRBet7wc9tuNQ/iJn0mlgkQxk5DvLPQ4R6P3ZhbDl5YQfVhxuwOBr+7YnQ7K8QYHslbF6psfAFkaeHwWqyb+ISrnxG+Yc+YkI/5B1C8oybKBunDbGaEx6j44F8IZdOuEt9beTZubsQdZVPU9hAUUV+kYnpLyk7NL1O3KE8QbyB4PYg2xNP8AtkBZ/Y+T/wC/in1kw/A7+oENkQ+UQDD+Rxgr4ztu0ywVZsoPgx3vZAwH+Rm0SQwGB4YA1Z6rkh9JejsN/S2b7FcbI0YfryDe9s/FjwLf7I/ZBbsEwuzo5SPYBOb0WbDj+7goMOpMfm3GeQfK3g3SfwRZGM9/B75CxNcv+xIYWGJEwsPvy1TMQcPiN9L8sqRqlgPD9QDN3WIF6TlAZJ5YR1AkkHS+9WF84wGxnIz2bCacniQJ5fiXUfI+lsL7Ma9uGdutfFrEsWx/hJ/qIjnGwMDfu14C3IB+LOEGG8DC6DkLqP8Aix8GWMNIhmK23qYm6JwJc+LqmCNR5z9TgBkM8H0zQPF0rH6lI3ZkByWLW9RuYLJotEhoeSczY+e7dLeSQGm0N6/Ul7Fld9b1bPca22Ju26wXMsBnnGwGmymxZyE1MYS27e/Uh5llohmNh8UgHJ9RZmeG2AO+kezqRHq2AEHy36Ia6WeBdDnxEesjGt7i78zJnsrtcu4YUvETj+31EY9Z9uEluuS81FtWPAvW9hvbPAvLqbZ4GDj1HhmSnskZ9RGQxAcJOYusKH4RAvwREKDIQbA7+5T4P7BuGMBa8gclxgbY4c/yQ9EmEyYMGQDTM+bcH+QnkXkA/u6HB8mHQ/DlnlmPK2YDYubHQq5LHvZE4qXyZqzTqZ8DYvEu+Qb5UCTT428DstakzOGwfGXCWcSeuG/d3eahzOWqNjyGOZyfoxgDh83XifGLVqrwNx5bzvzdn1+Aeey7sukuHzHvaAP9uWPrPSkbnk3vrDjF2I8vlfLkszfEm43Yj5WFu26jtQCQO4wgm7V3k4Ts5vSP5cN2RdSBd5DHoW7vkfnV6VCKmWaDJw7Fj6LlaYScf/LVn/3lYP8ArbC6QOoREzx8rKimkd8HPgmzozK15GxQ+/qdB+OrNN5XwhP3MeHfCH5L131LxWVBOSR9ZH1QDo7MeoB3pt3CWmrcVd+8WkMk/wAn7EYEDP5a7lnE/wDJM/8AzPtwknDX9QkMcnLjHk8k4EyPxctcOwrjnbPfEiJ5yc+5HxK0ttrPSEemJNsS8s1nAvIPfJFzhF9iwbLyZnYZ5CdexrrCyYNszjxvknJoGn4pkj2IjwlO0lMl/tu6JBPofqGIHWw7/wARTE3GzvlKBST5i2BjL9tjgwUBxobGpDFNiDJH0LV15jGGpGCZaOXW+riCU0FM7tPqBxX8aXcusHd1n8HLCaWwwd/ZMuRMMnmA/tyfBZQuPmL2MP3AOyXC0CLPqQDhrFw1tuPqAziU3MRP9jkpKTOROXEcYM7j1YXyWrHGMua3HByU87C9JOVkHx23CJyvNu68tz1ILuDGDAYuMp/Y1fVq4BOLZ3XYQpybHQsffP1EmltcuBDjWWzx+7oeiR9BAOdlkNG2A6BHOz+rDSUkK3UolFukq0O3EPN+Jnzz9zHIdoJ9QRxAfq7oG3rmSkEf22mJX7jGOsI+v+SPSYDd/pJI/wDYIa8iHlIqAB7IBb/kJTDkgOrP3bhF24IH9bPrAkjQ/wDuAtTt7oP5b4RbR0f8t8k2cB+28g1+o04n9ihoPt6m342XGdtdmWOg/Aa8y3CgvtGwGyrztg4gD92WUWVyxhnG3YHLFwSHAD+zhg2BvwRfLSwYCQPwhCGF3vc790injkBQP/JMF5kf6KkF4/kdqH6h4JvzDdWPljLd5bof1eZRftaZHrMnPJ7fUxZjs8hzWs6rhyx1efcHUsrKb27/ABvkAlGIPkGHtHwP+SWAECjnr+1gTNsHBESdO/yxAD/J2Tf5F5xv7tmhX9zLfH1fGeXIDbCh2Lv/AJWfOP3cLp8WLRz7ks1tjaGQhiF1AyXoytu5yAxOYxhZAdZxRl80YRwOF4XLZurlIIxiR2f7HxXGCCWXqyyenJAa8h4nL2wwu/jmprBheAxXvLia1GNOwPvLFgzmOwwiDrt8htqtk73ZGRFz8GBLIwG3u+rWbcgT7LxUHyYg+IIbLzvftjRbn7s68QbFAGYGO8gg2Lr+Vu2kyzJPHzOLzg4f8tgNfqeQIQPb2ES7MONmC85bH4PmxD/uBwgQvGxTVjDmVmYeP/FrSxauP7sF3Gl2hk6ef26w/wAkOCEwHNNT/Z37bGvL2bxsQgvrbUR2K+jcEZDb8/V4eR75McT/AHZNHI8V22fdabySbTYs8QD8f5JwYvzy8frD4wQDS2G4dt8zjbGY2cfG4A2czB7HJztiOhCeyzEHDTf7cc0IHtP+2qvM1OE/tj4m3ZMGIXcz+zvD+bDO8QaKMs26zrr6Se7mfFnfL7kOxX6QVsNa9+rIeKcs/esHE79So/SagmyDJ/k2NwmhwEkwx+0mghv7iywzWLsvqFG2t3peDckPPJAngsE2NgXqRDq+LYnBtSHb1HC5jFs8zk4o6SURhdB3cQBgNTfSSp0j9t7jlhPU4vqaBLQGCoknTW50dTyZqWP0YA8iHDKtiz/yL5oQeJ9JAdmw2+Za1YwdIs5RJlk7fU5Io1GmdHYvxkNRdQYs6cnhyCDqnZSkTHjcEuDr2A31m9X+R2qySBOEfKYg67aQhZV9in/3yeqy8dOSQ1t1rkciJdWafS2w7O9Mjjn+pYPtmuBaUBlFOJaR0XDWv1YuGMT6gSKqw17yGn5vsYn2Cngsp/smNng5toXtz83gW8lLAm5CB6/VovY8bccmwYCTNLD8SMHCVvqF1gperHBFtbsspHJGtAgd6IsNIXIn+Stfb6ncTn4w6prOODf2Wkg3fghz5JTxyz1fwIyNBsRpGEBN9P8ATO9mQzpP7AhGWzheCRmO6h8nZhKR6/jQjLz+QcJyP5khDSkYhEkCEsXJbEpNsQyC0YxHBsA49RZoJJ2O/EjnKMMJO6bjmo5rmDdQeX0Ik5M2xBCz77j9wD+SgECKA6y1hJ/LfGfu8sCQYl/lgDtk6JMPeRsC49icBrIHX3gSGuxubmEvtP7+ONBDrPmAS+rmoLywlN0tdP1MJqE3EsZ+4r6LYPUp+okjm3KtXzPR8PiAA9Tvf+IoNh4fUqvY2STMYEfyDQcsuDyQEYfD7sx/icdDZ/gyU1cgM7S8vWf+wJSDsiPqS4DJVTercpOMmx82Vxj+o2i7TZ8mxhVIK97uzUzBpuDriNHDyx0ht9ovCSDGDrCFHjdAdyXY9lYZHKcsGdfu7HuQA2aRgb6uvjLIppLusDyKQvs39Wa3Iew9sWLzTyZZ5NMbLBS7nxZgCwDkOmhyI/yLnnlsHI6ojz7s2b2aNTYn6klBT1avMOdmLJmSD9XBZR2AmnFqNqh0Nspu4wrDjYyFfHLO+ZGkxOdurHT4sIcSP68+LrPZIddMxx5aosEudgj4fzdOof2Ch/kxtBDPvFBEzqRQQH1I3n+QukD4Olh5p39R4y6ia3BMEXvllW8szNtNahx7cGg/clnr9yc0z2GP7s6sQ2Q9sj1YJQSl0hTm2k9PuGBgbTCbAMn2RxjmP3eAO/F3Iz6vjEt0Z+7Gu8i+W3cPEMZkiGJCnL9JAHgSa2PBPIA0K3YcXBA0i72zB7cSjsaB8Wx4RXB/t1glhmEkGTdPd/UUUZKAYXlqIycgQy2hL8OyChz7bMvn4WuxkBBEwJ85ApdWzK0QMDr6vlBqRz4VvztpE1ZnlhEwrN6Tto7BRrSRSmt8T6j4MMjK2pBbi2wWFh0bM/p8whP9GKz3+rpKrbBUlCE+bWXLVn6IH8sS3ZvSnyMW+6tsF3QS4XloEhSez1k8zgyHIX7Nm58Qy/yERaIS7A4Q3C2fidg+uQNCAg2VdOQhpDF4YO4wEakvHsk2Ouj0hp6kFBmnsPrB7dkAzAIh3bPvxCpeJ182coDH4hJziQnZXwIkiX2MQ1X2AFBtpBmPls53y16YvGc5JvAsHGjnk0W18Rh19kyMTPqGI6PqGXN7H0fEwfpCCFPphB365sXwGpN5grAx2Z4TOoQoFB2dHPY1vjK1ONhTo7Ch6OEv8EGwCA9A2W/uQd8+XOT7S7MxOnX+Q6//AHkO8ZOcxk4d2fOsh5Cej5P+Ee/+iweifyROsa2dhmVfB2xHOSz3JtPWSRchtsp7cWIX7kw59g/7JiclP2JzlnUbatYDTmTAzM47faTVMbnp82+WRpAXXsWj1ZOdsodTvBmQN0ncFtfYC0hs6mp9PG3Eef2JhZZg28dz+w0o5f8AAkerPNkNmdH4svkPvxKbZz2viFuDD8Mem6tgp0skMhG5PbwHc9iHxf5dAfj4sDvkRbENYdwVG5HR3EiLGi7/ANvsTf1JzD4fUjUho9v3OAzozrbXFPAuyPX1BCA+2bBr/U6QpvjaP/BDi3jfI+x1JPFDQ5Fxcj4YyOphjhI4MtvXsQAwWrutmdUsHL6Cllu5z9xod84fqKQSMz1skSyOP8jPOWFM7ex2ahpJ/wD3ykVETWmsizAbHLutghyYyOs0HU+0kjcwAPf3kR3F/GH7CyATOaGyKFbGEwned5HwYw9OT8GXwBAVzkny0g9e3ynZPQLPij7Pbye81cnPDs+FufcQczs2bROkBga7hJbl562AX+JW1v2Lgh+gRFakIc7LyofcQ3y8J7zEoXPmSCfpdNGVC4u7D4Ng8cJsWd6Pxw9smfJAvyZbh9iHvlzP15MB04Q8wbP8XcOsrAhiGCnddthvHxIHcchXE1hqcadhZdLJ3mfFmgTmLgw2DMXpJ0Uk3WkYne6h1iAFsFzPqIaJyYPyBRfmIEY7wKNwIMfmFnrnb3rHkyTeFyBBZkbp3+yr/wBET1RNgaWsdlsbtQa57b6MkRxsvGbJ7FYx1lsHuz8HW0EQe7C+W4cfSJLG++lqH7tMR05ey8lDvJfH4WHTlk1UnBKLK4ebFBgQZ9Pmd0W3QSQoGyP4MnRcPjZaBwl6f8SaEfKKXofiYHOZEM5CgeooTpYg4eH/ACVbuttjDup9HwWB0kD1gSTwYPKGxG4ZYyTwVwhv0TNTctZyepyl7fwj3Fs2kYwjFrCYOIYkGtvTJbHo+JG+ksENvi+5q0ZBH1LGB9Wc8n9sG5f1svb27zjZzXlyDa2Oe5bhhZlvG/u4CgfHM7wf6su72K7TkBvUCMMP7A4EnHxD8ERRSd37tKMQ1ywM7BMLxGCdeJXwMGxOSaYcslFcSaWHUduJ0ST5UkjWE+ZvPFncgYr2XEO5OcTkrrX3bPMd3Z0vxkWd6F2DrpepgiRdJwfCsxoPPu2G78ckCWDpJqcz7kxHYKSA+Rkh7J2SV9y0G9LYoB/I6cun9u2aMMPtEge07N43z7mTNtD4vO7Jqbtrn8JQCaFp7J+BkqFJ3Q25LcsB+IFYOudbPzBNJ1zyKxo2A+EA66y2QH9mftJE2wtZjC8E4GluiORZ+EBmYGoiHoG08NsXfEDu07vi9cv6kOrn6smoP5DtfhhTvpF3UxcaIMqwzvttEHSoRbNQ4ivMrKeTh+rPhJ5xP3AidnDILqb9WvBsaD+B/knCv+RhQNkeFD0Hv2zK/llDSdgzfmYHAfU+fH9WKHHuRzvOTcL/AN3U4Z9MQMiMb2g/uDnViRDDLRCAvuNOHYxH6g79JeZuy14kblMXYJ42D95ODrBI91uELMuuBaIMLl0uT3s/uinYssidZB1/kbBk2vGM0/5AHnkDsMhTAtlOSxTn1L3OSUzBYbivzJU3Uzk45I+J9sHxH8ucov7kvRIBoUfqPIv3atSBOOSPsRxRlPxneuQR8X9tpxN4df5JfS3PYtmge+SZwz9E88a+ryGH9QADb9F7p/yciX8XiH/LgmsiNx/V41/5JYZ/pPTUD+QhV/kRwP5dQxmNTdXjZG5/t5+v9sfrZDdbIeE/cp10/kJ//CMc4fyC0X+WjQ/ZO4T+JnqE+Y0lH6C7KWaDDW8xfNvNNeEfJnEcO4blWsDmSAjSbAFycG+QxfsUTn6yXQSaJA5AFTt/HD9WH4v3ylam5BAfN5MGiIQ9JnDglFdhfRLhxzEr9nWByWhNNswJwHy2GGQGUU1jNflajvI9B5ZtPZLw/cMMN/sC1/vYUf8A0hOzY81mCX8iqDP5bPP8JZj+urYo/wB3uX/Lgi/24rmBZhslXJfiN6x/kron/YwGpMHefufFSwww/wCSgnOB9AyddAH+Qy+f8lmD5AGuWl9z/IRE4eOwvn8JBrYx+4LMk7IttCdaXbGBOn6WnIDnFfISbrsstMQ72zV8gAloMD9w0o3IpMFgakA11ej726NufHl09DPZ4s+PZ6HscA5cnUsyvYMXyYnHLpyW5fmVdAnzEoDts47dEZKmp5PdAuTz4A2yffu3ruPwQ88cZVPr82EBxI6cxG6U6EF+p+hz9WYuAfDL6+Pq8+T+y5gv5L9F9FtBf8tm8/tbA+v2LD/jIZgfzLsd/BOdv7PYwsH2NkI3+XKOfQSPB/l9Y/5IftB8OQD1Z4YuweeWncGIHlweWHpGHycE38ITfLxLhlro/g65L+r+YP1JsYOz+rY1+IGTnskbzZEQhH8Bvj3ZwHRAwGad1+JM6+8gmZYXRi7GMiBIGREkwzftg/c2LX3llx/sAnp9kgL+psPi54yyJCM9tmsD5sx5K9bDh2DOduLR2GeT+RPYvbhDqM31dcip6YHE55u+z7vgQoQNcAt16f1ZQU+id1kyI79bGGJ8Gl3cj9wHF/oRxgP2IH/wo2c4/q+Dcg3ry2NdQ7uM/AX/ABnBH1vYSaySlt295rhJzuQAgJMeQbw/Ak5GS7+PZYWj2fwtuzJfwluQ7P5fLTn4CiIaGdcFhKc+rNv/AHHfaA4uWcPZ+WhcKGxzb4WwGNgwbAHxZGOy6diDpDnPLsTy0e749tnbrPu2QDixbjDgZ2+W2Eb0bIBsAD4bLB7aHLo+kmzrZ/2Fm8ITqPqZLtn3yFA8/Upw/wCR4wMJ7z6/HByPIQkbUcgwB5fqiG5B8uWTm7YVy5tuX6zqaeSn5gU9hwEIHzLsf2fYNsx8hdF5fEFxDyU9/A8iN+Zz6lTw5AlsN73GN4wDq4Xm96ld4QIPiLzxuT/Yv6gxBGLj8C5aJ+Et5jkIDn+zjZk59Wc1tSBgKETZ7Ojr2+dF4ibKHTLTxPnkeocvPNM8cHY3TxLZTqzHOQ3OJ9Z4/RLkx55DnFd+5sd2eLrYez8/bwElgMuX2WECEJReTgtI8tJxgnzB9hLu3Pi+b++WD5MSuM/FOHklZG+', DATE '1996-10-29', 'A Coruña', 'España', 'bio', true, 'ROLE_USER')
2017-12-20 20:14:30.937 [main] ERROR o.h.tool.hbm2ddl.SchemaExport -
				Duplicate entry '21' for key 'PRIMARY'
2017-12-20 20:14:30.938 [main] ERROR o.h.tool.hbm2ddl.SchemaExport -
				HHH000388: Unsuccessful: insert into account (id, email, password, username, name, surname, image, birthday, city, country, bio, privateAccount, role) values (22, 'david@festis.es', '$2a$10$yd1DPXuePlDay9wKQqdDcOeqT8ndGJ1eOEuaaHfi/Cr147Iufoe42', 'davidt', 'David', 'Touriño', '/9j/4AAQSkZJRgABAQAAAQABAAD/2wBDAAYEBQYFBAYGBQYHBwYIChAKCgkJChQODwwQFxQYGBcUFhYaHSUfGhsjHBYWICwgIyYnKSopGR8tMC0oMCUoKSj/2wBDAQcHBwoIChMKChMoGhYaKCgoKCgoKCgoKCgoKCgoKCgoKCgoKCgoKCgoKCgoKCgoKCgoKCgoKCgoKCgoKCgoKCj/wgARCAMmAuADASIAAhEBAxEB/8QAHAAAAgMBAQEBAAAAAAAAAAAAAAECAwQFBgcI/8QAFgEBAQEAAAAAAAAAAAAAAAAAAAEC/9oADAMBAAIQAxAAAAH1TZhEkLGTEBkJsVMEABMIE2JjWMlIQwTGJpiGxMATBDVAwTYDTAHAMsTE00xBpiGgAEpIIziRU0kSaVDFSkkBiqu2tMVN1ZAnCoKxEFJ2RjJqiQJTigpMhJoBi9EYgDli5CJSITalTZYiSExwmAmNUNANiGCYhsAUkJTQlh4desPC3ntHwuoaRghuEwoAAAGmIkhKSBMBMIgyKmoRJWoYiGCjZWYIWRqCnGFGTqttCUikwEKSJuIBIipJekNSDTAZKmAMBDYgYhpBpwmNUMFIABAMsHHOuuryHmK9p5PhupwixiKs2862PT+g+aM+zafkn0nLpOMgBLJAgAMASYomqAEQEJpwAUJoJJhXZXWKMokU0JSVKM4iYJEkyuTATYk2sFNHSAkTUiLGoDhMABiGAmoBsTAQwAYhhHgnzXU9NyeW6IyVIZDLI0h2FWipkJWVEvS+a6cv0u/5fKPqx8o7B745vSBihgCTFTBBNAADTEDEDACnVbUYoyKgpxhKQKMkQjYWRJMiNqlIIDBKaN7CAYDTEDVSTkEwTEAOAaAGCaGV1Vpq835yzHyJRpgElZGojmtlQyVj1JzoQkXPSzJqqmbeZVEvszSOx9C+Syl+1P5N6SPalNwASgCCYIAAATQNMBSoqtqjGmaJBCUgiNkSSEpFRG7EpKIEkELEbxkJMBjABWBCGlBiRkmCaGUTJGXjF3F6vk7FwnGgaJBKrI21xC2uVVW0zJdHmTiqVeyt0cDJ0OZQTkVS0szK2sAa9X6T8i1yfYjkdeVDUA0AhRpohgAAN0qbqTGpIQykNIAhpiiYkSQCaIkha3JJuYQmOhMhpigECkqSkgTULmLmV2+T5zz1ehh5tGnMNGiVRHIhKUTTSEQQUnKyKzVenMlpiueWnpHKs9LwzA466qn2KDjwvzEooJII6H1P4564+hIeagYgAUgQMTUqTTDPozmVMqI0gpIBqgGoNIAQ4TREYqhOJvaaAyENgNKAQIYk0PDu8wUdHoeR1OFydGYi0EhMZOFXxhoKYuAOMgtt7kc/uei6p5jZ6KZ5KHrGvm+l05px/B/SfFHjpXZjbDLbVauRSSZAYpfQH1XufM/peYKSlEwBxGAEoypMQZ9FFZFIIsERJCGxKSBjojNERqENCUlW0ZkAwQ6ABjUIaUQ4r872PPnoPnnp/nmoVtU03EWipuveYzrcwihj6c/bxzPRS1y2XU3FjTIEiyMpsyeY9bxjwHF9jyjztl9JO6i+q69GYcAVDRZ67x3ck+i7/IeoW8DIBiTBSTppqii/OZgZBgJpoAxJgSHUVJQRlEAKUbIG8ZCYCGA05UAqUooOEjm8Tr8ZPOcslWaDBSSoBBJM10QtKtlPaj1nSz2w9WWS7dOPRGkpdXOudk22U87p418l570/lUx06Gc+rsYaztgkKhpyqyBG36t8e+snWUlKDJCMkMChop576EyMAUkoNAMRAxoATiMAiNUKUTe0Q00A0rTITAE0Vk6Th+R6nnrKZV9w8zG6ipISACym7CWmvpQ+9TvNtuS2WdlGqL9FNpbONhOSnoSQkcm2uXyPmfceQriwaSahTSpcSUUxMStqZ3fpvy36hJcRnKJkAFDAFJUZtWVMrGJxkAmA0RYDBiJQGmiJJUJhtacCkKk2iGpQAQIOV1fGmHibuHZohZ6w8NX0eaAFEo2krqr4t6GToHW3YNojPbGroZN66LamuuWVSbJcrNXoHxNxthCwp5Hars8HxPovjjhY9eAUYyoTUrB1J21kvqXyj6FHqL898SQxMLGmSpip5deOzOxQDkRGCUkAwBMEAAERggK3A4BoTTgGERixBlXgPZYzj+b+n/P7LtOjgpzMNlVqkmK6rRI7qp26ury+nHe0ZNZiLKzpa8dkunPwuAey4vlaD0EOV0a6HpeL2supr5uk6BXZRz+k7Pmnnvr3zU8+tOaicLZdET39cL2OfnyZeR6HmS+7ty6xiYAUNNAAMmzGVIBSTUGkQAmIAYlJDQxMBJo2jQSiwaJWmgjJUmhOBsxdaWPkfSWHk+fZGzzcZwEBRqzaUloz6yV8FL1N/B3HTrxwOzycmY52fXqMF92Y3d7gbj1N/G2m3Tzb5e1p524ubdi816jHXzHz/s/PRyNebTb9J38W9PR34uoeKl0XLyPVfL/qGaxiAGjEiQnYZNeWM5KIwBiZFiBMAGJSQmACAUkbBgJtYkkiYSgAlLKcnp8/eZt00ef8Z9N8xZ4Wm2kYFLRntTTqwI6MeUl6t/HsO5DB0Yvt9F0zxGL1/lDj0WwKd2Ur6Zv5fp5eH0OnamDbKQSaFER5Pxv0r58ecJqul6nw10v0j1PzP1tmqnrcyXxP0Pm9KJoATKAaAAZdWQqTQAADIsABAwBACYIYCA2gAxKAI0wQ1KRkGe6UQEEed1Kq+NUb8Fk6yURaKaskVysgQZEn2+D0I+rdTkds53H9HkPmnN9b5Uv28vevrux5j0cdHRnvJzquskmipTrMniPd+KPImqos6ff6B4S/6N4Q9vowdMzacHQlixVJJoNFNxcGTXkKkwEwABAAMEAJiGpRAcQU4m1pgAoDhA6SkoQARYCUIsSp0+d+b9F52x9Pl9OOWBWh1yKq5xLd3M3GLZl7R9B7/m/Rw42Bh8j7yg+YbfZ4lzdPLDLr3cfYdLRh1Vaoqx1yrKvOej5h4DD2ece36PL9BWnj96mIhnKtsZSgKhggMExkcezItSkhA0GMSYIEA0CYACpMSKkjcwAGqBohkqEANABBVajPK808P4n6h8qse7D6k8v0Y3xyn6HgFdilRKytKfU+W9Gvtu/xO5DcWSRIx07q1w5OvVHKs01l2vn6V2uiVzKIEc+qo8Zw/S8s9H3uD6MmOkPnV/nZfrV0ZEkIAKaaGxkcmvGlYmKSlCAoSapSESZCAoAECAYbGAAANABKAAmQgBoATKp+QfYvlNnF9T5W5e9q4lie35nreIfOJES6LiQ7HG9CfQerz+hLKKrsunmsLIEBqU5aM/QVcu3VCQmy0EwhYjznP9RkS/p+D7B6LyOLxCv1HmPqx121A0xMKaGAnEcmzHZVKMgExpqVCdgCAAQ2JMIk4iHEr6fyP6cbhpUCRgwQStAAECAACr5f9V8DqeNs39SvL9m/18cz0e+g+WYPSebtnFwkj6ny/ZPpPU8P6iXpPn8k9ND57ee0WbYQvrgmyVF9ELEUxsrE0xgCzaMx4bqdTQvg/N+n8wmv7D82+nkkyUTBoQwBuLpY9mMgAiBgpRVNCMABSEpRGhDExAj5b6jxHQPr6z3jAlABphFgAEAAgKPFe28nXj/Qed9NZ5L6v8t+vSuEknk/AfWvl5niFsbqpRv9F460+h+fzbou3bunGi/HOtSzMvvxaauikjhKIhoYIWa7JLHTl1HhvJ+3Vei6ilAChtNQTsBgmnUce3ERARNkIcaBsiSiAME0JyCKkhRkj43Ktn0v0vy36gSGiSBRiEBDAACE0U+H0fM15TVwvZ2YV6/JLze9b1or8F9C49fKY9jkWRUkRUoy329ew6XsfFeny6U+QzoYoYDsX+L79ejlg3oRChOJKBVK8dmU0ac95xOvimdYCgCAGRYxOLsGmLHryLEAJJpFsWKahMLBoGhgmgTQk0fGyu2yX1D5b6ea+kpkNAgmlAagFgMEBGaneHh6/cePs1+l+cepl9BPLrEEjlfL/snn7Pl5ZUtbbt9Ds8rCTr5cUDcqvRHB1+67p4bo+uoMHZ5mrLTKqVSQkjlt5E1ZVw/Rp0JtVQStq8TQAlBpWJommjAqGbVkiIKgGJilaAIyVgDEwBMExBRLzS+BZOyN1BH2XZ5D2AhoCUZUxiaYmFCZESSAAUk6TCGACA8L4n7X8ts4rK7SNnYOX0+rrk2+i43Ul3zwROhXTIgSkSsjMImEr8teifref0yyucCu2mytIEikFqGpRoRidgwIZNWUi0xDBKQRAGJAwGpRG4g6rOEOOLrL8pnJpozJnoPp/wAf+uFyESTUoNWDTlEMBMGigCAAAYmMQAec9Eq+Iw9Z5SyXQ51sde3i1L6Hf5P0Eel14+vFls7KougocI4Lb/OkrIdO3Wi0QsWZEIuKTcJg0wBQA6GmNDK82jOJNK4tQJuxACGKJpAAGZTLxFI0dDJsr5rTTZFsZOo/Wfkvs49y0EkyVAwAAABSENWACiahuLAGo0rBNFPyz6zgPjz388npx7Tf6Xgd87uzma43PM4srrykOAYK6Heo7Nld16MjnAsQSxpvoOiJ2ANRMkBqgAbQQyas5FpyxQU0wJREcWCAE1Ij5fq+dWd0LDqaCs+Y201WaaFcmfp4LF+zWYd8JgACgmNSSJgDRK0yxASg0DQAIaCkBl4/5/8AT/mGj24dFdTZzSPT9DyW6PVx4Sjs8Ln5C/vV+k0t6NOuxRsjGWrVWtbZEc2mg1XcvpVNADRDEWNDBpkMunINqIxMYAApWBYRklVVvBTm56tFui/P1F6vN62CT5KrqbNNSvFGDPY+/wDin12NwMQEDTtAEGgGmqaAGkGKUYhxaBCpqUI5/wAh9x4elZVKtcs0pdVvPinTqw6ifar9Elvczb1tugJNRrLKSKuDjDpnAxSMsdvR5bj19BOL1qsGkBMYBXl05wQCAGwUBIxA04y5vI9PjWvXVbZs7PI7hu5HX40nyUjKpXVOLqpqo/Qvnm6Psqx7RDUrUlQAgxAwAErAkIstBEClAdHl/D17vynHpJSUqi2hiCTjIfU5eg9/1vP+rkq2ZZLfXnimyqqZZKq1SEowq511nhOcOqruny/0csR6fpec1HZKrbGhleXTlE0UwIbQompBp6PHr89HHjXc1dbRuTb2uP26n5z1HlZPl84SHKFhZZSUpqMeu+hfMvphZGSlTFZJAAMGmRBLIShoKYcmOh8953EqUE6SaJNMYNQYiYDlGR0Pe/NegfTI+U6EdWdOpLrIWEZpqRUUKb6VpnCxMPo/P+gXgcLqc42ac1sWbMQd2/z2yzoZLIEWmrlAGIGCRuEjP47s8CWVlOq3RqzdZKu95zunQ8t6vzCfKWmO2qdLTmtIyhOO99J+Ve8PRAxAAwEMABUNDRgN/O8l5Q9L5WpUIStNIAUmmTcZQTUyBZEiwLL8+k3dvjdaTt7+L2DZZVMshKJCNkRwsRQrqDB3eGpeVbRcaLYzLb8+1ISlGq2oy32cl11ni0k3BpIEFVnCOPnE1ZqWipd/HCS+3fyz0fmPT8CvkEp1sjCVzhKicWaPUed6MfT7Ob0xDQMABiT550cHjfMHqPKVC1k1UFJEQAQxDSg0OdciyyqwukamcNfRzS06c1ldjqcLoydzpeZ3Hcv4/TNjhMUJUmhzCnm9HiFOQzS2bqNaTvqrXfLBpNluC+pxjCQdUrSMZk7BxKVDqPkPR+aK5m8l0cuo1XZrqvtzWnQw6keB8b9v5SfIzv8AAJiCeii832xsj0Psvl/vTqgAwHVzvBnb8lKsqVqqKArjZWRjZFYiZEaVsJFGaVOLslOE10bObqToVW2y8yOymqtLtSW7HfJ1+r5veeh18vfLOiWM6hy+cdTi4qy3TbqKpzkUX22ldqSScGrhbCqZWVwnKmr1CRO6hmiipnOyerrPObrhMFu4XLn6WQzer+b+yOvFpOX8s+z/ADs8iBT15Np0NFd8U+k8/wBM946+MdXyPAykqyIokqgWBVHVUUxtCqNzMxcLQr0VEmRc0sKtiTJKUVnOpm/Xx5HXyU6JKpaZmFdXacDb0ZnU6Hl4R6HFyq615zaYuzq2RCN7iFVsR3QlVirCyFaLZ5rCSiiZB1dCESV2WRdSo27L8tszZi3RXidHidCutXTceayek8NL9UixleW9VxD5QTVG3Lsjo6aLiu2FCdjz11Cka7UJySosjTq1QXPOdSVubWBKlIxsqUakVx01jr0wK9WCZtpt0nIj11LyZ9FVlt1KTNN1mx45GiFdop6ugcvpbdhDS+cdSnl3mjoYtsUqdRfbkuLq4MjKuRbOiVMhBLoutbISkVTjYQLKyUlKnfVcmXjd/lLtuxbSrw3vvMR7RwkkuT1eWfKIWxSWvLqXfdTNFTGKypupFqybh020jnXcUV7K6qd10YI6YFcNitwU9PKmabaynXaTVrirB2aDDu5+wp0WYjqaONedufN6CVnSRx59dGG66I9XIqOrmy2lU7bxaQNjosliraTVLJJbmTQuy21ZZTQWFYWSqibFnmilCS3RUDS4QLpK0zV6Q5HQoup87rZYu3eY9OhzOniPkcL6C3Xl1mqFc0JK9aq7IFGnP0jPOvUV3Pec+OkKb815DJuyLGyqywx7KFyV30CvhM0Tp1RDRjtKoORsa1HDj081ZNE5Ro2c6xOlQ7imGmJg03IrulMrd7CWisndW5RxtVFtKX3U2EbaLyDi6We2JIdBIgF2nBfFjo0VbVZSWXVTqeeWCNFN3Jt6d3ju7HA+ifJfrCSzaabPkWfdzzTpx6I0SxbjTKEjDMiPr8jrnPlXSdfZyukTjblMmvJK3Zm35UwxkFuW+JilbYtFG+lY68O9GrlGaNtJrvw6i3PdJMz0yMquRZNWlcbEM0Nck9UkzaHMhOy4hHRCWpaEQtnMrlJ1CSRZGcjM51FkIzqqVlEQvzXl2jPqqnHpym+YScrJpqXrcPtYLfNyOWvL+vfG/osx6yE4nzHhep8rV0oIe/FWd3fy+9HDzdTlGrpczqJzud08Vuzped9AdbHonHMhu5a9HJpgmGGqCqwurHn3Z4rhqFwbaLUvtjYaMepGKx1mu7FpGpWJOpwJ1ypN5RUbrMFhsqjYRkBm1FgqrpLOjXmgtLDLbfKzHPVNrFDWkxx0WHOnpz1pq01xkhogX9LLtOXGNZ28VuQhnTXr8vqYE8/yPR+eXiek81tZ+wvNoPF+H+mfNRpOrqdFJZ6rx3ejseZ9X50Xf8/6M5mXdzawdzi3HuHHRHM5XoeKuizPEvKkmeyqVEZqKIamuOrVQX306yqdoU09KhMm2ma36I6EyF9ascEsjC0nECnXVoWI5lc6rYtUaLLnRpWc674jOyqkJlGhMrevKZqLstdCOjDFMaMx6i/BaUPNuI44StJ56zrcjeScDR5eS8sjO5+o93559DlwfJ/sXylObOM60U35i2jXlPU5qOrHE9V5b1Zj5PawHEr0c633O3m9qTJy+3zjEq0t9/N2jzdSlITqmoJpnovYXxatxsJRUim1SLrs2mwdblmqwnUpJDVmZfbgkbDBaXSqgu4ptC2qk1aMdhrpQKyFRfKq4ujlsK41Zzt4LMRhWLGvtlizHVnkzpl6fD1W1ac29NzUTxPL6/FazibPQ+qfHfoJ6z5f9N+TyYHGVbcnQwEwiHr/ABXoCj0nI0Rs4fSwGXkdnj16n0vlfVyxx7MJio10GPbRpN8KwovxzSUM8ySIGumSC2lFpOksZcuPROunZJyTKWTjnlbKmJJfZQza+el6Lx2Gx1NJ257FtnCs1Sy6C4rmLRRcRTRXj01G7Fu51cLn2Uy+gzQmvY4vSrueffflWvpYbTpypzFPmPpiPjMotJ9/z20+n/KPdeDGmJ1c03GSyi6qJxjJ6DTw+6vU5PT5pyuZ0eave9j4f2JdlMg81uVMVk7FusnnI2SSVWzkV5d3PrToyzhFTLZZtBeUTHCdgUa0VQlYVKwtyuyuLtGXSFOrIS18/aa1RAvTmjVqUuLCpWwUukkgy8yZ+jlNXJ7PIt83lcDdtws6Nma1HkvzG2iwXZZbA69r2J8ISkOcUdnk21IwRs1YO9HAFOq4zQuvzJyepoo1Lw+d0OZXS9v4T2p0MevOYKlXKQbNFc2KkuSvTnvqGeyZFkJYllVOc5pRfZojHDsaDg3eg0V5ePr5HkI+4tPDafZyPDy9sHkKfayPF2exceR0eoZwJd11wH3g5Vu8MD3hklqDLLSzKaIFDtmef5fq0vzXB2+IvQrqC6bsVSzbk3ZrUne6nI7Un5+kiiTib8mzOtQmkvQec6xnydfjxbTONbsemmOrt4PVMHP6XOrR7fwvtzolqjj0bEYDRYZ7et0zxdvutZ4S33hXj9HqA87Z30cvVrCouEgTaxJocZQGEiBIE1IjIkAwiNgSCEmIDaxGgY6IyAE5GmLByRRzOt5NfEIY50dlYRtpNmvJai259C7tvG6afFpwYrK9Zro6VCcmddhDXnivrfNegzScRBUehzdhm6OC0uxaM5L3nhvqS6LO+JwuhfGKiyknZTaSalUkwSmECcaUk4BA5RkAAAhQlEY0AMcoskDEDGCG4tG4tWkDaaDi1aiE1CRVdzVXS+e+5+by8yqvSvVdOEs1VaLJ66Lw11bIr2Z6j5TKVaPZl0L1nK6TzSuorRRqqXf6bw/r081n9L51YRcDVSnE59quzk+08b6I+ruFpmp01lddlMls6rLbCLHKMgcUTIBYRS2KATUGk3CQ4usVVtY1VYE6ZFqUTS6rRxkEkADYgiSIugTG4qJodRlEjNj3ZTL8s9t41ZdTKlvz6Nhmt2xsLtl8tV9c0fD9FwI+cShfRODO7dXrjgYe1xks14L6q0mRfZ87D6VPKZ+jiMrnWehnyuocrrcrpn1vVythfU4xRltxGu/n67b4kYsspaTEU5QCwiExBOIwGiKEQhJxRaqKsnGRJEYuvx6Km4lTIhNwlBGcBuLBxmELawnTbSUoxTVbx68ZhyaJdeSnWatmfrGTr11mmlWS6SIl3Ow+bt85ry6WahNe/qhtk5fG9LyTkWRS9TPPpp5/0HFgeq4PUZwqdFFLscPcWb+brX6N2PN99NEqWQzas5XrybSMALZRIscSpiiTcZBOEyNlcxtOFCUKrjKsnTfEjKi9Umod2eyy6dbLHUi11zJpoTQRZEsqnArvptScSK0fOvSfObq+Cgmvr4+iX2ZLii6GCO5XxsK+g4EMMiSjbmlFpGcLTu7M1Enb5ctx5Knqcol3eFdXU43YgczqczcV5ujy1iiJs0czUnu/VeO9YbEhVmvxpboz2FMq7DS6bYm4qrVFjnVMnOuwjZBk4kRwlErbgSdZFN+NrpUIlzpLNbgjRXKsnZRcWwlEUozIMkKM0VElZJLLL86891N9vLtMK9GmzTFnV5c0v43V6J5Tf6JnE4nsfMLxYuJmmDKkB6nphGLOBRwQSLC3q2gYsoS78gWZWCwsBPY+wA6FgLDngmgCM9oVZIBRAtuBUwklaAkFTQBACpgSmC5qQS4CWCCrgEtkBXaEX0hRYA4gTQVXIIXJCvl0QlruC3oRCXb6AGdyCFADL5wF8xAK/8QALxAAAgIBAwMDBAMBAAMAAwAAAAECAxEEEiEFEDETIDAiMkBBFCNQMyRCYAYVNP/aAAgBAQABBQL/AOHZL5se1/8AxEiXxY9z7v8A+IkS+PHwP/Du1lNRZ1muI+tyyutZKtVXaqp5/wACRLz+E/8AAlKMVqurVVmo6lfabsjfdSaKtXdW6usWRKOq02FdsZr8yXh/6GSdqiazqzgX6+65e/HHbSaudE9LerY/lz8fOvavym8LV6+FBPq8279bbd2fux2T4I4EsvQzsqnTdBxVsGLn8mfj8N/lM6lq1RXbN2S9zXZdn2a4Iv6neVKy+d8fSdWsvpdfWLDR6uGpj+NPx2x78fE/yrHth1K/1r/axeZeEY5a2jeTIhrkp4lqdUpm9mRPD0uqdWop1lNqWH+LPx+A+7/HyWXQqV3VDUdSvmn74LLkV/cvumv6xFcTGZNEniPbHdSK9bdUaTrBVbC2P4U/8r9X6w/i22S1mpM89/2+8OG/NZn6pP6WVrM7ZqMa3iBLn2ZM9s9tFrJ6V6PVQ1MPwZ/iP8Lg9as3Jll8a4ynZqSfp006nXymvavPkfsT4j5lLtU8EpZe7iLNrGRRg4OPbptRKmWh1Sur/An+I/wZS2qO6+TopL7q9KS6grLJ9Tk3fdO6XuRFkvdj2JFcSWWShgipmy1noTxsx7tHc6rNNcrofPZ+I/wdRdGI7rbDVTuiSlKXxfsffAomxnpZJwwKGSNTKdI5Feiw9Wtk8lU8OOp2lspslMz7uk6txcHlfNP8R/gau5U16eh2TvsSlr7fUvl7kIx7oxyVUORHRi0e4WjSLNGsx0JXpUpKhZnFQjrVumxPBCzBOW5v31T2WdPv3R+af+Jqf79VGKS6lbsnYsL2wJEGPx3wQr3Gm0rNPpcJVojA2jhk2owhIvjk18UiUH3SybGbH2z7elT+qPK+Wz8R/PPiOje/UTnsWp1ClqbJbp+2PAzAn3SKNO5Gn0hTTtERF3wbe0kautMui2TjhmRSZljyjJx7IycX07V6jGn1Mbvls/Efz6x4q6dPZPql6qqcs917aWmWVrDXZGl07nKinZGAhC980XVmop+q2CxKJtFAxCI3EePd0zU/xrLZw9WqW6Pxz/Efz6nmVf039V1Hq21Q3E/u92cCt4ZgojmekqUYsi+ciF75Fhq0T5JZMSY4tdl785WnscbKOa/jn/h3P+zWP0CT3zUuH8CMCiaKr6q+EIyRMmey7Lsyw1US3zli3Idial8MfPTs/wAf47PxH8rMmrlst6hqHc8YVdW8lxL2owJEYldOSitRI9twuSIhdl7bUassfMpGTdgckyWPg6PRG29fSvjs/wAJ8HU7Vbdcs22ra9LHbTb9/tQkRKolUBCZv7QEIXZe2XJqasmoq5ccSMol8DR0u309TF8L47Pmf4mvt2Uyo2U6fE79Y4+rH1bVODg/YhERcOsqlxnjcZ5RX2j7F7ZLJfRkv06RKKJxwNr3pdofd0+z1NOvjs/wuoW7tRq+oSnGEZWSv00qV0zb6evSWo9i7R7VIhE/T8xIEeOykbh2E79pLWpENVkjcKaY+zWS6nctVpmSJxw/bgxxjt0iyPpi+KzuvzrHtrjVLVWvpVddNMWrNc5ejpcRWtedR7EIRE05BcY4ksCKe24lbgnq4pXa7l6yTHfuNOnmqvJFYIyM97qty6hpXFvkxjulkW2tRy3o+n2WuNWlhDqHT4Th0efp6oXxT/wdfLGn6ZHZXd9UXDbdP/yKPUfp2cy9n6EIpZXPhPiwgQeB2I1Wt2lutkyVrZlshDJCooRU2biDF7L6VOOuo9K2yL7p4K63ZLp/T41x1Ctsb0c0USdVusp9DW1S3R+Kf+D1WX0adba75YhdU65Rk65ZVY/PsXhC7RZGwhYTkReD1eL72WvLxkUCMSuOSjTyIUSPsFJSIEGLvg6npVZF1fROOGUQ32aLQRpVksOrGHHJ1GGyWuh6ug6TqfUh8U/8G/8As1SLfqdtSnVH+u/q6jva9sXwkQRgwRZGROZvHJ5s5HFtxrwWcGSGp9NV9VsiQ6hqkodVgyXo3FfqRIMh7NQsx1Edk9XDkrliWl6h/VLNsqGoRXK6nH6NudB06fpa5ePhn+I/kbwtM9+pn9JVFykarSbzVKSlOWfbHxEUkb0eoj1CuwcskRQyKh49HaSLfPbSWqqzS6v+VB6SucY9PgnChxI18pexnU6y/wC1ieHVe81aqrbp82OvhdRjmrS86avSt6+Pj4Z/4F//AD0sPTHHe8cYGdUocifEvZEybjPZMUsEZlf1S01GU6UldXxqYtEkRXMkRWZdNr9KqHK7r266Oa7oEvOCKMuL0WuaNPqsk/7K9PHaVU7bPin/AIGMmznGO+Mmqh/VesWkvdj2JmieZaNLEkSrNVRFw1On2iqeVXAqSiaeRCRHuvbfzCxfXqY7ZwjlQi4yel9Unpp0uq2Sehs31Y+uPM/in/jXLdDWpxvP2013wY7Mx30ksT0HMBlsMrXVSRJvKbK5M08pMqiR7IXd9p+NbHbZqEmaV4np1WyiiHqWaeMoamj07emx20/uH/f4WS/Ef4fXIKOpIffrue6QzPapKUraYxP3pV9egf09sFtSmtV0/l0uLqr5qISExMQu7GSNdWaiJS9lmm9OdVCw/wBT0u+yOIRFB+p8LJf4cuD1Eb4k7YI6091wvu1fMe1bJ9mIT+l+em15lpfK8d5Isqix0o29lIhIixP2Ptq19OpgUcT0enXZeJiRbZGBHlfFL/EcUz0YCrij/wDIIfTXg/8Ab71JYKqo2USW1+TwPkURjOmfZpfPsaJI2koEq2bSJFkRMyZ73LMdTEnHEum37oNkfDLJqEdTqf5Wup4r+KX+P1Wr1NN4a86SlWrX1ejdoa5Y1GldqlB1yF2l26fI0kfc+7Q4mBEWL2zXGtWDZuNDptpGODwNnWNbl6DnWR8fCyX+PZHdDXVenqTp1q29X5t6LGMpW1OmWurrtqxhiH20C+vTfau2TPZ98GCUTAvdLxq4ZIQ50sjI2dU6gq4ylufRNPusXxMl/jyeF1Z/+SVzcJX3+saOz0bdPbDUVdQ0q2T4Yh9umxzLT+B90ZMme7Q4G33zryeikfy/QvjrFJdR104wlJylBfV06pQo+JkvxdHqFdX+DLx1KH/lY5UMra86HTTmaaFtFln9lWtr2XdmfvpvBTLiPPfgyiTF2i/Zj3smaulvU0VYXWOGihZuoWKfiZL8XSaydc9Ld61f4PU6v/Mori9ZOqNWo1ij/I6RXihIlE6vHbb3/emsUTT6nmu76d5qOo10k+tPNPVN7pe+ODHZP45jrUpKOF1tfWdG0/rXrhfEyX4jKralR0TUZ/C62mrdO8azq8HEcpXW6OHp6c/fXKs1+xcEJ4NJqy65utaTdOWhhI03Toxda2rPZi+OZDy0ddiUw9SzQaWOnq+NkvxGbMLRW+nbTPfX+B15P01xbrNRv0mj+jVRacO2vhvo1Ffpz75FLBGzmnWuMa7svTszgTMmTcZIv4WTZDydajmHSNBtF8jH5/Egz/26Pdvq/A6tDfp3JRnTbvs1milGOm12opjDql8zSWXWuyOYdRp5fD9sUxSaOnTlIiuEjBIlLBXLIpcp597Y2TK+3UF9OladPySH+Lkxx0q91XQluj81l9dZ1HqFcqpZ3afTquqMlfF6V0zonDvrKt612mdcvboqvUjdo9p09+kfzIJPXQP58T+bWX6mvENet1V6mqJe9skyTyR8I1kd1fT041fJIf4uzl5RGTjLpV/qU/NOmEz+JUdZ0WV0fUw9OM46e2ucbI7Y98Gq0sba9TS6LezF50epVUbdWpKcz1T15HryPWkU6e6+UOlOJDTyrKJYIvK9jJSLLCl75Y7W+NP4+SX4s5qKi2jc85Oi37LVyvnaUjX9K3Sqr1NVlUbUU27vb1TSLUVTi4S75NxuMldU7HpemORT0+uCppUE4kom3BBme7Jvi6zCndulo4bY9plfj5GP8OcsLUp2Enue7jPFE9tuknvpf4OO2F7utaPl989oVSkVaU0lUcVxwcIyNjGR9jLp8ai3c9JRlwWF2kVePkY/wpPCst3OEcmNo5ZbeWdDu3Qf5NsVOHUdN6FwyMeaa4m1JVJFPArEbxXJvPdGO99iirbXN1180xwIz2kVfLL8PU35Iop+1eFgocIk8OfR7Nt65/K6xp/WpawyJXM9Rn8jafzCjUtkZORXDmK9m4ciyeDUWuUqqyESHAu8in5Zfhaq3CIkBSTJbSWMLGNA8aivmH5LOs6P0p9lI3M5IrL00CpMrEvbZPBdqNzoqIwFEXsZX93yS/B1FmyG/c0VrJWvqpqjJ2RUZURjKdyip1y2WdPtVtH5V1Uba+o6SWmt7JkFkqrNPXxBCMj7Nlthfbk01fMYkIGOy7s/9/kl2XzSeFqbd8o9qV9MOJRyQScroxiVxjJI6JqOfy9Vp43w1umlp7e1ZWyizBGxCZk3DkTmaq8qTk9PAhEwYJexn7Xj43+Bq7cREhcuuP0ye0hbxKn+uir1Cf0y8HT57NRXzD8vr0PoEVmSqwjZghaepk9Qlbg1OpIrfKitlUSK7MkY7skV+PjY/mslsjdPdKPLZTHmC41q2wsgomWzmJGvMIQ3yr/ru0c99P5fWY503aDE+E8EZkLcCvJagu1GSPJpYxZXXxCIu79siNuxp5XxS+fW2j8wR5NLA8Gs5q/QoblyOMqzk6Nq8NPP5fUIbtNLhiEzIpHqHq4HZkXJRSaevBUR9jH7JE1koucSNsZfFL5tRZshZPdJckSKNPEwar7HzE3PCqntW6Q2yibrs0VnqUfkuShHqXVUSeX2ybjJntXDJTpimraVxIoXbPbPfPZki2HN+mbS192nnptfC1KyL98vm1luX5Io/cFzQM1b+heP0Kc2vqrEZ56JqFs/HttrrWp6vCBrOo3X/CjT/dp48KJHgQ2bjcSkLs+7JE45ho9uzV6SF0dstHfCzcU3e6Q/k1M9sLJ5lE8EPNaKSaNfxBeCKyL6JWWOb3ZRpLXXbpblZV+JJpLX9WUC6+d0s9l8NcsPp96aXj95HLvjsh9mMZ+tHZH1WjrNf0aaX08FcpIjPd7JfLrZ9oDKlxX5qJeOo/avAm0PJGf0UuKJYbjjHRdRiUfw7Zxrj1PqLueflRprnXLS6pTjuHIyLkS9zH2RS0tSdWWa6lhIhI3vdG9xI2Rl2n8l0tsJyzJeXw8bo18JcOjlSOo/YvHZyyqmlKbTm0u3SoL1Y/b+Dq9fVp1r9dPUy+dFFrrdesI3biHKSF7H3fZFU1K9eOoy3TrEIZFqRhorukOSfya60ZB8yjk0suXDBM0jyp+Nb9q8dk8Ly7FBLBg0P0TolmHz6jV1ULW9WlYTm5P8BEUVLmp4ITIyF3fsZgn9ujf9109lcpb3AZEjgUEhIlAw0b2hTT+G6WyFs90xRIM27XTJWRvrwtHLDfK16+leOyH5UMxisiTZRI6Zbuj8t+rqpNX1eUiyyU38i7YyNd0QIIqK39UOyfufa77NDJuWttyMiY4SIReUNDyKbJTQ/EbGiNpuRn2667svKiKJUspJ12f9IV5hcvt18foXj2RTkLh8xKs56fbtsi8r4r9VVSazrDmW2ym/mQu2029kQKyHisTwbxMT7Psh9tanKvTTcabJYK+RIXZNI9RZUsnGGOKZtMI2o24EmbjcZLpbIWz3SK1zGJGOVGODGVVLY7Ybih/TrFxOLg+7I5Gmm8sq5VT2z0dm6v4L9VXQtX1acydkpv8AAXZCHEa7RZXMVhG5EbclcskRdpeERH21qlIztX3OtduESkhNCimbMHCMZHwLJyZkb2KzA55E0+2qhOcZQlEiiKSEyDHMjIkyu3il86tZh1bRctNd0J4cm5EHxDwdNvw4vj22TjXHXdVZOcrG0YMdn8C96ER7SRtNoonJGJXwVSwQmQkZGfuLJMstLbDOSEBdnFSI1RNsURH5wYNuTZ2wbjePkXeUFJX6bBBMa4qj9NqacJPG/iTaKNXizPqVSipK7Q1WLqOjdDF2yRIdq57JaK1WQ9ms1sKI6jU2XyePc/wYyINGCS7LtkixTKrCp57NjnhvUKKnqckryH1EKxdlgSRgx25XdmBoSHHlRMc9m2QnzHDLKlIdZHgeGoxHUTgalbJ9Ou30dtdT6tWorddnesgYMHSp4l2uthUtZ1RslKUnLPbI2+zXfBj4mvZkTITFah8jyZkb5I9RnqTFbMqnZnT24T1Kw78llo7BshBuVVOCK4FHI6kiKwIzE4Jd9vbA2LkSJbjkQ0Y5SP1wy6HFVvMWZTHHJ1Go6de659msrrdO2fZFZAx20UttkXxrdfGk1GondIbM9sHPZIZnvtGjabTHfAjBsJL3RkJiYiMSOEkbjfwrD1MDnzBORCrLrgkRXZ18Lg3qQu20wMccmGja8DRgwZHI5MSHki2byEkzamOPF8XCyqXAjULMZ/RZ361H+rsiBWfplcsS1PUJbHubztPIjaY7ZGJswY9jyc+1YJYRGQuT08kqxxMMwIiIcsCmRmjehzPUE2zkhW269Plxq2m0wTngW6T5xgSRwJob7YMYOOzXbHbaOJt7IwYEjkjI1FSshXmMo9p+NfDbPv1Rf0S+4RWQ7MkzCJyGRXbkUcm3AsEjBj2ZH2wY7bRRRKA1ghPBGxnk28uB6Z6R6Q62hwNhtYos2sVTZXTzGoVZFYHZBKzVIjfKRjcV9uO20SH2289svGe365Ipj747YZyRGhmpjzRLK7dUr+heO3UP+Fn3ESJHwiT74GVwyOOBi7ZJMWTaxrtgawPul2RgwbMk47Soaym3EheepFkHFkcGzJ6PLqQ6yMCNRtFEwTt2jm2NZca0itR7QGzk5F3TYs9347oyMYu2RYxlGORlkcxhw14NXHdVD7e2v/4z+8iRIjG+2MDERfDYyPJgUUSikIwxxbNgoDgemiS7pke+CyGTa4uBKvcSqaIpi4KyBxj0lI9BDUYnqRHbEd560jmRs3EakhKKE4mURmbjcORuM5IjZuYnI5JTkKTG2LI5NEWzkZyZP3nghwZ7NZW3mJgtj9Ojlvo7a7/jZ/0IkELukYyPCP3FDEsiibMiikTwVsYyaF2/Uuz4EJEUbMEe00QiRRZVlOtowxJkdyI7yDaMsccm1IZlZjOKN2WkxxZGJgwRwcHAkYEJn6TMmTKG0bzchyR6hvIyN45ohgmhIUsdn4UubHhu1ELSb+nok80dtV/y1H/VMiQRnJ+o8mMHlzwQ5lteH5iJcqLw48+kYw48ksEjLOWbWyUB4GRYpCM8Ph54bYmQMZJ14NptQ8CybmQl2aybEekjYhLAmbWxLacbRGTKIyHysMTZnJ++zXCRhZcRowOOSP0tvJtIIkjIuRlstsYywWLcramOUq5U27o9Cue/tqFmvVL+5ETwodoE1lftx+nT+c/TOJCRGeBTk1hkmfuPabG8iyYZZA2Gwwsfa48iwbEbR47QYu0oZFUOpZ2owKSR6qHYhWod5vyZbNjPqykOIon62m02iyIaEhi7PtgY1k2n6IpmCESaP3AZfNsr4N39dtjTunuNO+emW+ndF5gW8x1623kWSf01S5IcE+e0uFRyY+m6RW+VIpZYnhJlnBVyRSLkjgUuXIfjaxIUCxIg8EUjgksko4ORNkFIw8uLFFjiekbCFZ6aPSQqln0kemkYMd0I474MGPZ4FIbQ2jcZQu0yLFIUiD4mzPNaWLeFMjyRX0WxNTE3OJRxPRy3Ukjq8cXIQzwVTyQ5bg9rjzM0rSMtqxD4dMliqRu+llhCSQnxLk2I2rO1GES47YHA24IYwsER/azwJvPk/SMNvaYP1FcqJtQhYGM4JeN0kKzJuMvOXhyIs3My88iUmbXjaxqRyLklnOWRWVMiclR4VkitkC1uU58EWsx+y4uLfCOiWZrGdbj/AGds8si8FEitrbasu7g0qLfDTZZAplh05aghowjb9cUSNuT0xQPB5GhRGhxK0YIvBuMIk0ZwRtjn1EKS7bzcZeFuzmQ2xJs2szg8mBcHAoowQjzPgxkwRMdojMkzDEicWbXmMSxYG+IvJBD+29FUWJ7YqfM25Srjyvtlhl9DxcsJeOj27bu3XIcdl5eO1U9squY2KKje8vSmPplw5E/ploriHKZYj/2iYRtHEm8OMljPLZmQ3IwxPBGZjtFZJVocBJIjtYkfox3yYy+ENcbckY9sdkJolI3G8U+ybQ2ZOTLT8r6htosseIzyRzicyTIS5qZZ4f1FcXnUvbCvlS4K2bjVblGjV4LVXdD9aSWy7Ty31nV47qX5I+WuzNJflNLbqjSEOVeknIuNF99K4wWR4mlmMsErOYzHJsa5x2fAjwSyzaRgJG0ikOKY1gYuCI+zUjDRjI0IxltCRHgwk+DcsqQ8EiLPJwLtIiN9ovlsZPxBc/qcubZkJ86WeS/lQyQyaqe+VK+mxorkipZlqo5hLifqSiv1Hz0mzfQayG6m+O2wj5fhDjxB7ZUy3LVQwaf7q1xfBEiZp57Z0zcltkyyL2yhgwTgiODBZGRGMspIe0iiSwZJctcKPgSMDQ4kYiMm5G83G4lI5Mzz+l3/AFtMo4ZsRhCwcEWjJJkWZRkUkbojwTwRwiMky7bm6dZVsKduJ5ZBEpbYwzKb+mtrLhFIqLDXxxa39K5WcHRb3GwtWYa5YvIeX4/afE1h6CZqYNwo4sr+20eEXkX9Wja27uJFo8j4UWVzFyWIUTaZwSw0ZRw0jk5GJGGJCFjCwfSzgyhsTNzFaOw38ZIyOTDFWyKGIwJDMCiOHMYnppnp4MPF2SGRJom551aKPug/Tqrvk3GbNRPhTwb5YKytlnnqL/ufj9YNPb6dmls9SqXK6rxqCPl+P2iXJTN12ffVt22af7dRNRJPJZH6XxLQvIlwWcjjzauIxIYI+J4PL24JxRwjejgzHHqLO7JGwm2KbN7MtnJBNrYz0xQRgZ4G2M/UWZicGTcKbMvsueylg3GSLJCEPtPxGPP/AKyyjUMp++6eK6cZwsX8umCzZy0sNeKS2SRb07+Q9XpZ0C8ZF56NdmNjxDXy36gj936msOPhjNDdlXrE42cSWU1gnnE+JaCX0wf0yeCXI0yUWIi1iLHyv28jyyEMjrwPgUdy9MXnjc8Y/eCI8Cbzhj5URtGcPcbu2XjnG5meVI8kRp9ovtgSYkxLsu7RNEPP6tNTnOma33y5o8ynh4Tb+k3mSPmuRdnOjX9WppU4LwNnR57b9dPbpZvMj91cxujyiXgpnsnZLdHTQyTikrGWMl56cyGMOUSW0lLBOfDkQyKMsKHGMNz4jLtPOG8kI8bThOW03Jm9IVhuGLOcZMbXEl5GskuGiKIjSHFCwRwbkk7DcJmeyyNyNzNzItnJlibLc4rby39N241MjTP+yx5tg9sYvImNn72cb/qqWR+dK2ozkz9GDTWenb1K/wD8TvRIu8ifD7Uy4omJ5V8ME2SOnv6q/Eo9rVwluTghcC5jz2+khgeD/wBXFkM48GOXHIkbTAkYIRRwiaTUGhrJtZtJxFFkfPA8dkRwMSNpFI4ExMybkZ5ixy53GVj7j7JcSWpk4l83J0cTxmUpMi+D9yeZeFFJuPCZo19Moi8doPEtTf6sX57UPm9cLs32X0ypZCWFZyWkmaJ/XVLjyWLBPlQiieMvxT4kuUbXnYyOEnPBORDlMYu6RhdkzJW0S+k9UeWbJ52TPRsx6Fh/FtYtJYfwrcrQ2C0Nh/BtIaGaP4bP4R/BYtCfw4n8WB/FgLSwFRA9CB6ED0YHpQQ6oMVMESprZboKJj6TAvpnQafntJ4EKPMir7pP6d2HommmLt4G8kfD7Mp4lOO6p/S/IyHm1FUykteFcM0f/WuRFlpLJntgrJ5MyOcNMhAsik8R2/avVHyLy4yxCuxi01za0dxDp8xdMZHpiFoK0fw62LR1IVEImyJtXbHbHvz8uRjXbrWp3yitqUhyUnnjOyMc2Ous4QopvR4TYvB5EhLifD7Lzp3mOpWJp4M5P2vqiuJ12DWVdwM0zxZp/GCXieDa8YfaM8G7JJvcq5M9Gwhpr2Lp1kj/APW8LpkBdPpI6WmJGitHpoUDHtbF7MmTP42OzRr5+np3L6uWSfFcWIktxXBLt+48Gmmk53ZF48ngXmHixC76WRqocd6WXL6qpCsLR+avu0y+mBZhDcR5Y4WMho75FfTWyvQ1xFpq04wijC9uDHw4/PZ1y3FUUSlhQ5K1HFzUSMsiksLsvFX1OKwIz2iQRb7NO8Skt1dsdshkfMlurg8NMmxkPOhpsshDSTLNDuK9DXEVcEYXvz+Bns/yd5nt1ue67fgT3ypqWJy2Dk5tcEee0fKRHiW4XeCILMb48CGiLw9LPdHWw9lUixbZRkSeRlP39Gt3VxH3ZkX+hb5hMc/p19sZXSe4qWDc0m+Yo4INdlwR5Uom7hLuvFK4tjlS4cR9tJZiU4qyu6vZIYmSW6KMiqyLh9Es/tiMaMezPbP4D7SExmTPdfiWoRrJ+np7JOU64kMYnI5Ip4WCuBtblGo3JDzJWtxl+hCKC3lWeSHKnHBW9stLapw1tY4sfZMxzTVFRuGdJljUVvh9mP4cmfjz2kRYzIu8X+JPt1y3EIIRJlMHIVJsWFDmEMG7B9xtEzqMMeyJR4kXLtGWDypLBRY4ShJXQvq2koIlHvpZ/TcM6b//AEVeOzJG7ncJ+/PzY7YF3j8D+Bexj4Op2erqIpDWF5dT2krOK65TK4KCkxLLS7LBrnH0F4iiRApXDRqFw+0GT5Xg0t2x7o2V3QW5kl20ssSsH56f/wB6J8ZEyRMkRF8a+KSylnsu6E+y9i+BmRD7M6ld6NGcyzgcnJxiVx3FdMUOSRuIm7BGWSUkjUa5Vl2olYokVxIh5ofGSzksjhkSMcq2IjSXcXVKasrce0iEsPOVLzoX/bpZ575JEiPZsXZe9fA+8he2Ps47L4H2iPtKWF1S/wBW7aSZSVwlIxtFPBObzCYpE7CWpjXG/VTm85H4ijPEiHmjDiolsC6BjtTMlBNWQw4S2uq5NW4krFhjK5cM0n/TSS5T7tEiPncNifZe1fA+zMiJci9seyH3XvRLsjI/HU7nXTnL3Ci5OmGCNu035a5dhuacrsKV0pCi2WcSJeOzIlPEVZy/qjbBlnDFw6LE1dHJJEPMfFgxkXgyad4s07+qHKGx+GRXZkWJ/Gvg4JeU8+xPsn7F8D9kvt6xqd13MirSSxlRlO4WSnk8KViiTlvfozZXp2eng1ccSJfb2ZHh1xzVhldjiZjKOphz2rI+Jx4ksOmZZHJLPfJRL+yl4dMvp3HkYyIzJj2ZM+1D+FkiMvavGRMfZfA++TWS26d1KU066o3Xuwy81VjRCSiSucirTSmLTRR6SNhKJ1Bdn4Xdmhl/W61IlThuBb9r8kXh1zJssRF4ecqfsr4nW8qj7F2kTKybGRkJmSQvZnvIXsY+yGho2mBiGRMER9o9mzJnuhmO/VXjSqbJzbM5IxIvBKeSnS7yrTxglHHdk0dSj9A/H//EABgRAQADAQAAAAAAAAAAAAAAAAEgQHCw/9oACAEDAQE/AeB6aQXif//EAB0RAQABBAMBAAAAAAAAAAAAABEAAVBwgCAwYKD/2gAIAQIBAT8B8AWs4EMAGjzaiENzDAR20+Gelu//xAAwEAABAwIGAgICAgICAgMAAAABABEhAhASIDAxQFADIjJBUWETYCNxBDNCgWKAkf/aAAgBAQAGPwL/AOm3tUF60uv+sKaWXr5JTf1RyWTeP2KZ2H6T1OckOFFZX+SlfgqD/UMPjXtVpiXpQ/pk7r1oC9jGqyHjXtUxUVj+kn8p6jwAad1NbBf4/KSorf8A2vcL1M/0UlH8ab5nOyagYRkFQgINVKj+gv5Cv8FJP7Ro2130vWtCnzhPQX72Vg8AxVLH/wAiqFg8YAH6U6+EI6cbJ6d+5k2cqfTxLcUrBSY48jO9JQc+3b+xalTSE9J/9J69vwvWkYU9R4/q62Kl84lAjtfYr/EGp/KeryFexJ4O2dhbdMA5T1nQwFP2ZP2v5fKhRsFHxHBBZbJlteESUTkc6AKHZin6FjSN1+9fbR/S21R7dkSqyyLqqsp9XZDgb6EQo9gF+Kvx2EKqlEfZ0Z4+6+Wh7/Eqny+E79gAqkw+lKjTCHMp/CpPXssaNTas68ZJpW2iGVOLr3KYfFMj+uftpe30mHXiilCgWc/aLcsxqh+vYblfyVfJYvIQAvQuFhpchMepD9c31Sv4wITBA1JmVTc0pjo/dsL9aSq2RqqmpeqpxqkhVcPdbplCD1Z3CY5f2oCFXkilYThKPk/4zf6WE9aV/tEKpvpf6WEfXBanWMZokrH5N1h8cUp1hP2qfIPiUD1lNI+1Tb+U/aIp2qVfElQvivipGg/2iLgFApripCr7CwHcdYKfwmWFYSmq2QNP3wpvAUBPV4iybyUEJ/FUxUyM8pxYFCkhfpB7kfpN++sqqTo1lSoTeX64G2bEaXTYWCmkL1cJnzvkCAG63ixTIkfRQ6ohHLjaNYaDBTvpnK16qVV2NSOqMmyhTaBqEKLbQnDBRkPYkKoXnSCGSL7aji8hQmZMLnsnFgqWzsSoL2CGSQnoTVDVezoVU73epMLO/YfIKJTsbBUcGdf22WKnZM2Sex2XxQKmwFo+XOcJshJQppMIDsj+bymCxUn/ANLFQmqzNy/4/GVT2ZBVQFmeUEQsQHr+FiG6bnmjxmUSftYz2hs4TlYxsgRKJojmmkqE1KerdB0G6EPvwzdkSzqKSBYjmPYWpCp6EH6QPDwkJgEFi1JK9aEzMn4QtiOw6JsPssD8KmoIFUeWlUqkXxNnYr0lP5JXqE/DdClBujBQPBpIVJ+0KTT7KnGECLkaDLfihfyeQdHKhYeCVSVG/wBIVDdMAagF/wBRT+QMLtoDiAqlulH4Ua/vUEaPHKlU+aiSgsVAen8L4scmIbZ3UrdRbdb65CY9GyZBNr+wUUBY/GNkfF5inoqekp6U7TkIRpq0Yv8AYCd+x9jZ7MeCxWPwFih/JS4WLxQPwvYMcrgewTHQgL3Xx1GHUOyZrUlUnlfy0Z5W2rCfqBaLYTyjSV/8csZW0WHT4acvuEWEJuXip3Cb7zRd9BqVPTME5vNotShy/wCSjY8DCE/TzkkpgvdeuyBQ5ZpqCMeuswTnrZXqVNsHMIqTHUYJ+nbNssbqSsINqWQ5gOm1Knp3T5oKZ7YnsFT00KVtqSnHKbMbumBTusSwHmVI8hiFB5LnMU98a/KZAhA8p6iwRo8PJBxMFi8NcrD5XtvzDkwg2m2E8h66k3iDpjA5UpqSi4lN/wCKCY8s5XKawKBHFc7I0eGSnrOq3AqpabCpDiRoHKzI4gothJ4mKossPjLU8DfXY0zYBDJ7KNYo6ByyouDw93K3anoMNQkWbNCarVYZMJynN673BQ4HtUjT44pTv0JFYlEonRnTORxlOZ3yNre9QdEeLZOS/RGVVjEhYRoyFso0cOkdF9X2qTeIMnqL9IcJlT8k51NtB9BxYpjl9VNwho+1SbxeoT1F+mfxm07X3yb33W99lstr+q9hoMb46ApGSE5TXbO9ZZYfD/8Aqeo9PGtut1vnleqnOxtK+IUCNAHNu5T1GPx/QJ1SEQdBrvWUafEnqLnoftbFQF7cPfVlQmOR031kxaTUSU9R6HZbL61d8++jBW+eFNyo1cHjU9XtzoTHI+Q6EZY6SckleqnmvkfIUczc+b759rtbe0jlRnKFyj2EKLydeApHEpuUeo3W6+S3tJybau2lHAY3KPEi2154G+nvz3WyhbrdYblVaj3hTwJyxobX2tF550qL7qlA2KOlClMONsts+/XUlU9NtaOBHD30pzsTpSotK9btaeJHFlQtuLKfJKcI2a75ps/Bm0XnLN54ccwkJqlFggdHCbRzo6Kc7KchRCi4sURnGjveVvaLz2UXOTbIb4bFVZ2T3m0Z50N+rhbLbJN5ytkBCFViBnfLHHjPvn2vHHFo0MYqZH7GTASiVUdDCU/PjowLNokEZajpDXk5ptv1jp8j5dsgVI/OlN30JvHDe23KlQoU3FIyydEOqRxoywp4D2i3xK+K+JXxXxXxW15vut8uy2Wy2Wy2CgKaQviiaSi9MIk5ZtHUbqbbKAV8V8VspXzXtVaQtlAW3N/ioyMMu3DjWZitiopK2Xsy+SklbL4BfALZbdNUftEmTd7b2i8r103yvpQFFJWzL3qX2V8V8AoHX4VNp6CVNSmVAW3asPrLPDdsjZsPcuVV0D2buSUdBgF7KLHVfN+bjuRQM8KcuLhtcIdx+hmna85Dxh3B/KfLKa05GpkoudZlHf4XjU3j+nlObRli8KdedIIdthGwUBYvJATUpqVOT1U6k64Q7Woo1VF1AX6s92oT1rbTbghU9qczAJ6jpf/EACgQAAMAAgICAwEAAwACAwAAAAABESExEEEgUTBhcYFAkaGx4cHR8P/aAAgBAQABPyFa8VxPjQ+F/iwXwz4H4zzvkeBEGvOE5TmiYFohOGhf4C8L8WBL44LxfjOIQnjPDQSkHozSDXhOC4hBIQREaHROHxOUXxnE+BcTleUEfnEH875Q1xCeU5TAmTfE4aIYJxPM/wA40OvCczifKiC4pfKTL0K9r0mby/SG8IFqS19mXH0ZPTrXo3ykvhhP8LTgg0QnDXM4bwUXjBMHXhfhXwr4XpNF7Lv80u1d+B0o37EP6PweRRkz6KJz9ZEVF7QsSbC2U/Of4kHxbD4fD4e+GZI+EQSYkNEHoQxeE8V8iHwj8RCFrbevY6aFfZIYC5yNkJysC3cLGnDMD9B5Xfivh7+L+CLyMfDIPho0hEvEJyvLWDQfD+WEF4rlAWk19DDCjFNX0P18tcJEXFKbI6jyI2z12kwVdMwGQNsj+jLVj8Fy/wDCHzCcwaL0LlH6j88NBD8p/gowX0SDfQ22N+xMZOVvieDI0xsjdUEDRJH6Hp6Qy1fsxrztpmWn+4QkX7iOpna465f+HPfwkJxSD4YuNBeC/wARFw0h2RgfvKJngmHFk4KJNpkXqpwtkTPoha6nRFhPQ3vIlbM4hCXsH0j2TGyMmv0ng/kviPfLnEITxSgxrHCCXGp0Lhi475nlsXixtZtEqV+lU19oQ+ER+mZPO/BLA8PkGxDIQnEWh03MdIV/ozYMULhfYjRWPTJ1J6Ep/wBBEt0+vjnihcacYIQSH4TicvQkNcvT8GLhebXM8W4zaIzv7QinauZ0ITazwKeSnZSEYSQnsmeBuFmWKl/TM/OD0IQAUw9lrY9b5zRclfQs7M33uhNYvZDJ5XwnDFzqNeUJzB8LlkojQWvKfG2iyxpcSQVPA7N/ggrQ69jNP/5DHWf3G3++VKHnFg3WaHA274UrbNiPUijO7oZWFdISompwMvZCGtiewieHmnivHQaJwh/I0QhoLmfKpjYjFPQIrY9ihowQO50hOoJoYXn64vE5xZK0pvh8IQ8iFiLWUQ24FdEM7jTwFmf9I85EGEMFLw27So4jryvGvgbH+A1zo1Oub8f6O9DqRMJH7FWJ1GZ9B9+UpBEFgJ55JcLPCEC0rUK9DNEVaOh4Rr0YQnb+zYMvwm/WMT4K9IW9DCIWcLYp6BC/Fjwvi/PBD8J5QaNBa5nlPFZGkf0M6W28ISFJO4KZVwDV+uFz0MJVgYo9jLw7QfrA5JAxbAowHwUhJqv8EME4wH9ILGKHWHUDJ858HEpStTXyPxMQ/FEFxCcPwawInwPxx+CNG7sPpCJnzEff34I6MkIRZDwGMVFTHtodaCqtCyglDjMENYJQlOiqIq5FGBR5WBxOF9cBu0NI010ypkvLGJWEehot+CGXwXinjOF5Ma8dPjhOW9Aj7BbEsTgTxUtF5tMZPBqKb0X0MTG6Ma2OVkJ2TogpFyMZkKBrBuo4bapRWEhmoSdP2LPAbx9mSe0VtDROLR6+hnJ2E9i6adt8i4Uc8ex8US4fnodfM1tZZRdvPGAZsbGN0NcpjiDQkHwlFbAlGBEnry7FzZFKZrsEn9mTA8ivRCUzbJ/Y16MXBS8pugaiNoTPc+a1w/JC84RCRHXnPJcGyWkK6oXdEKky0GLfghM9Q1y2ZMYzQcCI4O445RcIWeNS5kZW0U2WSeEPqG4RBpsw/Cn2PEYtLsPCymifChmvM5YvifL0LXxtYFxj9jJfN6OpzFphq3xPBcIXBjYlqzizQ+KyHFw3guDFETUY9WqVWBscG2LBIAmcB/hENeC4RvuUSFHhczynOn+C/B18pBNOI6sDDbsc8aC0Qh+CCGYc2WKkLA0GIKcORCE5fBSbF17P9oq7FDNGxwS0U68EQWyVdAjr/CUflB8Pl6OuOviZ3joO8lx6JiuULZNRsnvZ8ZkWFBa4UY2CzoSiBOs04pRBLkuEKkIm5SWYOD9Qlbpm8MfgyizogIcaJiGr6Y3F+NBeS5XJcQnHTFxCfC8oW70SK+3ms+5IYy37BjVXpfCFCg8d4S2GwqFiVCXBC8CQxiUFK8FFtIt6pv44OBrh8u2Ot5MUa6Pey4LxfxETmCXN8mPQvlnpkJ9JcG9NFj4fQ9JaOhF5XGgkYsWRDHYNFmHXYqfBccCKEJ2ZoGYcaKbh3BkhikLGBFwtCM3eE+LqpaDZKyPwV3oeRMuNeF8G3inxviUh15wnL4+skMhO9mhyp1O7BiUuKJovF75QtiY5aG+iiGYqNxKaeBskITJHJ5IbB76kVLY6tQbRrJ8MetmfEqEswMixWnYOg2UY0QlDy4+2P0f3R+N5mALaD2LjEqaeS56NzrhfA14dC0NcMevhfK0Y/wBiUtbCzexC7VtRU6JYCqX+xq+CEgtccRKSEFYkkUlFtsW1hjhj/bKstjvWCtjVMIU3oXAz0QSGqLZhrEtCG1wh+mxHStglJTKUyXo3h0QtOEHr8YesGvOczBHwTi8zyY9C+B8Xh/sB/MFNrcELInyhlWAaV9mbv78FvggVSnRMxGcsXEIsJpYKLbEDRCF+FHFsJiPbNQzDsQuC4yQ7xgXZ6LaNiXqJiqpN7olDOIVkaFpgnO6fpsQ2B15XyonFL8M8GPXjS8vlbHx1QlLAVpD7oSHxTy2IRVAxb8EUFDDnhi9kWZ8cGpUyMxhKFZIMtBXsViKYq7En+VP+akdch979hZlC5roY1Lgn7XG5KhtK37ITTgWjobMhDy4aczXQeo+EPyePnPy0OviYhzZ6PQ6txwe9C7XYuf8AaY9raejESMQ+TEWR9nFHXBCZsemhjIYrB3WmNdhtsd7ExJV0zSqvo2QfhfAVZGvsehISEimaILEyyNhoK5IuxqyjHYIooa4lRrt6NUQYL9Ll/Mx8HXDFw9M65XwW0NtG42zYaJUIzQjF8I+wlEscSb5cZqDNfLs2SYBam8mMoq0GrcMmSgg8jUbGSYyFWUQkTk9DKVx/8i6l9jaJRHkgyWqsRN+x2RgQ17FhfCzYvgvGeb5emdC4XiuWmw0eGBJoThyGNT1CJ+xbMuU4x0yxGJERiDExCzIoh6FO4GJbEnsKUw2s5ZLG6Ri2NReBjGLcXcJaPshObLB/iFmj/RadY9bbMHZKPYkMXmzbl/M+GPTOvBi+B+H2Ihp12aH6ZGEQ0QRUcJSCRldGRD5A9CGmLLSiLXYgx9qBklBkVFSLwTwM2jmBmeyIpRXjZkli9D8yMe5WByKh9hGn9cPmeOhm/OcT49ReSGZP0vhjhnYpdhB5+gyqiWBpEMRihhvIgxISWYakFJCEh7E+HQ8oG0m8NKkmDDqeAjmnF4QiYIYRmbITZQg0bQVeORXTiqh7Zf1CHxPLQvywQaJ5IfD4bwL4Z4tAu3Av/aG1V9DVQL7RX0Ylmvrh6yzoYwlRH2hMjcaKMlBIiRfBDXBoQi8IcrCE2mPvL4y8N8dlXMFSGU0rCkVkLa0EhLoaY1kiUv2IfwPQmRjEuZ8rOhfKhr2b9CWW1SGImZj6DbYdFzHp6BsO0PDZlhpEmCNjClvjWuUUXh2gpGPC2Oaw3eLpsGKVoUhijwNwNaiQxkJWI3XS+BcPXG8whR8P4G+enyv8BTMqDrF2XBbpIesBxtXYib9J4aEJBNTixSSGhi0LhcKQhYd6NjYkN4QoxNgxL7MR0SKhGt6HvxexXb7Ei/G38344ITh8IY9Pl+DXyL7YhWsUrWjO4C/wjaP+DRU2xiavQdYT4YnZZRXB0HwgT5zg+Ko4rQhcQTg8VPoQlOK+y+B9jNqGEdCReDF5Nxb5Qxi+F+HTF4IZRonnjmiIblwtdAplhaHIZ9icHsMab6EbU8sRgOdkiCRSjGRXgxh4KCTBkx4vPFdDmStApd7jdgpRVYorRskqX49DfxQ/GcJ+MGjp/wCHgI2xjRZ0xLo8jXRRkckuiw7ChrJ4qFKNUSNcEIYW0EgiEkNos8EhmxucC5YfloauDAiwyJgSRC5yfpBI/Xx6G3gkQYvGD8bw9MUNsIQj5fy9CofscrFRLVjMixgUz2ZfDSIvAtrfZfs2hi04lMKl0g2jbFLWb0h7YQxWQx6GQoHgJtPiWuGMfhRmhYQ6QYgQ1BawS8u+HwjQ2KThcTwhc+GfDs7FhT7MooP6+G/Cwva9sX4OCzVtsSn9cbGE5IS7OhnYwayaJxpHWz7M1tvTEmNCM2xKUsThUQzETKN8PxfHIYDQHq+2IbZrlfDqbczhD4nnBIng1PROnMkj7Q/C+S8vtAYrpkzbNoxEEmOxUg0aEvC8uhD40GiVEFNzsIcyKGB7MjHirYmDfL8GPgdxPRjirHdl0Ikjvhi+DTznzMeD4S4fL0WwwklT6JzPKHxfluRH0htNJDmqm2ELJN8vgYJhF/rfHDWlByaoRsYk4nHY0qhzsllopLRM+orgwLEPoK4PzJxS4FYljGt6caL5Xn+mngQxUhopfhfD0JOi8kLBuMIQ2t8ZyvNTUBSLdjS1z2fbtEkVux/BHnH9cQyvV/fEYZ2YWGoFvHhhpog+x7yuxnEVZQmvsr5N8xQYoZbMMFQfD34aeNiH8E5pCD0LRdEM4PQpVZXM8V5M0Cx4f+EwsvRIWml9n0yYSXJ0VMH8EINGozsyL0/OIbcUkzGxu0x/Z0aBUq+2xGTQH6e2OLke8fIUvD4PYRGY9CnhK4sYXyaD+Gee+WYsoY1YZWgt20KpYY2T3xS/J1gSNFpU7DBbN+vJhb7I1I0MC5ePUhpTGhkEOFsv2U9srohLmbeL0Y4t9mCJCBfodqh8ELw04yMzHVRy29vh74KtPkpqNyub5QnkhjbGDyzDIKWgNFI5Q+xax9eCfIhxiQSS0hsJF4bIsj9EzkRYOj8R1LSEYeQqkyFoUEpbQ3GxMTKOKTbGToWp0RFw2TBuSF8L45Q7IPxfK4XDE2bMYtcVJS0UjArAHN6MzaPT/Eb5fCUcND3qZcZ6LZGFVTqCElkZGLBCyyICsZKJkRkHgYcjCxwqraEKoOMM08C+LQfCGvNbJ5NxV6LAclnYsYd7Gz2VosZxINVWGNCfC+afCxrEUnOZQMwZAThLsPODsRYuUILDMJXlITLNqhu04EDcUbA2WPil5fE8T2P4ex+E4vsyJfoZtD5hmEwWShhdh9pfdUej6GL4F4ded8Uqa6ZVQ3s4TGIbB5ZHg5dC0wJwtJIaG+htJGdGUAcstvgSkIJeBpAuF8Z75QxeL8UxDM5Gz2w1/CYwiKwj+ymaIhgTiB9DTuZwmPyhrzn3wvCcPhCB07CNPwEYik0KC0iRBhucMKNpg1wUhFDBR4DXiKpBa+Jcaj4Twfwoa2PelpEYQ1pIhwKKsUgnIuceW4iTfoQqFovgfwMWB/Anr8Yxa+mMTybiFKI4a4sOKSKeTI2ZKsYFjhWAwgoudB6scL4majFw+INCGXxSFOV5N/pDJioghc2zR7cYReMS1CH9j7QY9D9DM+F8bzPifgrFrHsTJiYIzbExkfjIgbCUrZtYPoLlhQQkjByTguNeD3y3xhryvDYmNcPlrlbQ9/A4IurNEc1o7eEtbQbwJsaxg+VP5bFPXrzXjBk+Gj56KbXXFjMpUUH2Duxi2KS2PxYt6FqoQsESExyg0Th54rhoIQH8+LQYh+GeUPfLwjosa8Jphz2ND/VGcGJj6mbcTxJkG1cEl8l53yXD4vhDr0JF6YvsgkhmIoYyeVtFEnsk0JjJsLwZcPnJGKHjI1RTrfM4fhrwh/B3xSt7HMBaMMFoQg1gtRxGYLCTPpRXtwR0e8I9lTyXmxPyb8YOiyPY4spPDYxj7fCFwM2ZZSWaPW4JowGxpBsfJ8HEzRmR7BHm+jJhadiS8mrXyZr5Ifk8KlBDGOiQbAjUGJAzxN4CbSNAHocMrY1dHoG688PmeU5nwPiLS/o0dH2Jb/SjffE46FkvGxMCWsMQgdTkoZYffwMz4Id1Ed6vpiGX6Mzu0zOVoXh4mmPw1+A+UdlYc+ohs0EqMsQ1CA7iNAhrxFJfaJYGolEJe8DkK5yjr5b4PbUkP6QBgZf9G3Y3WMXxguI7FMSy/Qw4KW64LxDQyJn6I7A/2CsLN4GtGj8UUn34aj5Q+HzBMYtuMZNOChhBihBaLUIc1FssSqUzboZnVDI4/TBquJwvN83lPh7TRex4e+jseVb4b4681yQYxXW5Gy+hhxIZOH4ug9RN2Iz4fkhxiFo4HkyXszLLjQfKE1MnflvA5xsVMNAUkFwDR4GCMg0FE8mISME4OhUILB2Sx5NHLF4Tl+LMpXoYcPSj/XgdTxRfJcIUxF4HPDHDApJeHQxRZF4XAyegPhw94QmRIbITNGMLa8FhS4Y+LwxeHYsKm4mx98eeoQTeRhkmilVlNHKAUyYQg0FSMWkfWBLlL8cINHWdF5k9ITBKAzY36KN8zhMXMJyhBzO4zCMS4oFya4SFFlkV30OeCtMX6Ac07ES4fYpgzcyJuy2UekIDvC0XheOxLGOY6MMlko4J0qInsboMRyR1cQm5J0MgD2eRx+D1h9GSPzfl0In+ImalB4aZj8X8QgQVpsM6ZheFEE8cFpCD2LhClCGLz0DG5xKwYpGQbOARvBB4MApgHFkPuERTYmdj9OEPiygeTIYiKouYuNaGl/MWLoei0DV4MwSZUEX+hCgxS6ZPYvCeSlyq6KDqeyjDfY8kH8SFyJDZjZDT7JFyJRJgTikyPpwYOGgmJRDRjYUetxlNyzseTHTIUSN0LQEihDEnRGoYg3dFNwUyeUQKi4y2HrB6w63oVwGAwD0SI7QzYIaericMoNqPYBswfBC4EZheZ4fpaKb9IcMxzaY/hCEGiGTPM8UxhYHqFTXHMeCBEXBbFPaHNg6UfBeDY0NRwXKH2Y6eWO3BK6wL0i7g/wBj0NaKgcNkdh2gdhPcaGLsDxXtweehwQbOv6WOkFpHcI4MVQpkSsGXWPTAwrE+GRB1g+DfJCzQWzJRDx8pqIZCkkLsN/Y6i9iFoa4Xh+SD4T40NR+jEiaK9D9uDKKCuWJ7lRRcKQdQoxC0hCGVzsp9GDQi9CwbSinR1EN9YMxD2P0H7DDsK6DzoUCTuDUKroo5Nk0lRFVgnhZwkGuR0OSnBYaYxQtf0RJKn/B5wP8ABofNPeDJSC6NeGJBa98zhnw6UOzaBOw5RjGmNEQc4a5nK4a4ohCqZpo0h4ckiSooE9k+xD74SbnMDR7JnRzsYzfJJaFnQ0kOXOD+5HpE2CbehWZ4J2jIeziJYmQyZFDQwQ/2GmUJ4aMsFEp4hIdB19GKtYyCYGRaXCEbGhkbFB9cxJX0SxE+yrH2Dt+GFs+nAVfBGSiYYZOXOIJCRVDU4RXAhGg2OkwxbwT6PQY/Sx+qPwc/+gjVh6kaRj+w2jW9jW9mvYNmHpGmRnaCdBhdhthjJmEKvsiCTsjd4G7cSo8MSrInsTMkMRyivJMbT7DEzFn3IWmSCRTBFjfKwOQnH4bCRoSiw4mlVfQub0LAwzedfpDWWXprhBr0Eme0WM/BX6JRcNFwNScPAcyQ8BiOhHYhMYuz7RnYyewi2DaoQvQ5Q0HQOmyoaYQ/IjrTAPGClUbuG1ExUho93wi7GIFiU9gntl1hihZZC7MGOb2Zh7Bj2IMw2uNYHN0VQsiC+hvYlZlvrs65qzg98Lk2NRzghPQ4rp7Zmr/WSLdYudGTySioVqQpDD0NWskIgta4eihmINIQ0RiaBHY6XHAlGTCJCYQT2LwLIgyxseyC2NumNtkbBkiNwhaaCSYUEiNFEh0mFsa9ieoVN8LEPJDYk7CoWhIoMykPh2WTSMjbBcyTWBNdFNjB24rfB0LWRWC1zY0y4Q24/h/wMsCQs7GPHBEKHkMMMKnXB4j+wsGzoqi1ckiGk1g2GEI64DOMqWskVeuO5pwCH+lczfqFGuIRdHrEOqzGgQu406HZS6kPQ0w4mLtTBwWhsHjoWOj0BOO0XsN9OA7G3RZ4tZPsFgTRDGmhuExDG4YaLungLs9CEkSbLgf2WwLNDdQshfWSDOBYwGMFdDuhGRZDUTJmxY0G86MscSCJ7NcCoaJou1gZXInAx/jQjoJL0dsI/Qa6MaBPtURdmUTtoSLCEHo0QjAbdiWUdlRTAKWLBgh42EIh1sba0eiZdCWMiUfA98JswEhsbj/Q3jRHoboESRg72ihVeE9FJV+hk3exiO76P+0QnO8Rd4EjBRmbcJ7KErQ17IzQCt6Qo6GTqPsxD7F9kFRS0uLOBKLGkJCaaHro3yHb2NX1xeEJQ17Hn4Kyu+/9iT2bqH3iCwjPgN7lGZCZNwzBd0anfEjhHoz4QmE3YT7Ij6kOdDadCISd3Adhlob6LRTPwLGMr4KyZBlrIhxCDJDWYKOhbFuOU/0n/Zwl4HiG6/oa4n2GofQcYsiyITGyHeHqR0Q+wyMt64tVZGkshUmNUSC30P2V7yNsqPnLG6sF3xWcM6md0NS2OegnZFDbBtWGxzBKShp0FATYkdEaeWVexrKtiX2IEgwnoZhcCJ6GbQ/qMyWSIecgpfZHow0FjWLbMdodGZiJgYh7SFojVF54rRpk2XwGIZR6FoVfxI/ryIKnQYQR6krkoML1cRUs2KoXwHNeFEo2J+wvRkRp5XEqBDUnkKmhoYdDXiG5nHEbLBlRJiZovax1ZH7CFEEtPAuxscx5EqYssjmGTQnqZImPcCHyyZk0RIZJaJ9C9QgbQQ0KLIoGRKhrOEI2FLYnFHQ0SLfgo1kZBU2KCcuWrauyWw5lidbC5vIQpo6EfyJBH2QKhBDySsRLR3A7gQZ0aBo9DJwOgjEhV0yWB53FTQ4tLJHoekg1yC+0dtsV9jRiXAwftgRkVWRCwIvRhcdN5EuyozZZnKJKJTVZo0ewTYFHoT0EucHioIVoot4EcId2JDIeOBMuxULGsejYz7EmimNMR/R1ClsaaGW8HaLQ9qsfdjqKKbFiqELQzZF3YbqhTkMAqjslGmuP9FwtMlwNFjWKOkyUlGsjUEYIlQjkelUdNDFIYTol6GfsKLOzoDjsUKMW0h7UPazgVd8VDTiYjNBqVip9R3Q0TyGNcKrj0NE6hp7MGROWy3Z2gpi1DHo0FBUrsRdjSI/CDaiwFgYo8CyOPsX1xIBB9zI9mLstaeORqoMWxOsl6jga6FmRrNQRmi08CdcHTQTE7g0asosTi7aJSYlMj6hjQyKa4EN7HlBe0MLBZSHkZPAlWhBgvRNJnrEoL3klgZpEJu5Kej7TJsYG7IRt4RlpRLgLLKM02BN7M0HdO5MUOCD3DDkaBl7GTshoeCY7nKsjkG0OsSLe2MfY4Y4rbo0DG7JiWsMW7PuI2ETYTorwjFQpJjd4FbeWMcsYhsdQhFodcTpsmM2VTFholOeiVErEIQS0NcrIJZijAn9Cmk9BnISZJL7EkShD0sRM0N1TITx4IL6HV0j0Fp5MmxpKNroOfQxZZc+0UtsnpiUJawxxrY/hhK2RAtmkMGlROZseghkxQ5leTtBJ7MGSpRI1BFsOh3Q+hb0DLBCGyNcIX2SnoetCCJoVOJCOCYR6HhwDpsY2UIWhdIRkROyKMfK/YzGYwYwJZWBLpoKM2odUoY2SGexaqKUSeETuSWCMkoQp9HuQY19D5+hVUHqKnsmgt4Y2Q2N8IU6GCywOWzWPhEPBYHJC3EakKBzFaI0doJPDPsM8HRhC7o/BL0L6mhbI7EhQOoytmSRVYJKRUT0KbFoK8sfoiy0b0OOK3oqIWoM07JWEJM8B/SMgZMrnNh4MWxQJm9sQYCEOsJidIEW0ZuwsoLZvYmt1xUgkfhDio12JHSGDeYiVDZyK/oPYiqI2i3A7FskReUZFbF7C9DtO/E5NMSvpCmj6jIaot0N6MxxNZsUEgkqvQ6gdaRCN6GH2JTLKEdox0Ngxk98DsiitjYFaEDKYPYJIJp1xi4vkoyr0NehNYRmJkOeok0pKQnoYrRDlGRGIgyPRiGYQC4o3kzBAfQ7eey22YjctdCErlHYpX6P17wvNTjMXkfnEbHWL2Ocm8yeh8NGbFJpjc2O0GBSNljDExYKCDApkxbbI4Q3hC2o0uisQzTwX2UZfT42CZnLJTIeiWIR2KhQ9FOj6i/AZeR+ipbG0NJ7EC0MqoMEoeMDy4T4ObYmkp4LslOxJE9xGbQinAojLPDxxa6CGyqHadMz2OzOCvsxab5EvaNkLsMGC4vDE6jUuuFIwCCDUfCV2yMXQdZEO3VEbYzqKssSMN9i9Q16HfoRnxCOhg8ZPWe5jQSbMfCEzkadIoXfRkxShn/RjQ3jVtkezoiK62TsG0wh9AxjUskesGWQy4FQT0YMJ7JLRiHxk2PYcJiCwjEjtD2kBbbEREQrsQXY3NIpuB3hXDIrsaEs8NrLBdbkbrwE6yEsnpHYyBvLhBMzuYj8mMlDCFedobA0ZFPCMW67RUsjNp0KPY1w55KGISIaxlbIEB7Qpb0ZsIVBIF7SO3Bitn2iYWTBqwQnyR0MqoT2Nr4mxtjFfLHAQW6xImR7HA7joWMXYJfRk0NhRgMIYa2IkNcJZHuIfBciYMGdbM8h3fBIGQ6PbyM/UhYNNpbNoNfZmmtCr8B9Roc3keQps/glGn7DHYQX2FdIMkdH6yIaBJM6risSjFhMdjmiTHE9izpvgKj2UEWcjpascaWsSieGxsJZkWMWOyERsZuxZTua1jUdKBwFBB4kpZXB9AO2jdg1eyqUSUyx/UdsdZqiWghsvsP7KFiyIujpAabWS+homyhiY02I0+J7GzAyCQS7lK030NKmnaKdhDVCITcIlLBJnAr2aaxFLY5LJjJbEZBHqGJumdcYGOfsXBIkKXHIMYhl5aW16MBF59jRqFdjsVMMplDm+h2432UVo4Idk9wWoKdCxo30NWB/YUhhekxLC6IhrRPoS7IYaLxpTVcEcCSXXGgGpXshDQgxGYkCyCKqQ/Am4LZWLWxBCBuKyhsPRGQMaEsBmWiKjUFyK4QSt9jN0e0zOAt4SKGbD0NThOeOTxgmKnR8J+UDi5csMnIe6ikCRjRaGFJRFpCarJa4NhGBniYm2RpwcrNw4CxorOFDyRPY0Y9CNodpQyRHhsjbY3di02Z8C9hZYPYx32dxlZggAg8o6sDUsCd7Y16PRFe+hKiywNJN5IbHRbHTWDIa0ZHBkIehyhOJ6CF0uIluuI0k6pdbAncwrZnFNyIeXiDjCzASx0S7IxiLML0gUTeBBohMT9PwphAdJcmBA2pwjTvEkmP8AgVagmG2K82Mk2ZCVldSRooEwMSWToDLYaMPXsJjI34DJlwCGE7HypMRl9CjlwZaM2T7jE2QZHZpMnAkKsQ9mLpMz7BMwcTX3CayxJsNu47ZV6ETDJCbhtCdaY2CTyEvbZg7F6xHoSH0z6Z9UWogvjLVsFH/gliojQD0hU7Y7M7ZiYOwxXLkvUE6QSfQRCHeMJFwaGzZFghfPJkiibIpqE4FxklHtg5RIVt1sT9oyeRsmKFloZBXMDZUQS9jSGmBeomYY+hjLKLLN04CawBLphklTLez/AEJ/+CEOGNijX/uP7He/4Few6k/94G1R0SS0ok9L/RF/+RBGL6CXCJxeDZR+NFw0NQQyRmNJj4V9tEtDlwHKYrKVHRi2XA+MMAjQyQqSK0KCmVBCMUMQ2UOE0Q1iaJrMzpBtnszNM2GIhpbeRN7GW2R2eFkeQkNpMHqlt0Y4EoExZX8NbP6ZZk/pcpuKreE90IIg0QOOEELSCgjpkyLggZRPh+RcFwhIyQguJ5QXLVEGscHRkC1mgrL0N0EhgqzsYCrZcBpvNiwM7DceElQ+gz4Gbn2Z4ysDWBD2JWyXoJPA5qEt54nxRhui+yQq0S5jGPmWv9GVDf0KQab/AECVoRBpriL2QQJGi8QSIQZSg1w+MCQl4Llifivivocpdsa8oYhIWgwiyIJBXQUyMkJL+j5YFohS4Q6aUGi0PLMWYaJkW+GiIJ+4e28mgz6ehkTBRzRk8lpZkV2lEK7DV0/ziRbhGnp/owISQ1wmMZGKjpnjZCTwpR8qENMXiheD4fCXkmNxE2CRjRCYPaYaG7FLg9bCQjNlFUiQj0GdiZhYYIS5xpsTgEoyC0kMHEMzxwf4P2YKMgtDhvThYRV1wXHFREHkbcJCXE5o3xBiJ46KYvFKf0wJlExsU4pSl4fFLxSjeBFqMA4Um6EOJCGiLtGho95Vi8RH2ZoGEQlKXCBiyMQxbHDuxcFqNkSoag9a6P3I54nwYmZAfpj6jErHGhn2amXE8iYJGIWQyjIicTzviYzRdDH24UuRrwxfBOUy+CMQsZYvQ5Fmj4myQ9BGdNwyjlVMpCArbGiuBMAWjYscFNzBIZNwb4ZTE4BFYgJbKqBd6Ptwx4oklPsVGkmElihk6URRBh3g5ci4TKi8XkpSlYmNvwbGgmiWhCGRIxRvgpRcLll4viiDEOTJfmxK1svsZ0zakdiRDETGRi1houEqZcQkoPSBOoWTSN6Me5MvAqO4WncG6ZGJrBRsho0y0W7ZYtQkbhiP/MPjEfAoGxTlfohmvIhrhF4aGNDgSTQ8vA/NKioouC8m+TLgyFVN9CHJNBjGapQaHvAfVoPZGXQ+gihmAcq0mahz4bGOIgkJniIpZYwrOgLEEmOFoww9RuHjC68WcbGyNx6LkonxSlfLD3wlw+GV0ozASfiaPghgNUnDcNeC5YD1cOjYT7JFvbbFDJgjwSQ3BCirRFGBZ4NhDnREORU0Bqa9GiGBeDCG1qHSZXEI3EjFYQ8YvOUuwxGzYhsWeQFoaAmxPA8BxDYTfocW3wnhRPkxMRCDSHypSdQ1R+FHww2Iog4Rw+XsT8GnDJabcGuTALQ6qJ6VZEwdKWRqR8CyHuYro2DI/alv3GzMKEDZNBN4K6RgZgzKYqpMxfY55JbF1NnaGJRBMmsZMaKQkwCeCXiiEBJIJp6uNhi4fglXC4oxRkMfYwQxcoh8Pi+RMuOb5aENybAw7ombyzJdkV8TO12hHYeakK8yFzE4feMxWhlQvQfw2nXJa0PEnkdEYTEvxiMzAKSoi9DexTEXKMNGRQKlwKJOC0MHYzJPY4kNniwCtEYKMTKUTHvjs0VDaMMcJwwtEg3kpUQY3wPXjbKUvEE4QjFm9CHMoJNjmzJS+8WAf0wQz2MzoZxUdhabHthizlcEMteF2w6XLEGIaHXKMJofvC1SHCDO4Geyot6cFZSkgiPhoTIciTWYBoUamLFpihZCyELRUiSDfCEQSJl4wODgxGgzvG2NPhWjpiKIaGjLzfMFgzfCg/6gyujLJaYwmg3Qi2Qv8RtnDBF5IsvWShaRJp8bx8D0JGhZWRsEKdGQdTM2piwsjAstcFF4nL4ZsItGPVIgoINk1M0MHgwcazG4LIkMQTE/IQwELkRBZNNTQYY1GNBccNxJip8LwnNOMbFns2mhAqilmSrAMUOGZEJgarElReBMMhuP/9oADAMBAAIAAwAAABDO7UMS029uqevu5OJOwTX1/ESkg0P1TfDQf79eP/FhHf7M5krEeaGEu87bIaY5bNNfXHuQGgyBV02zcadOf0dmoIjuKnwc0KiDAjHPKaKYEQjyoGtbskZ37lIC2e8ke9kW/HT+vdlzxeviPO7YaKJNpLWnBtPH1WCs/Uetqe9UktNUE1MIJfM7DLCFICg9v9uYpMLf9PnQ4XPa5X15sSoNsutdv1s4rFf9nlutMD68AvZOjXG9sfaCoCvdnV1/FUiW2/c7uMfklKAtdJd9uLOKRcAEHCxlgTpWjmMg4Pd/cHt1W8Hfn1tvGtMjPcUgVtPpKyN8c9t91Ut8ZWUeW6m2hSeqM0+JxfNcfOWxi6ffv/FEOazoJl8OnmL+UoFhiRoI3+fJHu89dawOQstHUSxjitt9FdUXTS32qTU++poSTK2JW1l2/Ko0J4M2vrBTddXanexA8cdUeVURLRUgbrFpScxAJKiEU9Sub5KDE2WiHN9+5YfO0nfdMEdlF/5laDTpM4ZzjpLSfoCUEJI1obl4cXKln0KRUTv/ALTr/Lz5fH/PKqMQTs67OWstyHEK/wAxv55T7P2rWuD+R06lR5/e37mkKY1nbUoKhkNbdqsDvh44cRA9S+FWIGo2HiUV0UT+2b63y8VN9qoHYRQqLaSMwcNbsdAdT158AqELQ8kz4V+cax+ScWS35vcUuILfhWjUYhw4T3AkkjzQ/Z10rrrH7Ty2f37077Xbc72ouMCnW8UboCPREGU0fGx9rwdwRU1VZF4ybGPeVT9U+E98eMdnJu9/EcFpgAUXfAWARaD+Z2RlXtSdVc81e2SAWi25y5IZy2ez12S6n9tnn/kYUflJ8PsiZ2HhSqCBoaUVrT4e+4578PWTnW37+TH33C+bSnAax0/Yy9+K+9FXaiAAmxvRW1x678lYMkoQw/YLPHawMs/57edP/VjymQGh6n8rLvf3e/7h9006ltQBPdT/AJig7n0HE/NsPdVt9YY206gVnm/9ZyHA7eZ8fN/kbNPFgTAkK+5Gi+bSJboAQaJOaLpFX7J688sXHZ5WvNQw7gb1Gbs/h+cIzYVrt5BnxH6Dk0UxWDuCaBWH23Fn239cxib5403bUNnsw0/nGtjEdJ6McNTgvwy3/Ef31nlxZENaOW8GUJCKALtHqpHT23631yKPi0u+NMZVI9XhdVctEs5CFMykZM9xXDdPAzX24F6a78B/km930q4XKTnjRT79P8OfhEa9xdMBRhxSPmcq2OyiULZVxhMG4OC0YOViMotKFcv/ANKtkBvOYpA/wWIPxWQfF1EHbu2+3ggFBsLguXeGIquqeFTNldgX452vB/CmgeVCn/hDsqwSRZn3cV9x5MlBqdkM8gf3xJiEcVt6qvfT+gkCHB+TzS1fZEk3B9jldNN/lVjDJDBnq/1+YYpvLmgn68tqQwe5r1r1Pqmo6Z2GWAtjQnBt5VhdufFG4zMsiOoZrVA819Uwitf1n5rL9QJ8nabgIuYoNFuwGG3JpDOAb8ruva5K/O9mYkiYq87dFFhv45IgFME8dnwCvNhufbd/No0guJkfaZpWN8Euc/edqxgMocNhF1MZ6EJ7lWC6W4pRxRXElsIbXUJAVfEQzOpGaCS21Dv51CkeP3zmdvzTPzF2p1YBIgFdvpomXLN2kUWq9ga6Sa/HTxQEx+rfEQ8Ajfrz9jtoznGESEcHY6lVI62so6agq0qqaohBdpAJKKCnJlbPAnLtXt18py/hHhlofbQIrv00IAWf5NHuLqx/XO+Io+Vt55D3jh8Np7SQXljVazy+/CGX79k62ss1L+KFhLmKfwZyKqNXRgcKnUrspVZlDhRmlxfila/+SIe0Ps/h/Lro/wC/EbvDcKg4Zywk5JGl+TV1zrh8CXfNTS0tokOusRvqtDDz1x7+6JMI6O9fj4ysUWa2hqW7ibIvCyRFGpuN9pjjtl2yrulK511VUb/O5hirp03FL/mjCceb6IIWELUR3eH7aFFauEo9fb9AS3zcWBW/KwwETF+squN5dDgFa4UcDQO4bm6wTqlZ8tETZa/FZ3SSYeEqsUMhAHwhtB9mt0HfMaTfG7RaSFPZ/YnBG4T4oku35VUnVIO4is6jkJK0ehEJVJQd/WKcGAja9CY6bebhVimrBy2BUR0guxSAJKDO957hHME6DYl5YJPPfQ5DvbCp/I51y/Sx5GRzRGFvCOkpMBd3r2hk0VZLs+ny2hZQKJbQVRwRabubwVcaMmY6rb5Rrm99GYQc/q4ZOK/npXdfHUaNPTaR9XYeD2V5fyogQOLSUanmbzVEs24bJ333wg/YYg43fAPY3ffQP334XoXPQvHYP3QX4P4fXPPQwnn/AP/EAB0RAAMBAQEBAQEBAAAAAAAAAAABERAgMDEhQUD/2gAIAQMBAT8QQxeaGLpix9rweTViGJelFsJj8YTH4N6sXssovKE/yXUMnE259PhXty+17usWoYuXwh8p4sWP/Iii5mNjLtLR61xRPyvF8Zw+lrFiXcLj8L3R6uEMvikTxYv9CH4InqvecwS1+C1j18LzQ/BZCei4eLlY+nlL4oYj8FCl8UQWQhOVlxLZ6rENCRCeKKUpS9tlF2iedWo+jXD5pdRS8UaELH7ohNYmhk8rk6Q8WX3XLFyh8rF2uZ6TViyYhj5usTGLGTwQ3k193UMRPV+yHr5XaxPqZFxBD4o2XwvjR+Ey8tcsWzqlz+CITWIfC8UMXLxDydQfgun6rFr4RMuIfD4hNWvudo/vV4WQghky9fzt+DQl5wnbRCEL22Lp+Kfki9Q+bRPFy8SJ6Lbs5RMpcouWhLt8fna4S5SH86vDJ2unq9KXUQff3yWraXhDZb5TKfRIbGLpIfD5WrYTliL3OVr+C6pfCE183i8SCGTtIePhcryfs3xCE1C5hNvd6ZB/OHykLJ1+8Uv+Fa2PYJE6WImPil/xTid3xnhBDQ1w/nkmXaXudUpSl7omN4xDyEJ4MoikxDYubC9JDP5jxH5iYxDQkT1SPwpcSGhei4eQhNQ2I+kJ5sR+YkNMSGsfrfNDfrCH8ExlaE2fuTleF249W31mUQ2Mm3J5Ut4XE1ISJ2hkEXVqeXbk4nEyl2EEPhPh7OIXHx8L3BEH4pYmf0bFtLjxrE+KQQxDF4Up8KUosutiZT6JDWJjL3OVwmMXFLxer0hZ9HjIIj6Yh8vVj8L3cerKNlKN0Tx/6p6ITJxPwnpCathOni8VwhvWy+ay6vJi8VkJsJ+CGIYnwif4UNiJs5SJiGKDS1Dxi2CPo/8AH+9wWfSDIt/gh4xD5P6Lv+CHwx9fwXDEPT1Z/8QAHREAAwEBAQADAQAAAAAAAAAAAAERECAwITFAQf/aAAgBAgEBPxC/ifpRi7QxCHy8fpCMbH1k7o9XCLio8Qy4vaCEJwNdzXzBIaFkykF4XiYkQRBD1ohCDfU2CJlEthNf3yh9JaufgZCEIQYuryu189whMJC1eNxoaF0kTEQm3hLGPiCRCE7fCxiyDUybMXbFt8F73hn2NQT5XD7axEyal22Nl7Q1jEMg8Xq9eMQli6Y8TLytePHi8l0xDFxOXqEPhDExiHqxeK6+T5GLpriERRPC1D4cPgWT8FKMRcQ8fYiGsTxctC/NNWvIIpdfi9RCdvxZSkFzOJwsvTRCC2eqHlLi8GLWxPweX8DxjfC1Dy8tjExPWuaTKXFqy+D4QvBb9jJi1fneXaLKN62LGIeQpMvSY+IT0hOF0xYxYuYuP6N4hi9Gh0XKWIZRYxrGxPFy2LWLlvV+J4mXGQbRconrZ98MQvsmPaLwYuEPEUeJlyDRBERDz7QsWsWLFs9mIe0Q9QhvHkgywQkNCFiGLm+iEvkZdq1i1DPjaU+xbR6xZMpOV4fI2feSkXBankIPo8ZcYurBfPC6hBoS2l6/osY1iQlr2ZBLp/IuEPHxT6LcSGterFxCF1ohMRZ2/gXyP4LRfPixdMYlk7XUxi4eMQ/OYhl26kQnUnEPrbcRceUkyfghBInN82T3nKx6tu0vo8pX0sfCy9vUhrJrEP0fo2Ioh/ghPCDRMerbiZRbOkP1pfC8taspRMhP1wnMxiGQguEP895oh8XUPLq1i9UPwm3hi8kiE1i9GIfVy9vxZRPU/J8tfhnC5aEuJ5Pl9XJzeb1CEFxSl2cTzfc/Eh5Bed6mfWp93mdru9XtcPV4JbBoSIQmwnc6nUEPVwkTYQnd6fHwQfDYmXwWMWwReKUv4Vr80Qngi+q15dRS8vtFKMWsXmuaXiExD4fLFlyeDEvFEIQhCYy8wmI++FvwTzTL4LaUu/YkXKUpeH9H9jF+FZ/PH+Yhix/fDxZ//8QAJhABAQEBAQACAwEBAQADAQEBAQARITFBURBhcYGRoSCxwdHh8P/aAAgBAQABPxCnyzkCXbsubIsjIJILOyTKWQ/AOT/V/n4CD8dv8jfr8ZslkBbZyF+uR2yywkRgLD8CSCcsYJDJjJ82nzPn6gPmQz2OM9s38f0s5nkLPZPuA38MFvGZxYgc3J1+Hpe+k+y7fMFpuJPuwnG45eRiSNy9sNEwUkGSDlhsYMA2FyzbLbbLB/GQXjDke2dj3c8kRxt2xgZ6+XT4jZ/sBnfw5Qc/VmeXVyT8B9wd5Z2f5Y/Uwc9kYLJhbJ0ksLKcgxnREQfM8+rdewH7kL1sAW6+fjA3FkSgzs6XHBZ8Fr1uXLH5LBLm8jTwjXzDPmxfm2tsON90GeQw6xpZ2EHEftBn4ZsdyA2dsEDZIJOQb+AXFlmRGbZnzDnxfMuOyb5CPbIHYOyI3W7fMGxiHN+IPpY+qZHGsJ4QaQd9s/cH7nnzB+44efgviZsh5NkLp/8AAwsJ55eyfEYmCDbNt2ePbPjZH3YPFvobD6wY+5O6F8/UcMHNg5BHvZ68v/becgeaZDrIOJMgvYryCBthYs/AaWcggmHspuRmXNmCyixYT+AF6Q9n/wD7LQ+7FOas/QfJlW4/E2WR8gS/39ibR6N5HgnrQh/Yp1GL0LO4/wDl84Zl8B0kNs/V/kc+PyHzHZ4vUknbmykMtnb4luN8eWb8Xl83rZ2IgmPo+bz5kBIgDqWD8QaYSYzq/N90n6y8QQn4/B6cLXcyzOkKnGU/Ng4OJYvIU9i+fxllkQ/J2zL5t55ZvbPwBTsYTkhch3Lo9I8+i9YxKldh81GWreG2qRfsh63RTEKHpPu/cv6tt94eQT9KRs4C+C+JHYtjKv03E5wg7+EgLD8Ny3fLvzMT7clNtJby9ssJtk38B2IOWSPfwPbhjH2OP6/CJ3dPLScnHxCSO2/GV3JRL8w/F/V7x0javPwG+zixiB2d+rGdIPq8/DzJ55DzsRry78wFgSvHC5mpAfWR+B+9cy6tTkFTB+llxPg7NmD+AyNJ0r8toZmzh7A+J34tU6w+0znPz9zcH9BFGg4j4g6dH3CP6sy/279X9TuR52f1byZ9mDbJ25JrHzdg32Qnb48u/E/i+mQ/ZLqXZ85H3kN+J/TJPyX+Qt8F+06e8s+Bnv2/uTCAkoeXU7OfUW7EGkc8k3fmJ7+Ty29Y4z1g5JdeRBtmS6xbeJWw/wAkCv8AyF+j62PgSLsO/VS5Lrum/Nj42xTNjflJ9wNteuSri0/gmXspCIHfRjDjXjKA+vSJ4b3XLPo/QIrhkMhPqXkeWJ/Vlxe3SP3M8g7AY2Qcmyz92P3dg+c/GNcvfk++SNr7lSY288nVlGmDPizu5I/V/EIkIHiTfY5IbHv+R5cESc/GX6v6sjWHbbN/Gz+DE63nl77AWWXhy/aR8iIEZ4iZs3ety6cZby4IeyciZGIBgdFh8GALFtRpYmMIByesJE0dSWIef+SB6YtQJD0rowRM+kxsRjSEej7Bnx/2BNKfrLY/D38Ht8/hIH5v/uxh+7lyfbD5tIe/q9uFaY5k69vHLrOSHywZ2dXyD6nD83MtLyF82CfxFk8f8vEnImG2ZZtifMce2lyzY5OJJHPZB8svPL+3Ifx57Df5E65bIGl8CxHj23vmEnYaRRx5a0DFk4GR9sHgupwQl9goNib9WBfEdmbVfMicHM+V2TS6gyMjFH5+bRRpkeMSEvRkNrHmanjbZPmOsOwF8z+NCHXy39XGwnl8xi3fibML0264n2XPbY5CJkx4vFmfH4f5JpJ6yGsOLDLX8GQ6/k5P0IP1Y+pZ5bHOL1sdiYTZyfqfI47DJ9i8uMg98uA/pOiYaCxufe4qD/pIDy0SSitfVZO287HuQZ/BVfGVe9y7PqxA/l3Xyzv1Nn4PBjp72TvYfN9/AsGxfORgX4nm/uRV7NkPJIn7hyaJ8kIMvxvL3B89khLn3rU/svfL929m7GZYTjZf2dT0ufMZMO3C9j3y95HWzGt10njsB5CLds5MQyAyZAR38gTMh0iG0HPxv7uvmGfuxhjYL+M/dkF3YJIzC68jPvtj8kkv0xChnVmX/m9gtMe1tx+sb1EiGbPQG/M7rif2PtASGADcTc/UgeIIku1/Vt3sry5b4fYAJ0xI1+NbJSmzAm53Ic+yw0+9mxZiZevJfDZD4bD7oyuiSHwv8vhHX5gPXen1AnZ9+yMM88v/AFPlsfg5Iy5HeSZ5MDIb5Cf5D+7Spt9sTlgfNut0+LN9s2A4zZG2IWbD4swv1CcuQ7Y3z8C/q/UkGzt/UcbNm8I/CmRl/uSGfIfdozwPXlgifrYKG/o2U5PPtLns/ZuOinFx/wD0l1eDj2Qqqn1bu7tru7s7GhJzC1zcLR5b3YJ3bZYhwAEfm2Q4STpFF34mdrGjkyB8yXeTyHZF7MznX+z+AWDnzE4LP3H1ZQbCZC97y8BzM2RPPJezkE8/G5M+Y85+E+/wTv4O+3Ni7yTsY9bCBst4Ts78ya6M78QNjtne2B5B8/jTYGeON+lx3cB+M1/A5etl42kdZxOQWYbGNlvfGQ7oeSAdefaXmJ8p2tfa7yri0YhymNeWqs8bwtc6GwMzOxz0ID5J9bYh29LE/sOTTnlit9PY/nbt5B3z/k3o/wBlh92xI6Xy0u/9l7IxjIP7IGhf02xU/oj1x9RmO/syRoi58tj4n7M5eRs72Xrvn1AEUaE9xwbYJxs722/s3j2TYPh+PfbhYJ32NPqOrYbIPLV3ZgI9k7Z+2c87GHLzy3+xuRjxkLdsMgG5kFvwlsDiyONj8H4HPwPbeWbI57FgmcEF46eSshPRes+/Cx8Y8o+BjZl+inqS5zYyN2Q+IEf1GVv4lnEnV5mU/WXtr42Dp2NO52fFlfiIgL/SAlfxNhrPuH7tyl6/rlztZ8ucmXUwPiz2fJex39pC0P2ywP0A2ZM9tsmkels8gvr+AP8AU42/DjOzq52AHVN58Sa+9+5MjywzsH0sLAs+bEgvkHI2Pfw8M8W4kl0g2YMvUex7Jvk8R52+Y8n2yV+ARccj8av8jsHxZsFxaXPu5f8AkDh6XbFMMEXVO8yGjG4BkUbnGeWpgj6iX40LrrOQ7mxbjtkrfDnkR0Mnfb6rPv6vJ7di/wDLUM6aZeYf5goCn6sNkf5aDgf5Og4gNHj4Li657ka9d+5Hm+Tunkq0H+knS/rZ9Hn6jA/c6eFwdGOnYO8YMz+xm0B+7AX7qwQwm8t55F/k89iA/l8+w/H4Zy/y8uz1bQR+4Ebn4H9SbDnk9Qx9/Cc5+JgwPibskS7xkQMtjsZfMP1H4Ng2Yzu8NlX8FozejY8GgZlskig/qMvy6GTersvzbOdeCGgke8JiNn5O3WnzLP7aPbM5ZTXfJSEn8gRRiIJThGgTQobz2xA7I2nIkDh5ZPLfDJQ9lsI8gjkb05KfMjOGXpanzkvhKT8MnB5LmPsfkvExYm4edPhsks5C4I/SVzhdPi7vl48kh+I63XJwyGQdwgvI+Umwz2cyD9/ghsbB7+E/GRNxPIfv8cSD8HGyd20+wt9k5fohVOGxBaBAP7N9gbaYkn1k5ZOBB3nl32yxukwuqfUNQslPo2CdZFuZYXIgeyc4R9EEEAEZB5YfiGci5GD+sH72GAtz9FzWPCcyB5ySG39ytJkIAwQHJhTzX5jMZr6nPgSTggHlw8nfiKPPurLcmfiXFsb5PRsn+79WZ+Hcg5N2NX8aWdvVvNhL24Q47Pbc9jY5qQ/28+J44TvsGQbrdy/c27P9h32D4WfdhthkGMwXzF83x7Y/drD+ot5GZIEddL+227p5eY9lOnmXDl8yyu2uTDsfMmpAH2TvjOnjag9ZB3mxanQ+oAgl9GSH248jnzDp7GR8lh9QWpl6XsCjCEHH4S7BasXJkYT5u4voySyoWMP7cfRJ+rCcsfYVTPSXauKtiHuIU63j+UP3KR24TbERk3S0kesGWGXjkG+3SGZeeXry1+Et/UPs/V82GwtjIwGXLDdufj58jv4JBMtsvr2SI6HxBS5df+w7rw/t0SAQMcPt10uNfMqnsCfM7k+xni2n12O8bTpCDysHZ5svhPzkci68Z8gJ5ZfmT6ZZJmZ8W9Z7d2OSQLU4J4Rf6fqOdI/c/wB/7C1eweHJfJtzyXfxrI0cez/SzxfD5gRkDxuwawYyXxf2CzvtnfYEDOWx9hdt3y/a+eF/kuchN7Y7yOF3fw7AlkAiR32yrSHEEllmM/y8/CxJ27JZ7dTkIbIXTJ6ryi2+eQpufB+59BmsIs9S5LyfLxIJfrgNZcIXxHNgRwTPZA6FhtiezDzyNX9XXzeocg/NwcZmmNrYImoR9soN/d0dot2OYORacT+WFunxjKfjYL22K9ghaxmSTR9LD75LzkLL9fjIGzvZ6gm6jhHPwe+TsD+HL15Zhs3x+F7lj+ENvxBeXIgmWmTbb29ZE8s+4svOQR2DOm/qIkDr2ON0wtIjBHL0n4m8/HLP4Ntm2l87bDligtQOQHgwACXNsFMmGvIuLsvEPm0I5IJ3Ibt6qWkFyd44/Vu5z+JD6H6l5P7wWg/WCKt2euT2JN0t/F8vuSmYtBigAWGEY6sDy+OTofhgvm5aXZPYHbNfZ34Y2V2X8FabCfgNntg9sfE63EBl5dO+F/khCzJviHPS9sh5ZthMZaW4HW5GOESoeA2bVsJaPsY5ljXYMt/JrEOC0WIIA+7sHxNgYwfEbZC6Ed0cthMuS/VwyOR05D7vnjLHs10bwA+p2Bf5PnO78yg50lEQf5LwM/t1x+L45GnzD3thdJm8HEhPuIRjOtvrQ0sH9XA326PI87LETm2FgQfuPsHeyM9ljby1+b5nCekOwuz+GS7Hkm8kZceP4aTnfL2dFo/GQ2xb22HfnLHH35Z1M7k3f8MHAX6fVt8HweMwhj04WwHfk+SQOPtkQwd2yOsN4fMxb8wmC+ce3nFnQl4E2mPJgGMLIyPuz93DxtZxjX1/As5PnZcJNKf1yU/sstUEQxtRIUwnpx5JvI35/DOcj9+/gF3eE9xitGAy082aPWfIy+IIPyHJ7eEvb5t5GMieX7TE5K7n4BsheXBYO3kmyJDjYW6f8ly2Jt/GTyG5NpcO/Fjs6k3Jl0YcGKkpeDmyYFSPcY9uGxOHpzf3c3jKQ0j2zx82xZCIhzbN5EOOQP6YfJyUnynBmYg9HkQ+wjeuh/t1gyzccWHsN/ZATQ/2R4FsactHxyYCQCzme5Nih8ifuwnl0Rxg19hfxzIuZ1/V5B7JOmXer7CteNA9tFeOl4mN3+8chz8e/j2bOwGdlqnhdTyx8z+p4GeSs+x2ztwet75Z93Piz8FT8DidVFlm2ZGbJK2ZmWQgib9RlR44xEyivHkkUExDuiJ3/bDDrrC8010/v412WEoRtjvlsuWy83/cLFkqBki66WM3HvlvCOeSJWZIQzQDCZuv1bhvfDtsz/q8lrx8gL/xgAWkA8tnnTYxx2fAB3k4HiBztgxqHBtnINmfUqWR4CxxLp40hi4GJoyg+lEtZXEb3Px2WYjv4SfJZZPtzs8iJo4yQy4b45dJNkyMlNgGCDCSz9yfH2L6/GGENY4v5HDYdsPuck7G3c8t+yR+FsdXbsRnIeumq3iQCLLiVx/sebNnT6tPcWI+IU6v2/uFfZsgb7Ei44t73W5De4QiYD9yca6xIm9uvUYwHIPQLEjT52aHHz2WP/JjWZ/WW7j9rMe082GQX+SAaibzh+rVN3LMB/dl9xDwtqSn1YGCeEfuJ95IQ1zGB0xrB5z4m8w3ElIcWbNjNr+0nfzF82ealT/Jku6oDF8/BP4O/hkkikLy3PI1+YIbueX9GTsaLyUeXvYDLqQH2P7K51upxvrkJOt+pYbbse9g+pGNu/dn23EsQeZAD7gkwsz5RhhX2nU1OHhAk6HO/ENLu+JZC8U2J1t1tLsQJ9kIQNCXPjPkGZA27/LuPkr4m/UzMVwWRYCtk8yH6sUcfqHIx/YExB/Z7hB9Xjv88kIOCEwdW7I9k7gXgbjT0EnC/qszh4wCM0tpxycojCujEyz4f8syDf5fBF8LgqiB/l9fH2BRBhbeXI5+HWS+Ie2QLUaWydE6scOyc5Z+CdkGAG3Et5y+Dbex7/kDnkkfu6eSmFbptzcvpJyTcwuXv/kxKVrtw3QeRPXrsQZ/9mYRBkRzNtBTRB9geHp83U7J38cMGOXhLYk8YQtlZZfXCHD6u4r8R9pv9t1rH4uh8QvBIn0ROo/l7+L/AHwsLlbhk+Qu7r/+TO68e8hXtfoNyBl8HZAff7ae+Rxj3YO7KN1SwtNiHHIcTfiyjoE5YWkDl8mKSdcewRD8Yx8zpCUD35tch1cJRqHhZN49k/Dxb+HdjY2WOTY5sneQr+D92Tv6t+7vwcsd7Ywff4A3xkfqdg4bcsa/lrB/GqyXls+z+F8nzMzmG7FrCmH/AGEcBLAzxuzBnHY8vd6Pu4+j/VADdThIHjYYBDMeLC63ZTlp1bcXy5wvl7GuvboEV+L1wZXp/cnWlsTgZc06ig8tvPl8IujbNA7A4mW5epFOxu85C/6hdm8LJ5aQBP1sKJrk7jV9/wAsmSEOmnkCcnwfiVvD6p1imSftjqaBIRxKLxETLvStr6U2fI9tWQx3v5Qzs+v/AMSc+Y/a/lveyix7YMs+Sw8z8Ovm36v/ACW8QbIfEZMfxl1Ownz7KbfeWucwbYV02+Sl795AYgHxLVuxHAj5AfCEMYg3luM2B2zcYgTJLh5Pr1j7nLAtR23CuR0GRekcZ4H1KkGn6nwu/OSKfUSAdkzEWqphyMJYbBFdjmBmWx4T3yH3AZyGRZuSP+x5TeTMB8rRYx3JzHH6kcbv6mZAfGWhYQxdtB6/GwX7iNbC3BLhPpYYH1b+r45Zvv5F/Dp/Lo5N1A+SGVz/AODOwG+/j1Mv1ZpZ+5Ijy0Cz5lWccvE2p9hIu9yB82G/jmDctQAbGZ6kb+pzMPLmuEhj1wtYeClhM5IQW5+YSV3loYWx2SThH+lyHl9/MQzzIxBzIbQxsZOPZfLOYH3ARP8ACeyuPuWrdHPEnxs3EsAjsNyDI8h2XGQObyJwNXb4yLKTuic939Qnxni63IUeg9vP4/MQB5cgGMijw3Dvpa+4c6/hj2+Yey3jloru+QdhZl8H4fZw+JD25e/g4eQmWcs5L4htX/g/D6n8h9xmz7yx+IdceW4R3tl185DhLvkHmyjAqFmWRf8A3YgW04Cl5EMKyPSRv5uOxfCeHl9gLQx3fjJ5Fx/cB+kNetl8NSGfpGnkS47kUr/iGtEBLsRciLjCS3LYOyW6fYs9uZ7aJANnhdl9l4pL2VQhOWBvRgRz+ieSn/5pbaA+DySgb5LGSnl7A1+rpMWyB07v/ljPLeeQ6z+1mWu3zsdhl3HS9t5+4fuZd8nCdvffwSOefh8j2Qy7shlmJLeufV47KSRfEfuBeuRjy8dmEjlsmt4gN5Bkwa+2BB840Ovvlt3EBskSZ3DPiduLI07EjtjlL9yvytcf6/Ue4r2JNcmd8WU3xah9T75fGIunT3L9nrLXET9TIf8AmxnnH6uIMPO22d/McyS+SMngW3XkI679QBcTGWD3kjJo6b82Cid+bQ+Q/kCbA7jEAc4R8Pts/X4hzvOQsMuGOzBrfORgXVGuWPzeMsfhxO0fwCOy7+VJT4np+A3EuWzkpNuE7H7ufjYBkb+ELJG6HWwYX9mza/8AFG7qfHd/hcojTMf5MYHdmEGYPP5LrgwUekKvDI/C2+QvguJ3GDtxB0/Nv+Q2GOlyb9RgQBgYXROSah/y15ZFyLluZAGsSHe2j7G42ClueX23HZdZHwbyIXRrdTTmZbsCbloNiEZzJVFIr/ZkWLhrZo7jS69/lxd+oX6/DbBtnGPX5jVodgD4jPqNdC13vxKM7/kc9jGwJSMz9xJryRJdDYS9fyUsHLv1ZZEx7fMn7jPwLT4QiBl0ML+yPgv8uSB+rgg3PiU+o3l3kBnbwvR+Lsd2w9gac4MEOIRpY3O3As+W8mOsgLkKXL6/M3DbvxCZL9RNntqoyHjBjj2BoXL5vsFa7dvm00Nw6yD5tHd/EzG/zFhhMNb0ANgEzOZZRzfMe3SRchd25zXg8bqCgbFn3L9fj2fxqzkSe2FuSaeRu55Gj0lfdo87d+2B8yfiBfYJG/z8bDnX8WiXZH/CMSclL+NLTZRJYfw5PkbOxtr9SuPOXAQ6S8eVG2ZObDsAZpKmq/uDFnwPSGF78OYyRh+yHOnIFuSPFhOXKctGdfiwnOS9W/gHIH4n9Z76R/C3Rx1yWYIeFtDSO3+Wzo42AfEv3EYwWZQ4ewnetg6eQBWH1ucA4iYUv2sp7yPWfPbcljvk/u0gvi8SdRuxuR1viemQZ3Za8gkhly69bH3Y+7PwSyPfw/8AFZ5BfpEgpeOXTtw9uWWSXxH7tPi/t56z3g9hyEQbYL0OS0hsxXC9Rvy/4WQpzBfMhNlbgId+ROg7jcIbP5S7q04vGBw+LeamED5j4G3kN8ZOjs7+LfbNfu1QNzI5yTck/Ug3BaI+bq5cy+1kyOQUXbGqAPVjK8mHy05WV278zxyYD6n25B+CyUZDeW8tk5cr8CmQOXrtghp+oAcldjvthOQfRP8ALI8/BtB7OPk+X6hmOp+pF+bpKw+5m9LKZkm3on2GfxnLnyWr4nPqczhBoPiJ35nVtA9W3F4Zcrd4fiXlk4e3fSNfAyu4Pstli2l0ASuGYwHfcggZC+TryI92DmxpnzaXYDHTyDvkPokfEDLLnBBhDEuQIenLYvBy3KvhGdGdMHPJslm9i76CIOI7koeWD19/AyQQTHtmH4Fvi12DnbQtJCXmDGbJ21eSPxLseWC9kAyWtiXv8JQZz0nOfEn1ZvzLnvZds7rfO7Ls+3k/g7PLZ1tS+tskfQ9g2sS2Pz4Z7aPt4PzIIezXsX3vo6ToT0GQGel1g+Vn7gpDyyHSKN7liMm5uth5iybjZYwy26WBrMi1AZjyDkmw7sUeStuxwjtkjHJuH0t0ieR7vjYjQ/tyetsSNMxvmYeWGcL58s2y+L5mIO7aJkfveknNjzrc+ttPi0PLUH5/Cu8v/u3efhx5Gxj829l5EVW+h8R0HGl79J1k4fVuXzeuQzZ+N/CcifbLyXnfJBR8ZZA4B3/kBNoT4ux+IHj/ACBYcs/5BpEfu4hCB/q9hGsdBXY4+zOl762bZP2yOQ8tQc/dpgPnSxRP9qTiSPCP0Cfd6C21dv5aIzGNhLmcexHko5bRy0K0ELsfL4TVn8nmvz8xkO29PmDwQYW8viXkeT/Ycm6wh5Ysz2nxOiAL17OPzP0ZPts/d5cdv0WayS/Ua3bELW+YYufxPUMeBsCOweG3Uc+bOQH4O2NjbM3kWfgmdf1cTPdsrRw/9tNHhX/JywAY0c40jm5gtjmukGEfTCBHx/Yw9f8ALr2ExydGPJs3SVYJ+2cgHmPi3nh16ZED94EZanuMf2B8QNhvmJckLNszl5vhtMiWdsI08l521FBdjAfWwfitTBIcvImLHM+7XJfcm28v8gzyfbi9uQfVx1PJzD7lYUmQ17ceWQr5vJ73CB38ZjKXiy/LOLl83Q200P2LtEQMajcFlD+HkTZn38fH4b2bz8FkrM6f9veVCcLbmE5y36gOszh9Vx0YND8t5osxI3s2wsgJIZ4fSXZxhJjvNTZTAfk/UKEP7k4OfcZrDFr1Ae7FuMwG9vollP8A4DhMyTxaEZZxPVth2Vw/7Gdi7uIhukC6Y+oMufjewyWGQDHPJj3PUQ9TPwdJJeclBsvxI6+bW12PIRcI99l2zbDfY4rLoxOwX7CfgTl14TyIYk5DbPse2RZN89g24w8mD1YzV7kf+zc9Rnl8PxvxBOcM6w3e+/8A/CIrHwb4LfUeevnL0AJWO7smzg9lfq/rLtALHaIDa/tYytyH4cvOjkZZL9OfMN1xs/GGmT7Ln54S8iHyEPbtr5C98kCFd/kZYwa/7ZE5jhDoZy9bv4apfF8SKwJPeW7dHkez6GyKp2F67Zp7+Gg8tJqvhlSvn2HluwvzL+7T/ZXINsz8A7aVjY1GCQG7trvIOwfgBckLCPPybeXy/HxE+XzKEwwPxvbjAvTsgCt8XfQQU9zlyJDP1ifs9Ztvz8pMmYGYfH3J++RMF+sWUNfrG6/uxnd7E+4PrOy3+8m30sTx8QAH+XYd7fLdAQbL8Af7HZT9bCn02NjMJjyO9l7ZMjYEO2frIYfcnIQ+icPS9Ir3HOyEg+2Gcg5JfH4P3JAsdg/U4tZzI6cgCXPY/u/6l/U7+OJbkthAz9z7PJipRHqVIhnpMYFswIrZfDLJMA+o9jUmWqWOztj8fEeSWXjJXf7pNOkd8R4gHZEG7B9JUB3g8g8p3I3JD7MHRsP9lA6WZgQ5ydIAuvuMer1kerfJDRs3I2yxOyjh/jLqb/1MZpz9z7p4x+gSqT8tmAfjIEFPyRQOfNgI8yE38WFkoBdRHN5fXacG/EcPyhjk2+IeXxeH4yzsEOWv1d+YeyY3D4vYcZdfqXnJ77ZP4YZBYQctn4QZBtvzO2mwe5DNPoblWk26xaQC82AD5Ey18XXt5ar+APz8T5+Ht4d7HoIfuNWBjsCU79BsOGuPWpUYnXgWKb484sqNXdv45dfIPs2OHjqD2d8rEb/mx7kSDso+FSLEnfAP+2wWvvljfpDsW2n5Q7/BhbHhsoXGwZEYnxCvY1Dc1gnZM/8AtEtmuc/GEG/MITMfIHKB2fIdLYn2Js7HkJa+JrW23JVPYJ7ctA6XXkdsn3JMmOPZ+jHLdsySVOnxZMHLbmPjI8UH4CNN0tCMf1Z4gGxAHRtrV+Ib1jps7Bl8QXxfPLPv8JJ+Q9L5Zy+jI3c7YA+L+efgYwdOPE+7rCegPLZPg5BM7ICpMv1d+RsPPuMhrtHxFYg/UHABhJrO69IJ+DYuOMi9eWTNnWCObLmcbdUZ9THaeTVt3exjHhJhsC9n8Ntgib1y8Oz27O3x2El7y+bLJWVe2GnbFviFvIpG/F0jY97H6Yex28ZkmfMsIdIuaMxyZ7b/AHjbfq/5iT1nD6hqvPiWsdE4dP2lrjywj2yd2D8Z+f8AbLySC8ey/q3eJDhh2NLTmQ8yy47bz9w+XE7DtaqXAYK65MQuQORbcHB9ZbM9s5HJAH/tl10tKdnXLt26eXcZlgbsATOmQ/8Ay3TAe7Lrh87ZGP4EPIfBvGy1TEcfw2SPVln7nbHI9jdmEj8IGzh/br21dlzyElJN/Cc3bXq9Xnt8ey3xGjGng9tro+ctCumFHywMB8uej/U8+RztqQPIHdF+1OymyNlJxjDyNs/cGT+CRg+5ct18mEfnGx/Dmw5zlihXhZfj0bYBu3K3H7yUO8nAYhO6EIANMbbYaezbC+p+pFWNS+HZW8Mkeo8g/IbMAJQbNsPzL+fIhuTdLryOe/h1L+NRsQksvEx4gbZluky55ZtmT5YsGCW+Wd7PfLITZ+8vaZzls5KmJk5MEvJRIKYnL9zxDfDtxAbLsdCyLxgv4nyH9W6fjGeEdNui1G1Wb2ZlrBBs8gjqXlpPficTIWAwxIkANB8R53CydInQL5LP5NZ0x8zkqdMYtZKhplkjdR7GuhcIwVCFrwn2GvNlPeCw9jKGMJxuHEhTyVguj5M0W+R+7Hzc/C27el0h5bt3LxszxYPZfi8fkcy5fMHYdv5L9275G33cn1x8Mm6JvNlXcxdwmMM5ZWAOXJHivFtiENBxETeAn7tJR+M3yN3s9sZ2cHLn5Ak+rV/AifMtOty5APlotvX4yeDBTy1BLaRZp7CnzsvNkdHWKn1swM52JiF5oZl8BIkvysNbMNydwFc5FwJ+7MGP5ZaEJwWTdxhyTGXZY3jHhifzkE8l5+XxKn38CPG1YvUHjOMmTbPfwTJZhsgVNOEQf6ZS35I+vlpxkO5EFY+ra5E+5PdEs5xHkYT5vkJ98hvfj8EOPu2z2UMG/EmW/q0+23IxPIch/V/EH6vDha3z7LLpD3M58xIFR4dIVla8OZIO245FQky/UQdO2YN9s2jYjtrfeTNGDgGfuHIfwwEN1sZ4g5OTn3kJP5LfqF3pHpDskVaF/V1Ykfgss+5L9wH3fLGessG3ry7aI36hN+y1aLTBs8nye+XybbEnOJfl7GD6RTH5m1fVirztgkOPqwLIvQGU4IerDnC+k1mcM71mEvpkNy8hhv5RD2+JgjFux9WjzJgs7Zb2GG9vn8N5Gbr5eLj7/wC3Boe/q747BNIycrEAY16MBXRKN3CM88n2KRQNbK+q2zChVmMAMs5yCkKSiHn41NaP1J3by3S+Ih/Bdtl7kF4Y4p9h0nFvbhYWnY5+AaQY23llnWYjiGzEdmjvlnHbKe9uZfV9Y9m4gIAh8TZkA36YVT899kgAFrdun2GJUHJBfu5b+NfwCeH/AMCBPIWe2W5H9tyzO23Ty1zb120+Qc7LL6fbG2/Jsx/2HGI7EfSTXeSc6gOwUD4tT8IHi2Om3sAaMGoCL7F8J7Om2z2M5aPJ57fZAPCAkiujgw7zi5v3Zb2XL6ljPm+beT6l1uDlu/l2Fy6nmXs5jNb1mISI+T2bQWYRDs90iNEuMgfqqXHXz5suh24LZ2+eYuZEAGvwMSW77rFdWsNYBGYke+Wa+WTfH4vX8Ehf7GsocuyXPg/G6ZD4ky8cgPmesPJZnvJB25qRP3CROVzBmQ/t96zO8t3G6QuMuJschEmZDA7D5EuSAbto/MD2QuM5nssZeQ08hYBfi+meKx4D+qw6HH+SPxZdfj1+A5Pn401sG/i+fgXPLbLkZ+CwhgSvjl2SVujmS0QPb2yfSb19WTPMYBDPLB9Imln1IZQHf3LW/sPiU+QfEjj43Iw3YF7tvORvzezwlz8NsRjHD8E+p/GWg252azS2wf03d7OjuXtNZeMJXcGRuaayGyzxuZjIDpt9ZPw2sGzkbMzOSADBcg3L5Lswdut/Ruu6hGmDJndl7t+qVbA7cPjvsjSz4cGViRvwM6IrNfM3kb7FCDfBbdNMz9S5PY5D+Dj/AMtJPz+9+n4+Z/sZcyeieXQVC0tswm3OR8PIRJyHFieMY65l3BX70QpWpxs/4kX5rGc8gOU8xbB6dG9Xv46JMj8ZcyOp9/Gj87J23Cew/EO2aSMefHq+tMLp/wCyYH8GNWnXzsmhvsDZSHNEn1MOkuNvcfZnI7OAzyBdnas/mQPsKfFmQe3fY9ch4k9uIYuF+SC9ZPi4SHvRI8DHAx2cdXJsWAOaY2XSfjYgRHb1ZHL1jF3kP3bZ8/jcIfwC/sCA4gyPZM4TGTgbKR5az9RAzyMIWtOZJ4fU3PJGPZ52BCwPMInjc+iyaekpI12LamkuOKScsSkDkHLLkwzbl4x2+IMG8Qc2+bgamwwE1Vyxxjx+soSXfUDVa/hcrp/GdsgIF+kPYKFk95ZTr/yHyQz7dpLi3gQ0a+yThazsnbNt/wCQiyv/AMnG3ceW+ez8MGfauYsj4/cGqdztm4J4R3+oWaH1hNxO/cbvtnP/AIXQJbPsL97KzT2zObcHth8SMV4E62ZKjV2ADfYvN8lF+J5D5gBnrbLPq6T6vmfUHOWtOtqTe/MmJ9luAT4ZO46eTImJekDgLKf1en4PDt5vj/4H5HYc/LeM3yck+fI+db1kVd8VZHVo369nd5lvz5gzyIOFsd/Vke2svu2XTyVMQZxBx3shgdiEbd0yRBkeGHOR4jchJa6fF/1ebzWLrvUtOA5n2ImkeI3d/wDbMHw/7bPf8JLF5Dyn94adAT+Fb9HJTSsftnydoYhOgZN7t7YT1uhpbLhy28dsR3ISHkTun9WFNxuWRd7kVXeSyPeQ/wCUYLALKPJEkk+zTEhVds0d5fJyucfqzkXRcW/jPwONz8AkU/B7L66/qfgce7OT9lWR13w8/wCynTdkd8ufH54+fwHTyOmQZEhC4Nh/sG/uGqQMVf8AYYCCyloSY8st+V15f1LDtluT33l0PnLMU39Jh0/EIfYrxDz4ixvthbfIn5Qkj5l2kjztgjoc0vFiw0jj5t4h5dFj5tl+i6kLvZaLp9SKr2//AFIAjFByD9WbLltn0sodwnaoPONv/COyAGe3SnYkHo9tVXH1Z3ez0nGQNzR2JGtJhKWcgbmWW2/hIELffZSwE8fZkokfutUW5pKVZ11lVwd9tKb20+Jy+Y6ly2ly3I1YijvxGZJryG42H9lDXkf3C5GE6H1aYO3Iy8XhPfJM2BWyO303xGzMus5l1dP95C8xM36+ZgD48vh92Tqk7n2BeinbW/rLEKEg3/oYTjl9AYI0Rk/JDpP7gA2OJX4jwsq3FJYOp9vti/dMS8tl3yxVpn4Zo4z21NP1fNfiww8xl6fVnbr5sseb/wDAgfqPLCPE/wAYvp2CPWWD9R582f8Aw48j9ydvn8LhuH+yrrByVcv9y7A89bqbDra36/UzbH7vVvxAsGewnxDvkGmQ7GRhheKFnkPSTEA+LMMpiu2AE5s0XLmvulCdXTDOJchBDRgECGmsVgRPsJg/ugIXswCQTT2Z6gbGOEjOWJlGOyy7PvJqYf5F6Ri2jk2PEScQcOoVsZcsvN+IdPp7aWvxYLIkWIDy04PLRvu1rixRjGx7e8kyPiC8viT9fjfuQH7jXAFsN3yHv3D2CMSmCB+S/qXPi2P7ePZ5L8vk9NOxr2zTXhM3puvZLzlhJOofbbXyyEHXWHyvZ7JIRONhKn4wy/ufPOyx7eu3zBl2QvKhLPifbANoOhY2sl2GsCs5G8BsqGuXkyNsEa/cq4WZ5kJ05DRl0mVambZSt+WO7qzCxJJAELK7Cati42f7fIkdCiyZELY5AdAy8LRHMMcBbEI7+rJOfu4QD7hTfDy4Sivjd/8AoQdKZwxBhwjOjOGhv3KQqocEPswdkJjyMicR48jvzH7XB7YoHYb6L7B0Z6nk+CUVwXScxvfiED4uSbHH4YObv+WcXz/9TT40bW1v+35/9lG/vWXXTv8As99JEjIHk48n6W/S7Z9xH2DJsSYJFnwsQbAAvZJ08unTJ/lyFmtm62T6ykDZD9cvCUGMlWmbOmLljqkPfiDCt434lOfty5bvwJQDEfwcgIkSpm8+pAasBuifuskHe7BvNw82eNnPei4iwhpHd4hdwhEzIA+5cfjyLDZ9Il35gBNN3UOgeQkF7GhB8xJAoXDnb+TzMH5QJhGPshb/AKurTt3YMA4/y42t+Y8wQOu7YbmPOxJR3v4G79kZndkfJwA/bjM+IL8pC5vyuge/dvunsY8d+4v1YycE69v/AFazPvZSwyN5+QB2OkZ4bVjsOAZ4NjQO3Rk3XFjwI3CxwBX+2ATGLpTOG6Fi9gUJgclcXGm1D8W+XCITCWI6h8gLQOs97eYmN5rsmUN3UZnoQjwkSGThx/yDzQRcKjVwIg65/ZDpT+wccf7eAYuIBkTrGRl55J+QybVQK5e5kv53zZnRkce5HBWRtQI5jGAUk/M3JumpDks/DChR+TEjx+0G/GMNO28TR/BfUNuOiQ3cy2Y49lIeC5kYSH5tA+A+djQwcB+ZmI8Cha8WsBktLB+LR7BvsCoTDcL57XfJ36unpZ2DPCXfJNll70yxmWMiMBI2SIRPmF1ZjkHex1eBF6fLBqyBijCxeIsJ2ILMe5dhTIwMRPo4WE126tuzbHEHE6uckfJPaJB+HIYEaR9hBPygfKD6WjWxwXHNSmzcgTdsUeThvMrmbMbI6+H92iiv1b3ggbOFzAMFs/8AIdIWqZyA7UOxAsBljNnT7Z6uHGz54uR4uc+I80ljERpD5EEG31nJ/YOQagEdOHSTFT7d/wCQK3EfO+RkMXwcmh8mPlEfEfSb4uHfZQzO2h2w6ew3lk9kLi2L32O+eQt7B9Wr0tx8vr7G50tDpGHtk6th9xkB0XETEedtPosndP5ep3/lg5/E7ANT+7BB/cs9egg807z1aQPZvvqbikvRIwK0zxIZXr5jKacfW3/+0hzt3h7CN8LGIx0cP7JecSW+t/dlYcyL8kocxvkC6cS4kyTCB0TE4/7BGHCzCJB/EWd4fzduMNGZp/SFL2CxbaOY2Z0p83K5PkOjIb7AL7LEPH2+MfD8AI+/xDgMmV+oEfbrX1gXfHW8fB/kMYXgMGXWj+IB0/ttSCa8NjOh2d5M3nYXYLA7CFyCbN/DL7O2Px7M+kC8l9SQPPI7yQ3aOW2mdhrI5kCRQ6MvXt+9/t5URROrV4ZLhI0xtwCvkWUrrmf5dlVgzrCwc5m9llymRGgsQpeLMLqB9h0+oy+J+70CjsX2+M/EQd+LQHFkjH+wc4FGxlr4YuZpPRqCWLYUUj5h/WMv/wBojBB/NlDwJbF5Fae/F+ithRBet7wc9tuNQ/iJn0mlgkQxk5DvLPQ4R6P3ZhbDl5YQfVhxuwOBr+7YnQ7K8QYHslbF6psfAFkaeHwWqyb+ISrnxG+Yc+YkI/5B1C8oybKBunDbGaEx6j44F8IZdOuEt9beTZubsQdZVPU9hAUUV+kYnpLyk7NL1O3KE8QbyB4PYg2xNP8AtkBZ/Y+T/wC/in1kw/A7+oENkQ+UQDD+Rxgr4ztu0ywVZsoPgx3vZAwH+Rm0SQwGB4YA1Z6rkh9JejsN/S2b7FcbI0YfryDe9s/FjwLf7I/ZBbsEwuzo5SPYBOb0WbDj+7goMOpMfm3GeQfK3g3SfwRZGM9/B75CxNcv+xIYWGJEwsPvy1TMQcPiN9L8sqRqlgPD9QDN3WIF6TlAZJ5YR1AkkHS+9WF84wGxnIz2bCacniQJ5fiXUfI+lsL7Ma9uGdutfFrEsWx/hJ/qIjnGwMDfu14C3IB+LOEGG8DC6DkLqP8Aix8GWMNIhmK23qYm6JwJc+LqmCNR5z9TgBkM8H0zQPF0rH6lI3ZkByWLW9RuYLJotEhoeSczY+e7dLeSQGm0N6/Ul7Fld9b1bPca22Ju26wXMsBnnGwGmymxZyE1MYS27e/Uh5llohmNh8UgHJ9RZmeG2AO+kezqRHq2AEHy36Ia6WeBdDnxEesjGt7i78zJnsrtcu4YUvETj+31EY9Z9uEluuS81FtWPAvW9hvbPAvLqbZ4GDj1HhmSnskZ9RGQxAcJOYusKH4RAvwREKDIQbA7+5T4P7BuGMBa8gclxgbY4c/yQ9EmEyYMGQDTM+bcH+QnkXkA/u6HB8mHQ/DlnlmPK2YDYubHQq5LHvZE4qXyZqzTqZ8DYvEu+Qb5UCTT428DstakzOGwfGXCWcSeuG/d3eahzOWqNjyGOZyfoxgDh83XifGLVqrwNx5bzvzdn1+Aeey7sukuHzHvaAP9uWPrPSkbnk3vrDjF2I8vlfLkszfEm43Yj5WFu26jtQCQO4wgm7V3k4Ts5vSP5cN2RdSBd5DHoW7vkfnV6VCKmWaDJw7Fj6LlaYScf/LVn/3lYP8ArbC6QOoREzx8rKimkd8HPgmzozK15GxQ+/qdB+OrNN5XwhP3MeHfCH5L131LxWVBOSR9ZH1QDo7MeoB3pt3CWmrcVd+8WkMk/wAn7EYEDP5a7lnE/wDJM/8AzPtwknDX9QkMcnLjHk8k4EyPxctcOwrjnbPfEiJ5yc+5HxK0ttrPSEemJNsS8s1nAvIPfJFzhF9iwbLyZnYZ5CdexrrCyYNszjxvknJoGn4pkj2IjwlO0lMl/tu6JBPofqGIHWw7/wARTE3GzvlKBST5i2BjL9tjgwUBxobGpDFNiDJH0LV15jGGpGCZaOXW+riCU0FM7tPqBxX8aXcusHd1n8HLCaWwwd/ZMuRMMnmA/tyfBZQuPmL2MP3AOyXC0CLPqQDhrFw1tuPqAziU3MRP9jkpKTOROXEcYM7j1YXyWrHGMua3HByU87C9JOVkHx23CJyvNu68tz1ILuDGDAYuMp/Y1fVq4BOLZ3XYQpybHQsffP1EmltcuBDjWWzx+7oeiR9BAOdlkNG2A6BHOz+rDSUkK3UolFukq0O3EPN+Jnzz9zHIdoJ9QRxAfq7oG3rmSkEf22mJX7jGOsI+v+SPSYDd/pJI/wDYIa8iHlIqAB7IBb/kJTDkgOrP3bhF24IH9bPrAkjQ/wDuAtTt7oP5b4RbR0f8t8k2cB+28g1+o04n9ihoPt6m342XGdtdmWOg/Aa8y3CgvtGwGyrztg4gD92WUWVyxhnG3YHLFwSHAD+zhg2BvwRfLSwYCQPwhCGF3vc790injkBQP/JMF5kf6KkF4/kdqH6h4JvzDdWPljLd5bof1eZRftaZHrMnPJ7fUxZjs8hzWs6rhyx1efcHUsrKb27/ABvkAlGIPkGHtHwP+SWAECjnr+1gTNsHBESdO/yxAD/J2Tf5F5xv7tmhX9zLfH1fGeXIDbCh2Lv/AJWfOP3cLp8WLRz7ks1tjaGQhiF1AyXoytu5yAxOYxhZAdZxRl80YRwOF4XLZurlIIxiR2f7HxXGCCWXqyyenJAa8h4nL2wwu/jmprBheAxXvLia1GNOwPvLFgzmOwwiDrt8htqtk73ZGRFz8GBLIwG3u+rWbcgT7LxUHyYg+IIbLzvftjRbn7s68QbFAGYGO8gg2Lr+Vu2kyzJPHzOLzg4f8tgNfqeQIQPb2ES7MONmC85bH4PmxD/uBwgQvGxTVjDmVmYeP/FrSxauP7sF3Gl2hk6ef26w/wAkOCEwHNNT/Z37bGvL2bxsQgvrbUR2K+jcEZDb8/V4eR75McT/AHZNHI8V22fdabySbTYs8QD8f5JwYvzy8frD4wQDS2G4dt8zjbGY2cfG4A2czB7HJztiOhCeyzEHDTf7cc0IHtP+2qvM1OE/tj4m3ZMGIXcz+zvD+bDO8QaKMs26zrr6Se7mfFnfL7kOxX6QVsNa9+rIeKcs/esHE79So/SagmyDJ/k2NwmhwEkwx+0mghv7iywzWLsvqFG2t3peDckPPJAngsE2NgXqRDq+LYnBtSHb1HC5jFs8zk4o6SURhdB3cQBgNTfSSp0j9t7jlhPU4vqaBLQGCoknTW50dTyZqWP0YA8iHDKtiz/yL5oQeJ9JAdmw2+Za1YwdIs5RJlk7fU5Io1GmdHYvxkNRdQYs6cnhyCDqnZSkTHjcEuDr2A31m9X+R2qySBOEfKYg67aQhZV9in/3yeqy8dOSQ1t1rkciJdWafS2w7O9Mjjn+pYPtmuBaUBlFOJaR0XDWv1YuGMT6gSKqw17yGn5vsYn2Cngsp/smNng5toXtz83gW8lLAm5CB6/VovY8bccmwYCTNLD8SMHCVvqF1gperHBFtbsspHJGtAgd6IsNIXIn+Stfb6ncTn4w6prOODf2Wkg3fghz5JTxyz1fwIyNBsRpGEBN9P8ATO9mQzpP7AhGWzheCRmO6h8nZhKR6/jQjLz+QcJyP5khDSkYhEkCEsXJbEpNsQyC0YxHBsA49RZoJJ2O/EjnKMMJO6bjmo5rmDdQeX0Ik5M2xBCz77j9wD+SgECKA6y1hJ/LfGfu8sCQYl/lgDtk6JMPeRsC49icBrIHX3gSGuxubmEvtP7+ONBDrPmAS+rmoLywlN0tdP1MJqE3EsZ+4r6LYPUp+okjm3KtXzPR8PiAA9Tvf+IoNh4fUqvY2STMYEfyDQcsuDyQEYfD7sx/icdDZ/gyU1cgM7S8vWf+wJSDsiPqS4DJVTercpOMmx82Vxj+o2i7TZ8mxhVIK97uzUzBpuDriNHDyx0ht9ovCSDGDrCFHjdAdyXY9lYZHKcsGdfu7HuQA2aRgb6uvjLIppLusDyKQvs39Wa3Iew9sWLzTyZZ5NMbLBS7nxZgCwDkOmhyI/yLnnlsHI6ojz7s2b2aNTYn6klBT1avMOdmLJmSD9XBZR2AmnFqNqh0Nspu4wrDjYyFfHLO+ZGkxOdurHT4sIcSP68+LrPZIddMxx5aosEudgj4fzdOof2Ch/kxtBDPvFBEzqRQQH1I3n+QukD4Olh5p39R4y6ia3BMEXvllW8szNtNahx7cGg/clnr9yc0z2GP7s6sQ2Q9sj1YJQSl0hTm2k9PuGBgbTCbAMn2RxjmP3eAO/F3Iz6vjEt0Z+7Gu8i+W3cPEMZkiGJCnL9JAHgSa2PBPIA0K3YcXBA0i72zB7cSjsaB8Wx4RXB/t1glhmEkGTdPd/UUUZKAYXlqIycgQy2hL8OyChz7bMvn4WuxkBBEwJ85ApdWzK0QMDr6vlBqRz4VvztpE1ZnlhEwrN6Tto7BRrSRSmt8T6j4MMjK2pBbi2wWFh0bM/p8whP9GKz3+rpKrbBUlCE+bWXLVn6IH8sS3ZvSnyMW+6tsF3QS4XloEhSez1k8zgyHIX7Nm58Qy/yERaIS7A4Q3C2fidg+uQNCAg2VdOQhpDF4YO4wEakvHsk2Ouj0hp6kFBmnsPrB7dkAzAIh3bPvxCpeJ182coDH4hJziQnZXwIkiX2MQ1X2AFBtpBmPls53y16YvGc5JvAsHGjnk0W18Rh19kyMTPqGI6PqGXN7H0fEwfpCCFPphB365sXwGpN5grAx2Z4TOoQoFB2dHPY1vjK1ONhTo7Ch6OEv8EGwCA9A2W/uQd8+XOT7S7MxOnX+Q6//AHkO8ZOcxk4d2fOsh5Cej5P+Ee/+iweifyROsa2dhmVfB2xHOSz3JtPWSRchtsp7cWIX7kw59g/7JiclP2JzlnUbatYDTmTAzM47faTVMbnp82+WRpAXXsWj1ZOdsodTvBmQN0ncFtfYC0hs6mp9PG3Eef2JhZZg28dz+w0o5f8AAkerPNkNmdH4svkPvxKbZz2viFuDD8Mem6tgp0skMhG5PbwHc9iHxf5dAfj4sDvkRbENYdwVG5HR3EiLGi7/ANvsTf1JzD4fUjUho9v3OAzozrbXFPAuyPX1BCA+2bBr/U6QpvjaP/BDi3jfI+x1JPFDQ5Fxcj4YyOphjhI4MtvXsQAwWrutmdUsHL6Cllu5z9xod84fqKQSMz1skSyOP8jPOWFM7ex2ahpJ/wD3ykVETWmsizAbHLutghyYyOs0HU+0kjcwAPf3kR3F/GH7CyATOaGyKFbGEwned5HwYw9OT8GXwBAVzkny0g9e3ynZPQLPij7Pbye81cnPDs+FufcQczs2bROkBga7hJbl562AX+JW1v2Lgh+gRFakIc7LyofcQ3y8J7zEoXPmSCfpdNGVC4u7D4Ng8cJsWd6Pxw9smfJAvyZbh9iHvlzP15MB04Q8wbP8XcOsrAhiGCnddthvHxIHcchXE1hqcadhZdLJ3mfFmgTmLgw2DMXpJ0Uk3WkYne6h1iAFsFzPqIaJyYPyBRfmIEY7wKNwIMfmFnrnb3rHkyTeFyBBZkbp3+yr/wBET1RNgaWsdlsbtQa57b6MkRxsvGbJ7FYx1lsHuz8HW0EQe7C+W4cfSJLG++lqH7tMR05ey8lDvJfH4WHTlk1UnBKLK4ebFBgQZ9Pmd0W3QSQoGyP4MnRcPjZaBwl6f8SaEfKKXofiYHOZEM5CgeooTpYg4eH/ACVbuttjDup9HwWB0kD1gSTwYPKGxG4ZYyTwVwhv0TNTctZyepyl7fwj3Fs2kYwjFrCYOIYkGtvTJbHo+JG+ksENvi+5q0ZBH1LGB9Wc8n9sG5f1svb27zjZzXlyDa2Oe5bhhZlvG/u4CgfHM7wf6su72K7TkBvUCMMP7A4EnHxD8ERRSd37tKMQ1ywM7BMLxGCdeJXwMGxOSaYcslFcSaWHUduJ0ST5UkjWE+ZvPFncgYr2XEO5OcTkrrX3bPMd3Z0vxkWd6F2DrpepgiRdJwfCsxoPPu2G78ckCWDpJqcz7kxHYKSA+Rkh7J2SV9y0G9LYoB/I6cun9u2aMMPtEge07N43z7mTNtD4vO7Jqbtrn8JQCaFp7J+BkqFJ3Q25LcsB+IFYOudbPzBNJ1zyKxo2A+EA66y2QH9mftJE2wtZjC8E4GluiORZ+EBmYGoiHoG08NsXfEDu07vi9cv6kOrn6smoP5DtfhhTvpF3UxcaIMqwzvttEHSoRbNQ4ivMrKeTh+rPhJ5xP3AidnDILqb9WvBsaD+B/knCv+RhQNkeFD0Hv2zK/llDSdgzfmYHAfU+fH9WKHHuRzvOTcL/AN3U4Z9MQMiMb2g/uDnViRDDLRCAvuNOHYxH6g79JeZuy14kblMXYJ42D95ODrBI91uELMuuBaIMLl0uT3s/uinYssidZB1/kbBk2vGM0/5AHnkDsMhTAtlOSxTn1L3OSUzBYbivzJU3Uzk45I+J9sHxH8ucov7kvRIBoUfqPIv3atSBOOSPsRxRlPxneuQR8X9tpxN4df5JfS3PYtmge+SZwz9E88a+ryGH9QADb9F7p/yciX8XiH/LgmsiNx/V41/5JYZ/pPTUD+QhV/kRwP5dQxmNTdXjZG5/t5+v9sfrZDdbIeE/cp10/kJ//CMc4fyC0X+WjQ/ZO4T+JnqE+Y0lH6C7KWaDDW8xfNvNNeEfJnEcO4blWsDmSAjSbAFycG+QxfsUTn6yXQSaJA5AFTt/HD9WH4v3ylam5BAfN5MGiIQ9JnDglFdhfRLhxzEr9nWByWhNNswJwHy2GGQGUU1jNflajvI9B5ZtPZLw/cMMN/sC1/vYUf8A0hOzY81mCX8iqDP5bPP8JZj+urYo/wB3uX/Lgi/24rmBZhslXJfiN6x/kron/YwGpMHefufFSwww/wCSgnOB9AyddAH+Qy+f8lmD5AGuWl9z/IRE4eOwvn8JBrYx+4LMk7IttCdaXbGBOn6WnIDnFfISbrsstMQ72zV8gAloMD9w0o3IpMFgakA11ej726NufHl09DPZ4s+PZ6HscA5cnUsyvYMXyYnHLpyW5fmVdAnzEoDts47dEZKmp5PdAuTz4A2yffu3ruPwQ88cZVPr82EBxI6cxG6U6EF+p+hz9WYuAfDL6+Pq8+T+y5gv5L9F9FtBf8tm8/tbA+v2LD/jIZgfzLsd/BOdv7PYwsH2NkI3+XKOfQSPB/l9Y/5IftB8OQD1Z4YuweeWncGIHlweWHpGHycE38ITfLxLhlro/g65L+r+YP1JsYOz+rY1+IGTnskbzZEQhH8Bvj3ZwHRAwGad1+JM6+8gmZYXRi7GMiBIGREkwzftg/c2LX3llx/sAnp9kgL+psPi54yyJCM9tmsD5sx5K9bDh2DOduLR2GeT+RPYvbhDqM31dcip6YHE55u+z7vgQoQNcAt16f1ZQU+id1kyI79bGGJ8Gl3cj9wHF/oRxgP2IH/wo2c4/q+Dcg3ry2NdQ7uM/AX/ABnBH1vYSaySlt295rhJzuQAgJMeQbw/Ak5GS7+PZYWj2fwtuzJfwluQ7P5fLTn4CiIaGdcFhKc+rNv/AHHfaA4uWcPZ+WhcKGxzb4WwGNgwbAHxZGOy6diDpDnPLsTy0e749tnbrPu2QDixbjDgZ2+W2Eb0bIBsAD4bLB7aHLo+kmzrZ/2Fm8ITqPqZLtn3yFA8/Upw/wCR4wMJ7z6/HByPIQkbUcgwB5fqiG5B8uWTm7YVy5tuX6zqaeSn5gU9hwEIHzLsf2fYNsx8hdF5fEFxDyU9/A8iN+Zz6lTw5AlsN73GN4wDq4Xm96ld4QIPiLzxuT/Yv6gxBGLj8C5aJ+Et5jkIDn+zjZk59Wc1tSBgKETZ7Ojr2+dF4ibKHTLTxPnkeocvPNM8cHY3TxLZTqzHOQ3OJ9Z4/RLkx55DnFd+5sd2eLrYez8/bwElgMuX2WECEJReTgtI8tJxgnzB9hLu3Pi+b++WD5MSuM/FOHklZG+', DATE '1996-12-04', 'A Coruña', 'España', 'bio', true, 'ROLE_USER')
2017-12-20 20:14:30.939 [main] ERROR o.h.tool.hbm2ddl.SchemaExport -
				Duplicate entry '22' for key 'PRIMARY'
2017-12-20 20:14:30.940 [main] ERROR o.h.tool.hbm2ddl.SchemaExport -
				HHH000388: Unsuccessful: insert into account (id, email, password, username, name, surname, image, birthday, city, country, bio, privateAccount, role) values (23, 'pablo@example.com', '$2a$10$Tt.xX1i5lzepgcLs1wNH/O3EqLA4Nxy8pPuhtB36Z2lEg2TeOOY7.', 'pablito', 'Pablo', 'López', '/9j/4AAQSkZJRgABAQAAAQABAAD/2wBDAAYEBQYFBAYGBQYHBwYIChAKCgkJChQODwwQFxQYGBcUFhYaHSUfGhsjHBYWICwgIyYnKSopGR8tMC0oMCUoKSj/2wBDAQcHBwoIChMKChMoGhYaKCgoKCgoKCgoKCgoKCgoKCgoKCgoKCgoKCgoKCgoKCgoKCgoKCgoKCgoKCgoKCgoKCj/wgARCAMmAuADASIAAhEBAxEB/8QAHAAAAgMBAQEBAAAAAAAAAAAAAAECAwQFBgcI/8QAFgEBAQEAAAAAAAAAAAAAAAAAAAEC/9oADAMBAAIQAxAAAAH1TZhEkLGTEBkJsVMEABMIE2JjWMlIQwTGJpiGxMATBDVAwTYDTAHAMsTE00xBpiGgAEpIIziRU0kSaVDFSkkBiqu2tMVN1ZAnCoKxEFJ2RjJqiQJTigpMhJoBi9EYgDli5CJSITalTZYiSExwmAmNUNANiGCYhsAUkJTQlh4desPC3ntHwuoaRghuEwoAAAGmIkhKSBMBMIgyKmoRJWoYiGCjZWYIWRqCnGFGTqttCUikwEKSJuIBIipJekNSDTAZKmAMBDYgYhpBpwmNUMFIABAMsHHOuuryHmK9p5PhupwixiKs2862PT+g+aM+zafkn0nLpOMgBLJAgAMASYomqAEQEJpwAUJoJJhXZXWKMokU0JSVKM4iYJEkyuTATYk2sFNHSAkTUiLGoDhMABiGAmoBsTAQwAYhhHgnzXU9NyeW6IyVIZDLI0h2FWipkJWVEvS+a6cv0u/5fKPqx8o7B745vSBihgCTFTBBNAADTEDEDACnVbUYoyKgpxhKQKMkQjYWRJMiNqlIIDBKaN7CAYDTEDVSTkEwTEAOAaAGCaGV1Vpq835yzHyJRpgElZGojmtlQyVj1JzoQkXPSzJqqmbeZVEvszSOx9C+Syl+1P5N6SPalNwASgCCYIAAATQNMBSoqtqjGmaJBCUgiNkSSEpFRG7EpKIEkELEbxkJMBjABWBCGlBiRkmCaGUTJGXjF3F6vk7FwnGgaJBKrI21xC2uVVW0zJdHmTiqVeyt0cDJ0OZQTkVS0szK2sAa9X6T8i1yfYjkdeVDUA0AhRpohgAAN0qbqTGpIQykNIAhpiiYkSQCaIkha3JJuYQmOhMhpigECkqSkgTULmLmV2+T5zz1ehh5tGnMNGiVRHIhKUTTSEQQUnKyKzVenMlpiueWnpHKs9LwzA466qn2KDjwvzEooJII6H1P4564+hIeagYgAUgQMTUqTTDPozmVMqI0gpIBqgGoNIAQ4TREYqhOJvaaAyENgNKAQIYk0PDu8wUdHoeR1OFydGYi0EhMZOFXxhoKYuAOMgtt7kc/uei6p5jZ6KZ5KHrGvm+l05px/B/SfFHjpXZjbDLbVauRSSZAYpfQH1XufM/peYKSlEwBxGAEoypMQZ9FFZFIIsERJCGxKSBjojNERqENCUlW0ZkAwQ6ABjUIaUQ4r872PPnoPnnp/nmoVtU03EWipuveYzrcwihj6c/bxzPRS1y2XU3FjTIEiyMpsyeY9bxjwHF9jyjztl9JO6i+q69GYcAVDRZ67x3ck+i7/IeoW8DIBiTBSTppqii/OZgZBgJpoAxJgSHUVJQRlEAKUbIG8ZCYCGA05UAqUooOEjm8Tr8ZPOcslWaDBSSoBBJM10QtKtlPaj1nSz2w9WWS7dOPRGkpdXOudk22U87p418l570/lUx06Gc+rsYaztgkKhpyqyBG36t8e+snWUlKDJCMkMChop576EyMAUkoNAMRAxoATiMAiNUKUTe0Q00A0rTITAE0Vk6Th+R6nnrKZV9w8zG6ipISACym7CWmvpQ+9TvNtuS2WdlGqL9FNpbONhOSnoSQkcm2uXyPmfceQriwaSahTSpcSUUxMStqZ3fpvy36hJcRnKJkAFDAFJUZtWVMrGJxkAmA0RYDBiJQGmiJJUJhtacCkKk2iGpQAQIOV1fGmHibuHZohZ6w8NX0eaAFEo2krqr4t6GToHW3YNojPbGroZN66LamuuWVSbJcrNXoHxNxthCwp5Hars8HxPovjjhY9eAUYyoTUrB1J21kvqXyj6FHqL898SQxMLGmSpip5deOzOxQDkRGCUkAwBMEAAERggK3A4BoTTgGERixBlXgPZYzj+b+n/P7LtOjgpzMNlVqkmK6rRI7qp26ury+nHe0ZNZiLKzpa8dkunPwuAey4vlaD0EOV0a6HpeL2supr5uk6BXZRz+k7Pmnnvr3zU8+tOaicLZdET39cL2OfnyZeR6HmS+7ty6xiYAUNNAAMmzGVIBSTUGkQAmIAYlJDQxMBJo2jQSiwaJWmgjJUmhOBsxdaWPkfSWHk+fZGzzcZwEBRqzaUloz6yV8FL1N/B3HTrxwOzycmY52fXqMF92Y3d7gbj1N/G2m3Tzb5e1p524ubdi816jHXzHz/s/PRyNebTb9J38W9PR34uoeKl0XLyPVfL/qGaxiAGjEiQnYZNeWM5KIwBiZFiBMAGJSQmACAUkbBgJtYkkiYSgAlLKcnp8/eZt00ef8Z9N8xZ4Wm2kYFLRntTTqwI6MeUl6t/HsO5DB0Yvt9F0zxGL1/lDj0WwKd2Ur6Zv5fp5eH0OnamDbKQSaFER5Pxv0r58ecJqul6nw10v0j1PzP1tmqnrcyXxP0Pm9KJoATKAaAAZdWQqTQAADIsABAwBACYIYCA2gAxKAI0wQ1KRkGe6UQEEed1Kq+NUb8Fk6yURaKaskVysgQZEn2+D0I+rdTkds53H9HkPmnN9b5Uv28vevrux5j0cdHRnvJzquskmipTrMniPd+KPImqos6ff6B4S/6N4Q9vowdMzacHQlixVJJoNFNxcGTXkKkwEwABAAMEAJiGpRAcQU4m1pgAoDhA6SkoQARYCUIsSp0+d+b9F52x9Pl9OOWBWh1yKq5xLd3M3GLZl7R9B7/m/Rw42Bh8j7yg+YbfZ4lzdPLDLr3cfYdLRh1Vaoqx1yrKvOej5h4DD2ece36PL9BWnj96mIhnKtsZSgKhggMExkcezItSkhA0GMSYIEA0CYACpMSKkjcwAGqBohkqEANABBVajPK808P4n6h8qse7D6k8v0Y3xyn6HgFdilRKytKfU+W9Gvtu/xO5DcWSRIx07q1w5OvVHKs01l2vn6V2uiVzKIEc+qo8Zw/S8s9H3uD6MmOkPnV/nZfrV0ZEkIAKaaGxkcmvGlYmKSlCAoSapSESZCAoAECAYbGAAANABKAAmQgBoATKp+QfYvlNnF9T5W5e9q4lie35nreIfOJES6LiQ7HG9CfQerz+hLKKrsunmsLIEBqU5aM/QVcu3VCQmy0EwhYjznP9RkS/p+D7B6LyOLxCv1HmPqx121A0xMKaGAnEcmzHZVKMgExpqVCdgCAAQ2JMIk4iHEr6fyP6cbhpUCRgwQStAAECAACr5f9V8DqeNs39SvL9m/18cz0e+g+WYPSebtnFwkj6ny/ZPpPU8P6iXpPn8k9ND57ee0WbYQvrgmyVF9ELEUxsrE0xgCzaMx4bqdTQvg/N+n8wmv7D82+nkkyUTBoQwBuLpY9mMgAiBgpRVNCMABSEpRGhDExAj5b6jxHQPr6z3jAlABphFgAEAAgKPFe28nXj/Qed9NZ5L6v8t+vSuEknk/AfWvl5niFsbqpRv9F460+h+fzbou3bunGi/HOtSzMvvxaauikjhKIhoYIWa7JLHTl1HhvJ+3Vei6ilAChtNQTsBgmnUce3ERARNkIcaBsiSiAME0JyCKkhRkj43Ktn0v0vy36gSGiSBRiEBDAACE0U+H0fM15TVwvZ2YV6/JLze9b1or8F9C49fKY9jkWRUkRUoy329ew6XsfFeny6U+QzoYoYDsX+L79ejlg3oRChOJKBVK8dmU0ac95xOvimdYCgCAGRYxOLsGmLHryLEAJJpFsWKahMLBoGhgmgTQk0fGyu2yX1D5b6ea+kpkNAgmlAagFgMEBGaneHh6/cePs1+l+cepl9BPLrEEjlfL/snn7Pl5ZUtbbt9Ds8rCTr5cUDcqvRHB1+67p4bo+uoMHZ5mrLTKqVSQkjlt5E1ZVw/Rp0JtVQStq8TQAlBpWJommjAqGbVkiIKgGJilaAIyVgDEwBMExBRLzS+BZOyN1BH2XZ5D2AhoCUZUxiaYmFCZESSAAUk6TCGACA8L4n7X8ts4rK7SNnYOX0+rrk2+i43Ul3zwROhXTIgSkSsjMImEr8teifref0yyucCu2mytIEikFqGpRoRidgwIZNWUi0xDBKQRAGJAwGpRG4g6rOEOOLrL8pnJpozJnoPp/wAf+uFyESTUoNWDTlEMBMGigCAAAYmMQAec9Eq+Iw9Z5SyXQ51sde3i1L6Hf5P0Eel14+vFls7KougocI4Lb/OkrIdO3Wi0QsWZEIuKTcJg0wBQA6GmNDK82jOJNK4tQJuxACGKJpAAGZTLxFI0dDJsr5rTTZFsZOo/Wfkvs49y0EkyVAwAAABSENWACiahuLAGo0rBNFPyz6zgPjz388npx7Tf6Xgd87uzma43PM4srrykOAYK6Heo7Nld16MjnAsQSxpvoOiJ2ANRMkBqgAbQQyas5FpyxQU0wJREcWCAE1Ij5fq+dWd0LDqaCs+Y201WaaFcmfp4LF+zWYd8JgACgmNSSJgDRK0yxASg0DQAIaCkBl4/5/8AT/mGj24dFdTZzSPT9DyW6PVx4Sjs8Ln5C/vV+k0t6NOuxRsjGWrVWtbZEc2mg1XcvpVNADRDEWNDBpkMunINqIxMYAApWBYRklVVvBTm56tFui/P1F6vN62CT5KrqbNNSvFGDPY+/wDin12NwMQEDTtAEGgGmqaAGkGKUYhxaBCpqUI5/wAh9x4elZVKtcs0pdVvPinTqw6ifar9Elvczb1tugJNRrLKSKuDjDpnAxSMsdvR5bj19BOL1qsGkBMYBXl05wQCAGwUBIxA04y5vI9PjWvXVbZs7PI7hu5HX40nyUjKpXVOLqpqo/Qvnm6Psqx7RDUrUlQAgxAwAErAkIstBEClAdHl/D17vynHpJSUqi2hiCTjIfU5eg9/1vP+rkq2ZZLfXnimyqqZZKq1SEowq511nhOcOqruny/0csR6fpec1HZKrbGhleXTlE0UwIbQompBp6PHr89HHjXc1dbRuTb2uP26n5z1HlZPl84SHKFhZZSUpqMeu+hfMvphZGSlTFZJAAMGmRBLIShoKYcmOh8953EqUE6SaJNMYNQYiYDlGR0Pe/NegfTI+U6EdWdOpLrIWEZpqRUUKb6VpnCxMPo/P+gXgcLqc42ac1sWbMQd2/z2yzoZLIEWmrlAGIGCRuEjP47s8CWVlOq3RqzdZKu95zunQ8t6vzCfKWmO2qdLTmtIyhOO99J+Ve8PRAxAAwEMABUNDRgN/O8l5Q9L5WpUIStNIAUmmTcZQTUyBZEiwLL8+k3dvjdaTt7+L2DZZVMshKJCNkRwsRQrqDB3eGpeVbRcaLYzLb8+1ISlGq2oy32cl11ni0k3BpIEFVnCOPnE1ZqWipd/HCS+3fyz0fmPT8CvkEp1sjCVzhKicWaPUed6MfT7Ob0xDQMABiT550cHjfMHqPKVC1k1UFJEQAQxDSg0OdciyyqwukamcNfRzS06c1ldjqcLoydzpeZ3Hcv4/TNjhMUJUmhzCnm9HiFOQzS2bqNaTvqrXfLBpNluC+pxjCQdUrSMZk7BxKVDqPkPR+aK5m8l0cuo1XZrqvtzWnQw6keB8b9v5SfIzv8AAJiCeii832xsj0Psvl/vTqgAwHVzvBnb8lKsqVqqKArjZWRjZFYiZEaVsJFGaVOLslOE10bObqToVW2y8yOymqtLtSW7HfJ1+r5veeh18vfLOiWM6hy+cdTi4qy3TbqKpzkUX22ldqSScGrhbCqZWVwnKmr1CRO6hmiipnOyerrPObrhMFu4XLn6WQzer+b+yOvFpOX8s+z/ADs8iBT15Np0NFd8U+k8/wBM946+MdXyPAykqyIokqgWBVHVUUxtCqNzMxcLQr0VEmRc0sKtiTJKUVnOpm/Xx5HXyU6JKpaZmFdXacDb0ZnU6Hl4R6HFyq615zaYuzq2RCN7iFVsR3QlVirCyFaLZ5rCSiiZB1dCESV2WRdSo27L8tszZi3RXidHidCutXTceayek8NL9UixleW9VxD5QTVG3Lsjo6aLiu2FCdjz11Cka7UJySosjTq1QXPOdSVubWBKlIxsqUakVx01jr0wK9WCZtpt0nIj11LyZ9FVlt1KTNN1mx45GiFdop6ugcvpbdhDS+cdSnl3mjoYtsUqdRfbkuLq4MjKuRbOiVMhBLoutbISkVTjYQLKyUlKnfVcmXjd/lLtuxbSrw3vvMR7RwkkuT1eWfKIWxSWvLqXfdTNFTGKypupFqybh020jnXcUV7K6qd10YI6YFcNitwU9PKmabaynXaTVrirB2aDDu5+wp0WYjqaONedufN6CVnSRx59dGG66I9XIqOrmy2lU7bxaQNjosliraTVLJJbmTQuy21ZZTQWFYWSqibFnmilCS3RUDS4QLpK0zV6Q5HQoup87rZYu3eY9OhzOniPkcL6C3Xl1mqFc0JK9aq7IFGnP0jPOvUV3Pec+OkKb815DJuyLGyqywx7KFyV30CvhM0Tp1RDRjtKoORsa1HDj081ZNE5Ro2c6xOlQ7imGmJg03IrulMrd7CWisndW5RxtVFtKX3U2EbaLyDi6We2JIdBIgF2nBfFjo0VbVZSWXVTqeeWCNFN3Jt6d3ju7HA+ifJfrCSzaabPkWfdzzTpx6I0SxbjTKEjDMiPr8jrnPlXSdfZyukTjblMmvJK3Zm35UwxkFuW+JilbYtFG+lY68O9GrlGaNtJrvw6i3PdJMz0yMquRZNWlcbEM0Nck9UkzaHMhOy4hHRCWpaEQtnMrlJ1CSRZGcjM51FkIzqqVlEQvzXl2jPqqnHpym+YScrJpqXrcPtYLfNyOWvL+vfG/osx6yE4nzHhep8rV0oIe/FWd3fy+9HDzdTlGrpczqJzud08Vuzped9AdbHonHMhu5a9HJpgmGGqCqwurHn3Z4rhqFwbaLUvtjYaMepGKx1mu7FpGpWJOpwJ1ypN5RUbrMFhsqjYRkBm1FgqrpLOjXmgtLDLbfKzHPVNrFDWkxx0WHOnpz1pq01xkhogX9LLtOXGNZ28VuQhnTXr8vqYE8/yPR+eXiek81tZ+wvNoPF+H+mfNRpOrqdFJZ6rx3ejseZ9X50Xf8/6M5mXdzawdzi3HuHHRHM5XoeKuizPEvKkmeyqVEZqKIamuOrVQX306yqdoU09KhMm2ma36I6EyF9ascEsjC0nECnXVoWI5lc6rYtUaLLnRpWc674jOyqkJlGhMrevKZqLstdCOjDFMaMx6i/BaUPNuI44StJ56zrcjeScDR5eS8sjO5+o93559DlwfJ/sXylObOM60U35i2jXlPU5qOrHE9V5b1Zj5PawHEr0c633O3m9qTJy+3zjEq0t9/N2jzdSlITqmoJpnovYXxatxsJRUim1SLrs2mwdblmqwnUpJDVmZfbgkbDBaXSqgu4ptC2qk1aMdhrpQKyFRfKq4ujlsK41Zzt4LMRhWLGvtlizHVnkzpl6fD1W1ac29NzUTxPL6/FazibPQ+qfHfoJ6z5f9N+TyYHGVbcnQwEwiHr/ABXoCj0nI0Rs4fSwGXkdnj16n0vlfVyxx7MJio10GPbRpN8KwovxzSUM8ySIGumSC2lFpOksZcuPROunZJyTKWTjnlbKmJJfZQza+el6Lx2Gx1NJ257FtnCs1Sy6C4rmLRRcRTRXj01G7Fu51cLn2Uy+gzQmvY4vSrueffflWvpYbTpypzFPmPpiPjMotJ9/z20+n/KPdeDGmJ1c03GSyi6qJxjJ6DTw+6vU5PT5pyuZ0eave9j4f2JdlMg81uVMVk7FusnnI2SSVWzkV5d3PrToyzhFTLZZtBeUTHCdgUa0VQlYVKwtyuyuLtGXSFOrIS18/aa1RAvTmjVqUuLCpWwUukkgy8yZ+jlNXJ7PIt83lcDdtws6Nma1HkvzG2iwXZZbA69r2J8ISkOcUdnk21IwRs1YO9HAFOq4zQuvzJyepoo1Lw+d0OZXS9v4T2p0MevOYKlXKQbNFc2KkuSvTnvqGeyZFkJYllVOc5pRfZojHDsaDg3eg0V5ePr5HkI+4tPDafZyPDy9sHkKfayPF2exceR0eoZwJd11wH3g5Vu8MD3hklqDLLSzKaIFDtmef5fq0vzXB2+IvQrqC6bsVSzbk3ZrUne6nI7Un5+kiiTib8mzOtQmkvQec6xnydfjxbTONbsemmOrt4PVMHP6XOrR7fwvtzolqjj0bEYDRYZ7et0zxdvutZ4S33hXj9HqA87Z30cvVrCouEgTaxJocZQGEiBIE1IjIkAwiNgSCEmIDaxGgY6IyAE5GmLByRRzOt5NfEIY50dlYRtpNmvJai259C7tvG6afFpwYrK9Zro6VCcmddhDXnivrfNegzScRBUehzdhm6OC0uxaM5L3nhvqS6LO+JwuhfGKiyknZTaSalUkwSmECcaUk4BA5RkAAAhQlEY0AMcoskDEDGCG4tG4tWkDaaDi1aiE1CRVdzVXS+e+5+by8yqvSvVdOEs1VaLJ66Lw11bIr2Z6j5TKVaPZl0L1nK6TzSuorRRqqXf6bw/r081n9L51YRcDVSnE59quzk+08b6I+ruFpmp01lddlMls6rLbCLHKMgcUTIBYRS2KATUGk3CQ4usVVtY1VYE6ZFqUTS6rRxkEkADYgiSIugTG4qJodRlEjNj3ZTL8s9t41ZdTKlvz6Nhmt2xsLtl8tV9c0fD9FwI+cShfRODO7dXrjgYe1xks14L6q0mRfZ87D6VPKZ+jiMrnWehnyuocrrcrpn1vVythfU4xRltxGu/n67b4kYsspaTEU5QCwiExBOIwGiKEQhJxRaqKsnGRJEYuvx6Km4lTIhNwlBGcBuLBxmELawnTbSUoxTVbx68ZhyaJdeSnWatmfrGTr11mmlWS6SIl3Ow+bt85ry6WahNe/qhtk5fG9LyTkWRS9TPPpp5/0HFgeq4PUZwqdFFLscPcWb+brX6N2PN99NEqWQzas5XrybSMALZRIscSpiiTcZBOEyNlcxtOFCUKrjKsnTfEjKi9Umod2eyy6dbLHUi11zJpoTQRZEsqnArvptScSK0fOvSfObq+Cgmvr4+iX2ZLii6GCO5XxsK+g4EMMiSjbmlFpGcLTu7M1Enb5ctx5Knqcol3eFdXU43YgczqczcV5ujy1iiJs0czUnu/VeO9YbEhVmvxpboz2FMq7DS6bYm4qrVFjnVMnOuwjZBk4kRwlErbgSdZFN+NrpUIlzpLNbgjRXKsnZRcWwlEUozIMkKM0VElZJLLL86891N9vLtMK9GmzTFnV5c0v43V6J5Tf6JnE4nsfMLxYuJmmDKkB6nphGLOBRwQSLC3q2gYsoS78gWZWCwsBPY+wA6FgLDngmgCM9oVZIBRAtuBUwklaAkFTQBACpgSmC5qQS4CWCCrgEtkBXaEX0hRYA4gTQVXIIXJCvl0QlruC3oRCXb6AGdyCFADL5wF8xAK/8QALxAAAgIBAwMDBAMBAAMAAwAAAAECAxEEEiEFEDETIDAiMkBBFCNQMyRCYAYVNP/aAAgBAQABBQL/AOHZL5se1/8AxEiXxY9z7v8A+IkS+PHwP/Du1lNRZ1muI+tyyutZKtVXaqp5/wACRLz+E/8AAlKMVqurVVmo6lfabsjfdSaKtXdW6usWRKOq02FdsZr8yXh/6GSdqiazqzgX6+65e/HHbSaudE9LerY/lz8fOvavym8LV6+FBPq8279bbd2fux2T4I4EsvQzsqnTdBxVsGLn8mfj8N/lM6lq1RXbN2S9zXZdn2a4Iv6neVKy+d8fSdWsvpdfWLDR6uGpj+NPx2x78fE/yrHth1K/1r/axeZeEY5a2jeTIhrkp4lqdUpm9mRPD0uqdWop1lNqWH+LPx+A+7/HyWXQqV3VDUdSvmn74LLkV/cvumv6xFcTGZNEniPbHdSK9bdUaTrBVbC2P4U/8r9X6w/i22S1mpM89/2+8OG/NZn6pP6WVrM7ZqMa3iBLn2ZM9s9tFrJ6V6PVQ1MPwZ/iP8Lg9as3Jll8a4ynZqSfp006nXymvavPkfsT4j5lLtU8EpZe7iLNrGRRg4OPbptRKmWh1Sur/An+I/wZS2qO6+TopL7q9KS6grLJ9Tk3fdO6XuRFkvdj2JFcSWWShgipmy1noTxsx7tHc6rNNcrofPZ+I/wdRdGI7rbDVTuiSlKXxfsffAomxnpZJwwKGSNTKdI5Feiw9Wtk8lU8OOp2lspslMz7uk6txcHlfNP8R/gau5U16eh2TvsSlr7fUvl7kIx7oxyVUORHRi0e4WjSLNGsx0JXpUpKhZnFQjrVumxPBCzBOW5v31T2WdPv3R+af+Jqf79VGKS6lbsnYsL2wJEGPx3wQr3Gm0rNPpcJVojA2jhk2owhIvjk18UiUH3SybGbH2z7elT+qPK+Wz8R/PPiOje/UTnsWp1ClqbJbp+2PAzAn3SKNO5Gn0hTTtERF3wbe0kautMui2TjhmRSZljyjJx7IycX07V6jGn1Mbvls/Efz6x4q6dPZPql6qqcs917aWmWVrDXZGl07nKinZGAhC980XVmop+q2CxKJtFAxCI3EePd0zU/xrLZw9WqW6Pxz/Efz6nmVf039V1Hq21Q3E/u92cCt4ZgojmekqUYsi+ciF75Fhq0T5JZMSY4tdl785WnscbKOa/jn/h3P+zWP0CT3zUuH8CMCiaKr6q+EIyRMmey7Lsyw1US3zli3Idial8MfPTs/wAf47PxH8rMmrlst6hqHc8YVdW8lxL2owJEYldOSitRI9twuSIhdl7bUassfMpGTdgckyWPg6PRG29fSvjs/wAJ8HU7Vbdcs22ra9LHbTb9/tQkRKolUBCZv7QEIXZe2XJqasmoq5ccSMol8DR0u309TF8L47Pmf4mvt2Uyo2U6fE79Y4+rH1bVODg/YhERcOsqlxnjcZ5RX2j7F7ZLJfRkv06RKKJxwNr3pdofd0+z1NOvjs/wuoW7tRq+oSnGEZWSv00qV0zb6evSWo9i7R7VIhE/T8xIEeOykbh2E79pLWpENVkjcKaY+zWS6nctVpmSJxw/bgxxjt0iyPpi+KzuvzrHtrjVLVWvpVddNMWrNc5ejpcRWtedR7EIRE05BcY4ksCKe24lbgnq4pXa7l6yTHfuNOnmqvJFYIyM97qty6hpXFvkxjulkW2tRy3o+n2WuNWlhDqHT4Th0efp6oXxT/wdfLGn6ZHZXd9UXDbdP/yKPUfp2cy9n6EIpZXPhPiwgQeB2I1Wt2lutkyVrZlshDJCooRU2biDF7L6VOOuo9K2yL7p4K63ZLp/T41x1Ctsb0c0USdVusp9DW1S3R+Kf+D1WX0adba75YhdU65Rk65ZVY/PsXhC7RZGwhYTkReD1eL72WvLxkUCMSuOSjTyIUSPsFJSIEGLvg6npVZF1fROOGUQ32aLQRpVksOrGHHJ1GGyWuh6ug6TqfUh8U/8G/8As1SLfqdtSnVH+u/q6jva9sXwkQRgwRZGROZvHJ5s5HFtxrwWcGSGp9NV9VsiQ6hqkodVgyXo3FfqRIMh7NQsx1Edk9XDkrliWl6h/VLNsqGoRXK6nH6NudB06fpa5ePhn+I/kbwtM9+pn9JVFykarSbzVKSlOWfbHxEUkb0eoj1CuwcskRQyKh49HaSLfPbSWqqzS6v+VB6SucY9PgnChxI18pexnU6y/wC1ieHVe81aqrbp82OvhdRjmrS86avSt6+Pj4Z/4F//AD0sPTHHe8cYGdUocifEvZEybjPZMUsEZlf1S01GU6UldXxqYtEkRXMkRWZdNr9KqHK7r266Oa7oEvOCKMuL0WuaNPqsk/7K9PHaVU7bPin/AIGMmznGO+Mmqh/VesWkvdj2JmieZaNLEkSrNVRFw1On2iqeVXAqSiaeRCRHuvbfzCxfXqY7ZwjlQi4yel9Unpp0uq2Sehs31Y+uPM/in/jXLdDWpxvP2013wY7Mx30ksT0HMBlsMrXVSRJvKbK5M08pMqiR7IXd9p+NbHbZqEmaV4np1WyiiHqWaeMoamj07emx20/uH/f4WS/Ef4fXIKOpIffrue6QzPapKUraYxP3pV9egf09sFtSmtV0/l0uLqr5qISExMQu7GSNdWaiJS9lmm9OdVCw/wBT0u+yOIRFB+p8LJf4cuD1Eb4k7YI6091wvu1fMe1bJ9mIT+l+em15lpfK8d5Isqix0o29lIhIixP2Ptq19OpgUcT0enXZeJiRbZGBHlfFL/EcUz0YCrij/wDIIfTXg/8Ab71JYKqo2USW1+TwPkURjOmfZpfPsaJI2koEq2bSJFkRMyZ73LMdTEnHEum37oNkfDLJqEdTqf5Wup4r+KX+P1Wr1NN4a86SlWrX1ejdoa5Y1GldqlB1yF2l26fI0kfc+7Q4mBEWL2zXGtWDZuNDptpGODwNnWNbl6DnWR8fCyX+PZHdDXVenqTp1q29X5t6LGMpW1OmWurrtqxhiH20C+vTfau2TPZ98GCUTAvdLxq4ZIQ50sjI2dU6gq4ylufRNPusXxMl/jyeF1Z/+SVzcJX3+saOz0bdPbDUVdQ0q2T4Yh9umxzLT+B90ZMme7Q4G33zryeikfy/QvjrFJdR104wlJylBfV06pQo+JkvxdHqFdX+DLx1KH/lY5UMra86HTTmaaFtFln9lWtr2XdmfvpvBTLiPPfgyiTF2i/Zj3smaulvU0VYXWOGihZuoWKfiZL8XSaydc9Ld61f4PU6v/Mori9ZOqNWo1ij/I6RXihIlE6vHbb3/emsUTT6nmu76d5qOo10k+tPNPVN7pe+ODHZP45jrUpKOF1tfWdG0/rXrhfEyX4jKralR0TUZ/C62mrdO8azq8HEcpXW6OHp6c/fXKs1+xcEJ4NJqy65utaTdOWhhI03Toxda2rPZi+OZDy0ddiUw9SzQaWOnq+NkvxGbMLRW+nbTPfX+B15P01xbrNRv0mj+jVRacO2vhvo1Ffpz75FLBGzmnWuMa7svTszgTMmTcZIv4WTZDydajmHSNBtF8jH5/Egz/26Pdvq/A6tDfp3JRnTbvs1milGOm12opjDql8zSWXWuyOYdRp5fD9sUxSaOnTlIiuEjBIlLBXLIpcp597Y2TK+3UF9OladPySH+Lkxx0q91XQluj81l9dZ1HqFcqpZ3afTquqMlfF6V0zonDvrKt612mdcvboqvUjdo9p09+kfzIJPXQP58T+bWX6mvENet1V6mqJe9skyTyR8I1kd1fT041fJIf4uzl5RGTjLpV/qU/NOmEz+JUdZ0WV0fUw9OM46e2ucbI7Y98Gq0sba9TS6LezF50epVUbdWpKcz1T15HryPWkU6e6+UOlOJDTyrKJYIvK9jJSLLCl75Y7W+NP4+SX4s5qKi2jc85Oi37LVyvnaUjX9K3Sqr1NVlUbUU27vb1TSLUVTi4S75NxuMldU7HpemORT0+uCppUE4kom3BBme7Jvi6zCndulo4bY9plfj5GP8OcsLUp2Enue7jPFE9tuknvpf4OO2F7utaPl989oVSkVaU0lUcVxwcIyNjGR9jLp8ai3c9JRlwWF2kVePkY/wpPCst3OEcmNo5ZbeWdDu3Qf5NsVOHUdN6FwyMeaa4m1JVJFPArEbxXJvPdGO99iirbXN1180xwIz2kVfLL8PU35Iop+1eFgocIk8OfR7Nt65/K6xp/WpawyJXM9Rn8jafzCjUtkZORXDmK9m4ciyeDUWuUqqyESHAu8in5Zfhaq3CIkBSTJbSWMLGNA8aivmH5LOs6P0p9lI3M5IrL00CpMrEvbZPBdqNzoqIwFEXsZX93yS/B1FmyG/c0VrJWvqpqjJ2RUZURjKdyip1y2WdPtVtH5V1Uba+o6SWmt7JkFkqrNPXxBCMj7Nlthfbk01fMYkIGOy7s/9/kl2XzSeFqbd8o9qV9MOJRyQScroxiVxjJI6JqOfy9Vp43w1umlp7e1ZWyizBGxCZk3DkTmaq8qTk9PAhEwYJexn7Xj43+Bq7cREhcuuP0ye0hbxKn+uir1Cf0y8HT57NRXzD8vr0PoEVmSqwjZghaepk9Qlbg1OpIrfKitlUSK7MkY7skV+PjY/mslsjdPdKPLZTHmC41q2wsgomWzmJGvMIQ3yr/ru0c99P5fWY503aDE+E8EZkLcCvJagu1GSPJpYxZXXxCIu79siNuxp5XxS+fW2j8wR5NLA8Gs5q/QoblyOMqzk6Nq8NPP5fUIbtNLhiEzIpHqHq4HZkXJRSaevBUR9jH7JE1koucSNsZfFL5tRZshZPdJckSKNPEwar7HzE3PCqntW6Q2yibrs0VnqUfkuShHqXVUSeX2ybjJntXDJTpimraVxIoXbPbPfPZki2HN+mbS192nnptfC1KyL98vm1luX5Io/cFzQM1b+heP0Kc2vqrEZ56JqFs/HttrrWp6vCBrOo3X/CjT/dp48KJHgQ2bjcSkLs+7JE45ho9uzV6SF0dstHfCzcU3e6Q/k1M9sLJ5lE8EPNaKSaNfxBeCKyL6JWWOb3ZRpLXXbpblZV+JJpLX9WUC6+d0s9l8NcsPp96aXj95HLvjsh9mMZ+tHZH1WjrNf0aaX08FcpIjPd7JfLrZ9oDKlxX5qJeOo/avAm0PJGf0UuKJYbjjHRdRiUfw7Zxrj1PqLueflRprnXLS6pTjuHIyLkS9zH2RS0tSdWWa6lhIhI3vdG9xI2Rl2n8l0tsJyzJeXw8bo18JcOjlSOo/YvHZyyqmlKbTm0u3SoL1Y/b+Dq9fVp1r9dPUy+dFFrrdesI3biHKSF7H3fZFU1K9eOoy3TrEIZFqRhorukOSfya60ZB8yjk0suXDBM0jyp+Nb9q8dk8Ly7FBLBg0P0TolmHz6jV1ULW9WlYTm5P8BEUVLmp4ITIyF3fsZgn9ujf9109lcpb3AZEjgUEhIlAw0b2hTT+G6WyFs90xRIM27XTJWRvrwtHLDfK16+leOyH5UMxisiTZRI6Zbuj8t+rqpNX1eUiyyU38i7YyNd0QIIqK39UOyfufa77NDJuWttyMiY4SIReUNDyKbJTQ/EbGiNpuRn2667svKiKJUspJ12f9IV5hcvt18foXj2RTkLh8xKs56fbtsi8r4r9VVSazrDmW2ym/mQu2029kQKyHisTwbxMT7Psh9tanKvTTcabJYK+RIXZNI9RZUsnGGOKZtMI2o24EmbjcZLpbIWz3SK1zGJGOVGODGVVLY7Ybih/TrFxOLg+7I5Gmm8sq5VT2z0dm6v4L9VXQtX1acydkpv8AAXZCHEa7RZXMVhG5EbclcskRdpeERH21qlIztX3OtduESkhNCimbMHCMZHwLJyZkb2KzA55E0+2qhOcZQlEiiKSEyDHMjIkyu3il86tZh1bRctNd0J4cm5EHxDwdNvw4vj22TjXHXdVZOcrG0YMdn8C96ER7SRtNoonJGJXwVSwQmQkZGfuLJMstLbDOSEBdnFSI1RNsURH5wYNuTZ2wbjePkXeUFJX6bBBMa4qj9NqacJPG/iTaKNXizPqVSipK7Q1WLqOjdDF2yRIdq57JaK1WQ9ms1sKI6jU2XyePc/wYyINGCS7LtkixTKrCp57NjnhvUKKnqckryH1EKxdlgSRgx25XdmBoSHHlRMc9m2QnzHDLKlIdZHgeGoxHUTgalbJ9Ou30dtdT6tWorddnesgYMHSp4l2uthUtZ1RslKUnLPbI2+zXfBj4mvZkTITFah8jyZkb5I9RnqTFbMqnZnT24T1Kw78llo7BshBuVVOCK4FHI6kiKwIzE4Jd9vbA2LkSJbjkQ0Y5SP1wy6HFVvMWZTHHJ1Go6de659msrrdO2fZFZAx20UttkXxrdfGk1GondIbM9sHPZIZnvtGjabTHfAjBsJL3RkJiYiMSOEkbjfwrD1MDnzBORCrLrgkRXZ18Lg3qQu20wMccmGja8DRgwZHI5MSHki2byEkzamOPF8XCyqXAjULMZ/RZ361H+rsiBWfplcsS1PUJbHubztPIjaY7ZGJswY9jyc+1YJYRGQuT08kqxxMMwIiIcsCmRmjehzPUE2zkhW269Plxq2m0wTngW6T5xgSRwJob7YMYOOzXbHbaOJt7IwYEjkjI1FSshXmMo9p+NfDbPv1Rf0S+4RWQ7MkzCJyGRXbkUcm3AsEjBj2ZH2wY7bRRRKA1ghPBGxnk28uB6Z6R6Q62hwNhtYos2sVTZXTzGoVZFYHZBKzVIjfKRjcV9uO20SH2289svGe365Ipj747YZyRGhmpjzRLK7dUr+heO3UP+Fn3ESJHwiT74GVwyOOBi7ZJMWTaxrtgawPul2RgwbMk47Soaym3EheepFkHFkcGzJ6PLqQ6yMCNRtFEwTt2jm2NZca0itR7QGzk5F3TYs9347oyMYu2RYxlGORlkcxhw14NXHdVD7e2v/4z+8iRIjG+2MDERfDYyPJgUUSikIwxxbNgoDgemiS7pke+CyGTa4uBKvcSqaIpi4KyBxj0lI9BDUYnqRHbEd560jmRs3EakhKKE4mURmbjcORuM5IjZuYnI5JTkKTG2LI5NEWzkZyZP3nghwZ7NZW3mJgtj9Ojlvo7a7/jZ/0IkELukYyPCP3FDEsiibMiikTwVsYyaF2/Uuz4EJEUbMEe00QiRRZVlOtowxJkdyI7yDaMsccm1IZlZjOKN2WkxxZGJgwRwcHAkYEJn6TMmTKG0bzchyR6hvIyN45ohgmhIUsdn4UubHhu1ELSb+nok80dtV/y1H/VMiQRnJ+o8mMHlzwQ5lteH5iJcqLw48+kYw48ksEjLOWbWyUB4GRYpCM8Ph54bYmQMZJ14NptQ8CybmQl2aybEekjYhLAmbWxLacbRGTKIyHysMTZnJ++zXCRhZcRowOOSP0tvJtIIkjIuRlstsYywWLcramOUq5U27o9Cue/tqFmvVL+5ETwodoE1lftx+nT+c/TOJCRGeBTk1hkmfuPabG8iyYZZA2Gwwsfa48iwbEbR47QYu0oZFUOpZ2owKSR6qHYhWod5vyZbNjPqykOIon62m02iyIaEhi7PtgY1k2n6IpmCESaP3AZfNsr4N39dtjTunuNO+emW+ndF5gW8x1623kWSf01S5IcE+e0uFRyY+m6RW+VIpZYnhJlnBVyRSLkjgUuXIfjaxIUCxIg8EUjgksko4ORNkFIw8uLFFjiekbCFZ6aPSQqln0kemkYMd0I474MGPZ4FIbQ2jcZQu0yLFIUiD4mzPNaWLeFMjyRX0WxNTE3OJRxPRy3Ukjq8cXIQzwVTyQ5bg9rjzM0rSMtqxD4dMliqRu+llhCSQnxLk2I2rO1GES47YHA24IYwsER/azwJvPk/SMNvaYP1FcqJtQhYGM4JeN0kKzJuMvOXhyIs3My88iUmbXjaxqRyLklnOWRWVMiclR4VkitkC1uU58EWsx+y4uLfCOiWZrGdbj/AGds8si8FEitrbasu7g0qLfDTZZAplh05aghowjb9cUSNuT0xQPB5GhRGhxK0YIvBuMIk0ZwRtjn1EKS7bzcZeFuzmQ2xJs2szg8mBcHAoowQjzPgxkwRMdojMkzDEicWbXmMSxYG+IvJBD+29FUWJ7YqfM25Srjyvtlhl9DxcsJeOj27bu3XIcdl5eO1U9squY2KKje8vSmPplw5E/ploriHKZYj/2iYRtHEm8OMljPLZmQ3IwxPBGZjtFZJVocBJIjtYkfox3yYy+ENcbckY9sdkJolI3G8U+ybQ2ZOTLT8r6htosseIzyRzicyTIS5qZZ4f1FcXnUvbCvlS4K2bjVblGjV4LVXdD9aSWy7Ty31nV47qX5I+WuzNJflNLbqjSEOVeknIuNF99K4wWR4mlmMsErOYzHJsa5x2fAjwSyzaRgJG0ikOKY1gYuCI+zUjDRjI0IxltCRHgwk+DcsqQ8EiLPJwLtIiN9ovlsZPxBc/qcubZkJ86WeS/lQyQyaqe+VK+mxorkipZlqo5hLifqSiv1Hz0mzfQayG6m+O2wj5fhDjxB7ZUy3LVQwaf7q1xfBEiZp57Z0zcltkyyL2yhgwTgiODBZGRGMspIe0iiSwZJctcKPgSMDQ4kYiMm5G83G4lI5Mzz+l3/AFtMo4ZsRhCwcEWjJJkWZRkUkbojwTwRwiMky7bm6dZVsKduJ5ZBEpbYwzKb+mtrLhFIqLDXxxa39K5WcHRb3GwtWYa5YvIeX4/afE1h6CZqYNwo4sr+20eEXkX9Wja27uJFo8j4UWVzFyWIUTaZwSw0ZRw0jk5GJGGJCFjCwfSzgyhsTNzFaOw38ZIyOTDFWyKGIwJDMCiOHMYnppnp4MPF2SGRJom551aKPug/Tqrvk3GbNRPhTwb5YKytlnnqL/ufj9YNPb6dmls9SqXK6rxqCPl+P2iXJTN12ffVt22af7dRNRJPJZH6XxLQvIlwWcjjzauIxIYI+J4PL24JxRwjejgzHHqLO7JGwm2KbN7MtnJBNrYz0xQRgZ4G2M/UWZicGTcKbMvsueylg3GSLJCEPtPxGPP/AKyyjUMp++6eK6cZwsX8umCzZy0sNeKS2SRb07+Q9XpZ0C8ZF56NdmNjxDXy36gj936msOPhjNDdlXrE42cSWU1gnnE+JaCX0wf0yeCXI0yUWIi1iLHyv28jyyEMjrwPgUdy9MXnjc8Y/eCI8Cbzhj5URtGcPcbu2XjnG5meVI8kRp9ovtgSYkxLsu7RNEPP6tNTnOma33y5o8ynh4Tb+k3mSPmuRdnOjX9WppU4LwNnR57b9dPbpZvMj91cxujyiXgpnsnZLdHTQyTikrGWMl56cyGMOUSW0lLBOfDkQyKMsKHGMNz4jLtPOG8kI8bThOW03Jm9IVhuGLOcZMbXEl5GskuGiKIjSHFCwRwbkk7DcJmeyyNyNzNzItnJlibLc4rby39N241MjTP+yx5tg9sYvImNn72cb/qqWR+dK2ozkz9GDTWenb1K/wD8TvRIu8ifD7Uy4omJ5V8ME2SOnv6q/Eo9rVwluTghcC5jz2+khgeD/wBXFkM48GOXHIkbTAkYIRRwiaTUGhrJtZtJxFFkfPA8dkRwMSNpFI4ExMybkZ5ixy53GVj7j7JcSWpk4l83J0cTxmUpMi+D9yeZeFFJuPCZo19Moi8doPEtTf6sX57UPm9cLs32X0ypZCWFZyWkmaJ/XVLjyWLBPlQiieMvxT4kuUbXnYyOEnPBORDlMYu6RhdkzJW0S+k9UeWbJ52TPRsx6Fh/FtYtJYfwrcrQ2C0Nh/BtIaGaP4bP4R/BYtCfw4n8WB/FgLSwFRA9CB6ED0YHpQQ6oMVMESprZboKJj6TAvpnQafntJ4EKPMir7pP6d2HommmLt4G8kfD7Mp4lOO6p/S/IyHm1FUykteFcM0f/WuRFlpLJntgrJ5MyOcNMhAsik8R2/avVHyLy4yxCuxi01za0dxDp8xdMZHpiFoK0fw62LR1IVEImyJtXbHbHvz8uRjXbrWp3yitqUhyUnnjOyMc2Ous4QopvR4TYvB5EhLifD7Lzp3mOpWJp4M5P2vqiuJ12DWVdwM0zxZp/GCXieDa8YfaM8G7JJvcq5M9Gwhpr2Lp1kj/APW8LpkBdPpI6WmJGitHpoUDHtbF7MmTP42OzRr5+np3L6uWSfFcWIktxXBLt+48Gmmk53ZF48ngXmHixC76WRqocd6WXL6qpCsLR+avu0y+mBZhDcR5Y4WMho75FfTWyvQ1xFpq04wijC9uDHw4/PZ1y3FUUSlhQ5K1HFzUSMsiksLsvFX1OKwIz2iQRb7NO8Skt1dsdshkfMlurg8NMmxkPOhpsshDSTLNDuK9DXEVcEYXvz+Bns/yd5nt1ue67fgT3ypqWJy2Dk5tcEee0fKRHiW4XeCILMb48CGiLw9LPdHWw9lUixbZRkSeRlP39Gt3VxH3ZkX+hb5hMc/p19sZXSe4qWDc0m+Yo4INdlwR5Uom7hLuvFK4tjlS4cR9tJZiU4qyu6vZIYmSW6KMiqyLh9Es/tiMaMezPbP4D7SExmTPdfiWoRrJ+np7JOU64kMYnI5Ip4WCuBtblGo3JDzJWtxl+hCKC3lWeSHKnHBW9stLapw1tY4sfZMxzTVFRuGdJljUVvh9mP4cmfjz2kRYzIu8X+JPt1y3EIIRJlMHIVJsWFDmEMG7B9xtEzqMMeyJR4kXLtGWDypLBRY4ShJXQvq2koIlHvpZ/TcM6b//AEVeOzJG7ncJ+/PzY7YF3j8D+Bexj4Op2erqIpDWF5dT2krOK65TK4KCkxLLS7LBrnH0F4iiRApXDRqFw+0GT5Xg0t2x7o2V3QW5kl20ssSsH56f/wB6J8ZEyRMkRF8a+KSylnsu6E+y9i+BmRD7M6ld6NGcyzgcnJxiVx3FdMUOSRuIm7BGWSUkjUa5Vl2olYokVxIh5ofGSzksjhkSMcq2IjSXcXVKasrce0iEsPOVLzoX/bpZ575JEiPZsXZe9fA+8he2Ps47L4H2iPtKWF1S/wBW7aSZSVwlIxtFPBObzCYpE7CWpjXG/VTm85H4ijPEiHmjDiolsC6BjtTMlBNWQw4S2uq5NW4krFhjK5cM0n/TSS5T7tEiPncNifZe1fA+zMiJci9seyH3XvRLsjI/HU7nXTnL3Ci5OmGCNu035a5dhuacrsKV0pCi2WcSJeOzIlPEVZy/qjbBlnDFw6LE1dHJJEPMfFgxkXgyad4s07+qHKGx+GRXZkWJ/Gvg4JeU8+xPsn7F8D9kvt6xqd13MirSSxlRlO4WSnk8KViiTlvfozZXp2eng1ccSJfb2ZHh1xzVhldjiZjKOphz2rI+Jx4ksOmZZHJLPfJRL+yl4dMvp3HkYyIzJj2ZM+1D+FkiMvavGRMfZfA++TWS26d1KU066o3Xuwy81VjRCSiSucirTSmLTRR6SNhKJ1Bdn4Xdmhl/W61IlThuBb9r8kXh1zJssRF4ecqfsr4nW8qj7F2kTKybGRkJmSQvZnvIXsY+yGho2mBiGRMER9o9mzJnuhmO/VXjSqbJzbM5IxIvBKeSnS7yrTxglHHdk0dSj9A/H//EABgRAQADAQAAAAAAAAAAAAAAAAEgQHCw/9oACAEDAQE/AeB6aQXif//EAB0RAQABBAMBAAAAAAAAAAAAABEAAVBwgCAwYKD/2gAIAQIBAT8B8AWs4EMAGjzaiENzDAR20+Gelu//xAAwEAABAwIGAgICAgICAgMAAAABABEhAhASIDAxQFADIjJBUWETYCNxBDNCgWKAkf/aAAgBAQAGPwL/AOm3tUF60uv+sKaWXr5JTf1RyWTeP2KZ2H6T1OckOFFZX+SlfgqD/UMPjXtVpiXpQ/pk7r1oC9jGqyHjXtUxUVj+kn8p6jwAad1NbBf4/KSorf8A2vcL1M/0UlH8ab5nOyagYRkFQgINVKj+gv5Cv8FJP7Ro2130vWtCnzhPQX72Vg8AxVLH/wAiqFg8YAH6U6+EI6cbJ6d+5k2cqfTxLcUrBSY48jO9JQc+3b+xalTSE9J/9J69vwvWkYU9R4/q62Kl84lAjtfYr/EGp/KeryFexJ4O2dhbdMA5T1nQwFP2ZP2v5fKhRsFHxHBBZbJlteESUTkc6AKHZin6FjSN1+9fbR/S21R7dkSqyyLqqsp9XZDgb6EQo9gF+Kvx2EKqlEfZ0Z4+6+Wh7/Eqny+E79gAqkw+lKjTCHMp/CpPXssaNTas68ZJpW2iGVOLr3KYfFMj+uftpe30mHXiilCgWc/aLcsxqh+vYblfyVfJYvIQAvQuFhpchMepD9c31Sv4wITBA1JmVTc0pjo/dsL9aSq2RqqmpeqpxqkhVcPdbplCD1Z3CY5f2oCFXkilYThKPk/4zf6WE9aV/tEKpvpf6WEfXBanWMZokrH5N1h8cUp1hP2qfIPiUD1lNI+1Tb+U/aIp2qVfElQvivipGg/2iLgFApripCr7CwHcdYKfwmWFYSmq2QNP3wpvAUBPV4iybyUEJ/FUxUyM8pxYFCkhfpB7kfpN++sqqTo1lSoTeX64G2bEaXTYWCmkL1cJnzvkCAG63ixTIkfRQ6ohHLjaNYaDBTvpnK16qVV2NSOqMmyhTaBqEKLbQnDBRkPYkKoXnSCGSL7aji8hQmZMLnsnFgqWzsSoL2CGSQnoTVDVezoVU73epMLO/YfIKJTsbBUcGdf22WKnZM2Sex2XxQKmwFo+XOcJshJQppMIDsj+bymCxUn/ANLFQmqzNy/4/GVT2ZBVQFmeUEQsQHr+FiG6bnmjxmUSftYz2hs4TlYxsgRKJojmmkqE1KerdB0G6EPvwzdkSzqKSBYjmPYWpCp6EH6QPDwkJgEFi1JK9aEzMn4QtiOw6JsPssD8KmoIFUeWlUqkXxNnYr0lP5JXqE/DdClBujBQPBpIVJ+0KTT7KnGECLkaDLfihfyeQdHKhYeCVSVG/wBIVDdMAagF/wBRT+QMLtoDiAqlulH4Ua/vUEaPHKlU+aiSgsVAen8L4scmIbZ3UrdRbdb65CY9GyZBNr+wUUBY/GNkfF5inoqekp6U7TkIRpq0Yv8AYCd+x9jZ7MeCxWPwFih/JS4WLxQPwvYMcrgewTHQgL3Xx1GHUOyZrUlUnlfy0Z5W2rCfqBaLYTyjSV/8csZW0WHT4acvuEWEJuXip3Cb7zRd9BqVPTME5vNotShy/wCSjY8DCE/TzkkpgvdeuyBQ5ZpqCMeuswTnrZXqVNsHMIqTHUYJ+nbNssbqSsINqWQ5gOm1Knp3T5oKZ7YnsFT00KVtqSnHKbMbumBTusSwHmVI8hiFB5LnMU98a/KZAhA8p6iwRo8PJBxMFi8NcrD5XtvzDkwg2m2E8h66k3iDpjA5UpqSi4lN/wCKCY8s5XKawKBHFc7I0eGSnrOq3AqpabCpDiRoHKzI4gothJ4mKossPjLU8DfXY0zYBDJ7KNYo6ByyouDw93K3anoMNQkWbNCarVYZMJynN673BQ4HtUjT44pTv0JFYlEonRnTORxlOZ3yNre9QdEeLZOS/RGVVjEhYRoyFso0cOkdF9X2qTeIMnqL9IcJlT8k51NtB9BxYpjl9VNwho+1SbxeoT1F+mfxm07X3yb33W99lstr+q9hoMb46ApGSE5TXbO9ZZYfD/8Aqeo9PGtut1vnleqnOxtK+IUCNAHNu5T1GPx/QJ1SEQdBrvWUafEnqLnoftbFQF7cPfVlQmOR031kxaTUSU9R6HZbL61d8++jBW+eFNyo1cHjU9XtzoTHI+Q6EZY6SckleqnmvkfIUczc+b759rtbe0jlRnKFyj2EKLydeApHEpuUeo3W6+S3tJybau2lHAY3KPEi2154G+nvz3WyhbrdYblVaj3hTwJyxobX2tF550qL7qlA2KOlClMONsts+/XUlU9NtaOBHD30pzsTpSotK9btaeJHFlQtuLKfJKcI2a75ps/Bm0XnLN54ccwkJqlFggdHCbRzo6Kc7KchRCi4sURnGjveVvaLz2UXOTbIb4bFVZ2T3m0Z50N+rhbLbJN5ytkBCFViBnfLHHjPvn2vHHFo0MYqZH7GTASiVUdDCU/PjowLNokEZajpDXk5ptv1jp8j5dsgVI/OlN30JvHDe23KlQoU3FIyydEOqRxoywp4D2i3xK+K+JXxXxXxW15vut8uy2Wy2Wy2CgKaQviiaSi9MIk5ZtHUbqbbKAV8V8VspXzXtVaQtlAW3N/ioyMMu3DjWZitiopK2Xsy+SklbL4BfALZbdNUftEmTd7b2i8r103yvpQFFJWzL3qX2V8V8AoHX4VNp6CVNSmVAW3asPrLPDdsjZsPcuVV0D2buSUdBgF7KLHVfN+bjuRQM8KcuLhtcIdx+hmna85Dxh3B/KfLKa05GpkoudZlHf4XjU3j+nlObRli8KdedIIdthGwUBYvJATUpqVOT1U6k64Q7Woo1VF1AX6s92oT1rbTbghU9qczAJ6jpf/EACgQAAMAAgICAwEAAwACAwAAAAABESExEEEgUTBhcYFAkaGx4cHR8P/aAAgBAQABPyFa8VxPjQ+F/iwXwz4H4zzvkeBEGvOE5TmiYFohOGhf4C8L8WBL44LxfjOIQnjPDQSkHozSDXhOC4hBIQREaHROHxOUXxnE+BcTleUEfnEH875Q1xCeU5TAmTfE4aIYJxPM/wA40OvCczifKiC4pfKTL0K9r0mby/SG8IFqS19mXH0ZPTrXo3ykvhhP8LTgg0QnDXM4bwUXjBMHXhfhXwr4XpNF7Lv80u1d+B0o37EP6PweRRkz6KJz9ZEVF7QsSbC2U/Of4kHxbD4fD4e+GZI+EQSYkNEHoQxeE8V8iHwj8RCFrbevY6aFfZIYC5yNkJysC3cLGnDMD9B5Xfivh7+L+CLyMfDIPho0hEvEJyvLWDQfD+WEF4rlAWk19DDCjFNX0P18tcJEXFKbI6jyI2z12kwVdMwGQNsj+jLVj8Fy/wDCHzCcwaL0LlH6j88NBD8p/gowX0SDfQ22N+xMZOVvieDI0xsjdUEDRJH6Hp6Qy1fsxrztpmWn+4QkX7iOpna465f+HPfwkJxSD4YuNBeC/wARFw0h2RgfvKJngmHFk4KJNpkXqpwtkTPoha6nRFhPQ3vIlbM4hCXsH0j2TGyMmv0ng/kviPfLnEITxSgxrHCCXGp0Lhi475nlsXixtZtEqV+lU19oQ+ER+mZPO/BLA8PkGxDIQnEWh03MdIV/ozYMULhfYjRWPTJ1J6Ep/wBBEt0+vjnihcacYIQSH4TicvQkNcvT8GLhebXM8W4zaIzv7QinauZ0ITazwKeSnZSEYSQnsmeBuFmWKl/TM/OD0IQAUw9lrY9b5zRclfQs7M33uhNYvZDJ5XwnDFzqNeUJzB8LlkojQWvKfG2iyxpcSQVPA7N/ggrQ69jNP/5DHWf3G3++VKHnFg3WaHA274UrbNiPUijO7oZWFdISompwMvZCGtiewieHmnivHQaJwh/I0QhoLmfKpjYjFPQIrY9ihowQO50hOoJoYXn64vE5xZK0pvh8IQ8iFiLWUQ24FdEM7jTwFmf9I85EGEMFLw27So4jryvGvgbH+A1zo1Oub8f6O9DqRMJH7FWJ1GZ9B9+UpBEFgJ55JcLPCEC0rUK9DNEVaOh4Rr0YQnb+zYMvwm/WMT4K9IW9DCIWcLYp6BC/Fjwvi/PBD8J5QaNBa5nlPFZGkf0M6W28ISFJO4KZVwDV+uFz0MJVgYo9jLw7QfrA5JAxbAowHwUhJqv8EME4wH9ILGKHWHUDJ858HEpStTXyPxMQ/FEFxCcPwawInwPxx+CNG7sPpCJnzEff34I6MkIRZDwGMVFTHtodaCqtCyglDjMENYJQlOiqIq5FGBR5WBxOF9cBu0NI010ypkvLGJWEehot+CGXwXinjOF5Ma8dPjhOW9Aj7BbEsTgTxUtF5tMZPBqKb0X0MTG6Ma2OVkJ2TogpFyMZkKBrBuo4bapRWEhmoSdP2LPAbx9mSe0VtDROLR6+hnJ2E9i6adt8i4Uc8ex8US4fnodfM1tZZRdvPGAZsbGN0NcpjiDQkHwlFbAlGBEnry7FzZFKZrsEn9mTA8ivRCUzbJ/Y16MXBS8pugaiNoTPc+a1w/JC84RCRHXnPJcGyWkK6oXdEKky0GLfghM9Q1y2ZMYzQcCI4O445RcIWeNS5kZW0U2WSeEPqG4RBpsw/Cn2PEYtLsPCymifChmvM5YvifL0LXxtYFxj9jJfN6OpzFphq3xPBcIXBjYlqzizQ+KyHFw3guDFETUY9WqVWBscG2LBIAmcB/hENeC4RvuUSFHhczynOn+C/B18pBNOI6sDDbsc8aC0Qh+CCGYc2WKkLA0GIKcORCE5fBSbF17P9oq7FDNGxwS0U68EQWyVdAjr/CUflB8Pl6OuOviZ3joO8lx6JiuULZNRsnvZ8ZkWFBa4UY2CzoSiBOs04pRBLkuEKkIm5SWYOD9Qlbpm8MfgyizogIcaJiGr6Y3F+NBeS5XJcQnHTFxCfC8oW70SK+3ms+5IYy37BjVXpfCFCg8d4S2GwqFiVCXBC8CQxiUFK8FFtIt6pv44OBrh8u2Ot5MUa6Pey4LxfxETmCXN8mPQvlnpkJ9JcG9NFj4fQ9JaOhF5XGgkYsWRDHYNFmHXYqfBccCKEJ2ZoGYcaKbh3BkhikLGBFwtCM3eE+LqpaDZKyPwV3oeRMuNeF8G3inxviUh15wnL4+skMhO9mhyp1O7BiUuKJovF75QtiY5aG+iiGYqNxKaeBskITJHJ5IbB76kVLY6tQbRrJ8MetmfEqEswMixWnYOg2UY0QlDy4+2P0f3R+N5mALaD2LjEqaeS56NzrhfA14dC0NcMevhfK0Y/wBiUtbCzexC7VtRU6JYCqX+xq+CEgtccRKSEFYkkUlFtsW1hjhj/bKstjvWCtjVMIU3oXAz0QSGqLZhrEtCG1wh+mxHStglJTKUyXo3h0QtOEHr8YesGvOczBHwTi8zyY9C+B8Xh/sB/MFNrcELInyhlWAaV9mbv78FvggVSnRMxGcsXEIsJpYKLbEDRCF+FHFsJiPbNQzDsQuC4yQ7xgXZ6LaNiXqJiqpN7olDOIVkaFpgnO6fpsQ2B15XyonFL8M8GPXjS8vlbHx1QlLAVpD7oSHxTy2IRVAxb8EUFDDnhi9kWZ8cGpUyMxhKFZIMtBXsViKYq7En+VP+akdch979hZlC5roY1Lgn7XG5KhtK37ITTgWjobMhDy4aczXQeo+EPyePnPy0OviYhzZ6PQ6txwe9C7XYuf8AaY9raejESMQ+TEWR9nFHXBCZsemhjIYrB3WmNdhtsd7ExJV0zSqvo2QfhfAVZGvsehISEimaILEyyNhoK5IuxqyjHYIooa4lRrt6NUQYL9Ll/Mx8HXDFw9M65XwW0NtG42zYaJUIzQjF8I+wlEscSb5cZqDNfLs2SYBam8mMoq0GrcMmSgg8jUbGSYyFWUQkTk9DKVx/8i6l9jaJRHkgyWqsRN+x2RgQ17FhfCzYvgvGeb5emdC4XiuWmw0eGBJoThyGNT1CJ+xbMuU4x0yxGJERiDExCzIoh6FO4GJbEnsKUw2s5ZLG6Ri2NReBjGLcXcJaPshObLB/iFmj/RadY9bbMHZKPYkMXmzbl/M+GPTOvBi+B+H2Ihp12aH6ZGEQ0QRUcJSCRldGRD5A9CGmLLSiLXYgx9qBklBkVFSLwTwM2jmBmeyIpRXjZkli9D8yMe5WByKh9hGn9cPmeOhm/OcT49ReSGZP0vhjhnYpdhB5+gyqiWBpEMRihhvIgxISWYakFJCEh7E+HQ8oG0m8NKkmDDqeAjmnF4QiYIYRmbITZQg0bQVeORXTiqh7Zf1CHxPLQvywQaJ5IfD4bwL4Z4tAu3Av/aG1V9DVQL7RX0Ylmvrh6yzoYwlRH2hMjcaKMlBIiRfBDXBoQi8IcrCE2mPvL4y8N8dlXMFSGU0rCkVkLa0EhLoaY1kiUv2IfwPQmRjEuZ8rOhfKhr2b9CWW1SGImZj6DbYdFzHp6BsO0PDZlhpEmCNjClvjWuUUXh2gpGPC2Oaw3eLpsGKVoUhijwNwNaiQxkJWI3XS+BcPXG8whR8P4G+enyv8BTMqDrF2XBbpIesBxtXYib9J4aEJBNTixSSGhi0LhcKQhYd6NjYkN4QoxNgxL7MR0SKhGt6HvxexXb7Ei/G38344ITh8IY9Pl+DXyL7YhWsUrWjO4C/wjaP+DRU2xiavQdYT4YnZZRXB0HwgT5zg+Ko4rQhcQTg8VPoQlOK+y+B9jNqGEdCReDF5Nxb5Qxi+F+HTF4IZRonnjmiIblwtdAplhaHIZ9icHsMab6EbU8sRgOdkiCRSjGRXgxh4KCTBkx4vPFdDmStApd7jdgpRVYorRskqX49DfxQ/GcJ+MGjp/wCHgI2xjRZ0xLo8jXRRkckuiw7ChrJ4qFKNUSNcEIYW0EgiEkNos8EhmxucC5YfloauDAiwyJgSRC5yfpBI/Xx6G3gkQYvGD8bw9MUNsIQj5fy9CofscrFRLVjMixgUz2ZfDSIvAtrfZfs2hi04lMKl0g2jbFLWb0h7YQxWQx6GQoHgJtPiWuGMfhRmhYQ6QYgQ1BawS8u+HwjQ2KThcTwhc+GfDs7FhT7MooP6+G/Cwva9sX4OCzVtsSn9cbGE5IS7OhnYwayaJxpHWz7M1tvTEmNCM2xKUsThUQzETKN8PxfHIYDQHq+2IbZrlfDqbczhD4nnBIng1PROnMkj7Q/C+S8vtAYrpkzbNoxEEmOxUg0aEvC8uhD40GiVEFNzsIcyKGB7MjHirYmDfL8GPgdxPRjirHdl0Ikjvhi+DTznzMeD4S4fL0WwwklT6JzPKHxfluRH0htNJDmqm2ELJN8vgYJhF/rfHDWlByaoRsYk4nHY0qhzsllopLRM+orgwLEPoK4PzJxS4FYljGt6caL5Xn+mngQxUhopfhfD0JOi8kLBuMIQ2t8ZyvNTUBSLdjS1z2fbtEkVux/BHnH9cQyvV/fEYZ2YWGoFvHhhpog+x7yuxnEVZQmvsr5N8xQYoZbMMFQfD34aeNiH8E5pCD0LRdEM4PQpVZXM8V5M0Cx4f+EwsvRIWml9n0yYSXJ0VMH8EINGozsyL0/OIbcUkzGxu0x/Z0aBUq+2xGTQH6e2OLke8fIUvD4PYRGY9CnhK4sYXyaD+Gee+WYsoY1YZWgt20KpYY2T3xS/J1gSNFpU7DBbN+vJhb7I1I0MC5ePUhpTGhkEOFsv2U9srohLmbeL0Y4t9mCJCBfodqh8ELw04yMzHVRy29vh74KtPkpqNyub5QnkhjbGDyzDIKWgNFI5Q+xax9eCfIhxiQSS0hsJF4bIsj9EzkRYOj8R1LSEYeQqkyFoUEpbQ3GxMTKOKTbGToWp0RFw2TBuSF8L45Q7IPxfK4XDE2bMYtcVJS0UjArAHN6MzaPT/Eb5fCUcND3qZcZ6LZGFVTqCElkZGLBCyyICsZKJkRkHgYcjCxwqraEKoOMM08C+LQfCGvNbJ5NxV6LAclnYsYd7Gz2VosZxINVWGNCfC+afCxrEUnOZQMwZAThLsPODsRYuUILDMJXlITLNqhu04EDcUbA2WPil5fE8T2P4ex+E4vsyJfoZtD5hmEwWShhdh9pfdUej6GL4F4ded8Uqa6ZVQ3s4TGIbB5ZHg5dC0wJwtJIaG+htJGdGUAcstvgSkIJeBpAuF8Z75QxeL8UxDM5Gz2w1/CYwiKwj+ymaIhgTiB9DTuZwmPyhrzn3wvCcPhCB07CNPwEYik0KC0iRBhucMKNpg1wUhFDBR4DXiKpBa+Jcaj4Twfwoa2PelpEYQ1pIhwKKsUgnIuceW4iTfoQqFovgfwMWB/Anr8Yxa+mMTybiFKI4a4sOKSKeTI2ZKsYFjhWAwgoudB6scL4majFw+INCGXxSFOV5N/pDJioghc2zR7cYReMS1CH9j7QY9D9DM+F8bzPifgrFrHsTJiYIzbExkfjIgbCUrZtYPoLlhQQkjByTguNeD3y3xhryvDYmNcPlrlbQ9/A4IurNEc1o7eEtbQbwJsaxg+VP5bFPXrzXjBk+Gj56KbXXFjMpUUH2Duxi2KS2PxYt6FqoQsESExyg0Th54rhoIQH8+LQYh+GeUPfLwjosa8Jphz2ND/VGcGJj6mbcTxJkG1cEl8l53yXD4vhDr0JF6YvsgkhmIoYyeVtFEnsk0JjJsLwZcPnJGKHjI1RTrfM4fhrwh/B3xSt7HMBaMMFoQg1gtRxGYLCTPpRXtwR0e8I9lTyXmxPyb8YOiyPY4spPDYxj7fCFwM2ZZSWaPW4JowGxpBsfJ8HEzRmR7BHm+jJhadiS8mrXyZr5Ifk8KlBDGOiQbAjUGJAzxN4CbSNAHocMrY1dHoG688PmeU5nwPiLS/o0dH2Jb/SjffE46FkvGxMCWsMQgdTkoZYffwMz4Id1Ed6vpiGX6Mzu0zOVoXh4mmPw1+A+UdlYc+ohs0EqMsQ1CA7iNAhrxFJfaJYGolEJe8DkK5yjr5b4PbUkP6QBgZf9G3Y3WMXxguI7FMSy/Qw4KW64LxDQyJn6I7A/2CsLN4GtGj8UUn34aj5Q+HzBMYtuMZNOChhBihBaLUIc1FssSqUzboZnVDI4/TBquJwvN83lPh7TRex4e+jseVb4b4681yQYxXW5Gy+hhxIZOH4ug9RN2Iz4fkhxiFo4HkyXszLLjQfKE1MnflvA5xsVMNAUkFwDR4GCMg0FE8mISME4OhUILB2Sx5NHLF4Tl+LMpXoYcPSj/XgdTxRfJcIUxF4HPDHDApJeHQxRZF4XAyegPhw94QmRIbITNGMLa8FhS4Y+LwxeHYsKm4mx98eeoQTeRhkmilVlNHKAUyYQg0FSMWkfWBLlL8cINHWdF5k9ITBKAzY36KN8zhMXMJyhBzO4zCMS4oFya4SFFlkV30OeCtMX6Ac07ES4fYpgzcyJuy2UekIDvC0XheOxLGOY6MMlko4J0qInsboMRyR1cQm5J0MgD2eRx+D1h9GSPzfl0In+ImalB4aZj8X8QgQVpsM6ZheFEE8cFpCD2LhClCGLz0DG5xKwYpGQbOARvBB4MApgHFkPuERTYmdj9OEPiygeTIYiKouYuNaGl/MWLoei0DV4MwSZUEX+hCgxS6ZPYvCeSlyq6KDqeyjDfY8kH8SFyJDZjZDT7JFyJRJgTikyPpwYOGgmJRDRjYUetxlNyzseTHTIUSN0LQEihDEnRGoYg3dFNwUyeUQKi4y2HrB6w63oVwGAwD0SI7QzYIaericMoNqPYBswfBC4EZheZ4fpaKb9IcMxzaY/hCEGiGTPM8UxhYHqFTXHMeCBEXBbFPaHNg6UfBeDY0NRwXKH2Y6eWO3BK6wL0i7g/wBj0NaKgcNkdh2gdhPcaGLsDxXtweehwQbOv6WOkFpHcI4MVQpkSsGXWPTAwrE+GRB1g+DfJCzQWzJRDx8pqIZCkkLsN/Y6i9iFoa4Xh+SD4T40NR+jEiaK9D9uDKKCuWJ7lRRcKQdQoxC0hCGVzsp9GDQi9CwbSinR1EN9YMxD2P0H7DDsK6DzoUCTuDUKroo5Nk0lRFVgnhZwkGuR0OSnBYaYxQtf0RJKn/B5wP8ABofNPeDJSC6NeGJBa98zhnw6UOzaBOw5RjGmNEQc4a5nK4a4ohCqZpo0h4ckiSooE9k+xD74SbnMDR7JnRzsYzfJJaFnQ0kOXOD+5HpE2CbehWZ4J2jIeziJYmQyZFDQwQ/2GmUJ4aMsFEp4hIdB19GKtYyCYGRaXCEbGhkbFB9cxJX0SxE+yrH2Dt+GFs+nAVfBGSiYYZOXOIJCRVDU4RXAhGg2OkwxbwT6PQY/Sx+qPwc/+gjVh6kaRj+w2jW9jW9mvYNmHpGmRnaCdBhdhthjJmEKvsiCTsjd4G7cSo8MSrInsTMkMRyivJMbT7DEzFn3IWmSCRTBFjfKwOQnH4bCRoSiw4mlVfQub0LAwzedfpDWWXprhBr0Eme0WM/BX6JRcNFwNScPAcyQ8BiOhHYhMYuz7RnYyewi2DaoQvQ5Q0HQOmyoaYQ/IjrTAPGClUbuG1ExUho93wi7GIFiU9gntl1hihZZC7MGOb2Zh7Bj2IMw2uNYHN0VQsiC+hvYlZlvrs65qzg98Lk2NRzghPQ4rp7Zmr/WSLdYudGTySioVqQpDD0NWskIgta4eihmINIQ0RiaBHY6XHAlGTCJCYQT2LwLIgyxseyC2NumNtkbBkiNwhaaCSYUEiNFEh0mFsa9ieoVN8LEPJDYk7CoWhIoMykPh2WTSMjbBcyTWBNdFNjB24rfB0LWRWC1zY0y4Q24/h/wMsCQs7GPHBEKHkMMMKnXB4j+wsGzoqi1ckiGk1g2GEI64DOMqWskVeuO5pwCH+lczfqFGuIRdHrEOqzGgQu406HZS6kPQ0w4mLtTBwWhsHjoWOj0BOO0XsN9OA7G3RZ4tZPsFgTRDGmhuExDG4YaLungLs9CEkSbLgf2WwLNDdQshfWSDOBYwGMFdDuhGRZDUTJmxY0G86MscSCJ7NcCoaJou1gZXInAx/jQjoJL0dsI/Qa6MaBPtURdmUTtoSLCEHo0QjAbdiWUdlRTAKWLBgh42EIh1sba0eiZdCWMiUfA98JswEhsbj/Q3jRHoboESRg72ihVeE9FJV+hk3exiO76P+0QnO8Rd4EjBRmbcJ7KErQ17IzQCt6Qo6GTqPsxD7F9kFRS0uLOBKLGkJCaaHro3yHb2NX1xeEJQ17Hn4Kyu+/9iT2bqH3iCwjPgN7lGZCZNwzBd0anfEjhHoz4QmE3YT7Ij6kOdDadCISd3Adhlob6LRTPwLGMr4KyZBlrIhxCDJDWYKOhbFuOU/0n/Zwl4HiG6/oa4n2GofQcYsiyITGyHeHqR0Q+wyMt64tVZGkshUmNUSC30P2V7yNsqPnLG6sF3xWcM6md0NS2OegnZFDbBtWGxzBKShp0FATYkdEaeWVexrKtiX2IEgwnoZhcCJ6GbQ/qMyWSIecgpfZHow0FjWLbMdodGZiJgYh7SFojVF54rRpk2XwGIZR6FoVfxI/ryIKnQYQR6krkoML1cRUs2KoXwHNeFEo2J+wvRkRp5XEqBDUnkKmhoYdDXiG5nHEbLBlRJiZovax1ZH7CFEEtPAuxscx5EqYssjmGTQnqZImPcCHyyZk0RIZJaJ9C9QgbQQ0KLIoGRKhrOEI2FLYnFHQ0SLfgo1kZBU2KCcuWrauyWw5lidbC5vIQpo6EfyJBH2QKhBDySsRLR3A7gQZ0aBo9DJwOgjEhV0yWB53FTQ4tLJHoekg1yC+0dtsV9jRiXAwftgRkVWRCwIvRhcdN5EuyozZZnKJKJTVZo0ewTYFHoT0EucHioIVoot4EcId2JDIeOBMuxULGsejYz7EmimNMR/R1ClsaaGW8HaLQ9qsfdjqKKbFiqELQzZF3YbqhTkMAqjslGmuP9FwtMlwNFjWKOkyUlGsjUEYIlQjkelUdNDFIYTol6GfsKLOzoDjsUKMW0h7UPazgVd8VDTiYjNBqVip9R3Q0TyGNcKrj0NE6hp7MGROWy3Z2gpi1DHo0FBUrsRdjSI/CDaiwFgYo8CyOPsX1xIBB9zI9mLstaeORqoMWxOsl6jga6FmRrNQRmi08CdcHTQTE7g0asosTi7aJSYlMj6hjQyKa4EN7HlBe0MLBZSHkZPAlWhBgvRNJnrEoL3klgZpEJu5Kej7TJsYG7IRt4RlpRLgLLKM02BN7M0HdO5MUOCD3DDkaBl7GTshoeCY7nKsjkG0OsSLe2MfY4Y4rbo0DG7JiWsMW7PuI2ETYTorwjFQpJjd4FbeWMcsYhsdQhFodcTpsmM2VTFholOeiVErEIQS0NcrIJZijAn9Cmk9BnISZJL7EkShD0sRM0N1TITx4IL6HV0j0Fp5MmxpKNroOfQxZZc+0UtsnpiUJawxxrY/hhK2RAtmkMGlROZseghkxQ5leTtBJ7MGSpRI1BFsOh3Q+hb0DLBCGyNcIX2SnoetCCJoVOJCOCYR6HhwDpsY2UIWhdIRkROyKMfK/YzGYwYwJZWBLpoKM2odUoY2SGexaqKUSeETuSWCMkoQp9HuQY19D5+hVUHqKnsmgt4Y2Q2N8IU6GCywOWzWPhEPBYHJC3EakKBzFaI0doJPDPsM8HRhC7o/BL0L6mhbI7EhQOoytmSRVYJKRUT0KbFoK8sfoiy0b0OOK3oqIWoM07JWEJM8B/SMgZMrnNh4MWxQJm9sQYCEOsJidIEW0ZuwsoLZvYmt1xUgkfhDio12JHSGDeYiVDZyK/oPYiqI2i3A7FskReUZFbF7C9DtO/E5NMSvpCmj6jIaot0N6MxxNZsUEgkqvQ6gdaRCN6GH2JTLKEdox0Ngxk98DsiitjYFaEDKYPYJIJp1xi4vkoyr0NehNYRmJkOeok0pKQnoYrRDlGRGIgyPRiGYQC4o3kzBAfQ7eey22YjctdCErlHYpX6P17wvNTjMXkfnEbHWL2Ocm8yeh8NGbFJpjc2O0GBSNljDExYKCDApkxbbI4Q3hC2o0uisQzTwX2UZfT42CZnLJTIeiWIR2KhQ9FOj6i/AZeR+ipbG0NJ7EC0MqoMEoeMDy4T4ObYmkp4LslOxJE9xGbQinAojLPDxxa6CGyqHadMz2OzOCvsxab5EvaNkLsMGC4vDE6jUuuFIwCCDUfCV2yMXQdZEO3VEbYzqKssSMN9i9Q16HfoRnxCOhg8ZPWe5jQSbMfCEzkadIoXfRkxShn/RjQ3jVtkezoiK62TsG0wh9AxjUskesGWQy4FQT0YMJ7JLRiHxk2PYcJiCwjEjtD2kBbbEREQrsQXY3NIpuB3hXDIrsaEs8NrLBdbkbrwE6yEsnpHYyBvLhBMzuYj8mMlDCFedobA0ZFPCMW67RUsjNp0KPY1w55KGISIaxlbIEB7Qpb0ZsIVBIF7SO3Bitn2iYWTBqwQnyR0MqoT2Nr4mxtjFfLHAQW6xImR7HA7joWMXYJfRk0NhRgMIYa2IkNcJZHuIfBciYMGdbM8h3fBIGQ6PbyM/UhYNNpbNoNfZmmtCr8B9Roc3keQps/glGn7DHYQX2FdIMkdH6yIaBJM6risSjFhMdjmiTHE9izpvgKj2UEWcjpascaWsSieGxsJZkWMWOyERsZuxZTua1jUdKBwFBB4kpZXB9AO2jdg1eyqUSUyx/UdsdZqiWghsvsP7KFiyIujpAabWS+homyhiY02I0+J7GzAyCQS7lK030NKmnaKdhDVCITcIlLBJnAr2aaxFLY5LJjJbEZBHqGJumdcYGOfsXBIkKXHIMYhl5aW16MBF59jRqFdjsVMMplDm+h2432UVo4Idk9wWoKdCxo30NWB/YUhhekxLC6IhrRPoS7IYaLxpTVcEcCSXXGgGpXshDQgxGYkCyCKqQ/Am4LZWLWxBCBuKyhsPRGQMaEsBmWiKjUFyK4QSt9jN0e0zOAt4SKGbD0NThOeOTxgmKnR8J+UDi5csMnIe6ikCRjRaGFJRFpCarJa4NhGBniYm2RpwcrNw4CxorOFDyRPY0Y9CNodpQyRHhsjbY3di02Z8C9hZYPYx32dxlZggAg8o6sDUsCd7Y16PRFe+hKiywNJN5IbHRbHTWDIa0ZHBkIehyhOJ6CF0uIluuI0k6pdbAncwrZnFNyIeXiDjCzASx0S7IxiLML0gUTeBBohMT9PwphAdJcmBA2pwjTvEkmP8AgVagmG2K82Mk2ZCVldSRooEwMSWToDLYaMPXsJjI34DJlwCGE7HypMRl9CjlwZaM2T7jE2QZHZpMnAkKsQ9mLpMz7BMwcTX3CayxJsNu47ZV6ETDJCbhtCdaY2CTyEvbZg7F6xHoSH0z6Z9UWogvjLVsFH/gliojQD0hU7Y7M7ZiYOwxXLkvUE6QSfQRCHeMJFwaGzZFghfPJkiibIpqE4FxklHtg5RIVt1sT9oyeRsmKFloZBXMDZUQS9jSGmBeomYY+hjLKLLN04CawBLphklTLez/AEJ/+CEOGNijX/uP7He/4Few6k/94G1R0SS0ok9L/RF/+RBGL6CXCJxeDZR+NFw0NQQyRmNJj4V9tEtDlwHKYrKVHRi2XA+MMAjQyQqSK0KCmVBCMUMQ2UOE0Q1iaJrMzpBtnszNM2GIhpbeRN7GW2R2eFkeQkNpMHqlt0Y4EoExZX8NbP6ZZk/pcpuKreE90IIg0QOOEELSCgjpkyLggZRPh+RcFwhIyQguJ5QXLVEGscHRkC1mgrL0N0EhgqzsYCrZcBpvNiwM7DceElQ+gz4Gbn2Z4ysDWBD2JWyXoJPA5qEt54nxRhui+yQq0S5jGPmWv9GVDf0KQab/AECVoRBpriL2QQJGi8QSIQZSg1w+MCQl4Llifivivocpdsa8oYhIWgwiyIJBXQUyMkJL+j5YFohS4Q6aUGi0PLMWYaJkW+GiIJ+4e28mgz6ehkTBRzRk8lpZkV2lEK7DV0/ziRbhGnp/owISQ1wmMZGKjpnjZCTwpR8qENMXiheD4fCXkmNxE2CRjRCYPaYaG7FLg9bCQjNlFUiQj0GdiZhYYIS5xpsTgEoyC0kMHEMzxwf4P2YKMgtDhvThYRV1wXHFREHkbcJCXE5o3xBiJ46KYvFKf0wJlExsU4pSl4fFLxSjeBFqMA4Um6EOJCGiLtGho95Vi8RH2ZoGEQlKXCBiyMQxbHDuxcFqNkSoag9a6P3I54nwYmZAfpj6jErHGhn2amXE8iYJGIWQyjIicTzviYzRdDH24UuRrwxfBOUy+CMQsZYvQ5Fmj4myQ9BGdNwyjlVMpCArbGiuBMAWjYscFNzBIZNwb4ZTE4BFYgJbKqBd6Ptwx4oklPsVGkmElihk6URRBh3g5ci4TKi8XkpSlYmNvwbGgmiWhCGRIxRvgpRcLll4viiDEOTJfmxK1svsZ0zakdiRDETGRi1houEqZcQkoPSBOoWTSN6Me5MvAqO4WncG6ZGJrBRsho0y0W7ZYtQkbhiP/MPjEfAoGxTlfohmvIhrhF4aGNDgSTQ8vA/NKioouC8m+TLgyFVN9CHJNBjGapQaHvAfVoPZGXQ+gihmAcq0mahz4bGOIgkJniIpZYwrOgLEEmOFoww9RuHjC68WcbGyNx6LkonxSlfLD3wlw+GV0ozASfiaPghgNUnDcNeC5YD1cOjYT7JFvbbFDJgjwSQ3BCirRFGBZ4NhDnREORU0Bqa9GiGBeDCG1qHSZXEI3EjFYQ8YvOUuwxGzYhsWeQFoaAmxPA8BxDYTfocW3wnhRPkxMRCDSHypSdQ1R+FHww2Iog4Rw+XsT8GnDJabcGuTALQ6qJ6VZEwdKWRqR8CyHuYro2DI/alv3GzMKEDZNBN4K6RgZgzKYqpMxfY55JbF1NnaGJRBMmsZMaKQkwCeCXiiEBJIJp6uNhi4fglXC4oxRkMfYwQxcoh8Pi+RMuOb5aENybAw7ombyzJdkV8TO12hHYeakK8yFzE4feMxWhlQvQfw2nXJa0PEnkdEYTEvxiMzAKSoi9DexTEXKMNGRQKlwKJOC0MHYzJPY4kNniwCtEYKMTKUTHvjs0VDaMMcJwwtEg3kpUQY3wPXjbKUvEE4QjFm9CHMoJNjmzJS+8WAf0wQz2MzoZxUdhabHthizlcEMteF2w6XLEGIaHXKMJofvC1SHCDO4Geyot6cFZSkgiPhoTIciTWYBoUamLFpihZCyELRUiSDfCEQSJl4wODgxGgzvG2NPhWjpiKIaGjLzfMFgzfCg/6gyujLJaYwmg3Qi2Qv8RtnDBF5IsvWShaRJp8bx8D0JGhZWRsEKdGQdTM2piwsjAstcFF4nL4ZsItGPVIgoINk1M0MHgwcazG4LIkMQTE/IQwELkRBZNNTQYY1GNBccNxJip8LwnNOMbFns2mhAqilmSrAMUOGZEJgarElReBMMhuP/9oADAMBAAIAAwAAABDO7UMS029uqevu5OJOwTX1/ESkg0P1TfDQf79eP/FhHf7M5krEeaGEu87bIaY5bNNfXHuQGgyBV02zcadOf0dmoIjuKnwc0KiDAjHPKaKYEQjyoGtbskZ37lIC2e8ke9kW/HT+vdlzxeviPO7YaKJNpLWnBtPH1WCs/Uetqe9UktNUE1MIJfM7DLCFICg9v9uYpMLf9PnQ4XPa5X15sSoNsutdv1s4rFf9nlutMD68AvZOjXG9sfaCoCvdnV1/FUiW2/c7uMfklKAtdJd9uLOKRcAEHCxlgTpWjmMg4Pd/cHt1W8Hfn1tvGtMjPcUgVtPpKyN8c9t91Ut8ZWUeW6m2hSeqM0+JxfNcfOWxi6ffv/FEOazoJl8OnmL+UoFhiRoI3+fJHu89dawOQstHUSxjitt9FdUXTS32qTU++poSTK2JW1l2/Ko0J4M2vrBTddXanexA8cdUeVURLRUgbrFpScxAJKiEU9Sub5KDE2WiHN9+5YfO0nfdMEdlF/5laDTpM4ZzjpLSfoCUEJI1obl4cXKln0KRUTv/ALTr/Lz5fH/PKqMQTs67OWstyHEK/wAxv55T7P2rWuD+R06lR5/e37mkKY1nbUoKhkNbdqsDvh44cRA9S+FWIGo2HiUV0UT+2b63y8VN9qoHYRQqLaSMwcNbsdAdT158AqELQ8kz4V+cax+ScWS35vcUuILfhWjUYhw4T3AkkjzQ/Z10rrrH7Ty2f37077Xbc72ouMCnW8UboCPREGU0fGx9rwdwRU1VZF4ybGPeVT9U+E98eMdnJu9/EcFpgAUXfAWARaD+Z2RlXtSdVc81e2SAWi25y5IZy2ez12S6n9tnn/kYUflJ8PsiZ2HhSqCBoaUVrT4e+4578PWTnW37+TH33C+bSnAax0/Yy9+K+9FXaiAAmxvRW1x678lYMkoQw/YLPHawMs/57edP/VjymQGh6n8rLvf3e/7h9006ltQBPdT/AJig7n0HE/NsPdVt9YY206gVnm/9ZyHA7eZ8fN/kbNPFgTAkK+5Gi+bSJboAQaJOaLpFX7J688sXHZ5WvNQw7gb1Gbs/h+cIzYVrt5BnxH6Dk0UxWDuCaBWH23Fn239cxib5403bUNnsw0/nGtjEdJ6McNTgvwy3/Ef31nlxZENaOW8GUJCKALtHqpHT23631yKPi0u+NMZVI9XhdVctEs5CFMykZM9xXDdPAzX24F6a78B/km930q4XKTnjRT79P8OfhEa9xdMBRhxSPmcq2OyiULZVxhMG4OC0YOViMotKFcv/ANKtkBvOYpA/wWIPxWQfF1EHbu2+3ggFBsLguXeGIquqeFTNldgX452vB/CmgeVCn/hDsqwSRZn3cV9x5MlBqdkM8gf3xJiEcVt6qvfT+gkCHB+TzS1fZEk3B9jldNN/lVjDJDBnq/1+YYpvLmgn68tqQwe5r1r1Pqmo6Z2GWAtjQnBt5VhdufFG4zMsiOoZrVA819Uwitf1n5rL9QJ8nabgIuYoNFuwGG3JpDOAb8ruva5K/O9mYkiYq87dFFhv45IgFME8dnwCvNhufbd/No0guJkfaZpWN8Euc/edqxgMocNhF1MZ6EJ7lWC6W4pRxRXElsIbXUJAVfEQzOpGaCS21Dv51CkeP3zmdvzTPzF2p1YBIgFdvpomXLN2kUWq9ga6Sa/HTxQEx+rfEQ8Ajfrz9jtoznGESEcHY6lVI62so6agq0qqaohBdpAJKKCnJlbPAnLtXt18py/hHhlofbQIrv00IAWf5NHuLqx/XO+Io+Vt55D3jh8Np7SQXljVazy+/CGX79k62ss1L+KFhLmKfwZyKqNXRgcKnUrspVZlDhRmlxfila/+SIe0Ps/h/Lro/wC/EbvDcKg4Zywk5JGl+TV1zrh8CXfNTS0tokOusRvqtDDz1x7+6JMI6O9fj4ysUWa2hqW7ibIvCyRFGpuN9pjjtl2yrulK511VUb/O5hirp03FL/mjCceb6IIWELUR3eH7aFFauEo9fb9AS3zcWBW/KwwETF+squN5dDgFa4UcDQO4bm6wTqlZ8tETZa/FZ3SSYeEqsUMhAHwhtB9mt0HfMaTfG7RaSFPZ/YnBG4T4oku35VUnVIO4is6jkJK0ehEJVJQd/WKcGAja9CY6bebhVimrBy2BUR0guxSAJKDO957hHME6DYl5YJPPfQ5DvbCp/I51y/Sx5GRzRGFvCOkpMBd3r2hk0VZLs+ny2hZQKJbQVRwRabubwVcaMmY6rb5Rrm99GYQc/q4ZOK/npXdfHUaNPTaR9XYeD2V5fyogQOLSUanmbzVEs24bJ333wg/YYg43fAPY3ffQP334XoXPQvHYP3QX4P4fXPPQwnn/AP/EAB0RAAMBAQEBAQEBAAAAAAAAAAABERAgMDEhQUD/2gAIAQMBAT8QQxeaGLpix9rweTViGJelFsJj8YTH4N6sXssovKE/yXUMnE259PhXty+17usWoYuXwh8p4sWP/Iii5mNjLtLR61xRPyvF8Zw+lrFiXcLj8L3R6uEMvikTxYv9CH4InqvecwS1+C1j18LzQ/BZCei4eLlY+nlL4oYj8FCl8UQWQhOVlxLZ6rENCRCeKKUpS9tlF2iedWo+jXD5pdRS8UaELH7ohNYmhk8rk6Q8WX3XLFyh8rF2uZ6TViyYhj5usTGLGTwQ3k193UMRPV+yHr5XaxPqZFxBD4o2XwvjR+Ey8tcsWzqlz+CITWIfC8UMXLxDydQfgun6rFr4RMuIfD4hNWvudo/vV4WQghky9fzt+DQl5wnbRCEL22Lp+Kfki9Q+bRPFy8SJ6Lbs5RMpcouWhLt8fna4S5SH86vDJ2unq9KXUQff3yWraXhDZb5TKfRIbGLpIfD5WrYTliL3OVr+C6pfCE183i8SCGTtIePhcryfs3xCE1C5hNvd6ZB/OHykLJ1+8Uv+Fa2PYJE6WImPil/xTid3xnhBDQ1w/nkmXaXudUpSl7omN4xDyEJ4MoikxDYubC9JDP5jxH5iYxDQkT1SPwpcSGhei4eQhNQ2I+kJ5sR+YkNMSGsfrfNDfrCH8ExlaE2fuTleF249W31mUQ2Mm3J5Ut4XE1ISJ2hkEXVqeXbk4nEyl2EEPhPh7OIXHx8L3BEH4pYmf0bFtLjxrE+KQQxDF4Up8KUosutiZT6JDWJjL3OVwmMXFLxer0hZ9HjIIj6Yh8vVj8L3cerKNlKN0Tx/6p6ITJxPwnpCathOni8VwhvWy+ay6vJi8VkJsJ+CGIYnwif4UNiJs5SJiGKDS1Dxi2CPo/8AH+9wWfSDIt/gh4xD5P6Lv+CHwx9fwXDEPT1Z/8QAHREAAwEBAQADAQAAAAAAAAAAAAERECAwITFAQf/aAAgBAgEBPxC/ifpRi7QxCHy8fpCMbH1k7o9XCLio8Qy4vaCEJwNdzXzBIaFkykF4XiYkQRBD1ohCDfU2CJlEthNf3yh9JaufgZCEIQYuryu189whMJC1eNxoaF0kTEQm3hLGPiCRCE7fCxiyDUybMXbFt8F73hn2NQT5XD7axEyal22Nl7Q1jEMg8Xq9eMQli6Y8TLytePHi8l0xDFxOXqEPhDExiHqxeK6+T5GLpriERRPC1D4cPgWT8FKMRcQ8fYiGsTxctC/NNWvIIpdfi9RCdvxZSkFzOJwsvTRCC2eqHlLi8GLWxPweX8DxjfC1Dy8tjExPWuaTKXFqy+D4QvBb9jJi1fneXaLKN62LGIeQpMvSY+IT0hOF0xYxYuYuP6N4hi9Gh0XKWIZRYxrGxPFy2LWLlvV+J4mXGQbRconrZ98MQvsmPaLwYuEPEUeJlyDRBERDz7QsWsWLFs9mIe0Q9QhvHkgywQkNCFiGLm+iEvkZdq1i1DPjaU+xbR6xZMpOV4fI2feSkXBankIPo8ZcYurBfPC6hBoS2l6/osY1iQlr2ZBLp/IuEPHxT6LcSGterFxCF1ohMRZ2/gXyP4LRfPixdMYlk7XUxi4eMQ/OYhl26kQnUnEPrbcRceUkyfghBInN82T3nKx6tu0vo8pX0sfCy9vUhrJrEP0fo2Ioh/ghPCDRMerbiZRbOkP1pfC8taspRMhP1wnMxiGQguEP895oh8XUPLq1i9UPwm3hi8kiE1i9GIfVy9vxZRPU/J8tfhnC5aEuJ5Pl9XJzeb1CEFxSl2cTzfc/Eh5Bed6mfWp93mdru9XtcPV4JbBoSIQmwnc6nUEPVwkTYQnd6fHwQfDYmXwWMWwReKUv4Vr80Qngi+q15dRS8vtFKMWsXmuaXiExD4fLFlyeDEvFEIQhCYy8wmI++FvwTzTL4LaUu/YkXKUpeH9H9jF+FZ/PH+Yhix/fDxZ//8QAJhABAQEBAQACAwEBAQADAQEBAQARITFBURBhcYGRoSCxwdHh8P/aAAgBAQABPxCnyzkCXbsubIsjIJILOyTKWQ/AOT/V/n4CD8dv8jfr8ZslkBbZyF+uR2yywkRgLD8CSCcsYJDJjJ82nzPn6gPmQz2OM9s38f0s5nkLPZPuA38MFvGZxYgc3J1+Hpe+k+y7fMFpuJPuwnG45eRiSNy9sNEwUkGSDlhsYMA2FyzbLbbLB/GQXjDke2dj3c8kRxt2xgZ6+XT4jZ/sBnfw5Qc/VmeXVyT8B9wd5Z2f5Y/Uwc9kYLJhbJ0ksLKcgxnREQfM8+rdewH7kL1sAW6+fjA3FkSgzs6XHBZ8Fr1uXLH5LBLm8jTwjXzDPmxfm2tsON90GeQw6xpZ2EHEftBn4ZsdyA2dsEDZIJOQb+AXFlmRGbZnzDnxfMuOyb5CPbIHYOyI3W7fMGxiHN+IPpY+qZHGsJ4QaQd9s/cH7nnzB+44efgviZsh5NkLp/8AAwsJ55eyfEYmCDbNt2ePbPjZH3YPFvobD6wY+5O6F8/UcMHNg5BHvZ68v/becgeaZDrIOJMgvYryCBthYs/AaWcggmHspuRmXNmCyixYT+AF6Q9n/wD7LQ+7FOas/QfJlW4/E2WR8gS/39ibR6N5HgnrQh/Yp1GL0LO4/wDl84Zl8B0kNs/V/kc+PyHzHZ4vUknbmykMtnb4luN8eWb8Xl83rZ2IgmPo+bz5kBIgDqWD8QaYSYzq/N90n6y8QQn4/B6cLXcyzOkKnGU/Ng4OJYvIU9i+fxllkQ/J2zL5t55ZvbPwBTsYTkhch3Lo9I8+i9YxKldh81GWreG2qRfsh63RTEKHpPu/cv6tt94eQT9KRs4C+C+JHYtjKv03E5wg7+EgLD8Ny3fLvzMT7clNtJby9ssJtk38B2IOWSPfwPbhjH2OP6/CJ3dPLScnHxCSO2/GV3JRL8w/F/V7x0javPwG+zixiB2d+rGdIPq8/DzJ55DzsRry78wFgSvHC5mpAfWR+B+9cy6tTkFTB+llxPg7NmD+AyNJ0r8toZmzh7A+J34tU6w+0znPz9zcH9BFGg4j4g6dH3CP6sy/279X9TuR52f1byZ9mDbJ25JrHzdg32Qnb48u/E/i+mQ/ZLqXZ85H3kN+J/TJPyX+Qt8F+06e8s+Bnv2/uTCAkoeXU7OfUW7EGkc8k3fmJ7+Ty29Y4z1g5JdeRBtmS6xbeJWw/wAkCv8AyF+j62PgSLsO/VS5Lrum/Nj42xTNjflJ9wNteuSri0/gmXspCIHfRjDjXjKA+vSJ4b3XLPo/QIrhkMhPqXkeWJ/Vlxe3SP3M8g7AY2Qcmyz92P3dg+c/GNcvfk++SNr7lSY288nVlGmDPizu5I/V/EIkIHiTfY5IbHv+R5cESc/GX6v6sjWHbbN/Gz+DE63nl77AWWXhy/aR8iIEZ4iZs3ety6cZby4IeyciZGIBgdFh8GALFtRpYmMIByesJE0dSWIef+SB6YtQJD0rowRM+kxsRjSEej7Bnx/2BNKfrLY/D38Ht8/hIH5v/uxh+7lyfbD5tIe/q9uFaY5k69vHLrOSHywZ2dXyD6nD83MtLyF82CfxFk8f8vEnImG2ZZtifMce2lyzY5OJJHPZB8svPL+3Ifx57Df5E65bIGl8CxHj23vmEnYaRRx5a0DFk4GR9sHgupwQl9goNib9WBfEdmbVfMicHM+V2TS6gyMjFH5+bRRpkeMSEvRkNrHmanjbZPmOsOwF8z+NCHXy39XGwnl8xi3fibML0264n2XPbY5CJkx4vFmfH4f5JpJ6yGsOLDLX8GQ6/k5P0IP1Y+pZ5bHOL1sdiYTZyfqfI47DJ9i8uMg98uA/pOiYaCxufe4qD/pIDy0SSitfVZO287HuQZ/BVfGVe9y7PqxA/l3Xyzv1Nn4PBjp72TvYfN9/AsGxfORgX4nm/uRV7NkPJIn7hyaJ8kIMvxvL3B89khLn3rU/svfL929m7GZYTjZf2dT0ufMZMO3C9j3y95HWzGt10njsB5CLds5MQyAyZAR38gTMh0iG0HPxv7uvmGfuxhjYL+M/dkF3YJIzC68jPvtj8kkv0xChnVmX/m9gtMe1tx+sb1EiGbPQG/M7rif2PtASGADcTc/UgeIIku1/Vt3sry5b4fYAJ0xI1+NbJSmzAm53Ic+yw0+9mxZiZevJfDZD4bD7oyuiSHwv8vhHX5gPXen1AnZ9+yMM88v/AFPlsfg5Iy5HeSZ5MDIb5Cf5D+7Spt9sTlgfNut0+LN9s2A4zZG2IWbD4swv1CcuQ7Y3z8C/q/UkGzt/UcbNm8I/CmRl/uSGfIfdozwPXlgifrYKG/o2U5PPtLns/ZuOinFx/wD0l1eDj2Qqqn1bu7tru7s7GhJzC1zcLR5b3YJ3bZYhwAEfm2Q4STpFF34mdrGjkyB8yXeTyHZF7MznX+z+AWDnzE4LP3H1ZQbCZC97y8BzM2RPPJezkE8/G5M+Y85+E+/wTv4O+3Ni7yTsY9bCBst4Ts78ya6M78QNjtne2B5B8/jTYGeON+lx3cB+M1/A5etl42kdZxOQWYbGNlvfGQ7oeSAdefaXmJ8p2tfa7yri0YhymNeWqs8bwtc6GwMzOxz0ID5J9bYh29LE/sOTTnlit9PY/nbt5B3z/k3o/wBlh92xI6Xy0u/9l7IxjIP7IGhf02xU/oj1x9RmO/syRoi58tj4n7M5eRs72Xrvn1AEUaE9xwbYJxs722/s3j2TYPh+PfbhYJ32NPqOrYbIPLV3ZgI9k7Z+2c87GHLzy3+xuRjxkLdsMgG5kFvwlsDiyONj8H4HPwPbeWbI57FgmcEF46eSshPRes+/Cx8Y8o+BjZl+inqS5zYyN2Q+IEf1GVv4lnEnV5mU/WXtr42Dp2NO52fFlfiIgL/SAlfxNhrPuH7tyl6/rlztZ8ucmXUwPiz2fJex39pC0P2ywP0A2ZM9tsmkels8gvr+AP8AU42/DjOzq52AHVN58Sa+9+5MjywzsH0sLAs+bEgvkHI2Pfw8M8W4kl0g2YMvUex7Jvk8R52+Y8n2yV+ARccj8av8jsHxZsFxaXPu5f8AkDh6XbFMMEXVO8yGjG4BkUbnGeWpgj6iX40LrrOQ7mxbjtkrfDnkR0Mnfb6rPv6vJ7di/wDLUM6aZeYf5goCn6sNkf5aDgf5Og4gNHj4Li657ka9d+5Hm+Tunkq0H+knS/rZ9Hn6jA/c6eFwdGOnYO8YMz+xm0B+7AX7qwQwm8t55F/k89iA/l8+w/H4Zy/y8uz1bQR+4Ebn4H9SbDnk9Qx9/Cc5+JgwPibskS7xkQMtjsZfMP1H4Ng2Yzu8NlX8FozejY8GgZlskig/qMvy6GTersvzbOdeCGgke8JiNn5O3WnzLP7aPbM5ZTXfJSEn8gRRiIJThGgTQobz2xA7I2nIkDh5ZPLfDJQ9lsI8gjkb05KfMjOGXpanzkvhKT8MnB5LmPsfkvExYm4edPhsks5C4I/SVzhdPi7vl48kh+I63XJwyGQdwgvI+Umwz2cyD9/ghsbB7+E/GRNxPIfv8cSD8HGyd20+wt9k5fohVOGxBaBAP7N9gbaYkn1k5ZOBB3nl32yxukwuqfUNQslPo2CdZFuZYXIgeyc4R9EEEAEZB5YfiGci5GD+sH72GAtz9FzWPCcyB5ySG39ytJkIAwQHJhTzX5jMZr6nPgSTggHlw8nfiKPPurLcmfiXFsb5PRsn+79WZ+Hcg5N2NX8aWdvVvNhL24Q47Pbc9jY5qQ/28+J44TvsGQbrdy/c27P9h32D4WfdhthkGMwXzF83x7Y/drD+ot5GZIEddL+227p5eY9lOnmXDl8yyu2uTDsfMmpAH2TvjOnjag9ZB3mxanQ+oAgl9GSH248jnzDp7GR8lh9QWpl6XsCjCEHH4S7BasXJkYT5u4voySyoWMP7cfRJ+rCcsfYVTPSXauKtiHuIU63j+UP3KR24TbERk3S0kesGWGXjkG+3SGZeeXry1+Et/UPs/V82GwtjIwGXLDdufj58jv4JBMtsvr2SI6HxBS5df+w7rw/t0SAQMcPt10uNfMqnsCfM7k+xni2n12O8bTpCDysHZ5svhPzkci68Z8gJ5ZfmT6ZZJmZ8W9Z7d2OSQLU4J4Rf6fqOdI/c/wB/7C1eweHJfJtzyXfxrI0cez/SzxfD5gRkDxuwawYyXxf2CzvtnfYEDOWx9hdt3y/a+eF/kuchN7Y7yOF3fw7AlkAiR32yrSHEEllmM/y8/CxJ27JZ7dTkIbIXTJ6ryi2+eQpufB+59BmsIs9S5LyfLxIJfrgNZcIXxHNgRwTPZA6FhtiezDzyNX9XXzeocg/NwcZmmNrYImoR9soN/d0dot2OYORacT+WFunxjKfjYL22K9ghaxmSTR9LD75LzkLL9fjIGzvZ6gm6jhHPwe+TsD+HL15Zhs3x+F7lj+ENvxBeXIgmWmTbb29ZE8s+4svOQR2DOm/qIkDr2ON0wtIjBHL0n4m8/HLP4Ntm2l87bDligtQOQHgwACXNsFMmGvIuLsvEPm0I5IJ3Ibt6qWkFyd44/Vu5z+JD6H6l5P7wWg/WCKt2euT2JN0t/F8vuSmYtBigAWGEY6sDy+OTofhgvm5aXZPYHbNfZ34Y2V2X8FabCfgNntg9sfE63EBl5dO+F/khCzJviHPS9sh5ZthMZaW4HW5GOESoeA2bVsJaPsY5ljXYMt/JrEOC0WIIA+7sHxNgYwfEbZC6Ed0cthMuS/VwyOR05D7vnjLHs10bwA+p2Bf5PnO78yg50lEQf5LwM/t1x+L45GnzD3thdJm8HEhPuIRjOtvrQ0sH9XA326PI87LETm2FgQfuPsHeyM9ljby1+b5nCekOwuz+GS7Hkm8kZceP4aTnfL2dFo/GQ2xb22HfnLHH35Z1M7k3f8MHAX6fVt8HweMwhj04WwHfk+SQOPtkQwd2yOsN4fMxb8wmC+ce3nFnQl4E2mPJgGMLIyPuz93DxtZxjX1/As5PnZcJNKf1yU/sstUEQxtRIUwnpx5JvI35/DOcj9+/gF3eE9xitGAy082aPWfIy+IIPyHJ7eEvb5t5GMieX7TE5K7n4BsheXBYO3kmyJDjYW6f8ly2Jt/GTyG5NpcO/Fjs6k3Jl0YcGKkpeDmyYFSPcY9uGxOHpzf3c3jKQ0j2zx82xZCIhzbN5EOOQP6YfJyUnynBmYg9HkQ+wjeuh/t1gyzccWHsN/ZATQ/2R4FsactHxyYCQCzme5Nih8ifuwnl0Rxg19hfxzIuZ1/V5B7JOmXer7CteNA9tFeOl4mN3+8chz8e/j2bOwGdlqnhdTyx8z+p4GeSs+x2ztwet75Z93Piz8FT8DidVFlm2ZGbJK2ZmWQgib9RlR44xEyivHkkUExDuiJ3/bDDrrC8010/v412WEoRtjvlsuWy83/cLFkqBki66WM3HvlvCOeSJWZIQzQDCZuv1bhvfDtsz/q8lrx8gL/xgAWkA8tnnTYxx2fAB3k4HiBztgxqHBtnINmfUqWR4CxxLp40hi4GJoyg+lEtZXEb3Px2WYjv4SfJZZPtzs8iJo4yQy4b45dJNkyMlNgGCDCSz9yfH2L6/GGENY4v5HDYdsPuck7G3c8t+yR+FsdXbsRnIeumq3iQCLLiVx/sebNnT6tPcWI+IU6v2/uFfZsgb7Ei44t73W5De4QiYD9yca6xIm9uvUYwHIPQLEjT52aHHz2WP/JjWZ/WW7j9rMe082GQX+SAaibzh+rVN3LMB/dl9xDwtqSn1YGCeEfuJ95IQ1zGB0xrB5z4m8w3ElIcWbNjNr+0nfzF82ealT/Jku6oDF8/BP4O/hkkikLy3PI1+YIbueX9GTsaLyUeXvYDLqQH2P7K51upxvrkJOt+pYbbse9g+pGNu/dn23EsQeZAD7gkwsz5RhhX2nU1OHhAk6HO/ENLu+JZC8U2J1t1tLsQJ9kIQNCXPjPkGZA27/LuPkr4m/UzMVwWRYCtk8yH6sUcfqHIx/YExB/Z7hB9Xjv88kIOCEwdW7I9k7gXgbjT0EnC/qszh4wCM0tpxycojCujEyz4f8syDf5fBF8LgqiB/l9fH2BRBhbeXI5+HWS+Ie2QLUaWydE6scOyc5Z+CdkGAG3Et5y+Dbex7/kDnkkfu6eSmFbptzcvpJyTcwuXv/kxKVrtw3QeRPXrsQZ/9mYRBkRzNtBTRB9geHp83U7J38cMGOXhLYk8YQtlZZfXCHD6u4r8R9pv9t1rH4uh8QvBIn0ROo/l7+L/AHwsLlbhk+Qu7r/+TO68e8hXtfoNyBl8HZAff7ae+Rxj3YO7KN1SwtNiHHIcTfiyjoE5YWkDl8mKSdcewRD8Yx8zpCUD35tch1cJRqHhZN49k/Dxb+HdjY2WOTY5sneQr+D92Tv6t+7vwcsd7Ywff4A3xkfqdg4bcsa/lrB/GqyXls+z+F8nzMzmG7FrCmH/AGEcBLAzxuzBnHY8vd6Pu4+j/VADdThIHjYYBDMeLC63ZTlp1bcXy5wvl7GuvboEV+L1wZXp/cnWlsTgZc06ig8tvPl8IujbNA7A4mW5epFOxu85C/6hdm8LJ5aQBP1sKJrk7jV9/wAsmSEOmnkCcnwfiVvD6p1imSftjqaBIRxKLxETLvStr6U2fI9tWQx3v5Qzs+v/AMSc+Y/a/lveyix7YMs+Sw8z8Ovm36v/ACW8QbIfEZMfxl1Ownz7KbfeWucwbYV02+Sl795AYgHxLVuxHAj5AfCEMYg3luM2B2zcYgTJLh5Pr1j7nLAtR23CuR0GRekcZ4H1KkGn6nwu/OSKfUSAdkzEWqphyMJYbBFdjmBmWx4T3yH3AZyGRZuSP+x5TeTMB8rRYx3JzHH6kcbv6mZAfGWhYQxdtB6/GwX7iNbC3BLhPpYYH1b+r45Zvv5F/Dp/Lo5N1A+SGVz/AODOwG+/j1Mv1ZpZ+5Ijy0Cz5lWccvE2p9hIu9yB82G/jmDctQAbGZ6kb+pzMPLmuEhj1wtYeClhM5IQW5+YSV3loYWx2SThH+lyHl9/MQzzIxBzIbQxsZOPZfLOYH3ARP8ACeyuPuWrdHPEnxs3EsAjsNyDI8h2XGQObyJwNXb4yLKTuic939Qnxni63IUeg9vP4/MQB5cgGMijw3Dvpa+4c6/hj2+Yey3jloru+QdhZl8H4fZw+JD25e/g4eQmWcs5L4htX/g/D6n8h9xmz7yx+IdceW4R3tl185DhLvkHmyjAqFmWRf8A3YgW04Cl5EMKyPSRv5uOxfCeHl9gLQx3fjJ5Fx/cB+kNetl8NSGfpGnkS47kUr/iGtEBLsRciLjCS3LYOyW6fYs9uZ7aJANnhdl9l4pL2VQhOWBvRgRz+ieSn/5pbaA+DySgb5LGSnl7A1+rpMWyB07v/ljPLeeQ6z+1mWu3zsdhl3HS9t5+4fuZd8nCdvffwSOefh8j2Qy7shlmJLeufV47KSRfEfuBeuRjy8dmEjlsmt4gN5Bkwa+2BB840Ovvlt3EBskSZ3DPiduLI07EjtjlL9yvytcf6/Ue4r2JNcmd8WU3xah9T75fGIunT3L9nrLXET9TIf8AmxnnH6uIMPO22d/McyS+SMngW3XkI679QBcTGWD3kjJo6b82Cid+bQ+Q/kCbA7jEAc4R8Pts/X4hzvOQsMuGOzBrfORgXVGuWPzeMsfhxO0fwCOy7+VJT4np+A3EuWzkpNuE7H7ufjYBkb+ELJG6HWwYX9mza/8AFG7qfHd/hcojTMf5MYHdmEGYPP5LrgwUekKvDI/C2+QvguJ3GDtxB0/Nv+Q2GOlyb9RgQBgYXROSah/y15ZFyLluZAGsSHe2j7G42ClueX23HZdZHwbyIXRrdTTmZbsCbloNiEZzJVFIr/ZkWLhrZo7jS69/lxd+oX6/DbBtnGPX5jVodgD4jPqNdC13vxKM7/kc9jGwJSMz9xJryRJdDYS9fyUsHLv1ZZEx7fMn7jPwLT4QiBl0ML+yPgv8uSB+rgg3PiU+o3l3kBnbwvR+Lsd2w9gac4MEOIRpY3O3As+W8mOsgLkKXL6/M3DbvxCZL9RNntqoyHjBjj2BoXL5vsFa7dvm00Nw6yD5tHd/EzG/zFhhMNb0ANgEzOZZRzfMe3SRchd25zXg8bqCgbFn3L9fj2fxqzkSe2FuSaeRu55Gj0lfdo87d+2B8yfiBfYJG/z8bDnX8WiXZH/CMSclL+NLTZRJYfw5PkbOxtr9SuPOXAQ6S8eVG2ZObDsAZpKmq/uDFnwPSGF78OYyRh+yHOnIFuSPFhOXKctGdfiwnOS9W/gHIH4n9Z76R/C3Rx1yWYIeFtDSO3+Wzo42AfEv3EYwWZQ4ewnetg6eQBWH1ucA4iYUv2sp7yPWfPbcljvk/u0gvi8SdRuxuR1viemQZ3Za8gkhly69bH3Y+7PwSyPfw/8AFZ5BfpEgpeOXTtw9uWWSXxH7tPi/t56z3g9hyEQbYL0OS0hsxXC9Rvy/4WQpzBfMhNlbgId+ROg7jcIbP5S7q04vGBw+LeamED5j4G3kN8ZOjs7+LfbNfu1QNzI5yTck/Ug3BaI+bq5cy+1kyOQUXbGqAPVjK8mHy05WV278zxyYD6n25B+CyUZDeW8tk5cr8CmQOXrtghp+oAcldjvthOQfRP8ALI8/BtB7OPk+X6hmOp+pF+bpKw+5m9LKZkm3on2GfxnLnyWr4nPqczhBoPiJ35nVtA9W3F4Zcrd4fiXlk4e3fSNfAyu4Pstli2l0ASuGYwHfcggZC+TryI92DmxpnzaXYDHTyDvkPokfEDLLnBBhDEuQIenLYvBy3KvhGdGdMHPJslm9i76CIOI7koeWD19/AyQQTHtmH4Fvi12DnbQtJCXmDGbJ21eSPxLseWC9kAyWtiXv8JQZz0nOfEn1ZvzLnvZds7rfO7Ls+3k/g7PLZ1tS+tskfQ9g2sS2Pz4Z7aPt4PzIIezXsX3vo6ToT0GQGel1g+Vn7gpDyyHSKN7liMm5uth5iybjZYwy26WBrMi1AZjyDkmw7sUeStuxwjtkjHJuH0t0ieR7vjYjQ/tyetsSNMxvmYeWGcL58s2y+L5mIO7aJkfveknNjzrc+ttPi0PLUH5/Cu8v/u3efhx5Gxj829l5EVW+h8R0HGl79J1k4fVuXzeuQzZ+N/CcifbLyXnfJBR8ZZA4B3/kBNoT4ux+IHj/ACBYcs/5BpEfu4hCB/q9hGsdBXY4+zOl762bZP2yOQ8tQc/dpgPnSxRP9qTiSPCP0Cfd6C21dv5aIzGNhLmcexHko5bRy0K0ELsfL4TVn8nmvz8xkO29PmDwQYW8viXkeT/Ycm6wh5Ysz2nxOiAL17OPzP0ZPts/d5cdv0WayS/Ua3bELW+YYufxPUMeBsCOweG3Uc+bOQH4O2NjbM3kWfgmdf1cTPdsrRw/9tNHhX/JywAY0c40jm5gtjmukGEfTCBHx/Yw9f8ALr2ExydGPJs3SVYJ+2cgHmPi3nh16ZED94EZanuMf2B8QNhvmJckLNszl5vhtMiWdsI08l521FBdjAfWwfitTBIcvImLHM+7XJfcm28v8gzyfbi9uQfVx1PJzD7lYUmQ17ceWQr5vJ73CB38ZjKXiy/LOLl83Q200P2LtEQMajcFlD+HkTZn38fH4b2bz8FkrM6f9veVCcLbmE5y36gOszh9Vx0YND8t5osxI3s2wsgJIZ4fSXZxhJjvNTZTAfk/UKEP7k4OfcZrDFr1Ae7FuMwG9vollP8A4DhMyTxaEZZxPVth2Vw/7Gdi7uIhukC6Y+oMufjewyWGQDHPJj3PUQ9TPwdJJeclBsvxI6+bW12PIRcI99l2zbDfY4rLoxOwX7CfgTl14TyIYk5DbPse2RZN89g24w8mD1YzV7kf+zc9Rnl8PxvxBOcM6w3e+/8A/CIrHwb4LfUeevnL0AJWO7smzg9lfq/rLtALHaIDa/tYytyH4cvOjkZZL9OfMN1xs/GGmT7Ln54S8iHyEPbtr5C98kCFd/kZYwa/7ZE5jhDoZy9bv4apfF8SKwJPeW7dHkez6GyKp2F67Zp7+Gg8tJqvhlSvn2HluwvzL+7T/ZXINsz8A7aVjY1GCQG7trvIOwfgBckLCPPybeXy/HxE+XzKEwwPxvbjAvTsgCt8XfQQU9zlyJDP1ifs9Ztvz8pMmYGYfH3J++RMF+sWUNfrG6/uxnd7E+4PrOy3+8m30sTx8QAH+XYd7fLdAQbL8Af7HZT9bCn02NjMJjyO9l7ZMjYEO2frIYfcnIQ+icPS9Ir3HOyEg+2Gcg5JfH4P3JAsdg/U4tZzI6cgCXPY/u/6l/U7+OJbkthAz9z7PJipRHqVIhnpMYFswIrZfDLJMA+o9jUmWqWOztj8fEeSWXjJXf7pNOkd8R4gHZEG7B9JUB3g8g8p3I3JD7MHRsP9lA6WZgQ5ydIAuvuMer1kerfJDRs3I2yxOyjh/jLqb/1MZpz9z7p4x+gSqT8tmAfjIEFPyRQOfNgI8yE38WFkoBdRHN5fXacG/EcPyhjk2+IeXxeH4yzsEOWv1d+YeyY3D4vYcZdfqXnJ77ZP4YZBYQctn4QZBtvzO2mwe5DNPoblWk26xaQC82AD5Ey18XXt5ar+APz8T5+Ht4d7HoIfuNWBjsCU79BsOGuPWpUYnXgWKb484sqNXdv45dfIPs2OHjqD2d8rEb/mx7kSDso+FSLEnfAP+2wWvvljfpDsW2n5Q7/BhbHhsoXGwZEYnxCvY1Dc1gnZM/8AtEtmuc/GEG/MITMfIHKB2fIdLYn2Js7HkJa+JrW23JVPYJ7ctA6XXkdsn3JMmOPZ+jHLdsySVOnxZMHLbmPjI8UH4CNN0tCMf1Z4gGxAHRtrV+Ib1jps7Bl8QXxfPLPv8JJ+Q9L5Zy+jI3c7YA+L+efgYwdOPE+7rCegPLZPg5BM7ICpMv1d+RsPPuMhrtHxFYg/UHABhJrO69IJ+DYuOMi9eWTNnWCObLmcbdUZ9THaeTVt3exjHhJhsC9n8Ntgib1y8Oz27O3x2El7y+bLJWVe2GnbFviFvIpG/F0jY97H6Yex28ZkmfMsIdIuaMxyZ7b/AHjbfq/5iT1nD6hqvPiWsdE4dP2lrjywj2yd2D8Z+f8AbLySC8ey/q3eJDhh2NLTmQ8yy47bz9w+XE7DtaqXAYK65MQuQORbcHB9ZbM9s5HJAH/tl10tKdnXLt26eXcZlgbsATOmQ/8Ay3TAe7Lrh87ZGP4EPIfBvGy1TEcfw2SPVln7nbHI9jdmEj8IGzh/br21dlzyElJN/Cc3bXq9Xnt8ey3xGjGng9tro+ctCumFHywMB8uej/U8+RztqQPIHdF+1OymyNlJxjDyNs/cGT+CRg+5ct18mEfnGx/Dmw5zlihXhZfj0bYBu3K3H7yUO8nAYhO6EIANMbbYaezbC+p+pFWNS+HZW8Mkeo8g/IbMAJQbNsPzL+fIhuTdLryOe/h1L+NRsQksvEx4gbZluky55ZtmT5YsGCW+Wd7PfLITZ+8vaZzls5KmJk5MEvJRIKYnL9zxDfDtxAbLsdCyLxgv4nyH9W6fjGeEdNui1G1Wb2ZlrBBs8gjqXlpPficTIWAwxIkANB8R53CydInQL5LP5NZ0x8zkqdMYtZKhplkjdR7GuhcIwVCFrwn2GvNlPeCw9jKGMJxuHEhTyVguj5M0W+R+7Hzc/C27el0h5bt3LxszxYPZfi8fkcy5fMHYdv5L9275G33cn1x8Mm6JvNlXcxdwmMM5ZWAOXJHivFtiENBxETeAn7tJR+M3yN3s9sZ2cHLn5Ak+rV/AifMtOty5APlotvX4yeDBTy1BLaRZp7CnzsvNkdHWKn1swM52JiF5oZl8BIkvysNbMNydwFc5FwJ+7MGP5ZaEJwWTdxhyTGXZY3jHhifzkE8l5+XxKn38CPG1YvUHjOMmTbPfwTJZhsgVNOEQf6ZS35I+vlpxkO5EFY+ra5E+5PdEs5xHkYT5vkJ98hvfj8EOPu2z2UMG/EmW/q0+23IxPIch/V/EH6vDha3z7LLpD3M58xIFR4dIVla8OZIO245FQky/UQdO2YN9s2jYjtrfeTNGDgGfuHIfwwEN1sZ4g5OTn3kJP5LfqF3pHpDskVaF/V1Ykfgss+5L9wH3fLGessG3ry7aI36hN+y1aLTBs8nye+XybbEnOJfl7GD6RTH5m1fVirztgkOPqwLIvQGU4IerDnC+k1mcM71mEvpkNy8hhv5RD2+JgjFux9WjzJgs7Zb2GG9vn8N5Gbr5eLj7/wC3Boe/q747BNIycrEAY16MBXRKN3CM88n2KRQNbK+q2zChVmMAMs5yCkKSiHn41NaP1J3by3S+Ih/Bdtl7kF4Y4p9h0nFvbhYWnY5+AaQY23llnWYjiGzEdmjvlnHbKe9uZfV9Y9m4gIAh8TZkA36YVT899kgAFrdun2GJUHJBfu5b+NfwCeH/AMCBPIWe2W5H9tyzO23Ty1zb120+Qc7LL6fbG2/Jsx/2HGI7EfSTXeSc6gOwUD4tT8IHi2Om3sAaMGoCL7F8J7Om2z2M5aPJ57fZAPCAkiujgw7zi5v3Zb2XL6ljPm+beT6l1uDlu/l2Fy6nmXs5jNb1mISI+T2bQWYRDs90iNEuMgfqqXHXz5suh24LZ2+eYuZEAGvwMSW77rFdWsNYBGYke+Wa+WTfH4vX8Ehf7GsocuyXPg/G6ZD4ky8cgPmesPJZnvJB25qRP3CROVzBmQ/t96zO8t3G6QuMuJschEmZDA7D5EuSAbto/MD2QuM5nssZeQ08hYBfi+meKx4D+qw6HH+SPxZdfj1+A5Pn401sG/i+fgXPLbLkZ+CwhgSvjl2SVujmS0QPb2yfSb19WTPMYBDPLB9Imln1IZQHf3LW/sPiU+QfEjj43Iw3YF7tvORvzezwlz8NsRjHD8E+p/GWg252azS2wf03d7OjuXtNZeMJXcGRuaayGyzxuZjIDpt9ZPw2sGzkbMzOSADBcg3L5Lswdut/Ruu6hGmDJndl7t+qVbA7cPjvsjSz4cGViRvwM6IrNfM3kb7FCDfBbdNMz9S5PY5D+Dj/AMtJPz+9+n4+Z/sZcyeieXQVC0tswm3OR8PIRJyHFieMY65l3BX70QpWpxs/4kX5rGc8gOU8xbB6dG9Xv46JMj8ZcyOp9/Gj87J23Cew/EO2aSMefHq+tMLp/wCyYH8GNWnXzsmhvsDZSHNEn1MOkuNvcfZnI7OAzyBdnas/mQPsKfFmQe3fY9ch4k9uIYuF+SC9ZPi4SHvRI8DHAx2cdXJsWAOaY2XSfjYgRHb1ZHL1jF3kP3bZ8/jcIfwC/sCA4gyPZM4TGTgbKR5az9RAzyMIWtOZJ4fU3PJGPZ52BCwPMInjc+iyaekpI12LamkuOKScsSkDkHLLkwzbl4x2+IMG8Qc2+bgamwwE1Vyxxjx+soSXfUDVa/hcrp/GdsgIF+kPYKFk95ZTr/yHyQz7dpLi3gQ0a+yThazsnbNt/wCQiyv/AMnG3ceW+ez8MGfauYsj4/cGqdztm4J4R3+oWaH1hNxO/cbvtnP/AIXQJbPsL97KzT2zObcHth8SMV4E62ZKjV2ADfYvN8lF+J5D5gBnrbLPq6T6vmfUHOWtOtqTe/MmJ9luAT4ZO46eTImJekDgLKf1en4PDt5vj/4H5HYc/LeM3yck+fI+db1kVd8VZHVo369nd5lvz5gzyIOFsd/Vke2svu2XTyVMQZxBx3shgdiEbd0yRBkeGHOR4jchJa6fF/1ebzWLrvUtOA5n2ImkeI3d/wDbMHw/7bPf8JLF5Dyn94adAT+Fb9HJTSsftnydoYhOgZN7t7YT1uhpbLhy28dsR3ISHkTun9WFNxuWRd7kVXeSyPeQ/wCUYLALKPJEkk+zTEhVds0d5fJyucfqzkXRcW/jPwONz8AkU/B7L66/qfgce7OT9lWR13w8/wCynTdkd8ufH54+fwHTyOmQZEhC4Nh/sG/uGqQMVf8AYYCCyloSY8st+V15f1LDtluT33l0PnLMU39Jh0/EIfYrxDz4ixvthbfIn5Qkj5l2kjztgjoc0vFiw0jj5t4h5dFj5tl+i6kLvZaLp9SKr2//AFIAjFByD9WbLltn0sodwnaoPONv/COyAGe3SnYkHo9tVXH1Z3ez0nGQNzR2JGtJhKWcgbmWW2/hIELffZSwE8fZkokfutUW5pKVZ11lVwd9tKb20+Jy+Y6ly2ly3I1YijvxGZJryG42H9lDXkf3C5GE6H1aYO3Iy8XhPfJM2BWyO303xGzMus5l1dP95C8xM36+ZgD48vh92Tqk7n2BeinbW/rLEKEg3/oYTjl9AYI0Rk/JDpP7gA2OJX4jwsq3FJYOp9vti/dMS8tl3yxVpn4Zo4z21NP1fNfiww8xl6fVnbr5sseb/wDAgfqPLCPE/wAYvp2CPWWD9R582f8Aw48j9ydvn8LhuH+yrrByVcv9y7A89bqbDra36/UzbH7vVvxAsGewnxDvkGmQ7GRhheKFnkPSTEA+LMMpiu2AE5s0XLmvulCdXTDOJchBDRgECGmsVgRPsJg/ugIXswCQTT2Z6gbGOEjOWJlGOyy7PvJqYf5F6Ri2jk2PEScQcOoVsZcsvN+IdPp7aWvxYLIkWIDy04PLRvu1rixRjGx7e8kyPiC8viT9fjfuQH7jXAFsN3yHv3D2CMSmCB+S/qXPi2P7ePZ5L8vk9NOxr2zTXhM3puvZLzlhJOofbbXyyEHXWHyvZ7JIRONhKn4wy/ufPOyx7eu3zBl2QvKhLPifbANoOhY2sl2GsCs5G8BsqGuXkyNsEa/cq4WZ5kJ05DRl0mVambZSt+WO7qzCxJJAELK7Cati42f7fIkdCiyZELY5AdAy8LRHMMcBbEI7+rJOfu4QD7hTfDy4Sivjd/8AoQdKZwxBhwjOjOGhv3KQqocEPswdkJjyMicR48jvzH7XB7YoHYb6L7B0Z6nk+CUVwXScxvfiED4uSbHH4YObv+WcXz/9TT40bW1v+35/9lG/vWXXTv8As99JEjIHk48n6W/S7Z9xH2DJsSYJFnwsQbAAvZJ08unTJ/lyFmtm62T6ykDZD9cvCUGMlWmbOmLljqkPfiDCt434lOfty5bvwJQDEfwcgIkSpm8+pAasBuifuskHe7BvNw82eNnPei4iwhpHd4hdwhEzIA+5cfjyLDZ9Il35gBNN3UOgeQkF7GhB8xJAoXDnb+TzMH5QJhGPshb/AKurTt3YMA4/y42t+Y8wQOu7YbmPOxJR3v4G79kZndkfJwA/bjM+IL8pC5vyuge/dvunsY8d+4v1YycE69v/AFazPvZSwyN5+QB2OkZ4bVjsOAZ4NjQO3Rk3XFjwI3CxwBX+2ATGLpTOG6Fi9gUJgclcXGm1D8W+XCITCWI6h8gLQOs97eYmN5rsmUN3UZnoQjwkSGThx/yDzQRcKjVwIg65/ZDpT+wccf7eAYuIBkTrGRl55J+QybVQK5e5kv53zZnRkce5HBWRtQI5jGAUk/M3JumpDks/DChR+TEjx+0G/GMNO28TR/BfUNuOiQ3cy2Y49lIeC5kYSH5tA+A+djQwcB+ZmI8Cha8WsBktLB+LR7BvsCoTDcL57XfJ36unpZ2DPCXfJNll70yxmWMiMBI2SIRPmF1ZjkHex1eBF6fLBqyBijCxeIsJ2ILMe5dhTIwMRPo4WE126tuzbHEHE6uckfJPaJB+HIYEaR9hBPygfKD6WjWxwXHNSmzcgTdsUeThvMrmbMbI6+H92iiv1b3ggbOFzAMFs/8AIdIWqZyA7UOxAsBljNnT7Z6uHGz54uR4uc+I80ljERpD5EEG31nJ/YOQagEdOHSTFT7d/wCQK3EfO+RkMXwcmh8mPlEfEfSb4uHfZQzO2h2w6ew3lk9kLi2L32O+eQt7B9Wr0tx8vr7G50tDpGHtk6th9xkB0XETEedtPosndP5ep3/lg5/E7ANT+7BB/cs9egg807z1aQPZvvqbikvRIwK0zxIZXr5jKacfW3/+0hzt3h7CN8LGIx0cP7JecSW+t/dlYcyL8kocxvkC6cS4kyTCB0TE4/7BGHCzCJB/EWd4fzduMNGZp/SFL2CxbaOY2Z0p83K5PkOjIb7AL7LEPH2+MfD8AI+/xDgMmV+oEfbrX1gXfHW8fB/kMYXgMGXWj+IB0/ttSCa8NjOh2d5M3nYXYLA7CFyCbN/DL7O2Px7M+kC8l9SQPPI7yQ3aOW2mdhrI5kCRQ6MvXt+9/t5URROrV4ZLhI0xtwCvkWUrrmf5dlVgzrCwc5m9llymRGgsQpeLMLqB9h0+oy+J+70CjsX2+M/EQd+LQHFkjH+wc4FGxlr4YuZpPRqCWLYUUj5h/WMv/wBojBB/NlDwJbF5Fae/F+ithRBet7wc9tuNQ/iJn0mlgkQxk5DvLPQ4R6P3ZhbDl5YQfVhxuwOBr+7YnQ7K8QYHslbF6psfAFkaeHwWqyb+ISrnxG+Yc+YkI/5B1C8oybKBunDbGaEx6j44F8IZdOuEt9beTZubsQdZVPU9hAUUV+kYnpLyk7NL1O3KE8QbyB4PYg2xNP8AtkBZ/Y+T/wC/in1kw/A7+oENkQ+UQDD+Rxgr4ztu0ywVZsoPgx3vZAwH+Rm0SQwGB4YA1Z6rkh9JejsN/S2b7FcbI0YfryDe9s/FjwLf7I/ZBbsEwuzo5SPYBOb0WbDj+7goMOpMfm3GeQfK3g3SfwRZGM9/B75CxNcv+xIYWGJEwsPvy1TMQcPiN9L8sqRqlgPD9QDN3WIF6TlAZJ5YR1AkkHS+9WF84wGxnIz2bCacniQJ5fiXUfI+lsL7Ma9uGdutfFrEsWx/hJ/qIjnGwMDfu14C3IB+LOEGG8DC6DkLqP8Aix8GWMNIhmK23qYm6JwJc+LqmCNR5z9TgBkM8H0zQPF0rH6lI3ZkByWLW9RuYLJotEhoeSczY+e7dLeSQGm0N6/Ul7Fld9b1bPca22Ju26wXMsBnnGwGmymxZyE1MYS27e/Uh5llohmNh8UgHJ9RZmeG2AO+kezqRHq2AEHy36Ia6WeBdDnxEesjGt7i78zJnsrtcu4YUvETj+31EY9Z9uEluuS81FtWPAvW9hvbPAvLqbZ4GDj1HhmSnskZ9RGQxAcJOYusKH4RAvwREKDIQbA7+5T4P7BuGMBa8gclxgbY4c/yQ9EmEyYMGQDTM+bcH+QnkXkA/u6HB8mHQ/DlnlmPK2YDYubHQq5LHvZE4qXyZqzTqZ8DYvEu+Qb5UCTT428DstakzOGwfGXCWcSeuG/d3eahzOWqNjyGOZyfoxgDh83XifGLVqrwNx5bzvzdn1+Aeey7sukuHzHvaAP9uWPrPSkbnk3vrDjF2I8vlfLkszfEm43Yj5WFu26jtQCQO4wgm7V3k4Ts5vSP5cN2RdSBd5DHoW7vkfnV6VCKmWaDJw7Fj6LlaYScf/LVn/3lYP8ArbC6QOoREzx8rKimkd8HPgmzozK15GxQ+/qdB+OrNN5XwhP3MeHfCH5L131LxWVBOSR9ZH1QDo7MeoB3pt3CWmrcVd+8WkMk/wAn7EYEDP5a7lnE/wDJM/8AzPtwknDX9QkMcnLjHk8k4EyPxctcOwrjnbPfEiJ5yc+5HxK0ttrPSEemJNsS8s1nAvIPfJFzhF9iwbLyZnYZ5CdexrrCyYNszjxvknJoGn4pkj2IjwlO0lMl/tu6JBPofqGIHWw7/wARTE3GzvlKBST5i2BjL9tjgwUBxobGpDFNiDJH0LV15jGGpGCZaOXW+riCU0FM7tPqBxX8aXcusHd1n8HLCaWwwd/ZMuRMMnmA/tyfBZQuPmL2MP3AOyXC0CLPqQDhrFw1tuPqAziU3MRP9jkpKTOROXEcYM7j1YXyWrHGMua3HByU87C9JOVkHx23CJyvNu68tz1ILuDGDAYuMp/Y1fVq4BOLZ3XYQpybHQsffP1EmltcuBDjWWzx+7oeiR9BAOdlkNG2A6BHOz+rDSUkK3UolFukq0O3EPN+Jnzz9zHIdoJ9QRxAfq7oG3rmSkEf22mJX7jGOsI+v+SPSYDd/pJI/wDYIa8iHlIqAB7IBb/kJTDkgOrP3bhF24IH9bPrAkjQ/wDuAtTt7oP5b4RbR0f8t8k2cB+28g1+o04n9ihoPt6m342XGdtdmWOg/Aa8y3CgvtGwGyrztg4gD92WUWVyxhnG3YHLFwSHAD+zhg2BvwRfLSwYCQPwhCGF3vc790injkBQP/JMF5kf6KkF4/kdqH6h4JvzDdWPljLd5bof1eZRftaZHrMnPJ7fUxZjs8hzWs6rhyx1efcHUsrKb27/ABvkAlGIPkGHtHwP+SWAECjnr+1gTNsHBESdO/yxAD/J2Tf5F5xv7tmhX9zLfH1fGeXIDbCh2Lv/AJWfOP3cLp8WLRz7ks1tjaGQhiF1AyXoytu5yAxOYxhZAdZxRl80YRwOF4XLZurlIIxiR2f7HxXGCCWXqyyenJAa8h4nL2wwu/jmprBheAxXvLia1GNOwPvLFgzmOwwiDrt8htqtk73ZGRFz8GBLIwG3u+rWbcgT7LxUHyYg+IIbLzvftjRbn7s68QbFAGYGO8gg2Lr+Vu2kyzJPHzOLzg4f8tgNfqeQIQPb2ES7MONmC85bH4PmxD/uBwgQvGxTVjDmVmYeP/FrSxauP7sF3Gl2hk6ef26w/wAkOCEwHNNT/Z37bGvL2bxsQgvrbUR2K+jcEZDb8/V4eR75McT/AHZNHI8V22fdabySbTYs8QD8f5JwYvzy8frD4wQDS2G4dt8zjbGY2cfG4A2czB7HJztiOhCeyzEHDTf7cc0IHtP+2qvM1OE/tj4m3ZMGIXcz+zvD+bDO8QaKMs26zrr6Se7mfFnfL7kOxX6QVsNa9+rIeKcs/esHE79So/SagmyDJ/k2NwmhwEkwx+0mghv7iywzWLsvqFG2t3peDckPPJAngsE2NgXqRDq+LYnBtSHb1HC5jFs8zk4o6SURhdB3cQBgNTfSSp0j9t7jlhPU4vqaBLQGCoknTW50dTyZqWP0YA8iHDKtiz/yL5oQeJ9JAdmw2+Za1YwdIs5RJlk7fU5Io1GmdHYvxkNRdQYs6cnhyCDqnZSkTHjcEuDr2A31m9X+R2qySBOEfKYg67aQhZV9in/3yeqy8dOSQ1t1rkciJdWafS2w7O9Mjjn+pYPtmuBaUBlFOJaR0XDWv1YuGMT6gSKqw17yGn5vsYn2Cngsp/smNng5toXtz83gW8lLAm5CB6/VovY8bccmwYCTNLD8SMHCVvqF1gperHBFtbsspHJGtAgd6IsNIXIn+Stfb6ncTn4w6prOODf2Wkg3fghz5JTxyz1fwIyNBsRpGEBN9P8ATO9mQzpP7AhGWzheCRmO6h8nZhKR6/jQjLz+QcJyP5khDSkYhEkCEsXJbEpNsQyC0YxHBsA49RZoJJ2O/EjnKMMJO6bjmo5rmDdQeX0Ik5M2xBCz77j9wD+SgECKA6y1hJ/LfGfu8sCQYl/lgDtk6JMPeRsC49icBrIHX3gSGuxubmEvtP7+ONBDrPmAS+rmoLywlN0tdP1MJqE3EsZ+4r6LYPUp+okjm3KtXzPR8PiAA9Tvf+IoNh4fUqvY2STMYEfyDQcsuDyQEYfD7sx/icdDZ/gyU1cgM7S8vWf+wJSDsiPqS4DJVTercpOMmx82Vxj+o2i7TZ8mxhVIK97uzUzBpuDriNHDyx0ht9ovCSDGDrCFHjdAdyXY9lYZHKcsGdfu7HuQA2aRgb6uvjLIppLusDyKQvs39Wa3Iew9sWLzTyZZ5NMbLBS7nxZgCwDkOmhyI/yLnnlsHI6ojz7s2b2aNTYn6klBT1avMOdmLJmSD9XBZR2AmnFqNqh0Nspu4wrDjYyFfHLO+ZGkxOdurHT4sIcSP68+LrPZIddMxx5aosEudgj4fzdOof2Ch/kxtBDPvFBEzqRQQH1I3n+QukD4Olh5p39R4y6ia3BMEXvllW8szNtNahx7cGg/clnr9yc0z2GP7s6sQ2Q9sj1YJQSl0hTm2k9PuGBgbTCbAMn2RxjmP3eAO/F3Iz6vjEt0Z+7Gu8i+W3cPEMZkiGJCnL9JAHgSa2PBPIA0K3YcXBA0i72zB7cSjsaB8Wx4RXB/t1glhmEkGTdPd/UUUZKAYXlqIycgQy2hL8OyChz7bMvn4WuxkBBEwJ85ApdWzK0QMDr6vlBqRz4VvztpE1ZnlhEwrN6Tto7BRrSRSmt8T6j4MMjK2pBbi2wWFh0bM/p8whP9GKz3+rpKrbBUlCE+bWXLVn6IH8sS3ZvSnyMW+6tsF3QS4XloEhSez1k8zgyHIX7Nm58Qy/yERaIS7A4Q3C2fidg+uQNCAg2VdOQhpDF4YO4wEakvHsk2Ouj0hp6kFBmnsPrB7dkAzAIh3bPvxCpeJ182coDH4hJziQnZXwIkiX2MQ1X2AFBtpBmPls53y16YvGc5JvAsHGjnk0W18Rh19kyMTPqGI6PqGXN7H0fEwfpCCFPphB365sXwGpN5grAx2Z4TOoQoFB2dHPY1vjK1ONhTo7Ch6OEv8EGwCA9A2W/uQd8+XOT7S7MxOnX+Q6//AHkO8ZOcxk4d2fOsh5Cej5P+Ee/+iweifyROsa2dhmVfB2xHOSz3JtPWSRchtsp7cWIX7kw59g/7JiclP2JzlnUbatYDTmTAzM47faTVMbnp82+WRpAXXsWj1ZOdsodTvBmQN0ncFtfYC0hs6mp9PG3Eef2JhZZg28dz+w0o5f8AAkerPNkNmdH4svkPvxKbZz2viFuDD8Mem6tgp0skMhG5PbwHc9iHxf5dAfj4sDvkRbENYdwVG5HR3EiLGi7/ANvsTf1JzD4fUjUho9v3OAzozrbXFPAuyPX1BCA+2bBr/U6QpvjaP/BDi3jfI+x1JPFDQ5Fxcj4YyOphjhI4MtvXsQAwWrutmdUsHL6Cllu5z9xod84fqKQSMz1skSyOP8jPOWFM7ex2ahpJ/wD3ykVETWmsizAbHLutghyYyOs0HU+0kjcwAPf3kR3F/GH7CyATOaGyKFbGEwned5HwYw9OT8GXwBAVzkny0g9e3ynZPQLPij7Pbye81cnPDs+FufcQczs2bROkBga7hJbl562AX+JW1v2Lgh+gRFakIc7LyofcQ3y8J7zEoXPmSCfpdNGVC4u7D4Ng8cJsWd6Pxw9smfJAvyZbh9iHvlzP15MB04Q8wbP8XcOsrAhiGCnddthvHxIHcchXE1hqcadhZdLJ3mfFmgTmLgw2DMXpJ0Uk3WkYne6h1iAFsFzPqIaJyYPyBRfmIEY7wKNwIMfmFnrnb3rHkyTeFyBBZkbp3+yr/wBET1RNgaWsdlsbtQa57b6MkRxsvGbJ7FYx1lsHuz8HW0EQe7C+W4cfSJLG++lqH7tMR05ey8lDvJfH4WHTlk1UnBKLK4ebFBgQZ9Pmd0W3QSQoGyP4MnRcPjZaBwl6f8SaEfKKXofiYHOZEM5CgeooTpYg4eH/ACVbuttjDup9HwWB0kD1gSTwYPKGxG4ZYyTwVwhv0TNTctZyepyl7fwj3Fs2kYwjFrCYOIYkGtvTJbHo+JG+ksENvi+5q0ZBH1LGB9Wc8n9sG5f1svb27zjZzXlyDa2Oe5bhhZlvG/u4CgfHM7wf6su72K7TkBvUCMMP7A4EnHxD8ERRSd37tKMQ1ywM7BMLxGCdeJXwMGxOSaYcslFcSaWHUduJ0ST5UkjWE+ZvPFncgYr2XEO5OcTkrrX3bPMd3Z0vxkWd6F2DrpepgiRdJwfCsxoPPu2G78ckCWDpJqcz7kxHYKSA+Rkh7J2SV9y0G9LYoB/I6cun9u2aMMPtEge07N43z7mTNtD4vO7Jqbtrn8JQCaFp7J+BkqFJ3Q25LcsB+IFYOudbPzBNJ1zyKxo2A+EA66y2QH9mftJE2wtZjC8E4GluiORZ+EBmYGoiHoG08NsXfEDu07vi9cv6kOrn6smoP5DtfhhTvpF3UxcaIMqwzvttEHSoRbNQ4ivMrKeTh+rPhJ5xP3AidnDILqb9WvBsaD+B/knCv+RhQNkeFD0Hv2zK/llDSdgzfmYHAfU+fH9WKHHuRzvOTcL/AN3U4Z9MQMiMb2g/uDnViRDDLRCAvuNOHYxH6g79JeZuy14kblMXYJ42D95ODrBI91uELMuuBaIMLl0uT3s/uinYssidZB1/kbBk2vGM0/5AHnkDsMhTAtlOSxTn1L3OSUzBYbivzJU3Uzk45I+J9sHxH8ucov7kvRIBoUfqPIv3atSBOOSPsRxRlPxneuQR8X9tpxN4df5JfS3PYtmge+SZwz9E88a+ryGH9QADb9F7p/yciX8XiH/LgmsiNx/V41/5JYZ/pPTUD+QhV/kRwP5dQxmNTdXjZG5/t5+v9sfrZDdbIeE/cp10/kJ//CMc4fyC0X+WjQ/ZO4T+JnqE+Y0lH6C7KWaDDW8xfNvNNeEfJnEcO4blWsDmSAjSbAFycG+QxfsUTn6yXQSaJA5AFTt/HD9WH4v3ylam5BAfN5MGiIQ9JnDglFdhfRLhxzEr9nWByWhNNswJwHy2GGQGUU1jNflajvI9B5ZtPZLw/cMMN/sC1/vYUf8A0hOzY81mCX8iqDP5bPP8JZj+urYo/wB3uX/Lgi/24rmBZhslXJfiN6x/kron/YwGpMHefufFSwww/wCSgnOB9AyddAH+Qy+f8lmD5AGuWl9z/IRE4eOwvn8JBrYx+4LMk7IttCdaXbGBOn6WnIDnFfISbrsstMQ72zV8gAloMD9w0o3IpMFgakA11ej726NufHl09DPZ4s+PZ6HscA5cnUsyvYMXyYnHLpyW5fmVdAnzEoDts47dEZKmp5PdAuTz4A2yffu3ruPwQ88cZVPr82EBxI6cxG6U6EF+p+hz9WYuAfDL6+Pq8+T+y5gv5L9F9FtBf8tm8/tbA+v2LD/jIZgfzLsd/BOdv7PYwsH2NkI3+XKOfQSPB/l9Y/5IftB8OQD1Z4YuweeWncGIHlweWHpGHycE38ITfLxLhlro/g65L+r+YP1JsYOz+rY1+IGTnskbzZEQhH8Bvj3ZwHRAwGad1+JM6+8gmZYXRi7GMiBIGREkwzftg/c2LX3llx/sAnp9kgL+psPi54yyJCM9tmsD5sx5K9bDh2DOduLR2GeT+RPYvbhDqM31dcip6YHE55u+z7vgQoQNcAt16f1ZQU+id1kyI79bGGJ8Gl3cj9wHF/oRxgP2IH/wo2c4/q+Dcg3ry2NdQ7uM/AX/ABnBH1vYSaySlt295rhJzuQAgJMeQbw/Ak5GS7+PZYWj2fwtuzJfwluQ7P5fLTn4CiIaGdcFhKc+rNv/AHHfaA4uWcPZ+WhcKGxzb4WwGNgwbAHxZGOy6diDpDnPLsTy0e749tnbrPu2QDixbjDgZ2+W2Eb0bIBsAD4bLB7aHLo+kmzrZ/2Fm8ITqPqZLtn3yFA8/Upw/wCR4wMJ7z6/HByPIQkbUcgwB5fqiG5B8uWTm7YVy5tuX6zqaeSn5gU9hwEIHzLsf2fYNsx8hdF5fEFxDyU9/A8iN+Zz6lTw5AlsN73GN4wDq4Xm96ld4QIPiLzxuT/Yv6gxBGLj8C5aJ+Et5jkIDn+zjZk59Wc1tSBgKETZ7Ojr2+dF4ibKHTLTxPnkeocvPNM8cHY3TxLZTqzHOQ3OJ9Z4/RLkx55DnFd+5sd2eLrYez8/bwElgMuX2WECEJReTgtI8tJxgnzB9hLu3Pi+b++WD5MSuM/FOHklZG+', DATE '1997-10-20', 'Barcelona', 'España', 'pablo pablito clavó un clavito', false, 'ROLE_USER')
2017-12-20 20:14:30.941 [main] ERROR o.h.tool.hbm2ddl.SchemaExport -
				Duplicate entry '23' for key 'PRIMARY'
2017-12-20 20:14:30.942 [main] ERROR o.h.tool.hbm2ddl.SchemaExport -
				HHH000388: Unsuccessful: insert into account (id, email, password, username, name, surname, image, birthday, city, country, bio, privateAccount, role) values (24, 'prima_paca@example.com', '$2a$10$Tt.xX1i5lzepgcLs1wNH/O3EqLA4Nxy8pPuhtB36Z2lEg2TeOOY7.', 'primapaca', 'Paca', 'Valcarce', '/9j/4AAQSkZJRgABAQAAAQABAAD/2wBDAAYEBQYFBAYGBQYHBwYIChAKCgkJChQODwwQFxQYGBcUFhYaHSUfGhsjHBYWICwgIyYnKSopGR8tMC0oMCUoKSj/2wBDAQcHBwoIChMKChMoGhYaKCgoKCgoKCgoKCgoKCgoKCgoKCgoKCgoKCgoKCgoKCgoKCgoKCgoKCgoKCgoKCgoKCj/wgARCAMmAuADASIAAhEBAxEB/8QAHAAAAgMBAQEBAAAAAAAAAAAAAAECAwQFBgcI/8QAFgEBAQEAAAAAAAAAAAAAAAAAAAEC/9oADAMBAAIQAxAAAAH1TZhEkLGTEBkJsVMEABMIE2JjWMlIQwTGJpiGxMATBDVAwTYDTAHAMsTE00xBpiGgAEpIIziRU0kSaVDFSkkBiqu2tMVN1ZAnCoKxEFJ2RjJqiQJTigpMhJoBi9EYgDli5CJSITalTZYiSExwmAmNUNANiGCYhsAUkJTQlh4desPC3ntHwuoaRghuEwoAAAGmIkhKSBMBMIgyKmoRJWoYiGCjZWYIWRqCnGFGTqttCUikwEKSJuIBIipJekNSDTAZKmAMBDYgYhpBpwmNUMFIABAMsHHOuuryHmK9p5PhupwixiKs2862PT+g+aM+zafkn0nLpOMgBLJAgAMASYomqAEQEJpwAUJoJJhXZXWKMokU0JSVKM4iYJEkyuTATYk2sFNHSAkTUiLGoDhMABiGAmoBsTAQwAYhhHgnzXU9NyeW6IyVIZDLI0h2FWipkJWVEvS+a6cv0u/5fKPqx8o7B745vSBihgCTFTBBNAADTEDEDACnVbUYoyKgpxhKQKMkQjYWRJMiNqlIIDBKaN7CAYDTEDVSTkEwTEAOAaAGCaGV1Vpq835yzHyJRpgElZGojmtlQyVj1JzoQkXPSzJqqmbeZVEvszSOx9C+Syl+1P5N6SPalNwASgCCYIAAATQNMBSoqtqjGmaJBCUgiNkSSEpFRG7EpKIEkELEbxkJMBjABWBCGlBiRkmCaGUTJGXjF3F6vk7FwnGgaJBKrI21xC2uVVW0zJdHmTiqVeyt0cDJ0OZQTkVS0szK2sAa9X6T8i1yfYjkdeVDUA0AhRpohgAAN0qbqTGpIQykNIAhpiiYkSQCaIkha3JJuYQmOhMhpigECkqSkgTULmLmV2+T5zz1ehh5tGnMNGiVRHIhKUTTSEQQUnKyKzVenMlpiueWnpHKs9LwzA466qn2KDjwvzEooJII6H1P4564+hIeagYgAUgQMTUqTTDPozmVMqI0gpIBqgGoNIAQ4TREYqhOJvaaAyENgNKAQIYk0PDu8wUdHoeR1OFydGYi0EhMZOFXxhoKYuAOMgtt7kc/uei6p5jZ6KZ5KHrGvm+l05px/B/SfFHjpXZjbDLbVauRSSZAYpfQH1XufM/peYKSlEwBxGAEoypMQZ9FFZFIIsERJCGxKSBjojNERqENCUlW0ZkAwQ6ABjUIaUQ4r872PPnoPnnp/nmoVtU03EWipuveYzrcwihj6c/bxzPRS1y2XU3FjTIEiyMpsyeY9bxjwHF9jyjztl9JO6i+q69GYcAVDRZ67x3ck+i7/IeoW8DIBiTBSTppqii/OZgZBgJpoAxJgSHUVJQRlEAKUbIG8ZCYCGA05UAqUooOEjm8Tr8ZPOcslWaDBSSoBBJM10QtKtlPaj1nSz2w9WWS7dOPRGkpdXOudk22U87p418l570/lUx06Gc+rsYaztgkKhpyqyBG36t8e+snWUlKDJCMkMChop576EyMAUkoNAMRAxoATiMAiNUKUTe0Q00A0rTITAE0Vk6Th+R6nnrKZV9w8zG6ipISACym7CWmvpQ+9TvNtuS2WdlGqL9FNpbONhOSnoSQkcm2uXyPmfceQriwaSahTSpcSUUxMStqZ3fpvy36hJcRnKJkAFDAFJUZtWVMrGJxkAmA0RYDBiJQGmiJJUJhtacCkKk2iGpQAQIOV1fGmHibuHZohZ6w8NX0eaAFEo2krqr4t6GToHW3YNojPbGroZN66LamuuWVSbJcrNXoHxNxthCwp5Hars8HxPovjjhY9eAUYyoTUrB1J21kvqXyj6FHqL898SQxMLGmSpip5deOzOxQDkRGCUkAwBMEAAERggK3A4BoTTgGERixBlXgPZYzj+b+n/P7LtOjgpzMNlVqkmK6rRI7qp26ury+nHe0ZNZiLKzpa8dkunPwuAey4vlaD0EOV0a6HpeL2supr5uk6BXZRz+k7Pmnnvr3zU8+tOaicLZdET39cL2OfnyZeR6HmS+7ty6xiYAUNNAAMmzGVIBSTUGkQAmIAYlJDQxMBJo2jQSiwaJWmgjJUmhOBsxdaWPkfSWHk+fZGzzcZwEBRqzaUloz6yV8FL1N/B3HTrxwOzycmY52fXqMF92Y3d7gbj1N/G2m3Tzb5e1p524ubdi816jHXzHz/s/PRyNebTb9J38W9PR34uoeKl0XLyPVfL/qGaxiAGjEiQnYZNeWM5KIwBiZFiBMAGJSQmACAUkbBgJtYkkiYSgAlLKcnp8/eZt00ef8Z9N8xZ4Wm2kYFLRntTTqwI6MeUl6t/HsO5DB0Yvt9F0zxGL1/lDj0WwKd2Ur6Zv5fp5eH0OnamDbKQSaFER5Pxv0r58ecJqul6nw10v0j1PzP1tmqnrcyXxP0Pm9KJoATKAaAAZdWQqTQAADIsABAwBACYIYCA2gAxKAI0wQ1KRkGe6UQEEed1Kq+NUb8Fk6yURaKaskVysgQZEn2+D0I+rdTkds53H9HkPmnN9b5Uv28vevrux5j0cdHRnvJzquskmipTrMniPd+KPImqos6ff6B4S/6N4Q9vowdMzacHQlixVJJoNFNxcGTXkKkwEwABAAMEAJiGpRAcQU4m1pgAoDhA6SkoQARYCUIsSp0+d+b9F52x9Pl9OOWBWh1yKq5xLd3M3GLZl7R9B7/m/Rw42Bh8j7yg+YbfZ4lzdPLDLr3cfYdLRh1Vaoqx1yrKvOej5h4DD2ece36PL9BWnj96mIhnKtsZSgKhggMExkcezItSkhA0GMSYIEA0CYACpMSKkjcwAGqBohkqEANABBVajPK808P4n6h8qse7D6k8v0Y3xyn6HgFdilRKytKfU+W9Gvtu/xO5DcWSRIx07q1w5OvVHKs01l2vn6V2uiVzKIEc+qo8Zw/S8s9H3uD6MmOkPnV/nZfrV0ZEkIAKaaGxkcmvGlYmKSlCAoSapSESZCAoAECAYbGAAANABKAAmQgBoATKp+QfYvlNnF9T5W5e9q4lie35nreIfOJES6LiQ7HG9CfQerz+hLKKrsunmsLIEBqU5aM/QVcu3VCQmy0EwhYjznP9RkS/p+D7B6LyOLxCv1HmPqx121A0xMKaGAnEcmzHZVKMgExpqVCdgCAAQ2JMIk4iHEr6fyP6cbhpUCRgwQStAAECAACr5f9V8DqeNs39SvL9m/18cz0e+g+WYPSebtnFwkj6ny/ZPpPU8P6iXpPn8k9ND57ee0WbYQvrgmyVF9ELEUxsrE0xgCzaMx4bqdTQvg/N+n8wmv7D82+nkkyUTBoQwBuLpY9mMgAiBgpRVNCMABSEpRGhDExAj5b6jxHQPr6z3jAlABphFgAEAAgKPFe28nXj/Qed9NZ5L6v8t+vSuEknk/AfWvl5niFsbqpRv9F460+h+fzbou3bunGi/HOtSzMvvxaauikjhKIhoYIWa7JLHTl1HhvJ+3Vei6ilAChtNQTsBgmnUce3ERARNkIcaBsiSiAME0JyCKkhRkj43Ktn0v0vy36gSGiSBRiEBDAACE0U+H0fM15TVwvZ2YV6/JLze9b1or8F9C49fKY9jkWRUkRUoy329ew6XsfFeny6U+QzoYoYDsX+L79ejlg3oRChOJKBVK8dmU0ac95xOvimdYCgCAGRYxOLsGmLHryLEAJJpFsWKahMLBoGhgmgTQk0fGyu2yX1D5b6ea+kpkNAgmlAagFgMEBGaneHh6/cePs1+l+cepl9BPLrEEjlfL/snn7Pl5ZUtbbt9Ds8rCTr5cUDcqvRHB1+67p4bo+uoMHZ5mrLTKqVSQkjlt5E1ZVw/Rp0JtVQStq8TQAlBpWJommjAqGbVkiIKgGJilaAIyVgDEwBMExBRLzS+BZOyN1BH2XZ5D2AhoCUZUxiaYmFCZESSAAUk6TCGACA8L4n7X8ts4rK7SNnYOX0+rrk2+i43Ul3zwROhXTIgSkSsjMImEr8teifref0yyucCu2mytIEikFqGpRoRidgwIZNWUi0xDBKQRAGJAwGpRG4g6rOEOOLrL8pnJpozJnoPp/wAf+uFyESTUoNWDTlEMBMGigCAAAYmMQAec9Eq+Iw9Z5SyXQ51sde3i1L6Hf5P0Eel14+vFls7KougocI4Lb/OkrIdO3Wi0QsWZEIuKTcJg0wBQA6GmNDK82jOJNK4tQJuxACGKJpAAGZTLxFI0dDJsr5rTTZFsZOo/Wfkvs49y0EkyVAwAAABSENWACiahuLAGo0rBNFPyz6zgPjz388npx7Tf6Xgd87uzma43PM4srrykOAYK6Heo7Nld16MjnAsQSxpvoOiJ2ANRMkBqgAbQQyas5FpyxQU0wJREcWCAE1Ij5fq+dWd0LDqaCs+Y201WaaFcmfp4LF+zWYd8JgACgmNSSJgDRK0yxASg0DQAIaCkBl4/5/8AT/mGj24dFdTZzSPT9DyW6PVx4Sjs8Ln5C/vV+k0t6NOuxRsjGWrVWtbZEc2mg1XcvpVNADRDEWNDBpkMunINqIxMYAApWBYRklVVvBTm56tFui/P1F6vN62CT5KrqbNNSvFGDPY+/wDin12NwMQEDTtAEGgGmqaAGkGKUYhxaBCpqUI5/wAh9x4elZVKtcs0pdVvPinTqw6ifar9Elvczb1tugJNRrLKSKuDjDpnAxSMsdvR5bj19BOL1qsGkBMYBXl05wQCAGwUBIxA04y5vI9PjWvXVbZs7PI7hu5HX40nyUjKpXVOLqpqo/Qvnm6Psqx7RDUrUlQAgxAwAErAkIstBEClAdHl/D17vynHpJSUqi2hiCTjIfU5eg9/1vP+rkq2ZZLfXnimyqqZZKq1SEowq511nhOcOqruny/0csR6fpec1HZKrbGhleXTlE0UwIbQompBp6PHr89HHjXc1dbRuTb2uP26n5z1HlZPl84SHKFhZZSUpqMeu+hfMvphZGSlTFZJAAMGmRBLIShoKYcmOh8953EqUE6SaJNMYNQYiYDlGR0Pe/NegfTI+U6EdWdOpLrIWEZpqRUUKb6VpnCxMPo/P+gXgcLqc42ac1sWbMQd2/z2yzoZLIEWmrlAGIGCRuEjP47s8CWVlOq3RqzdZKu95zunQ8t6vzCfKWmO2qdLTmtIyhOO99J+Ve8PRAxAAwEMABUNDRgN/O8l5Q9L5WpUIStNIAUmmTcZQTUyBZEiwLL8+k3dvjdaTt7+L2DZZVMshKJCNkRwsRQrqDB3eGpeVbRcaLYzLb8+1ISlGq2oy32cl11ni0k3BpIEFVnCOPnE1ZqWipd/HCS+3fyz0fmPT8CvkEp1sjCVzhKicWaPUed6MfT7Ob0xDQMABiT550cHjfMHqPKVC1k1UFJEQAQxDSg0OdciyyqwukamcNfRzS06c1ldjqcLoydzpeZ3Hcv4/TNjhMUJUmhzCnm9HiFOQzS2bqNaTvqrXfLBpNluC+pxjCQdUrSMZk7BxKVDqPkPR+aK5m8l0cuo1XZrqvtzWnQw6keB8b9v5SfIzv8AAJiCeii832xsj0Psvl/vTqgAwHVzvBnb8lKsqVqqKArjZWRjZFYiZEaVsJFGaVOLslOE10bObqToVW2y8yOymqtLtSW7HfJ1+r5veeh18vfLOiWM6hy+cdTi4qy3TbqKpzkUX22ldqSScGrhbCqZWVwnKmr1CRO6hmiipnOyerrPObrhMFu4XLn6WQzer+b+yOvFpOX8s+z/ADs8iBT15Np0NFd8U+k8/wBM946+MdXyPAykqyIokqgWBVHVUUxtCqNzMxcLQr0VEmRc0sKtiTJKUVnOpm/Xx5HXyU6JKpaZmFdXacDb0ZnU6Hl4R6HFyq615zaYuzq2RCN7iFVsR3QlVirCyFaLZ5rCSiiZB1dCESV2WRdSo27L8tszZi3RXidHidCutXTceayek8NL9UixleW9VxD5QTVG3Lsjo6aLiu2FCdjz11Cka7UJySosjTq1QXPOdSVubWBKlIxsqUakVx01jr0wK9WCZtpt0nIj11LyZ9FVlt1KTNN1mx45GiFdop6ugcvpbdhDS+cdSnl3mjoYtsUqdRfbkuLq4MjKuRbOiVMhBLoutbISkVTjYQLKyUlKnfVcmXjd/lLtuxbSrw3vvMR7RwkkuT1eWfKIWxSWvLqXfdTNFTGKypupFqybh020jnXcUV7K6qd10YI6YFcNitwU9PKmabaynXaTVrirB2aDDu5+wp0WYjqaONedufN6CVnSRx59dGG66I9XIqOrmy2lU7bxaQNjosliraTVLJJbmTQuy21ZZTQWFYWSqibFnmilCS3RUDS4QLpK0zV6Q5HQoup87rZYu3eY9OhzOniPkcL6C3Xl1mqFc0JK9aq7IFGnP0jPOvUV3Pec+OkKb815DJuyLGyqywx7KFyV30CvhM0Tp1RDRjtKoORsa1HDj081ZNE5Ro2c6xOlQ7imGmJg03IrulMrd7CWisndW5RxtVFtKX3U2EbaLyDi6We2JIdBIgF2nBfFjo0VbVZSWXVTqeeWCNFN3Jt6d3ju7HA+ifJfrCSzaabPkWfdzzTpx6I0SxbjTKEjDMiPr8jrnPlXSdfZyukTjblMmvJK3Zm35UwxkFuW+JilbYtFG+lY68O9GrlGaNtJrvw6i3PdJMz0yMquRZNWlcbEM0Nck9UkzaHMhOy4hHRCWpaEQtnMrlJ1CSRZGcjM51FkIzqqVlEQvzXl2jPqqnHpym+YScrJpqXrcPtYLfNyOWvL+vfG/osx6yE4nzHhep8rV0oIe/FWd3fy+9HDzdTlGrpczqJzud08Vuzped9AdbHonHMhu5a9HJpgmGGqCqwurHn3Z4rhqFwbaLUvtjYaMepGKx1mu7FpGpWJOpwJ1ypN5RUbrMFhsqjYRkBm1FgqrpLOjXmgtLDLbfKzHPVNrFDWkxx0WHOnpz1pq01xkhogX9LLtOXGNZ28VuQhnTXr8vqYE8/yPR+eXiek81tZ+wvNoPF+H+mfNRpOrqdFJZ6rx3ejseZ9X50Xf8/6M5mXdzawdzi3HuHHRHM5XoeKuizPEvKkmeyqVEZqKIamuOrVQX306yqdoU09KhMm2ma36I6EyF9ascEsjC0nECnXVoWI5lc6rYtUaLLnRpWc674jOyqkJlGhMrevKZqLstdCOjDFMaMx6i/BaUPNuI44StJ56zrcjeScDR5eS8sjO5+o93559DlwfJ/sXylObOM60U35i2jXlPU5qOrHE9V5b1Zj5PawHEr0c633O3m9qTJy+3zjEq0t9/N2jzdSlITqmoJpnovYXxatxsJRUim1SLrs2mwdblmqwnUpJDVmZfbgkbDBaXSqgu4ptC2qk1aMdhrpQKyFRfKq4ujlsK41Zzt4LMRhWLGvtlizHVnkzpl6fD1W1ac29NzUTxPL6/FazibPQ+qfHfoJ6z5f9N+TyYHGVbcnQwEwiHr/ABXoCj0nI0Rs4fSwGXkdnj16n0vlfVyxx7MJio10GPbRpN8KwovxzSUM8ySIGumSC2lFpOksZcuPROunZJyTKWTjnlbKmJJfZQza+el6Lx2Gx1NJ257FtnCs1Sy6C4rmLRRcRTRXj01G7Fu51cLn2Uy+gzQmvY4vSrueffflWvpYbTpypzFPmPpiPjMotJ9/z20+n/KPdeDGmJ1c03GSyi6qJxjJ6DTw+6vU5PT5pyuZ0eave9j4f2JdlMg81uVMVk7FusnnI2SSVWzkV5d3PrToyzhFTLZZtBeUTHCdgUa0VQlYVKwtyuyuLtGXSFOrIS18/aa1RAvTmjVqUuLCpWwUukkgy8yZ+jlNXJ7PIt83lcDdtws6Nma1HkvzG2iwXZZbA69r2J8ISkOcUdnk21IwRs1YO9HAFOq4zQuvzJyepoo1Lw+d0OZXS9v4T2p0MevOYKlXKQbNFc2KkuSvTnvqGeyZFkJYllVOc5pRfZojHDsaDg3eg0V5ePr5HkI+4tPDafZyPDy9sHkKfayPF2exceR0eoZwJd11wH3g5Vu8MD3hklqDLLSzKaIFDtmef5fq0vzXB2+IvQrqC6bsVSzbk3ZrUne6nI7Un5+kiiTib8mzOtQmkvQec6xnydfjxbTONbsemmOrt4PVMHP6XOrR7fwvtzolqjj0bEYDRYZ7et0zxdvutZ4S33hXj9HqA87Z30cvVrCouEgTaxJocZQGEiBIE1IjIkAwiNgSCEmIDaxGgY6IyAE5GmLByRRzOt5NfEIY50dlYRtpNmvJai259C7tvG6afFpwYrK9Zro6VCcmddhDXnivrfNegzScRBUehzdhm6OC0uxaM5L3nhvqS6LO+JwuhfGKiyknZTaSalUkwSmECcaUk4BA5RkAAAhQlEY0AMcoskDEDGCG4tG4tWkDaaDi1aiE1CRVdzVXS+e+5+by8yqvSvVdOEs1VaLJ66Lw11bIr2Z6j5TKVaPZl0L1nK6TzSuorRRqqXf6bw/r081n9L51YRcDVSnE59quzk+08b6I+ruFpmp01lddlMls6rLbCLHKMgcUTIBYRS2KATUGk3CQ4usVVtY1VYE6ZFqUTS6rRxkEkADYgiSIugTG4qJodRlEjNj3ZTL8s9t41ZdTKlvz6Nhmt2xsLtl8tV9c0fD9FwI+cShfRODO7dXrjgYe1xks14L6q0mRfZ87D6VPKZ+jiMrnWehnyuocrrcrpn1vVythfU4xRltxGu/n67b4kYsspaTEU5QCwiExBOIwGiKEQhJxRaqKsnGRJEYuvx6Km4lTIhNwlBGcBuLBxmELawnTbSUoxTVbx68ZhyaJdeSnWatmfrGTr11mmlWS6SIl3Ow+bt85ry6WahNe/qhtk5fG9LyTkWRS9TPPpp5/0HFgeq4PUZwqdFFLscPcWb+brX6N2PN99NEqWQzas5XrybSMALZRIscSpiiTcZBOEyNlcxtOFCUKrjKsnTfEjKi9Umod2eyy6dbLHUi11zJpoTQRZEsqnArvptScSK0fOvSfObq+Cgmvr4+iX2ZLii6GCO5XxsK+g4EMMiSjbmlFpGcLTu7M1Enb5ctx5Knqcol3eFdXU43YgczqczcV5ujy1iiJs0czUnu/VeO9YbEhVmvxpboz2FMq7DS6bYm4qrVFjnVMnOuwjZBk4kRwlErbgSdZFN+NrpUIlzpLNbgjRXKsnZRcWwlEUozIMkKM0VElZJLLL86891N9vLtMK9GmzTFnV5c0v43V6J5Tf6JnE4nsfMLxYuJmmDKkB6nphGLOBRwQSLC3q2gYsoS78gWZWCwsBPY+wA6FgLDngmgCM9oVZIBRAtuBUwklaAkFTQBACpgSmC5qQS4CWCCrgEtkBXaEX0hRYA4gTQVXIIXJCvl0QlruC3oRCXb6AGdyCFADL5wF8xAK/8QALxAAAgIBAwMDBAMBAAMAAwAAAAECAxEEEiEFEDETIDAiMkBBFCNQMyRCYAYVNP/aAAgBAQABBQL/AOHZL5se1/8AxEiXxY9z7v8A+IkS+PHwP/Du1lNRZ1muI+tyyutZKtVXaqp5/wACRLz+E/8AAlKMVqurVVmo6lfabsjfdSaKtXdW6usWRKOq02FdsZr8yXh/6GSdqiazqzgX6+65e/HHbSaudE9LerY/lz8fOvavym8LV6+FBPq8279bbd2fux2T4I4EsvQzsqnTdBxVsGLn8mfj8N/lM6lq1RXbN2S9zXZdn2a4Iv6neVKy+d8fSdWsvpdfWLDR6uGpj+NPx2x78fE/yrHth1K/1r/axeZeEY5a2jeTIhrkp4lqdUpm9mRPD0uqdWop1lNqWH+LPx+A+7/HyWXQqV3VDUdSvmn74LLkV/cvumv6xFcTGZNEniPbHdSK9bdUaTrBVbC2P4U/8r9X6w/i22S1mpM89/2+8OG/NZn6pP6WVrM7ZqMa3iBLn2ZM9s9tFrJ6V6PVQ1MPwZ/iP8Lg9as3Jll8a4ynZqSfp006nXymvavPkfsT4j5lLtU8EpZe7iLNrGRRg4OPbptRKmWh1Sur/An+I/wZS2qO6+TopL7q9KS6grLJ9Tk3fdO6XuRFkvdj2JFcSWWShgipmy1noTxsx7tHc6rNNcrofPZ+I/wdRdGI7rbDVTuiSlKXxfsffAomxnpZJwwKGSNTKdI5Feiw9Wtk8lU8OOp2lspslMz7uk6txcHlfNP8R/gau5U16eh2TvsSlr7fUvl7kIx7oxyVUORHRi0e4WjSLNGsx0JXpUpKhZnFQjrVumxPBCzBOW5v31T2WdPv3R+af+Jqf79VGKS6lbsnYsL2wJEGPx3wQr3Gm0rNPpcJVojA2jhk2owhIvjk18UiUH3SybGbH2z7elT+qPK+Wz8R/PPiOje/UTnsWp1ClqbJbp+2PAzAn3SKNO5Gn0hTTtERF3wbe0kautMui2TjhmRSZljyjJx7IycX07V6jGn1Mbvls/Efz6x4q6dPZPql6qqcs917aWmWVrDXZGl07nKinZGAhC980XVmop+q2CxKJtFAxCI3EePd0zU/xrLZw9WqW6Pxz/Efz6nmVf039V1Hq21Q3E/u92cCt4ZgojmekqUYsi+ciF75Fhq0T5JZMSY4tdl785WnscbKOa/jn/h3P+zWP0CT3zUuH8CMCiaKr6q+EIyRMmey7Lsyw1US3zli3Idial8MfPTs/wAf47PxH8rMmrlst6hqHc8YVdW8lxL2owJEYldOSitRI9twuSIhdl7bUassfMpGTdgckyWPg6PRG29fSvjs/wAJ8HU7Vbdcs22ra9LHbTb9/tQkRKolUBCZv7QEIXZe2XJqasmoq5ccSMol8DR0u309TF8L47Pmf4mvt2Uyo2U6fE79Y4+rH1bVODg/YhERcOsqlxnjcZ5RX2j7F7ZLJfRkv06RKKJxwNr3pdofd0+z1NOvjs/wuoW7tRq+oSnGEZWSv00qV0zb6evSWo9i7R7VIhE/T8xIEeOykbh2E79pLWpENVkjcKaY+zWS6nctVpmSJxw/bgxxjt0iyPpi+KzuvzrHtrjVLVWvpVddNMWrNc5ejpcRWtedR7EIRE05BcY4ksCKe24lbgnq4pXa7l6yTHfuNOnmqvJFYIyM97qty6hpXFvkxjulkW2tRy3o+n2WuNWlhDqHT4Th0efp6oXxT/wdfLGn6ZHZXd9UXDbdP/yKPUfp2cy9n6EIpZXPhPiwgQeB2I1Wt2lutkyVrZlshDJCooRU2biDF7L6VOOuo9K2yL7p4K63ZLp/T41x1Ctsb0c0USdVusp9DW1S3R+Kf+D1WX0adba75YhdU65Rk65ZVY/PsXhC7RZGwhYTkReD1eL72WvLxkUCMSuOSjTyIUSPsFJSIEGLvg6npVZF1fROOGUQ32aLQRpVksOrGHHJ1GGyWuh6ug6TqfUh8U/8G/8As1SLfqdtSnVH+u/q6jva9sXwkQRgwRZGROZvHJ5s5HFtxrwWcGSGp9NV9VsiQ6hqkodVgyXo3FfqRIMh7NQsx1Edk9XDkrliWl6h/VLNsqGoRXK6nH6NudB06fpa5ePhn+I/kbwtM9+pn9JVFykarSbzVKSlOWfbHxEUkb0eoj1CuwcskRQyKh49HaSLfPbSWqqzS6v+VB6SucY9PgnChxI18pexnU6y/wC1ieHVe81aqrbp82OvhdRjmrS86avSt6+Pj4Z/4F//AD0sPTHHe8cYGdUocifEvZEybjPZMUsEZlf1S01GU6UldXxqYtEkRXMkRWZdNr9KqHK7r266Oa7oEvOCKMuL0WuaNPqsk/7K9PHaVU7bPin/AIGMmznGO+Mmqh/VesWkvdj2JmieZaNLEkSrNVRFw1On2iqeVXAqSiaeRCRHuvbfzCxfXqY7ZwjlQi4yel9Unpp0uq2Sehs31Y+uPM/in/jXLdDWpxvP2013wY7Mx30ksT0HMBlsMrXVSRJvKbK5M08pMqiR7IXd9p+NbHbZqEmaV4np1WyiiHqWaeMoamj07emx20/uH/f4WS/Ef4fXIKOpIffrue6QzPapKUraYxP3pV9egf09sFtSmtV0/l0uLqr5qISExMQu7GSNdWaiJS9lmm9OdVCw/wBT0u+yOIRFB+p8LJf4cuD1Eb4k7YI6091wvu1fMe1bJ9mIT+l+em15lpfK8d5Isqix0o29lIhIixP2Ptq19OpgUcT0enXZeJiRbZGBHlfFL/EcUz0YCrij/wDIIfTXg/8Ab71JYKqo2USW1+TwPkURjOmfZpfPsaJI2koEq2bSJFkRMyZ73LMdTEnHEum37oNkfDLJqEdTqf5Wup4r+KX+P1Wr1NN4a86SlWrX1ejdoa5Y1GldqlB1yF2l26fI0kfc+7Q4mBEWL2zXGtWDZuNDptpGODwNnWNbl6DnWR8fCyX+PZHdDXVenqTp1q29X5t6LGMpW1OmWurrtqxhiH20C+vTfau2TPZ98GCUTAvdLxq4ZIQ50sjI2dU6gq4ylufRNPusXxMl/jyeF1Z/+SVzcJX3+saOz0bdPbDUVdQ0q2T4Yh9umxzLT+B90ZMme7Q4G33zryeikfy/QvjrFJdR104wlJylBfV06pQo+JkvxdHqFdX+DLx1KH/lY5UMra86HTTmaaFtFln9lWtr2XdmfvpvBTLiPPfgyiTF2i/Zj3smaulvU0VYXWOGihZuoWKfiZL8XSaydc9Ld61f4PU6v/Mori9ZOqNWo1ij/I6RXihIlE6vHbb3/emsUTT6nmu76d5qOo10k+tPNPVN7pe+ODHZP45jrUpKOF1tfWdG0/rXrhfEyX4jKralR0TUZ/C62mrdO8azq8HEcpXW6OHp6c/fXKs1+xcEJ4NJqy65utaTdOWhhI03Toxda2rPZi+OZDy0ddiUw9SzQaWOnq+NkvxGbMLRW+nbTPfX+B15P01xbrNRv0mj+jVRacO2vhvo1Ffpz75FLBGzmnWuMa7svTszgTMmTcZIv4WTZDydajmHSNBtF8jH5/Egz/26Pdvq/A6tDfp3JRnTbvs1milGOm12opjDql8zSWXWuyOYdRp5fD9sUxSaOnTlIiuEjBIlLBXLIpcp597Y2TK+3UF9OladPySH+Lkxx0q91XQluj81l9dZ1HqFcqpZ3afTquqMlfF6V0zonDvrKt612mdcvboqvUjdo9p09+kfzIJPXQP58T+bWX6mvENet1V6mqJe9skyTyR8I1kd1fT041fJIf4uzl5RGTjLpV/qU/NOmEz+JUdZ0WV0fUw9OM46e2ucbI7Y98Gq0sba9TS6LezF50epVUbdWpKcz1T15HryPWkU6e6+UOlOJDTyrKJYIvK9jJSLLCl75Y7W+NP4+SX4s5qKi2jc85Oi37LVyvnaUjX9K3Sqr1NVlUbUU27vb1TSLUVTi4S75NxuMldU7HpemORT0+uCppUE4kom3BBme7Jvi6zCndulo4bY9plfj5GP8OcsLUp2Enue7jPFE9tuknvpf4OO2F7utaPl989oVSkVaU0lUcVxwcIyNjGR9jLp8ai3c9JRlwWF2kVePkY/wpPCst3OEcmNo5ZbeWdDu3Qf5NsVOHUdN6FwyMeaa4m1JVJFPArEbxXJvPdGO99iirbXN1180xwIz2kVfLL8PU35Iop+1eFgocIk8OfR7Nt65/K6xp/WpawyJXM9Rn8jafzCjUtkZORXDmK9m4ciyeDUWuUqqyESHAu8in5Zfhaq3CIkBSTJbSWMLGNA8aivmH5LOs6P0p9lI3M5IrL00CpMrEvbZPBdqNzoqIwFEXsZX93yS/B1FmyG/c0VrJWvqpqjJ2RUZURjKdyip1y2WdPtVtH5V1Uba+o6SWmt7JkFkqrNPXxBCMj7Nlthfbk01fMYkIGOy7s/9/kl2XzSeFqbd8o9qV9MOJRyQScroxiVxjJI6JqOfy9Vp43w1umlp7e1ZWyizBGxCZk3DkTmaq8qTk9PAhEwYJexn7Xj43+Bq7cREhcuuP0ye0hbxKn+uir1Cf0y8HT57NRXzD8vr0PoEVmSqwjZghaepk9Qlbg1OpIrfKitlUSK7MkY7skV+PjY/mslsjdPdKPLZTHmC41q2wsgomWzmJGvMIQ3yr/ru0c99P5fWY503aDE+E8EZkLcCvJagu1GSPJpYxZXXxCIu79siNuxp5XxS+fW2j8wR5NLA8Gs5q/QoblyOMqzk6Nq8NPP5fUIbtNLhiEzIpHqHq4HZkXJRSaevBUR9jH7JE1koucSNsZfFL5tRZshZPdJckSKNPEwar7HzE3PCqntW6Q2yibrs0VnqUfkuShHqXVUSeX2ybjJntXDJTpimraVxIoXbPbPfPZki2HN+mbS192nnptfC1KyL98vm1luX5Io/cFzQM1b+heP0Kc2vqrEZ56JqFs/HttrrWp6vCBrOo3X/CjT/dp48KJHgQ2bjcSkLs+7JE45ho9uzV6SF0dstHfCzcU3e6Q/k1M9sLJ5lE8EPNaKSaNfxBeCKyL6JWWOb3ZRpLXXbpblZV+JJpLX9WUC6+d0s9l8NcsPp96aXj95HLvjsh9mMZ+tHZH1WjrNf0aaX08FcpIjPd7JfLrZ9oDKlxX5qJeOo/avAm0PJGf0UuKJYbjjHRdRiUfw7Zxrj1PqLueflRprnXLS6pTjuHIyLkS9zH2RS0tSdWWa6lhIhI3vdG9xI2Rl2n8l0tsJyzJeXw8bo18JcOjlSOo/YvHZyyqmlKbTm0u3SoL1Y/b+Dq9fVp1r9dPUy+dFFrrdesI3biHKSF7H3fZFU1K9eOoy3TrEIZFqRhorukOSfya60ZB8yjk0suXDBM0jyp+Nb9q8dk8Ly7FBLBg0P0TolmHz6jV1ULW9WlYTm5P8BEUVLmp4ITIyF3fsZgn9ujf9109lcpb3AZEjgUEhIlAw0b2hTT+G6WyFs90xRIM27XTJWRvrwtHLDfK16+leOyH5UMxisiTZRI6Zbuj8t+rqpNX1eUiyyU38i7YyNd0QIIqK39UOyfufa77NDJuWttyMiY4SIReUNDyKbJTQ/EbGiNpuRn2667svKiKJUspJ12f9IV5hcvt18foXj2RTkLh8xKs56fbtsi8r4r9VVSazrDmW2ym/mQu2029kQKyHisTwbxMT7Psh9tanKvTTcabJYK+RIXZNI9RZUsnGGOKZtMI2o24EmbjcZLpbIWz3SK1zGJGOVGODGVVLY7Ybih/TrFxOLg+7I5Gmm8sq5VT2z0dm6v4L9VXQtX1acydkpv8AAXZCHEa7RZXMVhG5EbclcskRdpeERH21qlIztX3OtduESkhNCimbMHCMZHwLJyZkb2KzA55E0+2qhOcZQlEiiKSEyDHMjIkyu3il86tZh1bRctNd0J4cm5EHxDwdNvw4vj22TjXHXdVZOcrG0YMdn8C96ER7SRtNoonJGJXwVSwQmQkZGfuLJMstLbDOSEBdnFSI1RNsURH5wYNuTZ2wbjePkXeUFJX6bBBMa4qj9NqacJPG/iTaKNXizPqVSipK7Q1WLqOjdDF2yRIdq57JaK1WQ9ms1sKI6jU2XyePc/wYyINGCS7LtkixTKrCp57NjnhvUKKnqckryH1EKxdlgSRgx25XdmBoSHHlRMc9m2QnzHDLKlIdZHgeGoxHUTgalbJ9Ou30dtdT6tWorddnesgYMHSp4l2uthUtZ1RslKUnLPbI2+zXfBj4mvZkTITFah8jyZkb5I9RnqTFbMqnZnT24T1Kw78llo7BshBuVVOCK4FHI6kiKwIzE4Jd9vbA2LkSJbjkQ0Y5SP1wy6HFVvMWZTHHJ1Go6de659msrrdO2fZFZAx20UttkXxrdfGk1GondIbM9sHPZIZnvtGjabTHfAjBsJL3RkJiYiMSOEkbjfwrD1MDnzBORCrLrgkRXZ18Lg3qQu20wMccmGja8DRgwZHI5MSHki2byEkzamOPF8XCyqXAjULMZ/RZ361H+rsiBWfplcsS1PUJbHubztPIjaY7ZGJswY9jyc+1YJYRGQuT08kqxxMMwIiIcsCmRmjehzPUE2zkhW269Plxq2m0wTngW6T5xgSRwJob7YMYOOzXbHbaOJt7IwYEjkjI1FSshXmMo9p+NfDbPv1Rf0S+4RWQ7MkzCJyGRXbkUcm3AsEjBj2ZH2wY7bRRRKA1ghPBGxnk28uB6Z6R6Q62hwNhtYos2sVTZXTzGoVZFYHZBKzVIjfKRjcV9uO20SH2289svGe365Ipj747YZyRGhmpjzRLK7dUr+heO3UP+Fn3ESJHwiT74GVwyOOBi7ZJMWTaxrtgawPul2RgwbMk47Soaym3EheepFkHFkcGzJ6PLqQ6yMCNRtFEwTt2jm2NZca0itR7QGzk5F3TYs9347oyMYu2RYxlGORlkcxhw14NXHdVD7e2v/4z+8iRIjG+2MDERfDYyPJgUUSikIwxxbNgoDgemiS7pke+CyGTa4uBKvcSqaIpi4KyBxj0lI9BDUYnqRHbEd560jmRs3EakhKKE4mURmbjcORuM5IjZuYnI5JTkKTG2LI5NEWzkZyZP3nghwZ7NZW3mJgtj9Ojlvo7a7/jZ/0IkELukYyPCP3FDEsiibMiikTwVsYyaF2/Uuz4EJEUbMEe00QiRRZVlOtowxJkdyI7yDaMsccm1IZlZjOKN2WkxxZGJgwRwcHAkYEJn6TMmTKG0bzchyR6hvIyN45ohgmhIUsdn4UubHhu1ELSb+nok80dtV/y1H/VMiQRnJ+o8mMHlzwQ5lteH5iJcqLw48+kYw48ksEjLOWbWyUB4GRYpCM8Ph54bYmQMZJ14NptQ8CybmQl2aybEekjYhLAmbWxLacbRGTKIyHysMTZnJ++zXCRhZcRowOOSP0tvJtIIkjIuRlstsYywWLcramOUq5U27o9Cue/tqFmvVL+5ETwodoE1lftx+nT+c/TOJCRGeBTk1hkmfuPabG8iyYZZA2Gwwsfa48iwbEbR47QYu0oZFUOpZ2owKSR6qHYhWod5vyZbNjPqykOIon62m02iyIaEhi7PtgY1k2n6IpmCESaP3AZfNsr4N39dtjTunuNO+emW+ndF5gW8x1623kWSf01S5IcE+e0uFRyY+m6RW+VIpZYnhJlnBVyRSLkjgUuXIfjaxIUCxIg8EUjgksko4ORNkFIw8uLFFjiekbCFZ6aPSQqln0kemkYMd0I474MGPZ4FIbQ2jcZQu0yLFIUiD4mzPNaWLeFMjyRX0WxNTE3OJRxPRy3Ukjq8cXIQzwVTyQ5bg9rjzM0rSMtqxD4dMliqRu+llhCSQnxLk2I2rO1GES47YHA24IYwsER/azwJvPk/SMNvaYP1FcqJtQhYGM4JeN0kKzJuMvOXhyIs3My88iUmbXjaxqRyLklnOWRWVMiclR4VkitkC1uU58EWsx+y4uLfCOiWZrGdbj/AGds8si8FEitrbasu7g0qLfDTZZAplh05aghowjb9cUSNuT0xQPB5GhRGhxK0YIvBuMIk0ZwRtjn1EKS7bzcZeFuzmQ2xJs2szg8mBcHAoowQjzPgxkwRMdojMkzDEicWbXmMSxYG+IvJBD+29FUWJ7YqfM25Srjyvtlhl9DxcsJeOj27bu3XIcdl5eO1U9squY2KKje8vSmPplw5E/ploriHKZYj/2iYRtHEm8OMljPLZmQ3IwxPBGZjtFZJVocBJIjtYkfox3yYy+ENcbckY9sdkJolI3G8U+ybQ2ZOTLT8r6htosseIzyRzicyTIS5qZZ4f1FcXnUvbCvlS4K2bjVblGjV4LVXdD9aSWy7Ty31nV47qX5I+WuzNJflNLbqjSEOVeknIuNF99K4wWR4mlmMsErOYzHJsa5x2fAjwSyzaRgJG0ikOKY1gYuCI+zUjDRjI0IxltCRHgwk+DcsqQ8EiLPJwLtIiN9ovlsZPxBc/qcubZkJ86WeS/lQyQyaqe+VK+mxorkipZlqo5hLifqSiv1Hz0mzfQayG6m+O2wj5fhDjxB7ZUy3LVQwaf7q1xfBEiZp57Z0zcltkyyL2yhgwTgiODBZGRGMspIe0iiSwZJctcKPgSMDQ4kYiMm5G83G4lI5Mzz+l3/AFtMo4ZsRhCwcEWjJJkWZRkUkbojwTwRwiMky7bm6dZVsKduJ5ZBEpbYwzKb+mtrLhFIqLDXxxa39K5WcHRb3GwtWYa5YvIeX4/afE1h6CZqYNwo4sr+20eEXkX9Wja27uJFo8j4UWVzFyWIUTaZwSw0ZRw0jk5GJGGJCFjCwfSzgyhsTNzFaOw38ZIyOTDFWyKGIwJDMCiOHMYnppnp4MPF2SGRJom551aKPug/Tqrvk3GbNRPhTwb5YKytlnnqL/ufj9YNPb6dmls9SqXK6rxqCPl+P2iXJTN12ffVt22af7dRNRJPJZH6XxLQvIlwWcjjzauIxIYI+J4PL24JxRwjejgzHHqLO7JGwm2KbN7MtnJBNrYz0xQRgZ4G2M/UWZicGTcKbMvsueylg3GSLJCEPtPxGPP/AKyyjUMp++6eK6cZwsX8umCzZy0sNeKS2SRb07+Q9XpZ0C8ZF56NdmNjxDXy36gj936msOPhjNDdlXrE42cSWU1gnnE+JaCX0wf0yeCXI0yUWIi1iLHyv28jyyEMjrwPgUdy9MXnjc8Y/eCI8Cbzhj5URtGcPcbu2XjnG5meVI8kRp9ovtgSYkxLsu7RNEPP6tNTnOma33y5o8ynh4Tb+k3mSPmuRdnOjX9WppU4LwNnR57b9dPbpZvMj91cxujyiXgpnsnZLdHTQyTikrGWMl56cyGMOUSW0lLBOfDkQyKMsKHGMNz4jLtPOG8kI8bThOW03Jm9IVhuGLOcZMbXEl5GskuGiKIjSHFCwRwbkk7DcJmeyyNyNzNzItnJlibLc4rby39N241MjTP+yx5tg9sYvImNn72cb/qqWR+dK2ozkz9GDTWenb1K/wD8TvRIu8ifD7Uy4omJ5V8ME2SOnv6q/Eo9rVwluTghcC5jz2+khgeD/wBXFkM48GOXHIkbTAkYIRRwiaTUGhrJtZtJxFFkfPA8dkRwMSNpFI4ExMybkZ5ixy53GVj7j7JcSWpk4l83J0cTxmUpMi+D9yeZeFFJuPCZo19Moi8doPEtTf6sX57UPm9cLs32X0ypZCWFZyWkmaJ/XVLjyWLBPlQiieMvxT4kuUbXnYyOEnPBORDlMYu6RhdkzJW0S+k9UeWbJ52TPRsx6Fh/FtYtJYfwrcrQ2C0Nh/BtIaGaP4bP4R/BYtCfw4n8WB/FgLSwFRA9CB6ED0YHpQQ6oMVMESprZboKJj6TAvpnQafntJ4EKPMir7pP6d2HommmLt4G8kfD7Mp4lOO6p/S/IyHm1FUykteFcM0f/WuRFlpLJntgrJ5MyOcNMhAsik8R2/avVHyLy4yxCuxi01za0dxDp8xdMZHpiFoK0fw62LR1IVEImyJtXbHbHvz8uRjXbrWp3yitqUhyUnnjOyMc2Ous4QopvR4TYvB5EhLifD7Lzp3mOpWJp4M5P2vqiuJ12DWVdwM0zxZp/GCXieDa8YfaM8G7JJvcq5M9Gwhpr2Lp1kj/APW8LpkBdPpI6WmJGitHpoUDHtbF7MmTP42OzRr5+np3L6uWSfFcWIktxXBLt+48Gmmk53ZF48ngXmHixC76WRqocd6WXL6qpCsLR+avu0y+mBZhDcR5Y4WMho75FfTWyvQ1xFpq04wijC9uDHw4/PZ1y3FUUSlhQ5K1HFzUSMsiksLsvFX1OKwIz2iQRb7NO8Skt1dsdshkfMlurg8NMmxkPOhpsshDSTLNDuK9DXEVcEYXvz+Bns/yd5nt1ue67fgT3ypqWJy2Dk5tcEee0fKRHiW4XeCILMb48CGiLw9LPdHWw9lUixbZRkSeRlP39Gt3VxH3ZkX+hb5hMc/p19sZXSe4qWDc0m+Yo4INdlwR5Uom7hLuvFK4tjlS4cR9tJZiU4qyu6vZIYmSW6KMiqyLh9Es/tiMaMezPbP4D7SExmTPdfiWoRrJ+np7JOU64kMYnI5Ip4WCuBtblGo3JDzJWtxl+hCKC3lWeSHKnHBW9stLapw1tY4sfZMxzTVFRuGdJljUVvh9mP4cmfjz2kRYzIu8X+JPt1y3EIIRJlMHIVJsWFDmEMG7B9xtEzqMMeyJR4kXLtGWDypLBRY4ShJXQvq2koIlHvpZ/TcM6b//AEVeOzJG7ncJ+/PzY7YF3j8D+Bexj4Op2erqIpDWF5dT2krOK65TK4KCkxLLS7LBrnH0F4iiRApXDRqFw+0GT5Xg0t2x7o2V3QW5kl20ssSsH56f/wB6J8ZEyRMkRF8a+KSylnsu6E+y9i+BmRD7M6ld6NGcyzgcnJxiVx3FdMUOSRuIm7BGWSUkjUa5Vl2olYokVxIh5ofGSzksjhkSMcq2IjSXcXVKasrce0iEsPOVLzoX/bpZ575JEiPZsXZe9fA+8he2Ps47L4H2iPtKWF1S/wBW7aSZSVwlIxtFPBObzCYpE7CWpjXG/VTm85H4ijPEiHmjDiolsC6BjtTMlBNWQw4S2uq5NW4krFhjK5cM0n/TSS5T7tEiPncNifZe1fA+zMiJci9seyH3XvRLsjI/HU7nXTnL3Ci5OmGCNu035a5dhuacrsKV0pCi2WcSJeOzIlPEVZy/qjbBlnDFw6LE1dHJJEPMfFgxkXgyad4s07+qHKGx+GRXZkWJ/Gvg4JeU8+xPsn7F8D9kvt6xqd13MirSSxlRlO4WSnk8KViiTlvfozZXp2eng1ccSJfb2ZHh1xzVhldjiZjKOphz2rI+Jx4ksOmZZHJLPfJRL+yl4dMvp3HkYyIzJj2ZM+1D+FkiMvavGRMfZfA++TWS26d1KU066o3Xuwy81VjRCSiSucirTSmLTRR6SNhKJ1Bdn4Xdmhl/W61IlThuBb9r8kXh1zJssRF4ecqfsr4nW8qj7F2kTKybGRkJmSQvZnvIXsY+yGho2mBiGRMER9o9mzJnuhmO/VXjSqbJzbM5IxIvBKeSnS7yrTxglHHdk0dSj9A/H//EABgRAQADAQAAAAAAAAAAAAAAAAEgQHCw/9oACAEDAQE/AeB6aQXif//EAB0RAQABBAMBAAAAAAAAAAAAABEAAVBwgCAwYKD/2gAIAQIBAT8B8AWs4EMAGjzaiENzDAR20+Gelu//xAAwEAABAwIGAgICAgICAgMAAAABABEhAhASIDAxQFADIjJBUWETYCNxBDNCgWKAkf/aAAgBAQAGPwL/AOm3tUF60uv+sKaWXr5JTf1RyWTeP2KZ2H6T1OckOFFZX+SlfgqD/UMPjXtVpiXpQ/pk7r1oC9jGqyHjXtUxUVj+kn8p6jwAad1NbBf4/KSorf8A2vcL1M/0UlH8ab5nOyagYRkFQgINVKj+gv5Cv8FJP7Ro2130vWtCnzhPQX72Vg8AxVLH/wAiqFg8YAH6U6+EI6cbJ6d+5k2cqfTxLcUrBSY48jO9JQc+3b+xalTSE9J/9J69vwvWkYU9R4/q62Kl84lAjtfYr/EGp/KeryFexJ4O2dhbdMA5T1nQwFP2ZP2v5fKhRsFHxHBBZbJlteESUTkc6AKHZin6FjSN1+9fbR/S21R7dkSqyyLqqsp9XZDgb6EQo9gF+Kvx2EKqlEfZ0Z4+6+Wh7/Eqny+E79gAqkw+lKjTCHMp/CpPXssaNTas68ZJpW2iGVOLr3KYfFMj+uftpe30mHXiilCgWc/aLcsxqh+vYblfyVfJYvIQAvQuFhpchMepD9c31Sv4wITBA1JmVTc0pjo/dsL9aSq2RqqmpeqpxqkhVcPdbplCD1Z3CY5f2oCFXkilYThKPk/4zf6WE9aV/tEKpvpf6WEfXBanWMZokrH5N1h8cUp1hP2qfIPiUD1lNI+1Tb+U/aIp2qVfElQvivipGg/2iLgFApripCr7CwHcdYKfwmWFYSmq2QNP3wpvAUBPV4iybyUEJ/FUxUyM8pxYFCkhfpB7kfpN++sqqTo1lSoTeX64G2bEaXTYWCmkL1cJnzvkCAG63ixTIkfRQ6ohHLjaNYaDBTvpnK16qVV2NSOqMmyhTaBqEKLbQnDBRkPYkKoXnSCGSL7aji8hQmZMLnsnFgqWzsSoL2CGSQnoTVDVezoVU73epMLO/YfIKJTsbBUcGdf22WKnZM2Sex2XxQKmwFo+XOcJshJQppMIDsj+bymCxUn/ANLFQmqzNy/4/GVT2ZBVQFmeUEQsQHr+FiG6bnmjxmUSftYz2hs4TlYxsgRKJojmmkqE1KerdB0G6EPvwzdkSzqKSBYjmPYWpCp6EH6QPDwkJgEFi1JK9aEzMn4QtiOw6JsPssD8KmoIFUeWlUqkXxNnYr0lP5JXqE/DdClBujBQPBpIVJ+0KTT7KnGECLkaDLfihfyeQdHKhYeCVSVG/wBIVDdMAagF/wBRT+QMLtoDiAqlulH4Ua/vUEaPHKlU+aiSgsVAen8L4scmIbZ3UrdRbdb65CY9GyZBNr+wUUBY/GNkfF5inoqekp6U7TkIRpq0Yv8AYCd+x9jZ7MeCxWPwFih/JS4WLxQPwvYMcrgewTHQgL3Xx1GHUOyZrUlUnlfy0Z5W2rCfqBaLYTyjSV/8csZW0WHT4acvuEWEJuXip3Cb7zRd9BqVPTME5vNotShy/wCSjY8DCE/TzkkpgvdeuyBQ5ZpqCMeuswTnrZXqVNsHMIqTHUYJ+nbNssbqSsINqWQ5gOm1Knp3T5oKZ7YnsFT00KVtqSnHKbMbumBTusSwHmVI8hiFB5LnMU98a/KZAhA8p6iwRo8PJBxMFi8NcrD5XtvzDkwg2m2E8h66k3iDpjA5UpqSi4lN/wCKCY8s5XKawKBHFc7I0eGSnrOq3AqpabCpDiRoHKzI4gothJ4mKossPjLU8DfXY0zYBDJ7KNYo6ByyouDw93K3anoMNQkWbNCarVYZMJynN673BQ4HtUjT44pTv0JFYlEonRnTORxlOZ3yNre9QdEeLZOS/RGVVjEhYRoyFso0cOkdF9X2qTeIMnqL9IcJlT8k51NtB9BxYpjl9VNwho+1SbxeoT1F+mfxm07X3yb33W99lstr+q9hoMb46ApGSE5TXbO9ZZYfD/8Aqeo9PGtut1vnleqnOxtK+IUCNAHNu5T1GPx/QJ1SEQdBrvWUafEnqLnoftbFQF7cPfVlQmOR031kxaTUSU9R6HZbL61d8++jBW+eFNyo1cHjU9XtzoTHI+Q6EZY6SckleqnmvkfIUczc+b759rtbe0jlRnKFyj2EKLydeApHEpuUeo3W6+S3tJybau2lHAY3KPEi2154G+nvz3WyhbrdYblVaj3hTwJyxobX2tF550qL7qlA2KOlClMONsts+/XUlU9NtaOBHD30pzsTpSotK9btaeJHFlQtuLKfJKcI2a75ps/Bm0XnLN54ccwkJqlFggdHCbRzo6Kc7KchRCi4sURnGjveVvaLz2UXOTbIb4bFVZ2T3m0Z50N+rhbLbJN5ytkBCFViBnfLHHjPvn2vHHFo0MYqZH7GTASiVUdDCU/PjowLNokEZajpDXk5ptv1jp8j5dsgVI/OlN30JvHDe23KlQoU3FIyydEOqRxoywp4D2i3xK+K+JXxXxXxW15vut8uy2Wy2Wy2CgKaQviiaSi9MIk5ZtHUbqbbKAV8V8VspXzXtVaQtlAW3N/ioyMMu3DjWZitiopK2Xsy+SklbL4BfALZbdNUftEmTd7b2i8r103yvpQFFJWzL3qX2V8V8AoHX4VNp6CVNSmVAW3asPrLPDdsjZsPcuVV0D2buSUdBgF7KLHVfN+bjuRQM8KcuLhtcIdx+hmna85Dxh3B/KfLKa05GpkoudZlHf4XjU3j+nlObRli8KdedIIdthGwUBYvJATUpqVOT1U6k64Q7Woo1VF1AX6s92oT1rbTbghU9qczAJ6jpf/EACgQAAMAAgICAwEAAwACAwAAAAABESExEEEgUTBhcYFAkaGx4cHR8P/aAAgBAQABPyFa8VxPjQ+F/iwXwz4H4zzvkeBEGvOE5TmiYFohOGhf4C8L8WBL44LxfjOIQnjPDQSkHozSDXhOC4hBIQREaHROHxOUXxnE+BcTleUEfnEH875Q1xCeU5TAmTfE4aIYJxPM/wA40OvCczifKiC4pfKTL0K9r0mby/SG8IFqS19mXH0ZPTrXo3ykvhhP8LTgg0QnDXM4bwUXjBMHXhfhXwr4XpNF7Lv80u1d+B0o37EP6PweRRkz6KJz9ZEVF7QsSbC2U/Of4kHxbD4fD4e+GZI+EQSYkNEHoQxeE8V8iHwj8RCFrbevY6aFfZIYC5yNkJysC3cLGnDMD9B5Xfivh7+L+CLyMfDIPho0hEvEJyvLWDQfD+WEF4rlAWk19DDCjFNX0P18tcJEXFKbI6jyI2z12kwVdMwGQNsj+jLVj8Fy/wDCHzCcwaL0LlH6j88NBD8p/gowX0SDfQ22N+xMZOVvieDI0xsjdUEDRJH6Hp6Qy1fsxrztpmWn+4QkX7iOpna465f+HPfwkJxSD4YuNBeC/wARFw0h2RgfvKJngmHFk4KJNpkXqpwtkTPoha6nRFhPQ3vIlbM4hCXsH0j2TGyMmv0ng/kviPfLnEITxSgxrHCCXGp0Lhi475nlsXixtZtEqV+lU19oQ+ER+mZPO/BLA8PkGxDIQnEWh03MdIV/ozYMULhfYjRWPTJ1J6Ep/wBBEt0+vjnihcacYIQSH4TicvQkNcvT8GLhebXM8W4zaIzv7QinauZ0ITazwKeSnZSEYSQnsmeBuFmWKl/TM/OD0IQAUw9lrY9b5zRclfQs7M33uhNYvZDJ5XwnDFzqNeUJzB8LlkojQWvKfG2iyxpcSQVPA7N/ggrQ69jNP/5DHWf3G3++VKHnFg3WaHA274UrbNiPUijO7oZWFdISompwMvZCGtiewieHmnivHQaJwh/I0QhoLmfKpjYjFPQIrY9ihowQO50hOoJoYXn64vE5xZK0pvh8IQ8iFiLWUQ24FdEM7jTwFmf9I85EGEMFLw27So4jryvGvgbH+A1zo1Oub8f6O9DqRMJH7FWJ1GZ9B9+UpBEFgJ55JcLPCEC0rUK9DNEVaOh4Rr0YQnb+zYMvwm/WMT4K9IW9DCIWcLYp6BC/Fjwvi/PBD8J5QaNBa5nlPFZGkf0M6W28ISFJO4KZVwDV+uFz0MJVgYo9jLw7QfrA5JAxbAowHwUhJqv8EME4wH9ILGKHWHUDJ858HEpStTXyPxMQ/FEFxCcPwawInwPxx+CNG7sPpCJnzEff34I6MkIRZDwGMVFTHtodaCqtCyglDjMENYJQlOiqIq5FGBR5WBxOF9cBu0NI010ypkvLGJWEehot+CGXwXinjOF5Ma8dPjhOW9Aj7BbEsTgTxUtF5tMZPBqKb0X0MTG6Ma2OVkJ2TogpFyMZkKBrBuo4bapRWEhmoSdP2LPAbx9mSe0VtDROLR6+hnJ2E9i6adt8i4Uc8ex8US4fnodfM1tZZRdvPGAZsbGN0NcpjiDQkHwlFbAlGBEnry7FzZFKZrsEn9mTA8ivRCUzbJ/Y16MXBS8pugaiNoTPc+a1w/JC84RCRHXnPJcGyWkK6oXdEKky0GLfghM9Q1y2ZMYzQcCI4O445RcIWeNS5kZW0U2WSeEPqG4RBpsw/Cn2PEYtLsPCymifChmvM5YvifL0LXxtYFxj9jJfN6OpzFphq3xPBcIXBjYlqzizQ+KyHFw3guDFETUY9WqVWBscG2LBIAmcB/hENeC4RvuUSFHhczynOn+C/B18pBNOI6sDDbsc8aC0Qh+CCGYc2WKkLA0GIKcORCE5fBSbF17P9oq7FDNGxwS0U68EQWyVdAjr/CUflB8Pl6OuOviZ3joO8lx6JiuULZNRsnvZ8ZkWFBa4UY2CzoSiBOs04pRBLkuEKkIm5SWYOD9Qlbpm8MfgyizogIcaJiGr6Y3F+NBeS5XJcQnHTFxCfC8oW70SK+3ms+5IYy37BjVXpfCFCg8d4S2GwqFiVCXBC8CQxiUFK8FFtIt6pv44OBrh8u2Ot5MUa6Pey4LxfxETmCXN8mPQvlnpkJ9JcG9NFj4fQ9JaOhF5XGgkYsWRDHYNFmHXYqfBccCKEJ2ZoGYcaKbh3BkhikLGBFwtCM3eE+LqpaDZKyPwV3oeRMuNeF8G3inxviUh15wnL4+skMhO9mhyp1O7BiUuKJovF75QtiY5aG+iiGYqNxKaeBskITJHJ5IbB76kVLY6tQbRrJ8MetmfEqEswMixWnYOg2UY0QlDy4+2P0f3R+N5mALaD2LjEqaeS56NzrhfA14dC0NcMevhfK0Y/wBiUtbCzexC7VtRU6JYCqX+xq+CEgtccRKSEFYkkUlFtsW1hjhj/bKstjvWCtjVMIU3oXAz0QSGqLZhrEtCG1wh+mxHStglJTKUyXo3h0QtOEHr8YesGvOczBHwTi8zyY9C+B8Xh/sB/MFNrcELInyhlWAaV9mbv78FvggVSnRMxGcsXEIsJpYKLbEDRCF+FHFsJiPbNQzDsQuC4yQ7xgXZ6LaNiXqJiqpN7olDOIVkaFpgnO6fpsQ2B15XyonFL8M8GPXjS8vlbHx1QlLAVpD7oSHxTy2IRVAxb8EUFDDnhi9kWZ8cGpUyMxhKFZIMtBXsViKYq7En+VP+akdch979hZlC5roY1Lgn7XG5KhtK37ITTgWjobMhDy4aczXQeo+EPyePnPy0OviYhzZ6PQ6txwe9C7XYuf8AaY9raejESMQ+TEWR9nFHXBCZsemhjIYrB3WmNdhtsd7ExJV0zSqvo2QfhfAVZGvsehISEimaILEyyNhoK5IuxqyjHYIooa4lRrt6NUQYL9Ll/Mx8HXDFw9M65XwW0NtG42zYaJUIzQjF8I+wlEscSb5cZqDNfLs2SYBam8mMoq0GrcMmSgg8jUbGSYyFWUQkTk9DKVx/8i6l9jaJRHkgyWqsRN+x2RgQ17FhfCzYvgvGeb5emdC4XiuWmw0eGBJoThyGNT1CJ+xbMuU4x0yxGJERiDExCzIoh6FO4GJbEnsKUw2s5ZLG6Ri2NReBjGLcXcJaPshObLB/iFmj/RadY9bbMHZKPYkMXmzbl/M+GPTOvBi+B+H2Ihp12aH6ZGEQ0QRUcJSCRldGRD5A9CGmLLSiLXYgx9qBklBkVFSLwTwM2jmBmeyIpRXjZkli9D8yMe5WByKh9hGn9cPmeOhm/OcT49ReSGZP0vhjhnYpdhB5+gyqiWBpEMRihhvIgxISWYakFJCEh7E+HQ8oG0m8NKkmDDqeAjmnF4QiYIYRmbITZQg0bQVeORXTiqh7Zf1CHxPLQvywQaJ5IfD4bwL4Z4tAu3Av/aG1V9DVQL7RX0Ylmvrh6yzoYwlRH2hMjcaKMlBIiRfBDXBoQi8IcrCE2mPvL4y8N8dlXMFSGU0rCkVkLa0EhLoaY1kiUv2IfwPQmRjEuZ8rOhfKhr2b9CWW1SGImZj6DbYdFzHp6BsO0PDZlhpEmCNjClvjWuUUXh2gpGPC2Oaw3eLpsGKVoUhijwNwNaiQxkJWI3XS+BcPXG8whR8P4G+enyv8BTMqDrF2XBbpIesBxtXYib9J4aEJBNTixSSGhi0LhcKQhYd6NjYkN4QoxNgxL7MR0SKhGt6HvxexXb7Ei/G38344ITh8IY9Pl+DXyL7YhWsUrWjO4C/wjaP+DRU2xiavQdYT4YnZZRXB0HwgT5zg+Ko4rQhcQTg8VPoQlOK+y+B9jNqGEdCReDF5Nxb5Qxi+F+HTF4IZRonnjmiIblwtdAplhaHIZ9icHsMab6EbU8sRgOdkiCRSjGRXgxh4KCTBkx4vPFdDmStApd7jdgpRVYorRskqX49DfxQ/GcJ+MGjp/wCHgI2xjRZ0xLo8jXRRkckuiw7ChrJ4qFKNUSNcEIYW0EgiEkNos8EhmxucC5YfloauDAiwyJgSRC5yfpBI/Xx6G3gkQYvGD8bw9MUNsIQj5fy9CofscrFRLVjMixgUz2ZfDSIvAtrfZfs2hi04lMKl0g2jbFLWb0h7YQxWQx6GQoHgJtPiWuGMfhRmhYQ6QYgQ1BawS8u+HwjQ2KThcTwhc+GfDs7FhT7MooP6+G/Cwva9sX4OCzVtsSn9cbGE5IS7OhnYwayaJxpHWz7M1tvTEmNCM2xKUsThUQzETKN8PxfHIYDQHq+2IbZrlfDqbczhD4nnBIng1PROnMkj7Q/C+S8vtAYrpkzbNoxEEmOxUg0aEvC8uhD40GiVEFNzsIcyKGB7MjHirYmDfL8GPgdxPRjirHdl0Ikjvhi+DTznzMeD4S4fL0WwwklT6JzPKHxfluRH0htNJDmqm2ELJN8vgYJhF/rfHDWlByaoRsYk4nHY0qhzsllopLRM+orgwLEPoK4PzJxS4FYljGt6caL5Xn+mngQxUhopfhfD0JOi8kLBuMIQ2t8ZyvNTUBSLdjS1z2fbtEkVux/BHnH9cQyvV/fEYZ2YWGoFvHhhpog+x7yuxnEVZQmvsr5N8xQYoZbMMFQfD34aeNiH8E5pCD0LRdEM4PQpVZXM8V5M0Cx4f+EwsvRIWml9n0yYSXJ0VMH8EINGozsyL0/OIbcUkzGxu0x/Z0aBUq+2xGTQH6e2OLke8fIUvD4PYRGY9CnhK4sYXyaD+Gee+WYsoY1YZWgt20KpYY2T3xS/J1gSNFpU7DBbN+vJhb7I1I0MC5ePUhpTGhkEOFsv2U9srohLmbeL0Y4t9mCJCBfodqh8ELw04yMzHVRy29vh74KtPkpqNyub5QnkhjbGDyzDIKWgNFI5Q+xax9eCfIhxiQSS0hsJF4bIsj9EzkRYOj8R1LSEYeQqkyFoUEpbQ3GxMTKOKTbGToWp0RFw2TBuSF8L45Q7IPxfK4XDE2bMYtcVJS0UjArAHN6MzaPT/Eb5fCUcND3qZcZ6LZGFVTqCElkZGLBCyyICsZKJkRkHgYcjCxwqraEKoOMM08C+LQfCGvNbJ5NxV6LAclnYsYd7Gz2VosZxINVWGNCfC+afCxrEUnOZQMwZAThLsPODsRYuUILDMJXlITLNqhu04EDcUbA2WPil5fE8T2P4ex+E4vsyJfoZtD5hmEwWShhdh9pfdUej6GL4F4ded8Uqa6ZVQ3s4TGIbB5ZHg5dC0wJwtJIaG+htJGdGUAcstvgSkIJeBpAuF8Z75QxeL8UxDM5Gz2w1/CYwiKwj+ymaIhgTiB9DTuZwmPyhrzn3wvCcPhCB07CNPwEYik0KC0iRBhucMKNpg1wUhFDBR4DXiKpBa+Jcaj4Twfwoa2PelpEYQ1pIhwKKsUgnIuceW4iTfoQqFovgfwMWB/Anr8Yxa+mMTybiFKI4a4sOKSKeTI2ZKsYFjhWAwgoudB6scL4majFw+INCGXxSFOV5N/pDJioghc2zR7cYReMS1CH9j7QY9D9DM+F8bzPifgrFrHsTJiYIzbExkfjIgbCUrZtYPoLlhQQkjByTguNeD3y3xhryvDYmNcPlrlbQ9/A4IurNEc1o7eEtbQbwJsaxg+VP5bFPXrzXjBk+Gj56KbXXFjMpUUH2Duxi2KS2PxYt6FqoQsESExyg0Th54rhoIQH8+LQYh+GeUPfLwjosa8Jphz2ND/VGcGJj6mbcTxJkG1cEl8l53yXD4vhDr0JF6YvsgkhmIoYyeVtFEnsk0JjJsLwZcPnJGKHjI1RTrfM4fhrwh/B3xSt7HMBaMMFoQg1gtRxGYLCTPpRXtwR0e8I9lTyXmxPyb8YOiyPY4spPDYxj7fCFwM2ZZSWaPW4JowGxpBsfJ8HEzRmR7BHm+jJhadiS8mrXyZr5Ifk8KlBDGOiQbAjUGJAzxN4CbSNAHocMrY1dHoG688PmeU5nwPiLS/o0dH2Jb/SjffE46FkvGxMCWsMQgdTkoZYffwMz4Id1Ed6vpiGX6Mzu0zOVoXh4mmPw1+A+UdlYc+ohs0EqMsQ1CA7iNAhrxFJfaJYGolEJe8DkK5yjr5b4PbUkP6QBgZf9G3Y3WMXxguI7FMSy/Qw4KW64LxDQyJn6I7A/2CsLN4GtGj8UUn34aj5Q+HzBMYtuMZNOChhBihBaLUIc1FssSqUzboZnVDI4/TBquJwvN83lPh7TRex4e+jseVb4b4681yQYxXW5Gy+hhxIZOH4ug9RN2Iz4fkhxiFo4HkyXszLLjQfKE1MnflvA5xsVMNAUkFwDR4GCMg0FE8mISME4OhUILB2Sx5NHLF4Tl+LMpXoYcPSj/XgdTxRfJcIUxF4HPDHDApJeHQxRZF4XAyegPhw94QmRIbITNGMLa8FhS4Y+LwxeHYsKm4mx98eeoQTeRhkmilVlNHKAUyYQg0FSMWkfWBLlL8cINHWdF5k9ITBKAzY36KN8zhMXMJyhBzO4zCMS4oFya4SFFlkV30OeCtMX6Ac07ES4fYpgzcyJuy2UekIDvC0XheOxLGOY6MMlko4J0qInsboMRyR1cQm5J0MgD2eRx+D1h9GSPzfl0In+ImalB4aZj8X8QgQVpsM6ZheFEE8cFpCD2LhClCGLz0DG5xKwYpGQbOARvBB4MApgHFkPuERTYmdj9OEPiygeTIYiKouYuNaGl/MWLoei0DV4MwSZUEX+hCgxS6ZPYvCeSlyq6KDqeyjDfY8kH8SFyJDZjZDT7JFyJRJgTikyPpwYOGgmJRDRjYUetxlNyzseTHTIUSN0LQEihDEnRGoYg3dFNwUyeUQKi4y2HrB6w63oVwGAwD0SI7QzYIaericMoNqPYBswfBC4EZheZ4fpaKb9IcMxzaY/hCEGiGTPM8UxhYHqFTXHMeCBEXBbFPaHNg6UfBeDY0NRwXKH2Y6eWO3BK6wL0i7g/wBj0NaKgcNkdh2gdhPcaGLsDxXtweehwQbOv6WOkFpHcI4MVQpkSsGXWPTAwrE+GRB1g+DfJCzQWzJRDx8pqIZCkkLsN/Y6i9iFoa4Xh+SD4T40NR+jEiaK9D9uDKKCuWJ7lRRcKQdQoxC0hCGVzsp9GDQi9CwbSinR1EN9YMxD2P0H7DDsK6DzoUCTuDUKroo5Nk0lRFVgnhZwkGuR0OSnBYaYxQtf0RJKn/B5wP8ABofNPeDJSC6NeGJBa98zhnw6UOzaBOw5RjGmNEQc4a5nK4a4ohCqZpo0h4ckiSooE9k+xD74SbnMDR7JnRzsYzfJJaFnQ0kOXOD+5HpE2CbehWZ4J2jIeziJYmQyZFDQwQ/2GmUJ4aMsFEp4hIdB19GKtYyCYGRaXCEbGhkbFB9cxJX0SxE+yrH2Dt+GFs+nAVfBGSiYYZOXOIJCRVDU4RXAhGg2OkwxbwT6PQY/Sx+qPwc/+gjVh6kaRj+w2jW9jW9mvYNmHpGmRnaCdBhdhthjJmEKvsiCTsjd4G7cSo8MSrInsTMkMRyivJMbT7DEzFn3IWmSCRTBFjfKwOQnH4bCRoSiw4mlVfQub0LAwzedfpDWWXprhBr0Eme0WM/BX6JRcNFwNScPAcyQ8BiOhHYhMYuz7RnYyewi2DaoQvQ5Q0HQOmyoaYQ/IjrTAPGClUbuG1ExUho93wi7GIFiU9gntl1hihZZC7MGOb2Zh7Bj2IMw2uNYHN0VQsiC+hvYlZlvrs65qzg98Lk2NRzghPQ4rp7Zmr/WSLdYudGTySioVqQpDD0NWskIgta4eihmINIQ0RiaBHY6XHAlGTCJCYQT2LwLIgyxseyC2NumNtkbBkiNwhaaCSYUEiNFEh0mFsa9ieoVN8LEPJDYk7CoWhIoMykPh2WTSMjbBcyTWBNdFNjB24rfB0LWRWC1zY0y4Q24/h/wMsCQs7GPHBEKHkMMMKnXB4j+wsGzoqi1ckiGk1g2GEI64DOMqWskVeuO5pwCH+lczfqFGuIRdHrEOqzGgQu406HZS6kPQ0w4mLtTBwWhsHjoWOj0BOO0XsN9OA7G3RZ4tZPsFgTRDGmhuExDG4YaLungLs9CEkSbLgf2WwLNDdQshfWSDOBYwGMFdDuhGRZDUTJmxY0G86MscSCJ7NcCoaJou1gZXInAx/jQjoJL0dsI/Qa6MaBPtURdmUTtoSLCEHo0QjAbdiWUdlRTAKWLBgh42EIh1sba0eiZdCWMiUfA98JswEhsbj/Q3jRHoboESRg72ihVeE9FJV+hk3exiO76P+0QnO8Rd4EjBRmbcJ7KErQ17IzQCt6Qo6GTqPsxD7F9kFRS0uLOBKLGkJCaaHro3yHb2NX1xeEJQ17Hn4Kyu+/9iT2bqH3iCwjPgN7lGZCZNwzBd0anfEjhHoz4QmE3YT7Ij6kOdDadCISd3Adhlob6LRTPwLGMr4KyZBlrIhxCDJDWYKOhbFuOU/0n/Zwl4HiG6/oa4n2GofQcYsiyITGyHeHqR0Q+wyMt64tVZGkshUmNUSC30P2V7yNsqPnLG6sF3xWcM6md0NS2OegnZFDbBtWGxzBKShp0FATYkdEaeWVexrKtiX2IEgwnoZhcCJ6GbQ/qMyWSIecgpfZHow0FjWLbMdodGZiJgYh7SFojVF54rRpk2XwGIZR6FoVfxI/ryIKnQYQR6krkoML1cRUs2KoXwHNeFEo2J+wvRkRp5XEqBDUnkKmhoYdDXiG5nHEbLBlRJiZovax1ZH7CFEEtPAuxscx5EqYssjmGTQnqZImPcCHyyZk0RIZJaJ9C9QgbQQ0KLIoGRKhrOEI2FLYnFHQ0SLfgo1kZBU2KCcuWrauyWw5lidbC5vIQpo6EfyJBH2QKhBDySsRLR3A7gQZ0aBo9DJwOgjEhV0yWB53FTQ4tLJHoekg1yC+0dtsV9jRiXAwftgRkVWRCwIvRhcdN5EuyozZZnKJKJTVZo0ewTYFHoT0EucHioIVoot4EcId2JDIeOBMuxULGsejYz7EmimNMR/R1ClsaaGW8HaLQ9qsfdjqKKbFiqELQzZF3YbqhTkMAqjslGmuP9FwtMlwNFjWKOkyUlGsjUEYIlQjkelUdNDFIYTol6GfsKLOzoDjsUKMW0h7UPazgVd8VDTiYjNBqVip9R3Q0TyGNcKrj0NE6hp7MGROWy3Z2gpi1DHo0FBUrsRdjSI/CDaiwFgYo8CyOPsX1xIBB9zI9mLstaeORqoMWxOsl6jga6FmRrNQRmi08CdcHTQTE7g0asosTi7aJSYlMj6hjQyKa4EN7HlBe0MLBZSHkZPAlWhBgvRNJnrEoL3klgZpEJu5Kej7TJsYG7IRt4RlpRLgLLKM02BN7M0HdO5MUOCD3DDkaBl7GTshoeCY7nKsjkG0OsSLe2MfY4Y4rbo0DG7JiWsMW7PuI2ETYTorwjFQpJjd4FbeWMcsYhsdQhFodcTpsmM2VTFholOeiVErEIQS0NcrIJZijAn9Cmk9BnISZJL7EkShD0sRM0N1TITx4IL6HV0j0Fp5MmxpKNroOfQxZZc+0UtsnpiUJawxxrY/hhK2RAtmkMGlROZseghkxQ5leTtBJ7MGSpRI1BFsOh3Q+hb0DLBCGyNcIX2SnoetCCJoVOJCOCYR6HhwDpsY2UIWhdIRkROyKMfK/YzGYwYwJZWBLpoKM2odUoY2SGexaqKUSeETuSWCMkoQp9HuQY19D5+hVUHqKnsmgt4Y2Q2N8IU6GCywOWzWPhEPBYHJC3EakKBzFaI0doJPDPsM8HRhC7o/BL0L6mhbI7EhQOoytmSRVYJKRUT0KbFoK8sfoiy0b0OOK3oqIWoM07JWEJM8B/SMgZMrnNh4MWxQJm9sQYCEOsJidIEW0ZuwsoLZvYmt1xUgkfhDio12JHSGDeYiVDZyK/oPYiqI2i3A7FskReUZFbF7C9DtO/E5NMSvpCmj6jIaot0N6MxxNZsUEgkqvQ6gdaRCN6GH2JTLKEdox0Ngxk98DsiitjYFaEDKYPYJIJp1xi4vkoyr0NehNYRmJkOeok0pKQnoYrRDlGRGIgyPRiGYQC4o3kzBAfQ7eey22YjctdCErlHYpX6P17wvNTjMXkfnEbHWL2Ocm8yeh8NGbFJpjc2O0GBSNljDExYKCDApkxbbI4Q3hC2o0uisQzTwX2UZfT42CZnLJTIeiWIR2KhQ9FOj6i/AZeR+ipbG0NJ7EC0MqoMEoeMDy4T4ObYmkp4LslOxJE9xGbQinAojLPDxxa6CGyqHadMz2OzOCvsxab5EvaNkLsMGC4vDE6jUuuFIwCCDUfCV2yMXQdZEO3VEbYzqKssSMN9i9Q16HfoRnxCOhg8ZPWe5jQSbMfCEzkadIoXfRkxShn/RjQ3jVtkezoiK62TsG0wh9AxjUskesGWQy4FQT0YMJ7JLRiHxk2PYcJiCwjEjtD2kBbbEREQrsQXY3NIpuB3hXDIrsaEs8NrLBdbkbrwE6yEsnpHYyBvLhBMzuYj8mMlDCFedobA0ZFPCMW67RUsjNp0KPY1w55KGISIaxlbIEB7Qpb0ZsIVBIF7SO3Bitn2iYWTBqwQnyR0MqoT2Nr4mxtjFfLHAQW6xImR7HA7joWMXYJfRk0NhRgMIYa2IkNcJZHuIfBciYMGdbM8h3fBIGQ6PbyM/UhYNNpbNoNfZmmtCr8B9Roc3keQps/glGn7DHYQX2FdIMkdH6yIaBJM6risSjFhMdjmiTHE9izpvgKj2UEWcjpascaWsSieGxsJZkWMWOyERsZuxZTua1jUdKBwFBB4kpZXB9AO2jdg1eyqUSUyx/UdsdZqiWghsvsP7KFiyIujpAabWS+homyhiY02I0+J7GzAyCQS7lK030NKmnaKdhDVCITcIlLBJnAr2aaxFLY5LJjJbEZBHqGJumdcYGOfsXBIkKXHIMYhl5aW16MBF59jRqFdjsVMMplDm+h2432UVo4Idk9wWoKdCxo30NWB/YUhhekxLC6IhrRPoS7IYaLxpTVcEcCSXXGgGpXshDQgxGYkCyCKqQ/Am4LZWLWxBCBuKyhsPRGQMaEsBmWiKjUFyK4QSt9jN0e0zOAt4SKGbD0NThOeOTxgmKnR8J+UDi5csMnIe6ikCRjRaGFJRFpCarJa4NhGBniYm2RpwcrNw4CxorOFDyRPY0Y9CNodpQyRHhsjbY3di02Z8C9hZYPYx32dxlZggAg8o6sDUsCd7Y16PRFe+hKiywNJN5IbHRbHTWDIa0ZHBkIehyhOJ6CF0uIluuI0k6pdbAncwrZnFNyIeXiDjCzASx0S7IxiLML0gUTeBBohMT9PwphAdJcmBA2pwjTvEkmP8AgVagmG2K82Mk2ZCVldSRooEwMSWToDLYaMPXsJjI34DJlwCGE7HypMRl9CjlwZaM2T7jE2QZHZpMnAkKsQ9mLpMz7BMwcTX3CayxJsNu47ZV6ETDJCbhtCdaY2CTyEvbZg7F6xHoSH0z6Z9UWogvjLVsFH/gliojQD0hU7Y7M7ZiYOwxXLkvUE6QSfQRCHeMJFwaGzZFghfPJkiibIpqE4FxklHtg5RIVt1sT9oyeRsmKFloZBXMDZUQS9jSGmBeomYY+hjLKLLN04CawBLphklTLez/AEJ/+CEOGNijX/uP7He/4Few6k/94G1R0SS0ok9L/RF/+RBGL6CXCJxeDZR+NFw0NQQyRmNJj4V9tEtDlwHKYrKVHRi2XA+MMAjQyQqSK0KCmVBCMUMQ2UOE0Q1iaJrMzpBtnszNM2GIhpbeRN7GW2R2eFkeQkNpMHqlt0Y4EoExZX8NbP6ZZk/pcpuKreE90IIg0QOOEELSCgjpkyLggZRPh+RcFwhIyQguJ5QXLVEGscHRkC1mgrL0N0EhgqzsYCrZcBpvNiwM7DceElQ+gz4Gbn2Z4ysDWBD2JWyXoJPA5qEt54nxRhui+yQq0S5jGPmWv9GVDf0KQab/AECVoRBpriL2QQJGi8QSIQZSg1w+MCQl4Llifivivocpdsa8oYhIWgwiyIJBXQUyMkJL+j5YFohS4Q6aUGi0PLMWYaJkW+GiIJ+4e28mgz6ehkTBRzRk8lpZkV2lEK7DV0/ziRbhGnp/owISQ1wmMZGKjpnjZCTwpR8qENMXiheD4fCXkmNxE2CRjRCYPaYaG7FLg9bCQjNlFUiQj0GdiZhYYIS5xpsTgEoyC0kMHEMzxwf4P2YKMgtDhvThYRV1wXHFREHkbcJCXE5o3xBiJ46KYvFKf0wJlExsU4pSl4fFLxSjeBFqMA4Um6EOJCGiLtGho95Vi8RH2ZoGEQlKXCBiyMQxbHDuxcFqNkSoag9a6P3I54nwYmZAfpj6jErHGhn2amXE8iYJGIWQyjIicTzviYzRdDH24UuRrwxfBOUy+CMQsZYvQ5Fmj4myQ9BGdNwyjlVMpCArbGiuBMAWjYscFNzBIZNwb4ZTE4BFYgJbKqBd6Ptwx4oklPsVGkmElihk6URRBh3g5ci4TKi8XkpSlYmNvwbGgmiWhCGRIxRvgpRcLll4viiDEOTJfmxK1svsZ0zakdiRDETGRi1houEqZcQkoPSBOoWTSN6Me5MvAqO4WncG6ZGJrBRsho0y0W7ZYtQkbhiP/MPjEfAoGxTlfohmvIhrhF4aGNDgSTQ8vA/NKioouC8m+TLgyFVN9CHJNBjGapQaHvAfVoPZGXQ+gihmAcq0mahz4bGOIgkJniIpZYwrOgLEEmOFoww9RuHjC68WcbGyNx6LkonxSlfLD3wlw+GV0ozASfiaPghgNUnDcNeC5YD1cOjYT7JFvbbFDJgjwSQ3BCirRFGBZ4NhDnREORU0Bqa9GiGBeDCG1qHSZXEI3EjFYQ8YvOUuwxGzYhsWeQFoaAmxPA8BxDYTfocW3wnhRPkxMRCDSHypSdQ1R+FHww2Iog4Rw+XsT8GnDJabcGuTALQ6qJ6VZEwdKWRqR8CyHuYro2DI/alv3GzMKEDZNBN4K6RgZgzKYqpMxfY55JbF1NnaGJRBMmsZMaKQkwCeCXiiEBJIJp6uNhi4fglXC4oxRkMfYwQxcoh8Pi+RMuOb5aENybAw7ombyzJdkV8TO12hHYeakK8yFzE4feMxWhlQvQfw2nXJa0PEnkdEYTEvxiMzAKSoi9DexTEXKMNGRQKlwKJOC0MHYzJPY4kNniwCtEYKMTKUTHvjs0VDaMMcJwwtEg3kpUQY3wPXjbKUvEE4QjFm9CHMoJNjmzJS+8WAf0wQz2MzoZxUdhabHthizlcEMteF2w6XLEGIaHXKMJofvC1SHCDO4Geyot6cFZSkgiPhoTIciTWYBoUamLFpihZCyELRUiSDfCEQSJl4wODgxGgzvG2NPhWjpiKIaGjLzfMFgzfCg/6gyujLJaYwmg3Qi2Qv8RtnDBF5IsvWShaRJp8bx8D0JGhZWRsEKdGQdTM2piwsjAstcFF4nL4ZsItGPVIgoINk1M0MHgwcazG4LIkMQTE/IQwELkRBZNNTQYY1GNBccNxJip8LwnNOMbFns2mhAqilmSrAMUOGZEJgarElReBMMhuP/9oADAMBAAIAAwAAABDO7UMS029uqevu5OJOwTX1/ESkg0P1TfDQf79eP/FhHf7M5krEeaGEu87bIaY5bNNfXHuQGgyBV02zcadOf0dmoIjuKnwc0KiDAjHPKaKYEQjyoGtbskZ37lIC2e8ke9kW/HT+vdlzxeviPO7YaKJNpLWnBtPH1WCs/Uetqe9UktNUE1MIJfM7DLCFICg9v9uYpMLf9PnQ4XPa5X15sSoNsutdv1s4rFf9nlutMD68AvZOjXG9sfaCoCvdnV1/FUiW2/c7uMfklKAtdJd9uLOKRcAEHCxlgTpWjmMg4Pd/cHt1W8Hfn1tvGtMjPcUgVtPpKyN8c9t91Ut8ZWUeW6m2hSeqM0+JxfNcfOWxi6ffv/FEOazoJl8OnmL+UoFhiRoI3+fJHu89dawOQstHUSxjitt9FdUXTS32qTU++poSTK2JW1l2/Ko0J4M2vrBTddXanexA8cdUeVURLRUgbrFpScxAJKiEU9Sub5KDE2WiHN9+5YfO0nfdMEdlF/5laDTpM4ZzjpLSfoCUEJI1obl4cXKln0KRUTv/ALTr/Lz5fH/PKqMQTs67OWstyHEK/wAxv55T7P2rWuD+R06lR5/e37mkKY1nbUoKhkNbdqsDvh44cRA9S+FWIGo2HiUV0UT+2b63y8VN9qoHYRQqLaSMwcNbsdAdT158AqELQ8kz4V+cax+ScWS35vcUuILfhWjUYhw4T3AkkjzQ/Z10rrrH7Ty2f37077Xbc72ouMCnW8UboCPREGU0fGx9rwdwRU1VZF4ybGPeVT9U+E98eMdnJu9/EcFpgAUXfAWARaD+Z2RlXtSdVc81e2SAWi25y5IZy2ez12S6n9tnn/kYUflJ8PsiZ2HhSqCBoaUVrT4e+4578PWTnW37+TH33C+bSnAax0/Yy9+K+9FXaiAAmxvRW1x678lYMkoQw/YLPHawMs/57edP/VjymQGh6n8rLvf3e/7h9006ltQBPdT/AJig7n0HE/NsPdVt9YY206gVnm/9ZyHA7eZ8fN/kbNPFgTAkK+5Gi+bSJboAQaJOaLpFX7J688sXHZ5WvNQw7gb1Gbs/h+cIzYVrt5BnxH6Dk0UxWDuCaBWH23Fn239cxib5403bUNnsw0/nGtjEdJ6McNTgvwy3/Ef31nlxZENaOW8GUJCKALtHqpHT23631yKPi0u+NMZVI9XhdVctEs5CFMykZM9xXDdPAzX24F6a78B/km930q4XKTnjRT79P8OfhEa9xdMBRhxSPmcq2OyiULZVxhMG4OC0YOViMotKFcv/ANKtkBvOYpA/wWIPxWQfF1EHbu2+3ggFBsLguXeGIquqeFTNldgX452vB/CmgeVCn/hDsqwSRZn3cV9x5MlBqdkM8gf3xJiEcVt6qvfT+gkCHB+TzS1fZEk3B9jldNN/lVjDJDBnq/1+YYpvLmgn68tqQwe5r1r1Pqmo6Z2GWAtjQnBt5VhdufFG4zMsiOoZrVA819Uwitf1n5rL9QJ8nabgIuYoNFuwGG3JpDOAb8ruva5K/O9mYkiYq87dFFhv45IgFME8dnwCvNhufbd/No0guJkfaZpWN8Euc/edqxgMocNhF1MZ6EJ7lWC6W4pRxRXElsIbXUJAVfEQzOpGaCS21Dv51CkeP3zmdvzTPzF2p1YBIgFdvpomXLN2kUWq9ga6Sa/HTxQEx+rfEQ8Ajfrz9jtoznGESEcHY6lVI62so6agq0qqaohBdpAJKKCnJlbPAnLtXt18py/hHhlofbQIrv00IAWf5NHuLqx/XO+Io+Vt55D3jh8Np7SQXljVazy+/CGX79k62ss1L+KFhLmKfwZyKqNXRgcKnUrspVZlDhRmlxfila/+SIe0Ps/h/Lro/wC/EbvDcKg4Zywk5JGl+TV1zrh8CXfNTS0tokOusRvqtDDz1x7+6JMI6O9fj4ysUWa2hqW7ibIvCyRFGpuN9pjjtl2yrulK511VUb/O5hirp03FL/mjCceb6IIWELUR3eH7aFFauEo9fb9AS3zcWBW/KwwETF+squN5dDgFa4UcDQO4bm6wTqlZ8tETZa/FZ3SSYeEqsUMhAHwhtB9mt0HfMaTfG7RaSFPZ/YnBG4T4oku35VUnVIO4is6jkJK0ehEJVJQd/WKcGAja9CY6bebhVimrBy2BUR0guxSAJKDO957hHME6DYl5YJPPfQ5DvbCp/I51y/Sx5GRzRGFvCOkpMBd3r2hk0VZLs+ny2hZQKJbQVRwRabubwVcaMmY6rb5Rrm99GYQc/q4ZOK/npXdfHUaNPTaR9XYeD2V5fyogQOLSUanmbzVEs24bJ333wg/YYg43fAPY3ffQP334XoXPQvHYP3QX4P4fXPPQwnn/AP/EAB0RAAMBAQEBAQEBAAAAAAAAAAABERAgMDEhQUD/2gAIAQMBAT8QQxeaGLpix9rweTViGJelFsJj8YTH4N6sXssovKE/yXUMnE259PhXty+17usWoYuXwh8p4sWP/Iii5mNjLtLR61xRPyvF8Zw+lrFiXcLj8L3R6uEMvikTxYv9CH4InqvecwS1+C1j18LzQ/BZCei4eLlY+nlL4oYj8FCl8UQWQhOVlxLZ6rENCRCeKKUpS9tlF2iedWo+jXD5pdRS8UaELH7ohNYmhk8rk6Q8WX3XLFyh8rF2uZ6TViyYhj5usTGLGTwQ3k193UMRPV+yHr5XaxPqZFxBD4o2XwvjR+Ey8tcsWzqlz+CITWIfC8UMXLxDydQfgun6rFr4RMuIfD4hNWvudo/vV4WQghky9fzt+DQl5wnbRCEL22Lp+Kfki9Q+bRPFy8SJ6Lbs5RMpcouWhLt8fna4S5SH86vDJ2unq9KXUQff3yWraXhDZb5TKfRIbGLpIfD5WrYTliL3OVr+C6pfCE183i8SCGTtIePhcryfs3xCE1C5hNvd6ZB/OHykLJ1+8Uv+Fa2PYJE6WImPil/xTid3xnhBDQ1w/nkmXaXudUpSl7omN4xDyEJ4MoikxDYubC9JDP5jxH5iYxDQkT1SPwpcSGhei4eQhNQ2I+kJ5sR+YkNMSGsfrfNDfrCH8ExlaE2fuTleF249W31mUQ2Mm3J5Ut4XE1ISJ2hkEXVqeXbk4nEyl2EEPhPh7OIXHx8L3BEH4pYmf0bFtLjxrE+KQQxDF4Up8KUosutiZT6JDWJjL3OVwmMXFLxer0hZ9HjIIj6Yh8vVj8L3cerKNlKN0Tx/6p6ITJxPwnpCathOni8VwhvWy+ay6vJi8VkJsJ+CGIYnwif4UNiJs5SJiGKDS1Dxi2CPo/8AH+9wWfSDIt/gh4xD5P6Lv+CHwx9fwXDEPT1Z/8QAHREAAwEBAQADAQAAAAAAAAAAAAERECAwITFAQf/aAAgBAgEBPxC/ifpRi7QxCHy8fpCMbH1k7o9XCLio8Qy4vaCEJwNdzXzBIaFkykF4XiYkQRBD1ohCDfU2CJlEthNf3yh9JaufgZCEIQYuryu189whMJC1eNxoaF0kTEQm3hLGPiCRCE7fCxiyDUybMXbFt8F73hn2NQT5XD7axEyal22Nl7Q1jEMg8Xq9eMQli6Y8TLytePHi8l0xDFxOXqEPhDExiHqxeK6+T5GLpriERRPC1D4cPgWT8FKMRcQ8fYiGsTxctC/NNWvIIpdfi9RCdvxZSkFzOJwsvTRCC2eqHlLi8GLWxPweX8DxjfC1Dy8tjExPWuaTKXFqy+D4QvBb9jJi1fneXaLKN62LGIeQpMvSY+IT0hOF0xYxYuYuP6N4hi9Gh0XKWIZRYxrGxPFy2LWLlvV+J4mXGQbRconrZ98MQvsmPaLwYuEPEUeJlyDRBERDz7QsWsWLFs9mIe0Q9QhvHkgywQkNCFiGLm+iEvkZdq1i1DPjaU+xbR6xZMpOV4fI2feSkXBankIPo8ZcYurBfPC6hBoS2l6/osY1iQlr2ZBLp/IuEPHxT6LcSGterFxCF1ohMRZ2/gXyP4LRfPixdMYlk7XUxi4eMQ/OYhl26kQnUnEPrbcRceUkyfghBInN82T3nKx6tu0vo8pX0sfCy9vUhrJrEP0fo2Ioh/ghPCDRMerbiZRbOkP1pfC8taspRMhP1wnMxiGQguEP895oh8XUPLq1i9UPwm3hi8kiE1i9GIfVy9vxZRPU/J8tfhnC5aEuJ5Pl9XJzeb1CEFxSl2cTzfc/Eh5Bed6mfWp93mdru9XtcPV4JbBoSIQmwnc6nUEPVwkTYQnd6fHwQfDYmXwWMWwReKUv4Vr80Qngi+q15dRS8vtFKMWsXmuaXiExD4fLFlyeDEvFEIQhCYy8wmI++FvwTzTL4LaUu/YkXKUpeH9H9jF+FZ/PH+Yhix/fDxZ//8QAJhABAQEBAQACAwEBAQADAQEBAQARITFBURBhcYGRoSCxwdHh8P/aAAgBAQABPxCnyzkCXbsubIsjIJILOyTKWQ/AOT/V/n4CD8dv8jfr8ZslkBbZyF+uR2yywkRgLD8CSCcsYJDJjJ82nzPn6gPmQz2OM9s38f0s5nkLPZPuA38MFvGZxYgc3J1+Hpe+k+y7fMFpuJPuwnG45eRiSNy9sNEwUkGSDlhsYMA2FyzbLbbLB/GQXjDke2dj3c8kRxt2xgZ6+XT4jZ/sBnfw5Qc/VmeXVyT8B9wd5Z2f5Y/Uwc9kYLJhbJ0ksLKcgxnREQfM8+rdewH7kL1sAW6+fjA3FkSgzs6XHBZ8Fr1uXLH5LBLm8jTwjXzDPmxfm2tsON90GeQw6xpZ2EHEftBn4ZsdyA2dsEDZIJOQb+AXFlmRGbZnzDnxfMuOyb5CPbIHYOyI3W7fMGxiHN+IPpY+qZHGsJ4QaQd9s/cH7nnzB+44efgviZsh5NkLp/8AAwsJ55eyfEYmCDbNt2ePbPjZH3YPFvobD6wY+5O6F8/UcMHNg5BHvZ68v/becgeaZDrIOJMgvYryCBthYs/AaWcggmHspuRmXNmCyixYT+AF6Q9n/wD7LQ+7FOas/QfJlW4/E2WR8gS/39ibR6N5HgnrQh/Yp1GL0LO4/wDl84Zl8B0kNs/V/kc+PyHzHZ4vUknbmykMtnb4luN8eWb8Xl83rZ2IgmPo+bz5kBIgDqWD8QaYSYzq/N90n6y8QQn4/B6cLXcyzOkKnGU/Ng4OJYvIU9i+fxllkQ/J2zL5t55ZvbPwBTsYTkhch3Lo9I8+i9YxKldh81GWreG2qRfsh63RTEKHpPu/cv6tt94eQT9KRs4C+C+JHYtjKv03E5wg7+EgLD8Ny3fLvzMT7clNtJby9ssJtk38B2IOWSPfwPbhjH2OP6/CJ3dPLScnHxCSO2/GV3JRL8w/F/V7x0javPwG+zixiB2d+rGdIPq8/DzJ55DzsRry78wFgSvHC5mpAfWR+B+9cy6tTkFTB+llxPg7NmD+AyNJ0r8toZmzh7A+J34tU6w+0znPz9zcH9BFGg4j4g6dH3CP6sy/279X9TuR52f1byZ9mDbJ25JrHzdg32Qnb48u/E/i+mQ/ZLqXZ85H3kN+J/TJPyX+Qt8F+06e8s+Bnv2/uTCAkoeXU7OfUW7EGkc8k3fmJ7+Ty29Y4z1g5JdeRBtmS6xbeJWw/wAkCv8AyF+j62PgSLsO/VS5Lrum/Nj42xTNjflJ9wNteuSri0/gmXspCIHfRjDjXjKA+vSJ4b3XLPo/QIrhkMhPqXkeWJ/Vlxe3SP3M8g7AY2Qcmyz92P3dg+c/GNcvfk++SNr7lSY288nVlGmDPizu5I/V/EIkIHiTfY5IbHv+R5cESc/GX6v6sjWHbbN/Gz+DE63nl77AWWXhy/aR8iIEZ4iZs3ety6cZby4IeyciZGIBgdFh8GALFtRpYmMIByesJE0dSWIef+SB6YtQJD0rowRM+kxsRjSEej7Bnx/2BNKfrLY/D38Ht8/hIH5v/uxh+7lyfbD5tIe/q9uFaY5k69vHLrOSHywZ2dXyD6nD83MtLyF82CfxFk8f8vEnImG2ZZtifMce2lyzY5OJJHPZB8svPL+3Ifx57Df5E65bIGl8CxHj23vmEnYaRRx5a0DFk4GR9sHgupwQl9goNib9WBfEdmbVfMicHM+V2TS6gyMjFH5+bRRpkeMSEvRkNrHmanjbZPmOsOwF8z+NCHXy39XGwnl8xi3fibML0264n2XPbY5CJkx4vFmfH4f5JpJ6yGsOLDLX8GQ6/k5P0IP1Y+pZ5bHOL1sdiYTZyfqfI47DJ9i8uMg98uA/pOiYaCxufe4qD/pIDy0SSitfVZO287HuQZ/BVfGVe9y7PqxA/l3Xyzv1Nn4PBjp72TvYfN9/AsGxfORgX4nm/uRV7NkPJIn7hyaJ8kIMvxvL3B89khLn3rU/svfL929m7GZYTjZf2dT0ufMZMO3C9j3y95HWzGt10njsB5CLds5MQyAyZAR38gTMh0iG0HPxv7uvmGfuxhjYL+M/dkF3YJIzC68jPvtj8kkv0xChnVmX/m9gtMe1tx+sb1EiGbPQG/M7rif2PtASGADcTc/UgeIIku1/Vt3sry5b4fYAJ0xI1+NbJSmzAm53Ic+yw0+9mxZiZevJfDZD4bD7oyuiSHwv8vhHX5gPXen1AnZ9+yMM88v/AFPlsfg5Iy5HeSZ5MDIb5Cf5D+7Spt9sTlgfNut0+LN9s2A4zZG2IWbD4swv1CcuQ7Y3z8C/q/UkGzt/UcbNm8I/CmRl/uSGfIfdozwPXlgifrYKG/o2U5PPtLns/ZuOinFx/wD0l1eDj2Qqqn1bu7tru7s7GhJzC1zcLR5b3YJ3bZYhwAEfm2Q4STpFF34mdrGjkyB8yXeTyHZF7MznX+z+AWDnzE4LP3H1ZQbCZC97y8BzM2RPPJezkE8/G5M+Y85+E+/wTv4O+3Ni7yTsY9bCBst4Ts78ya6M78QNjtne2B5B8/jTYGeON+lx3cB+M1/A5etl42kdZxOQWYbGNlvfGQ7oeSAdefaXmJ8p2tfa7yri0YhymNeWqs8bwtc6GwMzOxz0ID5J9bYh29LE/sOTTnlit9PY/nbt5B3z/k3o/wBlh92xI6Xy0u/9l7IxjIP7IGhf02xU/oj1x9RmO/syRoi58tj4n7M5eRs72Xrvn1AEUaE9xwbYJxs722/s3j2TYPh+PfbhYJ32NPqOrYbIPLV3ZgI9k7Z+2c87GHLzy3+xuRjxkLdsMgG5kFvwlsDiyONj8H4HPwPbeWbI57FgmcEF46eSshPRes+/Cx8Y8o+BjZl+inqS5zYyN2Q+IEf1GVv4lnEnV5mU/WXtr42Dp2NO52fFlfiIgL/SAlfxNhrPuH7tyl6/rlztZ8ucmXUwPiz2fJex39pC0P2ywP0A2ZM9tsmkels8gvr+AP8AU42/DjOzq52AHVN58Sa+9+5MjywzsH0sLAs+bEgvkHI2Pfw8M8W4kl0g2YMvUex7Jvk8R52+Y8n2yV+ARccj8av8jsHxZsFxaXPu5f8AkDh6XbFMMEXVO8yGjG4BkUbnGeWpgj6iX40LrrOQ7mxbjtkrfDnkR0Mnfb6rPv6vJ7di/wDLUM6aZeYf5goCn6sNkf5aDgf5Og4gNHj4Li657ka9d+5Hm+Tunkq0H+knS/rZ9Hn6jA/c6eFwdGOnYO8YMz+xm0B+7AX7qwQwm8t55F/k89iA/l8+w/H4Zy/y8uz1bQR+4Ebn4H9SbDnk9Qx9/Cc5+JgwPibskS7xkQMtjsZfMP1H4Ng2Yzu8NlX8FozejY8GgZlskig/qMvy6GTersvzbOdeCGgke8JiNn5O3WnzLP7aPbM5ZTXfJSEn8gRRiIJThGgTQobz2xA7I2nIkDh5ZPLfDJQ9lsI8gjkb05KfMjOGXpanzkvhKT8MnB5LmPsfkvExYm4edPhsks5C4I/SVzhdPi7vl48kh+I63XJwyGQdwgvI+Umwz2cyD9/ghsbB7+E/GRNxPIfv8cSD8HGyd20+wt9k5fohVOGxBaBAP7N9gbaYkn1k5ZOBB3nl32yxukwuqfUNQslPo2CdZFuZYXIgeyc4R9EEEAEZB5YfiGci5GD+sH72GAtz9FzWPCcyB5ySG39ytJkIAwQHJhTzX5jMZr6nPgSTggHlw8nfiKPPurLcmfiXFsb5PRsn+79WZ+Hcg5N2NX8aWdvVvNhL24Q47Pbc9jY5qQ/28+J44TvsGQbrdy/c27P9h32D4WfdhthkGMwXzF83x7Y/drD+ot5GZIEddL+227p5eY9lOnmXDl8yyu2uTDsfMmpAH2TvjOnjag9ZB3mxanQ+oAgl9GSH248jnzDp7GR8lh9QWpl6XsCjCEHH4S7BasXJkYT5u4voySyoWMP7cfRJ+rCcsfYVTPSXauKtiHuIU63j+UP3KR24TbERk3S0kesGWGXjkG+3SGZeeXry1+Et/UPs/V82GwtjIwGXLDdufj58jv4JBMtsvr2SI6HxBS5df+w7rw/t0SAQMcPt10uNfMqnsCfM7k+xni2n12O8bTpCDysHZ5svhPzkci68Z8gJ5ZfmT6ZZJmZ8W9Z7d2OSQLU4J4Rf6fqOdI/c/wB/7C1eweHJfJtzyXfxrI0cez/SzxfD5gRkDxuwawYyXxf2CzvtnfYEDOWx9hdt3y/a+eF/kuchN7Y7yOF3fw7AlkAiR32yrSHEEllmM/y8/CxJ27JZ7dTkIbIXTJ6ryi2+eQpufB+59BmsIs9S5LyfLxIJfrgNZcIXxHNgRwTPZA6FhtiezDzyNX9XXzeocg/NwcZmmNrYImoR9soN/d0dot2OYORacT+WFunxjKfjYL22K9ghaxmSTR9LD75LzkLL9fjIGzvZ6gm6jhHPwe+TsD+HL15Zhs3x+F7lj+ENvxBeXIgmWmTbb29ZE8s+4svOQR2DOm/qIkDr2ON0wtIjBHL0n4m8/HLP4Ntm2l87bDligtQOQHgwACXNsFMmGvIuLsvEPm0I5IJ3Ibt6qWkFyd44/Vu5z+JD6H6l5P7wWg/WCKt2euT2JN0t/F8vuSmYtBigAWGEY6sDy+OTofhgvm5aXZPYHbNfZ34Y2V2X8FabCfgNntg9sfE63EBl5dO+F/khCzJviHPS9sh5ZthMZaW4HW5GOESoeA2bVsJaPsY5ljXYMt/JrEOC0WIIA+7sHxNgYwfEbZC6Ed0cthMuS/VwyOR05D7vnjLHs10bwA+p2Bf5PnO78yg50lEQf5LwM/t1x+L45GnzD3thdJm8HEhPuIRjOtvrQ0sH9XA326PI87LETm2FgQfuPsHeyM9ljby1+b5nCekOwuz+GS7Hkm8kZceP4aTnfL2dFo/GQ2xb22HfnLHH35Z1M7k3f8MHAX6fVt8HweMwhj04WwHfk+SQOPtkQwd2yOsN4fMxb8wmC+ce3nFnQl4E2mPJgGMLIyPuz93DxtZxjX1/As5PnZcJNKf1yU/sstUEQxtRIUwnpx5JvI35/DOcj9+/gF3eE9xitGAy082aPWfIy+IIPyHJ7eEvb5t5GMieX7TE5K7n4BsheXBYO3kmyJDjYW6f8ly2Jt/GTyG5NpcO/Fjs6k3Jl0YcGKkpeDmyYFSPcY9uGxOHpzf3c3jKQ0j2zx82xZCIhzbN5EOOQP6YfJyUnynBmYg9HkQ+wjeuh/t1gyzccWHsN/ZATQ/2R4FsactHxyYCQCzme5Nih8ifuwnl0Rxg19hfxzIuZ1/V5B7JOmXer7CteNA9tFeOl4mN3+8chz8e/j2bOwGdlqnhdTyx8z+p4GeSs+x2ztwet75Z93Piz8FT8DidVFlm2ZGbJK2ZmWQgib9RlR44xEyivHkkUExDuiJ3/bDDrrC8010/v412WEoRtjvlsuWy83/cLFkqBki66WM3HvlvCOeSJWZIQzQDCZuv1bhvfDtsz/q8lrx8gL/xgAWkA8tnnTYxx2fAB3k4HiBztgxqHBtnINmfUqWR4CxxLp40hi4GJoyg+lEtZXEb3Px2WYjv4SfJZZPtzs8iJo4yQy4b45dJNkyMlNgGCDCSz9yfH2L6/GGENY4v5HDYdsPuck7G3c8t+yR+FsdXbsRnIeumq3iQCLLiVx/sebNnT6tPcWI+IU6v2/uFfZsgb7Ei44t73W5De4QiYD9yca6xIm9uvUYwHIPQLEjT52aHHz2WP/JjWZ/WW7j9rMe082GQX+SAaibzh+rVN3LMB/dl9xDwtqSn1YGCeEfuJ95IQ1zGB0xrB5z4m8w3ElIcWbNjNr+0nfzF82ealT/Jku6oDF8/BP4O/hkkikLy3PI1+YIbueX9GTsaLyUeXvYDLqQH2P7K51upxvrkJOt+pYbbse9g+pGNu/dn23EsQeZAD7gkwsz5RhhX2nU1OHhAk6HO/ENLu+JZC8U2J1t1tLsQJ9kIQNCXPjPkGZA27/LuPkr4m/UzMVwWRYCtk8yH6sUcfqHIx/YExB/Z7hB9Xjv88kIOCEwdW7I9k7gXgbjT0EnC/qszh4wCM0tpxycojCujEyz4f8syDf5fBF8LgqiB/l9fH2BRBhbeXI5+HWS+Ie2QLUaWydE6scOyc5Z+CdkGAG3Et5y+Dbex7/kDnkkfu6eSmFbptzcvpJyTcwuXv/kxKVrtw3QeRPXrsQZ/9mYRBkRzNtBTRB9geHp83U7J38cMGOXhLYk8YQtlZZfXCHD6u4r8R9pv9t1rH4uh8QvBIn0ROo/l7+L/AHwsLlbhk+Qu7r/+TO68e8hXtfoNyBl8HZAff7ae+Rxj3YO7KN1SwtNiHHIcTfiyjoE5YWkDl8mKSdcewRD8Yx8zpCUD35tch1cJRqHhZN49k/Dxb+HdjY2WOTY5sneQr+D92Tv6t+7vwcsd7Ywff4A3xkfqdg4bcsa/lrB/GqyXls+z+F8nzMzmG7FrCmH/AGEcBLAzxuzBnHY8vd6Pu4+j/VADdThIHjYYBDMeLC63ZTlp1bcXy5wvl7GuvboEV+L1wZXp/cnWlsTgZc06ig8tvPl8IujbNA7A4mW5epFOxu85C/6hdm8LJ5aQBP1sKJrk7jV9/wAsmSEOmnkCcnwfiVvD6p1imSftjqaBIRxKLxETLvStr6U2fI9tWQx3v5Qzs+v/AMSc+Y/a/lveyix7YMs+Sw8z8Ovm36v/ACW8QbIfEZMfxl1Ownz7KbfeWucwbYV02+Sl795AYgHxLVuxHAj5AfCEMYg3luM2B2zcYgTJLh5Pr1j7nLAtR23CuR0GRekcZ4H1KkGn6nwu/OSKfUSAdkzEWqphyMJYbBFdjmBmWx4T3yH3AZyGRZuSP+x5TeTMB8rRYx3JzHH6kcbv6mZAfGWhYQxdtB6/GwX7iNbC3BLhPpYYH1b+r45Zvv5F/Dp/Lo5N1A+SGVz/AODOwG+/j1Mv1ZpZ+5Ijy0Cz5lWccvE2p9hIu9yB82G/jmDctQAbGZ6kb+pzMPLmuEhj1wtYeClhM5IQW5+YSV3loYWx2SThH+lyHl9/MQzzIxBzIbQxsZOPZfLOYH3ARP8ACeyuPuWrdHPEnxs3EsAjsNyDI8h2XGQObyJwNXb4yLKTuic939Qnxni63IUeg9vP4/MQB5cgGMijw3Dvpa+4c6/hj2+Yey3jloru+QdhZl8H4fZw+JD25e/g4eQmWcs5L4htX/g/D6n8h9xmz7yx+IdceW4R3tl185DhLvkHmyjAqFmWRf8A3YgW04Cl5EMKyPSRv5uOxfCeHl9gLQx3fjJ5Fx/cB+kNetl8NSGfpGnkS47kUr/iGtEBLsRciLjCS3LYOyW6fYs9uZ7aJANnhdl9l4pL2VQhOWBvRgRz+ieSn/5pbaA+DySgb5LGSnl7A1+rpMWyB07v/ljPLeeQ6z+1mWu3zsdhl3HS9t5+4fuZd8nCdvffwSOefh8j2Qy7shlmJLeufV47KSRfEfuBeuRjy8dmEjlsmt4gN5Bkwa+2BB840Ovvlt3EBskSZ3DPiduLI07EjtjlL9yvytcf6/Ue4r2JNcmd8WU3xah9T75fGIunT3L9nrLXET9TIf8AmxnnH6uIMPO22d/McyS+SMngW3XkI679QBcTGWD3kjJo6b82Cid+bQ+Q/kCbA7jEAc4R8Pts/X4hzvOQsMuGOzBrfORgXVGuWPzeMsfhxO0fwCOy7+VJT4np+A3EuWzkpNuE7H7ufjYBkb+ELJG6HWwYX9mza/8AFG7qfHd/hcojTMf5MYHdmEGYPP5LrgwUekKvDI/C2+QvguJ3GDtxB0/Nv+Q2GOlyb9RgQBgYXROSah/y15ZFyLluZAGsSHe2j7G42ClueX23HZdZHwbyIXRrdTTmZbsCbloNiEZzJVFIr/ZkWLhrZo7jS69/lxd+oX6/DbBtnGPX5jVodgD4jPqNdC13vxKM7/kc9jGwJSMz9xJryRJdDYS9fyUsHLv1ZZEx7fMn7jPwLT4QiBl0ML+yPgv8uSB+rgg3PiU+o3l3kBnbwvR+Lsd2w9gac4MEOIRpY3O3As+W8mOsgLkKXL6/M3DbvxCZL9RNntqoyHjBjj2BoXL5vsFa7dvm00Nw6yD5tHd/EzG/zFhhMNb0ANgEzOZZRzfMe3SRchd25zXg8bqCgbFn3L9fj2fxqzkSe2FuSaeRu55Gj0lfdo87d+2B8yfiBfYJG/z8bDnX8WiXZH/CMSclL+NLTZRJYfw5PkbOxtr9SuPOXAQ6S8eVG2ZObDsAZpKmq/uDFnwPSGF78OYyRh+yHOnIFuSPFhOXKctGdfiwnOS9W/gHIH4n9Z76R/C3Rx1yWYIeFtDSO3+Wzo42AfEv3EYwWZQ4ewnetg6eQBWH1ucA4iYUv2sp7yPWfPbcljvk/u0gvi8SdRuxuR1viemQZ3Za8gkhly69bH3Y+7PwSyPfw/8AFZ5BfpEgpeOXTtw9uWWSXxH7tPi/t56z3g9hyEQbYL0OS0hsxXC9Rvy/4WQpzBfMhNlbgId+ROg7jcIbP5S7q04vGBw+LeamED5j4G3kN8ZOjs7+LfbNfu1QNzI5yTck/Ug3BaI+bq5cy+1kyOQUXbGqAPVjK8mHy05WV278zxyYD6n25B+CyUZDeW8tk5cr8CmQOXrtghp+oAcldjvthOQfRP8ALI8/BtB7OPk+X6hmOp+pF+bpKw+5m9LKZkm3on2GfxnLnyWr4nPqczhBoPiJ35nVtA9W3F4Zcrd4fiXlk4e3fSNfAyu4Pstli2l0ASuGYwHfcggZC+TryI92DmxpnzaXYDHTyDvkPokfEDLLnBBhDEuQIenLYvBy3KvhGdGdMHPJslm9i76CIOI7koeWD19/AyQQTHtmH4Fvi12DnbQtJCXmDGbJ21eSPxLseWC9kAyWtiXv8JQZz0nOfEn1ZvzLnvZds7rfO7Ls+3k/g7PLZ1tS+tskfQ9g2sS2Pz4Z7aPt4PzIIezXsX3vo6ToT0GQGel1g+Vn7gpDyyHSKN7liMm5uth5iybjZYwy26WBrMi1AZjyDkmw7sUeStuxwjtkjHJuH0t0ieR7vjYjQ/tyetsSNMxvmYeWGcL58s2y+L5mIO7aJkfveknNjzrc+ttPi0PLUH5/Cu8v/u3efhx5Gxj829l5EVW+h8R0HGl79J1k4fVuXzeuQzZ+N/CcifbLyXnfJBR8ZZA4B3/kBNoT4ux+IHj/ACBYcs/5BpEfu4hCB/q9hGsdBXY4+zOl762bZP2yOQ8tQc/dpgPnSxRP9qTiSPCP0Cfd6C21dv5aIzGNhLmcexHko5bRy0K0ELsfL4TVn8nmvz8xkO29PmDwQYW8viXkeT/Ycm6wh5Ysz2nxOiAL17OPzP0ZPts/d5cdv0WayS/Ua3bELW+YYufxPUMeBsCOweG3Uc+bOQH4O2NjbM3kWfgmdf1cTPdsrRw/9tNHhX/JywAY0c40jm5gtjmukGEfTCBHx/Yw9f8ALr2ExydGPJs3SVYJ+2cgHmPi3nh16ZED94EZanuMf2B8QNhvmJckLNszl5vhtMiWdsI08l521FBdjAfWwfitTBIcvImLHM+7XJfcm28v8gzyfbi9uQfVx1PJzD7lYUmQ17ceWQr5vJ73CB38ZjKXiy/LOLl83Q200P2LtEQMajcFlD+HkTZn38fH4b2bz8FkrM6f9veVCcLbmE5y36gOszh9Vx0YND8t5osxI3s2wsgJIZ4fSXZxhJjvNTZTAfk/UKEP7k4OfcZrDFr1Ae7FuMwG9vollP8A4DhMyTxaEZZxPVth2Vw/7Gdi7uIhukC6Y+oMufjewyWGQDHPJj3PUQ9TPwdJJeclBsvxI6+bW12PIRcI99l2zbDfY4rLoxOwX7CfgTl14TyIYk5DbPse2RZN89g24w8mD1YzV7kf+zc9Rnl8PxvxBOcM6w3e+/8A/CIrHwb4LfUeevnL0AJWO7smzg9lfq/rLtALHaIDa/tYytyH4cvOjkZZL9OfMN1xs/GGmT7Ln54S8iHyEPbtr5C98kCFd/kZYwa/7ZE5jhDoZy9bv4apfF8SKwJPeW7dHkez6GyKp2F67Zp7+Gg8tJqvhlSvn2HluwvzL+7T/ZXINsz8A7aVjY1GCQG7trvIOwfgBckLCPPybeXy/HxE+XzKEwwPxvbjAvTsgCt8XfQQU9zlyJDP1ifs9Ztvz8pMmYGYfH3J++RMF+sWUNfrG6/uxnd7E+4PrOy3+8m30sTx8QAH+XYd7fLdAQbL8Af7HZT9bCn02NjMJjyO9l7ZMjYEO2frIYfcnIQ+icPS9Ir3HOyEg+2Gcg5JfH4P3JAsdg/U4tZzI6cgCXPY/u/6l/U7+OJbkthAz9z7PJipRHqVIhnpMYFswIrZfDLJMA+o9jUmWqWOztj8fEeSWXjJXf7pNOkd8R4gHZEG7B9JUB3g8g8p3I3JD7MHRsP9lA6WZgQ5ydIAuvuMer1kerfJDRs3I2yxOyjh/jLqb/1MZpz9z7p4x+gSqT8tmAfjIEFPyRQOfNgI8yE38WFkoBdRHN5fXacG/EcPyhjk2+IeXxeH4yzsEOWv1d+YeyY3D4vYcZdfqXnJ77ZP4YZBYQctn4QZBtvzO2mwe5DNPoblWk26xaQC82AD5Ey18XXt5ar+APz8T5+Ht4d7HoIfuNWBjsCU79BsOGuPWpUYnXgWKb484sqNXdv45dfIPs2OHjqD2d8rEb/mx7kSDso+FSLEnfAP+2wWvvljfpDsW2n5Q7/BhbHhsoXGwZEYnxCvY1Dc1gnZM/8AtEtmuc/GEG/MITMfIHKB2fIdLYn2Js7HkJa+JrW23JVPYJ7ctA6XXkdsn3JMmOPZ+jHLdsySVOnxZMHLbmPjI8UH4CNN0tCMf1Z4gGxAHRtrV+Ib1jps7Bl8QXxfPLPv8JJ+Q9L5Zy+jI3c7YA+L+efgYwdOPE+7rCegPLZPg5BM7ICpMv1d+RsPPuMhrtHxFYg/UHABhJrO69IJ+DYuOMi9eWTNnWCObLmcbdUZ9THaeTVt3exjHhJhsC9n8Ntgib1y8Oz27O3x2El7y+bLJWVe2GnbFviFvIpG/F0jY97H6Yex28ZkmfMsIdIuaMxyZ7b/AHjbfq/5iT1nD6hqvPiWsdE4dP2lrjywj2yd2D8Z+f8AbLySC8ey/q3eJDhh2NLTmQ8yy47bz9w+XE7DtaqXAYK65MQuQORbcHB9ZbM9s5HJAH/tl10tKdnXLt26eXcZlgbsATOmQ/8Ay3TAe7Lrh87ZGP4EPIfBvGy1TEcfw2SPVln7nbHI9jdmEj8IGzh/br21dlzyElJN/Cc3bXq9Xnt8ey3xGjGng9tro+ctCumFHywMB8uej/U8+RztqQPIHdF+1OymyNlJxjDyNs/cGT+CRg+5ct18mEfnGx/Dmw5zlihXhZfj0bYBu3K3H7yUO8nAYhO6EIANMbbYaezbC+p+pFWNS+HZW8Mkeo8g/IbMAJQbNsPzL+fIhuTdLryOe/h1L+NRsQksvEx4gbZluky55ZtmT5YsGCW+Wd7PfLITZ+8vaZzls5KmJk5MEvJRIKYnL9zxDfDtxAbLsdCyLxgv4nyH9W6fjGeEdNui1G1Wb2ZlrBBs8gjqXlpPficTIWAwxIkANB8R53CydInQL5LP5NZ0x8zkqdMYtZKhplkjdR7GuhcIwVCFrwn2GvNlPeCw9jKGMJxuHEhTyVguj5M0W+R+7Hzc/C27el0h5bt3LxszxYPZfi8fkcy5fMHYdv5L9275G33cn1x8Mm6JvNlXcxdwmMM5ZWAOXJHivFtiENBxETeAn7tJR+M3yN3s9sZ2cHLn5Ak+rV/AifMtOty5APlotvX4yeDBTy1BLaRZp7CnzsvNkdHWKn1swM52JiF5oZl8BIkvysNbMNydwFc5FwJ+7MGP5ZaEJwWTdxhyTGXZY3jHhifzkE8l5+XxKn38CPG1YvUHjOMmTbPfwTJZhsgVNOEQf6ZS35I+vlpxkO5EFY+ra5E+5PdEs5xHkYT5vkJ98hvfj8EOPu2z2UMG/EmW/q0+23IxPIch/V/EH6vDha3z7LLpD3M58xIFR4dIVla8OZIO245FQky/UQdO2YN9s2jYjtrfeTNGDgGfuHIfwwEN1sZ4g5OTn3kJP5LfqF3pHpDskVaF/V1Ykfgss+5L9wH3fLGessG3ry7aI36hN+y1aLTBs8nye+XybbEnOJfl7GD6RTH5m1fVirztgkOPqwLIvQGU4IerDnC+k1mcM71mEvpkNy8hhv5RD2+JgjFux9WjzJgs7Zb2GG9vn8N5Gbr5eLj7/wC3Boe/q747BNIycrEAY16MBXRKN3CM88n2KRQNbK+q2zChVmMAMs5yCkKSiHn41NaP1J3by3S+Ih/Bdtl7kF4Y4p9h0nFvbhYWnY5+AaQY23llnWYjiGzEdmjvlnHbKe9uZfV9Y9m4gIAh8TZkA36YVT899kgAFrdun2GJUHJBfu5b+NfwCeH/AMCBPIWe2W5H9tyzO23Ty1zb120+Qc7LL6fbG2/Jsx/2HGI7EfSTXeSc6gOwUD4tT8IHi2Om3sAaMGoCL7F8J7Om2z2M5aPJ57fZAPCAkiujgw7zi5v3Zb2XL6ljPm+beT6l1uDlu/l2Fy6nmXs5jNb1mISI+T2bQWYRDs90iNEuMgfqqXHXz5suh24LZ2+eYuZEAGvwMSW77rFdWsNYBGYke+Wa+WTfH4vX8Ehf7GsocuyXPg/G6ZD4ky8cgPmesPJZnvJB25qRP3CROVzBmQ/t96zO8t3G6QuMuJschEmZDA7D5EuSAbto/MD2QuM5nssZeQ08hYBfi+meKx4D+qw6HH+SPxZdfj1+A5Pn401sG/i+fgXPLbLkZ+CwhgSvjl2SVujmS0QPb2yfSb19WTPMYBDPLB9Imln1IZQHf3LW/sPiU+QfEjj43Iw3YF7tvORvzezwlz8NsRjHD8E+p/GWg252azS2wf03d7OjuXtNZeMJXcGRuaayGyzxuZjIDpt9ZPw2sGzkbMzOSADBcg3L5Lswdut/Ruu6hGmDJndl7t+qVbA7cPjvsjSz4cGViRvwM6IrNfM3kb7FCDfBbdNMz9S5PY5D+Dj/AMtJPz+9+n4+Z/sZcyeieXQVC0tswm3OR8PIRJyHFieMY65l3BX70QpWpxs/4kX5rGc8gOU8xbB6dG9Xv46JMj8ZcyOp9/Gj87J23Cew/EO2aSMefHq+tMLp/wCyYH8GNWnXzsmhvsDZSHNEn1MOkuNvcfZnI7OAzyBdnas/mQPsKfFmQe3fY9ch4k9uIYuF+SC9ZPi4SHvRI8DHAx2cdXJsWAOaY2XSfjYgRHb1ZHL1jF3kP3bZ8/jcIfwC/sCA4gyPZM4TGTgbKR5az9RAzyMIWtOZJ4fU3PJGPZ52BCwPMInjc+iyaekpI12LamkuOKScsSkDkHLLkwzbl4x2+IMG8Qc2+bgamwwE1Vyxxjx+soSXfUDVa/hcrp/GdsgIF+kPYKFk95ZTr/yHyQz7dpLi3gQ0a+yThazsnbNt/wCQiyv/AMnG3ceW+ez8MGfauYsj4/cGqdztm4J4R3+oWaH1hNxO/cbvtnP/AIXQJbPsL97KzT2zObcHth8SMV4E62ZKjV2ADfYvN8lF+J5D5gBnrbLPq6T6vmfUHOWtOtqTe/MmJ9luAT4ZO46eTImJekDgLKf1en4PDt5vj/4H5HYc/LeM3yck+fI+db1kVd8VZHVo369nd5lvz5gzyIOFsd/Vke2svu2XTyVMQZxBx3shgdiEbd0yRBkeGHOR4jchJa6fF/1ebzWLrvUtOA5n2ImkeI3d/wDbMHw/7bPf8JLF5Dyn94adAT+Fb9HJTSsftnydoYhOgZN7t7YT1uhpbLhy28dsR3ISHkTun9WFNxuWRd7kVXeSyPeQ/wCUYLALKPJEkk+zTEhVds0d5fJyucfqzkXRcW/jPwONz8AkU/B7L66/qfgce7OT9lWR13w8/wCynTdkd8ufH54+fwHTyOmQZEhC4Nh/sG/uGqQMVf8AYYCCyloSY8st+V15f1LDtluT33l0PnLMU39Jh0/EIfYrxDz4ixvthbfIn5Qkj5l2kjztgjoc0vFiw0jj5t4h5dFj5tl+i6kLvZaLp9SKr2//AFIAjFByD9WbLltn0sodwnaoPONv/COyAGe3SnYkHo9tVXH1Z3ez0nGQNzR2JGtJhKWcgbmWW2/hIELffZSwE8fZkokfutUW5pKVZ11lVwd9tKb20+Jy+Y6ly2ly3I1YijvxGZJryG42H9lDXkf3C5GE6H1aYO3Iy8XhPfJM2BWyO303xGzMus5l1dP95C8xM36+ZgD48vh92Tqk7n2BeinbW/rLEKEg3/oYTjl9AYI0Rk/JDpP7gA2OJX4jwsq3FJYOp9vti/dMS8tl3yxVpn4Zo4z21NP1fNfiww8xl6fVnbr5sseb/wDAgfqPLCPE/wAYvp2CPWWD9R582f8Aw48j9ydvn8LhuH+yrrByVcv9y7A89bqbDra36/UzbH7vVvxAsGewnxDvkGmQ7GRhheKFnkPSTEA+LMMpiu2AE5s0XLmvulCdXTDOJchBDRgECGmsVgRPsJg/ugIXswCQTT2Z6gbGOEjOWJlGOyy7PvJqYf5F6Ri2jk2PEScQcOoVsZcsvN+IdPp7aWvxYLIkWIDy04PLRvu1rixRjGx7e8kyPiC8viT9fjfuQH7jXAFsN3yHv3D2CMSmCB+S/qXPi2P7ePZ5L8vk9NOxr2zTXhM3puvZLzlhJOofbbXyyEHXWHyvZ7JIRONhKn4wy/ufPOyx7eu3zBl2QvKhLPifbANoOhY2sl2GsCs5G8BsqGuXkyNsEa/cq4WZ5kJ05DRl0mVambZSt+WO7qzCxJJAELK7Cati42f7fIkdCiyZELY5AdAy8LRHMMcBbEI7+rJOfu4QD7hTfDy4Sivjd/8AoQdKZwxBhwjOjOGhv3KQqocEPswdkJjyMicR48jvzH7XB7YoHYb6L7B0Z6nk+CUVwXScxvfiED4uSbHH4YObv+WcXz/9TT40bW1v+35/9lG/vWXXTv8As99JEjIHk48n6W/S7Z9xH2DJsSYJFnwsQbAAvZJ08unTJ/lyFmtm62T6ykDZD9cvCUGMlWmbOmLljqkPfiDCt434lOfty5bvwJQDEfwcgIkSpm8+pAasBuifuskHe7BvNw82eNnPei4iwhpHd4hdwhEzIA+5cfjyLDZ9Il35gBNN3UOgeQkF7GhB8xJAoXDnb+TzMH5QJhGPshb/AKurTt3YMA4/y42t+Y8wQOu7YbmPOxJR3v4G79kZndkfJwA/bjM+IL8pC5vyuge/dvunsY8d+4v1YycE69v/AFazPvZSwyN5+QB2OkZ4bVjsOAZ4NjQO3Rk3XFjwI3CxwBX+2ATGLpTOG6Fi9gUJgclcXGm1D8W+XCITCWI6h8gLQOs97eYmN5rsmUN3UZnoQjwkSGThx/yDzQRcKjVwIg65/ZDpT+wccf7eAYuIBkTrGRl55J+QybVQK5e5kv53zZnRkce5HBWRtQI5jGAUk/M3JumpDks/DChR+TEjx+0G/GMNO28TR/BfUNuOiQ3cy2Y49lIeC5kYSH5tA+A+djQwcB+ZmI8Cha8WsBktLB+LR7BvsCoTDcL57XfJ36unpZ2DPCXfJNll70yxmWMiMBI2SIRPmF1ZjkHex1eBF6fLBqyBijCxeIsJ2ILMe5dhTIwMRPo4WE126tuzbHEHE6uckfJPaJB+HIYEaR9hBPygfKD6WjWxwXHNSmzcgTdsUeThvMrmbMbI6+H92iiv1b3ggbOFzAMFs/8AIdIWqZyA7UOxAsBljNnT7Z6uHGz54uR4uc+I80ljERpD5EEG31nJ/YOQagEdOHSTFT7d/wCQK3EfO+RkMXwcmh8mPlEfEfSb4uHfZQzO2h2w6ew3lk9kLi2L32O+eQt7B9Wr0tx8vr7G50tDpGHtk6th9xkB0XETEedtPosndP5ep3/lg5/E7ANT+7BB/cs9egg807z1aQPZvvqbikvRIwK0zxIZXr5jKacfW3/+0hzt3h7CN8LGIx0cP7JecSW+t/dlYcyL8kocxvkC6cS4kyTCB0TE4/7BGHCzCJB/EWd4fzduMNGZp/SFL2CxbaOY2Z0p83K5PkOjIb7AL7LEPH2+MfD8AI+/xDgMmV+oEfbrX1gXfHW8fB/kMYXgMGXWj+IB0/ttSCa8NjOh2d5M3nYXYLA7CFyCbN/DL7O2Px7M+kC8l9SQPPI7yQ3aOW2mdhrI5kCRQ6MvXt+9/t5URROrV4ZLhI0xtwCvkWUrrmf5dlVgzrCwc5m9llymRGgsQpeLMLqB9h0+oy+J+70CjsX2+M/EQd+LQHFkjH+wc4FGxlr4YuZpPRqCWLYUUj5h/WMv/wBojBB/NlDwJbF5Fae/F+ithRBet7wc9tuNQ/iJn0mlgkQxk5DvLPQ4R6P3ZhbDl5YQfVhxuwOBr+7YnQ7K8QYHslbF6psfAFkaeHwWqyb+ISrnxG+Yc+YkI/5B1C8oybKBunDbGaEx6j44F8IZdOuEt9beTZubsQdZVPU9hAUUV+kYnpLyk7NL1O3KE8QbyB4PYg2xNP8AtkBZ/Y+T/wC/in1kw/A7+oENkQ+UQDD+Rxgr4ztu0ywVZsoPgx3vZAwH+Rm0SQwGB4YA1Z6rkh9JejsN/S2b7FcbI0YfryDe9s/FjwLf7I/ZBbsEwuzo5SPYBOb0WbDj+7goMOpMfm3GeQfK3g3SfwRZGM9/B75CxNcv+xIYWGJEwsPvy1TMQcPiN9L8sqRqlgPD9QDN3WIF6TlAZJ5YR1AkkHS+9WF84wGxnIz2bCacniQJ5fiXUfI+lsL7Ma9uGdutfFrEsWx/hJ/qIjnGwMDfu14C3IB+LOEGG8DC6DkLqP8Aix8GWMNIhmK23qYm6JwJc+LqmCNR5z9TgBkM8H0zQPF0rH6lI3ZkByWLW9RuYLJotEhoeSczY+e7dLeSQGm0N6/Ul7Fld9b1bPca22Ju26wXMsBnnGwGmymxZyE1MYS27e/Uh5llohmNh8UgHJ9RZmeG2AO+kezqRHq2AEHy36Ia6WeBdDnxEesjGt7i78zJnsrtcu4YUvETj+31EY9Z9uEluuS81FtWPAvW9hvbPAvLqbZ4GDj1HhmSnskZ9RGQxAcJOYusKH4RAvwREKDIQbA7+5T4P7BuGMBa8gclxgbY4c/yQ9EmEyYMGQDTM+bcH+QnkXkA/u6HB8mHQ/DlnlmPK2YDYubHQq5LHvZE4qXyZqzTqZ8DYvEu+Qb5UCTT428DstakzOGwfGXCWcSeuG/d3eahzOWqNjyGOZyfoxgDh83XifGLVqrwNx5bzvzdn1+Aeey7sukuHzHvaAP9uWPrPSkbnk3vrDjF2I8vlfLkszfEm43Yj5WFu26jtQCQO4wgm7V3k4Ts5vSP5cN2RdSBd5DHoW7vkfnV6VCKmWaDJw7Fj6LlaYScf/LVn/3lYP8ArbC6QOoREzx8rKimkd8HPgmzozK15GxQ+/qdB+OrNN5XwhP3MeHfCH5L131LxWVBOSR9ZH1QDo7MeoB3pt3CWmrcVd+8WkMk/wAn7EYEDP5a7lnE/wDJM/8AzPtwknDX9QkMcnLjHk8k4EyPxctcOwrjnbPfEiJ5yc+5HxK0ttrPSEemJNsS8s1nAvIPfJFzhF9iwbLyZnYZ5CdexrrCyYNszjxvknJoGn4pkj2IjwlO0lMl/tu6JBPofqGIHWw7/wARTE3GzvlKBST5i2BjL9tjgwUBxobGpDFNiDJH0LV15jGGpGCZaOXW+riCU0FM7tPqBxX8aXcusHd1n8HLCaWwwd/ZMuRMMnmA/tyfBZQuPmL2MP3AOyXC0CLPqQDhrFw1tuPqAziU3MRP9jkpKTOROXEcYM7j1YXyWrHGMua3HByU87C9JOVkHx23CJyvNu68tz1ILuDGDAYuMp/Y1fVq4BOLZ3XYQpybHQsffP1EmltcuBDjWWzx+7oeiR9BAOdlkNG2A6BHOz+rDSUkK3UolFukq0O3EPN+Jnzz9zHIdoJ9QRxAfq7oG3rmSkEf22mJX7jGOsI+v+SPSYDd/pJI/wDYIa8iHlIqAB7IBb/kJTDkgOrP3bhF24IH9bPrAkjQ/wDuAtTt7oP5b4RbR0f8t8k2cB+28g1+o04n9ihoPt6m342XGdtdmWOg/Aa8y3CgvtGwGyrztg4gD92WUWVyxhnG3YHLFwSHAD+zhg2BvwRfLSwYCQPwhCGF3vc790injkBQP/JMF5kf6KkF4/kdqH6h4JvzDdWPljLd5bof1eZRftaZHrMnPJ7fUxZjs8hzWs6rhyx1efcHUsrKb27/ABvkAlGIPkGHtHwP+SWAECjnr+1gTNsHBESdO/yxAD/J2Tf5F5xv7tmhX9zLfH1fGeXIDbCh2Lv/AJWfOP3cLp8WLRz7ks1tjaGQhiF1AyXoytu5yAxOYxhZAdZxRl80YRwOF4XLZurlIIxiR2f7HxXGCCWXqyyenJAa8h4nL2wwu/jmprBheAxXvLia1GNOwPvLFgzmOwwiDrt8htqtk73ZGRFz8GBLIwG3u+rWbcgT7LxUHyYg+IIbLzvftjRbn7s68QbFAGYGO8gg2Lr+Vu2kyzJPHzOLzg4f8tgNfqeQIQPb2ES7MONmC85bH4PmxD/uBwgQvGxTVjDmVmYeP/FrSxauP7sF3Gl2hk6ef26w/wAkOCEwHNNT/Z37bGvL2bxsQgvrbUR2K+jcEZDb8/V4eR75McT/AHZNHI8V22fdabySbTYs8QD8f5JwYvzy8frD4wQDS2G4dt8zjbGY2cfG4A2czB7HJztiOhCeyzEHDTf7cc0IHtP+2qvM1OE/tj4m3ZMGIXcz+zvD+bDO8QaKMs26zrr6Se7mfFnfL7kOxX6QVsNa9+rIeKcs/esHE79So/SagmyDJ/k2NwmhwEkwx+0mghv7iywzWLsvqFG2t3peDckPPJAngsE2NgXqRDq+LYnBtSHb1HC5jFs8zk4o6SURhdB3cQBgNTfSSp0j9t7jlhPU4vqaBLQGCoknTW50dTyZqWP0YA8iHDKtiz/yL5oQeJ9JAdmw2+Za1YwdIs5RJlk7fU5Io1GmdHYvxkNRdQYs6cnhyCDqnZSkTHjcEuDr2A31m9X+R2qySBOEfKYg67aQhZV9in/3yeqy8dOSQ1t1rkciJdWafS2w7O9Mjjn+pYPtmuBaUBlFOJaR0XDWv1YuGMT6gSKqw17yGn5vsYn2Cngsp/smNng5toXtz83gW8lLAm5CB6/VovY8bccmwYCTNLD8SMHCVvqF1gperHBFtbsspHJGtAgd6IsNIXIn+Stfb6ncTn4w6prOODf2Wkg3fghz5JTxyz1fwIyNBsRpGEBN9P8ATO9mQzpP7AhGWzheCRmO6h8nZhKR6/jQjLz+QcJyP5khDSkYhEkCEsXJbEpNsQyC0YxHBsA49RZoJJ2O/EjnKMMJO6bjmo5rmDdQeX0Ik5M2xBCz77j9wD+SgECKA6y1hJ/LfGfu8sCQYl/lgDtk6JMPeRsC49icBrIHX3gSGuxubmEvtP7+ONBDrPmAS+rmoLywlN0tdP1MJqE3EsZ+4r6LYPUp+okjm3KtXzPR8PiAA9Tvf+IoNh4fUqvY2STMYEfyDQcsuDyQEYfD7sx/icdDZ/gyU1cgM7S8vWf+wJSDsiPqS4DJVTercpOMmx82Vxj+o2i7TZ8mxhVIK97uzUzBpuDriNHDyx0ht9ovCSDGDrCFHjdAdyXY9lYZHKcsGdfu7HuQA2aRgb6uvjLIppLusDyKQvs39Wa3Iew9sWLzTyZZ5NMbLBS7nxZgCwDkOmhyI/yLnnlsHI6ojz7s2b2aNTYn6klBT1avMOdmLJmSD9XBZR2AmnFqNqh0Nspu4wrDjYyFfHLO+ZGkxOdurHT4sIcSP68+LrPZIddMxx5aosEudgj4fzdOof2Ch/kxtBDPvFBEzqRQQH1I3n+QukD4Olh5p39R4y6ia3BMEXvllW8szNtNahx7cGg/clnr9yc0z2GP7s6sQ2Q9sj1YJQSl0hTm2k9PuGBgbTCbAMn2RxjmP3eAO/F3Iz6vjEt0Z+7Gu8i+W3cPEMZkiGJCnL9JAHgSa2PBPIA0K3YcXBA0i72zB7cSjsaB8Wx4RXB/t1glhmEkGTdPd/UUUZKAYXlqIycgQy2hL8OyChz7bMvn4WuxkBBEwJ85ApdWzK0QMDr6vlBqRz4VvztpE1ZnlhEwrN6Tto7BRrSRSmt8T6j4MMjK2pBbi2wWFh0bM/p8whP9GKz3+rpKrbBUlCE+bWXLVn6IH8sS3ZvSnyMW+6tsF3QS4XloEhSez1k8zgyHIX7Nm58Qy/yERaIS7A4Q3C2fidg+uQNCAg2VdOQhpDF4YO4wEakvHsk2Ouj0hp6kFBmnsPrB7dkAzAIh3bPvxCpeJ182coDH4hJziQnZXwIkiX2MQ1X2AFBtpBmPls53y16YvGc5JvAsHGjnk0W18Rh19kyMTPqGI6PqGXN7H0fEwfpCCFPphB365sXwGpN5grAx2Z4TOoQoFB2dHPY1vjK1ONhTo7Ch6OEv8EGwCA9A2W/uQd8+XOT7S7MxOnX+Q6//AHkO8ZOcxk4d2fOsh5Cej5P+Ee/+iweifyROsa2dhmVfB2xHOSz3JtPWSRchtsp7cWIX7kw59g/7JiclP2JzlnUbatYDTmTAzM47faTVMbnp82+WRpAXXsWj1ZOdsodTvBmQN0ncFtfYC0hs6mp9PG3Eef2JhZZg28dz+w0o5f8AAkerPNkNmdH4svkPvxKbZz2viFuDD8Mem6tgp0skMhG5PbwHc9iHxf5dAfj4sDvkRbENYdwVG5HR3EiLGi7/ANvsTf1JzD4fUjUho9v3OAzozrbXFPAuyPX1BCA+2bBr/U6QpvjaP/BDi3jfI+x1JPFDQ5Fxcj4YyOphjhI4MtvXsQAwWrutmdUsHL6Cllu5z9xod84fqKQSMz1skSyOP8jPOWFM7ex2ahpJ/wD3ykVETWmsizAbHLutghyYyOs0HU+0kjcwAPf3kR3F/GH7CyATOaGyKFbGEwned5HwYw9OT8GXwBAVzkny0g9e3ynZPQLPij7Pbye81cnPDs+FufcQczs2bROkBga7hJbl562AX+JW1v2Lgh+gRFakIc7LyofcQ3y8J7zEoXPmSCfpdNGVC4u7D4Ng8cJsWd6Pxw9smfJAvyZbh9iHvlzP15MB04Q8wbP8XcOsrAhiGCnddthvHxIHcchXE1hqcadhZdLJ3mfFmgTmLgw2DMXpJ0Uk3WkYne6h1iAFsFzPqIaJyYPyBRfmIEY7wKNwIMfmFnrnb3rHkyTeFyBBZkbp3+yr/wBET1RNgaWsdlsbtQa57b6MkRxsvGbJ7FYx1lsHuz8HW0EQe7C+W4cfSJLG++lqH7tMR05ey8lDvJfH4WHTlk1UnBKLK4ebFBgQZ9Pmd0W3QSQoGyP4MnRcPjZaBwl6f8SaEfKKXofiYHOZEM5CgeooTpYg4eH/ACVbuttjDup9HwWB0kD1gSTwYPKGxG4ZYyTwVwhv0TNTctZyepyl7fwj3Fs2kYwjFrCYOIYkGtvTJbHo+JG+ksENvi+5q0ZBH1LGB9Wc8n9sG5f1svb27zjZzXlyDa2Oe5bhhZlvG/u4CgfHM7wf6su72K7TkBvUCMMP7A4EnHxD8ERRSd37tKMQ1ywM7BMLxGCdeJXwMGxOSaYcslFcSaWHUduJ0ST5UkjWE+ZvPFncgYr2XEO5OcTkrrX3bPMd3Z0vxkWd6F2DrpepgiRdJwfCsxoPPu2G78ckCWDpJqcz7kxHYKSA+Rkh7J2SV9y0G9LYoB/I6cun9u2aMMPtEge07N43z7mTNtD4vO7Jqbtrn8JQCaFp7J+BkqFJ3Q25LcsB+IFYOudbPzBNJ1zyKxo2A+EA66y2QH9mftJE2wtZjC8E4GluiORZ+EBmYGoiHoG08NsXfEDu07vi9cv6kOrn6smoP5DtfhhTvpF3UxcaIMqwzvttEHSoRbNQ4ivMrKeTh+rPhJ5xP3AidnDILqb9WvBsaD+B/knCv+RhQNkeFD0Hv2zK/llDSdgzfmYHAfU+fH9WKHHuRzvOTcL/AN3U4Z9MQMiMb2g/uDnViRDDLRCAvuNOHYxH6g79JeZuy14kblMXYJ42D95ODrBI91uELMuuBaIMLl0uT3s/uinYssidZB1/kbBk2vGM0/5AHnkDsMhTAtlOSxTn1L3OSUzBYbivzJU3Uzk45I+J9sHxH8ucov7kvRIBoUfqPIv3atSBOOSPsRxRlPxneuQR8X9tpxN4df5JfS3PYtmge+SZwz9E88a+ryGH9QADb9F7p/yciX8XiH/LgmsiNx/V41/5JYZ/pPTUD+QhV/kRwP5dQxmNTdXjZG5/t5+v9sfrZDdbIeE/cp10/kJ//CMc4fyC0X+WjQ/ZO4T+JnqE+Y0lH6C7KWaDDW8xfNvNNeEfJnEcO4blWsDmSAjSbAFycG+QxfsUTn6yXQSaJA5AFTt/HD9WH4v3ylam5BAfN5MGiIQ9JnDglFdhfRLhxzEr9nWByWhNNswJwHy2GGQGUU1jNflajvI9B5ZtPZLw/cMMN/sC1/vYUf8A0hOzY81mCX8iqDP5bPP8JZj+urYo/wB3uX/Lgi/24rmBZhslXJfiN6x/kron/YwGpMHefufFSwww/wCSgnOB9AyddAH+Qy+f8lmD5AGuWl9z/IRE4eOwvn8JBrYx+4LMk7IttCdaXbGBOn6WnIDnFfISbrsstMQ72zV8gAloMD9w0o3IpMFgakA11ej726NufHl09DPZ4s+PZ6HscA5cnUsyvYMXyYnHLpyW5fmVdAnzEoDts47dEZKmp5PdAuTz4A2yffu3ruPwQ88cZVPr82EBxI6cxG6U6EF+p+hz9WYuAfDL6+Pq8+T+y5gv5L9F9FtBf8tm8/tbA+v2LD/jIZgfzLsd/BOdv7PYwsH2NkI3+XKOfQSPB/l9Y/5IftB8OQD1Z4YuweeWncGIHlweWHpGHycE38ITfLxLhlro/g65L+r+YP1JsYOz+rY1+IGTnskbzZEQhH8Bvj3ZwHRAwGad1+JM6+8gmZYXRi7GMiBIGREkwzftg/c2LX3llx/sAnp9kgL+psPi54yyJCM9tmsD5sx5K9bDh2DOduLR2GeT+RPYvbhDqM31dcip6YHE55u+z7vgQoQNcAt16f1ZQU+id1kyI79bGGJ8Gl3cj9wHF/oRxgP2IH/wo2c4/q+Dcg3ry2NdQ7uM/AX/ABnBH1vYSaySlt295rhJzuQAgJMeQbw/Ak5GS7+PZYWj2fwtuzJfwluQ7P5fLTn4CiIaGdcFhKc+rNv/AHHfaA4uWcPZ+WhcKGxzb4WwGNgwbAHxZGOy6diDpDnPLsTy0e749tnbrPu2QDixbjDgZ2+W2Eb0bIBsAD4bLB7aHLo+kmzrZ/2Fm8ITqPqZLtn3yFA8/Upw/wCR4wMJ7z6/HByPIQkbUcgwB5fqiG5B8uWTm7YVy5tuX6zqaeSn5gU9hwEIHzLsf2fYNsx8hdF5fEFxDyU9/A8iN+Zz6lTw5AlsN73GN4wDq4Xm96ld4QIPiLzxuT/Yv6gxBGLj8C5aJ+Et5jkIDn+zjZk59Wc1tSBgKETZ7Ojr2+dF4ibKHTLTxPnkeocvPNM8cHY3TxLZTqzHOQ3OJ9Z4/RLkx55DnFd+5sd2eLrYez8/bwElgMuX2WECEJReTgtI8tJxgnzB9hLu3Pi+b++WD5MSuM/FOHklZG+', DATE '1994-07-20', 'Vigo', 'España', 'soy la prima de dani valcarce', false, 'ROLE_USER')
2017-12-20 20:14:30.942 [main] ERROR o.h.tool.hbm2ddl.SchemaExport -
				Duplicate entry '24' for key 'PRIMARY'
2017-12-20 20:14:30.944 [main] ERROR o.h.tool.hbm2ddl.SchemaExport -
				HHH000388: Unsuccessful: insert into account (id, email, password, username, name, surname, image, birthday, city, country, bio, privateAccount, role) values (25, 'javier_gomez_noya@example.com', '$2a$10$Tt.xX1i5lzepgcLs1wNH/O3EqLA4Nxy8pPuhtB36Z2lEg2TeOOY7.', 'javign', 'Javier', 'Gómez Noya', '/9j/4AAQSkZJRgABAQAAAQABAAD/2wBDAAYEBQYFBAYGBQYHBwYIChAKCgkJChQODwwQFxQYGBcUFhYaHSUfGhsjHBYWICwgIyYnKSopGR8tMC0oMCUoKSj/2wBDAQcHBwoIChMKChMoGhYaKCgoKCgoKCgoKCgoKCgoKCgoKCgoKCgoKCgoKCgoKCgoKCgoKCgoKCgoKCgoKCgoKCj/wgARCAMmAuADASIAAhEBAxEB/8QAHAAAAgMBAQEBAAAAAAAAAAAAAAECAwQFBgcI/8QAFgEBAQEAAAAAAAAAAAAAAAAAAAEC/9oADAMBAAIQAxAAAAH1TZhEkLGTEBkJsVMEABMIE2JjWMlIQwTGJpiGxMATBDVAwTYDTAHAMsTE00xBpiGgAEpIIziRU0kSaVDFSkkBiqu2tMVN1ZAnCoKxEFJ2RjJqiQJTigpMhJoBi9EYgDli5CJSITalTZYiSExwmAmNUNANiGCYhsAUkJTQlh4desPC3ntHwuoaRghuEwoAAAGmIkhKSBMBMIgyKmoRJWoYiGCjZWYIWRqCnGFGTqttCUikwEKSJuIBIipJekNSDTAZKmAMBDYgYhpBpwmNUMFIABAMsHHOuuryHmK9p5PhupwixiKs2862PT+g+aM+zafkn0nLpOMgBLJAgAMASYomqAEQEJpwAUJoJJhXZXWKMokU0JSVKM4iYJEkyuTATYk2sFNHSAkTUiLGoDhMABiGAmoBsTAQwAYhhHgnzXU9NyeW6IyVIZDLI0h2FWipkJWVEvS+a6cv0u/5fKPqx8o7B745vSBihgCTFTBBNAADTEDEDACnVbUYoyKgpxhKQKMkQjYWRJMiNqlIIDBKaN7CAYDTEDVSTkEwTEAOAaAGCaGV1Vpq835yzHyJRpgElZGojmtlQyVj1JzoQkXPSzJqqmbeZVEvszSOx9C+Syl+1P5N6SPalNwASgCCYIAAATQNMBSoqtqjGmaJBCUgiNkSSEpFRG7EpKIEkELEbxkJMBjABWBCGlBiRkmCaGUTJGXjF3F6vk7FwnGgaJBKrI21xC2uVVW0zJdHmTiqVeyt0cDJ0OZQTkVS0szK2sAa9X6T8i1yfYjkdeVDUA0AhRpohgAAN0qbqTGpIQykNIAhpiiYkSQCaIkha3JJuYQmOhMhpigECkqSkgTULmLmV2+T5zz1ehh5tGnMNGiVRHIhKUTTSEQQUnKyKzVenMlpiueWnpHKs9LwzA466qn2KDjwvzEooJII6H1P4564+hIeagYgAUgQMTUqTTDPozmVMqI0gpIBqgGoNIAQ4TREYqhOJvaaAyENgNKAQIYk0PDu8wUdHoeR1OFydGYi0EhMZOFXxhoKYuAOMgtt7kc/uei6p5jZ6KZ5KHrGvm+l05px/B/SfFHjpXZjbDLbVauRSSZAYpfQH1XufM/peYKSlEwBxGAEoypMQZ9FFZFIIsERJCGxKSBjojNERqENCUlW0ZkAwQ6ABjUIaUQ4r872PPnoPnnp/nmoVtU03EWipuveYzrcwihj6c/bxzPRS1y2XU3FjTIEiyMpsyeY9bxjwHF9jyjztl9JO6i+q69GYcAVDRZ67x3ck+i7/IeoW8DIBiTBSTppqii/OZgZBgJpoAxJgSHUVJQRlEAKUbIG8ZCYCGA05UAqUooOEjm8Tr8ZPOcslWaDBSSoBBJM10QtKtlPaj1nSz2w9WWS7dOPRGkpdXOudk22U87p418l570/lUx06Gc+rsYaztgkKhpyqyBG36t8e+snWUlKDJCMkMChop576EyMAUkoNAMRAxoATiMAiNUKUTe0Q00A0rTITAE0Vk6Th+R6nnrKZV9w8zG6ipISACym7CWmvpQ+9TvNtuS2WdlGqL9FNpbONhOSnoSQkcm2uXyPmfceQriwaSahTSpcSUUxMStqZ3fpvy36hJcRnKJkAFDAFJUZtWVMrGJxkAmA0RYDBiJQGmiJJUJhtacCkKk2iGpQAQIOV1fGmHibuHZohZ6w8NX0eaAFEo2krqr4t6GToHW3YNojPbGroZN66LamuuWVSbJcrNXoHxNxthCwp5Hars8HxPovjjhY9eAUYyoTUrB1J21kvqXyj6FHqL898SQxMLGmSpip5deOzOxQDkRGCUkAwBMEAAERggK3A4BoTTgGERixBlXgPZYzj+b+n/P7LtOjgpzMNlVqkmK6rRI7qp26ury+nHe0ZNZiLKzpa8dkunPwuAey4vlaD0EOV0a6HpeL2supr5uk6BXZRz+k7Pmnnvr3zU8+tOaicLZdET39cL2OfnyZeR6HmS+7ty6xiYAUNNAAMmzGVIBSTUGkQAmIAYlJDQxMBJo2jQSiwaJWmgjJUmhOBsxdaWPkfSWHk+fZGzzcZwEBRqzaUloz6yV8FL1N/B3HTrxwOzycmY52fXqMF92Y3d7gbj1N/G2m3Tzb5e1p524ubdi816jHXzHz/s/PRyNebTb9J38W9PR34uoeKl0XLyPVfL/qGaxiAGjEiQnYZNeWM5KIwBiZFiBMAGJSQmACAUkbBgJtYkkiYSgAlLKcnp8/eZt00ef8Z9N8xZ4Wm2kYFLRntTTqwI6MeUl6t/HsO5DB0Yvt9F0zxGL1/lDj0WwKd2Ur6Zv5fp5eH0OnamDbKQSaFER5Pxv0r58ecJqul6nw10v0j1PzP1tmqnrcyXxP0Pm9KJoATKAaAAZdWQqTQAADIsABAwBACYIYCA2gAxKAI0wQ1KRkGe6UQEEed1Kq+NUb8Fk6yURaKaskVysgQZEn2+D0I+rdTkds53H9HkPmnN9b5Uv28vevrux5j0cdHRnvJzquskmipTrMniPd+KPImqos6ff6B4S/6N4Q9vowdMzacHQlixVJJoNFNxcGTXkKkwEwABAAMEAJiGpRAcQU4m1pgAoDhA6SkoQARYCUIsSp0+d+b9F52x9Pl9OOWBWh1yKq5xLd3M3GLZl7R9B7/m/Rw42Bh8j7yg+YbfZ4lzdPLDLr3cfYdLRh1Vaoqx1yrKvOej5h4DD2ece36PL9BWnj96mIhnKtsZSgKhggMExkcezItSkhA0GMSYIEA0CYACpMSKkjcwAGqBohkqEANABBVajPK808P4n6h8qse7D6k8v0Y3xyn6HgFdilRKytKfU+W9Gvtu/xO5DcWSRIx07q1w5OvVHKs01l2vn6V2uiVzKIEc+qo8Zw/S8s9H3uD6MmOkPnV/nZfrV0ZEkIAKaaGxkcmvGlYmKSlCAoSapSESZCAoAECAYbGAAANABKAAmQgBoATKp+QfYvlNnF9T5W5e9q4lie35nreIfOJES6LiQ7HG9CfQerz+hLKKrsunmsLIEBqU5aM/QVcu3VCQmy0EwhYjznP9RkS/p+D7B6LyOLxCv1HmPqx121A0xMKaGAnEcmzHZVKMgExpqVCdgCAAQ2JMIk4iHEr6fyP6cbhpUCRgwQStAAECAACr5f9V8DqeNs39SvL9m/18cz0e+g+WYPSebtnFwkj6ny/ZPpPU8P6iXpPn8k9ND57ee0WbYQvrgmyVF9ELEUxsrE0xgCzaMx4bqdTQvg/N+n8wmv7D82+nkkyUTBoQwBuLpY9mMgAiBgpRVNCMABSEpRGhDExAj5b6jxHQPr6z3jAlABphFgAEAAgKPFe28nXj/Qed9NZ5L6v8t+vSuEknk/AfWvl5niFsbqpRv9F460+h+fzbou3bunGi/HOtSzMvvxaauikjhKIhoYIWa7JLHTl1HhvJ+3Vei6ilAChtNQTsBgmnUce3ERARNkIcaBsiSiAME0JyCKkhRkj43Ktn0v0vy36gSGiSBRiEBDAACE0U+H0fM15TVwvZ2YV6/JLze9b1or8F9C49fKY9jkWRUkRUoy329ew6XsfFeny6U+QzoYoYDsX+L79ejlg3oRChOJKBVK8dmU0ac95xOvimdYCgCAGRYxOLsGmLHryLEAJJpFsWKahMLBoGhgmgTQk0fGyu2yX1D5b6ea+kpkNAgmlAagFgMEBGaneHh6/cePs1+l+cepl9BPLrEEjlfL/snn7Pl5ZUtbbt9Ds8rCTr5cUDcqvRHB1+67p4bo+uoMHZ5mrLTKqVSQkjlt5E1ZVw/Rp0JtVQStq8TQAlBpWJommjAqGbVkiIKgGJilaAIyVgDEwBMExBRLzS+BZOyN1BH2XZ5D2AhoCUZUxiaYmFCZESSAAUk6TCGACA8L4n7X8ts4rK7SNnYOX0+rrk2+i43Ul3zwROhXTIgSkSsjMImEr8teifref0yyucCu2mytIEikFqGpRoRidgwIZNWUi0xDBKQRAGJAwGpRG4g6rOEOOLrL8pnJpozJnoPp/wAf+uFyESTUoNWDTlEMBMGigCAAAYmMQAec9Eq+Iw9Z5SyXQ51sde3i1L6Hf5P0Eel14+vFls7KougocI4Lb/OkrIdO3Wi0QsWZEIuKTcJg0wBQA6GmNDK82jOJNK4tQJuxACGKJpAAGZTLxFI0dDJsr5rTTZFsZOo/Wfkvs49y0EkyVAwAAABSENWACiahuLAGo0rBNFPyz6zgPjz388npx7Tf6Xgd87uzma43PM4srrykOAYK6Heo7Nld16MjnAsQSxpvoOiJ2ANRMkBqgAbQQyas5FpyxQU0wJREcWCAE1Ij5fq+dWd0LDqaCs+Y201WaaFcmfp4LF+zWYd8JgACgmNSSJgDRK0yxASg0DQAIaCkBl4/5/8AT/mGj24dFdTZzSPT9DyW6PVx4Sjs8Ln5C/vV+k0t6NOuxRsjGWrVWtbZEc2mg1XcvpVNADRDEWNDBpkMunINqIxMYAApWBYRklVVvBTm56tFui/P1F6vN62CT5KrqbNNSvFGDPY+/wDin12NwMQEDTtAEGgGmqaAGkGKUYhxaBCpqUI5/wAh9x4elZVKtcs0pdVvPinTqw6ifar9Elvczb1tugJNRrLKSKuDjDpnAxSMsdvR5bj19BOL1qsGkBMYBXl05wQCAGwUBIxA04y5vI9PjWvXVbZs7PI7hu5HX40nyUjKpXVOLqpqo/Qvnm6Psqx7RDUrUlQAgxAwAErAkIstBEClAdHl/D17vynHpJSUqi2hiCTjIfU5eg9/1vP+rkq2ZZLfXnimyqqZZKq1SEowq511nhOcOqruny/0csR6fpec1HZKrbGhleXTlE0UwIbQompBp6PHr89HHjXc1dbRuTb2uP26n5z1HlZPl84SHKFhZZSUpqMeu+hfMvphZGSlTFZJAAMGmRBLIShoKYcmOh8953EqUE6SaJNMYNQYiYDlGR0Pe/NegfTI+U6EdWdOpLrIWEZpqRUUKb6VpnCxMPo/P+gXgcLqc42ac1sWbMQd2/z2yzoZLIEWmrlAGIGCRuEjP47s8CWVlOq3RqzdZKu95zunQ8t6vzCfKWmO2qdLTmtIyhOO99J+Ve8PRAxAAwEMABUNDRgN/O8l5Q9L5WpUIStNIAUmmTcZQTUyBZEiwLL8+k3dvjdaTt7+L2DZZVMshKJCNkRwsRQrqDB3eGpeVbRcaLYzLb8+1ISlGq2oy32cl11ni0k3BpIEFVnCOPnE1ZqWipd/HCS+3fyz0fmPT8CvkEp1sjCVzhKicWaPUed6MfT7Ob0xDQMABiT550cHjfMHqPKVC1k1UFJEQAQxDSg0OdciyyqwukamcNfRzS06c1ldjqcLoydzpeZ3Hcv4/TNjhMUJUmhzCnm9HiFOQzS2bqNaTvqrXfLBpNluC+pxjCQdUrSMZk7BxKVDqPkPR+aK5m8l0cuo1XZrqvtzWnQw6keB8b9v5SfIzv8AAJiCeii832xsj0Psvl/vTqgAwHVzvBnb8lKsqVqqKArjZWRjZFYiZEaVsJFGaVOLslOE10bObqToVW2y8yOymqtLtSW7HfJ1+r5veeh18vfLOiWM6hy+cdTi4qy3TbqKpzkUX22ldqSScGrhbCqZWVwnKmr1CRO6hmiipnOyerrPObrhMFu4XLn6WQzer+b+yOvFpOX8s+z/ADs8iBT15Np0NFd8U+k8/wBM946+MdXyPAykqyIokqgWBVHVUUxtCqNzMxcLQr0VEmRc0sKtiTJKUVnOpm/Xx5HXyU6JKpaZmFdXacDb0ZnU6Hl4R6HFyq615zaYuzq2RCN7iFVsR3QlVirCyFaLZ5rCSiiZB1dCESV2WRdSo27L8tszZi3RXidHidCutXTceayek8NL9UixleW9VxD5QTVG3Lsjo6aLiu2FCdjz11Cka7UJySosjTq1QXPOdSVubWBKlIxsqUakVx01jr0wK9WCZtpt0nIj11LyZ9FVlt1KTNN1mx45GiFdop6ugcvpbdhDS+cdSnl3mjoYtsUqdRfbkuLq4MjKuRbOiVMhBLoutbISkVTjYQLKyUlKnfVcmXjd/lLtuxbSrw3vvMR7RwkkuT1eWfKIWxSWvLqXfdTNFTGKypupFqybh020jnXcUV7K6qd10YI6YFcNitwU9PKmabaynXaTVrirB2aDDu5+wp0WYjqaONedufN6CVnSRx59dGG66I9XIqOrmy2lU7bxaQNjosliraTVLJJbmTQuy21ZZTQWFYWSqibFnmilCS3RUDS4QLpK0zV6Q5HQoup87rZYu3eY9OhzOniPkcL6C3Xl1mqFc0JK9aq7IFGnP0jPOvUV3Pec+OkKb815DJuyLGyqywx7KFyV30CvhM0Tp1RDRjtKoORsa1HDj081ZNE5Ro2c6xOlQ7imGmJg03IrulMrd7CWisndW5RxtVFtKX3U2EbaLyDi6We2JIdBIgF2nBfFjo0VbVZSWXVTqeeWCNFN3Jt6d3ju7HA+ifJfrCSzaabPkWfdzzTpx6I0SxbjTKEjDMiPr8jrnPlXSdfZyukTjblMmvJK3Zm35UwxkFuW+JilbYtFG+lY68O9GrlGaNtJrvw6i3PdJMz0yMquRZNWlcbEM0Nck9UkzaHMhOy4hHRCWpaEQtnMrlJ1CSRZGcjM51FkIzqqVlEQvzXl2jPqqnHpym+YScrJpqXrcPtYLfNyOWvL+vfG/osx6yE4nzHhep8rV0oIe/FWd3fy+9HDzdTlGrpczqJzud08Vuzped9AdbHonHMhu5a9HJpgmGGqCqwurHn3Z4rhqFwbaLUvtjYaMepGKx1mu7FpGpWJOpwJ1ypN5RUbrMFhsqjYRkBm1FgqrpLOjXmgtLDLbfKzHPVNrFDWkxx0WHOnpz1pq01xkhogX9LLtOXGNZ28VuQhnTXr8vqYE8/yPR+eXiek81tZ+wvNoPF+H+mfNRpOrqdFJZ6rx3ejseZ9X50Xf8/6M5mXdzawdzi3HuHHRHM5XoeKuizPEvKkmeyqVEZqKIamuOrVQX306yqdoU09KhMm2ma36I6EyF9ascEsjC0nECnXVoWI5lc6rYtUaLLnRpWc674jOyqkJlGhMrevKZqLstdCOjDFMaMx6i/BaUPNuI44StJ56zrcjeScDR5eS8sjO5+o93559DlwfJ/sXylObOM60U35i2jXlPU5qOrHE9V5b1Zj5PawHEr0c633O3m9qTJy+3zjEq0t9/N2jzdSlITqmoJpnovYXxatxsJRUim1SLrs2mwdblmqwnUpJDVmZfbgkbDBaXSqgu4ptC2qk1aMdhrpQKyFRfKq4ujlsK41Zzt4LMRhWLGvtlizHVnkzpl6fD1W1ac29NzUTxPL6/FazibPQ+qfHfoJ6z5f9N+TyYHGVbcnQwEwiHr/ABXoCj0nI0Rs4fSwGXkdnj16n0vlfVyxx7MJio10GPbRpN8KwovxzSUM8ySIGumSC2lFpOksZcuPROunZJyTKWTjnlbKmJJfZQza+el6Lx2Gx1NJ257FtnCs1Sy6C4rmLRRcRTRXj01G7Fu51cLn2Uy+gzQmvY4vSrueffflWvpYbTpypzFPmPpiPjMotJ9/z20+n/KPdeDGmJ1c03GSyi6qJxjJ6DTw+6vU5PT5pyuZ0eave9j4f2JdlMg81uVMVk7FusnnI2SSVWzkV5d3PrToyzhFTLZZtBeUTHCdgUa0VQlYVKwtyuyuLtGXSFOrIS18/aa1RAvTmjVqUuLCpWwUukkgy8yZ+jlNXJ7PIt83lcDdtws6Nma1HkvzG2iwXZZbA69r2J8ISkOcUdnk21IwRs1YO9HAFOq4zQuvzJyepoo1Lw+d0OZXS9v4T2p0MevOYKlXKQbNFc2KkuSvTnvqGeyZFkJYllVOc5pRfZojHDsaDg3eg0V5ePr5HkI+4tPDafZyPDy9sHkKfayPF2exceR0eoZwJd11wH3g5Vu8MD3hklqDLLSzKaIFDtmef5fq0vzXB2+IvQrqC6bsVSzbk3ZrUne6nI7Un5+kiiTib8mzOtQmkvQec6xnydfjxbTONbsemmOrt4PVMHP6XOrR7fwvtzolqjj0bEYDRYZ7et0zxdvutZ4S33hXj9HqA87Z30cvVrCouEgTaxJocZQGEiBIE1IjIkAwiNgSCEmIDaxGgY6IyAE5GmLByRRzOt5NfEIY50dlYRtpNmvJai259C7tvG6afFpwYrK9Zro6VCcmddhDXnivrfNegzScRBUehzdhm6OC0uxaM5L3nhvqS6LO+JwuhfGKiyknZTaSalUkwSmECcaUk4BA5RkAAAhQlEY0AMcoskDEDGCG4tG4tWkDaaDi1aiE1CRVdzVXS+e+5+by8yqvSvVdOEs1VaLJ66Lw11bIr2Z6j5TKVaPZl0L1nK6TzSuorRRqqXf6bw/r081n9L51YRcDVSnE59quzk+08b6I+ruFpmp01lddlMls6rLbCLHKMgcUTIBYRS2KATUGk3CQ4usVVtY1VYE6ZFqUTS6rRxkEkADYgiSIugTG4qJodRlEjNj3ZTL8s9t41ZdTKlvz6Nhmt2xsLtl8tV9c0fD9FwI+cShfRODO7dXrjgYe1xks14L6q0mRfZ87D6VPKZ+jiMrnWehnyuocrrcrpn1vVythfU4xRltxGu/n67b4kYsspaTEU5QCwiExBOIwGiKEQhJxRaqKsnGRJEYuvx6Km4lTIhNwlBGcBuLBxmELawnTbSUoxTVbx68ZhyaJdeSnWatmfrGTr11mmlWS6SIl3Ow+bt85ry6WahNe/qhtk5fG9LyTkWRS9TPPpp5/0HFgeq4PUZwqdFFLscPcWb+brX6N2PN99NEqWQzas5XrybSMALZRIscSpiiTcZBOEyNlcxtOFCUKrjKsnTfEjKi9Umod2eyy6dbLHUi11zJpoTQRZEsqnArvptScSK0fOvSfObq+Cgmvr4+iX2ZLii6GCO5XxsK+g4EMMiSjbmlFpGcLTu7M1Enb5ctx5Knqcol3eFdXU43YgczqczcV5ujy1iiJs0czUnu/VeO9YbEhVmvxpboz2FMq7DS6bYm4qrVFjnVMnOuwjZBk4kRwlErbgSdZFN+NrpUIlzpLNbgjRXKsnZRcWwlEUozIMkKM0VElZJLLL86891N9vLtMK9GmzTFnV5c0v43V6J5Tf6JnE4nsfMLxYuJmmDKkB6nphGLOBRwQSLC3q2gYsoS78gWZWCwsBPY+wA6FgLDngmgCM9oVZIBRAtuBUwklaAkFTQBACpgSmC5qQS4CWCCrgEtkBXaEX0hRYA4gTQVXIIXJCvl0QlruC3oRCXb6AGdyCFADL5wF8xAK/8QALxAAAgIBAwMDBAMBAAMAAwAAAAECAxEEEiEFEDETIDAiMkBBFCNQMyRCYAYVNP/aAAgBAQABBQL/AOHZL5se1/8AxEiXxY9z7v8A+IkS+PHwP/Du1lNRZ1muI+tyyutZKtVXaqp5/wACRLz+E/8AAlKMVqurVVmo6lfabsjfdSaKtXdW6usWRKOq02FdsZr8yXh/6GSdqiazqzgX6+65e/HHbSaudE9LerY/lz8fOvavym8LV6+FBPq8279bbd2fux2T4I4EsvQzsqnTdBxVsGLn8mfj8N/lM6lq1RXbN2S9zXZdn2a4Iv6neVKy+d8fSdWsvpdfWLDR6uGpj+NPx2x78fE/yrHth1K/1r/axeZeEY5a2jeTIhrkp4lqdUpm9mRPD0uqdWop1lNqWH+LPx+A+7/HyWXQqV3VDUdSvmn74LLkV/cvumv6xFcTGZNEniPbHdSK9bdUaTrBVbC2P4U/8r9X6w/i22S1mpM89/2+8OG/NZn6pP6WVrM7ZqMa3iBLn2ZM9s9tFrJ6V6PVQ1MPwZ/iP8Lg9as3Jll8a4ynZqSfp006nXymvavPkfsT4j5lLtU8EpZe7iLNrGRRg4OPbptRKmWh1Sur/An+I/wZS2qO6+TopL7q9KS6grLJ9Tk3fdO6XuRFkvdj2JFcSWWShgipmy1noTxsx7tHc6rNNcrofPZ+I/wdRdGI7rbDVTuiSlKXxfsffAomxnpZJwwKGSNTKdI5Feiw9Wtk8lU8OOp2lspslMz7uk6txcHlfNP8R/gau5U16eh2TvsSlr7fUvl7kIx7oxyVUORHRi0e4WjSLNGsx0JXpUpKhZnFQjrVumxPBCzBOW5v31T2WdPv3R+af+Jqf79VGKS6lbsnYsL2wJEGPx3wQr3Gm0rNPpcJVojA2jhk2owhIvjk18UiUH3SybGbH2z7elT+qPK+Wz8R/PPiOje/UTnsWp1ClqbJbp+2PAzAn3SKNO5Gn0hTTtERF3wbe0kautMui2TjhmRSZljyjJx7IycX07V6jGn1Mbvls/Efz6x4q6dPZPql6qqcs917aWmWVrDXZGl07nKinZGAhC980XVmop+q2CxKJtFAxCI3EePd0zU/xrLZw9WqW6Pxz/Efz6nmVf039V1Hq21Q3E/u92cCt4ZgojmekqUYsi+ciF75Fhq0T5JZMSY4tdl785WnscbKOa/jn/h3P+zWP0CT3zUuH8CMCiaKr6q+EIyRMmey7Lsyw1US3zli3Idial8MfPTs/wAf47PxH8rMmrlst6hqHc8YVdW8lxL2owJEYldOSitRI9twuSIhdl7bUassfMpGTdgckyWPg6PRG29fSvjs/wAJ8HU7Vbdcs22ra9LHbTb9/tQkRKolUBCZv7QEIXZe2XJqasmoq5ccSMol8DR0u309TF8L47Pmf4mvt2Uyo2U6fE79Y4+rH1bVODg/YhERcOsqlxnjcZ5RX2j7F7ZLJfRkv06RKKJxwNr3pdofd0+z1NOvjs/wuoW7tRq+oSnGEZWSv00qV0zb6evSWo9i7R7VIhE/T8xIEeOykbh2E79pLWpENVkjcKaY+zWS6nctVpmSJxw/bgxxjt0iyPpi+KzuvzrHtrjVLVWvpVddNMWrNc5ejpcRWtedR7EIRE05BcY4ksCKe24lbgnq4pXa7l6yTHfuNOnmqvJFYIyM97qty6hpXFvkxjulkW2tRy3o+n2WuNWlhDqHT4Th0efp6oXxT/wdfLGn6ZHZXd9UXDbdP/yKPUfp2cy9n6EIpZXPhPiwgQeB2I1Wt2lutkyVrZlshDJCooRU2biDF7L6VOOuo9K2yL7p4K63ZLp/T41x1Ctsb0c0USdVusp9DW1S3R+Kf+D1WX0adba75YhdU65Rk65ZVY/PsXhC7RZGwhYTkReD1eL72WvLxkUCMSuOSjTyIUSPsFJSIEGLvg6npVZF1fROOGUQ32aLQRpVksOrGHHJ1GGyWuh6ug6TqfUh8U/8G/8As1SLfqdtSnVH+u/q6jva9sXwkQRgwRZGROZvHJ5s5HFtxrwWcGSGp9NV9VsiQ6hqkodVgyXo3FfqRIMh7NQsx1Edk9XDkrliWl6h/VLNsqGoRXK6nH6NudB06fpa5ePhn+I/kbwtM9+pn9JVFykarSbzVKSlOWfbHxEUkb0eoj1CuwcskRQyKh49HaSLfPbSWqqzS6v+VB6SucY9PgnChxI18pexnU6y/wC1ieHVe81aqrbp82OvhdRjmrS86avSt6+Pj4Z/4F//AD0sPTHHe8cYGdUocifEvZEybjPZMUsEZlf1S01GU6UldXxqYtEkRXMkRWZdNr9KqHK7r266Oa7oEvOCKMuL0WuaNPqsk/7K9PHaVU7bPin/AIGMmznGO+Mmqh/VesWkvdj2JmieZaNLEkSrNVRFw1On2iqeVXAqSiaeRCRHuvbfzCxfXqY7ZwjlQi4yel9Unpp0uq2Sehs31Y+uPM/in/jXLdDWpxvP2013wY7Mx30ksT0HMBlsMrXVSRJvKbK5M08pMqiR7IXd9p+NbHbZqEmaV4np1WyiiHqWaeMoamj07emx20/uH/f4WS/Ef4fXIKOpIffrue6QzPapKUraYxP3pV9egf09sFtSmtV0/l0uLqr5qISExMQu7GSNdWaiJS9lmm9OdVCw/wBT0u+yOIRFB+p8LJf4cuD1Eb4k7YI6091wvu1fMe1bJ9mIT+l+em15lpfK8d5Isqix0o29lIhIixP2Ptq19OpgUcT0enXZeJiRbZGBHlfFL/EcUz0YCrij/wDIIfTXg/8Ab71JYKqo2USW1+TwPkURjOmfZpfPsaJI2koEq2bSJFkRMyZ73LMdTEnHEum37oNkfDLJqEdTqf5Wup4r+KX+P1Wr1NN4a86SlWrX1ejdoa5Y1GldqlB1yF2l26fI0kfc+7Q4mBEWL2zXGtWDZuNDptpGODwNnWNbl6DnWR8fCyX+PZHdDXVenqTp1q29X5t6LGMpW1OmWurrtqxhiH20C+vTfau2TPZ98GCUTAvdLxq4ZIQ50sjI2dU6gq4ylufRNPusXxMl/jyeF1Z/+SVzcJX3+saOz0bdPbDUVdQ0q2T4Yh9umxzLT+B90ZMme7Q4G33zryeikfy/QvjrFJdR104wlJylBfV06pQo+JkvxdHqFdX+DLx1KH/lY5UMra86HTTmaaFtFln9lWtr2XdmfvpvBTLiPPfgyiTF2i/Zj3smaulvU0VYXWOGihZuoWKfiZL8XSaydc9Ld61f4PU6v/Mori9ZOqNWo1ij/I6RXihIlE6vHbb3/emsUTT6nmu76d5qOo10k+tPNPVN7pe+ODHZP45jrUpKOF1tfWdG0/rXrhfEyX4jKralR0TUZ/C62mrdO8azq8HEcpXW6OHp6c/fXKs1+xcEJ4NJqy65utaTdOWhhI03Toxda2rPZi+OZDy0ddiUw9SzQaWOnq+NkvxGbMLRW+nbTPfX+B15P01xbrNRv0mj+jVRacO2vhvo1Ffpz75FLBGzmnWuMa7svTszgTMmTcZIv4WTZDydajmHSNBtF8jH5/Egz/26Pdvq/A6tDfp3JRnTbvs1milGOm12opjDql8zSWXWuyOYdRp5fD9sUxSaOnTlIiuEjBIlLBXLIpcp597Y2TK+3UF9OladPySH+Lkxx0q91XQluj81l9dZ1HqFcqpZ3afTquqMlfF6V0zonDvrKt612mdcvboqvUjdo9p09+kfzIJPXQP58T+bWX6mvENet1V6mqJe9skyTyR8I1kd1fT041fJIf4uzl5RGTjLpV/qU/NOmEz+JUdZ0WV0fUw9OM46e2ucbI7Y98Gq0sba9TS6LezF50epVUbdWpKcz1T15HryPWkU6e6+UOlOJDTyrKJYIvK9jJSLLCl75Y7W+NP4+SX4s5qKi2jc85Oi37LVyvnaUjX9K3Sqr1NVlUbUU27vb1TSLUVTi4S75NxuMldU7HpemORT0+uCppUE4kom3BBme7Jvi6zCndulo4bY9plfj5GP8OcsLUp2Enue7jPFE9tuknvpf4OO2F7utaPl989oVSkVaU0lUcVxwcIyNjGR9jLp8ai3c9JRlwWF2kVePkY/wpPCst3OEcmNo5ZbeWdDu3Qf5NsVOHUdN6FwyMeaa4m1JVJFPArEbxXJvPdGO99iirbXN1180xwIz2kVfLL8PU35Iop+1eFgocIk8OfR7Nt65/K6xp/WpawyJXM9Rn8jafzCjUtkZORXDmK9m4ciyeDUWuUqqyESHAu8in5Zfhaq3CIkBSTJbSWMLGNA8aivmH5LOs6P0p9lI3M5IrL00CpMrEvbZPBdqNzoqIwFEXsZX93yS/B1FmyG/c0VrJWvqpqjJ2RUZURjKdyip1y2WdPtVtH5V1Uba+o6SWmt7JkFkqrNPXxBCMj7Nlthfbk01fMYkIGOy7s/9/kl2XzSeFqbd8o9qV9MOJRyQScroxiVxjJI6JqOfy9Vp43w1umlp7e1ZWyizBGxCZk3DkTmaq8qTk9PAhEwYJexn7Xj43+Bq7cREhcuuP0ye0hbxKn+uir1Cf0y8HT57NRXzD8vr0PoEVmSqwjZghaepk9Qlbg1OpIrfKitlUSK7MkY7skV+PjY/mslsjdPdKPLZTHmC41q2wsgomWzmJGvMIQ3yr/ru0c99P5fWY503aDE+E8EZkLcCvJagu1GSPJpYxZXXxCIu79siNuxp5XxS+fW2j8wR5NLA8Gs5q/QoblyOMqzk6Nq8NPP5fUIbtNLhiEzIpHqHq4HZkXJRSaevBUR9jH7JE1koucSNsZfFL5tRZshZPdJckSKNPEwar7HzE3PCqntW6Q2yibrs0VnqUfkuShHqXVUSeX2ybjJntXDJTpimraVxIoXbPbPfPZki2HN+mbS192nnptfC1KyL98vm1luX5Io/cFzQM1b+heP0Kc2vqrEZ56JqFs/HttrrWp6vCBrOo3X/CjT/dp48KJHgQ2bjcSkLs+7JE45ho9uzV6SF0dstHfCzcU3e6Q/k1M9sLJ5lE8EPNaKSaNfxBeCKyL6JWWOb3ZRpLXXbpblZV+JJpLX9WUC6+d0s9l8NcsPp96aXj95HLvjsh9mMZ+tHZH1WjrNf0aaX08FcpIjPd7JfLrZ9oDKlxX5qJeOo/avAm0PJGf0UuKJYbjjHRdRiUfw7Zxrj1PqLueflRprnXLS6pTjuHIyLkS9zH2RS0tSdWWa6lhIhI3vdG9xI2Rl2n8l0tsJyzJeXw8bo18JcOjlSOo/YvHZyyqmlKbTm0u3SoL1Y/b+Dq9fVp1r9dPUy+dFFrrdesI3biHKSF7H3fZFU1K9eOoy3TrEIZFqRhorukOSfya60ZB8yjk0suXDBM0jyp+Nb9q8dk8Ly7FBLBg0P0TolmHz6jV1ULW9WlYTm5P8BEUVLmp4ITIyF3fsZgn9ujf9109lcpb3AZEjgUEhIlAw0b2hTT+G6WyFs90xRIM27XTJWRvrwtHLDfK16+leOyH5UMxisiTZRI6Zbuj8t+rqpNX1eUiyyU38i7YyNd0QIIqK39UOyfufa77NDJuWttyMiY4SIReUNDyKbJTQ/EbGiNpuRn2667svKiKJUspJ12f9IV5hcvt18foXj2RTkLh8xKs56fbtsi8r4r9VVSazrDmW2ym/mQu2029kQKyHisTwbxMT7Psh9tanKvTTcabJYK+RIXZNI9RZUsnGGOKZtMI2o24EmbjcZLpbIWz3SK1zGJGOVGODGVVLY7Ybih/TrFxOLg+7I5Gmm8sq5VT2z0dm6v4L9VXQtX1acydkpv8AAXZCHEa7RZXMVhG5EbclcskRdpeERH21qlIztX3OtduESkhNCimbMHCMZHwLJyZkb2KzA55E0+2qhOcZQlEiiKSEyDHMjIkyu3il86tZh1bRctNd0J4cm5EHxDwdNvw4vj22TjXHXdVZOcrG0YMdn8C96ER7SRtNoonJGJXwVSwQmQkZGfuLJMstLbDOSEBdnFSI1RNsURH5wYNuTZ2wbjePkXeUFJX6bBBMa4qj9NqacJPG/iTaKNXizPqVSipK7Q1WLqOjdDF2yRIdq57JaK1WQ9ms1sKI6jU2XyePc/wYyINGCS7LtkixTKrCp57NjnhvUKKnqckryH1EKxdlgSRgx25XdmBoSHHlRMc9m2QnzHDLKlIdZHgeGoxHUTgalbJ9Ou30dtdT6tWorddnesgYMHSp4l2uthUtZ1RslKUnLPbI2+zXfBj4mvZkTITFah8jyZkb5I9RnqTFbMqnZnT24T1Kw78llo7BshBuVVOCK4FHI6kiKwIzE4Jd9vbA2LkSJbjkQ0Y5SP1wy6HFVvMWZTHHJ1Go6de659msrrdO2fZFZAx20UttkXxrdfGk1GondIbM9sHPZIZnvtGjabTHfAjBsJL3RkJiYiMSOEkbjfwrD1MDnzBORCrLrgkRXZ18Lg3qQu20wMccmGja8DRgwZHI5MSHki2byEkzamOPF8XCyqXAjULMZ/RZ361H+rsiBWfplcsS1PUJbHubztPIjaY7ZGJswY9jyc+1YJYRGQuT08kqxxMMwIiIcsCmRmjehzPUE2zkhW269Plxq2m0wTngW6T5xgSRwJob7YMYOOzXbHbaOJt7IwYEjkjI1FSshXmMo9p+NfDbPv1Rf0S+4RWQ7MkzCJyGRXbkUcm3AsEjBj2ZH2wY7bRRRKA1ghPBGxnk28uB6Z6R6Q62hwNhtYos2sVTZXTzGoVZFYHZBKzVIjfKRjcV9uO20SH2289svGe365Ipj747YZyRGhmpjzRLK7dUr+heO3UP+Fn3ESJHwiT74GVwyOOBi7ZJMWTaxrtgawPul2RgwbMk47Soaym3EheepFkHFkcGzJ6PLqQ6yMCNRtFEwTt2jm2NZca0itR7QGzk5F3TYs9347oyMYu2RYxlGORlkcxhw14NXHdVD7e2v/4z+8iRIjG+2MDERfDYyPJgUUSikIwxxbNgoDgemiS7pke+CyGTa4uBKvcSqaIpi4KyBxj0lI9BDUYnqRHbEd560jmRs3EakhKKE4mURmbjcORuM5IjZuYnI5JTkKTG2LI5NEWzkZyZP3nghwZ7NZW3mJgtj9Ojlvo7a7/jZ/0IkELukYyPCP3FDEsiibMiikTwVsYyaF2/Uuz4EJEUbMEe00QiRRZVlOtowxJkdyI7yDaMsccm1IZlZjOKN2WkxxZGJgwRwcHAkYEJn6TMmTKG0bzchyR6hvIyN45ohgmhIUsdn4UubHhu1ELSb+nok80dtV/y1H/VMiQRnJ+o8mMHlzwQ5lteH5iJcqLw48+kYw48ksEjLOWbWyUB4GRYpCM8Ph54bYmQMZJ14NptQ8CybmQl2aybEekjYhLAmbWxLacbRGTKIyHysMTZnJ++zXCRhZcRowOOSP0tvJtIIkjIuRlstsYywWLcramOUq5U27o9Cue/tqFmvVL+5ETwodoE1lftx+nT+c/TOJCRGeBTk1hkmfuPabG8iyYZZA2Gwwsfa48iwbEbR47QYu0oZFUOpZ2owKSR6qHYhWod5vyZbNjPqykOIon62m02iyIaEhi7PtgY1k2n6IpmCESaP3AZfNsr4N39dtjTunuNO+emW+ndF5gW8x1623kWSf01S5IcE+e0uFRyY+m6RW+VIpZYnhJlnBVyRSLkjgUuXIfjaxIUCxIg8EUjgksko4ORNkFIw8uLFFjiekbCFZ6aPSQqln0kemkYMd0I474MGPZ4FIbQ2jcZQu0yLFIUiD4mzPNaWLeFMjyRX0WxNTE3OJRxPRy3Ukjq8cXIQzwVTyQ5bg9rjzM0rSMtqxD4dMliqRu+llhCSQnxLk2I2rO1GES47YHA24IYwsER/azwJvPk/SMNvaYP1FcqJtQhYGM4JeN0kKzJuMvOXhyIs3My88iUmbXjaxqRyLklnOWRWVMiclR4VkitkC1uU58EWsx+y4uLfCOiWZrGdbj/AGds8si8FEitrbasu7g0qLfDTZZAplh05aghowjb9cUSNuT0xQPB5GhRGhxK0YIvBuMIk0ZwRtjn1EKS7bzcZeFuzmQ2xJs2szg8mBcHAoowQjzPgxkwRMdojMkzDEicWbXmMSxYG+IvJBD+29FUWJ7YqfM25Srjyvtlhl9DxcsJeOj27bu3XIcdl5eO1U9squY2KKje8vSmPplw5E/ploriHKZYj/2iYRtHEm8OMljPLZmQ3IwxPBGZjtFZJVocBJIjtYkfox3yYy+ENcbckY9sdkJolI3G8U+ybQ2ZOTLT8r6htosseIzyRzicyTIS5qZZ4f1FcXnUvbCvlS4K2bjVblGjV4LVXdD9aSWy7Ty31nV47qX5I+WuzNJflNLbqjSEOVeknIuNF99K4wWR4mlmMsErOYzHJsa5x2fAjwSyzaRgJG0ikOKY1gYuCI+zUjDRjI0IxltCRHgwk+DcsqQ8EiLPJwLtIiN9ovlsZPxBc/qcubZkJ86WeS/lQyQyaqe+VK+mxorkipZlqo5hLifqSiv1Hz0mzfQayG6m+O2wj5fhDjxB7ZUy3LVQwaf7q1xfBEiZp57Z0zcltkyyL2yhgwTgiODBZGRGMspIe0iiSwZJctcKPgSMDQ4kYiMm5G83G4lI5Mzz+l3/AFtMo4ZsRhCwcEWjJJkWZRkUkbojwTwRwiMky7bm6dZVsKduJ5ZBEpbYwzKb+mtrLhFIqLDXxxa39K5WcHRb3GwtWYa5YvIeX4/afE1h6CZqYNwo4sr+20eEXkX9Wja27uJFo8j4UWVzFyWIUTaZwSw0ZRw0jk5GJGGJCFjCwfSzgyhsTNzFaOw38ZIyOTDFWyKGIwJDMCiOHMYnppnp4MPF2SGRJom551aKPug/Tqrvk3GbNRPhTwb5YKytlnnqL/ufj9YNPb6dmls9SqXK6rxqCPl+P2iXJTN12ffVt22af7dRNRJPJZH6XxLQvIlwWcjjzauIxIYI+J4PL24JxRwjejgzHHqLO7JGwm2KbN7MtnJBNrYz0xQRgZ4G2M/UWZicGTcKbMvsueylg3GSLJCEPtPxGPP/AKyyjUMp++6eK6cZwsX8umCzZy0sNeKS2SRb07+Q9XpZ0C8ZF56NdmNjxDXy36gj936msOPhjNDdlXrE42cSWU1gnnE+JaCX0wf0yeCXI0yUWIi1iLHyv28jyyEMjrwPgUdy9MXnjc8Y/eCI8Cbzhj5URtGcPcbu2XjnG5meVI8kRp9ovtgSYkxLsu7RNEPP6tNTnOma33y5o8ynh4Tb+k3mSPmuRdnOjX9WppU4LwNnR57b9dPbpZvMj91cxujyiXgpnsnZLdHTQyTikrGWMl56cyGMOUSW0lLBOfDkQyKMsKHGMNz4jLtPOG8kI8bThOW03Jm9IVhuGLOcZMbXEl5GskuGiKIjSHFCwRwbkk7DcJmeyyNyNzNzItnJlibLc4rby39N241MjTP+yx5tg9sYvImNn72cb/qqWR+dK2ozkz9GDTWenb1K/wD8TvRIu8ifD7Uy4omJ5V8ME2SOnv6q/Eo9rVwluTghcC5jz2+khgeD/wBXFkM48GOXHIkbTAkYIRRwiaTUGhrJtZtJxFFkfPA8dkRwMSNpFI4ExMybkZ5ixy53GVj7j7JcSWpk4l83J0cTxmUpMi+D9yeZeFFJuPCZo19Moi8doPEtTf6sX57UPm9cLs32X0ypZCWFZyWkmaJ/XVLjyWLBPlQiieMvxT4kuUbXnYyOEnPBORDlMYu6RhdkzJW0S+k9UeWbJ52TPRsx6Fh/FtYtJYfwrcrQ2C0Nh/BtIaGaP4bP4R/BYtCfw4n8WB/FgLSwFRA9CB6ED0YHpQQ6oMVMESprZboKJj6TAvpnQafntJ4EKPMir7pP6d2HommmLt4G8kfD7Mp4lOO6p/S/IyHm1FUykteFcM0f/WuRFlpLJntgrJ5MyOcNMhAsik8R2/avVHyLy4yxCuxi01za0dxDp8xdMZHpiFoK0fw62LR1IVEImyJtXbHbHvz8uRjXbrWp3yitqUhyUnnjOyMc2Ous4QopvR4TYvB5EhLifD7Lzp3mOpWJp4M5P2vqiuJ12DWVdwM0zxZp/GCXieDa8YfaM8G7JJvcq5M9Gwhpr2Lp1kj/APW8LpkBdPpI6WmJGitHpoUDHtbF7MmTP42OzRr5+np3L6uWSfFcWIktxXBLt+48Gmmk53ZF48ngXmHixC76WRqocd6WXL6qpCsLR+avu0y+mBZhDcR5Y4WMho75FfTWyvQ1xFpq04wijC9uDHw4/PZ1y3FUUSlhQ5K1HFzUSMsiksLsvFX1OKwIz2iQRb7NO8Skt1dsdshkfMlurg8NMmxkPOhpsshDSTLNDuK9DXEVcEYXvz+Bns/yd5nt1ue67fgT3ypqWJy2Dk5tcEee0fKRHiW4XeCILMb48CGiLw9LPdHWw9lUixbZRkSeRlP39Gt3VxH3ZkX+hb5hMc/p19sZXSe4qWDc0m+Yo4INdlwR5Uom7hLuvFK4tjlS4cR9tJZiU4qyu6vZIYmSW6KMiqyLh9Es/tiMaMezPbP4D7SExmTPdfiWoRrJ+np7JOU64kMYnI5Ip4WCuBtblGo3JDzJWtxl+hCKC3lWeSHKnHBW9stLapw1tY4sfZMxzTVFRuGdJljUVvh9mP4cmfjz2kRYzIu8X+JPt1y3EIIRJlMHIVJsWFDmEMG7B9xtEzqMMeyJR4kXLtGWDypLBRY4ShJXQvq2koIlHvpZ/TcM6b//AEVeOzJG7ncJ+/PzY7YF3j8D+Bexj4Op2erqIpDWF5dT2krOK65TK4KCkxLLS7LBrnH0F4iiRApXDRqFw+0GT5Xg0t2x7o2V3QW5kl20ssSsH56f/wB6J8ZEyRMkRF8a+KSylnsu6E+y9i+BmRD7M6ld6NGcyzgcnJxiVx3FdMUOSRuIm7BGWSUkjUa5Vl2olYokVxIh5ofGSzksjhkSMcq2IjSXcXVKasrce0iEsPOVLzoX/bpZ575JEiPZsXZe9fA+8he2Ps47L4H2iPtKWF1S/wBW7aSZSVwlIxtFPBObzCYpE7CWpjXG/VTm85H4ijPEiHmjDiolsC6BjtTMlBNWQw4S2uq5NW4krFhjK5cM0n/TSS5T7tEiPncNifZe1fA+zMiJci9seyH3XvRLsjI/HU7nXTnL3Ci5OmGCNu035a5dhuacrsKV0pCi2WcSJeOzIlPEVZy/qjbBlnDFw6LE1dHJJEPMfFgxkXgyad4s07+qHKGx+GRXZkWJ/Gvg4JeU8+xPsn7F8D9kvt6xqd13MirSSxlRlO4WSnk8KViiTlvfozZXp2eng1ccSJfb2ZHh1xzVhldjiZjKOphz2rI+Jx4ksOmZZHJLPfJRL+yl4dMvp3HkYyIzJj2ZM+1D+FkiMvavGRMfZfA++TWS26d1KU066o3Xuwy81VjRCSiSucirTSmLTRR6SNhKJ1Bdn4Xdmhl/W61IlThuBb9r8kXh1zJssRF4ecqfsr4nW8qj7F2kTKybGRkJmSQvZnvIXsY+yGho2mBiGRMER9o9mzJnuhmO/VXjSqbJzbM5IxIvBKeSnS7yrTxglHHdk0dSj9A/H//EABgRAQADAQAAAAAAAAAAAAAAAAEgQHCw/9oACAEDAQE/AeB6aQXif//EAB0RAQABBAMBAAAAAAAAAAAAABEAAVBwgCAwYKD/2gAIAQIBAT8B8AWs4EMAGjzaiENzDAR20+Gelu//xAAwEAABAwIGAgICAgICAgMAAAABABEhAhASIDAxQFADIjJBUWETYCNxBDNCgWKAkf/aAAgBAQAGPwL/AOm3tUF60uv+sKaWXr5JTf1RyWTeP2KZ2H6T1OckOFFZX+SlfgqD/UMPjXtVpiXpQ/pk7r1oC9jGqyHjXtUxUVj+kn8p6jwAad1NbBf4/KSorf8A2vcL1M/0UlH8ab5nOyagYRkFQgINVKj+gv5Cv8FJP7Ro2130vWtCnzhPQX72Vg8AxVLH/wAiqFg8YAH6U6+EI6cbJ6d+5k2cqfTxLcUrBSY48jO9JQc+3b+xalTSE9J/9J69vwvWkYU9R4/q62Kl84lAjtfYr/EGp/KeryFexJ4O2dhbdMA5T1nQwFP2ZP2v5fKhRsFHxHBBZbJlteESUTkc6AKHZin6FjSN1+9fbR/S21R7dkSqyyLqqsp9XZDgb6EQo9gF+Kvx2EKqlEfZ0Z4+6+Wh7/Eqny+E79gAqkw+lKjTCHMp/CpPXssaNTas68ZJpW2iGVOLr3KYfFMj+uftpe30mHXiilCgWc/aLcsxqh+vYblfyVfJYvIQAvQuFhpchMepD9c31Sv4wITBA1JmVTc0pjo/dsL9aSq2RqqmpeqpxqkhVcPdbplCD1Z3CY5f2oCFXkilYThKPk/4zf6WE9aV/tEKpvpf6WEfXBanWMZokrH5N1h8cUp1hP2qfIPiUD1lNI+1Tb+U/aIp2qVfElQvivipGg/2iLgFApripCr7CwHcdYKfwmWFYSmq2QNP3wpvAUBPV4iybyUEJ/FUxUyM8pxYFCkhfpB7kfpN++sqqTo1lSoTeX64G2bEaXTYWCmkL1cJnzvkCAG63ixTIkfRQ6ohHLjaNYaDBTvpnK16qVV2NSOqMmyhTaBqEKLbQnDBRkPYkKoXnSCGSL7aji8hQmZMLnsnFgqWzsSoL2CGSQnoTVDVezoVU73epMLO/YfIKJTsbBUcGdf22WKnZM2Sex2XxQKmwFo+XOcJshJQppMIDsj+bymCxUn/ANLFQmqzNy/4/GVT2ZBVQFmeUEQsQHr+FiG6bnmjxmUSftYz2hs4TlYxsgRKJojmmkqE1KerdB0G6EPvwzdkSzqKSBYjmPYWpCp6EH6QPDwkJgEFi1JK9aEzMn4QtiOw6JsPssD8KmoIFUeWlUqkXxNnYr0lP5JXqE/DdClBujBQPBpIVJ+0KTT7KnGECLkaDLfihfyeQdHKhYeCVSVG/wBIVDdMAagF/wBRT+QMLtoDiAqlulH4Ua/vUEaPHKlU+aiSgsVAen8L4scmIbZ3UrdRbdb65CY9GyZBNr+wUUBY/GNkfF5inoqekp6U7TkIRpq0Yv8AYCd+x9jZ7MeCxWPwFih/JS4WLxQPwvYMcrgewTHQgL3Xx1GHUOyZrUlUnlfy0Z5W2rCfqBaLYTyjSV/8csZW0WHT4acvuEWEJuXip3Cb7zRd9BqVPTME5vNotShy/wCSjY8DCE/TzkkpgvdeuyBQ5ZpqCMeuswTnrZXqVNsHMIqTHUYJ+nbNssbqSsINqWQ5gOm1Knp3T5oKZ7YnsFT00KVtqSnHKbMbumBTusSwHmVI8hiFB5LnMU98a/KZAhA8p6iwRo8PJBxMFi8NcrD5XtvzDkwg2m2E8h66k3iDpjA5UpqSi4lN/wCKCY8s5XKawKBHFc7I0eGSnrOq3AqpabCpDiRoHKzI4gothJ4mKossPjLU8DfXY0zYBDJ7KNYo6ByyouDw93K3anoMNQkWbNCarVYZMJynN673BQ4HtUjT44pTv0JFYlEonRnTORxlOZ3yNre9QdEeLZOS/RGVVjEhYRoyFso0cOkdF9X2qTeIMnqL9IcJlT8k51NtB9BxYpjl9VNwho+1SbxeoT1F+mfxm07X3yb33W99lstr+q9hoMb46ApGSE5TXbO9ZZYfD/8Aqeo9PGtut1vnleqnOxtK+IUCNAHNu5T1GPx/QJ1SEQdBrvWUafEnqLnoftbFQF7cPfVlQmOR031kxaTUSU9R6HZbL61d8++jBW+eFNyo1cHjU9XtzoTHI+Q6EZY6SckleqnmvkfIUczc+b759rtbe0jlRnKFyj2EKLydeApHEpuUeo3W6+S3tJybau2lHAY3KPEi2154G+nvz3WyhbrdYblVaj3hTwJyxobX2tF550qL7qlA2KOlClMONsts+/XUlU9NtaOBHD30pzsTpSotK9btaeJHFlQtuLKfJKcI2a75ps/Bm0XnLN54ccwkJqlFggdHCbRzo6Kc7KchRCi4sURnGjveVvaLz2UXOTbIb4bFVZ2T3m0Z50N+rhbLbJN5ytkBCFViBnfLHHjPvn2vHHFo0MYqZH7GTASiVUdDCU/PjowLNokEZajpDXk5ptv1jp8j5dsgVI/OlN30JvHDe23KlQoU3FIyydEOqRxoywp4D2i3xK+K+JXxXxXxW15vut8uy2Wy2Wy2CgKaQviiaSi9MIk5ZtHUbqbbKAV8V8VspXzXtVaQtlAW3N/ioyMMu3DjWZitiopK2Xsy+SklbL4BfALZbdNUftEmTd7b2i8r103yvpQFFJWzL3qX2V8V8AoHX4VNp6CVNSmVAW3asPrLPDdsjZsPcuVV0D2buSUdBgF7KLHVfN+bjuRQM8KcuLhtcIdx+hmna85Dxh3B/KfLKa05GpkoudZlHf4XjU3j+nlObRli8KdedIIdthGwUBYvJATUpqVOT1U6k64Q7Woo1VF1AX6s92oT1rbTbghU9qczAJ6jpf/EACgQAAMAAgICAwEAAwACAwAAAAABESExEEEgUTBhcYFAkaGx4cHR8P/aAAgBAQABPyFa8VxPjQ+F/iwXwz4H4zzvkeBEGvOE5TmiYFohOGhf4C8L8WBL44LxfjOIQnjPDQSkHozSDXhOC4hBIQREaHROHxOUXxnE+BcTleUEfnEH875Q1xCeU5TAmTfE4aIYJxPM/wA40OvCczifKiC4pfKTL0K9r0mby/SG8IFqS19mXH0ZPTrXo3ykvhhP8LTgg0QnDXM4bwUXjBMHXhfhXwr4XpNF7Lv80u1d+B0o37EP6PweRRkz6KJz9ZEVF7QsSbC2U/Of4kHxbD4fD4e+GZI+EQSYkNEHoQxeE8V8iHwj8RCFrbevY6aFfZIYC5yNkJysC3cLGnDMD9B5Xfivh7+L+CLyMfDIPho0hEvEJyvLWDQfD+WEF4rlAWk19DDCjFNX0P18tcJEXFKbI6jyI2z12kwVdMwGQNsj+jLVj8Fy/wDCHzCcwaL0LlH6j88NBD8p/gowX0SDfQ22N+xMZOVvieDI0xsjdUEDRJH6Hp6Qy1fsxrztpmWn+4QkX7iOpna465f+HPfwkJxSD4YuNBeC/wARFw0h2RgfvKJngmHFk4KJNpkXqpwtkTPoha6nRFhPQ3vIlbM4hCXsH0j2TGyMmv0ng/kviPfLnEITxSgxrHCCXGp0Lhi475nlsXixtZtEqV+lU19oQ+ER+mZPO/BLA8PkGxDIQnEWh03MdIV/ozYMULhfYjRWPTJ1J6Ep/wBBEt0+vjnihcacYIQSH4TicvQkNcvT8GLhebXM8W4zaIzv7QinauZ0ITazwKeSnZSEYSQnsmeBuFmWKl/TM/OD0IQAUw9lrY9b5zRclfQs7M33uhNYvZDJ5XwnDFzqNeUJzB8LlkojQWvKfG2iyxpcSQVPA7N/ggrQ69jNP/5DHWf3G3++VKHnFg3WaHA274UrbNiPUijO7oZWFdISompwMvZCGtiewieHmnivHQaJwh/I0QhoLmfKpjYjFPQIrY9ihowQO50hOoJoYXn64vE5xZK0pvh8IQ8iFiLWUQ24FdEM7jTwFmf9I85EGEMFLw27So4jryvGvgbH+A1zo1Oub8f6O9DqRMJH7FWJ1GZ9B9+UpBEFgJ55JcLPCEC0rUK9DNEVaOh4Rr0YQnb+zYMvwm/WMT4K9IW9DCIWcLYp6BC/Fjwvi/PBD8J5QaNBa5nlPFZGkf0M6W28ISFJO4KZVwDV+uFz0MJVgYo9jLw7QfrA5JAxbAowHwUhJqv8EME4wH9ILGKHWHUDJ858HEpStTXyPxMQ/FEFxCcPwawInwPxx+CNG7sPpCJnzEff34I6MkIRZDwGMVFTHtodaCqtCyglDjMENYJQlOiqIq5FGBR5WBxOF9cBu0NI010ypkvLGJWEehot+CGXwXinjOF5Ma8dPjhOW9Aj7BbEsTgTxUtF5tMZPBqKb0X0MTG6Ma2OVkJ2TogpFyMZkKBrBuo4bapRWEhmoSdP2LPAbx9mSe0VtDROLR6+hnJ2E9i6adt8i4Uc8ex8US4fnodfM1tZZRdvPGAZsbGN0NcpjiDQkHwlFbAlGBEnry7FzZFKZrsEn9mTA8ivRCUzbJ/Y16MXBS8pugaiNoTPc+a1w/JC84RCRHXnPJcGyWkK6oXdEKky0GLfghM9Q1y2ZMYzQcCI4O445RcIWeNS5kZW0U2WSeEPqG4RBpsw/Cn2PEYtLsPCymifChmvM5YvifL0LXxtYFxj9jJfN6OpzFphq3xPBcIXBjYlqzizQ+KyHFw3guDFETUY9WqVWBscG2LBIAmcB/hENeC4RvuUSFHhczynOn+C/B18pBNOI6sDDbsc8aC0Qh+CCGYc2WKkLA0GIKcORCE5fBSbF17P9oq7FDNGxwS0U68EQWyVdAjr/CUflB8Pl6OuOviZ3joO8lx6JiuULZNRsnvZ8ZkWFBa4UY2CzoSiBOs04pRBLkuEKkIm5SWYOD9Qlbpm8MfgyizogIcaJiGr6Y3F+NBeS5XJcQnHTFxCfC8oW70SK+3ms+5IYy37BjVXpfCFCg8d4S2GwqFiVCXBC8CQxiUFK8FFtIt6pv44OBrh8u2Ot5MUa6Pey4LxfxETmCXN8mPQvlnpkJ9JcG9NFj4fQ9JaOhF5XGgkYsWRDHYNFmHXYqfBccCKEJ2ZoGYcaKbh3BkhikLGBFwtCM3eE+LqpaDZKyPwV3oeRMuNeF8G3inxviUh15wnL4+skMhO9mhyp1O7BiUuKJovF75QtiY5aG+iiGYqNxKaeBskITJHJ5IbB76kVLY6tQbRrJ8MetmfEqEswMixWnYOg2UY0QlDy4+2P0f3R+N5mALaD2LjEqaeS56NzrhfA14dC0NcMevhfK0Y/wBiUtbCzexC7VtRU6JYCqX+xq+CEgtccRKSEFYkkUlFtsW1hjhj/bKstjvWCtjVMIU3oXAz0QSGqLZhrEtCG1wh+mxHStglJTKUyXo3h0QtOEHr8YesGvOczBHwTi8zyY9C+B8Xh/sB/MFNrcELInyhlWAaV9mbv78FvggVSnRMxGcsXEIsJpYKLbEDRCF+FHFsJiPbNQzDsQuC4yQ7xgXZ6LaNiXqJiqpN7olDOIVkaFpgnO6fpsQ2B15XyonFL8M8GPXjS8vlbHx1QlLAVpD7oSHxTy2IRVAxb8EUFDDnhi9kWZ8cGpUyMxhKFZIMtBXsViKYq7En+VP+akdch979hZlC5roY1Lgn7XG5KhtK37ITTgWjobMhDy4aczXQeo+EPyePnPy0OviYhzZ6PQ6txwe9C7XYuf8AaY9raejESMQ+TEWR9nFHXBCZsemhjIYrB3WmNdhtsd7ExJV0zSqvo2QfhfAVZGvsehISEimaILEyyNhoK5IuxqyjHYIooa4lRrt6NUQYL9Ll/Mx8HXDFw9M65XwW0NtG42zYaJUIzQjF8I+wlEscSb5cZqDNfLs2SYBam8mMoq0GrcMmSgg8jUbGSYyFWUQkTk9DKVx/8i6l9jaJRHkgyWqsRN+x2RgQ17FhfCzYvgvGeb5emdC4XiuWmw0eGBJoThyGNT1CJ+xbMuU4x0yxGJERiDExCzIoh6FO4GJbEnsKUw2s5ZLG6Ri2NReBjGLcXcJaPshObLB/iFmj/RadY9bbMHZKPYkMXmzbl/M+GPTOvBi+B+H2Ihp12aH6ZGEQ0QRUcJSCRldGRD5A9CGmLLSiLXYgx9qBklBkVFSLwTwM2jmBmeyIpRXjZkli9D8yMe5WByKh9hGn9cPmeOhm/OcT49ReSGZP0vhjhnYpdhB5+gyqiWBpEMRihhvIgxISWYakFJCEh7E+HQ8oG0m8NKkmDDqeAjmnF4QiYIYRmbITZQg0bQVeORXTiqh7Zf1CHxPLQvywQaJ5IfD4bwL4Z4tAu3Av/aG1V9DVQL7RX0Ylmvrh6yzoYwlRH2hMjcaKMlBIiRfBDXBoQi8IcrCE2mPvL4y8N8dlXMFSGU0rCkVkLa0EhLoaY1kiUv2IfwPQmRjEuZ8rOhfKhr2b9CWW1SGImZj6DbYdFzHp6BsO0PDZlhpEmCNjClvjWuUUXh2gpGPC2Oaw3eLpsGKVoUhijwNwNaiQxkJWI3XS+BcPXG8whR8P4G+enyv8BTMqDrF2XBbpIesBxtXYib9J4aEJBNTixSSGhi0LhcKQhYd6NjYkN4QoxNgxL7MR0SKhGt6HvxexXb7Ei/G38344ITh8IY9Pl+DXyL7YhWsUrWjO4C/wjaP+DRU2xiavQdYT4YnZZRXB0HwgT5zg+Ko4rQhcQTg8VPoQlOK+y+B9jNqGEdCReDF5Nxb5Qxi+F+HTF4IZRonnjmiIblwtdAplhaHIZ9icHsMab6EbU8sRgOdkiCRSjGRXgxh4KCTBkx4vPFdDmStApd7jdgpRVYorRskqX49DfxQ/GcJ+MGjp/wCHgI2xjRZ0xLo8jXRRkckuiw7ChrJ4qFKNUSNcEIYW0EgiEkNos8EhmxucC5YfloauDAiwyJgSRC5yfpBI/Xx6G3gkQYvGD8bw9MUNsIQj5fy9CofscrFRLVjMixgUz2ZfDSIvAtrfZfs2hi04lMKl0g2jbFLWb0h7YQxWQx6GQoHgJtPiWuGMfhRmhYQ6QYgQ1BawS8u+HwjQ2KThcTwhc+GfDs7FhT7MooP6+G/Cwva9sX4OCzVtsSn9cbGE5IS7OhnYwayaJxpHWz7M1tvTEmNCM2xKUsThUQzETKN8PxfHIYDQHq+2IbZrlfDqbczhD4nnBIng1PROnMkj7Q/C+S8vtAYrpkzbNoxEEmOxUg0aEvC8uhD40GiVEFNzsIcyKGB7MjHirYmDfL8GPgdxPRjirHdl0Ikjvhi+DTznzMeD4S4fL0WwwklT6JzPKHxfluRH0htNJDmqm2ELJN8vgYJhF/rfHDWlByaoRsYk4nHY0qhzsllopLRM+orgwLEPoK4PzJxS4FYljGt6caL5Xn+mngQxUhopfhfD0JOi8kLBuMIQ2t8ZyvNTUBSLdjS1z2fbtEkVux/BHnH9cQyvV/fEYZ2YWGoFvHhhpog+x7yuxnEVZQmvsr5N8xQYoZbMMFQfD34aeNiH8E5pCD0LRdEM4PQpVZXM8V5M0Cx4f+EwsvRIWml9n0yYSXJ0VMH8EINGozsyL0/OIbcUkzGxu0x/Z0aBUq+2xGTQH6e2OLke8fIUvD4PYRGY9CnhK4sYXyaD+Gee+WYsoY1YZWgt20KpYY2T3xS/J1gSNFpU7DBbN+vJhb7I1I0MC5ePUhpTGhkEOFsv2U9srohLmbeL0Y4t9mCJCBfodqh8ELw04yMzHVRy29vh74KtPkpqNyub5QnkhjbGDyzDIKWgNFI5Q+xax9eCfIhxiQSS0hsJF4bIsj9EzkRYOj8R1LSEYeQqkyFoUEpbQ3GxMTKOKTbGToWp0RFw2TBuSF8L45Q7IPxfK4XDE2bMYtcVJS0UjArAHN6MzaPT/Eb5fCUcND3qZcZ6LZGFVTqCElkZGLBCyyICsZKJkRkHgYcjCxwqraEKoOMM08C+LQfCGvNbJ5NxV6LAclnYsYd7Gz2VosZxINVWGNCfC+afCxrEUnOZQMwZAThLsPODsRYuUILDMJXlITLNqhu04EDcUbA2WPil5fE8T2P4ex+E4vsyJfoZtD5hmEwWShhdh9pfdUej6GL4F4ded8Uqa6ZVQ3s4TGIbB5ZHg5dC0wJwtJIaG+htJGdGUAcstvgSkIJeBpAuF8Z75QxeL8UxDM5Gz2w1/CYwiKwj+ymaIhgTiB9DTuZwmPyhrzn3wvCcPhCB07CNPwEYik0KC0iRBhucMKNpg1wUhFDBR4DXiKpBa+Jcaj4Twfwoa2PelpEYQ1pIhwKKsUgnIuceW4iTfoQqFovgfwMWB/Anr8Yxa+mMTybiFKI4a4sOKSKeTI2ZKsYFjhWAwgoudB6scL4majFw+INCGXxSFOV5N/pDJioghc2zR7cYReMS1CH9j7QY9D9DM+F8bzPifgrFrHsTJiYIzbExkfjIgbCUrZtYPoLlhQQkjByTguNeD3y3xhryvDYmNcPlrlbQ9/A4IurNEc1o7eEtbQbwJsaxg+VP5bFPXrzXjBk+Gj56KbXXFjMpUUH2Duxi2KS2PxYt6FqoQsESExyg0Th54rhoIQH8+LQYh+GeUPfLwjosa8Jphz2ND/VGcGJj6mbcTxJkG1cEl8l53yXD4vhDr0JF6YvsgkhmIoYyeVtFEnsk0JjJsLwZcPnJGKHjI1RTrfM4fhrwh/B3xSt7HMBaMMFoQg1gtRxGYLCTPpRXtwR0e8I9lTyXmxPyb8YOiyPY4spPDYxj7fCFwM2ZZSWaPW4JowGxpBsfJ8HEzRmR7BHm+jJhadiS8mrXyZr5Ifk8KlBDGOiQbAjUGJAzxN4CbSNAHocMrY1dHoG688PmeU5nwPiLS/o0dH2Jb/SjffE46FkvGxMCWsMQgdTkoZYffwMz4Id1Ed6vpiGX6Mzu0zOVoXh4mmPw1+A+UdlYc+ohs0EqMsQ1CA7iNAhrxFJfaJYGolEJe8DkK5yjr5b4PbUkP6QBgZf9G3Y3WMXxguI7FMSy/Qw4KW64LxDQyJn6I7A/2CsLN4GtGj8UUn34aj5Q+HzBMYtuMZNOChhBihBaLUIc1FssSqUzboZnVDI4/TBquJwvN83lPh7TRex4e+jseVb4b4681yQYxXW5Gy+hhxIZOH4ug9RN2Iz4fkhxiFo4HkyXszLLjQfKE1MnflvA5xsVMNAUkFwDR4GCMg0FE8mISME4OhUILB2Sx5NHLF4Tl+LMpXoYcPSj/XgdTxRfJcIUxF4HPDHDApJeHQxRZF4XAyegPhw94QmRIbITNGMLa8FhS4Y+LwxeHYsKm4mx98eeoQTeRhkmilVlNHKAUyYQg0FSMWkfWBLlL8cINHWdF5k9ITBKAzY36KN8zhMXMJyhBzO4zCMS4oFya4SFFlkV30OeCtMX6Ac07ES4fYpgzcyJuy2UekIDvC0XheOxLGOY6MMlko4J0qInsboMRyR1cQm5J0MgD2eRx+D1h9GSPzfl0In+ImalB4aZj8X8QgQVpsM6ZheFEE8cFpCD2LhClCGLz0DG5xKwYpGQbOARvBB4MApgHFkPuERTYmdj9OEPiygeTIYiKouYuNaGl/MWLoei0DV4MwSZUEX+hCgxS6ZPYvCeSlyq6KDqeyjDfY8kH8SFyJDZjZDT7JFyJRJgTikyPpwYOGgmJRDRjYUetxlNyzseTHTIUSN0LQEihDEnRGoYg3dFNwUyeUQKi4y2HrB6w63oVwGAwD0SI7QzYIaericMoNqPYBswfBC4EZheZ4fpaKb9IcMxzaY/hCEGiGTPM8UxhYHqFTXHMeCBEXBbFPaHNg6UfBeDY0NRwXKH2Y6eWO3BK6wL0i7g/wBj0NaKgcNkdh2gdhPcaGLsDxXtweehwQbOv6WOkFpHcI4MVQpkSsGXWPTAwrE+GRB1g+DfJCzQWzJRDx8pqIZCkkLsN/Y6i9iFoa4Xh+SD4T40NR+jEiaK9D9uDKKCuWJ7lRRcKQdQoxC0hCGVzsp9GDQi9CwbSinR1EN9YMxD2P0H7DDsK6DzoUCTuDUKroo5Nk0lRFVgnhZwkGuR0OSnBYaYxQtf0RJKn/B5wP8ABofNPeDJSC6NeGJBa98zhnw6UOzaBOw5RjGmNEQc4a5nK4a4ohCqZpo0h4ckiSooE9k+xD74SbnMDR7JnRzsYzfJJaFnQ0kOXOD+5HpE2CbehWZ4J2jIeziJYmQyZFDQwQ/2GmUJ4aMsFEp4hIdB19GKtYyCYGRaXCEbGhkbFB9cxJX0SxE+yrH2Dt+GFs+nAVfBGSiYYZOXOIJCRVDU4RXAhGg2OkwxbwT6PQY/Sx+qPwc/+gjVh6kaRj+w2jW9jW9mvYNmHpGmRnaCdBhdhthjJmEKvsiCTsjd4G7cSo8MSrInsTMkMRyivJMbT7DEzFn3IWmSCRTBFjfKwOQnH4bCRoSiw4mlVfQub0LAwzedfpDWWXprhBr0Eme0WM/BX6JRcNFwNScPAcyQ8BiOhHYhMYuz7RnYyewi2DaoQvQ5Q0HQOmyoaYQ/IjrTAPGClUbuG1ExUho93wi7GIFiU9gntl1hihZZC7MGOb2Zh7Bj2IMw2uNYHN0VQsiC+hvYlZlvrs65qzg98Lk2NRzghPQ4rp7Zmr/WSLdYudGTySioVqQpDD0NWskIgta4eihmINIQ0RiaBHY6XHAlGTCJCYQT2LwLIgyxseyC2NumNtkbBkiNwhaaCSYUEiNFEh0mFsa9ieoVN8LEPJDYk7CoWhIoMykPh2WTSMjbBcyTWBNdFNjB24rfB0LWRWC1zY0y4Q24/h/wMsCQs7GPHBEKHkMMMKnXB4j+wsGzoqi1ckiGk1g2GEI64DOMqWskVeuO5pwCH+lczfqFGuIRdHrEOqzGgQu406HZS6kPQ0w4mLtTBwWhsHjoWOj0BOO0XsN9OA7G3RZ4tZPsFgTRDGmhuExDG4YaLungLs9CEkSbLgf2WwLNDdQshfWSDOBYwGMFdDuhGRZDUTJmxY0G86MscSCJ7NcCoaJou1gZXInAx/jQjoJL0dsI/Qa6MaBPtURdmUTtoSLCEHo0QjAbdiWUdlRTAKWLBgh42EIh1sba0eiZdCWMiUfA98JswEhsbj/Q3jRHoboESRg72ihVeE9FJV+hk3exiO76P+0QnO8Rd4EjBRmbcJ7KErQ17IzQCt6Qo6GTqPsxD7F9kFRS0uLOBKLGkJCaaHro3yHb2NX1xeEJQ17Hn4Kyu+/9iT2bqH3iCwjPgN7lGZCZNwzBd0anfEjhHoz4QmE3YT7Ij6kOdDadCISd3Adhlob6LRTPwLGMr4KyZBlrIhxCDJDWYKOhbFuOU/0n/Zwl4HiG6/oa4n2GofQcYsiyITGyHeHqR0Q+wyMt64tVZGkshUmNUSC30P2V7yNsqPnLG6sF3xWcM6md0NS2OegnZFDbBtWGxzBKShp0FATYkdEaeWVexrKtiX2IEgwnoZhcCJ6GbQ/qMyWSIecgpfZHow0FjWLbMdodGZiJgYh7SFojVF54rRpk2XwGIZR6FoVfxI/ryIKnQYQR6krkoML1cRUs2KoXwHNeFEo2J+wvRkRp5XEqBDUnkKmhoYdDXiG5nHEbLBlRJiZovax1ZH7CFEEtPAuxscx5EqYssjmGTQnqZImPcCHyyZk0RIZJaJ9C9QgbQQ0KLIoGRKhrOEI2FLYnFHQ0SLfgo1kZBU2KCcuWrauyWw5lidbC5vIQpo6EfyJBH2QKhBDySsRLR3A7gQZ0aBo9DJwOgjEhV0yWB53FTQ4tLJHoekg1yC+0dtsV9jRiXAwftgRkVWRCwIvRhcdN5EuyozZZnKJKJTVZo0ewTYFHoT0EucHioIVoot4EcId2JDIeOBMuxULGsejYz7EmimNMR/R1ClsaaGW8HaLQ9qsfdjqKKbFiqELQzZF3YbqhTkMAqjslGmuP9FwtMlwNFjWKOkyUlGsjUEYIlQjkelUdNDFIYTol6GfsKLOzoDjsUKMW0h7UPazgVd8VDTiYjNBqVip9R3Q0TyGNcKrj0NE6hp7MGROWy3Z2gpi1DHo0FBUrsRdjSI/CDaiwFgYo8CyOPsX1xIBB9zI9mLstaeORqoMWxOsl6jga6FmRrNQRmi08CdcHTQTE7g0asosTi7aJSYlMj6hjQyKa4EN7HlBe0MLBZSHkZPAlWhBgvRNJnrEoL3klgZpEJu5Kej7TJsYG7IRt4RlpRLgLLKM02BN7M0HdO5MUOCD3DDkaBl7GTshoeCY7nKsjkG0OsSLe2MfY4Y4rbo0DG7JiWsMW7PuI2ETYTorwjFQpJjd4FbeWMcsYhsdQhFodcTpsmM2VTFholOeiVErEIQS0NcrIJZijAn9Cmk9BnISZJL7EkShD0sRM0N1TITx4IL6HV0j0Fp5MmxpKNroOfQxZZc+0UtsnpiUJawxxrY/hhK2RAtmkMGlROZseghkxQ5leTtBJ7MGSpRI1BFsOh3Q+hb0DLBCGyNcIX2SnoetCCJoVOJCOCYR6HhwDpsY2UIWhdIRkROyKMfK/YzGYwYwJZWBLpoKM2odUoY2SGexaqKUSeETuSWCMkoQp9HuQY19D5+hVUHqKnsmgt4Y2Q2N8IU6GCywOWzWPhEPBYHJC3EakKBzFaI0doJPDPsM8HRhC7o/BL0L6mhbI7EhQOoytmSRVYJKRUT0KbFoK8sfoiy0b0OOK3oqIWoM07JWEJM8B/SMgZMrnNh4MWxQJm9sQYCEOsJidIEW0ZuwsoLZvYmt1xUgkfhDio12JHSGDeYiVDZyK/oPYiqI2i3A7FskReUZFbF7C9DtO/E5NMSvpCmj6jIaot0N6MxxNZsUEgkqvQ6gdaRCN6GH2JTLKEdox0Ngxk98DsiitjYFaEDKYPYJIJp1xi4vkoyr0NehNYRmJkOeok0pKQnoYrRDlGRGIgyPRiGYQC4o3kzBAfQ7eey22YjctdCErlHYpX6P17wvNTjMXkfnEbHWL2Ocm8yeh8NGbFJpjc2O0GBSNljDExYKCDApkxbbI4Q3hC2o0uisQzTwX2UZfT42CZnLJTIeiWIR2KhQ9FOj6i/AZeR+ipbG0NJ7EC0MqoMEoeMDy4T4ObYmkp4LslOxJE9xGbQinAojLPDxxa6CGyqHadMz2OzOCvsxab5EvaNkLsMGC4vDE6jUuuFIwCCDUfCV2yMXQdZEO3VEbYzqKssSMN9i9Q16HfoRnxCOhg8ZPWe5jQSbMfCEzkadIoXfRkxShn/RjQ3jVtkezoiK62TsG0wh9AxjUskesGWQy4FQT0YMJ7JLRiHxk2PYcJiCwjEjtD2kBbbEREQrsQXY3NIpuB3hXDIrsaEs8NrLBdbkbrwE6yEsnpHYyBvLhBMzuYj8mMlDCFedobA0ZFPCMW67RUsjNp0KPY1w55KGISIaxlbIEB7Qpb0ZsIVBIF7SO3Bitn2iYWTBqwQnyR0MqoT2Nr4mxtjFfLHAQW6xImR7HA7joWMXYJfRk0NhRgMIYa2IkNcJZHuIfBciYMGdbM8h3fBIGQ6PbyM/UhYNNpbNoNfZmmtCr8B9Roc3keQps/glGn7DHYQX2FdIMkdH6yIaBJM6risSjFhMdjmiTHE9izpvgKj2UEWcjpascaWsSieGxsJZkWMWOyERsZuxZTua1jUdKBwFBB4kpZXB9AO2jdg1eyqUSUyx/UdsdZqiWghsvsP7KFiyIujpAabWS+homyhiY02I0+J7GzAyCQS7lK030NKmnaKdhDVCITcIlLBJnAr2aaxFLY5LJjJbEZBHqGJumdcYGOfsXBIkKXHIMYhl5aW16MBF59jRqFdjsVMMplDm+h2432UVo4Idk9wWoKdCxo30NWB/YUhhekxLC6IhrRPoS7IYaLxpTVcEcCSXXGgGpXshDQgxGYkCyCKqQ/Am4LZWLWxBCBuKyhsPRGQMaEsBmWiKjUFyK4QSt9jN0e0zOAt4SKGbD0NThOeOTxgmKnR8J+UDi5csMnIe6ikCRjRaGFJRFpCarJa4NhGBniYm2RpwcrNw4CxorOFDyRPY0Y9CNodpQyRHhsjbY3di02Z8C9hZYPYx32dxlZggAg8o6sDUsCd7Y16PRFe+hKiywNJN5IbHRbHTWDIa0ZHBkIehyhOJ6CF0uIluuI0k6pdbAncwrZnFNyIeXiDjCzASx0S7IxiLML0gUTeBBohMT9PwphAdJcmBA2pwjTvEkmP8AgVagmG2K82Mk2ZCVldSRooEwMSWToDLYaMPXsJjI34DJlwCGE7HypMRl9CjlwZaM2T7jE2QZHZpMnAkKsQ9mLpMz7BMwcTX3CayxJsNu47ZV6ETDJCbhtCdaY2CTyEvbZg7F6xHoSH0z6Z9UWogvjLVsFH/gliojQD0hU7Y7M7ZiYOwxXLkvUE6QSfQRCHeMJFwaGzZFghfPJkiibIpqE4FxklHtg5RIVt1sT9oyeRsmKFloZBXMDZUQS9jSGmBeomYY+hjLKLLN04CawBLphklTLez/AEJ/+CEOGNijX/uP7He/4Few6k/94G1R0SS0ok9L/RF/+RBGL6CXCJxeDZR+NFw0NQQyRmNJj4V9tEtDlwHKYrKVHRi2XA+MMAjQyQqSK0KCmVBCMUMQ2UOE0Q1iaJrMzpBtnszNM2GIhpbeRN7GW2R2eFkeQkNpMHqlt0Y4EoExZX8NbP6ZZk/pcpuKreE90IIg0QOOEELSCgjpkyLggZRPh+RcFwhIyQguJ5QXLVEGscHRkC1mgrL0N0EhgqzsYCrZcBpvNiwM7DceElQ+gz4Gbn2Z4ysDWBD2JWyXoJPA5qEt54nxRhui+yQq0S5jGPmWv9GVDf0KQab/AECVoRBpriL2QQJGi8QSIQZSg1w+MCQl4Llifivivocpdsa8oYhIWgwiyIJBXQUyMkJL+j5YFohS4Q6aUGi0PLMWYaJkW+GiIJ+4e28mgz6ehkTBRzRk8lpZkV2lEK7DV0/ziRbhGnp/owISQ1wmMZGKjpnjZCTwpR8qENMXiheD4fCXkmNxE2CRjRCYPaYaG7FLg9bCQjNlFUiQj0GdiZhYYIS5xpsTgEoyC0kMHEMzxwf4P2YKMgtDhvThYRV1wXHFREHkbcJCXE5o3xBiJ46KYvFKf0wJlExsU4pSl4fFLxSjeBFqMA4Um6EOJCGiLtGho95Vi8RH2ZoGEQlKXCBiyMQxbHDuxcFqNkSoag9a6P3I54nwYmZAfpj6jErHGhn2amXE8iYJGIWQyjIicTzviYzRdDH24UuRrwxfBOUy+CMQsZYvQ5Fmj4myQ9BGdNwyjlVMpCArbGiuBMAWjYscFNzBIZNwb4ZTE4BFYgJbKqBd6Ptwx4oklPsVGkmElihk6URRBh3g5ci4TKi8XkpSlYmNvwbGgmiWhCGRIxRvgpRcLll4viiDEOTJfmxK1svsZ0zakdiRDETGRi1houEqZcQkoPSBOoWTSN6Me5MvAqO4WncG6ZGJrBRsho0y0W7ZYtQkbhiP/MPjEfAoGxTlfohmvIhrhF4aGNDgSTQ8vA/NKioouC8m+TLgyFVN9CHJNBjGapQaHvAfVoPZGXQ+gihmAcq0mahz4bGOIgkJniIpZYwrOgLEEmOFoww9RuHjC68WcbGyNx6LkonxSlfLD3wlw+GV0ozASfiaPghgNUnDcNeC5YD1cOjYT7JFvbbFDJgjwSQ3BCirRFGBZ4NhDnREORU0Bqa9GiGBeDCG1qHSZXEI3EjFYQ8YvOUuwxGzYhsWeQFoaAmxPA8BxDYTfocW3wnhRPkxMRCDSHypSdQ1R+FHww2Iog4Rw+XsT8GnDJabcGuTALQ6qJ6VZEwdKWRqR8CyHuYro2DI/alv3GzMKEDZNBN4K6RgZgzKYqpMxfY55JbF1NnaGJRBMmsZMaKQkwCeCXiiEBJIJp6uNhi4fglXC4oxRkMfYwQxcoh8Pi+RMuOb5aENybAw7ombyzJdkV8TO12hHYeakK8yFzE4feMxWhlQvQfw2nXJa0PEnkdEYTEvxiMzAKSoi9DexTEXKMNGRQKlwKJOC0MHYzJPY4kNniwCtEYKMTKUTHvjs0VDaMMcJwwtEg3kpUQY3wPXjbKUvEE4QjFm9CHMoJNjmzJS+8WAf0wQz2MzoZxUdhabHthizlcEMteF2w6XLEGIaHXKMJofvC1SHCDO4Geyot6cFZSkgiPhoTIciTWYBoUamLFpihZCyELRUiSDfCEQSJl4wODgxGgzvG2NPhWjpiKIaGjLzfMFgzfCg/6gyujLJaYwmg3Qi2Qv8RtnDBF5IsvWShaRJp8bx8D0JGhZWRsEKdGQdTM2piwsjAstcFF4nL4ZsItGPVIgoINk1M0MHgwcazG4LIkMQTE/IQwELkRBZNNTQYY1GNBccNxJip8LwnNOMbFns2mhAqilmSrAMUOGZEJgarElReBMMhuP/9oADAMBAAIAAwAAABDO7UMS029uqevu5OJOwTX1/ESkg0P1TfDQf79eP/FhHf7M5krEeaGEu87bIaY5bNNfXHuQGgyBV02zcadOf0dmoIjuKnwc0KiDAjHPKaKYEQjyoGtbskZ37lIC2e8ke9kW/HT+vdlzxeviPO7YaKJNpLWnBtPH1WCs/Uetqe9UktNUE1MIJfM7DLCFICg9v9uYpMLf9PnQ4XPa5X15sSoNsutdv1s4rFf9nlutMD68AvZOjXG9sfaCoCvdnV1/FUiW2/c7uMfklKAtdJd9uLOKRcAEHCxlgTpWjmMg4Pd/cHt1W8Hfn1tvGtMjPcUgVtPpKyN8c9t91Ut8ZWUeW6m2hSeqM0+JxfNcfOWxi6ffv/FEOazoJl8OnmL+UoFhiRoI3+fJHu89dawOQstHUSxjitt9FdUXTS32qTU++poSTK2JW1l2/Ko0J4M2vrBTddXanexA8cdUeVURLRUgbrFpScxAJKiEU9Sub5KDE2WiHN9+5YfO0nfdMEdlF/5laDTpM4ZzjpLSfoCUEJI1obl4cXKln0KRUTv/ALTr/Lz5fH/PKqMQTs67OWstyHEK/wAxv55T7P2rWuD+R06lR5/e37mkKY1nbUoKhkNbdqsDvh44cRA9S+FWIGo2HiUV0UT+2b63y8VN9qoHYRQqLaSMwcNbsdAdT158AqELQ8kz4V+cax+ScWS35vcUuILfhWjUYhw4T3AkkjzQ/Z10rrrH7Ty2f37077Xbc72ouMCnW8UboCPREGU0fGx9rwdwRU1VZF4ybGPeVT9U+E98eMdnJu9/EcFpgAUXfAWARaD+Z2RlXtSdVc81e2SAWi25y5IZy2ez12S6n9tnn/kYUflJ8PsiZ2HhSqCBoaUVrT4e+4578PWTnW37+TH33C+bSnAax0/Yy9+K+9FXaiAAmxvRW1x678lYMkoQw/YLPHawMs/57edP/VjymQGh6n8rLvf3e/7h9006ltQBPdT/AJig7n0HE/NsPdVt9YY206gVnm/9ZyHA7eZ8fN/kbNPFgTAkK+5Gi+bSJboAQaJOaLpFX7J688sXHZ5WvNQw7gb1Gbs/h+cIzYVrt5BnxH6Dk0UxWDuCaBWH23Fn239cxib5403bUNnsw0/nGtjEdJ6McNTgvwy3/Ef31nlxZENaOW8GUJCKALtHqpHT23631yKPi0u+NMZVI9XhdVctEs5CFMykZM9xXDdPAzX24F6a78B/km930q4XKTnjRT79P8OfhEa9xdMBRhxSPmcq2OyiULZVxhMG4OC0YOViMotKFcv/ANKtkBvOYpA/wWIPxWQfF1EHbu2+3ggFBsLguXeGIquqeFTNldgX452vB/CmgeVCn/hDsqwSRZn3cV9x5MlBqdkM8gf3xJiEcVt6qvfT+gkCHB+TzS1fZEk3B9jldNN/lVjDJDBnq/1+YYpvLmgn68tqQwe5r1r1Pqmo6Z2GWAtjQnBt5VhdufFG4zMsiOoZrVA819Uwitf1n5rL9QJ8nabgIuYoNFuwGG3JpDOAb8ruva5K/O9mYkiYq87dFFhv45IgFME8dnwCvNhufbd/No0guJkfaZpWN8Euc/edqxgMocNhF1MZ6EJ7lWC6W4pRxRXElsIbXUJAVfEQzOpGaCS21Dv51CkeP3zmdvzTPzF2p1YBIgFdvpomXLN2kUWq9ga6Sa/HTxQEx+rfEQ8Ajfrz9jtoznGESEcHY6lVI62so6agq0qqaohBdpAJKKCnJlbPAnLtXt18py/hHhlofbQIrv00IAWf5NHuLqx/XO+Io+Vt55D3jh8Np7SQXljVazy+/CGX79k62ss1L+KFhLmKfwZyKqNXRgcKnUrspVZlDhRmlxfila/+SIe0Ps/h/Lro/wC/EbvDcKg4Zywk5JGl+TV1zrh8CXfNTS0tokOusRvqtDDz1x7+6JMI6O9fj4ysUWa2hqW7ibIvCyRFGpuN9pjjtl2yrulK511VUb/O5hirp03FL/mjCceb6IIWELUR3eH7aFFauEo9fb9AS3zcWBW/KwwETF+squN5dDgFa4UcDQO4bm6wTqlZ8tETZa/FZ3SSYeEqsUMhAHwhtB9mt0HfMaTfG7RaSFPZ/YnBG4T4oku35VUnVIO4is6jkJK0ehEJVJQd/WKcGAja9CY6bebhVimrBy2BUR0guxSAJKDO957hHME6DYl5YJPPfQ5DvbCp/I51y/Sx5GRzRGFvCOkpMBd3r2hk0VZLs+ny2hZQKJbQVRwRabubwVcaMmY6rb5Rrm99GYQc/q4ZOK/npXdfHUaNPTaR9XYeD2V5fyogQOLSUanmbzVEs24bJ333wg/YYg43fAPY3ffQP334XoXPQvHYP3QX4P4fXPPQwnn/AP/EAB0RAAMBAQEBAQEBAAAAAAAAAAABERAgMDEhQUD/2gAIAQMBAT8QQxeaGLpix9rweTViGJelFsJj8YTH4N6sXssovKE/yXUMnE259PhXty+17usWoYuXwh8p4sWP/Iii5mNjLtLR61xRPyvF8Zw+lrFiXcLj8L3R6uEMvikTxYv9CH4InqvecwS1+C1j18LzQ/BZCei4eLlY+nlL4oYj8FCl8UQWQhOVlxLZ6rENCRCeKKUpS9tlF2iedWo+jXD5pdRS8UaELH7ohNYmhk8rk6Q8WX3XLFyh8rF2uZ6TViyYhj5usTGLGTwQ3k193UMRPV+yHr5XaxPqZFxBD4o2XwvjR+Ey8tcsWzqlz+CITWIfC8UMXLxDydQfgun6rFr4RMuIfD4hNWvudo/vV4WQghky9fzt+DQl5wnbRCEL22Lp+Kfki9Q+bRPFy8SJ6Lbs5RMpcouWhLt8fna4S5SH86vDJ2unq9KXUQff3yWraXhDZb5TKfRIbGLpIfD5WrYTliL3OVr+C6pfCE183i8SCGTtIePhcryfs3xCE1C5hNvd6ZB/OHykLJ1+8Uv+Fa2PYJE6WImPil/xTid3xnhBDQ1w/nkmXaXudUpSl7omN4xDyEJ4MoikxDYubC9JDP5jxH5iYxDQkT1SPwpcSGhei4eQhNQ2I+kJ5sR+YkNMSGsfrfNDfrCH8ExlaE2fuTleF249W31mUQ2Mm3J5Ut4XE1ISJ2hkEXVqeXbk4nEyl2EEPhPh7OIXHx8L3BEH4pYmf0bFtLjxrE+KQQxDF4Up8KUosutiZT6JDWJjL3OVwmMXFLxer0hZ9HjIIj6Yh8vVj8L3cerKNlKN0Tx/6p6ITJxPwnpCathOni8VwhvWy+ay6vJi8VkJsJ+CGIYnwif4UNiJs5SJiGKDS1Dxi2CPo/8AH+9wWfSDIt/gh4xD5P6Lv+CHwx9fwXDEPT1Z/8QAHREAAwEBAQADAQAAAAAAAAAAAAERECAwITFAQf/aAAgBAgEBPxC/ifpRi7QxCHy8fpCMbH1k7o9XCLio8Qy4vaCEJwNdzXzBIaFkykF4XiYkQRBD1ohCDfU2CJlEthNf3yh9JaufgZCEIQYuryu189whMJC1eNxoaF0kTEQm3hLGPiCRCE7fCxiyDUybMXbFt8F73hn2NQT5XD7axEyal22Nl7Q1jEMg8Xq9eMQli6Y8TLytePHi8l0xDFxOXqEPhDExiHqxeK6+T5GLpriERRPC1D4cPgWT8FKMRcQ8fYiGsTxctC/NNWvIIpdfi9RCdvxZSkFzOJwsvTRCC2eqHlLi8GLWxPweX8DxjfC1Dy8tjExPWuaTKXFqy+D4QvBb9jJi1fneXaLKN62LGIeQpMvSY+IT0hOF0xYxYuYuP6N4hi9Gh0XKWIZRYxrGxPFy2LWLlvV+J4mXGQbRconrZ98MQvsmPaLwYuEPEUeJlyDRBERDz7QsWsWLFs9mIe0Q9QhvHkgywQkNCFiGLm+iEvkZdq1i1DPjaU+xbR6xZMpOV4fI2feSkXBankIPo8ZcYurBfPC6hBoS2l6/osY1iQlr2ZBLp/IuEPHxT6LcSGterFxCF1ohMRZ2/gXyP4LRfPixdMYlk7XUxi4eMQ/OYhl26kQnUnEPrbcRceUkyfghBInN82T3nKx6tu0vo8pX0sfCy9vUhrJrEP0fo2Ioh/ghPCDRMerbiZRbOkP1pfC8taspRMhP1wnMxiGQguEP895oh8XUPLq1i9UPwm3hi8kiE1i9GIfVy9vxZRPU/J8tfhnC5aEuJ5Pl9XJzeb1CEFxSl2cTzfc/Eh5Bed6mfWp93mdru9XtcPV4JbBoSIQmwnc6nUEPVwkTYQnd6fHwQfDYmXwWMWwReKUv4Vr80Qngi+q15dRS8vtFKMWsXmuaXiExD4fLFlyeDEvFEIQhCYy8wmI++FvwTzTL4LaUu/YkXKUpeH9H9jF+FZ/PH+Yhix/fDxZ//8QAJhABAQEBAQACAwEBAQADAQEBAQARITFBURBhcYGRoSCxwdHh8P/aAAgBAQABPxCnyzkCXbsubIsjIJILOyTKWQ/AOT/V/n4CD8dv8jfr8ZslkBbZyF+uR2yywkRgLD8CSCcsYJDJjJ82nzPn6gPmQz2OM9s38f0s5nkLPZPuA38MFvGZxYgc3J1+Hpe+k+y7fMFpuJPuwnG45eRiSNy9sNEwUkGSDlhsYMA2FyzbLbbLB/GQXjDke2dj3c8kRxt2xgZ6+XT4jZ/sBnfw5Qc/VmeXVyT8B9wd5Z2f5Y/Uwc9kYLJhbJ0ksLKcgxnREQfM8+rdewH7kL1sAW6+fjA3FkSgzs6XHBZ8Fr1uXLH5LBLm8jTwjXzDPmxfm2tsON90GeQw6xpZ2EHEftBn4ZsdyA2dsEDZIJOQb+AXFlmRGbZnzDnxfMuOyb5CPbIHYOyI3W7fMGxiHN+IPpY+qZHGsJ4QaQd9s/cH7nnzB+44efgviZsh5NkLp/8AAwsJ55eyfEYmCDbNt2ePbPjZH3YPFvobD6wY+5O6F8/UcMHNg5BHvZ68v/becgeaZDrIOJMgvYryCBthYs/AaWcggmHspuRmXNmCyixYT+AF6Q9n/wD7LQ+7FOas/QfJlW4/E2WR8gS/39ibR6N5HgnrQh/Yp1GL0LO4/wDl84Zl8B0kNs/V/kc+PyHzHZ4vUknbmykMtnb4luN8eWb8Xl83rZ2IgmPo+bz5kBIgDqWD8QaYSYzq/N90n6y8QQn4/B6cLXcyzOkKnGU/Ng4OJYvIU9i+fxllkQ/J2zL5t55ZvbPwBTsYTkhch3Lo9I8+i9YxKldh81GWreG2qRfsh63RTEKHpPu/cv6tt94eQT9KRs4C+C+JHYtjKv03E5wg7+EgLD8Ny3fLvzMT7clNtJby9ssJtk38B2IOWSPfwPbhjH2OP6/CJ3dPLScnHxCSO2/GV3JRL8w/F/V7x0javPwG+zixiB2d+rGdIPq8/DzJ55DzsRry78wFgSvHC5mpAfWR+B+9cy6tTkFTB+llxPg7NmD+AyNJ0r8toZmzh7A+J34tU6w+0znPz9zcH9BFGg4j4g6dH3CP6sy/279X9TuR52f1byZ9mDbJ25JrHzdg32Qnb48u/E/i+mQ/ZLqXZ85H3kN+J/TJPyX+Qt8F+06e8s+Bnv2/uTCAkoeXU7OfUW7EGkc8k3fmJ7+Ty29Y4z1g5JdeRBtmS6xbeJWw/wAkCv8AyF+j62PgSLsO/VS5Lrum/Nj42xTNjflJ9wNteuSri0/gmXspCIHfRjDjXjKA+vSJ4b3XLPo/QIrhkMhPqXkeWJ/Vlxe3SP3M8g7AY2Qcmyz92P3dg+c/GNcvfk++SNr7lSY288nVlGmDPizu5I/V/EIkIHiTfY5IbHv+R5cESc/GX6v6sjWHbbN/Gz+DE63nl77AWWXhy/aR8iIEZ4iZs3ety6cZby4IeyciZGIBgdFh8GALFtRpYmMIByesJE0dSWIef+SB6YtQJD0rowRM+kxsRjSEej7Bnx/2BNKfrLY/D38Ht8/hIH5v/uxh+7lyfbD5tIe/q9uFaY5k69vHLrOSHywZ2dXyD6nD83MtLyF82CfxFk8f8vEnImG2ZZtifMce2lyzY5OJJHPZB8svPL+3Ifx57Df5E65bIGl8CxHj23vmEnYaRRx5a0DFk4GR9sHgupwQl9goNib9WBfEdmbVfMicHM+V2TS6gyMjFH5+bRRpkeMSEvRkNrHmanjbZPmOsOwF8z+NCHXy39XGwnl8xi3fibML0264n2XPbY5CJkx4vFmfH4f5JpJ6yGsOLDLX8GQ6/k5P0IP1Y+pZ5bHOL1sdiYTZyfqfI47DJ9i8uMg98uA/pOiYaCxufe4qD/pIDy0SSitfVZO287HuQZ/BVfGVe9y7PqxA/l3Xyzv1Nn4PBjp72TvYfN9/AsGxfORgX4nm/uRV7NkPJIn7hyaJ8kIMvxvL3B89khLn3rU/svfL929m7GZYTjZf2dT0ufMZMO3C9j3y95HWzGt10njsB5CLds5MQyAyZAR38gTMh0iG0HPxv7uvmGfuxhjYL+M/dkF3YJIzC68jPvtj8kkv0xChnVmX/m9gtMe1tx+sb1EiGbPQG/M7rif2PtASGADcTc/UgeIIku1/Vt3sry5b4fYAJ0xI1+NbJSmzAm53Ic+yw0+9mxZiZevJfDZD4bD7oyuiSHwv8vhHX5gPXen1AnZ9+yMM88v/AFPlsfg5Iy5HeSZ5MDIb5Cf5D+7Spt9sTlgfNut0+LN9s2A4zZG2IWbD4swv1CcuQ7Y3z8C/q/UkGzt/UcbNm8I/CmRl/uSGfIfdozwPXlgifrYKG/o2U5PPtLns/ZuOinFx/wD0l1eDj2Qqqn1bu7tru7s7GhJzC1zcLR5b3YJ3bZYhwAEfm2Q4STpFF34mdrGjkyB8yXeTyHZF7MznX+z+AWDnzE4LP3H1ZQbCZC97y8BzM2RPPJezkE8/G5M+Y85+E+/wTv4O+3Ni7yTsY9bCBst4Ts78ya6M78QNjtne2B5B8/jTYGeON+lx3cB+M1/A5etl42kdZxOQWYbGNlvfGQ7oeSAdefaXmJ8p2tfa7yri0YhymNeWqs8bwtc6GwMzOxz0ID5J9bYh29LE/sOTTnlit9PY/nbt5B3z/k3o/wBlh92xI6Xy0u/9l7IxjIP7IGhf02xU/oj1x9RmO/syRoi58tj4n7M5eRs72Xrvn1AEUaE9xwbYJxs722/s3j2TYPh+PfbhYJ32NPqOrYbIPLV3ZgI9k7Z+2c87GHLzy3+xuRjxkLdsMgG5kFvwlsDiyONj8H4HPwPbeWbI57FgmcEF46eSshPRes+/Cx8Y8o+BjZl+inqS5zYyN2Q+IEf1GVv4lnEnV5mU/WXtr42Dp2NO52fFlfiIgL/SAlfxNhrPuH7tyl6/rlztZ8ucmXUwPiz2fJex39pC0P2ywP0A2ZM9tsmkels8gvr+AP8AU42/DjOzq52AHVN58Sa+9+5MjywzsH0sLAs+bEgvkHI2Pfw8M8W4kl0g2YMvUex7Jvk8R52+Y8n2yV+ARccj8av8jsHxZsFxaXPu5f8AkDh6XbFMMEXVO8yGjG4BkUbnGeWpgj6iX40LrrOQ7mxbjtkrfDnkR0Mnfb6rPv6vJ7di/wDLUM6aZeYf5goCn6sNkf5aDgf5Og4gNHj4Li657ka9d+5Hm+Tunkq0H+knS/rZ9Hn6jA/c6eFwdGOnYO8YMz+xm0B+7AX7qwQwm8t55F/k89iA/l8+w/H4Zy/y8uz1bQR+4Ebn4H9SbDnk9Qx9/Cc5+JgwPibskS7xkQMtjsZfMP1H4Ng2Yzu8NlX8FozejY8GgZlskig/qMvy6GTersvzbOdeCGgke8JiNn5O3WnzLP7aPbM5ZTXfJSEn8gRRiIJThGgTQobz2xA7I2nIkDh5ZPLfDJQ9lsI8gjkb05KfMjOGXpanzkvhKT8MnB5LmPsfkvExYm4edPhsks5C4I/SVzhdPi7vl48kh+I63XJwyGQdwgvI+Umwz2cyD9/ghsbB7+E/GRNxPIfv8cSD8HGyd20+wt9k5fohVOGxBaBAP7N9gbaYkn1k5ZOBB3nl32yxukwuqfUNQslPo2CdZFuZYXIgeyc4R9EEEAEZB5YfiGci5GD+sH72GAtz9FzWPCcyB5ySG39ytJkIAwQHJhTzX5jMZr6nPgSTggHlw8nfiKPPurLcmfiXFsb5PRsn+79WZ+Hcg5N2NX8aWdvVvNhL24Q47Pbc9jY5qQ/28+J44TvsGQbrdy/c27P9h32D4WfdhthkGMwXzF83x7Y/drD+ot5GZIEddL+227p5eY9lOnmXDl8yyu2uTDsfMmpAH2TvjOnjag9ZB3mxanQ+oAgl9GSH248jnzDp7GR8lh9QWpl6XsCjCEHH4S7BasXJkYT5u4voySyoWMP7cfRJ+rCcsfYVTPSXauKtiHuIU63j+UP3KR24TbERk3S0kesGWGXjkG+3SGZeeXry1+Et/UPs/V82GwtjIwGXLDdufj58jv4JBMtsvr2SI6HxBS5df+w7rw/t0SAQMcPt10uNfMqnsCfM7k+xni2n12O8bTpCDysHZ5svhPzkci68Z8gJ5ZfmT6ZZJmZ8W9Z7d2OSQLU4J4Rf6fqOdI/c/wB/7C1eweHJfJtzyXfxrI0cez/SzxfD5gRkDxuwawYyXxf2CzvtnfYEDOWx9hdt3y/a+eF/kuchN7Y7yOF3fw7AlkAiR32yrSHEEllmM/y8/CxJ27JZ7dTkIbIXTJ6ryi2+eQpufB+59BmsIs9S5LyfLxIJfrgNZcIXxHNgRwTPZA6FhtiezDzyNX9XXzeocg/NwcZmmNrYImoR9soN/d0dot2OYORacT+WFunxjKfjYL22K9ghaxmSTR9LD75LzkLL9fjIGzvZ6gm6jhHPwe+TsD+HL15Zhs3x+F7lj+ENvxBeXIgmWmTbb29ZE8s+4svOQR2DOm/qIkDr2ON0wtIjBHL0n4m8/HLP4Ntm2l87bDligtQOQHgwACXNsFMmGvIuLsvEPm0I5IJ3Ibt6qWkFyd44/Vu5z+JD6H6l5P7wWg/WCKt2euT2JN0t/F8vuSmYtBigAWGEY6sDy+OTofhgvm5aXZPYHbNfZ34Y2V2X8FabCfgNntg9sfE63EBl5dO+F/khCzJviHPS9sh5ZthMZaW4HW5GOESoeA2bVsJaPsY5ljXYMt/JrEOC0WIIA+7sHxNgYwfEbZC6Ed0cthMuS/VwyOR05D7vnjLHs10bwA+p2Bf5PnO78yg50lEQf5LwM/t1x+L45GnzD3thdJm8HEhPuIRjOtvrQ0sH9XA326PI87LETm2FgQfuPsHeyM9ljby1+b5nCekOwuz+GS7Hkm8kZceP4aTnfL2dFo/GQ2xb22HfnLHH35Z1M7k3f8MHAX6fVt8HweMwhj04WwHfk+SQOPtkQwd2yOsN4fMxb8wmC+ce3nFnQl4E2mPJgGMLIyPuz93DxtZxjX1/As5PnZcJNKf1yU/sstUEQxtRIUwnpx5JvI35/DOcj9+/gF3eE9xitGAy082aPWfIy+IIPyHJ7eEvb5t5GMieX7TE5K7n4BsheXBYO3kmyJDjYW6f8ly2Jt/GTyG5NpcO/Fjs6k3Jl0YcGKkpeDmyYFSPcY9uGxOHpzf3c3jKQ0j2zx82xZCIhzbN5EOOQP6YfJyUnynBmYg9HkQ+wjeuh/t1gyzccWHsN/ZATQ/2R4FsactHxyYCQCzme5Nih8ifuwnl0Rxg19hfxzIuZ1/V5B7JOmXer7CteNA9tFeOl4mN3+8chz8e/j2bOwGdlqnhdTyx8z+p4GeSs+x2ztwet75Z93Piz8FT8DidVFlm2ZGbJK2ZmWQgib9RlR44xEyivHkkUExDuiJ3/bDDrrC8010/v412WEoRtjvlsuWy83/cLFkqBki66WM3HvlvCOeSJWZIQzQDCZuv1bhvfDtsz/q8lrx8gL/xgAWkA8tnnTYxx2fAB3k4HiBztgxqHBtnINmfUqWR4CxxLp40hi4GJoyg+lEtZXEb3Px2WYjv4SfJZZPtzs8iJo4yQy4b45dJNkyMlNgGCDCSz9yfH2L6/GGENY4v5HDYdsPuck7G3c8t+yR+FsdXbsRnIeumq3iQCLLiVx/sebNnT6tPcWI+IU6v2/uFfZsgb7Ei44t73W5De4QiYD9yca6xIm9uvUYwHIPQLEjT52aHHz2WP/JjWZ/WW7j9rMe082GQX+SAaibzh+rVN3LMB/dl9xDwtqSn1YGCeEfuJ95IQ1zGB0xrB5z4m8w3ElIcWbNjNr+0nfzF82ealT/Jku6oDF8/BP4O/hkkikLy3PI1+YIbueX9GTsaLyUeXvYDLqQH2P7K51upxvrkJOt+pYbbse9g+pGNu/dn23EsQeZAD7gkwsz5RhhX2nU1OHhAk6HO/ENLu+JZC8U2J1t1tLsQJ9kIQNCXPjPkGZA27/LuPkr4m/UzMVwWRYCtk8yH6sUcfqHIx/YExB/Z7hB9Xjv88kIOCEwdW7I9k7gXgbjT0EnC/qszh4wCM0tpxycojCujEyz4f8syDf5fBF8LgqiB/l9fH2BRBhbeXI5+HWS+Ie2QLUaWydE6scOyc5Z+CdkGAG3Et5y+Dbex7/kDnkkfu6eSmFbptzcvpJyTcwuXv/kxKVrtw3QeRPXrsQZ/9mYRBkRzNtBTRB9geHp83U7J38cMGOXhLYk8YQtlZZfXCHD6u4r8R9pv9t1rH4uh8QvBIn0ROo/l7+L/AHwsLlbhk+Qu7r/+TO68e8hXtfoNyBl8HZAff7ae+Rxj3YO7KN1SwtNiHHIcTfiyjoE5YWkDl8mKSdcewRD8Yx8zpCUD35tch1cJRqHhZN49k/Dxb+HdjY2WOTY5sneQr+D92Tv6t+7vwcsd7Ywff4A3xkfqdg4bcsa/lrB/GqyXls+z+F8nzMzmG7FrCmH/AGEcBLAzxuzBnHY8vd6Pu4+j/VADdThIHjYYBDMeLC63ZTlp1bcXy5wvl7GuvboEV+L1wZXp/cnWlsTgZc06ig8tvPl8IujbNA7A4mW5epFOxu85C/6hdm8LJ5aQBP1sKJrk7jV9/wAsmSEOmnkCcnwfiVvD6p1imSftjqaBIRxKLxETLvStr6U2fI9tWQx3v5Qzs+v/AMSc+Y/a/lveyix7YMs+Sw8z8Ovm36v/ACW8QbIfEZMfxl1Ownz7KbfeWucwbYV02+Sl795AYgHxLVuxHAj5AfCEMYg3luM2B2zcYgTJLh5Pr1j7nLAtR23CuR0GRekcZ4H1KkGn6nwu/OSKfUSAdkzEWqphyMJYbBFdjmBmWx4T3yH3AZyGRZuSP+x5TeTMB8rRYx3JzHH6kcbv6mZAfGWhYQxdtB6/GwX7iNbC3BLhPpYYH1b+r45Zvv5F/Dp/Lo5N1A+SGVz/AODOwG+/j1Mv1ZpZ+5Ijy0Cz5lWccvE2p9hIu9yB82G/jmDctQAbGZ6kb+pzMPLmuEhj1wtYeClhM5IQW5+YSV3loYWx2SThH+lyHl9/MQzzIxBzIbQxsZOPZfLOYH3ARP8ACeyuPuWrdHPEnxs3EsAjsNyDI8h2XGQObyJwNXb4yLKTuic939Qnxni63IUeg9vP4/MQB5cgGMijw3Dvpa+4c6/hj2+Yey3jloru+QdhZl8H4fZw+JD25e/g4eQmWcs5L4htX/g/D6n8h9xmz7yx+IdceW4R3tl185DhLvkHmyjAqFmWRf8A3YgW04Cl5EMKyPSRv5uOxfCeHl9gLQx3fjJ5Fx/cB+kNetl8NSGfpGnkS47kUr/iGtEBLsRciLjCS3LYOyW6fYs9uZ7aJANnhdl9l4pL2VQhOWBvRgRz+ieSn/5pbaA+DySgb5LGSnl7A1+rpMWyB07v/ljPLeeQ6z+1mWu3zsdhl3HS9t5+4fuZd8nCdvffwSOefh8j2Qy7shlmJLeufV47KSRfEfuBeuRjy8dmEjlsmt4gN5Bkwa+2BB840Ovvlt3EBskSZ3DPiduLI07EjtjlL9yvytcf6/Ue4r2JNcmd8WU3xah9T75fGIunT3L9nrLXET9TIf8AmxnnH6uIMPO22d/McyS+SMngW3XkI679QBcTGWD3kjJo6b82Cid+bQ+Q/kCbA7jEAc4R8Pts/X4hzvOQsMuGOzBrfORgXVGuWPzeMsfhxO0fwCOy7+VJT4np+A3EuWzkpNuE7H7ufjYBkb+ELJG6HWwYX9mza/8AFG7qfHd/hcojTMf5MYHdmEGYPP5LrgwUekKvDI/C2+QvguJ3GDtxB0/Nv+Q2GOlyb9RgQBgYXROSah/y15ZFyLluZAGsSHe2j7G42ClueX23HZdZHwbyIXRrdTTmZbsCbloNiEZzJVFIr/ZkWLhrZo7jS69/lxd+oX6/DbBtnGPX5jVodgD4jPqNdC13vxKM7/kc9jGwJSMz9xJryRJdDYS9fyUsHLv1ZZEx7fMn7jPwLT4QiBl0ML+yPgv8uSB+rgg3PiU+o3l3kBnbwvR+Lsd2w9gac4MEOIRpY3O3As+W8mOsgLkKXL6/M3DbvxCZL9RNntqoyHjBjj2BoXL5vsFa7dvm00Nw6yD5tHd/EzG/zFhhMNb0ANgEzOZZRzfMe3SRchd25zXg8bqCgbFn3L9fj2fxqzkSe2FuSaeRu55Gj0lfdo87d+2B8yfiBfYJG/z8bDnX8WiXZH/CMSclL+NLTZRJYfw5PkbOxtr9SuPOXAQ6S8eVG2ZObDsAZpKmq/uDFnwPSGF78OYyRh+yHOnIFuSPFhOXKctGdfiwnOS9W/gHIH4n9Z76R/C3Rx1yWYIeFtDSO3+Wzo42AfEv3EYwWZQ4ewnetg6eQBWH1ucA4iYUv2sp7yPWfPbcljvk/u0gvi8SdRuxuR1viemQZ3Za8gkhly69bH3Y+7PwSyPfw/8AFZ5BfpEgpeOXTtw9uWWSXxH7tPi/t56z3g9hyEQbYL0OS0hsxXC9Rvy/4WQpzBfMhNlbgId+ROg7jcIbP5S7q04vGBw+LeamED5j4G3kN8ZOjs7+LfbNfu1QNzI5yTck/Ug3BaI+bq5cy+1kyOQUXbGqAPVjK8mHy05WV278zxyYD6n25B+CyUZDeW8tk5cr8CmQOXrtghp+oAcldjvthOQfRP8ALI8/BtB7OPk+X6hmOp+pF+bpKw+5m9LKZkm3on2GfxnLnyWr4nPqczhBoPiJ35nVtA9W3F4Zcrd4fiXlk4e3fSNfAyu4Pstli2l0ASuGYwHfcggZC+TryI92DmxpnzaXYDHTyDvkPokfEDLLnBBhDEuQIenLYvBy3KvhGdGdMHPJslm9i76CIOI7koeWD19/AyQQTHtmH4Fvi12DnbQtJCXmDGbJ21eSPxLseWC9kAyWtiXv8JQZz0nOfEn1ZvzLnvZds7rfO7Ls+3k/g7PLZ1tS+tskfQ9g2sS2Pz4Z7aPt4PzIIezXsX3vo6ToT0GQGel1g+Vn7gpDyyHSKN7liMm5uth5iybjZYwy26WBrMi1AZjyDkmw7sUeStuxwjtkjHJuH0t0ieR7vjYjQ/tyetsSNMxvmYeWGcL58s2y+L5mIO7aJkfveknNjzrc+ttPi0PLUH5/Cu8v/u3efhx5Gxj829l5EVW+h8R0HGl79J1k4fVuXzeuQzZ+N/CcifbLyXnfJBR8ZZA4B3/kBNoT4ux+IHj/ACBYcs/5BpEfu4hCB/q9hGsdBXY4+zOl762bZP2yOQ8tQc/dpgPnSxRP9qTiSPCP0Cfd6C21dv5aIzGNhLmcexHko5bRy0K0ELsfL4TVn8nmvz8xkO29PmDwQYW8viXkeT/Ycm6wh5Ysz2nxOiAL17OPzP0ZPts/d5cdv0WayS/Ua3bELW+YYufxPUMeBsCOweG3Uc+bOQH4O2NjbM3kWfgmdf1cTPdsrRw/9tNHhX/JywAY0c40jm5gtjmukGEfTCBHx/Yw9f8ALr2ExydGPJs3SVYJ+2cgHmPi3nh16ZED94EZanuMf2B8QNhvmJckLNszl5vhtMiWdsI08l521FBdjAfWwfitTBIcvImLHM+7XJfcm28v8gzyfbi9uQfVx1PJzD7lYUmQ17ceWQr5vJ73CB38ZjKXiy/LOLl83Q200P2LtEQMajcFlD+HkTZn38fH4b2bz8FkrM6f9veVCcLbmE5y36gOszh9Vx0YND8t5osxI3s2wsgJIZ4fSXZxhJjvNTZTAfk/UKEP7k4OfcZrDFr1Ae7FuMwG9vollP8A4DhMyTxaEZZxPVth2Vw/7Gdi7uIhukC6Y+oMufjewyWGQDHPJj3PUQ9TPwdJJeclBsvxI6+bW12PIRcI99l2zbDfY4rLoxOwX7CfgTl14TyIYk5DbPse2RZN89g24w8mD1YzV7kf+zc9Rnl8PxvxBOcM6w3e+/8A/CIrHwb4LfUeevnL0AJWO7smzg9lfq/rLtALHaIDa/tYytyH4cvOjkZZL9OfMN1xs/GGmT7Ln54S8iHyEPbtr5C98kCFd/kZYwa/7ZE5jhDoZy9bv4apfF8SKwJPeW7dHkez6GyKp2F67Zp7+Gg8tJqvhlSvn2HluwvzL+7T/ZXINsz8A7aVjY1GCQG7trvIOwfgBckLCPPybeXy/HxE+XzKEwwPxvbjAvTsgCt8XfQQU9zlyJDP1ifs9Ztvz8pMmYGYfH3J++RMF+sWUNfrG6/uxnd7E+4PrOy3+8m30sTx8QAH+XYd7fLdAQbL8Af7HZT9bCn02NjMJjyO9l7ZMjYEO2frIYfcnIQ+icPS9Ir3HOyEg+2Gcg5JfH4P3JAsdg/U4tZzI6cgCXPY/u/6l/U7+OJbkthAz9z7PJipRHqVIhnpMYFswIrZfDLJMA+o9jUmWqWOztj8fEeSWXjJXf7pNOkd8R4gHZEG7B9JUB3g8g8p3I3JD7MHRsP9lA6WZgQ5ydIAuvuMer1kerfJDRs3I2yxOyjh/jLqb/1MZpz9z7p4x+gSqT8tmAfjIEFPyRQOfNgI8yE38WFkoBdRHN5fXacG/EcPyhjk2+IeXxeH4yzsEOWv1d+YeyY3D4vYcZdfqXnJ77ZP4YZBYQctn4QZBtvzO2mwe5DNPoblWk26xaQC82AD5Ey18XXt5ar+APz8T5+Ht4d7HoIfuNWBjsCU79BsOGuPWpUYnXgWKb484sqNXdv45dfIPs2OHjqD2d8rEb/mx7kSDso+FSLEnfAP+2wWvvljfpDsW2n5Q7/BhbHhsoXGwZEYnxCvY1Dc1gnZM/8AtEtmuc/GEG/MITMfIHKB2fIdLYn2Js7HkJa+JrW23JVPYJ7ctA6XXkdsn3JMmOPZ+jHLdsySVOnxZMHLbmPjI8UH4CNN0tCMf1Z4gGxAHRtrV+Ib1jps7Bl8QXxfPLPv8JJ+Q9L5Zy+jI3c7YA+L+efgYwdOPE+7rCegPLZPg5BM7ICpMv1d+RsPPuMhrtHxFYg/UHABhJrO69IJ+DYuOMi9eWTNnWCObLmcbdUZ9THaeTVt3exjHhJhsC9n8Ntgib1y8Oz27O3x2El7y+bLJWVe2GnbFviFvIpG/F0jY97H6Yex28ZkmfMsIdIuaMxyZ7b/AHjbfq/5iT1nD6hqvPiWsdE4dP2lrjywj2yd2D8Z+f8AbLySC8ey/q3eJDhh2NLTmQ8yy47bz9w+XE7DtaqXAYK65MQuQORbcHB9ZbM9s5HJAH/tl10tKdnXLt26eXcZlgbsATOmQ/8Ay3TAe7Lrh87ZGP4EPIfBvGy1TEcfw2SPVln7nbHI9jdmEj8IGzh/br21dlzyElJN/Cc3bXq9Xnt8ey3xGjGng9tro+ctCumFHywMB8uej/U8+RztqQPIHdF+1OymyNlJxjDyNs/cGT+CRg+5ct18mEfnGx/Dmw5zlihXhZfj0bYBu3K3H7yUO8nAYhO6EIANMbbYaezbC+p+pFWNS+HZW8Mkeo8g/IbMAJQbNsPzL+fIhuTdLryOe/h1L+NRsQksvEx4gbZluky55ZtmT5YsGCW+Wd7PfLITZ+8vaZzls5KmJk5MEvJRIKYnL9zxDfDtxAbLsdCyLxgv4nyH9W6fjGeEdNui1G1Wb2ZlrBBs8gjqXlpPficTIWAwxIkANB8R53CydInQL5LP5NZ0x8zkqdMYtZKhplkjdR7GuhcIwVCFrwn2GvNlPeCw9jKGMJxuHEhTyVguj5M0W+R+7Hzc/C27el0h5bt3LxszxYPZfi8fkcy5fMHYdv5L9275G33cn1x8Mm6JvNlXcxdwmMM5ZWAOXJHivFtiENBxETeAn7tJR+M3yN3s9sZ2cHLn5Ak+rV/AifMtOty5APlotvX4yeDBTy1BLaRZp7CnzsvNkdHWKn1swM52JiF5oZl8BIkvysNbMNydwFc5FwJ+7MGP5ZaEJwWTdxhyTGXZY3jHhifzkE8l5+XxKn38CPG1YvUHjOMmTbPfwTJZhsgVNOEQf6ZS35I+vlpxkO5EFY+ra5E+5PdEs5xHkYT5vkJ98hvfj8EOPu2z2UMG/EmW/q0+23IxPIch/V/EH6vDha3z7LLpD3M58xIFR4dIVla8OZIO245FQky/UQdO2YN9s2jYjtrfeTNGDgGfuHIfwwEN1sZ4g5OTn3kJP5LfqF3pHpDskVaF/V1Ykfgss+5L9wH3fLGessG3ry7aI36hN+y1aLTBs8nye+XybbEnOJfl7GD6RTH5m1fVirztgkOPqwLIvQGU4IerDnC+k1mcM71mEvpkNy8hhv5RD2+JgjFux9WjzJgs7Zb2GG9vn8N5Gbr5eLj7/wC3Boe/q747BNIycrEAY16MBXRKN3CM88n2KRQNbK+q2zChVmMAMs5yCkKSiHn41NaP1J3by3S+Ih/Bdtl7kF4Y4p9h0nFvbhYWnY5+AaQY23llnWYjiGzEdmjvlnHbKe9uZfV9Y9m4gIAh8TZkA36YVT899kgAFrdun2GJUHJBfu5b+NfwCeH/AMCBPIWe2W5H9tyzO23Ty1zb120+Qc7LL6fbG2/Jsx/2HGI7EfSTXeSc6gOwUD4tT8IHi2Om3sAaMGoCL7F8J7Om2z2M5aPJ57fZAPCAkiujgw7zi5v3Zb2XL6ljPm+beT6l1uDlu/l2Fy6nmXs5jNb1mISI+T2bQWYRDs90iNEuMgfqqXHXz5suh24LZ2+eYuZEAGvwMSW77rFdWsNYBGYke+Wa+WTfH4vX8Ehf7GsocuyXPg/G6ZD4ky8cgPmesPJZnvJB25qRP3CROVzBmQ/t96zO8t3G6QuMuJschEmZDA7D5EuSAbto/MD2QuM5nssZeQ08hYBfi+meKx4D+qw6HH+SPxZdfj1+A5Pn401sG/i+fgXPLbLkZ+CwhgSvjl2SVujmS0QPb2yfSb19WTPMYBDPLB9Imln1IZQHf3LW/sPiU+QfEjj43Iw3YF7tvORvzezwlz8NsRjHD8E+p/GWg252azS2wf03d7OjuXtNZeMJXcGRuaayGyzxuZjIDpt9ZPw2sGzkbMzOSADBcg3L5Lswdut/Ruu6hGmDJndl7t+qVbA7cPjvsjSz4cGViRvwM6IrNfM3kb7FCDfBbdNMz9S5PY5D+Dj/AMtJPz+9+n4+Z/sZcyeieXQVC0tswm3OR8PIRJyHFieMY65l3BX70QpWpxs/4kX5rGc8gOU8xbB6dG9Xv46JMj8ZcyOp9/Gj87J23Cew/EO2aSMefHq+tMLp/wCyYH8GNWnXzsmhvsDZSHNEn1MOkuNvcfZnI7OAzyBdnas/mQPsKfFmQe3fY9ch4k9uIYuF+SC9ZPi4SHvRI8DHAx2cdXJsWAOaY2XSfjYgRHb1ZHL1jF3kP3bZ8/jcIfwC/sCA4gyPZM4TGTgbKR5az9RAzyMIWtOZJ4fU3PJGPZ52BCwPMInjc+iyaekpI12LamkuOKScsSkDkHLLkwzbl4x2+IMG8Qc2+bgamwwE1Vyxxjx+soSXfUDVa/hcrp/GdsgIF+kPYKFk95ZTr/yHyQz7dpLi3gQ0a+yThazsnbNt/wCQiyv/AMnG3ceW+ez8MGfauYsj4/cGqdztm4J4R3+oWaH1hNxO/cbvtnP/AIXQJbPsL97KzT2zObcHth8SMV4E62ZKjV2ADfYvN8lF+J5D5gBnrbLPq6T6vmfUHOWtOtqTe/MmJ9luAT4ZO46eTImJekDgLKf1en4PDt5vj/4H5HYc/LeM3yck+fI+db1kVd8VZHVo369nd5lvz5gzyIOFsd/Vke2svu2XTyVMQZxBx3shgdiEbd0yRBkeGHOR4jchJa6fF/1ebzWLrvUtOA5n2ImkeI3d/wDbMHw/7bPf8JLF5Dyn94adAT+Fb9HJTSsftnydoYhOgZN7t7YT1uhpbLhy28dsR3ISHkTun9WFNxuWRd7kVXeSyPeQ/wCUYLALKPJEkk+zTEhVds0d5fJyucfqzkXRcW/jPwONz8AkU/B7L66/qfgce7OT9lWR13w8/wCynTdkd8ufH54+fwHTyOmQZEhC4Nh/sG/uGqQMVf8AYYCCyloSY8st+V15f1LDtluT33l0PnLMU39Jh0/EIfYrxDz4ixvthbfIn5Qkj5l2kjztgjoc0vFiw0jj5t4h5dFj5tl+i6kLvZaLp9SKr2//AFIAjFByD9WbLltn0sodwnaoPONv/COyAGe3SnYkHo9tVXH1Z3ez0nGQNzR2JGtJhKWcgbmWW2/hIELffZSwE8fZkokfutUW5pKVZ11lVwd9tKb20+Jy+Y6ly2ly3I1YijvxGZJryG42H9lDXkf3C5GE6H1aYO3Iy8XhPfJM2BWyO303xGzMus5l1dP95C8xM36+ZgD48vh92Tqk7n2BeinbW/rLEKEg3/oYTjl9AYI0Rk/JDpP7gA2OJX4jwsq3FJYOp9vti/dMS8tl3yxVpn4Zo4z21NP1fNfiww8xl6fVnbr5sseb/wDAgfqPLCPE/wAYvp2CPWWD9R582f8Aw48j9ydvn8LhuH+yrrByVcv9y7A89bqbDra36/UzbH7vVvxAsGewnxDvkGmQ7GRhheKFnkPSTEA+LMMpiu2AE5s0XLmvulCdXTDOJchBDRgECGmsVgRPsJg/ugIXswCQTT2Z6gbGOEjOWJlGOyy7PvJqYf5F6Ri2jk2PEScQcOoVsZcsvN+IdPp7aWvxYLIkWIDy04PLRvu1rixRjGx7e8kyPiC8viT9fjfuQH7jXAFsN3yHv3D2CMSmCB+S/qXPi2P7ePZ5L8vk9NOxr2zTXhM3puvZLzlhJOofbbXyyEHXWHyvZ7JIRONhKn4wy/ufPOyx7eu3zBl2QvKhLPifbANoOhY2sl2GsCs5G8BsqGuXkyNsEa/cq4WZ5kJ05DRl0mVambZSt+WO7qzCxJJAELK7Cati42f7fIkdCiyZELY5AdAy8LRHMMcBbEI7+rJOfu4QD7hTfDy4Sivjd/8AoQdKZwxBhwjOjOGhv3KQqocEPswdkJjyMicR48jvzH7XB7YoHYb6L7B0Z6nk+CUVwXScxvfiED4uSbHH4YObv+WcXz/9TT40bW1v+35/9lG/vWXXTv8As99JEjIHk48n6W/S7Z9xH2DJsSYJFnwsQbAAvZJ08unTJ/lyFmtm62T6ykDZD9cvCUGMlWmbOmLljqkPfiDCt434lOfty5bvwJQDEfwcgIkSpm8+pAasBuifuskHe7BvNw82eNnPei4iwhpHd4hdwhEzIA+5cfjyLDZ9Il35gBNN3UOgeQkF7GhB8xJAoXDnb+TzMH5QJhGPshb/AKurTt3YMA4/y42t+Y8wQOu7YbmPOxJR3v4G79kZndkfJwA/bjM+IL8pC5vyuge/dvunsY8d+4v1YycE69v/AFazPvZSwyN5+QB2OkZ4bVjsOAZ4NjQO3Rk3XFjwI3CxwBX+2ATGLpTOG6Fi9gUJgclcXGm1D8W+XCITCWI6h8gLQOs97eYmN5rsmUN3UZnoQjwkSGThx/yDzQRcKjVwIg65/ZDpT+wccf7eAYuIBkTrGRl55J+QybVQK5e5kv53zZnRkce5HBWRtQI5jGAUk/M3JumpDks/DChR+TEjx+0G/GMNO28TR/BfUNuOiQ3cy2Y49lIeC5kYSH5tA+A+djQwcB+ZmI8Cha8WsBktLB+LR7BvsCoTDcL57XfJ36unpZ2DPCXfJNll70yxmWMiMBI2SIRPmF1ZjkHex1eBF6fLBqyBijCxeIsJ2ILMe5dhTIwMRPo4WE126tuzbHEHE6uckfJPaJB+HIYEaR9hBPygfKD6WjWxwXHNSmzcgTdsUeThvMrmbMbI6+H92iiv1b3ggbOFzAMFs/8AIdIWqZyA7UOxAsBljNnT7Z6uHGz54uR4uc+I80ljERpD5EEG31nJ/YOQagEdOHSTFT7d/wCQK3EfO+RkMXwcmh8mPlEfEfSb4uHfZQzO2h2w6ew3lk9kLi2L32O+eQt7B9Wr0tx8vr7G50tDpGHtk6th9xkB0XETEedtPosndP5ep3/lg5/E7ANT+7BB/cs9egg807z1aQPZvvqbikvRIwK0zxIZXr5jKacfW3/+0hzt3h7CN8LGIx0cP7JecSW+t/dlYcyL8kocxvkC6cS4kyTCB0TE4/7BGHCzCJB/EWd4fzduMNGZp/SFL2CxbaOY2Z0p83K5PkOjIb7AL7LEPH2+MfD8AI+/xDgMmV+oEfbrX1gXfHW8fB/kMYXgMGXWj+IB0/ttSCa8NjOh2d5M3nYXYLA7CFyCbN/DL7O2Px7M+kC8l9SQPPI7yQ3aOW2mdhrI5kCRQ6MvXt+9/t5URROrV4ZLhI0xtwCvkWUrrmf5dlVgzrCwc5m9llymRGgsQpeLMLqB9h0+oy+J+70CjsX2+M/EQd+LQHFkjH+wc4FGxlr4YuZpPRqCWLYUUj5h/WMv/wBojBB/NlDwJbF5Fae/F+ithRBet7wc9tuNQ/iJn0mlgkQxk5DvLPQ4R6P3ZhbDl5YQfVhxuwOBr+7YnQ7K8QYHslbF6psfAFkaeHwWqyb+ISrnxG+Yc+YkI/5B1C8oybKBunDbGaEx6j44F8IZdOuEt9beTZubsQdZVPU9hAUUV+kYnpLyk7NL1O3KE8QbyB4PYg2xNP8AtkBZ/Y+T/wC/in1kw/A7+oENkQ+UQDD+Rxgr4ztu0ywVZsoPgx3vZAwH+Rm0SQwGB4YA1Z6rkh9JejsN/S2b7FcbI0YfryDe9s/FjwLf7I/ZBbsEwuzo5SPYBOb0WbDj+7goMOpMfm3GeQfK3g3SfwRZGM9/B75CxNcv+xIYWGJEwsPvy1TMQcPiN9L8sqRqlgPD9QDN3WIF6TlAZJ5YR1AkkHS+9WF84wGxnIz2bCacniQJ5fiXUfI+lsL7Ma9uGdutfFrEsWx/hJ/qIjnGwMDfu14C3IB+LOEGG8DC6DkLqP8Aix8GWMNIhmK23qYm6JwJc+LqmCNR5z9TgBkM8H0zQPF0rH6lI3ZkByWLW9RuYLJotEhoeSczY+e7dLeSQGm0N6/Ul7Fld9b1bPca22Ju26wXMsBnnGwGmymxZyE1MYS27e/Uh5llohmNh8UgHJ9RZmeG2AO+kezqRHq2AEHy36Ia6WeBdDnxEesjGt7i78zJnsrtcu4YUvETj+31EY9Z9uEluuS81FtWPAvW9hvbPAvLqbZ4GDj1HhmSnskZ9RGQxAcJOYusKH4RAvwREKDIQbA7+5T4P7BuGMBa8gclxgbY4c/yQ9EmEyYMGQDTM+bcH+QnkXkA/u6HB8mHQ/DlnlmPK2YDYubHQq5LHvZE4qXyZqzTqZ8DYvEu+Qb5UCTT428DstakzOGwfGXCWcSeuG/d3eahzOWqNjyGOZyfoxgDh83XifGLVqrwNx5bzvzdn1+Aeey7sukuHzHvaAP9uWPrPSkbnk3vrDjF2I8vlfLkszfEm43Yj5WFu26jtQCQO4wgm7V3k4Ts5vSP5cN2RdSBd5DHoW7vkfnV6VCKmWaDJw7Fj6LlaYScf/LVn/3lYP8ArbC6QOoREzx8rKimkd8HPgmzozK15GxQ+/qdB+OrNN5XwhP3MeHfCH5L131LxWVBOSR9ZH1QDo7MeoB3pt3CWmrcVd+8WkMk/wAn7EYEDP5a7lnE/wDJM/8AzPtwknDX9QkMcnLjHk8k4EyPxctcOwrjnbPfEiJ5yc+5HxK0ttrPSEemJNsS8s1nAvIPfJFzhF9iwbLyZnYZ5CdexrrCyYNszjxvknJoGn4pkj2IjwlO0lMl/tu6JBPofqGIHWw7/wARTE3GzvlKBST5i2BjL9tjgwUBxobGpDFNiDJH0LV15jGGpGCZaOXW+riCU0FM7tPqBxX8aXcusHd1n8HLCaWwwd/ZMuRMMnmA/tyfBZQuPmL2MP3AOyXC0CLPqQDhrFw1tuPqAziU3MRP9jkpKTOROXEcYM7j1YXyWrHGMua3HByU87C9JOVkHx23CJyvNu68tz1ILuDGDAYuMp/Y1fVq4BOLZ3XYQpybHQsffP1EmltcuBDjWWzx+7oeiR9BAOdlkNG2A6BHOz+rDSUkK3UolFukq0O3EPN+Jnzz9zHIdoJ9QRxAfq7oG3rmSkEf22mJX7jGOsI+v+SPSYDd/pJI/wDYIa8iHlIqAB7IBb/kJTDkgOrP3bhF24IH9bPrAkjQ/wDuAtTt7oP5b4RbR0f8t8k2cB+28g1+o04n9ihoPt6m342XGdtdmWOg/Aa8y3CgvtGwGyrztg4gD92WUWVyxhnG3YHLFwSHAD+zhg2BvwRfLSwYCQPwhCGF3vc790injkBQP/JMF5kf6KkF4/kdqH6h4JvzDdWPljLd5bof1eZRftaZHrMnPJ7fUxZjs8hzWs6rhyx1efcHUsrKb27/ABvkAlGIPkGHtHwP+SWAECjnr+1gTNsHBESdO/yxAD/J2Tf5F5xv7tmhX9zLfH1fGeXIDbCh2Lv/AJWfOP3cLp8WLRz7ks1tjaGQhiF1AyXoytu5yAxOYxhZAdZxRl80YRwOF4XLZurlIIxiR2f7HxXGCCWXqyyenJAa8h4nL2wwu/jmprBheAxXvLia1GNOwPvLFgzmOwwiDrt8htqtk73ZGRFz8GBLIwG3u+rWbcgT7LxUHyYg+IIbLzvftjRbn7s68QbFAGYGO8gg2Lr+Vu2kyzJPHzOLzg4f8tgNfqeQIQPb2ES7MONmC85bH4PmxD/uBwgQvGxTVjDmVmYeP/FrSxauP7sF3Gl2hk6ef26w/wAkOCEwHNNT/Z37bGvL2bxsQgvrbUR2K+jcEZDb8/V4eR75McT/AHZNHI8V22fdabySbTYs8QD8f5JwYvzy8frD4wQDS2G4dt8zjbGY2cfG4A2czB7HJztiOhCeyzEHDTf7cc0IHtP+2qvM1OE/tj4m3ZMGIXcz+zvD+bDO8QaKMs26zrr6Se7mfFnfL7kOxX6QVsNa9+rIeKcs/esHE79So/SagmyDJ/k2NwmhwEkwx+0mghv7iywzWLsvqFG2t3peDckPPJAngsE2NgXqRDq+LYnBtSHb1HC5jFs8zk4o6SURhdB3cQBgNTfSSp0j9t7jlhPU4vqaBLQGCoknTW50dTyZqWP0YA8iHDKtiz/yL5oQeJ9JAdmw2+Za1YwdIs5RJlk7fU5Io1GmdHYvxkNRdQYs6cnhyCDqnZSkTHjcEuDr2A31m9X+R2qySBOEfKYg67aQhZV9in/3yeqy8dOSQ1t1rkciJdWafS2w7O9Mjjn+pYPtmuBaUBlFOJaR0XDWv1YuGMT6gSKqw17yGn5vsYn2Cngsp/smNng5toXtz83gW8lLAm5CB6/VovY8bccmwYCTNLD8SMHCVvqF1gperHBFtbsspHJGtAgd6IsNIXIn+Stfb6ncTn4w6prOODf2Wkg3fghz5JTxyz1fwIyNBsRpGEBN9P8ATO9mQzpP7AhGWzheCRmO6h8nZhKR6/jQjLz+QcJyP5khDSkYhEkCEsXJbEpNsQyC0YxHBsA49RZoJJ2O/EjnKMMJO6bjmo5rmDdQeX0Ik5M2xBCz77j9wD+SgECKA6y1hJ/LfGfu8sCQYl/lgDtk6JMPeRsC49icBrIHX3gSGuxubmEvtP7+ONBDrPmAS+rmoLywlN0tdP1MJqE3EsZ+4r6LYPUp+okjm3KtXzPR8PiAA9Tvf+IoNh4fUqvY2STMYEfyDQcsuDyQEYfD7sx/icdDZ/gyU1cgM7S8vWf+wJSDsiPqS4DJVTercpOMmx82Vxj+o2i7TZ8mxhVIK97uzUzBpuDriNHDyx0ht9ovCSDGDrCFHjdAdyXY9lYZHKcsGdfu7HuQA2aRgb6uvjLIppLusDyKQvs39Wa3Iew9sWLzTyZZ5NMbLBS7nxZgCwDkOmhyI/yLnnlsHI6ojz7s2b2aNTYn6klBT1avMOdmLJmSD9XBZR2AmnFqNqh0Nspu4wrDjYyFfHLO+ZGkxOdurHT4sIcSP68+LrPZIddMxx5aosEudgj4fzdOof2Ch/kxtBDPvFBEzqRQQH1I3n+QukD4Olh5p39R4y6ia3BMEXvllW8szNtNahx7cGg/clnr9yc0z2GP7s6sQ2Q9sj1YJQSl0hTm2k9PuGBgbTCbAMn2RxjmP3eAO/F3Iz6vjEt0Z+7Gu8i+W3cPEMZkiGJCnL9JAHgSa2PBPIA0K3YcXBA0i72zB7cSjsaB8Wx4RXB/t1glhmEkGTdPd/UUUZKAYXlqIycgQy2hL8OyChz7bMvn4WuxkBBEwJ85ApdWzK0QMDr6vlBqRz4VvztpE1ZnlhEwrN6Tto7BRrSRSmt8T6j4MMjK2pBbi2wWFh0bM/p8whP9GKz3+rpKrbBUlCE+bWXLVn6IH8sS3ZvSnyMW+6tsF3QS4XloEhSez1k8zgyHIX7Nm58Qy/yERaIS7A4Q3C2fidg+uQNCAg2VdOQhpDF4YO4wEakvHsk2Ouj0hp6kFBmnsPrB7dkAzAIh3bPvxCpeJ182coDH4hJziQnZXwIkiX2MQ1X2AFBtpBmPls53y16YvGc5JvAsHGjnk0W18Rh19kyMTPqGI6PqGXN7H0fEwfpCCFPphB365sXwGpN5grAx2Z4TOoQoFB2dHPY1vjK1ONhTo7Ch6OEv8EGwCA9A2W/uQd8+XOT7S7MxOnX+Q6//AHkO8ZOcxk4d2fOsh5Cej5P+Ee/+iweifyROsa2dhmVfB2xHOSz3JtPWSRchtsp7cWIX7kw59g/7JiclP2JzlnUbatYDTmTAzM47faTVMbnp82+WRpAXXsWj1ZOdsodTvBmQN0ncFtfYC0hs6mp9PG3Eef2JhZZg28dz+w0o5f8AAkerPNkNmdH4svkPvxKbZz2viFuDD8Mem6tgp0skMhG5PbwHc9iHxf5dAfj4sDvkRbENYdwVG5HR3EiLGi7/ANvsTf1JzD4fUjUho9v3OAzozrbXFPAuyPX1BCA+2bBr/U6QpvjaP/BDi3jfI+x1JPFDQ5Fxcj4YyOphjhI4MtvXsQAwWrutmdUsHL6Cllu5z9xod84fqKQSMz1skSyOP8jPOWFM7ex2ahpJ/wD3ykVETWmsizAbHLutghyYyOs0HU+0kjcwAPf3kR3F/GH7CyATOaGyKFbGEwned5HwYw9OT8GXwBAVzkny0g9e3ynZPQLPij7Pbye81cnPDs+FufcQczs2bROkBga7hJbl562AX+JW1v2Lgh+gRFakIc7LyofcQ3y8J7zEoXPmSCfpdNGVC4u7D4Ng8cJsWd6Pxw9smfJAvyZbh9iHvlzP15MB04Q8wbP8XcOsrAhiGCnddthvHxIHcchXE1hqcadhZdLJ3mfFmgTmLgw2DMXpJ0Uk3WkYne6h1iAFsFzPqIaJyYPyBRfmIEY7wKNwIMfmFnrnb3rHkyTeFyBBZkbp3+yr/wBET1RNgaWsdlsbtQa57b6MkRxsvGbJ7FYx1lsHuz8HW0EQe7C+W4cfSJLG++lqH7tMR05ey8lDvJfH4WHTlk1UnBKLK4ebFBgQZ9Pmd0W3QSQoGyP4MnRcPjZaBwl6f8SaEfKKXofiYHOZEM5CgeooTpYg4eH/ACVbuttjDup9HwWB0kD1gSTwYPKGxG4ZYyTwVwhv0TNTctZyepyl7fwj3Fs2kYwjFrCYOIYkGtvTJbHo+JG+ksENvi+5q0ZBH1LGB9Wc8n9sG5f1svb27zjZzXlyDa2Oe5bhhZlvG/u4CgfHM7wf6su72K7TkBvUCMMP7A4EnHxD8ERRSd37tKMQ1ywM7BMLxGCdeJXwMGxOSaYcslFcSaWHUduJ0ST5UkjWE+ZvPFncgYr2XEO5OcTkrrX3bPMd3Z0vxkWd6F2DrpepgiRdJwfCsxoPPu2G78ckCWDpJqcz7kxHYKSA+Rkh7J2SV9y0G9LYoB/I6cun9u2aMMPtEge07N43z7mTNtD4vO7Jqbtrn8JQCaFp7J+BkqFJ3Q25LcsB+IFYOudbPzBNJ1zyKxo2A+EA66y2QH9mftJE2wtZjC8E4GluiORZ+EBmYGoiHoG08NsXfEDu07vi9cv6kOrn6smoP5DtfhhTvpF3UxcaIMqwzvttEHSoRbNQ4ivMrKeTh+rPhJ5xP3AidnDILqb9WvBsaD+B/knCv+RhQNkeFD0Hv2zK/llDSdgzfmYHAfU+fH9WKHHuRzvOTcL/AN3U4Z9MQMiMb2g/uDnViRDDLRCAvuNOHYxH6g79JeZuy14kblMXYJ42D95ODrBI91uELMuuBaIMLl0uT3s/uinYssidZB1/kbBk2vGM0/5AHnkDsMhTAtlOSxTn1L3OSUzBYbivzJU3Uzk45I+J9sHxH8ucov7kvRIBoUfqPIv3atSBOOSPsRxRlPxneuQR8X9tpxN4df5JfS3PYtmge+SZwz9E88a+ryGH9QADb9F7p/yciX8XiH/LgmsiNx/V41/5JYZ/pPTUD+QhV/kRwP5dQxmNTdXjZG5/t5+v9sfrZDdbIeE/cp10/kJ//CMc4fyC0X+WjQ/ZO4T+JnqE+Y0lH6C7KWaDDW8xfNvNNeEfJnEcO4blWsDmSAjSbAFycG+QxfsUTn6yXQSaJA5AFTt/HD9WH4v3ylam5BAfN5MGiIQ9JnDglFdhfRLhxzEr9nWByWhNNswJwHy2GGQGUU1jNflajvI9B5ZtPZLw/cMMN/sC1/vYUf8A0hOzY81mCX8iqDP5bPP8JZj+urYo/wB3uX/Lgi/24rmBZhslXJfiN6x/kron/YwGpMHefufFSwww/wCSgnOB9AyddAH+Qy+f8lmD5AGuWl9z/IRE4eOwvn8JBrYx+4LMk7IttCdaXbGBOn6WnIDnFfISbrsstMQ72zV8gAloMD9w0o3IpMFgakA11ej726NufHl09DPZ4s+PZ6HscA5cnUsyvYMXyYnHLpyW5fmVdAnzEoDts47dEZKmp5PdAuTz4A2yffu3ruPwQ88cZVPr82EBxI6cxG6U6EF+p+hz9WYuAfDL6+Pq8+T+y5gv5L9F9FtBf8tm8/tbA+v2LD/jIZgfzLsd/BOdv7PYwsH2NkI3+XKOfQSPB/l9Y/5IftB8OQD1Z4YuweeWncGIHlweWHpGHycE38ITfLxLhlro/g65L+r+YP1JsYOz+rY1+IGTnskbzZEQhH8Bvj3ZwHRAwGad1+JM6+8gmZYXRi7GMiBIGREkwzftg/c2LX3llx/sAnp9kgL+psPi54yyJCM9tmsD5sx5K9bDh2DOduLR2GeT+RPYvbhDqM31dcip6YHE55u+z7vgQoQNcAt16f1ZQU+id1kyI79bGGJ8Gl3cj9wHF/oRxgP2IH/wo2c4/q+Dcg3ry2NdQ7uM/AX/ABnBH1vYSaySlt295rhJzuQAgJMeQbw/Ak5GS7+PZYWj2fwtuzJfwluQ7P5fLTn4CiIaGdcFhKc+rNv/AHHfaA4uWcPZ+WhcKGxzb4WwGNgwbAHxZGOy6diDpDnPLsTy0e749tnbrPu2QDixbjDgZ2+W2Eb0bIBsAD4bLB7aHLo+kmzrZ/2Fm8ITqPqZLtn3yFA8/Upw/wCR4wMJ7z6/HByPIQkbUcgwB5fqiG5B8uWTm7YVy5tuX6zqaeSn5gU9hwEIHzLsf2fYNsx8hdF5fEFxDyU9/A8iN+Zz6lTw5AlsN73GN4wDq4Xm96ld4QIPiLzxuT/Yv6gxBGLj8C5aJ+Et5jkIDn+zjZk59Wc1tSBgKETZ7Ojr2+dF4ibKHTLTxPnkeocvPNM8cHY3TxLZTqzHOQ3OJ9Z4/RLkx55DnFd+5sd2eLrYez8/bwElgMuX2WECEJReTgtI8tJxgnzB9hLu3Pi+b++WD5MSuM/FOHklZG+', DATE '1991-07-20', 'Asturias', 'España', 'runner profesional', false, 'ROLE_USER')
2017-12-20 20:14:30.944 [main] ERROR o.h.tool.hbm2ddl.SchemaExport -
				Duplicate entry '25' for key 'PRIMARY'
2017-12-20 20:14:30.945 [main] ERROR o.h.tool.hbm2ddl.SchemaExport -
				HHH000388: Unsuccessful: insert into account (id, email, password, username, name, surname, image, birthday, city, country, bio, privateAccount, role) values (26, 'dani_valcarce@example.com', '$2a$10$Tt.xX1i5lzepgcLs1wNH/O3EqLA4Nxy8pPuhtB36Z2lEg2TeOOY7.', 'daniv', 'Daniel', 'Valcarce', '/9j/4AAQSkZJRgABAQAAAQABAAD/4gKgSUNDX1BST0ZJTEUAAQEAAAKQbGNtcwQwAABtbnRyUkdCIFhZWiAH4AAJAA4AFQA5ACZhY3NwQVBQTAAAAAAAAAAAAAAAAAAAAAAAAAAAAAAAAAAA9tYAAQAAAADTLWxjbXMAAAAAAAAAAAAAAAAAAAAAAAAAAAAAAAAAAAAAAAAAAAAAAAAAAAAAAAAAAAAAAAtkZXNjAAABCAAAADhjcHJ0AAABQAAAAE53dHB0AAABkAAAABRjaGFkAAABpAAAACxyWFlaAAAB0AAAABRiWFlaAAAB5AAAABRnWFlaAAAB+AAAABRyVFJDAAACDAAAACBnVFJDAAACLAAAACBiVFJDAAACTAAAACBjaHJtAAACbAAAACRtbHVjAAAAAAAAAAEAAAAMZW5VUwAAABwAAAAcAHMAUgBHAEIAIABiAHUAaQBsAHQALQBpAG4AAG1sdWMAAAAAAAAAAQAAAAxlblVTAAAAMgAAABwATgBvACAAYwBvAHAAeQByAGkAZwBoAHQALAAgAHUAcwBlACAAZgByAGUAZQBsAHkAAAAAWFlaIAAAAAAAAPbWAAEAAAAA0y1zZjMyAAAAAAABDEoAAAXj///zKgAAB5sAAP2H///7ov///aMAAAPYAADAlFhZWiAAAAAAAABvlAAAOO4AAAOQWFlaIAAAAAAAACSdAAAPgwAAtr5YWVogAAAAAAAAYqUAALeQAAAY3nBhcmEAAAAAAAMAAAACZmYAAPKnAAANWQAAE9AAAApbcGFyYQAAAAAAAwAAAAJmZgAA8qcAAA1ZAAAT0AAACltwYXJhAAAAAAADAAAAAmZmAADypwAADVkAABPQAAAKW2Nocm0AAAAAAAMAAAAAo9cAAFR7AABMzQAAmZoAACZmAAAPXP/bAEMABQMEBAQDBQQEBAUFBQYHDAgHBwcHDwsLCQwRDxISEQ8RERMWHBcTFBoVEREYIRgaHR0fHx8TFyIkIh4kHB4fHv/bAEMBBQUFBwYHDggIDh4UERQeHh4eHh4eHh4eHh4eHh4eHh4eHh4eHh4eHh4eHh4eHh4eHh4eHh4eHh4eHh4eHh4eHv/CABEIAZABkAMBIgACEQEDEQH/xAAcAAACAgMBAQAAAAAAAAAAAAAEBQIDAAEGBwj/xAAZAQADAQEBAAAAAAAAAAAAAAABAgMABAX/2gAMAwEAAhADEAAAAbKbYpKN9UDjsX0ENxA9EE6rgMbMDeLQhNbs9J5Q51fbWXOpu6sxsyvZE9wzaeQ3tLI5jvcMwsyGwZZHW05U72v1ToEjY29ibAtgsNrtgsNA62M2BhVjtbIHjd2QmTF+ROsnVogusc5WH1rRW28O8YndUEe+dG9pZUTtZOGlM40yK2yHqYGzTWUDbQMAWdyWDL0W+dmyvYpbyGWw7yLdaxtvcMItyvAbMr3tPIa2s1De08rzbmcnLmrRhxCFMcbHNXTfWpojbBxVOWztQgK6NWiNxCyoxbzTj0BBylau9L5qFF7Evz6JX0O/hegUOYZtMPZVay3WQtm+tTgNuVejiMq1tdsfTKQNuigLKVwdXEVNzKdsaTC7VOtqSAyeHrIMQTRnSjKnSZI9pWd9HRyqtWdErFUkyAOnmJXLVxaWDkCsN1WA3DRzammJFJg6vGpMxvzusO4beZEz3o2cr1E8wheLGmozqpPcxIMDIh2ET1GZ2XCUYNgdlKwsjdg0QMxd18UyuPXSDcr6edrC0YaRitwCulesZTIbmHGTWrXGTrqWt2xrAb4WBDRmJGiFLSdEU2hTdLap7IrlDZFpAWbd678r7znzjI6TT1uJGa1o6Wo6wyO7Th7MzCe82jb3XMHsOT2Clhqr99POJovWA+T0dq2qzaIB/OZ91F5PpGIpipqrDjSbIxZYr0CSjSe4yntTAys6jLYldwsrI3HMZZMVto3oZiI+CHVQgDrUsZbrxCEfRwe1aoa8iirCzgdjNWBSMqYVvrMEJcVy22VlN+9LrRIhuoNdd46R1zlQHy0O4jBT9Bq2YriNVdPVtpU4K30zat5tZ6YPj5xD0MR14EPvVdZ8ZBus6uOiULKSftEPRhCIU3Jqo31FdzrI2vKU0qxxqM8F8nroSjoKkkKXUyp5+tVtgBSQN923nTK6SuEq6Dn3ycqW9WChobOyhm46fn6edL7BjFuDs7zRXiHTvAYVXD5tVT0QvAZLwAVzhbbcxz3Vc93+et3vVuYrteD7eY62lfvnqENdu0abYTYUxvlgHZu86FZukwZ0IY9jiYzj7SlWq2VziK6TEVKbq5mr0KQsXFoaMw7dF3/H2BuyrpUsvqk8WNwhPXw0r2IU7ijECc/bquUVwYxgygdY1AruYSPFXqeakquorz513HelRbRjifJ0KmulitMoejZisJYkFBktgeJm+g2Xw6/lWHOSLks6YMVs8PK9qx5yT0dyE7s6hT4aOQH07u+w8+7/AM3ud2Dk45OEys74E156aSxzhBDx5dQ9ZUFZeGxDAFFYr2HKBMU/q+esWM6K8w/piBbKvqpPPdXw9MFjhaVV7aIWEbCWsuiL5dNMKbKTKLzTrMa2NatQfxrQehcFXiTG8Faii6DxQU8uS9nyHfzPPR/LvTuHt6EoIuVbd62877xbKQsr1E7Q9oyXyAfLY9Pz/Dj9HJ0Somu3IrWNVnTERmLQT1YahzLrJ9F8x9F4uvppL4Tm2RqLNr7DSkfmeiPnhJcPjqJWcKtT6USro5PQlPIlAvaL+iQrkHdr33LVdxyI3OcZ3fKXnD1TyD0fl6+sv5ZfK3oFfHc5fn9JE8zS9PN6znmKxh69y/nckqcYmM6eTVUzsqyweWNkSakMdXWPgzdEJ0E935/6RzVZmLKuEsTkRIzdaqI2ofg7d6wLr0bn9vBaOFuhiSPtxuNVbNC+ry3O+Xg8e+8uoDC4/GOPRyPJ+qeUdEr2C2zr4PXvNHPGshgtEGJVUbNqvoLwj6B831PC0nrXj95lyosvxZuW5vuiemEjBHpIl1BmpvquYc8diWYG+DEFaGGXvuY6VsWu2rGoeIGxFlq9QRRBNf6U3DJNvlc0wACSnw1gnu+gM5r1yHoodbnxr2jz3r6+AbQI7PPd8E2WtAaNk7aN9G0bpvZOA73zfTTeO+2eYVbiiOjZ9Hn8ZnVnBuDv9Kmr8UwZAtlF9bHT2559xxMyTZXMdMJARMB0HGO7KdzbAzNexsRSIKdmj7YDGFdGU5JxjeITmNN87r53GgII9JMlc759tCnWgh9J0+h51xHrCy8/MN9iB1cnKb7Rrn8+v9JK5ulwbTZzXhwnoCK28w65Ie6doX5X3fK7BYcvISrWC7rgvZrCX5CYM7OLJlr5NUPR1pqNuRKk51amNRjUs1dFqAOF65dwEVT5tijRLFkUunQFjfZQRsyqaNaIQpZTvSPLOypcm0hC3b0chbc1tcQMUD9W8nWzYSR59YmF5xiOkAo7uW1hqgp3zjzz0bzOvl0PT8n2SiSvZW5GExjfNEue6FDQKhuh5ftm9I5hshI6JfGFWu7edmxAgjO6NE5XMpnrdD0U0jvUJAqC8UoxIAFJZKBFHSr9wimum65uev7BJafD0d0k0K6cvkI0b0Dao1sKG0V48sv9BLqPKl/dGGsek1Dl5uY5p0o65UsAy7RDphOfK6WmredmPNs0HUgp4dPXNjNWajM3/HF89OhIGL56ANV05T6BWktwc0r5E7VkCVkw0MGQRcC9ODpcTkyEHtV7Of2vnHVy7ektUs0vyPSEmtRU0DCd+nq5rVJNuVaUr0qLi61RgDLnhzCCT31T1dXbiAubp+rjH0bJoV4X6Hl8eC+jPNXPn04RK2bqnsa+5qfO/SWg1cYZnLGc3GhWofMx6qnnZJXOqHP+Qbzd/qJfG4ivpeZcnShoP1rDgu5TudlJ2zPLJaqMEsDLTp3FSuw6pVTcr0KDonG/NZtWxsxoTu1lEq2UWyR9xR9SIDc/0o/TDyvj/bpWT5pz37ixvN5t0oHcLWtXjUog45WgNqpbsUw5y+qa1fYygbNFbOi+Z6DmYkOuhWexXAqwfSIBek+wufGO65e7vsAmKGBXQc00TGUwW1Jhg4hOOiUBbNJW2UbDoBsaVpT1vMd8idYdTd6XkQjKTqtYU6V5Ata2VIm7QbbxLU6PL7ZJa4X5xme2gQXmegR1LcVjGVIJmiq0iDLsSQ9shUowojQDEbpfW7Dw31T0G6+81s6vjvO9BoOg3OjgdasJIVSJoKLZjLSE42UnZbG5X3WTCVqfR+E9Nbnb71nrePvMw6FJNaNPM2yxHJgreGoHPK8XYN0cGI5qzhao9MLJOGKYc5ccj6EY95HqmKJaTbJ2LTBbdn6HVE7vM64ZmY2q53p1PN080p6rfm93FVdrWDwwffqw/JVOwa4O26xxC2y2bV7Pdoae8qI9PyYyzOiGZmbZGWba3rY2s3rb5mFuL5Os4Npz0RbE6QmwhkV66krRbaUXoBi6S4nM/S+mTb9PLmZnRLMzDszMOym7Aeb0aD5PpWRjCdKKIzmbbpksFFLzZKcpixrJe2s338OZmWlmZm2ZmbZmZtmZm2a3m3z5PaLzPQLW31U5G6Xok0sfHFNbnUrGdUJlBajG97znvDzvzM6oZmYdmZm2ZmbZmYcKo6EHk6E458ODuAKvkDqeynkIaVZ2cupRl1c+ZmHZmYNmZm2ZmHZmZtmZg2ZmbfOPKlgwtd1vNP4pMW4SdoKehS3FDZRlZt5WuOa/rHTRl2cuZmOMzM2zMw7MzNszMGzMzagVjqTrbS4zfc6t1nvctsuZmHZmZtmZm2ZmbZmYdmZm2ZmbZmZt/8QALBAAAgICAQMDAwQDAQEAAAAAAQIAAwQREgUTIRAUIiAjMQYwMkEkM0AVQv/aAAgBAQABBQJnsM2RDY0qyGSHMee7ee8ePezHuMYHM7z6XJeDKMXJiXq0B39W/wB3c5GcjORnIzmZzgecpv03Oc5Tfpyh1NAzjGWeZoziZqefTUUGFfHAg13FIMgQXLOQm5v93c3Nzc3OU3Nzc3OU5Tc3NzlA82TNGB1FezvmZyE5rCdzeoG3NxeM8TYn5hWcZxnymzOTTm8FzQ3kRcjc78789xFyBBcpnMTnOU39W/Tc3Nzc3Nzc36f0WhghgIMCnYAAcbKjQijc4TgYniPYYtkU79CfAeb9HHou/QzhOJE5MJzadxtraYLYGm/3dzlNibgM4s5rp4zWgTNzc3AZ3Ib9Sp+cGPtCvyq1HspUZOYqRc+rY6hRFv5RW3DFmvLnU7kDwaM1OM16Azc5zuTuRrfHenei2AwuJym5ub9O1BVFqWdpBNATcO4VhQztmdqcNS0ThylC9thlHWblLUGzLnjNbors+33OyZ9wFbXVq+oX7pz6Gi2KYw5Th5CRV19BmvpI8duHQm4ecDEQNNwGcwIWG9eKU5laRyvo4Kz6i2TfotbGDHMyR27PErVZtRLMta5b9x+Q0XBibZgGlmnihtvNwRb7EmP1R1i59TSqxXDNK22RG8enKLZOYnOE+A5nMz8xQIY7HfmLyigxq/KUWsbKrwtV1iE32BnybLBrc4TQEUjdFlfCywQ2Vsx7fOxxzysvjOOoSzRa1jghuCMOOlYgqWZDtXLIGmjBGgbUrusrbH6kwmPZXYEIlnlm/BWFTNGefQCcY85mVsTOKmaE8CA+imkC9q1rybQShDu6QTZgx3atVac3SC9p5Yc9TKvbkqahdZyUzSsODcVRtcvPcVYQrgclIaOQ014/v+wZuV3PW2Bn90b39OhNepG525x1BueZomCGBCy5TODc3JACGoKasYbQ+cbICzKtXkGJKqhHcStcywNCy1RLEZigMalkNbajENLRzneKgFXn8DaQ4n9CfmaO5+PStyrYF4tr9Nwt68p+fTcM5RWE5egeWonZcOzWEq25v0E3BYJzWeTMl+2F5FnXzTXzc6Wd7jKsgV29/lktW/JirNuMdjzo+n9KfpEw7jXZS5YQwwk7G98fFa+E82WVqqtuNuDlKzPE4iPktrvnbaYgJCqziPUVzQWM4RSWtv5CPYWlTbmUJy4zjpUCMncKIfPrxgXyU8supxmoYPVfziWjspcDC83OQEDic4H3PAnyaEmVVd2W4vbWtS5ah0XZ3YqxqwAq7nACE/LcTzETyVAjkTKsLWJVLo3MFucWzkLa0mtSnkI1KWJbieBQ4i4pMXGZoMaDH3GxiYcXx7cyyoicfLD0EwvKIkEMZTAhhOpWTN+WsVVLbmMWDZfmupip7rup+MP5YmfOVVllqTlbbjJWiIDDtYxaOeITxBZyCsBMn8puLuGlzFSV0sDQjlUtCtjIjRcCslcBK29rXHxUjULHoWNVL6hu9NM3oZhN8/6DweYYXiHwssnIwWRLI9hac9RLtQfKe2Xs9hVWsKXv4ht6ZnLCmNP6zjpG3MZeEtsMKljXU8pw2MrwQVXpkHTApOCigYnjEo4zUPowlkeMJcJkrLF8+lLcXx6jbKum08DirW17DuEReMDR5x3Agn4gBMKHfE7DaVaGWGiy17sU1lqjGx2ArpdpwZZ2LSPb2a6kpQiv4JsQgboxmaLj7mPjV1hKuZWoCcAZ2529TUMPo0shjCXiXy0RvRZ0+8+3XJtjXPorssPASCET+v8A64weIWm4SJg6tlgfHyMl2htlIWxDpDfxVVzft1XF512sCu08aBYO3igu9GO3DFpAKIOSiCIgM7YjpCI0MJ8kx/QiXiXCXR4Ys6YpOMqNKqS8FHG22qlkOLqY9FSy/Frj1ANXhY/aOGksq1b7RmleATH6fxPf1dl5vKtLrLo267HsINDFmyW1cGXjuZrO1OQw4bO+k4+zTVK0HFVA9BK7NQPuO8aPD6GPDDLx4u/Nqyz8wToXBcRnpApNZN7Vid7Re/4paSKryXsFdsqRixT42UaKC0EFQnUsgglzE52ThfTLLC0d9Sq1xHLOVMpVrLMrp9ns8vaugHPAKqKDyi/QJ59DGEM1DHEb0yB8b/DGZi69ERmPTr8ClHxUtmPRWkNFE7Ve7gJQuhd4sVZi2aLNwTvl3DlVybA1Xt+6+Risoxe4kv71gNTT2lhi1caaaQYcfR6cEqsuy6mozRp9/Lp58Y3+tPx6CJBqN5jeI3mETUMshhEu/GWPkzgTJsVhhYxybup1Vrip8K/07lbxqlDC1BoVtu3GfVneRsIc5VXWztXUs+VgTFCm9CRkV8EoUcbUYTDCEdRA4WWMHx7H4b3Pbci2MZ2J7YlerIUyFPnCfzittKzB6p6nUMb0MuYCZGdTWL+s1iHqWZabauoWzsEl1ZGwX/y8q3kSs6a5XKxOanirBV4RshNXAWmsoptTQHdmGxKdwCWuxN3csi8lj7NfNpkpkvKsWzeNZUiX2La/O1Dh3K5zK9LU9r19bTnGTUwl+eB/FYvqJubm4T4Yy6+umZvXqK5f1PIyWq/86DJ6dSH6mzL7rLsbk1N17PdFZ5iH73iD42vaTMZtLkZLKGtsaVvaRR07moxOzK+yZYUWZe9YtnFLb0lViGwI0arzZx9tR4mawIw8XbXY7VVmypVTLe1Ks/tjIXuI/wDKjdbYRBpimbhcCPm46R+rYSRuvYAlHW8a58nrmJjvmfqXcty8jItNarUzAL8xW1mxtgm7Wa/+SEhal3XX/JCREOxS/GnGIcGtDGrCynGQobmpGRlWOmK9nesGxY2pY7EeQeQj5WRzsycvuNkZZlL5MosUyk1CWWI6+2oaCimtMjKopuys6p5kKNi3c6Pk1+0s6xhJH62RMbLuyaMnq9hFnfsUh3e6gU1HSx/ytVrRQUe1iYqKQ7bweBBmNXVybgbBqYI5FE45N66bGB3i6NPMLDaQ1t5YY9tmsjL+8G2EVd2tGIMqurAyBW4GOmvaFAKdRq4AREPyW+xT7uyYN4eW2VBOpollyYbMtPT8cV9aoSmshZUO41tSJF6pj19Fv1xrsPAO3eyshniKCuLx932aRjdfx2py0O0GoeU5anMTmNbTkGQTpg+T+Mm0feC7iWcKxfyYaZChWU27FoLZdY8Ey6wiG5xaCvBLAWNm5Tn6i59bFraiOIZFcLYj/BsgCLnJMrKYmo7gye2tVfPL69i9/Gf4rQwSsW3Ge0/xb7LLGqbjBrueOaaK9Lq7vUx/DruMt2P5R97gM5CEKZ2524i19zGTguX8biRtYnzNlKhKHAm9jelpyOF1VgK2WzLyVC4zcyyM8tVakXIIJdJ3EgyuM/8ARBpq8w3HVrsZ51qcgAvKw9N2aAoeu7FIuw6+ZWoIKMjaWb2J5gn/AM/pSrn1IfjqC/bz6fueQVM8enKJVY8oqVIJm/ypXkFAWUoNMwKMxVqTuu5+BsKWW47qEyrABZZ3LOnLqZFwrObdzjWRzzNFey6IZVwUs0sZgagWB8NY/hX+WPwC9PIDidYqNWX1Ov2fUrvNVNhEvH3B4n5gEfwP0lj8McfjJG16jXq7Fx6LGs/T3ID9O5UT9OsAnRsdB7HHUXUosMyBuYybpKOWR9JZdoWXrwxLS1WW0Xk1qMa5kkuMDDSWEKrvysz2BA8BGJPeauV3MzU1kxt8u18cY8XuqLu6ERMdudKnlWREcMjItq9Rwzm9Kxbg1YPl/PpvUqqtuXExGuvxkWqgS4eOrVTzzxMm3HWu8NN7jx5eY8t/HTm+1k7lHKWo0RCbKzwFnzOKOFuXaGsqZOIY1iy3ddVqhsuz7nPc6bjnuNi0mdtA1Q8LQsZQRUa+5oc37cusrrqptdzXpRgXfdRFIA7Gd1HoVGVZd0F61HTZV0flKeiXA2dLTWHVQsUQQjxnVbU19q/JIevHyWrbEvWysnxbL/y8u8J09vh8TPii9xjMtxtL9rTaNs6gEgmq9Faxu5L0K1opaZNRWVJt3IEe3ZprWIqiEDja4VEepl5iWnbhFFQCdpW4tazK2Md19aQhKW2oO/WxtDqFr2W49Arr3FdY9sy7AFyLKw12WhXlMTLalsXJ5u6fHMXjGbzdrWP/AKq2lnJ4P9bY/O3Ir9u3f84+RymVxK41JJqobVuKSK1SsdRKsvT0EuXYTFOuaqu+aNNLY/t660rQNaUCkKblsARK9vN9p8DNXjc9b09LflSv53OUyG+OFXxet9yxxyUWJbZd4zsnxk27lFTGdnxbTqYfIzAJsxupzWzkb3jr9u0cTW6gGwcVs/yM7H7syKTSaH4mtu6WsFarmNFu+w17F73Ljpy7D3FEtz2IoYuXVq4CWlVerL4OCTk0F/GWPzUZPt4bGvZrRTjjqFjToWV/kD1cbmZZwrwH7icF326jLOnqxt6XimZOLgVFRs5HdC0Yt1zdOwBRTiN/j9Sb5meIsyrpXYWiLqsKA6WaPUXD2+N1twU2knnKbWaItQSupHs5pQ1jr2inKyum1Ij7Ry1cVvg5LSxhD/Hnp77W58XdsCt+fVA0xagqo3ayKLQ1VJ2sv8J1qyYefliqnGuae1+bYdpY9NybrE6LUttOJj032qvuqd7rA4fxmY27bB8h5sEzE3MXiqpYNW2bss/FvyexQIIJWw0H4t7gzFdNGpGOPT7l68KqslEKVJ2jY5YlvgT8AeR2bI1fGKw5uVWY7WE3szOzMqqzc+l5GhWw0rfO0bWzF55LUKEqt7c9zTzpsrLtaq3ZeTxGQ7XMV81D5c+KZFw7WQdnQMQaAmV+D8o1lqRLSWJseV1qRkDTfQWlTtEsPHFJqmRe5j5NvHH75nePLn5vPKIkCOBZe26vvGnDTVacJTWrXX0UCBaACvjCyDZQG+VLbVEXuallUancFFiBDepdCx7e4yaiDzafGS+mbe+E/sS8bQeicFndYTp2DZdTk9IwbE6z0HtIfHoYohOotjQvzYaCn+C2vXXWkVkEZtwMDO8ViheOMQjoQxMXYgUPGbVjNsY93avUhxWxDVsPXQmyIZrcfQj+So85rcY+3IUiGCf1Z/HXnU4zEw3yHor4h03Muh5ldKx7zm9FyaYyMjT8wjUsXaqWWeeC2Karyyr+Ym9WeJ/fcnLzi3BYtvKIC8apALE/yCnxJ4L07MFdmP5ZDp1O/U8obNQ70ohSDW+oNFG1VTsxYYf4svyCzGoNt3S8VajDL/CLj8mbHImThU3DM/T1ZmT0nOojBgW49kV8xQNnIK1Op7sOM6xtrDua82VlfT8NRcpVb2lbnnbb91LNrbbX2jst03PaiVZS2pQ+/odPlx8lvD2eLLvGXduxflH+K/2PT+mX5KJ0Kr54q6WGWDar9o+CGrQx8VSbMNiMvBrcCMCsxhWE6grLZ05xyss0zhoX1KyWN1vIUopWwea1beOgUZHgoRvkdN+OQAYzAzXxmwcusxLfj3fPLxZuFhonS32BXybdF/NqJwDnZWCCajDzrz0RNUVjSwQx12KvofRixzyrptAPUH7llG1buzKcdpp0+ZADWf68YGIxikmW/ioqF7g0TzjoJxmJ07Ly26R+nBj1X93GYZC8Vcdt7rGLW7mRbxrsYy6YyeLGigCD0E1CIo89KXjjj6DB4Pq4lxCr3RMq3TgEzGAXIehcnJz6ylp8NhqAqKC+a4MRSWpw3j18TxXjNjiranR+nXdSyMToeBjrXWqLM2ocsvEKA5TVJj37guHO2z5cmeV1qodtw+giiL6ESlCz4FWk+n+/UzJ4hsh1B8tZip5an7iFKlxR38zqGDWMgJwjfFEBNy0oLb/9dukWte61WPQourBfA6Nk5bdH6enTsb1tTmjrLaEaNgV7bAnswodHSHc1qamoogEAmpxnSMUs6jiP2rGBl3yuxqV0LAgoyQTe3nCx3LbrrjO11tuweVfNhuO06oSs6dvbNyt6P0XcVQq/TlJp5wEasTtR0EtxVaW4riNWwnGAQLAsShjMTA5NTUtSft3WMwAax7q7MejHcOLBpwLN4jW11XbYBzWLnexqKyWJgJ7lym/I6f03v24XTMPE/YuXkhEB9DHm4o8mlWBwqjPYJFw0gxklePuIgUfuMpZ8VeORm5JdcdosNlaivK/xsc81v/K+WUAEncVtNgH/ACOl4oxsb9nIXVhgaM3gncUSsfQiFjXUB+/j4jtKK+My/NeANsKty2vVxHGjGPBLri6466BldiiMS9v6a6Ybcj9rITkkIjIYKhAgg9AIlMAA/wCAXN27skg26NOCG57jgtcT8Ht0C/IY4+Fv8B4HQcBs7LoqSmv9u2mampr0EWomIgX0/P8AwZVoRHfZ2xOHSTXkKUjaCqxIt8ykgFshOBbasPt/pvCGH0z9161eHHMFDwURUVfTlAP+FedsYfLHX5pkNWXfuRfmxrFdS65WL8qV21KanTKFysxfA/f3OYm2M4/8f//EACgRAAICAgIBBAIDAAMAAAAAAAABAhEDEhAhMQQTIEEiURQwMiNCYf/aAAgBAwEBPwHizYsvinzfxviyyzY3Njc24bsQlYxfCkUjVGqNUamrNWU+b+NGprXNDbMdV2V2Ps0K57+DKNEaGrKKZGP7E4om0/HEI2ShGhxoihL4NfCuhll/Cii6RkfY6ojr9kml4FG/LNRL9cMsf908qfxjGxR6PosQyjUoa5uuYtCZrY8biNUUJCg2a8QVDQke2QgeyhYYntxHiiSwIlCuGirKEjaiEuyc7NrPb6GmuhRkauhQYoihsRxpDaRujaxD4fgzc7offNceD3R5WRy/RLNTojl2GzF0hsZNTTMLf2Lx8MvniMdmRwwNIIjGDNUe2j2lZpE9v8ieJ/8AUxYe+yfp++iENR+SHgYybIMi+LLM3UiTMH5ElXRVngg0l2iTX0Safg0TVmtHuNfijsZSMi7MPcR8SQokESkok/VJeCXqsr8H/I+2R7XZh8G1jf6Ebjk2WRlJnuCU34Q7+zs2N0zBL6Hkivsl6mESXr4EPXb+D38kv8mSUvshFFcIwuiQuL7JNfQsh7uotUujbom7fY0iox6PR4Yybs9TjqVolZKN+SWKLMeJQ8Hp1+B6vFT25ZFWR8/NyPeP5Eh5ZM2bNj08nGQ4bpjxLtFFFEI6wSM0doH8WXlC9JM/iL7Z7epGlLscr5ixlEmRxuhRNSjUUiGVaE4X2j2p/o9iZi9Kl+Uhi7VGPrpnT8cZCXnlM8CGx+SV8N8Vxjl9EPBQok510i0xRSMmV3URKaE7MpPhj6FKxdceWTkzsfDGxGKTTE+FjciUIx+yOtdyHkwrwPEmtnxkHHovsZJ8bEZiLN7GfY2eRcYZWq43ocMeTsfol5UjDhx41bMuXYbPI0ZMfY00djXMZUWRRJkuInRRF0Qnshli6HJviYlS4lE9qz1DUfxR5NCuNWyqQqZLrihPmM3F2iGVT4XDILZkhGtof4xMktpXw+++KspIlSVIx42zNGmRhcaMq+katc9G1eCEtlYuP9i/FcJCPUS1hynwmZTUxpJGuy7H0jGZEqsx+LJyXPp5064QpIfZqIc1FGfN7j+VWSpM7L6Mj6oxqh9mSdvr4J0QlavlmxkzqJkyyn87jFE3bEN0bbMbonP5YcuvTEWSmo+Sedvx/TknZFCjXZkITcSrH5+ccko+B5Zsf/v9X//EACgRAAICAgIBAwQDAQEAAAAAAAABAhEDEhAhMQQTQSAiUWEUMDJxUv/aAAgBAgEBPwEtcUikUi6FMtf00UUamhqaGvCXD64ZRQ7Rsy5CmzZnuG5ubI2Ra4r6bQ8iQ8loTLRaIxTMlp9HbRGFHRqOL46Gy+FI3Ysgsgshsi0P9DxyshGvI6JOiL7E7KHz4ExxTHjGqEKjVGp0a2f5NzdlGNWjvwT68C+4/wCCG+EULi+KJwr6bZfMIsT6Nix0Jm3Z5Zqj/gizbhPh9jixLh2dm1DkpIoihqhySHISJMTGbk5fg99o/kM99izsjmIyvi/gqhNjPbsnDqiEHRrqbsUk+zaI5KxSTJSN9TJmZcmUzUfMGY+Mja8H3fImkNo2HM3HKxpEUiUexQ67Kp9CVmaXdIoRBwoyV8D5g+yHjjNLVDytmzNmzZikbibfg266E2/JtGhTQ5di8GTpi4ihjKKIrsx9xEjNBMo8C7JO3RGJGL+TeS6LIrq2LsRZiknE9SuxcLhkYuXgXp38kcUF8EWvCGS8maPfQv2XzRJJCxNjVLsTOhRTIY9Uepg/Iscn8EMEpEfQyZP0WqFggvJCMTJN+EWX3xJGaWo8htbGxCfYqkNz+Rsg+j3Ee87syeqcl0ennaoiYZf+SOSUbJ5nJdnqH956edquUkN0M9V2h/oRIXZLyKFmqq2PVlbn6NWzb7qIz1PcvsxrVl8TltkZglTH6mKdSP5ED+SjfYyT1iZZbEYkV2ZIiqKPLMcejLnipUZJp+B5PwbU7Pd/BOyP3Ix5Evtke7A9+Jl9V8IgJ07Mq2JRlj8ilZjM3+Dcg7NWhdkokYqhVqKh3RFDp8JWY3RMschdl0JuRDH12S1l0ycNZdGHwS7iNUY2zFrPyTx6sknIimx9QMUIvyZOvHCgaWY8S+RxTlRJR8LlR+RdmrQnKj3qXR82Y+kJmTGoogmYId2NbDgZMT+B/sls30e20aUQXQo34JtR8m68kci/BL8iIoVmzGxkY2eBMi7R7cWe3FfJHvrnJi2NfwSFHYUT2/wZcfyPogxMnDUi+L4ZjVIbt8RkPJSMF5PuYume6jplEJMx/fKiVxlRHst2XZkgkKPyKCbNNlRPE4F8pWSeqojxsZH8GGOsEuE642EiENeyc1fZho2+5mPxbJTizyRiQUn4PbvyZMesqOxJs/yeXfDLIreSXLXDRij+TLk26Qk30xyqXQiU2yCt0TRjxN+SMUlXHqYWrHY3I2IyRsNnl9GDD7at+fqukQ7TZu/gSd2yKXkk7F12YcfVy+hqycadFDEUY8DmY8MYfXUpEesbMLdijY46oUbRGGz+rPi27QyiMHLwY/TJdyF/RhgonqO+kQjS7McvklFS7HIxql9c8cZeULDjQqXj+r//xAA7EAACAQIEBAQEBAQEBwAAAAAAARECIQMQEjEgIkFRMDJhcQQTI4FAQlKhM2JykVCiscFDYIKS0eHw/9oACAEBAAY/At8t+Hc3Nzc3yub/AOJ3/wAFj8Bub5x/y7Lz5qkh6ean0Z1Rapsmlyb/AOEyQT1ZbEVCJeNUyYb+55akWclnH3LVNMiuKhLVDN/wNsr8UliGTPDsXI6cFkpNWI5Ipwmvc3S9CFUn7kpxHQmiz6o/8loz5a2RiLUbwTS58W/gbGxsTJDz3zsPUeg9OxopUt9Ruvzdi9j/ANl6ZIVEfcnXU46H/wBY5h17E0u/bhmirSRj0qpdzXQ5X4PoSSkXLG5Y1TndklyMNkvcuzafVEU7k7epDa9n1HqrftA1Crp7j0wn2PTtwxnqoqhmmvzfgk5NM2IJOYtlpq2Joy5ixCPU5rP+U/Oizfsaa6dVP6kromlyRhts0OlMhcppe5Oz7ZR1400Lv+B5WOSPBuaqidTk5qkVU1VM56ddLNSWqnoal1JptO5DSpPbwGXz38C5HQtx75S/AljqqX9zq/YhU/5iHSmbQdxVpnPRf9SPl6tVPTx14e5MliZ4d+P5a6DqquaV+xDn7iqi/oRWvucm+Vq4JlT6Gqn7l1bvA9iKVJdXy8uWxsRwRPgXLZWZdliOHU6iJJTN87jrq67ErbsiYc+hvJaS73LEVIhr9yHg60v5rmlqH6s5E1P9hzSTQjymxEZbI24dPfxLvO5qm5LLkUbZb8LR3ZppSOtXqT0RMEF7P0uXq/yn5qvRWP4K8KeBMp7MljjYjxNNTNNLIeWplkQTBMFz1IGlf1JqnSQu5zN1PqS6YXTgv469C1RuT4nOzl8rFUzY5iEOqbkaSNih9WKtdULvlpW8Euykt+EXubFxatiElOXMTSJMlofY0rY5S5diqpWwtKujTsQyzJY5dsuUSqukzT2oIFWzeDYsvwlOpdeCVnFWxBCdiBnlJZyvLlNTtnKJqWWmkqbXQj0JfYXoT+FVrNxJThVYkuN4sKqiIZDG4HCIRDRZG4kScqFNJC6iknc5cNs5lpy2I0XOfLUyqm2xD6Fi7F+CuyzNOpU0q9T9DBWCooWx6sxMGp+W6JyhEpDG6xnLuaWSiDck2Lo5WW3FNJBM5sh5f7FK8a9SHpmo+hgx9pJxXHvVBCxcGp9tZpqTpZOlUa10VhYMp1buOhp7CpX5rEVvKS5JpNWG7k3k5lfLlLmlEljlNTOc+mbkVM10MlI+Z165b7C8PVi1qhepGDS8R93ZEV46waPRE42J8Ri1+ihE4fwtXu0fTwY/qYlXVRTT15SrTH3pHiYlTbQq9T5bIkmSnEXc5S7LXJ0kJGqp3LuUdCxY5xmpkFhrqc1zTBatj1XJW5pQ8JYbbKk1DGU1dympduC9jmxqP+4vjr7Hnqf/AEmiimufWF/qacTXq7KGR8NgR61mvFxHVUKWp692WSFiaeWY1F9+4n0k9Df0Gu5V6ZwUt35UXyuSQRApZuXOVEvJ6aqYROo3JbPrE00kNH8MthlU0/scqKsSlW6o0v7H1MSimO7IpqqxX/Ii1GHh/wBdUsxcf6uJh4VM1NfTp9iMP4DAp9a5rZTVViUU6v0Uo0S2xLEpUyWdmWLUVF7PL1KPh1TGmp1O+5tJeR4lcumi8dyqq6vY87MREFuuVH9OUrLexpeUm+Wl5+aTbO9y1Fj+GcygctDrRKpIxIdXVDWDTQ6aad30JTkh1aaShqmw0qqasSrl0NR+w30FNRrTac7io2RdlGtTTquhfLw6aVHYb/LVsNdcrMusnT+U9MsRiPsWEuyLlickxZr1JeXKRUhKBQNomScoHFbguQkU/ES70yjXT5qfQVOmPXuavzdC1dUvYwsbFxsWvFrrVLt0HqqIqPQqnLCo/nIKlFx0vO9stzcpVU1KbpdR2h1OSnPTlGViMQlZepdEdDcs7cGijcmohPi09aGaWYnwtXnTcFVPUkSd9N17k7Tl6HfLX+lTkx9yGdzc6HLJzOEWX3ypyua8rIkkkgkhHMixchEouQRGdyMoPUdP6hi+LW2q466f4eKtVJbJ8NeM15nCyYzRjU77PsTgfEfatF6qP7nPiUl6qmeU5cpLFyMvXPlOYsKt7li5Cyikhq+UkEsuh1IuaoyTW6NRXh1K1Sgp0KcbC8v+6PlV+bguN4dDdK3qdqV9ymlbTuUYVG1Kz1QQhU43l6cbNJYhjsRURlMC9yIybkcliD6igddRZZanvlpZvYUob9Daxcqwn12Jgrw+lXOj52E/k4j3/SzVoxH/AEVp/wCpfD+Mf2pLfBfEVf140FsH4TB9Y1v9yfivicTFjpskTRSl24GTkryuxqofC8tiYPLYlZQyxNRBY3Ni4oJNOVyUzUbXEjkOcik0soqwt5E+6KPiaf8Ahu/txLBw/NUJbvh5nc0Yafu8lH3NL4U82oHlJcsTkm6iMpLK5rqYkiCEaBjRqF2IQxamKitx2ZXRU1pqUGl70cr4asavzPLS17Dq+fW6VvTUiU5RGqCKOC26L9CMokSEItlYU52INTY+2cwaUITWxJKZEnK7m5CHDNO5JfKrDq/Pfht9ye5dqBuVctitL0Pq1Nr3Ppuqo04dMjvEFqaqjnvW+Dy3FlbJlyMpk3y0zl6EIuzlFV0EjYbJZTDuTOT05cwqUy4qqehTWuq4JpfuYeDRg00LbWz6mO2/5UKnXi+o1h11P9jRVU171FMt1d5K2qeljFTolSemTG2TYWnZZW3L5W4rkrJXNUm9iR0m85QOXGWmTe5zE0k8Hyan7HaDfLaUKKfsKVYpbxKSrTUmK6ucnm9Sipt6qeqtwWh5Qy+SZZwy+Vqan7I5rEce5Y1LKYzhZaqXlCOZ3yvk3BKs1sOfOastWVsuVtexGpwvQdVdTfvwbkSvtlObzth0z3J1Mw6sT8ykVFeBTU11HjfCT60Pi3Ow+pDREDrqynKEXys8myamaegjV+XqKqmpNHob8V+DqSPgfAqKUJdlA3k38qKu9NjVhp4lPtcipQ+DlNySDe2UFuC5MZRN8tjY0V+V/sTv6+BfNm0SX41QhJLbPYlbPLTi4VNXuifhsXR6VXL4LrXei5DUEJXGaHciSFwbG2e5ppZzMsXGShU1uaP9DkavtJFuCcrK+TdMT2y0kcdVUDfB6ZbFiza9mfXwaMT3Q1k7cxchkGrLY0tE5WLslcVro+Yq6r7psUvc9t8rDpqG2QriF1k38CRLhjg51I6icrGwtSJWc8F3wRn9DBrq9ehVV8RWq8RqyWyLqaO/Yt+bqXIWxzqGQiW7m8irr36eDR4kEU5c6Iw7QfJ3gjJioRBLyvwOijloXnq7FsJYlX6q7kUpJZT0qJwenQVOIt0XfQqdXlLVcs9RtLUTVd+CkKenh8w4JNjUOpeYbrq3KdF9W5oQ+5zFLRCJeXORhn01FHWpnyqXqqbmqrvwOkgc0U3LTT7Fq6oLKTyteFqaIXhzUN9DUyERUWNVJ8yvcdaRzCKWhISy0Cxvi6YXSjuaaUkuLV34YLI2Lrh2OY00+IhUpF0SyUSN0ikhZSxI9hUlGDRb9T7InCwlq/U7vwGvAvSjbK5sbQW8WEJjT6Zwx0pDY8pJQ5GxW56r1eF7+FYl3fjtyOpsqqnPTJCGxyTnCF8RWvp0fu/DtuvBmot+B0IsycpIIIRchZU0/kV62LDopileJNO/Fexb8FGSSLG5IxlzSlfPDUc9fNV410Wq/ubouyyysX/AtvglmnK6LZSzDo6al+DtT/c5nP4P/8QAKRABAAICAgICAgIDAQEBAQAAAQARITFBURBhcYGRoSCxMMHRQOHw8f/aAAgBAQABPyHZKGdaTsZy1ziTHGF8wlbeHd4lthjNpfzL/Ag6Pm5cvwuXL/hfm/Nu4eSDxA4MBKdyyJOZSBgYJAJmJwmTeGLUwY+EwMSoyktLUSC4FINWUfVxSFwQu5XuU7ly/Fy5cvxcuXL8KykpKykrKeFu5fuX7j7/AMMpCDNH6C4OqlLTBtxAnCjVDgNxcpjMG4IqJjzKXN8QaVAMPfEuZvCEzlQyjSNYvc5aD8yncZZtlstly4RfjeWlpb+AuCGkw4iszG3GVbDqNz4WahESteE5m1ccNx4GBzgOIS5geFFoTC0xdxGUnMzRZlG2o8qdxhMOF7J2QEgH+Fy4ebly5ZKRMKLiZ6I1oYgDMdQ8LymREXK41wwFLdG5bbKijs1Mxc/M+lsHvyRxFu9SlSnxCMKro/cBeZSsQXgxXuC7jkC9SnUwhU9kGO4ogpjNkg7phWoRudqZS8vLdy3uZxJzvA45NolFZUhTBy8FXuF1Ri2mgMfovUR/5hcQuh0RLFrnDM7m98RLB03iBRR/SW/vAwhQTszLgtd6mQC/cAPiOBBG5bdTpBTMRlYm5ZQlrtlXMHGS7hhBpA1LY8iCARqVNoiE2Z0VCWIC0wCRhtxvaR6NtJSyxGbCIFc1CkY9WzOY+ghj44iqKg5G5sFPMjrRssYgZZ7n+o1YE9tyl7K3iUGqiypHygsoznswxvd9JDoT6iDFpgxmMcXmLCXOYwR5QvajlAdSgRWZBZjx8+I7TBXMySHUbgvucpmcV4PaUeYBimtlEYuIYMqfcrVVHEMZtaacQQyn21MA69DucpL5ZPVHTncLF34o/uKPPKU/0ypmXm8K+eZbdI4mdfT6gjQBduYjTV3PhFVRlZplw69RI6A4YFGkpWzFeIeEwbgteALTOotzDMsER1NtDIYCYlwGNM9wR5jqJq5KsoA5yxuG6lEu+tRKmkmoOYO4ZQlDkRVdThxGyqXLmXcJ91B9ny2ogrY92yzKV+0OrBuhD6MAVQcOG42RnSdTFYG+mWdDyg0y0ymdLuu4lycwHCOKJR6gd1j1LUi6hFWf3lfDZiA1MckY1ZVTjM1pWpbSCcZyIQ5lnUwk/ct+0AJJSjMqsxatjws4kX/2xFcvigoRTs/EyAQuT1e0dqk7SZ0nlYnNRr/+7gysHTmVKOGkg+J9mY3uOuoFSUMluElEUOxqJTiLWBL5isL1VvqUCzcNAWXNrJd6jdUk/KCXDDMYVQR5lhzKzOsLIWJaFIqNtS2ANQlqGoZZVFCjaWuZuLctuFwkGMERcRsjLoj0l4htCfCLgPuUVfBiL+4hyRq2y8ojuv2fMycgWOGYO7qNE10lNdrAyGuYLyEdy3C8ShZY5Wo5aYgOhLpm0KUgYZXmEyiqLwjcWh7sCp7MNKzOqY5RGdwFzC67mHtUrucx8olKvEwyjUAcQbzDjRxqlUY2dIhgEO1S01jW5/2WqLrOKZlu1em5SyOfC1G4QOO5VlOz/qWNnIvUNlLger+YGoLer8BeEVVVQUxNcwIwcx3DcdR9JiFXOhmcTeCOVKjslhtahGo/RLJXmf67m8GLhMDEugztQYrI4T0gEjDbTkJcxBevaZtBuDltekyGerzPhjnlDa30MR/LC0cZgg4w4SXRKADB8jcT9ccTP5/KxG9ldQi4uoo1QIKLKiuMJScNxEovBIGYJS3KLmDcp10C7lKnpFcw/MQVH5YFFsSkwrua+XEwbE4+tlXGqkjWdK4o1EtKi5lNCZNWuYouEGhlVpjqwhOM4JCsaD9stB+OD7gprY9x64uagWLntCcLri4jmTIC8aSiDQSk3k153RNodwzDtvgGp2ai+zOhT2QF0hGGAlB/ojuD1NOfiMjMAhHVC7wtQ8JeMFQXKLGCWNMw5ZmjhhzOWIlVKUZlDJsxjKZrGJNJsDTMlTLM3j0lAcrruF9BjEyHZmupon2sctpeaYiPQm/G+eoUOHlBgcVNf7o8UtigD+YfNS/95JoP9YmBBEIMNTLzlVgjW8DKF4YBlUG2G/mPCGkxIMQtxAhOiWY1S1DieVxoYxAqNwiqhBBKIMHPZAmC5TzEvtUNfmXGqUcCBaZ2R0vS/wAwtpkz6jMxWuk7yKrqFwYqaTbuY4ah0QvFvzOaZJbiq6iljK7glrmfGqQNs/BOiOxuVLiDMwl8xy9/CVqQiM5y7c0IAQhol0wQCxTmVHgo8QDC6vc5x0MRDxCuVd1LR5wFRTLuq1M3oQO5SpSismYJRbFQDa5Z9QnxKiOQXzLkPFXKAm8ItjTjEfluUaZiVFnwNl+CXN1yom6DGSDM0uLiOXtBuFFG0HZXzDvxiaC4YJVFvmawEwqC1MaFqLXTTUFr0SqcoYWnuFi6yNvcAdkgSpTmaTfcsrEbJcQy5aibFRZtTEM2Fx/vdwE8opnnngh1Yg8dwFEM48lxUypVTiwEoc8+fKA3BNvDKbsazcMFQuKm051KfqYhUwJJzJcrSuOo7akZY0YJTCUWG4TSn3HauolQthbiMqJTLNy8QEGhbBl0LWtsQZg9DELJiogUbYu2paowN3T6lB6Ecr+36Je2Y7PHMJe8Q+UrGcStYmKHM7QX4BOYCiCyUZYslxjFj+FylSAQ0PzCFIrE0wjDcrILlFFUSJfqE2lBhqjXapevxCvzB2eEJ9sEsR4vMqb8JWpCYf4zANMM+6TeeHUGQVAdNRdEjtln6lzu0hji0vwR1Rz4jXlS57pTlKrGYIyRkQ4h/ExXAqqUJqaAPllUBfUsApY4ilmLDv2vuCjPuOol7r+t3LUYHeYFWX7rleTcGnzCprEpGkCDRORcohrEV+VYhyYELeYNDLHYQIG7RgOYl1wYXJ6l3GuJQIi2yvKVlWxwRjDeZgI/BMHcI1B+UGLlNxeJhAIir17zKZ6lFRgOH2/+JYsPqEbyHQyYhOdiRQoigUaQ2MgGnpC/oj4V/viwBOfLl/Ag6CU6FGo/SEJkYccynRwQtIrZZzWQNQQnbPUdJBbznpnuDKikoBBO4EsGdzDOBzK4rlhRoibHhLlbaWeKX8S4ONLo5gdNVNZpCXH4uGWOMu28Qns1S8hAXtnu/wBZlG1sh/mcwb8MV/LMR1V3afQSxRugx7n1KxOIPgX1ipeymy6jATltfctNQ2y/EAzM5WXMhkqPKwtmgqpbUz3VN5/ZBRi0wgCBWcMOXMtgrMErzBhHJAwC4Y4gdxFL0vmo2UMasFS5lcUiclImsrqPfRnPcXBfECautQvNx7JglKhdo+Ubob8Itl/BZ/X9S3JS8x/KI8xhf+0Go5R+1f6l7+wW4PglS7P/AKJlw6olXFkwYXqYZ3Cl8YPUouLS2VLuKN2GVftL6TGsu1CAWhccCY4qARoC5WuajnBKfeEoHgTnLjEWviO8kLrGOHjF8zDAyuudcMqKFwk/Aly9S/VH6jDB9QYyXCN0/USVs3DEBAv7TL86TJYfNKfmay+/0BDeIGBfRq1iD2U/IWWpQuiRS7isrCmUs1l9QqtnBBVB+IJbvqFKUPMfczsKhsSUaWjatUaQDQ1nUYGHa23BNUDaE4nwWI35U1zS8RV0ohsQ1hhmIKuqBqcwOUPc7gEsrOUYcQ9vMqxmYUGZY4zUqqQY6yovUHgaoTZZocuc5/cVNKLIZZlSIaVps1BirTdloefiUDTF2cxgTbSm2L9y1a/MDm1bos29ICRAFvcBezlKRaFoFWa5e/Uvdj7jA478FzqOARRvNeGmGrtGwlBs+Zfagv8A9mOYTqtzIjJB+pZX6hH9zAOjKFYMfqAidKLkoVKIaxN5DxiHjgPNKE5VSkXiYhFHK8VGPEp0auWly1MJpUQbqGtNMycGi47zZUyHhQKH9SiBMiaJLohFwzpa06l/YY+EtfxhalGqjKjBs2tMWfJwhss6JUHUo3SJt6R+YMjLEOcjOjPqN/8AGcAflOl+ojtC8E+Zw+ktCEWHHqOxEF3iZMFCermIQnPMtpikpmFyV78SEGpQyDP5IgDENlqy87EBtJU4YSM4ixbYqfKwGsnOQoXmXUXUMFMUEyfg/TFHNia7ip3eJbxhxMm3eo2931tTNWzUA8ZmDSZShvDhjQ0z/czMsfwLJ2uYDDAMkFw1/aerPTEO5tdBfc2D1Q7m7bghyb9TPzK1mYMdEuq1cYIF1E1MjK86xEEGGSOlpiiHewQkll2Ym0E8JOiF6ZaNosiWVI1dow1FJMjH1FRF07QHr3Kk8C6d/uL4BccaZqdXZM0cNSjDqNpHcSum69E4JSma9uIipzKYy2r/APCyWaUdxerHrM/1gIr0n5YRhTBRiYtNSgafJMpOJs1xKiKOIM/ECm+pp+ZhjUw7AOWMzF5OxEpxmoKLgAI9OJVG/DaMcC8+ZCwmIoeJhRuUAdT1PcNYpLJUnJ+4aZQrO5z8EctYgzSgUXzHGTBcSU2BP+ocsGJnwVMMfM484T3gLqX4fKarbjL5bdQYyfmVEZmO7HEyJKwCxKMAktcKgowrKDaUQKzxDfWqg7iAlAQggMzJ5gxH4TwW2ksww91+UrhClnXUNwfLFMJaYqgRrDGmhZDKa4ROjO0SF3DfYIcirE1v7ncbHTZq179PxFApbf1oGV4W6P8ApLWU9B/RL57kh/aDHEX9FqM0zS5leXwd0mnRhrYM37FT8xFA9k5HZLtoXc2MXE+jiBe5e2zEjFF/ZBXKSDjcy6+aXc5Zp7CQzHAeE2qcIsR2m8y4wuMV6jC0lo4EStCJRuIFs4E8EIbS1MbMzgXFEOzuNdhbEtfgZUdf5/D4QxUvwMsqaVNTQ2xJOxMRqOVdx4dqjLHJ64YC16icucO4ervTLbS0vE2MR7XCRlBzqBVsoUahrqIRFiYnFwRmgU6Rd1xMUSkbrEtQVLqC7jjUCfONlvBwsiOIazBRcy2vjmAwZezBqV9o4ghacpeDUCt7ljWzVt3cx+hKiilst3UVQSxS2Ui/0EsWal0q9o6gTYYBr7i/iiO4HfuU3EO3uIWkzEQDqXDY8Ny8npbMLD8y2XvMNUK4Nkl9JcaoSxGrfO5eDcy8cTiDSlwaBqFyNRwLbYlCgKBzmONEubUGFlklWYrjRB5JEAPZjF2CHNHEsys5Uq4zXSYRmwZpLMHEFXRwfJGVLaxMwzbogVIM/hLDj0jSWDuYZcKu5a+lKAKM5Yaj3zggWpeiLQm1cTKyeZZTS4dQLlUjSQlZiDeGKjZjEHqU0XmVZpCXuKXMtupidcSgAZWDKZ9CkxMlcySskt3DMavu4xEMHoynLyhs5dQHGDM1U8LEdtuYiAdlw1FCNrlYGmEZzW5eRFwdVjH+vITYMTGJiV3EbXeh3GJ92GFi44oIE+FrP1KHZ3lEhoytkC+RsxBAizCZysmFnJ+ATNS61cMMYEfBYmJ9jMWVit+SYmlwSzvwB1a8wFrDbuJrcTcDAAgJRcyrebKTC4RnrNxoNFQWxN4h3GCHas6QEDbqUNBDv4gX1dsTCFLLqVmooWO5kzTm37IinoZmGWCZELZZKLKBjEFVmkIFAsa7FwKxQQ5pnG4RzPWZZTEF99bzvnMvsWsoBPrRwv8AZkj3m7zWZp/FzRsv5mhBi7GXy/oWK0UJdWaDfYx0hXsqX9rPAwzFpnRLgW5lFUmZVcsFzqE53K90kupUrlKuglOLiuyjqKy4hdRcLW+Dw4jQGIDlLuGCAD3ZLslODbK2EbMXKQW3uOqMk0l2YOxUeIDuDj47CL0Y4gAhTVeauHUtaKxfcRIBB4vZ1HOEPiQzLaRydMD2P0XFxodNQWKrN9QKPWoywUCDOU/UDglS0YrnZKWPGW+arKReURsWU9crDLMQlgtZhBJiAN4ZeWiU5sYcEMsQ1EYFS8TmBIDIxHC/U9xRkcg3iVM3MTpL8BLm5UoCbWhcysI9RZmdOVeHxM2M3niNjNbj5bzqHXgL+KNfCRi4KCwiDBD6mENLiVXqMS7yRc+n8H1GDQ4SDCtoQwxKIwLC1PMxlmpUDJFypYstlRlLu8OEtDAqUgYTgcTqgjlTJG8Am+33DEsCsBmUq/iVPCTGy/W2J/OIiPXMAzf5JXvM6KxgjXZtIi1ijM33BBDamRLoSm3MMZWd1AqXGyXVbHJLL0TDtXGo1gqoXxPzF1+EyWBLpKg6Xi9olhiQyMKlRSMZmsR/OcHKIW0GNNVBoeJUMKilVRzLzLBb8YUuGy8xS6aS4M5I5zCDcuOYVtyNbDZ7lK+REW3HMBbTTFxKPJAnP2vUwA3ULZx+YyvIQKbUYnuDxniYCN9vc2sMIz4g50HcK97jLDZ0wdZtwpaVhmVql0mziOumJal4L1DxhI4RKqGpiIvWaosliZkIgqJazLAdxOGDbKbGMZZ3cVDtonLAv2alUvDHgCjuK2HxOCvEv0qrqImiz+pYiW0hNyd/MFM3Byzu+D4IgGHt8WcTdYPEOi0ckpI3UWCh3yRVcR6csXNRG6R4uUcxRTAnC1LXcYW1cX8og7ynhBqNTVMvEKPMVwIOCKunUXUJBr1r8pgVjdJ/uVap8DPzj7sp6czpAwFSd1mmvFemLbZqIMCG2trRaopp1D0agmNTJ9Q6gmkzeBSu8+QRhsg8lQUiIcZlDpVTMNKxwrKwJohzAJbMrWktuOXiX2XmWZwShZ6jMftmRJQ0QFFZgNxFQxVeH/YbOSDaBijgPGg93zKpBRbalD/T6ZZ0JpxFbG59RVVuq2pnhTfUA53NcE0IQywzB4BnM4mSCk3EqsCOofwSDyYSmly3ddTfiy4M2XzBZGdSLH4LHUEVU1mHFgKFyzHJLGjxOZXxTBBqDQxD9HwM/wCzbXQKt/AGOdTYjJBrLk1HX2rLVMCWXDMFf9wSqnxC2o0ZjfLCPTKPGQQjxDmGPBHL/FP4hDwewYjKhiUUzGRQsWZjGQtyVno/SrdWYTF9wU6sy6qBE8y6zEAWugJnntffyhYK0Bg/liGv7Si86jZgmhUpFjTHM4L+JlxPUVyEKOvH6I3Ub9ogVuEAr/IAcTIagiy0xOQMRbajd1Tm6jtmXLFmCVRdQwnMup4l0MW8wMC9nZwqkuech/PtzZ4qJl4hamDmZahbFyugPiXzhANNwcFrpMWyJVh/l4jEcjiE0UcQFa7mTmqlsCU/c5YOWsSwiViMvITMockdjyylJauJdAqt99f4ratZQ5lGGGRbzEdYO5WYL9ypUqUYX4UD/MY9Oob0UqFDrLLbUSxbMCi4juMwcOIFxiss1FKWcYZnF9lwP8WQF5CIJPbGcy5nM6lw8RJY0ZZf/TCaFf8AgDXUtQ0yg29QqBiOF3K5cTNUF7RYieuUJQou4NLPhJ18wDRaA/yEifsdxDrZs68SagvU64gdD7igTPof+BkdzN+4MKBwUzDvLMZBvxlk8BK+Yo1Nupogx/b/AJs9m7NzuUcgIfO/HkBs1n/U5Fb/AOGzYSaMpLuYpFs8yhqNO5YtUezpFyypwxCONx3mCkP8+Y13/UfY/U6h7jLZ/SB/4v/aAAwDAQACAAMAAAAQfQp0TKii9o5gJI9it5S96KiDbgMBAUB4tWAfzMiKJ3nQ9JOcSSV7EuDeszx3+AJR/iX9a/IEEoQX/hxzKxVU66kRgjLmgK5Fffi1uF1vdUR1CTBeMB4xYGhGfKou84sbn+IKbP5LWAR+XS9YOIrtzotV1HlacdYypQlBDOaw8KZBycJWWzKoX+gMjPfuT52OzG+BvedFzalozLyUBrNgnTMVd62PV87UylMK1g6dbOkSezUQAhpJKxpGciqma+/dAEcNxWpWTwR2pguhaBOoD30ztYf0KsFB/ZDNepO3Jo0c72QpngqrgKxCc7DTwNW9sgXvzRzyG8upgpc/Hd9rWYePkCDp6V+JkpBXJdbkyEgPHlpso5rHKTQP1Jl3B/NKntHBFzCkWc4pT+rPMJhlh41K5eJUuwYI3DGhMeOGlF+VMnNs8cLstIjazRCrEVC3F/8ACH3p6D8DO95PWBeCSj9W98eqhDdiv/8AYF2HUbzZqm0R08ovWSvB9v4fQfkm9ylR74IPPqoc7Pt5+NNW2/8A5Wf+Yudv+13T60+Zr3tMfpjlTBe+8s3WfjC8+O+++NcFohPJJle8++8/c0gqm8++88++qolszqW++88+uxaSzwxw28888//EACERAQEBAQEBAQADAAMBAAAAAAEAESExEEEgUWEwcbGB/9oACAEDAQE/EMnSUWvh1BpND22ZsNpbYbfrv+7VxJ+Aw3MS7l+iCN1ZGBGNlLfA0ml/l/RM4WNrat2222HDewVsz8EcJf7YBotDMtSyJ85BAssgMl/JhOcmtl/lLiiM6SlBifYmCDrbb8unIHZ8kGxvLCyRNFr4HZcYdm4mAnHb0TTEcmDYCPvIAhv6XF7jv/fxLy234hc+AWGxkJBZL3n3WRQkAOJe2s1grDZZ21vwz50yXfgOsGPIbwkuyeiw2vCI2Mdn3CEdueyLyU9ybxJ9fi/KU2TnypDu39Ek9u1/TYatYkwfgdj+PiH4I3Um3WRZD9+AAyDyHIRCevgG9sThPW5eGSbc+QXeiFq/BrgnwHl4EseRN334FSQf1BPiZnyG1MiwYHrILgftr+Qk90B75BMLy26OSOub2KCYMSEpHPjN8tbYz44um6CM7H+nto1NY+D46aiJTiLH4SLhbrXk8NXYY0kNk4HJlWb8kjNW8rtyTkuy2v7FzxJwP7dMnHbP49vQhncieHJ/1I7APLsWHSU5D2HYz9qB5B4F5BNf7XctxZzt7tCXfx5AOiU/iIMCcuHtiJIRtLyUTjIH3s9eg5cqwZIzbGfmBDIbDkwH/bCPj/7HsdlOo9ECEK287bvS76xthb/CMsjOs9D8GmZH9XUekbMtjf3twixZQ12T6h/9sP0uuSQwHyWfNtntt4XjZtyVuQ9+DjIB7cuW8v7Mv3/9IZ5NvQP+2b03Pz8+MaIDYEIkLg2dlP2BM+EM3kVjxhYyHI639pU5F1vsEw3d3gB5EE7EaSMExpMNb2Qd2IlvovMzIodYzWB5Djvy8eSc7ISXsLVtOy82NMlM9WvAYXkNYzxPwl1u20UsxYucONuL9kek97dMiZsL6t21hyU5dVDbZ/l1TjIUTeim3YeQHb3y/AtPjnf5KG/f1SyARbaCvIWRvZfxEViR7WrVvwX6Hxa58wLfsaSBJxjbHRlHvw/LL0LD2CuWKbazb8LOQ4fBBX+wDcSk8NlV/L+kO2IOjaEHEjjEPwSY23XVJMrCnc/CH9IHJ7IPY22iYlKHsjxAyLV+XiBN+5GfMmZmEJfbZnshE2FzwiKvs5QhpHcDsquvzsfG4wCBD8RiGW0WTn4fT4Wl28KwOn7IQDYQYs8flzuQ/giEgIfsO/FlouCvb1fP478dhLszFyEjApXywP8AX+R/0pD0m9xXB5n/AH/gTzaOsUBzG4ARhrPdfz9hfrQV1X/XzP5//8QAHhEBAQEBAQADAQEBAAAAAAAAAQARITEQQVFhIHH/2gAIAQIBAT8QH9+ABgPYjC/tB8HIC5Z8JJZIs2bD8B2Jdu+RnbBLEEyA2H7tbyVDvtl6yH2y+4UU/cEQ/wBwlgxECzbPhO40uBD9xDJWsfwbOqFas7ujkQhx7Lfwhtv9kPuC8Z32T2BtPv4mKCkceSm7eSRzUvBOfZc7KHke7sKoWJ6XLllxLt7CaeWBuLQ5HXZ/JdoS8vR9jqB6gxqShw9nh32Rez5pafY/cs5ZkT2S2nSIXbsDYeWmVn9I/YCZgS+thK8SuDftJ3IsLBAYT4BgDJnQknU4QJKnfqAdfgAnxkPuwas8Fo4TnVl8LZyyewQ9u+qT9l/qPs+My/AGUR9JxlyYwMs9CwwvXlh1eSxqW7dacwgTCwdvpR9yVPYR7CMuDEt4hiNm+IYHxDJy/aGPL8sLmQ90kNbEBgBZm7b0P3cWYJ2G4+2r28+JzDsusRK9Jslx5YnYWbt7CW69XUqWPZRkLxDeIytIiY5Hs6moauR+DNV8lb/bQdL6SbBILrA1VnP1O+jD+qwOXrLh7A4Dn45PlpIlMG3uvqJ/7D4T7y/Sc3FyYJH85BrpP0i9WE4XvL8oQdlcJNrgxedG+Hxa7LddwEzyMgc2Q8g8h5Ly2hIsaz5PJR48sgqwvbkEzbaiZtz2Q08nQ7J8/IccSbnpZHUsxFKLbpkGT+XTekk4Pl9SLiehAFfqzmx6kUTYqyIYmGllss252drAcWXtjCtGH3CAPG08+7ottQf8tEvDUj47fmQRpMDOSXMvHcDJ632BZiumGkJpy25MbLfggHW0T+RL5fUe2yfk+Z5sE9kKcfJj7ECly7qMyQYSnbvrJuMbqZ1cNbKZOstMt4ZIHbT3ywokc2JEesp8lcgNKIQGUX3gKWjYupIM9XXPLtEPjeZugLt+J6ctDIhR+IwXkvSv5Z+3AEH6SjhC6tcnZV1+J0y3GWlIihEJ5Kdm9SDGuWTrcoOmdfAQDxZlhFzIXJF1sPIIBLVsZM8vOX2Q4sC5Z84sjEmSWjSAnUGcat2ycEVInhidLByRfES07aWrofAbc8usyZ8vqXYlDEj6JUDyXVcL5b8WWSAsn99iPFoJGyT30iek/wAnfYgHsH1ljDaB8AM02RYzzyGXDyHvM2OSxpcsRxQhhIDLHy4E4ZdLxckxCe/bXZZhLk9SiRznzBp8BMbj8lYTtm7rfwbJj6hYasLBLLj/AEsPG8Wwj34D8MXIX7Ag7vwmxySTztOEeQ7aARPEj2KUe2fsWPkgjb6+C7yG2JLhy7p1/wA5ZD0GwD7hPZtlyYulxPo+D/D/AK4fTZJrBfakAMPLPjLP8aA+2820A1EVtjPLFPjP8JdSPophhgfu222235b/xAApEAEAAgICAgICAgIDAQEAAAABABEhMUFRYXGBkaHBELEw0SDw8eFA/9oACAEBAAE/EHF+OxCjOxj8qvuY644tjc/2nU/MqYcy2X4DH9hzHjfcOJCrJDaWSCNz3MFS/cAuwlwfP8PaLOWWeX+B/Bf8XUIGX/C/ct7lOkQnMaNzzQ0ZG3EbY3mCR5pvhEWL5IvkitMtAmwSHeO4WIeNMWsjEF1BClqWryYk3TAqowYoIDMjMCWTl8QpYDFzhR9ytHMI0UxuwIsQGruFi7gnEwh/MtmG4fxMINsbNzzR7ok7h2TyTzSjplGoB5Q1wruEauFdQZpYhuKUHzFQq+YmQ+GLTotqFsrGxHuUUqW7NRrEIQ4JtQjuAy2uzMVwE3sYBgluBU0qStSoDK8wnKWWMYwhq1QDYvu5ZG4vIRWkcGFgjIxjOo5rMkH7jwiW6Yi7hduPdPNFbWX7idw85YdzFv8Ai80O6KlqhHvO7I2EPhQVgh5VYQ64No0vOuYUDKKwwEvKWCWHGUckX5MMzCi9MyhHGTFy0tqW5dPuXFvErgDCcJLuM4NzZLAOYNAlK1T7il2xDAIX6tg6xSb0hKAzLvcwwxR5/i3iFTMT3EMI4/gDuV7nmnmqabA+aNnIJgRgncA0ykO4Lj5Eghh+Ii6YaPUGXclSpXCCtUagmSAKCqgoa9St0JdLMaBBRJT45nn4i2YDEDIMphsQd04IVd5NFmCNtymvSZLPqANZi6GEwlWZICcMimwQOpiCuSU4IqxhOeZa5jjuKocwITnucJ9Qe7Q7VIsWOJm3LuYyXRYVzNJ1EICBTECCUbaalkGoBdS5AmAiW3cvD1MCe1RspuWNpySwqFVLwIwBnz6gMZNUoh8ZluCbyvu4qI1upPkYhy80ch63mGLhWKD4z74gJk3dJ96j68OTPFlrR7JWlil8PmCApMMPSlf3BnAlq2ZEajLucg4imyOqG4du4hMFxhTBkJkS5ouoWaNwEco3dq8QIhQetLesQkdQr5qpeCLmQBWKpKYmAo23C7J6Y9QP9Zgi5WCpiTcyaDcGDF5qVBaUXWK11qJ7BZaQMUrArd9S283EC6tr5jbdamMF6D/cCbKzrT2vnxLypmzXvrHxCANgpWcDEHFtsOthUpIrO8/L9wAQxEw+jwwdB3aieH1Bh0PDUoZrsvcUaVMOLPcbRuNB8QO3Dhbj3Exhq1iOqu5Tt3GoCCMZZeYxDnJGc0h3iLwVK1TmZBdp/BwBeAAiOyUykQAIfiZEzTCrZL1LeqC0dcpEQYQLg6QRjcdxAzh4EIHCa1CE6EKmO8z7Eri2wB1A/SWMXY/JiHSxGcbiLljKVwncIJNeG6avg/uUTgLKR7JuLGoQssF6wZ/EdrpgQj3GGUylpelmCB/9FLLMeISv5xOG/wCmYZNU0jpTs4fMzgGKvDGaFLYr0f3mA4DoxK5QXpg0cjqpYB/olu05eH3GOpzhffDOaUhseqiRyCTCNAHzDSOLJdVuc2Yd2sXdM4u41zkLi28YL/cRoLlSBNqgidJNqwqDEAjMdRUbcP2rhqDKRcpNwQN1RbusCFjaGxeAjKDTHFwvKvG4oGvKy+CVwxgzuL+2JA0X3Omb7TC7HmuKicFGqPDSBFnqtKh1ndQDFhVBEvYxOYFegd4rfmC4gLS7eMf+QGlEdu3ON/OZQcZSWJ0vP/kVoi2RYQxgNVlDqFjTzBQDkI6AzwnMVvu6q4bQwKbgPGXI5IFwvk0whSy7UJ5Im+uaPjAiG7jebYrUswDuBZYbmmVsOtRx1mLeSE6OIlaoYWkc4WCFXEGTNpFDfUSjpkgZifHJBriOUilmI967lnIohCfzHPDFcSsBk00xWLnmMiHtqCFZqu4wAHRLvtvENA54KG/d3FUV2hn8qPiF7mef5lOKZKLGbO5UyrdwvopHZKHGCVs00O/TmDtUGGeaOKlLw0ant5I8Lcy6a7gXAjKM46hLThap2f6ljbPiVKMTbqtVDCrsQIB0ESwELdF1HhmryRWwsYhLY5qMnTZExUGAtowKVErnEqKanAZYNnJ7h62LWGWKzaiBdsciO7Oe1MgpNXWANswT+JQTrTMkVXcIKkaj1S4hUuo3uXuKNOpRacQ+kzmnN0Ta7EDlYQ5zRXwepc4e7VCApgbF14iv3tFMJq+c+IuYYlx8g9nmL4hIoj0ypVtl0CJVcE8xuLxDFWUDqsxiIDkqL8/1GrYbApIylst8epY1IrbUelC4ls2JCxRZydxtzMN0LzTuJyifxCCg5zj5hg1UF0HGyWQBWHA8fE4VmY73m5QOpkRjRicRJTYzKB+EvPuWMqhbKAnW9zF5QnBiHCzZYdkZgcCBJqGoJpdu6jvMm5sBcPpzMjeoEIgzVuLvDFGUxbA6g4NAMD1AuC+BflYCMtlTg5L/AAho6Ng9rPVwtUqFZ+E4jpeoqH4gKDIoBfnOIfY8iT7ojLJPbP5CuI5F8vMQtTwaSxoVxC5CFWDE8NA15iaGXJMqMM3MJhmbaMYZfMSyl9wuHUxP1HwdwKjjguR5ltUhOQRl9vmcO1F5EuKo4II4HmVS5fEzVDS5deJrgBpjgdM5lVoEIVYfIQu7UYo7e4BzGC+Ms4fMFQ2EbtHibqIsSQJQYmBpiW+IWB5iYZYWVB4JkU8B6xDSYLbAfCWRpjGCmhyPMI9c5Ab0+YjauYBQdZyfT4mFqYrnp9yrgHIv65mlYWI+LMPzAXFQwcDuziNq3Fhi6ySoDqOl8h1ESwuBZiNGZ7Zn1XECsLLW2IRyjTTfuGrQcJGpb6EtJwlmsmWdiMlkOj3TiOJz/cxe+4sMFYPEMUv3ACXcyaUPu5cTG9SqMpHgGhg9RatwGIvZF4xbNGlLOI7y3suIq14TuB6i2PCLrMZW3zGlFG1SfMdQqAwDMm2PGoGo3BCNJZ5jASmKnXayiUcFaBysVAKmgu9nkgBRXaT3VbLy89Uv9xDgUsWfmpckdSur9ykOMEW1zKg0yKNX1+ZucbpbXDcbY5Uw+M1AuPBFR04ye4QFlCu9eIGEBisZlCFmrtzKMugos2D5IPmAoo4oMRdSTxuWIpZm4sSK8ixmRw3YQ9u8Xddx6R01cyJpcxzegsemEAOSOFsLKy9RGxESKRuLk28w2tRHc0NQ6t7lFBsuBWgczDMDUpbc0VZ7h/dAg3x53ccp4mC1XmZEiyDiYDA0krwZ2wIua9xoqbIlxWrKhHEOx1/uELeG633/AGwQGBkdOL4gMkc/264h/JTiQTSsGjBS/mMiL3Fnuv3MTNlYvj5i3EGOj2THxLaYoGj7GE+iEDtbb7mCpXqvze5hVFdApE1BxUobT5ih3fEQW4l7iC7Z7j0pivzGbsNQ7AOlOIBCqgIoxXG6Z0CsRdssb8S2xXMB5XKEWMVZzDlzCXqWpDvUI1XLGXmKrxcMi8xUhnC5dNQiOwvxAPiYgM6YeISMmbYeW+oZwJauoB+Ol2p4W1AkUtTB8TS4LIvvqIVOCvOG2BwSpK8ZEPG1i+kJ+pSEHgIAggw3Cq6PNQ4egBEtxysHZJo20NAaJquygWH7lRs+V3DY1ODUagwOkyjE4qpSgMkQtHEulu0NRCUMaadYjrsV3NjygCqx3GqLGyyV60QvDoOUSl7jMa/yEvA3Vx0MruA7GVw6k1iMFMQOsUJWmbuaIcTGBq42lMw2DmAOic8S01iC6njVQpV3zhlHlE+mWW8nqHiU4gOyGmPZ3YdxYeUaRUFLnuPGck4rPrUa2Qs2CwD6l4EEdZljBvVUAXLCEaVC7OS9WsSLLX6Bfi49k2LeO32wzdfiERVMJjb2aiVRXCcQgqv3N6wfxLEsSm7OE+6mUWrhgVVxBs1mAoHzLkjiFw6jjoS4a6WuIEqdLLSC5m7Q9zTQnMvQAoQg4v6SYkXh2ioD3RODMu5Ka0G6OSF9V2fLC2tyeYLwTDxEYQq4vBSaqHBq4vWYaKJQA6YwxmjVIexFl8StHoqY3mOwMrXVyDhiAcuWOwq2WCHhDzB7XxNRlAKlZ1+42o0npY4qA5wMYtLjUUyrgcpD4hFLjDBnUtiHKJiMKFup0lZErWOb5loL0OaykYWxixFdoFSza0U7Zg88QWpN4wU38zDiZmo9kYIz4Cc37jsN7mSodepiUkr+n7h1E3Amdkd2IRICYZwxBXICiMr8dwrC1PdQpFIEgUqyOEvCnKI9+5xmNeWI3CJqrbOZf0IPaXq7Zh14sQZQXUy9nLM+WxUsSw0XOJuWIh1nXUZ/gppazic3h5wJv9ymuAJDnv3HuaIcLeA57iiGgL6JQsOqgGBBaM5hIaIZOUOYhwL8kFomuoGFfcd/7zHDCMMEr3KGrlN8NTUkTiANgBEv3CrqGU5+YSNYJXNV+Cd8niwmHfJicDahncVh+yZdY28wDiLYBuZW9XXCFtEbSCtoZ8RIIfEBtal/9xFno/EcIJtlVQj9yikoemCQv4kzF7Qa4ZqtwFrzQZhqpXVRIbLuoCZ1j0e5fgZsWqgyGT9QSBVMvEr2kF9o/cO1CABsq46mBdh1AZzoPx8e4ZmWLixzM41EVGrVcQW9DiVgpT5hoVy7iWxUpA7IWN1tm1BZyZRa0elwb3Js7W4JuFfMVcH0EpVWtpYcZrIbo5YlivarLXkObjUODoodfMZYMy6xD7r7gq2udxkCE6YCheG4K8peSURjhT+o2NnRcw2Tq48gDNjpjEU2rje4pk4ZlLcoxLra2liJrYN9Q6gNy4Vr1GgRkLT+O6GuXSGK2YzH2NchBNJOHnuOgMXcHpBYY+oguVYg6sAvdxLBZyvj3EeKpgubnSJ4ERV0XHlggsgLAFzRLmjMpTMdq2pqOVdbtzGBlcj8ICLjwT8sHBFWXfNpHPvmjfAw6gqAs6LKv5jqxqmT/cXx3TNgg7LLgbO0xBbyObiBDkZdO6ln3barf/qoUVXvmU9JXNMW0xValJg1SMXAA2SJolrLC8HbLEJGy8IpKXlsSYYj3LSMmfUptLaXqEDIWrMvILVx0VpjBUDAI2l0j0ivcpRGnyl82UpB1i2mmWcr0lyn7Iq8MtAUfF1C9Va2ZHo+IpptsNvtEv2B2eHiVho+9VqOtudTMXOEwYZ1EGLiWoWGU2zaAqWmWpyMXHH13BDjYf8AsPxD95doPFWT9QoFjxpvCs5GeIShbRoi7tXqBuqQPFC2JUjLMN9r1LyAqhubWNJi9yoiwslnBWoUTV2DSnBeg6iV0ELttuWCCzEWF3G8I3+oSaDh5LjHgBiGC0NHMuQ8aZQAZbxiHUBtYDLivLUtB4FRQtmkiLNSJfzJeHyHEERRoxxUY1crBY7nbp3mPosnBEF0arpM1g3bKYFSviI6k2ikgVeUuckLxBNYE4FhikyZnEl2e3T4Zlc2LL/8qAWwKwqgKlYyLDMUJWEeVfllHu2P+yYp/P6EmJP+jbi8RWjvRX4gXsPb9ZP5R5ClF0eaY+2IlR2j8AepcdBMLBbLcHFHUxNsjoX2zA2rK4MvwuWJawLVRzidRDapUZzzvPUSNXGqQAvcbBQpB0afqMMACo4mL8i/ZAWJEExvMFEcQHnF/WZcdNBnRLwNGBmYUsPgKWiyUWhTxsgvcFCudwiATYz0/MwWngEVD7EX9I9xXAxlRUXBPCGAMTPA8cEwGG6jBtWqZVuTpLXCKRI2iTQBQvErnpuc4XSi28GVAmXjN7OpWNRDy5fdQ3LsZz7Y8ZsAqvvROKDhzf8AfuVjfAIWWjvCeUgD69YXnKi5ilVxfgoLGafP2I9b38TLoWlYCw6ox9w9iqEWPioVIp1SUoPY4BuDgRHcKP8AyBrQlrepxagiFGOyKBIV3UBN20vVt0cQrysUu1f5cvgmVEwOULh1YOpee6ZfLKZwCjHiCaGiQGVTm8Q8ZWWt4IgsCNirZmcS2rje2vEWhWKe5qwSEYAOYALDnMJiKbzKmK9kQUtsEDUBYPmLTdBdy6fIJSMz4hAyV4hwi7KI5PZjMLZPO5hvERXA+UyK3gjqYsvDxaPFfuWZBFGuadubXguCcZSoyMh6eZ+pNgnUWsvIvmbXN9QF5UZarIUQUrDguOgsCULlUErIZauNedUys1AkixV5rcs25DcaXEwLUcAIlt2E1R2jKK5j9N9inYRk3I28wiqkDZSRWCDxGkLyZIDhPQq5QwiKhbDbXtxBbM0wU4Yi6UO0qs/2zifi4lFYSh+YmOavk6l7g/oIBEieeoCEJNwgFa4iUHl9kKJivEBDg4hmGsYlxQ1W45BU8QpQbri5Gmo6SNbhC51mJGg7UwRU4eJzCIj4qKrpAWKks9Q1kg7HAnMPbJg0JbXHmOQInUpRDGAdK7ySmOMo9rHJnjll0QYVa3h3VHiO92A0b2/MTovXdhuw4gqolCnCbtsPGYLFXIgN+Q5gF0LsrxLmrFuuLYHUXoPFcQ0TIy6SUyWw9DbEVdDEJFU08jDTFQEKMcOWz5isDaeF+5S5B0gInyU2TB4iKj8YcVU4QHHpdXxL7EHsvovIGIwpyN95hhwoD4hTq9xbraftUJWqrzCKvoe5dBayYwCOohHF14TaMpzFA3wQHS2iMtjTHMvS1NTrxOZv2KliONC7MjIunEdvaKyQO4+Ut0p5lUDzsuJU3D940owHEdhAdwYo8d5j83BMNrPD3K9EwwEpR4Svua+my1I8y1CB4Pr5g32E10DaYsEi8ruC2wqurMjzDTu7NkolU5DCJu6ac6P7jL0bKhGDYwANxmMzDi/1MIh5wIZb3ksgW1e0w/iWXPfCSLio4ZfoxATSynIodBCq8qB3G7PUTGoNA8sNR3zmFp0UXE6HIdzi2gkzYWw5gspzU2bEfCCDGLPUyBVoIu8IUpKSXi8QikJaOMxbo3M0C4gWvcAAMY3C8he6gjTqNTI4mQDtHq6DhjrhoirrbeYJksUnNytY+2y/3CWYRjpOEG94txZialI2Bwvi33AVVgB8S3gR3cym74jLI7YTPV7jNyPY/qZCtCsPzFKAKN7Py/iDmpm2FmI/FKUfEASPCagG9wKp4N31GHphSYCysBf6IeXTdAJcSGlYttDOG8Qi6S5QL3HFhpaLYy7wt4lCMVXnidU3OYPALZhylBQhLd3h7iz1DWImZoxHN6OMTDerDwsEgEOIKNs2JggwQGC29xIa1mGLypJWzJiyctXmE6VucQg2l5gqRYDQnAIyM8qnEXXiDtVhqFK3E6SIKaNQ45EAR/WaUPw5gAJ0mn8gFnklomtavXs6jLaRmPXJhmSjiAMJ5agT9XCHmj4bj9pGULwvgg4gN62hv7jbqaQXZLS6xwCPcCit3KbIAuXwZX+fSYTO3fUFS+NdzGtuM7IGBhcZmJ6OpaQFUiSyAK1VbYLKLVVEAN1zq5TCXkI4F3mEqWjTHalwfMVui8qdTkKCuCJyFrBqLlazrxNkBq+Y5K7sVyt0B0ze/cplB0JX64xGwsOwgYYj8Srq3ZdQTRuqiyhIpSCd2iG9gzjiGBTEcniJnSNsELKv9xKum6cZIaJPGZSxBt7UPh/uXXyd8kgpbv6RiPgDPkBfmUm5NAfdopXx21+L/wAww0HBA9sX8SpKbvKHRw+AjgJbDa8rD43Uzyx0OFQjocVqbv28RWAU1zrEbFC02UzAI6Ra9QGaLUqN9HG2NWGXL4lihG4B5TS6OYni7dVKhUHcuEa6jS9GMMTIVLQgYsAQaBdntHd1rAIsBou5VarpCNdhwpCud1QXGqamXEA1kOYsRguoQAHkDqLyjmmHCuNwogHMI607lqtNfuGS0Hz7hsUEuRzT88wBrAXGZYUHQm0KmVxESOSUt6X8ikpYfLOfQ0/crheNjKguyGzzL5KuIlc1McwbaOV8ELaEXzPLBs8GSWAr6mGCgViZQOAeZZLFo6PfB8zOPczBzQTSXTYYueqCuBK1nZ2XV1LYNibCJXIDVRRZC+/xBJotJ11CuKLZ6gRssqMV1tVFowO0aTa58RKpegSoqV5i4y6TBQDY5lpvd34j6G20TIM0hJLPdbJWYLwYls5o/cyxLSRaL36gkLcMbcwuIXVOY3yxpXqGQQSlhcuxSXPtGrRwFvKKnCP+sfFUVJMXZap4JTDoRQOvctR6aUiVAB2JbOr+SmOqOJRsgHMe6VqCMrYX6iDUZj8MsMMyWfaaWJHXgUkfVFz/AKR2e4Gx/piArGDftNbzp5gmN4McRgo75aIm2rUMx8bgpd6Cl93EYUC6ZgmCgyHMQG1AXVWcQnKRRpmMAFtqIVBAdlaxEGcO/uDmxV+EuAQ6eJsaY7lE6Jy7mjpIJUODxMcla3KUwoZOzN1UUE/oh+sDLBVVVQFKLnMoSTTiUUgMyozK3wQbt93EcxzN3mIEuRumIrbC2opAeYRw+kdssbVJQS0BRMx5teKFqphNA8Vfs/qVyOUgmQbg2tI1E5LgcAGg5bGY6IC1ejWJlmHzz14mIgq5awXGDY3/ALUBqXAfuDajtL8k8qzoPvmPtn1X+TLug4VoHauCPiqAXJqWFl2KSoRlHw5JbCBZQGxxhS+Ja4yZRSuBpl6ltVyg1STS1NlwLToQGKpyTQhcqCBmpY0Q8wldxDQgqwuAqKh9YgxBTlxFps2oGos1fEB1RMEAuTZj8BkNMmrES2NP/kIEQrfiN3GUeJlHDKuo2sWMJ1E5iUBFafN4gvAGr6iC1LAZQ8qcxSEUnY6hjMMu3zBvK846lptcCG1uhzHR2NltHiGGZWoXlJr1iH81wOMqFjZ8IDBvV6Dp8weDWwB4CUoq0qwLcS8aUhdN5+NRanqMk/RGrOsNIPgjggsI39OseZWgGi+PEpCaGFLPURUEPNcRRq8Qmx1HZzG+sw3uyBNUFkqaYWZfWlYnGSDxlWYrZDUuBRZrNxGdMeWosewFM5h5Cxu9EKyiILaeBglWwTZM/ErRvRxHcfV22oGmMUA5INTFtMC9MGGHoTwt3BJrQw6xbFQkKvIeYHMnTfEA3DUXkGGoPEcgq1wcwkMtHV1ghlEbANncuaWUH9y5YArONrK88RL6P7lyk17T9zgfbHxKVMFk77j2VY2w4S4DJViqdW1/UG7C2tmAwqYNxEVDa3l9xlrf1AIt4aNx4CDPYl0/tBEa0rAtvsZatDYEwOLmlXM3UKH0w5SWs17JQasDw+mYMV5hlGMqIfRDYAtG/tCDAOG4CPiEZjNXMXNGaYJWiAAuq3LVkM3hgxKm1cECDuxmVuV0v8ws6Ec/EbZtvZLKxJlYbauO0xHYlULW0d5mFzUyOF5itXJoYIptmzENldSod3KgVzAGsCOxMkxDwXCnrvmowabiqfUQXotGrmtIRe4i4gnUBV4XJKty6SFKnJIPxCgUEK5PZHBW0tdejiFHKFpGGipkOibjJtdZgB7irD78xP1SKFeo0TxOGn9SmZYcxtvBK2Gi5QPUKhF4LGdUxVx8LUGJuZofULK8YuRZvxKCIAlB2UxTXKFB5/piyhHCUwwDUT3gsAZikE3aiWTxTqB6qMeGYepQNalRjUA1BPKGJoTpcwi0uF5JV5nHwwpgC07mXrG/USotW5lcjkbI4lbXuL2oWW6jrGjh7qCeAJY8Ykap37Ja3IzZZIV0AK3fMXWNcH9RyXzMOczhFxwy1pIVbnIDEChAEVLkHEEHovAR2oKeZTJcacyXJBZKBfcYGKgLjzn+oza2pZ2HUDTHc0K2soOosQMWzqXNBXMX200wC5/EH8Y70AD+ojRFRvRC3DfnhhXrl3S9ppfic05r7Mb9kYFlKhPhiEaVFxlq+YyQAs+5wpZhN9K+YQu7A4i1C83Bmwcsv9m4ZgbIAgs7m6LPyUpg0BWT8zXERl8RfSLvuPrS1GjQC7gWDaMvmH+vnrrv1DOne7s9RqQtttYzmRJWamDADKkaOsQxI8BDTql4dxkyrA5OmPtCeAYUiL4Jc40qHfkiChGBpYAqKxbS99RDRt1Bx5ljh1glZ7KlGCsyvq464xqtHLFwRwZL2wBQQpTcQEbDaSUoKP8A4MUuY6ZjBmpqfOz7j/NkJt6Ng+4URZt+4Mn1ERvyl9Mq6vJ5lsWBcZXTtmTPsg6meAqrYzb1VjBbkYhFIE3K11DnniVqMjlltjTcNEUZhqgVTaQDuAxbN4eHiXyuCkqUGt1fcuA5KVxCgNkMWu+08Q0lzwCusZIlDxULu+YIa2QrsirsPiIw/IXGUoBhaDiK+jTh8zFwcnJFheFFPUciHDN230QXflC/95iG+isu5YLmABwoKKL9xNiZ1ctwS2iFmQC1UGrq1HxOLgufOG7LEqHatSh+4BKi6ZWt3TLky3vDBocyUGNGhign53GdQbFkfjd1rmGaQWPOYidsB48QchZRWloemqyArUFubvBCl61VZI8JKcwVz8Iq6g78QKMVtwBecqdkQbF7h3hTiVuEvcA1SmQIHuXIFiXR2TgeZD16mEYrAMsyAQLX6IFL1cSsihmuvERmqV2gCRqANstDqVLr59RynY9jTmVYKwMWui5fCSurhgRpRzBL0dROebUAnMsrM+R6mpXiOFVbPcwpmrYxZZxiWFQlE9R7pxqHBFG2IQVgLgf9GU8IGJRmkbrojhJgw9xrVmFSzKh6m7jKO5T4lKOYAU3eYGZockATVqxE1xCKrbd9x7OPBKjitWPidIHMxlo8Q9Cq2xkZVDK8HmJfOqVfK8SkiflGy7V4vEOLqrnsD15loClZlar3HgNIMus9x6gmLl11Btg8SFPCRWAdrTB8yiknYbiqkvVFAspGXjcEq2+ZlHVMS3ALX7gbnlghMUjGdeJhdLqYnLuKjFZg+Nr5govxGAH8LDEzNZhkiRxigQzxMBJoxPFnlFPMBp0Rb5d8QuCxdJDiPKBiwgBdeZUekablrMhjUY0WBUG33KytrK2jaMTwPEUSviFq4gUyEMMlhlqa7GcAcqmiGtOkd8DgPAQwgUAA9BqUQiVwonH/ANR2c2PbeOnzM6YqLyaXrMa6sLTenHzKOlBRx8eZy7KoPD1A40dMU78vgjaILWyRqhMaCIcks2zHBGusxGX3o1xEvQ8RWh7l7JRUF6B/LHUCy/5YdCYRzGCmoddq2oXUbxhsoY160b5hoacFGoprSVCz0Wq/iEytA5VET8IMN2FGvcqetkEQSZvmK82SiQB8avcDNgdEv5FNO4/AZnqJOtnr19vBGjajKooxwBqV/NRAi108MVKJ0TyRxoVMbTz3GFUHDiiqrUpFkVSxvuPlY0u478C1IiV1MorQ1Gbg6JpAixSoMyomLUBbrEqxlhGvMGqgYmIcQ1/LAW4dQ/hLm6pnLEdsSjGc0PMXCwxiDetEz33MtGjCHtG0GY7CmXIyhLigc1AwA9kcZVrBFA0i5lImZiwOVRDdKvcZhWAtV4AmHDrAcg9TxCkHRwHQH/FlWWPPpG6G1CWsGIvQygf/ADEegF9plgpyKuK5JwyxIVm8RwGF4MxhuLRSb1BZcO3MEbV3XHzC/gMvK/wf8X/icOFe5fmaBEIlzyjNa6QvAnCSxVX2wY1BdsugXQI6tqxjUMNRqESqoMLE1ajMfwa4vbVmKVWr/m9uiYVzk2u7dfEGP+Z1OH2E8HxFwuHQr+ARzF7Yt1pHguPBE7hlwubY3k2xDQOHEraWeCUcLwxEbA6UzAdbt7/gP+T/AMT6t0Aa55mWoCvcIZq8uYrM3ggB9JQupb8OCS9BuUoxdMRmg2QRXGbIvmK5vgC1XVQBMajlRj0NQP8AA6gV1YH7jnRjakeIW1xGVVHuN0S7KNQ8guVzFBn8TLcxJbGOXglfT+AgDAf4qlfwkAZQVPMCYtjcpyFXHcLNudymLTiPXA7TmYpcPC7oZeRNPUc3zcJMHaZp2F1jYuMNeg8DuDH+F1GfQQbeydiOI2ynucDPmAsleIelwcOpWUAPEE5jmKmgl4R7r+4JIDgIN6mv5uX/AImV081Ggy0twbVGbSvgGZRB3MhVo1xrMxsIszsuOo0BzE3C1uWNNtw46CtgXl24gQsCQ/xOoa82HXp0xRBWBClRK5IA6IE1RHQBV6lW/tyim+VtlqUCF1t9HLAr/O0w0rES8VtHcOsS0ogvbDt0qIxKDbH5VM5l1VbcM1ru4uxKjEoFawy3LdRAg5JoWHoKIa/yPUfMHpqHzC6/AZ+yLaC9rBo+EFQjGedssMzBN+Xh8yl8DeD1D/8AAvMYg2Grq5W1UBnHQYidpbaxUCxcuHgsSiWdzMMWoEAsvixMWQZNlwgCn4hgqAoDj/MjxFHELnPlNEu8OONV7P1Bu/Aa+kAACg1X83/Ny2Ww/wAP/9k=', DATE '1992-07-20', 'A Coruña', 'España', 'pizza con piña >> garbanzos >>>>>>>>> alubias', false, 'ROLE_USER')
2017-12-20 20:14:30.946 [main] ERROR o.h.tool.hbm2ddl.SchemaExport -
				Duplicate entry '26' for key 'PRIMARY'
2017-12-20 20:14:30.947 [main] ERROR o.h.tool.hbm2ddl.SchemaExport -
				HHH000388: Unsuccessful: insert into account (id, email, password, username, name, surname, image, birthday, city, country, bio, privateAccount, role) values (27, 'elena@example.com', '$2a$10$Tt.xX1i5lzepgcLs1wNH/O3EqLA4Nxy8pPuhtB36Z2lEg2TeOOY7.', 'elena', 'Elena', 'Fernández', '/9j/4AAQSkZJRgABAQAAAQABAAD/2wBDAAYEBQYFBAYGBQYHBwYIChAKCgkJChQODwwQFxQYGBcUFhYaHSUfGhsjHBYWICwgIyYnKSopGR8tMC0oMCUoKSj/2wBDAQcHBwoIChMKChMoGhYaKCgoKCgoKCgoKCgoKCgoKCgoKCgoKCgoKCgoKCgoKCgoKCgoKCgoKCgoKCgoKCgoKCj/wgARCAMmAuADASIAAhEBAxEB/8QAHAAAAgMBAQEBAAAAAAAAAAAAAAECAwQFBgcI/8QAFgEBAQEAAAAAAAAAAAAAAAAAAAEC/9oADAMBAAIQAxAAAAH1TZhEkLGTEBkJsVMEABMIE2JjWMlIQwTGJpiGxMATBDVAwTYDTAHAMsTE00xBpiGgAEpIIziRU0kSaVDFSkkBiqu2tMVN1ZAnCoKxEFJ2RjJqiQJTigpMhJoBi9EYgDli5CJSITalTZYiSExwmAmNUNANiGCYhsAUkJTQlh4desPC3ntHwuoaRghuEwoAAAGmIkhKSBMBMIgyKmoRJWoYiGCjZWYIWRqCnGFGTqttCUikwEKSJuIBIipJekNSDTAZKmAMBDYgYhpBpwmNUMFIABAMsHHOuuryHmK9p5PhupwixiKs2862PT+g+aM+zafkn0nLpOMgBLJAgAMASYomqAEQEJpwAUJoJJhXZXWKMokU0JSVKM4iYJEkyuTATYk2sFNHSAkTUiLGoDhMABiGAmoBsTAQwAYhhHgnzXU9NyeW6IyVIZDLI0h2FWipkJWVEvS+a6cv0u/5fKPqx8o7B745vSBihgCTFTBBNAADTEDEDACnVbUYoyKgpxhKQKMkQjYWRJMiNqlIIDBKaN7CAYDTEDVSTkEwTEAOAaAGCaGV1Vpq835yzHyJRpgElZGojmtlQyVj1JzoQkXPSzJqqmbeZVEvszSOx9C+Syl+1P5N6SPalNwASgCCYIAAATQNMBSoqtqjGmaJBCUgiNkSSEpFRG7EpKIEkELEbxkJMBjABWBCGlBiRkmCaGUTJGXjF3F6vk7FwnGgaJBKrI21xC2uVVW0zJdHmTiqVeyt0cDJ0OZQTkVS0szK2sAa9X6T8i1yfYjkdeVDUA0AhRpohgAAN0qbqTGpIQykNIAhpiiYkSQCaIkha3JJuYQmOhMhpigECkqSkgTULmLmV2+T5zz1ehh5tGnMNGiVRHIhKUTTSEQQUnKyKzVenMlpiueWnpHKs9LwzA466qn2KDjwvzEooJII6H1P4564+hIeagYgAUgQMTUqTTDPozmVMqI0gpIBqgGoNIAQ4TREYqhOJvaaAyENgNKAQIYk0PDu8wUdHoeR1OFydGYi0EhMZOFXxhoKYuAOMgtt7kc/uei6p5jZ6KZ5KHrGvm+l05px/B/SfFHjpXZjbDLbVauRSSZAYpfQH1XufM/peYKSlEwBxGAEoypMQZ9FFZFIIsERJCGxKSBjojNERqENCUlW0ZkAwQ6ABjUIaUQ4r872PPnoPnnp/nmoVtU03EWipuveYzrcwihj6c/bxzPRS1y2XU3FjTIEiyMpsyeY9bxjwHF9jyjztl9JO6i+q69GYcAVDRZ67x3ck+i7/IeoW8DIBiTBSTppqii/OZgZBgJpoAxJgSHUVJQRlEAKUbIG8ZCYCGA05UAqUooOEjm8Tr8ZPOcslWaDBSSoBBJM10QtKtlPaj1nSz2w9WWS7dOPRGkpdXOudk22U87p418l570/lUx06Gc+rsYaztgkKhpyqyBG36t8e+snWUlKDJCMkMChop576EyMAUkoNAMRAxoATiMAiNUKUTe0Q00A0rTITAE0Vk6Th+R6nnrKZV9w8zG6ipISACym7CWmvpQ+9TvNtuS2WdlGqL9FNpbONhOSnoSQkcm2uXyPmfceQriwaSahTSpcSUUxMStqZ3fpvy36hJcRnKJkAFDAFJUZtWVMrGJxkAmA0RYDBiJQGmiJJUJhtacCkKk2iGpQAQIOV1fGmHibuHZohZ6w8NX0eaAFEo2krqr4t6GToHW3YNojPbGroZN66LamuuWVSbJcrNXoHxNxthCwp5Hars8HxPovjjhY9eAUYyoTUrB1J21kvqXyj6FHqL898SQxMLGmSpip5deOzOxQDkRGCUkAwBMEAAERggK3A4BoTTgGERixBlXgPZYzj+b+n/P7LtOjgpzMNlVqkmK6rRI7qp26ury+nHe0ZNZiLKzpa8dkunPwuAey4vlaD0EOV0a6HpeL2supr5uk6BXZRz+k7Pmnnvr3zU8+tOaicLZdET39cL2OfnyZeR6HmS+7ty6xiYAUNNAAMmzGVIBSTUGkQAmIAYlJDQxMBJo2jQSiwaJWmgjJUmhOBsxdaWPkfSWHk+fZGzzcZwEBRqzaUloz6yV8FL1N/B3HTrxwOzycmY52fXqMF92Y3d7gbj1N/G2m3Tzb5e1p524ubdi816jHXzHz/s/PRyNebTb9J38W9PR34uoeKl0XLyPVfL/qGaxiAGjEiQnYZNeWM5KIwBiZFiBMAGJSQmACAUkbBgJtYkkiYSgAlLKcnp8/eZt00ef8Z9N8xZ4Wm2kYFLRntTTqwI6MeUl6t/HsO5DB0Yvt9F0zxGL1/lDj0WwKd2Ur6Zv5fp5eH0OnamDbKQSaFER5Pxv0r58ecJqul6nw10v0j1PzP1tmqnrcyXxP0Pm9KJoATKAaAAZdWQqTQAADIsABAwBACYIYCA2gAxKAI0wQ1KRkGe6UQEEed1Kq+NUb8Fk6yURaKaskVysgQZEn2+D0I+rdTkds53H9HkPmnN9b5Uv28vevrux5j0cdHRnvJzquskmipTrMniPd+KPImqos6ff6B4S/6N4Q9vowdMzacHQlixVJJoNFNxcGTXkKkwEwABAAMEAJiGpRAcQU4m1pgAoDhA6SkoQARYCUIsSp0+d+b9F52x9Pl9OOWBWh1yKq5xLd3M3GLZl7R9B7/m/Rw42Bh8j7yg+YbfZ4lzdPLDLr3cfYdLRh1Vaoqx1yrKvOej5h4DD2ece36PL9BWnj96mIhnKtsZSgKhggMExkcezItSkhA0GMSYIEA0CYACpMSKkjcwAGqBohkqEANABBVajPK808P4n6h8qse7D6k8v0Y3xyn6HgFdilRKytKfU+W9Gvtu/xO5DcWSRIx07q1w5OvVHKs01l2vn6V2uiVzKIEc+qo8Zw/S8s9H3uD6MmOkPnV/nZfrV0ZEkIAKaaGxkcmvGlYmKSlCAoSapSESZCAoAECAYbGAAANABKAAmQgBoATKp+QfYvlNnF9T5W5e9q4lie35nreIfOJES6LiQ7HG9CfQerz+hLKKrsunmsLIEBqU5aM/QVcu3VCQmy0EwhYjznP9RkS/p+D7B6LyOLxCv1HmPqx121A0xMKaGAnEcmzHZVKMgExpqVCdgCAAQ2JMIk4iHEr6fyP6cbhpUCRgwQStAAECAACr5f9V8DqeNs39SvL9m/18cz0e+g+WYPSebtnFwkj6ny/ZPpPU8P6iXpPn8k9ND57ee0WbYQvrgmyVF9ELEUxsrE0xgCzaMx4bqdTQvg/N+n8wmv7D82+nkkyUTBoQwBuLpY9mMgAiBgpRVNCMABSEpRGhDExAj5b6jxHQPr6z3jAlABphFgAEAAgKPFe28nXj/Qed9NZ5L6v8t+vSuEknk/AfWvl5niFsbqpRv9F460+h+fzbou3bunGi/HOtSzMvvxaauikjhKIhoYIWa7JLHTl1HhvJ+3Vei6ilAChtNQTsBgmnUce3ERARNkIcaBsiSiAME0JyCKkhRkj43Ktn0v0vy36gSGiSBRiEBDAACE0U+H0fM15TVwvZ2YV6/JLze9b1or8F9C49fKY9jkWRUkRUoy329ew6XsfFeny6U+QzoYoYDsX+L79ejlg3oRChOJKBVK8dmU0ac95xOvimdYCgCAGRYxOLsGmLHryLEAJJpFsWKahMLBoGhgmgTQk0fGyu2yX1D5b6ea+kpkNAgmlAagFgMEBGaneHh6/cePs1+l+cepl9BPLrEEjlfL/snn7Pl5ZUtbbt9Ds8rCTr5cUDcqvRHB1+67p4bo+uoMHZ5mrLTKqVSQkjlt5E1ZVw/Rp0JtVQStq8TQAlBpWJommjAqGbVkiIKgGJilaAIyVgDEwBMExBRLzS+BZOyN1BH2XZ5D2AhoCUZUxiaYmFCZESSAAUk6TCGACA8L4n7X8ts4rK7SNnYOX0+rrk2+i43Ul3zwROhXTIgSkSsjMImEr8teifref0yyucCu2mytIEikFqGpRoRidgwIZNWUi0xDBKQRAGJAwGpRG4g6rOEOOLrL8pnJpozJnoPp/wAf+uFyESTUoNWDTlEMBMGigCAAAYmMQAec9Eq+Iw9Z5SyXQ51sde3i1L6Hf5P0Eel14+vFls7KougocI4Lb/OkrIdO3Wi0QsWZEIuKTcJg0wBQA6GmNDK82jOJNK4tQJuxACGKJpAAGZTLxFI0dDJsr5rTTZFsZOo/Wfkvs49y0EkyVAwAAABSENWACiahuLAGo0rBNFPyz6zgPjz388npx7Tf6Xgd87uzma43PM4srrykOAYK6Heo7Nld16MjnAsQSxpvoOiJ2ANRMkBqgAbQQyas5FpyxQU0wJREcWCAE1Ij5fq+dWd0LDqaCs+Y201WaaFcmfp4LF+zWYd8JgACgmNSSJgDRK0yxASg0DQAIaCkBl4/5/8AT/mGj24dFdTZzSPT9DyW6PVx4Sjs8Ln5C/vV+k0t6NOuxRsjGWrVWtbZEc2mg1XcvpVNADRDEWNDBpkMunINqIxMYAApWBYRklVVvBTm56tFui/P1F6vN62CT5KrqbNNSvFGDPY+/wDin12NwMQEDTtAEGgGmqaAGkGKUYhxaBCpqUI5/wAh9x4elZVKtcs0pdVvPinTqw6ifar9Elvczb1tugJNRrLKSKuDjDpnAxSMsdvR5bj19BOL1qsGkBMYBXl05wQCAGwUBIxA04y5vI9PjWvXVbZs7PI7hu5HX40nyUjKpXVOLqpqo/Qvnm6Psqx7RDUrUlQAgxAwAErAkIstBEClAdHl/D17vynHpJSUqi2hiCTjIfU5eg9/1vP+rkq2ZZLfXnimyqqZZKq1SEowq511nhOcOqruny/0csR6fpec1HZKrbGhleXTlE0UwIbQompBp6PHr89HHjXc1dbRuTb2uP26n5z1HlZPl84SHKFhZZSUpqMeu+hfMvphZGSlTFZJAAMGmRBLIShoKYcmOh8953EqUE6SaJNMYNQYiYDlGR0Pe/NegfTI+U6EdWdOpLrIWEZpqRUUKb6VpnCxMPo/P+gXgcLqc42ac1sWbMQd2/z2yzoZLIEWmrlAGIGCRuEjP47s8CWVlOq3RqzdZKu95zunQ8t6vzCfKWmO2qdLTmtIyhOO99J+Ve8PRAxAAwEMABUNDRgN/O8l5Q9L5WpUIStNIAUmmTcZQTUyBZEiwLL8+k3dvjdaTt7+L2DZZVMshKJCNkRwsRQrqDB3eGpeVbRcaLYzLb8+1ISlGq2oy32cl11ni0k3BpIEFVnCOPnE1ZqWipd/HCS+3fyz0fmPT8CvkEp1sjCVzhKicWaPUed6MfT7Ob0xDQMABiT550cHjfMHqPKVC1k1UFJEQAQxDSg0OdciyyqwukamcNfRzS06c1ldjqcLoydzpeZ3Hcv4/TNjhMUJUmhzCnm9HiFOQzS2bqNaTvqrXfLBpNluC+pxjCQdUrSMZk7BxKVDqPkPR+aK5m8l0cuo1XZrqvtzWnQw6keB8b9v5SfIzv8AAJiCeii832xsj0Psvl/vTqgAwHVzvBnb8lKsqVqqKArjZWRjZFYiZEaVsJFGaVOLslOE10bObqToVW2y8yOymqtLtSW7HfJ1+r5veeh18vfLOiWM6hy+cdTi4qy3TbqKpzkUX22ldqSScGrhbCqZWVwnKmr1CRO6hmiipnOyerrPObrhMFu4XLn6WQzer+b+yOvFpOX8s+z/ADs8iBT15Np0NFd8U+k8/wBM946+MdXyPAykqyIokqgWBVHVUUxtCqNzMxcLQr0VEmRc0sKtiTJKUVnOpm/Xx5HXyU6JKpaZmFdXacDb0ZnU6Hl4R6HFyq615zaYuzq2RCN7iFVsR3QlVirCyFaLZ5rCSiiZB1dCESV2WRdSo27L8tszZi3RXidHidCutXTceayek8NL9UixleW9VxD5QTVG3Lsjo6aLiu2FCdjz11Cka7UJySosjTq1QXPOdSVubWBKlIxsqUakVx01jr0wK9WCZtpt0nIj11LyZ9FVlt1KTNN1mx45GiFdop6ugcvpbdhDS+cdSnl3mjoYtsUqdRfbkuLq4MjKuRbOiVMhBLoutbISkVTjYQLKyUlKnfVcmXjd/lLtuxbSrw3vvMR7RwkkuT1eWfKIWxSWvLqXfdTNFTGKypupFqybh020jnXcUV7K6qd10YI6YFcNitwU9PKmabaynXaTVrirB2aDDu5+wp0WYjqaONedufN6CVnSRx59dGG66I9XIqOrmy2lU7bxaQNjosliraTVLJJbmTQuy21ZZTQWFYWSqibFnmilCS3RUDS4QLpK0zV6Q5HQoup87rZYu3eY9OhzOniPkcL6C3Xl1mqFc0JK9aq7IFGnP0jPOvUV3Pec+OkKb815DJuyLGyqywx7KFyV30CvhM0Tp1RDRjtKoORsa1HDj081ZNE5Ro2c6xOlQ7imGmJg03IrulMrd7CWisndW5RxtVFtKX3U2EbaLyDi6We2JIdBIgF2nBfFjo0VbVZSWXVTqeeWCNFN3Jt6d3ju7HA+ifJfrCSzaabPkWfdzzTpx6I0SxbjTKEjDMiPr8jrnPlXSdfZyukTjblMmvJK3Zm35UwxkFuW+JilbYtFG+lY68O9GrlGaNtJrvw6i3PdJMz0yMquRZNWlcbEM0Nck9UkzaHMhOy4hHRCWpaEQtnMrlJ1CSRZGcjM51FkIzqqVlEQvzXl2jPqqnHpym+YScrJpqXrcPtYLfNyOWvL+vfG/osx6yE4nzHhep8rV0oIe/FWd3fy+9HDzdTlGrpczqJzud08Vuzped9AdbHonHMhu5a9HJpgmGGqCqwurHn3Z4rhqFwbaLUvtjYaMepGKx1mu7FpGpWJOpwJ1ypN5RUbrMFhsqjYRkBm1FgqrpLOjXmgtLDLbfKzHPVNrFDWkxx0WHOnpz1pq01xkhogX9LLtOXGNZ28VuQhnTXr8vqYE8/yPR+eXiek81tZ+wvNoPF+H+mfNRpOrqdFJZ6rx3ejseZ9X50Xf8/6M5mXdzawdzi3HuHHRHM5XoeKuizPEvKkmeyqVEZqKIamuOrVQX306yqdoU09KhMm2ma36I6EyF9ascEsjC0nECnXVoWI5lc6rYtUaLLnRpWc674jOyqkJlGhMrevKZqLstdCOjDFMaMx6i/BaUPNuI44StJ56zrcjeScDR5eS8sjO5+o93559DlwfJ/sXylObOM60U35i2jXlPU5qOrHE9V5b1Zj5PawHEr0c633O3m9qTJy+3zjEq0t9/N2jzdSlITqmoJpnovYXxatxsJRUim1SLrs2mwdblmqwnUpJDVmZfbgkbDBaXSqgu4ptC2qk1aMdhrpQKyFRfKq4ujlsK41Zzt4LMRhWLGvtlizHVnkzpl6fD1W1ac29NzUTxPL6/FazibPQ+qfHfoJ6z5f9N+TyYHGVbcnQwEwiHr/ABXoCj0nI0Rs4fSwGXkdnj16n0vlfVyxx7MJio10GPbRpN8KwovxzSUM8ySIGumSC2lFpOksZcuPROunZJyTKWTjnlbKmJJfZQza+el6Lx2Gx1NJ257FtnCs1Sy6C4rmLRRcRTRXj01G7Fu51cLn2Uy+gzQmvY4vSrueffflWvpYbTpypzFPmPpiPjMotJ9/z20+n/KPdeDGmJ1c03GSyi6qJxjJ6DTw+6vU5PT5pyuZ0eave9j4f2JdlMg81uVMVk7FusnnI2SSVWzkV5d3PrToyzhFTLZZtBeUTHCdgUa0VQlYVKwtyuyuLtGXSFOrIS18/aa1RAvTmjVqUuLCpWwUukkgy8yZ+jlNXJ7PIt83lcDdtws6Nma1HkvzG2iwXZZbA69r2J8ISkOcUdnk21IwRs1YO9HAFOq4zQuvzJyepoo1Lw+d0OZXS9v4T2p0MevOYKlXKQbNFc2KkuSvTnvqGeyZFkJYllVOc5pRfZojHDsaDg3eg0V5ePr5HkI+4tPDafZyPDy9sHkKfayPF2exceR0eoZwJd11wH3g5Vu8MD3hklqDLLSzKaIFDtmef5fq0vzXB2+IvQrqC6bsVSzbk3ZrUne6nI7Un5+kiiTib8mzOtQmkvQec6xnydfjxbTONbsemmOrt4PVMHP6XOrR7fwvtzolqjj0bEYDRYZ7et0zxdvutZ4S33hXj9HqA87Z30cvVrCouEgTaxJocZQGEiBIE1IjIkAwiNgSCEmIDaxGgY6IyAE5GmLByRRzOt5NfEIY50dlYRtpNmvJai259C7tvG6afFpwYrK9Zro6VCcmddhDXnivrfNegzScRBUehzdhm6OC0uxaM5L3nhvqS6LO+JwuhfGKiyknZTaSalUkwSmECcaUk4BA5RkAAAhQlEY0AMcoskDEDGCG4tG4tWkDaaDi1aiE1CRVdzVXS+e+5+by8yqvSvVdOEs1VaLJ66Lw11bIr2Z6j5TKVaPZl0L1nK6TzSuorRRqqXf6bw/r081n9L51YRcDVSnE59quzk+08b6I+ruFpmp01lddlMls6rLbCLHKMgcUTIBYRS2KATUGk3CQ4usVVtY1VYE6ZFqUTS6rRxkEkADYgiSIugTG4qJodRlEjNj3ZTL8s9t41ZdTKlvz6Nhmt2xsLtl8tV9c0fD9FwI+cShfRODO7dXrjgYe1xks14L6q0mRfZ87D6VPKZ+jiMrnWehnyuocrrcrpn1vVythfU4xRltxGu/n67b4kYsspaTEU5QCwiExBOIwGiKEQhJxRaqKsnGRJEYuvx6Km4lTIhNwlBGcBuLBxmELawnTbSUoxTVbx68ZhyaJdeSnWatmfrGTr11mmlWS6SIl3Ow+bt85ry6WahNe/qhtk5fG9LyTkWRS9TPPpp5/0HFgeq4PUZwqdFFLscPcWb+brX6N2PN99NEqWQzas5XrybSMALZRIscSpiiTcZBOEyNlcxtOFCUKrjKsnTfEjKi9Umod2eyy6dbLHUi11zJpoTQRZEsqnArvptScSK0fOvSfObq+Cgmvr4+iX2ZLii6GCO5XxsK+g4EMMiSjbmlFpGcLTu7M1Enb5ctx5Knqcol3eFdXU43YgczqczcV5ujy1iiJs0czUnu/VeO9YbEhVmvxpboz2FMq7DS6bYm4qrVFjnVMnOuwjZBk4kRwlErbgSdZFN+NrpUIlzpLNbgjRXKsnZRcWwlEUozIMkKM0VElZJLLL86891N9vLtMK9GmzTFnV5c0v43V6J5Tf6JnE4nsfMLxYuJmmDKkB6nphGLOBRwQSLC3q2gYsoS78gWZWCwsBPY+wA6FgLDngmgCM9oVZIBRAtuBUwklaAkFTQBACpgSmC5qQS4CWCCrgEtkBXaEX0hRYA4gTQVXIIXJCvl0QlruC3oRCXb6AGdyCFADL5wF8xAK/8QALxAAAgIBAwMDBAMBAAMAAwAAAAECAxEEEiEFEDETIDAiMkBBFCNQMyRCYAYVNP/aAAgBAQABBQL/AOHZL5se1/8AxEiXxY9z7v8A+IkS+PHwP/Du1lNRZ1muI+tyyutZKtVXaqp5/wACRLz+E/8AAlKMVqurVVmo6lfabsjfdSaKtXdW6usWRKOq02FdsZr8yXh/6GSdqiazqzgX6+65e/HHbSaudE9LerY/lz8fOvavym8LV6+FBPq8279bbd2fux2T4I4EsvQzsqnTdBxVsGLn8mfj8N/lM6lq1RXbN2S9zXZdn2a4Iv6neVKy+d8fSdWsvpdfWLDR6uGpj+NPx2x78fE/yrHth1K/1r/axeZeEY5a2jeTIhrkp4lqdUpm9mRPD0uqdWop1lNqWH+LPx+A+7/HyWXQqV3VDUdSvmn74LLkV/cvumv6xFcTGZNEniPbHdSK9bdUaTrBVbC2P4U/8r9X6w/i22S1mpM89/2+8OG/NZn6pP6WVrM7ZqMa3iBLn2ZM9s9tFrJ6V6PVQ1MPwZ/iP8Lg9as3Jll8a4ynZqSfp006nXymvavPkfsT4j5lLtU8EpZe7iLNrGRRg4OPbptRKmWh1Sur/An+I/wZS2qO6+TopL7q9KS6grLJ9Tk3fdO6XuRFkvdj2JFcSWWShgipmy1noTxsx7tHc6rNNcrofPZ+I/wdRdGI7rbDVTuiSlKXxfsffAomxnpZJwwKGSNTKdI5Feiw9Wtk8lU8OOp2lspslMz7uk6txcHlfNP8R/gau5U16eh2TvsSlr7fUvl7kIx7oxyVUORHRi0e4WjSLNGsx0JXpUpKhZnFQjrVumxPBCzBOW5v31T2WdPv3R+af+Jqf79VGKS6lbsnYsL2wJEGPx3wQr3Gm0rNPpcJVojA2jhk2owhIvjk18UiUH3SybGbH2z7elT+qPK+Wz8R/PPiOje/UTnsWp1ClqbJbp+2PAzAn3SKNO5Gn0hTTtERF3wbe0kautMui2TjhmRSZljyjJx7IycX07V6jGn1Mbvls/Efz6x4q6dPZPql6qqcs917aWmWVrDXZGl07nKinZGAhC980XVmop+q2CxKJtFAxCI3EePd0zU/xrLZw9WqW6Pxz/Efz6nmVf039V1Hq21Q3E/u92cCt4ZgojmekqUYsi+ciF75Fhq0T5JZMSY4tdl785WnscbKOa/jn/h3P+zWP0CT3zUuH8CMCiaKr6q+EIyRMmey7Lsyw1US3zli3Idial8MfPTs/wAf47PxH8rMmrlst6hqHc8YVdW8lxL2owJEYldOSitRI9twuSIhdl7bUassfMpGTdgckyWPg6PRG29fSvjs/wAJ8HU7Vbdcs22ra9LHbTb9/tQkRKolUBCZv7QEIXZe2XJqasmoq5ccSMol8DR0u309TF8L47Pmf4mvt2Uyo2U6fE79Y4+rH1bVODg/YhERcOsqlxnjcZ5RX2j7F7ZLJfRkv06RKKJxwNr3pdofd0+z1NOvjs/wuoW7tRq+oSnGEZWSv00qV0zb6evSWo9i7R7VIhE/T8xIEeOykbh2E79pLWpENVkjcKaY+zWS6nctVpmSJxw/bgxxjt0iyPpi+KzuvzrHtrjVLVWvpVddNMWrNc5ejpcRWtedR7EIRE05BcY4ksCKe24lbgnq4pXa7l6yTHfuNOnmqvJFYIyM97qty6hpXFvkxjulkW2tRy3o+n2WuNWlhDqHT4Th0efp6oXxT/wdfLGn6ZHZXd9UXDbdP/yKPUfp2cy9n6EIpZXPhPiwgQeB2I1Wt2lutkyVrZlshDJCooRU2biDF7L6VOOuo9K2yL7p4K63ZLp/T41x1Ctsb0c0USdVusp9DW1S3R+Kf+D1WX0adba75YhdU65Rk65ZVY/PsXhC7RZGwhYTkReD1eL72WvLxkUCMSuOSjTyIUSPsFJSIEGLvg6npVZF1fROOGUQ32aLQRpVksOrGHHJ1GGyWuh6ug6TqfUh8U/8G/8As1SLfqdtSnVH+u/q6jva9sXwkQRgwRZGROZvHJ5s5HFtxrwWcGSGp9NV9VsiQ6hqkodVgyXo3FfqRIMh7NQsx1Edk9XDkrliWl6h/VLNsqGoRXK6nH6NudB06fpa5ePhn+I/kbwtM9+pn9JVFykarSbzVKSlOWfbHxEUkb0eoj1CuwcskRQyKh49HaSLfPbSWqqzS6v+VB6SucY9PgnChxI18pexnU6y/wC1ieHVe81aqrbp82OvhdRjmrS86avSt6+Pj4Z/4F//AD0sPTHHe8cYGdUocifEvZEybjPZMUsEZlf1S01GU6UldXxqYtEkRXMkRWZdNr9KqHK7r266Oa7oEvOCKMuL0WuaNPqsk/7K9PHaVU7bPin/AIGMmznGO+Mmqh/VesWkvdj2JmieZaNLEkSrNVRFw1On2iqeVXAqSiaeRCRHuvbfzCxfXqY7ZwjlQi4yel9Unpp0uq2Sehs31Y+uPM/in/jXLdDWpxvP2013wY7Mx30ksT0HMBlsMrXVSRJvKbK5M08pMqiR7IXd9p+NbHbZqEmaV4np1WyiiHqWaeMoamj07emx20/uH/f4WS/Ef4fXIKOpIffrue6QzPapKUraYxP3pV9egf09sFtSmtV0/l0uLqr5qISExMQu7GSNdWaiJS9lmm9OdVCw/wBT0u+yOIRFB+p8LJf4cuD1Eb4k7YI6091wvu1fMe1bJ9mIT+l+em15lpfK8d5Isqix0o29lIhIixP2Ptq19OpgUcT0enXZeJiRbZGBHlfFL/EcUz0YCrij/wDIIfTXg/8Ab71JYKqo2USW1+TwPkURjOmfZpfPsaJI2koEq2bSJFkRMyZ73LMdTEnHEum37oNkfDLJqEdTqf5Wup4r+KX+P1Wr1NN4a86SlWrX1ejdoa5Y1GldqlB1yF2l26fI0kfc+7Q4mBEWL2zXGtWDZuNDptpGODwNnWNbl6DnWR8fCyX+PZHdDXVenqTp1q29X5t6LGMpW1OmWurrtqxhiH20C+vTfau2TPZ98GCUTAvdLxq4ZIQ50sjI2dU6gq4ylufRNPusXxMl/jyeF1Z/+SVzcJX3+saOz0bdPbDUVdQ0q2T4Yh9umxzLT+B90ZMme7Q4G33zryeikfy/QvjrFJdR104wlJylBfV06pQo+JkvxdHqFdX+DLx1KH/lY5UMra86HTTmaaFtFln9lWtr2XdmfvpvBTLiPPfgyiTF2i/Zj3smaulvU0VYXWOGihZuoWKfiZL8XSaydc9Ld61f4PU6v/Mori9ZOqNWo1ij/I6RXihIlE6vHbb3/emsUTT6nmu76d5qOo10k+tPNPVN7pe+ODHZP45jrUpKOF1tfWdG0/rXrhfEyX4jKralR0TUZ/C62mrdO8azq8HEcpXW6OHp6c/fXKs1+xcEJ4NJqy65utaTdOWhhI03Toxda2rPZi+OZDy0ddiUw9SzQaWOnq+NkvxGbMLRW+nbTPfX+B15P01xbrNRv0mj+jVRacO2vhvo1Ffpz75FLBGzmnWuMa7svTszgTMmTcZIv4WTZDydajmHSNBtF8jH5/Egz/26Pdvq/A6tDfp3JRnTbvs1milGOm12opjDql8zSWXWuyOYdRp5fD9sUxSaOnTlIiuEjBIlLBXLIpcp597Y2TK+3UF9OladPySH+Lkxx0q91XQluj81l9dZ1HqFcqpZ3afTquqMlfF6V0zonDvrKt612mdcvboqvUjdo9p09+kfzIJPXQP58T+bWX6mvENet1V6mqJe9skyTyR8I1kd1fT041fJIf4uzl5RGTjLpV/qU/NOmEz+JUdZ0WV0fUw9OM46e2ucbI7Y98Gq0sba9TS6LezF50epVUbdWpKcz1T15HryPWkU6e6+UOlOJDTyrKJYIvK9jJSLLCl75Y7W+NP4+SX4s5qKi2jc85Oi37LVyvnaUjX9K3Sqr1NVlUbUU27vb1TSLUVTi4S75NxuMldU7HpemORT0+uCppUE4kom3BBme7Jvi6zCndulo4bY9plfj5GP8OcsLUp2Enue7jPFE9tuknvpf4OO2F7utaPl989oVSkVaU0lUcVxwcIyNjGR9jLp8ai3c9JRlwWF2kVePkY/wpPCst3OEcmNo5ZbeWdDu3Qf5NsVOHUdN6FwyMeaa4m1JVJFPArEbxXJvPdGO99iirbXN1180xwIz2kVfLL8PU35Iop+1eFgocIk8OfR7Nt65/K6xp/WpawyJXM9Rn8jafzCjUtkZORXDmK9m4ciyeDUWuUqqyESHAu8in5Zfhaq3CIkBSTJbSWMLGNA8aivmH5LOs6P0p9lI3M5IrL00CpMrEvbZPBdqNzoqIwFEXsZX93yS/B1FmyG/c0VrJWvqpqjJ2RUZURjKdyip1y2WdPtVtH5V1Uba+o6SWmt7JkFkqrNPXxBCMj7Nlthfbk01fMYkIGOy7s/9/kl2XzSeFqbd8o9qV9MOJRyQScroxiVxjJI6JqOfy9Vp43w1umlp7e1ZWyizBGxCZk3DkTmaq8qTk9PAhEwYJexn7Xj43+Bq7cREhcuuP0ye0hbxKn+uir1Cf0y8HT57NRXzD8vr0PoEVmSqwjZghaepk9Qlbg1OpIrfKitlUSK7MkY7skV+PjY/mslsjdPdKPLZTHmC41q2wsgomWzmJGvMIQ3yr/ru0c99P5fWY503aDE+E8EZkLcCvJagu1GSPJpYxZXXxCIu79siNuxp5XxS+fW2j8wR5NLA8Gs5q/QoblyOMqzk6Nq8NPP5fUIbtNLhiEzIpHqHq4HZkXJRSaevBUR9jH7JE1koucSNsZfFL5tRZshZPdJckSKNPEwar7HzE3PCqntW6Q2yibrs0VnqUfkuShHqXVUSeX2ybjJntXDJTpimraVxIoXbPbPfPZki2HN+mbS192nnptfC1KyL98vm1luX5Io/cFzQM1b+heP0Kc2vqrEZ56JqFs/HttrrWp6vCBrOo3X/CjT/dp48KJHgQ2bjcSkLs+7JE45ho9uzV6SF0dstHfCzcU3e6Q/k1M9sLJ5lE8EPNaKSaNfxBeCKyL6JWWOb3ZRpLXXbpblZV+JJpLX9WUC6+d0s9l8NcsPp96aXj95HLvjsh9mMZ+tHZH1WjrNf0aaX08FcpIjPd7JfLrZ9oDKlxX5qJeOo/avAm0PJGf0UuKJYbjjHRdRiUfw7Zxrj1PqLueflRprnXLS6pTjuHIyLkS9zH2RS0tSdWWa6lhIhI3vdG9xI2Rl2n8l0tsJyzJeXw8bo18JcOjlSOo/YvHZyyqmlKbTm0u3SoL1Y/b+Dq9fVp1r9dPUy+dFFrrdesI3biHKSF7H3fZFU1K9eOoy3TrEIZFqRhorukOSfya60ZB8yjk0suXDBM0jyp+Nb9q8dk8Ly7FBLBg0P0TolmHz6jV1ULW9WlYTm5P8BEUVLmp4ITIyF3fsZgn9ujf9109lcpb3AZEjgUEhIlAw0b2hTT+G6WyFs90xRIM27XTJWRvrwtHLDfK16+leOyH5UMxisiTZRI6Zbuj8t+rqpNX1eUiyyU38i7YyNd0QIIqK39UOyfufa77NDJuWttyMiY4SIReUNDyKbJTQ/EbGiNpuRn2667svKiKJUspJ12f9IV5hcvt18foXj2RTkLh8xKs56fbtsi8r4r9VVSazrDmW2ym/mQu2029kQKyHisTwbxMT7Psh9tanKvTTcabJYK+RIXZNI9RZUsnGGOKZtMI2o24EmbjcZLpbIWz3SK1zGJGOVGODGVVLY7Ybih/TrFxOLg+7I5Gmm8sq5VT2z0dm6v4L9VXQtX1acydkpv8AAXZCHEa7RZXMVhG5EbclcskRdpeERH21qlIztX3OtduESkhNCimbMHCMZHwLJyZkb2KzA55E0+2qhOcZQlEiiKSEyDHMjIkyu3il86tZh1bRctNd0J4cm5EHxDwdNvw4vj22TjXHXdVZOcrG0YMdn8C96ER7SRtNoonJGJXwVSwQmQkZGfuLJMstLbDOSEBdnFSI1RNsURH5wYNuTZ2wbjePkXeUFJX6bBBMa4qj9NqacJPG/iTaKNXizPqVSipK7Q1WLqOjdDF2yRIdq57JaK1WQ9ms1sKI6jU2XyePc/wYyINGCS7LtkixTKrCp57NjnhvUKKnqckryH1EKxdlgSRgx25XdmBoSHHlRMc9m2QnzHDLKlIdZHgeGoxHUTgalbJ9Ou30dtdT6tWorddnesgYMHSp4l2uthUtZ1RslKUnLPbI2+zXfBj4mvZkTITFah8jyZkb5I9RnqTFbMqnZnT24T1Kw78llo7BshBuVVOCK4FHI6kiKwIzE4Jd9vbA2LkSJbjkQ0Y5SP1wy6HFVvMWZTHHJ1Go6de659msrrdO2fZFZAx20UttkXxrdfGk1GondIbM9sHPZIZnvtGjabTHfAjBsJL3RkJiYiMSOEkbjfwrD1MDnzBORCrLrgkRXZ18Lg3qQu20wMccmGja8DRgwZHI5MSHki2byEkzamOPF8XCyqXAjULMZ/RZ361H+rsiBWfplcsS1PUJbHubztPIjaY7ZGJswY9jyc+1YJYRGQuT08kqxxMMwIiIcsCmRmjehzPUE2zkhW269Plxq2m0wTngW6T5xgSRwJob7YMYOOzXbHbaOJt7IwYEjkjI1FSshXmMo9p+NfDbPv1Rf0S+4RWQ7MkzCJyGRXbkUcm3AsEjBj2ZH2wY7bRRRKA1ghPBGxnk28uB6Z6R6Q62hwNhtYos2sVTZXTzGoVZFYHZBKzVIjfKRjcV9uO20SH2289svGe365Ipj747YZyRGhmpjzRLK7dUr+heO3UP+Fn3ESJHwiT74GVwyOOBi7ZJMWTaxrtgawPul2RgwbMk47Soaym3EheepFkHFkcGzJ6PLqQ6yMCNRtFEwTt2jm2NZca0itR7QGzk5F3TYs9347oyMYu2RYxlGORlkcxhw14NXHdVD7e2v/4z+8iRIjG+2MDERfDYyPJgUUSikIwxxbNgoDgemiS7pke+CyGTa4uBKvcSqaIpi4KyBxj0lI9BDUYnqRHbEd560jmRs3EakhKKE4mURmbjcORuM5IjZuYnI5JTkKTG2LI5NEWzkZyZP3nghwZ7NZW3mJgtj9Ojlvo7a7/jZ/0IkELukYyPCP3FDEsiibMiikTwVsYyaF2/Uuz4EJEUbMEe00QiRRZVlOtowxJkdyI7yDaMsccm1IZlZjOKN2WkxxZGJgwRwcHAkYEJn6TMmTKG0bzchyR6hvIyN45ohgmhIUsdn4UubHhu1ELSb+nok80dtV/y1H/VMiQRnJ+o8mMHlzwQ5lteH5iJcqLw48+kYw48ksEjLOWbWyUB4GRYpCM8Ph54bYmQMZJ14NptQ8CybmQl2aybEekjYhLAmbWxLacbRGTKIyHysMTZnJ++zXCRhZcRowOOSP0tvJtIIkjIuRlstsYywWLcramOUq5U27o9Cue/tqFmvVL+5ETwodoE1lftx+nT+c/TOJCRGeBTk1hkmfuPabG8iyYZZA2Gwwsfa48iwbEbR47QYu0oZFUOpZ2owKSR6qHYhWod5vyZbNjPqykOIon62m02iyIaEhi7PtgY1k2n6IpmCESaP3AZfNsr4N39dtjTunuNO+emW+ndF5gW8x1623kWSf01S5IcE+e0uFRyY+m6RW+VIpZYnhJlnBVyRSLkjgUuXIfjaxIUCxIg8EUjgksko4ORNkFIw8uLFFjiekbCFZ6aPSQqln0kemkYMd0I474MGPZ4FIbQ2jcZQu0yLFIUiD4mzPNaWLeFMjyRX0WxNTE3OJRxPRy3Ukjq8cXIQzwVTyQ5bg9rjzM0rSMtqxD4dMliqRu+llhCSQnxLk2I2rO1GES47YHA24IYwsER/azwJvPk/SMNvaYP1FcqJtQhYGM4JeN0kKzJuMvOXhyIs3My88iUmbXjaxqRyLklnOWRWVMiclR4VkitkC1uU58EWsx+y4uLfCOiWZrGdbj/AGds8si8FEitrbasu7g0qLfDTZZAplh05aghowjb9cUSNuT0xQPB5GhRGhxK0YIvBuMIk0ZwRtjn1EKS7bzcZeFuzmQ2xJs2szg8mBcHAoowQjzPgxkwRMdojMkzDEicWbXmMSxYG+IvJBD+29FUWJ7YqfM25Srjyvtlhl9DxcsJeOj27bu3XIcdl5eO1U9squY2KKje8vSmPplw5E/ploriHKZYj/2iYRtHEm8OMljPLZmQ3IwxPBGZjtFZJVocBJIjtYkfox3yYy+ENcbckY9sdkJolI3G8U+ybQ2ZOTLT8r6htosseIzyRzicyTIS5qZZ4f1FcXnUvbCvlS4K2bjVblGjV4LVXdD9aSWy7Ty31nV47qX5I+WuzNJflNLbqjSEOVeknIuNF99K4wWR4mlmMsErOYzHJsa5x2fAjwSyzaRgJG0ikOKY1gYuCI+zUjDRjI0IxltCRHgwk+DcsqQ8EiLPJwLtIiN9ovlsZPxBc/qcubZkJ86WeS/lQyQyaqe+VK+mxorkipZlqo5hLifqSiv1Hz0mzfQayG6m+O2wj5fhDjxB7ZUy3LVQwaf7q1xfBEiZp57Z0zcltkyyL2yhgwTgiODBZGRGMspIe0iiSwZJctcKPgSMDQ4kYiMm5G83G4lI5Mzz+l3/AFtMo4ZsRhCwcEWjJJkWZRkUkbojwTwRwiMky7bm6dZVsKduJ5ZBEpbYwzKb+mtrLhFIqLDXxxa39K5WcHRb3GwtWYa5YvIeX4/afE1h6CZqYNwo4sr+20eEXkX9Wja27uJFo8j4UWVzFyWIUTaZwSw0ZRw0jk5GJGGJCFjCwfSzgyhsTNzFaOw38ZIyOTDFWyKGIwJDMCiOHMYnppnp4MPF2SGRJom551aKPug/Tqrvk3GbNRPhTwb5YKytlnnqL/ufj9YNPb6dmls9SqXK6rxqCPl+P2iXJTN12ffVt22af7dRNRJPJZH6XxLQvIlwWcjjzauIxIYI+J4PL24JxRwjejgzHHqLO7JGwm2KbN7MtnJBNrYz0xQRgZ4G2M/UWZicGTcKbMvsueylg3GSLJCEPtPxGPP/AKyyjUMp++6eK6cZwsX8umCzZy0sNeKS2SRb07+Q9XpZ0C8ZF56NdmNjxDXy36gj936msOPhjNDdlXrE42cSWU1gnnE+JaCX0wf0yeCXI0yUWIi1iLHyv28jyyEMjrwPgUdy9MXnjc8Y/eCI8Cbzhj5URtGcPcbu2XjnG5meVI8kRp9ovtgSYkxLsu7RNEPP6tNTnOma33y5o8ynh4Tb+k3mSPmuRdnOjX9WppU4LwNnR57b9dPbpZvMj91cxujyiXgpnsnZLdHTQyTikrGWMl56cyGMOUSW0lLBOfDkQyKMsKHGMNz4jLtPOG8kI8bThOW03Jm9IVhuGLOcZMbXEl5GskuGiKIjSHFCwRwbkk7DcJmeyyNyNzNzItnJlibLc4rby39N241MjTP+yx5tg9sYvImNn72cb/qqWR+dK2ozkz9GDTWenb1K/wD8TvRIu8ifD7Uy4omJ5V8ME2SOnv6q/Eo9rVwluTghcC5jz2+khgeD/wBXFkM48GOXHIkbTAkYIRRwiaTUGhrJtZtJxFFkfPA8dkRwMSNpFI4ExMybkZ5ixy53GVj7j7JcSWpk4l83J0cTxmUpMi+D9yeZeFFJuPCZo19Moi8doPEtTf6sX57UPm9cLs32X0ypZCWFZyWkmaJ/XVLjyWLBPlQiieMvxT4kuUbXnYyOEnPBORDlMYu6RhdkzJW0S+k9UeWbJ52TPRsx6Fh/FtYtJYfwrcrQ2C0Nh/BtIaGaP4bP4R/BYtCfw4n8WB/FgLSwFRA9CB6ED0YHpQQ6oMVMESprZboKJj6TAvpnQafntJ4EKPMir7pP6d2HommmLt4G8kfD7Mp4lOO6p/S/IyHm1FUykteFcM0f/WuRFlpLJntgrJ5MyOcNMhAsik8R2/avVHyLy4yxCuxi01za0dxDp8xdMZHpiFoK0fw62LR1IVEImyJtXbHbHvz8uRjXbrWp3yitqUhyUnnjOyMc2Ous4QopvR4TYvB5EhLifD7Lzp3mOpWJp4M5P2vqiuJ12DWVdwM0zxZp/GCXieDa8YfaM8G7JJvcq5M9Gwhpr2Lp1kj/APW8LpkBdPpI6WmJGitHpoUDHtbF7MmTP42OzRr5+np3L6uWSfFcWIktxXBLt+48Gmmk53ZF48ngXmHixC76WRqocd6WXL6qpCsLR+avu0y+mBZhDcR5Y4WMho75FfTWyvQ1xFpq04wijC9uDHw4/PZ1y3FUUSlhQ5K1HFzUSMsiksLsvFX1OKwIz2iQRb7NO8Skt1dsdshkfMlurg8NMmxkPOhpsshDSTLNDuK9DXEVcEYXvz+Bns/yd5nt1ue67fgT3ypqWJy2Dk5tcEee0fKRHiW4XeCILMb48CGiLw9LPdHWw9lUixbZRkSeRlP39Gt3VxH3ZkX+hb5hMc/p19sZXSe4qWDc0m+Yo4INdlwR5Uom7hLuvFK4tjlS4cR9tJZiU4qyu6vZIYmSW6KMiqyLh9Es/tiMaMezPbP4D7SExmTPdfiWoRrJ+np7JOU64kMYnI5Ip4WCuBtblGo3JDzJWtxl+hCKC3lWeSHKnHBW9stLapw1tY4sfZMxzTVFRuGdJljUVvh9mP4cmfjz2kRYzIu8X+JPt1y3EIIRJlMHIVJsWFDmEMG7B9xtEzqMMeyJR4kXLtGWDypLBRY4ShJXQvq2koIlHvpZ/TcM6b//AEVeOzJG7ncJ+/PzY7YF3j8D+Bexj4Op2erqIpDWF5dT2krOK65TK4KCkxLLS7LBrnH0F4iiRApXDRqFw+0GT5Xg0t2x7o2V3QW5kl20ssSsH56f/wB6J8ZEyRMkRF8a+KSylnsu6E+y9i+BmRD7M6ld6NGcyzgcnJxiVx3FdMUOSRuIm7BGWSUkjUa5Vl2olYokVxIh5ofGSzksjhkSMcq2IjSXcXVKasrce0iEsPOVLzoX/bpZ575JEiPZsXZe9fA+8he2Ps47L4H2iPtKWF1S/wBW7aSZSVwlIxtFPBObzCYpE7CWpjXG/VTm85H4ijPEiHmjDiolsC6BjtTMlBNWQw4S2uq5NW4krFhjK5cM0n/TSS5T7tEiPncNifZe1fA+zMiJci9seyH3XvRLsjI/HU7nXTnL3Ci5OmGCNu035a5dhuacrsKV0pCi2WcSJeOzIlPEVZy/qjbBlnDFw6LE1dHJJEPMfFgxkXgyad4s07+qHKGx+GRXZkWJ/Gvg4JeU8+xPsn7F8D9kvt6xqd13MirSSxlRlO4WSnk8KViiTlvfozZXp2eng1ccSJfb2ZHh1xzVhldjiZjKOphz2rI+Jx4ksOmZZHJLPfJRL+yl4dMvp3HkYyIzJj2ZM+1D+FkiMvavGRMfZfA++TWS26d1KU066o3Xuwy81VjRCSiSucirTSmLTRR6SNhKJ1Bdn4Xdmhl/W61IlThuBb9r8kXh1zJssRF4ecqfsr4nW8qj7F2kTKybGRkJmSQvZnvIXsY+yGho2mBiGRMER9o9mzJnuhmO/VXjSqbJzbM5IxIvBKeSnS7yrTxglHHdk0dSj9A/H//EABgRAQADAQAAAAAAAAAAAAAAAAEgQHCw/9oACAEDAQE/AeB6aQXif//EAB0RAQABBAMBAAAAAAAAAAAAABEAAVBwgCAwYKD/2gAIAQIBAT8B8AWs4EMAGjzaiENzDAR20+Gelu//xAAwEAABAwIGAgICAgICAgMAAAABABEhAhASIDAxQFADIjJBUWETYCNxBDNCgWKAkf/aAAgBAQAGPwL/AOm3tUF60uv+sKaWXr5JTf1RyWTeP2KZ2H6T1OckOFFZX+SlfgqD/UMPjXtVpiXpQ/pk7r1oC9jGqyHjXtUxUVj+kn8p6jwAad1NbBf4/KSorf8A2vcL1M/0UlH8ab5nOyagYRkFQgINVKj+gv5Cv8FJP7Ro2130vWtCnzhPQX72Vg8AxVLH/wAiqFg8YAH6U6+EI6cbJ6d+5k2cqfTxLcUrBSY48jO9JQc+3b+xalTSE9J/9J69vwvWkYU9R4/q62Kl84lAjtfYr/EGp/KeryFexJ4O2dhbdMA5T1nQwFP2ZP2v5fKhRsFHxHBBZbJlteESUTkc6AKHZin6FjSN1+9fbR/S21R7dkSqyyLqqsp9XZDgb6EQo9gF+Kvx2EKqlEfZ0Z4+6+Wh7/Eqny+E79gAqkw+lKjTCHMp/CpPXssaNTas68ZJpW2iGVOLr3KYfFMj+uftpe30mHXiilCgWc/aLcsxqh+vYblfyVfJYvIQAvQuFhpchMepD9c31Sv4wITBA1JmVTc0pjo/dsL9aSq2RqqmpeqpxqkhVcPdbplCD1Z3CY5f2oCFXkilYThKPk/4zf6WE9aV/tEKpvpf6WEfXBanWMZokrH5N1h8cUp1hP2qfIPiUD1lNI+1Tb+U/aIp2qVfElQvivipGg/2iLgFApripCr7CwHcdYKfwmWFYSmq2QNP3wpvAUBPV4iybyUEJ/FUxUyM8pxYFCkhfpB7kfpN++sqqTo1lSoTeX64G2bEaXTYWCmkL1cJnzvkCAG63ixTIkfRQ6ohHLjaNYaDBTvpnK16qVV2NSOqMmyhTaBqEKLbQnDBRkPYkKoXnSCGSL7aji8hQmZMLnsnFgqWzsSoL2CGSQnoTVDVezoVU73epMLO/YfIKJTsbBUcGdf22WKnZM2Sex2XxQKmwFo+XOcJshJQppMIDsj+bymCxUn/ANLFQmqzNy/4/GVT2ZBVQFmeUEQsQHr+FiG6bnmjxmUSftYz2hs4TlYxsgRKJojmmkqE1KerdB0G6EPvwzdkSzqKSBYjmPYWpCp6EH6QPDwkJgEFi1JK9aEzMn4QtiOw6JsPssD8KmoIFUeWlUqkXxNnYr0lP5JXqE/DdClBujBQPBpIVJ+0KTT7KnGECLkaDLfihfyeQdHKhYeCVSVG/wBIVDdMAagF/wBRT+QMLtoDiAqlulH4Ua/vUEaPHKlU+aiSgsVAen8L4scmIbZ3UrdRbdb65CY9GyZBNr+wUUBY/GNkfF5inoqekp6U7TkIRpq0Yv8AYCd+x9jZ7MeCxWPwFih/JS4WLxQPwvYMcrgewTHQgL3Xx1GHUOyZrUlUnlfy0Z5W2rCfqBaLYTyjSV/8csZW0WHT4acvuEWEJuXip3Cb7zRd9BqVPTME5vNotShy/wCSjY8DCE/TzkkpgvdeuyBQ5ZpqCMeuswTnrZXqVNsHMIqTHUYJ+nbNssbqSsINqWQ5gOm1Knp3T5oKZ7YnsFT00KVtqSnHKbMbumBTusSwHmVI8hiFB5LnMU98a/KZAhA8p6iwRo8PJBxMFi8NcrD5XtvzDkwg2m2E8h66k3iDpjA5UpqSi4lN/wCKCY8s5XKawKBHFc7I0eGSnrOq3AqpabCpDiRoHKzI4gothJ4mKossPjLU8DfXY0zYBDJ7KNYo6ByyouDw93K3anoMNQkWbNCarVYZMJynN673BQ4HtUjT44pTv0JFYlEonRnTORxlOZ3yNre9QdEeLZOS/RGVVjEhYRoyFso0cOkdF9X2qTeIMnqL9IcJlT8k51NtB9BxYpjl9VNwho+1SbxeoT1F+mfxm07X3yb33W99lstr+q9hoMb46ApGSE5TXbO9ZZYfD/8Aqeo9PGtut1vnleqnOxtK+IUCNAHNu5T1GPx/QJ1SEQdBrvWUafEnqLnoftbFQF7cPfVlQmOR031kxaTUSU9R6HZbL61d8++jBW+eFNyo1cHjU9XtzoTHI+Q6EZY6SckleqnmvkfIUczc+b759rtbe0jlRnKFyj2EKLydeApHEpuUeo3W6+S3tJybau2lHAY3KPEi2154G+nvz3WyhbrdYblVaj3hTwJyxobX2tF550qL7qlA2KOlClMONsts+/XUlU9NtaOBHD30pzsTpSotK9btaeJHFlQtuLKfJKcI2a75ps/Bm0XnLN54ccwkJqlFggdHCbRzo6Kc7KchRCi4sURnGjveVvaLz2UXOTbIb4bFVZ2T3m0Z50N+rhbLbJN5ytkBCFViBnfLHHjPvn2vHHFo0MYqZH7GTASiVUdDCU/PjowLNokEZajpDXk5ptv1jp8j5dsgVI/OlN30JvHDe23KlQoU3FIyydEOqRxoywp4D2i3xK+K+JXxXxXxW15vut8uy2Wy2Wy2CgKaQviiaSi9MIk5ZtHUbqbbKAV8V8VspXzXtVaQtlAW3N/ioyMMu3DjWZitiopK2Xsy+SklbL4BfALZbdNUftEmTd7b2i8r103yvpQFFJWzL3qX2V8V8AoHX4VNp6CVNSmVAW3asPrLPDdsjZsPcuVV0D2buSUdBgF7KLHVfN+bjuRQM8KcuLhtcIdx+hmna85Dxh3B/KfLKa05GpkoudZlHf4XjU3j+nlObRli8KdedIIdthGwUBYvJATUpqVOT1U6k64Q7Woo1VF1AX6s92oT1rbTbghU9qczAJ6jpf/EACgQAAMAAgICAwEAAwACAwAAAAABESExEEEgUTBhcYFAkaGx4cHR8P/aAAgBAQABPyFa8VxPjQ+F/iwXwz4H4zzvkeBEGvOE5TmiYFohOGhf4C8L8WBL44LxfjOIQnjPDQSkHozSDXhOC4hBIQREaHROHxOUXxnE+BcTleUEfnEH875Q1xCeU5TAmTfE4aIYJxPM/wA40OvCczifKiC4pfKTL0K9r0mby/SG8IFqS19mXH0ZPTrXo3ykvhhP8LTgg0QnDXM4bwUXjBMHXhfhXwr4XpNF7Lv80u1d+B0o37EP6PweRRkz6KJz9ZEVF7QsSbC2U/Of4kHxbD4fD4e+GZI+EQSYkNEHoQxeE8V8iHwj8RCFrbevY6aFfZIYC5yNkJysC3cLGnDMD9B5Xfivh7+L+CLyMfDIPho0hEvEJyvLWDQfD+WEF4rlAWk19DDCjFNX0P18tcJEXFKbI6jyI2z12kwVdMwGQNsj+jLVj8Fy/wDCHzCcwaL0LlH6j88NBD8p/gowX0SDfQ22N+xMZOVvieDI0xsjdUEDRJH6Hp6Qy1fsxrztpmWn+4QkX7iOpna465f+HPfwkJxSD4YuNBeC/wARFw0h2RgfvKJngmHFk4KJNpkXqpwtkTPoha6nRFhPQ3vIlbM4hCXsH0j2TGyMmv0ng/kviPfLnEITxSgxrHCCXGp0Lhi475nlsXixtZtEqV+lU19oQ+ER+mZPO/BLA8PkGxDIQnEWh03MdIV/ozYMULhfYjRWPTJ1J6Ep/wBBEt0+vjnihcacYIQSH4TicvQkNcvT8GLhebXM8W4zaIzv7QinauZ0ITazwKeSnZSEYSQnsmeBuFmWKl/TM/OD0IQAUw9lrY9b5zRclfQs7M33uhNYvZDJ5XwnDFzqNeUJzB8LlkojQWvKfG2iyxpcSQVPA7N/ggrQ69jNP/5DHWf3G3++VKHnFg3WaHA274UrbNiPUijO7oZWFdISompwMvZCGtiewieHmnivHQaJwh/I0QhoLmfKpjYjFPQIrY9ihowQO50hOoJoYXn64vE5xZK0pvh8IQ8iFiLWUQ24FdEM7jTwFmf9I85EGEMFLw27So4jryvGvgbH+A1zo1Oub8f6O9DqRMJH7FWJ1GZ9B9+UpBEFgJ55JcLPCEC0rUK9DNEVaOh4Rr0YQnb+zYMvwm/WMT4K9IW9DCIWcLYp6BC/Fjwvi/PBD8J5QaNBa5nlPFZGkf0M6W28ISFJO4KZVwDV+uFz0MJVgYo9jLw7QfrA5JAxbAowHwUhJqv8EME4wH9ILGKHWHUDJ858HEpStTXyPxMQ/FEFxCcPwawInwPxx+CNG7sPpCJnzEff34I6MkIRZDwGMVFTHtodaCqtCyglDjMENYJQlOiqIq5FGBR5WBxOF9cBu0NI010ypkvLGJWEehot+CGXwXinjOF5Ma8dPjhOW9Aj7BbEsTgTxUtF5tMZPBqKb0X0MTG6Ma2OVkJ2TogpFyMZkKBrBuo4bapRWEhmoSdP2LPAbx9mSe0VtDROLR6+hnJ2E9i6adt8i4Uc8ex8US4fnodfM1tZZRdvPGAZsbGN0NcpjiDQkHwlFbAlGBEnry7FzZFKZrsEn9mTA8ivRCUzbJ/Y16MXBS8pugaiNoTPc+a1w/JC84RCRHXnPJcGyWkK6oXdEKky0GLfghM9Q1y2ZMYzQcCI4O445RcIWeNS5kZW0U2WSeEPqG4RBpsw/Cn2PEYtLsPCymifChmvM5YvifL0LXxtYFxj9jJfN6OpzFphq3xPBcIXBjYlqzizQ+KyHFw3guDFETUY9WqVWBscG2LBIAmcB/hENeC4RvuUSFHhczynOn+C/B18pBNOI6sDDbsc8aC0Qh+CCGYc2WKkLA0GIKcORCE5fBSbF17P9oq7FDNGxwS0U68EQWyVdAjr/CUflB8Pl6OuOviZ3joO8lx6JiuULZNRsnvZ8ZkWFBa4UY2CzoSiBOs04pRBLkuEKkIm5SWYOD9Qlbpm8MfgyizogIcaJiGr6Y3F+NBeS5XJcQnHTFxCfC8oW70SK+3ms+5IYy37BjVXpfCFCg8d4S2GwqFiVCXBC8CQxiUFK8FFtIt6pv44OBrh8u2Ot5MUa6Pey4LxfxETmCXN8mPQvlnpkJ9JcG9NFj4fQ9JaOhF5XGgkYsWRDHYNFmHXYqfBccCKEJ2ZoGYcaKbh3BkhikLGBFwtCM3eE+LqpaDZKyPwV3oeRMuNeF8G3inxviUh15wnL4+skMhO9mhyp1O7BiUuKJovF75QtiY5aG+iiGYqNxKaeBskITJHJ5IbB76kVLY6tQbRrJ8MetmfEqEswMixWnYOg2UY0QlDy4+2P0f3R+N5mALaD2LjEqaeS56NzrhfA14dC0NcMevhfK0Y/wBiUtbCzexC7VtRU6JYCqX+xq+CEgtccRKSEFYkkUlFtsW1hjhj/bKstjvWCtjVMIU3oXAz0QSGqLZhrEtCG1wh+mxHStglJTKUyXo3h0QtOEHr8YesGvOczBHwTi8zyY9C+B8Xh/sB/MFNrcELInyhlWAaV9mbv78FvggVSnRMxGcsXEIsJpYKLbEDRCF+FHFsJiPbNQzDsQuC4yQ7xgXZ6LaNiXqJiqpN7olDOIVkaFpgnO6fpsQ2B15XyonFL8M8GPXjS8vlbHx1QlLAVpD7oSHxTy2IRVAxb8EUFDDnhi9kWZ8cGpUyMxhKFZIMtBXsViKYq7En+VP+akdch979hZlC5roY1Lgn7XG5KhtK37ITTgWjobMhDy4aczXQeo+EPyePnPy0OviYhzZ6PQ6txwe9C7XYuf8AaY9raejESMQ+TEWR9nFHXBCZsemhjIYrB3WmNdhtsd7ExJV0zSqvo2QfhfAVZGvsehISEimaILEyyNhoK5IuxqyjHYIooa4lRrt6NUQYL9Ll/Mx8HXDFw9M65XwW0NtG42zYaJUIzQjF8I+wlEscSb5cZqDNfLs2SYBam8mMoq0GrcMmSgg8jUbGSYyFWUQkTk9DKVx/8i6l9jaJRHkgyWqsRN+x2RgQ17FhfCzYvgvGeb5emdC4XiuWmw0eGBJoThyGNT1CJ+xbMuU4x0yxGJERiDExCzIoh6FO4GJbEnsKUw2s5ZLG6Ri2NReBjGLcXcJaPshObLB/iFmj/RadY9bbMHZKPYkMXmzbl/M+GPTOvBi+B+H2Ihp12aH6ZGEQ0QRUcJSCRldGRD5A9CGmLLSiLXYgx9qBklBkVFSLwTwM2jmBmeyIpRXjZkli9D8yMe5WByKh9hGn9cPmeOhm/OcT49ReSGZP0vhjhnYpdhB5+gyqiWBpEMRihhvIgxISWYakFJCEh7E+HQ8oG0m8NKkmDDqeAjmnF4QiYIYRmbITZQg0bQVeORXTiqh7Zf1CHxPLQvywQaJ5IfD4bwL4Z4tAu3Av/aG1V9DVQL7RX0Ylmvrh6yzoYwlRH2hMjcaKMlBIiRfBDXBoQi8IcrCE2mPvL4y8N8dlXMFSGU0rCkVkLa0EhLoaY1kiUv2IfwPQmRjEuZ8rOhfKhr2b9CWW1SGImZj6DbYdFzHp6BsO0PDZlhpEmCNjClvjWuUUXh2gpGPC2Oaw3eLpsGKVoUhijwNwNaiQxkJWI3XS+BcPXG8whR8P4G+enyv8BTMqDrF2XBbpIesBxtXYib9J4aEJBNTixSSGhi0LhcKQhYd6NjYkN4QoxNgxL7MR0SKhGt6HvxexXb7Ei/G38344ITh8IY9Pl+DXyL7YhWsUrWjO4C/wjaP+DRU2xiavQdYT4YnZZRXB0HwgT5zg+Ko4rQhcQTg8VPoQlOK+y+B9jNqGEdCReDF5Nxb5Qxi+F+HTF4IZRonnjmiIblwtdAplhaHIZ9icHsMab6EbU8sRgOdkiCRSjGRXgxh4KCTBkx4vPFdDmStApd7jdgpRVYorRskqX49DfxQ/GcJ+MGjp/wCHgI2xjRZ0xLo8jXRRkckuiw7ChrJ4qFKNUSNcEIYW0EgiEkNos8EhmxucC5YfloauDAiwyJgSRC5yfpBI/Xx6G3gkQYvGD8bw9MUNsIQj5fy9CofscrFRLVjMixgUz2ZfDSIvAtrfZfs2hi04lMKl0g2jbFLWb0h7YQxWQx6GQoHgJtPiWuGMfhRmhYQ6QYgQ1BawS8u+HwjQ2KThcTwhc+GfDs7FhT7MooP6+G/Cwva9sX4OCzVtsSn9cbGE5IS7OhnYwayaJxpHWz7M1tvTEmNCM2xKUsThUQzETKN8PxfHIYDQHq+2IbZrlfDqbczhD4nnBIng1PROnMkj7Q/C+S8vtAYrpkzbNoxEEmOxUg0aEvC8uhD40GiVEFNzsIcyKGB7MjHirYmDfL8GPgdxPRjirHdl0Ikjvhi+DTznzMeD4S4fL0WwwklT6JzPKHxfluRH0htNJDmqm2ELJN8vgYJhF/rfHDWlByaoRsYk4nHY0qhzsllopLRM+orgwLEPoK4PzJxS4FYljGt6caL5Xn+mngQxUhopfhfD0JOi8kLBuMIQ2t8ZyvNTUBSLdjS1z2fbtEkVux/BHnH9cQyvV/fEYZ2YWGoFvHhhpog+x7yuxnEVZQmvsr5N8xQYoZbMMFQfD34aeNiH8E5pCD0LRdEM4PQpVZXM8V5M0Cx4f+EwsvRIWml9n0yYSXJ0VMH8EINGozsyL0/OIbcUkzGxu0x/Z0aBUq+2xGTQH6e2OLke8fIUvD4PYRGY9CnhK4sYXyaD+Gee+WYsoY1YZWgt20KpYY2T3xS/J1gSNFpU7DBbN+vJhb7I1I0MC5ePUhpTGhkEOFsv2U9srohLmbeL0Y4t9mCJCBfodqh8ELw04yMzHVRy29vh74KtPkpqNyub5QnkhjbGDyzDIKWgNFI5Q+xax9eCfIhxiQSS0hsJF4bIsj9EzkRYOj8R1LSEYeQqkyFoUEpbQ3GxMTKOKTbGToWp0RFw2TBuSF8L45Q7IPxfK4XDE2bMYtcVJS0UjArAHN6MzaPT/Eb5fCUcND3qZcZ6LZGFVTqCElkZGLBCyyICsZKJkRkHgYcjCxwqraEKoOMM08C+LQfCGvNbJ5NxV6LAclnYsYd7Gz2VosZxINVWGNCfC+afCxrEUnOZQMwZAThLsPODsRYuUILDMJXlITLNqhu04EDcUbA2WPil5fE8T2P4ex+E4vsyJfoZtD5hmEwWShhdh9pfdUej6GL4F4ded8Uqa6ZVQ3s4TGIbB5ZHg5dC0wJwtJIaG+htJGdGUAcstvgSkIJeBpAuF8Z75QxeL8UxDM5Gz2w1/CYwiKwj+ymaIhgTiB9DTuZwmPyhrzn3wvCcPhCB07CNPwEYik0KC0iRBhucMKNpg1wUhFDBR4DXiKpBa+Jcaj4Twfwoa2PelpEYQ1pIhwKKsUgnIuceW4iTfoQqFovgfwMWB/Anr8Yxa+mMTybiFKI4a4sOKSKeTI2ZKsYFjhWAwgoudB6scL4majFw+INCGXxSFOV5N/pDJioghc2zR7cYReMS1CH9j7QY9D9DM+F8bzPifgrFrHsTJiYIzbExkfjIgbCUrZtYPoLlhQQkjByTguNeD3y3xhryvDYmNcPlrlbQ9/A4IurNEc1o7eEtbQbwJsaxg+VP5bFPXrzXjBk+Gj56KbXXFjMpUUH2Duxi2KS2PxYt6FqoQsESExyg0Th54rhoIQH8+LQYh+GeUPfLwjosa8Jphz2ND/VGcGJj6mbcTxJkG1cEl8l53yXD4vhDr0JF6YvsgkhmIoYyeVtFEnsk0JjJsLwZcPnJGKHjI1RTrfM4fhrwh/B3xSt7HMBaMMFoQg1gtRxGYLCTPpRXtwR0e8I9lTyXmxPyb8YOiyPY4spPDYxj7fCFwM2ZZSWaPW4JowGxpBsfJ8HEzRmR7BHm+jJhadiS8mrXyZr5Ifk8KlBDGOiQbAjUGJAzxN4CbSNAHocMrY1dHoG688PmeU5nwPiLS/o0dH2Jb/SjffE46FkvGxMCWsMQgdTkoZYffwMz4Id1Ed6vpiGX6Mzu0zOVoXh4mmPw1+A+UdlYc+ohs0EqMsQ1CA7iNAhrxFJfaJYGolEJe8DkK5yjr5b4PbUkP6QBgZf9G3Y3WMXxguI7FMSy/Qw4KW64LxDQyJn6I7A/2CsLN4GtGj8UUn34aj5Q+HzBMYtuMZNOChhBihBaLUIc1FssSqUzboZnVDI4/TBquJwvN83lPh7TRex4e+jseVb4b4681yQYxXW5Gy+hhxIZOH4ug9RN2Iz4fkhxiFo4HkyXszLLjQfKE1MnflvA5xsVMNAUkFwDR4GCMg0FE8mISME4OhUILB2Sx5NHLF4Tl+LMpXoYcPSj/XgdTxRfJcIUxF4HPDHDApJeHQxRZF4XAyegPhw94QmRIbITNGMLa8FhS4Y+LwxeHYsKm4mx98eeoQTeRhkmilVlNHKAUyYQg0FSMWkfWBLlL8cINHWdF5k9ITBKAzY36KN8zhMXMJyhBzO4zCMS4oFya4SFFlkV30OeCtMX6Ac07ES4fYpgzcyJuy2UekIDvC0XheOxLGOY6MMlko4J0qInsboMRyR1cQm5J0MgD2eRx+D1h9GSPzfl0In+ImalB4aZj8X8QgQVpsM6ZheFEE8cFpCD2LhClCGLz0DG5xKwYpGQbOARvBB4MApgHFkPuERTYmdj9OEPiygeTIYiKouYuNaGl/MWLoei0DV4MwSZUEX+hCgxS6ZPYvCeSlyq6KDqeyjDfY8kH8SFyJDZjZDT7JFyJRJgTikyPpwYOGgmJRDRjYUetxlNyzseTHTIUSN0LQEihDEnRGoYg3dFNwUyeUQKi4y2HrB6w63oVwGAwD0SI7QzYIaericMoNqPYBswfBC4EZheZ4fpaKb9IcMxzaY/hCEGiGTPM8UxhYHqFTXHMeCBEXBbFPaHNg6UfBeDY0NRwXKH2Y6eWO3BK6wL0i7g/wBj0NaKgcNkdh2gdhPcaGLsDxXtweehwQbOv6WOkFpHcI4MVQpkSsGXWPTAwrE+GRB1g+DfJCzQWzJRDx8pqIZCkkLsN/Y6i9iFoa4Xh+SD4T40NR+jEiaK9D9uDKKCuWJ7lRRcKQdQoxC0hCGVzsp9GDQi9CwbSinR1EN9YMxD2P0H7DDsK6DzoUCTuDUKroo5Nk0lRFVgnhZwkGuR0OSnBYaYxQtf0RJKn/B5wP8ABofNPeDJSC6NeGJBa98zhnw6UOzaBOw5RjGmNEQc4a5nK4a4ohCqZpo0h4ckiSooE9k+xD74SbnMDR7JnRzsYzfJJaFnQ0kOXOD+5HpE2CbehWZ4J2jIeziJYmQyZFDQwQ/2GmUJ4aMsFEp4hIdB19GKtYyCYGRaXCEbGhkbFB9cxJX0SxE+yrH2Dt+GFs+nAVfBGSiYYZOXOIJCRVDU4RXAhGg2OkwxbwT6PQY/Sx+qPwc/+gjVh6kaRj+w2jW9jW9mvYNmHpGmRnaCdBhdhthjJmEKvsiCTsjd4G7cSo8MSrInsTMkMRyivJMbT7DEzFn3IWmSCRTBFjfKwOQnH4bCRoSiw4mlVfQub0LAwzedfpDWWXprhBr0Eme0WM/BX6JRcNFwNScPAcyQ8BiOhHYhMYuz7RnYyewi2DaoQvQ5Q0HQOmyoaYQ/IjrTAPGClUbuG1ExUho93wi7GIFiU9gntl1hihZZC7MGOb2Zh7Bj2IMw2uNYHN0VQsiC+hvYlZlvrs65qzg98Lk2NRzghPQ4rp7Zmr/WSLdYudGTySioVqQpDD0NWskIgta4eihmINIQ0RiaBHY6XHAlGTCJCYQT2LwLIgyxseyC2NumNtkbBkiNwhaaCSYUEiNFEh0mFsa9ieoVN8LEPJDYk7CoWhIoMykPh2WTSMjbBcyTWBNdFNjB24rfB0LWRWC1zY0y4Q24/h/wMsCQs7GPHBEKHkMMMKnXB4j+wsGzoqi1ckiGk1g2GEI64DOMqWskVeuO5pwCH+lczfqFGuIRdHrEOqzGgQu406HZS6kPQ0w4mLtTBwWhsHjoWOj0BOO0XsN9OA7G3RZ4tZPsFgTRDGmhuExDG4YaLungLs9CEkSbLgf2WwLNDdQshfWSDOBYwGMFdDuhGRZDUTJmxY0G86MscSCJ7NcCoaJou1gZXInAx/jQjoJL0dsI/Qa6MaBPtURdmUTtoSLCEHo0QjAbdiWUdlRTAKWLBgh42EIh1sba0eiZdCWMiUfA98JswEhsbj/Q3jRHoboESRg72ihVeE9FJV+hk3exiO76P+0QnO8Rd4EjBRmbcJ7KErQ17IzQCt6Qo6GTqPsxD7F9kFRS0uLOBKLGkJCaaHro3yHb2NX1xeEJQ17Hn4Kyu+/9iT2bqH3iCwjPgN7lGZCZNwzBd0anfEjhHoz4QmE3YT7Ij6kOdDadCISd3Adhlob6LRTPwLGMr4KyZBlrIhxCDJDWYKOhbFuOU/0n/Zwl4HiG6/oa4n2GofQcYsiyITGyHeHqR0Q+wyMt64tVZGkshUmNUSC30P2V7yNsqPnLG6sF3xWcM6md0NS2OegnZFDbBtWGxzBKShp0FATYkdEaeWVexrKtiX2IEgwnoZhcCJ6GbQ/qMyWSIecgpfZHow0FjWLbMdodGZiJgYh7SFojVF54rRpk2XwGIZR6FoVfxI/ryIKnQYQR6krkoML1cRUs2KoXwHNeFEo2J+wvRkRp5XEqBDUnkKmhoYdDXiG5nHEbLBlRJiZovax1ZH7CFEEtPAuxscx5EqYssjmGTQnqZImPcCHyyZk0RIZJaJ9C9QgbQQ0KLIoGRKhrOEI2FLYnFHQ0SLfgo1kZBU2KCcuWrauyWw5lidbC5vIQpo6EfyJBH2QKhBDySsRLR3A7gQZ0aBo9DJwOgjEhV0yWB53FTQ4tLJHoekg1yC+0dtsV9jRiXAwftgRkVWRCwIvRhcdN5EuyozZZnKJKJTVZo0ewTYFHoT0EucHioIVoot4EcId2JDIeOBMuxULGsejYz7EmimNMR/R1ClsaaGW8HaLQ9qsfdjqKKbFiqELQzZF3YbqhTkMAqjslGmuP9FwtMlwNFjWKOkyUlGsjUEYIlQjkelUdNDFIYTol6GfsKLOzoDjsUKMW0h7UPazgVd8VDTiYjNBqVip9R3Q0TyGNcKrj0NE6hp7MGROWy3Z2gpi1DHo0FBUrsRdjSI/CDaiwFgYo8CyOPsX1xIBB9zI9mLstaeORqoMWxOsl6jga6FmRrNQRmi08CdcHTQTE7g0asosTi7aJSYlMj6hjQyKa4EN7HlBe0MLBZSHkZPAlWhBgvRNJnrEoL3klgZpEJu5Kej7TJsYG7IRt4RlpRLgLLKM02BN7M0HdO5MUOCD3DDkaBl7GTshoeCY7nKsjkG0OsSLe2MfY4Y4rbo0DG7JiWsMW7PuI2ETYTorwjFQpJjd4FbeWMcsYhsdQhFodcTpsmM2VTFholOeiVErEIQS0NcrIJZijAn9Cmk9BnISZJL7EkShD0sRM0N1TITx4IL6HV0j0Fp5MmxpKNroOfQxZZc+0UtsnpiUJawxxrY/hhK2RAtmkMGlROZseghkxQ5leTtBJ7MGSpRI1BFsOh3Q+hb0DLBCGyNcIX2SnoetCCJoVOJCOCYR6HhwDpsY2UIWhdIRkROyKMfK/YzGYwYwJZWBLpoKM2odUoY2SGexaqKUSeETuSWCMkoQp9HuQY19D5+hVUHqKnsmgt4Y2Q2N8IU6GCywOWzWPhEPBYHJC3EakKBzFaI0doJPDPsM8HRhC7o/BL0L6mhbI7EhQOoytmSRVYJKRUT0KbFoK8sfoiy0b0OOK3oqIWoM07JWEJM8B/SMgZMrnNh4MWxQJm9sQYCEOsJidIEW0ZuwsoLZvYmt1xUgkfhDio12JHSGDeYiVDZyK/oPYiqI2i3A7FskReUZFbF7C9DtO/E5NMSvpCmj6jIaot0N6MxxNZsUEgkqvQ6gdaRCN6GH2JTLKEdox0Ngxk98DsiitjYFaEDKYPYJIJp1xi4vkoyr0NehNYRmJkOeok0pKQnoYrRDlGRGIgyPRiGYQC4o3kzBAfQ7eey22YjctdCErlHYpX6P17wvNTjMXkfnEbHWL2Ocm8yeh8NGbFJpjc2O0GBSNljDExYKCDApkxbbI4Q3hC2o0uisQzTwX2UZfT42CZnLJTIeiWIR2KhQ9FOj6i/AZeR+ipbG0NJ7EC0MqoMEoeMDy4T4ObYmkp4LslOxJE9xGbQinAojLPDxxa6CGyqHadMz2OzOCvsxab5EvaNkLsMGC4vDE6jUuuFIwCCDUfCV2yMXQdZEO3VEbYzqKssSMN9i9Q16HfoRnxCOhg8ZPWe5jQSbMfCEzkadIoXfRkxShn/RjQ3jVtkezoiK62TsG0wh9AxjUskesGWQy4FQT0YMJ7JLRiHxk2PYcJiCwjEjtD2kBbbEREQrsQXY3NIpuB3hXDIrsaEs8NrLBdbkbrwE6yEsnpHYyBvLhBMzuYj8mMlDCFedobA0ZFPCMW67RUsjNp0KPY1w55KGISIaxlbIEB7Qpb0ZsIVBIF7SO3Bitn2iYWTBqwQnyR0MqoT2Nr4mxtjFfLHAQW6xImR7HA7joWMXYJfRk0NhRgMIYa2IkNcJZHuIfBciYMGdbM8h3fBIGQ6PbyM/UhYNNpbNoNfZmmtCr8B9Roc3keQps/glGn7DHYQX2FdIMkdH6yIaBJM6risSjFhMdjmiTHE9izpvgKj2UEWcjpascaWsSieGxsJZkWMWOyERsZuxZTua1jUdKBwFBB4kpZXB9AO2jdg1eyqUSUyx/UdsdZqiWghsvsP7KFiyIujpAabWS+homyhiY02I0+J7GzAyCQS7lK030NKmnaKdhDVCITcIlLBJnAr2aaxFLY5LJjJbEZBHqGJumdcYGOfsXBIkKXHIMYhl5aW16MBF59jRqFdjsVMMplDm+h2432UVo4Idk9wWoKdCxo30NWB/YUhhekxLC6IhrRPoS7IYaLxpTVcEcCSXXGgGpXshDQgxGYkCyCKqQ/Am4LZWLWxBCBuKyhsPRGQMaEsBmWiKjUFyK4QSt9jN0e0zOAt4SKGbD0NThOeOTxgmKnR8J+UDi5csMnIe6ikCRjRaGFJRFpCarJa4NhGBniYm2RpwcrNw4CxorOFDyRPY0Y9CNodpQyRHhsjbY3di02Z8C9hZYPYx32dxlZggAg8o6sDUsCd7Y16PRFe+hKiywNJN5IbHRbHTWDIa0ZHBkIehyhOJ6CF0uIluuI0k6pdbAncwrZnFNyIeXiDjCzASx0S7IxiLML0gUTeBBohMT9PwphAdJcmBA2pwjTvEkmP8AgVagmG2K82Mk2ZCVldSRooEwMSWToDLYaMPXsJjI34DJlwCGE7HypMRl9CjlwZaM2T7jE2QZHZpMnAkKsQ9mLpMz7BMwcTX3CayxJsNu47ZV6ETDJCbhtCdaY2CTyEvbZg7F6xHoSH0z6Z9UWogvjLVsFH/gliojQD0hU7Y7M7ZiYOwxXLkvUE6QSfQRCHeMJFwaGzZFghfPJkiibIpqE4FxklHtg5RIVt1sT9oyeRsmKFloZBXMDZUQS9jSGmBeomYY+hjLKLLN04CawBLphklTLez/AEJ/+CEOGNijX/uP7He/4Few6k/94G1R0SS0ok9L/RF/+RBGL6CXCJxeDZR+NFw0NQQyRmNJj4V9tEtDlwHKYrKVHRi2XA+MMAjQyQqSK0KCmVBCMUMQ2UOE0Q1iaJrMzpBtnszNM2GIhpbeRN7GW2R2eFkeQkNpMHqlt0Y4EoExZX8NbP6ZZk/pcpuKreE90IIg0QOOEELSCgjpkyLggZRPh+RcFwhIyQguJ5QXLVEGscHRkC1mgrL0N0EhgqzsYCrZcBpvNiwM7DceElQ+gz4Gbn2Z4ysDWBD2JWyXoJPA5qEt54nxRhui+yQq0S5jGPmWv9GVDf0KQab/AECVoRBpriL2QQJGi8QSIQZSg1w+MCQl4Llifivivocpdsa8oYhIWgwiyIJBXQUyMkJL+j5YFohS4Q6aUGi0PLMWYaJkW+GiIJ+4e28mgz6ehkTBRzRk8lpZkV2lEK7DV0/ziRbhGnp/owISQ1wmMZGKjpnjZCTwpR8qENMXiheD4fCXkmNxE2CRjRCYPaYaG7FLg9bCQjNlFUiQj0GdiZhYYIS5xpsTgEoyC0kMHEMzxwf4P2YKMgtDhvThYRV1wXHFREHkbcJCXE5o3xBiJ46KYvFKf0wJlExsU4pSl4fFLxSjeBFqMA4Um6EOJCGiLtGho95Vi8RH2ZoGEQlKXCBiyMQxbHDuxcFqNkSoag9a6P3I54nwYmZAfpj6jErHGhn2amXE8iYJGIWQyjIicTzviYzRdDH24UuRrwxfBOUy+CMQsZYvQ5Fmj4myQ9BGdNwyjlVMpCArbGiuBMAWjYscFNzBIZNwb4ZTE4BFYgJbKqBd6Ptwx4oklPsVGkmElihk6URRBh3g5ci4TKi8XkpSlYmNvwbGgmiWhCGRIxRvgpRcLll4viiDEOTJfmxK1svsZ0zakdiRDETGRi1houEqZcQkoPSBOoWTSN6Me5MvAqO4WncG6ZGJrBRsho0y0W7ZYtQkbhiP/MPjEfAoGxTlfohmvIhrhF4aGNDgSTQ8vA/NKioouC8m+TLgyFVN9CHJNBjGapQaHvAfVoPZGXQ+gihmAcq0mahz4bGOIgkJniIpZYwrOgLEEmOFoww9RuHjC68WcbGyNx6LkonxSlfLD3wlw+GV0ozASfiaPghgNUnDcNeC5YD1cOjYT7JFvbbFDJgjwSQ3BCirRFGBZ4NhDnREORU0Bqa9GiGBeDCG1qHSZXEI3EjFYQ8YvOUuwxGzYhsWeQFoaAmxPA8BxDYTfocW3wnhRPkxMRCDSHypSdQ1R+FHww2Iog4Rw+XsT8GnDJabcGuTALQ6qJ6VZEwdKWRqR8CyHuYro2DI/alv3GzMKEDZNBN4K6RgZgzKYqpMxfY55JbF1NnaGJRBMmsZMaKQkwCeCXiiEBJIJp6uNhi4fglXC4oxRkMfYwQxcoh8Pi+RMuOb5aENybAw7ombyzJdkV8TO12hHYeakK8yFzE4feMxWhlQvQfw2nXJa0PEnkdEYTEvxiMzAKSoi9DexTEXKMNGRQKlwKJOC0MHYzJPY4kNniwCtEYKMTKUTHvjs0VDaMMcJwwtEg3kpUQY3wPXjbKUvEE4QjFm9CHMoJNjmzJS+8WAf0wQz2MzoZxUdhabHthizlcEMteF2w6XLEGIaHXKMJofvC1SHCDO4Geyot6cFZSkgiPhoTIciTWYBoUamLFpihZCyELRUiSDfCEQSJl4wODgxGgzvG2NPhWjpiKIaGjLzfMFgzfCg/6gyujLJaYwmg3Qi2Qv8RtnDBF5IsvWShaRJp8bx8D0JGhZWRsEKdGQdTM2piwsjAstcFF4nL4ZsItGPVIgoINk1M0MHgwcazG4LIkMQTE/IQwELkRBZNNTQYY1GNBccNxJip8LwnNOMbFns2mhAqilmSrAMUOGZEJgarElReBMMhuP/9oADAMBAAIAAwAAABDO7UMS029uqevu5OJOwTX1/ESkg0P1TfDQf79eP/FhHf7M5krEeaGEu87bIaY5bNNfXHuQGgyBV02zcadOf0dmoIjuKnwc0KiDAjHPKaKYEQjyoGtbskZ37lIC2e8ke9kW/HT+vdlzxeviPO7YaKJNpLWnBtPH1WCs/Uetqe9UktNUE1MIJfM7DLCFICg9v9uYpMLf9PnQ4XPa5X15sSoNsutdv1s4rFf9nlutMD68AvZOjXG9sfaCoCvdnV1/FUiW2/c7uMfklKAtdJd9uLOKRcAEHCxlgTpWjmMg4Pd/cHt1W8Hfn1tvGtMjPcUgVtPpKyN8c9t91Ut8ZWUeW6m2hSeqM0+JxfNcfOWxi6ffv/FEOazoJl8OnmL+UoFhiRoI3+fJHu89dawOQstHUSxjitt9FdUXTS32qTU++poSTK2JW1l2/Ko0J4M2vrBTddXanexA8cdUeVURLRUgbrFpScxAJKiEU9Sub5KDE2WiHN9+5YfO0nfdMEdlF/5laDTpM4ZzjpLSfoCUEJI1obl4cXKln0KRUTv/ALTr/Lz5fH/PKqMQTs67OWstyHEK/wAxv55T7P2rWuD+R06lR5/e37mkKY1nbUoKhkNbdqsDvh44cRA9S+FWIGo2HiUV0UT+2b63y8VN9qoHYRQqLaSMwcNbsdAdT158AqELQ8kz4V+cax+ScWS35vcUuILfhWjUYhw4T3AkkjzQ/Z10rrrH7Ty2f37077Xbc72ouMCnW8UboCPREGU0fGx9rwdwRU1VZF4ybGPeVT9U+E98eMdnJu9/EcFpgAUXfAWARaD+Z2RlXtSdVc81e2SAWi25y5IZy2ez12S6n9tnn/kYUflJ8PsiZ2HhSqCBoaUVrT4e+4578PWTnW37+TH33C+bSnAax0/Yy9+K+9FXaiAAmxvRW1x678lYMkoQw/YLPHawMs/57edP/VjymQGh6n8rLvf3e/7h9006ltQBPdT/AJig7n0HE/NsPdVt9YY206gVnm/9ZyHA7eZ8fN/kbNPFgTAkK+5Gi+bSJboAQaJOaLpFX7J688sXHZ5WvNQw7gb1Gbs/h+cIzYVrt5BnxH6Dk0UxWDuCaBWH23Fn239cxib5403bUNnsw0/nGtjEdJ6McNTgvwy3/Ef31nlxZENaOW8GUJCKALtHqpHT23631yKPi0u+NMZVI9XhdVctEs5CFMykZM9xXDdPAzX24F6a78B/km930q4XKTnjRT79P8OfhEa9xdMBRhxSPmcq2OyiULZVxhMG4OC0YOViMotKFcv/ANKtkBvOYpA/wWIPxWQfF1EHbu2+3ggFBsLguXeGIquqeFTNldgX452vB/CmgeVCn/hDsqwSRZn3cV9x5MlBqdkM8gf3xJiEcVt6qvfT+gkCHB+TzS1fZEk3B9jldNN/lVjDJDBnq/1+YYpvLmgn68tqQwe5r1r1Pqmo6Z2GWAtjQnBt5VhdufFG4zMsiOoZrVA819Uwitf1n5rL9QJ8nabgIuYoNFuwGG3JpDOAb8ruva5K/O9mYkiYq87dFFhv45IgFME8dnwCvNhufbd/No0guJkfaZpWN8Euc/edqxgMocNhF1MZ6EJ7lWC6W4pRxRXElsIbXUJAVfEQzOpGaCS21Dv51CkeP3zmdvzTPzF2p1YBIgFdvpomXLN2kUWq9ga6Sa/HTxQEx+rfEQ8Ajfrz9jtoznGESEcHY6lVI62so6agq0qqaohBdpAJKKCnJlbPAnLtXt18py/hHhlofbQIrv00IAWf5NHuLqx/XO+Io+Vt55D3jh8Np7SQXljVazy+/CGX79k62ss1L+KFhLmKfwZyKqNXRgcKnUrspVZlDhRmlxfila/+SIe0Ps/h/Lro/wC/EbvDcKg4Zywk5JGl+TV1zrh8CXfNTS0tokOusRvqtDDz1x7+6JMI6O9fj4ysUWa2hqW7ibIvCyRFGpuN9pjjtl2yrulK511VUb/O5hirp03FL/mjCceb6IIWELUR3eH7aFFauEo9fb9AS3zcWBW/KwwETF+squN5dDgFa4UcDQO4bm6wTqlZ8tETZa/FZ3SSYeEqsUMhAHwhtB9mt0HfMaTfG7RaSFPZ/YnBG4T4oku35VUnVIO4is6jkJK0ehEJVJQd/WKcGAja9CY6bebhVimrBy2BUR0guxSAJKDO957hHME6DYl5YJPPfQ5DvbCp/I51y/Sx5GRzRGFvCOkpMBd3r2hk0VZLs+ny2hZQKJbQVRwRabubwVcaMmY6rb5Rrm99GYQc/q4ZOK/npXdfHUaNPTaR9XYeD2V5fyogQOLSUanmbzVEs24bJ333wg/YYg43fAPY3ffQP334XoXPQvHYP3QX4P4fXPPQwnn/AP/EAB0RAAMBAQEBAQEBAAAAAAAAAAABERAgMDEhQUD/2gAIAQMBAT8QQxeaGLpix9rweTViGJelFsJj8YTH4N6sXssovKE/yXUMnE259PhXty+17usWoYuXwh8p4sWP/Iii5mNjLtLR61xRPyvF8Zw+lrFiXcLj8L3R6uEMvikTxYv9CH4InqvecwS1+C1j18LzQ/BZCei4eLlY+nlL4oYj8FCl8UQWQhOVlxLZ6rENCRCeKKUpS9tlF2iedWo+jXD5pdRS8UaELH7ohNYmhk8rk6Q8WX3XLFyh8rF2uZ6TViyYhj5usTGLGTwQ3k193UMRPV+yHr5XaxPqZFxBD4o2XwvjR+Ey8tcsWzqlz+CITWIfC8UMXLxDydQfgun6rFr4RMuIfD4hNWvudo/vV4WQghky9fzt+DQl5wnbRCEL22Lp+Kfki9Q+bRPFy8SJ6Lbs5RMpcouWhLt8fna4S5SH86vDJ2unq9KXUQff3yWraXhDZb5TKfRIbGLpIfD5WrYTliL3OVr+C6pfCE183i8SCGTtIePhcryfs3xCE1C5hNvd6ZB/OHykLJ1+8Uv+Fa2PYJE6WImPil/xTid3xnhBDQ1w/nkmXaXudUpSl7omN4xDyEJ4MoikxDYubC9JDP5jxH5iYxDQkT1SPwpcSGhei4eQhNQ2I+kJ5sR+YkNMSGsfrfNDfrCH8ExlaE2fuTleF249W31mUQ2Mm3J5Ut4XE1ISJ2hkEXVqeXbk4nEyl2EEPhPh7OIXHx8L3BEH4pYmf0bFtLjxrE+KQQxDF4Up8KUosutiZT6JDWJjL3OVwmMXFLxer0hZ9HjIIj6Yh8vVj8L3cerKNlKN0Tx/6p6ITJxPwnpCathOni8VwhvWy+ay6vJi8VkJsJ+CGIYnwif4UNiJs5SJiGKDS1Dxi2CPo/8AH+9wWfSDIt/gh4xD5P6Lv+CHwx9fwXDEPT1Z/8QAHREAAwEBAQADAQAAAAAAAAAAAAERECAwITFAQf/aAAgBAgEBPxC/ifpRi7QxCHy8fpCMbH1k7o9XCLio8Qy4vaCEJwNdzXzBIaFkykF4XiYkQRBD1ohCDfU2CJlEthNf3yh9JaufgZCEIQYuryu189whMJC1eNxoaF0kTEQm3hLGPiCRCE7fCxiyDUybMXbFt8F73hn2NQT5XD7axEyal22Nl7Q1jEMg8Xq9eMQli6Y8TLytePHi8l0xDFxOXqEPhDExiHqxeK6+T5GLpriERRPC1D4cPgWT8FKMRcQ8fYiGsTxctC/NNWvIIpdfi9RCdvxZSkFzOJwsvTRCC2eqHlLi8GLWxPweX8DxjfC1Dy8tjExPWuaTKXFqy+D4QvBb9jJi1fneXaLKN62LGIeQpMvSY+IT0hOF0xYxYuYuP6N4hi9Gh0XKWIZRYxrGxPFy2LWLlvV+J4mXGQbRconrZ98MQvsmPaLwYuEPEUeJlyDRBERDz7QsWsWLFs9mIe0Q9QhvHkgywQkNCFiGLm+iEvkZdq1i1DPjaU+xbR6xZMpOV4fI2feSkXBankIPo8ZcYurBfPC6hBoS2l6/osY1iQlr2ZBLp/IuEPHxT6LcSGterFxCF1ohMRZ2/gXyP4LRfPixdMYlk7XUxi4eMQ/OYhl26kQnUnEPrbcRceUkyfghBInN82T3nKx6tu0vo8pX0sfCy9vUhrJrEP0fo2Ioh/ghPCDRMerbiZRbOkP1pfC8taspRMhP1wnMxiGQguEP895oh8XUPLq1i9UPwm3hi8kiE1i9GIfVy9vxZRPU/J8tfhnC5aEuJ5Pl9XJzeb1CEFxSl2cTzfc/Eh5Bed6mfWp93mdru9XtcPV4JbBoSIQmwnc6nUEPVwkTYQnd6fHwQfDYmXwWMWwReKUv4Vr80Qngi+q15dRS8vtFKMWsXmuaXiExD4fLFlyeDEvFEIQhCYy8wmI++FvwTzTL4LaUu/YkXKUpeH9H9jF+FZ/PH+Yhix/fDxZ//8QAJhABAQEBAQACAwEBAQADAQEBAQARITFBURBhcYGRoSCxwdHh8P/aAAgBAQABPxCnyzkCXbsubIsjIJILOyTKWQ/AOT/V/n4CD8dv8jfr8ZslkBbZyF+uR2yywkRgLD8CSCcsYJDJjJ82nzPn6gPmQz2OM9s38f0s5nkLPZPuA38MFvGZxYgc3J1+Hpe+k+y7fMFpuJPuwnG45eRiSNy9sNEwUkGSDlhsYMA2FyzbLbbLB/GQXjDke2dj3c8kRxt2xgZ6+XT4jZ/sBnfw5Qc/VmeXVyT8B9wd5Z2f5Y/Uwc9kYLJhbJ0ksLKcgxnREQfM8+rdewH7kL1sAW6+fjA3FkSgzs6XHBZ8Fr1uXLH5LBLm8jTwjXzDPmxfm2tsON90GeQw6xpZ2EHEftBn4ZsdyA2dsEDZIJOQb+AXFlmRGbZnzDnxfMuOyb5CPbIHYOyI3W7fMGxiHN+IPpY+qZHGsJ4QaQd9s/cH7nnzB+44efgviZsh5NkLp/8AAwsJ55eyfEYmCDbNt2ePbPjZH3YPFvobD6wY+5O6F8/UcMHNg5BHvZ68v/becgeaZDrIOJMgvYryCBthYs/AaWcggmHspuRmXNmCyixYT+AF6Q9n/wD7LQ+7FOas/QfJlW4/E2WR8gS/39ibR6N5HgnrQh/Yp1GL0LO4/wDl84Zl8B0kNs/V/kc+PyHzHZ4vUknbmykMtnb4luN8eWb8Xl83rZ2IgmPo+bz5kBIgDqWD8QaYSYzq/N90n6y8QQn4/B6cLXcyzOkKnGU/Ng4OJYvIU9i+fxllkQ/J2zL5t55ZvbPwBTsYTkhch3Lo9I8+i9YxKldh81GWreG2qRfsh63RTEKHpPu/cv6tt94eQT9KRs4C+C+JHYtjKv03E5wg7+EgLD8Ny3fLvzMT7clNtJby9ssJtk38B2IOWSPfwPbhjH2OP6/CJ3dPLScnHxCSO2/GV3JRL8w/F/V7x0javPwG+zixiB2d+rGdIPq8/DzJ55DzsRry78wFgSvHC5mpAfWR+B+9cy6tTkFTB+llxPg7NmD+AyNJ0r8toZmzh7A+J34tU6w+0znPz9zcH9BFGg4j4g6dH3CP6sy/279X9TuR52f1byZ9mDbJ25JrHzdg32Qnb48u/E/i+mQ/ZLqXZ85H3kN+J/TJPyX+Qt8F+06e8s+Bnv2/uTCAkoeXU7OfUW7EGkc8k3fmJ7+Ty29Y4z1g5JdeRBtmS6xbeJWw/wAkCv8AyF+j62PgSLsO/VS5Lrum/Nj42xTNjflJ9wNteuSri0/gmXspCIHfRjDjXjKA+vSJ4b3XLPo/QIrhkMhPqXkeWJ/Vlxe3SP3M8g7AY2Qcmyz92P3dg+c/GNcvfk++SNr7lSY288nVlGmDPizu5I/V/EIkIHiTfY5IbHv+R5cESc/GX6v6sjWHbbN/Gz+DE63nl77AWWXhy/aR8iIEZ4iZs3ety6cZby4IeyciZGIBgdFh8GALFtRpYmMIByesJE0dSWIef+SB6YtQJD0rowRM+kxsRjSEej7Bnx/2BNKfrLY/D38Ht8/hIH5v/uxh+7lyfbD5tIe/q9uFaY5k69vHLrOSHywZ2dXyD6nD83MtLyF82CfxFk8f8vEnImG2ZZtifMce2lyzY5OJJHPZB8svPL+3Ifx57Df5E65bIGl8CxHj23vmEnYaRRx5a0DFk4GR9sHgupwQl9goNib9WBfEdmbVfMicHM+V2TS6gyMjFH5+bRRpkeMSEvRkNrHmanjbZPmOsOwF8z+NCHXy39XGwnl8xi3fibML0264n2XPbY5CJkx4vFmfH4f5JpJ6yGsOLDLX8GQ6/k5P0IP1Y+pZ5bHOL1sdiYTZyfqfI47DJ9i8uMg98uA/pOiYaCxufe4qD/pIDy0SSitfVZO287HuQZ/BVfGVe9y7PqxA/l3Xyzv1Nn4PBjp72TvYfN9/AsGxfORgX4nm/uRV7NkPJIn7hyaJ8kIMvxvL3B89khLn3rU/svfL929m7GZYTjZf2dT0ufMZMO3C9j3y95HWzGt10njsB5CLds5MQyAyZAR38gTMh0iG0HPxv7uvmGfuxhjYL+M/dkF3YJIzC68jPvtj8kkv0xChnVmX/m9gtMe1tx+sb1EiGbPQG/M7rif2PtASGADcTc/UgeIIku1/Vt3sry5b4fYAJ0xI1+NbJSmzAm53Ic+yw0+9mxZiZevJfDZD4bD7oyuiSHwv8vhHX5gPXen1AnZ9+yMM88v/AFPlsfg5Iy5HeSZ5MDIb5Cf5D+7Spt9sTlgfNut0+LN9s2A4zZG2IWbD4swv1CcuQ7Y3z8C/q/UkGzt/UcbNm8I/CmRl/uSGfIfdozwPXlgifrYKG/o2U5PPtLns/ZuOinFx/wD0l1eDj2Qqqn1bu7tru7s7GhJzC1zcLR5b3YJ3bZYhwAEfm2Q4STpFF34mdrGjkyB8yXeTyHZF7MznX+z+AWDnzE4LP3H1ZQbCZC97y8BzM2RPPJezkE8/G5M+Y85+E+/wTv4O+3Ni7yTsY9bCBst4Ts78ya6M78QNjtne2B5B8/jTYGeON+lx3cB+M1/A5etl42kdZxOQWYbGNlvfGQ7oeSAdefaXmJ8p2tfa7yri0YhymNeWqs8bwtc6GwMzOxz0ID5J9bYh29LE/sOTTnlit9PY/nbt5B3z/k3o/wBlh92xI6Xy0u/9l7IxjIP7IGhf02xU/oj1x9RmO/syRoi58tj4n7M5eRs72Xrvn1AEUaE9xwbYJxs722/s3j2TYPh+PfbhYJ32NPqOrYbIPLV3ZgI9k7Z+2c87GHLzy3+xuRjxkLdsMgG5kFvwlsDiyONj8H4HPwPbeWbI57FgmcEF46eSshPRes+/Cx8Y8o+BjZl+inqS5zYyN2Q+IEf1GVv4lnEnV5mU/WXtr42Dp2NO52fFlfiIgL/SAlfxNhrPuH7tyl6/rlztZ8ucmXUwPiz2fJex39pC0P2ywP0A2ZM9tsmkels8gvr+AP8AU42/DjOzq52AHVN58Sa+9+5MjywzsH0sLAs+bEgvkHI2Pfw8M8W4kl0g2YMvUex7Jvk8R52+Y8n2yV+ARccj8av8jsHxZsFxaXPu5f8AkDh6XbFMMEXVO8yGjG4BkUbnGeWpgj6iX40LrrOQ7mxbjtkrfDnkR0Mnfb6rPv6vJ7di/wDLUM6aZeYf5goCn6sNkf5aDgf5Og4gNHj4Li657ka9d+5Hm+Tunkq0H+knS/rZ9Hn6jA/c6eFwdGOnYO8YMz+xm0B+7AX7qwQwm8t55F/k89iA/l8+w/H4Zy/y8uz1bQR+4Ebn4H9SbDnk9Qx9/Cc5+JgwPibskS7xkQMtjsZfMP1H4Ng2Yzu8NlX8FozejY8GgZlskig/qMvy6GTersvzbOdeCGgke8JiNn5O3WnzLP7aPbM5ZTXfJSEn8gRRiIJThGgTQobz2xA7I2nIkDh5ZPLfDJQ9lsI8gjkb05KfMjOGXpanzkvhKT8MnB5LmPsfkvExYm4edPhsks5C4I/SVzhdPi7vl48kh+I63XJwyGQdwgvI+Umwz2cyD9/ghsbB7+E/GRNxPIfv8cSD8HGyd20+wt9k5fohVOGxBaBAP7N9gbaYkn1k5ZOBB3nl32yxukwuqfUNQslPo2CdZFuZYXIgeyc4R9EEEAEZB5YfiGci5GD+sH72GAtz9FzWPCcyB5ySG39ytJkIAwQHJhTzX5jMZr6nPgSTggHlw8nfiKPPurLcmfiXFsb5PRsn+79WZ+Hcg5N2NX8aWdvVvNhL24Q47Pbc9jY5qQ/28+J44TvsGQbrdy/c27P9h32D4WfdhthkGMwXzF83x7Y/drD+ot5GZIEddL+227p5eY9lOnmXDl8yyu2uTDsfMmpAH2TvjOnjag9ZB3mxanQ+oAgl9GSH248jnzDp7GR8lh9QWpl6XsCjCEHH4S7BasXJkYT5u4voySyoWMP7cfRJ+rCcsfYVTPSXauKtiHuIU63j+UP3KR24TbERk3S0kesGWGXjkG+3SGZeeXry1+Et/UPs/V82GwtjIwGXLDdufj58jv4JBMtsvr2SI6HxBS5df+w7rw/t0SAQMcPt10uNfMqnsCfM7k+xni2n12O8bTpCDysHZ5svhPzkci68Z8gJ5ZfmT6ZZJmZ8W9Z7d2OSQLU4J4Rf6fqOdI/c/wB/7C1eweHJfJtzyXfxrI0cez/SzxfD5gRkDxuwawYyXxf2CzvtnfYEDOWx9hdt3y/a+eF/kuchN7Y7yOF3fw7AlkAiR32yrSHEEllmM/y8/CxJ27JZ7dTkIbIXTJ6ryi2+eQpufB+59BmsIs9S5LyfLxIJfrgNZcIXxHNgRwTPZA6FhtiezDzyNX9XXzeocg/NwcZmmNrYImoR9soN/d0dot2OYORacT+WFunxjKfjYL22K9ghaxmSTR9LD75LzkLL9fjIGzvZ6gm6jhHPwe+TsD+HL15Zhs3x+F7lj+ENvxBeXIgmWmTbb29ZE8s+4svOQR2DOm/qIkDr2ON0wtIjBHL0n4m8/HLP4Ntm2l87bDligtQOQHgwACXNsFMmGvIuLsvEPm0I5IJ3Ibt6qWkFyd44/Vu5z+JD6H6l5P7wWg/WCKt2euT2JN0t/F8vuSmYtBigAWGEY6sDy+OTofhgvm5aXZPYHbNfZ34Y2V2X8FabCfgNntg9sfE63EBl5dO+F/khCzJviHPS9sh5ZthMZaW4HW5GOESoeA2bVsJaPsY5ljXYMt/JrEOC0WIIA+7sHxNgYwfEbZC6Ed0cthMuS/VwyOR05D7vnjLHs10bwA+p2Bf5PnO78yg50lEQf5LwM/t1x+L45GnzD3thdJm8HEhPuIRjOtvrQ0sH9XA326PI87LETm2FgQfuPsHeyM9ljby1+b5nCekOwuz+GS7Hkm8kZceP4aTnfL2dFo/GQ2xb22HfnLHH35Z1M7k3f8MHAX6fVt8HweMwhj04WwHfk+SQOPtkQwd2yOsN4fMxb8wmC+ce3nFnQl4E2mPJgGMLIyPuz93DxtZxjX1/As5PnZcJNKf1yU/sstUEQxtRIUwnpx5JvI35/DOcj9+/gF3eE9xitGAy082aPWfIy+IIPyHJ7eEvb5t5GMieX7TE5K7n4BsheXBYO3kmyJDjYW6f8ly2Jt/GTyG5NpcO/Fjs6k3Jl0YcGKkpeDmyYFSPcY9uGxOHpzf3c3jKQ0j2zx82xZCIhzbN5EOOQP6YfJyUnynBmYg9HkQ+wjeuh/t1gyzccWHsN/ZATQ/2R4FsactHxyYCQCzme5Nih8ifuwnl0Rxg19hfxzIuZ1/V5B7JOmXer7CteNA9tFeOl4mN3+8chz8e/j2bOwGdlqnhdTyx8z+p4GeSs+x2ztwet75Z93Piz8FT8DidVFlm2ZGbJK2ZmWQgib9RlR44xEyivHkkUExDuiJ3/bDDrrC8010/v412WEoRtjvlsuWy83/cLFkqBki66WM3HvlvCOeSJWZIQzQDCZuv1bhvfDtsz/q8lrx8gL/xgAWkA8tnnTYxx2fAB3k4HiBztgxqHBtnINmfUqWR4CxxLp40hi4GJoyg+lEtZXEb3Px2WYjv4SfJZZPtzs8iJo4yQy4b45dJNkyMlNgGCDCSz9yfH2L6/GGENY4v5HDYdsPuck7G3c8t+yR+FsdXbsRnIeumq3iQCLLiVx/sebNnT6tPcWI+IU6v2/uFfZsgb7Ei44t73W5De4QiYD9yca6xIm9uvUYwHIPQLEjT52aHHz2WP/JjWZ/WW7j9rMe082GQX+SAaibzh+rVN3LMB/dl9xDwtqSn1YGCeEfuJ95IQ1zGB0xrB5z4m8w3ElIcWbNjNr+0nfzF82ealT/Jku6oDF8/BP4O/hkkikLy3PI1+YIbueX9GTsaLyUeXvYDLqQH2P7K51upxvrkJOt+pYbbse9g+pGNu/dn23EsQeZAD7gkwsz5RhhX2nU1OHhAk6HO/ENLu+JZC8U2J1t1tLsQJ9kIQNCXPjPkGZA27/LuPkr4m/UzMVwWRYCtk8yH6sUcfqHIx/YExB/Z7hB9Xjv88kIOCEwdW7I9k7gXgbjT0EnC/qszh4wCM0tpxycojCujEyz4f8syDf5fBF8LgqiB/l9fH2BRBhbeXI5+HWS+Ie2QLUaWydE6scOyc5Z+CdkGAG3Et5y+Dbex7/kDnkkfu6eSmFbptzcvpJyTcwuXv/kxKVrtw3QeRPXrsQZ/9mYRBkRzNtBTRB9geHp83U7J38cMGOXhLYk8YQtlZZfXCHD6u4r8R9pv9t1rH4uh8QvBIn0ROo/l7+L/AHwsLlbhk+Qu7r/+TO68e8hXtfoNyBl8HZAff7ae+Rxj3YO7KN1SwtNiHHIcTfiyjoE5YWkDl8mKSdcewRD8Yx8zpCUD35tch1cJRqHhZN49k/Dxb+HdjY2WOTY5sneQr+D92Tv6t+7vwcsd7Ywff4A3xkfqdg4bcsa/lrB/GqyXls+z+F8nzMzmG7FrCmH/AGEcBLAzxuzBnHY8vd6Pu4+j/VADdThIHjYYBDMeLC63ZTlp1bcXy5wvl7GuvboEV+L1wZXp/cnWlsTgZc06ig8tvPl8IujbNA7A4mW5epFOxu85C/6hdm8LJ5aQBP1sKJrk7jV9/wAsmSEOmnkCcnwfiVvD6p1imSftjqaBIRxKLxETLvStr6U2fI9tWQx3v5Qzs+v/AMSc+Y/a/lveyix7YMs+Sw8z8Ovm36v/ACW8QbIfEZMfxl1Ownz7KbfeWucwbYV02+Sl795AYgHxLVuxHAj5AfCEMYg3luM2B2zcYgTJLh5Pr1j7nLAtR23CuR0GRekcZ4H1KkGn6nwu/OSKfUSAdkzEWqphyMJYbBFdjmBmWx4T3yH3AZyGRZuSP+x5TeTMB8rRYx3JzHH6kcbv6mZAfGWhYQxdtB6/GwX7iNbC3BLhPpYYH1b+r45Zvv5F/Dp/Lo5N1A+SGVz/AODOwG+/j1Mv1ZpZ+5Ijy0Cz5lWccvE2p9hIu9yB82G/jmDctQAbGZ6kb+pzMPLmuEhj1wtYeClhM5IQW5+YSV3loYWx2SThH+lyHl9/MQzzIxBzIbQxsZOPZfLOYH3ARP8ACeyuPuWrdHPEnxs3EsAjsNyDI8h2XGQObyJwNXb4yLKTuic939Qnxni63IUeg9vP4/MQB5cgGMijw3Dvpa+4c6/hj2+Yey3jloru+QdhZl8H4fZw+JD25e/g4eQmWcs5L4htX/g/D6n8h9xmz7yx+IdceW4R3tl185DhLvkHmyjAqFmWRf8A3YgW04Cl5EMKyPSRv5uOxfCeHl9gLQx3fjJ5Fx/cB+kNetl8NSGfpGnkS47kUr/iGtEBLsRciLjCS3LYOyW6fYs9uZ7aJANnhdl9l4pL2VQhOWBvRgRz+ieSn/5pbaA+DySgb5LGSnl7A1+rpMWyB07v/ljPLeeQ6z+1mWu3zsdhl3HS9t5+4fuZd8nCdvffwSOefh8j2Qy7shlmJLeufV47KSRfEfuBeuRjy8dmEjlsmt4gN5Bkwa+2BB840Ovvlt3EBskSZ3DPiduLI07EjtjlL9yvytcf6/Ue4r2JNcmd8WU3xah9T75fGIunT3L9nrLXET9TIf8AmxnnH6uIMPO22d/McyS+SMngW3XkI679QBcTGWD3kjJo6b82Cid+bQ+Q/kCbA7jEAc4R8Pts/X4hzvOQsMuGOzBrfORgXVGuWPzeMsfhxO0fwCOy7+VJT4np+A3EuWzkpNuE7H7ufjYBkb+ELJG6HWwYX9mza/8AFG7qfHd/hcojTMf5MYHdmEGYPP5LrgwUekKvDI/C2+QvguJ3GDtxB0/Nv+Q2GOlyb9RgQBgYXROSah/y15ZFyLluZAGsSHe2j7G42ClueX23HZdZHwbyIXRrdTTmZbsCbloNiEZzJVFIr/ZkWLhrZo7jS69/lxd+oX6/DbBtnGPX5jVodgD4jPqNdC13vxKM7/kc9jGwJSMz9xJryRJdDYS9fyUsHLv1ZZEx7fMn7jPwLT4QiBl0ML+yPgv8uSB+rgg3PiU+o3l3kBnbwvR+Lsd2w9gac4MEOIRpY3O3As+W8mOsgLkKXL6/M3DbvxCZL9RNntqoyHjBjj2BoXL5vsFa7dvm00Nw6yD5tHd/EzG/zFhhMNb0ANgEzOZZRzfMe3SRchd25zXg8bqCgbFn3L9fj2fxqzkSe2FuSaeRu55Gj0lfdo87d+2B8yfiBfYJG/z8bDnX8WiXZH/CMSclL+NLTZRJYfw5PkbOxtr9SuPOXAQ6S8eVG2ZObDsAZpKmq/uDFnwPSGF78OYyRh+yHOnIFuSPFhOXKctGdfiwnOS9W/gHIH4n9Z76R/C3Rx1yWYIeFtDSO3+Wzo42AfEv3EYwWZQ4ewnetg6eQBWH1ucA4iYUv2sp7yPWfPbcljvk/u0gvi8SdRuxuR1viemQZ3Za8gkhly69bH3Y+7PwSyPfw/8AFZ5BfpEgpeOXTtw9uWWSXxH7tPi/t56z3g9hyEQbYL0OS0hsxXC9Rvy/4WQpzBfMhNlbgId+ROg7jcIbP5S7q04vGBw+LeamED5j4G3kN8ZOjs7+LfbNfu1QNzI5yTck/Ug3BaI+bq5cy+1kyOQUXbGqAPVjK8mHy05WV278zxyYD6n25B+CyUZDeW8tk5cr8CmQOXrtghp+oAcldjvthOQfRP8ALI8/BtB7OPk+X6hmOp+pF+bpKw+5m9LKZkm3on2GfxnLnyWr4nPqczhBoPiJ35nVtA9W3F4Zcrd4fiXlk4e3fSNfAyu4Pstli2l0ASuGYwHfcggZC+TryI92DmxpnzaXYDHTyDvkPokfEDLLnBBhDEuQIenLYvBy3KvhGdGdMHPJslm9i76CIOI7koeWD19/AyQQTHtmH4Fvi12DnbQtJCXmDGbJ21eSPxLseWC9kAyWtiXv8JQZz0nOfEn1ZvzLnvZds7rfO7Ls+3k/g7PLZ1tS+tskfQ9g2sS2Pz4Z7aPt4PzIIezXsX3vo6ToT0GQGel1g+Vn7gpDyyHSKN7liMm5uth5iybjZYwy26WBrMi1AZjyDkmw7sUeStuxwjtkjHJuH0t0ieR7vjYjQ/tyetsSNMxvmYeWGcL58s2y+L5mIO7aJkfveknNjzrc+ttPi0PLUH5/Cu8v/u3efhx5Gxj829l5EVW+h8R0HGl79J1k4fVuXzeuQzZ+N/CcifbLyXnfJBR8ZZA4B3/kBNoT4ux+IHj/ACBYcs/5BpEfu4hCB/q9hGsdBXY4+zOl762bZP2yOQ8tQc/dpgPnSxRP9qTiSPCP0Cfd6C21dv5aIzGNhLmcexHko5bRy0K0ELsfL4TVn8nmvz8xkO29PmDwQYW8viXkeT/Ycm6wh5Ysz2nxOiAL17OPzP0ZPts/d5cdv0WayS/Ua3bELW+YYufxPUMeBsCOweG3Uc+bOQH4O2NjbM3kWfgmdf1cTPdsrRw/9tNHhX/JywAY0c40jm5gtjmukGEfTCBHx/Yw9f8ALr2ExydGPJs3SVYJ+2cgHmPi3nh16ZED94EZanuMf2B8QNhvmJckLNszl5vhtMiWdsI08l521FBdjAfWwfitTBIcvImLHM+7XJfcm28v8gzyfbi9uQfVx1PJzD7lYUmQ17ceWQr5vJ73CB38ZjKXiy/LOLl83Q200P2LtEQMajcFlD+HkTZn38fH4b2bz8FkrM6f9veVCcLbmE5y36gOszh9Vx0YND8t5osxI3s2wsgJIZ4fSXZxhJjvNTZTAfk/UKEP7k4OfcZrDFr1Ae7FuMwG9vollP8A4DhMyTxaEZZxPVth2Vw/7Gdi7uIhukC6Y+oMufjewyWGQDHPJj3PUQ9TPwdJJeclBsvxI6+bW12PIRcI99l2zbDfY4rLoxOwX7CfgTl14TyIYk5DbPse2RZN89g24w8mD1YzV7kf+zc9Rnl8PxvxBOcM6w3e+/8A/CIrHwb4LfUeevnL0AJWO7smzg9lfq/rLtALHaIDa/tYytyH4cvOjkZZL9OfMN1xs/GGmT7Ln54S8iHyEPbtr5C98kCFd/kZYwa/7ZE5jhDoZy9bv4apfF8SKwJPeW7dHkez6GyKp2F67Zp7+Gg8tJqvhlSvn2HluwvzL+7T/ZXINsz8A7aVjY1GCQG7trvIOwfgBckLCPPybeXy/HxE+XzKEwwPxvbjAvTsgCt8XfQQU9zlyJDP1ifs9Ztvz8pMmYGYfH3J++RMF+sWUNfrG6/uxnd7E+4PrOy3+8m30sTx8QAH+XYd7fLdAQbL8Af7HZT9bCn02NjMJjyO9l7ZMjYEO2frIYfcnIQ+icPS9Ir3HOyEg+2Gcg5JfH4P3JAsdg/U4tZzI6cgCXPY/u/6l/U7+OJbkthAz9z7PJipRHqVIhnpMYFswIrZfDLJMA+o9jUmWqWOztj8fEeSWXjJXf7pNOkd8R4gHZEG7B9JUB3g8g8p3I3JD7MHRsP9lA6WZgQ5ydIAuvuMer1kerfJDRs3I2yxOyjh/jLqb/1MZpz9z7p4x+gSqT8tmAfjIEFPyRQOfNgI8yE38WFkoBdRHN5fXacG/EcPyhjk2+IeXxeH4yzsEOWv1d+YeyY3D4vYcZdfqXnJ77ZP4YZBYQctn4QZBtvzO2mwe5DNPoblWk26xaQC82AD5Ey18XXt5ar+APz8T5+Ht4d7HoIfuNWBjsCU79BsOGuPWpUYnXgWKb484sqNXdv45dfIPs2OHjqD2d8rEb/mx7kSDso+FSLEnfAP+2wWvvljfpDsW2n5Q7/BhbHhsoXGwZEYnxCvY1Dc1gnZM/8AtEtmuc/GEG/MITMfIHKB2fIdLYn2Js7HkJa+JrW23JVPYJ7ctA6XXkdsn3JMmOPZ+jHLdsySVOnxZMHLbmPjI8UH4CNN0tCMf1Z4gGxAHRtrV+Ib1jps7Bl8QXxfPLPv8JJ+Q9L5Zy+jI3c7YA+L+efgYwdOPE+7rCegPLZPg5BM7ICpMv1d+RsPPuMhrtHxFYg/UHABhJrO69IJ+DYuOMi9eWTNnWCObLmcbdUZ9THaeTVt3exjHhJhsC9n8Ntgib1y8Oz27O3x2El7y+bLJWVe2GnbFviFvIpG/F0jY97H6Yex28ZkmfMsIdIuaMxyZ7b/AHjbfq/5iT1nD6hqvPiWsdE4dP2lrjywj2yd2D8Z+f8AbLySC8ey/q3eJDhh2NLTmQ8yy47bz9w+XE7DtaqXAYK65MQuQORbcHB9ZbM9s5HJAH/tl10tKdnXLt26eXcZlgbsATOmQ/8Ay3TAe7Lrh87ZGP4EPIfBvGy1TEcfw2SPVln7nbHI9jdmEj8IGzh/br21dlzyElJN/Cc3bXq9Xnt8ey3xGjGng9tro+ctCumFHywMB8uej/U8+RztqQPIHdF+1OymyNlJxjDyNs/cGT+CRg+5ct18mEfnGx/Dmw5zlihXhZfj0bYBu3K3H7yUO8nAYhO6EIANMbbYaezbC+p+pFWNS+HZW8Mkeo8g/IbMAJQbNsPzL+fIhuTdLryOe/h1L+NRsQksvEx4gbZluky55ZtmT5YsGCW+Wd7PfLITZ+8vaZzls5KmJk5MEvJRIKYnL9zxDfDtxAbLsdCyLxgv4nyH9W6fjGeEdNui1G1Wb2ZlrBBs8gjqXlpPficTIWAwxIkANB8R53CydInQL5LP5NZ0x8zkqdMYtZKhplkjdR7GuhcIwVCFrwn2GvNlPeCw9jKGMJxuHEhTyVguj5M0W+R+7Hzc/C27el0h5bt3LxszxYPZfi8fkcy5fMHYdv5L9275G33cn1x8Mm6JvNlXcxdwmMM5ZWAOXJHivFtiENBxETeAn7tJR+M3yN3s9sZ2cHLn5Ak+rV/AifMtOty5APlotvX4yeDBTy1BLaRZp7CnzsvNkdHWKn1swM52JiF5oZl8BIkvysNbMNydwFc5FwJ+7MGP5ZaEJwWTdxhyTGXZY3jHhifzkE8l5+XxKn38CPG1YvUHjOMmTbPfwTJZhsgVNOEQf6ZS35I+vlpxkO5EFY+ra5E+5PdEs5xHkYT5vkJ98hvfj8EOPu2z2UMG/EmW/q0+23IxPIch/V/EH6vDha3z7LLpD3M58xIFR4dIVla8OZIO245FQky/UQdO2YN9s2jYjtrfeTNGDgGfuHIfwwEN1sZ4g5OTn3kJP5LfqF3pHpDskVaF/V1Ykfgss+5L9wH3fLGessG3ry7aI36hN+y1aLTBs8nye+XybbEnOJfl7GD6RTH5m1fVirztgkOPqwLIvQGU4IerDnC+k1mcM71mEvpkNy8hhv5RD2+JgjFux9WjzJgs7Zb2GG9vn8N5Gbr5eLj7/wC3Boe/q747BNIycrEAY16MBXRKN3CM88n2KRQNbK+q2zChVmMAMs5yCkKSiHn41NaP1J3by3S+Ih/Bdtl7kF4Y4p9h0nFvbhYWnY5+AaQY23llnWYjiGzEdmjvlnHbKe9uZfV9Y9m4gIAh8TZkA36YVT899kgAFrdun2GJUHJBfu5b+NfwCeH/AMCBPIWe2W5H9tyzO23Ty1zb120+Qc7LL6fbG2/Jsx/2HGI7EfSTXeSc6gOwUD4tT8IHi2Om3sAaMGoCL7F8J7Om2z2M5aPJ57fZAPCAkiujgw7zi5v3Zb2XL6ljPm+beT6l1uDlu/l2Fy6nmXs5jNb1mISI+T2bQWYRDs90iNEuMgfqqXHXz5suh24LZ2+eYuZEAGvwMSW77rFdWsNYBGYke+Wa+WTfH4vX8Ehf7GsocuyXPg/G6ZD4ky8cgPmesPJZnvJB25qRP3CROVzBmQ/t96zO8t3G6QuMuJschEmZDA7D5EuSAbto/MD2QuM5nssZeQ08hYBfi+meKx4D+qw6HH+SPxZdfj1+A5Pn401sG/i+fgXPLbLkZ+CwhgSvjl2SVujmS0QPb2yfSb19WTPMYBDPLB9Imln1IZQHf3LW/sPiU+QfEjj43Iw3YF7tvORvzezwlz8NsRjHD8E+p/GWg252azS2wf03d7OjuXtNZeMJXcGRuaayGyzxuZjIDpt9ZPw2sGzkbMzOSADBcg3L5Lswdut/Ruu6hGmDJndl7t+qVbA7cPjvsjSz4cGViRvwM6IrNfM3kb7FCDfBbdNMz9S5PY5D+Dj/AMtJPz+9+n4+Z/sZcyeieXQVC0tswm3OR8PIRJyHFieMY65l3BX70QpWpxs/4kX5rGc8gOU8xbB6dG9Xv46JMj8ZcyOp9/Gj87J23Cew/EO2aSMefHq+tMLp/wCyYH8GNWnXzsmhvsDZSHNEn1MOkuNvcfZnI7OAzyBdnas/mQPsKfFmQe3fY9ch4k9uIYuF+SC9ZPi4SHvRI8DHAx2cdXJsWAOaY2XSfjYgRHb1ZHL1jF3kP3bZ8/jcIfwC/sCA4gyPZM4TGTgbKR5az9RAzyMIWtOZJ4fU3PJGPZ52BCwPMInjc+iyaekpI12LamkuOKScsSkDkHLLkwzbl4x2+IMG8Qc2+bgamwwE1Vyxxjx+soSXfUDVa/hcrp/GdsgIF+kPYKFk95ZTr/yHyQz7dpLi3gQ0a+yThazsnbNt/wCQiyv/AMnG3ceW+ez8MGfauYsj4/cGqdztm4J4R3+oWaH1hNxO/cbvtnP/AIXQJbPsL97KzT2zObcHth8SMV4E62ZKjV2ADfYvN8lF+J5D5gBnrbLPq6T6vmfUHOWtOtqTe/MmJ9luAT4ZO46eTImJekDgLKf1en4PDt5vj/4H5HYc/LeM3yck+fI+db1kVd8VZHVo369nd5lvz5gzyIOFsd/Vke2svu2XTyVMQZxBx3shgdiEbd0yRBkeGHOR4jchJa6fF/1ebzWLrvUtOA5n2ImkeI3d/wDbMHw/7bPf8JLF5Dyn94adAT+Fb9HJTSsftnydoYhOgZN7t7YT1uhpbLhy28dsR3ISHkTun9WFNxuWRd7kVXeSyPeQ/wCUYLALKPJEkk+zTEhVds0d5fJyucfqzkXRcW/jPwONz8AkU/B7L66/qfgce7OT9lWR13w8/wCynTdkd8ufH54+fwHTyOmQZEhC4Nh/sG/uGqQMVf8AYYCCyloSY8st+V15f1LDtluT33l0PnLMU39Jh0/EIfYrxDz4ixvthbfIn5Qkj5l2kjztgjoc0vFiw0jj5t4h5dFj5tl+i6kLvZaLp9SKr2//AFIAjFByD9WbLltn0sodwnaoPONv/COyAGe3SnYkHo9tVXH1Z3ez0nGQNzR2JGtJhKWcgbmWW2/hIELffZSwE8fZkokfutUW5pKVZ11lVwd9tKb20+Jy+Y6ly2ly3I1YijvxGZJryG42H9lDXkf3C5GE6H1aYO3Iy8XhPfJM2BWyO303xGzMus5l1dP95C8xM36+ZgD48vh92Tqk7n2BeinbW/rLEKEg3/oYTjl9AYI0Rk/JDpP7gA2OJX4jwsq3FJYOp9vti/dMS8tl3yxVpn4Zo4z21NP1fNfiww8xl6fVnbr5sseb/wDAgfqPLCPE/wAYvp2CPWWD9R582f8Aw48j9ydvn8LhuH+yrrByVcv9y7A89bqbDra36/UzbH7vVvxAsGewnxDvkGmQ7GRhheKFnkPSTEA+LMMpiu2AE5s0XLmvulCdXTDOJchBDRgECGmsVgRPsJg/ugIXswCQTT2Z6gbGOEjOWJlGOyy7PvJqYf5F6Ri2jk2PEScQcOoVsZcsvN+IdPp7aWvxYLIkWIDy04PLRvu1rixRjGx7e8kyPiC8viT9fjfuQH7jXAFsN3yHv3D2CMSmCB+S/qXPi2P7ePZ5L8vk9NOxr2zTXhM3puvZLzlhJOofbbXyyEHXWHyvZ7JIRONhKn4wy/ufPOyx7eu3zBl2QvKhLPifbANoOhY2sl2GsCs5G8BsqGuXkyNsEa/cq4WZ5kJ05DRl0mVambZSt+WO7qzCxJJAELK7Cati42f7fIkdCiyZELY5AdAy8LRHMMcBbEI7+rJOfu4QD7hTfDy4Sivjd/8AoQdKZwxBhwjOjOGhv3KQqocEPswdkJjyMicR48jvzH7XB7YoHYb6L7B0Z6nk+CUVwXScxvfiED4uSbHH4YObv+WcXz/9TT40bW1v+35/9lG/vWXXTv8As99JEjIHk48n6W/S7Z9xH2DJsSYJFnwsQbAAvZJ08unTJ/lyFmtm62T6ykDZD9cvCUGMlWmbOmLljqkPfiDCt434lOfty5bvwJQDEfwcgIkSpm8+pAasBuifuskHe7BvNw82eNnPei4iwhpHd4hdwhEzIA+5cfjyLDZ9Il35gBNN3UOgeQkF7GhB8xJAoXDnb+TzMH5QJhGPshb/AKurTt3YMA4/y42t+Y8wQOu7YbmPOxJR3v4G79kZndkfJwA/bjM+IL8pC5vyuge/dvunsY8d+4v1YycE69v/AFazPvZSwyN5+QB2OkZ4bVjsOAZ4NjQO3Rk3XFjwI3CxwBX+2ATGLpTOG6Fi9gUJgclcXGm1D8W+XCITCWI6h8gLQOs97eYmN5rsmUN3UZnoQjwkSGThx/yDzQRcKjVwIg65/ZDpT+wccf7eAYuIBkTrGRl55J+QybVQK5e5kv53zZnRkce5HBWRtQI5jGAUk/M3JumpDks/DChR+TEjx+0G/GMNO28TR/BfUNuOiQ3cy2Y49lIeC5kYSH5tA+A+djQwcB+ZmI8Cha8WsBktLB+LR7BvsCoTDcL57XfJ36unpZ2DPCXfJNll70yxmWMiMBI2SIRPmF1ZjkHex1eBF6fLBqyBijCxeIsJ2ILMe5dhTIwMRPo4WE126tuzbHEHE6uckfJPaJB+HIYEaR9hBPygfKD6WjWxwXHNSmzcgTdsUeThvMrmbMbI6+H92iiv1b3ggbOFzAMFs/8AIdIWqZyA7UOxAsBljNnT7Z6uHGz54uR4uc+I80ljERpD5EEG31nJ/YOQagEdOHSTFT7d/wCQK3EfO+RkMXwcmh8mPlEfEfSb4uHfZQzO2h2w6ew3lk9kLi2L32O+eQt7B9Wr0tx8vr7G50tDpGHtk6th9xkB0XETEedtPosndP5ep3/lg5/E7ANT+7BB/cs9egg807z1aQPZvvqbikvRIwK0zxIZXr5jKacfW3/+0hzt3h7CN8LGIx0cP7JecSW+t/dlYcyL8kocxvkC6cS4kyTCB0TE4/7BGHCzCJB/EWd4fzduMNGZp/SFL2CxbaOY2Z0p83K5PkOjIb7AL7LEPH2+MfD8AI+/xDgMmV+oEfbrX1gXfHW8fB/kMYXgMGXWj+IB0/ttSCa8NjOh2d5M3nYXYLA7CFyCbN/DL7O2Px7M+kC8l9SQPPI7yQ3aOW2mdhrI5kCRQ6MvXt+9/t5URROrV4ZLhI0xtwCvkWUrrmf5dlVgzrCwc5m9llymRGgsQpeLMLqB9h0+oy+J+70CjsX2+M/EQd+LQHFkjH+wc4FGxlr4YuZpPRqCWLYUUj5h/WMv/wBojBB/NlDwJbF5Fae/F+ithRBet7wc9tuNQ/iJn0mlgkQxk5DvLPQ4R6P3ZhbDl5YQfVhxuwOBr+7YnQ7K8QYHslbF6psfAFkaeHwWqyb+ISrnxG+Yc+YkI/5B1C8oybKBunDbGaEx6j44F8IZdOuEt9beTZubsQdZVPU9hAUUV+kYnpLyk7NL1O3KE8QbyB4PYg2xNP8AtkBZ/Y+T/wC/in1kw/A7+oENkQ+UQDD+Rxgr4ztu0ywVZsoPgx3vZAwH+Rm0SQwGB4YA1Z6rkh9JejsN/S2b7FcbI0YfryDe9s/FjwLf7I/ZBbsEwuzo5SPYBOb0WbDj+7goMOpMfm3GeQfK3g3SfwRZGM9/B75CxNcv+xIYWGJEwsPvy1TMQcPiN9L8sqRqlgPD9QDN3WIF6TlAZJ5YR1AkkHS+9WF84wGxnIz2bCacniQJ5fiXUfI+lsL7Ma9uGdutfFrEsWx/hJ/qIjnGwMDfu14C3IB+LOEGG8DC6DkLqP8Aix8GWMNIhmK23qYm6JwJc+LqmCNR5z9TgBkM8H0zQPF0rH6lI3ZkByWLW9RuYLJotEhoeSczY+e7dLeSQGm0N6/Ul7Fld9b1bPca22Ju26wXMsBnnGwGmymxZyE1MYS27e/Uh5llohmNh8UgHJ9RZmeG2AO+kezqRHq2AEHy36Ia6WeBdDnxEesjGt7i78zJnsrtcu4YUvETj+31EY9Z9uEluuS81FtWPAvW9hvbPAvLqbZ4GDj1HhmSnskZ9RGQxAcJOYusKH4RAvwREKDIQbA7+5T4P7BuGMBa8gclxgbY4c/yQ9EmEyYMGQDTM+bcH+QnkXkA/u6HB8mHQ/DlnlmPK2YDYubHQq5LHvZE4qXyZqzTqZ8DYvEu+Qb5UCTT428DstakzOGwfGXCWcSeuG/d3eahzOWqNjyGOZyfoxgDh83XifGLVqrwNx5bzvzdn1+Aeey7sukuHzHvaAP9uWPrPSkbnk3vrDjF2I8vlfLkszfEm43Yj5WFu26jtQCQO4wgm7V3k4Ts5vSP5cN2RdSBd5DHoW7vkfnV6VCKmWaDJw7Fj6LlaYScf/LVn/3lYP8ArbC6QOoREzx8rKimkd8HPgmzozK15GxQ+/qdB+OrNN5XwhP3MeHfCH5L131LxWVBOSR9ZH1QDo7MeoB3pt3CWmrcVd+8WkMk/wAn7EYEDP5a7lnE/wDJM/8AzPtwknDX9QkMcnLjHk8k4EyPxctcOwrjnbPfEiJ5yc+5HxK0ttrPSEemJNsS8s1nAvIPfJFzhF9iwbLyZnYZ5CdexrrCyYNszjxvknJoGn4pkj2IjwlO0lMl/tu6JBPofqGIHWw7/wARTE3GzvlKBST5i2BjL9tjgwUBxobGpDFNiDJH0LV15jGGpGCZaOXW+riCU0FM7tPqBxX8aXcusHd1n8HLCaWwwd/ZMuRMMnmA/tyfBZQuPmL2MP3AOyXC0CLPqQDhrFw1tuPqAziU3MRP9jkpKTOROXEcYM7j1YXyWrHGMua3HByU87C9JOVkHx23CJyvNu68tz1ILuDGDAYuMp/Y1fVq4BOLZ3XYQpybHQsffP1EmltcuBDjWWzx+7oeiR9BAOdlkNG2A6BHOz+rDSUkK3UolFukq0O3EPN+Jnzz9zHIdoJ9QRxAfq7oG3rmSkEf22mJX7jGOsI+v+SPSYDd/pJI/wDYIa8iHlIqAB7IBb/kJTDkgOrP3bhF24IH9bPrAkjQ/wDuAtTt7oP5b4RbR0f8t8k2cB+28g1+o04n9ihoPt6m342XGdtdmWOg/Aa8y3CgvtGwGyrztg4gD92WUWVyxhnG3YHLFwSHAD+zhg2BvwRfLSwYCQPwhCGF3vc790injkBQP/JMF5kf6KkF4/kdqH6h4JvzDdWPljLd5bof1eZRftaZHrMnPJ7fUxZjs8hzWs6rhyx1efcHUsrKb27/ABvkAlGIPkGHtHwP+SWAECjnr+1gTNsHBESdO/yxAD/J2Tf5F5xv7tmhX9zLfH1fGeXIDbCh2Lv/AJWfOP3cLp8WLRz7ks1tjaGQhiF1AyXoytu5yAxOYxhZAdZxRl80YRwOF4XLZurlIIxiR2f7HxXGCCWXqyyenJAa8h4nL2wwu/jmprBheAxXvLia1GNOwPvLFgzmOwwiDrt8htqtk73ZGRFz8GBLIwG3u+rWbcgT7LxUHyYg+IIbLzvftjRbn7s68QbFAGYGO8gg2Lr+Vu2kyzJPHzOLzg4f8tgNfqeQIQPb2ES7MONmC85bH4PmxD/uBwgQvGxTVjDmVmYeP/FrSxauP7sF3Gl2hk6ef26w/wAkOCEwHNNT/Z37bGvL2bxsQgvrbUR2K+jcEZDb8/V4eR75McT/AHZNHI8V22fdabySbTYs8QD8f5JwYvzy8frD4wQDS2G4dt8zjbGY2cfG4A2czB7HJztiOhCeyzEHDTf7cc0IHtP+2qvM1OE/tj4m3ZMGIXcz+zvD+bDO8QaKMs26zrr6Se7mfFnfL7kOxX6QVsNa9+rIeKcs/esHE79So/SagmyDJ/k2NwmhwEkwx+0mghv7iywzWLsvqFG2t3peDckPPJAngsE2NgXqRDq+LYnBtSHb1HC5jFs8zk4o6SURhdB3cQBgNTfSSp0j9t7jlhPU4vqaBLQGCoknTW50dTyZqWP0YA8iHDKtiz/yL5oQeJ9JAdmw2+Za1YwdIs5RJlk7fU5Io1GmdHYvxkNRdQYs6cnhyCDqnZSkTHjcEuDr2A31m9X+R2qySBOEfKYg67aQhZV9in/3yeqy8dOSQ1t1rkciJdWafS2w7O9Mjjn+pYPtmuBaUBlFOJaR0XDWv1YuGMT6gSKqw17yGn5vsYn2Cngsp/smNng5toXtz83gW8lLAm5CB6/VovY8bccmwYCTNLD8SMHCVvqF1gperHBFtbsspHJGtAgd6IsNIXIn+Stfb6ncTn4w6prOODf2Wkg3fghz5JTxyz1fwIyNBsRpGEBN9P8ATO9mQzpP7AhGWzheCRmO6h8nZhKR6/jQjLz+QcJyP5khDSkYhEkCEsXJbEpNsQyC0YxHBsA49RZoJJ2O/EjnKMMJO6bjmo5rmDdQeX0Ik5M2xBCz77j9wD+SgECKA6y1hJ/LfGfu8sCQYl/lgDtk6JMPeRsC49icBrIHX3gSGuxubmEvtP7+ONBDrPmAS+rmoLywlN0tdP1MJqE3EsZ+4r6LYPUp+okjm3KtXzPR8PiAA9Tvf+IoNh4fUqvY2STMYEfyDQcsuDyQEYfD7sx/icdDZ/gyU1cgM7S8vWf+wJSDsiPqS4DJVTercpOMmx82Vxj+o2i7TZ8mxhVIK97uzUzBpuDriNHDyx0ht9ovCSDGDrCFHjdAdyXY9lYZHKcsGdfu7HuQA2aRgb6uvjLIppLusDyKQvs39Wa3Iew9sWLzTyZZ5NMbLBS7nxZgCwDkOmhyI/yLnnlsHI6ojz7s2b2aNTYn6klBT1avMOdmLJmSD9XBZR2AmnFqNqh0Nspu4wrDjYyFfHLO+ZGkxOdurHT4sIcSP68+LrPZIddMxx5aosEudgj4fzdOof2Ch/kxtBDPvFBEzqRQQH1I3n+QukD4Olh5p39R4y6ia3BMEXvllW8szNtNahx7cGg/clnr9yc0z2GP7s6sQ2Q9sj1YJQSl0hTm2k9PuGBgbTCbAMn2RxjmP3eAO/F3Iz6vjEt0Z+7Gu8i+W3cPEMZkiGJCnL9JAHgSa2PBPIA0K3YcXBA0i72zB7cSjsaB8Wx4RXB/t1glhmEkGTdPd/UUUZKAYXlqIycgQy2hL8OyChz7bMvn4WuxkBBEwJ85ApdWzK0QMDr6vlBqRz4VvztpE1ZnlhEwrN6Tto7BRrSRSmt8T6j4MMjK2pBbi2wWFh0bM/p8whP9GKz3+rpKrbBUlCE+bWXLVn6IH8sS3ZvSnyMW+6tsF3QS4XloEhSez1k8zgyHIX7Nm58Qy/yERaIS7A4Q3C2fidg+uQNCAg2VdOQhpDF4YO4wEakvHsk2Ouj0hp6kFBmnsPrB7dkAzAIh3bPvxCpeJ182coDH4hJziQnZXwIkiX2MQ1X2AFBtpBmPls53y16YvGc5JvAsHGjnk0W18Rh19kyMTPqGI6PqGXN7H0fEwfpCCFPphB365sXwGpN5grAx2Z4TOoQoFB2dHPY1vjK1ONhTo7Ch6OEv8EGwCA9A2W/uQd8+XOT7S7MxOnX+Q6//AHkO8ZOcxk4d2fOsh5Cej5P+Ee/+iweifyROsa2dhmVfB2xHOSz3JtPWSRchtsp7cWIX7kw59g/7JiclP2JzlnUbatYDTmTAzM47faTVMbnp82+WRpAXXsWj1ZOdsodTvBmQN0ncFtfYC0hs6mp9PG3Eef2JhZZg28dz+w0o5f8AAkerPNkNmdH4svkPvxKbZz2viFuDD8Mem6tgp0skMhG5PbwHc9iHxf5dAfj4sDvkRbENYdwVG5HR3EiLGi7/ANvsTf1JzD4fUjUho9v3OAzozrbXFPAuyPX1BCA+2bBr/U6QpvjaP/BDi3jfI+x1JPFDQ5Fxcj4YyOphjhI4MtvXsQAwWrutmdUsHL6Cllu5z9xod84fqKQSMz1skSyOP8jPOWFM7ex2ahpJ/wD3ykVETWmsizAbHLutghyYyOs0HU+0kjcwAPf3kR3F/GH7CyATOaGyKFbGEwned5HwYw9OT8GXwBAVzkny0g9e3ynZPQLPij7Pbye81cnPDs+FufcQczs2bROkBga7hJbl562AX+JW1v2Lgh+gRFakIc7LyofcQ3y8J7zEoXPmSCfpdNGVC4u7D4Ng8cJsWd6Pxw9smfJAvyZbh9iHvlzP15MB04Q8wbP8XcOsrAhiGCnddthvHxIHcchXE1hqcadhZdLJ3mfFmgTmLgw2DMXpJ0Uk3WkYne6h1iAFsFzPqIaJyYPyBRfmIEY7wKNwIMfmFnrnb3rHkyTeFyBBZkbp3+yr/wBET1RNgaWsdlsbtQa57b6MkRxsvGbJ7FYx1lsHuz8HW0EQe7C+W4cfSJLG++lqH7tMR05ey8lDvJfH4WHTlk1UnBKLK4ebFBgQZ9Pmd0W3QSQoGyP4MnRcPjZaBwl6f8SaEfKKXofiYHOZEM5CgeooTpYg4eH/ACVbuttjDup9HwWB0kD1gSTwYPKGxG4ZYyTwVwhv0TNTctZyepyl7fwj3Fs2kYwjFrCYOIYkGtvTJbHo+JG+ksENvi+5q0ZBH1LGB9Wc8n9sG5f1svb27zjZzXlyDa2Oe5bhhZlvG/u4CgfHM7wf6su72K7TkBvUCMMP7A4EnHxD8ERRSd37tKMQ1ywM7BMLxGCdeJXwMGxOSaYcslFcSaWHUduJ0ST5UkjWE+ZvPFncgYr2XEO5OcTkrrX3bPMd3Z0vxkWd6F2DrpepgiRdJwfCsxoPPu2G78ckCWDpJqcz7kxHYKSA+Rkh7J2SV9y0G9LYoB/I6cun9u2aMMPtEge07N43z7mTNtD4vO7Jqbtrn8JQCaFp7J+BkqFJ3Q25LcsB+IFYOudbPzBNJ1zyKxo2A+EA66y2QH9mftJE2wtZjC8E4GluiORZ+EBmYGoiHoG08NsXfEDu07vi9cv6kOrn6smoP5DtfhhTvpF3UxcaIMqwzvttEHSoRbNQ4ivMrKeTh+rPhJ5xP3AidnDILqb9WvBsaD+B/knCv+RhQNkeFD0Hv2zK/llDSdgzfmYHAfU+fH9WKHHuRzvOTcL/AN3U4Z9MQMiMb2g/uDnViRDDLRCAvuNOHYxH6g79JeZuy14kblMXYJ42D95ODrBI91uELMuuBaIMLl0uT3s/uinYssidZB1/kbBk2vGM0/5AHnkDsMhTAtlOSxTn1L3OSUzBYbivzJU3Uzk45I+J9sHxH8ucov7kvRIBoUfqPIv3atSBOOSPsRxRlPxneuQR8X9tpxN4df5JfS3PYtmge+SZwz9E88a+ryGH9QADb9F7p/yciX8XiH/LgmsiNx/V41/5JYZ/pPTUD+QhV/kRwP5dQxmNTdXjZG5/t5+v9sfrZDdbIeE/cp10/kJ//CMc4fyC0X+WjQ/ZO4T+JnqE+Y0lH6C7KWaDDW8xfNvNNeEfJnEcO4blWsDmSAjSbAFycG+QxfsUTn6yXQSaJA5AFTt/HD9WH4v3ylam5BAfN5MGiIQ9JnDglFdhfRLhxzEr9nWByWhNNswJwHy2GGQGUU1jNflajvI9B5ZtPZLw/cMMN/sC1/vYUf8A0hOzY81mCX8iqDP5bPP8JZj+urYo/wB3uX/Lgi/24rmBZhslXJfiN6x/kron/YwGpMHefufFSwww/wCSgnOB9AyddAH+Qy+f8lmD5AGuWl9z/IRE4eOwvn8JBrYx+4LMk7IttCdaXbGBOn6WnIDnFfISbrsstMQ72zV8gAloMD9w0o3IpMFgakA11ej726NufHl09DPZ4s+PZ6HscA5cnUsyvYMXyYnHLpyW5fmVdAnzEoDts47dEZKmp5PdAuTz4A2yffu3ruPwQ88cZVPr82EBxI6cxG6U6EF+p+hz9WYuAfDL6+Pq8+T+y5gv5L9F9FtBf8tm8/tbA+v2LD/jIZgfzLsd/BOdv7PYwsH2NkI3+XKOfQSPB/l9Y/5IftB8OQD1Z4YuweeWncGIHlweWHpGHycE38ITfLxLhlro/g65L+r+YP1JsYOz+rY1+IGTnskbzZEQhH8Bvj3ZwHRAwGad1+JM6+8gmZYXRi7GMiBIGREkwzftg/c2LX3llx/sAnp9kgL+psPi54yyJCM9tmsD5sx5K9bDh2DOduLR2GeT+RPYvbhDqM31dcip6YHE55u+z7vgQoQNcAt16f1ZQU+id1kyI79bGGJ8Gl3cj9wHF/oRxgP2IH/wo2c4/q+Dcg3ry2NdQ7uM/AX/ABnBH1vYSaySlt295rhJzuQAgJMeQbw/Ak5GS7+PZYWj2fwtuzJfwluQ7P5fLTn4CiIaGdcFhKc+rNv/AHHfaA4uWcPZ+WhcKGxzb4WwGNgwbAHxZGOy6diDpDnPLsTy0e749tnbrPu2QDixbjDgZ2+W2Eb0bIBsAD4bLB7aHLo+kmzrZ/2Fm8ITqPqZLtn3yFA8/Upw/wCR4wMJ7z6/HByPIQkbUcgwB5fqiG5B8uWTm7YVy5tuX6zqaeSn5gU9hwEIHzLsf2fYNsx8hdF5fEFxDyU9/A8iN+Zz6lTw5AlsN73GN4wDq4Xm96ld4QIPiLzxuT/Yv6gxBGLj8C5aJ+Et5jkIDn+zjZk59Wc1tSBgKETZ7Ojr2+dF4ibKHTLTxPnkeocvPNM8cHY3TxLZTqzHOQ3OJ9Z4/RLkx55DnFd+5sd2eLrYez8/bwElgMuX2WECEJReTgtI8tJxgnzB9hLu3Pi+b++WD5MSuM/FOHklZG+', DATE '1990-07-18', 'Santander', 'España', 'bio', false, 'ROLE_USER')
2017-12-20 20:14:30.947 [main] ERROR o.h.tool.hbm2ddl.SchemaExport -
				Duplicate entry '27' for key 'PRIMARY'
2017-12-20 20:14:31.025 [main] ERROR o.h.tool.hbm2ddl.SchemaExport -
				HHH000388: Unsuccessful: INSERT INTO race (id, name, placeId, date, image, website, medicalTest, chip, chipPrice, distance, raceType, isInternal, createdById) values (1, 'Dine 10k', 1, DATE '2017-11-04', 'http://www.clker.com/cliparts/C/l/N/O/L/I/girl-running-two-md.png', 'https://www.rundisney.com/wine-and-dine-half-marathon/', 1, 0, NULL,10, 3, 0, NULL)
2017-12-20 20:14:31.025 [main] ERROR o.h.tool.hbm2ddl.SchemaExport -
				Duplicate entry '1' for key 'PRIMARY'
2017-12-20 20:14:31.026 [main] ERROR o.h.tool.hbm2ddl.SchemaExport -
				HHH000388: Unsuccessful: INSERT INTO race (id, name, placeId, date, image, website, medicalTest, chip, chipPrice, distance, raceType, isInternal, createdById) values (2, 'Kaapse Hoop Marathon', 2, DATE '2017-11-04', 'http://www.clker.com/cliparts/C/l/N/O/L/I/girl-running-two-md.png', 'https://www.racecalendar.co.za/nov-4-2017-kaapsehoop-3-in-1-marathon-running/', 1, 0, NULL,42, 4, 0, NULL)
2017-12-20 20:14:31.026 [main] ERROR o.h.tool.hbm2ddl.SchemaExport -
				Duplicate entry '2' for key 'PRIMARY'
2017-12-20 20:14:31.026 [main] ERROR o.h.tool.hbm2ddl.SchemaExport -
				HHH000388: Unsuccessful: INSERT INTO race (id, name, placeId, date, image, website, medicalTest, chip, chipPrice, distance, raceType, isInternal, createdById) values (3, 'Savannah Half Marathon', 3, DATE '2017-11-04', 'http://www.clker.com/cliparts/C/l/N/O/L/I/girl-running-two-md.png', 'http://www.runrocknroll.com/savannah/', 1, 0, NULL,21, 5, 0, NULL)
2017-12-20 20:14:31.026 [main] ERROR o.h.tool.hbm2ddl.SchemaExport -
				Duplicate entry '3' for key 'PRIMARY'
2017-12-20 20:14:31.027 [main] ERROR o.h.tool.hbm2ddl.SchemaExport -
				HHH000388: Unsuccessful: INSERT INTO race (id, name, placeId, date, image, website, medicalTest, chip, chipPrice, distance, raceType, isInternal, createdById) values (4, 'Abbott 5k', 4, DATE '2017-11-04', 'http://www.clker.com/cliparts/C/l/N/O/L/I/girl-running-two-md.png', 'http://www.nyrr.org/races-and-events/2016/abbott-dash-to-the-finish-line-5k', 1, 0, NULL,5, 3, 0, NULL)
2017-12-20 20:14:31.027 [main] ERROR o.h.tool.hbm2ddl.SchemaExport -
				Duplicate entry '4' for key 'PRIMARY'
2017-12-20 20:14:31.027 [main] ERROR o.h.tool.hbm2ddl.SchemaExport -
				HHH000388: Unsuccessful: INSERT INTO race (id, name, placeId, date, image, website, medicalTest, chip, chipPrice, distance, raceType, isInternal, createdById) values (5, 'Indianapolis Marathon', 5, DATE '2017-11-04', 'http://www.clker.com/cliparts/C/l/N/O/L/I/girl-running-two-md.png', 'http://www.monumentalmarathon.com/', 1, 0, NULL,42, 5, 0, NULL)
2017-12-20 20:14:31.027 [main] ERROR o.h.tool.hbm2ddl.SchemaExport -
				Duplicate entry '5' for key 'PRIMARY'
2017-12-20 20:14:31.028 [main] ERROR o.h.tool.hbm2ddl.SchemaExport -
				HHH000388: Unsuccessful: INSERT INTO race (id, name, placeId, date, image, website, medicalTest, chip, chipPrice, distance, raceType, isInternal, createdById) values (6, 'Arley Hall Cheshire 10k', 6, DATE '2017-11-04', 'http://www.clker.com/cliparts/C/l/N/O/L/I/girl-running-two-md.png', 'http://www.cheshire10k.com/?event=cheshire-10k', 1, 0, NULL,10, 4, 0, NULL)
2017-12-20 20:14:31.028 [main] ERROR o.h.tool.hbm2ddl.SchemaExport -
				Duplicate entry '6' for key 'PRIMARY'
2017-12-20 20:14:31.028 [main] ERROR o.h.tool.hbm2ddl.SchemaExport -
				HHH000388: Unsuccessful: INSERT INTO race (id, name, placeId, date, image, website, medicalTest, chip, chipPrice, distance, raceType, isInternal, createdById) values (7, '3-sjøersløpet', 7, DATE '2017-11-04', 'http://www.clker.com/cliparts/C/l/N/O/L/I/girl-running-two-md.png', 'http://3sjoers.no/en/', 1, 0, NULL,21, 4, 0, NULL)
2017-12-20 20:14:31.028 [main] ERROR o.h.tool.hbm2ddl.SchemaExport -
				Duplicate entry '7' for key 'PRIMARY'
2017-12-20 20:14:31.029 [main] ERROR o.h.tool.hbm2ddl.SchemaExport -
				HHH000388: Unsuccessful: INSERT INTO race (id, name, placeId, date, image, website, medicalTest, chip, chipPrice, distance, raceType, isInternal, createdById) values (8, 'Putrajaya Night Marathon Hm', 8, DATE '2017-11-04', 'http://www.clker.com/cliparts/C/l/N/O/L/I/girl-running-two-md.png', 'https://home.hooha.asia/PNM2016.aspx', 1, 0, NULL,21, 3, 0, NULL)
2017-12-20 20:14:31.030 [main] ERROR o.h.tool.hbm2ddl.SchemaExport -
				Duplicate entry '8' for key 'PRIMARY'
2017-12-20 20:14:31.030 [main] ERROR o.h.tool.hbm2ddl.SchemaExport -
				HHH000388: Unsuccessful: INSERT INTO race (id, name, placeId, date, image, website, medicalTest, chip, chipPrice, distance, raceType, isInternal, createdById) values (9, 'Putrajaya Night Marathon', 8, DATE '2017-11-04', 'http://www.clker.com/cliparts/C/l/N/O/L/I/girl-running-two-md.png', 'https://www.runsociety.com/event/putrajaya-night-marathon-2017/', 1, 0, NULL,42, 4, 0, NULL)
2017-12-20 20:14:31.030 [main] ERROR o.h.tool.hbm2ddl.SchemaExport -
				Duplicate entry '9' for key 'PRIMARY'
2017-12-20 20:14:31.031 [main] ERROR o.h.tool.hbm2ddl.SchemaExport -
				HHH000388: Unsuccessful: INSERT INTO race (id, name, placeId, date, image, website, medicalTest, chip, chipPrice, distance, raceType, isInternal, createdById) values (10, 'Landmarks Half Marathon', 9, DATE '2017-11-05', 'http://www.clker.com/cliparts/C/l/N/O/L/I/girl-running-two-md.png', 'https://www.racecalendar.co.za/nov-5-2017-the-landmarks-half-marathon-running/', 1, 0, NULL,21, 3, 0, NULL)
2017-12-20 20:14:31.031 [main] ERROR o.h.tool.hbm2ddl.SchemaExport -
				Duplicate entry '10' for key 'PRIMARY'
2017-12-20 20:14:31.031 [main] ERROR o.h.tool.hbm2ddl.SchemaExport -
				HHH000388: Unsuccessful: INSERT INTO race (id, name, placeId, date, image, website, medicalTest, chip, chipPrice, distance, raceType, isInternal, createdById) values (11, 'Soweto Marathon', 10, DATE '2017-11-05', 'http://www.clker.com/cliparts/C/l/N/O/L/I/girl-running-two-md.png', 'https://www.sowetomarathon.com/', 1, 0, NULL,42, 3, 0, NULL)
2017-12-20 20:14:31.031 [main] ERROR o.h.tool.hbm2ddl.SchemaExport -
				Duplicate entry '11' for key 'PRIMARY'
2017-12-20 20:14:31.032 [main] ERROR o.h.tool.hbm2ddl.SchemaExport -
				HHH000388: Unsuccessful: INSERT INTO race (id, name, placeId, date, image, website, medicalTest, chip, chipPrice, distance, raceType, isInternal, createdById) values (12, 'Marathon Des Alpes-maritimes Nice-cannes', 11, DATE '2017-11-05', 'http://www.clker.com/cliparts/C/l/N/O/L/I/girl-running-two-md.png', 'https://www.strava.com/clubs/nicecannes', 1, 0, NULL,42, 3, 0, NULL)
2017-12-20 20:14:31.032 [main] ERROR o.h.tool.hbm2ddl.SchemaExport -
				Duplicate entry '12' for key 'PRIMARY'
2017-12-20 20:14:31.032 [main] ERROR o.h.tool.hbm2ddl.SchemaExport -
				HHH000388: Unsuccessful: INSERT INTO race (id, name, placeId, date, image, website, medicalTest, chip, chipPrice, distance, raceType, isInternal, createdById) values (13, 'TCS New York City Marathon - 2017', 12, DATE '2017-11-05', 'http://www.clker.com/cliparts/C/l/N/O/L/I/girl-running-two-md.png', 'http://www.tcsnycmarathon.org/', 1, 0, NULL,42, 5, 0, NULL)
2017-12-20 20:14:31.032 [main] ERROR o.h.tool.hbm2ddl.SchemaExport -
				Duplicate entry '13' for key 'PRIMARY'
2017-12-20 20:14:31.033 [main] ERROR o.h.tool.hbm2ddl.SchemaExport -
				HHH000388: Unsuccessful: INSERT INTO race (id, name, placeId, date, image, website, medicalTest, chip, chipPrice, distance, raceType, isInternal, createdById) values (14, 'Abbey Dash', 13, DATE '2017-11-05', 'http://www.clker.com/cliparts/C/l/N/O/L/I/girl-running-two-md.png', '', 1, 0, NULL,10, 5, 0, NULL)
2017-12-20 20:14:31.033 [main] ERROR o.h.tool.hbm2ddl.SchemaExport -
				Duplicate entry '14' for key 'PRIMARY'
2017-12-20 20:14:31.033 [main] ERROR o.h.tool.hbm2ddl.SchemaExport -
				HHH000388: Unsuccessful: INSERT INTO race (id, name, placeId, date, image, website, medicalTest, chip, chipPrice, distance, raceType, isInternal, createdById) values (15, 'Noosa Tri', 14, DATE '2017-11-05', 'http://www.clker.com/cliparts/C/l/N/O/L/I/girl-running-two-md.png', '', 1, 0, NULL,10, 5, 0, NULL)
2017-12-20 20:14:31.033 [main] ERROR o.h.tool.hbm2ddl.SchemaExport -
				Duplicate entry '15' for key 'PRIMARY'
2017-12-20 20:14:31.034 [main] ERROR o.h.tool.hbm2ddl.SchemaExport -
				HHH000388: Unsuccessful: INSERT INTO race (id, name, placeId, date, image, website, medicalTest, chip, chipPrice, distance, raceType, isInternal, createdById) values (16, 'Malibu International', 15, DATE '2017-11-05', 'http://www.clker.com/cliparts/C/l/N/O/L/I/girl-running-two-md.png', 'https://www.malibumarathon.com/', 1, 0, NULL,10, 5, 0, NULL)
2017-12-20 20:14:31.034 [main] ERROR o.h.tool.hbm2ddl.SchemaExport -
				Duplicate entry '16' for key 'PRIMARY'
2017-12-20 20:14:31.034 [main] ERROR o.h.tool.hbm2ddl.SchemaExport -
				HHH000388: Unsuccessful: INSERT INTO race (id, name, placeId, date, image, website, medicalTest, chip, chipPrice, distance, raceType, isInternal, createdById) values (17, 'Greenwich Park 10k', 16, DATE '2017-11-05', 'http://www.clker.com/cliparts/C/l/N/O/L/I/girl-running-two-md.png', '', 1, 0, NULL,10, 5, 0, NULL)
2017-12-20 20:14:31.034 [main] ERROR o.h.tool.hbm2ddl.SchemaExport -
				Duplicate entry '17' for key 'PRIMARY'
2017-12-20 20:14:31.035 [main] ERROR o.h.tool.hbm2ddl.SchemaExport -
				HHH000388: Unsuccessful: INSERT INTO race (id, name, placeId, date, image, website, medicalTest, chip, chipPrice, distance, raceType, isInternal, createdById) values (18, 'Dovedale Dash', 17, DATE '2017-11-05', 'http://www.clker.com/cliparts/C/l/N/O/L/I/girl-running-two-md.png', 'http://www.dovedaledash.co.uk/', 1, 0, NULL,5, 4, 0, NULL)
2017-12-20 20:14:31.035 [main] ERROR o.h.tool.hbm2ddl.SchemaExport -
				Duplicate entry '18' for key 'PRIMARY'
2017-12-20 20:14:31.123 [main] ERROR o.h.tool.hbm2ddl.SchemaExport -
				HHH000388: Unsuccessful: INSERT INTO race (id, name, placeId, date, image, website, medicalTest, chip, chipPrice, distance, raceType, isInternal, createdById) values (19, 'Soweto Half Marathon', 18, DATE '2017-11-06', 'http://www.clker.com/cliparts/C/l/N/O/L/I/girl-running-two-md.png', 'https://www.sowetomarathon.com/', 1, 0, NULL,21, 5, 0, NULL)
2017-12-20 20:14:31.123 [main] ERROR o.h.tool.hbm2ddl.SchemaExport -
				Duplicate entry '19' for key 'PRIMARY'
2017-12-20 20:14:31.123 [main] ERROR o.h.tool.hbm2ddl.SchemaExport -
				HHH000388: Unsuccessful: INSERT INTO race (id, name, placeId, date, image, website, medicalTest, chip, chipPrice, distance, raceType, isInternal, createdById) values (20, 'Jp Morgan Corporate Challenge', 19, DATE '2017-11-09', 'http://www.clker.com/cliparts/C/l/N/O/L/I/girl-running-two-md.png', '', 1, 0, NULL,5, 3, 0, NULL)
2017-12-20 20:14:31.123 [main] ERROR o.h.tool.hbm2ddl.SchemaExport -
				Duplicate entry '20' for key 'PRIMARY'
2017-12-20 20:14:31.124 [main] ERROR o.h.tool.hbm2ddl.SchemaExport -
				HHH000388: Unsuccessful: INSERT INTO race (id, name, placeId, date, image, website, medicalTest, chip, chipPrice, distance, raceType, isInternal, createdById) values (21, 'Anthem Richmond Marathon', 20, DATE '2017-11-11', 'http://www.clker.com/cliparts/C/l/N/O/L/I/girl-running-two-md.png', 'http://www.richmondmarathon.com/', 1, 0, NULL,42, 5, 0, NULL)
2017-12-20 20:14:31.124 [main] ERROR o.h.tool.hbm2ddl.SchemaExport -
				Duplicate entry '21' for key 'PRIMARY'
2017-12-20 20:14:31.124 [main] ERROR o.h.tool.hbm2ddl.SchemaExport -
				HHH000388: Unsuccessful: INSERT INTO race (id, name, placeId, date, image, website, medicalTest, chip, chipPrice, distance, raceType, isInternal, createdById) values (22, 'Mt. Tam Trail Run 50k', 21, DATE '2017-11-11', 'http://www.clker.com/cliparts/C/l/N/O/L/I/girl-running-two-md.png', 'http://insidetrail.com/calendar/mt-tam-trail-run/', 1, 0, NULL,50, 4, 0, NULL)
2017-12-20 20:14:31.125 [main] ERROR o.h.tool.hbm2ddl.SchemaExport -
				Duplicate entry '22' for key 'PRIMARY'
2017-12-20 20:14:31.125 [main] ERROR o.h.tool.hbm2ddl.SchemaExport -
				HHH000388: Unsuccessful: INSERT INTO race (id, name, placeId, date, image, website, medicalTest, chip, chipPrice, distance, raceType, isInternal, createdById) values (23, 'Tatton Park Half Marathon', 22, DATE '2017-11-11', 'http://www.clker.com/cliparts/C/l/N/O/L/I/girl-running-two-md.png', 'https://www.runtatton.com/', 1, 0, NULL,21, 5, 0, NULL)
2017-12-20 20:14:31.125 [main] ERROR o.h.tool.hbm2ddl.SchemaExport -
				Duplicate entry '23' for key 'PRIMARY'
2017-12-20 20:14:31.125 [main] ERROR o.h.tool.hbm2ddl.SchemaExport -
				HHH000388: Unsuccessful: INSERT INTO race (id, name, placeId, date, image, website, medicalTest, chip, chipPrice, distance, raceType, isInternal, createdById) values (24, 'Tinto Hill Race', 23, DATE '2017-11-11', 'http://www.clker.com/cliparts/C/l/N/O/L/I/girl-running-two-md.png', 'http://carnethy.com/carnethy-organised-races/tinto/', 1, 0, NULL,5, 5, 0, NULL)
2017-12-20 20:14:31.125 [main] ERROR o.h.tool.hbm2ddl.SchemaExport -
				Duplicate entry '24' for key 'PRIMARY'
2017-12-20 20:14:31.126 [main] ERROR o.h.tool.hbm2ddl.SchemaExport -
				HHH000388: Unsuccessful: INSERT INTO race (id, name, placeId, date, image, website, medicalTest, chip, chipPrice, distance, raceType, isInternal, createdById) values (25, 'Bieg Urodzinowy', 24, DATE '2017-11-11', 'http://www.clker.com/cliparts/C/l/N/O/L/I/girl-running-two-md.png', 'http://gpx.gdyniasport.pl/bieg-niepodleglosci-z-pko-bankiem-polskim/', 1, 0, NULL,10, 5, 0, NULL)
2017-12-20 20:14:31.126 [main] ERROR o.h.tool.hbm2ddl.SchemaExport -
				Duplicate entry '25' for key 'PRIMARY'
2017-12-20 20:14:31.126 [main] ERROR o.h.tool.hbm2ddl.SchemaExport -
				HHH000388: Unsuccessful: INSERT INTO race (id, name, placeId, date, image, website, medicalTest, chip, chipPrice, distance, raceType, isInternal, createdById) values (26, 'Roll Las Vegas 5k', 25, DATE '2017-11-11', 'http://www.clker.com/cliparts/C/l/N/O/L/I/girl-running-two-md.png', 'http://www.runrocknroll.com/las-vegas/', 1, 0, NULL,5, 4, 0, NULL)
2017-12-20 20:14:31.126 [main] ERROR o.h.tool.hbm2ddl.SchemaExport -
				Duplicate entry '26' for key 'PRIMARY'
2017-12-20 20:14:31.126 [main] ERROR o.h.tool.hbm2ddl.SchemaExport -
				HHH000388: Unsuccessful: INSERT INTO race (id, name, placeId, date, image, website, medicalTest, chip, chipPrice, distance, raceType, isInternal, createdById) values (27, 'Disney Avengers Half Marathon', 26, DATE '2017-11-12', 'http://www.clker.com/cliparts/C/l/N/O/L/I/girl-running-two-md.png', 'https://www.rundisney.com/super-heroes-half-marathon/?CMP=KNC-FY17_RD_ACT_DOM|BR|G|1124229.DM.DO.03&d_psid=kwd-70727787001|dc|disney%20avengers%20half%20marathon|186725145311|p|5076:3|&s_kwcid=AL!5076!3!186725145311!p!!g!!disney%20avengers%20half%20marath', 1, 0, NULL,21, 4, 0, NULL)
2017-12-20 20:14:31.127 [main] ERROR o.h.tool.hbm2ddl.SchemaExport -
				Duplicate entry '27' for key 'PRIMARY'
2017-12-20 20:14:31.127 [main] ERROR o.h.tool.hbm2ddl.SchemaExport -
				HHH000388: Unsuccessful: INSERT INTO race (id, name, placeId, date, image, website, medicalTest, chip, chipPrice, distance, raceType, isInternal, createdById) values (28, 'Monterey Bay Half Marathon', 27, DATE '2017-11-12', 'http://www.clker.com/cliparts/C/l/N/O/L/I/girl-running-two-md.png', 'https://www.strava.com/running-races/www.bigsurhalfmarathon.org/event_information/half_marathon.htm', 1, 0, NULL,21, 5, 0, NULL)
2017-12-20 20:14:31.127 [main] ERROR o.h.tool.hbm2ddl.SchemaExport -
				Duplicate entry '28' for key 'PRIMARY'
2017-12-20 20:14:31.127 [main] ERROR o.h.tool.hbm2ddl.SchemaExport -
				HHH000388: Unsuccessful: INSERT INTO race (id, name, placeId, date, image, website, medicalTest, chip, chipPrice, distance, raceType, isInternal, createdById) values (29, 'İstanbul Maratonu 15k', 28, DATE '2017-11-12', 'http://www.clker.com/cliparts/C/l/N/O/L/I/girl-running-two-md.png', 'http://www.istanbulmarathon.org/', 1, 0, NULL,15, 4, 0, NULL)
2017-12-20 20:14:31.127 [main] ERROR o.h.tool.hbm2ddl.SchemaExport -
				Duplicate entry '29' for key 'PRIMARY'
2017-12-20 20:14:31.127 [main] ERROR o.h.tool.hbm2ddl.SchemaExport -
				HHH000388: Unsuccessful: INSERT INTO race (id, name, placeId, date, image, website, medicalTest, chip, chipPrice, distance, raceType, isInternal, createdById) values (30, 'Behobiá San Sebastián', 29, DATE '2017-11-12', 'http://www.clker.com/cliparts/C/l/N/O/L/I/girl-running-two-md.png', '', 1, 0, NULL,21, 4, 0, NULL)
2017-12-20 20:14:31.127 [main] ERROR o.h.tool.hbm2ddl.SchemaExport -
				Duplicate entry '30' for key 'PRIMARY'
2017-12-20 20:14:31.128 [main] ERROR o.h.tool.hbm2ddl.SchemaExport -
				HHH000388: Unsuccessful: INSERT INTO race (id, name, placeId, date, image, website, medicalTest, chip, chipPrice, distance, raceType, isInternal, createdById) values (31, 'Half Marathon Riva Del Garda', 30, DATE '2017-11-12', 'http://www.clker.com/cliparts/C/l/N/O/L/I/girl-running-two-md.png', 'http://www.gardatrentino.it/en/Move-it-Garda-21K-Garda-Trentino-lake-garda/', 1, 0, NULL,21, 5, 0, NULL)
2017-12-20 20:14:31.128 [main] ERROR o.h.tool.hbm2ddl.SchemaExport -
				Duplicate entry '31' for key 'PRIMARY'
2017-12-20 20:14:31.128 [main] ERROR o.h.tool.hbm2ddl.SchemaExport -
				HHH000388: Unsuccessful: INSERT INTO race (id, name, placeId, date, image, website, medicalTest, chip, chipPrice, distance, raceType, isInternal, createdById) values (32, 'Cardiff Mo', 31, DATE '2017-11-12', 'http://www.clker.com/cliparts/C/l/N/O/L/I/girl-running-two-md.png', 'https://www.mo-running.com/cardiff', 1, 0, NULL,10, 3, 0, NULL)
2017-12-20 20:14:31.128 [main] ERROR o.h.tool.hbm2ddl.SchemaExport -
				Duplicate entry '32' for key 'PRIMARY'
2017-12-20 20:14:31.128 [main] ERROR o.h.tool.hbm2ddl.SchemaExport -
				HHH000388: Unsuccessful: INSERT INTO race (id, name, placeId, date, image, website, medicalTest, chip, chipPrice, distance, raceType, isInternal, createdById) values (33, 'Rock Roll Las Vegas Marathon', 25, DATE '2017-11-12', 'http://www.clker.com/cliparts/C/l/N/O/L/I/girl-running-two-md.png', 'http://www.runrocknroll.com/las-vegas/the-races/general-info/', 1, 0, NULL,42, 4, 0, NULL)
2017-12-20 20:14:31.128 [main] ERROR o.h.tool.hbm2ddl.SchemaExport -
				Duplicate entry '33' for key 'PRIMARY'
2017-12-20 20:14:31.129 [main] ERROR o.h.tool.hbm2ddl.SchemaExport -
				HHH000388: Unsuccessful: INSERT INTO race (id, name, placeId, date, image, website, medicalTest, chip, chipPrice, distance, raceType, isInternal, createdById) values (36, 'Roll Las Vegas Half', 25, DATE '2017-11-12', 'http://www.clker.com/cliparts/C/l/N/O/L/I/girl-running-two-md.png', '', 1, 0, NULL,21, 5, 0, NULL)
2017-12-20 20:14:31.129 [main] ERROR o.h.tool.hbm2ddl.SchemaExport -
				Duplicate entry '36' for key 'PRIMARY'
2017-12-20 20:14:31.129 [main] ERROR o.h.tool.hbm2ddl.SchemaExport -
				HHH000388: Unsuccessful: INSERT INTO race (id, name, placeId, date, image, website, medicalTest, chip, chipPrice, distance, raceType, isInternal, createdById) values (37, 'Derbi De Las Aficiones', 33, DATE '2017-11-13', 'http://www.clker.com/cliparts/C/l/N/O/L/I/girl-running-two-md.png', '', 1, 0, NULL,10, 5, 0, NULL)
2017-12-20 20:14:31.129 [main] ERROR o.h.tool.hbm2ddl.SchemaExport -
				Duplicate entry '37' for key 'PRIMARY'
2017-12-20 20:14:31.130 [main] ERROR o.h.tool.hbm2ddl.SchemaExport -
				HHH000388: Unsuccessful: INSERT INTO race (id, name, placeId, date, image, website, medicalTest, chip, chipPrice, distance, raceType, isInternal, createdById) values (38, '10km De La Provence', 34, DATE '2017-11-17', 'http://www.clker.com/cliparts/C/l/N/O/L/I/girl-running-two-md.png', 'http://www.laprovence.com/10-km-de-la-provence', 1, 0, NULL,10, 4, 0, NULL)
2017-12-20 20:14:31.130 [main] ERROR o.h.tool.hbm2ddl.SchemaExport -
				Duplicate entry '38' for key 'PRIMARY'
2017-12-20 20:14:31.130 [main] ERROR o.h.tool.hbm2ddl.SchemaExport -
				HHH000388: Unsuccessful: INSERT INTO race (id, name, placeId, date, image, website, medicalTest, chip, chipPrice, distance, raceType, isInternal, createdById) values (39, 'Philadelphia Half Marathon', 35, DATE '2017-11-18', 'http://www.clker.com/cliparts/C/l/N/O/L/I/girl-running-two-md.png', 'https://philadelphiamarathon.com/races', 1, 0, NULL,21, 4, 0, NULL)
2017-12-20 20:14:31.130 [main] ERROR o.h.tool.hbm2ddl.SchemaExport -
				Duplicate entry '39' for key 'PRIMARY'
2017-12-20 20:14:31.130 [main] ERROR o.h.tool.hbm2ddl.SchemaExport -
				HHH000388: Unsuccessful: INSERT INTO race (id, name, placeId, date, image, website, medicalTest, chip, chipPrice, distance, raceType, isInternal, createdById) values (40, 'Queenstown Half Marathon', 36, DATE '2017-11-18', 'http://www.clker.com/cliparts/C/l/N/O/L/I/girl-running-two-md.png', 'http://queenstown-marathon.co.nz/', 1, 0, NULL,21, 5, 0, NULL)
2017-12-20 20:14:31.130 [main] ERROR o.h.tool.hbm2ddl.SchemaExport -
				Duplicate entry '40' for key 'PRIMARY'
2017-12-20 20:14:31.131 [main] ERROR o.h.tool.hbm2ddl.SchemaExport -
				HHH000388: Unsuccessful: INSERT INTO race (id, name, placeId, date, image, website, medicalTest, chip, chipPrice, distance, raceType, isInternal, createdById) values (41, 'Singapore International Triathlon', 37, DATE '2017-11-19', 'http://www.clker.com/cliparts/C/l/N/O/L/I/girl-running-two-md.png', '', 1, 0, NULL,5, 4, 0, NULL)
2017-12-20 20:14:31.132 [main] ERROR o.h.tool.hbm2ddl.SchemaExport -
				Duplicate entry '41' for key 'PRIMARY'
2017-12-20 20:14:31.132 [main] ERROR o.h.tool.hbm2ddl.SchemaExport -
				HHH000388: Unsuccessful: INSERT INTO race (id, name, placeId, date, image, website, medicalTest, chip, chipPrice, distance, raceType, isInternal, createdById) values (42, 'Airtel Delhi Half Marathon', 38, DATE '2017-11-19', 'http://www.clker.com/cliparts/C/l/N/O/L/I/girl-running-two-md.png', 'http://adhm.procamrunning.in/', 1, 0, NULL,21, 4, 0, NULL)
2017-12-20 20:14:31.132 [main] ERROR o.h.tool.hbm2ddl.SchemaExport -
				Duplicate entry '42' for key 'PRIMARY'
2017-12-20 20:14:31.133 [main] ERROR o.h.tool.hbm2ddl.SchemaExport -
				HHH000388: Unsuccessful: INSERT INTO race (id, name, placeId, date, image, website, medicalTest, chip, chipPrice, distance, raceType, isInternal, createdById) values (43, 'Berkeley Half Marathon', 39, DATE '2017-11-19', 'http://www.clker.com/cliparts/C/l/N/O/L/I/girl-running-two-md.png', 'https://berkeleyhalfmarathon.com/', 1, 0, NULL,21, 5, 0, NULL)
2017-12-20 20:14:31.133 [main] ERROR o.h.tool.hbm2ddl.SchemaExport -
				Duplicate entry '43' for key 'PRIMARY'
2017-12-20 20:14:31.134 [main] ERROR o.h.tool.hbm2ddl.SchemaExport -
				HHH000388: Unsuccessful: INSERT INTO race (id, name, placeId, date, image, website, medicalTest, chip, chipPrice, distance, raceType, isInternal, createdById) values (44, 'Circuito Das Estações Etapa Verão', 40, DATE '2017-11-19', 'http://www.clker.com/cliparts/C/l/N/O/L/I/girl-running-two-md.png', 'http://www.belohorizonte.mg.gov.br/evento/2017/11/circuito-das-estacoes-2017-etapa-verao', 1, 0, NULL,10, 5, 0, NULL)
2017-12-20 20:14:31.134 [main] ERROR o.h.tool.hbm2ddl.SchemaExport -
				Duplicate entry '44' for key 'PRIMARY'
2017-12-20 20:14:31.134 [main] ERROR o.h.tool.hbm2ddl.SchemaExport -
				HHH000388: Unsuccessful: INSERT INTO race (id, name, placeId, date, image, website, medicalTest, chip, chipPrice, distance, raceType, isInternal, createdById) values (45, '10k Valencia Trinidad Alfonso', 41, DATE '2017-11-19', 'http://www.clker.com/cliparts/C/l/N/O/L/I/girl-running-two-md.png', 'http://www.valenciaciudaddelrunning.com/en/events/10k-valencia-trinidad-alfonso-2/', 1, 0, NULL,10, 5, 0, NULL)
2017-12-20 20:14:31.134 [main] ERROR o.h.tool.hbm2ddl.SchemaExport -
				Duplicate entry '45' for key 'PRIMARY'
2017-12-20 20:14:31.134 [main] ERROR o.h.tool.hbm2ddl.SchemaExport -
				HHH000388: Unsuccessful: INSERT INTO race (id, name, placeId, date, image, website, medicalTest, chip, chipPrice, distance, raceType, isInternal, createdById) values (46, 'Cannock Chase Parkrun', 42, DATE '2017-11-19', 'http://www.clker.com/cliparts/C/l/N/O/L/I/girl-running-two-md.png', '', 1, 0, NULL,5, 4, 0, NULL)
2017-12-20 20:14:31.134 [main] ERROR o.h.tool.hbm2ddl.SchemaExport -
				Duplicate entry '46' for key 'PRIMARY'
2017-12-20 20:14:31.135 [main] ERROR o.h.tool.hbm2ddl.SchemaExport -
				HHH000388: Unsuccessful: INSERT INTO race (id, name, placeId, date, image, website, medicalTest, chip, chipPrice, distance, raceType, isInternal, createdById) values (47, 'Victoria Park Half Marathon', 43, DATE '2017-11-19', 'http://www.clker.com/cliparts/C/l/N/O/L/I/girl-running-two-md.png', 'http://www.runthrough.co.uk/?event=november-victoria-park-race', 1, 0, NULL,21, 3, 0, NULL)
2017-12-20 20:14:31.135 [main] ERROR o.h.tool.hbm2ddl.SchemaExport -
				Duplicate entry '47' for key 'PRIMARY'
2017-12-20 20:14:31.135 [main] ERROR o.h.tool.hbm2ddl.SchemaExport -
				HHH000388: Unsuccessful: INSERT INTO race (id, name, placeId, date, image, website, medicalTest, chip, chipPrice, distance, raceType, isInternal, createdById) values (48, 'Maratón Valencia Trinidad Alfonso', 41, DATE '2017-11-19', 'http://www.clker.com/cliparts/C/l/N/O/L/I/girl-running-two-md.png', 'https://www.valenciaciudaddelrunning.com/', 1, 0, NULL,42, 4, 0, NULL)
2017-12-20 20:14:31.135 [main] ERROR o.h.tool.hbm2ddl.SchemaExport -
				Duplicate entry '48' for key 'PRIMARY'
2017-12-20 20:14:31.136 [main] ERROR o.h.tool.hbm2ddl.SchemaExport -
				HHH000388: Unsuccessful: INSERT INTO race (id, name, placeId, date, image, website, medicalTest, chip, chipPrice, distance, raceType, isInternal, createdById) values (49, 'Semi-Marathon de Boulogne-Billancourt', 44, DATE '2017-11-19', 'http://www.clker.com/cliparts/C/l/N/O/L/I/girl-running-two-md.png', 'http://www.semi-marathonbb.fr/', 1, 0, NULL,21, 4, 0, NULL)
2017-12-20 20:14:31.136 [main] ERROR o.h.tool.hbm2ddl.SchemaExport -
				Duplicate entry '49' for key 'PRIMARY'
2017-12-20 20:14:31.136 [main] ERROR o.h.tool.hbm2ddl.SchemaExport -
				HHH000388: Unsuccessful: INSERT INTO race (id, name, placeId, date, image, website, medicalTest, chip, chipPrice, distance, raceType, isInternal, createdById) values (50, 'Conwy Half Marathon', 45, DATE '2017-11-19', 'http://www.clker.com/cliparts/C/l/N/O/L/I/girl-running-two-md.png', 'https://www.google.com/url?sa=t&rct=j&q=&esrc=s&source=web&cd=1&ved=0ahUKEwis1IyPponUAhVhjFQKHXXlAGsQFggkMAA&url=https%3A%2F%2Fwww.runwales.com%2Fevents%2Fconwy-half-marathon%2F&usg=AFQjCNHTlu1uWwkC4nkE74fI6Eu-D4DwRQ&sig2=I-FV5ftkspoHR4lZyRr86A&cad=rja', 1, 0, NULL,21, 4, 0, NULL)
2017-12-20 20:14:31.136 [main] ERROR o.h.tool.hbm2ddl.SchemaExport -
				Duplicate entry '50' for key 'PRIMARY'
2017-12-20 20:14:31.137 [main] ERROR o.h.tool.hbm2ddl.SchemaExport -
				HHH000388: Unsuccessful: INSERT INTO race (id, name, placeId, date, image, website, medicalTest, chip, chipPrice, distance, raceType, isInternal, createdById) values (51, 'Gosport Half Marathon', 46, DATE '2017-11-19', 'http://www.clker.com/cliparts/C/l/N/O/L/I/girl-running-two-md.png', 'http://gosporthalf.org/', 1, 0, NULL,21, 5, 0, NULL)
2017-12-20 20:14:31.137 [main] ERROR o.h.tool.hbm2ddl.SchemaExport -
				Duplicate entry '51' for key 'PRIMARY'
2017-12-20 20:14:31.137 [main] ERROR o.h.tool.hbm2ddl.SchemaExport -
				HHH000388: Unsuccessful: INSERT INTO race (id, name, placeId, date, image, website, medicalTest, chip, chipPrice, distance, raceType, isInternal, createdById) values (52, 'Heuvelenloop Nijmegen', 47, DATE '2017-11-19', 'http://www.clker.com/cliparts/C/l/N/O/L/I/girl-running-two-md.png', '', 1, 0, NULL,15, 4, 0, NULL)
2017-12-20 20:14:31.138 [main] ERROR o.h.tool.hbm2ddl.SchemaExport -
				Duplicate entry '52' for key 'PRIMARY'
2017-12-20 20:14:31.138 [main] ERROR o.h.tool.hbm2ddl.SchemaExport -
				HHH000388: Unsuccessful: INSERT INTO race (id, name, placeId, date, image, website, medicalTest, chip, chipPrice, distance, raceType, isInternal, createdById) values (53, 'Atlanta Thanksgiving Half', 48, DATE '2017-11-23', 'http://www.clker.com/cliparts/C/l/N/O/L/I/girl-running-two-md.png', 'https://www.atlantatrackclub.org/2017-thanksgiving-day-half-marathon-5k', 1, 0, NULL,21, 5, 0, NULL)
2017-12-20 20:14:31.138 [main] ERROR o.h.tool.hbm2ddl.SchemaExport -
				Duplicate entry '53' for key 'PRIMARY'
2017-12-20 20:14:31.138 [main] ERROR o.h.tool.hbm2ddl.SchemaExport -
				HHH000388: Unsuccessful: INSERT INTO race (id, name, placeId, date, image, website, medicalTest, chip, chipPrice, distance, raceType, isInternal, createdById) values (54, 'Silicon Valley Turkey Trot 10k', 49, DATE '2017-11-23', 'http://www.clker.com/cliparts/C/l/N/O/L/I/girl-running-two-md.png', 'http://svturkeytrot.com/', 1, 0, NULL,10, 3, 0, NULL)
2017-12-20 20:14:31.139 [main] ERROR o.h.tool.hbm2ddl.SchemaExport -
				Duplicate entry '54' for key 'PRIMARY'
2017-12-20 20:14:31.139 [main] ERROR o.h.tool.hbm2ddl.SchemaExport -
				HHH000388: Unsuccessful: INSERT INTO race (id, name, placeId, date, image, website, medicalTest, chip, chipPrice, distance, raceType, isInternal, createdById) values (55, 'Penang Bridge International Marathon', 50, DATE '2017-11-26', 'http://www.clker.com/cliparts/C/l/N/O/L/I/girl-running-two-md.png', 'http://www.penangmarathon.gov.my/portal/', 1, 0, NULL,42, 5, 0, NULL)
2017-12-20 20:14:31.139 [main] ERROR o.h.tool.hbm2ddl.SchemaExport -
				Duplicate entry '55' for key 'PRIMARY'
2017-12-20 20:14:31.139 [main] ERROR o.h.tool.hbm2ddl.SchemaExport -
				HHH000388: Unsuccessful: INSERT INTO race (id, name, placeId, date, image, website, medicalTest, chip, chipPrice, distance, raceType, isInternal, createdById) values (56, 'Rac Tough', 51, DATE '2017-11-26', 'http://www.clker.com/cliparts/C/l/N/O/L/I/girl-running-two-md.png', 'http://www.rac.co.za/', 1, 0, NULL,30, 4, 0, NULL)
2017-12-20 20:14:31.140 [main] ERROR o.h.tool.hbm2ddl.SchemaExport -
				Duplicate entry '56' for key 'PRIMARY'
2017-12-20 20:14:31.140 [main] ERROR o.h.tool.hbm2ddl.SchemaExport -
				HHH000388: Unsuccessful: INSERT INTO race (id, name, placeId, date, image, website, medicalTest, chip, chipPrice, distance, raceType, isInternal, createdById) values (57, 'Seattle Half Marathon', 52, DATE '2017-11-26', 'http://www.clker.com/cliparts/C/l/N/O/L/I/girl-running-two-md.png', 'http://www.seattlemarathon.org/', 1, 0, NULL,21, 3, 0, NULL)
2017-12-20 20:14:31.140 [main] ERROR o.h.tool.hbm2ddl.SchemaExport -
				Duplicate entry '57' for key 'PRIMARY'
2017-12-20 20:14:31.140 [main] ERROR o.h.tool.hbm2ddl.SchemaExport -
				HHH000388: Unsuccessful: INSERT INTO race (id, name, placeId, date, image, website, medicalTest, chip, chipPrice, distance, raceType, isInternal, createdById) values (58, 'Firenze Marathon', 53, DATE '2017-11-26', 'http://www.clker.com/cliparts/C/l/N/O/L/I/girl-running-two-md.png', '', 1, 0, NULL,42, 5, 0, NULL)
2017-12-20 20:14:31.141 [main] ERROR o.h.tool.hbm2ddl.SchemaExport -
				Duplicate entry '58' for key 'PRIMARY'
2017-12-20 20:14:31.141 [main] ERROR o.h.tool.hbm2ddl.SchemaExport -
				HHH000388: Unsuccessful: INSERT INTO race (id, name, placeId, date, image, website, medicalTest, chip, chipPrice, distance, raceType, isInternal, createdById) values (59, 'Madrid Activa', 33, DATE '2017-11-26', 'http://www.clker.com/cliparts/C/l/N/O/L/I/girl-running-two-md.png', '', 1, 0, NULL,10, 5, 0, NULL)
2017-12-20 20:14:31.141 [main] ERROR o.h.tool.hbm2ddl.SchemaExport -
				Duplicate entry '59' for key 'PRIMARY'
2017-12-20 20:14:31.141 [main] ERROR o.h.tool.hbm2ddl.SchemaExport -
				HHH000388: Unsuccessful: INSERT INTO race (id, name, placeId, date, image, website, medicalTest, chip, chipPrice, distance, raceType, isInternal, createdById) values (60, 'Jean Bouin 10k', 54, DATE '2017-11-26', 'http://www.clker.com/cliparts/C/l/N/O/L/I/girl-running-two-md.png', '', 1, 0, NULL,10, 3, 0, NULL)
2017-12-20 20:14:31.141 [main] ERROR o.h.tool.hbm2ddl.SchemaExport -
				Duplicate entry '60' for key 'PRIMARY'
2017-12-20 20:14:31.142 [main] ERROR o.h.tool.hbm2ddl.SchemaExport -
				HHH000388: Unsuccessful: INSERT INTO race (id, name, placeId, date, image, website, medicalTest, chip, chipPrice, distance, raceType, isInternal, createdById) values (61, '大阪マラソン', 55, DATE '2017-11-26', 'http://www.clker.com/cliparts/C/l/N/O/L/I/girl-running-two-md.png', 'http://www.osaka-marathon.com/index_en.html', 1, 0, NULL,42, 3, 0, NULL)
2017-12-20 20:14:31.142 [main] ERROR o.h.tool.hbm2ddl.SchemaExport -
				Duplicate entry '61' for key 'PRIMARY'
2017-12-20 20:14:31.142 [main] ERROR o.h.tool.hbm2ddl.SchemaExport -
				HHH000388: Unsuccessful: INSERT INTO race (id, name, placeId, date, image, website, medicalTest, chip, chipPrice, distance, raceType, isInternal, createdById) values (62, 'Marathon De La Rochelle', 56, DATE '2017-11-26', 'http://www.clker.com/cliparts/C/l/N/O/L/I/girl-running-two-md.png', 'http://www.marathondelarochelle.com/', 1, 0, NULL,42, 4, 0, NULL)
2017-12-20 20:14:31.142 [main] ERROR o.h.tool.hbm2ddl.SchemaExport -
				Duplicate entry '62' for key 'PRIMARY'
2017-12-20 20:14:31.143 [main] ERROR o.h.tool.hbm2ddl.SchemaExport -
				HHH000388: Unsuccessful: INSERT INTO race (id, name, placeId, date, image, website, medicalTest, chip, chipPrice, distance, raceType, isInternal, createdById) values (63, 'Media Maratón Córdoba', 57, DATE '2017-11-26', 'http://www.clker.com/cliparts/C/l/N/O/L/I/girl-running-two-md.png', 'http://www.mediamaratoncordoba.com/', 1, 0, NULL,21, 4, 0, NULL)
2017-12-20 20:14:31.143 [main] ERROR o.h.tool.hbm2ddl.SchemaExport -
				Duplicate entry '63' for key 'PRIMARY'
2017-12-20 20:14:31.143 [main] ERROR o.h.tool.hbm2ddl.SchemaExport -
				HHH000388: Unsuccessful: INSERT INTO race (id, name, placeId, date, image, website, medicalTest, chip, chipPrice, distance, raceType, isInternal, createdById) values (64, 'Benidorm Half Marathon', 58, DATE '2017-11-26', 'http://www.clker.com/cliparts/C/l/N/O/L/I/girl-running-two-md.png', 'https://www.myraceland.com/en/spain/benidorm-half-marathon/', 1, 0, NULL,21, 5, 0, NULL)
2017-12-20 20:14:31.143 [main] ERROR o.h.tool.hbm2ddl.SchemaExport -
				Duplicate entry '64' for key 'PRIMARY'
2017-12-20 20:14:31.143 [main] ERROR o.h.tool.hbm2ddl.SchemaExport -
				HHH000388: Unsuccessful: INSERT INTO race (id, name, placeId, date, image, website, medicalTest, chip, chipPrice, distance, raceType, isInternal, createdById) values (65, 'Race Elwood', 59, DATE '2017-11-27', 'http://www.clker.com/cliparts/C/l/N/O/L/I/girl-running-two-md.png', '', 1, 0, NULL,5, 5, 0, NULL)
2017-12-20 20:14:31.144 [main] ERROR o.h.tool.hbm2ddl.SchemaExport -
				Duplicate entry '65' for key 'PRIMARY'
2017-12-20 20:14:31.144 [main] ERROR o.h.tool.hbm2ddl.SchemaExport -
				HHH000388: Unsuccessful: INSERT INTO race (id, name, placeId, date, image, website, medicalTest, chip, chipPrice, distance, raceType, isInternal, createdById) values (67, 'Saintélyon Solo', 61, DATE '2017-12-02', 'http://www.clker.com/cliparts/C/l/N/O/L/I/girl-running-two-md.png', '', 1, 0, NULL,75, 4, 0, NULL)
2017-12-20 20:14:31.144 [main] ERROR o.h.tool.hbm2ddl.SchemaExport -
				Duplicate entry '67' for key 'PRIMARY'
2017-12-20 20:14:31.144 [main] ERROR o.h.tool.hbm2ddl.SchemaExport -
				HHH000388: Unsuccessful: INSERT INTO race (id, name, placeId, date, image, website, medicalTest, chip, chipPrice, distance, raceType, isInternal, createdById) values (68, 'Saintésprint', 62, DATE '2017-12-02', 'http://www.clker.com/cliparts/C/l/N/O/L/I/girl-running-two-md.png', 'http://www.saintelyon.com/levenement/details-des-epreuves/21km/#informations-tab-link', 1, 0, NULL,21, 3, 0, NULL)
2017-12-20 20:14:31.144 [main] ERROR o.h.tool.hbm2ddl.SchemaExport -
				Duplicate entry '68' for key 'PRIMARY'
2017-12-20 20:14:31.145 [main] ERROR o.h.tool.hbm2ddl.SchemaExport -
				HHH000388: Unsuccessful: INSERT INTO race (id, name, placeId, date, image, website, medicalTest, chip, chipPrice, distance, raceType, isInternal, createdById) values (69, 'Standard Chartered Marathon Singapore', 37, DATE '2017-12-03', 'http://www.clker.com/cliparts/C/l/N/O/L/I/girl-running-two-md.png', 'https://singaporemarathon.com/', 1, 0, NULL,42, 4, 0, NULL)
2017-12-20 20:14:31.145 [main] ERROR o.h.tool.hbm2ddl.SchemaExport -
				Duplicate entry '69' for key 'PRIMARY'
2017-12-20 20:14:31.145 [main] ERROR o.h.tool.hbm2ddl.SchemaExport -
				HHH000388: Unsuccessful: INSERT INTO race (id, name, placeId, date, image, website, medicalTest, chip, chipPrice, distance, raceType, isInternal, createdById) values (70, 'Scms Half Marathon', 37, DATE '2017-12-03', 'http://www.clker.com/cliparts/C/l/N/O/L/I/girl-running-two-md.png', 'https://singaporemarathon.com/', 1, 0, NULL,21, 3, 0, NULL)
2017-12-20 20:14:31.145 [main] ERROR o.h.tool.hbm2ddl.SchemaExport -
				Duplicate entry '70' for key 'PRIMARY'
2017-12-20 20:14:31.146 [main] ERROR o.h.tool.hbm2ddl.SchemaExport -
				HHH000388: Unsuccessful: INSERT INTO race (id, name, placeId, date, image, website, medicalTest, chip, chipPrice, distance, raceType, isInternal, createdById) values (71, 'California International Marathon', 63, DATE '2017-12-03', 'http://www.clker.com/cliparts/C/l/N/O/L/I/girl-running-two-md.png', 'http://www.runcim.org/', 1, 0, NULL,42, 5, 0, NULL)
2017-12-20 20:14:31.146 [main] ERROR o.h.tool.hbm2ddl.SchemaExport -
				Duplicate entry '71' for key 'PRIMARY'
2017-12-20 20:14:31.146 [main] ERROR o.h.tool.hbm2ddl.SchemaExport -
				HHH000388: Unsuccessful: INSERT INTO race (id, name, placeId, date, image, website, medicalTest, chip, chipPrice, distance, raceType, isInternal, createdById) values (72, 'Inclusão Toda Prova Olga Kos', 64, DATE '2017-12-03', 'http://www.clker.com/cliparts/C/l/N/O/L/I/girl-running-two-md.png', 'https://sites.minhasinscricoes.com.br/3inclusaoatodaprova', 1, 0, NULL,10, 5, 0, NULL)
2017-12-20 20:14:31.147 [main] ERROR o.h.tool.hbm2ddl.SchemaExport -
				Duplicate entry '72' for key 'PRIMARY'
2017-12-20 20:14:31.147 [main] ERROR o.h.tool.hbm2ddl.SchemaExport -
				HHH000388: Unsuccessful: INSERT INTO race (id, name, placeId, date, image, website, medicalTest, chip, chipPrice, distance, raceType, isInternal, createdById) values (73, 'Xviii Volta Internacional Da Pampulha', 40, DATE '2017-12-03', 'http://www.clker.com/cliparts/C/l/N/O/L/I/girl-running-two-md.png', '', 1, 0, NULL,16, 5, 0, NULL)
2017-12-20 20:14:31.147 [main] ERROR o.h.tool.hbm2ddl.SchemaExport -
				Duplicate entry '73' for key 'PRIMARY'
2017-12-20 20:14:31.148 [main] ERROR o.h.tool.hbm2ddl.SchemaExport -
				HHH000388: Unsuccessful: INSERT INTO race (id, name, placeId, date, image, website, medicalTest, chip, chipPrice, distance, raceType, isInternal, createdById) values (74, 'Percy Pud', 65, DATE '2017-12-03', 'http://www.clker.com/cliparts/C/l/N/O/L/I/girl-running-two-md.png', '', 1, 0, NULL,10, 4, 0, NULL)
2017-12-20 20:14:31.148 [main] ERROR o.h.tool.hbm2ddl.SchemaExport -
				Duplicate entry '74' for key 'PRIMARY'
2017-12-20 20:14:31.148 [main] ERROR o.h.tool.hbm2ddl.SchemaExport -
				HHH000388: Unsuccessful: INSERT INTO race (id, name, placeId, date, image, website, medicalTest, chip, chipPrice, distance, raceType, isInternal, createdById) values (75, 'Meia Maratona Descobrimentos', 66, DATE '2017-12-03', 'http://www.clker.com/cliparts/C/l/N/O/L/I/girl-running-two-md.png', 'http://www.meiamaratonadosdescobrimentos.com/', 1, 0, NULL,21, 5, 0, NULL)
2017-12-20 20:14:31.148 [main] ERROR o.h.tool.hbm2ddl.SchemaExport -
				Duplicate entry '75' for key 'PRIMARY'
2017-12-20 20:14:31.149 [main] ERROR o.h.tool.hbm2ddl.SchemaExport -
				HHH000388: Unsuccessful: INSERT INTO race (id, name, placeId, date, image, website, medicalTest, chip, chipPrice, distance, raceType, isInternal, createdById) values (76, 'Urban Trail Mechelen', 67, DATE '2017-12-09', 'http://www.clker.com/cliparts/C/l/N/O/L/I/girl-running-two-md.png', 'http://www.sport.be/antwerpurbantrail/2017/nl/#', 1, 0, NULL,10, 3, 0, NULL)
2017-12-20 20:14:31.149 [main] ERROR o.h.tool.hbm2ddl.SchemaExport -
				Duplicate entry '76' for key 'PRIMARY'
2017-12-20 20:14:31.149 [main] ERROR o.h.tool.hbm2ddl.SchemaExport -
				HHH000388: Unsuccessful: INSERT INTO race (id, name, placeId, date, image, website, medicalTest, chip, chipPrice, distance, raceType, isInternal, createdById) values (77, 'Honolulu Marathon', 68, DATE '2017-12-10', 'http://www.clker.com/cliparts/C/l/N/O/L/I/girl-running-two-md.png', 'http://www.honolulumarathon.org/?gclid=CjwKEAjwgZrJBRDS38GH1Kv_vGYSJAD8j4DfdhSP9qENveEas_W9c_5bSMQ19RzjXFBe4oZEZ1ncLhoCOnzw_wcB', 1, 0, NULL,42, 3, 0, NULL)
2017-12-20 20:14:31.149 [main] ERROR o.h.tool.hbm2ddl.SchemaExport -
				Duplicate entry '77' for key 'PRIMARY'
2017-12-20 20:14:31.149 [main] ERROR o.h.tool.hbm2ddl.SchemaExport -
				HHH000388: Unsuccessful: INSERT INTO race (id, name, placeId, date, image, website, medicalTest, chip, chipPrice, distance, raceType, isInternal, createdById) values (78, 'Dallas Marathon', 69, DATE '2017-12-10', 'http://www.clker.com/cliparts/C/l/N/O/L/I/girl-running-two-md.png', 'https://www.bmwdallasmarathon.com/', 1, 0, NULL,42, 5, 0, NULL)
2017-12-20 20:14:31.150 [main] ERROR o.h.tool.hbm2ddl.SchemaExport -
				Duplicate entry '78' for key 'PRIMARY'
2017-12-20 20:14:31.150 [main] ERROR o.h.tool.hbm2ddl.SchemaExport -
				HHH000388: Unsuccessful: INSERT INTO race (id, name, placeId, date, image, website, medicalTest, chip, chipPrice, distance, raceType, isInternal, createdById) values (79, 'Grande Prémio De Natal Edp', 66, DATE '2017-12-10', 'http://www.clker.com/cliparts/C/l/N/O/L/I/girl-running-two-md.png', '', 1, 0, NULL,10, 4, 0, NULL)
2017-12-20 20:14:31.150 [main] ERROR o.h.tool.hbm2ddl.SchemaExport -
				Duplicate entry '79' for key 'PRIMARY'
2017-12-20 20:14:31.151 [main] ERROR o.h.tool.hbm2ddl.SchemaExport -
				HHH000388: Unsuccessful: INSERT INTO race (id, name, placeId, date, image, website, medicalTest, chip, chipPrice, distance, raceType, isInternal, createdById) values (80, 'Mk Winter Half Marathon', 70, DATE '2017-12-10', 'http://www.clker.com/cliparts/C/l/N/O/L/I/girl-running-two-md.png', 'http://fqevents.co.uk/mkwh2017', 1, 0, NULL,21, 4, 0, NULL)
2017-12-20 20:14:31.151 [main] ERROR o.h.tool.hbm2ddl.SchemaExport -
				Duplicate entry '80' for key 'PRIMARY'
2017-12-20 20:14:31.151 [main] ERROR o.h.tool.hbm2ddl.SchemaExport -
				HHH000388: Unsuccessful: INSERT INTO race (id, name, placeId, date, image, website, medicalTest, chip, chipPrice, distance, raceType, isInternal, createdById) values (81, 'Keyworth Turkey Trot', 71, DATE '2017-12-10', 'http://www.clker.com/cliparts/C/l/N/O/L/I/girl-running-two-md.png', 'https://www.turkeytrot.org.uk/', 1, 0, NULL,21, 5, 0, NULL)
2017-12-20 20:14:31.151 [main] ERROR o.h.tool.hbm2ddl.SchemaExport -
				Duplicate entry '81' for key 'PRIMARY'
2017-12-20 20:14:31.152 [main] ERROR o.h.tool.hbm2ddl.SchemaExport -
				HHH000388: Unsuccessful: INSERT INTO race (id, name, placeId, date, image, website, medicalTest, chip, chipPrice, distance, raceType, isInternal, createdById) values (82, 'Baneasa Winter Trail', 72, DATE '2017-12-10', 'http://www.clker.com/cliparts/C/l/N/O/L/I/girl-running-two-md.png', 'http://baneasatrailrun.ro/winter-trail-run-2/', 1, 0, NULL,10, 5, 0, NULL)
2017-12-20 20:14:31.152 [main] ERROR o.h.tool.hbm2ddl.SchemaExport -
				Duplicate entry '82' for key 'PRIMARY'
2017-12-20 20:14:31.152 [main] ERROR o.h.tool.hbm2ddl.SchemaExport -
				HHH000388: Unsuccessful: INSERT INTO race (id, name, placeId, date, image, website, medicalTest, chip, chipPrice, distance, raceType, isInternal, createdById) values (83, 'Dsw Bruggenloop', 73, DATE '2017-12-10', 'http://www.clker.com/cliparts/C/l/N/O/L/I/girl-running-two-md.png', '', 1, 0, NULL,15, 4, 0, NULL)
2017-12-20 20:14:31.152 [main] ERROR o.h.tool.hbm2ddl.SchemaExport -
				Duplicate entry '83' for key 'PRIMARY'
2017-12-20 20:14:31.153 [main] ERROR o.h.tool.hbm2ddl.SchemaExport -
				HHH000388: Unsuccessful: INSERT INTO race (id, name, placeId, date, image, website, medicalTest, chip, chipPrice, distance, raceType, isInternal, createdById) values (84, 'San Diego Holiday Half', 74, DATE '2017-12-16', 'http://www.clker.com/cliparts/C/l/N/O/L/I/girl-running-two-md.png', 'https://www.sandiegoholidayhalf.com/', 1, 0, NULL,21, 4, 0, NULL)
2017-12-20 20:14:31.153 [main] ERROR o.h.tool.hbm2ddl.SchemaExport -
				Duplicate entry '84' for key 'PRIMARY'
2017-12-20 20:14:31.153 [main] ERROR o.h.tool.hbm2ddl.SchemaExport -
				HHH000388: Unsuccessful: INSERT INTO race (id, name, placeId, date, image, website, medicalTest, chip, chipPrice, distance, raceType, isInternal, createdById) values (85, 'Bangsaen21 Half Marathon', 75, DATE '2017-12-17', 'http://www.clker.com/cliparts/C/l/N/O/L/I/girl-running-two-md.png', '', 1, 0, NULL,21, 5, 0, NULL)
2017-12-20 20:14:31.153 [main] ERROR o.h.tool.hbm2ddl.SchemaExport -
				Duplicate entry '85' for key 'PRIMARY'
2017-12-20 20:14:31.153 [main] ERROR o.h.tool.hbm2ddl.SchemaExport -
				HHH000388: Unsuccessful: INSERT INTO race (id, name, placeId, date, image, website, medicalTest, chip, chipPrice, distance, raceType, isInternal, createdById) values (86, 'Circuito Das Estações Verão', 64, DATE '2017-12-17', 'http://www.clker.com/cliparts/C/l/N/O/L/I/girl-running-two-md.png', 'https://www.strava.com/running-races/circuitodasestacoes.ativo.com/', 1, 0, NULL,5, 4, 0, NULL)
2017-12-20 20:14:31.154 [main] ERROR o.h.tool.hbm2ddl.SchemaExport -
				Duplicate entry '86' for key 'PRIMARY'
2017-12-20 20:14:31.154 [main] ERROR o.h.tool.hbm2ddl.SchemaExport -
				HHH000388: Unsuccessful: INSERT INTO race (id, name, placeId, date, image, website, medicalTest, chip, chipPrice, distance, raceType, isInternal, createdById) values (87, '台北馬拉松', 76, DATE '2017-12-17', 'http://www.clker.com/cliparts/C/l/N/O/L/I/girl-running-two-md.png', 'http://www.taipeicitymarathon.com/about/history', 1, 0, NULL,21, 5, 0, NULL)
2017-12-20 20:14:31.154 [main] ERROR o.h.tool.hbm2ddl.SchemaExport -
				Duplicate entry '87' for key 'PRIMARY'
2017-12-20 20:14:31.154 [main] ERROR o.h.tool.hbm2ddl.SchemaExport -
				HHH000388: Unsuccessful: INSERT INTO race (id, name, placeId, date, image, website, medicalTest, chip, chipPrice, distance, raceType, isInternal, createdById) values (88, 'Carrera De Las Empresas Madrid', 33, DATE '2017-12-17', 'http://www.clker.com/cliparts/C/l/N/O/L/I/girl-running-two-md.png', 'http://www.carreradelasempresas.com/', 1, 0, NULL,10, 3, 0, NULL)
2017-12-20 20:14:31.154 [main] ERROR o.h.tool.hbm2ddl.SchemaExport -
				Duplicate entry '88' for key 'PRIMARY'
2017-12-20 20:14:31.154 [main] ERROR o.h.tool.hbm2ddl.SchemaExport -
				HHH000388: Unsuccessful: INSERT INTO race (id, name, placeId, date, image, website, medicalTest, chip, chipPrice, distance, raceType, isInternal, createdById) values (89, 'Portsmouth Coastal Waterside Marathon', 77, DATE '2017-12-17', 'http://www.clker.com/cliparts/C/l/N/O/L/I/girl-running-two-md.png', 'http://www.fitprorob.biz/portsmouth-coastal-waterside-marathon-2015/', 1, 0, NULL,42, 5, 0, NULL)
2017-12-20 20:14:31.155 [main] ERROR o.h.tool.hbm2ddl.SchemaExport -
				Duplicate entry '89' for key 'PRIMARY'
2017-12-20 20:14:31.155 [main] ERROR o.h.tool.hbm2ddl.SchemaExport -
				HHH000388: Unsuccessful: INSERT INTO race (id, name, placeId, date, image, website, medicalTest, chip, chipPrice, distance, raceType, isInternal, createdById) values (90, 'Weston Christmas Cracker', 78, DATE '2017-12-17', 'http://www.clker.com/cliparts/C/l/N/O/L/I/girl-running-two-md.png', 'https://en-gb.facebook.com/events/236580020102313/', 1, 0, NULL,10, 5, 0, NULL)
2017-12-20 20:14:31.155 [main] ERROR o.h.tool.hbm2ddl.SchemaExport -
				Duplicate entry '90' for key 'PRIMARY'
2017-12-20 20:14:31.155 [main] ERROR o.h.tool.hbm2ddl.SchemaExport -
				HHH000388: Unsuccessful: INSERT INTO race (id, name, placeId, date, image, website, medicalTest, chip, chipPrice, distance, raceType, isInternal, createdById) values (92, 'Xxxiii Carrera Popular Villa De Aranjuez', 80, DATE '2017-12-17', 'http://www.clker.com/cliparts/C/l/N/O/L/I/girl-running-two-md.png', 'http://www.carrerapopulararanjuez.com/', 1, 0, NULL,10, 5, 0, NULL)
2017-12-20 20:14:31.155 [main] ERROR o.h.tool.hbm2ddl.SchemaExport -
				Duplicate entry '92' for key 'PRIMARY'
2017-12-20 20:14:31.156 [main] ERROR o.h.tool.hbm2ddl.SchemaExport -
				HHH000388: Unsuccessful: INSERT INTO race (id, name, placeId, date, image, website, medicalTest, chip, chipPrice, distance, raceType, isInternal, createdById) values (93, 'São Silvestre Porto', 81, DATE '2017-12-17', 'http://www.clker.com/cliparts/C/l/N/O/L/I/girl-running-two-md.png', '', 1, 0, NULL,10, 5, 0, NULL)
2017-12-20 20:14:31.156 [main] ERROR o.h.tool.hbm2ddl.SchemaExport -
				Duplicate entry '93' for key 'PRIMARY'
2017-12-20 20:14:31.156 [main] ERROR o.h.tool.hbm2ddl.SchemaExport -
				HHH000388: Unsuccessful: INSERT INTO race (id, name, placeId, date, image, website, medicalTest, chip, chipPrice, distance, raceType, isInternal, createdById) values (94, 'Chiang Mai Marathon', 82, DATE '2017-12-24', 'http://www.clker.com/cliparts/C/l/N/O/L/I/girl-running-two-md.png', 'http://www.chiangmaimarathon.com/', 1, 0, NULL,10, 5, 0, NULL)
2017-12-20 20:14:31.156 [main] ERROR o.h.tool.hbm2ddl.SchemaExport -
				Duplicate entry '94' for key 'PRIMARY'
2017-12-20 20:14:31.156 [main] ERROR o.h.tool.hbm2ddl.SchemaExport -
				HHH000388: Unsuccessful: INSERT INTO race (id, name, placeId, date, image, website, medicalTest, chip, chipPrice, distance, raceType, isInternal, createdById) values (95, 'Corrida Internacional De São Silvestre', 64, DATE '2017-12-31', 'http://www.clker.com/cliparts/C/l/N/O/L/I/girl-running-two-md.png', '', 1, 0, NULL,16, 5, 0, NULL)
2017-12-20 20:14:31.156 [main] ERROR o.h.tool.hbm2ddl.SchemaExport -
				Duplicate entry '95' for key 'PRIMARY'
2017-12-20 20:14:31.156 [main] ERROR o.h.tool.hbm2ddl.SchemaExport -
				HHH000388: Unsuccessful: INSERT INTO race (id, name, placeId, date, image, website, medicalTest, chip, chipPrice, distance, raceType, isInternal, createdById) values (96, 'Ribble Valley 10k', 83, DATE '2017-12-31', 'http://www.clker.com/cliparts/C/l/N/O/L/I/girl-running-two-md.png', 'http://www.ribblevalley10k.com/', 1, 0, NULL,10, 5, 0, NULL)
2017-12-20 20:14:31.157 [main] ERROR o.h.tool.hbm2ddl.SchemaExport -
				Duplicate entry '96' for key 'PRIMARY'
2017-12-20 20:14:31.157 [main] ERROR o.h.tool.hbm2ddl.SchemaExport -
				HHH000388: Unsuccessful: INSERT INTO race (id, name, placeId, date, image, website, medicalTest, chip, chipPrice, distance, raceType, isInternal, createdById) values (97, 'São Silvestre Lisboa', 66, DATE '2017-12-31', 'http://www.clker.com/cliparts/C/l/N/O/L/I/girl-running-two-md.png', '', 1, 0, NULL,10, 5, 0, NULL)
2017-12-20 20:14:31.157 [main] ERROR o.h.tool.hbm2ddl.SchemaExport -
				Duplicate entry '97' for key 'PRIMARY'
2017-12-20 20:14:31.157 [main] ERROR o.h.tool.hbm2ddl.SchemaExport -
				HHH000388: Unsuccessful: INSERT INTO race (id, name, placeId, date, image, website, medicalTest, chip, chipPrice, distance, raceType, isInternal, createdById) values (98, 'Corrida Leuven', 84, DATE '2017-12-31', 'http://www.clker.com/cliparts/C/l/N/O/L/I/girl-running-two-md.png', 'http://corrida.dcla.be/nl/nieuws.php', 1, 0, NULL,12, 5, 0, NULL)
2017-12-20 20:14:31.157 [main] ERROR o.h.tool.hbm2ddl.SchemaExport -
				Duplicate entry '98' for key 'PRIMARY'
2017-12-20 20:14:31.157 [main] ERROR o.h.tool.hbm2ddl.SchemaExport -
				HHH000388: Unsuccessful: INSERT INTO race (id, name, placeId, date, image, website, medicalTest, chip, chipPrice, distance, raceType, isInternal, createdById) values (99, 'Corrida De Houilles', 85, DATE '2017-12-31', 'http://www.clker.com/cliparts/C/l/N/O/L/I/girl-running-two-md.png', 'http://www.corrida-houilles.fr/', 1, 0, NULL,10, 5, 0, NULL)
2017-12-20 20:14:31.157 [main] ERROR o.h.tool.hbm2ddl.SchemaExport -
				Duplicate entry '99' for key 'PRIMARY'
2017-12-20 20:14:31.158 [main] ERROR o.h.tool.hbm2ddl.SchemaExport -
				HHH000388: Unsuccessful: INSERT INTO race (id, name, placeId, date, image, website, medicalTest, chip, chipPrice, distance, raceType, isInternal, createdById) values (100, 'Vallecana 2017', 33, DATE '2017-12-31', 'http://www.clker.com/cliparts/C/l/N/O/L/I/girl-running-two-md.png', '', 1, 0, NULL,10, 5, 0, NULL)
2017-12-20 20:14:31.158 [main] ERROR o.h.tool.hbm2ddl.SchemaExport -
				Duplicate entry '100' for key 'PRIMARY'
2017-12-20 20:14:31.158 [main] ERROR o.h.tool.hbm2ddl.SchemaExport -
				HHH000388: Unsuccessful: INSERT INTO race (id, name, placeId, date, image, website, medicalTest, chip, chipPrice, distance, raceType, isInternal, createdById) values (101, 'Cursa Dels Nassos', 54, DATE '2017-12-31', 'http://www.clker.com/cliparts/C/l/N/O/L/I/girl-running-two-md.png', '', 1, 0, NULL,10, 3, 0, NULL)
2017-12-20 20:14:31.158 [main] ERROR o.h.tool.hbm2ddl.SchemaExport -
				Duplicate entry '101' for key 'PRIMARY'
2017-12-20 20:14:31.158 [main] ERROR o.h.tool.hbm2ddl.SchemaExport -
				HHH000388: Unsuccessful: insert into race (id, name, placeId, date, image, website, medicalTest, chip, chipPrice, distance, raceType, isInternal, createdById) values (1001, 'Carrera de la Mujer XVII', 3000, DATE '2017-10-29', 'http://www.carreradelamujer.com/img/index/logo-carrera-mujer-index2.svg', 'http://www.carreradelamujer.com/coruna', 0, 1, 2, 6000, 4, false, NULL)
2017-12-20 20:14:31.158 [main] ERROR o.h.tool.hbm2ddl.SchemaExport -
				Duplicate entry '1001' for key 'PRIMARY'
2017-12-20 20:14:31.159 [main] ERROR o.h.tool.hbm2ddl.SchemaExport -
				HHH000388: Unsuccessful: insert into race (id, name, placeId, date, image, website, medicalTest, chip, chipPrice, distance, raceType, isInternal, createdById) values (1002, 'Ponle Freno de Antena 3', 33, DATE '2017-11-05', 'http://compromiso.atresmedia.com/public/img/verticales/carreras/carreras.svg', 'http://compromiso.atresmedia.com/ponlefreno/carreras-ponle-freno/2017/', 0, 1, 4, 10000, 4, false, NULL)
2017-12-20 20:14:31.159 [main] ERROR o.h.tool.hbm2ddl.SchemaExport -
				Duplicate entry '1002' for key 'PRIMARY'
2017-12-20 20:14:31.159 [main] ERROR o.h.tool.hbm2ddl.SchemaExport -
				HHH000388: Unsuccessful: insert into race (id, name, placeId, date, image, website, medicalTest, chip, chipPrice, distance, raceType, isInternal, createdById) values (1003, 'Maratón Atlántica', 3000, DATE '2017-11-15', 'http://1.bp.blogspot.com/-Frdii3I0Wk0/U1dtoi5quWI/AAAAAAAAFO0/aYb8IBwYOxA/s1600/C42_50x50cm.png', 'http://www.coruña.es/servlet/Satellite?c=Page&cid=1327566537952&pagename=Carreras%2FPage%2FGenerico-Page-Generica', 1, 1, 6, 42195, 2, false, NULL)
2017-12-20 20:14:31.159 [main] ERROR o.h.tool.hbm2ddl.SchemaExport -
				Duplicate entry '1003' for key 'PRIMARY'
2017-12-20 20:14:31.159 [main] ERROR o.h.tool.hbm2ddl.SchemaExport -
				HHH000388: Unsuccessful: insert into race (id, name, placeId, date, image, website, medicalTest, chip, chipPrice, distance, raceType, isInternal, createdById) values (1004, 'Maratón de Nueva York', 3002, DATE '2017-11-25', 'https://pbs.twimg.com/profile_images/568497655488053248/IFUVzI0I.png', 'http://www.tcsnycmarathon.org/', 1, 0, NULL, 42195, 2, false, NULL)
2017-12-20 20:14:31.159 [main] ERROR o.h.tool.hbm2ddl.SchemaExport -
				Duplicate entry '1004' for key 'PRIMARY'
2017-12-20 20:14:31.160 [main] ERROR o.h.tool.hbm2ddl.SchemaExport -
				HHH000388: Unsuccessful: insert into race (id, name, placeId, date, image, website, medicalTest, chip, chipPrice, distance, raceType, isInternal, createdById) values (1005, 'Carrera Popular Solidaria', 3003, DATE '2017-10-12', 'http://acambibizkaia.org/images/apuntateAqui', 'http://acambibizkaia.org/', 0, 1, 2, 21097, 4, true, 2)
2017-12-20 20:14:31.160 [main] ERROR o.h.tool.hbm2ddl.SchemaExport -
				Duplicate entry '1005' for key 'PRIMARY'
2017-12-20 20:14:31.160 [main] ERROR o.h.tool.hbm2ddl.SchemaExport -
				HHH000388: Unsuccessful: insert into race (id, name, placeId, date, image, website, medicalTest, chip, chipPrice, distance, raceType, isInternal, createdById) values (1006, 'Triatlón la semana que viene', 54, DATE '2017-10-21', 'http://www.barcelona-triathlon.com/img/logos/logo-barcelona-triathlon-home.svg', 'http://www.barcelona-triathlon.com/', 0, 1, 3, 51500, 1, false, NULL)
2017-12-20 20:14:31.160 [main] ERROR o.h.tool.hbm2ddl.SchemaExport -
				Duplicate entry '1006' for key 'PRIMARY'
2017-12-20 20:14:31.160 [main] ERROR o.h.tool.hbm2ddl.SchemaExport -
				HHH000388: Unsuccessful: insert into race (id, name, placeId, date, image, website, medicalTest, chip, chipPrice, distance, raceType, isInternal, createdById) values (1007, 'A carreira dos veciños de Longoseiros', 3005, DATE '2017-11-11', 'http://www.joblo.com/newsimages1/raceban.jpg', 'http://www.carreira-longoseiros.org/', 0, 0, NULL, 42195, 2, false, NULL)
2017-12-20 20:14:31.160 [main] ERROR o.h.tool.hbm2ddl.SchemaExport -
				Duplicate entry '1007' for key 'PRIMARY'
2017-12-20 20:14:31.160 [main] ERROR o.h.tool.hbm2ddl.SchemaExport -
				HHH000388: Unsuccessful: insert into race (id, name, placeId, date, image, website, medicalTest, chip, chipPrice, distance, raceType, isInternal, createdById) values (1008, 'Media maratón en bilbao 2017', 3003, DATE '2017-09-27', 'http://acambibizkaia.org/images/apuntateAqui','http://acambibizkaia.org/', 0, 1, 2, 21097, 4, true, 2)
2017-12-20 20:14:31.160 [main] ERROR o.h.tool.hbm2ddl.SchemaExport -
				Duplicate entry '1008' for key 'PRIMARY'
2017-12-20 20:14:31.161 [main] ERROR o.h.tool.hbm2ddl.SchemaExport -
				HHH000388: Unsuccessful: insert into race (id, name, placeId, date, image, website, medicalTest, chip, chipPrice, distance, raceType, isInternal, createdById) values (1009, 'Carrera interna de festis', 3000, DATE '2017-12-12', 'https://festis.es/wp-content/uploads/2016/08/cropped-cropped-cropped-agua-negro-1-1-e1472125120868-1.png','https://festis.es/', 0, 1, 2, 21097, 4, true, 2)
2017-12-20 20:14:31.161 [main] ERROR o.h.tool.hbm2ddl.SchemaExport -
				Duplicate entry '1009' for key 'PRIMARY'
2017-12-20 20:14:31.161 [main] ERROR o.h.tool.hbm2ddl.SchemaExport -
				HHH000388: Unsuccessful: insert into race (id, name, placeId, date, image, website, medicalTest, chip, chipPrice, distance, raceType, isInternal, createdById) values (1010, 'Segunda carrera interna de festis', 3000, DATE '2018-01-19', 'https://festis.es/wp-content/uploads/2016/08/cropped-cropped-cropped-agua-negro-1-1-e1472125120868-1.png','https://festis.es/', 0, 1, 2, 21097, 4, true, 2)
2017-12-20 20:14:31.161 [main] ERROR o.h.tool.hbm2ddl.SchemaExport -
				Duplicate entry '1010' for key 'PRIMARY'
2017-12-20 20:14:31.934 [main] INFO  o.h.tool.hbm2ddl.SchemaExport -
				HHH000230: Schema export complete
2017-12-20 20:14:32.081 [main] INFO  o.s.o.j.LocalContainerEntityManagerFactoryBean -
				Initialized JPA EntityManagerFactory for persistence unit 'default'
2017-12-20 20:14:33.910 [main] INFO  o.h.h.i.QueryTranslatorFactoryInitiator -
				HHH000397: Using ASTQueryTranslatorFactory
2017-12-20 20:14:36.618 [main] INFO  o.s.s.w.DefaultSecurityFilterChain -
				Creating filter chain: org.springframework.security.web.util.matcher.AnyRequestMatcher@1, [org.springframework.security.web.context.request.async.WebAsyncManagerIntegrationFilter@562eb81c, org.springframework.security.web.context.SecurityContextPersistenceFilter@206b07bc, org.springframework.security.web.header.HeaderWriterFilter@60359c7a, org.springframework.security.web.authentication.logout.LogoutFilter@3bd20db4, org.springframework.security.web.authentication.UsernamePasswordAuthenticationFilter@1e36a697, org.springframework.security.web.savedrequest.RequestCacheAwareFilter@38142c21, org.springframework.security.web.servletapi.SecurityContextHolderAwareRequestFilter@333b1ab2, org.springframework.security.web.authentication.rememberme.RememberMeAuthenticationFilter@6c6dd535, org.springframework.security.web.authentication.AnonymousAuthenticationFilter@4f3d1a03, org.springframework.security.web.session.SessionManagementFilter@2c7ee7a2, org.springframework.security.web.access.ExceptionTranslationFilter@450d8bae, org.springframework.security.web.access.intercept.FilterSecurityInterceptor@2a47fa3e]
2017-12-20 20:14:36.628 [main] INFO  o.s.s.w.DefaultSecurityFilterChain -
				Creating filter chain: org.springframework.security.web.util.matcher.AnyRequestMatcher@1, [org.springframework.security.web.context.request.async.WebAsyncManagerIntegrationFilter@58580600, org.springframework.security.web.context.SecurityContextPersistenceFilter@41899423, org.springframework.security.web.header.HeaderWriterFilter@54d724cb, org.springframework.security.web.authentication.logout.LogoutFilter@bd249fe, org.springframework.security.web.authentication.UsernamePasswordAuthenticationFilter@222fad7d, org.springframework.security.web.savedrequest.RequestCacheAwareFilter@1f5d294, org.springframework.security.web.servletapi.SecurityContextHolderAwareRequestFilter@6c694f1d, org.springframework.security.web.authentication.rememberme.RememberMeAuthenticationFilter@1011a38, org.springframework.security.web.authentication.AnonymousAuthenticationFilter@6de2cb84, org.springframework.security.web.session.SessionManagementFilter@6ba18fa9, org.springframework.security.web.access.ExceptionTranslationFilter@1a2b42e4, org.springframework.security.web.access.intercept.FilterSecurityInterceptor@1ac5f946]
2017-12-20 20:14:37.216 [main] INFO  o.s.w.s.m.m.a.RequestMappingHandlerMapping -
				Mapped "{[/account/{id}],methods=[GET]}" onto public es.udc.fi.dc.fd.account.Account es.udc.fi.dc.fd.account.AccountController.account(java.lang.Long)
2017-12-20 20:14:37.218 [main] INFO  o.s.w.s.m.m.a.RequestMappingHandlerMapping -
				Mapped "{[/account/current],methods=[GET]}" onto public es.udc.fi.dc.fd.account.Account es.udc.fi.dc.fd.account.AccountController.currentAccount(java.security.Principal)
2017-12-20 20:14:37.219 [main] INFO  o.s.w.s.m.m.a.RequestMappingHandlerMapping -
				Mapped "{[/account/{id}/follow],methods=[GET]}" onto public int es.udc.fi.dc.fd.account.AccountController.followUser(java.security.Principal,java.lang.Long)
2017-12-20 20:14:37.219 [main] INFO  o.s.w.s.m.m.a.RequestMappingHandlerMapping -
				Mapped "{[/account/{id}/answerrequest/{accept}],methods=[GET]}" onto public int es.udc.fi.dc.fd.account.AccountController.answerRequest(java.security.Principal,java.lang.Long,boolean)
2017-12-20 20:14:37.219 [main] INFO  o.s.w.s.m.m.a.RequestMappingHandlerMapping -
				Mapped "{[/myprofile/{change}],methods=[GET]}" onto public void es.udc.fi.dc.fd.account.AccountController.changePrivacy(java.security.Principal,boolean)
2017-12-20 20:14:37.221 [main] INFO  o.s.w.s.m.m.a.RequestMappingHandlerMapping -
				Mapped "{[/timeline],methods=[GET]}" onto public java.lang.String es.udc.fi.dc.fd.activity.ActivityController.timeline(java.security.Principal,org.springframework.ui.Model,java.lang.Long,int)
2017-12-20 20:14:37.221 [main] INFO  o.s.w.s.m.m.a.RequestMappingHandlerMapping -
				Mapped "{[/feed],methods=[GET]}" onto public java.lang.String es.udc.fi.dc.fd.activity.ActivityController.feed(java.security.Principal,org.springframework.ui.Model,int)
2017-12-20 20:14:37.222 [main] INFO  o.s.w.s.m.m.a.RequestMappingHandlerMapping -
				Mapped "{[/attend],methods=[GET]}" onto public java.lang.String es.udc.fi.dc.fd.attendance.AttendanceController.attendToRace(java.security.Principal,org.springframework.ui.Model,java.lang.Long)
2017-12-20 20:14:37.224 [main] INFO  o.s.w.s.m.m.a.RequestMappingHandlerMapping -
				Mapped "{[/favicon.ico]}" onto java.lang.String es.udc.fi.dc.fd.config.WebMvcConfig$FaviconController.favicon()
2017-12-20 20:14:37.227 [main] INFO  o.s.w.s.m.m.a.RequestMappingHandlerMapping -
				Mapped "{[/payrace],methods=[POST]}" onto public java.lang.String es.udc.fi.dc.fd.enrollment.EnrollmentController.payRace(java.security.Principal,java.lang.Long,java.lang.Boolean) throws es.udc.fi.dc.fd.enrollment.exceptions.NotPossiblePayException
2017-12-20 20:14:37.229 [main] INFO  o.s.w.s.m.m.a.RequestMappingHandlerMapping -
				Mapped "{[/enroll],methods=[GET]}" onto public java.lang.String es.udc.fi.dc.fd.enrollment.EnrollmentController.enrollToRace(java.security.Principal,org.springframework.ui.Model,java.lang.Long)
2017-12-20 20:14:37.230 [main] INFO  o.s.w.s.m.m.a.RequestMappingHandlerMapping -
				Mapped "{[/payments],methods=[GET]}" onto public java.lang.String es.udc.fi.dc.fd.enrollment.EnrollmentController.payments(java.security.Principal,org.springframework.ui.Model,int)
2017-12-20 20:14:37.230 [main] INFO  o.s.w.s.m.m.a.RequestMappingHandlerMapping -
				Mapped "{[/generalError],methods=[GET]}" onto public java.lang.String es.udc.fi.dc.fd.error.CustomErrorController.generalError(javax.servlet.http.HttpServletRequest,javax.servlet.http.HttpServletResponse,org.springframework.ui.Model)
2017-12-20 20:14:37.234 [main] INFO  o.s.w.s.m.m.a.RequestMappingHandlerMapping -
				Mapped "{[/accounts],methods=[GET]}" onto public java.lang.String es.udc.fi.dc.fd.follow.FollowController.accounts(java.security.Principal,org.springframework.ui.Model,java.lang.String,int)
2017-12-20 20:14:37.235 [main] INFO  o.s.w.s.m.m.a.RequestMappingHandlerMapping -
				Mapped "{[/profile],methods=[GET]}" onto public java.lang.String es.udc.fi.dc.fd.follow.FollowController.accounts(java.security.Principal,org.springframework.ui.Model,java.lang.Long,int)
2017-12-20 20:14:37.235 [main] INFO  o.s.w.s.m.m.a.RequestMappingHandlerMapping -
				Mapped "{[/requests],methods=[GET]}" onto public java.lang.String es.udc.fi.dc.fd.follow.FollowController.followrequests(java.security.Principal,org.springframework.ui.Model,int)
2017-12-20 20:14:37.235 [main] INFO  o.s.w.s.m.m.a.RequestMappingHandlerMapping -
				Mapped "{[/following],methods=[GET]}" onto public java.lang.String es.udc.fi.dc.fd.follow.FollowController.following(java.security.Principal,org.springframework.ui.Model,int)
2017-12-20 20:14:37.236 [main] INFO  o.s.w.s.m.m.a.RequestMappingHandlerMapping -
				Mapped "{[/follow],methods=[GET]}" onto java.lang.String es.udc.fi.dc.fd.follow.FollowController.profile()
2017-12-20 20:14:37.236 [main] INFO  o.s.w.s.m.m.a.RequestMappingHandlerMapping -
				Mapped "{[/about],methods=[GET]}" onto java.lang.String es.udc.fi.dc.fd.home.AboutController.about()
2017-12-20 20:14:37.237 [main] INFO  o.s.w.s.m.m.a.RequestMappingHandlerMapping -
				Mapped "{[/],methods=[GET]}" onto java.lang.String es.udc.fi.dc.fd.home.HomeController.index(org.springframework.ui.Model,java.security.Principal)
2017-12-20 20:14:37.241 [main] INFO  o.s.w.s.m.m.a.RequestMappingHandlerMapping -
				Mapped "{[/races],methods=[GET]}" onto public java.lang.String es.udc.fi.dc.fd.race.RaceController.races(org.springframework.ui.Model,java.lang.String,java.util.Date,java.util.Date,java.lang.Double,java.math.BigDecimal,java.math.BigDecimal,int,java.lang.Double,java.lang.Double,int,int)
2017-12-20 20:14:37.242 [main] INFO  o.s.w.s.m.m.a.RequestMappingHandlerMapping -
				Mapped "{[/racedetails],methods=[GET]}" onto public java.lang.String es.udc.fi.dc.fd.race.RaceController.raceDetails(java.security.Principal,org.springframework.ui.Model,java.lang.Long)
2017-12-20 20:14:37.242 [main] INFO  o.s.w.s.m.m.a.RequestMappingHandlerMapping -
				Mapped "{[/racedetails/attendants],methods=[GET]}" onto public java.lang.String es.udc.fi.dc.fd.race.RaceController.raceAttendants(java.security.Principal,org.springframework.ui.Model,java.lang.Long,int)
2017-12-20 20:14:37.242 [main] INFO  o.s.w.s.m.m.a.RequestMappingHandlerMapping -
				Mapped "{[/racedetails/enrollments],methods=[GET]}" onto public java.lang.String es.udc.fi.dc.fd.race.RaceController.raceEnrollments(java.security.Principal,org.springframework.ui.Model,java.lang.Long,int)
2017-12-20 20:14:37.243 [main] INFO  o.s.w.s.m.m.a.RequestMappingHandlerMapping -
				Mapped "{[/myraces],methods=[GET]}" onto public java.lang.String es.udc.fi.dc.fd.race.RaceController.myraces(java.security.Principal,org.springframework.ui.Model,int)
2017-12-20 20:14:37.243 [main] INFO  o.s.w.s.m.m.a.RequestMappingHandlerMapping -
				Mapped "{[/racedetails/friendattendants],methods=[GET]}" onto public java.lang.String es.udc.fi.dc.fd.race.RaceController.raceFriendAttendants(java.security.Principal,org.springframework.ui.Model,java.lang.Long,int)
2017-12-20 20:14:37.243 [main] INFO  o.s.w.s.m.m.a.RequestMappingHandlerMapping -
				Mapped "{[/racedetails/friendenrollments],methods=[GET]}" onto public java.lang.String es.udc.fi.dc.fd.race.RaceController.raceFriendEnrollments(java.security.Principal,org.springframework.ui.Model,java.lang.Long,int)
2017-12-20 20:14:37.243 [main] INFO  o.s.w.s.m.m.a.RequestMappingHandlerMapping -
				Mapped "{[/createrace],methods=[POST]}" onto public java.lang.String es.udc.fi.dc.fd.race.RaceController.createrace(java.security.Principal,java.math.BigDecimal[],java.lang.Long[],java.lang.Long[],org.springframework.ui.Model,es.udc.fi.dc.fd.race.RaceForm,org.springframework.web.servlet.mvc.support.RedirectAttributes)
2017-12-20 20:14:37.244 [main] INFO  o.s.w.s.m.m.a.RequestMappingHandlerMapping -
				Mapped "{[/confirmcreaterace],methods=[POST]}" onto public java.lang.String es.udc.fi.dc.fd.race.RaceController.confirmcreaterace(java.security.Principal,java.math.BigDecimal[],java.lang.Long[],java.lang.Long[],org.springframework.ui.Model,es.udc.fi.dc.fd.race.RaceForm,org.springframework.web.servlet.mvc.support.RedirectAttributes)
2017-12-20 20:14:37.244 [main] INFO  o.s.w.s.m.m.a.RequestMappingHandlerMapping -
				Mapped "{[/internal],methods=[POST]}" onto public java.lang.String es.udc.fi.dc.fd.race.RaceController.convertRaceToInternal(java.security.Principal,org.springframework.ui.Model,java.lang.Long,java.math.BigDecimal[],java.lang.Long[],java.lang.Long[])
2017-12-20 20:14:37.247 [main] INFO  o.s.w.s.m.m.a.RequestMappingHandlerMapping -
				Mapped "{[/addranking],methods=[POST]}" onto public java.lang.String es.udc.fi.dc.fd.ranking.RankingController.addRanking(java.lang.String[],java.lang.Long) throws es.udc.fi.dc.fd.ranking.CantCreateRankingException
2017-12-20 20:14:37.247 [main] INFO  o.s.w.s.m.m.a.RequestMappingHandlerMapping -
				Mapped "{[/redirectRanking],methods=[GET]}" onto public java.lang.String es.udc.fi.dc.fd.ranking.RankingController.redirectRanking(org.springframework.ui.Model,java.lang.Long,int)
2017-12-20 20:14:37.248 [main] INFO  o.s.w.s.m.m.a.RequestMappingHandlerMapping -
				Mapped "{[/raceRunners],methods=[GET]}" onto public java.util.List<es.udc.fi.dc.fd.ranking.RunnerDTO> es.udc.fi.dc.fd.ranking.RankingController.getRaceRunners(java.lang.Long,java.lang.String)
2017-12-20 20:14:37.248 [main] INFO  o.s.w.s.m.m.a.RequestMappingHandlerMapping -
				Mapped "{[/validateRanking],methods=[GET]}" onto public java.lang.String es.udc.fi.dc.fd.ranking.RankingController.validateRanking(java.lang.String[],java.lang.Long)
2017-12-20 20:14:37.249 [main] INFO  o.s.w.s.m.m.a.RequestMappingHandlerMapping -
				Mapped "{[/signin],methods=[GET]}" onto public java.lang.String es.udc.fi.dc.fd.signin.SigninController.signin()
2017-12-20 20:14:37.249 [main] INFO  o.s.w.s.m.m.a.RequestMappingHandlerMapping -
				Mapped "{[/redirectSignin],methods=[GET]}" onto public java.lang.String es.udc.fi.dc.fd.signin.SigninController.notAuthAttend(javax.servlet.http.HttpServletRequest)
2017-12-20 20:14:37.251 [main] INFO  o.s.w.s.m.m.a.RequestMappingHandlerMapping -
				Mapped "{[/signup],methods=[POST]}" onto java.lang.String es.udc.fi.dc.fd.signup.SignupController.signup(es.udc.fi.dc.fd.signup.SignupForm,org.springframework.validation.Errors,org.springframework.web.servlet.mvc.support.RedirectAttributes)
2017-12-20 20:14:37.252 [main] INFO  o.s.w.s.m.m.a.RequestMappingHandlerMapping -
				Mapped "{[/signup],methods=[GET]}" onto java.lang.String es.udc.fi.dc.fd.signup.SignupController.signup(org.springframework.ui.Model,java.lang.String)
2017-12-20 20:14:37.253 [main] INFO  o.s.w.s.m.m.a.RequestMappingHandlerMapping -
				Mapped "{[/editProfile],methods=[GET]}" onto public java.lang.String es.udc.fi.dc.fd.signup.SignupController.editProfilePage(java.security.Principal,org.springframework.ui.Model) throws java.lang.Exception
2017-12-20 20:14:37.253 [main] INFO  o.s.w.s.m.m.a.RequestMappingHandlerMapping -
				Mapped "{[/editProfileForm],methods=[POST]}" onto java.lang.String es.udc.fi.dc.fd.signup.SignupController.editProfileForm(java.security.Principal,es.udc.fi.dc.fd.signup.EditProfileForm,org.springframework.validation.Errors,org.springframework.web.servlet.mvc.support.RedirectAttributes) throws java.text.ParseException
2017-12-20 20:14:37.253 [main] INFO  o.s.w.s.m.m.a.RequestMappingHandlerMapping -
				Mapped "{[/myprofile],methods=[GET]}" onto java.lang.String es.udc.fi.dc.fd.signup.SignupController.profile(java.security.Principal,org.springframework.ui.Model,java.lang.Long)
2017-12-20 20:14:37.344 [main] INFO  o.s.w.s.h.SimpleUrlHandlerMapping -
				Mapped URL path [/resources/**] onto handler of type [class org.springframework.web.servlet.resource.ResourceHttpRequestHandler]
2017-12-20 20:14:37.350 [main] INFO  o.s.w.s.h.SimpleUrlHandlerMapping -
				Mapped URL path [/**] onto handler of type [class org.springframework.web.servlet.resource.DefaultServletHttpRequestHandler]
2017-12-20 20:14:38.724 [main] INFO  o.s.w.s.m.m.a.RequestMappingHandlerAdapter -
				Looking for @ControllerAdvice: org.springframework.web.context.support.GenericWebApplicationContext@3f736a16: startup date [Wed Dec 20 20:13:52 CET 2017]; root of context hierarchy
2017-12-20 20:14:38.904 [main] INFO  o.s.w.s.m.m.a.ExceptionHandlerExceptionResolver -
				Detected @ExceptionHandler methods in exceptionHandler
2017-12-20 20:14:39.587 [main] INFO  o.s.t.c.t.TransactionContext -
				Began transaction (1) for test context [DefaultTestContext@4fddb8f0 testClass = SeleniumWebIT, testInstance = es.udc.fi.dc.fd.web.SeleniumWebIT@77135ae9, testMethod = carballinoTest@SeleniumWebIT, testException = [null], mergedContextConfiguration = [WebMergedContextConfiguration@23f5a0d9 testClass = SeleniumWebIT, locations = '{}', classes = '{class es.udc.fi.dc.fd.config.ApplicationConfig}', contextInitializerClasses = '[]', activeProfiles = '{test}', propertySourceLocations = '{}', propertySourceProperties = '{}', contextCustomizers = set[[empty]], resourceBasePath = 'src/main/webapp', contextLoader = 'org.springframework.test.context.web.WebDelegatingSmartContextLoader', parent = [null]]]; transaction manager [org.springframework.orm.jpa.JpaTransactionManager@22a796cc]; rollback [true]
2017-12-20 20:14:39.617 [main] INFO  o.s.mock.web.MockServletContext -
				Initializing Spring FrameworkServlet ''
2017-12-20 20:14:39.618 [main] INFO  o.s.t.w.s.TestDispatcherServlet -
				FrameworkServlet '': initialization started
2017-12-20 20:14:39.640 [main] INFO  o.s.t.w.s.TestDispatcherServlet -
				FrameworkServlet '': initialization completed in 22 ms
2017-12-20 20:16:41.952 [main] INFO  o.s.t.c.t.TransactionContext -
				Rolled back transaction for test context [DefaultTestContext@4fddb8f0 testClass = SeleniumWebIT, testInstance = es.udc.fi.dc.fd.web.SeleniumWebIT@77135ae9, testMethod = carballinoTest@SeleniumWebIT, testException = org.openqa.selenium.NoSuchElementException: Unable to locate element: //table[@id='races']/tbody/tr/td[2]
For documentation on this error, please visit: http://seleniumhq.org/exceptions/no_such_element.html
Build info: version: '3.8.1', revision: '6e95a6684b', time: '2017-12-01T18:33:54.468Z'
System info: host: 'piot-X550LD', ip: '127.0.1.1', os.name: 'Linux', os.arch: 'amd64', os.version: '4.4.0-101-generic', java.version: '1.8.0_92'
Driver info: org.openqa.selenium.firefox.FirefoxDriver
Capabilities {acceptInsecureCerts: true, browserName: firefox, browserVersion: 57.0.1, javascriptEnabled: true, moz:accessibilityChecks: false, moz:headless: false, moz:processID: 5657, moz:profile: /tmp/rust_mozprofile.KThGA9..., moz:webdriverClick: false, pageLoadStrategy: normal, platform: LINUX, platformName: LINUX, platformVersion: 4.4.0-101-generic, rotatable: false, timeouts: {implicit: 0, pageLoad: 300000, script: 30000}}
Session ID: 29a91ff7-d142-432c-8de2-784e939c24d9
*** Element info: {Using=xpath, value=//table[@id='races']/tbody/tr/td[2]}, mergedContextConfiguration = [WebMergedContextConfiguration@23f5a0d9 testClass = SeleniumWebIT, locations = '{}', classes = '{class es.udc.fi.dc.fd.config.ApplicationConfig}', contextInitializerClasses = '[]', activeProfiles = '{test}', propertySourceLocations = '{}', propertySourceProperties = '{}', contextCustomizers = set[[empty]], resourceBasePath = 'src/main/webapp', contextLoader = 'org.springframework.test.context.web.WebDelegatingSmartContextLoader', parent = [null]]].
]]></system-out>
    <system-err><![CDATA[1513797281785	geckodriver	INFO	geckodriver 0.19.1
1513797281814	geckodriver	INFO	Listening on 127.0.0.1:32645
1513797284397	mozrunner::runner	INFO	Running command: "/usr/lib/firefox/firefox" "-marionette" "-profile" "/tmp/rust_mozprofile.KThGA9H7xycv"
1513797316197	Marionette	INFO	Enabled via --marionette
1513797341281	Marionette	INFO	Listening on port 43889
1513797344069	Marionette	WARN	TLS certificate errors will be ignored for this session
1513797344124	Marionette	DEBUG	Register listener.js for window 2147483649
Dec 20, 2017 8:15:52 PM org.openqa.selenium.remote.ProtocolHandshake createSession
INFO: Detected dialect: W3C
1513797355039	Marionette	DEBUG	Received DOM event "beforeunload" for "about:blank"
1513797369612	Marionette	DEBUG	Received DOM event "pagehide" for "about:blank"
1513797369612	Marionette	DEBUG	Received DOM event "unload" for "about:blank"
1513797374498	Marionette	DEBUG	Received DOM event "DOMContentLoaded" for "http://localhost:8231/softfic-controller/"
1513797377080	Marionette	DEBUG	Received DOM event "pageshow" for "http://localhost:8231/softfic-controller/"
1513797381493	Marionette	DEBUG	Canceled page load listener because no navigation has been detected
1513797382075	Marionette	DEBUG	Canceled page load listener because no navigation has been detected
1513797382553	Marionette	DEBUG	Received DOM event "beforeunload" for "http://localhost:8231/softfic-controller/"
1513797387757	Marionette	DEBUG	Canceled page load listener because no navigation has been detected
Dec 20, 2017 8:16:41 PM org.openqa.selenium.os.OsProcess destroy
INFO: Unable to drain process streams. Ignoring but the exception being swallowed follows.
org.apache.commons.exec.ExecuteException: The stop timeout of 2000 ms was exceeded (Exit value: -559038737)
	at org.apache.commons.exec.PumpStreamHandler.stopThread(PumpStreamHandler.java:295)
	at org.apache.commons.exec.PumpStreamHandler.stop(PumpStreamHandler.java:181)
	at org.openqa.selenium.os.OsProcess.destroy(OsProcess.java:136)
	at org.openqa.selenium.os.CommandLine.destroy(CommandLine.java:153)
	at org.openqa.selenium.remote.service.DriverService.stop(DriverService.java:222)
	at org.openqa.selenium.remote.service.DriverCommandExecutor.execute(DriverCommandExecutor.java:95)
	at org.openqa.selenium.remote.RemoteWebDriver.execute(RemoteWebDriver.java:601)
	at org.openqa.selenium.remote.RemoteWebDriver.execute(RemoteWebDriver.java:658)
	at org.openqa.selenium.remote.RemoteWebDriver.quit(RemoteWebDriver.java:497)
	at es.udc.fi.dc.fd.web.SeleniumWebIT.close(SeleniumWebIT.java:37)
	at sun.reflect.NativeMethodAccessorImpl.invoke0(Native Method)
	at sun.reflect.NativeMethodAccessorImpl.invoke(NativeMethodAccessorImpl.java:62)
	at sun.reflect.DelegatingMethodAccessorImpl.invoke(DelegatingMethodAccessorImpl.java:43)
	at java.lang.reflect.Method.invoke(Method.java:498)
	at org.junit.runners.model.FrameworkMethod$1.runReflectiveCall(FrameworkMethod.java:50)
	at org.junit.internal.runners.model.ReflectiveCallable.run(ReflectiveCallable.java:12)
	at org.junit.runners.model.FrameworkMethod.invokeExplosively(FrameworkMethod.java:47)
	at org.junit.internal.runners.statements.RunAfters.evaluate(RunAfters.java:33)
	at org.springframework.test.context.junit4.statements.RunAfterTestMethodCallbacks.evaluate(RunAfterTestMethodCallbacks.java:86)
	at org.springframework.test.context.junit4.statements.SpringRepeat.evaluate(SpringRepeat.java:84)
	at org.junit.runners.ParentRunner.runLeaf(ParentRunner.java:325)
	at org.springframework.test.context.junit4.SpringJUnit4ClassRunner.runChild(SpringJUnit4ClassRunner.java:252)
	at org.springframework.test.context.junit4.SpringJUnit4ClassRunner.runChild(SpringJUnit4ClassRunner.java:94)
	at org.junit.runners.ParentRunner$3.run(ParentRunner.java:290)
	at org.junit.runners.ParentRunner$1.schedule(ParentRunner.java:71)
	at org.junit.runners.ParentRunner.runChildren(ParentRunner.java:288)
	at org.junit.runners.ParentRunner.access$000(ParentRunner.java:58)
	at org.junit.runners.ParentRunner$2.evaluate(ParentRunner.java:268)
	at org.springframework.test.context.junit4.statements.RunBeforeTestClassCallbacks.evaluate(RunBeforeTestClassCallbacks.java:61)
	at org.springframework.test.context.junit4.statements.RunAfterTestClassCallbacks.evaluate(RunAfterTestClassCallbacks.java:70)
	at org.junit.runners.ParentRunner.run(ParentRunner.java:363)
	at org.springframework.test.context.junit4.SpringJUnit4ClassRunner.run(SpringJUnit4ClassRunner.java:191)
	at org.apache.maven.surefire.junit4.JUnit4Provider.execute(JUnit4Provider.java:283)
	at org.apache.maven.surefire.junit4.JUnit4Provider.executeWithRerun(JUnit4Provider.java:173)
	at org.apache.maven.surefire.junit4.JUnit4Provider.executeTestSet(JUnit4Provider.java:153)
	at org.apache.maven.surefire.junit4.JUnit4Provider.invoke(JUnit4Provider.java:128)
	at org.apache.maven.surefire.booter.ForkedBooter.invokeProviderInSameClassLoader(ForkedBooter.java:203)
	at org.apache.maven.surefire.booter.ForkedBooter.runSuitesInProcess(ForkedBooter.java:155)
	at org.apache.maven.surefire.booter.ForkedBooter.main(ForkedBooter.java:103)

Dec 20, 2017 8:16:41 PM org.openqa.selenium.os.OsProcess destroy
SEVERE: Unable to kill process java.lang.UNIXProcess@1424eec8
]]></system-err>
  </testcase>
  <testcase name="pacaTest" classname="es.udc.fi.dc.fd.web.SeleniumWebIT" time="51.111"/>
  <testcase name="darAltatest" classname="es.udc.fi.dc.fd.web.SeleniumWebIT" time="34.034"/>
</testsuite>